Computing Integrals
Elapsed time:    7.81 Seconds

Number of basis functions                   (NBF)    = 645
Number of auxiliary basis functions         (NBFAUX) = 591
Inactive Doubly occupied orbitals up to     (NO1)    = 0
No. considered Strongly Doubly occupied MOs (NDOC)   = 21
No. considered Strongly Singly occupied MOs (NSOC)   = 0
NO. of Weakly occ. per St. Doubly occ.  MOs (NCWO)   = 29
Dimension of the Nat. Orb. subspace         (NBF5)   = 630
No. of electrons                                     = 42
    No. of alpha electrons                           = 21
    No. of beta electrons                            = 21
Multiplicity                                         = 1

Geometry
========
 C       2.4060800      -0.1416300       0.1081400
 C       0.9632200      -0.3335200      -0.3412300
 C       0.0367800       0.7312800       0.2338800
 C      -1.4038100       0.6360500      -0.2611600
 C      -2.1051400      -0.6501200       0.1605300
 H       3.0617100      -0.9076600      -0.3029200
 H      -1.4132700       0.7187200      -1.3506300
 H      -1.9668200       1.4907900       0.1175500
 H       2.4807200      -0.1856100       1.1946800
 H       2.7847800       0.8297000      -0.2096100
 H       0.4394300       1.7156900      -0.0179300
 H       0.0478900       0.6640600       1.3259800
 H       0.9085500      -0.3011800      -1.4323500
 H       0.6207000      -1.3251400      -0.0429000
 H      -3.1501300      -0.6477700      -0.1455300
 H      -1.6356100      -1.5272100      -0.2809400
 H      -2.0750800      -0.7664400       1.2444300

No violations of the orthonormality
No violations of the orthonormality
 
PNOF5/ADAM Calculation
==================
 
  Nitext  Nit_orb  Time   Nit_occ  Time         Eelec          Etot           Ediff      maxdiff    Grad_orb  Grad_occ
0.007648979931175859
0.02781607590805248
     1      10    9.5e+01    7    5.4e+01  -385.10890863  -196.81651741 -10384.10890863   0.114577   2.5e+00   3.8e-04 0.02
0.0011376954937256656
0.00338247846297431
     2      30    1.8e+02    6    8.1e+00  -385.22832913  -196.93593791    -0.11942050   0.003106   3.1e-02   3.4e-04 0.02
0.0003478392151128329
0.0008303452478092622
     3      30    1.8e+02    1    4.5e+00  -385.22918326  -196.93679204    -0.00085413   0.002129   3.5e-02   3.3e-04 0.02
0.00014169876083809391
0.00041096673391083713
     4      30    2.0e+02    2    5.8e+00  -385.22921187  -196.93682065    -0.00002861   0.007427   6.0e-02   2.6e-04 0.02
0.0
0.0
     5      50    3.0e+02    0    4.4e+00  -385.22935123  -196.93696001    -0.00013936   0.000116   1.8e-03   3.1e-04 0.02
0.0
0.0
     6      60    3.7e+02    0    5.0e+00  -385.22935696  -196.93696574    -0.00000573   0.000808   4.1e-03   3.1e-04 0.02
0.0
0.0
     7      68    4.0e+02    0    3.8e+00  -385.22936182  -196.93697060    -0.00000486   0.000083   1.1e-03   3.1e-04 0.02
 
RESULTS OF THE OCCUPATION OPTIMIZATION
========================================
   1    1.9994394  -11.20841526
   2    1.9994384  -11.20757695
   3    1.9994398  -11.20657993
   4    1.9994359  -11.20635529
   5    1.9994383  -11.20627844
   6    1.9850649  -0.71493651
   7    1.9849584  -0.71451598
   8    1.9852370  -0.71444866
   9    1.9850081  -0.71326401
  10    1.9784139  -0.66749126
  11    1.9781194  -0.66603258
  12    1.9783086  -0.66597295
  13    1.9781228  -0.66571668
  14    1.9781018  -0.66566529
  15    1.9781017  -0.66557851
  16    1.9780921  -0.66551255
  17    1.9779749  -0.66404667
  18    1.9778796  -0.66381630
  19    1.9779463  -0.66377565
  20    1.9779548  -0.66321790
  21    1.9779339  -0.66305518
  22    0.0142588  -0.01149211
  23    0.0142771  -0.01151809
  24    0.0142633  -0.01150810
  25    0.0142882  -0.01151220
  26    0.0142873  -0.01153325
  27    0.0139736  -0.01132381
  28    0.0139538  -0.01131771
  29    0.0139735  -0.01132989
  30    0.0139476  -0.01130575
  31    0.0140987  -0.01146041
  32    0.0139389  -0.01131676
  33    0.0138326  -0.01128151
  34    0.0118112  -0.01064223
  35    0.0116829  -0.01056676
  36    0.0116336  -0.01049445
  37    0.0115976  -0.01048277
  38    0.0003819  -0.00757022
  39    0.0003824  -0.00757521
  40    0.0003815  -0.00756833
  41    0.0003818  -0.00756883
  42    0.0003814  -0.00756694
  43    0.0034168  -0.00374831
  44    0.0034118  -0.00374371
  45    0.0034378  -0.00376294
  46    0.0034484  -0.00377085
  47    0.0034324  -0.00376128
  48    0.0036063  -0.00388421
  49    0.0036427  -0.00390744
  50    0.0036473  -0.00391162
  51    0.0036369  -0.00390711
  52    0.0033058  -0.00367756
  53    0.0036534  -0.00391332
  54    0.0034948  -0.00381272
  55    0.0014282  -0.00202632
  56    0.0013991  -0.00200748
  57    0.0016627  -0.00221336
  58    0.0015804  -0.00215363
  59    0.0000588  -0.00086916
  60    0.0000606  -0.00089344
  61    0.0000575  -0.00085514
  62    0.0000588  -0.00087056
  63    0.0000595  -0.00088258
  64    0.0019443  -0.00227168
  65    0.0019306  -0.00226559
  66    0.0019373  -0.00227078
  67    0.0019412  -0.00226854
  68    0.0019021  -0.00224995
  69    0.0018697  -0.00220151
  70    0.0018558  -0.00219451
  71    0.0018585  -0.00219416
  72    0.0018513  -0.00218913
  73    0.0019250  -0.00227102
  74    0.0018554  -0.00219288
  75    0.0018465  -0.00219402
  76    0.0007140  -0.00117288
  77    0.0007226  -0.00118770
  78    0.0007336  -0.00118819
  79    0.0007254  -0.00118570
  80    0.0000569  -0.00084122
  81    0.0000578  -0.00084650
  82    0.0000562  -0.00083475
  83    0.0000577  -0.00084731
  84    0.0000565  -0.00083386
  85    0.0018067  -0.00218290
  86    0.0017901  -0.00217543
  87    0.0017736  -0.00215598
  88    0.0018132  -0.00218481
  89    0.0017495  -0.00214288
  90    0.0018034  -0.00216190
  91    0.0018024  -0.00215975
  92    0.0017560  -0.00212627
  93    0.0017745  -0.00213891
  94    0.0017280  -0.00213668
  95    0.0017704  -0.00214173
  96    0.0017532  -0.00213224
  97    0.0006902  -0.00115196
  98    0.0006013  -0.00105573
  99    0.0006818  -0.00113329
 100    0.0006737  -0.00113031
 101    0.0000547  -0.00080103
 102    0.0000544  -0.00079167
 103    0.0000537  -0.00079294
 104    0.0000538  -0.00078450
 105    0.0000530  -0.00077657
 106    0.0001131  -0.00019921
 107    0.0001154  -0.00019999
 108    0.0001115  -0.00019886
 109    0.0001188  -0.00020199
 110    0.0001182  -0.00020184
 111    0.0001161  -0.00020223
 112    0.0001171  -0.00020264
 113    0.0001145  -0.00020184
 114    0.0001171  -0.00020246
 115    0.0001135  -0.00020004
 116    0.0001127  -0.00020084
 117    0.0001188  -0.00020352
 118    0.0001109  -0.00020537
 119    0.0001083  -0.00020333
 120    0.0000967  -0.00019521
 121    0.0001083  -0.00020277
 122    0.0000064  -0.00028552
 123    0.0000065  -0.00028900
 124    0.0000062  -0.00028547
 125    0.0000064  -0.00028800
 126    0.0000061  -0.00028656
 127    0.0000998  -0.00018754
 128    0.0001023  -0.00018790
 129    0.0001003  -0.00018854
 130    0.0001010  -0.00018836
 131    0.0001079  -0.00019124
 132    0.0001071  -0.00019358
 133    0.0001120  -0.00019559
 134    0.0001080  -0.00019248
 135    0.0001038  -0.00019157
 136    0.0001008  -0.00018875
 137    0.0001084  -0.00019405
 138    0.0001085  -0.00019383
 139    0.0000975  -0.00019613
 140    0.0000958  -0.00019708
 141    0.0000931  -0.00019315
 142    0.0001035  -0.00020113
 143    0.0000008  -0.00000278
 144    0.0000006  -0.00000222
 145    0.0000021  -0.00000326
 146    0.0000012  -0.00000289
 147    0.0000005  -0.00001050
 148    0.0000835  -0.00015894
 149    0.0000860  -0.00016180
 150    0.0000818  -0.00016015
 151    0.0000784  -0.00015715
 152    0.0000874  -0.00016208
 153    0.0000894  -0.00016366
 154    0.0000908  -0.00016394
 155    0.0000884  -0.00016372
 156    0.0000925  -0.00016482
 157    0.0000851  -0.00016160
 158    0.0000915  -0.00016521
 159    0.0000863  -0.00016293
 160    0.0000326  -0.00009284
 161    0.0000371  -0.00009700
 162    0.0000269  -0.00007348
 163    0.0000348  -0.00008934
 164    0.0000005  -0.00001914
 165    0.0000004  -0.00001838
 166    0.0000010  -0.00000256
 167    0.0000004  -0.00001840
 168    0.0000003  -0.00000816
 169    0.0000797  -0.00015934
 170    0.0000741  -0.00015771
 171    0.0000791  -0.00015679
 172    0.0000746  -0.00016234
 173    0.0000819  -0.00016237
 174    0.0000807  -0.00015862
 175    0.0000845  -0.00016029
 176    0.0000853  -0.00016206
 177    0.0000902  -0.00016314
 178    0.0000789  -0.00016131
 179    0.0000834  -0.00016108
 180    0.0000808  -0.00016026
 181    0.0000268  -0.00008576
 182    0.0000245  -0.00008320
 183    0.0000251  -0.00008004
 184    0.0000252  -0.00008059
 185    0.0000002  -0.00000101
 186    0.0000003  -0.00000070
 187    0.0000004  -0.00001812
 188    0.0000002  -0.00000047
 189    0.0000002  -0.00000064
 190    0.0000757  -0.00016031
 191    0.0000721  -0.00015618
 192    0.0000790  -0.00016451
 193    0.0000732  -0.00015425
 194    0.0000772  -0.00016128
 195    0.0000697  -0.00015638
 196    0.0000696  -0.00015617
 197    0.0000817  -0.00016274
 198    0.0000769  -0.00016022
 199    0.0000630  -0.00015246
 200    0.0000764  -0.00016026
 201    0.0000745  -0.00015883
 202    0.0000193  -0.00004054
 203    0.0000187  -0.00003836
 204    0.0000208  -0.00006183
 205    0.0000179  -0.00004901
 206    0.0000002  -0.00000020
 207    0.0000001  0.00000005
 208    0.0000003  -0.00000058
 209    0.0000001  0.00000004
 210    0.0000002  -0.00000004
 211    0.0000469  -0.00013128
 212    0.0000454  -0.00012984
 213    0.0000482  -0.00013342
 214    0.0000471  -0.00013204
 215    0.0000489  -0.00013418
 216    0.0000528  -0.00013835
 217    0.0000523  -0.00013710
 218    0.0000500  -0.00013759
 219    0.0000444  -0.00013266
 220    0.0000412  -0.00012510
 221    0.0000558  -0.00014169
 222    0.0000458  -0.00013071
 223    0.0000138  -0.00003802
 224    0.0000155  -0.00004621
 225    0.0000167  -0.00004514
 226    0.0000122  -0.00003893
 227    0.0000001  -0.00000009
 228    0.0000001  0.00000019
 229    0.0000002  -0.00000025
 230    0.0000001  0.00000008
 231    0.0000002  -0.00000006
 232    0.0000307  -0.00007432
 233    0.0000239  -0.00007044
 234    0.0000326  -0.00007552
 235    0.0000321  -0.00007583
 236    0.0000262  -0.00007274
 237    0.0000328  -0.00007694
 238    0.0000185  -0.00006536
 239    0.0000319  -0.00007688
 240    0.0000346  -0.00007805
 241    0.0000316  -0.00007566
 242    0.0000287  -0.00007524
 243    0.0000331  -0.00007645
 244    0.0000094  -0.00003133
 245    0.0000144  -0.00002869
 246    0.0000140  -0.00002890
 247    0.0000099  -0.00002963
 248    0.0000001  0.00000025
 249    0.0000001  0.00000014
 250    0.0000001  -0.00000012
 251    0.0000001  0.00000009
 252    0.0000002  0.00000034
 253    0.0000246  -0.00006888
 254    0.0000185  -0.00006223
 255    0.0000270  -0.00006927
 256    0.0000255  -0.00006875
 257    0.0000222  -0.00006472
 258    0.0000279  -0.00007034
 259    0.0000175  -0.00006207
 260    0.0000251  -0.00006743
 261    0.0000217  -0.00006538
 262    0.0000221  -0.00006633
 263    0.0000248  -0.00006822
 264    0.0000271  -0.00006974
 265    0.0000075  -0.00002459
 266    0.0000095  -0.00002439
 267    0.0000116  -0.00002743
 268    0.0000087  -0.00002551
 269    0.0000001  0.00000000
 270    0.0000001  0.00000017
 271    0.0000001  0.00000024
 272    0.0000001  0.00000013
 273    0.0000002  0.00000031
 274    0.0000216  -0.00006453
 275    0.0000165  -0.00006047
 276    0.0000241  -0.00006762
 277    0.0000205  -0.00006429
 278    0.0000162  -0.00006071
 279    0.0000224  -0.00006639
 280    0.0000122  -0.00005672
 281    0.0000228  -0.00006693
 282    0.0000203  -0.00006517
 283    0.0000171  -0.00005992
 284    0.0000224  -0.00006640
 285    0.0000184  -0.00006279
 286    0.0000050  -0.00001806
 287    0.0000082  -0.00002011
 288    0.0000044  -0.00001821
 289    0.0000073  -0.00001955
 290    0.0000001  0.00000020
 291    0.0000001  0.00000017
 292    0.0000001  0.00000024
 293    0.0000001  0.00000019
 294    0.0000001  0.00000032
 295    0.0000145  -0.00002724
 296    0.0000116  -0.00002560
 297    0.0000110  -0.00002732
 298    0.0000095  -0.00002691
 299    0.0000121  -0.00002678
 300    0.0000099  -0.00002663
 301    0.0000097  -0.00002581
 302    0.0000091  -0.00002654
 303    0.0000111  -0.00002673
 304    0.0000110  -0.00002617
 305    0.0000094  -0.00002665
 306    0.0000114  -0.00002698
 307    0.0000048  -0.00001788
 308    0.0000037  -0.00001659
 309    0.0000041  -0.00001604
 310    0.0000054  -0.00001722
 311    0.0000001  0.00000015
 312    0.0000001  0.00000017
 313    0.0000001  0.00000022
 314    0.0000001  0.00000015
 315    0.0000001  0.00000033
 316    0.0000087  -0.00002566
 317    0.0000089  -0.00002483
 318    0.0000085  -0.00002594
 319    0.0000091  -0.00002605
 320    0.0000088  -0.00002599
 321    0.0000084  -0.00002620
 322    0.0000085  -0.00002530
 323    0.0000080  -0.00002572
 324    0.0000109  -0.00002679
 325    0.0000098  -0.00002556
 326    0.0000089  -0.00002651
 327    0.0000083  -0.00002589
 328    0.0000033  -0.00001447
 329    0.0000031  -0.00001401
 330    0.0000032  -0.00001425
 331    0.0000048  -0.00001719
 332    0.0000001  0.00000017
 333    0.0000001  0.00000016
 334    0.0000001  0.00000017
 335    0.0000001  0.00000016
 336    0.0000001  0.00000033
 337    0.0000082  -0.00001982
 338    0.0000077  -0.00001922
 339    0.0000065  -0.00001960
 340    0.0000078  -0.00001958
 341    0.0000075  -0.00001983
 342    0.0000064  -0.00001946
 343    0.0000069  -0.00001914
 344    0.0000060  -0.00001911
 345    0.0000066  -0.00001955
 346    0.0000093  -0.00001939
 347    0.0000080  -0.00002015
 348    0.0000071  -0.00001989
 349    0.0000027  -0.00000430
 350    0.0000029  -0.00000334
 351    0.0000028  -0.00000487
 352    0.0000037  -0.00000534
 353    0.0000001  0.00000018
 354    0.0000000  0.00000017
 355    0.0000001  0.00000017
 356    0.0000001  0.00000015
 357    0.0000001  0.00000032
 358    0.0000058  -0.00001898
 359    0.0000074  -0.00001908
 360    0.0000060  -0.00001942
 361    0.0000061  -0.00001898
 362    0.0000072  -0.00001997
 363    0.0000059  -0.00001931
 364    0.0000056  -0.00001885
 365    0.0000047  -0.00001880
 366    0.0000063  -0.00001958
 367    0.0000076  -0.00001971
 368    0.0000067  -0.00002004
 369    0.0000066  -0.00002030
 370    0.0000024  -0.00000059
 371    0.0000023  -0.00000118
 372    0.0000022  -0.00000224
 373    0.0000031  -0.00000108
 374    0.0000001  0.00000018
 375    0.0000000  0.00000015
 376    0.0000001  0.00000016
 377    0.0000001  0.00000017
 378    0.0000001  0.00000033
 379    0.0000041  -0.00001482
 380    0.0000068  -0.00001133
 381    0.0000048  -0.00001491
 382    0.0000058  -0.00001479
 383    0.0000054  -0.00001539
 384    0.0000043  -0.00001470
 385    0.0000051  -0.00001213
 386    0.0000043  -0.00001462
 387    0.0000056  -0.00001380
 388    0.0000062  -0.00001352
 389    0.0000051  -0.00001515
 390    0.0000049  -0.00001340
 391    0.0000021  -0.00000193
 392    0.0000019  -0.00000250
 393    0.0000013  -0.00000267
 394    0.0000023  -0.00000126
 395    0.0000001  0.00000018
 396    0.0000000  0.00000016
 397    0.0000001  0.00000015
 398    0.0000001  0.00000017
 399    0.0000001  0.00000031
 400    0.0000038  -0.00001217
 401    0.0000052  -0.00001465
 402    0.0000039  -0.00001293
 403    0.0000041  -0.00001373
 404    0.0000042  -0.00001206
 405    0.0000036  -0.00001222
 406    0.0000048  -0.00001319
 407    0.0000041  -0.00001337
 408    0.0000052  -0.00001363
 409    0.0000047  -0.00001250
 410    0.0000040  -0.00001357
 411    0.0000044  -0.00001257
 412    0.0000020  -0.00000231
 413    0.0000018  -0.00000069
 414    0.0000012  -0.00000191
 415    0.0000017  -0.00000254
 416    0.0000001  0.00000018
 417    0.0000000  0.00000015
 418    0.0000000  0.00000014
 419    0.0000001  0.00000016
 420    0.0000001  0.00000033
 421    0.0000032  -0.00001084
 422    0.0000051  -0.00001142
 423    0.0000027  -0.00001005
 424    0.0000033  -0.00001083
 425    0.0000035  -0.00001212
 426    0.0000032  -0.00001001
 427    0.0000042  -0.00001158
 428    0.0000032  -0.00000998
 429    0.0000041  -0.00001303
 430    0.0000040  -0.00001190
 431    0.0000027  -0.00000953
 432    0.0000041  -0.00001267
 433    0.0000016  -0.00000161
 434    0.0000017  -0.00000208
 435    0.0000010  -0.00000118
 436    0.0000016  -0.00000076
 437    0.0000001  0.00000017
 438    0.0000000  0.00000016
 439    0.0000000  0.00000014
 440    0.0000000  0.00000016
 441    0.0000001  0.00000033
 442    0.0000028  -0.00001011
 443    0.0000049  -0.00001180
 444    0.0000026  -0.00000973
 445    0.0000030  -0.00001034
 446    0.0000032  -0.00001081
 447    0.0000029  -0.00000979
 448    0.0000034  -0.00001061
 449    0.0000029  -0.00000943
 450    0.0000030  -0.00000983
 451    0.0000039  -0.00001188
 452    0.0000023  -0.00000893
 453    0.0000036  -0.00001064
 454    0.0000013  -0.00000065
 455    0.0000013  -0.00000066
 456    0.0000009  -0.00000100
 457    0.0000014  -0.00000150
 458    0.0000001  0.00000018
 459    0.0000000  0.00000016
 460    0.0000000  0.00000015
 461    0.0000000  0.00000015
 462    0.0000001  0.00000032
 463    0.0000025  -0.00000865
 464    0.0000035  -0.00000934
 465    0.0000021  -0.00000798
 466    0.0000018  -0.00000742
 467    0.0000027  -0.00000910
 468    0.0000024  -0.00000862
 469    0.0000031  -0.00000936
 470    0.0000024  -0.00000829
 471    0.0000030  -0.00000932
 472    0.0000036  -0.00000937
 473    0.0000022  -0.00000808
 474    0.0000033  -0.00000878
 475    0.0000011  -0.00000067
 476    0.0000011  -0.00000095
 477    0.0000007  -0.00000055
 478    0.0000011  -0.00000100
 479    0.0000001  0.00000017
 480    0.0000000  0.00000016
 481    0.0000000  0.00000014
 482    0.0000000  0.00000014
 483    0.0000001  0.00000033
 484    0.0000022  -0.00000781
 485    0.0000035  -0.00000917
 486    0.0000020  -0.00000762
 487    0.0000017  -0.00000749
 488    0.0000026  -0.00000844
 489    0.0000022  -0.00000768
 490    0.0000028  -0.00000799
 491    0.0000019  -0.00000745
 492    0.0000022  -0.00000822
 493    0.0000036  -0.00000770
 494    0.0000021  -0.00000792
 495    0.0000027  -0.00000628
 496    0.0000010  -0.00000090
 497    0.0000010  -0.00000071
 498    0.0000006  -0.00000081
 499    0.0000010  -0.00000061
 500    0.0000001  0.00000018
 501    0.0000000  0.00000015
 502    0.0000000  0.00000016
 503    0.0000000  0.00000016
 504    0.0000001  0.00000034
 505    0.0000018  -0.00000409
 506    0.0000033  -0.00000269
 507    0.0000017  -0.00000410
 508    0.0000015  -0.00000412
 509    0.0000024  -0.00000428
 510    0.0000019  -0.00000432
 511    0.0000028  -0.00000437
 512    0.0000018  -0.00000448
 513    0.0000016  -0.00000408
 514    0.0000031  -0.00000306
 515    0.0000017  -0.00000458
 516    0.0000021  -0.00000645
 517    0.0000006  -0.00000047
 518    0.0000009  -0.00000027
 519    0.0000006  -0.00000058
 520    0.0000009  -0.00000048
 521    0.0000001  0.00000016
 522    0.0000000  0.00000015
 523    0.0000000  0.00000014
 524    0.0000000  0.00000016
 525    0.0000001  0.00000031
 526    0.0000015  -0.00000124
 527    0.0000032  -0.00000289
 528    0.0000017  -0.00000120
 529    0.0000011  -0.00000119
 530    0.0000021  -0.00000186
 531    0.0000013  -0.00000119
 532    0.0000026  -0.00000150
 533    0.0000017  -0.00000139
 534    0.0000016  -0.00000149
 535    0.0000031  -0.00000221
 536    0.0000013  -0.00000133
 537    0.0000020  -0.00000137
 538    0.0000006  -0.00000047
 539    0.0000009  -0.00000077
 540    0.0000005  -0.00000007
 541    0.0000009  -0.00000030
 542    0.0000000  0.00000017
 543    0.0000000  0.00000015
 544    0.0000000  0.00000015
 545    0.0000000  0.00000015
 546    0.0000001  0.00000033
 547    0.0000014  -0.00000128
 548    0.0000031  -0.00000221
 549    0.0000014  -0.00000115
 550    0.0000010  -0.00000043
 551    0.0000016  -0.00000144
 552    0.0000012  -0.00000117
 553    0.0000026  -0.00000111
 554    0.0000016  -0.00000153
 555    0.0000014  -0.00000094
 556    0.0000030  -0.00000199
 557    0.0000013  -0.00000114
 558    0.0000016  -0.00000150
 559    0.0000005  0.00000021
 560    0.0000007  -0.00000034
 561    0.0000005  -0.00000007
 562    0.0000006  0.00000005
 563    0.0000000  0.00000016
 564    0.0000000  0.00000016
 565    0.0000000  0.00000015
 566    0.0000000  0.00000015
 567    0.0000001  0.00000033
 568    0.0000013  -0.00000081
 569    0.0000026  -0.00000250
 570    0.0000013  -0.00000089
 571    0.0000009  -0.00000077
 572    0.0000015  -0.00000144
 573    0.0000009  -0.00000053
 574    0.0000025  -0.00000169
 575    0.0000014  -0.00000118
 576    0.0000010  -0.00000062
 577    0.0000027  -0.00000203
 578    0.0000010  -0.00000059
 579    0.0000012  -0.00000083
 580    0.0000005  0.00000041
 581    0.0000006  -0.00000020
 582    0.0000004  0.00000041
 583    0.0000006  0.00000020
 584    0.0000000  0.00000017
 585    0.0000000  0.00000015
 586    0.0000000  0.00000015
 587    0.0000000  0.00000016
 588    0.0000001  0.00000032
 589    0.0000010  -0.00000042
 590    0.0000025  -0.00000210
 591    0.0000012  -0.00000059
 592    0.0000008  -0.00000044
 593    0.0000014  -0.00000069
 594    0.0000007  -0.00000041
 595    0.0000022  -0.00000133
 596    0.0000012  -0.00000073
 597    0.0000008  -0.00000069
 598    0.0000025  -0.00000199
 599    0.0000009  -0.00000029
 600    0.0000012  -0.00000130
 601    0.0000004  0.00000041
 602    0.0000006  0.00000042
 603    0.0000004  0.00000027
 604    0.0000006  0.00000049
 605    0.0000000  0.00000017
 606    0.0000000  0.00000014
 607    0.0000000  0.00000014
 608    0.0000000  0.00000016
 609    0.0000001  0.00000033
 610    0.0000008  -0.00000010
 611    0.0000022  -0.00000134
 612    0.0000009  -0.00000049
 613    0.0000007  -0.00000049
 614    0.0000012  -0.00000012
 615    0.0000007  0.00000010
 616    0.0000022  -0.00000112
 617    0.0000010  -0.00000002
 618    0.0000008  -0.00000006
 619    0.0000022  -0.00000108
 620    0.0000008  -0.00000039
 621    0.0000010  -0.00000013
 622    0.0000004  0.00000037
 623    0.0000006  0.00000062
 624    0.0000004  0.00000030
 625    0.0000005  0.00000054
 626    0.0000000  0.00000017
 627    0.0000000  0.00000014
 628    0.0000000  0.00000014
 629    0.0000000  0.00000015
 630    0.0000001  0.00000034
 
----------------
 Final Energies 
----------------
Final NOF Total Energy =    -196.9369706
 
Total Orbital Internal Iterations = 278
Total Occupation Internal Iterations = 16
 
Elapsed time: 1966.22 Seconds

---------------------------------
   Lowdin Population Analysis    
---------------------------------
 Idx  Atom   Population   Charge 
---------------------------------
  1     C     5.778       0.222
  2     C     5.920       0.080
  3     C     5.911       0.089
  4     C     5.916       0.084
  5     C     5.779       0.221
  6     H     1.067      -0.067
  7     H     1.053      -0.053
  8     H     1.055      -0.055
  9     H     1.062      -0.062
 10     H     1.063      -0.063
 11     H     1.049      -0.049
 12     H     1.047      -0.047
 13     H     1.052      -0.052
 14     H     1.055      -0.055
 15     H     1.066      -0.066
 16     H     1.066      -0.066
 17     H     1.061      -0.061

---------------------------------
   M Diagnostic: 0.02
---------------------------------

