Computing Integrals
Elapsed time:    6.47 Seconds

Number of basis functions                   (NBF)    = 642
Number of auxiliary basis functions         (NBFAUX) = 634
Inactive Doubly occupied orbitals up to     (NO1)    = 0
No. considered Strongly Doubly occupied MOs (NDOC)   = 25
No. considered Strongly Singly occupied MOs (NSOC)   = 0
NO. of Weakly occ. per St. Doubly occ.  MOs (NCWO)   = 24
Dimension of the Nat. Orb. subspace         (NBF5)   = 625
No. of electrons                                     = 50
    No. of alpha electrons                           = 25
    No. of beta electrons                            = 25
Multiplicity                                         = 1

Geometry
========
 C      -1.3590100      -0.1771700      -0.4540500
 H      -0.8373200      -1.1172700      -0.6144800
 O      -2.5748200      -0.5135200       0.2076300
 C      -0.4989500       0.7890400       0.3558600
 H      -1.0489000       1.7281500       0.4597900
 H      -0.3764700       0.3914200       1.3674900
 C       0.8708300       1.0551400      -0.2859000
 H       1.2003800       2.0707100      -0.0537800
 H       0.7885700       0.9911800      -1.3738300
 H      -3.0805600       0.2971400       0.3108300
 H      -1.5562300       0.2544500      -1.4412100
 C       1.9663300       0.1054200       0.1879700
 H       2.8963000       0.3267900      -0.3340900
 H       2.1433700       0.2555500       1.2577200
 O       1.6895200      -1.2680600      -0.0816100
 H       1.0781100      -1.5800100       0.5901200

No violations of the orthonormality
No violations of the orthonormality
 
PNOF5/ADAM Calculation
==================
 
  Nitext  Nit_orb  Time   Nit_occ  Time         Eelec          Etot           Ediff      maxdiff    Grad_orb  Grad_occ
0.009700265421888732
0.03217871000532885
     1      10    6.2e+01   14    4.2e+01  -561.37670541  -307.05357918 -10560.37670541   0.220742   5.3e+00   2.6e-04 0.02
0.0011070721020305374
0.003689526542773468
     2      30    1.3e+02    5    6.4e+00  -562.04780281  -307.72467658    -0.67109740   0.021997   3.8e-01   3.9e-04 0.02
0.00034652594801642955
0.0008765401955300081
     3      30    1.3e+02    4    5.8e+00  -562.05310303  -307.72997680    -0.00530022   0.007251   1.3e-01   3.4e-04 0.02
9.766027987434533e-5
0.00035032318535587907
     4      30    1.3e+02    1    4.1e+00  -562.05308608  -307.72995985     0.00001695   0.006487   1.5e-01   2.7e-04 0.02
0.0
0.0
     5      50    2.1e+02    0    3.5e+00  -562.05377894  -307.73065271    -0.00069286   0.000917   1.4e-02   2.3e-04 0.02
0.0
0.0
     6      60    2.5e+02    0    3.5e+00  -562.05378208  -307.73065586    -0.00000315   0.001133   1.7e-02   2.3e-04 0.02
0.0
0.0
     7      70    2.9e+02    0    3.5e+00  -562.05378597  -307.73065974    -0.00000388   0.002586   2.4e-02   2.3e-04 0.02
0.0
0.0
     8      80    3.3e+02    0    3.6e+00  -562.05379847  -307.73067225    -0.00001250   0.000795   7.9e-03   2.3e-04 0.02
0.0
0.0
     9      90    3.8e+02    0    3.5e+00  -562.05380192  -307.73067569    -0.00000345   0.000334   4.9e-03   2.3e-04 0.02
0.0
0.0
    10     100    4.2e+02    0    3.5e+00  -562.05380458  -307.73067836    -0.00000266   0.000119   1.5e-03   2.3e-04 0.02
0.0
0.0
    11     110    4.6e+02    0    3.5e+00  -562.05380556  -307.73067933    -0.00000098   0.000212   3.0e-03   2.3e-04 0.02
0.0
0.0
    12     120    5.0e+02    0    3.5e+00  -562.05380645  -307.73068023    -0.00000089   0.000097   1.7e-03   2.3e-04 0.02
 
RESULTS OF THE OCCUPATION OPTIMIZATION
========================================
   1    1.9997794  -20.54624339
   2    1.9997736  -20.54568338
   3    1.9994337  -11.27235105
   4    1.9994343  -11.26815260
   5    1.9994362  -11.22478898
   6    1.9994363  -11.22400503
   7    1.9802791  -0.90179355
   8    1.9800914  -0.89803854
   9    1.9820781  -0.89514683
  10    1.9819272  -0.89497745
  11    1.9850817  -0.74286479
  12    1.9851012  -0.74172801
  13    1.9901287  -0.73338443
  14    1.9901049  -0.73190635
  15    1.9899947  -0.73156965
  16    1.9848626  -0.73018595
  17    1.9899302  -0.72850209
  18    1.9776655  -0.69571245
  19    1.9776161  -0.69351337
  20    1.9782845  -0.69269790
  21    1.9776207  -0.69008429
  22    1.9778405  -0.68274248
  23    1.9779449  -0.68256000
  24    1.9780308  -0.68228899
  25    1.9780532  -0.68023340
  26    0.0142037  -0.01157624
  27    0.0142246  -0.01159688
  28    0.0143381  -0.01164669
  29    0.0143751  -0.01168598
  30    0.0146515  -0.01203408
  31    0.0142191  -0.01186805
  32    0.0146352  -0.01209180
  33    0.0145532  -0.01203313
  34    0.0079152  -0.00925645
  35    0.0119576  -0.01081006
  36    0.0079017  -0.00927416
  37    0.0078052  -0.00920245
  38    0.0077222  -0.00914623
  39    0.0118185  -0.01092253
  40    0.0118337  -0.01094802
  41    0.0159432  -0.01664926
  42    0.0157980  -0.01656461
  43    0.0163124  -0.01692642
  44    0.0161709  -0.01684797
  45    0.0003846  -0.00759551
  46    0.0003845  -0.00759424
  47    0.0003862  -0.00762767
  48    0.0003865  -0.00763109
  49    0.0001862  -0.00686178
  50    0.0001857  -0.00685416
  51    0.0034145  -0.00375832
  52    0.0033672  -0.00374039
  53    0.0033943  -0.00375938
  54    0.0034299  -0.00378285
  55    0.0031371  -0.00358627
  56    0.0029033  -0.00342219
  57    0.0031268  -0.00358688
  58    0.0031792  -0.00362803
  59    0.0007970  -0.00154488
  60    0.0014664  -0.00205235
  61    0.0007698  -0.00152024
  62    0.0007777  -0.00152446
  63    0.0007753  -0.00153453
  64    0.0012466  -0.00187952
  65    0.0011979  -0.00183442
  66    0.0012093  -0.00204123
  67    0.0011862  -0.00202252
  68    0.0017522  -0.00277989
  69    0.0017097  -0.00274495
  70    0.0000597  -0.00088369
  71    0.0000594  -0.00088455
  72    0.0000612  -0.00089983
  73    0.0000611  -0.00089171
  74    0.0000190  -0.00049637
  75    0.0000186  -0.00049136
  76    0.0019363  -0.00227940
  77    0.0019374  -0.00228009
  78    0.0019076  -0.00225585
  79    0.0019026  -0.00225531
  80    0.0020064  -0.00240809
  81    0.0020466  -0.00246054
  82    0.0020397  -0.00244990
  83    0.0019895  -0.00239168
  84    0.0005291  -0.00108484
  85    0.0007414  -0.00119647
  86    0.0005177  -0.00106973
  87    0.0005047  -0.00106576
  88    0.0005231  -0.00107784
  89    0.0007597  -0.00126117
  90    0.0008007  -0.00131477
  91    0.0004460  -0.00094223
  92    0.0004601  -0.00095882
  93    0.0007971  -0.00143073
  94    0.0008170  -0.00144942
  95    0.0000563  -0.00083368
  96    0.0000565  -0.00083360
  97    0.0000565  -0.00083604
  98    0.0000575  -0.00085343
  99    0.0000130  -0.00033289
 100    0.0000127  -0.00032551
 101    0.0017403  -0.00215070
 102    0.0017863  -0.00218448
 103    0.0017857  -0.00217877
 104    0.0018266  -0.00220710
 105    0.0019169  -0.00231185
 106    0.0019235  -0.00234605
 107    0.0019344  -0.00234362
 108    0.0019501  -0.00234852
 109    0.0004988  -0.00105359
 110    0.0006656  -0.00112036
 111    0.0004599  -0.00100228
 112    0.0004579  -0.00100810
 113    0.0005011  -0.00105041
 114    0.0007395  -0.00122413
 115    0.0007408  -0.00122917
 116    0.0003679  -0.00082502
 117    0.0003763  -0.00084090
 118    0.0007843  -0.00138386
 119    0.0007558  -0.00136379
 120    0.0000536  -0.00078255
 121    0.0000537  -0.00078325
 122    0.0000518  -0.00076985
 123    0.0000518  -0.00076775
 124    0.0000049  -0.00010807
 125    0.0000024  -0.00016339
 126    0.0001115  -0.00020056
 127    0.0001076  -0.00019873
 128    0.0001048  -0.00019675
 129    0.0001115  -0.00020038
 130    0.0001146  -0.00020962
 131    0.0001100  -0.00020816
 132    0.0001190  -0.00021153
 133    0.0001154  -0.00021077
 134    0.0000754  -0.00022090
 135    0.0000913  -0.00018918
 136    0.0000736  -0.00021750
 137    0.0000740  -0.00021911
 138    0.0000776  -0.00022060
 139    0.0001025  -0.00021190
 140    0.0001033  -0.00020973
 141    0.0000261  -0.00009120
 142    0.0000291  -0.00009637
 143    0.0000536  -0.00018386
 144    0.0000551  -0.00018499
 145    0.0000070  -0.00029255
 146    0.0000069  -0.00029255
 147    0.0000069  -0.00029264
 148    0.0000071  -0.00029194
 149    0.0000024  -0.00016776
 150    0.0000004  -0.00000378
 151    0.0001047  -0.00019061
 152    0.0001053  -0.00019005
 153    0.0000976  -0.00018652
 154    0.0000976  -0.00018735
 155    0.0001027  -0.00019718
 156    0.0000933  -0.00019272
 157    0.0000940  -0.00019246
 158    0.0001035  -0.00019860
 159    0.0000730  -0.00019909
 160    0.0000864  -0.00018444
 161    0.0000717  -0.00019885
 162    0.0000694  -0.00019344
 163    0.0000698  -0.00019826
 164    0.0000885  -0.00019096
 165    0.0000938  -0.00019616
 166    0.0000193  -0.00007350
 167    0.0000167  -0.00007022
 168    0.0000534  -0.00016074
 169    0.0000522  -0.00016045
 170    0.0000008  -0.00000265
 171    0.0000008  -0.00000281
 172    0.0000016  -0.00000300
 173    0.0000005  -0.00000218
 174    0.0000002  -0.00000024
 175    0.0000002  -0.00000027
 176    0.0000912  -0.00016652
 177    0.0000893  -0.00016527
 178    0.0000867  -0.00016533
 179    0.0000845  -0.00016495
 180    0.0000933  -0.00017454
 181    0.0000856  -0.00016995
 182    0.0000889  -0.00016850
 183    0.0000890  -0.00017356
 184    0.0000617  -0.00017738
 185    0.0000318  -0.00009422
 186    0.0000648  -0.00018949
 187    0.0000628  -0.00018522
 188    0.0000567  -0.00017222
 189    0.0000332  -0.00010282
 190    0.0000343  -0.00010266
 191    0.0000142  -0.00005905
 192    0.0000146  -0.00006109
 193    0.0000338  -0.00011200
 194    0.0000336  -0.00011384
 195    0.0000004  -0.00001976
 196    0.0000006  -0.00000300
 197    0.0000003  -0.00001862
 198    0.0000004  -0.00002093
 199    0.0000001  -0.00000592
 200    0.0000001  -0.00000876
 201    0.0000843  -0.00016439
 202    0.0000818  -0.00016517
 203    0.0000815  -0.00016189
 204    0.0000797  -0.00016044
 205    0.0000827  -0.00016471
 206    0.0000794  -0.00016481
 207    0.0000857  -0.00017007
 208    0.0000869  -0.00016604
 209    0.0000412  -0.00015545
 210    0.0000260  -0.00008724
 211    0.0000538  -0.00016832
 212    0.0000506  -0.00016198
 213    0.0000501  -0.00016683
 214    0.0000248  -0.00008414
 215    0.0000298  -0.00009152
 216    0.0000130  -0.00005794
 217    0.0000119  -0.00005463
 218    0.0000291  -0.00009269
 219    0.0000294  -0.00009259
 220    0.0000002  -0.00000105
 221    0.0000003  -0.00001855
 222    0.0000002  -0.00000151
 223    0.0000003  -0.00000151
 224    0.0000001  -0.00000262
 225    0.0000001  0.00000017
 226    0.0000833  -0.00016321
 227    0.0000807  -0.00015940
 228    0.0000796  -0.00016025
 229    0.0000789  -0.00015965
 230    0.0000820  -0.00016386
 231    0.0000752  -0.00016383
 232    0.0000794  -0.00016383
 233    0.0000827  -0.00016469
 234    0.0000406  -0.00013698
 235    0.0000203  -0.00004148
 236    0.0000378  -0.00013141
 237    0.0000286  -0.00011847
 238    0.0000447  -0.00014064
 239    0.0000167  -0.00004972
 240    0.0000191  -0.00005063
 241    0.0000077  -0.00004379
 242    0.0000077  -0.00004336
 243    0.0000250  -0.00008353
 244    0.0000219  -0.00007981
 245    0.0000001  -0.00000059
 246    0.0000002  -0.00000070
 247    0.0000001  -0.00000077
 248    0.0000001  -0.00000067
 249    0.0000001  0.00000012
 250    0.0000000  0.00000011
 251    0.0000508  -0.00013289
 252    0.0000501  -0.00013193
 253    0.0000519  -0.00013420
 254    0.0000486  -0.00013322
 255    0.0000511  -0.00013708
 256    0.0000452  -0.00012773
 257    0.0000498  -0.00013733
 258    0.0000501  -0.00013735
 259    0.0000078  -0.00002213
 260    0.0000122  -0.00003955
 261    0.0000120  -0.00002453
 262    0.0000104  -0.00003946
 263    0.0000236  -0.00007769
 264    0.0000137  -0.00003300
 265    0.0000117  -0.00003229
 266    0.0000063  -0.00002113
 267    0.0000061  -0.00002164
 268    0.0000198  -0.00007212
 269    0.0000196  -0.00007131
 270    0.0000001  -0.00000021
 271    0.0000001  -0.00000021
 272    0.0000001  -0.00000035
 273    0.0000001  -0.00000020
 274    0.0000000  0.00000012
 275    0.0000000  0.00000009
 276    0.0000321  -0.00007644
 277    0.0000352  -0.00007770
 278    0.0000296  -0.00007528
 279    0.0000294  -0.00007549
 280    0.0000306  -0.00007984
 281    0.0000311  -0.00008027
 282    0.0000310  -0.00008014
 283    0.0000308  -0.00007823
 284    0.0000043  -0.00001966
 285    0.0000103  -0.00002866
 286    0.0000063  -0.00002106
 287    0.0000074  -0.00002056
 288    0.0000055  -0.00001977
 289    0.0000099  -0.00002808
 290    0.0000094  -0.00002866
 291    0.0000043  -0.00002223
 292    0.0000034  -0.00001993
 293    0.0000140  -0.00005625
 294    0.0000152  -0.00005617
 295    0.0000001  0.00000018
 296    0.0000001  0.00000003
 297    0.0000001  -0.00000005
 298    0.0000001  -0.00000002
 299    0.0000000  0.00000011
 300    0.0000000  0.00000009
 301    0.0000240  -0.00006911
 302    0.0000253  -0.00006962
 303    0.0000252  -0.00006810
 304    0.0000250  -0.00006815
 305    0.0000277  -0.00007479
 306    0.0000288  -0.00007477
 307    0.0000281  -0.00007553
 308    0.0000284  -0.00007646
 309    0.0000039  -0.00001422
 310    0.0000063  -0.00002313
 311    0.0000050  -0.00001727
 312    0.0000069  -0.00001689
 313    0.0000048  -0.00001316
 314    0.0000091  -0.00002680
 315    0.0000081  -0.00002729
 316    0.0000027  -0.00001402
 317    0.0000022  -0.00001322
 318    0.0000088  -0.00003525
 319    0.0000096  -0.00003581
 320    0.0000001  0.00000002
 321    0.0000001  0.00000017
 322    0.0000001  0.00000018
 323    0.0000001  0.00000019
 324    0.0000000  0.00000010
 325    0.0000000  0.00000007
 326    0.0000212  -0.00006364
 327    0.0000239  -0.00006618
 328    0.0000216  -0.00006447
 329    0.0000221  -0.00006507
 330    0.0000237  -0.00006845
 331    0.0000239  -0.00006965
 332    0.0000215  -0.00006820
 333    0.0000217  -0.00006865
 334    0.0000031  -0.00001175
 335    0.0000042  -0.00001848
 336    0.0000039  -0.00001280
 337    0.0000051  -0.00001277
 338    0.0000029  -0.00001309
 339    0.0000059  -0.00002085
 340    0.0000058  -0.00002028
 341    0.0000024  -0.00001097
 342    0.0000020  -0.00001003
 343    0.0000059  -0.00002894
 344    0.0000065  -0.00002984
 345    0.0000001  0.00000016
 346    0.0000001  0.00000014
 347    0.0000001  0.00000016
 348    0.0000001  0.00000018
 349    0.0000000  0.00000008
 350    0.0000000  0.00000007
 351    0.0000097  -0.00002706
 352    0.0000136  -0.00002762
 353    0.0000107  -0.00002727
 354    0.0000094  -0.00002679
 355    0.0000112  -0.00002886
 356    0.0000108  -0.00002909
 357    0.0000097  -0.00002833
 358    0.0000112  -0.00002889
 359    0.0000029  -0.00001002
 360    0.0000036  -0.00001502
 361    0.0000037  -0.00000989
 362    0.0000046  -0.00001241
 363    0.0000027  -0.00001201
 364    0.0000047  -0.00001970
 365    0.0000054  -0.00001938
 366    0.0000023  -0.00000828
 367    0.0000018  -0.00000880
 368    0.0000039  -0.00002121
 369    0.0000046  -0.00002257
 370    0.0000001  0.00000016
 371    0.0000001  0.00000015
 372    0.0000001  0.00000016
 373    0.0000001  0.00000016
 374    0.0000000  0.00000008
 375    0.0000000  0.00000007
 376    0.0000079  -0.00002570
 377    0.0000090  -0.00002610
 378    0.0000076  -0.00002538
 379    0.0000068  -0.00002497
 380    0.0000093  -0.00002779
 381    0.0000075  -0.00002711
 382    0.0000073  -0.00002635
 383    0.0000074  -0.00002670
 384    0.0000024  -0.00000927
 385    0.0000026  -0.00001324
 386    0.0000036  -0.00001032
 387    0.0000043  -0.00000895
 388    0.0000026  -0.00001001
 389    0.0000042  -0.00001672
 390    0.0000047  -0.00001772
 391    0.0000018  -0.00000832
 392    0.0000011  -0.00000624
 393    0.0000032  -0.00001599
 394    0.0000041  -0.00001713
 395    0.0000001  0.00000015
 396    0.0000001  0.00000014
 397    0.0000001  0.00000015
 398    0.0000001  0.00000015
 399    0.0000000  0.00000008
 400    0.0000000  0.00000007
 401    0.0000059  -0.00001959
 402    0.0000061  -0.00001960
 403    0.0000068  -0.00001978
 404    0.0000061  -0.00001955
 405    0.0000074  -0.00002270
 406    0.0000070  -0.00002357
 407    0.0000062  -0.00002233
 408    0.0000070  -0.00002225
 409    0.0000022  -0.00000715
 410    0.0000022  -0.00000474
 411    0.0000035  -0.00000827
 412    0.0000038  -0.00000530
 413    0.0000023  -0.00000774
 414    0.0000037  -0.00000729
 415    0.0000040  -0.00000760
 416    0.0000011  -0.00000266
 417    0.0000008  -0.00000241
 418    0.0000024  -0.00001444
 419    0.0000040  -0.00001727
 420    0.0000001  0.00000015
 421    0.0000001  0.00000012
 422    0.0000001  0.00000012
 423    0.0000001  0.00000013
 424    0.0000000  0.00000008
 425    0.0000000  0.00000006
 426    0.0000052  -0.00001933
 427    0.0000047  -0.00001874
 428    0.0000055  -0.00001959
 429    0.0000057  -0.00001926
 430    0.0000063  -0.00002163
 431    0.0000065  -0.00002250
 432    0.0000055  -0.00002137
 433    0.0000055  -0.00002165
 434    0.0000020  -0.00000630
 435    0.0000017  -0.00000357
 436    0.0000029  -0.00000584
 437    0.0000038  -0.00000112
 438    0.0000015  -0.00000310
 439    0.0000034  -0.00000240
 440    0.0000027  -0.00000353
 441    0.0000009  -0.00000065
 442    0.0000006  -0.00000106
 443    0.0000017  -0.00001011
 444    0.0000028  -0.00001238
 445    0.0000001  0.00000016
 446    0.0000000  0.00000014
 447    0.0000000  0.00000013
 448    0.0000000  0.00000012
 449    0.0000000  0.00000008
 450    0.0000000  0.00000007
 451    0.0000046  -0.00001468
 452    0.0000043  -0.00001474
 453    0.0000048  -0.00001513
 454    0.0000044  -0.00001494
 455    0.0000051  -0.00001563
 456    0.0000045  -0.00001550
 457    0.0000050  -0.00001546
 458    0.0000048  -0.00001546
 459    0.0000018  -0.00000141
 460    0.0000016  -0.00000279
 461    0.0000024  -0.00000325
 462    0.0000032  -0.00000370
 463    0.0000013  -0.00000172
 464    0.0000028  -0.00000363
 465    0.0000024  -0.00000274
 466    0.0000009  -0.00000058
 467    0.0000005  -0.00000050
 468    0.0000016  -0.00000677
 469    0.0000022  -0.00001094
 470    0.0000001  0.00000013
 471    0.0000000  0.00000013
 472    0.0000000  0.00000014
 473    0.0000000  0.00000015
 474    0.0000000  0.00000008
 475    0.0000000  0.00000006
 476    0.0000040  -0.00001350
 477    0.0000038  -0.00001297
 478    0.0000039  -0.00001207
 479    0.0000033  -0.00001255
 480    0.0000043  -0.00001407
 481    0.0000034  -0.00001199
 482    0.0000044  -0.00001347
 483    0.0000042  -0.00001404
 484    0.0000015  -0.00000055
 485    0.0000013  -0.00000273
 486    0.0000024  -0.00000140
 487    0.0000028  -0.00000127
 488    0.0000008  -0.00000000
 489    0.0000024  -0.00000159
 490    0.0000023  -0.00000232
 491    0.0000008  -0.00000005
 492    0.0000005  0.00000020
 493    0.0000015  -0.00000428
 494    0.0000015  -0.00000393
 495    0.0000001  0.00000014
 496    0.0000000  0.00000012
 497    0.0000000  0.00000012
 498    0.0000000  0.00000013
 499    0.0000000  0.00000008
 500    0.0000000  0.00000006
 501    0.0000027  -0.00001049
 502    0.0000032  -0.00001160
 503    0.0000035  -0.00001281
 504    0.0000031  -0.00001069
 505    0.0000038  -0.00001120
 506    0.0000028  -0.00000939
 507    0.0000034  -0.00001064
 508    0.0000033  -0.00001066
 509    0.0000014  0.00000043
 510    0.0000012  -0.00000131
 511    0.0000024  -0.00000245
 512    0.0000027  -0.00000288
 513    0.0000007  -0.00000070
 514    0.0000022  -0.00000138
 515    0.0000021  -0.00000127
 516    0.0000007  0.00000008
 517    0.0000005  0.00000045
 518    0.0000013  -0.00000342
 519    0.0000014  -0.00000399
 520    0.0000001  0.00000014
 521    0.0000000  0.00000011
 522    0.0000000  0.00000013
 523    0.0000000  0.00000014
 524    0.0000000  0.00000007
 525    0.0000000  0.00000006
 526    0.0000026  -0.00000983
 527    0.0000027  -0.00001000
 528    0.0000027  -0.00000994
 529    0.0000027  -0.00000981
 530    0.0000034  -0.00000983
 531    0.0000024  -0.00000842
 532    0.0000030  -0.00000896
 533    0.0000031  -0.00001000
 534    0.0000012  -0.00000053
 535    0.0000010  -0.00000084
 536    0.0000018  -0.00000149
 537    0.0000025  -0.00000406
 538    0.0000006  -0.00000045
 539    0.0000020  -0.00000158
 540    0.0000019  -0.00000161
 541    0.0000006  0.00000032
 542    0.0000004  0.00000047
 543    0.0000012  -0.00000277
 544    0.0000013  -0.00000333
 545    0.0000000  0.00000012
 546    0.0000000  0.00000011
 547    0.0000000  0.00000012
 548    0.0000000  0.00000013
 549    0.0000000  0.00000007
 550    0.0000000  0.00000006
 551    0.0000024  -0.00000840
 552    0.0000026  -0.00000882
 553    0.0000019  -0.00000781
 554    0.0000026  -0.00000861
 555    0.0000033  -0.00000920
 556    0.0000022  -0.00000804
 557    0.0000024  -0.00000808
 558    0.0000027  -0.00000876
 559    0.0000012  -0.00000039
 560    0.0000010  -0.00000082
 561    0.0000017  -0.00000066
 562    0.0000023  -0.00000445
 563    0.0000005  0.00000051
 564    0.0000017  -0.00000152
 565    0.0000017  -0.00000140
 566    0.0000005  0.00000028
 567    0.0000004  0.00000035
 568    0.0000010  -0.00000192
 569    0.0000010  -0.00000244
 570    0.0000000  0.00000014
 571    0.0000000  0.00000010
 572    0.0000000  0.00000013
 573    0.0000000  0.00000012
 574    0.0000000  0.00000007
 575    0.0000000  0.00000005
 576    0.0000023  -0.00000801
 577    0.0000025  -0.00000843
 578    0.0000018  -0.00000737
 579    0.0000023  -0.00000805
 580    0.0000027  -0.00000880
 581    0.0000020  -0.00000739
 582    0.0000020  -0.00000711
 583    0.0000025  -0.00000805
 584    0.0000010  0.00000065
 585    0.0000008  -0.00000116
 586    0.0000015  -0.00000012
 587    0.0000022  -0.00000234
 588    0.0000005  0.00000039
 589    0.0000016  -0.00000045
 590    0.0000015  -0.00000102
 591    0.0000005  0.00000056
 592    0.0000003  0.00000042
 593    0.0000007  -0.00000109
 594    0.0000009  -0.00000234
 595    0.0000000  0.00000012
 596    0.0000000  0.00000011
 597    0.0000000  0.00000012
 598    0.0000000  0.00000013
 599    0.0000000  0.00000007
 600    0.0000000  0.00000006
 601    0.0000017  -0.00000431
 602    0.0000020  -0.00000460
 603    0.0000014  -0.00000435
 604    0.0000017  -0.00000444
 605    0.0000025  -0.00000485
 606    0.0000016  -0.00000363
 607    0.0000013  -0.00000391
 608    0.0000022  -0.00000461
 609    0.0000010  -0.00000020
 610    0.0000007  -0.00000092
 611    0.0000014  -0.00000161
 612    0.0000022  -0.00000276
 613    0.0000004  0.00000055
 614    0.0000015  -0.00000035
 615    0.0000013  -0.00000093
 616    0.0000004  0.00000050
 617    0.0000003  0.00000036
 618    0.0000005  -0.00000066
 619    0.0000007  -0.00000111
 620    0.0000000  0.00000013
 621    0.0000000  0.00000011
 622    0.0000000  0.00000010
 623    0.0000000  0.00000013
 624    0.0000000  0.00000007
 625    0.0000000  0.00000006
 
----------------
 Final Energies 
----------------
Final NOF Total Energy =    -307.7306802
 
Total Orbital Internal Iterations = 780
Total Occupation Internal Iterations = 24
 
Elapsed time: 3554.12 Seconds

---------------------------------
   Lowdin Population Analysis    
---------------------------------
 Idx  Atom   Population   Charge 
---------------------------------
  1     C     6.092      -0.092
  2     H     1.063      -0.063
  3     O     7.438       0.562
  4     C     5.911       0.089
  5     H     1.056      -0.056
  6     H     1.051      -0.051
  7     C     5.903       0.097
  8     H     1.050      -0.050
  9     H     1.048      -0.048
 10     H     1.340      -0.340
 11     H     1.064      -0.064
 12     C     6.090      -0.090
 13     H     1.060      -0.060
 14     H     1.063      -0.063
 15     O     7.432       0.568
 16     H     1.339      -0.339

---------------------------------
   M Diagnostic: 0.02
---------------------------------

