Computing Integrals
Elapsed time:    5.34 Seconds

Number of basis functions                   (NBF)    = 421
Number of auxiliary basis functions         (NBFAUX) = 463
Inactive Doubly occupied orbitals up to     (NO1)    = 0
No. considered Strongly Doubly occupied MOs (NDOC)   = 21
No. considered Strongly Singly occupied MOs (NSOC)   = 0
NO. of Weakly occ. per St. Doubly occ.  MOs (NCWO)   = 19
Dimension of the Nat. Orb. subspace         (NBF5)   = 420
No. of electrons                                     = 42
    No. of alpha electrons                           = 21
    No. of beta electrons                            = 21
Multiplicity                                         = 1

Geometry
========
 N      -2.4871700       0.1746200      -0.1204500
 H      -1.4936100       0.1249000      -0.3221200
 H      -2.7954900       1.0883700      -0.4234400
 H      -2.9392600      -0.4917100      -0.7308400
 C       0.8901500      -0.0150100      -0.5370200
Cl       1.9304800      -0.1698200      -1.8814100
 C       1.6355800      -0.1305100       0.7280400
 H       2.7276900      -0.1356700       0.7079600
 H       1.2560300       0.6291100       1.4170700
 H       1.2755900      -1.0742900       1.1622200

No violations of the orthonormality
No violations of the orthonormality
 
PNOF5/ADAM Calculation
==================
 
  Nitext  Nit_orb  Time   Nit_occ  Time         Eelec          Etot           Ediff      maxdiff    Grad_orb  Grad_occ
0.1033447274386311
0.14985639051740327
     1      10    3.2e+01   25    4.3e+01  -732.91328393  -593.28774229 -10731.91328393   0.462900   4.9e+00   2.5e-04 0.08
0.009320357589475938
0.013237709955644678
     2      30    5.1e+01   13    4.7e+00  -733.17488446  -593.54934283    -0.26160053   0.003412   4.5e-02   2.5e-04 0.06
0.0038798048287682317
0.0055406593678251756
     3      30    6.9e+01   12    4.0e+00  -733.17767184  -593.55213021    -0.00278738   0.003519   4.6e-02   1.7e-04 0.05
0.0012663383542416626
0.0018655857449028624
     4      30    8.0e+01    5    2.6e+00  -733.17849303  -593.55295139    -0.00082118   0.003902   6.1e-02   2.4e-04 0.05
0.0009221257691613416
0.0013727698657222949
     5      30    4.6e+01    9    3.4e+00  -733.17881979  -593.55327816    -0.00032677   0.002900   4.1e-02   2.0e-04 0.05
0.0003743976645789772
0.0005557574249236712
     6      30    4.5e+01    3    2.0e+00  -733.17899977  -593.55345813    -0.00017998   0.002632   4.8e-02   1.9e-04 0.05
0.00022012096233081646
0.0003325488204686801
     7      30    5.0e+01    1    1.4e+00  -733.17909325  -593.55355162    -0.00009348   0.003481   4.2e-02   1.7e-04 0.05
0.000144131923918156
0.00023581925720941573
     8      30    4.5e+01    1    1.5e+00  -733.17908171  -593.55354007     0.00001155   0.002980   5.5e-02   1.9e-04 0.05
0.0
0.0
     9      50    7.9e+01    0    1.4e+00  -733.17922190  -593.55368026    -0.00014019   0.000727   3.9e-03   2.0e-04 0.05
0.0
0.0
    10      60    8.5e+01    0    1.2e+00  -733.17924032  -593.55369869    -0.00001842   0.000107   1.1e-03   2.2e-04 0.05
0.0
0.0
    11      70    1.2e+02    0    1.1e+00  -733.17925414  -593.55371250    -0.00001382   0.000099   8.1e-04   2.3e-04 0.05
 
RESULTS OF THE OCCUPATION OPTIMIZATION
========================================
   1    1.9999301  -94.70660157
   2    1.9999968  -20.74927440
   3    1.9996397  -15.51647158
   4    1.9994900  -11.33045406
   5    1.9994440  -11.24927122
   6    1.9996686  -8.05095582
   7    1.9995583  -8.05093547
   8    1.9995395  -8.04540431
   9    1.9894956  -0.87191592
  10    1.9856483  -0.81593581
  11    1.9815831  -0.77304646
  12    1.9796621  -0.77296772
  13    1.9796471  -0.77261569
  14    1.9785647  -0.71095558
  15    1.9788598  -0.70795362
  16    1.9786607  -0.70741047
  17    1.9882610  -0.69933806
  18    1.9840295  -0.67970555
  19    1.9860119  -0.66444667
  20    1.9847677  -0.53289887
  21    1.9463980  -0.52316709
  22    0.0422993  -0.01963522
  23    0.0121660  -0.00983321
  24    0.0066124  -0.00561702
  25    0.0064196  -0.00562232
  26    0.0055462  -0.00520038
  27    0.0137418  -0.01140433
  28    0.0136840  -0.01127325
  29    0.0136912  -0.01149920
  30    0.0149333  -0.01371174
  31    0.0149200  -0.01370410
  32    0.0133244  -0.01272374
  33    0.0102539  -0.01030472
  34    0.0079782  -0.00831763
  35    0.0001787  -0.00218090
  36    0.0001705  -0.00227633
  37    0.0001747  -0.00239138
  38    0.0003819  -0.00757396
  39    0.0003700  -0.00740989
  40    0.0002616  -0.00723033
  41    0.0000030  -0.00009969
  42    0.0000501  -0.00836864
  43    0.0080809  -0.00635309
  44    0.0011493  -0.00148812
  45    0.0047276  -0.00402429
  46    0.0049359  -0.00456538
  47    0.0045856  -0.00419819
  48    0.0034852  -0.00381789
  49    0.0035000  -0.00380046
  50    0.0034090  -0.00380769
  51    0.0027048  -0.00344669
  52    0.0026997  -0.00344567
  53    0.0023439  -0.00315163
  54    0.0015856  -0.00229669
  55    0.0009280  -0.00141618
  56    0.0001676  -0.00226339
  57    0.0001568  -0.00195403
  58    0.0001558  -0.00186108
  59    0.0000590  -0.00086785
  60    0.0000515  -0.00070361
  61    0.0000357  -0.00071074
  62    0.0000001  -0.00000494
  63    0.0000062  -0.00071034
  64    0.0013233  -0.00147486
  65    0.0007374  -0.00104268
  66    0.0022760  -0.00217009
  67    0.0037355  -0.00353655
  68    0.0008030  -0.00114825
  69    0.0018061  -0.00217873
  70    0.0017521  -0.00210264
  71    0.0018902  -0.00228150
  72    0.0011973  -0.00174171
  73    0.0012004  -0.00174401
  74    0.0012169  -0.00177929
  75    0.0014217  -0.00206605
  76    0.0007407  -0.00119400
  77    0.0001128  -0.00136601
  78    0.0001132  -0.00136844
  79    0.0000003  0.00000032
  80    0.0000544  -0.00079422
  81    0.0000502  -0.00071386
  82    0.0000353  -0.00070320
  83    0.0000000  0.00000009
  84    0.0000062  -0.00070061
  85    0.0012482  -0.00141153
  86    0.0006721  -0.00098529
  87    0.0001465  -0.00031384
  88    0.0005112  -0.00074668
  89    0.0003556  -0.00051114
  90    0.0017199  -0.00208764
  91    0.0016420  -0.00199443
  92    0.0018257  -0.00221301
  93    0.0010850  -0.00161178
  94    0.0010846  -0.00161171
  95    0.0011078  -0.00165313
  96    0.0007535  -0.00129774
  97    0.0006468  -0.00106618
  98    0.0000003  0.00000037
  99    0.0000004  0.00000042
 100    0.0000001  0.00000015
 101    0.0000526  -0.00076493
 102    0.0000307  -0.00045147
 103    0.0000228  -0.00045537
 104    0.0000000  0.00000006
 105    0.0000060  -0.00069083
 106    0.0001525  -0.00023923
 107    0.0001054  -0.00022376
 108    0.0001153  -0.00017752
 109    0.0001160  -0.00021226
 110    0.0001371  -0.00023881
 111    0.0001018  -0.00019682
 112    0.0000969  -0.00018791
 113    0.0001096  -0.00020853
 114    0.0000802  -0.00018989
 115    0.0000811  -0.00019046
 116    0.0000829  -0.00019883
 117    0.0000865  -0.00018898
 118    0.0000532  -0.00014348
 119    0.0000001  0.00000021
 120    0.0000001  0.00000017
 121    0.0000001  0.00000018
 122    0.0000057  -0.00028388
 123    0.0000057  -0.00027787
 124    0.0000034  -0.00021862
 125    0.0000000  0.00000005
 126    0.0000014  -0.00043142
 127    0.0001421  -0.00023289
 128    0.0001051  -0.00022159
 129    0.0000245  -0.00007554
 130    0.0000797  -0.00016036
 131    0.0001183  -0.00019994
 132    0.0000942  -0.00018437
 133    0.0000899  -0.00017793
 134    0.0000957  -0.00019013
 135    0.0000689  -0.00016809
 136    0.0000694  -0.00016878
 137    0.0000690  -0.00017061
 138    0.0000853  -0.00018692
 139    0.0000514  -0.00009765
 140    0.0000001  0.00000016
 141    0.0000001  0.00000016
 142    0.0000000  0.00000014
 143    0.0000005  -0.00000335
 144    0.0000007  -0.00000648
 145    0.0000004  -0.00000377
 146    0.0000000  0.00000004
 147    0.0000001  0.00000016
 148    0.0001352  -0.00020959
 149    0.0000931  -0.00019417
 150    0.0000241  -0.00007423
 151    0.0000514  -0.00010116
 152    0.0000477  -0.00010088
 153    0.0000797  -0.00016073
 154    0.0000774  -0.00015416
 155    0.0000865  -0.00017214
 156    0.0000673  -0.00017183
 157    0.0000653  -0.00017051
 158    0.0000632  -0.00017200
 159    0.0000562  -0.00015160
 160    0.0000442  -0.00009759
 161    0.0000001  0.00000017
 162    0.0000001  0.00000018
 163    0.0000000  0.00000013
 164    0.0000004  -0.00000298
 165    0.0000003  -0.00001401
 166    0.0000002  -0.00000268
 167    0.0000000  0.00000004
 168    0.0000000  0.00000010
 169    0.0000949  -0.00014967
 170    0.0000857  -0.00018329
 171    0.0000160  -0.00005451
 172    0.0000428  -0.00008658
 173    0.0000389  -0.00008602
 174    0.0000777  -0.00015607
 175    0.0000739  -0.00015094
 176    0.0000827  -0.00016794
 177    0.0000529  -0.00013330
 178    0.0000540  -0.00013440
 179    0.0000522  -0.00013582
 180    0.0000262  -0.00009720
 181    0.0000171  -0.00006006
 182    0.0000001  0.00000019
 183    0.0000001  0.00000018
 184    0.0000000  0.00000012
 185    0.0000003  -0.00000572
 186    0.0000001  -0.00000120
 187    0.0000002  -0.00000214
 188    0.0000000  0.00000003
 189    0.0000000  0.00000007
 190    0.0000544  -0.00010812
 191    0.0000670  -0.00017731
 192    0.0000107  -0.00003779
 193    0.0000221  -0.00006478
 194    0.0000297  -0.00006939
 195    0.0000774  -0.00015760
 196    0.0000738  -0.00015061
 197    0.0000791  -0.00016213
 198    0.0000467  -0.00011819
 199    0.0000472  -0.00011907
 200    0.0000456  -0.00011952
 201    0.0000213  -0.00005879
 202    0.0000121  -0.00003117
 203    0.0000001  0.00000018
 204    0.0000000  0.00000015
 205    0.0000000  0.00000012
 206    0.0000003  -0.00001150
 207    0.0000001  -0.00000025
 208    0.0000001  -0.00000886
 209    0.0000000  0.00000002
 210    0.0000000  0.00000006
 211    0.0000177  -0.00005480
 212    0.0000090  -0.00002855
 213    0.0000085  -0.00001784
 214    0.0000172  -0.00002419
 215    0.0000188  -0.00002356
 216    0.0000485  -0.00013117
 217    0.0000470  -0.00012667
 218    0.0000503  -0.00013640
 219    0.0000351  -0.00011202
 220    0.0000348  -0.00011185
 221    0.0000287  -0.00009099
 222    0.0000171  -0.00004636
 223    0.0000090  -0.00002452
 224    0.0000001  0.00000018
 225    0.0000000  0.00000014
 226    0.0000000  0.00000011
 227    0.0000002  -0.00000153
 228    0.0000001  -0.00000004
 229    0.0000001  -0.00000100
 230    0.0000000  0.00000002
 231    0.0000000  0.00000005
 232    0.0000125  -0.00002907
 233    0.0000089  -0.00002646
 234    0.0000076  -0.00001414
 235    0.0000089  -0.00001414
 236    0.0000147  -0.00001992
 237    0.0000285  -0.00007436
 238    0.0000281  -0.00007214
 239    0.0000290  -0.00007728
 240    0.0000240  -0.00007295
 241    0.0000242  -0.00007310
 242    0.0000244  -0.00007508
 243    0.0000089  -0.00002766
 244    0.0000082  -0.00001748
 245    0.0000001  0.00000017
 246    0.0000000  0.00000014
 247    0.0000000  0.00000011
 248    0.0000001  -0.00000100
 249    0.0000001  0.00000005
 250    0.0000001  -0.00000083
 251    0.0000000  0.00000002
 252    0.0000000  0.00000004
 253    0.0000091  -0.00002351
 254    0.0000072  -0.00002506
 255    0.0000050  -0.00000544
 256    0.0000083  -0.00001418
 257    0.0000099  -0.00001658
 258    0.0000236  -0.00006727
 259    0.0000234  -0.00006461
 260    0.0000254  -0.00007197
 261    0.0000140  -0.00004735
 262    0.0000155  -0.00004849
 263    0.0000162  -0.00004948
 264    0.0000077  -0.00002350
 265    0.0000040  -0.00001341
 266    0.0000001  0.00000017
 267    0.0000000  0.00000013
 268    0.0000000  0.00000011
 269    0.0000001  0.00000016
 270    0.0000001  0.00000013
 271    0.0000001  0.00000012
 272    0.0000000  0.00000002
 273    0.0000000  0.00000004
 274    0.0000068  -0.00002165
 275    0.0000054  -0.00002054
 276    0.0000034  -0.00000313
 277    0.0000061  -0.00000850
 278    0.0000078  -0.00001388
 279    0.0000224  -0.00006393
 280    0.0000205  -0.00005978
 281    0.0000245  -0.00006998
 282    0.0000126  -0.00004268
 283    0.0000124  -0.00004245
 284    0.0000126  -0.00004320
 285    0.0000076  -0.00002122
 286    0.0000031  -0.00000835
 287    0.0000001  0.00000017
 288    0.0000000  0.00000012
 289    0.0000000  0.00000011
 290    0.0000001  0.00000017
 291    0.0000001  0.00000018
 292    0.0000001  0.00000015
 293    0.0000000  0.00000002
 294    0.0000000  0.00000003
 295    0.0000062  -0.00001708
 296    0.0000050  -0.00001802
 297    0.0000029  -0.00000127
 298    0.0000047  -0.00000598
 299    0.0000077  -0.00000737
 300    0.0000075  -0.00002626
 301    0.0000078  -0.00002586
 302    0.0000081  -0.00002752
 303    0.0000078  -0.00002921
 304    0.0000078  -0.00002940
 305    0.0000073  -0.00002902
 306    0.0000048  -0.00001664
 307    0.0000027  -0.00000776
 308    0.0000001  0.00000017
 309    0.0000000  0.00000012
 310    0.0000000  0.00000011
 311    0.0000001  0.00000018
 312    0.0000001  0.00000016
 313    0.0000001  0.00000012
 314    0.0000000  0.00000002
 315    0.0000000  0.00000003
 316    0.0000053  -0.00001529
 317    0.0000044  -0.00001664
 318    0.0000022  0.00000063
 319    0.0000039  -0.00000313
 320    0.0000056  -0.00000338
 321    0.0000069  -0.00002574
 322    0.0000065  -0.00002453
 323    0.0000073  -0.00002709
 324    0.0000071  -0.00002793
 325    0.0000072  -0.00002807
 326    0.0000068  -0.00002816
 327    0.0000038  -0.00001301
 328    0.0000021  -0.00000562
 329    0.0000001  0.00000017
 330    0.0000000  0.00000012
 331    0.0000000  0.00000011
 332    0.0000001  0.00000016
 333    0.0000001  0.00000017
 334    0.0000001  0.00000013
 335    0.0000000  0.00000002
 336    0.0000000  0.00000003
 337    0.0000043  -0.00001384
 338    0.0000034  -0.00001218
 339    0.0000017  0.00000089
 340    0.0000026  0.00000045
 341    0.0000042  -0.00000414
 342    0.0000051  -0.00001989
 343    0.0000051  -0.00001845
 344    0.0000060  -0.00002268
 345    0.0000049  -0.00002042
 346    0.0000046  -0.00001914
 347    0.0000047  -0.00001927
 348    0.0000034  -0.00000992
 349    0.0000011  -0.00000436
 350    0.0000001  0.00000018
 351    0.0000000  0.00000012
 352    0.0000000  0.00000011
 353    0.0000001  0.00000014
 354    0.0000001  0.00000018
 355    0.0000000  0.00000010
 356    0.0000000  0.00000002
 357    0.0000000  0.00000003
 358    0.0000040  -0.00001028
 359    0.0000028  -0.00000809
 360    0.0000014  0.00000075
 361    0.0000019  0.00000067
 362    0.0000037  -0.00000082
 363    0.0000049  -0.00001932
 364    0.0000044  -0.00001773
 365    0.0000054  -0.00002185
 366    0.0000046  -0.00001767
 367    0.0000041  -0.00001807
 368    0.0000042  -0.00001978
 369    0.0000031  -0.00000693
 370    0.0000009  -0.00000024
 371    0.0000001  0.00000017
 372    0.0000000  0.00000012
 373    0.0000000  0.00000011
 374    0.0000001  0.00000011
 375    0.0000001  0.00000017
 376    0.0000000  0.00000010
 377    0.0000000  0.00000002
 378    0.0000000  0.00000002
 379    0.0000027  -0.00000778
 380    0.0000028  -0.00000794
 381    0.0000012  0.00000086
 382    0.0000016  0.00000095
 383    0.0000029  0.00000058
 384    0.0000044  -0.00001443
 385    0.0000040  -0.00001214
 386    0.0000052  -0.00001611
 387    0.0000036  -0.00001391
 388    0.0000030  -0.00001298
 389    0.0000035  -0.00001581
 390    0.0000027  -0.00000381
 391    0.0000008  -0.00000047
 392    0.0000001  0.00000017
 393    0.0000000  0.00000012
 394    0.0000000  0.00000011
 395    0.0000001  0.00000009
 396    0.0000001  0.00000017
 397    0.0000000  0.00000012
 398    0.0000000  0.00000002
 399    0.0000000  0.00000003
 400    0.0000026  -0.00000443
 401    0.0000023  -0.00000751
 402    0.0000010  0.00000078
 403    0.0000011  0.00000077
 404    0.0000015  0.00000068
 405    0.0000037  -0.00001304
 406    0.0000034  -0.00001379
 407    0.0000043  -0.00001396
 408    0.0000030  -0.00000879
 409    0.0000026  -0.00000872
 410    0.0000025  -0.00000806
 411    0.0000024  -0.00000348
 412    0.0000007  -0.00000001
 413    0.0000001  0.00000016
 414    0.0000000  0.00000011
 415    0.0000000  0.00000010
 416    0.0000000  0.00000012
 417    0.0000001  0.00000016
 418    0.0000000  0.00000012
 419    0.0000000  0.00000001
 420    0.0000000  0.00000002
 
----------------
 Final Energies 
----------------
Final NOF Total Energy =    -593.5537125
 
Total Orbital Internal Iterations = 400
Total Occupation Internal Iterations = 69
 
Elapsed time:  859.80 Seconds

---------------------------------
   Lowdin Population Analysis    
---------------------------------
 Idx  Atom   Population   Charge 
---------------------------------
  1     N     6.432       0.568
  2     H     1.222      -0.222
  3     H     1.200      -0.200
  4     H     1.200      -0.200
  5     C     6.345      -0.345
  6    Cl    16.528       0.472
  7     C     5.907       0.093
  8     H     1.074      -0.074
  9     H     1.052      -0.052
 10     H     1.041      -0.041

---------------------------------
   M Diagnostic: 0.05
---------------------------------

