Computing Integrals
Elapsed time:    4.07 Seconds

Number of basis functions                   (NBF)    = 274
Number of auxiliary basis functions         (NBFAUX) = 332
Inactive Doubly occupied orbitals up to     (NO1)    = 0
No. considered Strongly Doubly occupied MOs (NDOC)   = 16
No. considered Strongly Singly occupied MOs (NSOC)   = 0
NO. of Weakly occ. per St. Doubly occ.  MOs (NCWO)   = 16
Dimension of the Nat. Orb. subspace         (NBF5)   = 272
No. of electrons                                     = 32
    No. of alpha electrons                           = 16
    No. of beta electrons                            = 16
Multiplicity                                         = 1

Geometry
========
 C      -0.7291000       0.1343500      -0.8031600
Cl       0.3112200      -0.0204500      -2.1475500
 C       0.0163300       0.0188600       0.4619000
 H       1.1084300       0.0137000       0.4418200
 H      -0.3632200       0.7784800       1.1509300
 H      -0.3436600      -0.9249200       0.8960800

No violations of the orthonormality
No violations of the orthonormality
 
PNOF5/ADAM Calculation
==================
 
  Nitext  Nit_orb  Time   Nit_occ  Time         Eelec          Etot           Ediff      maxdiff    Grad_orb  Grad_occ
0.10245514617506357
0.1479061888408101
     1      10    1.9e+01   23    3.3e+01  -624.92684878  -537.02528598 -10623.92684878   0.645942   5.5e+00   2.7e-04 0.10
0.014226834874545558
0.019873173626400138
     2      30    7.7e+00   14    1.6e+00  -625.10091604  -537.19935324    -0.17406726   0.011971   1.2e-01   2.3e-04 0.07
0.004876404878599638
0.006901963199834175
     3      30    7.7e+00   12    1.5e+00  -625.10461382  -537.20305102    -0.00369778   0.004273   7.2e-02   2.2e-04 0.06
0.0017280840875231844
0.002507734399633807
     4      30    7.7e+00    5    7.6e-01  -625.10551653  -537.20395373    -0.00090271   0.005764   7.5e-02   1.8e-04 0.06
0.0010364130322459315
0.00148489448762312
     5      30    7.6e+00    3    6.3e-01  -625.10596212  -537.20439932    -0.00044559   0.003953   6.5e-02   2.4e-04 0.05
0.0003079824926942587
0.0005563635060928664
     6      30    7.7e+00    4    6.6e-01  -625.10610468  -537.20454188    -0.00014256   0.005401   7.3e-02   2.3e-04 0.05
0.0002871632343010022
0.00042942183835087075
     7      30    7.5e+00    4    7.4e-01  -625.10630471  -537.20474192    -0.00020003   0.003547   6.5e-02   2.2e-04 0.05
0.00031655375636077676
0.0006465268601212196
     8      30    7.7e+00   10    1.2e+00  -625.10639078  -537.20482798    -0.00008607   0.005035   7.3e-02   2.3e-04 0.05
0.00015739783611956604
0.0003624705290603214
     9      30    7.7e+00    3    5.7e-01  -625.10668309  -537.20512029    -0.00029231   0.003581   5.9e-02   1.4e-04 0.05
0.00023066879644660296
0.00042808651147233795
    10      30    7.7e+00    3    6.2e-01  -625.10671869  -537.20515589    -0.00003560   0.003855   6.8e-02   1.4e-04 0.05
0.00032994663738032323
0.0005158578350628979
    11      30    7.7e+00    3    5.7e-01  -625.10677485  -537.20521205    -0.00005616   0.003902   7.2e-02   1.4e-04 0.05
0.0004230267174220835
0.0006020519631914555
    12      30    7.6e+00    3    6.3e-01  -625.10688205  -537.20531925    -0.00010720   0.005731   7.2e-02   1.7e-04 0.05
0.00019209311549561736
0.00040896630747549925
    13      30    7.6e+00    6    8.6e-01  -625.10685965  -537.20529685     0.00002240   0.005556   8.2e-02   2.0e-04 0.05
0.00016709260752374895
0.00029900535907442864
    14      50    1.2e+01    3    6.2e-01  -625.10727099  -537.20570819    -0.00041134   0.000393   6.0e-03   1.4e-04 0.05
0.0002167599459768077
0.0003989142378178202
    15      50    1.3e+01    1    4.5e-01  -625.10731720  -537.20575440    -0.00004621   0.000811   9.7e-03   2.0e-04 0.05
0.00015998719118380674
0.0002600890001498415
    16      50    1.3e+01    3    6.2e-01  -625.10733666  -537.20577386    -0.00001945   0.000883   9.7e-03   1.5e-04 0.05
0.0001697277613372794
0.000298376463777471
    17      50    1.3e+01    1    4.3e-01  -625.10736705  -537.20580425    -0.00003039   0.003207   1.9e-02   1.7e-04 0.05
0.0
0.0
    18      50    1.3e+01    0    3.1e-01  -625.10738174  -537.20581894    -0.00001469   0.000735   1.1e-02   1.4e-04 0.05
0.0
0.0
    19      60    1.5e+01    0    3.4e-01  -625.10739220  -537.20582940    -0.00001046   0.000724   7.1e-03   1.4e-04 0.05
0.0
0.0
    20      70    1.8e+01    0    3.4e-01  -625.10739876  -537.20583596    -0.00000656   0.000464   5.6e-03   1.5e-04 0.05
0.0
0.0
    21      80    2.0e+01    0    3.5e-01  -625.10740520  -537.20584240    -0.00000644   0.000312   3.9e-03   1.6e-04 0.05
0.0
0.0
    22      90    2.2e+01    0    3.5e-01  -625.10741004  -537.20584724    -0.00000484   0.000297   3.2e-03   1.7e-04 0.05
0.0
0.0
    23     100    2.5e+01    0    3.4e-01  -625.10741372  -537.20585092    -0.00000368   0.000262   2.5e-03   1.7e-04 0.05
0.0
0.0
    24     110    2.7e+01    0    3.2e-01  -625.10741683  -537.20585403    -0.00000311   0.000140   1.3e-03   1.9e-04 0.05
0.0
0.0
    25     120    3.0e+01    0    2.9e-01  -625.10741841  -537.20585562    -0.00000158   0.000387   2.9e-03   1.9e-04 0.05
0.0
0.0
    26     123    3.0e+01    0    3.5e-01  -625.10741977  -537.20585697    -0.00000135   0.000098   9.2e-04   2.0e-04 0.05
 
RESULTS OF THE OCCUPATION OPTIMIZATION
========================================
   1    1.9999300  -94.66423956
   2    1.9999972  -20.77658281
   3    1.9994879  -11.32410270
   4    1.9994435  -11.24544030
   5    1.9996651  -8.04765790
   6    1.9995520  -8.04229726
   7    1.9995509  -8.03893461
   8    1.9895325  -0.86592294
   9    1.9857336  -0.81110154
  10    1.9785720  -0.70719062
  11    1.9787944  -0.70440115
  12    1.9786169  -0.70392879
  13    1.9844872  -0.67729731
  14    1.9855534  -0.67723265
  15    1.9886083  -0.67319674
  16    1.9429057  -0.50694659
  17    0.0443499  -0.01990440
  18    0.0059623  -0.00531517
  19    0.0059810  -0.00536503
  20    0.0062581  -0.00549741
  21    0.0137764  -0.01141137
  22    0.0137305  -0.01128612
  23    0.0136727  -0.01147699
  24    0.0102030  -0.01025194
  25    0.0078217  -0.00818231
  26    0.0001846  -0.00231096
  27    0.0001838  -0.00243161
  28    0.0001779  -0.00236350
  29    0.0003823  -0.00757561
  30    0.0003721  -0.00744143
  31    0.0000027  -0.00009633
  32    0.0000501  -0.00836900
  33    0.0094885  -0.00700079
  34    0.0040799  -0.00362920
  35    0.0049184  -0.00439692
  36    0.0050724  -0.00462707
  37    0.0034918  -0.00382283
  38    0.0035137  -0.00380801
  39    0.0034237  -0.00381376
  40    0.0015450  -0.00226286
  41    0.0009364  -0.00143777
  42    0.0001519  -0.00203897
  43    0.0001487  -0.00182242
  44    0.0001560  -0.00192838
  45    0.0000589  -0.00086492
  46    0.0000510  -0.00069858
  47    0.0000000  0.00000005
  48    0.0000063  -0.00072031
  49    0.0013448  -0.00147615
  50    0.0006947  -0.00092016
  51    0.0027572  -0.00278037
  52    0.0032111  -0.00315664
  53    0.0018260  -0.00218960
  54    0.0017623  -0.00210836
  55    0.0019037  -0.00228894
  56    0.0014207  -0.00205956
  57    0.0008850  -0.00130159
  58    0.0001113  -0.00135735
  59    0.0001141  -0.00137308
  60    0.0000003  0.00000021
  61    0.0000545  -0.00079447
  62    0.0000498  -0.00070776
  63    0.0000000  0.00000004
  64    0.0000062  -0.00071063
  65    0.0012431  -0.00136691
  66    0.0003102  -0.00041673
  67    0.0006286  -0.00076262
  68    0.0004920  -0.00070319
  69    0.0017170  -0.00208679
  70    0.0016494  -0.00199999
  71    0.0018226  -0.00220930
  72    0.0007639  -0.00130799
  73    0.0006190  -0.00103394
  74    0.0000003  0.00000019
  75    0.0000004  0.00000011
  76    0.0000001  -0.00000132
  77    0.0000524  -0.00076133
  78    0.0000308  -0.00045258
  79    0.0000000  0.00000004
  80    0.0000059  -0.00067929
  81    0.0001568  -0.00023550
  82    0.0001237  -0.00020712
  83    0.0000446  -0.00012822
  84    0.0001599  -0.00025347
  85    0.0001036  -0.00019861
  86    0.0000989  -0.00018996
  87    0.0001109  -0.00021006
  88    0.0000875  -0.00018941
  89    0.0000595  -0.00014799
  90    0.0000002  0.00000015
  91    0.0000002  -0.00000062
  92    0.0000001  0.00000019
  93    0.0000058  -0.00028585
  94    0.0000057  -0.00027859
  95    0.0000000  0.00000003
  96    0.0000014  -0.00043156
  97    0.0001528  -0.00023376
  98    0.0000668  -0.00013118
  99    0.0000315  -0.00009898
 100    0.0001081  -0.00018700
 101    0.0000943  -0.00018558
 102    0.0000908  -0.00017946
 103    0.0000968  -0.00019158
 104    0.0000840  -0.00018588
 105    0.0000444  -0.00010186
 106    0.0000002  0.00000014
 107    0.0000002  -0.00000005
 108    0.0000001  0.00000016
 109    0.0000004  -0.00000373
 110    0.0000005  -0.00000990
 111    0.0000000  0.00000004
 112    0.0000000  0.00000011
 113    0.0001282  -0.00020604
 114    0.0000507  -0.00009734
 115    0.0000256  -0.00008174
 116    0.0000575  -0.00010368
 117    0.0000801  -0.00016098
 118    0.0000758  -0.00015287
 119    0.0000866  -0.00017266
 120    0.0000576  -0.00015326
 121    0.0000372  -0.00008409
 122    0.0000001  0.00000019
 123    0.0000001  -0.00000033
 124    0.0000000  0.00000015
 125    0.0000004  -0.00000358
 126    0.0000004  -0.00000277
 127    0.0000000  0.00000003
 128    0.0000000  0.00000008
 129    0.0000788  -0.00014150
 130    0.0000362  -0.00007307
 131    0.0000246  -0.00007005
 132    0.0000468  -0.00008935
 133    0.0000775  -0.00015711
 134    0.0000744  -0.00015051
 135    0.0000840  -0.00016875
 136    0.0000308  -0.00010235
 137    0.0000192  -0.00006332
 138    0.0000001  0.00000018
 139    0.0000001  0.00000018
 140    0.0000000  0.00000015
 141    0.0000004  -0.00001258
 142    0.0000003  -0.00001020
 143    0.0000000  0.00000003
 144    0.0000000  0.00000007
 145    0.0000554  -0.00011591
 146    0.0000245  -0.00005619
 147    0.0000158  -0.00005309
 148    0.0000392  -0.00007961
 149    0.0000738  -0.00015740
 150    0.0000726  -0.00015386
 151    0.0000764  -0.00016376
 152    0.0000190  -0.00005891
 153    0.0000123  -0.00003039
 154    0.0000001  0.00000017
 155    0.0000001  0.00000016
 156    0.0000000  0.00000014
 157    0.0000003  -0.00000679
 158    0.0000003  -0.00000252
 159    0.0000000  0.00000003
 160    0.0000000  0.00000006
 161    0.0000413  -0.00007147
 162    0.0000102  -0.00001697
 163    0.0000062  -0.00001552
 164    0.0000140  -0.00002292
 165    0.0000462  -0.00013059
 166    0.0000447  -0.00012623
 167    0.0000487  -0.00013658
 168    0.0000151  -0.00004507
 169    0.0000089  -0.00002283
 170    0.0000001  0.00000017
 171    0.0000001  0.00000016
 172    0.0000000  0.00000013
 173    0.0000003  -0.00000232
 174    0.0000002  -0.00000147
 175    0.0000000  0.00000003
 176    0.0000000  0.00000006
 177    0.0000148  -0.00002467
 178    0.0000088  -0.00001346
 179    0.0000041  -0.00001015
 180    0.0000130  -0.00001859
 181    0.0000282  -0.00007426
 182    0.0000278  -0.00007210
 183    0.0000287  -0.00007690
 184    0.0000116  -0.00002940
 185    0.0000069  -0.00001752
 186    0.0000001  0.00000017
 187    0.0000001  0.00000017
 188    0.0000000  0.00000013
 189    0.0000002  -0.00000182
 190    0.0000002  -0.00000037
 191    0.0000000  0.00000003
 192    0.0000000  0.00000005
 193    0.0000128  -0.00002902
 194    0.0000069  -0.00001151
 195    0.0000028  -0.00000498
 196    0.0000119  -0.00001660
 197    0.0000241  -0.00006826
 198    0.0000233  -0.00006513
 199    0.0000257  -0.00007290
 200    0.0000091  -0.00002581
 201    0.0000048  -0.00001586
 202    0.0000001  0.00000017
 203    0.0000001  0.00000016
 204    0.0000000  0.00000013
 205    0.0000002  0.00000005
 206    0.0000002  0.00000014
 207    0.0000000  0.00000003
 208    0.0000000  0.00000004
 209    0.0000088  -0.00002369
 210    0.0000060  -0.00000927
 211    0.0000021  -0.00000216
 212    0.0000102  -0.00001535
 213    0.0000228  -0.00006457
 214    0.0000212  -0.00006105
 215    0.0000255  -0.00007135
 216    0.0000067  -0.00002108
 217    0.0000038  -0.00001053
 218    0.0000001  0.00000017
 219    0.0000001  0.00000018
 220    0.0000000  0.00000013
 221    0.0000001  -0.00000002
 222    0.0000002  0.00000019
 223    0.0000000  0.00000003
 224    0.0000000  0.00000003
 225    0.0000076  -0.00002227
 226    0.0000048  -0.00000085
 227    0.0000018  -0.00000020
 228    0.0000080  -0.00001504
 229    0.0000080  -0.00002680
 230    0.0000078  -0.00002624
 231    0.0000080  -0.00002788
 232    0.0000048  -0.00001716
 233    0.0000032  -0.00000901
 234    0.0000001  0.00000017
 235    0.0000001  0.00000017
 236    0.0000000  0.00000013
 237    0.0000001  0.00000002
 238    0.0000002  0.00000022
 239    0.0000000  0.00000003
 240    0.0000000  0.00000003
 241    0.0000056  -0.00001553
 242    0.0000035  -0.00000041
 243    0.0000013  0.00000037
 244    0.0000061  -0.00000647
 245    0.0000075  -0.00002648
 246    0.0000071  -0.00002537
 247    0.0000073  -0.00002726
 248    0.0000045  -0.00001319
 249    0.0000027  -0.00000746
 250    0.0000001  0.00000016
 251    0.0000001  0.00000018
 252    0.0000000  0.00000013
 253    0.0000001  0.00000006
 254    0.0000001  0.00000024
 255    0.0000000  0.00000003
 256    0.0000000  0.00000003
 257    0.0000048  -0.00001549
 258    0.0000025  -0.00000148
 259    0.0000010  0.00000033
 260    0.0000045  -0.00000390
 261    0.0000058  -0.00002139
 262    0.0000054  -0.00001951
 263    0.0000065  -0.00002432
 264    0.0000032  -0.00000981
 265    0.0000024  -0.00000481
 266    0.0000001  0.00000016
 267    0.0000001  0.00000018
 268    0.0000000  0.00000012
 269    0.0000001  0.00000008
 270    0.0000001  0.00000023
 271    0.0000000  0.00000003
 272    0.0000000  0.00000003
 
----------------
 Final Energies 
----------------
Final NOF Total Energy =    -537.2058570
 
Total Orbital Internal Iterations = 1373
Total Occupation Internal Iterations = 101
 
Elapsed time:  459.23 Seconds

---------------------------------
   Lowdin Population Analysis    
---------------------------------
 Idx  Atom   Population   Charge 
---------------------------------
  1     C     6.364      -0.364
  2    Cl    16.539       0.461
  3     C     5.917       0.083
  4     H     1.078      -0.078
  5     H     1.056      -0.056
  6     H     1.045      -0.045

---------------------------------
   M Diagnostic: 0.05
---------------------------------

