Computing Integrals
Elapsed time:    3.87 Seconds

Number of basis functions                   (NBF)    = 117
Number of auxiliary basis functions         (NBFAUX) = 113
Inactive Doubly occupied orbitals up to     (NO1)    = 0
No. considered Strongly Doubly occupied MOs (NDOC)   = 5
No. considered Strongly Singly occupied MOs (NSOC)   = 0
NO. of Weakly occ. per St. Doubly occ.  MOs (NCWO)   = 22
Dimension of the Nat. Orb. subspace         (NBF5)   = 115
No. of electrons                                     = 10
    No. of alpha electrons                           = 5
    No. of beta electrons                            = 5
Multiplicity                                         = 1

Geometry
========
 O       0.3902500      -0.2365000      -0.0217700
 H       1.3319600      -0.0379100      -0.0951000
 H      -0.0470900       0.6239100      -0.0134800

No violations of the orthonormality
No violations of the orthonormality
 
PNOF5/ADAM Calculation
==================
 
  Nitext  Nit_orb  Time   Nit_occ  Time         Eelec          Etot           Ediff      maxdiff    Grad_orb  Grad_occ
0.004660174105142967
0.009910488329131814
     1      10    1.7e+01   10    3.0e+01   -85.28535087   -76.16792724 -10084.28535087   0.095450   1.3e+00   1.7e-04 0.02
0.0006807711357401658
0.0015561909708590508
     2      30    1.1e+00    4    8.2e-02   -85.29813865   -76.18071502    -0.01278779   0.003845   3.3e-02   2.1e-04 0.02
0.00017878613303878854
0.000290352557810444
     3      30    9.0e-01    1    5.1e-02   -85.29834974   -76.18092612    -0.00021109   0.005413   4.2e-02   1.4e-04 0.02
3.747015590443021e-5
6.804410404201085e-5
     4      30    1.2e+00    5    1.0e-01   -85.29836993   -76.18094630    -0.00002018   0.006836   4.6e-02   1.3e-04 0.02
6.697229358576529e-5
9.43108246587413e-5
     5      30    1.1e+00    1    1.6e-02   -85.29842242   -76.18099880    -0.00005250   0.005327   4.1e-02   1.1e-04 0.02
0.0
0.0
     6      30    1.3e+00    0    3.1e-02   -85.29841965   -76.18099603     0.00000277   0.007477   4.6e-02   1.4e-04 0.02
0.0
0.0
     7      60    2.5e+00    0    2.3e-02   -85.29846201   -76.18103838    -0.00004235   0.000321   1.7e-03   1.1e-04 0.02
0.0
0.0
     8      70    3.0e+00    0    3.7e-02   -85.29846359   -76.18103996    -0.00000158   0.000170   1.0e-03   1.1e-04 0.02
0.0
0.0
     9      77    3.0e+00    0    2.7e-02   -85.29846468   -76.18104106    -0.00000110   0.000097   6.5e-04   1.1e-04 0.02
 
RESULTS OF THE OCCUPATION OPTIMIZATION
========================================
   1    1.9997785  -20.55799906
   2    1.9798928  -0.90361801
   3    1.9798345  -0.90307647
   4    1.9893834  -0.73108580
   5    1.9893692  -0.73005152
   6    0.0084807  -0.00971102
   7    0.0083665  -0.00964565
   8    0.0163758  -0.01696466
   9    0.0163445  -0.01695040
  10    0.0001849  -0.00684543
  11    0.0008147  -0.00154159
  12    0.0008380  -0.00155265
  13    0.0018884  -0.00291179
  14    0.0018683  -0.00290039
  15    0.0000192  -0.00051262
  16    0.0005260  -0.00106035
  17    0.0005229  -0.00105714
  18    0.0008130  -0.00143241
  19    0.0008115  -0.00143032
  20    0.0000134  -0.00036283
  21    0.0005117  -0.00105175
  22    0.0005218  -0.00105337
  23    0.0007986  -0.00139205
  24    0.0007792  -0.00137363
  25    0.0000020  -0.00015859
  26    0.0000758  -0.00020420
  27    0.0000770  -0.00020395
  28    0.0000658  -0.00019495
  29    0.0000660  -0.00019279
  30    0.0000004  -0.00000335
  31    0.0000633  -0.00020623
  32    0.0000692  -0.00021196
  33    0.0000511  -0.00016025
  34    0.0000537  -0.00016125
  35    0.0000002  -0.00000189
  36    0.0000452  -0.00016578
  37    0.0000604  -0.00018884
  38    0.0000392  -0.00011917
  39    0.0000530  -0.00013946
  40    0.0000001  0.00000000
  41    0.0000370  -0.00014915
  42    0.0000561  -0.00017070
  43    0.0000282  -0.00009023
  44    0.0000326  -0.00009496
  45    0.0000001  0.00000032
  46    0.0000315  -0.00012668
  47    0.0000515  -0.00015982
  48    0.0000206  -0.00007721
  49    0.0000239  -0.00008047
  50    0.0000001  -0.00000626
  51    0.0000092  -0.00004543
  52    0.0000179  -0.00007445
  53    0.0000194  -0.00007252
  54    0.0000159  -0.00007049
  55    0.0000001  0.00000009
  56    0.0000054  -0.00001887
  57    0.0000056  -0.00002000
  58    0.0000193  -0.00006758
  59    0.0000145  -0.00006027
  60    0.0000001  0.00000007
  61    0.0000046  -0.00001355
  62    0.0000055  -0.00001341
  63    0.0000107  -0.00003556
  64    0.0000091  -0.00003414
  65    0.0000001  0.00000020
  66    0.0000044  -0.00001268
  67    0.0000045  -0.00001291
  68    0.0000085  -0.00002912
  69    0.0000066  -0.00002796
  70    0.0000001  0.00000025
  71    0.0000041  -0.00001178
  72    0.0000032  -0.00001132
  73    0.0000048  -0.00002224
  74    0.0000053  -0.00002230
  75    0.0000001  0.00000026
  76    0.0000031  -0.00001059
  77    0.0000031  -0.00001244
  78    0.0000045  -0.00002009
  79    0.0000045  -0.00001959
  80    0.0000001  0.00000026
  81    0.0000031  -0.00000922
  82    0.0000026  -0.00000878
  83    0.0000039  -0.00001730
  84    0.0000040  -0.00001714
  85    0.0000001  0.00000025
  86    0.0000022  -0.00000634
  87    0.0000025  -0.00000643
  88    0.0000034  -0.00001242
  89    0.0000030  -0.00001142
  90    0.0000001  0.00000019
  91    0.0000021  -0.00000328
  92    0.0000023  -0.00000514
  93    0.0000029  -0.00001067
  94    0.0000028  -0.00001013
  95    0.0000001  0.00000023
  96    0.0000020  -0.00000205
  97    0.0000018  -0.00000203
  98    0.0000022  -0.00000518
  99    0.0000026  -0.00000528
 100    0.0000001  0.00000023
 101    0.0000017  -0.00000001
 102    0.0000017  -0.00000055
 103    0.0000018  -0.00000296
 104    0.0000023  -0.00000340
 105    0.0000001  0.00000007
 106    0.0000016  0.00000075
 107    0.0000013  0.00000066
 108    0.0000017  -0.00000302
 109    0.0000019  -0.00000277
 110    0.0000001  0.00000023
 111    0.0000015  0.00000051
 112    0.0000012  0.00000077
 113    0.0000016  -0.00000289
 114    0.0000019  -0.00000320
 115    0.0000001  0.00000022
 
----------------
 Final Energies 
----------------
Final NOF Total Energy =     -76.1810411
 
Total Orbital Internal Iterations = 367
Total Occupation Internal Iterations = 21
 
Elapsed time:   93.15 Seconds

---------------------------------
   Lowdin Population Analysis    
---------------------------------
 Idx  Atom   Population   Charge 
---------------------------------
  1     O     7.362       0.638
  2     H     1.319      -0.319
  3     H     1.319      -0.319

---------------------------------
   M Diagnostic: 0.02
---------------------------------

