Computing Integrals
Elapsed time:    8.23 Seconds

Number of basis functions                   (NBF)    = 669
Number of auxiliary basis functions         (NBFAUX) = 689
Inactive Doubly occupied orbitals up to     (NO1)    = 0
No. considered Strongly Doubly occupied MOs (NDOC)   = 26
No. considered Strongly Singly occupied MOs (NSOC)   = 0
NO. of Weakly occ. per St. Doubly occ.  MOs (NCWO)   = 24
Dimension of the Nat. Orb. subspace         (NBF5)   = 650
No. of electrons                                     = 52
    No. of alpha electrons                           = 26
    No. of beta electrons                            = 26
Multiplicity                                         = 1

Geometry
========
 C      -1.5625400      -0.8292800      -0.0007600
 C      -0.1786600      -0.8104000      -0.0004600
 C       0.2428300       0.5529900      -0.0003900
 C      -0.8888100       1.3494900      -0.0006000
 N      -1.9740700       0.4915000      -0.0008500
 H      -2.9418800       0.7908000      -0.0008000
 H       0.4596500      -1.6890900      -0.0000800
 H       1.2657900       0.9178300      -0.0001900
 C      -1.0511800       2.8336000       0.0000100
 H      -1.5945000       3.1961900      -0.8884600
 H      -1.5950300       3.1951400       0.8885900
 H      -0.0649200       3.3138900       0.0006100
 C      -2.5341800      -1.9625900       0.0003300
 H      -3.1872600      -1.9533600       0.8888600
 H      -3.1870000      -1.9556700      -0.8884200
 H      -1.9914900      -2.9159500       0.0016700

No violations of the orthonormality
No violations of the orthonormality
 
PNOF5/ADAM Calculation
==================
 
  Nitext  Nit_orb  Time   Nit_occ  Time         Eelec          Etot           Ediff      maxdiff    Grad_orb  Grad_occ
0.07215740136796622
0.14681148664398602
     1      10    8.9e+01   17    5.3e+01  -575.13297828  -287.26775204 -10574.13297828   0.425838   4.4e+00   2.6e-04 0.06
0.003540774299718743
0.007266339023055784
     2      30    2.0e+02    7    1.0e+01  -575.44075562  -287.57552939    -0.30777735   0.006077   8.3e-02   3.1e-04 0.05
0.0013185753852720042
0.002525772580945671
     3      30    2.0e+02    8    9.9e+00  -575.44246262  -287.57723639    -0.00170700   0.008716   1.0e-01   2.2e-04 0.05
0.0006426313564421582
0.0011139017942827613
     4      30    2.2e+02    3    6.5e+00  -575.44296689  -287.57774066    -0.00050427   0.007201   1.1e-01   1.8e-04 0.05
0.0006971676360031966
0.001057734808622419
     5      30    2.1e+02    3    6.1e+00  -575.44324887  -287.57802264    -0.00028198   0.003615   9.9e-02   1.9e-04 0.05
0.001255553922084096
0.0019299734923997546
     6      30    2.3e+02    1    4.5e+00  -575.44340339  -287.57817715    -0.00015451   0.008892   1.1e-01   2.6e-04 0.05
0.0014074432246557744
0.002203783039651076
     7      30    2.3e+02    9    1.1e+01  -575.44374264  -287.57851641    -0.00033925   0.003229   9.2e-02   2.5e-04 0.05
0.0019630133009926644
0.0034373655069822374
     8      30    2.1e+02    4    7.5e+00  -575.44411293  -287.57888670    -0.00037029   0.003541   1.0e-01   2.5e-04 0.04
0.0018764959039871375
0.0036160219626536092
     9      30    2.1e+02    9    1.1e+01  -575.44471480  -287.57948856    -0.00060186   0.003500   8.9e-02   1.8e-04 0.04
0.002010939542851125
0.0037178043775385685
    10      30    2.1e+02    9    1.1e+01  -575.44540001  -287.58017377    -0.00068521   0.003737   9.9e-02   2.0e-04 0.04
0.001921741755559047
0.003557391371826708
    11      30    2.1e+02    9    1.1e+01  -575.44613723  -287.58091100    -0.00073723   0.003248   9.5e-02   1.8e-04 0.03
0.00183687268218043
0.0034150188355694844
    12      30    2.2e+02    4    7.8e+00  -575.44692802  -287.58170178    -0.00079079   0.003228   9.2e-02   2.8e-04 0.03
0.0013170931759131869
0.002367426993457963
    13      30    2.1e+02    6    8.5e+00  -575.44734905  -287.58212282    -0.00042103   0.003707   9.5e-02   2.2e-04 0.03
0.0012110594017461559
0.002150795559345216
    14      30    2.0e+02    6    9.7e+00  -575.44790325  -287.58267702    -0.00055420   0.003053   8.6e-02   2.4e-04 0.02
0.0008479961068579185
0.0016240455931588716
    15      30    2.0e+02    5    8.8e+00  -575.44823169  -287.58300545    -0.00032844   0.003431   8.9e-02   2.5e-04 0.02
0.0006457376942390868
0.0012785708299929564
    16      30    1.9e+02    3    6.6e+00  -575.44855948  -287.58333324    -0.00032779   0.003106   7.8e-02   2.2e-04 0.02
0.0005089946410704177
0.000990503625168018
    17      30    2.1e+02    3    6.9e+00  -575.44865302  -287.58342679    -0.00009355   0.004285   8.5e-02   2.1e-04 0.02
0.00040828855959551547
0.0007857360463782586
    18      30    2.3e+02    1    4.9e+00  -575.44885302  -287.58362679    -0.00020000   0.016055   1.1e-01   1.6e-04 0.02
0.00026841057639215293
0.0005410734028211485
    19      30    2.0e+02    1    5.8e+00  -575.44886899  -287.58364275    -0.00001597   0.002904   6.8e-02   1.5e-04 0.02
0.00019503137192256048
0.00042600836977363556
    20      50    3.7e+02    1    5.4e+00  -575.44912898  -287.58390274    -0.00025999   0.000183   3.8e-03   1.5e-04 0.02
0.00014585312475201562
0.0003106859903003031
    21      50    3.6e+02    1    5.4e+00  -575.44914028  -287.58391405    -0.00001130   0.000310   5.2e-03   1.6e-04 0.02
0.0
0.0
    22      50    3.4e+02    0    5.0e+00  -575.44914696  -287.58392072    -0.00000668   0.000955   8.0e-03   2.1e-04 0.02
0.0
0.0
    23      60    4.2e+02    0    4.3e+00  -575.44915020  -287.58392397    -0.00000324   0.000452   3.4e-03   2.2e-04 0.02
0.0
0.0
    24      70    4.9e+02    0    4.1e+00  -575.44915167  -287.58392544    -0.00000147   0.000132   1.4e-03   2.3e-04 0.02
0.0
0.0
    25      80    5.7e+02    0    5.2e+00  -575.44915249  -287.58392625    -0.00000082   0.000776   3.8e-03   2.3e-04 0.02
0.0
0.0
    26      89    5.5e+02    0    4.5e+00  -575.44915345  -287.58392722    -0.00000096   0.000097   9.1e-04   2.3e-04 0.02
 
RESULTS OF THE OCCUPATION OPTIMIZATION
========================================
   1    1.9996435  -15.57347752
   2    1.9994441  -11.24400105
   3    1.9994439  -11.24397305
   4    1.9994376  -11.22914020
   5    1.9994376  -11.22913875
   6    1.9994517  -11.19510003
   7    1.9994516  -11.19509499
   8    1.9881220  -0.90730139
   9    1.9881189  -0.90723298
  10    1.9810446  -0.84951473
  11    1.9881347  -0.77736722
  12    1.9863074  -0.77106159
  13    1.9863083  -0.77096722
  14    1.9785163  -0.68099015
  15    1.9785048  -0.68089565
  16    1.9777089  -0.67720778
  17    1.9777123  -0.67719913
  18    1.9775415  -0.67531776
  19    1.9775390  -0.67528142
  20    1.9775723  -0.67517909
  21    1.9775674  -0.67517003
  22    1.9819352  -0.62556874
  23    1.9817529  -0.62429470
  24    1.9800072  -0.59928055
  25    1.9799195  -0.59826031
  26    1.9870928  -0.54180985
  27    0.0106282  -0.00818302
  28    0.0164088  -0.01161443
  29    0.0163085  -0.01159853
  30    0.0147052  -0.01111921
  31    0.0145428  -0.01106441
  32    0.0145261  -0.01167829
  33    0.0145110  -0.01167253
  34    0.0145339  -0.01168422
  35    0.0145167  -0.01167778
  36    0.0143537  -0.01163063
  37    0.0143679  -0.01163673
  38    0.0135957  -0.01119001
  39    0.0136114  -0.01119502
  40    0.0102225  -0.00991485
  41    0.0102014  -0.00990562
  42    0.0081598  -0.00845485
  43    0.0139355  -0.01365067
  44    0.0095275  -0.01079485
  45    0.0095143  -0.01078685
  46    0.0003830  -0.00758887
  47    0.0003831  -0.00758939
  48    0.0003836  -0.00759386
  49    0.0003835  -0.00759351
  50    0.0003869  -0.00765779
  51    0.0003869  -0.00765769
  52    0.0002619  -0.00725529
  53    0.0015228  -0.00165665
  54    0.0019680  -0.00199804
  55    0.0019503  -0.00199669
  56    0.0017714  -0.00193735
  57    0.0017622  -0.00193706
  58    0.0036111  -0.00386487
  59    0.0036041  -0.00386190
  60    0.0036362  -0.00388216
  61    0.0036125  -0.00387215
  62    0.0035519  -0.00383612
  63    0.0035353  -0.00382923
  64    0.0034845  -0.00381567
  65    0.0034641  -0.00380659
  66    0.0014452  -0.00214473
  67    0.0014630  -0.00215844
  68    0.0017219  -0.00249010
  69    0.0021060  -0.00299540
  70    0.0009738  -0.00179929
  71    0.0009902  -0.00181264
  72    0.0000671  -0.00098799
  73    0.0000672  -0.00098826
  74    0.0000592  -0.00086726
  75    0.0000591  -0.00086676
  76    0.0000635  -0.00092302
  77    0.0000637  -0.00092469
  78    0.0000402  -0.00080507
  79    0.0003235  -0.00049172
  80    0.0009213  -0.00111373
  81    0.0009055  -0.00110780
  82    0.0007723  -0.00103189
  83    0.0007763  -0.00104015
  84    0.0018628  -0.00219208
  85    0.0018630  -0.00219215
  86    0.0018564  -0.00218927
  87    0.0018771  -0.00219926
  88    0.0019167  -0.00225023
  89    0.0019209  -0.00225201
  90    0.0020305  -0.00237626
  91    0.0020280  -0.00237289
  92    0.0009328  -0.00145463
  93    0.0009344  -0.00145751
  94    0.0009698  -0.00150037
  95    0.0012973  -0.00195256
  96    0.0006401  -0.00121633
  97    0.0006342  -0.00120960
  98    0.0000565  -0.00082375
  99    0.0000566  -0.00082559
 100    0.0000565  -0.00082283
 101    0.0000565  -0.00082272
 102    0.0000625  -0.00091419
 103    0.0000623  -0.00091058
 104    0.0000323  -0.00063681
 105    0.0002967  -0.00047876
 106    0.0005793  -0.00088236
 107    0.0006866  -0.00095071
 108    0.0007055  -0.00097417
 109    0.0006831  -0.00095391
 110    0.0017950  -0.00213149
 111    0.0018112  -0.00213877
 112    0.0017973  -0.00213219
 113    0.0018129  -0.00213943
 114    0.0018348  -0.00217041
 115    0.0018366  -0.00217146
 116    0.0016863  -0.00206941
 117    0.0016806  -0.00206703
 118    0.0007140  -0.00121193
 119    0.0007148  -0.00121230
 120    0.0006428  -0.00113217
 121    0.0011851  -0.00180481
 122    0.0005199  -0.00107781
 123    0.0005196  -0.00107830
 124    0.0000345  -0.00047385
 125    0.0000341  -0.00047089
 126    0.0000558  -0.00081620
 127    0.0000558  -0.00081596
 128    0.0000354  -0.00049081
 129    0.0000357  -0.00049273
 130    0.0000178  -0.00034018
 131    0.0000595  -0.00014034
 132    0.0000969  -0.00013164
 133    0.0000578  -0.00011528
 134    0.0000650  -0.00012866
 135    0.0000725  -0.00013018
 136    0.0001094  -0.00019898
 137    0.0001095  -0.00019900
 138    0.0001094  -0.00019908
 139    0.0001095  -0.00019915
 140    0.0001078  -0.00019812
 141    0.0001076  -0.00019797
 142    0.0001141  -0.00020581
 143    0.0001171  -0.00020762
 144    0.0001150  -0.00023026
 145    0.0001155  -0.00023119
 146    0.0001102  -0.00023257
 147    0.0000747  -0.00019371
 148    0.0000539  -0.00014992
 149    0.0000551  -0.00015118
 150    0.0000058  -0.00028592
 151    0.0000058  -0.00028644
 152    0.0000058  -0.00028509
 153    0.0000057  -0.00028502
 154    0.0000058  -0.00029016
 155    0.0000058  -0.00028997
 156    0.0000034  -0.00022203
 157    0.0000214  -0.00006442
 158    0.0000321  -0.00009413
 159    0.0000391  -0.00010097
 160    0.0000574  -0.00011301
 161    0.0000595  -0.00010586
 162    0.0001017  -0.00019136
 163    0.0001016  -0.00019141
 164    0.0001016  -0.00019117
 165    0.0001019  -0.00019133
 166    0.0000982  -0.00018685
 167    0.0000986  -0.00018712
 168    0.0001102  -0.00020200
 169    0.0001106  -0.00020294
 170    0.0001107  -0.00022542
 171    0.0001107  -0.00022554
 172    0.0000971  -0.00021065
 173    0.0000743  -0.00018517
 174    0.0000499  -0.00013748
 175    0.0000502  -0.00013797
 176    0.0000004  -0.00001457
 177    0.0000004  -0.00001529
 178    0.0000003  -0.00001546
 179    0.0000004  -0.00000649
 180    0.0000003  -0.00001499
 181    0.0000003  -0.00001575
 182    0.0000002  -0.00000068
 183    0.0000155  -0.00005537
 184    0.0000254  -0.00007583
 185    0.0000128  -0.00006070
 186    0.0000394  -0.00008984
 187    0.0000396  -0.00009917
 188    0.0000845  -0.00016080
 189    0.0000846  -0.00016106
 190    0.0000850  -0.00016141
 191    0.0000851  -0.00016131
 192    0.0000841  -0.00016097
 193    0.0000841  -0.00016092
 194    0.0001024  -0.00018153
 195    0.0001003  -0.00018124
 196    0.0000353  -0.00010614
 197    0.0000352  -0.00010546
 198    0.0000432  -0.00012614
 199    0.0000586  -0.00015720
 200    0.0000284  -0.00010561
 201    0.0000282  -0.00010536
 202    0.0000002  -0.00000390
 203    0.0000002  -0.00000271
 204    0.0000002  -0.00000206
 205    0.0000003  -0.00001069
 206    0.0000002  -0.00000155
 207    0.0000002  -0.00000158
 208    0.0000001  -0.00000908
 209    0.0000094  -0.00003269
 210    0.0000127  -0.00004741
 211    0.0000105  -0.00004195
 212    0.0000322  -0.00007578
 213    0.0000318  -0.00007590
 214    0.0000830  -0.00015855
 215    0.0000833  -0.00015852
 216    0.0000826  -0.00015826
 217    0.0000827  -0.00015831
 218    0.0000824  -0.00015870
 219    0.0000818  -0.00015831
 220    0.0000943  -0.00018731
 221    0.0000949  -0.00018786
 222    0.0000313  -0.00010073
 223    0.0000309  -0.00010018
 224    0.0000288  -0.00010023
 225    0.0000531  -0.00013295
 226    0.0000264  -0.00010135
 227    0.0000265  -0.00010149
 228    0.0000001  -0.00000064
 229    0.0000001  -0.00000060
 230    0.0000001  -0.00000132
 231    0.0000001  -0.00000139
 232    0.0000002  -0.00000074
 233    0.0000002  -0.00000060
 234    0.0000001  -0.00000001
 235    0.0000076  -0.00003031
 236    0.0000078  -0.00003352
 237    0.0000038  -0.00002418
 238    0.0000302  -0.00007897
 239    0.0000304  -0.00007771
 240    0.0000811  -0.00016009
 241    0.0000812  -0.00015990
 242    0.0000816  -0.00016039
 243    0.0000817  -0.00016015
 244    0.0000813  -0.00016192
 245    0.0000810  -0.00016186
 246    0.0000797  -0.00016401
 247    0.0000798  -0.00016401
 248    0.0000205  -0.00005668
 249    0.0000198  -0.00005552
 250    0.0000204  -0.00005696
 251    0.0000457  -0.00012325
 252    0.0000166  -0.00006200
 253    0.0000168  -0.00006221
 254    0.0000001  -0.00000035
 255    0.0000001  -0.00000036
 256    0.0000001  -0.00000090
 257    0.0000001  -0.00000072
 258    0.0000001  -0.00000027
 259    0.0000001  -0.00000019
 260    0.0000001  0.00000011
 261    0.0000048  -0.00001882
 262    0.0000060  -0.00002375
 263    0.0000033  -0.00001866
 264    0.0000196  -0.00004089
 265    0.0000193  -0.00004112
 266    0.0000524  -0.00013741
 267    0.0000525  -0.00013743
 268    0.0000523  -0.00013761
 269    0.0000525  -0.00013750
 270    0.0000512  -0.00013569
 271    0.0000512  -0.00013557
 272    0.0000569  -0.00014416
 273    0.0000564  -0.00014430
 274    0.0000140  -0.00004356
 275    0.0000137  -0.00004351
 276    0.0000167  -0.00005591
 277    0.0000334  -0.00010396
 278    0.0000108  -0.00004158
 279    0.0000105  -0.00004133
 280    0.0000001  -0.00000015
 281    0.0000001  -0.00000014
 282    0.0000001  -0.00000087
 283    0.0000001  -0.00000088
 284    0.0000001  -0.00000014
 285    0.0000001  -0.00000012
 286    0.0000000  0.00000013
 287    0.0000032  -0.00000899
 288    0.0000038  -0.00001309
 289    0.0000028  -0.00001110
 290    0.0000086  -0.00002250
 291    0.0000094  -0.00002209
 292    0.0000295  -0.00007559
 293    0.0000294  -0.00007549
 294    0.0000294  -0.00007566
 295    0.0000292  -0.00007550
 296    0.0000294  -0.00007563
 297    0.0000292  -0.00007541
 298    0.0000316  -0.00008195
 299    0.0000318  -0.00008197
 300    0.0000106  -0.00002975
 301    0.0000096  -0.00002933
 302    0.0000103  -0.00003310
 303    0.0000179  -0.00006235
 304    0.0000078  -0.00002689
 305    0.0000076  -0.00002646
 306    0.0000001  0.00000003
 307    0.0000001  0.00000004
 308    0.0000001  -0.00000035
 309    0.0000001  -0.00000039
 310    0.0000001  -0.00000005
 311    0.0000001  -0.00000005
 312    0.0000000  0.00000013
 313    0.0000024  -0.00000844
 314    0.0000030  -0.00001089
 315    0.0000022  -0.00001028
 316    0.0000074  -0.00001893
 317    0.0000082  -0.00001922
 318    0.0000240  -0.00006729
 319    0.0000241  -0.00006737
 320    0.0000239  -0.00006711
 321    0.0000241  -0.00006734
 322    0.0000247  -0.00006915
 323    0.0000248  -0.00006919
 324    0.0000299  -0.00008120
 325    0.0000302  -0.00008203
 326    0.0000094  -0.00003123
 327    0.0000090  -0.00003005
 328    0.0000083  -0.00002389
 329    0.0000155  -0.00005163
 330    0.0000053  -0.00002284
 331    0.0000059  -0.00002465
 332    0.0000001  0.00000012
 333    0.0000000  0.00000013
 334    0.0000001  0.00000012
 335    0.0000001  0.00000011
 336    0.0000001  0.00000014
 337    0.0000001  0.00000012
 338    0.0000000  0.00000012
 339    0.0000019  -0.00000690
 340    0.0000025  -0.00000987
 341    0.0000014  -0.00000745
 342    0.0000071  -0.00001692
 343    0.0000072  -0.00001660
 344    0.0000239  -0.00006682
 345    0.0000240  -0.00006697
 346    0.0000239  -0.00006677
 347    0.0000241  -0.00006698
 348    0.0000244  -0.00006810
 349    0.0000244  -0.00006808
 350    0.0000241  -0.00006781
 351    0.0000238  -0.00006770
 352    0.0000057  -0.00002354
 353    0.0000060  -0.00002380
 354    0.0000055  -0.00002270
 355    0.0000144  -0.00004688
 356    0.0000041  -0.00001769
 357    0.0000041  -0.00001798
 358    0.0000000  0.00000012
 359    0.0000000  0.00000013
 360    0.0000001  0.00000009
 361    0.0000001  0.00000012
 362    0.0000001  0.00000014
 363    0.0000000  0.00000013
 364    0.0000000  0.00000011
 365    0.0000016  -0.00000428
 366    0.0000020  -0.00000702
 367    0.0000013  -0.00000565
 368    0.0000045  -0.00001153
 369    0.0000050  -0.00001128
 370    0.0000080  -0.00002621
 371    0.0000083  -0.00002639
 372    0.0000092  -0.00002672
 373    0.0000085  -0.00002644
 374    0.0000085  -0.00002695
 375    0.0000084  -0.00002680
 376    0.0000095  -0.00002824
 377    0.0000096  -0.00002826
 378    0.0000051  -0.00002030
 379    0.0000053  -0.00002043
 380    0.0000049  -0.00002065
 381    0.0000082  -0.00003095
 382    0.0000033  -0.00001582
 383    0.0000030  -0.00001561
 384    0.0000000  0.00000012
 385    0.0000000  0.00000013
 386    0.0000001  0.00000006
 387    0.0000001  0.00000012
 388    0.0000001  0.00000013
 389    0.0000000  0.00000012
 390    0.0000000  0.00000011
 391    0.0000014  -0.00000316
 392    0.0000016  -0.00000687
 393    0.0000011  -0.00000583
 394    0.0000042  -0.00000957
 395    0.0000046  -0.00001152
 396    0.0000077  -0.00002572
 397    0.0000074  -0.00002560
 398    0.0000081  -0.00002599
 399    0.0000077  -0.00002574
 400    0.0000076  -0.00002585
 401    0.0000078  -0.00002583
 402    0.0000087  -0.00002677
 403    0.0000086  -0.00002691
 404    0.0000042  -0.00001784
 405    0.0000043  -0.00001785
 406    0.0000045  -0.00001345
 407    0.0000079  -0.00003124
 408    0.0000027  -0.00001135
 409    0.0000025  -0.00001119
 410    0.0000000  0.00000011
 411    0.0000000  0.00000013
 412    0.0000000  0.00000009
 413    0.0000001  0.00000012
 414    0.0000001  0.00000014
 415    0.0000000  0.00000012
 416    0.0000000  0.00000010
 417    0.0000013  -0.00000273
 418    0.0000015  -0.00000576
 419    0.0000010  -0.00000449
 420    0.0000034  -0.00001020
 421    0.0000029  -0.00000925
 422    0.0000061  -0.00001974
 423    0.0000060  -0.00001978
 424    0.0000053  -0.00001932
 425    0.0000063  -0.00001988
 426    0.0000061  -0.00001998
 427    0.0000061  -0.00002001
 428    0.0000072  -0.00002587
 429    0.0000070  -0.00002584
 430    0.0000032  -0.00001065
 431    0.0000034  -0.00001088
 432    0.0000038  -0.00001023
 433    0.0000070  -0.00002509
 434    0.0000021  -0.00000510
 435    0.0000019  -0.00000482
 436    0.0000000  0.00000011
 437    0.0000000  0.00000012
 438    0.0000000  0.00000013
 439    0.0000001  0.00000011
 440    0.0000001  0.00000013
 441    0.0000000  0.00000011
 442    0.0000000  0.00000010
 443    0.0000011  -0.00000131
 444    0.0000013  -0.00000319
 445    0.0000009  -0.00000262
 446    0.0000029  -0.00000667
 447    0.0000024  -0.00000584
 448    0.0000053  -0.00001973
 449    0.0000054  -0.00001969
 450    0.0000051  -0.00001955
 451    0.0000057  -0.00002016
 452    0.0000053  -0.00001987
 453    0.0000055  -0.00001997
 454    0.0000067  -0.00002391
 455    0.0000067  -0.00002419
 456    0.0000028  -0.00000743
 457    0.0000033  -0.00000708
 458    0.0000029  -0.00000782
 459    0.0000056  -0.00002371
 460    0.0000018  -0.00000452
 461    0.0000016  -0.00000451
 462    0.0000000  0.00000011
 463    0.0000000  0.00000012
 464    0.0000000  0.00000010
 465    0.0000001  0.00000008
 466    0.0000001  0.00000013
 467    0.0000000  0.00000011
 468    0.0000000  0.00000010
 469    0.0000009  -0.00000041
 470    0.0000013  -0.00000212
 471    0.0000008  -0.00000194
 472    0.0000022  -0.00000407
 473    0.0000017  -0.00000375
 474    0.0000045  -0.00001555
 475    0.0000047  -0.00001554
 476    0.0000045  -0.00001559
 477    0.0000044  -0.00001539
 478    0.0000044  -0.00001511
 479    0.0000041  -0.00001505
 480    0.0000059  -0.00001940
 481    0.0000056  -0.00001936
 482    0.0000022  -0.00000559
 483    0.0000025  -0.00000562
 484    0.0000029  -0.00000478
 485    0.0000048  -0.00002168
 486    0.0000014  -0.00000188
 487    0.0000013  -0.00000208
 488    0.0000000  0.00000010
 489    0.0000000  0.00000012
 490    0.0000000  0.00000012
 491    0.0000001  0.00000010
 492    0.0000001  0.00000013
 493    0.0000000  0.00000012
 494    0.0000000  0.00000010
 495    0.0000008  -0.00000054
 496    0.0000010  -0.00000147
 497    0.0000006  -0.00000123
 498    0.0000019  -0.00000276
 499    0.0000014  -0.00000227
 500    0.0000036  -0.00001269
 501    0.0000038  -0.00001295
 502    0.0000035  -0.00001260
 503    0.0000038  -0.00001289
 504    0.0000035  -0.00001289
 505    0.0000034  -0.00001260
 506    0.0000044  -0.00001376
 507    0.0000049  -0.00001428
 508    0.0000018  -0.00000367
 509    0.0000021  -0.00000357
 510    0.0000025  -0.00000265
 511    0.0000028  -0.00000783
 512    0.0000012  -0.00000162
 513    0.0000010  -0.00000217
 514    0.0000000  0.00000012
 515    0.0000000  0.00000013
 516    0.0000000  0.00000013
 517    0.0000000  0.00000009
 518    0.0000001  0.00000013
 519    0.0000000  0.00000012
 520    0.0000000  0.00000009
 521    0.0000007  -0.00000009
 522    0.0000010  -0.00000142
 523    0.0000006  -0.00000114
 524    0.0000017  -0.00000107
 525    0.0000012  -0.00000182
 526    0.0000032  -0.00000971
 527    0.0000032  -0.00000969
 528    0.0000031  -0.00000964
 529    0.0000031  -0.00000961
 530    0.0000031  -0.00000998
 531    0.0000031  -0.00000987
 532    0.0000033  -0.00001186
 533    0.0000032  -0.00001176
 534    0.0000014  -0.00000220
 535    0.0000019  -0.00000266
 536    0.0000024  -0.00000176
 537    0.0000018  -0.00000638
 538    0.0000011  -0.00000232
 539    0.0000009  -0.00000245
 540    0.0000000  0.00000011
 541    0.0000000  0.00000010
 542    0.0000000  0.00000012
 543    0.0000000  0.00000013
 544    0.0000001  0.00000013
 545    0.0000000  0.00000011
 546    0.0000000  0.00000009
 547    0.0000007  -0.00000022
 548    0.0000009  -0.00000028
 549    0.0000005  -0.00000029
 550    0.0000013  -0.00000155
 551    0.0000011  -0.00000189
 552    0.0000028  -0.00000950
 553    0.0000027  -0.00000937
 554    0.0000026  -0.00000918
 555    0.0000030  -0.00000974
 556    0.0000026  -0.00000870
 557    0.0000028  -0.00000892
 558    0.0000030  -0.00001015
 559    0.0000029  -0.00000994
 560    0.0000014  -0.00000298
 561    0.0000017  -0.00000251
 562    0.0000019  -0.00000284
 563    0.0000018  -0.00000623
 564    0.0000010  -0.00000074
 565    0.0000008  0.00000000
 566    0.0000000  0.00000012
 567    0.0000000  0.00000013
 568    0.0000000  0.00000013
 569    0.0000000  0.00000014
 570    0.0000001  0.00000013
 571    0.0000000  0.00000011
 572    0.0000000  0.00000008
 573    0.0000006  0.00000001
 574    0.0000008  -0.00000052
 575    0.0000005  -0.00000032
 576    0.0000012  -0.00000044
 577    0.0000009  -0.00000064
 578    0.0000027  -0.00000885
 579    0.0000025  -0.00000872
 580    0.0000024  -0.00000854
 581    0.0000026  -0.00000879
 582    0.0000022  -0.00000830
 583    0.0000026  -0.00000864
 584    0.0000023  -0.00000951
 585    0.0000024  -0.00000964
 586    0.0000010  -0.00000201
 587    0.0000014  -0.00000194
 588    0.0000017  -0.00000177
 589    0.0000015  -0.00000594
 590    0.0000008  -0.00000028
 591    0.0000007  -0.00000034
 592    0.0000000  0.00000012
 593    0.0000000  0.00000012
 594    0.0000000  0.00000012
 595    0.0000000  0.00000012
 596    0.0000001  0.00000013
 597    0.0000000  0.00000012
 598    0.0000000  0.00000009
 599    0.0000006  0.00000013
 600    0.0000008  -0.00000050
 601    0.0000005  -0.00000023
 602    0.0000012  -0.00000177
 603    0.0000008  -0.00000024
 604    0.0000022  -0.00000790
 605    0.0000022  -0.00000798
 606    0.0000021  -0.00000774
 607    0.0000020  -0.00000776
 608    0.0000021  -0.00000739
 609    0.0000022  -0.00000739
 610    0.0000022  -0.00000748
 611    0.0000021  -0.00000750
 612    0.0000009  -0.00000130
 613    0.0000014  -0.00000167
 614    0.0000016  -0.00000254
 615    0.0000013  -0.00000526
 616    0.0000007  -0.00000012
 617    0.0000006  -0.00000014
 618    0.0000000  0.00000011
 619    0.0000000  0.00000012
 620    0.0000000  0.00000013
 621    0.0000000  0.00000014
 622    0.0000001  0.00000014
 623    0.0000000  0.00000011
 624    0.0000000  0.00000009
 625    0.0000006  -0.00000003
 626    0.0000007  -0.00000025
 627    0.0000004  -0.00000010
 628    0.0000010  -0.00000032
 629    0.0000007  -0.00000025
 630    0.0000020  -0.00000506
 631    0.0000018  -0.00000495
 632    0.0000016  -0.00000477
 633    0.0000016  -0.00000480
 634    0.0000016  -0.00000488
 635    0.0000018  -0.00000495
 636    0.0000018  -0.00000579
 637    0.0000018  -0.00000584
 638    0.0000008  -0.00000079
 639    0.0000012  -0.00000109
 640    0.0000015  -0.00000241
 641    0.0000011  -0.00000330
 642    0.0000006  -0.00000015
 643    0.0000005  -0.00000002
 644    0.0000000  0.00000012
 645    0.0000000  0.00000012
 646    0.0000000  0.00000012
 647    0.0000000  0.00000014
 648    0.0000001  0.00000014
 649    0.0000000  0.00000011
 650    0.0000000  0.00000009
 
----------------
 Final Energies 
----------------
Final NOF Total Energy =    -287.5839272
 
Total Orbital Internal Iterations = 999
Total Occupation Internal Iterations = 110
 
Elapsed time: 7706.91 Seconds

---------------------------------
   Lowdin Population Analysis    
---------------------------------
 Idx  Atom   Population   Charge 
---------------------------------
  1     C     6.202      -0.202
  2     C     5.975       0.025
  3     C     5.975       0.025
  4     C     6.202      -0.202
  5     N     6.459       0.541
  6     H     1.143      -0.143
  7     H     1.081      -0.081
  8     H     1.081      -0.081
  9     C     5.790       0.210
 10     H     1.053      -0.053
 11     H     1.053      -0.053
 12     H     1.045      -0.045
 13     C     5.790       0.210
 14     H     1.053      -0.053
 15     H     1.053      -0.053
 16     H     1.045      -0.045

---------------------------------
   M Diagnostic: 0.02
---------------------------------

