Computing Integrals
Elapsed time:    6.29 Seconds

Number of basis functions                   (NBF)    = 609
Number of auxiliary basis functions         (NBFAUX) = 653
Inactive Doubly occupied orbitals up to     (NO1)    = 0
No. considered Strongly Doubly occupied MOs (NDOC)   = 25
No. considered Strongly Singly occupied MOs (NSOC)   = 0
NO. of Weakly occ. per St. Doubly occ.  MOs (NCWO)   = 23
Dimension of the Nat. Orb. subspace         (NBF5)   = 600
No. of electrons                                     = 50
    No. of alpha electrons                           = 25
    No. of beta electrons                            = 25
Multiplicity                                         = 1

Geometry
========
 C      -1.9621300      -1.3046200      -1.2052700
 C      -1.3456900      -1.8582200      -0.0810000
 C      -1.5286600      -1.2204400       1.1454700
 C      -2.3125300      -0.0681500       1.1927500
 C      -2.8928600       0.4191300       0.0113900
 N      -2.7153400      -0.1965500      -1.1751800
 H      -1.0663000      -1.6120400       2.0529600
 H      -1.8450000      -1.7738900      -2.1869700
 H      -0.7407600      -2.7608200      -0.1691000
 H      -2.4738500       0.4561700       2.1362200
 C      -3.7558000       1.6530600       0.0035800
 H      -3.6802300       2.2098700       0.9463300
 H      -3.4695600       2.3099300      -0.8288400
 H      -4.8109600       1.3798200      -0.1521100

No violations of the orthonormality
No violations of the orthonormality
 
PNOF5/ADAM Calculation
==================
 
  Nitext  Nit_orb  Time   Nit_occ  Time         Eelec          Etot           Ediff      maxdiff    Grad_orb  Grad_occ
0.10428913451143318
0.21636945420407536
     1      10    5.5e+01   22    5.1e+01  -557.90138643  -286.03107195 -10556.90138643   0.792397   5.6e+00   2.8e-04 0.07
0.007229097725650502
0.012431393715386171
     2      30    1.1e+02    5    6.3e+00  -558.24361144  -286.37329696    -0.34222501   0.010426   1.3e-01   3.7e-04 0.05
0.0023370211190627543
0.0050620699939652675
     3      30    1.1e+02    7    7.5e+00  -558.24661104  -286.37629656    -0.00299960   0.006566   1.5e-01   2.9e-04 0.05
0.0008342777435067505
0.0016755861681862865
     4      30    1.1e+02    3    5.0e+00  -558.24764478  -286.37733030    -0.00103374   0.004950   1.4e-01   2.5e-04 0.04
0.0007953672919394968
0.0012831267587013516
     5      30    1.1e+02    8    8.1e+00  -558.24822056  -286.37790609    -0.00057578   0.005012   1.2e-01   1.8e-04 0.04
0.0008253651339350538
0.0012902622447230783
     6      30    1.1e+02    3    5.1e+00  -558.24852045  -286.37820597    -0.00029989   0.007613   1.4e-01   2.2e-04 0.04
0.001022300457920065
0.0015194555643820227
     7      30    1.1e+02    3    5.1e+00  -558.24898217  -286.37866769    -0.00046172   0.004438   1.2e-01   2.6e-04 0.04
0.0009347515761421749
0.0014489771521921959
     8      30    1.1e+02    8    8.1e+00  -558.24908403  -286.37876955    -0.00010186   0.004762   1.2e-01   2.0e-04 0.04
0.0006425942299556186
0.0011681691683705175
     9      30    1.1e+02    3    5.1e+00  -558.24931182  -286.37899734    -0.00022779   0.006158   1.3e-01   2.3e-04 0.05
0.0005280690066623572
0.0010534991502111068
    10      30    1.1e+02    7    7.5e+00  -558.24946335  -286.37914888    -0.00015153   0.004901   1.2e-01   1.7e-04 0.05
0.0006060577088113916
0.0010448694081985651
    11      30    1.1e+02    1    3.8e+00  -558.24981551  -286.37950104    -0.00035216   0.004760   1.1e-01   2.0e-04 0.05
0.0006598667555333115
0.0010001671755834828
    12      30    1.1e+02    1    3.8e+00  -558.24979415  -286.37947968     0.00002136   0.005109   1.2e-01   2.3e-04 0.05
0.0004028774257377084
0.0008032480103356773
    13      50    1.8e+02    3    5.0e+00  -558.25042328  -286.38010881    -0.00062913   0.000513   1.0e-02   2.1e-04 0.05
0.0006015431821345674
0.0008727763347623279
    14      50    1.8e+02    1    3.8e+00  -558.25047871  -286.38016424    -0.00005543   0.000791   1.6e-02   1.8e-04 0.05
0.00039648370707690353
0.0006773963732878172
    15      50    1.8e+02    3    5.6e+00  -558.25049605  -286.38018158    -0.00001734   0.000876   1.8e-02   2.5e-04 0.05
0.0005720526700323525
0.0008214229314100768
    16      50    1.8e+02    1    3.8e+00  -558.25057249  -286.38025801    -0.00007643   0.000881   1.7e-02   1.7e-04 0.05
0.0005595024341802958
0.0008383437847196751
    17      50    1.8e+02    3    5.7e+00  -558.25059128  -286.38027680    -0.00001879   0.000945   1.8e-02   3.1e-04 0.05
0.0005223995304973542
0.0008315879948286332
    18      50    1.8e+02    2    4.4e+00  -558.25068806  -286.38037359    -0.00009678   0.005724   3.8e-02   2.8e-04 0.05
0.0007808578406091424
0.0010593137941163008
    19      50    1.8e+02    5    6.3e+00  -558.25073006  -286.38041558    -0.00004200   0.002267   2.2e-02   1.6e-04 0.05
0.000555732151710342
0.0007947435680704961
    20      50    1.8e+02    1    3.8e+00  -558.25084861  -286.38053413    -0.00011855   0.001646   2.2e-02   1.6e-04 0.05
0.0006630636352806269
0.0009100370874683313
    21      50    1.8e+02    5    6.3e+00  -558.25088245  -286.38056797    -0.00003384   0.001179   1.6e-02   1.6e-04 0.05
0.0005030901473366579
0.0007770033643844803
    22      50    1.8e+02    3    5.0e+00  -558.25097697  -286.38066250    -0.00009453   0.002152   2.2e-02   2.4e-04 0.05
0.0006489920441482364
0.0008956229570508698
    23      50    1.8e+02    5    6.3e+00  -558.25104065  -286.38072618    -0.00006368   0.000653   1.4e-02   1.5e-04 0.05
0.00042582837273230645
0.0006270365276047886
    24      50    1.8e+02    1    3.8e+00  -558.25112238  -286.38080791    -0.00008173   0.000807   1.7e-02   1.6e-04 0.05
0.0004588508329165242
0.00065099152749018
    25      50    1.8e+02    5    6.3e+00  -558.25115587  -286.38084140    -0.00003349   0.000543   1.2e-02   1.5e-04 0.05
0.0003375189296309991
0.0005867474279616132
    26      50    1.8e+02    2    4.4e+00  -558.25122326  -286.38090879    -0.00006739   0.000685   1.4e-02   2.1e-04 0.05
0.00030193015406665413
0.00047214368946867736
    27      50    1.8e+02    1    3.8e+00  -558.25125851  -286.38094403    -0.00003525   0.000578   1.2e-02   1.7e-04 0.05
0.0002549579006978636
0.00036618797787299213
    28      50    1.8e+02    3    5.0e+00  -558.25127133  -286.38095685    -0.00001282   0.001710   1.5e-02   1.4e-04 0.05
0.00019813127928824947
0.00031976466463240813
    29      50    1.8e+02    1    3.8e+00  -558.25130370  -286.38098922    -0.00003237   0.000598   1.3e-02   1.4e-04 0.05
0.00026663521990014094
0.0004143657700902342
    30      50    1.8e+02    2    4.4e+00  -558.25131162  -286.38099714    -0.00000792   0.000693   1.5e-02   1.6e-04 0.05
0.00014867773289861663
0.0002581219338065189
    31      50    1.8e+02    1    3.8e+00  -558.25133716  -286.38102268    -0.00002554   0.000697   1.5e-02   1.4e-04 0.05
0.00016354542792303313
0.00023529967700254206
    32      50    1.8e+02    3    5.0e+00  -558.25133928  -286.38102480    -0.00000212   0.000956   1.8e-02   1.2e-04 0.05
0.00010434721348728804
0.00021228257286811286
    33      50    1.8e+02    1    3.8e+00  -558.25136361  -286.38104914    -0.00002433   0.000772   1.6e-02   1.2e-04 0.05
0.0
0.0
    34      50    1.8e+02    0    3.2e+00  -558.25135971  -286.38104523     0.00000390   0.001074   2.1e-02   1.5e-04 0.05
0.0
0.0
    35      80    2.9e+02    0    3.2e+00  -558.25138519  -286.38107071    -0.00002548   0.000309   3.3e-03   1.5e-04 0.05
0.0
0.0
    36      90    3.2e+02    0    3.2e+00  -558.25138666  -286.38107218    -0.00000147   0.000172   2.6e-03   1.6e-04 0.05
0.0
0.0
    37     100    3.6e+02    0    3.2e+00  -558.25138826  -286.38107378    -0.00000160   0.000244   2.2e-03   1.7e-04 0.05
0.00010492266842721323
0.0001861725869484326
    38     109    3.9e+02    3    5.0e+00  -558.25138943  -286.38107496    -0.00000118   0.000099   1.9e-03   1.5e-04 0.05
 
RESULTS OF THE OCCUPATION OPTIMIZATION
========================================
   1    1.9996464  -15.54520882
   2    1.9994377  -11.27110636
   3    1.9994423  -11.26147585
   4    1.9994463  -11.24857675
   5    1.9994497  -11.23207818
   6    1.9994476  -11.22942061
   7    1.9994389  -11.22633280
   8    1.9885909  -0.94496864
   9    1.9878407  -0.94181743
  10    1.9888107  -0.84858579
  11    1.9890812  -0.84017584
  12    1.9851832  -0.77212059
  13    1.9778136  -0.71454812
  14    1.9779553  -0.70722173
  15    1.9780165  -0.70557411
  16    1.9775234  -0.70408242
  17    1.9777575  -0.68172379
  18    1.9779768  -0.67598482
  19    1.9780115  -0.67552245
  20    1.9842528  -0.67257809
  21    1.9837980  -0.65247680
  22    1.9831873  -0.64001419
  23    1.9810460  -0.60678415
  24    1.9877021  -0.60629114
  25    1.9533250  -0.45672222
  26    0.0465433  -0.02003369
  27    0.0087825  -0.00823466
  28    0.0162996  -0.01114434
  29    0.0137783  -0.01021214
  30    0.0131238  -0.01001698
  31    0.0124422  -0.00996708
  32    0.0142528  -0.01155254
  33    0.0142915  -0.01154265
  34    0.0143306  -0.01165532
  35    0.0144688  -0.01204523
  36    0.0139484  -0.01161029
  37    0.0140208  -0.01167801
  38    0.0141702  -0.01185574
  39    0.0111038  -0.01059333
  40    0.0071734  -0.00800555
  41    0.0074109  -0.00824274
  42    0.0090536  -0.01069094
  43    0.0086066  -0.01034555
  44    0.0003838  -0.00759561
  45    0.0003834  -0.00760254
  46    0.0003835  -0.00760606
  47    0.0003832  -0.00760385
  48    0.0003858  -0.00764320
  49    0.0003788  -0.00755245
  50    0.0002575  -0.00715405
  51    0.0000579  -0.00006168
  52    0.0011790  -0.00167731
  53    0.0010610  -0.00123765
  54    0.0015912  -0.00171460
  55    0.0016101  -0.00178444
  56    0.0015377  -0.00181117
  57    0.0034334  -0.00373714
  58    0.0034794  -0.00375788
  59    0.0035288  -0.00383881
  60    0.0031415  -0.00360437
  61    0.0033786  -0.00377765
  62    0.0033376  -0.00375568
  63    0.0033280  -0.00376228
  64    0.0014728  -0.00216521
  65    0.0016983  -0.00257574
  66    0.0016777  -0.00256155
  67    0.0013648  -0.00239851
  68    0.0013188  -0.00235492
  69    0.0000594  -0.00087280
  70    0.0000644  -0.00094758
  71    0.0000646  -0.00094741
  72    0.0000648  -0.00095204
  73    0.0000628  -0.00092507
  74    0.0000613  -0.00089825
  75    0.0000356  -0.00070227
  76    0.0000368  -0.00004775
  77    0.0009117  -0.00134448
  78    0.0008771  -0.00092806
  79    0.0006948  -0.00088125
  80    0.0006821  -0.00089064
  81    0.0008907  -0.00113136
  82    0.0018752  -0.00221391
  83    0.0018469  -0.00217988
  84    0.0019316  -0.00227113
  85    0.0023123  -0.00267932
  86    0.0021928  -0.00254445
  87    0.0022245  -0.00257558
  88    0.0023037  -0.00266700
  89    0.0010971  -0.00161358
  90    0.0010243  -0.00163298
  91    0.0010243  -0.00162592
  92    0.0009843  -0.00169141
  93    0.0006950  -0.00133362
  94    0.0000554  -0.00080684
  95    0.0000590  -0.00086947
  96    0.0000598  -0.00087882
  97    0.0000592  -0.00087270
  98    0.0000623  -0.00091669
  99    0.0000586  -0.00085788
 100    0.0000335  -0.00062294
 101    0.0000167  -0.00003082
 102    0.0007806  -0.00121067
 103    0.0006302  -0.00079033
 104    0.0005765  -0.00079667
 105    0.0005741  -0.00081025
 106    0.0006293  -0.00094153
 107    0.0017992  -0.00214193
 108    0.0017762  -0.00211265
 109    0.0018108  -0.00215720
 110    0.0018491  -0.00226955
 111    0.0017732  -0.00217385
 112    0.0017860  -0.00218742
 113    0.0016920  -0.00211500
 114    0.0007639  -0.00127533
 115    0.0006385  -0.00118261
 116    0.0006647  -0.00123643
 117    0.0004868  -0.00105360
 118    0.0005097  -0.00109397
 119    0.0000549  -0.00079968
 120    0.0000380  -0.00051897
 121    0.0000348  -0.00048311
 122    0.0000390  -0.00053881
 123    0.0000394  -0.00053774
 124    0.0000562  -0.00076210
 125    0.0000227  -0.00045114
 126    0.0000068  -0.00001519
 127    0.0001696  -0.00033314
 128    0.0000314  -0.00008434
 129    0.0000459  -0.00009770
 130    0.0000423  -0.00009672
 131    0.0000550  -0.00011756
 132    0.0001092  -0.00019976
 133    0.0001083  -0.00019761
 134    0.0001099  -0.00020094
 135    0.0001250  -0.00022071
 136    0.0001178  -0.00020885
 137    0.0001117  -0.00020465
 138    0.0001163  -0.00020782
 139    0.0001104  -0.00022090
 140    0.0001101  -0.00024128
 141    0.0001221  -0.00025638
 142    0.0000762  -0.00019451
 143    0.0000779  -0.00020207
 144    0.0000057  -0.00028528
 145    0.0000058  -0.00028647
 146    0.0000058  -0.00028694
 147    0.0000058  -0.00028652
 148    0.0000058  -0.00028759
 149    0.0000059  -0.00028697
 150    0.0000034  -0.00022048
 151    0.0000052  -0.00001229
 152    0.0001525  -0.00030928
 153    0.0000153  -0.00005973
 154    0.0000382  -0.00008620
 155    0.0000378  -0.00009173
 156    0.0000470  -0.00010014
 157    0.0001004  -0.00019009
 158    0.0001012  -0.00019046
 159    0.0001005  -0.00019155
 160    0.0001129  -0.00020426
 161    0.0001125  -0.00020332
 162    0.0001097  -0.00019819
 163    0.0001158  -0.00021072
 164    0.0001043  -0.00021455
 165    0.0001038  -0.00022871
 166    0.0001099  -0.00024407
 167    0.0000661  -0.00017795
 168    0.0000652  -0.00017949
 169    0.0000004  -0.00000292
 170    0.0000004  -0.00000942
 171    0.0000003  -0.00001337
 172    0.0000004  -0.00000854
 173    0.0000003  -0.00001544
 174    0.0000004  -0.00001651
 175    0.0000002  -0.00000498
 176    0.0000018  -0.00000722
 177    0.0001136  -0.00021747
 178    0.0000083  -0.00004223
 179    0.0000219  -0.00005601
 180    0.0000311  -0.00007131
 181    0.0000368  -0.00008949
 182    0.0000845  -0.00016131
 183    0.0000838  -0.00015918
 184    0.0000866  -0.00016532
 185    0.0000986  -0.00018243
 186    0.0000970  -0.00017973
 187    0.0000945  -0.00017639
 188    0.0000954  -0.00017824
 189    0.0000487  -0.00013316
 190    0.0000512  -0.00014734
 191    0.0000561  -0.00015645
 192    0.0000407  -0.00013550
 193    0.0000426  -0.00014235
 194    0.0000003  -0.00001450
 195    0.0000003  -0.00000917
 196    0.0000003  -0.00000423
 197    0.0000003  -0.00001049
 198    0.0000002  -0.00000233
 199    0.0000003  -0.00000156
 200    0.0000001  -0.00000571
 201    0.0000014  -0.00000493
 202    0.0000734  -0.00018746
 203    0.0000070  -0.00002878
 204    0.0000209  -0.00006269
 205    0.0000277  -0.00006253
 206    0.0000276  -0.00006965
 207    0.0000820  -0.00015957
 208    0.0000825  -0.00015830
 209    0.0000857  -0.00016305
 210    0.0000899  -0.00018490
 211    0.0000904  -0.00018305
 212    0.0000892  -0.00018309
 213    0.0000910  -0.00018523
 214    0.0000317  -0.00010210
 215    0.0000296  -0.00010445
 216    0.0000314  -0.00010954
 217    0.0000234  -0.00009809
 218    0.0000233  -0.00009826
 219    0.0000003  -0.00000179
 220    0.0000002  -0.00000093
 221    0.0000003  -0.00000240
 222    0.0000002  -0.00000105
 223    0.0000002  -0.00000074
 224    0.0000002  -0.00000124
 225    0.0000001  -0.00000047
 226    0.0000007  -0.00000270
 227    0.0000572  -0.00015675
 228    0.0000049  -0.00002240
 229    0.0000132  -0.00004247
 230    0.0000214  -0.00006573
 231    0.0000224  -0.00007321
 232    0.0000808  -0.00015991
 233    0.0000808  -0.00015991
 234    0.0000831  -0.00016310
 235    0.0000795  -0.00016659
 236    0.0000801  -0.00016500
 237    0.0000810  -0.00016597
 238    0.0000811  -0.00016665
 239    0.0000188  -0.00005771
 240    0.0000230  -0.00006164
 241    0.0000205  -0.00005917
 242    0.0000195  -0.00007899
 243    0.0000178  -0.00006976
 244    0.0000001  -0.00000127
 245    0.0000001  -0.00000068
 246    0.0000002  -0.00000071
 247    0.0000001  -0.00000055
 248    0.0000002  -0.00000082
 249    0.0000001  -0.00000042
 250    0.0000001  0.00000005
 251    0.0000007  -0.00000278
 252    0.0000140  -0.00003733
 253    0.0000044  -0.00001807
 254    0.0000086  -0.00002585
 255    0.0000139  -0.00003181
 256    0.0000162  -0.00003840
 257    0.0000487  -0.00013258
 258    0.0000494  -0.00013427
 259    0.0000494  -0.00013561
 260    0.0000542  -0.00014415
 261    0.0000528  -0.00014129
 262    0.0000515  -0.00013861
 263    0.0000532  -0.00014201
 264    0.0000150  -0.00004438
 265    0.0000175  -0.00006286
 266    0.0000198  -0.00006783
 267    0.0000116  -0.00003577
 268    0.0000122  -0.00004237
 269    0.0000001  -0.00000096
 270    0.0000001  -0.00000034
 271    0.0000001  -0.00000042
 272    0.0000001  -0.00000034
 273    0.0000001  -0.00000030
 274    0.0000001  -0.00000016
 275    0.0000001  0.00000011
 276    0.0000004  -0.00000158
 277    0.0000110  -0.00003693
 278    0.0000031  -0.00000980
 279    0.0000035  -0.00001234
 280    0.0000065  -0.00001577
 281    0.0000085  -0.00002124
 282    0.0000284  -0.00007495
 283    0.0000283  -0.00007484
 284    0.0000284  -0.00007510
 285    0.0000347  -0.00009107
 286    0.0000331  -0.00008679
 287    0.0000329  -0.00008602
 288    0.0000353  -0.00009045
 289    0.0000110  -0.00003233
 290    0.0000103  -0.00002727
 291    0.0000101  -0.00002789
 292    0.0000068  -0.00002714
 293    0.0000074  -0.00002934
 294    0.0000001  -0.00000043
 295    0.0000001  0.00000004
 296    0.0000001  -0.00000005
 297    0.0000001  -0.00000017
 298    0.0000001  -0.00000006
 299    0.0000001  0.00000001
 300    0.0000001  0.00000011
 301    0.0000004  -0.00000144
 302    0.0000105  -0.00003140
 303    0.0000021  -0.00000779
 304    0.0000028  -0.00000944
 305    0.0000054  -0.00001562
 306    0.0000067  -0.00001967
 307    0.0000247  -0.00006886
 308    0.0000241  -0.00006781
 309    0.0000248  -0.00007017
 310    0.0000307  -0.00008687
 311    0.0000299  -0.00008312
 312    0.0000297  -0.00008191
 313    0.0000303  -0.00008406
 314    0.0000099  -0.00002941
 315    0.0000089  -0.00003013
 316    0.0000089  -0.00002970
 317    0.0000055  -0.00002135
 318    0.0000065  -0.00002233
 319    0.0000001  0.00000012
 320    0.0000001  0.00000011
 321    0.0000001  0.00000013
 322    0.0000001  0.00000010
 323    0.0000001  0.00000010
 324    0.0000001  0.00000012
 325    0.0000000  0.00000012
 326    0.0000004  -0.00000103
 327    0.0000076  -0.00002823
 328    0.0000015  -0.00000657
 329    0.0000024  -0.00000899
 330    0.0000047  -0.00001203
 331    0.0000058  -0.00001585
 332    0.0000240  -0.00006720
 333    0.0000234  -0.00006572
 334    0.0000245  -0.00006817
 335    0.0000247  -0.00007141
 336    0.0000241  -0.00006866
 337    0.0000234  -0.00006854
 338    0.0000231  -0.00006739
 339    0.0000061  -0.00002227
 340    0.0000065  -0.00002576
 341    0.0000066  -0.00002421
 342    0.0000038  -0.00001659
 343    0.0000042  -0.00001963
 344    0.0000001  0.00000011
 345    0.0000001  0.00000012
 346    0.0000001  0.00000012
 347    0.0000001  0.00000012
 348    0.0000001  0.00000012
 349    0.0000001  0.00000011
 350    0.0000000  0.00000013
 351    0.0000003  -0.00000070
 352    0.0000071  -0.00002833
 353    0.0000014  -0.00000582
 354    0.0000022  -0.00000720
 355    0.0000035  -0.00000859
 356    0.0000042  -0.00001021
 357    0.0000078  -0.00002605
 358    0.0000082  -0.00002602
 359    0.0000085  -0.00002714
 360    0.0000094  -0.00002990
 361    0.0000090  -0.00002843
 362    0.0000092  -0.00002882
 363    0.0000089  -0.00002826
 364    0.0000046  -0.00001906
 365    0.0000049  -0.00002109
 366    0.0000050  -0.00002212
 367    0.0000035  -0.00001622
 368    0.0000037  -0.00001794
 369    0.0000001  0.00000009
 370    0.0000001  0.00000012
 371    0.0000001  0.00000011
 372    0.0000001  0.00000010
 373    0.0000000  0.00000012
 374    0.0000000  0.00000011
 375    0.0000000  0.00000013
 376    0.0000003  -0.00000024
 377    0.0000065  -0.00002536
 378    0.0000014  -0.00000553
 379    0.0000019  -0.00000573
 380    0.0000031  -0.00000862
 381    0.0000037  -0.00001191
 382    0.0000077  -0.00002598
 383    0.0000081  -0.00002610
 384    0.0000076  -0.00002619
 385    0.0000084  -0.00002777
 386    0.0000083  -0.00002682
 387    0.0000081  -0.00002653
 388    0.0000077  -0.00002658
 389    0.0000039  -0.00001609
 390    0.0000039  -0.00001436
 391    0.0000044  -0.00001591
 392    0.0000026  -0.00001329
 393    0.0000031  -0.00001407
 394    0.0000001  0.00000011
 395    0.0000000  0.00000013
 396    0.0000000  0.00000011
 397    0.0000000  0.00000013
 398    0.0000000  0.00000012
 399    0.0000000  0.00000011
 400    0.0000000  0.00000012
 401    0.0000003  -0.00000040
 402    0.0000052  -0.00002293
 403    0.0000011  -0.00000346
 404    0.0000017  -0.00000742
 405    0.0000026  -0.00000846
 406    0.0000026  -0.00000731
 407    0.0000059  -0.00002024
 408    0.0000060  -0.00001969
 409    0.0000062  -0.00002034
 410    0.0000079  -0.00002683
 411    0.0000074  -0.00002533
 412    0.0000073  -0.00002503
 413    0.0000071  -0.00002526
 414    0.0000033  -0.00001213
 415    0.0000032  -0.00001050
 416    0.0000040  -0.00001373
 417    0.0000022  -0.00000739
 418    0.0000029  -0.00000843
 419    0.0000001  0.00000007
 420    0.0000000  0.00000012
 421    0.0000000  0.00000011
 422    0.0000000  0.00000011
 423    0.0000000  0.00000013
 424    0.0000000  0.00000013
 425    0.0000000  0.00000010
 426    0.0000003  -0.00000004
 427    0.0000045  -0.00001866
 428    0.0000010  -0.00000250
 429    0.0000016  -0.00000318
 430    0.0000023  -0.00000406
 431    0.0000023  -0.00000593
 432    0.0000056  -0.00002040
 433    0.0000054  -0.00001982
 434    0.0000057  -0.00002052
 435    0.0000070  -0.00002562
 436    0.0000068  -0.00002462
 437    0.0000065  -0.00002339
 438    0.0000065  -0.00002394
 439    0.0000028  -0.00000918
 440    0.0000025  -0.00000818
 441    0.0000028  -0.00000975
 442    0.0000017  -0.00000508
 443    0.0000023  -0.00000686
 444    0.0000000  0.00000009
 445    0.0000000  0.00000011
 446    0.0000000  0.00000012
 447    0.0000000  0.00000012
 448    0.0000000  0.00000013
 449    0.0000000  0.00000012
 450    0.0000000  0.00000010
 451    0.0000002  0.00000008
 452    0.0000031  -0.00001267
 453    0.0000007  -0.00000154
 454    0.0000014  -0.00000222
 455    0.0000022  -0.00000342
 456    0.0000021  -0.00000493
 457    0.0000047  -0.00001504
 458    0.0000046  -0.00001506
 459    0.0000049  -0.00001530
 460    0.0000056  -0.00001890
 461    0.0000054  -0.00001856
 462    0.0000056  -0.00001823
 463    0.0000058  -0.00001887
 464    0.0000022  -0.00000551
 465    0.0000020  -0.00000446
 466    0.0000024  -0.00000539
 467    0.0000013  -0.00000447
 468    0.0000019  -0.00000383
 469    0.0000000  0.00000010
 470    0.0000000  0.00000011
 471    0.0000000  0.00000012
 472    0.0000000  0.00000012
 473    0.0000000  0.00000013
 474    0.0000000  0.00000012
 475    0.0000000  0.00000010
 476    0.0000002  -0.00000006
 477    0.0000026  -0.00000593
 478    0.0000007  -0.00000080
 479    0.0000013  -0.00000162
 480    0.0000018  -0.00000172
 481    0.0000016  -0.00000208
 482    0.0000039  -0.00001319
 483    0.0000037  -0.00001302
 484    0.0000036  -0.00001392
 485    0.0000042  -0.00001398
 486    0.0000046  -0.00001404
 487    0.0000042  -0.00001397
 488    0.0000043  -0.00001361
 489    0.0000019  -0.00000461
 490    0.0000017  -0.00000283
 491    0.0000021  -0.00000494
 492    0.0000012  -0.00000235
 493    0.0000017  -0.00000300
 494    0.0000000  0.00000009
 495    0.0000000  0.00000012
 496    0.0000000  0.00000010
 497    0.0000000  0.00000012
 498    0.0000000  0.00000013
 499    0.0000000  0.00000012
 500    0.0000000  0.00000010
 501    0.0000002  -0.00000001
 502    0.0000020  -0.00000255
 503    0.0000006  -0.00000092
 504    0.0000012  -0.00000124
 505    0.0000016  -0.00000152
 506    0.0000014  -0.00000179
 507    0.0000030  -0.00000929
 508    0.0000035  -0.00000996
 509    0.0000031  -0.00000953
 510    0.0000038  -0.00001027
 511    0.0000032  -0.00001172
 512    0.0000034  -0.00001124
 513    0.0000032  -0.00001179
 514    0.0000014  -0.00000370
 515    0.0000017  -0.00000290
 516    0.0000016  -0.00000357
 517    0.0000011  -0.00000094
 518    0.0000017  -0.00000156
 519    0.0000000  0.00000011
 520    0.0000000  0.00000011
 521    0.0000000  0.00000009
 522    0.0000000  0.00000013
 523    0.0000000  0.00000012
 524    0.0000000  0.00000012
 525    0.0000000  0.00000010
 526    0.0000002  0.00000010
 527    0.0000015  -0.00000272
 528    0.0000005  -0.00000045
 529    0.0000012  -0.00000100
 530    0.0000016  -0.00000160
 531    0.0000013  -0.00000167
 532    0.0000025  -0.00000900
 533    0.0000029  -0.00000945
 534    0.0000030  -0.00001008
 535    0.0000032  -0.00001075
 536    0.0000031  -0.00000958
 537    0.0000031  -0.00001016
 538    0.0000028  -0.00000939
 539    0.0000013  -0.00000256
 540    0.0000015  -0.00000252
 541    0.0000015  -0.00000202
 542    0.0000010  -0.00000070
 543    0.0000016  -0.00000115
 544    0.0000000  0.00000011
 545    0.0000000  0.00000011
 546    0.0000000  0.00000010
 547    0.0000000  0.00000011
 548    0.0000000  0.00000012
 549    0.0000000  0.00000011
 550    0.0000000  0.00000010
 551    0.0000002  0.00000010
 552    0.0000013  -0.00000209
 553    0.0000004  -0.00000039
 554    0.0000010  -0.00000038
 555    0.0000014  -0.00000050
 556    0.0000012  -0.00000081
 557    0.0000023  -0.00000819
 558    0.0000027  -0.00000863
 559    0.0000026  -0.00000869
 560    0.0000027  -0.00000965
 561    0.0000028  -0.00000983
 562    0.0000025  -0.00000924
 563    0.0000025  -0.00000937
 564    0.0000010  -0.00000177
 565    0.0000011  -0.00000157
 566    0.0000013  -0.00000279
 567    0.0000008  -0.00000056
 568    0.0000015  -0.00000170
 569    0.0000000  0.00000013
 570    0.0000000  0.00000012
 571    0.0000000  0.00000011
 572    0.0000000  0.00000012
 573    0.0000000  0.00000010
 574    0.0000000  0.00000011
 575    0.0000000  0.00000009
 576    0.0000002  0.00000011
 577    0.0000010  -0.00000125
 578    0.0000003  -0.00000014
 579    0.0000009  -0.00000073
 580    0.0000013  -0.00000092
 581    0.0000010  -0.00000086
 582    0.0000019  -0.00000733
 583    0.0000023  -0.00000812
 584    0.0000024  -0.00000826
 585    0.0000025  -0.00000787
 586    0.0000020  -0.00000728
 587    0.0000023  -0.00000743
 588    0.0000023  -0.00000760
 589    0.0000009  -0.00000121
 590    0.0000009  -0.00000172
 591    0.0000012  -0.00000124
 592    0.0000008  -0.00000080
 593    0.0000014  -0.00000162
 594    0.0000000  0.00000012
 595    0.0000000  0.00000012
 596    0.0000000  0.00000011
 597    0.0000000  0.00000012
 598    0.0000000  0.00000011
 599    0.0000000  0.00000011
 600    0.0000000  0.00000009
 
----------------
 Final Energies 
----------------
Final NOF Total Energy =    -286.3810750
 
Total Orbital Internal Iterations = 1819
Total Occupation Internal Iterations = 126
 
Elapsed time: 7208.03 Seconds

---------------------------------
   Lowdin Population Analysis    
---------------------------------
 Idx  Atom   Population   Charge 
---------------------------------
  1     C     6.085      -0.085
  2     C     5.959       0.041
  3     C     5.927       0.073
  4     C     5.942       0.058
  5     C     6.222      -0.222
  6     N     6.697       0.303
  7     H     1.054      -0.054
  8     H     1.065      -0.065
  9     H     1.063      -0.063
 10     H     1.058      -0.058
 11     C     5.778       0.222
 12     H     1.055      -0.055
 13     H     1.048      -0.048
 14     H     1.048      -0.048

---------------------------------
   M Diagnostic: 0.05
---------------------------------

