Computing Integrals
Elapsed time:    5.19 Seconds

Number of basis functions                   (NBF)    = 127
Number of auxiliary basis functions         (NBFAUX) = 205
Inactive Doubly occupied orbitals up to     (NO1)    = 0
No. considered Strongly Doubly occupied MOs (NDOC)   = 13
No. considered Strongly Singly occupied MOs (NSOC)   = 0
NO. of Weakly occ. per St. Doubly occ.  MOs (NCWO)   = 8
Dimension of the Nat. Orb. subspace         (NBF5)   = 117
No. of electrons                                     = 26
    No. of alpha electrons                           = 13
    No. of beta electrons                            = 13
Multiplicity                                         = 1

Geometry
========
Cl       0.0000000       0.0000000       0.5629000
 F       0.0000000       0.0000000      -1.0632600

No violations of the orthonormality
No violations of the orthonormality
 
PNOF5/ADAM Calculation
==================
 
  Nitext  Nit_orb  Time   Nit_occ  Time         Eelec          Etot           Ediff      maxdiff    Grad_orb  Grad_occ
0.03442867469307609
0.05210797544484183
     1      10    2.2e+01   21    3.3e+01  -608.81828455  -559.02985830 -10607.81828455   0.294810   4.4e+00   2.3e-04 0.06
0.005729863156176046
0.008187390197691772
     2      30    2.5e+00    8    2.1e-01  -608.89739914  -559.10897289    -0.07911459   0.026751   2.8e-01   2.5e-04 0.04
0.0025215687610788684
0.0036937703947081935
     3      30    4.6e+00   10    1.8e-01  -608.90124163  -559.11281538    -0.00384250   0.008117   9.4e-02   2.2e-04 0.04
0.0013266420357566158
0.0020154813491295447
     4      30    2.8e+00   16    3.2e-01  -608.90176109  -559.11333484    -0.00051946   0.010506   1.2e-01   1.5e-04 0.04
0.0007238254730386057
0.0010698766893095795
     5      30    2.1e+00    7    2.7e-01  -608.90226152  -559.11383527    -0.00050043   0.009188   1.2e-01   1.2e-04 0.03
0.00044567159776000634
0.000696397144531808
     6      30    5.5e+00    4    7.6e-02  -608.90262644  -559.11420019    -0.00036491   0.007864   8.4e-02   1.8e-04 0.03
0.0001881731663807562
0.00033682725815571777
     7      30    1.6e+00    4    1.1e-01  -608.90278992  -559.11436367    -0.00016348   0.005479   7.7e-02   1.5e-04 0.03
0.00018416368362594165
0.0003293539205751627
     8      30    2.2e+00    4    1.1e-01  -608.90284070  -559.11441445    -0.00005078   0.008141   9.4e-02   1.6e-04 0.03
0.00017414103868274022
0.00027667147622399777
     9      30    2.1e+00    4    8.2e-02  -608.90294862  -559.11452237    -0.00010792   0.005819   8.3e-02   1.8e-04 0.03
0.00014078830900246184
0.0002892373868937657
    10      30    4.8e+00    4    8.7e-02  -608.90299761  -559.11457136    -0.00004899   0.007893   8.6e-02   1.9e-04 0.03
0.0001511127602789042
0.00025917149882605055
    11      30    2.8e+00    4    2.2e-01  -608.90306574  -559.11463949    -0.00006813   0.005688   7.9e-02   2.2e-04 0.03
0.00019671167765844544
0.0003344975656690626
    12      30    3.7e+00    2    4.5e-02  -608.90308546  -559.11465921    -0.00001971   0.008159   9.8e-02   2.2e-04 0.03
0.00011152270228265843
0.00022654472404429527
    13      50    4.4e+00    3    7.5e-02  -608.90330989  -559.11488364    -0.00022443   0.000628   6.5e-03   2.0e-04 0.03
0.000153416182500421
0.00024056117360454808
    14      50    2.1e+00    6    1.4e-01  -608.90335589  -559.11492964    -0.00004601   0.000857   9.9e-03   2.1e-04 0.03
0.00013981060260437328
0.00024230830371071868
    15      50    2.7e+00    2    9.0e-02  -608.90343406  -559.11500781    -0.00007817   0.000803   8.0e-03   1.9e-04 0.03
0.0
0.0
    16      50    2.9e+00    0    1.4e-01  -608.90344375  -559.11501750    -0.00000968   0.000880   9.7e-03   2.0e-04 0.03
0.0
0.0
    17      60    3.1e+00    0    6.4e-02  -608.90344663  -559.11502038    -0.00000288   0.000554   4.1e-03   2.0e-04 0.03
0.0
0.0
    18      70    4.8e+00    0    5.2e-02  -608.90344786  -559.11502161    -0.00000123   0.000264   2.2e-03   2.0e-04 0.03
0.0
0.0
    19      80    6.4e+00    0    3.2e-02  -608.90344898  -559.11502273    -0.00000113   0.000179   1.3e-03   2.0e-04 0.03
0.0
0.0
    20      90    9.5e+00    0    2.8e-02  -608.90345006  -559.11502381    -0.00000108   0.000097   7.0e-04   2.0e-04 0.03
 
RESULTS OF THE OCCUPATION OPTIMIZATION
========================================
   1    1.9999302  -94.67897517
   2    1.9998555  -26.33080580
   3    1.9999969  -20.89994388
   4    1.9995090  -8.12698151
   5    1.9995848  -8.10027830
   6    1.9996986  -8.09969095
   7    1.9928407  -0.99952262
   8    1.9928404  -0.99920468
   9    1.9927956  -0.99782678
  10    1.9670971  -0.92142981
  11    1.9871907  -0.73252597
  12    1.9871739  -0.73221744
  13    1.9859106  -0.72170063
  14    0.0062438  -0.00585339
  15    0.0060228  -0.00574338
  16    0.0059970  -0.00573119
  17    0.0317824  -0.02911648
  18    0.0055672  -0.00907509
  19    0.0055706  -0.00907879
  20    0.0055592  -0.00907055
  21    0.0001705  -0.00217022
  22    0.0001690  -0.00215223
  23    0.0002131  -0.00273327
  24    0.0000025  -0.00009042
  25    0.0001332  -0.00635302
  26    0.0000502  -0.00837758
  27    0.0042649  -0.00421275
  28    0.0041944  -0.00420391
  29    0.0042106  -0.00421435
  30    0.0008276  -0.00138995
  31    0.0006357  -0.00169426
  32    0.0006176  -0.00167083
  33    0.0006240  -0.00168066
  34    0.0001281  -0.00178456
  35    0.0001310  -0.00177741
  36    0.0001591  -0.00195641
  37    0.0000002  -0.00000453
  38    0.0000078  -0.00024917
  39    0.0000068  -0.00078087
  40    0.0024665  -0.00264577
  41    0.0016222  -0.00200699
  42    0.0016188  -0.00200409
  43    0.0001643  -0.00039568
  44    0.0004696  -0.00126019
  45    0.0004445  -0.00121200
  46    0.0004473  -0.00122036
  47    0.0000007  -0.00000454
  48    0.0001125  -0.00139554
  49    0.0001158  -0.00138522
  50    0.0000001  0.00000019
  51    0.0000013  -0.00013283
  52    0.0000056  -0.00064542
  53    0.0008448  -0.00109348
  54    0.0006008  -0.00087204
  55    0.0005965  -0.00086960
  56    0.0000844  -0.00028289
  57    0.0003794  -0.00110224
  58    0.0003760  -0.00109884
  59    0.0003747  -0.00109726
  60    0.0000005  -0.00000256
  61    0.0000009  -0.00000582
  62    0.0000012  -0.00000996
  63    0.0000001  0.00000014
  64    0.0000011  -0.00003306
  65    0.0000056  -0.00064237
  66    0.0001019  -0.00021286
  67    0.0001677  -0.00029226
  68    0.0001683  -0.00029313
  69    0.0000262  -0.00008207
  70    0.0000468  -0.00019313
  71    0.0000467  -0.00019399
  72    0.0000467  -0.00019350
  73    0.0000005  -0.00000034
  74    0.0000007  -0.00000143
  75    0.0000008  -0.00000276
  76    0.0000001  0.00000012
  77    0.0000006  -0.00002308
  78    0.0000014  -0.00043734
  79    0.0000738  -0.00017694
  80    0.0001161  -0.00021533
  81    0.0001160  -0.00021520
  82    0.0000079  -0.00002667
  83    0.0000417  -0.00018186
  84    0.0000404  -0.00018169
  85    0.0000409  -0.00018161
  86    0.0000004  0.00000001
  87    0.0000004  -0.00000031
  88    0.0000005  -0.00000023
  89    0.0000001  0.00000023
  90    0.0000002  -0.00000413
  91    0.0000001  0.00000013
  92    0.0000525  -0.00010417
  93    0.0000566  -0.00010787
  94    0.0000571  -0.00010851
  95    0.0000060  -0.00002541
  96    0.0000361  -0.00017495
  97    0.0000357  -0.00017040
  98    0.0000397  -0.00018216
  99    0.0000003  0.00000005
 100    0.0000003  -0.00000005
 101    0.0000003  -0.00000017
 102    0.0000000  0.00000023
 103    0.0000002  -0.00000386
 104    0.0000000  0.00000024
 105    0.0000410  -0.00009040
 106    0.0000454  -0.00009297
 107    0.0000450  -0.00009297
 108    0.0000040  -0.00001579
 109    0.0000279  -0.00014547
 110    0.0000281  -0.00014835
 111    0.0000269  -0.00014431
 112    0.0000003  0.00000022
 113    0.0000003  0.00000009
 114    0.0000003  -0.00000006
 115    0.0000000  0.00000023
 116    0.0000001  -0.00000420
 117    0.0000000  0.00000018
 
----------------
 Final Energies 
----------------
Final NOF Total Energy =    -559.1150238
 
Total Orbital Internal Iterations = 840
Total Occupation Internal Iterations = 99
 
Elapsed time:  163.25 Seconds

---------------------------------
   Lowdin Population Analysis    
---------------------------------
 Idx  Atom   Population   Charge 
---------------------------------
  1    Cl    16.877       0.123
  2     F     9.123      -0.123

---------------------------------
   M Diagnostic: 0.03
---------------------------------

