BN_Corannulene_C.jld2 not found
BN_Corannulene_n.jld2 not found
Computing Integrals
NVIDIA GeForce RTX 3090
Elapsed time:  147.70 Seconds

Number of basis functions                   (NBF)    = 1440
Number of auxiliary basis functions         (NBFAUX) = 1700
Inactive Doubly occupied orbitals up to     (NO1)    = 0
No. considered Strongly Doubly occupied MOs (NDOC)   = 65
No. considered Strongly Singly occupied MOs (NSOC)   = 0
NO. of Weakly occ. per St. Doubly occ.  MOs (NCWO)   = 1
Dimension of the Nat. Orb. subspace         (NBF5)   = 130
No. of electrons                                     = 130
    No. of alpha electrons                           = 65
    No. of beta electrons                            = 65
Multiplicity                                         = 1

Geometry
========
 B       1.1095700       0.3638500       0.5239700
 N      -0.0101000       1.2352000       0.6301100
 B       0.0022200       2.5323700       0.0534200
 N       1.3294100       3.0208000      -0.2642200
 B       2.5031100       2.1815300      -0.2672400
 N       2.4078800       0.7759700       0.1009000
 B      -1.1497200       0.3897000       0.5267600
 N      -2.4383600       0.8269100       0.1106300
 B      -2.5077900       2.2356000      -0.2510000
 N      -1.3158500       3.0500600      -0.2533800
 N       0.6719100      -0.9961600       0.5768600
 N      -0.7431500      -0.9846300       0.5663900
 B       1.4525600      -2.0442800       0.0336100
 N       2.8314700      -1.6597700      -0.2179100
 B       3.3127000      -0.3041800      -0.2421300
 B      -1.5348700      -2.0365900       0.0436400
 B      -0.6372300      -3.4419800      -0.3370400
 N       0.7827700      -3.2869500      -0.2989300
 B      -3.3646100      -0.2399100      -0.2294700
 N      -2.9028700      -1.6010100      -0.2075900
 H      -4.4755400       0.0125900      -0.5781900
 H      -3.5646400      -2.2963600      -0.5128100
 H      -1.0520200      -4.5097900      -0.6815200
 H       1.3462900      -4.0665400      -0.6070800
 H       3.4853000      -2.3650600      -0.5180300
 H       4.4277400      -0.0782100      -0.5939500
 H       3.5394100       2.6373700      -0.6379300
 H       1.4563900       3.9501100      -0.6322000
 H      -1.4253900       3.9829200      -0.6180600
 H      -3.5365900       2.7164500      -0.6106300

No violations of the orthonormality
No violations of the orthonormality
 
PNOF8/ADABelief Calculation
==================
 
  Nitext  Nit_orb  Time   Nit_occ  Time         Eelec          Etot           Ediff      maxdiff    MaxGrad_orb  Grad_occ
     1      10    5.0e+01   11    3.8e+01 -2109.28214330  -754.06693559 -12108.28214330   0.398760   1.6e+00   1.8e-04 0.02
     2      10    4.6e+00   11    3.9e-01 -2141.37988928  -786.16468157   -32.09774597   0.394865   1.6e+00   2.7e-04 0.04
     3      10    4.5e+00    0    1.3e-01 -2141.66347194  -786.44826423    -0.28358266   0.394865   1.6e+00   2.7e-04 0.04
     4      30    1.3e+01   11    3.9e-01 -2153.55473193  -798.33952422   -11.89125999   0.127030   5.1e-01   1.6e-04 0.04
     5      30    1.4e+01    8    3.2e-01 -2155.36165197  -800.14644426    -1.80692004   0.118024   4.7e-01   9.9e-05 0.04
     6      30    1.4e+01    6    2.7e-01 -2155.66761154  -800.45240383    -0.30595957   0.066409   2.7e-01   1.5e-04 0.03
     7      30    1.4e+01    5    2.5e-01 -2155.73181310  -800.51660539    -0.06420156   0.214076   8.6e-01   2.4e-04 0.03
     8      30    1.6e+01    5    3.1e-01 -2155.75733575  -800.54212804    -0.02552265   0.027459   1.1e-01   2.1e-04 0.03
     9      30    1.3e+01    6    1.6e-01 -2155.77134827  -800.55614056    -0.01401252   0.040176   1.6e-01   8.0e-05 0.03
    10      30    1.3e+01    4    1.9e-01 -2155.77526824  -800.56006053    -0.00391998   0.029604   1.2e-01   1.6e-04 0.03
    11      30    1.3e+01    0    1.1e-01 -2155.77673240  -800.56152469    -0.00146415   0.029604   1.2e-01   1.6e-04 0.03
    12      50    2.2e+01    4    1.7e-01 -2155.81771010  -800.60250239    -0.04097770   0.003260   1.3e-02   1.0e-04 0.03
    13      50    2.2e+01    3    1.3e-01 -2155.81985000  -800.60464229    -0.00213990   0.002097   8.4e-03   1.3e-04 0.03
    14      50    2.2e+01    2    1.3e-01 -2155.82132410  -800.60611639    -0.00147410   0.002917   1.2e-02   2.2e-04 0.03
    15      50    2.2e+01    2    1.2e-01 -2155.82268668  -800.60747897    -0.00136258   0.003246   1.3e-02   1.6e-04 0.03
    16      50    2.2e+01    2    1.2e-01 -2155.82285288  -800.60764517    -0.00016620   0.003931   1.6e-02   1.2e-04 0.03
    17      50    2.2e+01    2    1.2e-01 -2155.82310488  -800.60789717    -0.00025200   0.002977   1.2e-02   1.1e-04 0.03
    18      50    2.2e+01    0    1.1e-01 -2155.82321290  -800.60800519    -0.00010802   0.002977   1.2e-02   1.1e-04 0.03
    19      70    3.0e+01    2    1.3e-01 -2155.82389043  -800.60868272    -0.00067754   0.000939   3.8e-03   9.1e-05 0.03
 
RESULTS OF THE OCCUPATION OPTIMIZATION
========================================
   1    1.9996950  -15.57737350
   2    1.9996867  -15.57646751
   3    1.9997139  -15.56744003
   4    1.9997077  -15.56143284
   5    1.9997051  -15.56101418
   6    1.9997072  -15.56068707
   7    1.9997132  -15.55098057
   8    1.9997142  -15.54492092
   9    1.9997140  -15.54214954
  10    1.9996985  -15.52616405
  11    1.9992349  -7.61258173
  12    1.9992379  -7.61158466
  13    1.9992699  -7.60195160
  14    1.9992713  -7.60040569
  15    1.9992711  -7.59916496
  16    1.9992450  -7.59465170
  17    1.9992452  -7.59229088
  18    1.9992713  -7.59147072
  19    1.9992475  -7.57214451
  20    1.9993028  -7.56913376
  21    1.9813453  -0.92201537
  22    1.9805480  -0.91387618
  23    1.9788975  -0.84889549
  24    1.9797406  -0.84581733
  25    1.9791176  -0.84541976
  26    1.9787872  -0.83322495
  27    1.9770703  -0.83262336
  28    1.9791837  -0.83249497
  29    1.9770488  -0.83190978
  30    1.9785543  -0.83073783
  31    1.9769130  -0.82806778
  32    1.9788710  -0.82562971
  33    1.9781800  -0.82400280
  34    1.9781747  -0.82141978
  35    1.9766511  -0.82134676
  36    1.9781402  -0.82127923
  37    1.9788678  -0.82059067
  38    1.9784453  -0.81716639
  39    1.9780387  -0.81597030
  40    1.9769888  -0.81469822
  41    1.9784628  -0.81437063
  42    1.9784546  -0.81401002
  43    1.9783718  -0.81152868
  44    1.9786700  -0.81060302
  45    1.9782840  -0.80959564
  46    1.9784578  -0.80950606
  47    1.9782345  -0.80708849
  48    1.9784378  -0.80232739
  49    1.9670402  -0.79956806
  50    1.9789214  -0.56829095
  51    1.9787843  -0.56539935
  52    1.9788288  -0.56496769
  53    1.9791124  -0.56057197
  54    1.9787666  -0.55917311
  55    1.9769036  -0.51408815
  56    1.9700687  -0.49273315
  57    1.9701023  -0.48590526
  58    1.9697007  -0.48067588
  59    1.9693247  -0.47331676
  60    1.9695873  -0.47169057
  61    1.9694187  -0.46963859
  62    1.9689134  -0.46455139
  63    1.9692489  -0.46292731
  64    1.9692030  -0.46261922
  65    1.9686702  -0.44859341
  66    0.0313298  -0.03154869
  67    0.0307970  -0.03150943
  68    0.0307511  -0.03130484
  69    0.0310866  -0.02966084
  70    0.0305813  -0.03197617
  71    0.0304127  -0.03195055
  72    0.0306753  -0.03226556
  73    0.0302993  -0.03258508
  74    0.0298977  -0.03225239
  75    0.0299313  -0.03157476
  76    0.0230964  -0.02524610
  77    0.0212334  -0.02176175
  78    0.0208876  -0.02109323
  79    0.0211712  -0.02180072
  80    0.0212157  -0.02184005
  81    0.0210786  -0.02176818
  82    0.0329598  -0.05020177
  83    0.0215622  -0.03215618
  84    0.0217655  -0.03192735
  85    0.0215422  -0.03173301
  86    0.0217160  -0.03187395
  87    0.0213300  -0.03148798
  88    0.0216282  -0.03160619
  89    0.0215454  -0.03180442
  90    0.0215372  -0.03233982
  91    0.0230112  -0.03005819
  92    0.0219613  -0.03247135
  93    0.0215547  -0.03236316
  94    0.0211322  -0.03189393
  95    0.0218598  -0.03242728
  96    0.0233489  -0.03044897
  97    0.0218253  -0.03242161
  98    0.0218200  -0.03249734
  99    0.0211290  -0.03156606
 100    0.0230870  -0.03025850
 101    0.0214457  -0.03257070
 102    0.0229512  -0.03019815
 103    0.0208163  -0.03167501
 104    0.0229297  -0.03013433
 105    0.0212128  -0.03167716
 106    0.0208824  -0.03149109
 107    0.0202594  -0.03053454
 108    0.0211025  -0.03237464
 109    0.0194520  -0.03103668
 110    0.0186547  -0.03002375
 111    0.0006972  -0.00887450
 112    0.0007525  -0.00953312
 113    0.0007287  -0.00924621
 114    0.0007548  -0.00954724
 115    0.0007550  -0.00955041
 116    0.0007289  -0.00925650
 117    0.0007287  -0.00925532
 118    0.0007301  -0.00926160
 119    0.0007621  -0.00964854
 120    0.0007651  -0.00969916
 121    0.0003015  -0.00772977
 122    0.0002860  -0.00740657
 123    0.0002858  -0.00740495
 124    0.0002868  -0.00744047
 125    0.0002928  -0.00756693
 126    0.0002949  -0.00761450
 127    0.0002923  -0.00755564
 128    0.0002861  -0.00741420
 129    0.0003133  -0.00798167
 130    0.0003050  -0.00780283
 
----------------
 Final Energies 
----------------
Final NOF Total Energy =    -800.6086827
 
Total Orbital Internal Iterations = 690
Total Occupation Internal Iterations = 84
 
Elapsed time:  492.05 Seconds

---------------------------------
   Lowdin Population Analysis    
---------------------------------
 Idx  Atom   Population   Charge 
---------------------------------
  1     B     5.828      -0.828
  2     N     6.284       0.716
  3     B     5.787      -0.787
  4     N     6.310       0.690
  5     B     5.424      -0.424
  6     N     6.358       0.642
  7     B     5.825      -0.825
  8     N     6.358       0.642
  9     B     5.422      -0.422
 10     N     6.309       0.691
 11     N     6.421       0.579
 12     N     6.420       0.580
 13     B     5.818      -0.818
 14     N     6.311       0.689
 15     B     5.439      -0.439
 16     B     5.600      -0.600
 17     B     5.243      -0.243
 18     N     6.314       0.686
 19     B     5.442      -0.442
 20     N     6.316       0.684
 21     H     1.039      -0.039
 22     H     1.111      -0.111
 23     H     1.050      -0.050
 24     H     1.109      -0.109
 25     H     1.115      -0.115
 26     H     1.038      -0.038
 27     H     1.037      -0.037
 28     H     1.116      -0.116
 29     H     1.116      -0.116
 30     H     1.038      -0.038

---------------------------------
   M Diagnostic: 0.03
---------------------------------

