Computing Integrals
Elapsed time:    4.58 Seconds

Number of basis functions                   (NBF)    = 408
Number of auxiliary basis functions         (NBFAUX) = 408
Inactive Doubly occupied orbitals up to     (NO1)    = 0
No. considered Strongly Doubly occupied MOs (NDOC)   = 15
No. considered Strongly Singly occupied MOs (NSOC)   = 0
NO. of Weakly occ. per St. Doubly occ.  MOs (NCWO)   = 26
Dimension of the Nat. Orb. subspace         (NBF5)   = 405
No. of electrons                                     = 30
    No. of alpha electrons                           = 15
    No. of beta electrons                            = 15
Multiplicity                                         = 1

Geometry
========
 C       0.0000000       0.6679700      -0.9274800
 C       0.0000000       0.7864000       0.5853200
 C       0.0000000      -0.7864000       0.5853200
 C       0.0000000      -0.6679700      -0.9274800
 H       0.0000000       1.4134300      -1.7136800
 H       0.8881600       1.2447700       1.0279200
 H      -0.8881600       1.2447700       1.0279200
 H      -0.8881600      -1.2447700       1.0279200
 H       0.8881600      -1.2447700       1.0279200
 H       0.0000000      -1.4134300      -1.7136800

No violations of the orthonormality
No violations of the orthonormality
 
PNOF5/ADAM Calculation
==================
 
  Nitext  Nit_orb  Time   Nit_occ  Time         Eelec          Etot           Ediff      maxdiff    Grad_orb  Grad_occ
0.056504775819586794
0.08401502708464051
     1      10    2.5e+01   14    3.4e+01  -268.43950736  -155.23556791 -10267.43950736   0.081588   1.8e+00   2.1e-04 0.08
0.004347665265339251
0.006739406203202544
     2      30    2.5e+01    4    1.8e+00  -268.52165920  -155.31771975    -0.08215184   0.002625   2.9e-02   2.5e-04 0.07
0.00043324097593133715
0.000859406657591065
     3      30    2.4e+01    4    1.8e+00  -268.52223226  -155.31829281    -0.00057306   0.004257   6.3e-02   2.1e-04 0.07
0.0003246177771960568
0.0005492184627596265
     4      30    2.4e+01    1    1.1e+00  -268.52233370  -155.31839425    -0.00010144   0.004633   6.7e-02   1.9e-04 0.07
0.0
0.0
     5      30    2.4e+01    0    8.4e-01  -268.52238987  -155.31845042    -0.00005618   0.003696   6.0e-02   2.0e-04 0.07
0.0
0.0
     6      40    3.2e+01    0    8.5e-01  -268.52252365  -155.31858420    -0.00013377   0.001901   2.8e-02   2.1e-04 0.07
0.00010946633059172317
0.00025841388727797427
     7      50    4.0e+01    3    1.5e+00  -268.52256233  -155.31862288    -0.00003868   0.001207   1.7e-02   2.6e-04 0.07
9.126590354113784e-5
0.0002293107338134261
     8      50    4.0e+01    1    1.0e+00  -268.52261477  -155.31867532    -0.00005244   0.001403   1.7e-02   1.6e-04 0.07
0.0
0.0
     9      50    4.0e+01    0    8.1e-01  -268.52259674  -155.31865729     0.00001803   0.002117   2.9e-02   1.7e-04 0.07
0.0
0.0
    10      74    5.8e+01    0    8.5e-01  -268.52264451  -155.31870506    -0.00004777   0.000100   1.1e-03   1.8e-04 0.07
 
RESULTS OF THE OCCUPATION OPTIMIZATION
========================================
   1    1.9994409  -11.22113125
   2    1.9994408  -11.22113063
   3    1.9994443  -11.21092621
   4    1.9994442  -11.21086654
   5    1.9906792  -0.85377785
   6    1.9838594  -0.72337962
   7    1.9838339  -0.72318635
   8    1.9788670  -0.70346588
   9    1.9788491  -0.70339260
  10    1.9814449  -0.68015663
  11    1.9781628  -0.67335695
  12    1.9781682  -0.67333380
  13    1.9781526  -0.67332355
  14    1.9781417  -0.67326660
  15    1.9251647  -0.39483328
  16    0.0720001  -0.02590945
  17    0.0140576  -0.01143683
  18    0.0140646  -0.01143853
  19    0.0140259  -0.01142312
  20    0.0140469  -0.01143159
  21    0.0149975  -0.01231512
  22    0.0133463  -0.01123837
  23    0.0133397  -0.01123573
  24    0.0124277  -0.01110155
  25    0.0124051  -0.01108923
  26    0.0058878  -0.00701153
  27    0.0003815  -0.00756971
  28    0.0003813  -0.00756758
  29    0.0003836  -0.00758717
  30    0.0003834  -0.00758603
  31    0.0025277  -0.00144780
  32    0.0034868  -0.00378803
  33    0.0034813  -0.00378609
  34    0.0034952  -0.00379113
  35    0.0034885  -0.00378863
  36    0.0015964  -0.00208301
  37    0.0034667  -0.00383960
  38    0.0034568  -0.00383540
  39    0.0017021  -0.00228116
  40    0.0016962  -0.00227603
  41    0.0017594  -0.00262490
  42    0.0000696  -0.00102906
  43    0.0000692  -0.00102703
  44    0.0000613  -0.00090551
  45    0.0000612  -0.00090485
  46    0.0002144  -0.00023027
  47    0.0018680  -0.00222354
  48    0.0018634  -0.00222071
  49    0.0018726  -0.00222735
  50    0.0018674  -0.00222505
  51    0.0008571  -0.00124425
  52    0.0018630  -0.00228679
  53    0.0018567  -0.00228322
  54    0.0008505  -0.00130574
  55    0.0008470  -0.00130354
  56    0.0007503  -0.00137857
  57    0.0000498  -0.00072754
  58    0.0000493  -0.00072439
  59    0.0000582  -0.00086133
  60    0.0000581  -0.00086032
  61    0.0000450  -0.00004665
  62    0.0017707  -0.00212681
  63    0.0017633  -0.00212336
  64    0.0017613  -0.00212112
  65    0.0017559  -0.00211833
  66    0.0008371  -0.00124393
  67    0.0017043  -0.00209632
  68    0.0016981  -0.00209293
  69    0.0008356  -0.00128988
  70    0.0008324  -0.00128692
  71    0.0005326  -0.00106208
  72    0.0000459  -0.00065165
  73    0.0000460  -0.00065163
  74    0.0000469  -0.00068165
  75    0.0000467  -0.00068058
  76    0.0000151  -0.00003103
  77    0.0001143  -0.00020336
  78    0.0001162  -0.00020377
  79    0.0001148  -0.00020300
  80    0.0001144  -0.00020298
  81    0.0000680  -0.00014338
  82    0.0001382  -0.00023163
  83    0.0001355  -0.00023026
  84    0.0001011  -0.00020038
  85    0.0001036  -0.00020217
  86    0.0001082  -0.00022223
  87    0.0000064  -0.00028836
  88    0.0000063  -0.00028758
  89    0.0000064  -0.00028806
  90    0.0000064  -0.00028799
  91    0.0000111  -0.00001935
  92    0.0001081  -0.00019854
  93    0.0001083  -0.00019852
  94    0.0001092  -0.00019854
  95    0.0001080  -0.00019810
  96    0.0000588  -0.00013438
  97    0.0001174  -0.00020809
  98    0.0001271  -0.00021230
  99    0.0000921  -0.00018462
 100    0.0000919  -0.00018455
 101    0.0000746  -0.00017200
 102    0.0000004  -0.00001479
 103    0.0000011  -0.00000623
 104    0.0000005  -0.00000174
 105    0.0000009  -0.00000242
 106    0.0000085  -0.00001653
 107    0.0000890  -0.00016792
 108    0.0000894  -0.00016800
 109    0.0000909  -0.00016906
 110    0.0000917  -0.00016920
 111    0.0000325  -0.00009355
 112    0.0001039  -0.00020407
 113    0.0001145  -0.00020932
 114    0.0000369  -0.00010454
 115    0.0000341  -0.00010212
 116    0.0000518  -0.00014767
 117    0.0000003  -0.00000544
 118    0.0000006  -0.00000251
 119    0.0000004  -0.00001719
 120    0.0000006  -0.00000157
 121    0.0000043  -0.00000970
 122    0.0000875  -0.00016515
 123    0.0000873  -0.00016487
 124    0.0000860  -0.00016431
 125    0.0000871  -0.00016482
 126    0.0000271  -0.00008822
 127    0.0000989  -0.00019362
 128    0.0000969  -0.00019278
 129    0.0000270  -0.00009210
 130    0.0000302  -0.00009492
 131    0.0000422  -0.00010901
 132    0.0000002  -0.00000082
 133    0.0000004  -0.00001623
 134    0.0000003  -0.00000258
 135    0.0000004  -0.00001801
 136    0.0000017  -0.00000552
 137    0.0000816  -0.00016436
 138    0.0000793  -0.00016278
 139    0.0000796  -0.00016240
 140    0.0000800  -0.00016263
 141    0.0000199  -0.00004306
 142    0.0000780  -0.00016338
 143    0.0000774  -0.00016333
 144    0.0000213  -0.00005544
 145    0.0000239  -0.00005760
 146    0.0000325  -0.00007291
 147    0.0000002  -0.00000017
 148    0.0000002  -0.00000056
 149    0.0000002  -0.00000085
 150    0.0000004  -0.00000133
 151    0.0000013  -0.00000363
 152    0.0000542  -0.00014050
 153    0.0000548  -0.00014043
 154    0.0000544  -0.00014050
 155    0.0000533  -0.00013977
 156    0.0000185  -0.00003694
 157    0.0000619  -0.00015092
 158    0.0000602  -0.00015015
 159    0.0000177  -0.00004528
 160    0.0000189  -0.00004460
 161    0.0000203  -0.00007819
 162    0.0000001  -0.00000001
 163    0.0000002  -0.00000025
 164    0.0000002  -0.00000034
 165    0.0000001  -0.00000017
 166    0.0000010  -0.00000367
 167    0.0000352  -0.00008054
 168    0.0000294  -0.00007748
 169    0.0000290  -0.00007729
 170    0.0000317  -0.00007921
 171    0.0000113  -0.00003275
 172    0.0000396  -0.00009148
 173    0.0000362  -0.00009004
 174    0.0000148  -0.00004185
 175    0.0000134  -0.00004153
 176    0.0000125  -0.00003192
 177    0.0000001  0.00000004
 178    0.0000001  0.00000001
 179    0.0000001  -0.00000005
 180    0.0000001  0.00000008
 181    0.0000008  -0.00000172
 182    0.0000268  -0.00007186
 183    0.0000262  -0.00007138
 184    0.0000268  -0.00007184
 185    0.0000255  -0.00007121
 186    0.0000061  -0.00002477
 187    0.0000345  -0.00007957
 188    0.0000330  -0.00007878
 189    0.0000109  -0.00002466
 190    0.0000106  -0.00002447
 191    0.0000093  -0.00003177
 192    0.0000001  0.00000026
 193    0.0000001  0.00000023
 194    0.0000001  0.00000026
 195    0.0000001  0.00000009
 196    0.0000007  -0.00000133
 197    0.0000242  -0.00006783
 198    0.0000213  -0.00006582
 199    0.0000205  -0.00006513
 200    0.0000225  -0.00006649
 201    0.0000043  -0.00001675
 202    0.0000233  -0.00007190
 203    0.0000229  -0.00007157
 204    0.0000043  -0.00001696
 205    0.0000056  -0.00001853
 206    0.0000085  -0.00001947
 207    0.0000001  0.00000023
 208    0.0000001  0.00000024
 209    0.0000001  0.00000025
 210    0.0000001  0.00000020
 211    0.0000006  -0.00000124
 212    0.0000107  -0.00002748
 213    0.0000110  -0.00002712
 214    0.0000128  -0.00002760
 215    0.0000132  -0.00002768
 216    0.0000036  -0.00001310
 217    0.0000140  -0.00002970
 218    0.0000134  -0.00002962
 219    0.0000041  -0.00001726
 220    0.0000048  -0.00001803
 221    0.0000059  -0.00001710
 222    0.0000001  0.00000023
 223    0.0000001  0.00000024
 224    0.0000001  0.00000019
 225    0.0000001  0.00000020
 226    0.0000004  -0.00000067
 227    0.0000067  -0.00002487
 228    0.0000085  -0.00002591
 229    0.0000117  -0.00002653
 230    0.0000094  -0.00002614
 231    0.0000028  -0.00001171
 232    0.0000119  -0.00002797
 233    0.0000096  -0.00002701
 234    0.0000037  -0.00001357
 235    0.0000042  -0.00001407
 236    0.0000041  -0.00001787
 237    0.0000001  0.00000022
 238    0.0000001  0.00000020
 239    0.0000001  0.00000022
 240    0.0000001  0.00000018
 241    0.0000004  -0.00000059
 242    0.0000063  -0.00002135
 243    0.0000075  -0.00002155
 244    0.0000069  -0.00002156
 245    0.0000080  -0.00002224
 246    0.0000022  -0.00000479
 247    0.0000081  -0.00002727
 248    0.0000090  -0.00002758
 249    0.0000029  -0.00000726
 250    0.0000029  -0.00000759
 251    0.0000035  -0.00001087
 252    0.0000001  0.00000022
 253    0.0000001  0.00000023
 254    0.0000001  0.00000020
 255    0.0000001  0.00000019
 256    0.0000004  -0.00000066
 257    0.0000053  -0.00002001
 258    0.0000064  -0.00002118
 259    0.0000060  -0.00002119
 260    0.0000065  -0.00002109
 261    0.0000020  -0.00000294
 262    0.0000071  -0.00002576
 263    0.0000079  -0.00002627
 264    0.0000027  -0.00000716
 265    0.0000028  -0.00000726
 266    0.0000026  -0.00000323
 267    0.0000001  0.00000023
 268    0.0000001  0.00000021
 269    0.0000001  0.00000016
 270    0.0000001  0.00000016
 271    0.0000004  -0.00000022
 272    0.0000041  -0.00001607
 273    0.0000057  -0.00001688
 274    0.0000054  -0.00001687
 275    0.0000054  -0.00001688
 276    0.0000017  -0.00000156
 277    0.0000065  -0.00002051
 278    0.0000078  -0.00001775
 279    0.0000019  -0.00000403
 280    0.0000022  -0.00000456
 281    0.0000026  -0.00000481
 282    0.0000001  0.00000023
 283    0.0000001  0.00000020
 284    0.0000001  0.00000019
 285    0.0000001  0.00000016
 286    0.0000003  -0.00000016
 287    0.0000038  -0.00001290
 288    0.0000050  -0.00001343
 289    0.0000044  -0.00001260
 290    0.0000044  -0.00001307
 291    0.0000015  -0.00000168
 292    0.0000058  -0.00001554
 293    0.0000057  -0.00001800
 294    0.0000017  -0.00000372
 295    0.0000021  -0.00000433
 296    0.0000023  -0.00000210
 297    0.0000001  0.00000023
 298    0.0000001  0.00000019
 299    0.0000001  0.00000018
 300    0.0000001  0.00000016
 301    0.0000003  0.00000004
 302    0.0000036  -0.00001105
 303    0.0000046  -0.00001249
 304    0.0000043  -0.00001304
 305    0.0000036  -0.00001229
 306    0.0000014  -0.00000059
 307    0.0000042  -0.00001031
 308    0.0000053  -0.00001120
 309    0.0000015  -0.00000139
 310    0.0000019  -0.00000212
 311    0.0000020  -0.00000088
 312    0.0000001  0.00000022
 313    0.0000001  0.00000020
 314    0.0000001  0.00000018
 315    0.0000000  0.00000017
 316    0.0000002  -0.00000003
 317    0.0000032  -0.00000946
 318    0.0000032  -0.00001012
 319    0.0000038  -0.00001064
 320    0.0000034  -0.00001014
 321    0.0000013  -0.00000058
 322    0.0000040  -0.00001128
 323    0.0000048  -0.00001074
 324    0.0000014  -0.00000101
 325    0.0000014  -0.00000060
 326    0.0000019  -0.00000283
 327    0.0000001  0.00000022
 328    0.0000001  0.00000020
 329    0.0000001  0.00000014
 330    0.0000000  0.00000019
 331    0.0000002  0.00000005
 332    0.0000027  -0.00000904
 333    0.0000028  -0.00000914
 334    0.0000028  -0.00000919
 335    0.0000032  -0.00000956
 336    0.0000010  -0.00000137
 337    0.0000034  -0.00001065
 338    0.0000038  -0.00001097
 339    0.0000012  -0.00000109
 340    0.0000013  -0.00000174
 341    0.0000015  -0.00000169
 342    0.0000001  0.00000021
 343    0.0000001  0.00000020
 344    0.0000001  0.00000017
 345    0.0000000  0.00000018
 346    0.0000002  0.00000008
 347    0.0000026  -0.00000827
 348    0.0000025  -0.00000832
 349    0.0000026  -0.00000853
 350    0.0000021  -0.00000792
 351    0.0000008  -0.00000110
 352    0.0000029  -0.00000863
 353    0.0000032  -0.00000965
 354    0.0000009  -0.00000108
 355    0.0000012  -0.00000084
 356    0.0000013  -0.00000091
 357    0.0000001  0.00000023
 358    0.0000001  0.00000019
 359    0.0000000  0.00000018
 360    0.0000000  0.00000019
 361    0.0000002  0.00000003
 362    0.0000022  -0.00000508
 363    0.0000022  -0.00000482
 364    0.0000022  -0.00000493
 365    0.0000019  -0.00000495
 366    0.0000008  -0.00000142
 367    0.0000027  -0.00000685
 368    0.0000027  -0.00000710
 369    0.0000009  -0.00000101
 370    0.0000011  -0.00000107
 371    0.0000011  -0.00000158
 372    0.0000001  0.00000022
 373    0.0000001  0.00000020
 374    0.0000000  0.00000018
 375    0.0000000  0.00000020
 376    0.0000001  0.00000010
 377    0.0000017  -0.00000181
 378    0.0000018  -0.00000230
 379    0.0000014  -0.00000165
 380    0.0000018  -0.00000251
 381    0.0000007  -0.00000014
 382    0.0000023  -0.00000676
 383    0.0000025  -0.00000644
 384    0.0000008  -0.00000012
 385    0.0000009  -0.00000051
 386    0.0000010  -0.00000100
 387    0.0000001  0.00000021
 388    0.0000001  0.00000020
 389    0.0000000  0.00000019
 390    0.0000000  0.00000015
 391    0.0000001  0.00000016
 392    0.0000015  -0.00000187
 393    0.0000013  -0.00000136
 394    0.0000011  -0.00000162
 395    0.0000013  -0.00000210
 396    0.0000007  -0.00000008
 397    0.0000020  -0.00000545
 398    0.0000025  -0.00000652
 399    0.0000006  -0.00000025
 400    0.0000008  -0.00000055
 401    0.0000010  -0.00000095
 402    0.0000001  0.00000025
 403    0.0000001  0.00000021
 404    0.0000000  0.00000018
 405    0.0000000  0.00000018
 
----------------
 Final Energies 
----------------
Final NOF Total Energy =    -155.3187051
 
Total Orbital Internal Iterations = 394
Total Occupation Internal Iterations = 27
 
Elapsed time:  433.42 Seconds

---------------------------------
   Lowdin Population Analysis    
---------------------------------
 Idx  Atom   Population   Charge 
---------------------------------
  1     C     5.894       0.106
  2     C     5.875       0.125
  3     C     5.875       0.125
  4     C     5.894       0.106
  5     H     1.097      -0.097
  6     H     1.067      -0.067
  7     H     1.067      -0.067
  8     H     1.067      -0.067
  9     H     1.067      -0.067
 10     H     1.097      -0.097

---------------------------------
   M Diagnostic: 0.07
---------------------------------

