Computing Integrals
Elapsed time:    9.64 Seconds

Number of basis functions                   (NBF)    = 723
Number of auxiliary basis functions         (NBFAUX) = 809
Inactive Doubly occupied orbitals up to     (NO1)    = 0
No. considered Strongly Doubly occupied MOs (NDOC)   = 33
No. considered Strongly Singly occupied MOs (NSOC)   = 0
NO. of Weakly occ. per St. Doubly occ.  MOs (NCWO)   = 20
Dimension of the Nat. Orb. subspace         (NBF5)   = 693
No. of electrons                                     = 66
    No. of alpha electrons                           = 33
    No. of beta electrons                            = 33
Multiplicity                                         = 1

Geometry
========
 N      -0.4070500       1.5374100       0.0000000
 N       1.5730900       0.4189600       0.0000000
 C      -0.4933100      -0.8535900       0.0000000
 C       0.9718400      -0.8800000       0.0000000
 C      -1.1115800       0.3313100       0.0000000
 C       0.9153700       1.5626300       0.0000000
 C      -1.2073100      -2.1604100       0.0000000
 O       1.6685700      -1.8430500       0.0000000
 O       1.6285900       2.6442500       0.0000000
 H      -0.9359700       2.3996300       0.0000000
 H       2.5911000       0.4423900       0.0000000
 H      -2.1873100       0.4397800       0.0000000
 H      -0.9340600      -2.7485400      -0.8769600
 H      -0.9340600      -2.7485400       0.8769600
 H      -2.2872900      -2.0249800       0.0000000
 H       1.1493700       3.4827400       0.0000000

No violations of the orthonormality
No violations of the orthonormality
 
PNOF5/ADAM Calculation
==================
 
  Nitext  Nit_orb  Time   Nit_occ  Time         Eelec          Etot           Ediff      maxdiff    Grad_orb  Grad_occ
0.07295855079127933
0.12242075127800027
     1      10    1.1e+02   19    5.3e+01  -906.32665315  -451.87260131 -10905.32665315   0.452400   7.0e+00   2.8e-04 0.07
0.003634695211996136
0.006498379720001603
     2      30    2.6e+02   14    1.5e+01  -907.18841965  -452.73436781    -0.86176650   0.016177   2.1e-01   2.1e-04 0.06
0.0012769027152103735
0.0022361990466167195
     3      30    2.6e+02    4    8.2e+00  -907.19134814  -452.73729630    -0.00292848   0.006089   1.2e-01   2.8e-04 0.06
0.0004850032194134504
0.0007428417797436835
     4      30    2.6e+02    4    8.3e+00  -907.19157802  -452.73752618    -0.00022988   0.004255   1.2e-01   2.3e-04 0.06
0.0005857340322773172
0.0008544413396965588
     5      30    2.5e+02    4    8.2e+00  -907.19164273  -452.73759089    -0.00006471   0.004387   1.3e-01   2.2e-04 0.06
0.0004846821277499566
0.0007500582311268535
     6      30    3.0e+02    3    7.5e+00  -907.19178444  -452.73773260    -0.00014171   0.005064   1.3e-01   2.8e-04 0.06
0.000658627986051475
0.0009479327209221611
     7      30    3.1e+02    4    8.1e+00  -907.19194636  -452.73789452    -0.00016192   0.007495   1.3e-01   2.3e-04 0.06
0.0002635567067386102
0.0004879279437951337
     8      30    3.0e+02    3    7.5e+00  -907.19196804  -452.73791620    -0.00002168   0.004611   1.3e-01   2.7e-04 0.06
0.00045071189613088425
0.0008585191787740709
     9      50    4.3e+02    9    1.2e+01  -907.19270212  -452.73865028    -0.00073408   0.000469   1.0e-02   2.5e-04 0.06
0.0
0.0
    10      50    4.3e+02    0    5.6e+00  -907.19282325  -452.73877141    -0.00012112   0.001368   1.7e-02   2.4e-04 0.06
0.000191909617454189
0.0004563446880717419
    11      60    5.0e+02    1    6.3e+00  -907.19284822  -452.73879638    -0.00002498   0.000848   9.3e-03   2.7e-04 0.06
5.647355891331626e-5
0.00015983720001526552
    12      60    5.1e+02    3    7.7e+00  -907.19286337  -452.73881153    -0.00001514   0.000456   8.8e-03   1.6e-04 0.06
0.0
0.0
    13      60    5.1e+02    0    5.6e+00  -907.19288827  -452.73883643    -0.00002490   0.000507   9.1e-03   1.8e-04 0.06
0.0
0.0
    14      70    5.9e+02    0    5.6e+00  -907.19289407  -452.73884223    -0.00000580   0.000255   4.7e-03   1.9e-04 0.06
0.0
0.0
    15      80    6.7e+02    0    5.6e+00  -907.19289635  -452.73884451    -0.00000228   0.000723   5.0e-03   2.0e-04 0.06
0.0
0.0
    16      88    7.3e+02    0    5.8e+00  -907.19289856  -452.73884672    -0.00000221   0.000095   1.6e-03   1.9e-04 0.06
 
RESULTS OF THE OCCUPATION OPTIMIZATION
========================================
   1    1.9997764  -20.82543949
   2    1.9997824  -20.71071278
   3    1.9996466  -15.83052607
   4    1.9996488  -15.81883193
   5    1.9994037  -11.64384407
   6    1.9994370  -11.52659062
   7    1.9994324  -11.46352367
   8    1.9994419  -11.41323030
   9    1.9994366  -11.36602561
  10    1.9908408  -1.33406930
  11    1.9869428  -1.31231394
  12    1.9821234  -1.18729384
  13    1.9878100  -1.16163677
  14    1.9871749  -1.14637080
  15    1.9888321  -1.14216806
  16    1.9817156  -1.09764164
  17    1.9908838  -1.08055875
  18    1.9818553  -1.07518093
  19    1.9878331  -1.04639459
  20    1.9876280  -1.03001808
  21    1.9870061  -1.02697931
  22    1.9908471  -0.99926201
  23    1.9908205  -0.99849425
  24    1.9881704  -0.93959522
  25    1.9864382  -0.93649171
  26    1.9906287  -0.93344216
  27    1.9908928  -0.93147745
  28    1.9789536  -0.92078354
  29    1.9783245  -0.82088234
  30    1.9787294  -0.81580973
  31    1.9787376  -0.81534682
  32    1.9437622  -0.72136152
  33    1.9435367  -0.62430702
  34    0.0539725  -0.02735421
  35    0.0547759  -0.03427212
  36    0.0137171  -0.01222209
  37    0.0137175  -0.01222756
  38    0.0138818  -0.01238899
  39    0.0135276  -0.01295483
  40    0.0067958  -0.00901669
  41    0.0070789  -0.00927679
  42    0.0100558  -0.01060398
  43    0.0097371  -0.01020106
  44    0.0072425  -0.00964218
  45    0.0072415  -0.00963270
  46    0.0092679  -0.01053110
  47    0.0100677  -0.01123155
  48    0.0098799  -0.01118015
  49    0.0132508  -0.01473896
  50    0.0059276  -0.00769645
  51    0.0133460  -0.01496098
  52    0.0087368  -0.01096544
  53    0.0101094  -0.01250141
  54    0.0096177  -0.01214387
  55    0.0144344  -0.01764670
  56    0.0108370  -0.01513619
  57    0.0071052  -0.01130504
  58    0.0003824  -0.00760386
  59    0.0003803  -0.00760063
  60    0.0003842  -0.00766023
  61    0.0003828  -0.00766476
  62    0.0004015  -0.00795601
  63    0.0002614  -0.00727600
  64    0.0002604  -0.00726044
  65    0.0001823  -0.00678662
  66    0.0001850  -0.00687026
  67    0.0018080  -0.00137970
  68    0.0014073  -0.00142984
  69    0.0033075  -0.00389243
  70    0.0033122  -0.00389879
  71    0.0034791  -0.00406684
  72    0.0029875  -0.00384222
  73    0.0008802  -0.00177544
  74    0.0008943  -0.00179183
  75    0.0015714  -0.00240801
  76    0.0011219  -0.00165798
  77    0.0007576  -0.00157837
  78    0.0007458  -0.00155943
  79    0.0015140  -0.00245930
  80    0.0009084  -0.00155124
  81    0.0009250  -0.00159007
  82    0.0020014  -0.00317836
  83    0.0014918  -0.00250327
  84    0.0020515  -0.00324400
  85    0.0009657  -0.00183572
  86    0.0011889  -0.00221099
  87    0.0011520  -0.00219001
  88    0.0015698  -0.00283261
  89    0.0010586  -0.00227583
  90    0.0011992  -0.00267912
  91    0.0000607  -0.00089784
  92    0.0000616  -0.00091168
  93    0.0000677  -0.00099534
  94    0.0000653  -0.00096925
  95    0.0000714  -0.00105668
  96    0.0000377  -0.00075741
  97    0.0000390  -0.00078477
  98    0.0000151  -0.00039695
  99    0.0000206  -0.00053495
 100    0.0005714  -0.00056606
 101    0.0000239  -0.00005204
 102    0.0018549  -0.00235273
 103    0.0018634  -0.00235836
 104    0.0018940  -0.00239445
 105    0.0020698  -0.00274489
 106    0.0006086  -0.00128705
 107    0.0005914  -0.00126094
 108    0.0008626  -0.00143012
 109    0.0005027  -0.00087516
 110    0.0004664  -0.00105196
 111    0.0004703  -0.00105294
 112    0.0010324  -0.00172176
 113    0.0006940  -0.00118776
 114    0.0006449  -0.00113118
 115    0.0012576  -0.00205720
 116    0.0007266  -0.00143685
 117    0.0013162  -0.00216377
 118    0.0006974  -0.00131343
 119    0.0007259  -0.00141487
 120    0.0006251  -0.00128367
 121    0.0008263  -0.00161394
 122    0.0005563  -0.00124955
 123    0.0003984  -0.00107591
 124    0.0000573  -0.00083638
 125    0.0000593  -0.00087216
 126    0.0000613  -0.00091995
 127    0.0000586  -0.00087295
 128    0.0000675  -0.00100369
 129    0.0000331  -0.00065962
 130    0.0000336  -0.00066978
 131    0.0000132  -0.00033038
 132    0.0000115  -0.00030478
 133    0.0000681  -0.00011279
 134    0.0000161  -0.00003602
 135    0.0017835  -0.00226545
 136    0.0017761  -0.00225986
 137    0.0018119  -0.00229966
 138    0.0017863  -0.00239666
 139    0.0004730  -0.00106377
 140    0.0004635  -0.00104573
 141    0.0007171  -0.00127729
 142    0.0003149  -0.00058732
 143    0.0004614  -0.00103187
 144    0.0004522  -0.00101966
 145    0.0007609  -0.00142967
 146    0.0005024  -0.00096815
 147    0.0005084  -0.00098614
 148    0.0011917  -0.00199076
 149    0.0006657  -0.00135832
 150    0.0011329  -0.00190968
 151    0.0005490  -0.00114513
 152    0.0005307  -0.00115800
 153    0.0005434  -0.00118404
 154    0.0007601  -0.00150965
 155    0.0004514  -0.00112274
 156    0.0002573  -0.00073550
 157    0.0000552  -0.00081208
 158    0.0000492  -0.00067853
 159    0.0000467  -0.00064629
 160    0.0000480  -0.00066499
 161    0.0000482  -0.00067532
 162    0.0000146  -0.00028472
 163    0.0000159  -0.00031103
 164    0.0000044  -0.00010872
 165    0.0000039  -0.00009715
 166    0.0000113  -0.00003306
 167    0.0000050  -0.00001953
 168    0.0001060  -0.00020428
 169    0.0001033  -0.00020313
 170    0.0001034  -0.00020529
 171    0.0001199  -0.00023761
 172    0.0000912  -0.00027058
 173    0.0000897  -0.00026727
 174    0.0001048  -0.00022785
 175    0.0000716  -0.00019656
 176    0.0000589  -0.00019914
 177    0.0000583  -0.00019776
 178    0.0001280  -0.00026973
 179    0.0000588  -0.00018115
 180    0.0000572  -0.00017875
 181    0.0000783  -0.00019636
 182    0.0000894  -0.00019857
 183    0.0000753  -0.00019495
 184    0.0000446  -0.00014649
 185    0.0000751  -0.00019727
 186    0.0000695  -0.00018850
 187    0.0000618  -0.00020060
 188    0.0000413  -0.00013216
 189    0.0000537  -0.00017564
 190    0.0000057  -0.00028431
 191    0.0000058  -0.00028745
 192    0.0000058  -0.00028705
 193    0.0000058  -0.00028790
 194    0.0000060  -0.00029684
 195    0.0000034  -0.00022208
 196    0.0000034  -0.00022095
 197    0.0000021  -0.00016563
 198    0.0000020  -0.00016318
 199    0.0000089  -0.00002445
 200    0.0000019  -0.00000975
 201    0.0000981  -0.00019873
 202    0.0000991  -0.00019987
 203    0.0000982  -0.00019781
 204    0.0001097  -0.00021958
 205    0.0000879  -0.00026957
 206    0.0000842  -0.00026249
 207    0.0001036  -0.00022070
 208    0.0000230  -0.00008194
 209    0.0000519  -0.00017562
 210    0.0000517  -0.00017499
 211    0.0001037  -0.00023466
 212    0.0000332  -0.00010764
 213    0.0000334  -0.00010642
 214    0.0000736  -0.00019466
 215    0.0000506  -0.00013210
 216    0.0000732  -0.00019770
 217    0.0000391  -0.00011330
 218    0.0000702  -0.00019134
 219    0.0000558  -0.00016906
 220    0.0000539  -0.00017774
 221    0.0000309  -0.00011851
 222    0.0000459  -0.00016066
 223    0.0000005  -0.00000343
 224    0.0000005  -0.00000712
 225    0.0000004  -0.00001036
 226    0.0000004  -0.00001178
 227    0.0000003  -0.00001597
 228    0.0000002  -0.00000168
 229    0.0000003  -0.00000191
 230    0.0000001  -0.00000655
 231    0.0000001  -0.00000085
 232    0.0000064  -0.00001569
 233    0.0000016  -0.00000828
 234    0.0000803  -0.00016641
 235    0.0000833  -0.00016855
 236    0.0000834  -0.00017085
 237    0.0001028  -0.00020947
 238    0.0000480  -0.00016909
 239    0.0000501  -0.00016735
 240    0.0000320  -0.00010574
 241    0.0000217  -0.00008299
 242    0.0000455  -0.00016218
 243    0.0000421  -0.00015050
 244    0.0000520  -0.00015301
 245    0.0000282  -0.00008377
 246    0.0000304  -0.00009943
 247    0.0000668  -0.00019029
 248    0.0000414  -0.00013435
 249    0.0000667  -0.00018546
 250    0.0000357  -0.00011342
 251    0.0000330  -0.00012238
 252    0.0000344  -0.00012180
 253    0.0000451  -0.00014841
 254    0.0000208  -0.00009886
 255    0.0000297  -0.00013263
 256    0.0000003  -0.00001568
 257    0.0000003  -0.00001243
 258    0.0000003  -0.00000881
 259    0.0000003  -0.00000628
 260    0.0000003  -0.00000280
 261    0.0000001  -0.00000920
 262    0.0000001  -0.00000888
 263    0.0000001  0.00000012
 264    0.0000001  -0.00000669
 265    0.0000042  -0.00001039
 266    0.0000012  -0.00000520
 267    0.0000795  -0.00016557
 268    0.0000800  -0.00016631
 269    0.0000817  -0.00017009
 270    0.0000853  -0.00019598
 271    0.0000469  -0.00014662
 272    0.0000472  -0.00014893
 273    0.0000262  -0.00009517
 274    0.0000108  -0.00005007
 275    0.0000417  -0.00015000
 276    0.0000373  -0.00014652
 277    0.0000323  -0.00011437
 278    0.0000259  -0.00008643
 279    0.0000284  -0.00008474
 280    0.0000602  -0.00017089
 281    0.0000303  -0.00011741
 282    0.0000616  -0.00016960
 283    0.0000290  -0.00011353
 284    0.0000278  -0.00011111
 285    0.0000240  -0.00010192
 286    0.0000361  -0.00010806
 287    0.0000144  -0.00007623
 288    0.0000174  -0.00009338
 289    0.0000002  -0.00000244
 290    0.0000002  -0.00000124
 291    0.0000002  -0.00000176
 292    0.0000003  -0.00000281
 293    0.0000002  -0.00000095
 294    0.0000001  -0.00000085
 295    0.0000001  -0.00000060
 296    0.0000001  0.00000013
 297    0.0000001  -0.00000014
 298    0.0000026  -0.00000690
 299    0.0000011  -0.00000383
 300    0.0000775  -0.00016430
 301    0.0000771  -0.00016365
 302    0.0000800  -0.00016699
 303    0.0000758  -0.00017125
 304    0.0000379  -0.00014902
 305    0.0000377  -0.00014991
 306    0.0000215  -0.00006062
 307    0.0000058  -0.00003638
 308    0.0000268  -0.00011709
 309    0.0000273  -0.00011750
 310    0.0000265  -0.00008866
 311    0.0000187  -0.00006617
 312    0.0000221  -0.00006965
 313    0.0000602  -0.00015916
 314    0.0000236  -0.00007663
 315    0.0000497  -0.00014415
 316    0.0000214  -0.00007332
 317    0.0000192  -0.00007007
 318    0.0000204  -0.00006814
 319    0.0000226  -0.00008695
 320    0.0000111  -0.00005460
 321    0.0000138  -0.00007566
 322    0.0000002  -0.00000192
 323    0.0000001  -0.00000089
 324    0.0000002  -0.00000121
 325    0.0000002  -0.00000092
 326    0.0000001  -0.00000059
 327    0.0000001  -0.00000044
 328    0.0000001  -0.00000029
 329    0.0000000  0.00000013
 330    0.0000000  0.00000008
 331    0.0000016  -0.00000577
 332    0.0000008  -0.00000326
 333    0.0000481  -0.00013487
 334    0.0000479  -0.00013477
 335    0.0000487  -0.00013746
 336    0.0000516  -0.00014172
 337    0.0000070  -0.00002807
 338    0.0000070  -0.00002735
 339    0.0000136  -0.00004433
 340    0.0000046  -0.00002491
 341    0.0000052  -0.00002139
 342    0.0000073  -0.00002361
 343    0.0000227  -0.00005440
 344    0.0000068  -0.00002717
 345    0.0000089  -0.00003206
 346    0.0000285  -0.00010080
 347    0.0000202  -0.00005702
 348    0.0000305  -0.00010576
 349    0.0000122  -0.00004684
 350    0.0000106  -0.00003452
 351    0.0000123  -0.00003919
 352    0.0000176  -0.00006653
 353    0.0000093  -0.00003445
 354    0.0000112  -0.00004432
 355    0.0000002  -0.00000169
 356    0.0000001  -0.00000087
 357    0.0000001  -0.00000080
 358    0.0000002  -0.00000019
 359    0.0000001  -0.00000033
 360    0.0000001  -0.00000018
 361    0.0000001  -0.00000007
 362    0.0000000  0.00000011
 363    0.0000000  0.00000009
 364    0.0000016  -0.00000451
 365    0.0000007  -0.00000270
 366    0.0000275  -0.00007622
 367    0.0000266  -0.00007577
 368    0.0000284  -0.00007823
 369    0.0000319  -0.00009158
 370    0.0000055  -0.00002066
 371    0.0000049  -0.00002443
 372    0.0000104  -0.00003397
 373    0.0000029  -0.00001569
 374    0.0000043  -0.00001989
 375    0.0000038  -0.00001886
 376    0.0000131  -0.00003440
 377    0.0000052  -0.00002084
 378    0.0000065  -0.00002484
 379    0.0000174  -0.00006421
 380    0.0000093  -0.00003237
 381    0.0000171  -0.00006467
 382    0.0000079  -0.00002933
 383    0.0000080  -0.00003396
 384    0.0000085  -0.00003065
 385    0.0000113  -0.00005185
 386    0.0000054  -0.00002576
 387    0.0000045  -0.00001752
 388    0.0000001  -0.00000134
 389    0.0000001  -0.00000034
 390    0.0000001  -0.00000055
 391    0.0000002  0.00000003
 392    0.0000001  -0.00000015
 393    0.0000001  -0.00000005
 394    0.0000001  0.00000006
 395    0.0000000  0.00000010
 396    0.0000000  0.00000010
 397    0.0000012  -0.00000376
 398    0.0000006  -0.00000154
 399    0.0000244  -0.00007056
 400    0.0000238  -0.00007024
 401    0.0000242  -0.00007062
 402    0.0000301  -0.00008206
 403    0.0000044  -0.00002342
 404    0.0000045  -0.00001946
 405    0.0000096  -0.00002666
 406    0.0000023  -0.00001127
 407    0.0000033  -0.00001380
 408    0.0000031  -0.00001298
 409    0.0000091  -0.00003004
 410    0.0000043  -0.00001978
 411    0.0000052  -0.00002015
 412    0.0000140  -0.00004808
 413    0.0000090  -0.00003152
 414    0.0000154  -0.00005104
 415    0.0000059  -0.00001840
 416    0.0000055  -0.00002771
 417    0.0000073  -0.00003031
 418    0.0000096  -0.00003434
 419    0.0000034  -0.00001312
 420    0.0000039  -0.00002034
 421    0.0000001  0.00000010
 422    0.0000001  0.00000010
 423    0.0000001  0.00000009
 424    0.0000001  0.00000011
 425    0.0000001  0.00000011
 426    0.0000000  0.00000013
 427    0.0000001  0.00000014
 428    0.0000000  0.00000009
 429    0.0000000  0.00000009
 430    0.0000011  -0.00000337
 431    0.0000003  -0.00000101
 432    0.0000228  -0.00006747
 433    0.0000223  -0.00006685
 434    0.0000232  -0.00006872
 435    0.0000231  -0.00007512
 436    0.0000039  -0.00002083
 437    0.0000036  -0.00002025
 438    0.0000063  -0.00002111
 439    0.0000021  -0.00000702
 440    0.0000027  -0.00001011
 441    0.0000027  -0.00000956
 442    0.0000073  -0.00002726
 443    0.0000034  -0.00001076
 444    0.0000041  -0.00001462
 445    0.0000120  -0.00004666
 446    0.0000081  -0.00002998
 447    0.0000144  -0.00004921
 448    0.0000049  -0.00001743
 449    0.0000052  -0.00002299
 450    0.0000041  -0.00002045
 451    0.0000064  -0.00002757
 452    0.0000032  -0.00001578
 453    0.0000033  -0.00001624
 454    0.0000001  0.00000011
 455    0.0000001  0.00000012
 456    0.0000001  0.00000010
 457    0.0000001  0.00000011
 458    0.0000001  0.00000014
 459    0.0000000  0.00000012
 460    0.0000000  0.00000013
 461    0.0000000  0.00000009
 462    0.0000000  0.00000008
 463    0.0000009  -0.00000279
 464    0.0000003  -0.00000044
 465    0.0000077  -0.00002682
 466    0.0000083  -0.00002756
 467    0.0000082  -0.00002764
 468    0.0000093  -0.00003050
 469    0.0000034  -0.00001564
 470    0.0000031  -0.00001405
 471    0.0000061  -0.00002056
 472    0.0000016  -0.00000606
 473    0.0000025  -0.00001096
 474    0.0000023  -0.00001071
 475    0.0000055  -0.00001950
 476    0.0000028  -0.00000882
 477    0.0000028  -0.00000963
 478    0.0000075  -0.00002971
 479    0.0000060  -0.00002105
 480    0.0000077  -0.00003107
 481    0.0000045  -0.00001605
 482    0.0000039  -0.00001970
 483    0.0000040  -0.00001871
 484    0.0000052  -0.00002643
 485    0.0000029  -0.00001405
 486    0.0000030  -0.00001237
 487    0.0000001  0.00000013
 488    0.0000001  0.00000012
 489    0.0000001  0.00000013
 490    0.0000001  0.00000008
 491    0.0000001  0.00000011
 492    0.0000000  0.00000012
 493    0.0000000  0.00000012
 494    0.0000000  0.00000008
 495    0.0000000  0.00000008
 496    0.0000009  -0.00000239
 497    0.0000003  -0.00000038
 498    0.0000068  -0.00002603
 499    0.0000076  -0.00002685
 500    0.0000069  -0.00002669
 501    0.0000081  -0.00002854
 502    0.0000032  -0.00001302
 503    0.0000026  -0.00001246
 504    0.0000046  -0.00001654
 505    0.0000015  -0.00000427
 506    0.0000022  -0.00000761
 507    0.0000021  -0.00000673
 508    0.0000048  -0.00001819
 509    0.0000024  -0.00000736
 510    0.0000025  -0.00000925
 511    0.0000067  -0.00002988
 512    0.0000043  -0.00002299
 513    0.0000064  -0.00002987
 514    0.0000036  -0.00001312
 515    0.0000036  -0.00001991
 516    0.0000031  -0.00001680
 517    0.0000048  -0.00001997
 518    0.0000024  -0.00001296
 519    0.0000029  -0.00000615
 520    0.0000001  0.00000011
 521    0.0000001  0.00000013
 522    0.0000001  0.00000015
 523    0.0000001  0.00000009
 524    0.0000001  0.00000014
 525    0.0000000  0.00000012
 526    0.0000000  0.00000012
 527    0.0000000  0.00000008
 528    0.0000000  0.00000008
 529    0.0000008  -0.00000218
 530    0.0000002  -0.00000022
 531    0.0000053  -0.00002124
 532    0.0000061  -0.00002140
 533    0.0000058  -0.00002108
 534    0.0000077  -0.00002832
 535    0.0000029  -0.00001086
 536    0.0000023  -0.00000955
 537    0.0000042  -0.00001378
 538    0.0000013  -0.00000267
 539    0.0000018  -0.00000579
 540    0.0000016  -0.00000497
 541    0.0000039  -0.00001794
 542    0.0000023  -0.00000572
 543    0.0000021  -0.00000624
 544    0.0000054  -0.00002369
 545    0.0000040  -0.00001492
 546    0.0000060  -0.00002450
 547    0.0000031  -0.00001055
 548    0.0000021  -0.00000596
 549    0.0000023  -0.00000849
 550    0.0000041  -0.00001843
 551    0.0000023  -0.00000527
 552    0.0000025  -0.00000649
 553    0.0000001  0.00000011
 554    0.0000001  0.00000014
 555    0.0000001  0.00000015
 556    0.0000001  0.00000008
 557    0.0000001  0.00000014
 558    0.0000000  0.00000011
 559    0.0000000  0.00000012
 560    0.0000000  0.00000008
 561    0.0000000  0.00000008
 562    0.0000006  -0.00000137
 563    0.0000002  -0.00000021
 564    0.0000049  -0.00002023
 565    0.0000051  -0.00002091
 566    0.0000053  -0.00002113
 567    0.0000068  -0.00002665
 568    0.0000026  -0.00001061
 569    0.0000020  -0.00000647
 570    0.0000039  -0.00001065
 571    0.0000010  -0.00000239
 572    0.0000016  -0.00000378
 573    0.0000012  -0.00000321
 574    0.0000034  -0.00001392
 575    0.0000021  -0.00000515
 576    0.0000018  -0.00000490
 577    0.0000050  -0.00002265
 578    0.0000025  -0.00000915
 579    0.0000050  -0.00002276
 580    0.0000023  -0.00000648
 581    0.0000017  -0.00000492
 582    0.0000019  -0.00000465
 583    0.0000027  -0.00001532
 584    0.0000020  -0.00000284
 585    0.0000023  -0.00000240
 586    0.0000001  0.00000013
 587    0.0000001  0.00000013
 588    0.0000001  0.00000015
 589    0.0000001  0.00000011
 590    0.0000000  0.00000014
 591    0.0000000  0.00000012
 592    0.0000000  0.00000012
 593    0.0000000  0.00000008
 594    0.0000000  0.00000008
 595    0.0000006  -0.00000130
 596    0.0000002  -0.00000002
 597    0.0000039  -0.00001566
 598    0.0000042  -0.00001570
 599    0.0000045  -0.00001599
 600    0.0000056  -0.00001941
 601    0.0000021  -0.00000867
 602    0.0000017  -0.00000748
 603    0.0000031  -0.00000624
 604    0.0000010  -0.00000224
 605    0.0000012  -0.00000230
 606    0.0000009  -0.00000137
 607    0.0000028  -0.00000751
 608    0.0000019  -0.00000390
 609    0.0000012  -0.00000330
 610    0.0000035  -0.00001985
 611    0.0000022  -0.00000386
 612    0.0000044  -0.00002164
 613    0.0000020  -0.00000446
 614    0.0000015  -0.00000451
 615    0.0000018  -0.00000419
 616    0.0000020  -0.00001126
 617    0.0000018  -0.00000281
 618    0.0000020  -0.00000576
 619    0.0000001  0.00000012
 620    0.0000001  0.00000015
 621    0.0000001  0.00000012
 622    0.0000001  0.00000010
 623    0.0000000  0.00000013
 624    0.0000000  0.00000011
 625    0.0000000  0.00000011
 626    0.0000000  0.00000008
 627    0.0000000  0.00000007
 628    0.0000005  -0.00000092
 629    0.0000002  -0.00000006
 630    0.0000036  -0.00001227
 631    0.0000034  -0.00001244
 632    0.0000039  -0.00001337
 633    0.0000043  -0.00001384
 634    0.0000015  -0.00000113
 635    0.0000013  -0.00000122
 636    0.0000027  -0.00000405
 637    0.0000009  -0.00000201
 638    0.0000011  -0.00000092
 639    0.0000008  -0.00000049
 640    0.0000020  -0.00000554
 641    0.0000018  -0.00000286
 642    0.0000011  -0.00000252
 643    0.0000023  -0.00000819
 644    0.0000018  -0.00000329
 645    0.0000023  -0.00000832
 646    0.0000015  -0.00000381
 647    0.0000015  -0.00000363
 648    0.0000013  -0.00000357
 649    0.0000015  -0.00000392
 650    0.0000015  -0.00000073
 651    0.0000015  -0.00000054
 652    0.0000001  0.00000012
 653    0.0000001  0.00000015
 654    0.0000001  0.00000013
 655    0.0000001  0.00000012
 656    0.0000000  0.00000013
 657    0.0000000  0.00000010
 658    0.0000000  0.00000010
 659    0.0000000  0.00000008
 660    0.0000000  0.00000008
 661    0.0000004  -0.00000067
 662    0.0000002  -0.00000001
 663    0.0000031  -0.00001002
 664    0.0000031  -0.00000997
 665    0.0000030  -0.00001042
 666    0.0000031  -0.00001066
 667    0.0000012  -0.00000073
 668    0.0000010  -0.00000038
 669    0.0000024  -0.00000352
 670    0.0000008  -0.00000112
 671    0.0000009  -0.00000071
 672    0.0000005  -0.00000063
 673    0.0000016  -0.00000497
 674    0.0000015  -0.00000174
 675    0.0000010  -0.00000183
 676    0.0000018  -0.00000618
 677    0.0000017  -0.00000275
 678    0.0000020  -0.00000679
 679    0.0000014  -0.00000280
 680    0.0000012  -0.00000380
 681    0.0000010  -0.00000246
 682    0.0000013  -0.00000401
 683    0.0000013  -0.00000250
 684    0.0000015  -0.00000067
 685    0.0000001  0.00000008
 686    0.0000001  0.00000014
 687    0.0000001  0.00000014
 688    0.0000001  0.00000012
 689    0.0000000  0.00000012
 690    0.0000000  0.00000010
 691    0.0000000  0.00000009
 692    0.0000000  0.00000007
 693    0.0000000  0.00000006
 
----------------
 Final Energies 
----------------
Final NOF Total Energy =    -452.7388467
 
Total Orbital Internal Iterations = 738
Total Occupation Internal Iterations = 68
 
Elapsed time: 6956.92 Seconds

---------------------------------
   Lowdin Population Analysis    
---------------------------------
 Idx  Atom   Population   Charge 
---------------------------------
  1     N     6.424       0.576
  2     N     6.407       0.593
  3     C     6.099      -0.099
  4     C     6.481      -0.481
  5     C     5.941       0.059
  6     C     6.459      -0.459
  7     C     5.733       0.267
  8     O     7.629       0.371
  9     O     7.250       0.750
 10     H     1.102      -0.102
 11     H     1.079      -0.079
 12     H     1.041      -0.041
 13     H     1.036      -0.036
 14     H     1.035      -0.035
 15     H     1.042      -0.042
 16     H     1.241      -0.241

---------------------------------
   M Diagnostic: 0.06
---------------------------------

