Computing Integrals
Elapsed time:    5.01 Seconds

Number of basis functions                   (NBF)    = 321
Number of auxiliary basis functions         (NBFAUX) = 317
Inactive Doubly occupied orbitals up to     (NO1)    = 0
No. considered Strongly Doubly occupied MOs (NDOC)   = 12
No. considered Strongly Singly occupied MOs (NSOC)   = 1
NO. of Weakly occ. per St. Doubly occ.  MOs (NCWO)   = 25
Dimension of the Nat. Orb. subspace         (NBF5)   = 313
No. of electrons                                     = 25
    No. of alpha electrons                           = 13
    No. of beta electrons                            = 12
Multiplicity                                         = 2

Geometry
========
 C      -0.7659500       0.0233400       0.0000000
 C       0.7727700       0.0321400       0.0000000
 O       1.1628100      -1.2709800       0.0000000
 H      -1.1158400       1.0569500       0.0000000
 H      -1.1431100      -0.4829100       0.8883700
 H      -1.1431100      -0.4829100      -0.8883700
 H       1.1162200       0.5621800       0.9015700
 H       1.1162200       0.5621800      -0.9015700

No violations of the orthonormality
No violations of the orthonormality
 
PNOF5/ADAM Calculation
==================
 
  Nitext  Nit_orb  Time   Nit_occ  Time         Eelec          Etot           Ediff      maxdiff    Grad_orb  Grad_occ
0.011052799736687602
0.026921825247100756
     1      10    2.3e+01   18    3.7e+01  -228.67689246  -153.74260074 -10227.67689246   0.142233   1.8e+00   2.2e-04 0.02
0.0010501703876480972
0.002322681648453224
     2      30    1.2e+01    7    1.4e+00  -228.73809670  -153.80380498    -0.06120424   0.003059   2.3e-02   2.7e-04 0.02
0.00028531997767466954
0.000615810452894842
     3      30    1.3e+01    3    8.5e-01  -228.73889602  -153.80460430    -0.00079932   0.004779   3.7e-02   2.3e-04 0.02
0.00019722924478560167
0.00035087028272561677
     4      30    1.3e+01    1    6.0e-01  -228.73902863  -153.80473691    -0.00013261   0.003418   3.6e-02   2.6e-04 0.02
7.344743971312076e-5
0.000163149357570278
     5      30    1.2e+01    5    1.2e+00  -228.73906919  -153.80477747    -0.00004056   0.002455   2.9e-02   2.4e-04 0.02
0.00010414466309038861
0.00020628882872674887
     6      30    1.2e+01    1    6.4e-01  -228.73916654  -153.80487482    -0.00009735   0.003040   3.1e-02   1.7e-04 0.02
0.0
0.0
     7      30    1.2e+01    0    5.2e-01  -228.73916455  -153.80487283     0.00000199   0.004921   3.7e-02   1.4e-04 0.02
0.0
0.0
     8      55    2.1e+01    0    4.7e-01  -228.73922127  -153.80492955    -0.00005672   0.000100   1.2e-03   1.4e-04 0.02
 
RESULTS OF THE OCCUPATION OPTIMIZATION
========================================
   1    1.9997782  -20.58317797
   2    1.9994430  -11.27776448
   3    1.9994413  -11.23061391
   4    1.9848838  -0.98906918
   5    1.9905302  -0.80661462
   6    1.9905318  -0.80625086
   7    1.9860289  -0.75380260
   8    1.9778515  -0.70050531
   9    1.9776977  -0.69926250
  10    1.9782742  -0.68931730
  11    1.9781970  -0.68647608
  12    1.9781856  -0.68629985
  13    1.0000000  -0.30277709
  14    0.0139019  -0.01144337
  15    0.0138952  -0.01144063
  16    0.0138581  -0.01139658
  17    0.0145635  -0.01202221
  18    0.0144104  -0.01195142
  19    0.0110579  -0.01024988
  20    0.0069026  -0.00876035
  21    0.0068919  -0.00874691
  22    0.0126397  -0.01496544
  23    0.0003841  -0.00760319
  24    0.0003847  -0.00762281
  25    0.0001818  -0.00676447
  26    0.0035548  -0.00387386
  27    0.0035574  -0.00387666
  28    0.0035659  -0.00386745
  29    0.0030988  -0.00352597
  30    0.0031013  -0.00352150
  31    0.0011467  -0.00169480
  32    0.0009303  -0.00179584
  33    0.0009251  -0.00177856
  34    0.0012527  -0.00231157
  35    0.0000559  -0.00082698
  36    0.0000592  -0.00086316
  37    0.0000224  -0.00056355
  38    0.0018651  -0.00223243
  39    0.0018600  -0.00222936
  40    0.0018428  -0.00220676
  41    0.0020431  -0.00243820
  42    0.0020422  -0.00243503
  43    0.0007602  -0.00120159
  44    0.0007997  -0.00154670
  45    0.0008057  -0.00154927
  46    0.0006569  -0.00134203
  47    0.0000559  -0.00082556
  48    0.0000545  -0.00080948
  49    0.0000134  -0.00034915
  50    0.0018479  -0.00220883
  51    0.0018445  -0.00220599
  52    0.0018152  -0.00217372
  53    0.0019320  -0.00232263
  54    0.0019332  -0.00231741
  55    0.0007136  -0.00113574
  56    0.0004247  -0.00098072
  57    0.0004118  -0.00096854
  58    0.0004259  -0.00095490
  59    0.0000535  -0.00077820
  60    0.0000497  -0.00072725
  61    0.0000022  -0.00016034
  62    0.0001066  -0.00019968
  63    0.0001065  -0.00019935
  64    0.0001067  -0.00019798
  65    0.0001108  -0.00020689
  66    0.0001110  -0.00020731
  67    0.0000896  -0.00018944
  68    0.0000967  -0.00027879
  69    0.0000950  -0.00027865
  70    0.0000455  -0.00013748
  71    0.0000058  -0.00028574
  72    0.0000060  -0.00028726
  73    0.0000009  -0.00000440
  74    0.0001023  -0.00019588
  75    0.0001024  -0.00019605
  76    0.0001033  -0.00019533
  77    0.0000997  -0.00019591
  78    0.0001021  -0.00019706
  79    0.0000829  -0.00017791
  80    0.0000909  -0.00026987
  81    0.0000826  -0.00026474
  82    0.0000344  -0.00011871
  83    0.0000009  -0.00000290
  84    0.0000006  -0.00000191
  85    0.0000003  -0.00000133
  86    0.0000845  -0.00016406
  87    0.0000860  -0.00016452
  88    0.0000848  -0.00016255
  89    0.0000898  -0.00017184
  90    0.0000897  -0.00017137
  91    0.0000255  -0.00008150
  92    0.0000678  -0.00018660
  93    0.0000576  -0.00017930
  94    0.0000186  -0.00007182
  95    0.0000007  -0.00000255
  96    0.0000004  -0.00001689
  97    0.0000001  -0.00000779
  98    0.0000811  -0.00016136
  99    0.0000815  -0.00016122
 100    0.0000841  -0.00016204
 101    0.0000846  -0.00016655
 102    0.0000858  -0.00016641
 103    0.0000243  -0.00007495
 104    0.0000565  -0.00017355
 105    0.0000572  -0.00017662
 106    0.0000098  -0.00006065
 107    0.0000003  -0.00001533
 108    0.0000002  -0.00000115
 109    0.0000001  0.00000021
 110    0.0000800  -0.00016146
 111    0.0000808  -0.00016159
 112    0.0000813  -0.00016149
 113    0.0000835  -0.00016441
 114    0.0000835  -0.00016560
 115    0.0000179  -0.00004651
 116    0.0000313  -0.00013708
 117    0.0000452  -0.00015289
 118    0.0000074  -0.00004127
 119    0.0000003  -0.00000121
 120    0.0000001  -0.00000018
 121    0.0000001  0.00000021
 122    0.0000541  -0.00013858
 123    0.0000514  -0.00013674
 124    0.0000533  -0.00013803
 125    0.0000546  -0.00013996
 126    0.0000514  -0.00013751
 127    0.0000145  -0.00003795
 128    0.0000141  -0.00005799
 129    0.0000338  -0.00006080
 130    0.0000063  -0.00003062
 131    0.0000001  -0.00000037
 132    0.0000001  0.00000003
 133    0.0000000  0.00000016
 134    0.0000315  -0.00007789
 135    0.0000320  -0.00007808
 136    0.0000315  -0.00007671
 137    0.0000309  -0.00007745
 138    0.0000311  -0.00007704
 139    0.0000071  -0.00002493
 140    0.0000072  -0.00003582
 141    0.0000253  -0.00007026
 142    0.0000041  -0.00002256
 143    0.0000001  -0.00000029
 144    0.0000001  -0.00000003
 145    0.0000000  0.00000015
 146    0.0000270  -0.00006974
 147    0.0000237  -0.00006835
 148    0.0000241  -0.00006823
 149    0.0000277  -0.00007682
 150    0.0000275  -0.00007656
 151    0.0000058  -0.00002314
 152    0.0000069  -0.00002799
 153    0.0000102  -0.00003113
 154    0.0000027  -0.00001335
 155    0.0000001  0.00000021
 156    0.0000001  0.00000023
 157    0.0000000  0.00000015
 158    0.0000242  -0.00006891
 159    0.0000235  -0.00006817
 160    0.0000220  -0.00006657
 161    0.0000246  -0.00006997
 162    0.0000241  -0.00006959
 163    0.0000040  -0.00001688
 164    0.0000053  -0.00002523
 165    0.0000082  -0.00002737
 166    0.0000024  -0.00001448
 167    0.0000001  0.00000023
 168    0.0000001  0.00000023
 169    0.0000000  0.00000014
 170    0.0000098  -0.00002708
 171    0.0000109  -0.00002670
 172    0.0000087  -0.00002585
 173    0.0000108  -0.00002904
 174    0.0000109  -0.00002883
 175    0.0000031  -0.00001468
 176    0.0000050  -0.00002126
 177    0.0000038  -0.00001980
 178    0.0000019  -0.00001192
 179    0.0000001  0.00000020
 180    0.0000001  0.00000024
 181    0.0000000  0.00000014
 182    0.0000090  -0.00002617
 183    0.0000091  -0.00002661
 184    0.0000077  -0.00002580
 185    0.0000090  -0.00002771
 186    0.0000077  -0.00002714
 187    0.0000027  -0.00001219
 188    0.0000043  -0.00001426
 189    0.0000033  -0.00001355
 190    0.0000014  -0.00000721
 191    0.0000001  0.00000022
 192    0.0000001  0.00000022
 193    0.0000000  0.00000013
 194    0.0000064  -0.00002062
 195    0.0000067  -0.00002065
 196    0.0000063  -0.00002040
 197    0.0000068  -0.00002265
 198    0.0000068  -0.00002294
 199    0.0000026  -0.00000674
 200    0.0000039  -0.00001387
 201    0.0000024  -0.00001129
 202    0.0000013  -0.00000665
 203    0.0000001  0.00000021
 204    0.0000001  0.00000023
 205    0.0000000  0.00000012
 206    0.0000054  -0.00002032
 207    0.0000060  -0.00002078
 208    0.0000063  -0.00002023
 209    0.0000064  -0.00002306
 210    0.0000058  -0.00002233
 211    0.0000024  -0.00000301
 212    0.0000035  -0.00000815
 213    0.0000021  -0.00000950
 214    0.0000007  -0.00000304
 215    0.0000001  0.00000021
 216    0.0000001  0.00000025
 217    0.0000000  0.00000013
 218    0.0000049  -0.00001509
 219    0.0000048  -0.00001282
 220    0.0000044  -0.00001472
 221    0.0000057  -0.00001658
 222    0.0000049  -0.00001631
 223    0.0000019  -0.00000241
 224    0.0000033  -0.00000407
 225    0.0000018  -0.00000696
 226    0.0000007  -0.00000059
 227    0.0000001  0.00000020
 228    0.0000001  0.00000022
 229    0.0000000  0.00000012
 230    0.0000035  -0.00001305
 231    0.0000040  -0.00001538
 232    0.0000038  -0.00001182
 233    0.0000042  -0.00001111
 234    0.0000035  -0.00001284
 235    0.0000018  -0.00000111
 236    0.0000026  -0.00000499
 237    0.0000016  -0.00000411
 238    0.0000006  -0.00000017
 239    0.0000001  0.00000020
 240    0.0000001  0.00000024
 241    0.0000000  0.00000012
 242    0.0000033  -0.00000971
 243    0.0000035  -0.00001002
 244    0.0000034  -0.00001111
 245    0.0000038  -0.00001296
 246    0.0000032  -0.00001038
 247    0.0000015  -0.00000084
 248    0.0000026  0.00000024
 249    0.0000013  -0.00000145
 250    0.0000006  0.00000019
 251    0.0000001  0.00000020
 252    0.0000001  0.00000023
 253    0.0000000  0.00000012
 254    0.0000030  -0.00000894
 255    0.0000032  -0.00000972
 256    0.0000030  -0.00000919
 257    0.0000034  -0.00000963
 258    0.0000029  -0.00000901
 259    0.0000012  -0.00000151
 260    0.0000021  -0.00000179
 261    0.0000012  -0.00000202
 262    0.0000006  0.00000047
 263    0.0000001  0.00000021
 264    0.0000001  0.00000021
 265    0.0000000  0.00000013
 266    0.0000026  -0.00000881
 267    0.0000029  -0.00000898
 268    0.0000030  -0.00000915
 269    0.0000031  -0.00000901
 270    0.0000028  -0.00000849
 271    0.0000011  -0.00000085
 272    0.0000021  -0.00000138
 273    0.0000009  -0.00000097
 274    0.0000005  0.00000052
 275    0.0000001  0.00000020
 276    0.0000001  0.00000024
 277    0.0000000  0.00000012
 278    0.0000024  -0.00000742
 279    0.0000029  -0.00000777
 280    0.0000026  -0.00000789
 281    0.0000026  -0.00000842
 282    0.0000024  -0.00000795
 283    0.0000010  -0.00000061
 284    0.0000018  -0.00000207
 285    0.0000008  0.00000030
 286    0.0000005  0.00000062
 287    0.0000001  0.00000021
 288    0.0000001  0.00000024
 289    0.0000000  0.00000012
 290    0.0000018  -0.00000444
 291    0.0000025  -0.00000484
 292    0.0000021  -0.00000464
 293    0.0000019  -0.00000445
 294    0.0000022  -0.00000467
 295    0.0000009  -0.00000082
 296    0.0000017  0.00000025
 297    0.0000005  0.00000006
 298    0.0000005  0.00000054
 299    0.0000001  0.00000021
 300    0.0000001  0.00000023
 301    0.0000000  0.00000012
 302    0.0000014  -0.00000141
 303    0.0000016  -0.00000259
 304    0.0000014  -0.00000176
 305    0.0000012  -0.00000182
 306    0.0000020  -0.00000179
 307    0.0000008  -0.00000071
 308    0.0000010  -0.00000048
 309    0.0000004  0.00000056
 310    0.0000005  0.00000053
 311    0.0000001  0.00000019
 312    0.0000001  0.00000022
 313    0.0000000  0.00000011
 
----------------
 Final Energies 
----------------
Final NOF Total Energy =    -153.8049295
 
Total Orbital Internal Iterations = 245
Total Occupation Internal Iterations = 35
 
Elapsed time:  208.57 Seconds

---------------------------------
   Lowdin Population Analysis    
---------------------------------
 Idx  Atom   Population   Charge 
---------------------------------
  1     C     5.779       0.221
  2     C     6.237      -0.237
  3     O     7.658       0.342
  4     H     1.061      -0.061
  5     H     1.064      -0.064
  6     H     1.064      -0.064
  7     H     1.069      -0.069
  8     H     1.070      -0.070

---------------------------------
   M Diagnostic: 0.02
---------------------------------

