Computing Integrals
Elapsed time:    5.04 Seconds

Number of basis functions                   (NBF)    = 351
Number of auxiliary basis functions         (NBFAUX) = 335
Inactive Doubly occupied orbitals up to     (NO1)    = 0
No. considered Strongly Doubly occupied MOs (NDOC)   = 14
No. considered Strongly Singly occupied MOs (NSOC)   = 0
NO. of Weakly occ. per St. Doubly occ.  MOs (NCWO)   = 24
Dimension of the Nat. Orb. subspace         (NBF5)   = 350
No. of electrons                                     = 28
    No. of alpha electrons                           = 14
    No. of beta electrons                            = 14
Multiplicity                                         = 1

Geometry
========
 C       0.7632600       0.0000000      -0.3998200
 C      -0.7632600       0.0000000      -0.3998200
 H       1.1578400       1.0169300      -0.3997700
 H       1.1578400      -0.5085100       0.4808400
 H       1.1578400      -0.5084200      -1.2805400
 H      -1.1578400      -1.0169300      -0.3997700
 H      -1.1578400       0.5085100       0.4808400
 H      -1.1578400       0.5084200      -1.2805400
Ne       0.0000000      -0.0000000       3.1985800

No violations of the orthonormality
No violations of the orthonormality
 
PNOF5/ADAM Calculation
==================
 
  Nitext  Nit_orb  Time   Nit_occ  Time         Eelec          Etot           Ediff      maxdiff    Grad_orb  Grad_occ
0.007737370112738562
0.016774750638290096
     1      10    2.7e+01   13    4.0e+01  -276.12193704  -208.06911100 -10275.12193704   0.092030   2.0e+00   1.9e-04 0.02
0.0012105856808352078
0.002481325117063626
     2      30    3.3e+01    4    1.3e+00  -276.18516321  -208.13233717    -0.06322617   0.025832   2.3e-01   2.4e-04 0.02
0.0003319860064051605
0.0004754983512895818
     3      30    2.5e+01    1    8.1e-01  -276.18723727  -208.13441123    -0.00207406   0.010592   1.1e-01   2.7e-04 0.02
0.00010379275012146745
0.0002169297224410246
     4      30    4.2e+01    2    1.1e+00  -276.18715594  -208.13432990     0.00008134   0.008216   1.1e-01   2.2e-04 0.02
0.00013980769489618794
0.00028442542651624175
     5      50    5.7e+01    1    9.7e-01  -276.18769603  -208.13486999    -0.00054009   0.001721   1.6e-02   2.6e-04 0.02
0.0
0.0
     6      50    3.0e+01    0    6.1e-01  -276.18767075  -208.13484471     0.00002528   0.002476   3.2e-02   2.2e-04 0.02
0.0
0.0
     7      80    4.8e+01    0    6.6e-01  -276.18771763  -208.13489159    -0.00004688   0.000405   3.9e-03   2.2e-04 0.02
0.0
0.0
     8      90    6.8e+01    0    6.8e-01  -276.18771680  -208.13489076     0.00000082   0.000554   7.7e-03   2.2e-04 0.02
0.0
0.0
     9     115    9.4e+01    0    6.8e-01  -276.18771989  -208.13489385    -0.00000309   0.000098   1.3e-03   2.2e-04 0.02
 
RESULTS OF THE OCCUPATION OPTIMIZATION
========================================
   1    1.9998996  -32.74060314
   2    1.9994437  -11.21036337
   3    1.9994430  -11.21033007
   4    1.9939208  -1.16045442
   5    1.9940830  -1.15914103
   6    1.9938974  -1.15381016
   7    1.9937912  -1.15217713
   8    1.9848516  -0.71520298
   9    1.9779428  -0.66657024
  10    1.9779357  -0.66656873
  11    1.9778838  -0.66641885
  12    1.9778447  -0.66637497
  13    1.9778747  -0.66632915
  14    1.9778547  -0.66632191
  15    0.0141726  -0.01142539
  16    0.0141574  -0.01141937
  17    0.0141758  -0.01142347
  18    0.0141509  -0.01141454
  19    0.0141512  -0.01142118
  20    0.0141541  -0.01142112
  21    0.0115549  -0.01043850
  22    0.0048063  -0.00940830
  23    0.0048209  -0.00942849
  24    0.0048326  -0.00944989
  25    0.0047904  -0.00942201
  26    0.0003830  -0.00757552
  27    0.0003825  -0.00757266
  28    0.0000989  -0.00602621
  29    0.0036677  -0.00391309
  30    0.0036648  -0.00391206
  31    0.0036648  -0.00391138
  32    0.0036514  -0.00390600
  33    0.0035935  -0.00387121
  34    0.0036006  -0.00387406
  35    0.0018506  -0.00236389
  36    0.0005574  -0.00173158
  37    0.0005347  -0.00167884
  38    0.0004554  -0.00152411
  39    0.0005672  -0.00174014
  40    0.0000563  -0.00082696
  41    0.0000564  -0.00082718
  42    0.0000010  -0.00011338
  43    0.0018756  -0.00220305
  44    0.0018829  -0.00220623
  45    0.0018803  -0.00220435
  46    0.0018708  -0.00219965
  47    0.0018781  -0.00220519
  48    0.0018760  -0.00220579
  49    0.0007270  -0.00117787
  50    0.0003880  -0.00125265
  51    0.0003920  -0.00125457
  52    0.0002776  -0.00103561
  53    0.0003662  -0.00121048
  54    0.0000556  -0.00082181
  55    0.0000541  -0.00081101
  56    0.0000002  0.00000068
  57    0.0017715  -0.00213373
  58    0.0017615  -0.00212928
  59    0.0017682  -0.00213247
  60    0.0017729  -0.00213477
  61    0.0017705  -0.00213497
  62    0.0017608  -0.00213030
  63    0.0007075  -0.00116041
  64    0.0003365  -0.00115129
  65    0.0002449  -0.00096960
  66    0.0002430  -0.00096400
  67    0.0002326  -0.00093845
  68    0.0000528  -0.00077779
  69    0.0000529  -0.00077804
  70    0.0000001  -0.00000597
  71    0.0001103  -0.00019959
  72    0.0001129  -0.00020146
  73    0.0001113  -0.00020054
  74    0.0001158  -0.00020271
  75    0.0001167  -0.00020313
  76    0.0001075  -0.00019801
  77    0.0000814  -0.00018499
  78    0.0000352  -0.00014743
  79    0.0000361  -0.00015130
  80    0.0000343  -0.00016052
  81    0.0000340  -0.00015609
  82    0.0000069  -0.00028876
  83    0.0000066  -0.00028774
  84    0.0000000  0.00000014
  85    0.0001010  -0.00019127
  86    0.0000999  -0.00019049
  87    0.0001033  -0.00019285
  88    0.0001008  -0.00019149
  89    0.0001055  -0.00019375
  90    0.0001075  -0.00019496
  91    0.0000753  -0.00017958
  92    0.0000256  -0.00012637
  93    0.0000278  -0.00013460
  94    0.0000254  -0.00012225
  95    0.0000270  -0.00015380
  96    0.0000004  -0.00002010
  97    0.0000009  -0.00000298
  98    0.0000000  0.00000007
  99    0.0000872  -0.00016271
 100    0.0000881  -0.00016400
 101    0.0000883  -0.00016346
 102    0.0000878  -0.00016316
 103    0.0000948  -0.00016702
 104    0.0000866  -0.00016287
 105    0.0000422  -0.00007379
 106    0.0000238  -0.00012470
 107    0.0000145  -0.00009055
 108    0.0000074  -0.00007087
 109    0.0000223  -0.00011550
 110    0.0000002  -0.00000177
 111    0.0000006  -0.00000261
 112    0.0000000  0.00000005
 113    0.0000848  -0.00016175
 114    0.0000862  -0.00016331
 115    0.0000856  -0.00016250
 116    0.0000874  -0.00016332
 117    0.0000881  -0.00016491
 118    0.0000855  -0.00016383
 119    0.0000294  -0.00008156
 120    0.0000086  -0.00007278
 121    0.0000077  -0.00006846
 122    0.0000069  -0.00006592
 123    0.0000140  -0.00008884
 124    0.0000002  -0.00000152
 125    0.0000005  -0.00001432
 126    0.0000000  0.00000004
 127    0.0000845  -0.00016318
 128    0.0000839  -0.00016161
 129    0.0000850  -0.00016349
 130    0.0000872  -0.00016440
 131    0.0000862  -0.00016301
 132    0.0000854  -0.00016227
 133    0.0000256  -0.00007886
 134    0.0000072  -0.00006376
 135    0.0000070  -0.00006462
 136    0.0000055  -0.00005725
 137    0.0000076  -0.00006531
 138    0.0000002  -0.00000108
 139    0.0000003  -0.00000659
 140    0.0000000  0.00000004
 141    0.0000552  -0.00014075
 142    0.0000574  -0.00014164
 143    0.0000567  -0.00014223
 144    0.0000534  -0.00014008
 145    0.0000521  -0.00013794
 146    0.0000495  -0.00013645
 147    0.0000129  -0.00004148
 148    0.0000063  -0.00005017
 149    0.0000047  -0.00004404
 150    0.0000044  -0.00003626
 151    0.0000050  -0.00004661
 152    0.0000001  -0.00000082
 153    0.0000002  -0.00000123
 154    0.0000000  0.00000004
 155    0.0000332  -0.00007851
 156    0.0000277  -0.00007449
 157    0.0000350  -0.00007995
 158    0.0000316  -0.00007776
 159    0.0000339  -0.00007758
 160    0.0000343  -0.00007814
 161    0.0000097  -0.00002687
 162    0.0000025  -0.00001414
 163    0.0000023  -0.00001386
 164    0.0000031  -0.00000343
 165    0.0000024  -0.00001065
 166    0.0000001  -0.00000013
 167    0.0000001  -0.00000038
 168    0.0000000  0.00000004
 169    0.0000254  -0.00006908
 170    0.0000230  -0.00006693
 171    0.0000283  -0.00007053
 172    0.0000259  -0.00006886
 173    0.0000240  -0.00006858
 174    0.0000286  -0.00007049
 175    0.0000072  -0.00002443
 176    0.0000021  -0.00001413
 177    0.0000018  -0.00001057
 178    0.0000027  -0.00000637
 179    0.0000019  -0.00001280
 180    0.0000001  0.00000024
 181    0.0000001  0.00000031
 182    0.0000000  0.00000003
 183    0.0000183  -0.00006326
 184    0.0000227  -0.00006689
 185    0.0000199  -0.00006504
 186    0.0000256  -0.00006908
 187    0.0000184  -0.00006359
 188    0.0000224  -0.00006688
 189    0.0000044  -0.00001775
 190    0.0000019  -0.00000937
 191    0.0000013  -0.00000680
 192    0.0000024  -0.00000639
 193    0.0000014  -0.00000705
 194    0.0000001  0.00000025
 195    0.0000001  0.00000031
 196    0.0000000  0.00000003
 197    0.0000106  -0.00002615
 198    0.0000115  -0.00002669
 199    0.0000104  -0.00002664
 200    0.0000099  -0.00002632
 201    0.0000090  -0.00002622
 202    0.0000135  -0.00002685
 203    0.0000036  -0.00001472
 204    0.0000015  -0.00000385
 205    0.0000012  -0.00000019
 206    0.0000022  -0.00000442
 207    0.0000012  -0.00000526
 208    0.0000001  0.00000028
 209    0.0000001  0.00000032
 210    0.0000000  0.00000003
 211    0.0000080  -0.00002586
 212    0.0000107  -0.00002671
 213    0.0000078  -0.00002572
 214    0.0000082  -0.00002589
 215    0.0000086  -0.00002612
 216    0.0000081  -0.00002612
 217    0.0000030  -0.00001267
 218    0.0000012  0.00000124
 219    0.0000011  0.00000144
 220    0.0000019  -0.00000846
 221    0.0000012  0.00000089
 222    0.0000001  0.00000028
 223    0.0000001  0.00000031
 224    0.0000000  0.00000003
 225    0.0000069  -0.00001956
 226    0.0000061  -0.00001926
 227    0.0000065  -0.00001962
 228    0.0000063  -0.00001936
 229    0.0000071  -0.00002009
 230    0.0000073  -0.00002003
 231    0.0000029  -0.00000968
 232    0.0000008  0.00000134
 233    0.0000007  0.00000145
 234    0.0000017  -0.00000202
 235    0.0000008  0.00000141
 236    0.0000001  0.00000026
 237    0.0000001  0.00000030
 238    0.0000000  0.00000003
 239    0.0000065  -0.00002030
 240    0.0000056  -0.00001995
 241    0.0000062  -0.00002042
 242    0.0000059  -0.00002019
 243    0.0000055  -0.00001994
 244    0.0000067  -0.00002078
 245    0.0000029  -0.00000256
 246    0.0000008  0.00000146
 247    0.0000007  0.00000141
 248    0.0000016  0.00000064
 249    0.0000007  0.00000143
 250    0.0000001  0.00000024
 251    0.0000001  0.00000028
 252    0.0000000  0.00000003
 253    0.0000060  -0.00001480
 254    0.0000050  -0.00001448
 255    0.0000058  -0.00001493
 256    0.0000057  -0.00001507
 257    0.0000049  -0.00001457
 258    0.0000057  -0.00001476
 259    0.0000018  -0.00000229
 260    0.0000007  0.00000139
 261    0.0000006  0.00000118
 262    0.0000016  0.00000126
 263    0.0000005  0.00000117
 264    0.0000001  0.00000025
 265    0.0000001  0.00000028
 266    0.0000000  0.00000003
 267    0.0000049  -0.00001254
 268    0.0000044  -0.00001409
 269    0.0000039  -0.00001447
 270    0.0000040  -0.00001437
 271    0.0000039  -0.00001325
 272    0.0000045  -0.00001381
 273    0.0000017  -0.00000234
 274    0.0000006  0.00000124
 275    0.0000006  0.00000123
 276    0.0000015  0.00000106
 277    0.0000005  0.00000117
 278    0.0000001  0.00000026
 279    0.0000001  0.00000028
 280    0.0000000  0.00000003
 281    0.0000044  -0.00001261
 282    0.0000036  -0.00001083
 283    0.0000033  -0.00001011
 284    0.0000037  -0.00001036
 285    0.0000039  -0.00001104
 286    0.0000037  -0.00001127
 287    0.0000011  -0.00000207
 288    0.0000005  0.00000121
 289    0.0000005  0.00000120
 290    0.0000013  0.00000131
 291    0.0000005  0.00000119
 292    0.0000001  0.00000025
 293    0.0000001  0.00000025
 294    0.0000000  0.00000003
 295    0.0000036  -0.00001155
 296    0.0000034  -0.00001000
 297    0.0000029  -0.00000957
 298    0.0000035  -0.00001011
 299    0.0000026  -0.00000940
 300    0.0000031  -0.00001000
 301    0.0000011  -0.00000122
 302    0.0000004  0.00000120
 303    0.0000004  0.00000121
 304    0.0000012  0.00000146
 305    0.0000005  0.00000114
 306    0.0000001  0.00000024
 307    0.0000001  0.00000024
 308    0.0000000  0.00000003
 309    0.0000025  -0.00000852
 310    0.0000027  -0.00000888
 311    0.0000024  -0.00000849
 312    0.0000030  -0.00000899
 313    0.0000024  -0.00000833
 314    0.0000025  -0.00000867
 315    0.0000010  -0.00000098
 316    0.0000004  0.00000115
 317    0.0000004  0.00000123
 318    0.0000012  0.00000161
 319    0.0000004  0.00000116
 320    0.0000001  0.00000026
 321    0.0000001  0.00000023
 322    0.0000000  0.00000003
 323    0.0000025  -0.00000811
 324    0.0000022  -0.00000788
 325    0.0000021  -0.00000767
 326    0.0000025  -0.00000809
 327    0.0000020  -0.00000776
 328    0.0000018  -0.00000750
 329    0.0000007  -0.00000105
 330    0.0000004  0.00000116
 331    0.0000004  0.00000114
 332    0.0000011  0.00000168
 333    0.0000004  0.00000116
 334    0.0000001  0.00000024
 335    0.0000001  0.00000025
 336    0.0000000  0.00000003
 337    0.0000022  -0.00000511
 338    0.0000017  -0.00000466
 339    0.0000015  -0.00000458
 340    0.0000021  -0.00000495
 341    0.0000017  -0.00000432
 342    0.0000015  -0.00000419
 343    0.0000006  -0.00000096
 344    0.0000003  0.00000096
 345    0.0000004  0.00000110
 346    0.0000010  0.00000165
 347    0.0000004  0.00000120
 348    0.0000001  0.00000024
 349    0.0000001  0.00000025
 350    0.0000000  0.00000002
 
----------------
 Final Energies 
----------------
Final NOF Total Energy =    -208.1348938
 
Total Orbital Internal Iterations = 485
Total Occupation Internal Iterations = 21
 
Elapsed time:  526.65 Seconds

---------------------------------
   Lowdin Population Analysis    
---------------------------------
 Idx  Atom   Population   Charge 
---------------------------------
  1     C     5.796       0.204
  2     C     5.796       0.204
  3     H     1.068      -0.068
  4     H     1.070      -0.070
  5     H     1.069      -0.069
  6     H     1.068      -0.068
  7     H     1.070      -0.070
  8     H     1.069      -0.069
  9    Ne     9.995       0.005

---------------------------------
   M Diagnostic: 0.02
---------------------------------

