Computing Integrals
Elapsed time:    6.44 Seconds

Number of basis functions                   (NBF)    = 576
Number of auxiliary basis functions         (NBFAUX) = 680
Inactive Doubly occupied orbitals up to     (NO1)    = 0
No. considered Strongly Doubly occupied MOs (NDOC)   = 29
No. considered Strongly Singly occupied MOs (NSOC)   = 0
NO. of Weakly occ. per St. Doubly occ.  MOs (NCWO)   = 18
Dimension of the Nat. Orb. subspace         (NBF5)   = 551
No. of electrons                                     = 58
    No. of alpha electrons                           = 29
    No. of beta electrons                            = 29
Multiplicity                                         = 1

Geometry
========
 N       1.3140500       0.0546900       0.0000000
 H       2.3424800       0.1059300       0.0000000
 C       0.7472300      -1.2085000       0.0000000
 O       1.4499500      -2.2215900       0.0000000
 C      -0.6995700      -1.2304000       0.0000000
 H      -1.2055400      -2.1799100       0.0000000
 C      -1.3779700      -0.0639800       0.0000000
 H      -2.4568500      -0.0172900       0.0000000
 N      -0.7307800       1.1373400       0.0000000
 H      -1.2397900       2.0058100       0.0000000
 C       0.6525700       1.2689500       0.0000000
 O       1.2042100       2.3489600       0.0000000

No violations of the orthonormality
No violations of the orthonormality
 
PNOF5/ADAM Calculation
==================
 
  Nitext  Nit_orb  Time   Nit_occ  Time         Eelec          Etot           Ediff      maxdiff    Grad_orb  Grad_occ
0.0640181887836081
0.11719612303753953
     1      10    5.2e+01   22    4.3e+01  -769.52608073  -412.27397674 -10768.52608073   0.361251   6.5e+00   2.6e-04 0.08
0.006699967459069801
0.011929411439699906
     2      30    1.0e+02   14    8.8e+00  -770.46468059  -413.21257660    -0.93859986   0.034058   5.0e-01   2.2e-04 0.06
0.0027779934494292606
0.005404345918179996
     3      30    1.0e+02    7    5.9e+00  -770.48117336  -413.22906937    -0.01649277   0.009623   1.7e-01   3.0e-04 0.06
0.002103828207021317
0.003265744850971415
     4      30    1.0e+02    7    5.8e+00  -770.48257780  -413.23047381    -0.00140444   0.008503   1.7e-01   2.8e-04 0.06
0.0017880928697089349
0.0028952732314390544
     5      30    1.0e+02    7    5.9e+00  -770.48361389  -413.23150990    -0.00103609   0.006223   1.6e-01   2.5e-04 0.05
0.0015065860805733942
0.002889671161097018
     6      30    1.0e+02    7    5.9e+00  -770.48389609  -413.23179210    -0.00028220   0.162822   9.1e-01   2.5e-04 0.05
0.0010735226137105203
0.002364189900089105
     7      30    1.0e+02    9    6.7e+00  -770.48488757  -413.23278358    -0.00099147   0.005828   1.7e-01   2.5e-04 0.05
0.001260812575389337
0.0026573578787682187
     8      30    1.0e+02   10    7.1e+00  -770.48550740  -413.23340341    -0.00061983   0.005638   1.6e-01   2.3e-04 0.05
0.001258269487638155
0.0026179311785343488
     9      30    1.0e+02    4    4.6e+00  -770.48604436  -413.23394037    -0.00053696   0.005374   1.7e-01   2.9e-04 0.04
0.001211398804499348
0.002522406479793768
    10      30    1.0e+02    9    6.7e+00  -770.48630074  -413.23419675    -0.00025638   0.005842   1.8e-01   2.1e-04 0.04
0.0013753707687450961
0.002597123207573533
    11      30    1.0e+02    4    4.6e+00  -770.48694174  -413.23483775    -0.00064100   0.006910   1.7e-01   2.9e-04 0.04
0.0011619633515750696
0.002243828644797243
    12      30    1.0e+02    7    5.9e+00  -770.48721417  -413.23511018    -0.00027243   0.006477   1.7e-01   1.9e-04 0.04
0.0012210689560835548
0.002258733531453185
    13      30    1.0e+02    4    4.6e+00  -770.48733556  -413.23523157    -0.00012139   0.006811   1.9e-01   2.4e-04 0.04
0.0011620443495843832
0.0019631314729746637
    14      50    1.6e+02    4    4.6e+00  -770.48900086  -413.23689687    -0.00166530   0.000775   1.6e-02   2.4e-04 0.03
0.0009206327525735705
0.0016949942700088113
    15      50    1.7e+02    6    5.4e+00  -770.48915830  -413.23705431    -0.00015744   0.001656   2.8e-02   1.8e-04 0.03
0.0008738796357640188
0.0014267249282213285
    16      50    1.6e+02    2    3.8e+00  -770.48934758  -413.23724359    -0.00018928   0.001679   2.6e-02   2.3e-04 0.03
0.0007340658536920952
0.0012728415385640187
    17      50    1.6e+02    7    5.8e+00  -770.48944729  -413.23734330    -0.00009971   0.001386   2.4e-02   2.1e-04 0.03
0.0006685792311738048
0.001159833903303625
    18      50    1.6e+02    2    3.7e+00  -770.48959402  -413.23749003    -0.00014672   0.001525   2.6e-02   2.0e-04 0.03
0.0006255394803517007
0.0010800771182825476
    19      50    1.6e+02    4    4.6e+00  -770.48965979  -413.23755581    -0.00006578   0.001404   2.6e-02   1.8e-04 0.03
0.00039762467736592644
0.0007887937213822558
    20      50    1.6e+02    1    3.3e+00  -770.48972526  -413.23762127    -0.00006546   0.001446   2.8e-02   1.7e-04 0.02
0.00035093225387017313
0.0006576804654418706
    21      50    1.6e+02    1    3.3e+00  -770.48974544  -413.23764145    -0.00002019   0.001497   3.2e-02   1.7e-04 0.02
0.0002974445845342899
0.000566585933633892
    22      50    1.6e+02    1    3.3e+00  -770.48977557  -413.23767158    -0.00003013   0.001491   3.0e-02   1.8e-04 0.02
0.0002687916665683465
0.0004845154734904755
    23      50    1.6e+02    1    3.3e+00  -770.48976601  -413.23766202     0.00000956   0.001656   3.8e-02   1.9e-04 0.02
0.00023212956265172835
0.00042900767193394123
    24      70    2.3e+02    1    3.3e+00  -770.48984454  -413.23774055    -0.00007853   0.000402   4.9e-03   2.0e-04 0.02
0.0002461019686409629
0.00043179455909317144
    25      70    2.3e+02    3    4.2e+00  -770.48985280  -413.23774881    -0.00000826   0.000363   8.4e-03   1.8e-04 0.02
0.00022576284841213656
0.0003598272691714634
    26      70    2.3e+02    1    3.3e+00  -770.48988634  -413.23778235    -0.00003354   0.000332   7.2e-03   1.3e-04 0.02
0.0001949292230190025
0.00032857147685425123
    27      70    2.3e+02    1    3.3e+00  -770.48988939  -413.23778540    -0.00000305   0.012257   6.6e-02   1.5e-04 0.02
0.00015715533589055752
0.0002751147455354038
    28      71    2.3e+02    1    3.3e+00  -770.48990099  -413.23779701    -0.00001161   0.000098   2.5e-03   1.6e-04 0.02
 
RESULTS OF THE OCCUPATION OPTIMIZATION
========================================
   1    1.9997870  -20.53753049
   2    1.9997866  -20.52994268
   3    1.9996500  -15.62400602
   4    1.9996490  -15.61821964
   5    1.9994272  -11.40898621
   6    1.9994375  -11.36772211
   7    1.9994412  -11.32371193
   8    1.9994527  -11.24804153
   9    1.9890476  -1.00399033
  10    1.9884584  -1.00259806
  11    1.9882530  -0.99971042
  12    1.9887304  -0.98987666
  13    1.9820004  -0.90343778
  14    1.9826958  -0.88062424
  15    1.9832023  -0.87905154
  16    1.9810292  -0.87723978
  17    1.9824853  -0.86930851
  18    1.9875954  -0.86609697
  19    1.9786627  -0.79992197
  20    1.9785151  -0.77498108
  21    1.9901572  -0.75018365
  22    1.9901689  -0.74869544
  23    1.9845714  -0.74331999
  24    1.9902545  -0.74057393
  25    1.9900281  -0.74005237
  26    1.9792555  -0.73369706
  27    1.9771129  -0.64373315
  28    1.9889419  -0.60540475
  29    1.9886683  -0.59635565
  30    0.0084292  -0.00717491
  31    0.0083564  -0.00720464
  32    0.0191789  -0.01346403
  33    0.0130758  -0.01128630
  34    0.0077589  -0.00913389
  35    0.0075275  -0.00894992
  36    0.0118221  -0.01047134
  37    0.0076859  -0.00906910
  38    0.0077024  -0.00908591
  39    0.0136445  -0.01204583
  40    0.0191023  -0.01741431
  41    0.0085761  -0.00926062
  42    0.0152391  -0.01549551
  43    0.0141257  -0.01401756
  44    0.0144464  -0.01505078
  45    0.0150697  -0.01560813
  46    0.0132343  -0.01356861
  47    0.0088015  -0.01058209
  48    0.0092443  -0.01104444
  49    0.0090029  -0.01083124
  50    0.0086439  -0.01053289
  51    0.0003827  -0.00759374
  52    0.0003855  -0.00765365
  53    0.0003872  -0.00769024
  54    0.0003925  -0.00777849
  55    0.0002635  -0.00729219
  56    0.0002629  -0.00727915
  57    0.0001843  -0.00681904
  58    0.0001842  -0.00681853
  59    0.0019446  -0.00207772
  60    0.0018392  -0.00199055
  61    0.0020593  -0.00204608
  62    0.0032704  -0.00376977
  63    0.0008768  -0.00165840
  64    0.0008654  -0.00165057
  65    0.0018756  -0.00227881
  66    0.0008472  -0.00161118
  67    0.0008461  -0.00160786
  68    0.0031639  -0.00375735
  69    0.0013361  -0.00190903
  70    0.0014893  -0.00231804
  71    0.0012590  -0.00196758
  72    0.0018177  -0.00272488
  73    0.0013042  -0.00205344
  74    0.0012391  -0.00199740
  75    0.0018590  -0.00282043
  76    0.0009315  -0.00178353
  77    0.0009381  -0.00179589
  78    0.0009726  -0.00184564
  79    0.0009024  -0.00176317
  80    0.0000644  -0.00094983
  81    0.0000652  -0.00095739
  82    0.0000660  -0.00097154
  83    0.0000669  -0.00099117
  84    0.0000377  -0.00075165
  85    0.0000386  -0.00077185
  86    0.0000149  -0.00038293
  87    0.0000145  -0.00037608
  88    0.0003620  -0.00055089
  89    0.0003745  -0.00057360
  90    0.0008083  -0.00101646
  91    0.0020689  -0.00248434
  92    0.0006292  -0.00122778
  93    0.0006372  -0.00124128
  94    0.0007769  -0.00118054
  95    0.0006009  -0.00118161
  96    0.0005989  -0.00117796
  97    0.0022922  -0.00276541
  98    0.0005344  -0.00094048
  99    0.0012736  -0.00195764
 100    0.0004786  -0.00093121
 101    0.0013847  -0.00207735
 102    0.0005417  -0.00102834
 103    0.0004337  -0.00087321
 104    0.0013536  -0.00208670
 105    0.0007584  -0.00142641
 106    0.0007691  -0.00144538
 107    0.0007669  -0.00144249
 108    0.0006446  -0.00126894
 109    0.0000602  -0.00088161
 110    0.0000642  -0.00095353
 111    0.0000584  -0.00085976
 112    0.0000635  -0.00092924
 113    0.0000345  -0.00068112
 114    0.0000346  -0.00068218
 115    0.0000077  -0.00019339
 116    0.0000074  -0.00018390
 117    0.0003228  -0.00050924
 118    0.0002353  -0.00040954
 119    0.0007188  -0.00096949
 120    0.0017006  -0.00214439
 121    0.0003913  -0.00086175
 122    0.0003967  -0.00087241
 123    0.0006521  -0.00098196
 124    0.0003902  -0.00085464
 125    0.0003867  -0.00084851
 126    0.0017276  -0.00224082
 127    0.0002718  -0.00061367
 128    0.0006707  -0.00123702
 129    0.0003989  -0.00080284
 130    0.0012429  -0.00188307
 131    0.0004235  -0.00085042
 132    0.0004225  -0.00085050
 133    0.0011643  -0.00183531
 134    0.0005605  -0.00118408
 135    0.0005762  -0.00121288
 136    0.0005750  -0.00121080
 137    0.0005561  -0.00117788
 138    0.0000322  -0.00044286
 139    0.0000362  -0.00049635
 140    0.0000435  -0.00060044
 141    0.0000424  -0.00058955
 142    0.0000108  -0.00021240
 143    0.0000095  -0.00018980
 144    0.0000040  -0.00010156
 145    0.0000043  -0.00010913
 146    0.0001260  -0.00018308
 147    0.0001125  -0.00016427
 148    0.0000433  -0.00010195
 149    0.0001082  -0.00020630
 150    0.0000885  -0.00025450
 151    0.0000890  -0.00025682
 152    0.0000687  -0.00013549
 153    0.0000863  -0.00024934
 154    0.0000860  -0.00024843
 155    0.0001168  -0.00022212
 156    0.0000448  -0.00012463
 157    0.0001194  -0.00025068
 158    0.0000342  -0.00012268
 159    0.0000725  -0.00018572
 160    0.0000297  -0.00011365
 161    0.0000308  -0.00011389
 162    0.0000709  -0.00019481
 163    0.0000520  -0.00014627
 164    0.0000524  -0.00014388
 165    0.0000550  -0.00015061
 166    0.0000536  -0.00014951
 167    0.0000057  -0.00028596
 168    0.0000058  -0.00028667
 169    0.0000059  -0.00029048
 170    0.0000060  -0.00029269
 171    0.0000034  -0.00022158
 172    0.0000034  -0.00022136
 173    0.0000021  -0.00016683
 174    0.0000021  -0.00016683
 175    0.0000732  -0.00018293
 176    0.0000537  -0.00014554
 177    0.0000258  -0.00008196
 178    0.0001044  -0.00020207
 179    0.0000644  -0.00018959
 180    0.0000651  -0.00019768
 181    0.0000577  -0.00010896
 182    0.0000586  -0.00018478
 183    0.0000569  -0.00017967
 184    0.0001105  -0.00021287
 185    0.0000173  -0.00008046
 186    0.0001069  -0.00023655
 187    0.0000287  -0.00010272
 188    0.0000686  -0.00018647
 189    0.0000204  -0.00009476
 190    0.0000287  -0.00010023
 191    0.0000696  -0.00018384
 192    0.0000511  -0.00014076
 193    0.0000497  -0.00013782
 194    0.0000519  -0.00014222
 195    0.0000455  -0.00013216
 196    0.0000005  -0.00000701
 197    0.0000004  -0.00001169
 198    0.0000003  -0.00001555
 199    0.0000004  -0.00001613
 200    0.0000002  -0.00000281
 201    0.0000002  -0.00000269
 202    0.0000001  -0.00000649
 203    0.0000001  -0.00000294
 204    0.0000248  -0.00007387
 205    0.0000246  -0.00007511
 206    0.0000127  -0.00005576
 207    0.0000915  -0.00018426
 208    0.0000535  -0.00017803
 209    0.0000542  -0.00017451
 210    0.0000426  -0.00011260
 211    0.0000519  -0.00016979
 212    0.0000529  -0.00017226
 213    0.0000947  -0.00019308
 214    0.0000087  -0.00004531
 215    0.0000473  -0.00013547
 216    0.0000188  -0.00004961
 217    0.0000612  -0.00016250
 218    0.0000098  -0.00005665
 219    0.0000205  -0.00005457
 220    0.0000553  -0.00015271
 221    0.0000299  -0.00011241
 222    0.0000300  -0.00011322
 223    0.0000307  -0.00011512
 224    0.0000268  -0.00010597
 225    0.0000003  -0.00001210
 226    0.0000003  -0.00000708
 227    0.0000002  -0.00000200
 228    0.0000002  -0.00000258
 229    0.0000002  -0.00000522
 230    0.0000002  -0.00000244
 231    0.0000001  -0.00000027
 232    0.0000001  -0.00000393
 233    0.0000175  -0.00006157
 234    0.0000206  -0.00006496
 235    0.0000100  -0.00004068
 236    0.0000851  -0.00018284
 237    0.0000457  -0.00016118
 238    0.0000464  -0.00016217
 239    0.0000341  -0.00009415
 240    0.0000495  -0.00016339
 241    0.0000488  -0.00016137
 242    0.0000868  -0.00018421
 243    0.0000060  -0.00002623
 244    0.0000325  -0.00010933
 245    0.0000159  -0.00005370
 246    0.0000518  -0.00013565
 247    0.0000053  -0.00002939
 248    0.0000148  -0.00006041
 249    0.0000472  -0.00012874
 250    0.0000269  -0.00010077
 251    0.0000264  -0.00010173
 252    0.0000263  -0.00009983
 253    0.0000240  -0.00009067
 254    0.0000002  -0.00000198
 255    0.0000002  -0.00000159
 256    0.0000002  -0.00000106
 257    0.0000002  -0.00000098
 258    0.0000001  -0.00000532
 259    0.0000001  -0.00000824
 260    0.0000001  0.00000007
 261    0.0000001  0.00000005
 262    0.0000104  -0.00003344
 263    0.0000135  -0.00003990
 264    0.0000062  -0.00002871
 265    0.0000723  -0.00016335
 266    0.0000343  -0.00013553
 267    0.0000338  -0.00013418
 268    0.0000329  -0.00009476
 269    0.0000333  -0.00013311
 270    0.0000330  -0.00013146
 271    0.0000732  -0.00016740
 272    0.0000036  -0.00001759
 273    0.0000218  -0.00006642
 274    0.0000129  -0.00005167
 275    0.0000421  -0.00011944
 276    0.0000031  -0.00001884
 277    0.0000126  -0.00004657
 278    0.0000426  -0.00012093
 279    0.0000167  -0.00006605
 280    0.0000148  -0.00006151
 281    0.0000170  -0.00006610
 282    0.0000148  -0.00006066
 283    0.0000002  -0.00000138
 284    0.0000002  -0.00000150
 285    0.0000001  -0.00000089
 286    0.0000001  -0.00000081
 287    0.0000001  -0.00000056
 288    0.0000001  -0.00000025
 289    0.0000000  0.00000012
 290    0.0000000  0.00000012
 291    0.0000058  -0.00002538
 292    0.0000075  -0.00003008
 293    0.0000047  -0.00001991
 294    0.0000504  -0.00013659
 295    0.0000069  -0.00002736
 296    0.0000057  -0.00002686
 297    0.0000190  -0.00004406
 298    0.0000060  -0.00002653
 299    0.0000058  -0.00002631
 300    0.0000519  -0.00014195
 301    0.0000031  -0.00001444
 302    0.0000194  -0.00005642
 303    0.0000092  -0.00002927
 304    0.0000303  -0.00009825
 305    0.0000030  -0.00001873
 306    0.0000099  -0.00003323
 307    0.0000302  -0.00010061
 308    0.0000105  -0.00004042
 309    0.0000106  -0.00003912
 310    0.0000109  -0.00004033
 311    0.0000104  -0.00003584
 312    0.0000001  -0.00000120
 313    0.0000001  -0.00000083
 314    0.0000001  -0.00000032
 315    0.0000001  -0.00000047
 316    0.0000001  -0.00000018
 317    0.0000001  -0.00000012
 318    0.0000000  0.00000012
 319    0.0000000  0.00000012
 320    0.0000040  -0.00001891
 321    0.0000044  -0.00001686
 322    0.0000038  -0.00001207
 323    0.0000310  -0.00008293
 324    0.0000047  -0.00002030
 325    0.0000046  -0.00001900
 326    0.0000107  -0.00002631
 327    0.0000040  -0.00001834
 328    0.0000051  -0.00001924
 329    0.0000322  -0.00008866
 330    0.0000021  -0.00000884
 331    0.0000109  -0.00003297
 332    0.0000045  -0.00001394
 333    0.0000161  -0.00005795
 334    0.0000019  -0.00000771
 335    0.0000052  -0.00001578
 336    0.0000163  -0.00005965
 337    0.0000081  -0.00003096
 338    0.0000088  -0.00003280
 339    0.0000082  -0.00003187
 340    0.0000083  -0.00003267
 341    0.0000001  -0.00000044
 342    0.0000001  -0.00000064
 343    0.0000001  -0.00000022
 344    0.0000001  -0.00000020
 345    0.0000001  -0.00000010
 346    0.0000001  -0.00000015
 347    0.0000000  0.00000012
 348    0.0000000  0.00000011
 349    0.0000023  -0.00001104
 350    0.0000038  -0.00001185
 351    0.0000033  -0.00001190
 352    0.0000286  -0.00008194
 353    0.0000035  -0.00001642
 354    0.0000037  -0.00001307
 355    0.0000091  -0.00002454
 356    0.0000036  -0.00001466
 357    0.0000039  -0.00001553
 358    0.0000306  -0.00008797
 359    0.0000015  -0.00000533
 360    0.0000095  -0.00003326
 361    0.0000035  -0.00001080
 362    0.0000148  -0.00005044
 363    0.0000018  -0.00000791
 364    0.0000040  -0.00001106
 365    0.0000142  -0.00005153
 366    0.0000060  -0.00002382
 367    0.0000065  -0.00002618
 368    0.0000064  -0.00002564
 369    0.0000059  -0.00002428
 370    0.0000001  0.00000009
 371    0.0000001  0.00000008
 372    0.0000001  0.00000009
 373    0.0000001  0.00000009
 374    0.0000000  0.00000012
 375    0.0000001  0.00000012
 376    0.0000000  0.00000010
 377    0.0000000  0.00000010
 378    0.0000022  -0.00000907
 379    0.0000026  -0.00001049
 380    0.0000026  -0.00000960
 381    0.0000238  -0.00006885
 382    0.0000034  -0.00001366
 383    0.0000036  -0.00001731
 384    0.0000082  -0.00002011
 385    0.0000031  -0.00001341
 386    0.0000035  -0.00001253
 387    0.0000227  -0.00006843
 388    0.0000014  -0.00000639
 389    0.0000069  -0.00002535
 390    0.0000030  -0.00001062
 391    0.0000123  -0.00004373
 392    0.0000015  -0.00000625
 393    0.0000032  -0.00000700
 394    0.0000126  -0.00004418
 395    0.0000043  -0.00002133
 396    0.0000056  -0.00002336
 397    0.0000051  -0.00002260
 398    0.0000044  -0.00002078
 399    0.0000001  0.00000010
 400    0.0000001  0.00000009
 401    0.0000001  0.00000008
 402    0.0000001  0.00000009
 403    0.0000000  0.00000012
 404    0.0000000  0.00000013
 405    0.0000000  0.00000010
 406    0.0000000  0.00000008
 407    0.0000018  -0.00000661
 408    0.0000024  -0.00000496
 409    0.0000021  -0.00000789
 410    0.0000084  -0.00002923
 411    0.0000028  -0.00001284
 412    0.0000033  -0.00001451
 413    0.0000056  -0.00001630
 414    0.0000029  -0.00001263
 415    0.0000030  -0.00001302
 416    0.0000089  -0.00003062
 417    0.0000011  -0.00000180
 418    0.0000055  -0.00002303
 419    0.0000025  -0.00000798
 420    0.0000084  -0.00003159
 421    0.0000013  -0.00000380
 422    0.0000027  -0.00000858
 423    0.0000075  -0.00003123
 424    0.0000037  -0.00001882
 425    0.0000039  -0.00002104
 426    0.0000045  -0.00002299
 427    0.0000035  -0.00001798
 428    0.0000001  0.00000012
 429    0.0000001  0.00000007
 430    0.0000001  0.00000011
 431    0.0000001  0.00000010
 432    0.0000000  0.00000012
 433    0.0000000  0.00000012
 434    0.0000000  0.00000010
 435    0.0000000  0.00000008
 436    0.0000015  -0.00000412
 437    0.0000021  -0.00000537
 438    0.0000020  -0.00000763
 439    0.0000072  -0.00002678
 440    0.0000024  -0.00001011
 441    0.0000029  -0.00001086
 442    0.0000043  -0.00000971
 443    0.0000023  -0.00000972
 444    0.0000028  -0.00001169
 445    0.0000082  -0.00002832
 446    0.0000010  -0.00000184
 447    0.0000045  -0.00001500
 448    0.0000020  -0.00000762
 449    0.0000065  -0.00002604
 450    0.0000011  -0.00000254
 451    0.0000022  -0.00000787
 452    0.0000070  -0.00002738
 453    0.0000030  -0.00001292
 454    0.0000038  -0.00001455
 455    0.0000031  -0.00001344
 456    0.0000027  -0.00001180
 457    0.0000001  0.00000012
 458    0.0000001  0.00000009
 459    0.0000001  0.00000010
 460    0.0000001  0.00000012
 461    0.0000000  0.00000011
 462    0.0000000  0.00000011
 463    0.0000000  0.00000010
 464    0.0000000  0.00000008
 465    0.0000013  -0.00000414
 466    0.0000019  -0.00000599
 467    0.0000018  -0.00000703
 468    0.0000071  -0.00002637
 469    0.0000024  -0.00000988
 470    0.0000024  -0.00000941
 471    0.0000035  -0.00000877
 472    0.0000023  -0.00000888
 473    0.0000027  -0.00001020
 474    0.0000077  -0.00002778
 475    0.0000009  -0.00000188
 476    0.0000041  -0.00001437
 477    0.0000016  -0.00000540
 478    0.0000065  -0.00002496
 479    0.0000011  -0.00000213
 480    0.0000018  -0.00000551
 481    0.0000063  -0.00002532
 482    0.0000022  -0.00000601
 483    0.0000029  -0.00000779
 484    0.0000020  -0.00000653
 485    0.0000023  -0.00000632
 486    0.0000001  0.00000012
 487    0.0000001  0.00000012
 488    0.0000001  0.00000011
 489    0.0000001  0.00000012
 490    0.0000000  0.00000012
 491    0.0000000  0.00000011
 492    0.0000000  0.00000009
 493    0.0000000  0.00000008
 494    0.0000012  -0.00000300
 495    0.0000016  -0.00000396
 496    0.0000017  -0.00000399
 497    0.0000065  -0.00002457
 498    0.0000020  -0.00000793
 499    0.0000021  -0.00000784
 500    0.0000033  -0.00000895
 501    0.0000019  -0.00000779
 502    0.0000023  -0.00000834
 503    0.0000071  -0.00002634
 504    0.0000007  -0.00000069
 505    0.0000033  -0.00001240
 506    0.0000013  -0.00000171
 507    0.0000047  -0.00002084
 508    0.0000010  -0.00000105
 509    0.0000016  -0.00000269
 510    0.0000048  -0.00002105
 511    0.0000018  -0.00000534
 512    0.0000021  -0.00000580
 513    0.0000017  -0.00000545
 514    0.0000019  -0.00000481
 515    0.0000001  0.00000011
 516    0.0000001  0.00000012
 517    0.0000001  0.00000013
 518    0.0000001  0.00000012
 519    0.0000000  0.00000012
 520    0.0000000  0.00000011
 521    0.0000000  0.00000009
 522    0.0000000  0.00000008
 523    0.0000010  -0.00000189
 524    0.0000014  -0.00000209
 525    0.0000017  -0.00000349
 526    0.0000046  -0.00001918
 527    0.0000012  -0.00000121
 528    0.0000018  -0.00000479
 529    0.0000022  -0.00000562
 530    0.0000013  -0.00000160
 531    0.0000021  -0.00000302
 532    0.0000054  -0.00002065
 533    0.0000006  -0.00000069
 534    0.0000029  -0.00000622
 535    0.0000012  -0.00000199
 536    0.0000041  -0.00002064
 537    0.0000009  -0.00000067
 538    0.0000013  -0.00000219
 539    0.0000041  -0.00002086
 540    0.0000015  -0.00000386
 541    0.0000018  -0.00000412
 542    0.0000014  -0.00000396
 543    0.0000015  -0.00000335
 544    0.0000001  0.00000010
 545    0.0000001  0.00000011
 546    0.0000001  0.00000011
 547    0.0000001  0.00000013
 548    0.0000000  0.00000012
 549    0.0000000  0.00000011
 550    0.0000000  0.00000008
 551    0.0000000  0.00000007
 
----------------
 Final Energies 
----------------
Final NOF Total Energy =    -413.2377970
 
Total Orbital Internal Iterations = 1221
Total Occupation Internal Iterations = 147
 
Elapsed time: 4519.65 Seconds

---------------------------------
   Lowdin Population Analysis    
---------------------------------
 Idx  Atom   Population   Charge 
---------------------------------
  1     N     6.475       0.525
  2     H     1.095      -0.095
  3     C     6.556      -0.556
  4     O     7.772       0.228
  5     C     5.950       0.050
  6     H     1.066      -0.066
  7     C     6.004      -0.004
  8     H     1.052      -0.052
  9     N     6.473       0.527
 10     H     1.134      -0.134
 11     C     6.649      -0.649
 12     O     7.776       0.224

---------------------------------
   M Diagnostic: 0.02
---------------------------------

