Computing Integrals
Elapsed time:    5.79 Seconds

Number of basis functions                   (NBF)    = 522
Number of auxiliary basis functions         (NBFAUX) = 558
Inactive Doubly occupied orbitals up to     (NO1)    = 0
No. considered Strongly Doubly occupied MOs (NDOC)   = 21
No. considered Strongly Singly occupied MOs (NSOC)   = 0
NO. of Weakly occ. per St. Doubly occ.  MOs (NCWO)   = 23
Dimension of the Nat. Orb. subspace         (NBF5)   = 504
No. of electrons                                     = 42
    No. of alpha electrons                           = 21
    No. of beta electrons                            = 21
Multiplicity                                         = 1

Geometry
========
 C       0.8312300       1.1151900       0.0787800
 H       1.4764300       1.9805900       0.1459800
 C       1.3768200      -0.1650600       0.1424800
 H       2.4435400      -0.2929000       0.2649900
 C       0.5454700      -1.2803300       0.0608900
 H       0.9690300      -2.2742400       0.1129900
 C      -0.8309900      -1.1158800      -0.0820700
 H      -1.4758700      -1.9820800      -0.1454700
 C      -1.3769400       0.1652500      -0.1433000
 H      -2.4451900       0.2934200      -0.2554600
 C      -0.5452400       1.2808400      -0.0651600
 H      -0.9683100       2.2752000      -0.1146400

No violations of the orthonormality
No violations of the orthonormality
 
PNOF5/ADAM Calculation
==================
 
  Nitext  Nit_orb  Time   Nit_occ  Time         Eelec          Etot           Ediff      maxdiff    Grad_orb  Grad_occ
0.11818504452467349
0.21222934943174218
     1      10    4.5e+01   16    4.1e+01  -434.64945417  -230.93780500 -10433.64945417   0.126259   2.9e+00   3.0e-04 0.08
0.012147793458265332
0.018709768604732398
     2      30    6.9e+01    7    4.8e+00  -434.93157166  -231.21992250    -0.28211749   0.011432   1.3e-01   2.9e-04 0.05
0.002866303150935612
0.00502782144356722
     3      30    6.7e+01    6    4.5e+00  -434.93446923  -231.22282006    -0.00289756   0.004754   1.4e-01   3.2e-04 0.05
0.0027136285762403567
0.004136342653905866
     4      30    6.8e+01    6    4.5e+00  -434.93708317  -231.22543400    -0.00261394   0.004280   1.0e-01   2.2e-04 0.04
0.0025473840861272024
0.0037771080364211802
     5      30    6.9e+01    6    4.4e+00  -434.93804176  -231.22639260    -0.00095860   0.005525   1.4e-01   1.9e-04 0.04
0.0016729519033262322
0.002696927334548859
     6      30    6.9e+01    6    4.3e+00  -434.93940114  -231.22775198    -0.00135938   0.003636   9.5e-02   2.1e-04 0.03
0.0007861825354444907
0.0014540798506464795
     7      30    6.9e+01    1    2.6e+00  -434.93967640  -231.22802723    -0.00027526   0.005730   1.5e-01   2.2e-04 0.03
0.001780430641409314
0.0030990635080186723
     8      30    7.0e+01    4    3.6e+00  -434.94228933  -231.23064016    -0.00261293   0.003829   9.7e-02   2.8e-04 0.04
0.0012053803025159349
0.001930702830157593
     9      30    6.9e+01    8    5.1e+00  -434.94304160  -231.23139243    -0.00075227   0.005399   1.5e-01   2.4e-04 0.04
0.0006624475241275522
0.0013835316123259186
    10      30    7.0e+01    3    3.3e+00  -434.94427141  -231.23262224    -0.00122981   0.003349   9.3e-02   3.0e-04 0.04
0.0009668010446861729
0.0018732247870881615
    11      30    6.7e+01    5    3.9e+00  -434.94418662  -231.23253745     0.00008479   0.004534   1.2e-01   2.2e-04 0.04
0.0007800164837560714
0.0014877638298383085
    12      50    1.1e+02    5    4.0e+00  -434.94520333  -231.23355416    -0.00101671   0.001493   1.4e-02   2.2e-04 0.04
0.0007739948414116939
0.001358854334079968
    13      50    1.1e+02    7    5.0e+00  -434.94541918  -231.23377001    -0.00021585   0.000811   1.8e-02   2.3e-04 0.04
0.00044738697726027545
0.0009441303888408703
    14      50    1.1e+02    3    3.1e+00  -434.94565672  -231.23400755    -0.00023754   0.000789   1.6e-02   2.1e-04 0.04
0.00047996579239889883
0.0009425674833124881
    15      50    1.1e+02    3    3.2e+00  -434.94577763  -231.23412847    -0.00012092   0.000880   1.6e-02   2.0e-04 0.04
0.0004592056498685642
0.0008432499183384927
    16      50    1.1e+02    3    3.2e+00  -434.94590657  -231.23425740    -0.00012894   0.000810   1.5e-02   2.1e-04 0.04
0.00035825731583243557
0.0006970663497104847
    17      50    1.1e+02    3    3.2e+00  -434.94601721  -231.23436804    -0.00011064   0.001433   1.6e-02   1.9e-04 0.04
0.00028101264211466415
0.000516800592248177
    18      50    1.1e+02    1    2.4e+00  -434.94610588  -231.23445672    -0.00008867   0.000877   1.4e-02   2.1e-04 0.04
0.00017005205327695616
0.0003708722692531733
    19      50    1.1e+02    2    2.7e+00  -434.94613168  -231.23448251    -0.00002580   0.000940   1.4e-02   2.2e-04 0.04
0.00017215085445443368
0.00038703722247470236
    20      50    1.1e+02    1    2.6e+00  -434.94618097  -231.23453180    -0.00004929   0.000813   1.3e-02   1.9e-04 0.04
0.00015353302710991758
0.0003469495495544754
    21      50    1.1e+02    2    2.8e+00  -434.94619625  -231.23454709    -0.00001529   0.000909   1.4e-02   2.4e-04 0.04
0.0
0.0
    22      50    1.1e+02    0    2.0e+00  -434.94623358  -231.23458441    -0.00003732   0.000852   1.3e-02   2.7e-04 0.04
0.00018486371474268903
0.0004038275303918962
    23      60    1.4e+02    1    2.4e+00  -434.94624470  -231.23459553    -0.00001112   0.001748   1.5e-02   2.0e-04 0.04
0.0
0.0
    24      60    1.4e+02    0    2.1e+00  -434.94625843  -231.23460926    -0.00001373   0.000453   6.4e-03   2.2e-04 0.04
0.00015412999182923964
0.00032514704454947107
    25      70    1.6e+02    3    3.2e+00  -434.94626368  -231.23461451    -0.00000524   0.000290   4.0e-03   1.7e-04 0.04
7.646922200739404e-5
0.00019376240034648485
    26      70    1.6e+02    3    3.2e+00  -434.94631527  -231.23466611    -0.00005160   0.000255   3.3e-03   2.6e-04 0.04
0.0
0.0
    27      70    1.6e+02    0    2.1e+00  -434.94635007  -231.23470090    -0.00003479   0.000833   5.4e-03   2.7e-04 0.04
0.00026869936907636394
0.00048303785571636535
    28      80    1.8e+02    1    2.6e+00  -434.94635410  -231.23470494    -0.00000404   0.000125   2.0e-03   2.0e-04 0.04
0.00010748363248954534
0.00019392171927141332
    29      80    1.8e+02    3    3.2e+00  -434.94636221  -231.23471304    -0.00000811   0.000165   2.2e-03   1.5e-04 0.04
0.0
0.0
    30      80    1.8e+02    0    2.1e+00  -434.94639543  -231.23474626    -0.00003322   0.000143   1.6e-03   1.9e-04 0.04
0.0
0.0
    31      90    2.0e+02    0    2.1e+00  -434.94639614  -231.23474697    -0.00000071   0.000102   9.9e-04   2.0e-04 0.04
0.0
0.0
    32      89    2.0e+02    0    2.2e+00  -434.94639672  -231.23474755    -0.00000059   0.000096   1.1e-03   1.9e-04 0.04
 
RESULTS OF THE OCCUPATION OPTIMIZATION
========================================
   1    1.9994486  -11.22492008
   2    1.9994480  -11.22468061
   3    1.9994478  -11.22465041
   4    1.9994472  -11.22455264
   5    1.9994381  -11.22389959
   6    1.9994381  -11.22380133
   7    1.9891569  -0.83358102
   8    1.9891328  -0.83345126
   9    1.9887601  -0.83090431
  10    1.9891413  -0.82788528
  11    1.9782196  -0.70532461
  12    1.9782122  -0.70521194
  13    1.9782012  -0.70105316
  14    1.9781898  -0.70093046
  15    1.9782459  -0.70063924
  16    1.9782329  -0.70058751
  17    1.9840886  -0.64826471
  18    1.9838333  -0.64343771
  19    1.9821315  -0.61440516
  20    1.9821015  -0.61047398
  21    1.9592306  -0.40550586
  22    0.0404914  -0.01547774
  23    0.0150517  -0.01056445
  24    0.0147469  -0.01047230
  25    0.0130198  -0.00999196
  26    0.0126414  -0.00985663
  27    0.0137523  -0.01148430
  28    0.0137258  -0.01147702
  29    0.0137345  -0.01148361
  30    0.0137015  -0.01146690
  31    0.0138546  -0.01158152
  32    0.0138681  -0.01158764
  33    0.0071206  -0.00792037
  34    0.0071364  -0.00790529
  35    0.0071122  -0.00793656
  36    0.0070925  -0.00792305
  37    0.0003792  -0.00754773
  38    0.0003793  -0.00754828
  39    0.0003826  -0.00759349
  40    0.0003828  -0.00759532
  41    0.0003824  -0.00759088
  42    0.0003826  -0.00759230
  43    0.0001425  -0.00013252
  44    0.0013197  -0.00149039
  45    0.0016826  -0.00173184
  46    0.0016507  -0.00183557
  47    0.0016270  -0.00184052
  48    0.0033709  -0.00379304
  49    0.0033885  -0.00380133
  50    0.0034086  -0.00381634
  51    0.0034123  -0.00381775
  52    0.0033824  -0.00381388
  53    0.0033714  -0.00380837
  54    0.0016940  -0.00256163
  55    0.0016925  -0.00253959
  56    0.0017000  -0.00256950
  57    0.0016991  -0.00256886
  58    0.0000643  -0.00094701
  59    0.0000644  -0.00094738
  60    0.0000644  -0.00094749
  61    0.0000645  -0.00094854
  62    0.0000646  -0.00094881
  63    0.0000646  -0.00094865
  64    0.0000678  -0.00008143
  65    0.0007738  -0.00089679
  66    0.0007477  -0.00089678
  67    0.0006945  -0.00091085
  68    0.0008200  -0.00099995
  69    0.0022345  -0.00259620
  70    0.0022478  -0.00260441
  71    0.0022451  -0.00259977
  72    0.0022379  -0.00259465
  73    0.0019701  -0.00236862
  74    0.0019672  -0.00236725
  75    0.0010217  -0.00162575
  76    0.0013025  -0.00189868
  77    0.0009676  -0.00154904
  78    0.0009665  -0.00154768
  79    0.0000588  -0.00086823
  80    0.0000588  -0.00086808
  81    0.0000596  -0.00087857
  82    0.0000596  -0.00087796
  83    0.0000596  -0.00087875
  84    0.0000596  -0.00087791
  85    0.0000434  -0.00006452
  86    0.0006066  -0.00078727
  87    0.0005774  -0.00078088
  88    0.0005758  -0.00081544
  89    0.0005972  -0.00086670
  90    0.0017226  -0.00213469
  91    0.0017013  -0.00211622
  92    0.0017330  -0.00214409
  93    0.0017607  -0.00216589
  94    0.0018543  -0.00224808
  95    0.0018476  -0.00224392
  96    0.0006376  -0.00117755
  97    0.0007117  -0.00128272
  98    0.0006808  -0.00124559
  99    0.0006822  -0.00124771
 100    0.0000517  -0.00070157
 101    0.0000517  -0.00070199
 102    0.0000385  -0.00052559
 103    0.0000377  -0.00051587
 104    0.0000377  -0.00051779
 105    0.0000370  -0.00050905
 106    0.0000091  -0.00002271
 107    0.0000484  -0.00009443
 108    0.0000306  -0.00008172
 109    0.0000470  -0.00010402
 110    0.0000500  -0.00010612
 111    0.0001175  -0.00020992
 112    0.0001174  -0.00020743
 113    0.0001167  -0.00020605
 114    0.0001163  -0.00020794
 115    0.0001300  -0.00022892
 116    0.0001294  -0.00022863
 117    0.0001099  -0.00024139
 118    0.0001169  -0.00024167
 119    0.0001211  -0.00025459
 120    0.0001194  -0.00025265
 121    0.0000058  -0.00028478
 122    0.0000058  -0.00028533
 123    0.0000057  -0.00028572
 124    0.0000057  -0.00028629
 125    0.0000057  -0.00028576
 126    0.0000058  -0.00028559
 127    0.0000038  -0.00001179
 128    0.0000292  -0.00007907
 129    0.0000279  -0.00007987
 130    0.0000440  -0.00009134
 131    0.0000439  -0.00009060
 132    0.0001119  -0.00020391
 133    0.0001106  -0.00020628
 134    0.0001117  -0.00020604
 135    0.0001110  -0.00020373
 136    0.0001179  -0.00021009
 137    0.0001178  -0.00021017
 138    0.0001034  -0.00022899
 139    0.0001074  -0.00023510
 140    0.0001082  -0.00024112
 141    0.0001070  -0.00023974
 142    0.0000006  -0.00000773
 143    0.0000003  -0.00001467
 144    0.0000005  -0.00000563
 145    0.0000003  -0.00001399
 146    0.0000006  -0.00000543
 147    0.0000004  -0.00000495
 148    0.0000031  -0.00001169
 149    0.0000202  -0.00005106
 150    0.0000164  -0.00005652
 151    0.0000305  -0.00008213
 152    0.0000317  -0.00008418
 153    0.0000957  -0.00017898
 154    0.0000975  -0.00017953
 155    0.0000963  -0.00017857
 156    0.0000969  -0.00017935
 157    0.0001107  -0.00019938
 158    0.0001107  -0.00019937
 159    0.0000518  -0.00014651
 160    0.0000471  -0.00013398
 161    0.0000534  -0.00014916
 162    0.0000540  -0.00015034
 163    0.0000003  -0.00001207
 164    0.0000002  -0.00000346
 165    0.0000003  -0.00001325
 166    0.0000003  -0.00000349
 167    0.0000003  -0.00001352
 168    0.0000004  -0.00001393
 169    0.0000014  -0.00000475
 170    0.0000099  -0.00004433
 171    0.0000097  -0.00003743
 172    0.0000267  -0.00006464
 173    0.0000223  -0.00005950
 174    0.0000887  -0.00018281
 175    0.0000897  -0.00018352
 176    0.0000899  -0.00018417
 177    0.0000896  -0.00018340
 178    0.0000891  -0.00018377
 179    0.0000893  -0.00018392
 180    0.0000285  -0.00010354
 181    0.0000287  -0.00010454
 182    0.0000299  -0.00010605
 183    0.0000300  -0.00010591
 184    0.0000002  -0.00000103
 185    0.0000002  -0.00000111
 186    0.0000002  -0.00000128
 187    0.0000002  -0.00000141
 188    0.0000002  -0.00000133
 189    0.0000002  -0.00000206
 190    0.0000014  -0.00000425
 191    0.0000089  -0.00003293
 192    0.0000082  -0.00003201
 193    0.0000223  -0.00006800
 194    0.0000214  -0.00006792
 195    0.0000792  -0.00016509
 196    0.0000800  -0.00016575
 197    0.0000805  -0.00016647
 198    0.0000800  -0.00016596
 199    0.0000829  -0.00016845
 200    0.0000826  -0.00016832
 201    0.0000224  -0.00006096
 202    0.0000212  -0.00007507
 203    0.0000228  -0.00006062
 204    0.0000232  -0.00006092
 205    0.0000001  -0.00000087
 206    0.0000002  -0.00000094
 207    0.0000002  -0.00000102
 208    0.0000001  -0.00000058
 209    0.0000002  -0.00000082
 210    0.0000001  -0.00000062
 211    0.0000008  -0.00000340
 212    0.0000073  -0.00002386
 213    0.0000058  -0.00002163
 214    0.0000172  -0.00003651
 215    0.0000155  -0.00003422
 216    0.0000525  -0.00014195
 217    0.0000528  -0.00014202
 218    0.0000529  -0.00014194
 219    0.0000525  -0.00014173
 220    0.0000533  -0.00014158
 221    0.0000532  -0.00014144
 222    0.0000183  -0.00006266
 223    0.0000187  -0.00005134
 224    0.0000197  -0.00006836
 225    0.0000198  -0.00006859
 226    0.0000001  -0.00000061
 227    0.0000001  -0.00000075
 228    0.0000001  -0.00000043
 229    0.0000001  -0.00000031
 230    0.0000001  -0.00000033
 231    0.0000001  -0.00000030
 232    0.0000008  -0.00000227
 233    0.0000054  -0.00001212
 234    0.0000039  -0.00001135
 235    0.0000070  -0.00001847
 236    0.0000107  -0.00002067
 237    0.0000338  -0.00008859
 238    0.0000337  -0.00008852
 239    0.0000340  -0.00008820
 240    0.0000331  -0.00008779
 241    0.0000323  -0.00008717
 242    0.0000320  -0.00008691
 243    0.0000117  -0.00002800
 244    0.0000096  -0.00003056
 245    0.0000103  -0.00002877
 246    0.0000093  -0.00002934
 247    0.0000001  -0.00000035
 248    0.0000001  -0.00000044
 249    0.0000001  -0.00000009
 250    0.0000001  0.00000002
 251    0.0000001  -0.00000015
 252    0.0000001  0.00000001
 253    0.0000007  -0.00000215
 254    0.0000041  -0.00001064
 255    0.0000019  -0.00000831
 256    0.0000060  -0.00001677
 257    0.0000069  -0.00001708
 258    0.0000303  -0.00008421
 259    0.0000301  -0.00008392
 260    0.0000306  -0.00008409
 261    0.0000302  -0.00008402
 262    0.0000318  -0.00008487
 263    0.0000313  -0.00008462
 264    0.0000088  -0.00002978
 265    0.0000081  -0.00002434
 266    0.0000092  -0.00002840
 267    0.0000085  -0.00002612
 268    0.0000001  0.00000009
 269    0.0000001  0.00000011
 270    0.0000001  0.00000010
 271    0.0000001  0.00000006
 272    0.0000001  0.00000010
 273    0.0000001  0.00000010
 274    0.0000006  -0.00000203
 275    0.0000026  -0.00000841
 276    0.0000018  -0.00000696
 277    0.0000051  -0.00001326
 278    0.0000047  -0.00001290
 279    0.0000229  -0.00006775
 280    0.0000229  -0.00006755
 281    0.0000231  -0.00006825
 282    0.0000234  -0.00006841
 283    0.0000246  -0.00007255
 284    0.0000246  -0.00007250
 285    0.0000056  -0.00002488
 286    0.0000066  -0.00002613
 287    0.0000055  -0.00002298
 288    0.0000070  -0.00002468
 289    0.0000001  0.00000011
 290    0.0000001  0.00000009
 291    0.0000001  0.00000010
 292    0.0000001  0.00000002
 293    0.0000001  0.00000010
 294    0.0000001  0.00000010
 295    0.0000005  -0.00000148
 296    0.0000019  -0.00000684
 297    0.0000013  -0.00000573
 298    0.0000035  -0.00000827
 299    0.0000036  -0.00000894
 300    0.0000095  -0.00002845
 301    0.0000097  -0.00002861
 302    0.0000089  -0.00002784
 303    0.0000094  -0.00002851
 304    0.0000096  -0.00002782
 305    0.0000104  -0.00002795
 306    0.0000046  -0.00002041
 307    0.0000054  -0.00001622
 308    0.0000051  -0.00002050
 309    0.0000054  -0.00002021
 310    0.0000001  0.00000012
 311    0.0000001  0.00000010
 312    0.0000001  0.00000012
 313    0.0000001  0.00000010
 314    0.0000001  0.00000014
 315    0.0000001  0.00000013
 316    0.0000004  -0.00000127
 317    0.0000015  -0.00000657
 318    0.0000011  -0.00000553
 319    0.0000032  -0.00000927
 320    0.0000032  -0.00000954
 321    0.0000090  -0.00002706
 322    0.0000089  -0.00002702
 323    0.0000087  -0.00002755
 324    0.0000083  -0.00002663
 325    0.0000077  -0.00002684
 326    0.0000081  -0.00002693
 327    0.0000040  -0.00001487
 328    0.0000048  -0.00002096
 329    0.0000044  -0.00001766
 330    0.0000045  -0.00001837
 331    0.0000001  0.00000014
 332    0.0000001  0.00000014
 333    0.0000001  0.00000013
 334    0.0000001  0.00000009
 335    0.0000001  0.00000013
 336    0.0000001  0.00000014
 337    0.0000003  -0.00000091
 338    0.0000014  -0.00000431
 339    0.0000009  -0.00000339
 340    0.0000027  -0.00000740
 341    0.0000026  -0.00000800
 342    0.0000075  -0.00002519
 343    0.0000074  -0.00002534
 344    0.0000073  -0.00002506
 345    0.0000072  -0.00002483
 346    0.0000071  -0.00002606
 347    0.0000073  -0.00002641
 348    0.0000035  -0.00001065
 349    0.0000040  -0.00001343
 350    0.0000035  -0.00001196
 351    0.0000032  -0.00001154
 352    0.0000001  0.00000015
 353    0.0000001  0.00000014
 354    0.0000001  0.00000014
 355    0.0000001  0.00000014
 356    0.0000001  0.00000013
 357    0.0000001  0.00000015
 358    0.0000003  -0.00000054
 359    0.0000013  -0.00000303
 360    0.0000008  -0.00000201
 361    0.0000023  -0.00000572
 362    0.0000020  -0.00000434
 363    0.0000065  -0.00002382
 364    0.0000068  -0.00002407
 365    0.0000066  -0.00002388
 366    0.0000062  -0.00002347
 367    0.0000068  -0.00002332
 368    0.0000066  -0.00002332
 369    0.0000028  -0.00000837
 370    0.0000034  -0.00000866
 371    0.0000028  -0.00000873
 372    0.0000027  -0.00000860
 373    0.0000001  0.00000015
 374    0.0000001  0.00000014
 375    0.0000000  0.00000015
 376    0.0000001  0.00000014
 377    0.0000000  0.00000015
 378    0.0000001  0.00000014
 379    0.0000003  -0.00000053
 380    0.0000012  -0.00000196
 381    0.0000008  -0.00000209
 382    0.0000020  -0.00000364
 383    0.0000018  -0.00000392
 384    0.0000058  -0.00001856
 385    0.0000061  -0.00001860
 386    0.0000057  -0.00001852
 387    0.0000055  -0.00001838
 388    0.0000059  -0.00001882
 389    0.0000057  -0.00001873
 390    0.0000023  -0.00000443
 391    0.0000029  -0.00000440
 392    0.0000026  -0.00000467
 393    0.0000020  -0.00000444
 394    0.0000001  0.00000015
 395    0.0000001  0.00000016
 396    0.0000000  0.00000013
 397    0.0000001  0.00000015
 398    0.0000000  0.00000015
 399    0.0000001  0.00000016
 400    0.0000002  -0.00000050
 401    0.0000009  -0.00000164
 402    0.0000008  -0.00000136
 403    0.0000015  -0.00000187
 404    0.0000014  -0.00000168
 405    0.0000046  -0.00001421
 406    0.0000046  -0.00001425
 407    0.0000044  -0.00001416
 408    0.0000045  -0.00001416
 409    0.0000048  -0.00001484
 410    0.0000045  -0.00001461
 411    0.0000020  -0.00000253
 412    0.0000029  -0.00000106
 413    0.0000023  -0.00000450
 414    0.0000018  -0.00000404
 415    0.0000001  0.00000016
 416    0.0000001  0.00000016
 417    0.0000000  0.00000013
 418    0.0000001  0.00000014
 419    0.0000000  0.00000014
 420    0.0000000  0.00000014
 421    0.0000002  -0.00000036
 422    0.0000008  -0.00000135
 423    0.0000007  -0.00000099
 424    0.0000013  -0.00000173
 425    0.0000013  -0.00000172
 426    0.0000036  -0.00001063
 427    0.0000035  -0.00001103
 428    0.0000033  -0.00001150
 429    0.0000036  -0.00001037
 430    0.0000033  -0.00001070
 431    0.0000035  -0.00001076
 432    0.0000016  -0.00000254
 433    0.0000024  -0.00000301
 434    0.0000017  -0.00000340
 435    0.0000016  -0.00000333
 436    0.0000001  0.00000015
 437    0.0000001  0.00000015
 438    0.0000000  0.00000014
 439    0.0000001  0.00000016
 440    0.0000000  0.00000014
 441    0.0000000  0.00000015
 442    0.0000002  -0.00000040
 443    0.0000007  -0.00000078
 444    0.0000005  -0.00000039
 445    0.0000012  -0.00000150
 446    0.0000010  -0.00000139
 447    0.0000030  -0.00001133
 448    0.0000033  -0.00001132
 449    0.0000032  -0.00001048
 450    0.0000034  -0.00001177
 451    0.0000033  -0.00001101
 452    0.0000033  -0.00001103
 453    0.0000015  -0.00000286
 454    0.0000023  -0.00000311
 455    0.0000015  -0.00000310
 456    0.0000013  -0.00000254
 457    0.0000000  0.00000015
 458    0.0000001  0.00000016
 459    0.0000000  0.00000013
 460    0.0000001  0.00000016
 461    0.0000000  0.00000013
 462    0.0000000  0.00000014
 463    0.0000002  -0.00000024
 464    0.0000007  -0.00000030
 465    0.0000005  -0.00000047
 466    0.0000012  -0.00000070
 467    0.0000009  -0.00000085
 468    0.0000025  -0.00000958
 469    0.0000031  -0.00001020
 470    0.0000028  -0.00000981
 471    0.0000028  -0.00000987
 472    0.0000028  -0.00000945
 473    0.0000031  -0.00000948
 474    0.0000013  -0.00000166
 475    0.0000021  -0.00000247
 476    0.0000013  -0.00000269
 477    0.0000012  -0.00000304
 478    0.0000000  0.00000015
 479    0.0000000  0.00000013
 480    0.0000000  0.00000013
 481    0.0000001  0.00000013
 482    0.0000000  0.00000014
 483    0.0000000  0.00000012
 484    0.0000002  -0.00000022
 485    0.0000004  -0.00000033
 486    0.0000005  -0.00000032
 487    0.0000009  -0.00000075
 488    0.0000008  -0.00000052
 489    0.0000022  -0.00000759
 490    0.0000026  -0.00000808
 491    0.0000025  -0.00000791
 492    0.0000024  -0.00000763
 493    0.0000026  -0.00000916
 494    0.0000028  -0.00000951
 495    0.0000008  -0.00000137
 496    0.0000021  -0.00000317
 497    0.0000012  -0.00000200
 498    0.0000010  -0.00000184
 499    0.0000000  0.00000012
 500    0.0000000  0.00000015
 501    0.0000000  0.00000011
 502    0.0000001  0.00000016
 503    0.0000000  0.00000014
 504    0.0000000  0.00000015
 
----------------
 Final Energies 
----------------
Final NOF Total Energy =    -231.2347476
 
Total Orbital Internal Iterations = 1609
Total Occupation Internal Iterations = 109
 
Elapsed time: 4034.75 Seconds

---------------------------------
   Lowdin Population Analysis    
---------------------------------
 Idx  Atom   Population   Charge 
---------------------------------
  1     C     5.936       0.064
  2     H     1.066      -0.066
  3     C     5.937       0.063
  4     H     1.066      -0.066
  5     C     5.929       0.071
  6     H     1.066      -0.066
  7     C     5.929       0.071
  8     H     1.066      -0.066
  9     C     5.937       0.063
 10     H     1.066      -0.066
 11     C     5.936       0.064
 12     H     1.066      -0.066

---------------------------------
   M Diagnostic: 0.04
---------------------------------

