C11_C.jld not found
C11_n.jld not found
Computing Integrals
Elapsed time:   22.34 Seconds

Number of basis functions                   (NBF)    = 1104
Number of auxiliary basis functions         (NBFAUX) = 1162
Inactive Doubly occupied orbitals up to     (NO1)    = 0
No. considered Strongly Doubly occupied MOs (NDOC)   = 48
No. considered Strongly Singly occupied MOs (NSOC)   = 0
NO. of Weakly occ. per St. Doubly occ.  MOs (NCWO)   = 22
Dimension of the Nat. Orb. subspace         (NBF5)   = 1104
No. of electrons                                     = 96
    No. of alpha electrons                           = 48
    No. of beta electrons                            = 48
Multiplicity                                         = 1

Geometry
========
 C       2.3502100       0.6149600       0.2599100
 C       1.4760600      -0.6028300      -0.0274000
 C       0.1198900      -0.2496000      -0.6539500
 C      -0.9273900       0.3207600       0.3344200
 C      -1.8402200      -0.8904100       0.6244500
 O      -1.3012200      -1.7280000       1.6463200
 C      -1.7762900      -1.6522800      -0.6908500
 O       3.5966700       0.2378400       0.8257100
 O      -1.7452500       1.3272600      -0.2472900
 O       2.2338500      -1.4110600      -0.9303100
 O      -0.4400500      -1.4724000      -1.1782000
 C      -1.1384300       2.6088600      -0.3279300
 H       2.5006100       1.1758100      -0.6761600
 H       1.8699500       1.2772100       0.9869000
 H       1.3029800      -1.1584800       0.9058100
 H       0.2682200       0.4417700      -1.4942200
 H      -0.4653900       0.6997200       1.2588200
 H      -2.8548000      -0.5560000       0.8692400
 H      -1.4014400      -1.2925300       2.5029400
 H      -1.9543600      -2.7221300      -0.5602200
 H      -2.4976600      -1.2366800      -1.4067000
 H       3.9561500      -0.4678900       0.2675900
 H       1.6527200      -2.1271200      -1.2284200
 H      -0.8507100       2.9734400       0.6695100
 H      -0.2504100       2.6070300      -0.9751000
 H      -1.8837100       3.2827500      -0.7548700

No violations of the orthonormality
No violations of the orthonormality
 
PNOF5/ADAM Calculation
==================
 
  Nitext  Nit_orb  Time   Nit_occ  Time         Eelec          Etot           Ediff      maxdiff    Grad_orb  Grad_occ
0.0009821835267582735
0.006216830930467208
     1      10    3.9e+02   26    1.1e+02 -1328.98178634  -514.22154592 -11327.98178634   6.617588   3.2e+02   1.5e-04 0.00
0.001428885670707425
0.005269782224231127
     2      10    3.7e+02   56    1.7e+02 -1420.97639066  -606.21615024   -91.99460432   2.639658   3.5e+01   2.2e-04 0.00
0.0035771800842275825
0.012255731537189667
     3      10    3.7e+02   41    1.2e+02 -1438.88029291  -624.12005249   -17.90390225   0.864963   2.3e+01   3.0e-04 0.01
0.004562027849795183
0.013296159962889883
     4      10    3.7e+02   43    1.2e+02 -1441.82227503  -627.06203461    -2.94198212   0.878897   2.1e+01   2.6e-04 0.02
0.0026139618289890403
0.009437012644585074
     5      10    3.7e+02   31    9.4e+01 -1443.78761745  -629.02737703    -1.96534242   1.020961   2.3e+01   3.3e-04 0.02
0.003242689181505165
0.011728000289907559
     6      10    3.7e+02   36    1.1e+02 -1443.32059903  -628.56035861     0.46701842   1.273394   2.5e+01   3.0e-04 0.02
0.005193277317705469
0.01345285337241586
     7      30    1.1e+03   31    9.5e+01 -1460.17875525  -645.41851483   -16.85815622   0.319533   3.7e+00   3.2e-04 0.02
0.003393516669895291
0.011630772980878787
     8      30    1.0e+03   29    9.0e+01 -1462.28257482  -647.52233440    -2.10381958   0.108567   1.4e+00   3.9e-04 0.03
0.004543694636608546
0.012769901568038304
     9      30    1.1e+03   24    7.9e+01 -1463.07370223  -648.31346181    -0.79112740   0.161615   1.3e+00   4.0e-04 0.02
0.002821969075015196
0.009794602731556882
    10      30    1.1e+03   22    7.5e+01 -1463.42827091  -648.66803049    -0.35456868   0.104141   7.9e-01   3.6e-04 0.02
0.0026098667061157377
0.007928886287370531
    11      30    1.1e+03   23    7.7e+01 -1463.52520261  -648.76496219    -0.09693170   0.041823   6.1e-01   3.3e-04 0.02
0.0034823260765894926
0.007274752688295226
    12      30    1.1e+03   34    1.0e+02 -1463.57340129  -648.81316087    -0.04819868   0.011594   5.3e-01   3.1e-04 0.02
0.002444529877708268
0.006194793669026369
    13      30    1.1e+03   13    5.5e+01 -1463.60153205  -648.84129163    -0.02813076   0.009936   5.0e-01   3.6e-04 0.02
0.0021957861836588988
0.0047049099629778565
    14      30    1.0e+03   17    6.3e+01 -1463.61862659  -648.85838617    -0.01709454   0.014497   4.8e-01   2.8e-04 0.02
0.0015876174551454625
0.003404883881842092
    15      30    1.1e+03   13    5.5e+01 -1463.62936561  -648.86912519    -0.01073902   0.010213   4.5e-01   2.9e-04 0.02
0.001213026465881617
0.0020461581904130206
    16      30    1.1e+03    8    4.4e+01 -1463.63522864  -648.87498822    -0.00586303   0.012292   4.1e-01   3.0e-04 0.02
0.000556456211227907
0.0009982273423799805
    17      30    1.0e+03   15    6.0e+01 -1463.63666530  -648.87642488    -0.00143666   0.011778   4.1e-01   2.2e-04 0.02
0.00022969275975259773
0.0003651171168916078
    18      30    1.0e+03    3    3.4e+01 -1463.63885628  -648.87861586    -0.00219098   0.010474   3.5e-01   1.9e-04 0.02
0.00010922058518025857
0.0002563831274581475
    19      30    1.1e+03    3    3.3e+01 -1463.64014323  -648.87990281    -0.00128695   0.007818   3.1e-01   1.6e-04 0.02
0.00011824867589493859
0.00029111925213985874
    20      30    1.0e+03    1    2.9e+01 -1463.64077448  -648.88053406    -0.00063125   0.006742   2.7e-01   2.3e-04 0.02
7.46209041767587e-5
0.00024183195055314357
    21      30    1.0e+03    1    2.9e+01 -1463.64091511  -648.88067469    -0.00014063   0.009234   2.8e-01   2.0e-04 0.02
0.00010542773945110273
0.0002664469438136988
    22      30    1.1e+03    1    2.9e+01 -1463.64103757  -648.88079715    -0.00012246   0.008548   2.6e-01   2.2e-04 0.02
0.00012938692584496536
0.00028603471954136953
    23      30    1.1e+03    1    2.9e+01 -1463.64148529  -648.88124487    -0.00044772   0.008285   2.4e-01   2.2e-04 0.02
0.00011314767574976958
0.00026614080668917574
    24      30    1.0e+03    1    2.9e+01 -1463.64190576  -648.88166534    -0.00042047   0.010279   2.2e-01   2.1e-04 0.02
0.0
0.0
    25      30    1.1e+03    0    2.7e+01 -1463.64210565  -648.88186524    -0.00019990   0.006727   1.9e-01   3.1e-04 0.02
0.0
0.0
    26      40    1.4e+03    0    2.6e+01 -1463.64297752  -648.88273711    -0.00087187   0.005136   1.1e-01   2.0e-04 0.02
0.0
0.0
    27      50    1.7e+03    0    2.7e+01 -1463.64323331  -648.88299289    -0.00025579   0.002960   6.0e-02   2.2e-04 0.02
0.0
0.0
    28      60    2.0e+03    0    2.6e+01 -1463.64334693  -648.88310651    -0.00011362   0.000921   1.8e-02   2.1e-04 0.02
0.0
0.0
    29      70    2.3e+03    0    2.6e+01 -1463.64335489  -648.88311447    -0.00000796   0.001195   1.3e-02   2.1e-04 0.02
0.0
0.0
    30      80    2.6e+03    0    2.7e+01 -1463.64335971  -648.88311930    -0.00000483   0.001200   7.8e-03   2.1e-04 0.02
0.0
0.0
    31      90    3.0e+03    0    2.6e+01 -1463.64334641  -648.88310599     0.00001331   0.006546   3.5e-02   2.1e-04 0.02
0.0
0.0
    32      87    2.9e+03    0    2.6e+01 -1463.64336387  -648.88312345    -0.00001746   0.000099   1.2e-03   2.1e-04 0.02
 
RESULTS OF THE OCCUPATION OPTIMIZATION
========================================
   1    1.9997749  -20.56467162
   2    1.9997836  -20.56149431
   3    1.9997787  -20.54994830
   4    1.9997750  -20.54513531
   5    1.9997764  -20.53949693
   6    1.9994263  -11.29574448
   7    1.9994292  -11.29091253
   8    1.9994303  -11.28844444
   9    1.9994237  -11.28545914
  10    1.9994278  -11.27941673
  11    1.9994296  -11.27598701
  12    1.9994312  -11.27437972
  13    1.9824316  -0.92101179
  14    1.9822613  -0.92087949
  15    1.9819960  -0.91636695
  16    1.9800329  -0.91565570
  17    1.9820013  -0.90178276
  18    1.9812810  -0.89904647
  19    1.9819344  -0.89468717
  20    1.9818975  -0.89398148
  21    1.9813121  -0.89348171
  22    1.9807021  -0.89004092
  23    1.9847521  -0.77086502
  24    1.9839310  -0.76633239
  25    1.9838293  -0.76332478
  26    1.9844136  -0.76317855
  27    1.9847885  -0.76033297
  28    1.9906472  -0.75550579
  29    1.9907434  -0.75420278
  30    1.9901749  -0.75124904
  31    1.9907939  -0.74936651
  32    1.9901558  -0.74846244
  33    1.9907184  -0.74547469
  34    1.9901852  -0.73381806
  35    1.9898533  -0.72953642
  36    1.9900956  -0.72286173
  37    1.9898396  -0.72160072
  38    1.9779845  -0.72106418
  39    1.9779587  -0.71365967
  40    1.9777820  -0.70867516
  41    1.9779560  -0.70865763
  42    1.9776737  -0.70712855
  43    1.9778966  -0.70504836
  44    1.9779784  -0.70262664
  45    1.9776402  -0.70058429
  46    1.9778630  -0.70023183
  47    1.9778632  -0.69279150
  48    1.9775018  -0.69032493
  49    0.0148096  -0.01213387
  50    0.0146225  -0.01209004
  51    0.0145813  -0.01210503
  52    0.0146781  -0.01214897
  53    0.0144108  -0.01202101
  54    0.0147153  -0.01223506
  55    0.0145310  -0.01206931
  56    0.0143547  -0.01199559
  57    0.0144925  -0.01209192
  58    0.0145137  -0.01216885
  59    0.0145537  -0.01222118
  60    0.0079639  -0.00928051
  61    0.0079022  -0.00923064
  62    0.0080517  -0.00938010
  63    0.0076660  -0.00910622
  64    0.0072635  -0.00882325
  65    0.0077355  -0.00921500
  66    0.0070986  -0.00870647
  67    0.0076665  -0.00917569
  68    0.0071597  -0.00877595
  69    0.0073289  -0.00891082
  70    0.0121429  -0.01133736
  71    0.0124737  -0.01157093
  72    0.0130418  -0.01192598
  73    0.0128907  -0.01181793
  74    0.0121001  -0.01138065
  75    0.0157679  -0.01646866
  76    0.0167665  -0.01723019
  77    0.0161593  -0.01679754
  78    0.0159734  -0.01667852
  79    0.0152472  -0.01618269
  80    0.0159739  -0.01672931
  81    0.0164002  -0.01711692
  82    0.0159480  -0.01682523
  83    0.0158333  -0.01679652
  84    0.0155470  -0.01656052
  85    0.0003860  -0.00763608
  86    0.0003863  -0.00764287
  87    0.0003854  -0.00763110
  88    0.0003867  -0.00765000
  89    0.0003859  -0.00763897
  90    0.0003860  -0.00764085
  91    0.0003865  -0.00765104
  92    0.0001857  -0.00685660
  93    0.0001862  -0.00686545
  94    0.0001865  -0.00687143
  95    0.0001856  -0.00685963
  96    0.0001860  -0.00686297
  97    0.0030815  -0.00353720
  98    0.0028530  -0.00337383
  99    0.0030476  -0.00352060
 100    0.0030681  -0.00355694
 101    0.0030524  -0.00353618
 102    0.0028576  -0.00340241
 103    0.0032552  -0.00368642
 104    0.0031936  -0.00364426
 105    0.0032016  -0.00366367
 106    0.0029333  -0.00346600
 107    0.0028939  -0.00345388
 108    0.0008259  -0.00157046
 109    0.0008110  -0.00155111
 110    0.0007577  -0.00150648
 111    0.0007646  -0.00153155
 112    0.0007904  -0.00158125
 113    0.0007678  -0.00152523
 114    0.0007807  -0.00156835
 115    0.0008287  -0.00159607
 116    0.0007446  -0.00151318
 117    0.0007633  -0.00154134
 118    0.0011057  -0.00178990
 119    0.0011364  -0.00182999
 120    0.0011489  -0.00181266
 121    0.0012284  -0.00190015
 122    0.0011565  -0.00184949
 123    0.0016484  -0.00267722
 124    0.0010286  -0.00184274
 125    0.0010525  -0.00187835
 126    0.0011216  -0.00195160
 127    0.0016286  -0.00266849
 128    0.0010571  -0.00191061
 129    0.0017251  -0.00275934
 130    0.0011119  -0.00196128
 131    0.0010039  -0.00184521
 132    0.0010457  -0.00189919
 133    0.0000633  -0.00091215
 134    0.0000644  -0.00092753
 135    0.0000653  -0.00094809
 136    0.0000671  -0.00097324
 137    0.0000647  -0.00093755
 138    0.0000651  -0.00093917
 139    0.0000656  -0.00095072
 140    0.0000199  -0.00050520
 141    0.0000202  -0.00051650
 142    0.0000183  -0.00046001
 143    0.0000185  -0.00046612
 144    0.0000206  -0.00052506
 145    0.0019847  -0.00237280
 146    0.0020265  -0.00242622
 147    0.0019467  -0.00237564
 148    0.0020201  -0.00243458
 149    0.0020088  -0.00244518
 150    0.0019695  -0.00238574
 151    0.0020184  -0.00241535
 152    0.0019843  -0.00239560
 153    0.0020326  -0.00245075
 154    0.0019893  -0.00241761
 155    0.0020006  -0.00243087
 156    0.0005566  -0.00110193
 157    0.0004757  -0.00102981
 158    0.0005817  -0.00111688
 159    0.0005955  -0.00114792
 160    0.0005579  -0.00112568
 161    0.0005727  -0.00113067
 162    0.0005852  -0.00117031
 163    0.0005379  -0.00109646
 164    0.0005773  -0.00117640
 165    0.0005797  -0.00117383
 166    0.0008499  -0.00138870
 167    0.0008720  -0.00141257
 168    0.0009211  -0.00146251
 169    0.0008219  -0.00133806
 170    0.0008677  -0.00140461
 171    0.0008105  -0.00144421
 172    0.0004160  -0.00087425
 173    0.0004294  -0.00089778
 174    0.0004401  -0.00092650
 175    0.0008234  -0.00146383
 176    0.0004497  -0.00093189
 177    0.0008386  -0.00147337
 178    0.0004300  -0.00091414
 179    0.0004011  -0.00087620
 180    0.0004450  -0.00094230
 181    0.0000582  -0.00085675
 182    0.0000571  -0.00083594
 183    0.0000586  -0.00086372
 184    0.0000588  -0.00085626
 185    0.0000571  -0.00084299
 186    0.0000618  -0.00090838
 187    0.0000616  -0.00090563
 188    0.0000122  -0.00032435
 189    0.0000125  -0.00032722
 190    0.0000107  -0.00027909
 191    0.0000095  -0.00025303
 192    0.0000124  -0.00032490
 193    0.0019823  -0.00236483
 194    0.0020200  -0.00243141
 195    0.0019237  -0.00232742
 196    0.0019637  -0.00235169
 197    0.0019160  -0.00231793
 198    0.0019524  -0.00239517
 199    0.0018690  -0.00225911
 200    0.0018650  -0.00226516
 201    0.0018512  -0.00226023
 202    0.0019733  -0.00241010
 203    0.0019478  -0.00237846
 204    0.0005261  -0.00106715
 205    0.0004343  -0.00099418
 206    0.0004789  -0.00101717
 207    0.0005108  -0.00105133
 208    0.0003940  -0.00092047
 209    0.0004802  -0.00103331
 210    0.0004851  -0.00104557
 211    0.0005113  -0.00106051
 212    0.0005004  -0.00108855
 213    0.0004075  -0.00093651
 214    0.0007771  -0.00129003
 215    0.0007653  -0.00127576
 216    0.0007492  -0.00124695
 217    0.0008107  -0.00132204
 218    0.0008000  -0.00132544
 219    0.0007711  -0.00136798
 220    0.0003695  -0.00080518
 221    0.0003428  -0.00078485
 222    0.0004178  -0.00087674
 223    0.0007298  -0.00134102
 224    0.0004075  -0.00086043
 225    0.0007032  -0.00129747
 226    0.0004029  -0.00086301
 227    0.0003859  -0.00085120
 228    0.0004111  -0.00087576
 229    0.0000543  -0.00079038
 230    0.0000554  -0.00080220
 231    0.0000554  -0.00080789
 232    0.0000566  -0.00082100
 233    0.0000544  -0.00079961
 234    0.0000511  -0.00073578
 235    0.0000524  -0.00075725
 236    0.0000034  -0.00008408
 237    0.0000037  -0.00009681
 238    0.0000032  -0.00008536
 239    0.0000019  -0.00015597
 240    0.0000037  -0.00009636
 241    0.0001138  -0.00020950
 242    0.0001053  -0.00020081
 243    0.0001132  -0.00021035
 244    0.0001027  -0.00020285
 245    0.0001093  -0.00020591
 246    0.0001032  -0.00019717
 247    0.0001166  -0.00021335
 248    0.0001151  -0.00021340
 249    0.0001150  -0.00021292
 250    0.0001088  -0.00020780
 251    0.0001057  -0.00020276
 252    0.0000651  -0.00020718
 253    0.0000669  -0.00021227
 254    0.0000614  -0.00020302
 255    0.0000636  -0.00020567
 256    0.0000739  -0.00022435
 257    0.0000644  -0.00020941
 258    0.0000644  -0.00021054
 259    0.0000679  -0.00021157
 260    0.0000670  -0.00021119
 261    0.0000681  -0.00021372
 262    0.0001073  -0.00021864
 263    0.0001056  -0.00021571
 264    0.0000953  -0.00019813
 265    0.0000957  -0.00019785
 266    0.0001021  -0.00021133
 267    0.0000696  -0.00020159
 268    0.0000219  -0.00007885
 269    0.0000330  -0.00009448
 270    0.0000280  -0.00009393
 271    0.0000659  -0.00019570
 272    0.0000271  -0.00009156
 273    0.0000642  -0.00019351
 274    0.0000270  -0.00009387
 275    0.0000299  -0.00009445
 276    0.0000291  -0.00009615
 277    0.0000058  -0.00028721
 278    0.0000059  -0.00028903
 279    0.0000057  -0.00028795
 280    0.0000059  -0.00028958
 281    0.0000056  -0.00028271
 282    0.0000058  -0.00028899
 283    0.0000058  -0.00028968
 284    0.0000020  -0.00016135
 285    0.0000021  -0.00016532
 286    0.0000021  -0.00016507
 287    0.0000006  -0.00000597
 288    0.0000021  -0.00016413
 289    0.0001015  -0.00019693
 290    0.0001022  -0.00019952
 291    0.0001051  -0.00020112
 292    0.0001002  -0.00019663
 293    0.0001017  -0.00019961
 294    0.0000997  -0.00019898
 295    0.0001050  -0.00020094
 296    0.0000950  -0.00019617
 297    0.0001003  -0.00019789
 298    0.0001023  -0.00019652
 299    0.0000998  -0.00019551
 300    0.0000585  -0.00018748
 301    0.0000544  -0.00017657
 302    0.0000599  -0.00018959
 303    0.0000630  -0.00019110
 304    0.0000554  -0.00018354
 305    0.0000638  -0.00019565
 306    0.0000552  -0.00018212
 307    0.0000631  -0.00019502
 308    0.0000544  -0.00017988
 309    0.0000524  -0.00017505
 310    0.0000981  -0.00020436
 311    0.0001004  -0.00020523
 312    0.0000838  -0.00017894
 313    0.0000820  -0.00017785
 314    0.0000865  -0.00018719
 315    0.0000476  -0.00015721
 316    0.0000197  -0.00006311
 317    0.0000270  -0.00009016
 318    0.0000255  -0.00008399
 319    0.0000492  -0.00015957
 320    0.0000185  -0.00007461
 321    0.0000510  -0.00016054
 322    0.0000260  -0.00008626
 323    0.0000246  -0.00008886
 324    0.0000286  -0.00009566
 325    0.0000003  -0.00001586
 326    0.0000004  -0.00001632
 327    0.0000010  -0.00000300
 328    0.0000003  -0.00001523
 329    0.0000007  -0.00000333
 330    0.0000003  -0.00001459
 331    0.0000010  -0.00000272
 332    0.0000002  -0.00000075
 333    0.0000001  -0.00000654
 334    0.0000001  -0.00000692
 335    0.0000001  -0.00000581
 336    0.0000001  -0.00000098
 337    0.0000870  -0.00017222
 338    0.0000846  -0.00017218
 339    0.0000842  -0.00016805
 340    0.0000917  -0.00017012
 341    0.0000843  -0.00016825
 342    0.0000844  -0.00016999
 343    0.0000855  -0.00016701
 344    0.0000932  -0.00017187
 345    0.0000865  -0.00016839
 346    0.0000844  -0.00017052
 347    0.0000849  -0.00017255
 348    0.0000494  -0.00016874
 349    0.0000426  -0.00016274
 350    0.0000519  -0.00017046
 351    0.0000497  -0.00017004
 352    0.0000483  -0.00016206
 353    0.0000571  -0.00018267
 354    0.0000496  -0.00016377
 355    0.0000496  -0.00016823
 356    0.0000452  -0.00015833
 357    0.0000495  -0.00016688
 358    0.0000355  -0.00010943
 359    0.0000364  -0.00011246
 360    0.0000390  -0.00011575
 361    0.0000389  -0.00011483
 362    0.0000358  -0.00011063
 363    0.0000457  -0.00013554
 364    0.0000178  -0.00007606
 365    0.0000135  -0.00006204
 366    0.0000136  -0.00005933
 367    0.0000437  -0.00013073
 368    0.0000167  -0.00006623
 369    0.0000449  -0.00013013
 370    0.0000132  -0.00006157
 371    0.0000158  -0.00006561
 372    0.0000156  -0.00006546
 373    0.0000002  -0.00000159
 374    0.0000003  -0.00000179
 375    0.0000002  -0.00001216
 376    0.0000003  -0.00000151
 377    0.0000006  -0.00001199
 378    0.0000002  -0.00000105
 379    0.0000003  -0.00001434
 380    0.0000001  -0.00000616
 381    0.0000000  -0.00000004
 382    0.0000001  0.00000014
 383    0.0000001  0.00000007
 384    0.0000001  -0.00000588
 385    0.0000827  -0.00016366
 386    0.0000807  -0.00016280
 387    0.0000838  -0.00016900
 388    0.0000840  -0.00017017
 389    0.0000837  -0.00016929
 390    0.0000821  -0.00016754
 391    0.0000847  -0.00016913
 392    0.0000841  -0.00016849
 393    0.0000834  -0.00016672
 394    0.0000835  -0.00017305
 395    0.0000846  -0.00016998
 396    0.0000443  -0.00016543
 397    0.0000237  -0.00013043
 398    0.0000458  -0.00016171
 399    0.0000483  -0.00016650
 400    0.0000449  -0.00014978
 401    0.0000470  -0.00016262
 402    0.0000426  -0.00015635
 403    0.0000420  -0.00015872
 404    0.0000450  -0.00016162
 405    0.0000455  -0.00015467
 406    0.0000310  -0.00009724
 407    0.0000296  -0.00009537
 408    0.0000288  -0.00009203
 409    0.0000363  -0.00010912
 410    0.0000331  -0.00010306
 411    0.0000313  -0.00009547
 412    0.0000149  -0.00006361
 413    0.0000094  -0.00004934
 414    0.0000121  -0.00005495
 415    0.0000349  -0.00009958
 416    0.0000139  -0.00006301
 417    0.0000362  -0.00009926
 418    0.0000122  -0.00005603
 419    0.0000142  -0.00006411
 420    0.0000129  -0.00005960
 421    0.0000001  -0.00000121
 422    0.0000001  -0.00000091
 423    0.0000002  -0.00000132
 424    0.0000002  -0.00000076
 425    0.0000001  -0.00000514
 426    0.0000002  -0.00000094
 427    0.0000002  -0.00000107
 428    0.0000000  0.00000001
 429    0.0000000  0.00000004
 430    0.0000001  0.00000010
 431    0.0000000  0.00000008
 432    0.0000000  0.00000006
 433    0.0000816  -0.00016388
 434    0.0000772  -0.00016338
 435    0.0000793  -0.00016511
 436    0.0000815  -0.00016633
 437    0.0000815  -0.00016628
 438    0.0000773  -0.00016463
 439    0.0000812  -0.00016433
 440    0.0000826  -0.00016550
 441    0.0000784  -0.00016389
 442    0.0000829  -0.00016881
 443    0.0000788  -0.00016518
 444    0.0000385  -0.00013827
 445    0.0000226  -0.00011185
 446    0.0000310  -0.00012637
 447    0.0000297  -0.00012493
 448    0.0000293  -0.00012499
 449    0.0000290  -0.00012442
 450    0.0000278  -0.00011684
 451    0.0000297  -0.00012652
 452    0.0000278  -0.00011775
 453    0.0000283  -0.00012122
 454    0.0000145  -0.00005193
 455    0.0000153  -0.00005306
 456    0.0000131  -0.00004932
 457    0.0000130  -0.00004810
 458    0.0000140  -0.00005014
 459    0.0000274  -0.00008832
 460    0.0000117  -0.00005745
 461    0.0000091  -0.00004665
 462    0.0000109  -0.00004977
 463    0.0000274  -0.00008934
 464    0.0000126  -0.00005413
 465    0.0000296  -0.00008906
 466    0.0000104  -0.00004993
 467    0.0000111  -0.00005161
 468    0.0000104  -0.00005016
 469    0.0000001  -0.00000087
 470    0.0000001  -0.00000067
 471    0.0000001  -0.00000122
 472    0.0000001  -0.00000042
 473    0.0000001  -0.00000130
 474    0.0000001  -0.00000029
 475    0.0000001  -0.00000047
 476    0.0000000  0.00000008
 477    0.0000000  0.00000007
 478    0.0000000  0.00000010
 479    0.0000000  0.00000008
 480    0.0000000  0.00000007
 481    0.0000498  -0.00013615
 482    0.0000451  -0.00012678
 483    0.0000497  -0.00013585
 484    0.0000484  -0.00013457
 485    0.0000459  -0.00013199
 486    0.0000448  -0.00012704
 487    0.0000512  -0.00014086
 488    0.0000505  -0.00013891
 489    0.0000507  -0.00013951
 490    0.0000461  -0.00012937
 491    0.0000448  -0.00012739
 492    0.0000085  -0.00002744
 493    0.0000096  -0.00002571
 494    0.0000048  -0.00002014
 495    0.0000050  -0.00002067
 496    0.0000061  -0.00002451
 497    0.0000049  -0.00002046
 498    0.0000036  -0.00001869
 499    0.0000090  -0.00002747
 500    0.0000167  -0.00006069
 501    0.0000111  -0.00004569
 502    0.0000096  -0.00003016
 503    0.0000109  -0.00002920
 504    0.0000130  -0.00003062
 505    0.0000105  -0.00003055
 506    0.0000108  -0.00003112
 507    0.0000230  -0.00007464
 508    0.0000053  -0.00002485
 509    0.0000068  -0.00002390
 510    0.0000058  -0.00002053
 511    0.0000174  -0.00006547
 512    0.0000052  -0.00002453
 513    0.0000184  -0.00007057
 514    0.0000056  -0.00002294
 515    0.0000049  -0.00002480
 516    0.0000051  -0.00002478
 517    0.0000001  -0.00000054
 518    0.0000001  -0.00000042
 519    0.0000001  -0.00000062
 520    0.0000001  0.00000001
 521    0.0000001  -0.00000084
 522    0.0000000  -0.00000005
 523    0.0000001  -0.00000009
 524    0.0000000  0.00000007
 525    0.0000000  0.00000005
 526    0.0000000  0.00000009
 527    0.0000000  0.00000007
 528    0.0000000  0.00000005
 529    0.0000260  -0.00007659
 530    0.0000270  -0.00007603
 531    0.0000239  -0.00007423
 532    0.0000246  -0.00007664
 533    0.0000303  -0.00007920
 534    0.0000253  -0.00007561
 535    0.0000280  -0.00007626
 536    0.0000256  -0.00007598
 537    0.0000274  -0.00007937
 538    0.0000272  -0.00007973
 539    0.0000258  -0.00007674
 540    0.0000054  -0.00002044
 541    0.0000066  -0.00001763
 542    0.0000037  -0.00001851
 543    0.0000035  -0.00001802
 544    0.0000034  -0.00001895
 545    0.0000044  -0.00001987
 546    0.0000034  -0.00001895
 547    0.0000045  -0.00002005
 548    0.0000045  -0.00002119
 549    0.0000041  -0.00002047
 550    0.0000093  -0.00002644
 551    0.0000077  -0.00002724
 552    0.0000099  -0.00002917
 553    0.0000094  -0.00002929
 554    0.0000103  -0.00002865
 555    0.0000122  -0.00005327
 556    0.0000036  -0.00001471
 557    0.0000051  -0.00002129
 558    0.0000037  -0.00002168
 559    0.0000127  -0.00005358
 560    0.0000044  -0.00001640
 561    0.0000146  -0.00005597
 562    0.0000055  -0.00002248
 563    0.0000033  -0.00001516
 564    0.0000048  -0.00001801
 565    0.0000001  -0.00000011
 566    0.0000001  0.00000008
 567    0.0000001  -0.00000013
 568    0.0000001  0.00000009
 569    0.0000001  -0.00000049
 570    0.0000000  0.00000004
 571    0.0000001  0.00000011
 572    0.0000000  0.00000005
 573    0.0000000  0.00000005
 574    0.0000000  0.00000008
 575    0.0000000  0.00000005
 576    0.0000000  0.00000006
 577    0.0000258  -0.00007308
 578    0.0000236  -0.00007362
 579    0.0000235  -0.00007276
 580    0.0000222  -0.00006945
 581    0.0000258  -0.00007450
 582    0.0000243  -0.00007271
 583    0.0000264  -0.00007730
 584    0.0000251  -0.00007333
 585    0.0000255  -0.00007286
 586    0.0000245  -0.00007241
 587    0.0000252  -0.00007268
 588    0.0000031  -0.00001282
 589    0.0000062  -0.00001115
 590    0.0000031  -0.00001396
 591    0.0000030  -0.00001370
 592    0.0000032  -0.00001631
 593    0.0000031  -0.00001498
 594    0.0000020  -0.00001105
 595    0.0000030  -0.00001365
 596    0.0000031  -0.00001343
 597    0.0000035  -0.00001493
 598    0.0000084  -0.00002723
 599    0.0000068  -0.00002448
 600    0.0000060  -0.00002361
 601    0.0000081  -0.00002694
 602    0.0000071  -0.00002653
 603    0.0000116  -0.00003402
 604    0.0000031  -0.00001403
 605    0.0000042  -0.00001670
 606    0.0000027  -0.00001469
 607    0.0000096  -0.00003292
 608    0.0000044  -0.00001752
 609    0.0000104  -0.00003616
 610    0.0000027  -0.00001485
 611    0.0000030  -0.00001485
 612    0.0000032  -0.00001490
 613    0.0000001  0.00000012
 614    0.0000000  0.00000008
 615    0.0000001  0.00000011
 616    0.0000000  0.00000010
 617    0.0000000  0.00000010
 618    0.0000000  0.00000004
 619    0.0000000  0.00000004
 620    0.0000000  0.00000005
 621    0.0000000  0.00000005
 622    0.0000000  0.00000006
 623    0.0000000  0.00000004
 624    0.0000000  0.00000005
 625    0.0000233  -0.00007009
 626    0.0000231  -0.00006916
 627    0.0000207  -0.00006790
 628    0.0000204  -0.00006744
 629    0.0000217  -0.00006862
 630    0.0000228  -0.00006871
 631    0.0000261  -0.00007085
 632    0.0000232  -0.00006948
 633    0.0000213  -0.00006803
 634    0.0000229  -0.00006919
 635    0.0000224  -0.00006838
 636    0.0000030  -0.00001090
 637    0.0000061  -0.00000831
 638    0.0000029  -0.00001262
 639    0.0000027  -0.00001106
 640    0.0000024  -0.00001361
 641    0.0000031  -0.00001245
 642    0.0000017  -0.00000919
 643    0.0000026  -0.00001134
 644    0.0000027  -0.00001190
 645    0.0000026  -0.00001256
 646    0.0000052  -0.00002189
 647    0.0000057  -0.00002367
 648    0.0000059  -0.00002353
 649    0.0000069  -0.00002590
 650    0.0000061  -0.00002264
 651    0.0000068  -0.00002893
 652    0.0000028  -0.00001379
 653    0.0000025  -0.00001169
 654    0.0000025  -0.00001193
 655    0.0000057  -0.00002730
 656    0.0000022  -0.00001157
 657    0.0000057  -0.00002801
 658    0.0000026  -0.00001219
 659    0.0000026  -0.00001242
 660    0.0000024  -0.00001225
 661    0.0000000  0.00000008
 662    0.0000000  0.00000007
 663    0.0000000  0.00000009
 664    0.0000000  0.00000009
 665    0.0000000  0.00000003
 666    0.0000000  0.00000007
 667    0.0000000  0.00000008
 668    0.0000000  0.00000004
 669    0.0000000  0.00000004
 670    0.0000000  0.00000006
 671    0.0000000  0.00000004
 672    0.0000000  0.00000005
 673    0.0000096  -0.00002879
 674    0.0000097  -0.00002906
 675    0.0000119  -0.00002911
 676    0.0000105  -0.00002881
 677    0.0000099  -0.00002818
 678    0.0000087  -0.00002864
 679    0.0000091  -0.00002868
 680    0.0000098  -0.00002926
 681    0.0000091  -0.00002786
 682    0.0000090  -0.00002847
 683    0.0000094  -0.00002919
 684    0.0000022  -0.00000698
 685    0.0000055  -0.00000547
 686    0.0000026  -0.00001107
 687    0.0000023  -0.00001100
 688    0.0000020  -0.00000838
 689    0.0000026  -0.00001173
 690    0.0000014  -0.00000676
 691    0.0000020  -0.00000904
 692    0.0000019  -0.00001041
 693    0.0000019  -0.00000950
 694    0.0000048  -0.00001991
 695    0.0000049  -0.00002031
 696    0.0000044  -0.00001858
 697    0.0000050  -0.00001939
 698    0.0000044  -0.00001920
 699    0.0000052  -0.00002466
 700    0.0000015  -0.00000815
 701    0.0000016  -0.00000842
 702    0.0000019  -0.00000824
 703    0.0000054  -0.00002526
 704    0.0000017  -0.00000909
 705    0.0000056  -0.00002506
 706    0.0000015  -0.00000880
 707    0.0000016  -0.00000955
 708    0.0000019  -0.00001000
 709    0.0000000  0.00000007
 710    0.0000000  0.00000006
 711    0.0000000  0.00000006
 712    0.0000000  0.00000004
 713    0.0000000  0.00000004
 714    0.0000000  0.00000006
 715    0.0000000  0.00000004
 716    0.0000000  0.00000004
 717    0.0000000  0.00000004
 718    0.0000000  0.00000005
 719    0.0000000  0.00000004
 720    0.0000000  0.00000005
 721    0.0000083  -0.00002757
 722    0.0000083  -0.00002772
 723    0.0000095  -0.00002814
 724    0.0000087  -0.00002759
 725    0.0000078  -0.00002711
 726    0.0000078  -0.00002723
 727    0.0000077  -0.00002701
 728    0.0000090  -0.00002839
 729    0.0000091  -0.00002809
 730    0.0000085  -0.00002753
 731    0.0000078  -0.00002716
 732    0.0000021  -0.00000984
 733    0.0000054  -0.00000215
 734    0.0000019  -0.00000821
 735    0.0000016  -0.00000607
 736    0.0000019  -0.00000815
 737    0.0000019  -0.00000782
 738    0.0000010  -0.00000352
 739    0.0000019  -0.00000851
 740    0.0000015  -0.00000698
 741    0.0000016  -0.00000799
 742    0.0000042  -0.00001784
 743    0.0000039  -0.00001776
 744    0.0000029  -0.00001462
 745    0.0000044  -0.00001727
 746    0.0000036  -0.00001634
 747    0.0000046  -0.00001849
 748    0.0000013  -0.00000790
 749    0.0000013  -0.00000702
 750    0.0000015  -0.00000819
 751    0.0000044  -0.00001839
 752    0.0000009  -0.00000696
 753    0.0000042  -0.00001802
 754    0.0000015  -0.00000758
 755    0.0000013  -0.00000772
 756    0.0000014  -0.00000886
 757    0.0000000  0.00000009
 758    0.0000000  0.00000006
 759    0.0000000  0.00000008
 760    0.0000000  0.00000005
 761    0.0000000  0.00000007
 762    0.0000000  0.00000006
 763    0.0000000  0.00000006
 764    0.0000000  0.00000004
 765    0.0000000  0.00000004
 766    0.0000000  0.00000005
 767    0.0000000  0.00000004
 768    0.0000000  0.00000004
 769    0.0000070  -0.00002261
 770    0.0000074  -0.00002363
 771    0.0000078  -0.00002368
 772    0.0000075  -0.00002267
 773    0.0000072  -0.00002378
 774    0.0000071  -0.00002416
 775    0.0000061  -0.00002187
 776    0.0000076  -0.00002315
 777    0.0000082  -0.00002337
 778    0.0000075  -0.00002427
 779    0.0000073  -0.00002382
 780    0.0000020  -0.00000663
 781    0.0000051  -0.00000736
 782    0.0000017  -0.00000619
 783    0.0000013  -0.00000367
 784    0.0000016  -0.00000672
 785    0.0000015  -0.00000575
 786    0.0000006  -0.00000100
 787    0.0000014  -0.00000470
 788    0.0000012  -0.00000378
 789    0.0000013  -0.00000498
 790    0.0000019  -0.00000576
 791    0.0000027  -0.00000610
 792    0.0000017  -0.00000488
 793    0.0000018  -0.00000562
 794    0.0000024  -0.00000598
 795    0.0000039  -0.00001771
 796    0.0000010  -0.00000169
 797    0.0000010  0.00000028
 798    0.0000009  -0.00000242
 799    0.0000037  -0.00001831
 800    0.0000008  -0.00000236
 801    0.0000038  -0.00001802
 802    0.0000008  -0.00000246
 803    0.0000005  -0.00000156
 804    0.0000013  -0.00000251
 805    0.0000000  0.00000005
 806    0.0000000  0.00000004
 807    0.0000000  0.00000005
 808    0.0000000  0.00000005
 809    0.0000000  0.00000007
 810    0.0000000  0.00000006
 811    0.0000000  0.00000006
 812    0.0000000  0.00000004
 813    0.0000000  0.00000004
 814    0.0000000  0.00000005
 815    0.0000000  0.00000004
 816    0.0000000  0.00000004
 817    0.0000064  -0.00002287
 818    0.0000062  -0.00002338
 819    0.0000067  -0.00002414
 820    0.0000069  -0.00002361
 821    0.0000064  -0.00002358
 822    0.0000069  -0.00002316
 823    0.0000060  -0.00002299
 824    0.0000064  -0.00002291
 825    0.0000073  -0.00002423
 826    0.0000069  -0.00002414
 827    0.0000064  -0.00002346
 828    0.0000019  -0.00000469
 829    0.0000049  -0.00000261
 830    0.0000013  -0.00000213
 831    0.0000012  -0.00000182
 832    0.0000008  -0.00000168
 833    0.0000014  -0.00000445
 834    0.0000006  -0.00000056
 835    0.0000010  -0.00000191
 836    0.0000009  -0.00000118
 837    0.0000010  -0.00000144
 838    0.0000017  -0.00000431
 839    0.0000019  -0.00000473
 840    0.0000016  -0.00000377
 841    0.0000014  -0.00000410
 842    0.0000017  -0.00000469
 843    0.0000029  -0.00001321
 844    0.0000007  -0.00000062
 845    0.0000009  -0.00000231
 846    0.0000008  -0.00000104
 847    0.0000027  -0.00001389
 848    0.0000006  -0.00000073
 849    0.0000036  -0.00001394
 850    0.0000006  -0.00000112
 851    0.0000004  -0.00000074
 852    0.0000008  -0.00000263
 853    0.0000000  0.00000005
 854    0.0000000  0.00000006
 855    0.0000000  0.00000006
 856    0.0000000  0.00000005
 857    0.0000000  0.00000007
 858    0.0000000  0.00000005
 859    0.0000000  0.00000006
 860    0.0000000  0.00000003
 861    0.0000000  0.00000004
 862    0.0000000  0.00000005
 863    0.0000000  0.00000003
 864    0.0000000  0.00000004
 865    0.0000051  -0.00001653
 866    0.0000053  -0.00001665
 867    0.0000055  -0.00001738
 868    0.0000058  -0.00001648
 869    0.0000052  -0.00001699
 870    0.0000048  -0.00001719
 871    0.0000052  -0.00001650
 872    0.0000054  -0.00001660
 873    0.0000054  -0.00001651
 874    0.0000050  -0.00001755
 875    0.0000052  -0.00001707
 876    0.0000010  -0.00000203
 877    0.0000048  -0.00000462
 878    0.0000011  -0.00000184
 879    0.0000009  -0.00000117
 880    0.0000007  -0.00000139
 881    0.0000011  -0.00000162
 882    0.0000005  0.00000003
 883    0.0000007  -0.00000095
 884    0.0000008  -0.00000031
 885    0.0000007  -0.00000035
 886    0.0000012  -0.00000340
 887    0.0000017  -0.00000389
 888    0.0000014  -0.00000359
 889    0.0000013  -0.00000360
 890    0.0000015  -0.00000375
 891    0.0000027  -0.00001161
 892    0.0000005  -0.00000061
 893    0.0000007  -0.00000054
 894    0.0000006  -0.00000086
 895    0.0000025  -0.00001365
 896    0.0000005  -0.00000044
 897    0.0000031  -0.00001346
 898    0.0000005  -0.00000063
 899    0.0000004  -0.00000033
 900    0.0000006  -0.00000092
 901    0.0000000  0.00000005
 902    0.0000000  0.00000005
 903    0.0000000  0.00000004
 904    0.0000000  0.00000004
 905    0.0000000  0.00000007
 906    0.0000000  0.00000005
 907    0.0000000  0.00000006
 908    0.0000000  0.00000003
 909    0.0000000  0.00000004
 910    0.0000000  0.00000004
 911    0.0000000  0.00000003
 912    0.0000000  0.00000004
 913    0.0000034  -0.00001283
 914    0.0000029  -0.00001205
 915    0.0000036  -0.00001242
 916    0.0000045  -0.00001418
 917    0.0000038  -0.00001167
 918    0.0000032  -0.00001131
 919    0.0000038  -0.00001353
 920    0.0000044  -0.00001372
 921    0.0000039  -0.00001294
 922    0.0000036  -0.00001168
 923    0.0000036  -0.00001257
 924    0.0000009  -0.00000027
 925    0.0000045  -0.00000621
 926    0.0000010  -0.00000117
 927    0.0000006  -0.00000093
 928    0.0000006  -0.00000071
 929    0.0000007  -0.00000122
 930    0.0000005  0.00000017
 931    0.0000007  -0.00000086
 932    0.0000007  -0.00000026
 933    0.0000007  -0.00000068
 934    0.0000009  -0.00000230
 935    0.0000016  -0.00000320
 936    0.0000010  -0.00000272
 937    0.0000010  -0.00000163
 938    0.0000014  -0.00000341
 939    0.0000020  -0.00000441
 940    0.0000004  -0.00000036
 941    0.0000007  -0.00000092
 942    0.0000006  -0.00000035
 943    0.0000015  -0.00000389
 944    0.0000004  -0.00000029
 945    0.0000015  -0.00000436
 946    0.0000004  -0.00000037
 947    0.0000003  -0.00000023
 948    0.0000004  -0.00000064
 949    0.0000000  0.00000005
 950    0.0000000  0.00000004
 951    0.0000000  0.00000005
 952    0.0000000  0.00000004
 953    0.0000000  0.00000007
 954    0.0000000  0.00000005
 955    0.0000000  0.00000005
 956    0.0000000  0.00000002
 957    0.0000000  0.00000004
 958    0.0000000  0.00000004
 959    0.0000000  0.00000003
 960    0.0000000  0.00000003
 961    0.0000033  -0.00001088
 962    0.0000025  -0.00000989
 963    0.0000036  -0.00001148
 964    0.0000041  -0.00001126
 965    0.0000031  -0.00001091
 966    0.0000032  -0.00001083
 967    0.0000036  -0.00001029
 968    0.0000038  -0.00001056
 969    0.0000031  -0.00001015
 970    0.0000034  -0.00001208
 971    0.0000030  -0.00001084
 972    0.0000008  -0.00000116
 973    0.0000044  -0.00000780
 974    0.0000010  -0.00000138
 975    0.0000006  -0.00000037
 976    0.0000005  -0.00000048
 977    0.0000006  -0.00000070
 978    0.0000005  0.00000034
 979    0.0000006  -0.00000065
 980    0.0000007  -0.00000036
 981    0.0000005  -0.00000065
 982    0.0000009  -0.00000141
 983    0.0000015  -0.00000168
 984    0.0000007  -0.00000169
 985    0.0000007  -0.00000151
 986    0.0000011  -0.00000176
 987    0.0000014  -0.00000406
 988    0.0000004  -0.00000017
 989    0.0000006  0.00000004
 990    0.0000005  0.00000002
 991    0.0000013  -0.00000383
 992    0.0000003  0.00000003
 993    0.0000012  -0.00000386
 994    0.0000003  0.00000006
 995    0.0000003  0.00000027
 996    0.0000004  -0.00000032
 997    0.0000000  0.00000004
 998    0.0000000  0.00000004
 999    0.0000000  0.00000004
 1000    0.0000000  0.00000004
 1001    0.0000000  0.00000007
 1002    0.0000000  0.00000005
 1003    0.0000000  0.00000005
 1004    0.0000000  0.00000002
 1005    0.0000000  0.00000003
 1006    0.0000000  0.00000004
 1007    0.0000000  0.00000003
 1008    0.0000000  0.00000003
 1009    0.0000030  -0.00000962
 1010    0.0000024  -0.00000955
 1011    0.0000033  -0.00001076
 1012    0.0000038  -0.00001051
 1013    0.0000031  -0.00001013
 1014    0.0000027  -0.00001023
 1015    0.0000033  -0.00000992
 1016    0.0000037  -0.00001094
 1017    0.0000031  -0.00000964
 1018    0.0000027  -0.00000964
 1019    0.0000029  -0.00001055
 1020    0.0000007  -0.00000036
 1021    0.0000041  -0.00000895
 1022    0.0000007  -0.00000027
 1023    0.0000005  0.00000008
 1024    0.0000004  0.00000036
 1025    0.0000006  -0.00000044
 1026    0.0000005  0.00000032
 1027    0.0000004  0.00000002
 1028    0.0000004  0.00000018
 1029    0.0000004  0.00000018
 1030    0.0000008  -0.00000165
 1031    0.0000013  -0.00000133
 1032    0.0000006  -0.00000174
 1033    0.0000006  -0.00000135
 1034    0.0000008  -0.00000181
 1035    0.0000013  -0.00000345
 1036    0.0000002  0.00000022
 1037    0.0000006  -0.00000019
 1038    0.0000005  -0.00000014
 1039    0.0000011  -0.00000339
 1040    0.0000002  0.00000010
 1041    0.0000011  -0.00000376
 1042    0.0000003  0.00000016
 1043    0.0000003  0.00000013
 1044    0.0000003  -0.00000002
 1045    0.0000000  0.00000004
 1046    0.0000000  0.00000004
 1047    0.0000000  0.00000004
 1048    0.0000000  0.00000004
 1049    0.0000000  0.00000005
 1050    0.0000000  0.00000005
 1051    0.0000000  0.00000005
 1052    0.0000000  0.00000002
 1053    0.0000000  0.00000003
 1054    0.0000000  0.00000004
 1055    0.0000000  0.00000003
 1056    0.0000000  0.00000003
 1057    0.0000026  -0.00000878
 1058    0.0000015  -0.00000729
 1059    0.0000025  -0.00000871
 1060    0.0000023  -0.00000849
 1061    0.0000030  -0.00000904
 1062    0.0000002  -0.00000263
 1063    0.0000032  -0.00000945
 1064    0.0000019  -0.00000823
 1065    0.0000023  -0.00000805
 1066    0.0000025  -0.00000870
 1067    0.0000021  -0.00000796
 1068    0.0000005  -0.00000010
 1069    0.0000038  -0.00000625
 1070    0.0000007  -0.00000024
 1071    0.0000004  -0.00000019
 1072    0.0000003  0.00000034
 1073    0.0000005  -0.00000025
 1074    0.0000004  0.00000018
 1075    0.0000004  -0.00000001
 1076    0.0000003  0.00000028
 1077    0.0000003  0.00000026
 1078    0.0000006  -0.00000108
 1079    0.0000009  -0.00000143
 1080    0.0000005  -0.00000100
 1081    0.0000004  -0.00000048
 1082    0.0000007  -0.00000132
 1083    0.0000007  -0.00000262
 1084    0.0000002  0.00000027
 1085    0.0000005  0.00000014
 1086    0.0000005  0.00000032
 1087    0.0000009  -0.00000296
 1088    0.0000000  -0.00000005
 1089    0.0000010  -0.00000314
 1090    0.0000002  0.00000021
 1091    0.0000002  0.00000014
 1092    0.0000003  -0.00000003
 1093    0.0000000  0.00000001
 1094    0.0000000  0.00000001
 1095    0.0000000  0.00000001
 1096    0.0000000  0.00000001
 1097    0.0000000  0.00000003
 1098    0.0000000  0.00000005
 1099    0.0000000  0.00000002
 1100    0.0000000  0.00000001
 1101    0.0000000  0.00000003
 1102    0.0000000  0.00000001
 1103    0.0000000  0.00000001
 1104    0.0000000  0.00000001
 
----------------
 Final Energies 
----------------
Final NOF Total Energy =    -648.8831234
 
Total Orbital Internal Iterations = 1107
Total Occupation Internal Iterations = 473
 
Elapsed time: 43176.61 Seconds

---------------------------------
   Lowdin Population Analysis    
---------------------------------
 Idx  Atom   Population   Charge 
---------------------------------
  1     C     6.099      -0.099
  2     C     6.243      -0.243
  3     C     6.194      -0.194
  4     C     6.222      -0.222
  5     C     6.219      -0.219
  6     O     7.414       0.586
  7     C     6.062      -0.062
  8     O     7.443       0.557
  9     O     7.567       0.433
 10     O     7.429       0.571
 11     O     7.569       0.431
 12     C     5.964       0.036
 13     H     1.056      -0.056
 14     H     1.058      -0.058
 15     H     1.046      -0.046
 16     H     1.044      -0.044
 17     H     1.045      -0.045
 18     H     1.050      -0.050
 19     H     1.324      -0.324
 20     H     1.053      -0.053
 21     H     1.050      -0.050
 22     H     1.322      -0.322
 23     H     1.323      -0.323
 24     H     1.068      -0.068
 25     H     1.069      -0.069
 26     H     1.066      -0.066

---------------------------------
   M Diagnostic: 0.02
---------------------------------

