Computing Integrals
Elapsed time:    4.91 Seconds

Number of basis functions                   (NBF)    = 294
Number of auxiliary basis functions         (NBFAUX) = 262
Inactive Doubly occupied orbitals up to     (NO1)    = 0
No. considered Strongly Doubly occupied MOs (NDOC)   = 9
No. considered Strongly Singly occupied MOs (NSOC)   = 1
NO. of Weakly occ. per St. Doubly occ.  MOs (NCWO)   = 31
Dimension of the Nat. Orb. subspace         (NBF5)   = 289
No. of electrons                                     = 19
    No. of alpha electrons                           = 10
    No. of beta electrons                            = 9
Multiplicity                                         = 2

Geometry
========
 N       0.0000000       0.0000000      -1.3540700
 N       0.0000000       0.0000000       1.3540700
 H       0.8429700       0.4866900      -1.6297400
 H       0.0000000      -0.9733800      -1.6297400
 H      -0.8429700       0.4866900      -1.6297400
 H       0.8429700      -0.4866900       1.6297400
 H       0.0000000       0.9733800       1.6297400
 H      -0.8429700      -0.4866900       1.6297400

No violations of the orthonormality
No violations of the orthonormality
 
PNOF5/ADAM Calculation
==================
 
  Nitext  Nit_orb  Time   Nit_occ  Time         Eelec          Etot           Ediff      maxdiff    Grad_orb  Grad_occ
0.02469502158916903
0.03702691825600444
     1      10    2.6e+01   13    3.8e+01  -154.15109115  -112.29104566 -10153.15109115   0.153972   1.7e+00   2.2e-04 0.02
0.0006731959631168793
0.001596890452830546
     2      30    1.8e+01    9    1.4e+00  -154.21262760  -112.35258211    -0.06153646   0.011458   6.2e-02   1.8e-04 0.02
0.0006468428568610816
0.0009787277879085836
     3      30    1.8e+01    8    1.3e+00  -154.21708701  -112.35704152    -0.00445941   0.009086   5.5e-02   2.3e-04 0.02
0.00042036218142715853
0.0006507176226528814
     4      30    2.1e+01    1    5.1e-01  -154.21936808  -112.35932259    -0.00228107   0.004641   4.4e-02   2.6e-04 0.02
0.0002349354248295521
0.00033811918461925115
     5      30    2.2e+01    3    7.3e-01  -154.22003969  -112.35999420    -0.00067160   0.003089   3.5e-02   2.0e-04 0.02
0.00027694406121303583
0.00038037692182567437
     6      30    1.5e+01    1    5.3e-01  -154.22019423  -112.36014874    -0.00015454   0.002798   3.8e-02   2.0e-04 0.02
0.00010863861061637039
0.00019337974978706762
     7      30    1.6e+01    4    8.0e-01  -154.22025643  -112.36021094    -0.00006221   0.003323   3.9e-02   2.4e-04 0.02
0.0
0.0
     8      30    1.9e+01    0    3.9e-01  -154.22033283  -112.36028734    -0.00007640   0.002897   3.7e-02   2.4e-04 0.02
0.0
0.0
     9      40    2.1e+01    0    3.9e-01  -154.22036581  -112.36032032    -0.00003298   0.001139   1.4e-02   2.2e-04 0.02
0.0
0.0
    10      50    2.2e+01    0    4.0e-01  -154.22037493  -112.36032944    -0.00000912   0.000751   6.3e-03   2.3e-04 0.02
0.0
0.0
    11      60    3.6e+01    0    4.0e-01  -154.22036261  -112.36031712     0.00001232   0.004525   4.3e-02   2.3e-04 0.02
0.0
0.0
    12      63    3.3e+01    0    3.1e-01  -154.22038325  -112.36033776    -0.00002064   0.000099   1.0e-03   2.3e-04 0.02
 
RESULTS OF THE OCCUPATION OPTIMIZATION
========================================
   1    1.9996178  -15.95099910
   2    1.9996364  -15.71295224
   3    1.9826963  -1.18344483
   4    1.9826155  -1.18326194
   5    1.9825308  -1.18313224
   6    1.9806963  -0.96750423
   7    1.9806107  -0.96732851
   8    1.9806191  -0.96732009
   9    1.9876727  -0.73806992
  10    1.0000000  -0.43116872
  11    0.0096150  -0.00897888
  12    0.0140362  -0.01456084
  13    0.0140327  -0.01455815
  14    0.0139684  -0.01452587
  15    0.0127895  -0.01515892
  16    0.0127202  -0.01511920
  17    0.0126408  -0.01507123
  18    0.0002644  -0.00729805
  19    0.0002654  -0.00735155
  20    0.0011264  -0.00153767
  21    0.0025869  -0.00358254
  22    0.0025965  -0.00358705
  23    0.0025816  -0.00357901
  24    0.0019863  -0.00329207
  25    0.0019764  -0.00328679
  26    0.0019751  -0.00328554
  27    0.0000369  -0.00074671
  28    0.0000416  -0.00080383
  29    0.0006342  -0.00093370
  30    0.0011783  -0.00185097
  31    0.0011837  -0.00185355
  32    0.0011771  -0.00184839
  33    0.0010688  -0.00190969
  34    0.0010679  -0.00190943
  35    0.0010674  -0.00190945
  36    0.0000369  -0.00074746
  37    0.0000347  -0.00071104
  38    0.0006122  -0.00093044
  39    0.0011095  -0.00174962
  40    0.0011003  -0.00174280
  41    0.0010990  -0.00174315
  42    0.0010452  -0.00188252
  43    0.0010438  -0.00188101
  44    0.0010459  -0.00188264
  45    0.0000200  -0.00039984
  46    0.0000347  -0.00071083
  47    0.0001269  -0.00020885
  48    0.0000781  -0.00020148
  49    0.0000837  -0.00020628
  50    0.0000802  -0.00020279
  51    0.0001093  -0.00028418
  52    0.0001074  -0.00028323
  53    0.0001078  -0.00028388
  54    0.0000033  -0.00021959
  55    0.0000035  -0.00022190
  56    0.0000643  -0.00016515
  57    0.0000726  -0.00018805
  58    0.0000744  -0.00018890
  59    0.0000717  -0.00018791
  60    0.0000945  -0.00024688
  61    0.0000987  -0.00025062
  62    0.0000984  -0.00025003
  63    0.0000006  -0.00000275
  64    0.0000006  -0.00000527
  65    0.0000517  -0.00014735
  66    0.0000679  -0.00017718
  67    0.0000681  -0.00017628
  68    0.0000655  -0.00017588
  69    0.0000890  -0.00022261
  70    0.0000931  -0.00022631
  71    0.0000888  -0.00022314
  72    0.0000002  -0.00000170
  73    0.0000003  -0.00000232
  74    0.0000472  -0.00013596
  75    0.0000603  -0.00014713
  76    0.0000597  -0.00014229
  77    0.0000616  -0.00014684
  78    0.0000689  -0.00018980
  79    0.0000658  -0.00018724
  80    0.0000694  -0.00019038
  81    0.0000001  -0.00000772
  82    0.0000002  -0.00000116
  83    0.0000118  -0.00007844
  84    0.0000558  -0.00013644
  85    0.0000580  -0.00014419
  86    0.0000578  -0.00013917
  87    0.0000612  -0.00018017
  88    0.0000654  -0.00018405
  89    0.0000621  -0.00018141
  90    0.0000001  -0.00000027
  91    0.0000002  -0.00000949
  92    0.0000077  -0.00002735
  93    0.0000351  -0.00011081
  94    0.0000361  -0.00011014
  95    0.0000366  -0.00011299
  96    0.0000374  -0.00012243
  97    0.0000333  -0.00011756
  98    0.0000339  -0.00011880
  99    0.0000001  0.00000019
 100    0.0000001  -0.00000028
 101    0.0000059  -0.00001971
 102    0.0000195  -0.00006885
 103    0.0000183  -0.00006738
 104    0.0000201  -0.00006929
 105    0.0000253  -0.00008140
 106    0.0000248  -0.00008120
 107    0.0000245  -0.00008103
 108    0.0000001  0.00000017
 109    0.0000001  -0.00000021
 110    0.0000029  -0.00001581
 111    0.0000166  -0.00004887
 112    0.0000162  -0.00004896
 113    0.0000175  -0.00005026
 114    0.0000168  -0.00005167
 115    0.0000176  -0.00005230
 116    0.0000177  -0.00005262
 117    0.0000001  0.00000016
 118    0.0000001  0.00000017
 119    0.0000026  -0.00001296
 120    0.0000133  -0.00004590
 121    0.0000106  -0.00004325
 122    0.0000122  -0.00004450
 123    0.0000117  -0.00004374
 124    0.0000107  -0.00004281
 125    0.0000127  -0.00004471
 126    0.0000001  0.00000014
 127    0.0000001  0.00000014
 128    0.0000021  -0.00001061
 129    0.0000081  -0.00003005
 130    0.0000083  -0.00002990
 131    0.0000088  -0.00003068
 132    0.0000114  -0.00003628
 133    0.0000105  -0.00003590
 134    0.0000118  -0.00003643
 135    0.0000001  0.00000019
 136    0.0000001  0.00000015
 137    0.0000018  -0.00000964
 138    0.0000064  -0.00002877
 139    0.0000062  -0.00002861
 140    0.0000066  -0.00002890
 141    0.0000095  -0.00003444
 142    0.0000087  -0.00003386
 143    0.0000087  -0.00003435
 144    0.0000001  0.00000015
 145    0.0000001  0.00000014
 146    0.0000018  -0.00000541
 147    0.0000058  -0.00002099
 148    0.0000055  -0.00002052
 149    0.0000063  -0.00002116
 150    0.0000078  -0.00002967
 151    0.0000066  -0.00002860
 152    0.0000080  -0.00003042
 153    0.0000001  0.00000015
 154    0.0000000  0.00000013
 155    0.0000018  -0.00000127
 156    0.0000051  -0.00001981
 157    0.0000043  -0.00001897
 158    0.0000048  -0.00001968
 159    0.0000077  -0.00003007
 160    0.0000063  -0.00002826
 161    0.0000050  -0.00002615
 162    0.0000000  0.00000014
 163    0.0000000  0.00000013
 164    0.0000014  -0.00000155
 165    0.0000043  -0.00001860
 166    0.0000040  -0.00001813
 167    0.0000047  -0.00001888
 168    0.0000046  -0.00002103
 169    0.0000055  -0.00002139
 170    0.0000047  -0.00002122
 171    0.0000000  0.00000014
 172    0.0000000  0.00000013
 173    0.0000012  -0.00000138
 174    0.0000031  -0.00000821
 175    0.0000031  -0.00000648
 176    0.0000037  -0.00000721
 177    0.0000037  -0.00001287
 178    0.0000034  -0.00001303
 179    0.0000039  -0.00001302
 180    0.0000000  0.00000014
 181    0.0000000  0.00000013
 182    0.0000011  -0.00000125
 183    0.0000029  -0.00000706
 184    0.0000028  -0.00000791
 185    0.0000034  -0.00000768
 186    0.0000032  -0.00001111
 187    0.0000027  -0.00001079
 188    0.0000033  -0.00001119
 189    0.0000000  0.00000014
 190    0.0000000  0.00000013
 191    0.0000010  -0.00000124
 192    0.0000025  -0.00000663
 193    0.0000026  -0.00000653
 194    0.0000025  -0.00000712
 195    0.0000028  -0.00000917
 196    0.0000025  -0.00000884
 197    0.0000024  -0.00000879
 198    0.0000000  0.00000015
 199    0.0000000  0.00000012
 200    0.0000008  -0.00000058
 201    0.0000020  -0.00000634
 202    0.0000020  -0.00000585
 203    0.0000024  -0.00000611
 204    0.0000025  -0.00000681
 205    0.0000020  -0.00000622
 206    0.0000020  -0.00000700
 207    0.0000000  0.00000014
 208    0.0000000  0.00000013
 209    0.0000008  -0.00000095
 210    0.0000018  -0.00000409
 211    0.0000018  -0.00000541
 212    0.0000019  -0.00000538
 213    0.0000019  -0.00000631
 214    0.0000018  -0.00000667
 215    0.0000018  -0.00000589
 216    0.0000000  0.00000014
 217    0.0000000  0.00000012
 218    0.0000007  -0.00000010
 219    0.0000017  -0.00000462
 220    0.0000017  -0.00000388
 221    0.0000018  -0.00000417
 222    0.0000019  -0.00000602
 223    0.0000016  -0.00000560
 224    0.0000014  -0.00000533
 225    0.0000000  0.00000013
 226    0.0000000  0.00000013
 227    0.0000007  0.00000003
 228    0.0000015  -0.00000088
 229    0.0000015  -0.00000101
 230    0.0000017  -0.00000138
 231    0.0000017  -0.00000556
 232    0.0000015  -0.00000526
 233    0.0000012  -0.00000466
 234    0.0000000  0.00000014
 235    0.0000000  0.00000014
 236    0.0000006  0.00000034
 237    0.0000013  -0.00000114
 238    0.0000015  -0.00000084
 239    0.0000014  -0.00000157
 240    0.0000016  -0.00000405
 241    0.0000013  -0.00000365
 242    0.0000012  -0.00000334
 243    0.0000000  0.00000013
 244    0.0000000  0.00000013
 245    0.0000006  0.00000031
 246    0.0000011  -0.00000148
 247    0.0000013  -0.00000127
 248    0.0000011  -0.00000069
 249    0.0000013  -0.00000250
 250    0.0000012  -0.00000225
 251    0.0000010  -0.00000239
 252    0.0000000  0.00000014
 253    0.0000000  0.00000013
 254    0.0000006  0.00000051
 255    0.0000010  -0.00000059
 256    0.0000012  -0.00000128
 257    0.0000010  -0.00000069
 258    0.0000012  -0.00000244
 259    0.0000011  -0.00000238
 260    0.0000009  -0.00000206
 261    0.0000000  0.00000014
 262    0.0000000  0.00000013
 263    0.0000006  0.00000071
 264    0.0000009  -0.00000027
 265    0.0000011  -0.00000049
 266    0.0000010  -0.00000078
 267    0.0000010  -0.00000204
 268    0.0000010  -0.00000193
 269    0.0000008  -0.00000186
 270    0.0000000  0.00000014
 271    0.0000000  0.00000012
 272    0.0000005  0.00000037
 273    0.0000008  0.00000011
 274    0.0000010  0.00000008
 275    0.0000009  -0.00000012
 276    0.0000009  -0.00000179
 277    0.0000009  -0.00000170
 278    0.0000006  -0.00000132
 279    0.0000000  0.00000014
 280    0.0000000  0.00000011
 281    0.0000005  0.00000020
 282    0.0000007  0.00000029
 283    0.0000010  -0.00000002
 284    0.0000007  0.00000020
 285    0.0000007  -0.00000120
 286    0.0000007  -0.00000114
 287    0.0000006  -0.00000088
 288    0.0000000  0.00000014
 289    0.0000000  0.00000010
 
----------------
 Final Energies 
----------------
Final NOF Total Energy =    -112.3603378
 
Total Orbital Internal Iterations = 433
Total Occupation Internal Iterations = 39
 
Elapsed time:  364.36 Seconds

---------------------------------
   Lowdin Population Analysis    
---------------------------------
 Idx  Atom   Population   Charge 
---------------------------------
  1     N     6.351       0.649
  2     N     5.875       1.125
  3     H     1.179      -0.179
  4     H     1.179      -0.179
  5     H     1.179      -0.179
  6     H     1.079      -0.079
  7     H     1.079      -0.079
  8     H     1.079      -0.079

---------------------------------
   M Diagnostic: 0.02
---------------------------------

