Computing Integrals
Elapsed time:    4.01 Seconds

Number of basis functions                   (NBF)    = 294
Number of auxiliary basis functions         (NBFAUX) = 258
Inactive Doubly occupied orbitals up to     (NO1)    = 0
No. considered Strongly Doubly occupied MOs (NDOC)   = 8
No. considered Strongly Singly occupied MOs (NSOC)   = 0
NO. of Weakly occ. per St. Doubly occ.  MOs (NCWO)   = 35
Dimension of the Nat. Orb. subspace         (NBF5)   = 288
No. of electrons                                     = 16
    No. of alpha electrons                           = 8
    No. of beta electrons                            = 8
Multiplicity                                         = 1

Geometry
========
 B      -0.8788900       0.0000000       0.0000000
 B       0.8788900       0.0000000       0.0000000
 H       0.0000000       0.0000000       0.9752200
 H       0.0000000       0.0000000      -0.9752200
 H      -1.4523400       1.0396600       0.0000000
 H      -1.4523400      -1.0396600       0.0000000
 H       1.4523400      -1.0396600       0.0000000
 H       1.4523400       1.0396600       0.0000000

No violations of the orthonormality
No violations of the orthonormality
 
PNOF5/ADAM Calculation
==================
 
  Nitext  Nit_orb  Time   Nit_occ  Time         Eelec          Etot           Ediff      maxdiff    Grad_orb  Grad_occ
0.005360731088413839
0.011621558589906671
     1      10    1.9e+01    6    3.1e+01   -85.20821140   -53.03911006 -10084.20821140   0.034577   7.1e-01   3.0e-04 0.02
0.0009092167670742279
0.0018189953181375871
     2      30    7.5e+00    3    7.2e-01   -85.22223584   -53.05313449    -0.01402443   0.000917   1.2e-02   2.9e-04 0.02
0.00039174948446507596
0.0006203805599559121
     3      30    7.5e+00    1    4.7e-01   -85.22241683   -53.05331548    -0.00018099   0.002992   3.6e-02   2.7e-04 0.02
0.00015431192873708362
0.0004290902998820731
     4      30    7.5e+00    2    6.0e-01   -85.22244155   -53.05334020    -0.00002472   0.003004   3.8e-02   2.8e-04 0.02
0.0
0.0
     5      30    7.4e+00    0    3.6e-01   -85.22249734   -53.05339599    -0.00005579   0.003182   4.1e-02   2.4e-04 0.02
0.0
0.0
     6      40    9.9e+00    0    3.1e-01   -85.22255527   -53.05345393    -0.00005794   0.001574   1.7e-02   2.4e-04 0.02
0.0
0.0
     7      50    1.2e+01    0    3.6e-01   -85.22256853   -53.05346718    -0.00001325   0.000921   1.1e-02   2.4e-04 0.02
0.0
0.0
     8      60    1.5e+01    0    2.8e-01   -85.22257634   -53.05347500    -0.00000782   0.000287   2.9e-03   2.4e-04 0.02
0.0
0.0
     9      70    1.7e+01    0    3.6e-01   -85.22257800   -53.05347666    -0.00000166   0.000313   3.0e-03   2.4e-04 0.02
0.0
0.0
    10      80    2.0e+01    0    3.6e-01   -85.22257954   -53.05347820    -0.00000154   0.000108   9.5e-04   2.4e-04 0.02
0.0
0.0
    11      89    2.2e+01    0    3.6e-01   -85.22258022   -53.05347888    -0.00000068   0.000095   8.3e-04   2.4e-04 0.02
 
RESULTS OF THE OCCUPATION OPTIMIZATION
========================================
   1    1.9990720  -7.62281229
   2    1.9990724  -7.62278878
   3    1.9787522  -0.70331064
   4    1.9786102  -0.70312866
   5    1.9746881  -0.59062551
   6    1.9746870  -0.59060820
   7    1.9746953  -0.59059001
   8    1.9746441  -0.59055195
   9    0.0120093  -0.00883276
  10    0.0119980  -0.00882988
  11    0.0119956  -0.00882613
  12    0.0119976  -0.00882696
  13    0.0090506  -0.00749577
  14    0.0089819  -0.00746470
  15    0.0006173  -0.00812728
  16    0.0006174  -0.00812731
  17    0.0050617  -0.00452007
  18    0.0050447  -0.00451357
  19    0.0050397  -0.00451211
  20    0.0050419  -0.00451213
  21    0.0069970  -0.00633057
  22    0.0069465  -0.00630254
  23    0.0001160  -0.00119785
  24    0.0001158  -0.00119677
  25    0.0041659  -0.00364690
  26    0.0041467  -0.00363859
  27    0.0041560  -0.00364214
  28    0.0041462  -0.00363634
  29    0.0027932  -0.00295963
  30    0.0027567  -0.00294095
  31    0.0000909  -0.00093406
  32    0.0000908  -0.00093353
  33    0.0031251  -0.00294410
  34    0.0031019  -0.00293593
  35    0.0031202  -0.00294297
  36    0.0031128  -0.00293961
  37    0.0019271  -0.00217171
  38    0.0019223  -0.00216925
  39    0.0000845  -0.00082958
  40    0.0000855  -0.00083437
  41    0.0001662  -0.00020723
  42    0.0001631  -0.00020613
  43    0.0001712  -0.00020954
  44    0.0001757  -0.00020990
  45    0.0001104  -0.00019499
  46    0.0001082  -0.00019340
  47    0.0000099  -0.00034851
  48    0.0000100  -0.00034920
  49    0.0001456  -0.00020455
  50    0.0001555  -0.00020698
  51    0.0001527  -0.00020538
  52    0.0001691  -0.00021124
  53    0.0001043  -0.00017582
  54    0.0001022  -0.00017495
  55    0.0000025  -0.00000203
  56    0.0000021  -0.00000333
  57    0.0001371  -0.00019253
  58    0.0001337  -0.00019071
  59    0.0001308  -0.00019010
  60    0.0001244  -0.00018796
  61    0.0000920  -0.00017406
  62    0.0000930  -0.00017422
  63    0.0000015  -0.00002099
  64    0.0000014  -0.00002122
  65    0.0001277  -0.00018040
  66    0.0001222  -0.00017826
  67    0.0001198  -0.00017751
  68    0.0001221  -0.00017840
  69    0.0000748  -0.00014349
  70    0.0000820  -0.00014714
  71    0.0000005  -0.00000977
  72    0.0000006  -0.00000858
  73    0.0000998  -0.00016422
  74    0.0000955  -0.00016144
  75    0.0000981  -0.00016292
  76    0.0000966  -0.00016155
  77    0.0000558  -0.00012229
  78    0.0000536  -0.00012088
  79    0.0000005  -0.00000070
  80    0.0000005  -0.00000022
  81    0.0000714  -0.00014767
  82    0.0000640  -0.00014349
  83    0.0000747  -0.00014828
  84    0.0000673  -0.00014564
  85    0.0000395  -0.00010939
  86    0.0000446  -0.00011251
  87    0.0000003  0.00000005
  88    0.0000003  0.00000012
  89    0.0000598  -0.00012111
  90    0.0000584  -0.00011983
  91    0.0000517  -0.00011741
  92    0.0000567  -0.00011940
  93    0.0000354  -0.00009839
  94    0.0000347  -0.00009664
  95    0.0000003  0.00000017
  96    0.0000003  0.00000019
  97    0.0000460  -0.00010099
  98    0.0000414  -0.00009869
  99    0.0000437  -0.00010017
 100    0.0000462  -0.00010068
 101    0.0000266  -0.00007034
 102    0.0000255  -0.00007001
 103    0.0000002  0.00000037
 104    0.0000002  0.00000048
 105    0.0000445  -0.00009384
 106    0.0000393  -0.00009047
 107    0.0000394  -0.00009089
 108    0.0000411  -0.00009186
 109    0.0000170  -0.00005353
 110    0.0000147  -0.00005064
 111    0.0000002  0.00000040
 112    0.0000002  0.00000044
 113    0.0000182  -0.00002834
 114    0.0000177  -0.00002678
 115    0.0000240  -0.00002605
 116    0.0000145  -0.00002842
 117    0.0000109  -0.00002885
 118    0.0000108  -0.00002871
 119    0.0000002  0.00000038
 120    0.0000002  0.00000048
 121    0.0000128  -0.00002746
 122    0.0000123  -0.00002684
 123    0.0000143  -0.00002673
 124    0.0000133  -0.00002744
 125    0.0000076  -0.00002066
 126    0.0000097  -0.00002174
 127    0.0000002  0.00000037
 128    0.0000002  0.00000039
 129    0.0000088  -0.00002585
 130    0.0000115  -0.00002467
 131    0.0000119  -0.00002583
 132    0.0000119  -0.00002571
 133    0.0000071  -0.00002122
 134    0.0000070  -0.00002109
 135    0.0000002  0.00000037
 136    0.0000002  0.00000038
 137    0.0000078  -0.00002446
 138    0.0000110  -0.00002435
 139    0.0000117  -0.00002562
 140    0.0000098  -0.00002505
 141    0.0000064  -0.00001635
 142    0.0000069  -0.00001541
 143    0.0000002  0.00000039
 144    0.0000001  0.00000040
 145    0.0000067  -0.00001568
 146    0.0000097  -0.00001569
 147    0.0000079  -0.00001755
 148    0.0000093  -0.00001600
 149    0.0000043  -0.00001537
 150    0.0000065  -0.00001715
 151    0.0000001  0.00000039
 152    0.0000001  0.00000037
 153    0.0000055  -0.00001453
 154    0.0000095  -0.00001621
 155    0.0000063  -0.00001561
 156    0.0000076  -0.00001548
 157    0.0000032  -0.00001428
 158    0.0000053  -0.00001567
 159    0.0000001  0.00000039
 160    0.0000001  0.00000033
 161    0.0000047  -0.00001356
 162    0.0000081  -0.00001216
 163    0.0000056  -0.00001678
 164    0.0000062  -0.00001203
 165    0.0000031  -0.00000726
 166    0.0000045  -0.00000810
 167    0.0000001  0.00000041
 168    0.0000001  0.00000038
 169    0.0000042  -0.00001435
 170    0.0000076  -0.00001286
 171    0.0000052  -0.00001150
 172    0.0000053  -0.00001635
 173    0.0000029  -0.00000712
 174    0.0000043  -0.00000744
 175    0.0000001  0.00000041
 176    0.0000001  0.00000040
 177    0.0000037  -0.00001064
 178    0.0000061  -0.00001569
 179    0.0000050  -0.00001197
 180    0.0000048  -0.00001213
 181    0.0000025  -0.00000595
 182    0.0000039  -0.00000826
 183    0.0000001  0.00000042
 184    0.0000001  0.00000038
 185    0.0000031  -0.00000876
 186    0.0000057  -0.00000929
 187    0.0000038  -0.00000981
 188    0.0000047  -0.00001020
 189    0.0000022  -0.00000467
 190    0.0000032  -0.00000578
 191    0.0000001  0.00000041
 192    0.0000001  0.00000039
 193    0.0000027  -0.00000506
 194    0.0000053  -0.00000451
 195    0.0000036  -0.00000597
 196    0.0000042  -0.00000615
 197    0.0000022  -0.00000685
 198    0.0000029  -0.00000545
 199    0.0000001  0.00000039
 200    0.0000001  0.00000038
 201    0.0000025  -0.00000373
 202    0.0000049  -0.00000360
 203    0.0000031  -0.00000390
 204    0.0000040  -0.00000429
 205    0.0000018  -0.00000453
 206    0.0000022  -0.00000704
 207    0.0000001  0.00000040
 208    0.0000001  0.00000041
 209    0.0000023  -0.00000376
 210    0.0000045  -0.00000383
 211    0.0000029  -0.00000382
 212    0.0000033  -0.00000315
 213    0.0000017  -0.00000081
 214    0.0000022  -0.00000024
 215    0.0000001  0.00000044
 216    0.0000001  0.00000039
 217    0.0000021  -0.00000269
 218    0.0000039  -0.00000229
 219    0.0000023  -0.00000266
 220    0.0000025  -0.00000228
 221    0.0000013  -0.00000168
 222    0.0000020  -0.00000086
 223    0.0000001  0.00000041
 224    0.0000001  0.00000041
 225    0.0000016  -0.00000149
 226    0.0000037  -0.00000259
 227    0.0000020  -0.00000235
 228    0.0000024  -0.00000264
 229    0.0000013  -0.00000069
 230    0.0000019  -0.00000106
 231    0.0000001  0.00000043
 232    0.0000001  0.00000041
 233    0.0000015  -0.00000135
 234    0.0000033  -0.00000269
 235    0.0000016  -0.00000143
 236    0.0000020  -0.00000216
 237    0.0000012  -0.00000104
 238    0.0000018  -0.00000163
 239    0.0000001  0.00000042
 240    0.0000001  0.00000043
 241    0.0000015  -0.00000069
 242    0.0000030  -0.00000306
 243    0.0000016  -0.00000138
 244    0.0000018  -0.00000092
 245    0.0000012  -0.00000074
 246    0.0000013  -0.00000140
 247    0.0000001  0.00000045
 248    0.0000001  0.00000038
 249    0.0000014  -0.00000062
 250    0.0000029  -0.00000123
 251    0.0000015  -0.00000062
 252    0.0000017  -0.00000172
 253    0.0000012  -0.00000001
 254    0.0000013  -0.00000076
 255    0.0000001  0.00000046
 256    0.0000001  0.00000042
 257    0.0000013  -0.00000036
 258    0.0000027  -0.00000249
 259    0.0000013  -0.00000086
 260    0.0000015  -0.00000051
 261    0.0000010  0.00000049
 262    0.0000012  -0.00000016
 263    0.0000001  0.00000044
 264    0.0000001  0.00000043
 265    0.0000012  -0.00000031
 266    0.0000026  -0.00000211
 267    0.0000013  -0.00000034
 268    0.0000013  -0.00000036
 269    0.0000010  0.00000035
 270    0.0000010  0.00000025
 271    0.0000001  0.00000045
 272    0.0000001  0.00000043
 273    0.0000012  -0.00000026
 274    0.0000023  -0.00000153
 275    0.0000012  -0.00000023
 276    0.0000012  -0.00000068
 277    0.0000010  0.00000030
 278    0.0000010  0.00000025
 279    0.0000001  0.00000043
 280    0.0000001  0.00000043
 281    0.0000012  0.00000033
 282    0.0000022  -0.00000082
 283    0.0000012  0.00000032
 284    0.0000011  -0.00000005
 285    0.0000009  0.00000102
 286    0.0000009  0.00000097
 287    0.0000001  0.00000045
 288    0.0000001  0.00000042
 
----------------
 Final Energies 
----------------
Final NOF Total Energy =     -53.0534789
 
Total Orbital Internal Iterations = 519
Total Occupation Internal Iterations = 12
 
Elapsed time:  218.58 Seconds

---------------------------------
   Lowdin Population Analysis    
---------------------------------
 Idx  Atom   Population   Charge 
---------------------------------
  1     B     5.050      -0.050
  2     B     5.050      -0.050
  3     H     0.896       0.104
  4     H     0.896       0.104
  5     H     1.027      -0.027
  6     H     1.027      -0.027
  7     H     1.027      -0.027
  8     H     1.027      -0.027

---------------------------------
   M Diagnostic: 0.02
---------------------------------

