Computing Integrals
Elapsed time:    3.83 Seconds

Number of basis functions                   (NBF)    = 176
Number of auxiliary basis functions         (NBFAUX) = 307
Inactive Doubly occupied orbitals up to     (NO1)    = 0
No. considered Strongly Doubly occupied MOs (NDOC)   = 19
No. considered Strongly Singly occupied MOs (NSOC)   = 0
NO. of Weakly occ. per St. Doubly occ.  MOs (NCWO)   = 8
Dimension of the Nat. Orb. subspace         (NBF5)   = 171
No. of electrons                                     = 38
    No. of alpha electrons                           = 19
    No. of beta electrons                            = 19
Multiplicity                                         = 1

Geometry
========
Be       0.0000000       0.0000000       0.0000000
Cl       0.0000000       0.0000000       1.7998400
Cl       0.0000000       0.0000000      -1.7998400

No violations of the orthonormality
No violations of the orthonormality
 
PNOF5/ADAM Calculation
==================
 
  Nitext  Nit_orb  Time   Nit_occ  Time         Eelec          Etot           Ediff      maxdiff    Grad_orb  Grad_occ
0.014996484334424354
0.029464804307058154
     1      10    1.8e+01   19    3.0e+01 -1016.43787570  -933.96726539 -11015.43787570   0.927894   6.3e+00   3.0e-04 0.02
0.0012603921006155705
0.0027018999976488457
     2      30    3.9e+00    6    2.5e-01 -1016.54395529  -934.07334498    -0.10607959   0.005912   6.9e-02   2.3e-04 0.02
0.0009056663088222727
0.0014398214752258743
     3      30    3.8e+00    8    3.2e-01 -1016.54567909  -934.07506878    -0.00172380   0.004573   5.4e-02   2.0e-04 0.02
0.0004754906586860175
0.0008188048836918392
     4      30    3.7e+00    6    2.0e-01 -1016.54617819  -934.07556788    -0.00049910   0.003750   6.9e-02   2.0e-04 0.01
0.0003880264424060975
0.0006272583147628825
     5      30    3.7e+00    3    1.3e-01 -1016.54661160  -934.07600129    -0.00043341   0.003511   6.5e-02   2.4e-04 0.01
0.00025338975606437053
0.0005799199024199078
     6      30    3.8e+00    6    1.9e-01 -1016.54691826  -934.07630795    -0.00030666   0.011673   8.1e-02   1.7e-04 0.01
0.00020307152746457113
0.00042162030748847803
     7      30    3.9e+00    3    1.7e-01 -1016.54718470  -934.07657439    -0.00026644   0.003668   4.8e-02   1.7e-04 0.01
0.00021971101606488297
0.00043249234402315787
     8      30    3.9e+00    1    7.7e-02 -1016.54726939  -934.07665908    -0.00008469   0.003696   4.8e-02   2.6e-04 0.01
0.00014563308814118407
0.00028951808299787474
     9      30    3.9e+00    3    1.6e-01 -1016.54722083  -934.07661053     0.00004856   0.004599   5.7e-02   1.9e-04 0.01
0.00016918426196688152
0.00033450095099552294
    10      50    6.3e+00    1    8.2e-02 -1016.54752507  -934.07691477    -0.00030424   0.000411   4.6e-03   2.1e-04 0.01
0.0
0.0
    11      50    6.1e+00    0    1.4e-01 -1016.54753716  -934.07692686    -0.00001209   0.000756   8.6e-03   2.4e-04 0.01
0.0
0.0
    12      60    7.6e+00    0    6.8e-02 -1016.54754443  -934.07693412    -0.00000726   0.000565   4.5e-03   2.5e-04 0.01
0.0
0.0
    13      70    9.0e+00    0    5.3e-02 -1016.54754711  -934.07693680    -0.00000268   0.000429   3.6e-03   2.5e-04 0.01
0.0
0.0
    14      80    1.0e+01    0    6.4e-02 -1016.54754937  -934.07693906    -0.00000226   0.000220   1.7e-03   2.6e-04 0.01
0.0
0.0
    15      90    1.1e+01    0    6.8e-02 -1016.54755083  -934.07694052    -0.00000146   0.000130   9.3e-04   2.6e-04 0.01
0.0
0.0
    16     100    1.3e+01    0    6.0e-02 -1016.54755166  -934.07694135    -0.00000082   0.000123   8.6e-04   2.7e-04 0.01
0.0
0.0
    17     103    1.3e+01    0    5.9e-02 -1016.54755234  -934.07694203    -0.00000068   0.000096   9.2e-04   2.8e-04 0.01
 
RESULTS OF THE OCCUPATION OPTIMIZATION
========================================
   1    1.9999299  -95.69851132
   2    1.9999297  -95.26982221
   3    1.9999948  -19.83596973
   4    1.9999929  -19.27253397
   5    1.9998107  -8.44804886
   6    1.9998130  -8.31371511
   7    1.9995286  -8.02342074
   8    1.9994144  -8.02234722
   9    1.9994137  -8.02112258
  10    1.9995256  -8.02095755
  11    1.9974338  -4.75666686
  12    1.9919306  -0.78297285
  13    1.9918707  -0.78058447
  14    1.9880092  -0.66158914
  15    1.9871524  -0.65816169
  16    1.9877084  -0.65523771
  17    1.9842928  -0.65198529
  18    1.9842445  -0.64788688
  19    1.9813083  -0.63629258
  20    0.0080770  -0.00644684
  21    0.0076428  -0.00621813
  22    0.0072214  -0.00600163
  23    0.0075389  -0.00625707
  24    0.0072503  -0.00605595
  25    0.0072336  -0.00606877
  26    0.0056161  -0.00559835
  27    0.0056223  -0.00562043
  28    0.0012108  -0.00931870
  29    0.0001992  -0.00241958
  30    0.0001896  -0.00232229
  31    0.0001927  -0.00235361
  32    0.0001947  -0.00235574
  33    0.0001853  -0.00247734
  34    0.0001878  -0.00247727
  35    0.0000067  -0.00016781
  36    0.0000045  -0.00013474
  37    0.0000491  -0.00827791
  38    0.0000481  -0.00819206
  39    0.0048341  -0.00399138
  40    0.0046333  -0.00389184
  41    0.0042601  -0.00372664
  42    0.0033259  -0.00314284
  43    0.0038902  -0.00348701
  44    0.0032506  -0.00312259
  45    0.0011923  -0.00145452
  46    0.0009985  -0.00126921
  47    0.0004537  -0.00367661
  48    0.0001579  -0.00213196
  49    0.0001717  -0.00225715
  50    0.0001688  -0.00222406
  51    0.0001606  -0.00215132
  52    0.0000004  -0.00000138
  53    0.0000007  -0.00000179
  54    0.0000001  -0.00000303
  55    0.0000002  -0.00000409
  56    0.0000074  -0.00088646
  57    0.0000083  -0.00098405
  58    0.0040211  -0.00341619
  59    0.0029276  -0.00273323
  60    0.0034945  -0.00312756
  61    0.0007918  -0.00104546
  62    0.0010300  -0.00129230
  63    0.0008575  -0.00113199
  64    0.0007049  -0.00100629
  65    0.0007733  -0.00108750
  66    0.0004429  -0.00363547
  67    0.0001141  -0.00137423
  68    0.0001173  -0.00139716
  69    0.0001167  -0.00139209
  70    0.0001133  -0.00137764
  71    0.0000003  -0.00000060
  72    0.0000003  -0.00000114
  73    0.0000001  -0.00000009
  74    0.0000001  -0.00000021
  75    0.0000062  -0.00071078
  76    0.0000061  -0.00070929
  77    0.0016422  -0.00159216
  78    0.0003452  -0.00051897
  79    0.0005269  -0.00066390
  80    0.0002507  -0.00035422
  81    0.0003574  -0.00049412
  82    0.0002678  -0.00036867
  83    0.0003710  -0.00061237
  84    0.0003730  -0.00061886
  85    0.0004406  -0.00362592
  86    0.0000010  -0.00000763
  87    0.0001047  -0.00129708
  88    0.0001043  -0.00129612
  89    0.0000010  -0.00000877
  90    0.0000002  -0.00000005
  91    0.0000002  -0.00000011
  92    0.0000001  0.00000000
  93    0.0000001  -0.00000008
  94    0.0000061  -0.00070098
  95    0.0000061  -0.00070506
  96    0.0000385  -0.00008724
  97    0.0000961  -0.00014979
  98    0.0000783  -0.00013929
  99    0.0001402  -0.00022287
 100    0.0001373  -0.00022452
 101    0.0001451  -0.00023249
 102    0.0000728  -0.00014347
 103    0.0001042  -0.00016821
 104    0.0000105  -0.00016746
 105    0.0000007  -0.00000214
 106    0.0000010  -0.00000787
 107    0.0000011  -0.00000809
 108    0.0000006  -0.00000212
 109    0.0000002  0.00000000
 110    0.0000001  -0.00000003
 111    0.0000001  0.00000004
 112    0.0000001  -0.00000000
 113    0.0000013  -0.00040798
 114    0.0000012  -0.00039392
 115    0.0000360  -0.00008559
 116    0.0000532  -0.00011084
 117    0.0000489  -0.00009936
 118    0.0001274  -0.00020116
 119    0.0000805  -0.00014916
 120    0.0001169  -0.00019431
 121    0.0000669  -0.00013397
 122    0.0000722  -0.00013921
 123    0.0000030  -0.00002095
 124    0.0000007  -0.00000201
 125    0.0000008  -0.00000221
 126    0.0000008  -0.00000201
 127    0.0000006  -0.00000070
 128    0.0000002  0.00000002
 129    0.0000001  0.00000002
 130    0.0000001  0.00000002
 131    0.0000001  0.00000003
 132    0.0000001  0.00000004
 133    0.0000001  0.00000004
 134    0.0000247  -0.00007047
 135    0.0000314  -0.00008157
 136    0.0000407  -0.00009232
 137    0.0000630  -0.00010700
 138    0.0000531  -0.00010056
 139    0.0000647  -0.00010819
 140    0.0000573  -0.00011722
 141    0.0000711  -0.00013732
 142    0.0000027  -0.00001573
 143    0.0000004  -0.00000027
 144    0.0000006  -0.00000138
 145    0.0000005  -0.00000022
 146    0.0000003  -0.00000016
 147    0.0000002  0.00000003
 148    0.0000001  0.00000002
 149    0.0000001  0.00000004
 150    0.0000001  0.00000005
 151    0.0000001  0.00000005
 152    0.0000001  0.00000004
 153    0.0000181  -0.00005801
 154    0.0000259  -0.00007307
 155    0.0000363  -0.00007786
 156    0.0000538  -0.00009246
 157    0.0000487  -0.00009153
 158    0.0000546  -0.00009329
 159    0.0000478  -0.00010873
 160    0.0000546  -0.00011657
 161    0.0000021  -0.00001375
 162    0.0000004  -0.00000002
 163    0.0000006  -0.00000018
 164    0.0000005  -0.00000025
 165    0.0000003  -0.00000027
 166    0.0000002  0.00000002
 167    0.0000001  0.00000004
 168    0.0000000  0.00000003
 169    0.0000001  0.00000002
 170    0.0000000  0.00000005
 171    0.0000000  0.00000005
 
----------------
 Final Energies 
----------------
Final NOF Total Energy =    -934.0769420
 
Total Orbital Internal Iterations = 853
Total Occupation Internal Iterations = 56
 
Elapsed time:  190.84 Seconds

---------------------------------
   Lowdin Population Analysis    
---------------------------------
 Idx  Atom   Population   Charge 
---------------------------------
  1    Be     4.769      -0.769
  2    Cl    16.615       0.385
  3    Cl    16.615       0.385

---------------------------------
   M Diagnostic: 0.01
---------------------------------

