Computing Integrals
Elapsed time:   19.46 Seconds

Number of basis functions                   (NBF)    = 1101
Number of auxiliary basis functions         (NBFAUX) = 1203
Inactive Doubly occupied orbitals up to     (NO1)    = 0
No. considered Strongly Doubly occupied MOs (NDOC)   = 50
No. considered Strongly Singly occupied MOs (NSOC)   = 0
NO. of Weakly occ. per St. Doubly occ.  MOs (NCWO)   = 1
Dimension of the Nat. Orb. subspace         (NBF5)   = 100
No. of electrons                                     = 100
    No. of alpha electrons                           = 50
    No. of beta electrons                            = 50
Multiplicity                                         = 1

Geometry
========
 N      -1.1480600      -1.1226700       0.0709400
 H      -0.9609200      -2.1127100       0.1523000
 C       0.0007800      -0.2775200      -0.1076200
 H      -0.0621600       0.1804800      -1.0996000
 C       0.0737500       0.8474100       0.9531300
 C       1.2462400      -1.1602700      -0.0964800
 H       0.8662800       0.6603900       1.6715900
 H      -0.8781600       0.9037200       1.4732000
 C       0.3512200       2.1380400       0.2224000
 O       1.1555900      -2.3838300      -0.0426300
 O      -0.7048300       2.6585300      -0.4091900
 O       1.4613000       2.6215900       0.1353200
 N       2.4007600      -0.4691000      -0.1661000
 C       3.6925100      -1.1253000      -0.1808700
 H       2.3624500       0.5420700      -0.1572900
 H       3.5180600      -2.1959500      -0.2022700
 H       4.2576800      -0.8343900      -1.0632900
 H       4.2664600      -0.8738300       0.7087100
 C      -2.3821300      -0.6119800      -0.0974100
 C      -3.5321800      -1.5739600       0.0037500
 O      -2.5626500       0.5937500      -0.3182100
 H      -4.0436400      -1.6018600      -0.9558400
 H      -4.2364400      -1.1996300       0.7421700
 H      -3.2175200      -2.5779400       0.2745600
 H      -1.4538800       2.0226300      -0.3406800

No violations of the orthonormality
No violations of the orthonormality
 
PNOF9/ADABelief Calculation
==================
 
  Nitext  Nit_orb  Time   Nit_occ  Time         Eelec          Etot           Ediff      maxdiff    MaxGrad_orb  Grad_occ
     1      10    5.1e+01   26    4.1e+01 -1535.32393468  -680.40312255 -11534.32393468   0.012067   4.8e-02   3.2e-04 0.04
     2      20    4.6e+01    0    1.2e+00 -1537.45187786  -682.53106574    -2.12794318   0.012067   4.8e-02   3.2e-04 0.04
     3      40    8.9e+01   25    1.2e+00 -1537.47903987  -682.55822775    -0.02716201   0.313458   1.3e+00   2.8e-04 0.04
     4      40    8.9e+01    8    1.1e+00 -1537.57700685  -682.65619472    -0.09796697   0.011982   4.8e-02   2.7e-04 0.04
     5      40    8.8e+01    8    1.2e+00 -1537.59839133  -682.67757920    -0.02138448   0.016793   6.7e-02   1.3e-04 0.04
     6      40    8.8e+01    5    1.1e+00 -1537.61289506  -682.69208293    -0.01450373   0.013796   5.5e-02   2.2e-04 0.04
     7      40    8.8e+01    0    1.1e+00 -1537.61364092  -682.69282879    -0.00074587   0.013796   5.5e-02   2.2e-04 0.04
     8      60    1.3e+02    4    1.1e+00 -1537.62633550  -682.70552337    -0.01269458   0.002921   1.2e-02   2.6e-04 0.04
     9      60    1.3e+02    4    1.2e+00 -1537.62755164  -682.70673951    -0.00121614   0.004209   1.7e-02   1.5e-04 0.04
    10      60    1.3e+02    4    1.1e+00 -1537.62860006  -682.70778793    -0.00104842   0.006376   2.6e-02   9.4e-05 0.04
    11      60    1.3e+02    4    1.1e+00 -1537.62948650  -682.70867438    -0.00088644   0.006917   2.8e-02   9.0e-05 0.04
    12      60    1.3e+02    4    1.2e+00 -1537.63023800  -682.70942587    -0.00075150   0.006643   2.7e-02   7.0e-05 0.04
    13      60    1.3e+02    4    1.2e+00 -1537.63095368  -682.71014155    -0.00071568   0.006469   2.6e-02   8.7e-05 0.04
    14      60    1.3e+02    3    1.1e+00 -1537.63156023  -682.71074810    -0.00060655   0.006497   2.6e-02   2.6e-04 0.04
    15      60    1.3e+02    3    1.2e+00 -1537.63216044  -682.71134831    -0.00060021   0.006816   2.7e-02   2.7e-04 0.04
    16      60    1.3e+02    3    1.2e+00 -1537.63267735  -682.71186523    -0.00051692   0.007373   2.9e-02   2.5e-04 0.04
    17      60    1.3e+02    3    1.1e+00 -1537.63317782  -682.71236570    -0.00050047   0.006610   2.6e-02   2.5e-04 0.04
    18      60    1.3e+02    3    1.1e+00 -1537.63357795  -682.71276582    -0.00040013   0.006163   2.5e-02   2.3e-04 0.04
    19      60    1.3e+02    3    1.2e+00 -1537.63395029  -682.71313816    -0.00037234   0.006167   2.5e-02   2.2e-04 0.04
    20      60    1.4e+02    3    1.1e+00 -1537.63425650  -682.71344437    -0.00030620   0.006138   2.5e-02   2.0e-04 0.04
    21      60    1.4e+02    3    1.1e+00 -1537.63454482  -682.71373270    -0.00028833   0.006240   2.5e-02   2.1e-04 0.04
    22      60    1.3e+02    3    1.3e+00 -1537.63477277  -682.71396064    -0.00022795   0.006074   2.4e-02   1.9e-04 0.04
    23      60    1.3e+02    3    1.1e+00 -1537.63498642  -682.71417429    -0.00021365   0.006435   2.6e-02   2.0e-04 0.04
    24      60    1.3e+02    2    1.1e+00 -1537.63517895  -682.71436682    -0.00019253   0.006121   2.4e-02   3.2e-04 0.04
    25      60    1.3e+02    2    1.2e+00 -1537.63534314  -682.71453101    -0.00016419   0.006515   2.6e-02   3.1e-04 0.04
    26      60    1.3e+02    2    1.2e+00 -1537.63549006  -682.71467794    -0.00014692   0.006236   2.5e-02   2.9e-04 0.04
    27      60    1.3e+02    3    1.1e+00 -1537.63561319  -682.71480106    -0.00012312   0.006610   2.6e-02   1.4e-04 0.04
    28      60    1.3e+02    1    1.1e+00 -1537.63573679  -682.71492466    -0.00012360   0.006037   2.4e-02   2.9e-04 0.04
    29      60    1.3e+02    2    1.1e+00 -1537.63582372  -682.71501159    -0.00008693   0.006403   2.6e-02   2.4e-04 0.04
    30      60    1.3e+02    2    1.1e+00 -1537.63591610  -682.71510397    -0.00009238   0.006321   2.5e-02   2.2e-04 0.04
    31      60    1.3e+02    2    1.1e+00 -1537.63598668  -682.71517456    -0.00007059   0.006343   2.5e-02   1.8e-04 0.04
    32      60    1.3e+02    1    1.1e+00 -1537.63604750  -682.71523537    -0.00006081   0.006069   2.4e-02   2.3e-04 0.04
    33      60    1.3e+02    1    1.2e+00 -1537.63609688  -682.71528475    -0.00004939   0.006033   2.4e-02   2.4e-04 0.04
    34      60    1.3e+02    2    1.1e+00 -1537.63612589  -682.71531377    -0.00002901   0.006090   2.4e-02   1.4e-04 0.04
    35      60    1.3e+02    1    1.2e+00 -1537.63614923  -682.71533711    -0.00002334   0.006091   2.4e-02   1.8e-04 0.04
    36      60    1.3e+02    2    1.1e+00 -1537.63616183  -682.71534970    -0.00001259   0.005863   2.3e-02   1.0e-04 0.04
    37      60    1.3e+02    1    1.2e+00 -1537.63617685  -682.71536472    -0.00001502   0.005935   2.4e-02   1.2e-04 0.04
    38      60    1.3e+02    0    1.1e+00 -1537.63617810  -682.71536597    -0.00000125   0.005935   2.4e-02   1.2e-04 0.04
    39      80    1.7e+02    1    1.1e+00 -1537.63685627  -682.71604414    -0.00067817   0.000591   2.4e-03   1.4e-04 0.04
 
RESULTS OF THE OCCUPATION OPTIMIZATION
========================================
   1    1.9997882  -20.60627066
   2    1.9997988  -20.58039623
   3    1.9998003  -20.57879118
   4    1.9997969  -20.57520528
   5    1.9996489  -15.27663929
   6    1.9996161  -14.76989971
   7    1.9995899  -11.74416093
   8    1.9995985  -11.58944444
   9    1.9995618  -11.49614810
  10    1.9995010  -11.37568525
  11    1.9994566  -11.37053814
  12    1.9994578  -11.35273889
  13    1.9994601  -11.34618958
  14    1.9908388  -1.32544741
  15    1.9911943  -1.30789355
  16    1.9902929  -1.28781026
  17    1.9902386  -1.28730355
  18    1.9898722  -1.23934076
  19    1.9904766  -1.22143424
  20    1.9879130  -0.93016258
  21    1.9805535  -0.86541548
  22    1.9807888  -0.86409819
  23    1.9868052  -0.84226739
  24    1.9801552  -0.83825273
  25    1.9865990  -0.79905823
  26    1.9782408  -0.76983148
  27    1.9720404  -0.75827764
  28    1.9760010  -0.75609860
  29    1.9761095  -0.75172808
  30    1.9723668  -0.74544904
  31    1.9729279  -0.73546623
  32    1.9734830  -0.71651929
  33    1.9709663  -0.69305685
  34    1.9702695  -0.69106796
  35    1.9701109  -0.69054562
  36    1.9736791  -0.67724575
  37    1.9684345  -0.67205908
  38    1.9840690  -0.63735169
  39    1.9748743  -0.63163604
  40    1.9738325  -0.62460703
  41    1.9746867  -0.62356245
  42    1.9746455  -0.61882488
  43    1.9746818  -0.61872698
  44    1.9748030  -0.61132431
  45    1.9710843  -0.60475056
  46    1.9701323  -0.59339341
  47    1.9699115  -0.58002880
  48    1.9584989  -0.52374127
  49    1.9600126  -0.49649407
  50    1.9593690  -0.47811285
  51    0.0406310  -0.05043871
  52    0.0399874  -0.04992282
  53    0.0415011  -0.05257972
  54    0.0300885  -0.03777950
  55    0.0298677  -0.03473115
  56    0.0289157  -0.03566296
  57    0.0251970  -0.02513913
  58    0.0253182  -0.02499810
  59    0.0253545  -0.02546441
  60    0.0253133  -0.02557913
  61    0.0261675  -0.03639946
  62    0.0251257  -0.02525326
  63    0.0159310  -0.01933553
  64    0.0315655  -0.04668430
  65    0.0263209  -0.03688616
  66    0.0298891  -0.03884778
  67    0.0297305  -0.03937470
  68    0.0290337  -0.03768961
  69    0.0265170  -0.03413084
  70    0.0270721  -0.04139054
  71    0.0276332  -0.04192292
  72    0.0238905  -0.02930727
  73    0.0239990  -0.02928637
  74    0.0279596  -0.04242327
  75    0.0217592  -0.02437378
  76    0.0134010  -0.02080910
  77    0.0198448  -0.02333275
  78    0.0131948  -0.02044327
  79    0.0192112  -0.02313563
  80    0.0194465  -0.02326770
  81    0.0120870  -0.01849986
  82    0.0095234  -0.01415191
  83    0.0101278  -0.01983495
  84    0.0097614  -0.01831007
  85    0.0097071  -0.02067719
  86    0.0088057  -0.01393097
  87    0.0091612  -0.01762752
  88    0.0005399  -0.00905835
  89    0.0005422  -0.00913124
  90    0.0005434  -0.00916824
  91    0.0004990  -0.00851329
  92    0.0004382  -0.00772575
  93    0.0004015  -0.00724162
  94    0.0004101  -0.00741494
  95    0.0003839  -0.00864522
  96    0.0003511  -0.00826265
  97    0.0002031  -0.00666424
  98    0.0001997  -0.00658975
  99    0.0002012  -0.00660219
 100    0.0002118  -0.00682435
 
----------------
 Final Energies 
----------------
Final NOF Total Energy =    -682.7160441
 
Total Orbital Internal Iterations = 2170
Total Occupation Internal Iterations = 151
 
Elapsed time: 5164.21 Seconds

---------------------------------
   Lowdin Population Analysis    
---------------------------------
 Idx  Atom   Population   Charge 
---------------------------------
  1     N     6.454       0.546
  2     H     1.153      -0.153
  3     C     6.122      -0.122
  4     H     1.026      -0.026
  5     C     5.889       0.111
  6     C     6.574      -0.574
  7     H     1.039      -0.039
  8     H     1.041      -0.041
  9     C     6.708      -0.708
 10     O     7.745       0.255
 11     O     7.347       0.653
 12     O     7.725       0.275
 13     N     6.476       0.524
 14     C     5.826       0.174
 15     H     1.151      -0.151
 16     H     1.056      -0.056
 17     H     1.066      -0.066
 18     H     1.067      -0.067
 19     C     6.572      -0.572
 20     C     5.754       0.246
 21     O     7.704       0.296
 22     H     1.047      -0.047
 23     H     1.046      -0.046
 24     H     1.056      -0.056
 25     H     1.357      -0.357

---------------------------------
   M Diagnostic: 0.04
---------------------------------

