Computing Integrals
NVIDIA GeForce RTX 3090
Elapsed time:   96.53 Seconds

Number of basis functions                   (NBF)    = 1275
Number of auxiliary basis functions         (NBFAUX) = 1389
Inactive Doubly occupied orbitals up to     (NO1)    = 0
No. considered Strongly Doubly occupied MOs (NDOC)   = 56
No. considered Strongly Singly occupied MOs (NSOC)   = 0
NO. of Weakly occ. per St. Doubly occ.  MOs (NCWO)   = 1
Dimension of the Nat. Orb. subspace         (NBF5)   = 112
No. of electrons                                     = 112
    No. of alpha electrons                           = 56
    No. of beta electrons                            = 56
Multiplicity                                         = 1

Geometry
========
 N      -1.6514300       0.1051200      -0.3062500
 H      -1.5133300       0.3625900      -1.2764200
 C      -0.7339500       0.7590400       0.5983200
 H      -1.2923900       1.4199700       1.2664500
 C       0.0348700      -0.2679500       1.4507500
 C       0.2190500       1.5732300      -0.2751900
 H       0.5444000       0.2342800       2.2747800
 H      -0.7073600      -0.9276300       1.9014200
 C       1.0500900      -1.0079900       0.6585800
 O       0.1280400       1.5700800      -1.4998500
 N       0.7372400      -1.7949000      -0.4216300
 C       2.4286300      -1.0597800       0.7301900
 H      -0.1932500      -1.9275300      -0.7821800
 C       1.9002600      -2.2709000      -0.9453900
 N       2.9512100      -1.8464000      -0.2636500
 H       3.0593300      -0.5779400       1.4589900
 H       1.9251200      -2.9121800      -1.8093100
 C      -2.8771300      -0.3012600       0.1411900
 C      -3.8427700      -0.7413600      -0.9314700
 O      -3.1589100      -0.3230200       1.3325200
 H      -4.6793200      -0.0457400      -0.9476800
 H      -4.2349400      -1.7203200      -0.6687200
 H      -3.3920100      -0.7802200      -1.9199100
 N       1.1507500       2.2851600       0.3920600
 C       2.2342000       2.9295900      -0.3262700
 H       1.2548000       2.1228300       1.3778700
 H       2.7188800       3.6447800       0.3311200
 H       2.9651200       2.2011600      -0.6768100
 H       1.8253000       3.4500200      -1.1863800

No violations of the orthonormality
No violations of the orthonormality
 
PNOF9/ADABelief Calculation
==================
 
  Nitext  Nit_orb  Time   Nit_occ  Time         Eelec          Etot           Ediff      maxdiff    MaxGrad_orb  Grad_occ
     1      10    4.8e+01   23    3.7e+01 -1758.89839222  -717.50386661 -11757.89839222   0.003839   1.5e-02   3.3e-04 0.04
     2      20    5.7e+00    0    4.8e-02 -1760.35152150  -718.95699589    -1.45312928   0.003839   1.5e-02   3.3e-04 0.04
     3      40    1.1e+01    0    4.9e-02 -1760.35152150  -718.95699589     0.00000000   0.003839   1.5e-02   3.3e-04 0.04
     4      60    1.6e+01    4    6.7e-02 -1760.35455302  -718.96002740    -0.00303152   0.002662   1.1e-02   2.0e-04 0.04
     5      60    1.6e+01    4    6.7e-02 -1760.35712148  -718.96259587    -0.00256846   0.002843   1.1e-02   1.9e-04 0.04
     6      60    1.6e+01    4    8.2e-02 -1760.35992232  -718.96539671    -0.00280084   0.002422   9.7e-03   1.8e-04 0.04
     7      60    1.6e+01    4    7.0e-02 -1760.36219903  -718.96767342    -0.00227671   0.001855   7.4e-03   1.5e-04 0.04
     8      60    1.6e+01    4    7.7e-02 -1760.36427305  -718.96974743    -0.00207401   0.002129   8.5e-03   1.4e-04 0.04
     9      60    1.6e+01    4    6.7e-02 -1760.36576590  -718.97124029    -0.00149286   0.002739   1.1e-02   1.1e-04 0.04
    10      60    1.6e+01    3    6.3e-02 -1760.36738584  -718.97286023    -0.00161994   0.002803   1.1e-02   2.2e-04 0.04
    11      60    1.6e+01    4    6.8e-02 -1760.36824686  -718.97372125    -0.00086102   0.002149   8.6e-03   8.3e-05 0.04
    12      60    1.6e+01    3    6.3e-02 -1760.36903386  -718.97450825    -0.00078700   0.002648   1.1e-02   1.8e-04 0.04
    13      60    1.6e+01    2    5.9e-02 -1760.36959635  -718.97507073    -0.00056249   0.002919   1.2e-02   2.4e-04 0.04
    14      60    1.6e+01    3    6.2e-02 -1760.37039833  -718.97587271    -0.00080198   0.002385   9.5e-03   2.1e-04 0.04
    15      60    1.6e+01    1    5.4e-02 -1760.37063499  -718.97610938    -0.00023666   0.002050   8.2e-03   3.0e-04 0.04
    16      60    1.6e+01    3    6.5e-02 -1760.37098677  -718.97646115    -0.00035178   0.002012   8.0e-03   1.3e-04 0.04
    17      60    1.6e+01    2    6.1e-02 -1760.37150354  -718.97697792    -0.00051677   0.002121   8.5e-03   2.0e-04 0.04
    18      60    1.6e+01    0    4.8e-02 -1760.37161328  -718.97708766    -0.00010974   0.002121   8.5e-03   2.0e-04 0.04
    19      80    2.2e+01    2    5.8e-02 -1760.37304249  -718.97851688    -0.00142922   0.000808   3.2e-03   1.9e-04 0.04
 
RESULTS OF THE OCCUPATION OPTIMIZATION
========================================
   1    1.9998004  -20.36914825
   2    1.9997968  -20.32711792
   3    1.9997325  -15.80422688
   4    1.9996731  -15.78512192
   5    1.9996523  -15.42115784
   6    1.9996549  -15.37895107
   7    1.9995732  -11.42318439
   8    1.9995253  -11.37567711
   9    1.9995868  -11.35462666
  10    1.9994525  -11.31799698
  11    1.9994571  -11.31304169
  12    1.9995017  -11.30396938
  13    1.9995608  -11.26221466
  14    1.9994473  -11.25571346
  15    1.9995149  -11.24368286
  16    1.9908546  -1.29128897
  17    1.9910792  -1.27047241
  18    1.9903382  -1.22760057
  19    1.9899339  -1.22730124
  20    1.9894373  -1.20998609
  21    1.9895207  -1.07241881
  22    1.9815084  -0.91375303
  23    1.9795856  -0.89052927
  24    1.9809964  -0.88540876
  25    1.9809136  -0.88107079
  26    1.9870070  -0.85975862
  27    1.9801743  -0.80897671
  28    1.9788480  -0.79450828
  29    1.9726812  -0.76316381
  30    1.9763192  -0.75651449
  31    1.9854706  -0.75554329
  32    1.9727924  -0.75305957
  33    1.9755871  -0.73736739
  34    1.9750468  -0.70210177
  35    1.9727666  -0.69674599
  36    1.9698603  -0.67950273
  37    1.9724845  -0.67816436
  38    1.9771449  -0.67075342
  39    1.9697143  -0.66347295
  40    1.9725391  -0.65097636
  41    1.9724265  -0.63563925
  42    1.9725311  -0.63562799
  43    1.9717776  -0.62666804
  44    1.9748667  -0.62296003
  45    1.9744077  -0.61489791
  46    1.9713768  -0.61455703
  47    1.9739685  -0.61409795
  48    1.9747776  -0.61229908
  49    1.9708397  -0.60801494
  50    1.9745770  -0.60575581
  51    1.9705362  -0.59452468
  52    1.9703099  -0.58972991
  53    1.9587802  -0.49726337
  54    1.9592413  -0.49346206
  55    1.9589240  -0.41902241
  56    1.9595565  -0.36015490
  57    0.0404435  -0.04187978
  58    0.0410760  -0.04616768
  59    0.0407587  -0.05075183
  60    0.0412198  -0.05093899
  61    0.0296901  -0.03467803
  62    0.0294638  -0.03659568
  63    0.0254230  -0.02496756
  64    0.0291603  -0.03788348
  65    0.0252224  -0.02486309
  66    0.0260315  -0.02595220
  67    0.0286232  -0.03547429
  68    0.0255923  -0.02546102
  69    0.0251333  -0.02543651
  70    0.0282224  -0.03858754
  71    0.0274689  -0.03788830
  72    0.0275735  -0.03693343
  73    0.0274609  -0.03394450
  74    0.0302857  -0.03957734
  75    0.0228551  -0.02490220
  76    0.0275155  -0.03714230
  77    0.0301397  -0.03898967
  78    0.0272334  -0.03726942
  79    0.0249532  -0.02981366
  80    0.0244129  -0.02914025
  81    0.0272076  -0.04122331
  82    0.0145294  -0.02006153
  83    0.0236808  -0.02931587
  84    0.0273188  -0.04150005
  85    0.0211520  -0.02420659
  86    0.0198257  -0.02378736
  87    0.0129930  -0.01765475
  88    0.0190864  -0.02299428
  89    0.0190036  -0.02338313
  90    0.0204144  -0.02868819
  91    0.0184916  -0.02297985
  92    0.0104793  -0.01786541
  93    0.0105627  -0.02163151
  94    0.0100661  -0.01992613
  95    0.0096618  -0.01504573
  96    0.0089208  -0.01423227
  97    0.0091454  -0.01360039
  98    0.0004851  -0.00824453
  99    0.0005527  -0.00923846
 100    0.0004392  -0.00761741
 101    0.0004983  -0.00849780
 102    0.0005429  -0.00908547
 103    0.0005475  -0.00915957
 104    0.0004132  -0.00730681
 105    0.0004747  -0.00820564
 106    0.0004268  -0.00754100
 107    0.0003451  -0.00810332
 108    0.0003477  -0.00818738
 109    0.0003269  -0.00796550
 110    0.0002675  -0.00668856
 111    0.0002032  -0.00665572
 112    0.0001996  -0.00658293
 
----------------
 Final Energies 
----------------
Final NOF Total Energy =    -718.9785169
 
Total Orbital Internal Iterations = 1050
Total Occupation Internal Iterations = 70
 
Elapsed time:  405.09 Seconds

---------------------------------
   Lowdin Population Analysis    
---------------------------------
 Idx  Atom   Population   Charge 
---------------------------------
  1     N     6.476       0.524
  2     H     1.174      -0.174
  3     C     6.127      -0.127
  4     H     1.032      -0.032
  5     C     5.900       0.100
  6     C     6.569      -0.569
  7     H     1.033      -0.033
  8     H     1.030      -0.030
  9     C     6.221      -0.221
 10     O     7.724       0.276
 11     N     6.437       0.563
 12     C     6.120      -0.120
 13     H     1.140      -0.140
 14     C     6.176      -0.176
 15     N     6.741       0.259
 16     H     1.092      -0.092
 17     H     1.095      -0.095
 18     C     6.597      -0.597
 19     C     5.765       0.235
 20     O     7.738       0.262
 21     H     1.050      -0.050
 22     H     1.051      -0.051
 23     H     1.057      -0.057
 24     N     6.481       0.519
 25     C     5.835       0.165
 26     H     1.157      -0.157
 27     H     1.066      -0.066
 28     H     1.062      -0.062
 29     H     1.055      -0.055

---------------------------------
   M Diagnostic: 0.04
---------------------------------

