Computing Integrals
Elapsed time:   28.19 Seconds

Number of basis functions                   (NBF)    = 1275
Number of auxiliary basis functions         (NBFAUX) = 1389
Inactive Doubly occupied orbitals up to     (NO1)    = 0
No. considered Strongly Doubly occupied MOs (NDOC)   = 56
No. considered Strongly Singly occupied MOs (NSOC)   = 0
NO. of Weakly occ. per St. Doubly occ.  MOs (NCWO)   = 1
Dimension of the Nat. Orb. subspace         (NBF5)   = 112
No. of electrons                                     = 112
    No. of alpha electrons                           = 56
    No. of beta electrons                            = 56
Multiplicity                                         = 1

Geometry
========
 N      -0.1841300       1.1129900       0.0833200
 H      -1.0539100       0.7665300      -0.2983900
 C       0.4809400       0.2644500       1.0556400
 H       0.9088700       0.9201200       1.8172700
 C      -0.5563500      -0.6655700       1.6926700
 C       1.6443400      -0.5194000       0.4246800
 H      -1.1845600      -0.0727700       2.3571900
 H      -0.0309900      -1.4049000       2.2960300
 C      -1.4389600      -1.3195300       0.6888800
 O       1.6501500      -1.7522100       0.3419500
 N      -1.0012000      -2.2755000      -0.1891900
 C      -2.7654200      -1.1149800       0.3490500
 H      -0.0299500      -2.5666300      -0.2231700
 C      -2.0416900      -2.6037000      -0.9982100
 N      -3.1363800      -1.9190600      -0.6983800
 H      -3.4657900      -0.4503900       0.8281800
 H      -1.9568800      -3.3383000      -1.7802900
 C       0.2706200       2.3388200      -0.2614700
 C      -0.6256400       3.1359400      -1.1720000
 O       1.3450000       2.7838700       0.1511300
 H      -1.4524200       2.5535200      -1.5704400
 H      -0.0290200       3.5329100      -1.9886200
 H      -1.0224600       3.9796100      -0.6107200
 N       2.6435900       0.2703300       0.0020300
 C       3.8176400      -0.2538100      -0.6624200
 H       2.5009900       1.2729200       0.0937100
 H       3.8230300       0.0128400      -1.7182100
 H       4.7192700       0.1352700      -0.1953700
 H       3.8008400      -1.3347800      -0.5689200

No violations of the orthonormality
No violations of the orthonormality
 
PNOF9/ADABelief Calculation
==================
 
  Nitext  Nit_orb  Time   Nit_occ  Time         Eelec          Etot           Ediff      maxdiff    MaxGrad_orb  Grad_occ
     1      10    6.5e+01   20    4.2e+01 -1755.90469994  -716.28374561 -11754.90469994   0.026688   1.1e-01   3.6e-04 0.04
     2      20    7.0e+01    0    1.6e+00 -1758.30271525  -718.68176092    -2.39801531   0.026688   1.1e-01   3.6e-04 0.04
     3      40    1.4e+02   27    1.8e+00 -1758.36719511  -718.74624078    -0.06447986   0.226051   9.0e-01   1.6e-04 0.04
     4      40    1.4e+02    9    1.6e+00 -1758.46890219  -718.84794786    -0.10170709   0.010476   4.2e-02   2.6e-04 0.04
     5      40    1.4e+02    7    1.7e+00 -1758.50877516  -718.88782082    -0.03987296   0.009350   3.7e-02   3.6e-04 0.04
     6      40    1.4e+02    6    1.7e+00 -1758.52739984  -718.90644551    -0.01862468   0.009503   3.8e-02   2.1e-04 0.04
     7      40    1.4e+02    6    1.6e+00 -1758.53780052  -718.91684619    -0.01040068   0.021981   8.8e-02   9.9e-05 0.04
     8      40    1.4e+02    5    1.6e+00 -1758.54568082  -718.92472649    -0.00788030   0.024734   9.9e-02   2.3e-04 0.04
     9      40    1.3e+02    5    1.6e+00 -1758.55198444  -718.93103011    -0.00630362   0.027207   1.1e-01   1.8e-04 0.04
    10      40    1.4e+02    5    1.6e+00 -1758.55510580  -718.93415147    -0.00312136   0.024541   9.8e-02   1.4e-04 0.04
    11      40    1.3e+02    5    1.6e+00 -1758.55722475  -718.93627041    -0.00211894   0.023925   9.6e-02   1.4e-04 0.04
    12      40    1.3e+02    0    1.6e+00 -1758.55736952  -718.93641519    -0.00014477   0.023925   9.6e-02   1.4e-04 0.04
    13      60    2.0e+02    4    1.6e+00 -1758.58920866  -718.96825433    -0.03183914   0.001679   6.7e-03   2.7e-04 0.04
    14      60    2.0e+02    4    1.6e+00 -1758.59136387  -718.97040954    -0.00215521   0.002849   1.1e-02   2.4e-04 0.04
    15      60    2.0e+02    3    1.8e+00 -1758.59306014  -718.97210581    -0.00169627   0.004970   2.0e-02   2.7e-04 0.04
    16      60    2.0e+02    3    1.6e+00 -1758.59449495  -718.97354062    -0.00143481   0.004741   1.9e-02   2.8e-04 0.04
    17      60    2.0e+02    3    1.6e+00 -1758.59579480  -718.97484046    -0.00129985   0.004698   1.9e-02   2.6e-04 0.04
    18      60    2.0e+02    2    1.6e+00 -1758.59694721  -718.97599288    -0.00115242   0.004574   1.8e-02   3.4e-04 0.04
    19      60    2.0e+02    3    1.6e+00 -1758.59794648  -718.97699215    -0.00099927   0.004617   1.8e-02   2.6e-04 0.04
    20      60    2.0e+02    2    1.6e+00 -1758.59884785  -718.97789352    -0.00090137   0.004631   1.9e-02   2.8e-04 0.04
    21      60    2.0e+02    2    1.6e+00 -1758.59958430  -718.97862997    -0.00073644   0.004469   1.8e-02   2.7e-04 0.04
    22      60    2.0e+02    2    1.6e+00 -1758.60023269  -718.97927836    -0.00064839   0.004473   1.8e-02   2.6e-04 0.04
    23      60    2.0e+02    2    1.6e+00 -1758.60077036  -718.97981603    -0.00053767   0.004441   1.8e-02   2.2e-04 0.04
    24      60    2.0e+02    2    1.7e+00 -1758.60124239  -718.98028806    -0.00047203   0.004446   1.8e-02   2.2e-04 0.04
    25      60    2.0e+02    2    1.6e+00 -1758.60162827  -718.98067394    -0.00038588   0.004595   1.8e-02   1.9e-04 0.04
    26      60    2.0e+02    2    1.6e+00 -1758.60196578  -718.98101145    -0.00033751   0.004474   1.8e-02   1.7e-04 0.04
    27      60    2.0e+02    2    1.6e+00 -1758.60226028  -718.98130594    -0.00029450   0.004450   1.8e-02   1.5e-04 0.04
    28      60    2.0e+02    2    1.6e+00 -1758.60253159  -718.98157725    -0.00027131   0.004443   1.8e-02   1.3e-04 0.04
    29      60    2.0e+02    1    1.6e+00 -1758.60274790  -718.98179357    -0.00021632   0.004349   1.7e-02   2.1e-04 0.04
    30      60    2.0e+02    1    1.7e+00 -1758.60296060  -718.98200627    -0.00021270   0.004438   1.8e-02   2.3e-04 0.04
    31      60    2.0e+02    2    1.6e+00 -1758.60310226  -718.98214793    -0.00014166   0.004342   1.7e-02   1.1e-04 0.04
    32      60    2.0e+02    2    1.6e+00 -1758.60326303  -718.98230870    -0.00016077   0.004418   1.8e-02   1.1e-04 0.04
    33      60    2.0e+02    1    1.5e+00 -1758.60335981  -718.98240548    -0.00009678   0.004362   1.7e-02   1.8e-04 0.04
    34      60    2.0e+02    1    1.6e+00 -1758.60349319  -718.98253886    -0.00013338   0.004406   1.8e-02   2.0e-04 0.04
    35      60    2.0e+02    1    1.6e+00 -1758.60359377  -718.98263944    -0.00010059   0.004372   1.7e-02   2.1e-04 0.04
    36      60    2.0e+02    2    1.6e+00 -1758.60376880  -718.98281447    -0.00017503   0.004347   1.7e-02   1.1e-04 0.04
    37      60    2.0e+02    1    1.6e+00 -1758.60390479  -718.98295045    -0.00013598   0.004373   1.7e-02   1.6e-04 0.04
    38      60    2.0e+02    1    1.7e+00 -1758.60407669  -718.98312236    -0.00017191   0.004292   1.7e-02   1.8e-04 0.04
    39      60    2.0e+02    1    1.6e+00 -1758.60417586  -718.98322153    -0.00009917   0.004338   1.7e-02   1.6e-04 0.04
    40      60    2.0e+02    1    1.6e+00 -1758.60429082  -718.98333649    -0.00011495   0.004237   1.7e-02   1.7e-04 0.04
    41      60    2.0e+02    1    1.7e+00 -1758.60436861  -718.98341428    -0.00007779   0.004389   1.8e-02   1.6e-04 0.04
    42      60    2.0e+02    1    1.6e+00 -1758.60444764  -718.98349331    -0.00007903   0.004257   1.7e-02   1.8e-04 0.04
    43      60    2.0e+02    1    1.6e+00 -1758.60450859  -718.98355426    -0.00006095   0.004302   1.7e-02   1.8e-04 0.04
    44      60    2.0e+02    1    1.6e+00 -1758.60455833  -718.98360400    -0.00004974   0.004244   1.7e-02   1.8e-04 0.04
    45      60    2.0e+02    1    1.6e+00 -1758.60458511  -718.98363078    -0.00002678   0.004285   1.7e-02   1.9e-04 0.04
    46      60    2.0e+02    1    1.6e+00 -1758.60461854  -718.98366421    -0.00003343   0.004247   1.7e-02   1.9e-04 0.04
    47      60    2.0e+02    1    1.6e+00 -1758.60463205  -718.98367772    -0.00001351   0.004193   1.7e-02   1.8e-04 0.04
    48      60    2.0e+02    0    1.6e+00 -1758.60465082  -718.98369649    -0.00001877   0.004193   1.7e-02   3.1e-04 0.04
    49      70    2.3e+02    0    1.5e+00 -1758.60503172  -718.98407739    -0.00038090   0.003242   1.3e-02   3.5e-04 0.04
    50      80    2.7e+02    1    1.6e+00 -1758.60523707  -718.98428273    -0.00020535   0.002686   1.1e-02   2.2e-04 0.04
    51      80    2.7e+02    0    1.7e+00 -1758.60523881  -718.98428447    -0.00000174   0.002686   1.1e-02   2.2e-04 0.04
    52      88    2.9e+02    2    1.6e+00 -1758.60587172  -718.98491739    -0.00063291   0.000490   2.0e-03   6.7e-05 0.04
 
RESULTS OF THE OCCUPATION OPTIMIZATION
========================================
   1    1.9998019  -20.51684104
   2    1.9998032  -20.40654563
   3    1.9997298  -15.75774415
   4    1.9996661  -15.54141303
   5    1.9996470  -15.35820884
   6    1.9996402  -15.22506799
   7    1.9995918  -11.54412870
   8    1.9995729  -11.50103461
   9    1.9995668  -11.36174527
  10    1.9994560  -11.32765147
  11    1.9994509  -11.31836386
  12    1.9994998  -11.28846791
  13    1.9994953  -11.28764579
  14    1.9994463  -11.25479907
  15    1.9995192  -11.24346227
  16    1.9911373  -1.29870298
  17    1.9912584  -1.28210093
  18    1.9907440  -1.27383172
  19    1.9898563  -1.23473616
  20    1.9895799  -1.22180233
  21    1.9894184  -1.06188259
  22    1.9813846  -0.90364774
  23    1.9811590  -0.89976151
  24    1.9802900  -0.87572060
  25    1.9806454  -0.86795241
  26    1.9869101  -0.84099767
  27    1.9798138  -0.81108413
  28    1.9796420  -0.78594635
  29    1.9761668  -0.76236828
  30    1.9724394  -0.75021084
  31    1.9760981  -0.75017642
  32    1.9721473  -0.74777949
  33    1.9857715  -0.74601123
  34    1.9731997  -0.72141890
  35    1.9752446  -0.71711268
  36    1.9766197  -0.69327577
  37    1.9702524  -0.69097521
  38    1.9728295  -0.68685509
  39    1.9701084  -0.68651576
  40    1.9726080  -0.65322195
  41    1.9731328  -0.64382393
  42    1.9722989  -0.63074167
  43    1.9747949  -0.61560553
  44    1.9712334  -0.60964578
  45    1.9744518  -0.60899051
  46    1.9708674  -0.60822468
  47    1.9744817  -0.60546632
  48    1.9742554  -0.60404398
  49    1.9744583  -0.60333745
  50    1.9703745  -0.59384734
  51    1.9738315  -0.58947860
  52    1.9699955  -0.58389826
  53    1.9599783  -0.48793654
  54    1.9598721  -0.46269362
  55    1.9589429  -0.41704213
  56    1.9601921  -0.35745166
  57    0.0398079  -0.04165691
  58    0.0410571  -0.04593085
  59    0.0401279  -0.04969358
  60    0.0400217  -0.04980833
  61    0.0300045  -0.03735553
  62    0.0261685  -0.03649570
  63    0.0296255  -0.03471187
  64    0.0255417  -0.02522988
  65    0.0257446  -0.02537517
  66    0.0255183  -0.02505202
  67    0.0291326  -0.03781515
  68    0.0255482  -0.02546241
  69    0.0287666  -0.03562105
  70    0.0252051  -0.02487867
  71    0.0277011  -0.03694552
  72    0.0268672  -0.03750370
  73    0.0273920  -0.03370613
  74    0.0298916  -0.03913244
  75    0.0271705  -0.03686069
  76    0.0297476  -0.03876606
  77    0.0233803  -0.03005877
  78    0.0247554  -0.03024689
  79    0.0268003  -0.03681854
  80    0.0142285  -0.01803505
  81    0.0278527  -0.04203315
  82    0.0239019  -0.03001312
  83    0.0275606  -0.04178122
  84    0.0238332  -0.02904962
  85    0.0203580  -0.02376411
  86    0.0201862  -0.02403075
  87    0.0130899  -0.01851250
  88    0.0193546  -0.02313854
  89    0.0197100  -0.02378938
  90    0.0188410  -0.02314930
  91    0.0186154  -0.02317014
  92    0.0105816  -0.01792458
  93    0.0104201  -0.02153718
  94    0.0101437  -0.02026513
  95    0.0092560  -0.01347542
  96    0.0087416  -0.01396904
  97    0.0088627  -0.01370553
  98    0.0004808  -0.00818729
  99    0.0005537  -0.00926168
 100    0.0005047  -0.00853477
 101    0.0005002  -0.00847983
 102    0.0005491  -0.00918326
 103    0.0005440  -0.00911551
 104    0.0004332  -0.00758264
 105    0.0004271  -0.00754338
 106    0.0004082  -0.00728512
 107    0.0003598  -0.00836967
 108    0.0003530  -0.00826766
 109    0.0003339  -0.00799529
 110    0.0002702  -0.00673153
 111    0.0001968  -0.00650251
 112    0.0001981  -0.00658497
 
----------------
 Final Energies 
----------------
Final NOF Total Energy =    -718.9849174
 
Total Orbital Internal Iterations = 2908
Total Occupation Internal Iterations = 160
 
Elapsed time: 10405.66 Seconds

---------------------------------
   Lowdin Population Analysis    
---------------------------------
 Idx  Atom   Population   Charge 
---------------------------------
  1     N     6.456       0.544
  2     H     1.150      -0.150
  3     C     6.115      -0.115
  4     H     1.027      -0.027
  5     C     5.894       0.106
  6     C     6.565      -0.565
  7     H     1.029      -0.029
  8     H     1.029      -0.029
  9     C     6.229      -0.229
 10     O     7.745       0.255
 11     N     6.434       0.566
 12     C     6.128      -0.128
 13     H     1.170      -0.170
 14     C     6.178      -0.178
 15     N     6.747       0.253
 16     H     1.093      -0.093
 17     H     1.095      -0.095
 18     C     6.583      -0.583
 19     C     5.758       0.242
 20     O     7.734       0.266
 21     H     1.055      -0.055
 22     H     1.050      -0.050
 23     H     1.048      -0.048
 24     N     6.472       0.528
 25     C     5.832       0.168
 26     H     1.194      -0.194
 27     H     1.068      -0.068
 28     H     1.068      -0.068
 29     H     1.057      -0.057

---------------------------------
   M Diagnostic: 0.04
---------------------------------

