Computing Integrals
Elapsed time:    4.79 Seconds

Number of basis functions                   (NBF)    = 177
Number of auxiliary basis functions         (NBFAUX) = 147
Inactive Doubly occupied orbitals up to     (NO1)    = 0
No. considered Strongly Doubly occupied MOs (NDOC)   = 5
No. considered Strongly Singly occupied MOs (NSOC)   = 0
NO. of Weakly occ. per St. Doubly occ.  MOs (NCWO)   = 1
Dimension of the Nat. Orb. subspace         (NBF5)   = 10
No. of electrons                                     = 10
    No. of alpha electrons                           = 5
    No. of beta electrons                            = 5
Multiplicity                                         = 1

Geometry
========
 C       0.0000000       0.0000000       0.0000000
 H       0.6278400      -0.6278400       0.6278400
 H      -0.6278400       0.6278400       0.6278400
 H      -0.6278400      -0.6278400      -0.6278400
 H       0.6278400       0.6278400      -0.6278400

Orthonormality violations 31329, Maximum Violation 1414.942970
Trying to orthonormalize
No violations of the orthonormality
Hartree-Fock
============

  Nitext  Nitint    Eelec          Etot           Ediff          maxdiff
     1      1   -47.33865498   -33.87179787     4.55703352     1.86676698 
     2     10   -48.00806204   -34.54120493    -2.60430967     8.29314427 
     3     10   -50.93948507   -37.47262796     0.32899809     6.30555795 
     4     10   -51.96418523   -38.49732812    -0.29792769     7.69707861 
     5     10   -52.68052792   -39.21367081     0.03741741     5.48844394 
     6     10   -53.36879000   -39.90193290    -0.01069796     2.22653288 
     7     10   -53.32809474   -39.86123763    -0.12083482     3.44208304 
     8     10   -53.52809792   -40.06124081    -0.34288404     2.49600898 
     9     10   -53.45168282   -39.98482571    -0.18408750     3.62416429 
    10     10   -53.11589355   -39.64903644     0.29091920     5.09395092 
    11     10   -53.18782377   -39.72096666    -0.14245496     4.08255245 
    12     10   -53.19910586   -39.73224875     0.06726043     5.01132396 
    13     10   -53.58027000   -40.11341289    -0.59479155     1.74315921 
    14     10   -53.21055863   -39.74370152    -0.12352112     4.06567887 
    15     10   -53.47699497   -40.01013786    -0.53433425     2.58571232 
    16     10   -52.90288627   -39.43602916     0.39324276     4.76781856 
    17     10   -53.40403636   -39.93717925    -0.02257362     4.09394755 
    18     10   -53.43849215   -39.97163504    -0.22774523     3.49123320 
    19     10   -53.36944687   -39.90258976    -0.02721396     3.35493549 
    20     10   -53.62283686   -40.15597975    -0.24065928     1.48956114 
    21     10   -53.49177510   -40.02491799    -0.27736662     2.62082974 
    22     10   -53.35146029   -39.88460318     0.07159406     4.10670285 
    23     10   -53.40686331   -39.94000621     0.01751249     3.44022343 
    24     10   -53.59709541   -40.13023830    -0.27709786     1.63638412 
    25     10   -53.46733008   -40.00047297    -0.08555164     2.69993759 
    26     10   -53.49831684   -40.03145973    -0.10597139     2.96153463 
    27     10   -53.16187430   -39.69501719     0.34060618     4.18257130 
    28     10   -53.48866060   -40.02180349    -0.30623069     2.15538102 
    29     10   -53.63110333   -40.16424622    -0.14243519     1.07870847 
    30     10   -53.38325672   -39.91639961     0.07833599     3.44934998 
No violations of the orthonormality
 
PNOF9/ADABelief Calculation
==================
 
  Nitext  Nit_orb  Time   Nit_occ  Time         Eelec          Etot           Ediff      maxdiff    MaxGrad_orb  Grad_occ
     1      10    7.2e+01    7    4.4e+01   -52.69929519   -39.23243808 -10051.69929519   0.088848   3.6e-01   6.2e-05 0.06
     2      10    6.1e+01    6    2.3e-02   -53.21531544   -39.74845833    -0.51602025   0.222890   8.9e-01   6.7e-05 0.04
     3      10    6.1e+01    4    6.0e-03   -53.51062464   -40.04376753    -0.29530920   0.189133   7.6e-01   6.9e-05 0.03
     4      10    6.2e+01    3    1.1e-02   -53.70386860   -40.23701149    -0.19324396   0.235954   9.4e-01   1.3e-04 0.02
     5      10    5.8e+01    2    2.9e-02   -53.78162856   -40.31477145    -0.07775996   0.191136   7.6e-01   3.0e-05 0.03
     6      10    5.9e+01    1    6.9e-03   -53.79218061   -40.32532350    -0.01055205   0.227772   9.1e-01   1.9e-04 0.03
     7      10    5.9e+01    1    2.3e-02   -53.79467345   -40.32781635    -0.00249285   0.199440   8.0e-01   4.2e-05 0.03
     8      10    5.9e+01    1    1.4e-02   -53.80385078   -40.33699367    -0.00917733   0.225322   9.0e-01   1.3e-04 0.03
     9      10    5.9e+01    0    1.7e-02   -53.80388153   -40.33702442    -0.00003075   0.225322   9.0e-01   1.3e-04 0.03
    10      30    1.7e+02    1    2.0e-02   -53.83674276   -40.36988565    -0.03286123   0.008614   3.4e-02   1.5e-04 0.03
    11      30    1.8e+02    2    1.8e-02   -53.83682113   -40.36996402    -0.00007837   0.018008   7.2e-02   6.4e-05 0.03
    12      30    1.7e+02    0    8.6e-03   -53.83693115   -40.37007404    -0.00011002   0.008148   3.3e-02   1.5e-04 0.03
    13      40    2.3e+02    1    3.1e-02   -53.83723612   -40.37037902    -0.00030498   0.004501   1.8e-02   4.5e-05 0.03
    14      40    2.3e+02    0    4.9e-03   -53.83723647   -40.37037936    -0.00000034   0.004501   1.8e-02   4.5e-05 0.03
    15      60    3.6e+02    0    2.9e-02   -53.83738232   -40.37052521    -0.00014586   0.000995   4.0e-03   7.9e-05 0.03
    16      70    4.3e+02    0    1.7e-02   -53.83738232   -40.37052521     0.00000000   0.000995   4.0e-03   7.9e-05 0.03
    17      85    5.0e+02    0    4.4e-03   -53.83738458   -40.37052747    -0.00000226   0.000123   4.9e-04   7.3e-05 0.03
 
RESULTS OF THE OCCUPATION OPTIMIZATION
========================================
   1    1.9996216  -11.20222198
   2    1.9815353  -0.89856634
   3    1.9741117  -0.57520616
   4    1.9740678  -0.57495756
   5    1.9740596  -0.57490971
   6    0.0259404  -0.02473238
   7    0.0259322  -0.02473103
   8    0.0258883  -0.02472098
   9    0.0184647  -0.02278939
  10    0.0003784  -0.00719438
 
----------------
 Final Energies 
----------------
       HF Total Energy =     -39.9163996
Final NOF Total Energy =     -40.3705275
    Correlation Energy =      -0.4541279
 
Total Orbital Internal Iterations = 475
Total Occupation Internal Iterations = 29
 
Elapsed time: 3868.63 Seconds

---------------------------------
   Lowdin Population Analysis    
---------------------------------
 Idx  Atom   Population   Charge 
---------------------------------
  1     C     5.693       0.307
  2     H     1.077      -0.077
  3     H     1.075      -0.075
  4     H     1.077      -0.077
  5     H     1.077      -0.077

---------------------------------
   M Diagnostic: 0.03
---------------------------------

