Computing Integrals
Elapsed time:    9.17 Seconds

Number of basis functions                   (NBF)    = 234
Number of auxiliary basis functions         (NBFAUX) = 224
Inactive Doubly occupied orbitals up to     (NO1)    = 0
No. considered Strongly Doubly occupied MOs (NDOC)   = 8
No. considered Strongly Singly occupied MOs (NSOC)   = 2
NO. of Weakly occ. per St. Doubly occ.  MOs (NCWO)   = 1
Dimension of the Nat. Orb. subspace         (NBF5)   = 18
No. of electrons                                     = 18
    No. of alpha electrons                           = 10
    No. of beta electrons                            = 8
Multiplicity                                         = 3

Geometry
========
 C       0.0008700      -0.5056100       0.0000000
 H      -1.0553800      -0.7480600       0.0000000
 H       0.5207500      -0.7707100       0.9124500
 H       0.5207500      -0.7707100      -0.9124500
 H       0.0121400       0.7967800       0.0000000
 O       0.0008700       1.9983200       0.0000000

No violations of the orthonormality
Hartree-Fock
============

  Nitext  Nitint    Eelec          Etot           Ediff          maxdiff
     1      1  -145.85440435  -114.94415725     0.00983065     0.16824534 
     2     10  -134.34014430  -103.42989719    -2.21213387     8.45035032 
     3     10  -140.69389294  -109.78364584     0.66850187     6.68080833 
     4     10  -141.01497459  -110.10472748     0.94086048    10.02301709 
     5     10  -143.50457969  -112.59433258    -1.96735392     4.93089471 
     6     10  -144.32273647  -113.41248937    -1.31970603     5.52254322 
     7     10  -144.62028527  -113.71003817    -1.12858020     3.54759062 
     8     10  -144.00243883  -113.09219173     1.00655666     5.37232519 
     9     10  -144.34094161  -113.43069450     0.25837476     4.06132100 
    10     10  -144.60350469  -113.69325759    -0.90377092     6.30012540 
    11     10  -144.64339047  -113.73314336    -0.04534721     5.97724041 
    12     10  -145.02654457  -114.11629747    -0.44902818     3.22497100 
    13     10  -144.97737554  -114.06712843    -0.49636584     3.70916218 
    14     10  -144.56214634  -113.65189923     0.81935397     6.57511686 
    15     10  -144.40997753  -113.49973042     0.68294438     5.32048289 
    16     10  -144.96237183  -114.05212472    -0.25590786     4.56058277 
    17     10  -144.67391848  -113.76367138     0.06156795     5.71462968 
    18     10  -145.17833656  -114.26808945    -0.46385556     4.41190863 
    19     10  -144.75093373  -113.84068662     0.08881135     5.81969963 
    20     10  -144.80697766  -113.89673056     0.27363966     5.05879839 
    21     10  -145.05147851  -114.14123141     0.23004922     4.97368506 
    22     10  -145.14558335  -114.23533624     0.04318633     5.25263478 
    23     10  -144.90062985  -113.99038275     0.49680786     5.41799633 
    24     10  -145.22380589  -114.31355879    -0.02363217     3.94489311 
    25     10  -144.91335604  -114.00310893     0.45248541     4.34436368 
    26     10  -145.37777121  -114.46752410    -0.00740893     3.15323917 
    27     10  -145.07241019  -114.16216309    -0.06524792     4.74614209 
    28     10  -145.32790319  -114.41765609     0.09529844     3.21491739 
    29     10  -145.57335389  -114.66310678    -0.36893618     2.15487681 
    30     10  -145.55208586  -114.64183876    -0.16696954     2.48798223 
No violations of the orthonormality
 
PNOF9/ADABelief Calculation
==================
 
  Nitext  Nit_orb  Time   Nit_occ  Time         Eelec          Etot           Ediff      maxdiff    MaxGrad_orb  Grad_occ
     1      10    4.8e+01    0    7.5e+01  -146.16832441  -115.25807730 -10145.16832441   0.000355   1.4e-03   1.3e-04 0.04
     2      30    2.5e+01    0    9.2e-02  -146.16832441  -115.25807730     0.00000000   0.000355   1.4e-03   1.3e-04 0.04
     3      50    4.4e+01    0    9.0e-03  -146.16832441  -115.25807730     0.00000000   0.000355   1.4e-03   1.3e-04 0.04
     4      70    5.9e+01    0    7.8e-02  -146.16832441  -115.25807730     0.00000000   0.000355   1.4e-03   1.3e-04 0.04
     5      90    7.5e+01    0    4.9e-02  -146.16832552  -115.25807842    -0.00000112   0.000160   6.4e-04   1.5e-04 0.04
 
RESULTS OF THE OCCUPATION OPTIMIZATION
========================================
   1    1.9997915  -20.63792513
   2    1.9995749  -11.24956762
   3    1.9848289  -1.20006139
   4    1.9785385  -0.89146304
   5    1.9589319  -0.65760940
   6    1.9737273  -0.63649112
   7    1.9736512  -0.63070642
   8    1.9773304  -0.59303986
   9    1.0000000  -0.34034775
  10    1.0000000  -0.25370851
  11    0.0226696  -0.02396211
  12    0.0263488  -0.02502111
  13    0.0262727  -0.02507743
  14    0.0410681  -0.03626233
  15    0.0214615  -0.02394376
  16    0.0151711  -0.02292682
  17    0.0004251  -0.00781873
  18    0.0002085  -0.00702355
 
----------------
 Final Energies 
----------------
       HF Total Energy =    -114.6418388
Final NOF Total Energy =    -115.2580784
    Correlation Energy =      -0.6162397
 
Total Orbital Internal Iterations = 250
Total Occupation Internal Iterations = 0
 
Elapsed time:  735.70 Seconds

---------------------------------
   Lowdin Population Analysis    
---------------------------------
 Idx  Atom   Population   Charge 
---------------------------------
  1     C     5.586       0.414
  2     H     1.084      -0.084
  3     H     1.086      -0.086
  4     H     1.084      -0.084
  5     H     1.385      -0.385
  6     O     7.775       0.225

---------------------------------
   M Diagnostic: 0.04
---------------------------------

