Computing Integrals
Elapsed time:   11.25 Seconds

Number of basis functions                   (NBF)    = 277
Number of auxiliary basis functions         (NBFAUX) = 295
Inactive Doubly occupied orbitals up to     (NO1)    = 0
No. considered Strongly Doubly occupied MOs (NDOC)   = 13
No. considered Strongly Singly occupied MOs (NSOC)   = 0
NO. of Weakly occ. per St. Doubly occ.  MOs (NCWO)   = 1
Dimension of the Nat. Orb. subspace         (NBF5)   = 26
No. of electrons                                     = 26
    No. of alpha electrons                           = 13
    No. of beta electrons                            = 13
Multiplicity                                         = 1

Geometry
========
 N      -2.0218200       0.0384300      -0.1370900
 H      -1.0569200       0.3421300      -0.1534700
 H      -2.5889700       0.8736900      -0.1772100
 H      -2.1799400      -0.3748500       0.7710600
Si       1.9938600       0.0138500      -0.0502100
 H       2.8743300      -0.3713400      -1.2095800
 H       2.9794500      -0.5219000       0.9565000

No violations of the orthonormality
Hartree-Fock
============

  Nitext  Nitint    Eelec          Etot           Ediff          maxdiff
     1      1  -389.03895727  -346.24976906     0.00719031     0.24317246 
     2     10  -373.22316743  -330.43397922    -8.10964253    12.16445553 
     3     10  -382.73440508  -339.94521687     1.56283115    10.51110479 
     4     10  -382.59256452  -339.80337631     1.22831066    15.44475165 
     5     10  -386.97275407  -344.18356586    -2.61910385     8.23197852 
     6     10  -385.90984056  -343.12065235    -1.59749987    11.21436619 
     7     10  -386.34664208  -343.55745386    -0.72281907     8.70154661 
     8     10  -387.21937732  -344.43018911    -0.51844165     6.85909046 
     9     10  -385.56491094  -342.77572272     0.71510121     9.73115759 
    10     10  -387.74482120  -344.95563298    -0.34121130     6.12714912 
    11     10  -388.03584293  -345.24665471    -0.83158008     5.32043992 
    12     10  -387.97446210  -345.18527389    -0.51691265     7.12277155 
    13     10  -388.06808771  -345.27889950    -0.82924661     5.01031934 
    14     10  -388.10432334  -345.31513513    -1.27718580     4.21283125 
    15     10  -388.37406316  -345.58487495    -0.33809769     4.24793822 
    16     10  -387.50257266  -344.71338445     0.98036474     8.66025333 
    17     10  -387.88416455  -345.09497633     0.24963032     6.09902218 
    18     10  -388.22462341  -345.43543519     0.16046252     4.45579356 
    19     10  -388.31401428  -345.52482607    -0.16448368     4.36199383 
    20     10  -387.82594732  -345.03675911     0.04713670     7.01797460 
    21     10  -388.18341888  -345.39423067    -0.36655588     5.98717543 
    22     10  -387.97754329  -345.18835508     0.08855577     6.62726738 
    23     10  -387.83747578  -345.04828756    -0.28752029     6.20938515 
    24     10  -388.11407381  -345.32488559    -0.46289248     6.11886660 
    25     10  -388.17220005  -345.38301183    -0.06806334     5.48164197 
    26     10  -387.73469084  -344.94550262     0.32787737     5.34323644 
    27     10  -388.00128450  -345.21209628     0.12202922     5.56351721 
    28     10  -387.88041640  -345.09122818     0.31581122     5.82527540 
    29     10  -388.12818902  -345.33900080    -0.24463479     4.72635013 
    30     10  -388.17259381  -345.38340560     0.03535408     4.09339508 
No violations of the orthonormality
 
PNOF9/ADABelief Calculation
==================
 
  Nitext  Nit_orb  Time   Nit_occ  Time         Eelec          Etot           Ediff      maxdiff    MaxGrad_orb  Grad_occ
     1      10    1.2e+02    5    4.5e+01  -389.41343134  -346.62424312 -10388.41343134   0.027985   1.1e-01   2.2e-04 0.03
     2      20    2.1e+02   16    3.4e-02  -389.44301093  -346.65382271    -0.02957959   0.160604   6.4e-01   1.4e-04 0.03
     3      20    2.0e+02    6    3.0e-02  -389.45323935  -346.66405113    -0.01022842   0.062660   2.5e-01   2.0e-04 0.03
     4      20    2.1e+02    0    2.8e-02  -389.45444610  -346.66525788    -0.00120675   0.062660   2.5e-01   2.0e-04 0.03
     5      40    4.2e+02    6    2.0e-02  -389.46854401  -346.67935580    -0.01409792   0.006616   2.6e-02   2.0e-04 0.03
     6      40    4.1e+02    5    2.5e-02  -389.47223266  -346.68304444    -0.00368865   0.005944   2.4e-02   1.9e-04 0.03
     7      40    4.2e+02    5    3.5e-02  -389.47447032  -346.68528210    -0.00223766   0.005111   2.0e-02   1.1e-04 0.03
     8      40    4.2e+02    5    3.8e-02  -389.47640117  -346.68721296    -0.00193086   0.006916   2.8e-02   6.9e-05 0.03
     9      40    4.1e+02    5    3.3e-02  -389.47809540  -346.68890718    -0.00169422   0.006625   2.6e-02   5.0e-05 0.03
    10      40    4.2e+02    5    3.0e-02  -389.47957279  -346.69038457    -0.00147739   0.007346   2.9e-02   3.9e-05 0.03
    11      40    4.1e+02    3    2.6e-02  -389.48075678  -346.69156857    -0.00118399   0.007574   3.0e-02   1.8e-04 0.03
    12      40    4.0e+02    3    2.5e-02  -389.48152777  -346.69233955    -0.00077099   0.007329   2.9e-02   1.8e-04 0.03
    13      40    4.0e+02    2    2.8e-02  -389.48203687  -346.69284865    -0.00050910   0.007075   2.8e-02   2.1e-04 0.03
    14      40    4.1e+02    2    2.6e-02  -389.48226676  -346.69307854    -0.00022989   0.007422   3.0e-02   1.7e-04 0.03
    15      40    4.2e+02    1    2.9e-02  -389.48241233  -346.69322411    -0.00014557   0.007063   2.8e-02   1.9e-04 0.03
    16      40    3.7e+02    1    3.9e-02  -389.48246346  -346.69327524    -0.00005113   0.021264   8.5e-02   2.4e-04 0.03
    17      40    3.7e+02    2    2.7e-02  -389.48255753  -346.69336931    -0.00009407   0.007001   2.8e-02   7.3e-05 0.03
    18      40    3.8e+02    1    2.6e-02  -389.48256676  -346.69337854    -0.00000923   0.007071   2.8e-02   1.8e-04 0.03
    19      40    3.8e+02    1    2.4e-02  -389.48263444  -346.69344623    -0.00006769   0.006908   2.8e-02   2.6e-04 0.03
    20      40    4.0e+02    1    1.8e-02  -389.48264867  -346.69346046    -0.00001423   0.006974   2.8e-02   2.2e-04 0.03
    21      40    4.1e+02    1    2.9e-02  -389.48267741  -346.69348919    -0.00002874   0.006948   2.8e-02   2.5e-04 0.03
    22      40    4.1e+02    1    3.0e-02  -389.48270637  -346.69351816    -0.00002897   0.006919   2.8e-02   2.0e-04 0.03
    23      40    4.1e+02    1    3.0e-02  -389.48271447  -346.69352626    -0.00000810   0.007001   2.8e-02   1.9e-04 0.03
    24      40    4.2e+02    1    2.2e-02  -389.48272221  -346.69353399    -0.00000774   0.006972   2.8e-02   1.4e-04 0.03
    25      40    4.1e+02    1    3.2e-02  -389.48273602  -346.69354781    -0.00001381   0.006879   2.8e-02   1.2e-04 0.03
    26      40    4.1e+02    1    1.8e-02  -389.48273885  -346.69355063    -0.00000282   0.006993   2.8e-02   7.7e-05 0.03
    27      40    4.1e+02    0    2.4e-02  -389.48273945  -346.69355124    -0.00000060   0.006993   2.8e-02   7.7e-05 0.03
    28      60    5.9e+02    0    1.8e-02  -389.48317707  -346.69398885    -0.00043761   0.000450   1.8e-03   1.3e-04 0.03
    29      70    7.0e+02    0    2.9e-02  -389.48317707  -346.69398885     0.00000000   0.000450   1.8e-03   1.3e-04 0.03
    30      90    8.9e+02    0    2.9e-02  -389.48317962  -346.69399141    -0.00000256   0.000231   9.2e-04   1.4e-04 0.03
 
RESULTS OF THE OCCUPATION OPTIMIZATION
========================================
   1    1.9999645  -68.84437362
   2    1.9997089  -15.53934651
   3    1.9986334  -6.08467523
   4    1.9981092  -4.29184021
   5    1.9966386  -4.27907782
   6    1.9978043  -4.25354222
   7    1.9883349  -1.05370575
   8    1.9766984  -0.64252453
   9    1.9720499  -0.60639357
  10    1.9720096  -0.60610384
  11    1.9721014  -0.60555943
  12    1.9713140  -0.43847835
  13    1.9712287  -0.43795069
  14    0.0287713  -0.02913236
  15    0.0286860  -0.02911818
  16    0.0278986  -0.03002120
  17    0.0279904  -0.02969970
  18    0.0279501  -0.02968500
  19    0.0233016  -0.02838991
  20    0.0116651  -0.01861038
  21    0.0021957  -0.01611877
  22    0.0033614  -0.02771680
  23    0.0018908  -0.01707657
  24    0.0013666  -0.01246933
  25    0.0002911  -0.00740937
  26    0.0000355  -0.00483522
 
----------------
 Final Energies 
----------------
       HF Total Energy =    -345.3834056
Final NOF Total Energy =    -346.6939914
    Correlation Energy =      -1.3105858
 
Total Orbital Internal Iterations = 1210
Total Occupation Internal Iterations = 81
 
Elapsed time: 14115.41 Seconds

---------------------------------
   Lowdin Population Analysis    
---------------------------------
 Idx  Atom   Population   Charge 
---------------------------------
  1     N     6.418       0.582
  2     H     1.219      -0.219
  3     H     1.197      -0.197
  4     H     1.198      -0.198
  5    Si    13.610       0.390
  6     H     1.178      -0.178
  7     H     1.179      -0.179

---------------------------------
   M Diagnostic: 0.03
---------------------------------

