Computing Integrals
Elapsed time:   16.06 Seconds

Number of basis functions                   (NBF)    = 582
Number of auxiliary basis functions         (NBFAUX) = 594
Inactive Doubly occupied orbitals up to     (NO1)    = 0
No. considered Strongly Doubly occupied MOs (NDOC)   = 22
No. considered Strongly Singly occupied MOs (NSOC)   = 0
NO. of Weakly occ. per St. Doubly occ.  MOs (NCWO)   = 1
Dimension of the Nat. Orb. subspace         (NBF5)   = 44
No. of electrons                                     = 44
    No. of alpha electrons                           = 22
    No. of beta electrons                            = 22
Multiplicity                                         = 1

Geometry
========
 C       0.0000000       0.1836600       0.0000000
 C       1.3528900      -0.3115600       0.0000000
 C       0.3842100      -1.2017200       0.0000000
 C      -0.8961800       1.1611100       0.0000000
 C      -0.0552800      -2.6059100       0.0000000
 C      -0.5437800       2.6210600       0.0000000
 H       2.4103600      -0.1148000       0.0000000
 H      -1.9469200       0.8955700       0.0000000
 H      -0.6768700      -2.8020300       0.8763400
 H      -0.6768700      -2.8020300      -0.8763400
 H       0.5380300       2.7612900       0.0000000
 H      -0.9435100       3.1384700      -0.8774600
 H       0.7880700      -3.2947800       0.0000000
 H      -0.9435100       3.1384700       0.8774600

No violations of the orthonormality
Hartree-Fock
============

  Nitext  Nitint    Eelec          Etot           Ediff          maxdiff
     1      1  -434.22112063  -231.83287538     0.01230208     0.14797769 
     2     10  -407.88396740  -205.49572215    -7.14653397     6.23037213 
     3     10  -420.31595265  -217.92770740    -2.28147215     5.40612481 
     4     10  -423.91969355  -221.53144831     0.83483520     5.01355066 
     5     10  -425.24913344  -222.86088819     2.83631246     5.11736699 
     6     10  -426.16305470  -223.77480945     1.31795484     4.77734602 
     7     10  -428.65915134  -226.27090609     0.17410038     4.69732265 
     8     10  -428.34539487  -225.95714962    -0.10488291     4.06007807 
     9     10  -429.57544573  -227.18720049    -1.24269592     3.54564671 
    10     10  -429.15385430  -226.76560906     1.12946524     3.19980847 
    11     10  -430.53625811  -228.14801286    -0.27492516     2.96560433 
    12     10  -430.15248110  -227.76423586     0.36604322     3.25199682 
    13     10  -430.57035126  -228.18210601    -0.19667339     2.85108780 
    14     10  -430.01752530  -227.62928005     0.89971558     3.39529090 
    15     10  -430.55882175  -228.17057651    -0.05100483     2.78321211 
    16     10  -430.39479532  -228.00655007     0.70195138     2.74194678 
    17     10  -431.12342122  -228.73517597    -0.18255971     2.54246372 
    18     10  -430.77443306  -228.38618782     0.68293821     2.50732461 
    19     10  -431.40461372  -229.01636847    -0.42835443     2.10789485 
    20     10  -431.71461182  -229.32636657    -0.13838827     2.13445544 
    21     10  -431.48914305  -229.10089780     0.08799289     2.17253456 
    22     10  -431.62022892  -229.23198367     0.15836097     2.17928188 
    23     10  -431.86887503  -229.48062978     0.14247446     1.83607447 
    24     10  -431.91145286  -229.52320761     0.05853325     1.88955205 
    25     10  -432.05849778  -229.67025253     0.04191382     2.00230578 
    26     10  -432.09234918  -229.70410393     0.09721403     1.66811527 
    27     10  -432.20060679  -229.81236154    -0.09954893     1.59694076 
    28     10  -432.30040348  -229.91215823     0.11737735     1.77195926 
    29     10  -432.31796852  -229.92972327    -0.03967725     1.89697080 
    30     10  -432.64712193  -230.25887668     0.02407996     1.74255777 
No violations of the orthonormality
 
PNOF9/ADABelief Calculation
==================
 
  Nitext  Nit_orb  Time   Nit_occ  Time         Eelec          Etot           Ediff      maxdiff    MaxGrad_orb  Grad_occ
     1      10    6.7e+01    5    7.8e+01  -434.91408014  -232.52583489 -10433.91408014   0.011182   4.5e-02   8.1e-05 0.04
     2      20    5.2e+01    0    6.1e-01  -434.94819836  -232.55995311    -0.03411823   0.011182   4.5e-02   8.1e-05 0.04
     3      40    1.0e+02   10    3.1e-01  -434.96539577  -232.57715052    -0.01719740   0.044564   1.8e-01   1.9e-04 0.04
     4      40    1.1e+02    7    3.1e-01  -434.98259758  -232.59435233    -0.01720182   0.004307   1.7e-02   1.7e-04 0.04
     5      40    9.8e+01    7    1.8e-01  -434.99803560  -232.60979035    -0.01543801   0.005632   2.3e-02   6.5e-05 0.04
     6      40    9.4e+01    6    4.1e-01  -435.00910613  -232.62086089    -0.01107054   0.004199   1.7e-02   9.0e-05 0.04
     7      40    1.0e+02    5    4.0e-01  -435.01572800  -232.62748275    -0.00662186   0.005402   2.2e-02   1.8e-04 0.04
     8      40    1.1e+02    3    4.0e-01  -435.01932666  -232.63108141    -0.00359866   0.004562   1.8e-02   2.0e-04 0.04
     9      40    1.0e+02    3    4.2e-01  -435.02107914  -232.63283389    -0.00175248   0.004748   1.9e-02   1.2e-04 0.04
    10      40    1.0e+02    3    4.0e-01  -435.02178788  -232.63354263    -0.00070874   0.004298   1.7e-02   6.4e-05 0.04
    11      40    9.6e+01    3    2.5e-01  -435.02214387  -232.63389863    -0.00035600   0.003834   1.5e-02   3.7e-05 0.04
    12      40    8.7e+01    2    3.5e-01  -435.02222167  -232.63397642    -0.00007780   0.003816   1.5e-02   1.6e-04 0.04
    13      40    9.5e+01    2    3.8e-01  -435.02224917  -232.63400392    -0.00002750   0.003702   1.5e-02   1.2e-04 0.04
    14      40    1.0e+02    1    3.5e-01  -435.02225519  -232.63400994    -0.00000602   0.004076   1.6e-02   2.1e-04 0.04
    15      40    1.0e+02    1    4.1e-01  -435.02225671  -232.63401147    -0.00000152   0.005085   2.0e-02   1.7e-04 0.04
    16      40    1.0e+02    0    4.2e-01  -435.02230331  -232.63405806    -0.00004659   0.004132   1.7e-02   2.1e-04 0.04
    17      50    1.2e+02    0    4.5e-01  -435.02255873  -232.63431348    -0.00025542   0.003481   1.4e-02   1.7e-04 0.04
    18      60    1.5e+02    0    3.7e-01  -435.02267648  -232.63443123    -0.00011776   0.002841   1.1e-02   2.0e-04 0.04
    19      70    1.7e+02    0    3.7e-01  -435.02274916  -232.63450391    -0.00007268   0.002480   9.9e-03   1.7e-04 0.04
    20      80    1.9e+02    0    4.2e-01  -435.02279172  -232.63454648    -0.00004256   0.002184   8.7e-03   2.0e-04 0.04
    21      90    2.2e+02    0    3.9e-01  -435.02282156  -232.63457631    -0.00002984   0.001923   7.7e-03   1.7e-04 0.04
    22     100    2.5e+02    0    2.8e-01  -435.02284654  -232.63460129    -0.00002498   0.001467   5.9e-03   1.9e-04 0.04
    23     110    2.8e+02    0    4.3e-01  -435.02286339  -232.63461814    -0.00001685   0.001139   4.6e-03   1.8e-04 0.04
    24     120    3.1e+02    0    3.6e-01  -435.02287524  -232.63462999    -0.00001185   0.000877   3.5e-03   1.9e-04 0.04
    25     130    3.2e+02    0    3.5e-01  -435.02288274  -232.63463749    -0.00000750   0.000826   3.3e-03   1.8e-04 0.04
    26     140    3.5e+02    0    5.5e-01  -435.02288872  -232.63464347    -0.00000598   0.000825   3.3e-03   1.9e-04 0.04
    27     150    1.2e+02    0    1.8e-01  -435.02288872  -232.63464347     0.00000000   0.000825   3.3e-03   1.9e-04 0.04
    28     170    1.5e+02    0    2.3e-01  -435.02290164  -232.63465639    -0.00001292   0.000130   5.2e-04   1.8e-04 0.04
 
RESULTS OF THE OCCUPATION OPTIMIZATION
========================================
   1    1.9994803  -11.24659307
   2    1.9995127  -11.24031068
   3    1.9995920  -11.23596278
   4    1.9994391  -11.22904964
   5    1.9995826  -11.20430872
   6    1.9995453  -11.19426734
   7    1.9841983  -1.12300481
   8    1.9836436  -1.02461069
   9    1.9817655  -0.93482751
  10    1.9810830  -0.87238769
  11    1.9772128  -0.74295507
  12    1.9725408  -0.67664245
  13    1.9768627  -0.63676845
  14    1.9745613  -0.61400398
  15    1.9746982  -0.61187793
  16    1.9714992  -0.57206988
  17    1.9742051  -0.57028041
  18    1.9732890  -0.55293364
  19    1.9686423  -0.54129861
  20    1.9686770  -0.53814240
  21    1.9581587  -0.42792486
  22    1.9578033  -0.37473099
  23    0.0421967  -0.03833034
  24    0.0418413  -0.03746225
  25    0.0313230  -0.03634828
  26    0.0313577  -0.03600499
  27    0.0267110  -0.02526034
  28    0.0257949  -0.02482618
  29    0.0285008  -0.03340848
  30    0.0253018  -0.02501876
  31    0.0254387  -0.02528032
  32    0.0231373  -0.02433204
  33    0.0274592  -0.03507837
  34    0.0227872  -0.02669081
  35    0.0189170  -0.02299367
  36    0.0182345  -0.02284946
  37    0.0163564  -0.02458635
  38    0.0158017  -0.02463132
  39    0.0004547  -0.00793335
  40    0.0004174  -0.00735818
  41    0.0005609  -0.00931033
  42    0.0004080  -0.00724494
  43    0.0004873  -0.00829064
  44    0.0005197  -0.00874454
 
----------------
 Final Energies 
----------------
       HF Total Energy =    -230.2588767
Final NOF Total Energy =    -232.6346564
    Correlation Energy =      -2.3757797
 
Total Orbital Internal Iterations = 1860
Total Occupation Internal Iterations = 58
 
Elapsed time: 5638.34 Seconds

---------------------------------
   Lowdin Population Analysis    
---------------------------------
 Idx  Atom   Population   Charge 
---------------------------------
  1     C     6.105      -0.105
  2     C     5.791       0.209
  3     C     6.008      -0.008
  4     C     6.012      -0.012
  5     C     5.766       0.234
  6     C     5.815       0.185
  7     H     1.095      -0.095
  8     H     1.090      -0.090
  9     H     1.041      -0.041
 10     H     1.043      -0.043
 11     H     1.058      -0.058
 12     H     1.062      -0.062
 13     H     1.050      -0.050
 14     H     1.064      -0.064

---------------------------------
   M Diagnostic: 0.04
---------------------------------

