Computing Integrals
Elapsed time:   11.74 Seconds

Number of basis functions                   (NBF)    = 756
Number of auxiliary basis functions         (NBFAUX) = 784
Inactive Doubly occupied orbitals up to     (NO1)    = 0
No. considered Strongly Doubly occupied MOs (NDOC)   = 31
No. considered Strongly Singly occupied MOs (NSOC)   = 0
NO. of Weakly occ. per St. Doubly occ.  MOs (NCWO)   = 1
Dimension of the Nat. Orb. subspace         (NBF5)   = 62
No. of electrons                                     = 62
    No. of alpha electrons                           = 31
    No. of beta electrons                            = 31
Multiplicity                                         = 1

Geometry
========
 C      -3.1815300      -1.0212000       0.1144600
 C      -1.6431100      -1.0386300       0.1299700
 C      -0.9979800       0.3350900       0.3420600
 C      -3.1826700       1.2967700       0.9892800
 C      -3.7116100      -0.1063200       1.2164200
 H      -1.2675800      -1.3678700      -0.8506500
 H      -3.5416400      -0.6525500      -0.8601100
 H      -3.5650300      -2.0472100       0.2247400
 H      -3.4173100       1.9704900       1.8240800
 H      -3.6124500       1.7285600       0.0696000
 H      -3.4039200      -0.4694800       2.2095400
 H      -4.8118000      -0.0723600       1.2136900
 O      -1.7361700       1.3628000       0.8587100
 O       0.1773800       0.5321400       0.1195400
 C      -1.0744000      -2.0086100       1.1862900
 H      -1.4076600      -3.0334800       0.9693600
 H       0.0222300      -1.9876200       1.1758000
 H      -1.4108700      -1.7489400       2.2003400

No violations of the orthonormality
No violations of the orthonormality
 
PNOF9/ADABelief Calculation
==================
 
  Nitext  Nit_orb  Time   Nit_occ  Time         Eelec          Etot           Ediff      maxdiff    MaxGrad_orb  Grad_occ
     1      10    3.6e+01    6    3.9e+01  -780.98540613  -383.95061007 -10779.98540613   0.010304   4.1e-02   1.3e-04 0.04
     2      20    2.4e+01    0    3.7e-01  -781.02692846  -383.99213241    -0.04152233   0.010304   4.1e-02   1.3e-04 0.04
     3      40    5.5e+01   16    7.8e-01  -781.05407227  -384.01927621    -0.02714381   0.248135   9.9e-01   2.6e-04 0.04
     4      40    9.1e+01   11    7.8e-01  -781.08948349  -384.05468743    -0.03541122   0.037609   1.5e-01   1.7e-04 0.04
     5      40    1.0e+02    8    7.6e-01  -781.10693258  -384.07213653    -0.01744910   0.007856   3.1e-02   1.7e-04 0.04
     6      40    9.8e+01    7    9.5e-01  -781.11665080  -384.08185475    -0.00971822   0.009327   3.7e-02   1.0e-04 0.04
     7      40    9.7e+01    4    6.5e-01  -781.12157876  -384.08678271    -0.00492796   0.007362   2.9e-02   2.2e-04 0.04
     8      40    9.2e+01    3    7.0e-01  -781.12419297  -384.08939691    -0.00261421   0.006808   2.7e-02   3.0e-04 0.04
     9      40    9.6e+01    3    1.0e+00  -781.12537119  -384.09057513    -0.00117822   0.005510   2.2e-02   2.5e-04 0.04
    10      40    1.0e+02    3    7.4e-01  -781.12602782  -384.09123176    -0.00065663   0.006675   2.7e-02   2.5e-04 0.04
    11      40    9.7e+01    3    1.0e+00  -781.12636041  -384.09156436    -0.00033260   0.005151   2.1e-02   2.5e-04 0.04
    12      40    9.1e+01    4    7.2e-01  -781.12661304  -384.09181699    -0.00025263   0.006681   2.7e-02   4.9e-05 0.04
    13      40    9.1e+01    2    7.3e-01  -781.12671419  -384.09191814    -0.00010115   0.013446   5.4e-02   2.3e-04 0.04
    14      40    9.1e+01    3    7.0e-01  -781.12693985  -384.09214379    -0.00022566   0.005913   2.4e-02   1.2e-04 0.04
    15      40    9.0e+01    0    6.7e-01  -781.12694790  -384.09215184    -0.00000805   0.005913   2.4e-02   1.2e-04 0.04
    16      60    1.4e+02    1    7.3e-01  -781.12857496  -384.09377890    -0.00162706   0.000726   2.9e-03   1.7e-04 0.04
    17      60    1.3e+02    0    9.4e-01  -781.12857754  -384.09378148    -0.00000258   0.000726   2.9e-03   1.7e-04 0.04
    18      80    1.9e+02    1    6.6e-01  -781.12859588  -384.09379983    -0.00001834   0.000236   9.4e-04   1.8e-04 0.04
 
RESULTS OF THE OCCUPATION OPTIMIZATION
========================================
   1    1.9997863  -20.60781395
   2    1.9998114  -20.57183320
   3    1.9994852  -11.31834942
   4    1.9995304  -11.28106152
   5    1.9994922  -11.25582856
   6    1.9995598  -11.24799092
   7    1.9995499  -11.24399838
   8    1.9995814  -11.23880299
   9    1.9910036  -1.35514347
  10    1.9902775  -1.27793944
  11    1.9809018  -0.88136370
  12    1.9801287  -0.87870073
  13    1.9800675  -0.86577266
  14    1.9790346  -0.83331908
  15    1.9794750  -0.83239016
  16    1.9865015  -0.78310302
  17    1.9861566  -0.77398658
  18    1.9729505  -0.75204397
  19    1.9729281  -0.69295255
  20    1.9655297  -0.65813507
  21    1.9677040  -0.65245176
  22    1.9740447  -0.61120125
  23    1.9740089  -0.61014808
  24    1.9739709  -0.60457816
  25    1.9738470  -0.59228757
  26    1.9735478  -0.58621735
  27    1.9703692  -0.57731953
  28    1.9700320  -0.57483990
  29    1.9697162  -0.56855328
  30    1.9697795  -0.56598755
  31    1.9576894  -0.51182369
  32    0.0423106  -0.05291279
  33    0.0302205  -0.03401140
  34    0.0302838  -0.03467383
  35    0.0299680  -0.03420334
  36    0.0296308  -0.03409429
  37    0.0264522  -0.02539979
  38    0.0261530  -0.02536736
  39    0.0260291  -0.02613953
  40    0.0259911  -0.02582112
  41    0.0259553  -0.02570502
  42    0.0322960  -0.04700209
  43    0.0344703  -0.04662070
  44    0.0270719  -0.03439566
  45    0.0270495  -0.04153981
  46    0.0138434  -0.01836813
  47    0.0134985  -0.01825120
  48    0.0205250  -0.02406420
  49    0.0209654  -0.02464726
  50    0.0199325  -0.02385933
  51    0.0198713  -0.02393705
  52    0.0190982  -0.02319848
  53    0.0097225  -0.02063679
  54    0.0089964  -0.01986465
  55    0.0004186  -0.00739853
  56    0.0004501  -0.00783223
  57    0.0004402  -0.00769467
  58    0.0005078  -0.00858578
  59    0.0004696  -0.00809695
  60    0.0005148  -0.00875679
  61    0.0001886  -0.00634239
  62    0.0002137  -0.00695907
 
----------------
 Final Energies 
----------------
Final NOF Total Energy =    -384.0937998
 
Total Orbital Internal Iterations = 750
Total Occupation Internal Iterations = 75
 
Elapsed time: 1889.25 Seconds

---------------------------------
   Lowdin Population Analysis    
---------------------------------
 Idx  Atom   Population   Charge 
---------------------------------
  1     C     5.900       0.100
  2     C     6.064      -0.064
  3     C     6.651      -0.651
  4     C     6.057      -0.057
  5     C     5.920       0.080
  6     H     1.026      -0.026
  7     H     1.034      -0.034
  8     H     1.038      -0.038
  9     H     1.051      -0.051
 10     H     1.047      -0.047
 11     H     1.040      -0.040
 12     H     1.036      -0.036
 13     O     7.509       0.491
 14     O     7.710       0.290
 15     C     5.769       0.231
 16     H     1.052      -0.052
 17     H     1.044      -0.044
 18     H     1.053      -0.053

---------------------------------
   M Diagnostic: 0.04
---------------------------------

