Computing Integrals
Elapsed time:    6.87 Seconds

Number of basis functions                   (NBF)    = 35
Number of auxiliary basis functions         (NBFAUX) = 51
Inactive Doubly occupied orbitals up to     (NO1)    = 0
No. considered Strongly Doubly occupied MOs (NDOC)   = 1
No. considered Strongly Singly occupied MOs (NSOC)   = 0
NO. of Weakly occ. per St. Doubly occ.  MOs (NCWO)   = 1
Dimension of the Nat. Orb. subspace         (NBF5)   = 2
No. of electrons                                     = 2
    No. of alpha electrons                           = 1
    No. of beta electrons                            = 1
Multiplicity                                         = 1

Geometry
========
Li       0.0000000       0.0000000       0.0000000

No violations of the orthonormality
No violations of the orthonormality
 
PNOF9/ADABelief Calculation
==================
 
  Nitext  Nit_orb  Time   Nit_occ  Time         Eelec          Etot           Ediff      maxdiff    MaxGrad_orb  Grad_occ
     1      10    4.0e+01    0    7.1e+01    -7.25082535    -7.25082535 -10006.25082535   0.006328   2.5e-02   1.1e-04 0.00
     2      19    1.9e-03    1    8.7e-02    -7.25091052    -7.25091052    -0.00008517   0.000144   5.8e-04   1.2e-05 0.00
 
RESULTS OF THE OCCUPATION OPTIMIZATION
========================================
   1    1.9973409  -2.80421316
   2    0.0026591  -0.01112473
 
----------------
 Final Energies 
----------------
Final NOF Total Energy =      -7.2509105
 
Total Orbital Internal Iterations = 29
Total Occupation Internal Iterations = 1
 
Elapsed time:  156.89 Seconds

---------------------------------
   Lowdin Population Analysis    
---------------------------------
 Idx  Atom   Population   Charge 
---------------------------------
  1    Li     2.000       1.000

---------------------------------
   M Diagnostic: 0.00
---------------------------------

