Computing Integrals
Using GPU
Elapsed time:   11.80 Seconds

Number of basis functions                   (NBF)    = 140
Number of auxiliary basis functions         (NBFAUX) = 256
Inactive Doubly occupied orbitals up to     (NO1)    = 0
No. considered Strongly Doubly occupied MOs (NDOC)   = 17
No. considered Strongly Singly occupied MOs (NSOC)   = 0
NO. of Weakly occ. per St. Doubly occ.  MOs (NCWO)   = 1
Dimension of the Nat. Orb. subspace         (NBF5)   = 34
No. of electrons                                     = 34
    No. of alpha electrons                           = 17
    No. of beta electrons                            = 17
Multiplicity                                         = 1

Geometry
========
Cl       0.0000000       0.0000000       1.0211700
Cl       0.0000000       0.0000000      -1.0211700

No violations of the orthonormality
No violations of the orthonormality
 
PNOF9/ADABelief Calculation
==================
 
  Nitext  Nit_orb  Time   Nit_occ  Time         Eelec          Etot           Ediff      maxdiff    MaxGrad_orb  Grad_occ
     1      10    1.3e+02    0    9.2e+01  -994.52597469  -919.64524949 -10993.52597469   0.000294   1.2e-03   2.2e-04 0.04
     2      30    9.1e+00    0    9.7e-04  -994.52597469  -919.64524949     0.00000000   0.000294   1.2e-03   2.2e-04 0.04
     3      50    1.4e+01    0    8.7e-04  -994.52597469  -919.64524949     0.00000000   0.000294   1.2e-03   2.2e-04 0.04
     4      70    2.4e+01    0    8.6e-04  -994.52599288  -919.64526767    -0.00001818   0.002003   8.0e-03   2.0e-04 0.04
     5      80    2.5e+01    0    8.9e-04  -994.52607124  -919.64534603    -0.00007836   0.001963   7.9e-03   2.1e-04 0.04
     6      90    2.7e+01    0    9.9e-04  -994.52607124  -919.64534603     0.00000000   0.001963   7.9e-03   2.1e-04 0.04
     7     110    3.4e+01    0    9.0e-04  -994.52609543  -919.64537022    -0.00002419   0.000897   3.6e-03   2.1e-04 0.04
     8     120    3.7e+01    0    9.4e-04  -994.52614207  -919.64541686    -0.00004664   0.000880   3.5e-03   2.1e-04 0.04
     9     130    3.9e+01    0    8.9e-04  -994.52614207  -919.64541686     0.00000000   0.000880   3.5e-03   2.1e-04 0.04
    10     150    4.0e+01    0    1.1e-03  -994.52614207  -919.64541686     0.00000000   0.000880   3.5e-03   2.1e-04 0.04
    11     170    4.7e+01    0    9.4e-04  -994.52614207  -919.64541686     0.00000000   0.000880   3.5e-03   2.1e-04 0.04
    12     144    4.3e+01    0    1.0e-03  -994.52616566  -919.64544046    -0.00002359   0.000135   5.4e-04   2.1e-04 0.04
 
RESULTS OF THE OCCUPATION OPTIMIZATION
========================================
   1    1.9999684  -104.94248962
   2    1.9999739  -104.94001007
   3    1.9992976  -10.62043285
   4    1.9993555  -10.62008953
   5    1.9983897  -8.09490871
   6    1.9990318  -8.08964062
   7    1.9990393  -8.08811092
   8    1.9990255  -8.08716488
   9    1.9990401  -8.08656120
  10    1.9980846  -8.08509445
  11    1.9900579  -1.15438342
  12    1.9864694  -1.08048403
  13    1.9627101  -0.60647345
  14    1.9789319  -0.53655815
  15    1.9789401  -0.52808595
  16    1.9784360  -0.49756235
  17    1.9779358  -0.49296108
  18    0.0220642  -0.02517369
  19    0.0215640  -0.02495242
  20    0.0210599  -0.02729293
  21    0.0210681  -0.02734715
  22    0.0372899  -0.06077760
  23    0.0135306  -0.02272984
  24    0.0099421  -0.02960352
  25    0.0019154  -0.03069839
  26    0.0009599  -0.01789172
  27    0.0009745  -0.01804705
  28    0.0009607  -0.01791611
  29    0.0009682  -0.01795379
  30    0.0016103  -0.02420201
  31    0.0006445  -0.01515645
  32    0.0007024  -0.01598706
  33    0.0000261  -0.00515930
  34    0.0000316  -0.00596556
 
----------------
 Final Energies 
----------------
Final NOF Total Energy =    -919.6454405
 
Total Orbital Internal Iterations = 1154
Total Occupation Internal Iterations = 0
 
Elapsed time:  627.21 Seconds

---------------------------------
   Lowdin Population Analysis    
---------------------------------
 Idx  Atom   Population   Charge 
---------------------------------
  1    Cl    17.002      -0.002
  2    Cl    16.998       0.002

---------------------------------
   M Diagnostic: 0.04
---------------------------------

