Computing Integrals
Using GPU
Elapsed time:    4.15 Seconds

Number of basis functions                   (NBF)    = 492
Number of auxiliary basis functions         (NBFAUX) = 542
Inactive Doubly occupied orbitals up to     (NO1)    = 0
No. considered Strongly Doubly occupied MOs (NDOC)   = 21
No. considered Strongly Singly occupied MOs (NSOC)   = 0
NO. of Weakly occ. per St. Doubly occ.  MOs (NCWO)   = 1
Dimension of the Nat. Orb. subspace         (NBF5)   = 42
No. of electrons                                     = 42
    No. of alpha electrons                           = 21
    No. of beta electrons                            = 21
Multiplicity                                         = 1

Geometry
========
 C       0.0000000       1.1357400       0.7175000
 C       0.0000000       1.1906600      -0.6681100
 C       0.0000000       0.0000000      -1.3749400
 C       0.0000000      -1.1906600      -0.6681100
 C       0.0000000      -1.1357400       0.7175000
 N       0.0000000       0.0000000       1.4089900
 H       0.0000000       2.0499100       1.3017200
 H       0.0000000       2.1458900      -1.1758600
 H       0.0000000       0.0000000      -2.4577400
 H       0.0000000      -2.1458900      -1.1758600
 H       0.0000000      -2.0499100       1.3017200

No violations of the orthonormality
No violations of the orthonormality
 
PNOF9/ADABelief Calculation
==================
 
  Nitext  Nit_orb  Time   Nit_occ  Time         Eelec          Etot           Ediff      maxdiff    MaxGrad_orb  Grad_occ
     1      10    2.4e+01    6    1.8e+01  -454.68057368  -247.47966871 -10453.68057368   0.011605   4.6e-02   6.6e-05 0.04
     2      20    1.2e+00    0    9.2e-03  -454.71082628  -247.50992131    -0.03025260   0.011605   4.6e-02   6.6e-05 0.04
     3      40    1.8e+00   10    9.6e-03  -454.73239310  -247.53148813    -0.02156682   0.059623   2.4e-01   2.2e-04 0.04
     4      40    1.8e+00   11    1.2e-02  -454.75169152  -247.55078655    -0.01929842   0.003753   1.5e-02   6.8e-05 0.04
     5      40    2.2e+00    7    1.2e-02  -454.76513960  -247.56423463    -0.01344807   0.004819   1.9e-02   2.0e-04 0.04
     6      40    2.2e+00    7    1.2e-02  -454.77325714  -247.57235217    -0.00811754   0.005003   2.0e-02   8.8e-05 0.04
     7      40    2.2e+00    6    1.0e-02  -454.77753330  -247.57662833    -0.00427616   0.004209   1.7e-02   1.5e-04 0.04
     8      40    1.9e+00    3    9.5e-03  -454.77969221  -247.57878723    -0.00215890   0.006299   2.5e-02   2.2e-04 0.04
     9      40    2.1e+00    3    5.9e-03  -454.78063252  -247.57972755    -0.00094031   0.005059   2.0e-02   2.3e-04 0.04
    10      40    2.6e+00    3    1.4e-02  -454.78107679  -247.58017182    -0.00044427   0.004655   1.9e-02   1.6e-04 0.04
    11      40    1.9e+00    4    9.6e-03  -454.78122523  -247.58032026    -0.00014844   0.005044   2.0e-02   5.3e-05 0.04
    12      40    3.2e+00    3    1.3e-02  -454.78147121  -247.58056624    -0.00024598   0.005699   2.3e-02   8.1e-05 0.04
    13      40    2.1e+00    0    1.0e-02  -454.78147097  -247.58056600     0.00000025   0.005699   2.3e-02   8.1e-05 0.04
    14      24    1.6e+00    0    1.0e-02  -454.78197351  -247.58106854    -0.00050255   0.001133   4.5e-03   2.8e-04 0.04
 
RESULTS OF THE OCCUPATION OPTIMIZATION
========================================
   1    1.9997576  -15.56701469
   2    1.9995246  -11.25585079
   3    1.9995231  -11.25498962
   4    1.9995438  -11.24361992
   5    1.9995106  -11.23714066
   6    1.9995161  -11.23690987
   7    1.9902489  -1.16048980
   8    1.9814177  -1.05460453
   9    1.9805276  -0.99936771
  10    1.9787649  -0.86694551
  11    1.9770588  -0.69496906
  12    1.9767852  -0.68430144
  13    1.9751295  -0.67166519
  14    1.9761425  -0.65985835
  15    1.9758785  -0.65510213
  16    1.9755539  -0.65032673
  17    1.9717317  -0.63722527
  18    1.9715787  -0.63262069
  19    1.9603168  -0.47749582
  20    1.9621180  -0.42745224
  21    1.9616823  -0.41835541
  22    0.0383177  -0.03711751
  23    0.0378820  -0.03644766
  24    0.0396832  -0.04425152
  25    0.0284213  -0.03767230
  26    0.0282683  -0.03764055
  27    0.0244461  -0.02617577
  28    0.0241215  -0.02645149
  29    0.0238575  -0.02535735
  30    0.0248705  -0.03185774
  31    0.0232148  -0.02596226
  32    0.0229412  -0.02503498
  33    0.0212351  -0.02996183
  34    0.0194724  -0.02903516
  35    0.0185823  -0.02833144
  36    0.0097511  -0.01757920
  37    0.0004839  -0.00831938
  38    0.0004894  -0.00837369
  39    0.0004562  -0.00792637
  40    0.0004769  -0.00818669
  41    0.0004754  -0.00819980
  42    0.0002424  -0.00654600
 
----------------
 Final Energies 
----------------
Final NOF Total Energy =    -247.5810685
 
Total Orbital Internal Iterations = 494
Total Occupation Internal Iterations = 63
 
Elapsed time:   84.09 Seconds

---------------------------------
   Lowdin Population Analysis    
---------------------------------
 Idx  Atom   Population   Charge 
---------------------------------
  1     C     6.083      -0.083
  2     C     5.948       0.052
  3     C     5.927       0.073
  4     C     5.947       0.053
  5     C     6.082      -0.082
  6     N     6.690       0.310
  7     H     1.069      -0.069
  8     H     1.063      -0.063
  9     H     1.057      -0.057
 10     H     1.063      -0.063
 11     H     1.069      -0.069

---------------------------------
   M Diagnostic: 0.04
---------------------------------

