Computing Integrals
Using GPU
Elapsed time:    8.15 Seconds

Number of basis functions                   (NBF)    = 631
Number of auxiliary basis functions         (NBFAUX) = 837
Inactive Doubly occupied orbitals up to     (NO1)    = 0
No. considered Strongly Doubly occupied MOs (NDOC)   = 52
No. considered Strongly Singly occupied MOs (NSOC)   = 0
NO. of Weakly occ. per St. Doubly occ.  MOs (NCWO)   = 1
Dimension of the Nat. Orb. subspace         (NBF5)   = 104
No. of electrons                                     = 104
    No. of alpha electrons                           = 52
    No. of beta electrons                            = 52
Multiplicity                                         = 1

Geometry
========
 F       0.0000000       0.0000000       3.3515600
 I       0.0000000       0.0000000       1.3707400
 C       0.0000000       1.1483600      -1.7306900
 C       0.0000000       1.1934600      -3.1124800
 C       0.0000000       0.0000000      -3.8153500
 C       0.0000000      -1.1934600      -3.1124800
 C       0.0000000      -1.1483600      -1.7306900
 N       0.0000000       0.0000000      -1.0572500
 H       0.0000000       2.0512800      -1.1319400
 H       0.0000000       2.1474500      -3.6203500
 H       0.0000000       0.0000000      -4.8975700
 H       0.0000000      -2.1474500      -3.6203500
 H       0.0000000      -2.0512800      -1.1319400

No violations of the orthonormality
No violations of the orthonormality
 
PNOF9/ADABelief Calculation
==================
 
  Nitext  Nit_orb  Time   Nit_occ  Time         Eelec          Etot           Ediff      maxdiff    MaxGrad_orb  Grad_occ
     1      10    2.3e+01    7    1.9e+01 -3477.21040616 -2787.71377802 -13476.21040616   0.012444   5.0e-02   2.8e-04 0.99
     2      20    1.9e+00    0    3.0e-02 -3477.26678839 -2787.77016026    -0.05638224   0.012444   5.0e-02   2.8e-04 0.99
     3      40    3.5e+00  162    9.7e-01 -3477.28586211 -2787.78923398    -0.01907372   0.152103   6.1e-01   3.6e-04 0.98
     4      40    3.3e+00   55    4.0e-01 -3477.39235988 -2787.89573174    -0.10649776   0.005258   2.1e-02   2.5e-04 1.00
     5      40    3.3e+00   15    1.5e-01 -3477.43950237 -2787.94287423    -0.04714249   0.012603   5.0e-02   3.1e-04 1.00
     6      40    3.6e+00   12    1.2e-01 -3477.46672561 -2787.97009747    -0.02722324   0.011571   4.6e-02   2.7e-04 1.00
     7      40    3.3e+00   12    1.3e-01 -3477.47731372 -2787.98068558    -0.01058811   0.009924   4.0e-02   2.0e-04 1.00
     8      40    3.4e+00    9    1.1e-01 -3477.48542163 -2787.98879349    -0.00810791   0.012080   4.8e-02   2.4e-04 1.00
     9      40    3.5e+00    4    6.6e-02 -3477.48786245 -2787.99123431    -0.00244082   0.012617   5.0e-02   3.2e-04 1.00
    10      40    6.6e+00    7    9.1e-02 -3477.49165004 -2787.99502190    -0.00378759   0.013066   5.2e-02   2.0e-04 1.00
    11      40    3.5e+00    4    8.2e-02 -3477.49233925 -2787.99571111    -0.00068921   0.012309   4.9e-02   2.8e-04 1.00
    12      40    4.2e+00    5    9.0e-02 -3477.49463163 -2787.99800349    -0.00229239   0.011734   4.7e-02   3.1e-04 1.00
    13      40    3.4e+00    5    8.6e-02 -3477.49571246 -2787.99908432    -0.00108083   0.011892   4.8e-02   2.4e-04 1.00
    14      40    4.2e+00    4    8.3e-02 -3477.49624150 -2787.99961336    -0.00052904   0.011584   4.6e-02   2.2e-04 1.00
    15      40    3.4e+00    0    3.4e-02 -3477.49628877 -2787.99966063    -0.00004727   0.011584   4.6e-02   2.2e-04 1.00
    16      60    6.3e+00    4    8.8e-02 -3477.50800101 -2788.01137287    -0.01171224   0.001343   5.4e-03   1.8e-04 1.00
 
RESULTS OF THE OCCUPATION OPTIMIZATION
========================================
   1    2.0000000  -149.68707275
   2    1.9999913  -64.80104065
   3    1.9999891  -64.75207520
   4    1.9999902  -64.74974060
   5    1.9999294  -26.37822151
   6    1.9998764  -26.13723373
   7    1.9996952  -12.33924198
   8    1.9996920  -12.09405804
   9    1.9996628  -11.95332813
  10    1.9996329  -11.93689537
  11    1.9996231  -11.50501251
  12    1.9996160  -11.06078243
  13    1.9995916  -10.94098663
  14    1.9995021  -10.88705826
  15    1.9995025  -10.85118294
  16    1.9994899  -10.81405830
  17    1.9995505  -10.74186325
  18    1.9995577  -10.57538414
  19    1.9995220  -10.56125927
  20    1.9994402  -10.41306400
  21    1.9986757  -5.00387144
  22    1.9986618  -4.92914772
  23    1.9979530  -4.11392212
  24    1.9980099  -4.10955524
  25    1.9980146  -4.10555506
  26    1.9979294  -4.09969807
  27    1.9979199  -4.09727049
  28    1.9978441  -4.09441662
  29    1.9910631  -1.47363997
  30    1.9902690  -1.24987471
  31    1.9805944  -1.00856471
  32    1.9890309  -1.00750375
  33    1.9804182  -0.99976915
  34    1.9813184  -0.93141824
  35    1.9612973  -0.86293215
  36    1.9612863  -0.86185282
  37    1.9820646  -0.78141207
  38    1.9768601  -0.71032548
  39    1.9768595  -0.70942265
  40    1.9834789  -0.70461869
  41    1.9768338  -0.70107162
  42    1.9767661  -0.69911778
  43    1.9833810  -0.69661278
  44    1.9750983  -0.68673074
  45    1.9750516  -0.68613487
  46    1.9718219  -0.66750562
  47    1.9717870  -0.66479868
  48    1.9594626  -0.52518392
  49    1.9605460  -0.51821208
  50    1.9622563  -0.45214158
  51    1.9619237  -0.44943488
  52    1.0005911  -0.15736897
  53    0.9994089  -0.15749729
  54    0.0380763  -0.03752713
  55    0.0377437  -0.03676914
  56    0.0394540  -0.04514384
  57    0.0405374  -0.06071637
  58    0.0282130  -0.03794795
  59    0.0281781  -0.03796715
  60    0.0249484  -0.03215267
  61    0.0249017  -0.03214594
  62    0.0166190  -0.02256277
  63    0.0232339  -0.02515848
  64    0.0231662  -0.02515468
  65    0.0165211  -0.02253655
  66    0.0231405  -0.02602153
  67    0.0231399  -0.02604350
  68    0.0179354  -0.02479384
  69    0.0387137  -0.04694181
  70    0.0387027  -0.04697922
  71    0.0186816  -0.02357296
  72    0.0195818  -0.02897106
  73    0.0109691  -0.01761860
  74    0.0194056  -0.02889125
  75    0.0097310  -0.01743763
  76    0.0089369  -0.02385096
  77    0.0021559  -0.01261228
  78    0.0020801  -0.01231595
  79    0.0020706  -0.01220891
  80    0.0019854  -0.01184224
  81    0.0019901  -0.01187963
  82    0.0020470  -0.01211855
  83    0.0013382  -0.00878774
  84    0.0013243  -0.00877024
  85    0.0005598  -0.00826013
  86    0.0004780  -0.00539905
  87    0.0004423  -0.00532769
  88    0.0004495  -0.00691091
  89    0.0005101  -0.00801873
  90    0.0004975  -0.00781042
  91    0.0004979  -0.00787850
  92    0.0004084  -0.00483356
  93    0.0003840  -0.00482598
  94    0.0003769  -0.00460433
  95    0.0003671  -0.00537540
  96    0.0003372  -0.00467324
  97    0.0003080  -0.00385963
  98    0.0003048  -0.00441397
  99    0.0001236  -0.00518551
 100    0.0000706  -0.00190560
 101    0.0000098  -0.00084273
 102    0.0000109  -0.00075402
 103    0.0000087  -0.00069716
 104    0.0000000  -0.00004695
 
----------------
 Final Energies 
----------------
Final NOF Total Energy =   -2788.0113729
 
Total Orbital Internal Iterations = 610
Total Occupation Internal Iterations = 305
 
Elapsed time:  120.51 Seconds

---------------------------------
   Lowdin Population Analysis    
---------------------------------
 Idx  Atom   Population   Charge 
---------------------------------
  1     F     9.291      -0.291
  2     I    52.737       0.263
  3     C     6.062      -0.062
  4     C     5.933       0.067
  5     C     5.907       0.093
  6     C     5.933       0.067
  7     C     6.059      -0.059
  8     N     6.785       0.215
  9     H     1.063      -0.063
 10     H     1.059      -0.059
 11     H     1.050      -0.050
 12     H     1.059      -0.059
 13     H     1.063      -0.063

---------------------------------
   M Diagnostic: 1.00
---------------------------------

