HEAVY28-hcl_C.jld2 not found
HEAVY28-hcl_n.jld2 not found
Computing Integrals
Elapsed time:    5.13 Seconds

Number of basis functions                   (NBF)    = 100
Number of auxiliary basis functions         (NBFAUX) = 146
Inactive Doubly occupied orbitals up to     (NO1)    = 0
No. considered Strongly Doubly occupied MOs (NDOC)   = 9
No. considered Strongly Singly occupied MOs (NSOC)   = 0
NO. of Weakly occ. per St. Doubly occ.  MOs (NCWO)   = 1
Dimension of the Nat. Orb. subspace         (NBF5)   = 18
No. of electrons                                     = 18
    No. of alpha electrons                           = 9
    No. of beta electrons                            = 9
Multiplicity                                         = 1

Geometry
========
 H       0.0000000       0.0000000      -0.6357100
Cl       0.0000000       0.0000000       0.6357100

No violations of the orthonormality
Hartree-Fock
============

  Nitext  Nitint    Eelec          Etot           Ediff          maxdiff
     1      1  -223.59933605  -216.52378734   178.49912975    48.12435553 
     2     10  -435.07704737  -428.00149866    -5.72451336    14.75782094 
     3     10  -454.87273518  -447.79718648    -1.84745856    19.61984835 
     4     10  -459.32550360  -452.24995489    -1.27880688    12.51269160 
     5     10  -463.54642295  -456.47087424     0.30461210     6.74801602 
     6     10  -463.83335900  -456.75781029     1.11273477    13.10659648 
     7     10  -464.94310432  -457.86755562     0.16197036     6.03310134 
     8     10  -464.65181486  -457.57626616    -0.86990400    11.54721801 
     9     10  -465.72834630  -458.65279759    -0.43757641     8.17581031 
    10     10  -466.22106269  -459.14551398     0.16701127     9.79624736 
    11     10  -466.24120088  -459.16565217     0.02169581    10.07368369 
    12     10  -466.17957351  -459.10402480     0.23571020     7.74943070 
    13     10  -466.59917716  -459.52362845    -0.01459315     7.49487727 
    14     10  -465.75662333  -458.68107462    -0.09439987    10.05602128 
    15     10  -466.42075019  -459.34520148     0.18730387     8.04253083 
    16     10  -466.86978097  -459.79423226    -0.30641388     6.28511518 
    17     10  -466.51524167  -459.43969296     0.28682980     9.52737134 
    18     10  -466.51787346  -459.44232475    -1.06737566     7.62185360 
    19     10  -466.45487065  -459.37932195     0.24314969    10.69518041 
    20     10  -466.29073336  -459.21518465     0.36061841    10.46262209 
    21     10  -466.45535907  -459.37981037    -0.04057823     9.43511451 
    22     10  -466.66476152  -459.58921282    -0.72339155     9.81872852 
    23     10  -465.94013727  -458.86458856     0.56934498     9.49107333 
    24     10  -466.71141670  -459.63586799    -0.75896406     8.67429324 
    25     10  -466.28428053  -459.20873183     0.08947397    10.05494995 
    26     10  -466.61700551  -459.54145680    -0.24598328    10.12170830 
    27     10  -466.81917902  -459.74363032    -0.15192998     7.16733541 
    28     10  -466.55390722  -459.47835851    -0.15701453     9.29814070 
    29     10  -466.44616548  -459.37061678     0.40966392     8.66882618 
    30     10  -466.87374011  -459.79819140    -0.22600980     6.15113539 
No violations of the orthonormality
 
PNOF9/ADABelief Calculation
==================
 
  Nitext  Nit_orb  Time   Nit_occ  Time         Eelec          Etot           Ediff      maxdiff    MaxGrad_orb  Grad_occ
     1      10    4.2e+01    8    4.3e+01  -466.56708408  -459.49153538 -10465.56708408   6.151051   2.5e+01   7.0e-05 0.00
     2      20    5.4e+01   23    1.1e-02  -467.24733687  -460.17178816    -0.68025278   0.883664   3.5e+00   1.6e-04 0.00
     3      20    5.5e+01    5    1.3e-02  -467.37643016  -460.30088145    -0.12909329   0.017153   6.9e-02   3.2e-04 0.00
     4      20    5.4e+01    5    1.5e-02  -467.41802783  -460.34247912    -0.04159767   0.071156   2.8e-01   1.1e-04 0.00
     5      20    5.4e+01    5    6.4e-03  -467.44074792  -460.36519921    -0.02272009   0.056392   2.3e-01   7.3e-05 0.00
     6      20    5.4e+01    5    3.9e-02  -467.45494221  -460.37939350    -0.01419429   0.057961   2.3e-01   1.5e-04 0.01
     7      20    5.7e+01    6    3.6e-03  -467.46728254  -460.39173383    -0.01234033   0.066970   2.7e-01   7.1e-05 0.01
     8      20    5.9e+01    5    2.1e-02  -467.47953966  -460.40399095    -0.01225712   0.051978   2.1e-01   9.4e-05 0.02
     9      20    5.7e+01    5    3.0e-02  -467.48752094  -460.41197223    -0.00798128   0.051780   2.1e-01   1.4e-04 0.02
    10      20    5.9e+01    5    5.6e-03  -467.49263842  -460.41708972    -0.00511748   0.044308   1.8e-01   8.9e-05 0.02
    11      20    5.6e+01    5    3.6e-02  -467.49599640  -460.42044770    -0.00335798   0.049377   2.0e-01   7.9e-05 0.02
    12      20    5.4e+01    3    3.7e-03  -467.49733708  -460.42178837    -0.00134068   0.046948   1.9e-01   1.4e-04 0.03
    13      20    5.6e+01    3    4.3e-03  -467.49970640  -460.42415769    -0.00236932   0.049764   2.0e-01   1.4e-04 0.03
    14      20    5.4e+01    0    1.0e-02  -467.49999555  -460.42444685    -0.00028915   0.049764   2.0e-01   1.4e-04 0.03
    15      40    1.1e+02    2    5.9e-02  -467.50674570  -460.43119699    -0.00675015   0.003631   1.5e-02   2.0e-04 0.03
    16      40    1.1e+02    2    2.9e-02  -467.50724448  -460.43169578    -0.00049878   0.009820   3.9e-02   2.0e-04 0.03
    17      40    1.2e+02    4    1.6e-02  -467.50774984  -460.43220114    -0.00050536   0.009025   3.6e-02   5.5e-05 0.03
    18      40    1.1e+02    4    6.2e-02  -467.50803785  -460.43248915    -0.00028801   0.007409   3.0e-02   6.9e-05 0.03
    19      40    1.1e+02    3    2.7e-02  -467.50830835  -460.43275964    -0.00027050   0.008839   3.5e-02   2.3e-04 0.03
    20      40    1.1e+02    3    5.3e-02  -467.50853624  -460.43298753    -0.00022789   0.006874   2.7e-02   2.2e-04 0.03
    21      40    1.1e+02    3    3.8e-03  -467.50877142  -460.43322271    -0.00023518   0.008554   3.4e-02   2.0e-04 0.03
    22      40    1.1e+02    3    2.4e-02  -467.50902276  -460.43347405    -0.00025134   0.006689   2.7e-02   2.0e-04 0.03
    23      40    1.1e+02    3    4.1e-03  -467.50927476  -460.43372605    -0.00025201   0.008637   3.5e-02   2.0e-04 0.03
    24      40    1.2e+02    3    1.8e-02  -467.50952557  -460.43397686    -0.00025081   0.006541   2.6e-02   1.9e-04 0.03
    25      40    1.2e+02    4    5.1e-03  -467.50979001  -460.43424130    -0.00026444   0.008074   3.2e-02   1.0e-04 0.03
    26      40    1.1e+02    2    1.8e-02  -467.51005880  -460.43451009    -0.00026879   0.006621   2.6e-02   2.0e-04 0.03
    27      40    1.1e+02    4    2.5e-02  -467.51031060  -460.43476189    -0.00025180   0.007807   3.1e-02   9.2e-05 0.03
    28      40    1.1e+02    2    3.9e-03  -467.51058741  -460.43503870    -0.00027681   0.006486   2.6e-02   1.6e-04 0.03
    29      40    1.1e+02    2    3.3e-02  -467.51083738  -460.43528867    -0.00024997   0.007680   3.1e-02   2.0e-04 0.03
    30      40    1.2e+02    2    6.6e-03  -467.51109293  -460.43554422    -0.00025555   0.006191   2.5e-02   1.8e-04 0.03
    31      40    1.1e+02    2    6.9e-02  -467.51132946  -460.43578075    -0.00023653   0.006943   2.8e-02   1.7e-04 0.03
    32      40    1.1e+02    1    5.5e-03  -467.51155934  -460.43601063    -0.00022988   0.006333   2.5e-02   1.4e-04 0.03
    33      40    1.1e+02    1    1.1e-02  -467.51173106  -460.43618236    -0.00017173   0.007652   3.1e-02   9.7e-05 0.03
    34      40    1.1e+02    1    3.7e-03  -467.51187588  -460.43632718    -0.00014482   0.006969   2.8e-02   6.3e-05 0.03
    35      40    1.1e+02    1    7.2e-03  -467.51197706  -460.43642835    -0.00010118   0.007241   2.9e-02   8.4e-05 0.03
    36      40    1.1e+02    1    7.0e-03  -467.51204740  -460.43649870    -0.00007035   0.007032   2.8e-02   1.1e-04 0.03
    37      40    1.1e+02    1    2.8e-03  -467.51210233  -460.43655363    -0.00005493   0.007418   3.0e-02   1.3e-04 0.03
    38      40    1.1e+02    1    5.9e-03  -467.51213912  -460.43659041    -0.00003678   0.007405   3.0e-02   1.7e-04 0.03
    39      40    1.1e+02    1    2.4e-02  -467.51215366  -460.43660496    -0.00001455   0.007603   3.0e-02   1.5e-04 0.03
    40      40    1.1e+02    1    6.2e-03  -467.51217637  -460.43662767    -0.00002271   0.007317   2.9e-02   1.7e-04 0.03
    41      40    1.1e+02    1    4.0e-02  -467.51218030  -460.43663159    -0.00000393   0.007479   3.0e-02   1.5e-04 0.03
    42      40    1.1e+02    1    7.4e-03  -467.51219115  -460.43664244    -0.00001085   0.007439   3.0e-02   1.7e-04 0.03
    43      40    1.1e+02    0    4.5e-03  -467.51219577  -460.43664706    -0.00000462   0.007515   3.0e-02   2.2e-04 0.03
    44      50    1.4e+02    1    5.1e-03  -467.51227311  -460.43672441    -0.00007735   0.005534   2.2e-02   1.9e-04 0.03
    45      50    1.4e+02    0    3.0e-03  -467.51227386  -460.43672516    -0.00000075   0.005534   2.2e-02   1.9e-04 0.03
    46      70    2.0e+02    0    4.8e-03  -467.51239239  -460.43684369    -0.00011853   0.000471   1.9e-03   1.7e-04 0.03
    47      80    2.3e+02    0    4.8e-03  -467.51239239  -460.43684369     0.00000000   0.000471   1.9e-03   1.7e-04 0.03
    48     100    2.9e+02    0    5.0e-03  -467.51239573  -460.43684702    -0.00000334   0.000270   1.1e-03   1.8e-04 0.03
    49     110    3.2e+02    0    4.4e-03  -467.51239777  -460.43684906    -0.00000204   0.000264   1.1e-03   1.7e-04 0.03
    50     120    3.5e+02    0    3.7e-03  -467.51239998  -460.43685127    -0.00000221   0.000214   8.6e-04   1.8e-04 0.03
 
RESULTS OF THE OCCUPATION OPTIMIZATION
========================================
   1    1.9999684  -104.89167800
   2    1.9993519  -10.57239186
   3    1.9985458  -8.05005461
   4    1.9989428  -8.04665816
   5    1.9989451  -8.04372256
   6    1.9909756  -1.12792291
   7    1.9696297  -0.63403809
   8    1.9793767  -0.49053821
   9    1.9795678  -0.48870944
  10    0.0204322  -0.02395115
  11    0.0206233  -0.02405376
  12    0.0303703  -0.04014240
  13    0.0090244  -0.02850381
  14    0.0010549  -0.01907863
  15    0.0010572  -0.01911189
  16    0.0014542  -0.02178475
  17    0.0006481  -0.01514698
  18    0.0000316  -0.00601523
 
----------------
 Final Energies 
----------------
       HF Total Energy =    -459.7981914
Final NOF Total Energy =    -460.4368513
    Correlation Energy =      -0.6386599
 
Total Orbital Internal Iterations = 2010
Total Occupation Internal Iterations = 143
 
Elapsed time: 6054.85 Seconds

---------------------------------
   Lowdin Population Analysis    
---------------------------------
 Idx  Atom   Population   Charge 
---------------------------------
  1     H     1.386      -0.386
  2    Cl    16.614       0.386

---------------------------------
   M Diagnostic: 0.03
---------------------------------

