ISO34-E14_C.jld2 not found
ISO34-E14_n.jld2 not found
Computing Integrals
Elapsed time:   11.83 Seconds

Number of basis functions                   (NBF)    = 261
Number of auxiliary basis functions         (NBFAUX) = 281
Inactive Doubly occupied orbitals up to     (NO1)    = 0
No. considered Strongly Doubly occupied MOs (NDOC)   = 11
No. considered Strongly Singly occupied MOs (NSOC)   = 0
NO. of Weakly occ. per St. Doubly occ.  MOs (NCWO)   = 1
Dimension of the Nat. Orb. subspace         (NBF5)   = 22
No. of electrons                                     = 22
    No. of alpha electrons                           = 11
    No. of beta electrons                            = 11
Multiplicity                                         = 1

Geometry
========
 C       0.0000000       0.0000000       0.4886500
 C       0.0000000       0.0000000      -0.9668800
 N       0.0000000       0.0000000      -2.1178800
 H       0.5119600      -0.8867400       0.8653700
 H       0.5119600       0.8867400       0.8653700
 H      -1.0239200       0.0000000       0.8653700

No violations of the orthonormality
Hartree-Fock
============

  Nitext  Nitint    Eelec          Etot           Ediff          maxdiff
     1      1  -108.77810420   -50.16638127    38.67695265    12.28476605 
     2     10  -169.75944827  -111.14772534    -4.88608489     5.87530729 
     3     10  -182.01490791  -123.40318498    -1.68861051     5.61901345 
     4     10  -185.69481551  -127.08309257    -0.08158121     4.97009855 
     5     10  -186.48744627  -127.87572333    -0.11735902     5.15736199 
     6     10  -187.38779272  -128.77606978    -0.39288223     4.62220997 
     7     10  -186.94019151  -128.32846858     1.11171878     4.84742709 
     8     10  -187.99230457  -129.38058164     0.50905447     4.19516736 
     9     10  -188.38978704  -129.77806411     0.10818758     3.51186892 
    10     10  -188.54015353  -129.92843060    -0.06230669     3.66191464 
    11     10  -189.06487963  -130.45315669    -0.79322285     3.62592275 
    12     10  -188.86638363  -130.25466069    -0.04793972     4.60550966 
    13     10  -189.30092283  -130.68919989    -0.48775771     3.00846835 
    14     10  -189.06010248  -130.44837955     0.47990755     4.35583050 
    15     10  -189.24686914  -130.63514620    -0.16197461     2.96976070 
    16     10  -189.68522994  -131.07350700    -0.59771866     3.16718414 
    17     10  -189.29929056  -130.68756763     0.26511544     4.31278892 
    18     10  -189.41129388  -130.79957095    -0.25191285     3.03910207 
    19     10  -189.69380291  -131.08207997    -0.46233034     2.77185906 
    20     10  -189.43792291  -130.82619998     0.21255833     3.71871042 
    21     10  -189.72386734  -131.11214440    -0.21086595     3.76526869 
    22     10  -189.61107105  -130.99934812     0.04500208     2.73196060 
    23     10  -189.43399249  -130.82226956     0.17812993     3.04163274 
    24     10  -189.68931195  -131.07758902    -0.05090710     3.24233356 
    25     10  -189.74113677  -131.12941383    -0.12021957     3.00265493 
    26     10  -189.85934577  -131.24762283    -0.24594614     2.27476173 
    27     10  -189.86770180  -131.25597887    -0.11453414     2.92920562 
    28     10  -189.53769811  -130.92597518     0.35346826     2.96701281 
    29     10  -189.77566822  -131.16394528     0.00831745     2.54953351 
    30     10  -189.59943038  -130.98770745     0.16475733     2.69056351 
No violations of the orthonormality
 
PNOF9/ADABelief Calculation
==================
 
  Nitext  Nit_orb  Time   Nit_occ  Time         Eelec          Etot           Ediff      maxdiff    MaxGrad_orb  Grad_occ
     1      10    1.1e+02    4    2.8e+01  -190.67562869  -132.06390576 -10189.67562869   0.208621   8.3e-01   4.3e-05 0.01
     2      10    1.0e+02    8    2.9e-02  -190.73873685  -132.12701391    -0.06310815   0.243552   9.7e-01   9.3e-05 0.02
     3      10    1.0e+02    8    2.4e-02  -190.82839972  -132.21667679    -0.08966287   0.202302   8.1e-01   1.7e-04 0.03
     4      10    1.0e+02    7    4.3e-02  -190.88261923  -132.27089629    -0.05421951   0.216940   8.7e-01   2.2e-04 0.03
     5      10    9.5e+01    7    2.4e-02  -190.91005611  -132.29833317    -0.02743688   0.192912   7.7e-01   1.7e-04 0.03
     6      10    1.1e+02    6    1.6e-02  -190.92813358  -132.31641065    -0.01807747   0.206997   8.3e-01   2.0e-04 0.04
     7      10    1.0e+02    6    2.4e-02  -190.94192491  -132.33020197    -0.01379133   0.175953   7.0e-01   7.1e-05 0.04
     8      10    1.1e+02    4    1.6e-02  -190.94577813  -132.33405519    -0.00385322   0.214153   8.6e-01   2.6e-04 0.04
     9      10    9.7e+01    0    1.6e-02  -190.94627910  -132.33455616    -0.00050097   0.214153   8.6e-01   2.6e-04 0.04
    10      30    3.1e+02    5    1.6e-02  -191.00390413  -132.39218119    -0.05762503   0.001776   7.1e-03   7.9e-05 0.04
    11      30    3.1e+02    5    1.1e-02  -191.00689246  -132.39516953    -0.00298834   0.003831   1.5e-02   8.5e-05 0.04
    12      30    2.9e+02    4    1.7e-02  -191.00795896  -132.39623603    -0.00106650   0.002511   1.0e-02   1.2e-04 0.04
    13      30    2.9e+02    3    1.1e-02  -191.00817272  -132.39644979    -0.00021376   0.003490   1.4e-02   2.1e-04 0.04
    14      30    2.9e+02    2    1.4e-02  -191.00823554  -132.39651261    -0.00006282   0.004004   1.6e-02   1.5e-04 0.04
    15      30    3.1e+02    2    1.7e-02  -191.00827783  -132.39655489    -0.00004229   0.004428   1.8e-02   2.0e-04 0.04
    16      30    3.0e+02    0    1.1e-02  -191.00828390  -132.39656097    -0.00000607   0.004428   1.8e-02   2.0e-04 0.04
    17      50    4.9e+02    1    1.4e-02  -191.00854561  -132.39682267    -0.00026171   0.000216   8.6e-04   1.4e-04 0.04
 
RESULTS OF THE OCCUPATION OPTIMIZATION
========================================
   1    1.9997450  -15.26181117
   2    1.9996050  -11.51627233
   3    1.9994848  -11.32458986
   4    1.9887852  -1.02816194
   5    1.9817929  -0.95044633
   6    1.9819304  -0.84879499
   7    1.9717157  -0.69011239
   8    1.9752005  -0.64496733
   9    1.9751480  -0.64445339
  10    1.9570463  -0.48984621
  11    1.9570001  -0.48951651
  12    0.0429999  -0.04420654
  13    0.0429537  -0.04415001
  14    0.0248520  -0.02505195
  15    0.0247995  -0.02503706
  16    0.0282843  -0.03621136
  17    0.0180696  -0.02788869
  18    0.0182071  -0.02303563
  19    0.0112148  -0.01983159
  20    0.0005152  -0.00888274
  21    0.0003950  -0.00724224
  22    0.0002550  -0.00646816
 
----------------
 Final Energies 
----------------
       HF Total Energy =    -130.9877074
Final NOF Total Energy =    -132.3968227
    Correlation Energy =      -1.4091152
 
Total Orbital Internal Iterations = 350
Total Occupation Internal Iterations = 72
 
Elapsed time: 5353.71 Seconds

---------------------------------
   Lowdin Population Analysis    
---------------------------------
 Idx  Atom   Population   Charge 
---------------------------------
  1     C     5.805       0.195
  2     C     6.192      -0.192
  3     N     6.885       0.115
  4     H     1.038      -0.038
  5     H     1.040      -0.040
  6     H     1.040      -0.040

---------------------------------
   M Diagnostic: 0.04
---------------------------------

