W4-11-c_C.jld2 not found
W4-11-c_n.jld2 not found
Computing Integrals
Elapsed time:    4.01 Seconds

Number of basis functions                   (NBF)    = 57
Number of auxiliary basis functions         (NBFAUX) = 75
Inactive Doubly occupied orbitals up to     (NO1)    = 0
No. considered Strongly Doubly occupied MOs (NDOC)   = 2
No. considered Strongly Singly occupied MOs (NSOC)   = 2
NO. of Weakly occ. per St. Doubly occ.  MOs (NCWO)   = 1
Dimension of the Nat. Orb. subspace         (NBF5)   = 6
No. of electrons                                     = 6
    No. of alpha electrons                           = 4
    No. of beta electrons                            = 2
Multiplicity                                         = 3

Geometry
========
 C       0.0000000       0.0000000       0.0000000

No violations of the orthonormality
Hartree-Fock
============

  Nitext  Nitint    Eelec          Etot           Ediff          maxdiff
     1      1   -22.37405490   -22.37405490    12.30724579    13.11424570 
     2     10   -34.78814310   -34.78814310    -0.11826622     5.01749523 
     3     10   -36.82686480   -36.82686480    -0.56140242     2.02791707 
     4     10   -37.20621614   -37.20621614     0.10653443     2.43959014 
     5     10   -37.14837731   -37.14837731     0.07825624     5.55189132 
     6     10   -37.30991433   -37.30991433    -0.03612332     2.90766246 
     7     10   -36.78038331   -36.78038331     0.74039835     6.29533326 
     8     10   -37.22402272   -37.22402272     0.36207297     3.18296019 
     9     10   -37.32593535   -37.32593535     0.12753083     3.50888052 
    10     10   -37.34327286   -37.34327286     0.07430182     3.42222627 
    11     10   -37.44708054   -37.44708054     0.16373516     2.17936167 
    12     10   -37.19609340   -37.19609340     0.12632895     5.37713132 
    13     10   -37.35255837   -37.35255837     0.11015946     4.54561544 
    14     10   -37.44119908   -37.44119908    -0.10295926     2.62589878 
    15     10   -37.17175072   -37.17175072     0.44917945     4.11816214 
    16     10   -37.50662676   -37.50662676    -0.12786863     2.01945241 
    17     10   -37.42751521   -37.42751521    -0.27709956     3.25696444 
    18     10   -37.51188915   -37.51188915    -0.03238705     2.87422304 
    19     10   -37.08352334   -37.08352334     0.51649063     4.28335777 
    20     10   -37.56408233   -37.56408233    -0.01996182     1.85466232 
    21     10   -37.39476290   -37.39476290    -0.11495460     2.91862075 
    22     10   -37.59654821   -37.59654821    -0.15237862     1.33906754 
    23     10   -37.53784165   -37.53784165    -0.06741754     2.57499119 
    24     10   -37.34137662   -37.34137662     0.24370157     3.92123906 
    25     10   -37.46326972   -37.46326972     0.09206984     2.45880746 
    26     10   -37.36595890   -37.36595890     0.13284496     4.30461329 
    27     10   -37.42899958   -37.42899958     0.02002928     2.48057461 
    28     10   -37.54702817   -37.54702817     0.04451360     1.60426059 
    29     10   -37.40981248   -37.40981248     0.15783621     3.56749549 
    30     10   -37.47828626   -37.47828626    -0.01218710     1.90913455 
No violations of the orthonormality
 
PNOF9/ADABelief Calculation
==================
 
  Nitext  Nit_orb  Time   Nit_occ  Time         Eelec          Etot           Ediff      maxdiff    MaxGrad_orb  Grad_occ
     1      10    1.0e+01    3    3.2e+01   -37.71078173   -37.71078173 -10036.71078173   0.105277   4.2e-01   3.1e-05 0.00
     2      10    3.7e-03    3    2.7e-04   -37.71827082   -37.71827082    -0.00748910   0.112748   4.5e-01   8.5e-06 0.00
     3      10    3.4e-03    4    2.8e-04   -37.72459333   -37.72459333    -0.00632250   0.066476   2.7e-01   5.9e-05 0.01
     4      10    3.3e-03    5    2.9e-04   -37.73322963   -37.73322963    -0.00863630   0.080591   3.2e-01   3.1e-05 0.01
     5      10    2.8e-02    4    2.3e-04   -37.74434800   -37.74434800    -0.01111837   0.085767   3.4e-01   3.1e-05 0.03
     6      10    3.3e-03    4    2.0e-04   -37.75306587   -37.75306587    -0.00871788   0.075422   3.0e-01   3.8e-05 0.04
     7      10    3.3e-03    4    2.0e-04   -37.76100068   -37.76100068    -0.00793481   0.113583   4.5e-01   8.2e-06 0.05
     8      10    3.2e-03    3    1.9e-04   -37.77081180   -37.77081180    -0.00981112   0.122832   4.9e-01   3.6e-05 0.09
     9      10    3.3e-03    2    1.8e-04   -37.78073843   -37.78073843    -0.00992663   0.105416   4.2e-01   1.5e-04 0.16
    10      10    3.2e-03    2    1.7e-04   -37.78658555   -37.78658555    -0.00584712   0.086910   3.5e-01   4.8e-05 0.18
    11      10    3.3e-03    1    1.5e-04   -37.78702028   -37.78702028    -0.00043473   0.084659   3.4e-01   4.3e-05 0.18
    12      10    7.3e-03    0    1.3e-04   -37.78720668   -37.78720668    -0.00018640   0.092691   3.7e-01   9.7e-05 0.18
    13      20    6.1e-03    1    1.6e-04   -37.78865327   -37.78865327    -0.00144659   0.004544   1.8e-02   6.5e-05 0.18
    14      20    9.8e-03    0    1.4e-04   -37.78865371   -37.78865371    -0.00000044   0.004544   1.8e-02   6.5e-05 0.18
    15      40    1.5e-02    0    1.5e-04   -37.78866726   -37.78866726    -0.00001355   0.000233   9.3e-04   6.4e-05 0.18
 
RESULTS OF THE OCCUPATION OPTIMIZATION
========================================
   1    1.9993846  -11.30053430
   2    1.8215550  -0.70396227
   3    1.0000000  -0.23084264
   4    1.0000000  -0.23083285
   5    0.1784450  -0.06976375
   6    0.0006154  -0.01036523
 
----------------
 Final Energies 
----------------
       HF Total Energy =     -37.4782863
Final NOF Total Energy =     -37.7886673
    Correlation Energy =      -0.3103810
 
Total Orbital Internal Iterations = 200
Total Occupation Internal Iterations = 36
 
Elapsed time:  103.30 Seconds

---------------------------------
   Lowdin Population Analysis    
---------------------------------
 Idx  Atom   Population   Charge 
---------------------------------
  1     C     6.000      -0.000

---------------------------------
   M Diagnostic: 0.18
---------------------------------

