Computing Integrals
CuDevice(0)
Elapsed time:    2.70 Seconds

Number of basis functions                   (NBF)    = 241
Number of auxiliary basis functions         (NBFAUX) = 359
Inactive Doubly occupied orbitals up to     (NO1)    = 0
No. considered Strongly Doubly occupied MOs (NDOC)   = 20
No. considered Strongly Singly occupied MOs (NSOC)   = 0
NO. of Weakly occ. per St. Doubly occ.  MOs (NCWO)   = 1
Dimension of the Nat. Orb. subspace         (NBF5)   = 40
No. of electrons                                     = 40
    No. of alpha electrons                           = 20
    No. of beta electrons                            = 20
Multiplicity                                         = 1

Geometry
========
Al       0.0000000       0.0000000       0.0000000
 F       0.0000000       1.6317700       0.0000000
 F       1.4131500      -0.8158800       0.0000000
 F      -1.4131500      -0.8158800       0.0000000

No violations of the orthonormality
No violations of the orthonormality
 
PNOF9/ADABelief Calculation
==================
 
  Nitext  Nit_orb  Time   Nit_occ  Time         Eelec          Etot           Ediff      maxdiff    MaxGrad_orb  Grad_occ
     1      10    2.3e+01    7    1.7e+01  -700.61895993  -541.29329912 -10699.61895993   0.010726   4.3e-02   5.9e-05 0.02
     2      20    2.5e+00   20    2.7e-02  -700.64911816  -541.32345735    -0.03015822   0.220981   8.8e-01   2.3e-04 0.02
     3      20    1.1e+00    6    1.7e-02  -700.67747653  -541.35181573    -0.02835838   0.021630   8.7e-02   3.5e-04 0.02
     4      20    2.6e+00    0    2.0e-02  -700.67944653  -541.35378572    -0.00197000   0.021630   8.7e-02   3.5e-04 0.02
     5      40    4.2e+00    6    2.1e-02  -700.69616251  -541.37050171    -0.01671598   0.005243   2.1e-02   1.5e-04 0.02
     6      40    4.7e+00    5    2.6e-02  -700.70074863  -541.37508783    -0.00458612   0.005081   2.0e-02   1.1e-04 0.02
     7      40    4.0e+00    5    2.1e-02  -700.70353282  -541.37787201    -0.00278419   0.008266   3.3e-02   6.8e-05 0.02
     8      40    4.2e+00    4    2.1e-02  -700.70498137  -541.37932056    -0.00144855   0.007924   3.2e-02   2.3e-04 0.02
     9      40    4.0e+00    3    2.1e-02  -700.70555722  -541.37989641    -0.00057585   0.008193   3.3e-02   1.4e-04 0.02
    10      40    4.0e+00    3    1.8e-02  -700.70576621  -541.38010540    -0.00020899   0.008533   3.4e-02   7.5e-05 0.02
    11      40    3.8e+00    2    2.1e-02  -700.70583076  -541.38016995    -0.00006454   0.008210   3.3e-02   1.9e-04 0.02
    12      40    2.4e+00    2    2.1e-02  -700.70588645  -541.38022564    -0.00005569   0.008380   3.4e-02   2.2e-04 0.02
    13      40    3.9e+00    0    1.7e-02  -700.70588925  -541.38022844    -0.00000280   0.008380   3.4e-02   2.2e-04 0.02
    14      60    6.6e+00    1    2.1e-02  -700.70646119  -541.38080038    -0.00057194   0.000688   2.8e-03   1.8e-04 0.02
    15      60    4.6e+00    0    2.0e-02  -700.70646175  -541.38080094    -0.00000056   0.000688   2.8e-03   1.8e-04 0.02
    16      80    8.4e+00    0    2.0e-02  -700.70647171  -541.38081090    -0.00000996   0.000191   7.7e-04   1.5e-04 0.02
 
RESULTS OF THE OCCUPATION OPTIMIZATION
========================================
   1    1.9999550  -58.57692920
   2    1.9998555  -26.33349947
   3    1.9998518  -26.33335793
   4    1.9998514  -26.33301797
   5    1.9977840  -4.94587822
   6    1.9967816  -3.27011452
   7    1.9969120  -3.26553514
   8    1.9960429  -3.26302241
   9    1.9910193  -1.55284031
  10    1.9909586  -1.54888290
  11    1.9909571  -1.54646592
  12    1.9761552  -0.80584356
  13    1.9757011  -0.78588959
  14    1.9752543  -0.77438622
  15    1.9815607  -0.69730493
  16    1.9814870  -0.69336742
  17    1.9786500  -0.69082232
  18    1.9785065  -0.68760363
  19    1.9784178  -0.68350641
  20    1.9810176  -0.68217269
  21    0.0189824  -0.02625085
  22    0.0215822  -0.02927048
  23    0.0214935  -0.02920400
  24    0.0213500  -0.02911235
  25    0.0185130  -0.02587237
  26    0.0184393  -0.02582233
  27    0.0247457  -0.04175925
  28    0.0242989  -0.04141409
  29    0.0238448  -0.04106510
  30    0.0090429  -0.02494409
  31    0.0090414  -0.02494627
  32    0.0089807  -0.02484955
  33    0.0039571  -0.02015557
  34    0.0030880  -0.01697596
  35    0.0032184  -0.02580845
  36    0.0022160  -0.01516710
  37    0.0001486  -0.00630438
  38    0.0001482  -0.00630031
  39    0.0001445  -0.00631951
  40    0.0000450  -0.00506697
 
----------------
 Final Energies 
----------------
Final NOF Total Energy =    -541.3808109
 
Total Orbital Internal Iterations = 630
Total Occupation Internal Iterations = 64
 
Elapsed time:  116.08 Seconds

---------------------------------
   Lowdin Population Analysis    
---------------------------------
 Idx  Atom   Population   Charge 
---------------------------------
  1    Al    13.857      -0.857
  2     F     8.714       0.286
  3     F     8.714       0.286
  4     F     8.715       0.285

---------------------------------
   M Diagnostic: 0.02
---------------------------------

