Computing Integrals
Elapsed time:   33.06 Seconds

Number of basis functions                   (NBF)    = 762
Number of auxiliary basis functions         (NBFAUX) = 702
Inactive Doubly occupied orbitals up to     (NO1)    = 0
No. considered Strongly Doubly occupied MOs (NDOC)   = 25
No. considered Strongly Singly occupied MOs (NSOC)   = 0
NO. of Weakly occ. per St. Doubly occ.  MOs (NCWO)   = 1
Dimension of the Nat. Orb. subspace         (NBF5)   = 50
No. of electrons                                     = 50
    No. of alpha electrons                           = 25
    No. of beta electrons                            = 25
Multiplicity                                         = 1

Geometry
========
 C       2.5453100       0.8540700      -0.2157300
 C       2.0606400      -0.4722900       0.3583800
 C       0.6950300      -0.9000800      -0.1729500
 C      -0.4402400       0.0444500       0.2026000
 C      -1.8034000      -0.4588500      -0.2547500
 C      -2.9321100       0.4942900       0.1155500
 H       1.8988100       1.6790100       0.0779000
 H       2.5638900       0.8172700      -1.3055100
 H       3.5521600       1.0874200       0.1270600
 H       2.0147500      -0.4052600       1.4479900
 H       2.7909300      -1.2499000       0.1279700
 H       0.4590600      -1.8977300       0.2057500
 H       0.7441300      -0.9872800      -1.2624500
 H      -0.2661200       1.0321600      -0.2300200
 H      -0.4516600       0.1799300       1.2886500
 H      -1.9893000      -1.4406600       0.1864700
 H      -1.7849400      -0.6062000      -1.3370500
 H      -3.8999900       0.1210300      -0.2154300
 H      -2.7773300       1.4724300      -0.3395900
 H      -2.9796400       0.6361700       1.1951500

No violations of the orthonormality
No violations of the orthonormality
 
PNOF9/ADABelief Calculation
==================
 
  Nitext  Nit_orb  Time   Nit_occ  Time         Eelec          Etot           Ediff      maxdiff    MaxGrad_orb  Grad_occ
     1      10    2.2e+02   15    4.1e+01  -470.49240569  -221.80898582 -10469.49240569   1.448930   5.8e+00   2.0e-04 0.04
     2      10    2.0e+02    9    4.0e-01  -477.28467665  -228.60125677    -6.79227096   0.401677   1.6e+00   1.0e-04 0.04
     3      10    1.9e+02    7    3.8e-01  -479.97738385  -231.29396397    -2.69270720   0.515428   2.1e+00   1.7e-04 0.05
     4      10    1.8e+02    6    4.0e-01  -481.16166600  -232.47824612    -1.18428215   1.373838   5.5e+00   1.8e-04 0.05
     5      10    2.0e+02    5    5.9e-01  -481.77526570  -233.09184583    -0.61359970   0.867414   3.5e+00   2.0e-04 0.05
     6      10    2.0e+02    6    5.7e-01  -481.94273488  -233.25931500    -0.16746918   0.943356   3.8e+00   5.7e-05 0.05
     7      10    2.0e+02    6    4.0e-01  -481.99160087  -233.30818099    -0.04886599   1.607463   6.4e+00   1.1e-04 0.05
     8      10    1.8e+02    6    3.8e-01  -482.29100084  -233.60758096    -0.29939997   1.247694   5.0e+00   9.4e-05 0.05
     9      10    2.0e+02    0    4.0e-01  -482.29156114  -233.60814126    -0.00056029   1.247694   5.0e+00   9.4e-05 0.05
    10      30    5.3e+02    7    2.9e-01  -483.80263645  -235.11921657    -1.51107531   0.110276   4.4e-01   6.5e-05 0.04
    11      30    5.9e+02    6    2.9e-01  -484.36839889  -235.68497901    -0.56576244   0.163794   6.6e-01   8.0e-05 0.04
    12      30    5.6e+02    5    3.1e-01  -484.72642434  -236.04300446    -0.35802545   0.147935   5.9e-01   9.3e-05 0.03
    13      30    5.8e+02    4    5.5e-01  -484.94440853  -236.26098865    -0.21798418   0.079553   3.2e-01   1.9e-04 0.03
    14      30    5.7e+02    3    3.5e-01  -484.97967412  -236.29625425    -0.03526560   0.146642   5.9e-01   1.9e-04 0.03
    15      30    5.9e+02    2    4.0e-01  -484.98114783  -236.29772796    -0.00147371   0.035168   1.4e-01   1.6e-04 0.03
    16      30    5.7e+02    0    3.4e-01  -484.98118276  -236.29776288    -0.00003493   0.035168   1.4e-01   1.6e-04 0.03
    17      50    9.3e+02    1    3.6e-01  -484.99732783  -236.31390795    -0.01614507   0.004654   1.9e-02   1.7e-04 0.03
    18      50    9.5e+02    0    3.1e-01  -484.99733401  -236.31391413    -0.00000618   0.004654   1.9e-02   1.7e-04 0.03
    19      70    1.3e+03    1    2.6e-01  -484.99739549  -236.31397561    -0.00006149   0.001093   4.4e-03   1.3e-04 0.03
    20      70    1.3e+03    0    4.6e-01  -484.99739688  -236.31397701    -0.00000139   0.001093   4.4e-03   1.3e-04 0.03
    21      90    1.6e+03    0    4.4e-01  -484.99740265  -236.31398277    -0.00000577   0.000259   1.0e-03   1.9e-04 0.03
    22     100    1.9e+03    0    3.9e-01  -484.99740265  -236.31398277     0.00000000   0.000259   1.0e-03   1.9e-04 0.03
    23      75    1.3e+03    0    3.3e-01  -484.99740284  -236.31398296    -0.00000019   0.000125   5.0e-04   1.9e-04 0.03
 
RESULTS OF THE OCCUPATION OPTIMIZATION
========================================
   1    1.9995593  -11.20623681
   2    1.9995501  -11.20612033
   3    1.9995448  -11.20467227
   4    1.9995589  -11.20420377
   5    1.9995868  -11.20304851
   6    1.9995769  -11.20287051
   7    1.9812606  -0.89494807
   8    1.9811925  -0.89076160
   9    1.9807591  -0.88765250
  10    1.9805131  -0.87786351
  11    1.9806514  -0.87628501
  12    1.9807802  -0.87622905
  13    1.9738792  -0.57828311
  14    1.9740629  -0.57673994
  15    1.9740061  -0.57587859
  16    1.9737259  -0.57424003
  17    1.9737807  -0.57327183
  18    1.9737752  -0.57266927
  19    1.9737062  -0.56915289
  20    1.9734830  -0.56809278
  21    1.9700873  -0.54723904
  22    1.9699621  -0.54208661
  23    1.9698935  -0.54160451
  24    1.9699513  -0.53995530
  25    1.9699158  -0.53813574
  26    0.0300842  -0.03387462
  27    0.0300487  -0.03388989
  28    0.0301065  -0.03393711
  29    0.0300379  -0.03373207
  30    0.0299127  -0.03366715
  31    0.0265170  -0.02568566
  32    0.0262938  -0.02520165
  33    0.0262248  -0.02518451
  34    0.0262193  -0.02550957
  35    0.0262741  -0.02552026
  36    0.0259939  -0.02508358
  37    0.0259371  -0.02507641
  38    0.0261208  -0.02542469
  39    0.0192198  -0.02351750
  40    0.0193486  -0.02362251
  41    0.0194869  -0.02373372
  42    0.0192409  -0.02362729
  43    0.0188075  -0.02319750
  44    0.0187394  -0.02316459
  45    0.0004231  -0.00742204
  46    0.0004132  -0.00734863
  47    0.0004411  -0.00773168
  48    0.0004552  -0.00785655
  49    0.0004499  -0.00782746
  50    0.0004407  -0.00774212
 
----------------
 Final Energies 
----------------
Final NOF Total Energy =    -236.3139830
 
Total Orbital Internal Iterations = 805
Total Occupation Internal Iterations = 89
 
Elapsed time: 15827.92 Seconds

---------------------------------
   Lowdin Population Analysis    
---------------------------------
 Idx  Atom   Population   Charge 
---------------------------------
  1     C     5.785       0.215
  2     C     5.923       0.077
  3     C     5.914       0.086
  4     C     5.918       0.082
  5     C     5.925       0.075
  6     C     5.784       0.216
  7     H     1.062      -0.062
  8     H     1.060      -0.060
  9     H     1.065      -0.065
 10     H     1.051      -0.051
 11     H     1.051      -0.051
 12     H     1.047      -0.047
 13     H     1.043      -0.043
 14     H     1.048      -0.048
 15     H     1.041      -0.041
 16     H     1.051      -0.051
 17     H     1.048      -0.048
 18     H     1.065      -0.065
 19     H     1.059      -0.059
 20     H     1.061      -0.061

---------------------------------
   M Diagnostic: 0.03
---------------------------------

