Computing Integrals
Elapsed time:   22.54 Seconds

Number of basis functions                   (NBF)    = 645
Number of auxiliary basis functions         (NBFAUX) = 591
Inactive Doubly occupied orbitals up to     (NO1)    = 0
No. considered Strongly Doubly occupied MOs (NDOC)   = 21
No. considered Strongly Singly occupied MOs (NSOC)   = 0
NO. of Weakly occ. per St. Doubly occ.  MOs (NCWO)   = 1
Dimension of the Nat. Orb. subspace         (NBF5)   = 42
No. of electrons                                     = 42
    No. of alpha electrons                           = 21
    No. of beta electrons                            = 21
Multiplicity                                         = 1

Geometry
========
 C       2.4060800      -0.1416300       0.1081400
 C       0.9632200      -0.3335200      -0.3412300
 C       0.0367800       0.7312800       0.2338800
 C      -1.4038100       0.6360500      -0.2611600
 C      -2.1051400      -0.6501200       0.1605300
 H       3.0617100      -0.9076600      -0.3029200
 H      -1.4132700       0.7187200      -1.3506300
 H      -1.9668200       1.4907900       0.1175500
 H       2.4807200      -0.1856100       1.1946800
 H       2.7847800       0.8297000      -0.2096100
 H       0.4394300       1.7156900      -0.0179300
 H       0.0478900       0.6640600       1.3259800
 H       0.9085500      -0.3011800      -1.4323500
 H       0.6207000      -1.3251400      -0.0429000
 H      -3.1501300      -0.6477700      -0.1455300
 H      -1.6356100      -1.5272100      -0.2809400
 H      -2.0750800      -0.7664400       1.2444300

No violations of the orthonormality
No violations of the orthonormality
 
PNOF9/ADABelief Calculation
==================
 
  Nitext  Nit_orb  Time   Nit_occ  Time         Eelec          Etot           Ediff      maxdiff    MaxGrad_orb  Grad_occ
     1      10    1.3e+02   19    4.1e+01  -373.56944170  -185.27705048 -10372.56944170   1.507177   6.0e+00   1.3e-04 0.04
     2      10    1.0e+02    9    1.6e-01  -379.70256463  -191.41017341    -6.13312292   0.394874   1.6e+00   2.0e-04 0.04
     3      10    9.9e+01    6    1.6e-01  -381.64902931  -193.35663809    -1.94646468   0.296999   1.2e+00   1.7e-04 0.04
     4      10    1.0e+02    6    1.6e-01  -382.63414430  -194.34175308    -0.98511499   0.313592   1.3e+00   1.3e-04 0.05
     5      10    1.0e+02    5    1.6e-01  -383.19432526  -194.90193404    -0.56018095   0.335360   1.3e+00   1.1e-04 0.04
     6      10    1.0e+02    5    1.6e-01  -383.45794419  -195.16555297    -0.26361893   1.337432   5.3e+00   1.8e-04 0.04
     7      10    1.1e+02    5    1.6e-01  -383.50482790  -195.21243668    -0.04688371   2.582444   1.0e+01   2.1e-04 0.04
     8      10    1.0e+02    4    1.6e-01  -384.02720098  -195.73480976    -0.52237307   0.892894   3.6e+00   2.6e-04 0.03
     9      10    1.1e+02    3    1.6e-01  -384.22658184  -195.93419062    -0.19938087   1.836461   7.3e+00   3.1e-04 0.03
    10      10    1.0e+02    0    1.5e-01  -384.22737195  -195.93498073    -0.00079010   1.836461   7.3e+00   3.1e-04 0.03
    11      30    3.0e+02    4    1.6e-01  -385.33264124  -197.04025002    -1.10526929   0.039056   1.6e-01   6.4e-05 0.03
    12      30    3.0e+02    3    1.6e-01  -385.40585937  -197.11346815    -0.07321813   0.027838   1.1e-01   2.4e-04 0.03
    13      30    3.0e+02    0    1.5e-01  -385.40639121  -197.11399999    -0.00053184   0.027838   1.1e-01   2.4e-04 0.03
    14      50    5.1e+02    3    1.6e-01  -385.41506118  -197.12266996    -0.00866997   0.004110   1.6e-02   1.8e-04 0.03
    15      50    5.0e+02    2    1.5e-01  -385.41599630  -197.12360508    -0.00093512   0.007565   3.0e-02   9.5e-05 0.03
    16      50    5.0e+02    2    1.6e-01  -385.41650155  -197.12411033    -0.00050525   0.005911   2.4e-02   6.9e-05 0.03
    17      50    5.0e+02    2    1.6e-01  -385.41676347  -197.12437225    -0.00026192   0.006026   2.4e-02   5.3e-05 0.03
    18      50    5.0e+02    1    1.5e-01  -385.41683382  -197.12444260    -0.00007035   0.006449   2.6e-02   1.4e-04 0.03
    19      50    5.0e+02    0    1.5e-01  -385.41683704  -197.12444582    -0.00000322   0.006449   2.6e-02   1.4e-04 0.03
    20      70    6.8e+02    1    1.5e-01  -385.41714738  -197.12475616    -0.00031034   0.000531   2.1e-03   4.8e-05 0.03
    21      70    6.9e+02    0    1.5e-01  -385.41714843  -197.12475721    -0.00000106   0.000531   2.1e-03   4.8e-05 0.03
    22      90    8.9e+02    0    1.5e-01  -385.41715166  -197.12476044    -0.00000323   0.000192   7.7e-04   1.6e-04 0.03
 
RESULTS OF THE OCCUPATION OPTIMIZATION
========================================
   1    1.9995537  -11.20622740
   2    1.9995512  -11.20571108
   3    1.9995543  -11.20468749
   4    1.9995854  -11.20341853
   5    1.9995831  -11.20314603
   6    1.9812379  -0.89539100
   7    1.9812641  -0.89507918
   8    1.9807342  -0.88122503
   9    1.9806678  -0.87986910
  10    1.9806964  -0.87572537
  11    1.9739178  -0.57673931
  12    1.9739956  -0.57537339
  13    1.9737267  -0.57423482
  14    1.9737430  -0.57385204
  15    1.9738607  -0.57136915
  16    1.9737692  -0.57065370
  17    1.9735430  -0.56848329
  18    1.9700801  -0.54657692
  19    1.9699495  -0.54308814
  20    1.9699551  -0.54264295
  21    1.9698497  -0.53597909
  22    0.0301503  -0.03387677
  23    0.0300449  -0.03373732
  24    0.0300505  -0.03392685
  25    0.0299199  -0.03372510
  26    0.0264570  -0.02556815
  27    0.0262308  -0.02517723
  28    0.0261393  -0.02516615
  29    0.0262570  -0.02549337
  30    0.0262733  -0.02554929
  31    0.0260044  -0.02508324
  32    0.0260822  -0.02511841
  33    0.0193036  -0.02355771
  34    0.0193322  -0.02363435
  35    0.0192658  -0.02361773
  36    0.0187359  -0.02315491
  37    0.0187621  -0.02318330
  38    0.0004169  -0.00740046
  39    0.0004146  -0.00736352
  40    0.0004457  -0.00779727
  41    0.0004488  -0.00782616
  42    0.0004463  -0.00780078
 
----------------
 Final Energies 
----------------
Final NOF Total Energy =    -197.1247604
 
Total Orbital Internal Iterations = 720
Total Occupation Internal Iterations = 80
 
Elapsed time: 7686.36 Seconds

---------------------------------
   Lowdin Population Analysis    
---------------------------------
 Idx  Atom   Population   Charge 
---------------------------------
  1     C     5.784       0.216
  2     C     5.927       0.073
  3     C     5.917       0.083
  4     C     5.923       0.077
  5     C     5.784       0.216
  6     H     1.066      -0.066
  7     H     1.051      -0.051
  8     H     1.051      -0.051
  9     H     1.061      -0.061
 10     H     1.059      -0.059
 11     H     1.044      -0.044
 12     H     1.045      -0.045
 13     H     1.050      -0.050
 14     H     1.051      -0.051
 15     H     1.065      -0.065
 16     H     1.062      -0.062
 17     H     1.060      -0.060

---------------------------------
   M Diagnostic: 0.03
---------------------------------

