Computing Integrals
NVIDIA GeForce RTX 4060
Elapsed time:    5.79 Seconds

Number of basis functions                   (NBF)    = 645
Number of auxiliary basis functions         (NBFAUX) = 591
Inactive Doubly occupied orbitals up to     (NO1)    = 0
No. considered Strongly Doubly occupied MOs (NDOC)   = 21
No. considered Strongly Singly occupied MOs (NSOC)   = 0
NO. of Weakly occ. per St. Doubly occ.  MOs (NCWO)   = 1
Dimension of the Nat. Orb. subspace         (NBF5)   = 42
No. of electrons                                     = 42
    No. of alpha electrons                           = 21
    No. of beta electrons                            = 21
Multiplicity                                         = 1

Geometry
========
 C       0.0000000       2.5330000       0.3016600
 C       0.0000000       1.2718300      -0.5518800
 C       0.0000000       0.0000000       0.2852800
 C       0.0000000      -1.2718300      -0.5518800
 C       0.0000000      -2.5330000       0.3016600
 H       0.0000000       3.4338700      -0.3098900
 H       0.8744400      -1.2692400      -1.2065400
 H      -0.8744400      -1.2692400      -1.2065400
 H       0.8796300       2.5651400       0.9443700
 H      -0.8796300       2.5651400       0.9443700
 H      -0.8751300       0.0000000       0.9418000
 H       0.8751300       0.0000000       0.9418000
 H      -0.8744400       1.2692400      -1.2065400
 H       0.8744400       1.2692400      -1.2065400
 H       0.0000000      -3.4338700      -0.3098900
 H       0.8796300      -2.5651400       0.9443700
 H      -0.8796300      -2.5651400       0.9443700

No violations of the orthonormality
No violations of the orthonormality
 
PNOF9/ADABelief Calculation
==================
 
  Nitext  Nit_orb  Time   Nit_occ  Time         Eelec          Etot           Ediff      maxdiff    MaxGrad_orb  Grad_occ
     1      10    2.3e+01   11    1.8e+01  -382.32724067  -196.67321311 -10381.32724067   0.001577   6.3e-03   3.4e-04 0.03
     2      20    1.4e+00    0    1.2e-02  -382.78062534  -197.12659777    -0.45338467   0.001577   6.3e-03   3.4e-04 0.03
     3      40    2.3e+00    0    1.4e-02  -382.78062534  -197.12659777     0.00000000   0.001577   6.3e-03   3.4e-04 0.03
     4      60    4.8e+00    1    1.1e-02  -382.78063799  -197.12661043    -0.00001265   0.001515   6.1e-03   1.1e-04 0.03
     5      60    3.8e+00    1    1.4e-02  -382.78064335  -197.12661578    -0.00000536   0.001757   7.0e-03   9.0e-05 0.03
     6      60    4.0e+00    0    1.1e-02  -382.78065872  -197.12663116    -0.00001537   0.001757   7.0e-03   9.0e-05 0.03
     7      31    2.1e+00    0    7.9e-03  -382.78066909  -197.12664153    -0.00001037   0.000791   3.2e-03   1.2e-04 0.03
 
RESULTS OF THE OCCUPATION OPTIMIZATION
========================================
   1    1.9995493  -11.20619011
   2    1.9995491  -11.20590115
   3    1.9995526  -11.20486641
   4    1.9995831  -11.20353127
   5    1.9995816  -11.20333958
   6    1.9812353  -0.89424038
   7    1.9811269  -0.88870883
   8    1.9807586  -0.88282108
   9    1.9807417  -0.87926495
  10    1.9805285  -0.87571013
  11    1.9740270  -0.57614493
  12    1.9740175  -0.57600433
  13    1.9738751  -0.57489985
  14    1.9736433  -0.57357663
  15    1.9736955  -0.57311076
  16    1.9737578  -0.57053834
  17    1.9736012  -0.56933230
  18    1.9701058  -0.54741555
  19    1.9700960  -0.54711205
  20    1.9699966  -0.54062736
  21    1.9699903  -0.53979141
  22    0.0300097  -0.03386632
  23    0.0300034  -0.03382868
  24    0.0299040  -0.03370852
  25    0.0298942  -0.03367368
  26    0.0263988  -0.02555037
  27    0.0262422  -0.02518279
  28    0.0263045  -0.02553973
  29    0.0263567  -0.02560355
  30    0.0261249  -0.02515879
  31    0.0259825  -0.02507479
  32    0.0259730  -0.02508453
  33    0.0194715  -0.02373796
  34    0.0192583  -0.02358229
  35    0.0192414  -0.02357437
  36    0.0188731  -0.02322279
  37    0.0187647  -0.02316315
  38    0.0004184  -0.00738664
  39    0.0004169  -0.00739650
  40    0.0004474  -0.00780650
  41    0.0004509  -0.00783016
  42    0.0004507  -0.00782426
 
----------------
 Final Energies 
----------------
Final NOF Total Energy =    -197.1266415
 
Total Orbital Internal Iterations = 281
Total Occupation Internal Iterations = 13
 
Elapsed time:   75.10 Seconds

---------------------------------
   Lowdin Population Analysis    
---------------------------------
 Idx  Atom   Population   Charge 
---------------------------------
  1     C     5.785       0.215
  2     C     5.926       0.074
  3     C     5.921       0.079
  4     C     5.926       0.074
  5     C     5.784       0.216
  6     H     1.066      -0.066
  7     H     1.051      -0.051
  8     H     1.049      -0.049
  9     H     1.059      -0.059
 10     H     1.061      -0.061
 11     H     1.045      -0.045
 12     H     1.043      -0.043
 13     H     1.051      -0.051
 14     H     1.049      -0.049
 15     H     1.066      -0.066
 16     H     1.059      -0.059
 17     H     1.061      -0.061

---------------------------------
   M Diagnostic: 0.03
---------------------------------

