Computing Integrals
Elapsed time:    9.90 Seconds

Number of basis functions                   (NBF)    = 247
Number of auxiliary basis functions         (NBFAUX) = 277
Inactive Doubly occupied orbitals up to     (NO1)    = 0
No. considered Strongly Doubly occupied MOs (NDOC)   = 14
No. considered Strongly Singly occupied MOs (NSOC)   = 0
NO. of Weakly occ. per St. Doubly occ.  MOs (NCWO)   = 1
Dimension of the Nat. Orb. subspace         (NBF5)   = 28
No. of electrons                                     = 28
    No. of alpha electrons                           = 14
    No. of beta electrons                            = 14
Multiplicity                                         = 1

Geometry
========
 S       0.7716100       1.3262700      -0.9387200
 H      -0.1907500       1.8427400      -1.7174800
 N      -1.1495500      -0.0399400       1.5977400
 H      -0.7993900      -0.9919700       1.5888400
 H      -0.7131500       0.3977000       2.4021400
 H      -0.7006700       0.4081000       0.7846300

No violations of the orthonormality
No violations of the orthonormality
 
PNOF9/ADABelief Calculation
==================
 
  Nitext  Nit_orb  Time   Nit_occ  Time         Eelec          Etot           Ediff      maxdiff    MaxGrad_orb  Grad_occ
     1      10    1.0e+02   34    4.3e+01  -479.88673855  -435.26664630 -10478.88673855   4.325340   1.7e+01   1.7e-04 0.05
     2      10    7.2e+01    8    1.9e-02  -490.36057166  -445.74047941   -10.47383310   1.107394   4.4e+00   1.9e-04 0.05
     3      10    6.7e+01    7    4.0e-02  -494.22065760  -449.60056534    -3.86008594   0.800080   3.2e+00   9.0e-05 0.05
     4      10    7.8e+01    5    3.0e-02  -496.02587516  -451.40578291    -1.80521756   2.252413   9.0e+00   1.5e-04 0.05
     5      10    7.2e+01    5    1.7e-02  -496.80413161  -452.18403936    -0.77825646   0.671128   2.7e+00   2.1e-04 0.04
     6      10    7.4e+01    5    1.4e-02  -497.23031122  -452.61021897    -0.42617960   0.724978   2.9e+00   1.4e-04 0.04
     7      10    7.5e+01    5    3.4e-02  -497.34281930  -452.72272704    -0.11250808   1.060304   4.2e+00   1.4e-04 0.05
     8      10    6.8e+01    0    1.6e-02  -497.34430938  -452.72421713    -0.00149009   1.060304   4.2e+00   1.4e-04 0.05
     9      30    2.3e+02    5    1.7e-02  -498.71521355  -454.09512130    -1.37090417   0.180403   7.2e-01   1.7e-04 0.04
    10      30    2.1e+02    5    3.9e-02  -499.13724354  -454.51715128    -0.42202999   0.098474   3.9e-01   2.0e-04 0.04
    11      30    2.1e+02    4    5.0e-02  -499.32859310  -454.70850085    -0.19134957   0.058230   2.3e-01   2.5e-04 0.03
    12      30    2.1e+02    3    1.3e-02  -499.43664154  -454.81654929    -0.10804844   0.042458   1.7e-01   2.1e-04 0.03
    13      30    2.3e+02    2    3.1e-02  -499.47391535  -454.85382310    -0.03727381   0.043948   1.8e-01   2.3e-04 0.03
    14      30    2.1e+02    3    1.7e-02  -499.48259090  -454.86249865    -0.00867555   0.038825   1.6e-01   9.9e-05 0.03
    15      30    2.2e+02    0    1.9e-02  -499.48262738  -454.86253513    -0.00003647   0.038825   1.6e-01   9.9e-05 0.03
    16      50    3.6e+02    3    2.0e-02  -499.49065381  -454.87056156    -0.00802643   0.006434   2.6e-02   1.1e-04 0.03
    17      50    3.6e+02    3    2.2e-02  -499.49159051  -454.87149825    -0.00093669   0.008397   3.4e-02   1.2e-04 0.03
    18      50    3.7e+02    1    1.6e-02  -499.49191749  -454.87182524    -0.00032699   0.010405   4.2e-02   2.7e-04 0.03
    19      50    3.5e+02    1    4.6e-02  -499.49221094  -454.87211869    -0.00029345   0.008827   3.5e-02   2.5e-04 0.03
    20      50    3.6e+02    1    3.8e-02  -499.49236854  -454.87227629    -0.00015760   0.008696   3.5e-02   1.7e-04 0.03
    21      50    3.4e+02    1    2.0e-02  -499.49248417  -454.87239192    -0.00011563   0.007974   3.2e-02   1.7e-04 0.03
    22      50    3.6e+02    1    2.5e-01  -499.49255048  -454.87245823    -0.00006631   0.008510   3.4e-02   1.6e-04 0.03
    23      50    3.6e+02    1    1.5e-02  -499.49258227  -454.87249002    -0.00003179   0.009180   3.7e-02   1.7e-04 0.03
    24      50    3.6e+02    1    1.6e-02  -499.49261487  -454.87252262    -0.00003260   0.008533   3.4e-02   1.6e-04 0.03
    25      50    3.5e+02    1    2.0e-02  -499.49263173  -454.87253948    -0.00001686   0.009430   3.8e-02   1.7e-04 0.03
    26      50    3.6e+02    1    2.9e-02  -499.49265511  -454.87256286    -0.00002338   0.009136   3.7e-02   1.5e-04 0.03
    27      50    3.5e+02    1    3.4e-02  -499.49268130  -454.87258905    -0.00002619   0.009451   3.8e-02   1.6e-04 0.03
    28      50    3.5e+02    1    2.1e-02  -499.49269494  -454.87260269    -0.00001365   0.008985   3.6e-02   1.2e-04 0.03
    29      50    3.6e+02    1    3.7e-02  -499.49272370  -454.87263145    -0.00002875   0.009616   3.8e-02   1.4e-04 0.03
    30      50    3.7e+02    0    1.5e-02  -499.49272483  -454.87263258    -0.00000114   0.009616   3.8e-02   1.4e-04 0.03
    31      70    4.8e+02    0    1.5e-02  -499.49304336  -454.87295111    -0.00031853   0.000691   2.8e-03   1.7e-04 0.03
    32      80    5.7e+02    0    1.4e-02  -499.49304336  -454.87295111     0.00000000   0.000691   2.8e-03   1.7e-04 0.03
    33     100    7.3e+02    1    1.9e-02  -499.49304832  -454.87295607    -0.00000495   0.000339   1.4e-03   9.3e-05 0.03
    34     100    7.1e+02    0    3.5e-02  -499.49305006  -454.87295781    -0.00000174   0.000356   1.4e-03   1.2e-04 0.03
    35     110    7.7e+02    0    1.3e-02  -499.49305135  -454.87295910    -0.00000129   0.000317   1.3e-03   1.2e-04 0.03
    36     120    8.8e+02    0    4.6e-02  -499.49305223  -454.87295998    -0.00000088   0.000289   1.2e-03   1.3e-04 0.03
    37     130    9.4e+02    0    1.2e-02  -499.49305293  -454.87296068    -0.00000070   0.000328   1.3e-03   1.3e-04 0.03
    38     140    1.0e+03    0    1.0e-02  -499.49305343  -454.87296118    -0.00000051   0.000256   1.0e-03   1.4e-04 0.03
    39     150    1.1e+03    0    1.5e-02  -499.49305370  -454.87296145    -0.00000027   0.000275   1.1e-03   1.4e-04 0.03
    40     160    1.1e+03    0    2.8e-02  -499.49305392  -454.87296167    -0.00000022   0.000231   9.2e-04   1.4e-04 0.03
 
RESULTS OF THE OCCUPATION OPTIMIZATION
========================================
   1    1.9999611  -91.72199795
   2    1.9996617  -15.38246348
   3    1.9991749  -8.67242110
   4    1.9987163  -6.36667806
   5    1.9984608  -6.36625763
   6    1.9988868  -6.36357396
   7    1.9898311  -0.88411046
   8    1.9907901  -0.70208441
   9    1.9710540  -0.44361056
  10    1.9710419  -0.44340168
  11    1.9717257  -0.40692036
  12    1.9698907  -0.27366962
  13    1.9810539  -0.15417334
  14    1.9806682  -0.12813223
  15    0.0193318  -0.02239888
  16    0.0189461  -0.01957501
  17    0.0301093  -0.03203415
  18    0.0282743  -0.02925637
  19    0.0289581  -0.02789694
  20    0.0289460  -0.02789327
  21    0.0092099  -0.02672806
  22    0.0101689  -0.01817748
  23    0.0011132  -0.01679849
  24    0.0015392  -0.01839927
  25    0.0012837  -0.01782890
  26    0.0008251  -0.01443025
  27    0.0003383  -0.00811331
  28    0.0000389  -0.00628783
 
----------------
 Final Energies 
----------------
Final NOF Total Energy =    -454.8729617
 
Total Orbital Internal Iterations = 2200
Total Occupation Internal Iterations = 110
 
Elapsed time: 16017.60 Seconds

---------------------------------
   Lowdin Population Analysis    
---------------------------------
 Idx  Atom   Population   Charge 
---------------------------------
  1     S    16.438      -0.438
  2     H     1.417      -0.417
  3     N     6.466       0.534
  4     H     1.216      -0.216
  5     H     1.216      -0.216
  6     H     1.246      -0.246

---------------------------------
   M Diagnostic: 0.03
---------------------------------

