Computing Integrals
Elapsed time:    6.25 Seconds

Number of basis functions                   (NBF)    = 93
Number of auxiliary basis functions         (NBFAUX) = 128
Inactive Doubly occupied orbitals up to     (NO1)    = 0
No. considered Strongly Doubly occupied MOs (NDOC)   = 6
No. considered Strongly Singly occupied MOs (NSOC)   = 1
NO. of Weakly occ. per St. Doubly occ.  MOs (NCWO)   = 1
Dimension of the Nat. Orb. subspace         (NBF5)   = 13
No. of electrons                                     = 13
    No. of alpha electrons                           = 7
    No. of beta electrons                            = 6
Multiplicity                                         = 2

Geometry
========
Be       0.0000000       0.0000000      -0.6823600
 F       0.0000000       0.0000000       0.6823600

No violations of the orthonormality
No violations of the orthonormality
 
PNOF9/ADABelief Calculation
==================
 
  Nitext  Nit_orb  Time   Nit_occ  Time         Eelec          Etot           Ediff      maxdiff    MaxGrad_orb  Grad_occ
     1      10    2.4e+01   11    4.0e+01  -124.56911913  -110.60996229 -10123.56911913   0.705379   2.8e+00   5.4e-05 0.01
     2      10    4.3e-02    6    1.2e-02  -127.29722577  -113.33806893    -2.72810663   0.331576   1.3e+00   2.3e-04 0.02
     3      10    2.0e-02    6    1.1e-03  -127.93961882  -113.98046198    -0.64239305   0.325871   1.3e+00   7.8e-05 0.02
     4      10    2.0e-02    5    9.5e-04  -128.12256803  -114.16341119    -0.18294921   0.413526   1.7e+00   1.5e-04 0.02
     5      10    2.1e-02    4    8.9e-04  -128.14444052  -114.18528367    -0.02187249   0.308112   1.2e+00   1.3e-04 0.02
     6      10    2.0e-02    0    6.7e-04  -128.14520544  -114.18604860    -0.00076493   0.308112   1.2e+00   1.3e-04 0.02
     7      30    5.4e-02    3    8.6e-04  -128.17959408  -114.22043724    -0.03438864   0.015784   6.3e-02   1.4e-04 0.02
     8      30    6.6e-02    2    7.9e-04  -128.18686252  -114.22770568    -0.00726844   0.014370   5.7e-02   8.9e-05 0.02
     9      30    5.4e-02    2    7.9e-04  -128.20483138  -114.24567454    -0.01796886   0.023052   9.2e-02   7.8e-05 0.02
    10      30    5.5e-02    2    8.0e-04  -128.24346949  -114.28431264    -0.03863811   0.038761   1.6e-01   4.4e-05 0.02
    11      30    5.8e-02    2    7.9e-04  -128.28891459  -114.32975775    -0.04544511   0.038281   1.5e-01   1.0e-04 0.02
    12      30    6.8e-02    1    8.5e-04  -128.31766545  -114.35850861    -0.02875086   0.029729   1.2e-01   1.5e-04 0.02
    13      30    5.8e-02    1    7.4e-04  -128.33069512  -114.37153828    -0.01302967   0.018112   7.2e-02   1.2e-04 0.02
    14      30    5.7e-02    1    7.0e-04  -128.33526396  -114.37610712    -0.00456883   0.014015   5.6e-02   7.2e-05 0.02
    15      30    5.8e-02    1    7.4e-04  -128.33629215  -114.37713531    -0.00102819   0.012071   4.8e-02   1.1e-04 0.02
    16      30    5.7e-02    1    7.4e-04  -128.33633264  -114.37717580    -0.00004049   0.011718   4.7e-02   7.0e-05 0.02
    17      30    5.7e-02    0    7.0e-04  -128.33633409  -114.37717725    -0.00000145   0.011718   4.7e-02   7.0e-05 0.02
    18      50    9.0e-02    0    5.7e-04  -128.33683079  -114.37767395    -0.00049670   0.001109   4.4e-03   1.6e-04 0.02
    19      60    1.1e-01    0    5.8e-04  -128.33683079  -114.37767395     0.00000000   0.001109   4.4e-03   1.6e-04 0.02
    20      80    1.5e-01    0    5.9e-04  -128.33683315  -114.37767631    -0.00000236   0.000186   7.4e-04   1.4e-04 0.02
 
RESULTS OF THE OCCUPATION OPTIMIZATION
========================================
   1    1.9998566  -26.32357428
   2    1.9986509  -4.72121375
   3    1.9908682  -1.52552022
   4    1.9783560  -0.76773027
   5    1.9777695  -0.70291959
   6    1.9775584  -0.67642410
   7    1.0000000  -0.16922114
   8    0.0224416  -0.02992013
   9    0.0222305  -0.03079172
  10    0.0216440  -0.03301364
  11    0.0091318  -0.02498296
  12    0.0013491  -0.00997728
  13    0.0001434  -0.00628357
 
----------------
 Final Energies 
----------------
Final NOF Total Energy =    -114.3776763
 
Total Orbital Internal Iterations = 580
Total Occupation Internal Iterations = 48
 
Elapsed time:   97.51 Seconds

---------------------------------
   Lowdin Population Analysis    
---------------------------------
 Idx  Atom   Population   Charge 
---------------------------------
  1    Be     3.995       0.005
  2     F     9.005      -0.005

---------------------------------
   M Diagnostic: 0.02
---------------------------------

