Computing Integrals
Elapsed time:    6.44 Seconds

Number of basis functions                   (NBF)    = 70
Number of auxiliary basis functions         (NBFAUX) = 128
Inactive Doubly occupied orbitals up to     (NO1)    = 0
No. considered Strongly Doubly occupied MOs (NDOC)   = 9
No. considered Strongly Singly occupied MOs (NSOC)   = 0
NO. of Weakly occ. per St. Doubly occ.  MOs (NCWO)   = 1
Dimension of the Nat. Orb. subspace         (NBF5)   = 18
No. of electrons                                     = 18
    No. of alpha electrons                           = 9
    No. of beta electrons                            = 9
Multiplicity                                         = 1

Geometry
========
Cl       0.0000000       0.0000000       0.0000000

No violations of the orthonormality
No violations of the orthonormality
 
PNOF9/ADABelief Calculation
==================
 
  Nitext  Nit_orb  Time   Nit_occ  Time         Eelec          Etot           Ediff      maxdiff    MaxGrad_orb  Grad_occ
     1      10    2.4e+01   19    4.0e+01  -448.02511108  -448.02511108 -10447.02511108   4.721017   1.9e+01   1.8e-04 0.02
     2      10    4.0e-02    9    1.7e-03  -455.72140241  -455.72140241    -7.69629133   0.814173   3.3e+00   1.1e-04 0.03
     3      10    2.3e-02    7    1.4e-03  -457.59401351  -457.59401351    -1.87261110   0.923254   3.7e+00   1.6e-04 0.04
     4      10    1.5e-02    7    1.5e-03  -458.14287930  -458.14287930    -0.54886579   0.572946   2.3e+00   5.3e-05 0.04
     5      10    1.5e-02    5    1.1e-03  -458.62557612  -458.62557612    -0.48269682   0.794754   3.2e+00   8.0e-05 0.04
     6      10    1.4e-02    4    1.1e-03  -459.02349725  -459.02349725    -0.39792114   0.679203   2.7e+00   1.9e-04 0.03
     7      10    1.4e-02    3    4.5e-03  -459.20897094  -459.20897094    -0.18547369   0.736422   2.9e+00   1.8e-04 0.03
     8      10    1.4e-02    4    1.0e-03  -459.29988105  -459.29988105    -0.09091011   0.771387   3.1e+00   2.1e-04 0.03
     9      10    1.4e-02    3    9.2e-04  -459.37937918  -459.37937918    -0.07949812   0.729820   2.9e+00   2.3e-04 0.02
    10      10    1.4e-02    3    9.4e-04  -459.38434007  -459.38434007    -0.00496089   0.637907   2.6e+00   5.1e-05 0.02
    11      10    1.6e-02    3    1.4e-03  -459.43265943  -459.43265943    -0.04831936   0.736214   2.9e+00   5.4e-05 0.02
    12      10    1.7e-02    2    1.0e-03  -459.47547663  -459.47547663    -0.04281720   0.929545   3.7e+00   2.4e-04 0.02
    13      10    1.8e-02    2    9.6e-04  -459.50528600  -459.50528600    -0.02980937   0.740345   3.0e+00   1.8e-04 0.02
    14      10    1.8e-02    3    1.0e-03  -459.58161608  -459.58161608    -0.07633008   0.532239   2.1e+00   5.3e-05 0.02
    15      10    1.5e-02    0    6.5e-04  -459.58169609  -459.58169609    -0.00008001   0.532239   2.1e+00   5.3e-05 0.02
    16      30    4.7e-02    2    9.6e-04  -459.83628441  -459.83628441    -0.25458832   0.063425   2.5e-01   1.3e-04 0.02
    17      30    5.2e-02    3    1.3e-03  -459.86586391  -459.86586391    -0.02957950   0.044975   1.8e-01   4.4e-05 0.02
    18      30    4.8e-02    2    9.6e-04  -459.87223531  -459.87223531    -0.00637140   0.047888   1.9e-01   1.5e-04 0.02
    19      30    5.2e-02    2    1.1e-03  -459.87359132  -459.87359132    -0.00135601   0.044470   1.8e-01   1.0e-04 0.02
    20      30    4.6e-02    2    8.4e-04  -459.87392990  -459.87392990    -0.00033858   0.048269   1.9e-01   1.1e-04 0.02
    21      30    4.8e-02    2    9.1e-04  -459.87400330  -459.87400330    -0.00007339   0.043996   1.8e-01   1.4e-04 0.02
    22      30    5.2e-02    2    8.9e-04  -459.87453077  -459.87453077    -0.00052747   0.041099   1.6e-01   1.4e-04 0.02
    23      30    4.9e-02    2    9.2e-04  -459.87480453  -459.87480453    -0.00027376   0.042836   1.7e-01   1.9e-04 0.02
    24      30    5.1e-02    2    1.1e-03  -459.87508854  -459.87508854    -0.00028401   0.040284   1.6e-01   1.8e-04 0.02
    25      30    4.3e-02    0    6.7e-04  -459.87510997  -459.87510997    -0.00002143   0.040284   1.6e-01   1.8e-04 0.02
    26      50    8.4e-02    2    1.0e-03  -459.87917209  -459.87917209    -0.00406212   0.002779   1.1e-02   1.9e-04 0.02
    27      50    8.8e-02    2    9.7e-04  -459.87930645  -459.87930645    -0.00013436   0.006134   2.5e-02   1.9e-04 0.02
    28      50    7.0e-02    2    8.5e-04  -459.87944508  -459.87944508    -0.00013863   0.008044   3.2e-02   2.0e-04 0.02
    29      50    9.6e-02    2    8.3e-04  -459.87953066  -459.87953066    -0.00008558   0.007786   3.1e-02   1.6e-04 0.02
    30      50    6.8e-02    2    9.7e-04  -459.87960330  -459.87960330    -0.00007264   0.008054   3.2e-02   1.7e-04 0.02
    31      50    6.5e-02    2    9.2e-04  -459.87965387  -459.87965387    -0.00005057   0.008002   3.2e-02   1.2e-04 0.02
    32      50    6.5e-02    1    7.5e-04  -459.87969067  -459.87969067    -0.00003679   0.008163   3.3e-02   1.7e-04 0.02
    33      50    8.1e-02    2    2.6e-02  -459.87973031  -459.87973031    -0.00003964   0.007999   3.2e-02   1.2e-04 0.02
    34      50    8.9e-02    1    5.9e-03  -459.87975092  -459.87975092    -0.00002062   0.008275   3.3e-02   1.7e-04 0.02
    35      50    8.2e-02    1    8.6e-04  -459.87978896  -459.87978896    -0.00003804   0.008101   3.2e-02   2.0e-04 0.02
    36      50    7.5e-02    1    8.0e-04  -459.87980605  -459.87980605    -0.00001709   0.008597   3.4e-02   1.8e-04 0.02
    37      50    7.9e-02    1    8.3e-04  -459.87984426  -459.87984426    -0.00003821   0.008207   3.3e-02   1.9e-04 0.02
    38      50    8.1e-02    1    7.8e-04  -459.87986341  -459.87986341    -0.00001916   0.008332   3.3e-02   1.8e-04 0.02
    39      50    7.3e-02    1    7.3e-04  -459.87990575  -459.87990575    -0.00004233   0.008278   3.3e-02   1.8e-04 0.02
    40      50    9.2e-02    1    8.3e-04  -459.87993248  -459.87993248    -0.00002673   0.008501   3.4e-02   1.7e-04 0.02
    41      50    8.0e-02    1    9.2e-04  -459.87997380  -459.87997380    -0.00004132   0.008225   3.3e-02   1.7e-04 0.02
    42      50    7.1e-02    1    8.9e-04  -459.87999447  -459.87999447    -0.00002068   0.008534   3.4e-02   1.4e-04 0.02
    43      50    7.6e-02    1    6.5e-03  -459.88003419  -459.88003419    -0.00003972   0.008318   3.3e-02   1.4e-04 0.02
    44      50    1.1e-01    1    7.0e-04  -459.88004723  -459.88004723    -0.00001304   0.008443   3.4e-02   1.1e-04 0.02
    45      50    7.5e-02    1    9.9e-04  -459.88007724  -459.88007724    -0.00003000   0.008301   3.3e-02   1.0e-04 0.02
    46      50    8.1e-02    1    9.4e-04  -459.88009080  -459.88009080    -0.00001356   0.008478   3.4e-02   8.3e-05 0.02
    47      50    7.3e-02    1    7.9e-04  -459.88011427  -459.88011427    -0.00002347   0.008428   3.4e-02   7.9e-05 0.02
    48      50    6.8e-02    0    7.3e-04  -459.88012246  -459.88012246    -0.00000819   0.008519   3.4e-02   1.6e-04 0.02
    49      60    1.0e-01    1    8.6e-04  -459.88019805  -459.88019805    -0.00007559   0.006004   2.4e-02   7.8e-05 0.02
    50      60    8.5e-02    0    7.0e-04  -459.88019881  -459.88019881    -0.00000076   0.006004   2.4e-02   7.8e-05 0.02
    51      80    1.2e-01    0    7.5e-04  -459.88030035  -459.88030035    -0.00010154   0.000653   2.6e-03   1.6e-04 0.02
    52      90    1.2e-01    1    9.7e-04  -459.88030504  -459.88030504    -0.00000469   0.001403   5.6e-03   7.0e-05 0.02
    53      90    1.7e-01    0    6.9e-04  -459.88031192  -459.88031192    -0.00000688   0.001230   4.9e-03   1.2e-04 0.02
    54     100    1.7e-01    0    8.1e-04  -459.88031904  -459.88031904    -0.00000713   0.000995   4.0e-03   1.5e-04 0.02
    55     110    1.8e-01    0    7.0e-04  -459.88032210  -459.88032210    -0.00000306   0.001071   4.3e-03   1.7e-04 0.02
    56     120    1.7e-01    0    6.6e-04  -459.88032711  -459.88032711    -0.00000501   0.000858   3.4e-03   1.9e-04 0.02
    57     130    1.8e-01    1    4.7e-03  -459.88032847  -459.88032847    -0.00000136   0.000863   3.5e-03   6.7e-05 0.02
    58     130    1.8e-01    0    6.9e-04  -459.88033201  -459.88033201    -0.00000353   0.000782   3.1e-03   9.5e-05 0.02
    59     140    2.0e-01    0    6.6e-04  -459.88033400  -459.88033400    -0.00000199   0.000737   2.9e-03   9.8e-05 0.02
    60     150    2.1e-01    0    6.2e-04  -459.88033501  -459.88033501    -0.00000102   0.000640   2.6e-03   1.1e-04 0.02
    61     160    2.4e-01    0    7.8e-04  -459.88033587  -459.88033587    -0.00000085   0.000621   2.5e-03   1.1e-04 0.02
    62     170    2.3e-01    0    6.6e-04  -459.88033751  -459.88033751    -0.00000164   0.000520   2.1e-03   1.2e-04 0.02
    63     180    2.5e-01    0    9.1e-04  -459.88033791  -459.88033791    -0.00000040   0.000499   2.0e-03   1.2e-04 0.02
    64     190    2.6e-01    0    6.0e-04  -459.88033877  -459.88033877    -0.00000086   0.000476   1.9e-03   1.2e-04 0.02
    65     200    2.7e-01    0    7.1e-04  -459.88033942  -459.88033942    -0.00000066   0.000477   1.9e-03   1.2e-04 0.02
    66     210    3.0e-01    0    6.4e-04  -459.88034039  -459.88034039    -0.00000096   0.000447   1.8e-03   1.3e-04 0.02
    67     220    3.3e-01    0    7.9e-04  -459.88034134  -459.88034134    -0.00000096   0.000384   1.5e-03   1.3e-04 0.02
    68     230    3.2e-01    0    7.4e-04  -459.88034236  -459.88034236    -0.00000102   0.000354   1.4e-03   1.4e-04 0.02
    69     240    3.3e-01    0    5.9e-04  -459.88034343  -459.88034343    -0.00000106   0.000344   1.4e-03   1.4e-04 0.02
    70     250    3.5e-01    0    6.8e-04  -459.88034464  -459.88034464    -0.00000121   0.000310   1.2e-03   1.4e-04 0.02
    71     260    3.6e-01    0    6.5e-04  -459.88034596  -459.88034596    -0.00000132   0.000312   1.2e-03   1.4e-04 0.02
    72     270    3.9e-01    0    7.4e-04  -459.88034754  -459.88034754    -0.00000158   0.000289   1.2e-03   1.5e-04 0.02
    73     280    4.1e-01    0    4.6e-03  -459.88034918  -459.88034918    -0.00000164   0.000318   1.3e-03   1.6e-04 0.02
    74     290    4.0e-01    0    7.8e-04  -459.88035122  -459.88035122    -0.00000204   0.000257   1.0e-03   1.6e-04 0.02
    75     300    4.0e-01    0    1.1e-03  -459.88035320  -459.88035320    -0.00000198   0.000245   9.8e-04   1.7e-04 0.02
 
RESULTS OF THE OCCUPATION OPTIMIZATION
========================================
   1    1.9999643  -104.53337112
   2    1.9991229  -10.21669735
   3    1.9986027  -7.68956277
   4    1.9989130  -7.68675819
   5    1.9989191  -7.68587922
   6    1.9904062  -0.73687569
   7    1.9796278  -0.15751444
   8    1.9793104  -0.15398864
   9    1.9788384  -0.15291281
  10    0.0211616  -0.01997216
  11    0.0206896  -0.01990054
  12    0.0203722  -0.01987735
  13    0.0095938  -0.02958534
  14    0.0010809  -0.01913447
  15    0.0010870  -0.01913420
  16    0.0013973  -0.01985121
  17    0.0008771  -0.01804891
  18    0.0000357  -0.00653274
 
----------------
 Final Energies 
----------------
Final NOF Total Energy =    -459.8803532
 
Total Orbital Internal Iterations = 6310
Total Occupation Internal Iterations = 125
 
Elapsed time:  107.14 Seconds

---------------------------------
   Lowdin Population Analysis    
---------------------------------
 Idx  Atom   Population   Charge 
---------------------------------
  1    Cl    18.000      -1.000

---------------------------------
   M Diagnostic: 0.02
---------------------------------

