Computing Integrals
Elapsed time:   10.21 Seconds

Number of basis functions                   (NBF)    = 234
Number of auxiliary basis functions         (NBFAUX) = 222
Inactive Doubly occupied orbitals up to     (NO1)    = 0
No. considered Strongly Doubly occupied MOs (NDOC)   = 8
No. considered Strongly Singly occupied MOs (NSOC)   = 0
NO. of Weakly occ. per St. Doubly occ.  MOs (NCWO)   = 1
Dimension of the Nat. Orb. subspace         (NBF5)   = 16
No. of electrons                                     = 16
    No. of alpha electrons                           = 8
    No. of beta electrons                            = 8
Multiplicity                                         = 1

Geometry
========
 C       0.6634800       0.0000000       0.0000000
 H       1.2346200      -0.9225400       0.0000000
 H       1.2346200       0.9225400       0.0000000
 C      -0.6634800       0.0000000       0.0000000
 H      -1.2346200      -0.9225400       0.0000000
 H      -1.2346200       0.9225400       0.0000000

No violations of the orthonormality
No violations of the orthonormality
 
PNOF9/ADABelief Calculation
==================
 
  Nitext  Nit_orb  Time   Nit_occ  Time         Eelec          Etot           Ediff      maxdiff    MaxGrad_orb  Grad_occ
     1      10    1.0e+02   16    5.4e+01  -105.67398095   -72.24915810 -10104.67398095   0.878149   3.5e+00   1.0e-04 0.05
     2      10    7.7e+01    7    2.2e-02  -109.29810863   -75.87328578    -3.62412768   0.209685   8.4e-01   1.9e-04 0.05
     3      10    7.1e+01    5    2.8e-02  -110.47740631   -77.05258346    -1.17929767   0.211506   8.5e-01   7.6e-05 0.04
     4      10    6.9e+01    5    1.3e-02  -110.97925874   -77.55443589    -0.50185243   0.186602   7.5e-01   1.0e-04 0.04
     5      10    7.3e+01    4    2.2e-02  -111.30642688   -77.88160403    -0.32716814   0.223634   8.9e-01   1.2e-04 0.04
     6      10    7.3e+01    4    1.1e-02  -111.49476143   -78.06993858    -0.18833455   0.163854   6.6e-01   5.0e-05 0.03
     7      10    6.8e+01    2    1.3e-02  -111.63625478   -78.21143193    -0.14149335   0.208336   8.3e-01   1.5e-04 0.03
     8      10    7.3e+01    2    1.2e-02  -111.70401713   -78.27919428    -0.06776235   0.248015   9.9e-01   1.0e-04 0.03
     9      10    7.1e+01    0    1.8e-02  -111.70415710   -78.27933425    -0.00013998   0.248015   9.9e-01   1.0e-04 0.03
    10      30    2.2e+02    3    1.1e-02  -111.75971970   -78.33489685    -0.05556260   0.010706   4.3e-02   1.5e-04 0.04
    11      30    2.2e+02    2    9.7e-02  -111.76433548   -78.33951263    -0.00461577   0.009935   4.0e-02   2.3e-04 0.04
    12      30    2.0e+02    2    3.3e-02  -111.76510130   -78.34027845    -0.00076582   0.015736   6.3e-02   1.0e-04 0.05
    13      30    2.1e+02    2    2.4e-02  -111.76562488   -78.34080203    -0.00052358   0.010757   4.3e-02   6.8e-05 0.05
    14      30    2.3e+02    0    4.0e-02  -111.76563697   -78.34081412    -0.00001210   0.010757   4.3e-02   6.8e-05 0.05
    15      50    3.3e+02    1    1.2e-02  -111.76623496   -78.34141211    -0.00059798   0.001043   4.2e-03   8.0e-05 0.05
    16      50    3.6e+02    0    8.5e-03  -111.76623544   -78.34141259    -0.00000048   0.001043   4.2e-03   8.0e-05 0.05
    17      70    4.9e+02    0    1.1e-02  -111.76624189   -78.34141904    -0.00000645   0.000271   1.1e-03   1.2e-04 0.05
    18      80    5.5e+02    0    3.8e-02  -111.76624197   -78.34141912    -0.00000008   0.000270   1.1e-03   1.2e-04 0.05
    19      90    6.3e+02    0    2.4e-02  -111.76624203   -78.34141918    -0.00000006   0.000196   7.8e-04   1.2e-04 0.05
 
RESULTS OF THE OCCUPATION OPTIMIZATION
========================================
   1    1.9995807  -11.22119403
   2    1.9995405  -11.21937154
   3    1.9812300  -0.87474754
   4    1.9800973  -0.86824030
   5    1.9762860  -0.65778479
   6    1.9745140  -0.60267797
   7    1.9749428  -0.60149909
   8    1.9537698  -0.39231713
   9    0.0462302  -0.03779832
  10    0.0250572  -0.02505530
  11    0.0254860  -0.02545195
  12    0.0237140  -0.02509698
  13    0.0199027  -0.02809030
  14    0.0187700  -0.02303643
  15    0.0004595  -0.00808661
  16    0.0004193  -0.00754776
 
----------------
 Final Energies 
----------------
Final NOF Total Energy =     -78.3414192
 
Total Orbital Internal Iterations = 580
Total Occupation Internal Iterations = 55
 
Elapsed time: 4276.08 Seconds

---------------------------------
   Lowdin Population Analysis    
---------------------------------
 Idx  Atom   Population   Charge 
---------------------------------
  1     C     5.827       0.173
  2     H     1.087      -0.087
  3     H     1.085      -0.085
  4     C     5.828       0.172
  5     H     1.087      -0.087
  6     H     1.086      -0.086

---------------------------------
   M Diagnostic: 0.05
---------------------------------

