Computing Integrals
NVIDIA GeForce RTX 4060
Elapsed time:    6.09 Seconds

Number of basis functions                   (NBF)    = 642
Number of auxiliary basis functions         (NBFAUX) = 634
Inactive Doubly occupied orbitals up to     (NO1)    = 0
No. considered Strongly Doubly occupied MOs (NDOC)   = 25
No. considered Strongly Singly occupied MOs (NSOC)   = 0
NO. of Weakly occ. per St. Doubly occ.  MOs (NCWO)   = 1
Dimension of the Nat. Orb. subspace         (NBF5)   = 50
No. of electrons                                     = 50
    No. of alpha electrons                           = 25
    No. of beta electrons                            = 25
Multiplicity                                         = 1

Geometry
========
 C       0.4198000       1.9104700       0.3992500
 H       1.0565400       1.9109200       1.2908600
 O       1.1989900       2.0963500      -0.7785000
 C      -0.4198000       0.6383500       0.3628300
 H      -1.0808200       0.6372800       1.2357500
 H      -1.0486200       0.6772000      -0.5295500
 C       0.4198000      -0.6383500       0.3628300
 H       1.0808200      -0.6372800       1.2357500
 H       1.0486200      -0.6772000      -0.5295500
 H       1.8678700       1.4076000      -0.7980300
 H      -0.2287000       2.7830700       0.4565300
 C      -0.4198000      -1.9104700       0.3992500
 H       0.2287000      -2.7830700       0.4565300
 H      -1.0565400      -1.9109200       1.2908600
 O      -1.1989900      -2.0963500      -0.7785000
 H      -1.8678700      -1.4076000      -0.7980300

No violations of the orthonormality
No violations of the orthonormality
 
PNOF9/ADABelief Calculation
==================
 
  Nitext  Nit_orb  Time   Nit_occ  Time         Eelec          Etot           Ediff      maxdiff    MaxGrad_orb  Grad_occ
     1      10    2.3e+01   18    1.8e+01  -559.54699833  -307.43314967 -10558.54699833   0.001490   6.0e-03   2.8e-04 0.03
     2      20    1.3e+00    0    1.1e-02  -560.18212175  -308.06827309    -0.63512342   0.001490   6.0e-03   2.8e-04 0.03
     3      40    2.1e+00    0    1.1e-02  -560.18212175  -308.06827309     0.00000000   0.001490   6.0e-03   2.8e-04 0.03
     4      60    3.7e+00    2    1.3e-02  -560.18225112  -308.06840246    -0.00012937   0.001976   7.9e-03   8.5e-05 0.03
     5      60    4.0e+00    2    1.4e-02  -560.18235141  -308.06850276    -0.00010029   0.002548   1.0e-02   5.6e-05 0.03
     6      60    3.8e+00    2    1.3e-02  -560.18244835  -308.06859969    -0.00009693   0.004620   1.8e-02   5.1e-05 0.03
     7      60    4.2e+00    2    1.2e-02  -560.18249996  -308.06865130    -0.00005161   0.002388   9.6e-03   3.2e-05 0.03
     8      60    3.9e+00    2    1.3e-02  -560.18256540  -308.06871675    -0.00006545   0.002374   9.5e-03   3.5e-05 0.03
     9      60    3.8e+00    2    1.3e-02  -560.18261791  -308.06876925    -0.00005250   0.002205   8.8e-03   2.0e-05 0.03
    10      60    3.8e+00    1    1.6e-02  -560.18269641  -308.06884775    -0.00007850   0.002151   8.6e-03   1.8e-04 0.03
    11      60    3.7e+00    1    1.4e-02  -560.18279360  -308.06894494    -0.00009719   0.002416   9.7e-03   1.7e-04 0.03
    12      60    3.8e+00    1    1.2e-02  -560.18289195  -308.06904330    -0.00009835   0.002156   8.6e-03   1.5e-04 0.03
    13      60    3.8e+00    1    1.3e-02  -560.18289468  -308.06904602    -0.00000272   0.003226   1.3e-02   1.1e-04 0.03
    14      60    4.8e+00    1    1.2e-02  -560.18298438  -308.06913572    -0.00008970   0.002373   9.5e-03   1.0e-04 0.03
    15      60    4.0e+00    1    1.5e-02  -560.18303797  -308.06918931    -0.00005359   0.002788   1.1e-02   1.0e-04 0.03
    16      60    3.8e+00    1    1.2e-02  -560.18305713  -308.06920847    -0.00001916   0.002426   9.7e-03   1.0e-04 0.03
    17      60    4.1e+00    1    1.2e-02  -560.18306233  -308.06921367    -0.00000519   0.002816   1.1e-02   9.8e-05 0.03
    18      60    4.0e+00    1    8.5e-03  -560.18305747  -308.06920882     0.00000485   0.003824   1.5e-02   9.2e-05 0.03
    19      60    3.8e+00    0    1.0e-02  -560.18307215  -308.06922349    -0.00001467   0.002195   8.8e-03   1.8e-04 0.03
    20      70    4.4e+00    1    1.1e-02  -560.18310666  -308.06925800    -0.00003451   0.002377   9.5e-03   7.0e-05 0.03
    21      70    5.1e+00    0    1.4e-02  -560.18312318  -308.06927452    -0.00001652   0.002076   8.3e-03   8.4e-05 0.03
    22      80    6.1e+00    0    1.2e-02  -560.18314338  -308.06929473    -0.00002020   0.001440   5.8e-03   9.4e-05 0.03
    23      90    5.9e+00    0    1.2e-02  -560.18305432  -308.06920566     0.00008907   0.001064   4.3e-03   8.5e-05 0.03
    24      65    4.3e+00    0    1.2e-02  -560.18307148  -308.06922283    -0.00001717   0.000476   1.9e-03   9.1e-05 0.03
 
RESULTS OF THE OCCUPATION OPTIMIZATION
========================================
   1    1.9997946  -20.58493042
   2    1.9997942  -20.58490562
   3    1.9995284  -11.25943470
   4    1.9995280  -11.25898170
   5    1.9995563  -11.22963905
   6    1.9995535  -11.22951603
   7    1.9903542  -1.30532789
   8    1.9903473  -1.30481255
   9    1.9807567  -0.89539987
  10    1.9805494  -0.88648170
  11    1.9799185  -0.86119157
  12    1.9799907  -0.85630357
  13    1.9705285  -0.70145077
  14    1.9704993  -0.69792634
  15    1.9655891  -0.65549904
  16    1.9655289  -0.65260804
  17    1.9744880  -0.61129582
  18    1.9741664  -0.60247946
  19    1.9823642  -0.59956223
  20    1.9822574  -0.59859675
  21    1.9740414  -0.59581524
  22    1.9740039  -0.59520447
  23    1.9698304  -0.55480570
  24    1.9698444  -0.55335712
  25    1.9697350  -0.54390472
  26    0.0302650  -0.03451961
  27    0.0301556  -0.03450498
  28    0.0301696  -0.03411194
  29    0.0259961  -0.02536039
  30    0.0259586  -0.02537942
  31    0.0177426  -0.02139099
  32    0.0176358  -0.02127623
  33    0.0258336  -0.02569060
  34    0.0255120  -0.02578062
  35    0.0344711  -0.04646444
  36    0.0344109  -0.04641535
  37    0.0295007  -0.03618009
  38    0.0294715  -0.03622071
  39    0.0200093  -0.02420431
  40    0.0200815  -0.02392660
  41    0.0194506  -0.02382823
  42    0.0192433  -0.02371513
  43    0.0096527  -0.02120635
  44    0.0096458  -0.02121575
  45    0.0004465  -0.00780288
  46    0.0004437  -0.00777775
  47    0.0004720  -0.00811953
  48    0.0004716  -0.00813944
  49    0.0002058  -0.00673210
  50    0.0002054  -0.00672748
 
----------------
 Final Energies 
----------------
Final NOF Total Energy =    -308.0692228
 
Total Orbital Internal Iterations = 1405
Total Occupation Internal Iterations = 40
 
Elapsed time:  152.47 Seconds

---------------------------------
   Lowdin Population Analysis    
---------------------------------
 Idx  Atom   Population   Charge 
---------------------------------
  1     C     6.102      -0.102
  2     H     1.062      -0.062
  3     O     7.413       0.587
  4     C     5.926       0.074
  5     H     1.044      -0.044
  6     H     1.048      -0.048
  7     C     5.926       0.074
  8     H     1.044      -0.044
  9     H     1.048      -0.048
 10     H     1.344      -0.344
 11     H     1.061      -0.061
 12     C     6.102      -0.102
 13     H     1.059      -0.059
 14     H     1.064      -0.064
 15     O     7.413       0.587
 16     H     1.344      -0.344

---------------------------------
   M Diagnostic: 0.03
---------------------------------

