Computing Integrals
Elapsed time:    4.11 Seconds

Number of basis functions                   (NBF)    = 130
Number of auxiliary basis functions         (NBFAUX) = 164
Inactive Doubly occupied orbitals up to     (NO1)    = 0
No. considered Strongly Doubly occupied MOs (NDOC)   = 8
No. considered Strongly Singly occupied MOs (NSOC)   = 0
NO. of Weakly occ. per St. Doubly occ.  MOs (NCWO)   = 1
Dimension of the Nat. Orb. subspace         (NBF5)   = 16
No. of electrons                                     = 16
    No. of alpha electrons                           = 8
    No. of beta electrons                            = 8
Multiplicity                                         = 1

Geometry
========
Si       0.0000000       0.0000000      -0.6903000
 H       1.0901300       0.0000000       0.3451500
 H      -1.0901300       0.0000000       0.3451500

No violations of the orthonormality
No violations of the orthonormality
 
PNOF9/ADABelief Calculation
==================
 
  Nitext  Nit_orb  Time   Nit_occ  Time         Eelec          Etot           Ediff      maxdiff    MaxGrad_orb  Grad_occ
     1      10    4.9e+01   12    3.7e+01  -292.96479389  -282.86718280 -10291.96479389   1.180433   4.7e+00   1.6e-04 0.02
     2      10    2.7e+01    6    7.5e-03  -298.28918282  -288.19157173    -5.32438893   0.507672   2.0e+00   9.4e-05 0.03
     3      10    2.3e+01    4    6.6e-03  -299.47506164  -289.37745056    -1.18587882   0.543582   2.2e+00   1.6e-04 0.03
     4      10    2.6e+01    4    1.0e-02  -299.81465665  -289.71704557    -0.33959501   0.422111   1.7e+00   2.2e-04 0.03
     5      10    2.6e+01    4    3.4e-03  -299.96572717  -289.86811608    -0.15107052   0.223304   8.9e-01   1.5e-04 0.03
     6      10    3.1e+01    3    2.8e-02  -300.01812650  -289.92051541    -0.05239933   0.226853   9.1e-01   1.7e-04 0.04
     7      10    2.2e+01    3    5.9e-03  -300.05580433  -289.95819324    -0.03767783   0.276497   1.1e+00   1.6e-04 0.04
     8      10    2.5e+01    2    1.8e-02  -300.06601394  -289.96840285    -0.01020961   0.393665   1.6e+00   1.9e-04 0.04
     9      10    2.6e+01    3    2.5e-02  -300.11800343  -290.02039234    -0.05198948   0.350232   1.4e+00   5.4e-05 0.04
    10      10    2.8e+01    0    8.7e-03  -300.11808959  -290.02047851    -0.00008617   0.350232   1.4e+00   5.4e-05 0.04
    11      30    7.7e+01    3    2.3e-03  -300.22632700  -290.12871592    -0.10823741   0.039176   1.6e-01   1.1e-04 0.04
    12      30    7.4e+01    3    2.6e-02  -300.28039839  -290.18278730    -0.05407138   0.036336   1.5e-01   1.8e-04 0.04
    13      30    7.7e+01    3    3.9e-03  -300.32407639  -290.22646530    -0.04367800   0.042188   1.7e-01   1.9e-04 0.03
    14      30    8.7e+01    3    1.7e-02  -300.35569212  -290.25808103    -0.03161573   0.041727   1.7e-01   1.2e-04 0.03
    15      30    8.0e+01    3    3.9e-03  -300.37158820  -290.27397711    -0.01589609   0.031077   1.2e-01   1.2e-04 0.03
    16      30    7.8e+01    3    2.7e-02  -300.37900263  -290.28139154    -0.00741443   0.017664   7.1e-02   1.1e-04 0.03
    17      30    8.0e+01    2    1.5e-02  -300.38194880  -290.28433771    -0.00294617   0.020638   8.3e-02   2.1e-04 0.03
    18      30    8.5e+01    2    3.0e-02  -300.38295486  -290.28534378    -0.00100606   0.019944   8.0e-02   1.5e-04 0.03
    19      30    7.5e+01    3    5.7e-03  -300.38386701  -290.28625592    -0.00091214   0.022446   9.0e-02   1.6e-04 0.03
    20      30    8.2e+01    2    3.4e-03  -300.38482348  -290.28721239    -0.00095647   0.021660   8.7e-02   1.2e-04 0.03
    21      30    7.0e+01    3    4.4e-03  -300.38526075  -290.28764967    -0.00043727   0.026157   1.0e-01   1.0e-04 0.03
    22      30    8.0e+01    2    1.0e-02  -300.38588872  -290.28827763    -0.00062796   0.018303   7.3e-02   1.4e-04 0.03
    23      30    7.9e+01    3    1.3e-02  -300.38632383  -290.28871275    -0.00043511   0.018813   7.5e-02   1.0e-04 0.03
    24      30    7.9e+01    2    4.2e-03  -300.38687664  -290.28926555    -0.00055280   0.015409   6.2e-02   9.0e-05 0.03
    25      30    8.2e+01    2    3.9e-03  -300.38704290  -290.28943182    -0.00016627   0.019027   7.6e-02   1.1e-04 0.03
    26      30    8.1e+01    2    2.4e-02  -300.38748420  -290.28987311    -0.00044129   0.019139   7.7e-02   1.1e-04 0.03
    27      30    7.7e+01    2    3.7e-02  -300.38778898  -290.29017790    -0.00030479   0.018539   7.4e-02   1.0e-04 0.03
    28      30    7.8e+01    2    2.6e-02  -300.38811840  -290.29050731    -0.00032941   0.018451   7.4e-02   1.1e-04 0.03
    29      30    8.0e+01    2    2.6e-03  -300.38847171  -290.29086062    -0.00035331   0.017376   7.0e-02   9.4e-05 0.03
    30      30    7.9e+01    0    3.5e-03  -300.38857219  -290.29096111    -0.00010049   0.017376   7.0e-02   9.4e-05 0.03
    31      50    1.3e+02    2    3.5e-03  -300.38954912  -290.29193803    -0.00097693   0.001701   6.8e-03   6.4e-05 0.03
    32      50    1.3e+02    1    3.4e-03  -300.38962079  -290.29200971    -0.00007167   0.003230   1.3e-02   1.0e-04 0.03
    33      50    1.2e+02    0    2.2e-02  -300.38964036  -290.29202928    -0.00001957   0.003230   1.3e-02   1.0e-04 0.03
    34      70    1.8e+02    1    2.2e-02  -300.38969001  -290.29207892    -0.00004964   0.001290   5.2e-03   1.2e-04 0.03
    35      70    1.9e+02    1    1.9e-02  -300.38970024  -290.29208915    -0.00001023   0.000591   2.4e-03   1.3e-04 0.03
    36      70    1.8e+02    1    2.7e-03  -300.38970272  -290.29209163    -0.00000248   0.000871   3.5e-03   1.2e-04 0.03
    37      70    1.9e+02    0    1.7e-02  -300.38970564  -290.29209455    -0.00000292   0.000560   2.2e-03   1.6e-04 0.03
    38      80    2.2e+02    0    1.5e-02  -300.38970564  -290.29209455     0.00000000   0.000560   2.2e-03   1.6e-04 0.03
    39      63    1.7e+02    0    2.8e-02  -300.38970691  -290.29209582    -0.00000127   0.000121   4.9e-04   1.6e-04 0.03
 
RESULTS OF THE OCCUPATION OPTIMIZATION
========================================
   1    1.9999659  -68.84026098
   2    1.9987212  -6.09189506
   3    1.9966093  -4.28296216
   4    1.9978463  -4.26061892
   5    1.9980098  -4.25382406
   6    1.9787608  -0.65897477
   7    1.9710762  -0.43418027
   8    1.9709324  -0.41307214
   9    0.0290676  -0.02796003
  10    0.0289238  -0.02858804
  11    0.0212392  -0.02924787
  12    0.0019902  -0.01453293
  13    0.0021537  -0.01613110
  14    0.0033907  -0.02781271
  15    0.0012788  -0.01467374
  16    0.0000341  -0.00462227
 
----------------
 Final Energies 
----------------
Final NOF Total Energy =    -290.2920958
 
Total Orbital Internal Iterations = 1273
Total Occupation Internal Iterations = 94
 
Elapsed time: 3452.77 Seconds

---------------------------------
   Lowdin Population Analysis    
---------------------------------
 Idx  Atom   Population   Charge 
---------------------------------
  1    Si    13.639       0.361
  2     H     1.181      -0.181
  3     H     1.181      -0.181

---------------------------------
   M Diagnostic: 0.03
---------------------------------

