Computing Integrals
Elapsed time:   21.37 Seconds

Number of basis functions                   (NBF)    = 465
Number of auxiliary basis functions         (NBFAUX) = 483
Inactive Doubly occupied orbitals up to     (NO1)    = 0
No. considered Strongly Doubly occupied MOs (NDOC)   = 18
No. considered Strongly Singly occupied MOs (NSOC)   = 0
NO. of Weakly occ. per St. Doubly occ.  MOs (NCWO)   = 1
Dimension of the Nat. Orb. subspace         (NBF5)   = 36
No. of electrons                                     = 36
    No. of alpha electrons                           = 18
    No. of beta electrons                            = 18
Multiplicity                                         = 1

Geometry
========
 C      -1.5024000       0.4917100       0.0000000
 C       0.0000000       0.4226200       0.0000000
 C      -0.5043000       1.6154000       0.0000000
 C       1.1153400      -0.4724000       0.0000000
 C       0.9798700      -1.8002100       0.0000000
 H      -2.0495300       0.2568300       0.9115400
 H      -2.0495300       0.2568300      -0.9115400
 H      -0.3728900       2.6812600       0.0000000
 H       2.1027100      -0.0236000       0.0000000
 H      -0.0004000      -2.2578900       0.0000000
 H       1.8386000      -2.4561900       0.0000000

No violations of the orthonormality
No violations of the orthonormality
 
PNOF9/ADABelief Calculation
==================
 
  Nitext  Nit_orb  Time   Nit_occ  Time         Eelec          Etot           Ediff      maxdiff    MaxGrad_orb  Grad_occ
     1      10    1.8e+02   13    3.5e+01  -329.55616471  -182.54370697 -10328.55616471   2.466611   9.9e+00   1.6e-04 0.04
     2      10    1.6e+02    9    4.9e-02  -335.85771528  -188.84525754    -6.30155057   0.465278   1.9e+00   5.7e-05 0.04
     3      10    1.6e+02    5    4.6e-02  -337.88645777  -190.87400004    -2.02874250   0.294265   1.2e+00   1.3e-04 0.04
     4      10    1.6e+02    5    4.7e-02  -338.76302674  -191.75056901    -0.87656897   0.965280   3.9e+00   2.4e-04 0.04
     5      10    1.6e+02    5    4.8e-02  -339.16644281  -192.15398508    -0.40341607   0.273808   1.1e+00   1.3e-04 0.04
     6      10    1.6e+02    5    4.8e-02  -339.39742590  -192.38496816    -0.23098309   0.292025   1.2e+00   1.2e-04 0.04
     7      10    1.6e+02    5    4.7e-02  -339.63998897  -192.62753124    -0.24256308   0.475770   1.9e+00   1.1e-04 0.04
     8      10    1.5e+02    0    4.2e-02  -339.64057679  -192.62811906    -0.00058782   0.475770   1.9e+00   1.1e-04 0.04
     9      30    4.6e+02    5    4.8e-02  -340.28783549  -193.27537775    -0.64725870   0.096947   3.9e-01   7.7e-05 0.04
    10      30    4.5e+02    5    4.8e-02  -340.42681229  -193.41435456    -0.13897680   0.033086   1.3e-01   7.3e-05 0.04
    11      30    4.6e+02    3    4.4e-02  -340.44809791  -193.43564017    -0.02128562   0.027829   1.1e-01   1.7e-04 0.04
    12      30    4.5e+02    2    4.5e-02  -340.44979036  -193.43733263    -0.00169245   0.029655   1.2e-01   1.8e-04 0.04
    13      30    4.6e+02    2    4.7e-02  -340.45074615  -193.43828842    -0.00095579   0.028284   1.1e-01   8.3e-05 0.04
    14      30    4.5e+02    0    4.2e-02  -340.45079535  -193.43833762    -0.00004920   0.028284   1.1e-01   8.3e-05 0.04
    15      50    7.5e+02    2    4.6e-02  -340.45709052  -193.44463279    -0.00629517   0.002521   1.0e-02   1.0e-04 0.04
    16      50    7.5e+02    2    4.3e-02  -340.45715387  -193.44469614    -0.00006335   0.005840   2.3e-02   9.6e-05 0.04
    17      50    7.5e+02    2    4.6e-02  -340.45726074  -193.44480301    -0.00010688   0.005114   2.0e-02   8.0e-05 0.04
    18      50    7.5e+02    1    4.6e-02  -340.45732542  -193.44486768    -0.00006467   0.005348   2.1e-02   1.6e-04 0.04
    19      50    7.5e+02    1    4.6e-02  -340.45734832  -193.44489058    -0.00002290   0.005060   2.0e-02   1.4e-04 0.04
    20      50    7.6e+02    0    4.3e-02  -340.45735543  -193.44489770    -0.00000711   0.005060   2.0e-02   1.4e-04 0.04
    21      70    1.0e+03    1    4.6e-02  -340.45752932  -193.44507159    -0.00017389   0.000454   1.8e-03   9.5e-05 0.04
    22      70    1.1e+03    1    4.4e-02  -340.45753394  -193.44507621    -0.00000462   0.000761   3.0e-03   8.8e-05 0.04
    23      70    9.4e+02    1    4.2e-02  -340.45753766  -193.44507993    -0.00000372   0.000880   3.5e-03   8.0e-05 0.04
    24      70    9.3e+02    1    4.4e-02  -340.45754057  -193.44508284    -0.00000291   0.000939   3.8e-03   7.6e-05 0.04
    25      70    9.7e+02    0    4.3e-02  -340.45754203  -193.44508430    -0.00000146   0.001017   4.1e-03   1.7e-04 0.04
    26      80    1.2e+03    1    4.3e-02  -340.45754446  -193.44508673    -0.00000243   0.000717   2.9e-03   7.6e-05 0.04
    27      80    1.1e+03    0    4.2e-02  -340.45754500  -193.44508727    -0.00000054   0.000723   2.9e-03   1.1e-04 0.04
    28      90    1.3e+03    0    4.6e-02  -340.45754627  -193.44508854    -0.00000127   0.000529   2.1e-03   1.1e-04 0.04
    29     100    1.4e+03    0    4.2e-02  -340.45754685  -193.44508911    -0.00000058   0.000393   1.6e-03   1.1e-04 0.04
    30     110    1.6e+03    0    4.3e-02  -340.45754705  -193.44508932    -0.00000020   0.000290   1.2e-03   1.1e-04 0.04
    31     120    1.7e+03    0    4.3e-02  -340.45754738  -193.44508965    -0.00000033   0.000214   8.5e-04   1.1e-04 0.04
 
RESULTS OF THE OCCUPATION OPTIMIZATION
========================================
   1    1.9995200  -11.23497347
   2    1.9994796  -11.23267966
   3    1.9995747  -11.22949652
   4    1.9995008  -11.22886280
   5    1.9995447  -11.22760246
   6    1.9849663  -1.12158475
   7    1.9813569  -0.88421605
   8    1.9803012  -0.88298126
   9    1.9799880  -0.82113408
  10    1.9741365  -0.72242715
  11    1.9770047  -0.71921521
  12    1.9753132  -0.62928986
  13    1.9755600  -0.62228663
  14    1.9752469  -0.60945802
  15    1.9673289  -0.50610759
  16    1.9670344  -0.49563604
  17    1.9560619  -0.40581881
  18    1.9575376  -0.40121544
  19    0.0424624  -0.03754565
  20    0.0439381  -0.03828394
  21    0.0329656  -0.03582193
  22    0.0326711  -0.03497645
  23    0.0247531  -0.02466795
  24    0.0244400  -0.02493692
  25    0.0246868  -0.02565426
  26    0.0229953  -0.02668908
  27    0.0258635  -0.03502575
  28    0.0200120  -0.02341359
  29    0.0196988  -0.02790495
  30    0.0186431  -0.02308299
  31    0.0150337  -0.02317157
  32    0.0004553  -0.00789256
  33    0.0004992  -0.00845349
  34    0.0004253  -0.00746601
  35    0.0005204  -0.00882110
  36    0.0004800  -0.00829787
 
----------------
 Final Energies 
----------------
Final NOF Total Energy =    -193.4450896
 
Total Orbital Internal Iterations = 1490
Total Occupation Internal Iterations = 77
 
Elapsed time: 22338.15 Seconds

---------------------------------
   Lowdin Population Analysis    
---------------------------------
 Idx  Atom   Population   Charge 
---------------------------------
  1     C     5.881       0.119
  2     C     6.062      -0.062
  3     C     5.825       0.175
  4     C     5.973       0.027
  5     C     5.769       0.231
  6     H     1.083      -0.083
  7     H     1.081      -0.081
  8     H     1.107      -0.107
  9     H     1.058      -0.058
 10     H     1.076      -0.076
 11     H     1.085      -0.085

---------------------------------
   M Diagnostic: 0.04
---------------------------------

