Computing Integrals
Elapsed time:   22.89 Seconds

Number of basis functions                   (NBF)    = 465
Number of auxiliary basis functions         (NBFAUX) = 483
Inactive Doubly occupied orbitals up to     (NO1)    = 0
No. considered Strongly Doubly occupied MOs (NDOC)   = 18
No. considered Strongly Singly occupied MOs (NSOC)   = 0
NO. of Weakly occ. per St. Doubly occ.  MOs (NCWO)   = 1
Dimension of the Nat. Orb. subspace         (NBF5)   = 36
No. of electrons                                     = 36
    No. of alpha electrons                           = 18
    No. of beta electrons                            = 18
Multiplicity                                         = 1

Geometry
========
 C      -0.3893300       0.3458500       0.0000000
 C       0.2706300       1.5460000       0.6424400
 C       0.2706300       1.5460000      -0.6424400
 C       0.2706300      -0.9758100       0.0000000
 C      -0.3682800      -2.1410500       0.0000000
 H      -1.4773200       0.2949400       0.0000000
 H       0.5403100       2.0043200       1.5761300
 H       0.5403100       2.0043200      -1.5761300
 H       1.3570300      -0.9573900       0.0000000
 H      -1.4506100      -2.1906900       0.0000000
 H       0.1646000      -3.0814700       0.0000000

No violations of the orthonormality
No violations of the orthonormality
 
PNOF9/ADABelief Calculation
==================
 
  Nitext  Nit_orb  Time   Nit_occ  Time         Eelec          Etot           Ediff      maxdiff    MaxGrad_orb  Grad_occ
     1      10    1.8e+02   16    3.9e+01  -330.21212835  -183.25830075 -10329.21212835   1.549311   6.2e+00   2.4e-04 0.04
     2      10    1.5e+02   12    5.9e-02  -335.56412843  -188.61030083    -5.35200008   0.387179   1.5e+00   8.0e-05 0.04
     3      10    1.5e+02    7    5.3e-02  -337.44186051  -190.48803291    -1.87773209   1.346611   5.4e+00   2.6e-04 0.05
     4      10    1.6e+02    5    6.6e-02  -338.30215279  -191.34832519    -0.86029228   0.250387   1.0e+00   3.3e-04 0.05
     5      10    1.6e+02    5    5.3e-02  -338.76215167  -191.80832407    -0.45999888   0.388541   1.6e+00   2.0e-04 0.05
     6      10    1.5e+02    6    5.6e-02  -338.97606030  -192.02223270    -0.21390862   0.638403   2.6e+00   1.5e-04 0.04
     7      10    1.6e+02    4    5.1e-02  -339.24386976  -192.29004216    -0.26780947   0.287172   1.1e+00   2.8e-04 0.04
     8      10    1.7e+02    4    6.5e-02  -339.35308769  -192.39926009    -0.10921792   0.365187   1.5e+00   2.1e-04 0.04
     9      10    1.5e+02    0    5.1e-02  -339.35330271  -192.39947511    -0.00021502   0.365187   1.5e+00   2.1e-04 0.04
    10      30    4.7e+02    4    5.4e-02  -340.18232512  -193.22849752    -0.82902241   0.120155   4.8e-01   2.3e-04 0.04
    11      30    4.6e+02    5    5.5e-02  -340.34778484  -193.39395724    -0.16545972   0.076675   3.1e-01   2.9e-05 0.04
    12      30    4.7e+02    3    4.9e-02  -340.38236206  -193.42853446    -0.03457722   0.053597   2.1e-01   2.2e-04 0.04
    13      30    4.8e+02    0    4.8e-02  -340.38285110  -193.42902350    -0.00048905   0.053597   2.1e-01   2.2e-04 0.04
    14      50    7.6e+02    3    4.9e-02  -340.38892139  -193.43509379    -0.00607029   0.003913   1.6e-02   2.2e-04 0.04
    15      50    7.7e+02    2    4.9e-02  -340.38939778  -193.43557018    -0.00047639   0.005287   2.1e-02   2.3e-04 0.04
    16      50    7.6e+02    2    5.6e-02  -340.38977838  -193.43595078    -0.00038060   0.005084   2.0e-02   2.0e-04 0.05
    17      50    7.6e+02    2    5.8e-02  -340.39006838  -193.43624078    -0.00029000   0.005346   2.1e-02   1.7e-04 0.05
    18      50    7.6e+02    2    7.1e-02  -340.39031050  -193.43648290    -0.00024211   0.005815   2.3e-02   1.6e-04 0.05
    19      50    7.7e+02    2    4.5e-02  -340.39056649  -193.43673889    -0.00025600   0.005123   2.0e-02   1.5e-04 0.05
    20      50    7.6e+02    2    4.6e-02  -340.39077099  -193.43694339    -0.00020450   0.005460   2.2e-02   1.5e-04 0.05
    21      50    7.5e+02    2    4.9e-02  -340.39094425  -193.43711665    -0.00017326   0.005419   2.2e-02   1.3e-04 0.05
    22      50    7.6e+02    2    4.7e-02  -340.39107162  -193.43724402    -0.00012737   0.005381   2.2e-02   1.3e-04 0.05
    23      50    7.5e+02    2    5.4e-02  -340.39114492  -193.43731732    -0.00007330   0.005619   2.2e-02   1.2e-04 0.05
    24      50    7.5e+02    2    4.8e-02  -340.39117099  -193.43734339    -0.00002607   0.006054   2.4e-02   1.1e-04 0.05
    25      50    7.6e+02    2    5.2e-02  -340.39120219  -193.43737459    -0.00003121   0.005921   2.4e-02   8.6e-05 0.05
    26      50    7.2e+02    0    4.9e-02  -340.39120881  -193.43738121    -0.00000662   0.005921   2.4e-02   8.6e-05 0.05
    27      70    9.8e+02    1    4.7e-02  -340.39144672  -193.43761912    -0.00023792   0.000551   2.2e-03   1.7e-04 0.05
    28      70    1.0e+03    0    5.1e-02  -340.39144951  -193.43762191    -0.00000278   0.000551   2.2e-03   1.7e-04 0.05
    29      90    1.3e+03    1    4.9e-02  -340.39145365  -193.43762605    -0.00000415   0.000178   7.1e-04   9.8e-05 0.05
 
RESULTS OF THE OCCUPATION OPTIMIZATION
========================================
   1    1.9995214  -11.23548683
   2    1.9994998  -11.23487933
   3    1.9995129  -11.23274327
   4    1.9995121  -11.21738909
   5    1.9995726  -11.20974664
   6    1.9821309  -0.90539676
   7    1.9812733  -0.87235738
   8    1.9804319  -0.86619226
   9    1.9803599  -0.84407911
  10    1.9798492  -0.84200129
  11    1.9786933  -0.76022492
  12    1.9757474  -0.63552185
  13    1.9721619  -0.60960039
  14    1.9754951  -0.60345338
  15    1.9675323  -0.52314995
  16    1.9675089  -0.52141199
  17    1.9556981  -0.41174090
  18    1.9548849  -0.38306023
  19    0.0451151  -0.03865316
  20    0.0443019  -0.03770545
  21    0.0324911  -0.03546795
  22    0.0324677  -0.03543665
  23    0.0245049  -0.02469766
  24    0.0278381  -0.03334942
  25    0.0242526  -0.02523687
  26    0.0213067  -0.02908308
  27    0.0201508  -0.02827545
  28    0.0196401  -0.02364885
  29    0.0195681  -0.02351060
  30    0.0187267  -0.02302946
  31    0.0178691  -0.02208768
  32    0.0004274  -0.00751161
  33    0.0004879  -0.00837068
  34    0.0004871  -0.00833406
  35    0.0005002  -0.00844850
  36    0.0004786  -0.00821036
 
----------------
 Final Energies 
----------------
Final NOF Total Energy =    -193.4376261
 
Total Orbital Internal Iterations = 1090
Total Occupation Internal Iterations = 98
 
Elapsed time: 16939.91 Seconds

---------------------------------
   Lowdin Population Analysis    
---------------------------------
 Idx  Atom   Population   Charge 
---------------------------------
  1     C     6.058      -0.058
  2     C     5.828       0.172
  3     C     5.829       0.171
  4     C     5.975       0.025
  5     C     5.812       0.188
  6     H     1.061      -0.061
  7     H     1.101      -0.101
  8     H     1.101      -0.101
  9     H     1.059      -0.059
 10     H     1.085      -0.085
 11     H     1.091      -0.091

---------------------------------
   M Diagnostic: 0.05
---------------------------------

