Computing Integrals
Elapsed time:    4.50 Seconds

Number of basis functions                   (NBF)    = 114
Number of auxiliary basis functions         (NBFAUX) = 154
Inactive Doubly occupied orbitals up to     (NO1)    = 0
No. considered Strongly Doubly occupied MOs (NDOC)   = 7
No. considered Strongly Singly occupied MOs (NSOC)   = 2
NO. of Weakly occ. per St. Doubly occ.  MOs (NCWO)   = 1
Dimension of the Nat. Orb. subspace         (NBF5)   = 16
No. of electrons                                     = 16
    No. of alpha electrons                           = 9
    No. of beta electrons                            = 7
Multiplicity                                         = 3

Geometry
========
 N       0.0000000       0.0000000       0.6348700
 O       0.0000000       0.0000000      -0.6348700

No violations of the orthonormality
No violations of the orthonormality
 
PNOF9/ADABelief Calculation
==================
 
  Nitext  Nit_orb  Time   Nit_occ  Time         Eelec          Etot           Ediff      maxdiff    MaxGrad_orb  Grad_occ
     1      10    5.0e+01   21    4.0e+01  -147.86816252  -124.52963413 -10146.86816252   1.040788   4.2e+00   1.4e-04 0.04
     2      10    2.5e+01   11    5.8e-02  -151.30688917  -127.96836078    -3.43872665   0.879628   3.5e+00   8.1e-05 0.04
     3      10    2.5e+01    6    6.2e-03  -152.42152776  -129.08299937    -1.11463859   0.378595   1.5e+00   1.7e-04 0.04
     4      10    2.4e+01    4    1.5e-02  -152.69931144  -129.36078305    -0.27778368   0.224793   9.0e-01   1.7e-04 0.04
     5      10    2.5e+01    5    3.2e-02  -152.80488786  -129.46635947    -0.10557643   0.252280   1.0e+00   1.2e-04 0.03
     6      10    2.7e+01    3    3.0e-03  -152.84000541  -129.50147702    -0.03511755   0.249037   1.0e+00   2.1e-04 0.03
     7      10    2.6e+01    5    4.4e-02  -152.84670342  -129.50817503    -0.00669802   0.278209   1.1e+00   6.9e-05 0.03
     8      10    2.7e+01    0    1.1e-02  -152.84680823  -129.50827984    -0.00010480   0.278209   1.1e+00   6.9e-05 0.03
     9      30    7.3e+01    4    3.2e-03  -152.89747837  -129.55894998    -0.05067014   0.006412   2.6e-02   1.5e-04 0.03
    10      30    7.6e+01    4    7.3e-03  -152.90163609  -129.56310770    -0.00415772   0.010396   4.2e-02   1.1e-04 0.04
    11      30    7.7e+01    3    2.3e-03  -152.90253297  -129.56400458    -0.00089689   0.007816   3.1e-02   2.6e-04 0.04
    12      30    7.6e+01    3    2.8e-03  -152.90316780  -129.56463941    -0.00063483   0.006832   2.7e-02   2.3e-04 0.04
    13      30    7.5e+01    0    4.8e-03  -152.90324387  -129.56471548    -0.00007607   0.006832   2.7e-02   2.3e-04 0.04
    14      50    1.6e+02    3    1.5e-02  -152.90377825  -129.56524986    -0.00053438   0.000670   2.7e-03   1.5e-04 0.04
    15      50    1.3e+02    2    5.9e-03  -152.90383769  -129.56530930    -0.00005944   0.001217   4.9e-03   1.9e-04 0.04
    16      50    1.3e+02    2    8.4e-03  -152.90384761  -129.56531922    -0.00000992   0.000995   4.0e-03   1.7e-04 0.04
    17      50    1.2e+02    0    4.3e-02  -152.90384997  -129.56532158    -0.00000237   0.000995   4.0e-03   1.7e-04 0.04
    18      64    1.6e+02    2    3.3e-03  -152.90386270  -129.56533431    -0.00001273   0.000124   5.0e-04   1.6e-04 0.04
 
RESULTS OF THE OCCUPATION OPTIMIZATION
========================================
   1    1.9998002  -19.78144477
   2    1.9996966  -15.81703494
   3    1.9887991  -1.02216507
   4    1.9783824  -0.59929606
   5    1.9620934  -0.40284112
   6    1.9755617  -0.28596286
   7    1.9755688  -0.28596086
   8    1.0000000  -0.06576924
   9    1.0000000  -0.06576189
  10    0.0244312  -0.01762782
  11    0.0244383  -0.01762756
  12    0.0379066  -0.04690199
  13    0.0216176  -0.02039202
  14    0.0112009  -0.02097354
  15    0.0003034  -0.00755651
  16    0.0001998  -0.00651898
 
----------------
 Final Energies 
----------------
Final NOF Total Energy =    -129.5653343
 
Total Orbital Internal Iterations = 494
Total Occupation Internal Iterations = 78
 
Elapsed time: 1390.85 Seconds

---------------------------------
   Lowdin Population Analysis    
---------------------------------
 Idx  Atom   Population   Charge 
---------------------------------
  1     N     7.587      -0.587
  2     O     8.413      -0.413

---------------------------------
   M Diagnostic: 0.04
---------------------------------

