Computing Integrals
NVIDIA GeForce RTX 4060
Elapsed time:   10.43 Seconds

Number of basis functions                   (NBF)    = 744
Number of auxiliary basis functions         (NBFAUX) = 953
Inactive Doubly occupied orbitals up to     (NO1)    = 0
No. considered Strongly Doubly occupied MOs (NDOC)   = 43
No. considered Strongly Singly occupied MOs (NSOC)   = 0
NO. of Weakly occ. per St. Doubly occ.  MOs (NCWO)   = 1
Dimension of the Nat. Orb. subspace         (NBF5)   = 86
No. of electrons                                     = 86
    No. of alpha electrons                           = 43
    No. of beta electrons                            = 43
Multiplicity                                         = 1

Geometry
========
 H       0.0077100       0.2142800       0.0523300
 C       0.0103900       0.2004700       1.1336400
 C       1.2178800       0.2461700       1.8284300
 C       1.2212600       0.2231800       3.2217000
 C       0.0175000       0.1544300       3.9205300
 C      -1.1897900       0.1083800       3.2262200
 C      -1.1936200       0.1314200       1.8327400
 H       2.1520500       0.2948300       1.2858100
 H       2.1583600       0.2551800       3.7605800
 H       0.0204700       0.1332800       5.0017700
 H      -2.1237300       0.0506300       3.7683600
 H      -2.1301400       0.0908900       1.2935100
Br      -0.0376700      -3.2950700       1.7732400
 C       0.0909100      -5.2226200       1.8689700
 H       0.0222200      -5.6187000       0.8632200
 H       1.0443800      -5.4773600       2.3152700
 H      -0.7258500      -5.5876000       2.4795800

No violations of the orthonormality
No violations of the orthonormality
 
PNOF9/ADABelief Calculation
==================
 
  Nitext  Nit_orb  Time   Nit_occ  Time         Eelec          Etot           Ediff      maxdiff    MaxGrad_orb  Grad_occ
     1      10    2.5e+01   32    1.9e+01 -3367.19512487 -2838.34701168 -13366.19512487   0.003147   1.3e-02   2.4e-04 0.04
     2      20    2.4e+00    0    3.5e-02 -3373.35635909 -2844.50824591    -6.16123423   0.003147   1.3e-02   2.4e-04 0.04
     3      40    4.7e+00    0    3.7e-02 -3373.35635909 -2844.50824591     0.00000000   0.003147   1.3e-02   2.4e-04 0.04
     4      60    6.8e+00    1    3.9e-02 -3373.35644454 -2844.50833136    -0.00008545   0.005863   2.3e-02   1.5e-04 0.04
     5      60    6.7e+00    1    3.8e-02 -3373.35654450 -2844.50843131    -0.00009996   0.003497   1.4e-02   1.3e-04 0.04
     6      60    7.1e+00    1    4.4e-02 -3373.35673689 -2844.50862371    -0.00019240   0.004618   1.8e-02   1.4e-04 0.04
     7      60    6.9e+00    0    9.9e-02 -3373.35688131 -2844.50876813    -0.00014442   0.004618   1.8e-02   1.4e-04 0.04
     8      80    1.1e+01    1    4.2e-02 -3373.35702065 -2844.50890747    -0.00013934   0.002179   8.7e-03   1.4e-04 0.04
     9      80    9.9e+00    1    4.3e-02 -3373.35708410 -2844.50897092    -0.00006345   0.001185   4.7e-03   1.4e-04 0.04
    10      80    9.3e+00    0    4.5e-02 -3373.35712602 -2844.50901284    -0.00004192   0.001185   4.7e-03   1.4e-04 0.04
    11     100    1.2e+01    0    4.2e-02 -3373.35671474 -2844.50860156     0.00041128   0.000727   2.9e-03   2.1e-04 0.04
 
RESULTS OF THE OCCUPATION OPTIMIZATION
========================================
   1    1.9999992  -490.09439087
   2    1.9999936  -65.24996185
   3    1.9999590  -58.58076859
   4    1.9999780  -58.57927322
   5    1.9999798  -58.57784271
   6    1.9995765  -11.19795036
   7    1.9995649  -11.18506813
   8    1.9996528  -11.18198586
   9    1.9995448  -11.15929699
  10    1.9994645  -10.73317242
  11    1.9994421  -10.54707241
  12    1.9994244  -10.43741131
  13    1.9994998  -9.96135330
  14    1.9992491  -9.52172470
  15    1.9991611  -7.46478367
  16    1.9991476  -7.46334410
  17    1.9954638  -3.20690274
  18    1.9928423  -3.09183240
  19    1.9928157  -3.05582404
  20    1.9917104  -2.74333119
  21    1.9909939  -2.64708686
  22    1.9884746  -1.98116863
  23    1.9860718  -1.36537051
  24    1.9810987  -0.89851815
  25    1.9811925  -0.87394595
  26    1.9811090  -0.85780096
  27    1.9782052  -0.81836855
  28    1.9794703  -0.78869331
  29    1.9797447  -0.78318304
  30    1.9761820  -0.64858961
  31    1.9750847  -0.64679271
  32    1.9746236  -0.63059425
  33    1.9748176  -0.62875700
  34    1.9749183  -0.62390673
  35    1.9746242  -0.61862594
  36    1.9746916  -0.61703336
  37    1.9742867  -0.61220419
  38    1.9655453  -0.52264285
  39    1.9784996  -0.43356615
  40    1.9781874  -0.43310586
  41    1.9614838  -0.40181282
  42    1.9614760  -0.40169215
  43    1.9614689  -0.40113872
  44    0.0385311  -0.03671145
  45    0.0385240  -0.03674391
  46    0.0385162  -0.03670619
  47    0.0218126  -0.03968664
  48    0.0215004  -0.03955474
  49    0.0344547  -0.05307767
  50    0.0257133  -0.02590781
  51    0.0253084  -0.03172281
  52    0.0253758  -0.02556982
  53    0.0250817  -0.03182860
  54    0.0251824  -0.03133622
  55    0.0253764  -0.03159631
  56    0.0249153  -0.03126967
  57    0.0238180  -0.02528477
  58    0.0202553  -0.02427195
  59    0.0205297  -0.02447626
  60    0.0217948  -0.02958296
  61    0.0188910  -0.02312309
  62    0.0188075  -0.02316652
  63    0.0189013  -0.02364363
  64    0.0139282  -0.03726789
  65    0.0115254  -0.03652575
  66    0.0090061  -0.04431045
  67    0.0082896  -0.04529571
  68    0.0071843  -0.04408692
  69    0.0071577  -0.04451331
  70    0.0045362  -0.03221061
  71    0.0008524  -0.00931861
  72    0.0008389  -0.00920516
  73    0.0007509  -0.00802773
  74    0.0005002  -0.01623991
  75    0.0005756  -0.00865115
  76    0.0005579  -0.00857646
  77    0.0005355  -0.00864300
  78    0.0004552  -0.00778103
  79    0.0003472  -0.00553718
  80    0.0004351  -0.00754926
  81    0.0004235  -0.00742889
  82    0.0000202  -0.00110448
  83    0.0000220  -0.00118111
  84    0.0000410  -0.00749789
  85    0.0000064  -0.00202427
  86    0.0000008  -0.00084827
 
----------------
 Final Energies 
----------------
Final NOF Total Energy =   -2844.5086016
 
Total Orbital Internal Iterations = 650
Total Occupation Internal Iterations = 37
 
Elapsed time:  136.42 Seconds

---------------------------------
   Lowdin Population Analysis    
---------------------------------
 Idx  Atom   Population   Charge 
---------------------------------
  1     H     1.064      -0.064
  2     C     5.949       0.051
  3     C     5.943       0.057
  4     C     5.940       0.060
  5     C     5.936       0.064
  6     C     5.941       0.059
  7     C     5.947       0.053
  8     H     1.064      -0.064
  9     H     1.064      -0.064
 10     H     1.061      -0.061
 11     H     1.064      -0.064
 12     H     1.066      -0.066
 13    Br    34.567       0.433
 14     C     6.081      -0.081
 15     H     1.103      -0.103
 16     H     1.105      -0.105
 17     H     1.105      -0.105

---------------------------------
   M Diagnostic: 0.04
---------------------------------

