Computing Integrals
NVIDIA GeForce RTX 4060
Elapsed time:    3.68 Seconds

Number of basis functions                   (NBF)    = 277
Number of auxiliary basis functions         (NBFAUX) = 589
Inactive Doubly occupied orbitals up to     (NO1)    = 0
No. considered Strongly Doubly occupied MOs (NDOC)   = 61
No. considered Strongly Singly occupied MOs (NSOC)   = 0
NO. of Weakly occ. per St. Doubly occ.  MOs (NCWO)   = 1
Dimension of the Nat. Orb. subspace         (NBF5)   = 122
No. of electrons                                     = 122
    No. of alpha electrons                           = 61
    No. of beta electrons                            = 61
Multiplicity                                         = 1

Geometry
========
Bi       0.0000000       0.0000000       1.0320000
 H      -0.7187200       1.2448600       2.0503000
 H      -0.7187200      -1.2448600       2.0503000
 H       1.4374400       0.0000000       2.0503000
Br       0.0000000       0.0000000      -2.8835700
 H       0.0000000       0.0000000      -4.2993300

No violations of the orthonormality
No violations of the orthonormality
 
PNOF9/ADABelief Calculation
==================
 
  Nitext  Nit_orb  Time   Nit_occ  Time         Eelec          Etot           Ediff      maxdiff    MaxGrad_orb  Grad_occ
     1      10    2.3e+01   55    1.9e+01 -7539.00799107 -7038.59368229 -17538.00799107   0.000965   3.9e-03   2.4e-04 0.04
 
RESULTS OF THE OCCUPATION OPTIMIZATION
========================================
   1    1.9999997  -470.42776489
   2    1.9999981  -88.43151093
   3    1.9999992  -84.89447021
   4    1.9999991  -82.71975708
   5    1.9999987  -74.45167542
   6    1.9999968  -69.35364532
   7    1.9999974  -65.00974274
   8    1.9999988  -64.26404572
   9    1.9999979  -59.29673386
  10    1.9999840  -58.62912750
  11    1.9999870  -58.61518097
  12    1.9999949  -58.60528183
  13    1.9999951  -55.91861725
  14    1.9999983  -52.24670029
  15    1.9999983  -49.33594131
  16    1.9999920  -44.12433243
  17    1.9999929  -41.34239960
  18    1.9999832  -38.92218781
  19    1.9999976  -38.87991714
  20    1.9999975  -37.27993393
  21    1.9999961  -31.36735535
  22    1.9999826  -29.46530151
  23    1.9999641  -25.63741875
  24    1.9999775  -25.04022789
  25    1.9999783  -23.27101517
  26    1.9999521  -23.26693535
  27    1.9999063  -9.90703583
  28    1.9993057  -6.67494583
  29    1.9993045  -6.61618090
  30    1.9990989  -6.36799765
  31    1.9990723  -6.33362246
  32    1.9990811  -6.31630754
  33    1.9993743  -6.23974943
  34    1.9988196  -4.99520969
  35    1.9977372  -3.22923732
  36    1.9975257  -3.22846413
  37    1.9975513  -3.22230530
  38    1.9965672  -3.21914601
  39    1.9975531  -3.21785665
  40    1.9975326  -3.21580076
  41    1.9975859  -3.20874619
  42    1.9975427  -3.19839334
  43    1.9928191  -3.10337877
  44    1.9924155  -3.08739233
  45    1.9921103  -3.07316542
  46    1.9926954  -3.06207538
  47    1.9960219  -2.69635367
  48    1.9957819  -2.66164231
  49    1.9957434  -2.63386917
  50    1.9955648  -2.56154251
  51    1.9955068  -2.56122255
  52    1.9833049  -1.01572978
  53    1.9830546  -0.82832414
  54    1.9807620  -0.71516651
  55    1.9801122  -0.70103472
  56    1.9709479  -0.59015191
  57    1.9802244  -0.55081373
  58    1.9799442  -0.54968560
  59    1.9794734  -0.51903391
  60    1.9646901  -0.29121071
  61    1.9652691  -0.28491932
  62    0.0347309  -0.02669160
  63    0.0353099  -0.02777856
  64    0.0205266  -0.03764581
  65    0.0200558  -0.03678543
  66    0.0197756  -0.03688707
  67    0.0290521  -0.04800599
  68    0.0198878  -0.01885888
  69    0.0192380  -0.01881314
  70    0.0169454  -0.01825882
  71    0.0166951  -0.03838172
  72    0.0044932  -0.01128686
  73    0.0044352  -0.01110393
  74    0.0042566  -0.01084848
  75    0.0042181  -0.01097818
  76    0.0039781  -0.01031151
  77    0.0073046  -0.03983404
  78    0.0078897  -0.04997385
  79    0.0075845  -0.04383009
  80    0.0071809  -0.04332938
  81    0.0024573  -0.00817724
  82    0.0024141  -0.00807604
  83    0.0024674  -0.00820392
  84    0.0024469  -0.00816976
  85    0.0034328  -0.02381031
  86    0.0024487  -0.00815291
  87    0.0024743  -0.00823807
  88    0.0022628  -0.00784829
  89    0.0011804  -0.00542231
  90    0.0006257  -0.00586138
  91    0.0009189  -0.00630079
  92    0.0009277  -0.00613424
  93    0.0009011  -0.00606802
  94    0.0006955  -0.01148580
  95    0.0006943  -0.01209888
  96    0.0000937  -0.00909899
  97    0.0000479  -0.00110566
  98    0.0000217  -0.00055041
  99    0.0000225  -0.00058264
 100    0.0000359  -0.00092258
 101    0.0000174  -0.00052023
 102    0.0000039  -0.00011846
 103    0.0000025  -0.00008222
 104    0.0000024  -0.00008556
 105    0.0000168  -0.00063506
 106    0.0000071  -0.00029964
 107    0.0000080  -0.00036008
 108    0.0000017  -0.00007427
 109    0.0000017  -0.00007587
 110    0.0000049  -0.00028124
 111    0.0000051  -0.00314333
 112    0.0000130  -0.00066866
 113    0.0000160  -0.00084368
 114    0.0000021  -0.00012328
 115    0.0000012  -0.00005971
 116    0.0000026  -0.00017021
 117    0.0000032  -0.00023035
 118    0.0000013  -0.00008760
 119    0.0000009  -0.00005876
 120    0.0000008  -0.00036875
 121    0.0000019  -0.00016900
 122    0.0000003  -0.00009473
 
----------------
 Final Energies 
----------------
Final NOF Total Energy =   -7038.5936823
 
Total Orbital Internal Iterations = 10
Total Occupation Internal Iterations = 55
 
Elapsed time:   54.75 Seconds

---------------------------------
   Lowdin Population Analysis    
---------------------------------
 Idx  Atom   Population   Charge 
---------------------------------
  1    Bi    80.873       2.127
  2     H     1.698      -0.698
  3     H     1.698      -0.698
  4     H     1.699      -0.699
  5    Br    34.689       0.311
  6     H     1.344      -0.344

---------------------------------
   M Diagnostic: 0.04
---------------------------------

