Computing Integrals
Elapsed time:   13.68 Seconds

Number of basis functions                   (NBF)    = 272
Number of auxiliary basis functions         (NBFAUX) = 418
Inactive Doubly occupied orbitals up to     (NO1)    = 0
No. considered Strongly Doubly occupied MOs (NDOC)   = 36
No. considered Strongly Singly occupied MOs (NSOC)   = 0
NO. of Weakly occ. per St. Doubly occ.  MOs (NCWO)   = 1
Dimension of the Nat. Orb. subspace         (NBF5)   = 72
No. of electrons                                     = 72
    No. of alpha electrons                           = 36
    No. of beta electrons                            = 36
Multiplicity                                         = 1

Geometry
========
Te       0.0000000       0.0000000       1.9751700
 H      -1.1532200       0.0000000       3.1332300
 H       1.1532200       0.0000000       3.1332300
 H       0.9602500       0.0000000      -3.0551700
 S       0.0000000       0.0000000      -2.1312900
 H      -0.9602500       0.0000000      -3.0551700

No violations of the orthonormality
No violations of the orthonormality
 
PNOF9/ADABelief Calculation
==================
 
  Nitext  Nit_orb  Time   Nit_occ  Time         Eelec          Etot           Ediff      maxdiff    MaxGrad_orb  Grad_occ
     1      10    7.1e+01  126    4.1e+01 -2805.43727068 -2637.11400467 -12804.43727068  12.735884   5.1e+01   2.7e-04 0.03
     2      10    5.1e+01   19    1.2e-01 -2841.93102344 -2673.60775743   -36.49375276   0.554058   2.2e+00   2.2e-04 0.03
     3      10    5.0e+01   16    9.8e-02 -2848.89699180 -2680.57372578    -6.96596835   0.544439   2.2e+00   2.6e-04 0.04
     4      10    4.8e+01    0    5.2e-02 -2848.92888795 -2680.60562193    -0.03189615   0.544439   2.2e+00   2.6e-04 0.04
     5      30    1.5e+02   15    1.8e-01 -2856.95906775 -2688.63580174    -8.03017980   0.198136   7.9e-01   3.3e-04 0.04
     6      30    1.4e+02   13    9.6e-02 -2858.49462547 -2690.17135946    -1.53555772   0.133852   5.4e-01   2.6e-04 0.04
     7      30    1.5e+02   11    8.8e-02 -2859.05828900 -2690.73502299    -0.56366353   0.101248   4.0e-01   3.2e-04 0.04
     8      30    1.4e+02    8    8.0e-02 -2859.41561163 -2691.09234562    -0.35732263   0.102581   4.1e-01   2.6e-04 0.04
     9      30    1.5e+02    8    7.9e-02 -2859.59251899 -2691.26925298    -0.17690736   0.073884   3.0e-01   2.5e-04 0.04
    10      30    1.5e+02    7    7.6e-02 -2859.68000287 -2691.35673686    -0.08748388   0.036959   1.5e-01   1.8e-04 0.04
    11      30    1.5e+02    6    7.5e-02 -2859.70822779 -2691.38496177    -0.02822492   0.031973   1.3e-01   1.7e-04 0.04
    12      30    1.4e+02    5    6.8e-02 -2859.72141838 -2691.39815237    -0.01319059   0.037586   1.5e-01   2.7e-04 0.04
    13      30    1.5e+02    4    6.9e-02 -2859.72948457 -2691.40621856    -0.00806619   0.029486   1.2e-01   3.5e-04 0.04
    14      30    1.4e+02    4    6.9e-02 -2859.73584438 -2691.41257837    -0.00635981   0.031165   1.2e-01   2.7e-04 0.04
    15      30    1.4e+02    2    5.9e-02 -2859.73752668 -2691.41426067    -0.00168230   0.036398   1.5e-01   2.8e-04 0.04
    16      30    1.4e+02    0    5.3e-02 -2859.73754127 -2691.41427526    -0.00001459   0.036398   1.5e-01   2.8e-04 0.04
    17      50    2.4e+02    1    5.5e-02 -2859.74476857 -2691.42150255    -0.00722730   0.004687   1.9e-02   2.9e-04 0.04
    18      50    2.4e+02    1    5.5e-02 -2859.74487803 -2691.42161201    -0.00010946   0.006550   2.6e-02   2.7e-04 0.04
    19      50    2.4e+02    2    5.8e-02 -2859.74493865 -2691.42167264    -0.00006062   0.005149   2.1e-02   2.2e-04 0.04
    20      50    2.4e+02    1    5.5e-02 -2859.74499436 -2691.42172835    -0.00005571   0.005394   2.2e-02   2.0e-04 0.04
    21      50    2.5e+02    1    5.5e-02 -2859.74500706 -2691.42174105    -0.00001270   0.006075   2.4e-02   2.3e-04 0.04
    22      50    2.4e+02    2    5.8e-02 -2859.74503143 -2691.42176542    -0.00002437   0.005472   2.2e-02   1.8e-04 0.04
    23      50    2.5e+02    0    5.1e-02 -2859.74503420 -2691.42176819    -0.00000277   0.008967   3.6e-02   3.0e-04 0.04
    24      60    2.8e+02    1    5.5e-02 -2859.74515233 -2691.42188631    -0.00011812   0.005398   2.2e-02   2.8e-04 0.04
    25      60    2.9e+02    2    5.8e-02 -2859.74519700 -2691.42193099    -0.00004467   0.003688   1.5e-02   1.4e-04 0.04
    26      60    2.9e+02    0    5.2e-02 -2859.74520022 -2691.42193421    -0.00000322   0.003688   1.5e-02   1.4e-04 0.04
    27      80    3.8e+02    1    5.4e-02 -2859.74533697 -2691.42207096    -0.00013675   0.000863   3.5e-03   1.8e-04 0.04
    28      80    3.8e+02    2    5.8e-02 -2859.74534302 -2691.42207701    -0.00000605   0.001040   4.2e-03   1.1e-04 0.04
    29      80    3.8e+02    0    5.1e-02 -2859.74535369 -2691.42208767    -0.00001066   0.000973   3.9e-03   1.8e-04 0.04
    30      90    4.3e+02    0    5.1e-02 -2859.74535817 -2691.42209216    -0.00000448   0.000829   3.3e-03   2.4e-04 0.04
    31     100    4.8e+02    1    5.5e-02 -2859.74536222 -2691.42209621    -0.00000405   0.000673   2.7e-03   1.7e-04 0.04
    32     100    4.8e+02    0    5.2e-02 -2859.74536657 -2691.42210055    -0.00000435   0.000675   2.7e-03   2.4e-04 0.04
    33     110    5.3e+02    1    5.5e-02 -2859.74536810 -2691.42210209    -0.00000153   0.000645   2.6e-03   1.6e-04 0.04
    34     110    5.3e+02    0    5.2e-02 -2859.74537066 -2691.42210465    -0.00000256   0.000608   2.4e-03   2.3e-04 0.04
    35     120    5.8e+02    2    5.8e-02 -2859.74537131 -2691.42210529    -0.00000064   0.000593   2.4e-03   7.6e-05 0.04
    36     120    5.8e+02    0    5.2e-02 -2859.74537351 -2691.42210750    -0.00000221   0.000550   2.2e-03   1.5e-04 0.04
    37     130    6.2e+02    0    5.1e-02 -2859.74537390 -2691.42210789    -0.00000039   0.000544   2.2e-03   1.6e-04 0.04
    38     140    6.7e+02    0    5.1e-02 -2859.74537427 -2691.42210825    -0.00000037   0.000484   1.9e-03   1.6e-04 0.04
    39     150    7.2e+02    0    8.1e-02 -2859.74537445 -2691.42210843    -0.00000018   0.000452   1.8e-03   1.6e-04 0.04
    40     160    7.7e+02    0    5.1e-02 -2859.74537468 -2691.42210867    -0.00000024   0.000428   1.7e-03   1.6e-04 0.04
    41     170    8.2e+02    0    5.1e-02 -2859.74537487 -2691.42210886    -0.00000019   0.000378   1.5e-03   1.6e-04 0.04
    42     180    8.6e+02    0    5.1e-02 -2859.74537487 -2691.42210886     0.00000000   0.000378   1.5e-03   1.6e-04 0.04
    43     150    7.0e+02    0    5.1e-02 -2859.74537549 -2691.42210948    -0.00000062   0.000124   5.0e-04   1.6e-04 0.04
 
RESULTS OF THE OCCUPATION OPTIMIZATION
========================================
   1    1.9999982  -141.04079622
   2    1.9999869  -74.76533758
   3    1.9999928  -68.27299308
   4    1.9999892  -67.41607586
   5    1.9999917  -67.21196730
   6    1.9999208  -24.94676774
   7    1.9997707  -10.00772976
   8    1.9995536  -9.69975792
   9    1.9995416  -9.68735329
  10    1.9995306  -9.67961446
  11    1.9993630  -9.65739572
  12    1.9994712  -9.64730736
  13    1.9993668  -9.64272976
  14    1.9991557  -9.31223578
  15    1.9991628  -9.29122247
  16    1.9982127  -5.67620415
  17    1.9981176  -5.65559403
  18    1.9980548  -5.60036783
  19    1.9979603  -5.56413624
  20    1.9977937  -5.51501063
  21    1.9980240  -4.07195521
  22    1.9980062  -4.05311487
  23    1.9979218  -3.93203389
  24    1.9979313  -3.92725337
  25    1.9979380  -3.90281481
  26    1.9978280  -3.81997047
  27    1.9883239  -0.99852218
  28    1.9750223  -0.85233704
  29    1.9750149  -0.85212106
  30    1.9842476  -0.74287116
  31    1.9703730  -0.68550482
  32    1.9703718  -0.68547607
  33    1.9707320  -0.56434838
  34    1.9707395  -0.56391915
  35    1.9789972  -0.42269013
  36    1.9644650  -0.33976483
  37    0.0355350  -0.03242932
  38    0.0210028  -0.02237022
  39    0.0292605  -0.03592671
  40    0.0292680  -0.03595661
  41    0.0296282  -0.03231871
  42    0.0296270  -0.03231736
  43    0.0157524  -0.02109307
  44    0.0249851  -0.03270259
  45    0.0249777  -0.03270179
  46    0.0116761  -0.02767331
  47    0.0021720  -0.01180941
  48    0.0020620  -0.01150599
  49    0.0020687  -0.01153891
  50    0.0020782  -0.01158615
  51    0.0019938  -0.01128341
  52    0.0019760  -0.01122422
  53    0.0022063  -0.01787521
  54    0.0020397  -0.01712165
  55    0.0019452  -0.01544490
  56    0.0018824  -0.01481255
  57    0.0017873  -0.01421394
  58    0.0008372  -0.01342030
  59    0.0008443  -0.01293854
  60    0.0006332  -0.00768456
  61    0.0005288  -0.00587933
  62    0.0006370  -0.00772539
  63    0.0004694  -0.00633161
  64    0.0004584  -0.00624461
  65    0.0004464  -0.00605399
  66    0.0002293  -0.00423060
  67    0.0000792  -0.00371138
  68    0.0000083  -0.00048738
  69    0.0000108  -0.00073439
  70    0.0000072  -0.00046959
  71    0.0000131  -0.00193329
  72    0.0000018  -0.00045390
 
----------------
 Final Energies 
----------------
Final NOF Total Energy =   -2691.4221095
 
Total Orbital Internal Iterations = 3000
Total Occupation Internal Iterations = 262
 
Elapsed time: 14661.56 Seconds

---------------------------------
   Lowdin Population Analysis    
---------------------------------
 Idx  Atom   Population   Charge 
---------------------------------
  1    Te    51.377       0.623
  2     H     1.316      -0.316
  3     H     1.316      -0.316
  4     H     1.260      -0.260
  5     S    15.471       0.529
  6     H     1.260      -0.260

---------------------------------
   M Diagnostic: 0.04
---------------------------------

