Computing Integrals
Elapsed time:   25.38 Seconds

Number of basis functions                   (NBF)    = 1215
Number of auxiliary basis functions         (NBFAUX) = 1341
Inactive Doubly occupied orbitals up to     (NO1)    = 0
No. considered Strongly Doubly occupied MOs (NDOC)   = 51
No. considered Strongly Singly occupied MOs (NSOC)   = 0
NO. of Weakly occ. per St. Doubly occ.  MOs (NCWO)   = 1
Dimension of the Nat. Orb. subspace         (NBF5)   = 102
No. of electrons                                     = 102
    No. of alpha electrons                           = 51
    No. of beta electrons                            = 51
Multiplicity                                         = 1

Geometry
========
 C      -0.7922200      -2.0306400      -0.0243800
 C       0.5617500      -1.7642600      -0.4871100
 C       1.1775900      -0.5055500      -0.5795800
 C      -0.7685900       1.1311800       0.3693600
 C      -1.8014100       0.2184600       0.6380100
 C      -1.7562600      -1.2226000       0.4356000
 C      -3.0114300       0.7168900       1.1568100
 C      -3.2181600       2.0581900       1.4114900
 C      -2.1966000       2.9594300       1.1395700
 C      -1.0004800       2.4854600       0.6253800
 C       2.4799500      -0.4452300      -1.0824600
 C       3.1896000      -1.5733800      -1.4610100
 C       2.5906800      -2.8215100      -1.3511200
 C       1.2961300      -2.9001900      -0.8775000
 C       0.6258800       0.8444800      -0.1578700
 H      -1.0558800      -3.0814700      -0.0706700
 H      -2.6793600      -1.7185600       0.7151100
 H      -3.8042700       0.0102200       1.3650900
 H      -4.1615500       2.3976300       1.8170900
 H      -2.3264700       4.0161500       1.3308800
 H      -0.2032200       3.1894000       0.4164900
 H       2.9548700       0.5250100      -1.1688400
 H       4.1980300      -1.4769600      -1.8404300
 H       3.1219400      -3.7184000      -1.6396800
 H       0.8187400      -3.8678600      -0.7940100
 H       1.3166200       1.2222600       0.6034100
 H       0.7731100       1.5158500      -1.0086200

No violations of the orthonormality
No violations of the orthonormality
 
PNOF9/ADABelief Calculation
==================
 
  Nitext  Nit_orb  Time   Nit_occ  Time         Eelec          Etot           Ediff      maxdiff    MaxGrad_orb  Grad_occ
     1      10    5.9e+01   27    4.2e+01 -1443.39090727  -574.68226454 -11442.39090727   0.017090   6.8e-02   2.2e-04 0.04
     2      20    5.9e+01    0    1.4e+00 -1445.51999882  -576.81135609    -2.12909156   0.017090   6.8e-02   2.2e-04 0.04
     3      40    1.2e+02   18    1.5e+00 -1445.56384677  -576.85520404    -0.04384795   0.152407   6.1e-01   3.1e-04 0.04
     4      40    1.1e+02    8    1.4e+00 -1445.69826163  -576.98961890    -0.13441486   0.005857   2.3e-02   2.5e-04 0.04
     5      40    1.1e+02    7    1.5e+00 -1445.73365601  -577.02501328    -0.03539438   0.008209   3.3e-02   1.5e-04 0.04
     6      40    1.1e+02    5    1.5e+00 -1445.75460235  -577.04595962    -0.02094634   0.009298   3.7e-02   2.3e-04 0.04
     7      40    1.1e+02    5    1.5e+00 -1445.76423515  -577.05559242    -0.00963280   0.005938   2.4e-02   1.4e-04 0.04
     8      40    1.2e+02    5    1.5e+00 -1445.77285134  -577.06420861    -0.00861618   0.013559   5.4e-02   1.0e-04 0.04
     9      40    1.1e+02    5    1.4e+00 -1445.77919502  -577.07055229    -0.00634368   0.015314   6.1e-02   6.0e-05 0.04
    10      40    1.1e+02    3    1.4e+00 -1445.78542626  -577.07678353    -0.00623124   0.017870   7.1e-02   3.1e-04 0.04
    11      40    1.1e+02    2    1.4e+00 -1445.79050541  -577.08186268    -0.00507915   0.015418   6.2e-02   3.7e-04 0.04
    12      40    1.1e+02    2    1.4e+00 -1445.79439591  -577.08575318    -0.00389050   0.015170   6.1e-02   3.3e-04 0.04
    13      40    1.1e+02    2    1.4e+00 -1445.79756538  -577.08892265    -0.00316946   0.015171   6.1e-02   3.2e-04 0.04
    14      40    1.1e+02    3    1.4e+00 -1445.79928010  -577.09063737    -0.00171472   0.016300   6.5e-02   2.8e-04 0.04
    15      40    1.1e+02    2    1.4e+00 -1445.80045143  -577.09180870    -0.00117133   0.015239   6.1e-02   2.6e-04 0.04
    16      40    1.2e+02    2    1.4e+00 -1445.80081766  -577.09217493    -0.00036623   0.015552   6.2e-02   2.4e-04 0.04
    17      40    1.1e+02    2    1.4e+00 -1445.80093422  -577.09229150    -0.00011657   0.024708   9.9e-02   2.5e-04 0.04
    18      40    1.1e+02    1    1.5e+00 -1445.80163796  -577.09299523    -0.00070373   0.015452   6.2e-02   3.1e-04 0.04
    19      40    1.2e+02    0    1.5e+00 -1445.80164378  -577.09300105    -0.00000582   0.015452   6.2e-02   3.1e-04 0.04
    20      60    1.9e+02    1    1.6e+00 -1445.81086297  -577.10222024    -0.00921919   0.000917   3.7e-03   3.2e-04 0.04
 
RESULTS OF THE OCCUPATION OPTIMIZATION
========================================
   1    1.9994973  -11.23346196
   2    1.9994689  -11.23313241
   3    1.9995670  -11.23204913
   4    1.9994893  -11.23057544
   5    1.9994658  -11.22980161
   6    1.9995718  -11.22464536
   7    1.9994854  -11.22439810
   8    1.9995385  -11.22391481
   9    1.9995559  -11.22361555
  10    1.9995193  -11.22352641
  11    1.9995754  -11.22317920
  12    1.9994900  -11.22300662
  13    1.9995051  -11.22254410
  14    1.9995566  -11.22244161
  15    1.9995127  -11.22231593
  16    1.9825230  -1.04896104
  17    1.9811704  -1.03995747
  18    1.9809023  -1.02798143
  19    1.9808847  -1.02473621
  20    1.9815752  -0.93621291
  21    1.9821985  -0.92886247
  22    1.9821761  -0.92190147
  23    1.9821130  -0.91430281
  24    1.9782731  -0.85274674
  25    1.9782808  -0.83047579
  26    1.9782103  -0.82091760
  27    1.9755070  -0.68642950
  28    1.9770270  -0.68459767
  29    1.9767448  -0.68209961
  30    1.9757112  -0.67903733
  31    1.9746175  -0.66669125
  32    1.9759471  -0.66212144
  33    1.9749751  -0.66166451
  34    1.9757057  -0.64679320
  35    1.9754448  -0.64557007
  36    1.9757204  -0.64315807
  37    1.9748951  -0.64124631
  38    1.9746120  -0.63942504
  39    1.9726802  -0.63845908
  40    1.9726600  -0.63821072
  41    1.9750494  -0.62867794
  42    1.9747927  -0.61527289
  43    1.9701587  -0.59151660
  44    1.9698922  -0.58749088
  45    1.9622368  -0.41029082
  46    1.9622633  -0.41016944
  47    1.9613021  -0.40614977
  48    1.9613775  -0.40611388
  49    1.9612042  -0.40543906
  50    1.9611718  -0.40510477
  51    1.9565340  -0.39485490
  52    0.0434660  -0.03956373
  53    0.0388282  -0.03717393
  54    0.0387958  -0.03717352
  55    0.0386225  -0.03700025
  56    0.0386979  -0.03699865
  57    0.0377367  -0.03723369
  58    0.0377632  -0.03721950
  59    0.0301078  -0.03576958
  60    0.0298413  -0.03562833
  61    0.0252073  -0.02508701
  62    0.0249506  -0.02595576
  63    0.0273400  -0.03463856
  64    0.0273198  -0.03446625
  65    0.0253880  -0.03205849
  66    0.0251049  -0.03187945
  67    0.0242796  -0.02570913
  68    0.0245552  -0.02592317
  69    0.0242943  -0.02557653
  70    0.0250249  -0.03200251
  71    0.0240529  -0.02573646
  72    0.0253825  -0.03233779
  73    0.0242888  -0.03159661
  74    0.0232552  -0.02526446
  75    0.0229730  -0.02481375
  76    0.0244930  -0.03158853
  77    0.0217897  -0.02995772
  78    0.0217192  -0.03013485
  79    0.0217269  -0.03028927
  80    0.0178870  -0.02254454
  81    0.0178239  -0.02250535
  82    0.0178015  -0.02269419
  83    0.0184248  -0.02312020
  84    0.0191153  -0.02881939
  85    0.0190977  -0.02872728
  86    0.0188296  -0.02827640
  87    0.0174770  -0.02675074
  88    0.0004873  -0.00825952
  89    0.0004434  -0.00769975
  90    0.0004949  -0.00836395
  91    0.0005100  -0.00851667
  92    0.0004246  -0.00746152
  93    0.0004807  -0.00819709
  94    0.0004441  -0.00771173
  95    0.0004615  -0.00791796
  96    0.0005146  -0.00862766
  97    0.0004282  -0.00756498
  98    0.0005342  -0.00888611
  99    0.0005107  -0.00856889
 100    0.0004330  -0.00752629
 101    0.0005311  -0.00888289
 102    0.0005027  -0.00850393
 
----------------
 Final Energies 
----------------
Final NOF Total Energy =    -577.1022202
 
Total Orbital Internal Iterations = 770
Total Occupation Internal Iterations = 100
 
Elapsed time: 2502.65 Seconds

---------------------------------
   Lowdin Population Analysis    
---------------------------------
 Idx  Atom   Population   Charge 
---------------------------------
  1     C     5.928       0.072
  2     C     6.086      -0.086
  3     C     6.045      -0.045
  4     C     6.045      -0.045
  5     C     6.086      -0.086
  6     C     5.928       0.072
  7     C     5.911       0.089
  8     C     5.939       0.061
  9     C     5.932       0.068
 10     C     5.921       0.079
 11     C     5.921       0.079
 12     C     5.934       0.066
 13     C     5.939       0.061
 14     C     5.910       0.090
 15     C     5.872       0.128
 16     H     1.049      -0.049
 17     H     1.048      -0.048
 18     H     1.056      -0.056
 19     H     1.061      -0.061
 20     H     1.062      -0.062
 21     H     1.052      -0.052
 22     H     1.050      -0.050
 23     H     1.062      -0.062
 24     H     1.061      -0.061
 25     H     1.056      -0.056
 26     H     1.021      -0.021
 27     H     1.025      -0.025

---------------------------------
   M Diagnostic: 0.04
---------------------------------

