Computing Integrals
Elapsed time:   27.56 Seconds

Number of basis functions                   (NBF)    = 645
Number of auxiliary basis functions         (NBFAUX) = 591
Inactive Doubly occupied orbitals up to     (NO1)    = 0
No. considered Strongly Doubly occupied MOs (NDOC)   = 21
No. considered Strongly Singly occupied MOs (NSOC)   = 0
NO. of Weakly occ. per St. Doubly occ.  MOs (NCWO)   = 1
Dimension of the Nat. Orb. subspace         (NBF5)   = 42
No. of electrons                                     = 42
    No. of alpha electrons                           = 21
    No. of beta electrons                            = 21
Multiplicity                                         = 1

Geometry
========
 C      -0.8878700      -0.8878700      -0.8878700
 C       0.0000000       0.0000000       0.0000000
 C       0.8878700       0.8878700      -0.8878700
 C      -0.8878700       0.8878700       0.8878700
 C       0.8878700      -0.8878700       0.8878700
 H      -1.5317700      -0.2823100      -1.5317700
 H      -0.2823100      -1.5317700      -1.5317700
 H      -1.5317700      -1.5317700      -0.2823100
 H       0.2823100       1.5317700      -1.5317700
 H       1.5317700       1.5317700      -0.2823100
 H       1.5317700       0.2823100      -1.5317700
 H      -1.5317700       1.5317700       0.2823100
 H      -1.5317700       0.2823100       1.5317700
 H      -0.2823100       1.5317700       1.5317700
 H       1.5317700      -1.5317700       0.2823100
 H       1.5317700      -0.2823100       1.5317700
 H       0.2823100      -1.5317700       1.5317700

No violations of the orthonormality
No violations of the orthonormality
 
PNOF9/ADABelief Calculation
==================
 
  Nitext  Nit_orb  Time   Nit_occ  Time         Eelec          Etot           Ediff      maxdiff    MaxGrad_orb  Grad_occ
     1      10    1.9e+02   16    4.3e+01  -382.96303479  -184.87392831 -10381.96303479   1.317541   5.3e+00   2.4e-04 0.03
     2      10    1.6e+02   10    2.3e-01  -390.33908948  -192.24998300    -7.37605469   0.931346   3.7e+00   1.0e-04 0.04
     3      10    1.5e+02    6    2.5e-01  -392.98814915  -194.89904268    -2.64905968   0.220348   8.8e-01   1.2e-04 0.04
     4      10    1.6e+02    6    2.9e-01  -394.04866022  -195.95955374    -1.06051107   0.210128   8.4e-01   1.3e-04 0.03
     5      10    1.6e+02    5    1.7e-01  -394.46653784  -196.37743136    -0.41787762   0.282185   1.1e+00   9.1e-05 0.03
     6      10    1.6e+02    4    2.2e-01  -394.57158651  -196.48248003    -0.10504867   0.652092   2.6e+00   1.8e-04 0.03
     7      10    1.7e+02    5    2.0e-01  -394.61417268  -196.52506620    -0.04258616   0.988113   4.0e+00   6.9e-05 0.03
     8      10    1.6e+02    0    1.7e-01  -394.61489190  -196.52578542    -0.00071922   0.988113   4.0e+00   6.9e-05 0.03
     9      30    4.6e+02    5    2.4e-01  -395.19378941  -197.10468293    -0.57889751   0.023791   9.5e-02   4.9e-05 0.03
    10      30    4.8e+02    3    2.3e-01  -395.20757781  -197.11847133    -0.01378840   0.015152   6.1e-02   2.0e-04 0.03
    11      30    4.7e+02    0    2.1e-01  -395.20849454  -197.11938807    -0.00091673   0.015152   6.1e-02   2.0e-04 0.03
    12      50    7.5e+02    2    1.7e-01  -395.21261025  -197.12350377    -0.00411571   0.002732   1.1e-02   1.4e-04 0.03
    13      50    8.4e+02    2    1.6e-01  -395.21334860  -197.12424213    -0.00073835   0.005803   2.3e-02   8.5e-05 0.03
    14      50    1.2e+03    2    1.7e-01  -395.21372639  -197.12461991    -0.00037779   0.005035   2.0e-02   6.4e-05 0.03
    15      50    1.2e+03    2    2.0e-01  -395.21412677  -197.12502030    -0.00040038   0.005080   2.0e-02   6.0e-05 0.03
    16      50    1.1e+03    2    1.6e-01  -395.21453392  -197.12542744    -0.00040715   0.005082   2.0e-02   5.5e-05 0.03
    17      50    1.1e+03    2    1.7e-01  -395.21473318  -197.12562670    -0.00019926   0.081161   3.2e-01   5.3e-05 0.03
    18      50    1.1e+03    2    1.6e-01  -395.21507872  -197.12597224    -0.00034554   0.005210   2.1e-02   4.6e-05 0.03
    19      50    1.2e+03    2    1.7e-01  -395.21522055  -197.12611407    -0.00014183   0.004877   2.0e-02   4.3e-05 0.03
    20      50    1.3e+03    1    1.7e-01  -395.21528802  -197.12618154    -0.00006747   0.004596   1.8e-02   1.8e-04 0.03
    21      50    1.2e+03    1    1.7e-01  -395.21531585  -197.12620937    -0.00002783   0.004570   1.8e-02   1.6e-04 0.03
    22      50    1.3e+03    0    1.7e-01  -395.21531949  -197.12621301    -0.00000364   0.004570   1.8e-02   1.6e-04 0.03
    23      70    1.8e+03    1    1.7e-01  -395.21552743  -197.12642095    -0.00020794   0.000426   1.7e-03   7.7e-05 0.03
    24      70    1.8e+03    0    1.9e-01  -395.21552797  -197.12642149    -0.00000054   0.000426   1.7e-03   7.7e-05 0.03
    25      85    2.1e+03    0    1.6e-01  -395.21552975  -197.12642328    -0.00000179   0.000124   4.9e-04   1.2e-04 0.03
 
RESULTS OF THE OCCUPATION OPTIMIZATION
========================================
   1    1.9994757  -11.21612969
   2    1.9995836  -11.20573365
   3    1.9995829  -11.20554291
   4    1.9995840  -11.20463016
   5    1.9995820  -11.20402806
   6    1.9814959  -0.91528863
   7    1.9814456  -0.91158779
   8    1.9814087  -0.91025990
   9    1.9813801  -0.90934305
  10    1.9726278  -0.67770166
  11    1.9738616  -0.57849622
  12    1.9738591  -0.57835746
  13    1.9738294  -0.57616922
  14    1.9738042  -0.57600490
  15    1.9737708  -0.57567549
  16    1.9737776  -0.57514113
  17    1.9737510  -0.57461623
  18    1.9737531  -0.57417628
  19    1.9698126  -0.56006400
  20    1.9697536  -0.55632200
  21    1.9696946  -0.55296557
  22    0.0303054  -0.03442620
  23    0.0302464  -0.03443572
  24    0.0301874  -0.03450529
  25    0.0262469  -0.02529267
  26    0.0262490  -0.02528729
  27    0.0262224  -0.02528916
  28    0.0262292  -0.02528981
  29    0.0261958  -0.02526990
  30    0.0261706  -0.02526472
  31    0.0261409  -0.02528044
  32    0.0261384  -0.02526963
  33    0.0273722  -0.03352858
  34    0.0186199  -0.02308971
  35    0.0185913  -0.02305213
  36    0.0185544  -0.02300956
  37    0.0185041  -0.02293288
  38    0.0004180  -0.00740471
  39    0.0004160  -0.00739906
  40    0.0004171  -0.00740304
  41    0.0004164  -0.00740239
  42    0.0005243  -0.00888818
 
----------------
 Final Energies 
----------------
Final NOF Total Energy =    -197.1264233
 
Total Orbital Internal Iterations = 945
Total Occupation Internal Iterations = 79
 
Elapsed time: 21208.38 Seconds

---------------------------------
   Lowdin Population Analysis    
---------------------------------
 Idx  Atom   Population   Charge 
---------------------------------
  1     C     5.775       0.225
  2     C     6.287      -0.287
  3     C     5.775       0.225
  4     C     5.775       0.225
  5     C     5.774       0.226
  6     H     1.052      -0.052
  7     H     1.049      -0.049
  8     H     1.052      -0.052
  9     H     1.050      -0.050
 10     H     1.052      -0.052
 11     H     1.052      -0.052
 12     H     1.049      -0.049
 13     H     1.052      -0.052
 14     H     1.052      -0.052
 15     H     1.052      -0.052
 16     H     1.052      -0.052
 17     H     1.049      -0.049

---------------------------------
   M Diagnostic: 0.03
---------------------------------

