Computing Integrals
Elapsed time:   14.27 Seconds

Number of basis functions                   (NBF)    = 348
Number of auxiliary basis functions         (NBFAUX) = 376
Inactive Doubly occupied orbitals up to     (NO1)    = 0
No. considered Strongly Doubly occupied MOs (NDOC)   = 16
No. considered Strongly Singly occupied MOs (NSOC)   = 0
NO. of Weakly occ. per St. Doubly occ.  MOs (NCWO)   = 1
Dimension of the Nat. Orb. subspace         (NBF5)   = 32
No. of electrons                                     = 32
    No. of alpha electrons                           = 16
    No. of beta electrons                            = 16
Multiplicity                                         = 1

Geometry
========
 C      -1.0296700       0.1245800       0.0000000
 O       0.2618900       0.7562600       0.0000000
 C       1.3342200      -0.0584400       0.0000000
 O       2.4566700       0.3497900       0.0000000
 H      -1.7556600       0.9329400       0.0000000
 H      -1.1692000      -0.4862800      -0.8945100
 H      -1.1692000      -0.4862800       0.8945100
 H       1.0709500      -1.1325600       0.0000000

No violations of the orthonormality
No violations of the orthonormality
 
PNOF9/ADABelief Calculation
==================
 
  Nitext  Nit_orb  Time   Nit_occ  Time         Eelec          Etot           Ediff      maxdiff    MaxGrad_orb  Grad_occ
     1      10    1.2e+02   29    4.3e+01  -336.36111207  -216.89606411 -10335.36111207   3.696014   1.5e+01   1.5e-04 0.04
     2      10    9.3e+01   11    4.4e-02  -342.57323815  -223.10819020    -6.21212609   0.446115   1.8e+00   2.4e-04 0.05
     3      10    9.5e+01    8    7.4e-02  -344.75737916  -225.29233120    -2.18414100   0.468052   1.9e+00   1.6e-04 0.04
     4      10    9.5e+01    7    4.3e-02  -345.86386944  -226.39882149    -1.10649029   0.271205   1.1e+00   1.4e-04 0.04
     5      10    9.4e+01    7    5.4e-02  -346.54415353  -227.07910557    -0.68028408   0.401339   1.6e+00   2.1e-04 0.04
     6      10    9.3e+01    7    4.3e-02  -346.87861337  -227.41356541    -0.33445984   0.414822   1.7e+00   7.9e-05 0.04
     7      10    9.4e+01    6    7.7e-02  -347.13266798  -227.66762002    -0.25405460   0.367382   1.5e+00   1.4e-04 0.04
     8      10    9.4e+01    6    3.8e-02  -347.29401622  -227.82896826    -0.16134824   0.454040   1.8e+00   2.0e-04 0.04
     9      10    9.4e+01    6    5.7e-02  -347.33687717  -227.87182922    -0.04286095   1.117836   4.5e+00   1.7e-04 0.04
    10      10    8.8e+01    0    2.9e-02  -347.33744388  -227.87239593    -0.00056671   1.117836   4.5e+00   1.7e-04 0.04
    11      30    2.8e+02    6    4.3e-02  -347.91285237  -228.44780442    -0.57540849   0.034314   1.4e-01   1.7e-04 0.04
    12      30    2.6e+02    4    5.2e-02  -347.96358958  -228.49854162    -0.05073720   0.045221   1.8e-01   2.9e-04 0.04
    13      30    2.7e+02    0    1.2e-01  -347.96403024  -228.49898229    -0.00044067   0.045221   1.8e-01   2.9e-04 0.04
    14      50    4.5e+02    4    4.1e-02  -347.96918886  -228.50414091    -0.00515862   0.006374   2.5e-02   2.2e-04 0.04
    15      50    4.3e+02    3    5.4e-02  -347.97049018  -228.50544223    -0.00130132   0.008366   3.3e-02   1.5e-04 0.04
    16      50    4.5e+02    3    4.9e-02  -347.97201527  -228.50696731    -0.00152508   0.007521   3.0e-02   9.8e-05 0.04
    17      50    4.2e+02    3    3.6e-02  -347.97342580  -228.50837784    -0.00141053   0.008230   3.3e-02   7.0e-05 0.04
    18      50    4.2e+02    3    6.2e-02  -347.97448229  -228.50943433    -0.00105649   0.007837   3.1e-02   1.1e-04 0.04
    19      50    4.3e+02    3    9.3e-02  -347.97516860  -228.51012065    -0.00068631   0.007815   3.1e-02   1.3e-04 0.04
    20      50    5.3e+02    3    4.0e-02  -347.97552401  -228.51047605    -0.00035541   0.007836   3.1e-02   1.2e-04 0.04
    21      50    5.7e+02    2    3.8e-02  -347.97583411  -228.51078615    -0.00031010   0.007678   3.1e-02   2.2e-04 0.04
    22      50    5.4e+02    2    3.0e-02  -347.97603075  -228.51098280    -0.00019665   0.007855   3.1e-02   1.8e-04 0.04
    23      50    5.8e+02    2    4.9e-02  -347.97619026  -228.51114230    -0.00015951   0.007638   3.1e-02   1.4e-04 0.04
    24      50    5.7e+02    2    3.1e-02  -347.97626661  -228.51121866    -0.00007635   0.007468   3.0e-02   1.3e-04 0.04
    25      50    5.2e+02    2    2.8e-02  -347.97630008  -228.51125212    -0.00003346   0.007540   3.0e-02   1.1e-04 0.04
    26      50    5.9e+02    1    5.9e-02  -347.97632427  -228.51127632    -0.00002419   0.007591   3.0e-02   2.2e-04 0.04
    27      50    5.6e+02    0    2.8e-02  -347.97632674  -228.51127878    -0.00000247   0.007591   3.0e-02   2.2e-04 0.04
    28      70    8.2e+02    1    2.8e-02  -347.97673289  -228.51168493    -0.00040615   0.000512   2.0e-03   2.1e-04 0.04
    29      70    7.6e+02    0    2.9e-02  -347.97673388  -228.51168592    -0.00000099   0.000512   2.0e-03   2.1e-04 0.04
    30      90    9.9e+02    0    3.9e-02  -347.97673805  -228.51169009    -0.00000417   0.000273   1.1e-03   2.6e-04 0.04
    31     100    1.1e+03    0    2.8e-02  -347.97673987  -228.51169192    -0.00000183   0.000254   1.0e-03   2.6e-04 0.04
    32     110    1.2e+03    1    2.8e-02  -347.97674157  -228.51169361    -0.00000169   0.000231   9.3e-04   1.9e-04 0.04
 
RESULTS OF THE OCCUPATION OPTIMIZATION
========================================
   1    1.9997810  -20.62619522
   2    1.9998039  -20.59259316
   3    1.9994976  -11.34849836
   4    1.9995615  -11.30542847
   5    1.9919570  -1.37240530
   6    1.9905474  -1.32432897
   7    1.9804004  -0.89203193
   8    1.9870952  -0.78669088
   9    1.9775983  -0.75842964
  10    1.9736017  -0.70915337
  11    1.9658121  -0.68240322
  12    1.9855064  -0.67930799
  13    1.9681180  -0.65635513
  14    1.9746783  -0.62749330
  15    1.9737509  -0.60122341
  16    1.9578966  -0.53263306
  17    0.0421034  -0.05268557
  18    0.0262491  -0.02585473
  19    0.0253217  -0.02567338
  20    0.0318820  -0.04644710
  21    0.0144936  -0.01847503
  22    0.0341879  -0.04641006
  23    0.0263983  -0.04014377
  24    0.0224017  -0.02749620
  25    0.0129048  -0.02144621
  26    0.0195996  -0.02386320
  27    0.0094526  -0.02046910
  28    0.0080430  -0.01543932
  29    0.0004385  -0.00779748
  30    0.0005024  -0.00874857
  31    0.0001961  -0.00660141
  32    0.0002190  -0.00704294
 
----------------
 Final Energies 
----------------
Final NOF Total Energy =    -228.5116936
 
Total Orbital Internal Iterations = 1330
Total Occupation Internal Iterations = 132
 
Elapsed time: 14065.03 Seconds

---------------------------------
   Lowdin Population Analysis    
---------------------------------
 Idx  Atom   Population   Charge 
---------------------------------
  1     C     5.940       0.060
  2     O     7.523       0.477
  3     C     6.525      -0.525
  4     O     7.711       0.289
  5     H     1.067      -0.067
  6     H     1.070      -0.070
  7     H     1.072      -0.072
  8     H     1.093      -0.093

---------------------------------
   M Diagnostic: 0.04
---------------------------------

