Computing Integrals
NVIDIA GeForce RTX 4060
Elapsed time:    5.61 Seconds

Number of basis functions                   (NBF)    = 576
Number of auxiliary basis functions         (NBFAUX) = 680
Inactive Doubly occupied orbitals up to     (NO1)    = 0
No. considered Strongly Doubly occupied MOs (NDOC)   = 29
No. considered Strongly Singly occupied MOs (NSOC)   = 0
NO. of Weakly occ. per St. Doubly occ.  MOs (NCWO)   = 1
Dimension of the Nat. Orb. subspace         (NBF5)   = 58
No. of electrons                                     = 58
    No. of alpha electrons                           = 29
    No. of beta electrons                            = 29
Multiplicity                                         = 1

Geometry
========
 N       0.5909200       1.1603000       0.0000000
 H       1.0381600       2.0668700       0.0000000
 C       1.4469700       0.0456800       0.0000000
 O       2.6564200       0.1973800       0.0000000
 C       0.7327500      -1.2165000       0.0000000
 H       1.2993300      -2.1315300       0.0000000
 C      -0.6174200      -1.2203100       0.0000000
 H      -1.1943800      -2.1332800       0.0000000
 N      -1.3554100      -0.0694300       0.0000000
 H      -2.3817500      -0.0908700       0.0000000
 C      -0.7826400       1.1752300       0.0000000
 O      -1.4329600       2.2164500       0.0000000

No violations of the orthonormality
No violations of the orthonormality
 
PNOF9/ADABelief Calculation
==================
 
  Nitext  Nit_orb  Time   Nit_occ  Time         Eelec          Etot           Ediff      maxdiff    MaxGrad_orb  Grad_occ
     1      10    2.3e+01   22    1.8e+01  -770.22442902  -412.99682555 -10769.22442902   0.002160   8.6e-03   1.9e-04 0.04
     2      20    1.4e+00    0    7.0e-03  -771.02830390  -413.80070044    -0.80387489   0.002160   8.6e-03   1.9e-04 0.04
     3      40    2.2e+00    0    9.9e-03  -771.02830390  -413.80070044     0.00000000   0.002160   8.6e-03   1.9e-04 0.04
     4      60    3.4e+00    2    1.1e-02  -771.02846383  -413.80086036    -0.00015993   0.001963   7.9e-03   6.8e-05 0.04
     5      60    3.7e+00    0    1.3e-02  -771.02844066  -413.80083720     0.00002317   0.001963   7.9e-03   6.8e-05 0.04
     6      62    4.0e+00    1    1.4e-02  -771.02848369  -413.80088023    -0.00004303   0.001079   4.3e-03   1.1e-04 0.04
     7      66    4.5e+00    1    1.1e-02  -771.02848929  -413.80088582    -0.00000559   0.000752   3.0e-03   1.3e-04 0.04
 
RESULTS OF THE OCCUPATION OPTIMIZATION
========================================
   1    1.9998077  -20.56910324
   2    1.9998062  -20.56664658
   3    1.9996553  -15.42268753
   4    1.9996424  -15.34723568
   5    1.9995010  -11.50422859
   6    1.9995378  -11.49050331
   7    1.9994470  -11.40021324
   8    1.9994582  -11.39700890
   9    1.9915249  -1.35471153
  10    1.9894832  -1.19443190
  11    1.9895716  -1.14803112
  12    1.9887916  -1.10856855
  13    1.9891863  -1.09691966
  14    1.9806512  -0.87506557
  15    1.9867841  -0.78516531
  16    1.9753576  -0.78198487
  17    1.9784994  -0.77571565
  18    1.9730337  -0.76930672
  19    1.9727114  -0.76776451
  20    1.9723819  -0.76543003
  21    1.9759313  -0.73447984
  22    1.9728095  -0.70790100
  23    1.9771197  -0.67014849
  24    1.9723195  -0.66538405
  25    1.9737391  -0.63415998
  26    1.9710694  -0.61605185
  27    1.9587700  -0.51171714
  28    1.9608871  -0.48107773
  29    1.9594382  -0.45057178
  30    0.0405618  -0.04049407
  31    0.0391129  -0.04976107
  32    0.0412300  -0.05136337
  33    0.0289306  -0.04020322
  34    0.0262609  -0.03370878
  35    0.0276805  -0.03918011
  36    0.0228803  -0.02422019
  37    0.0271905  -0.03830623
  38    0.0240687  -0.02879048
  39    0.0276181  -0.04241591
  40    0.0272886  -0.04180193
  41    0.0269663  -0.03764823
  42    0.0215006  -0.02870398
  43    0.0246424  -0.03024830
  44    0.0132159  -0.01845398
  45    0.0193488  -0.02340168
  46    0.0108137  -0.01905705
  47    0.0112084  -0.01513402
  48    0.0104284  -0.01873659
  49    0.0105168  -0.02117095
  50    0.0084751  -0.01375487
  51    0.0005418  -0.00916399
  52    0.0005530  -0.00936292
  53    0.0004622  -0.00805266
  54    0.0004990  -0.00860382
  55    0.0003576  -0.00843072
  56    0.0003447  -0.00823510
  57    0.0001938  -0.00648573
  58    0.0001923  -0.00645108
 
----------------
 Final Energies 
----------------
Final NOF Total Energy =    -413.8008858
 
Total Orbital Internal Iterations = 318
Total Occupation Internal Iterations = 26
 
Elapsed time:   74.74 Seconds

---------------------------------
   Lowdin Population Analysis    
---------------------------------
 Idx  Atom   Population   Charge 
---------------------------------
  1     N     6.457       0.543
  2     H     1.119      -0.119
  3     C     6.576      -0.576
  4     O     7.728       0.272
  5     C     5.956       0.044
  6     H     1.068      -0.068
  7     C     6.008      -0.008
  8     H     1.055      -0.055
  9     N     6.470       0.530
 10     H     1.098      -0.098
 11     C     6.691      -0.691
 12     O     7.775       0.225

---------------------------------
   M Diagnostic: 0.04
---------------------------------

