Computing Integrals
Elapsed time:    3.81 Seconds

Number of basis functions                   (NBF)    = 30
Number of auxiliary basis functions         (NBFAUX) = 23
Inactive Doubly occupied orbitals up to     (NO1)    = 0
No. considered Strongly Doubly occupied MOs (NDOC)   = 1
No. considered Strongly Singly occupied MOs (NSOC)   = 0
NO. of Weakly occ. per St. Doubly occ.  MOs (NCWO)   = 1
Dimension of the Nat. Orb. subspace         (NBF5)   = 2
No. of electrons                                     = 2
    No. of alpha electrons                           = 1
    No. of beta electrons                            = 1
Multiplicity                                         = 1

Geometry
========
He       0.0000000       0.0000000       0.0000000

No violations of the orthonormality
No violations of the orthonormality
 
PNOF9/ADABelief Calculation
==================
 
  Nitext  Nit_orb  Time   Nit_occ  Time         Eelec          Etot           Ediff      maxdiff    MaxGrad_orb  Grad_occ
     1      10    2.2e+01    1    3.5e+01    -2.86612801    -2.86612801 -10001.86612801   0.050897   2.0e-01   4.8e-05 0.01
     2      10    7.2e-04    2    1.3e-04    -2.87587281    -2.87587281    -0.00974480   0.014201   5.7e-02   2.1e-05 0.01
     3      10    6.6e-04    1    7.1e-05    -2.87733680    -2.87733680    -0.00146399   0.011237   4.5e-02   1.3e-06 0.01
     4      10    6.6e-04    1    6.3e-05    -2.87752147    -2.87752147    -0.00018467   0.011008   4.4e-02   2.8e-05 0.01
     5      10    1.9e-02    1    9.3e-05    -2.87754118    -2.87754118    -0.00001971   0.011037   4.4e-02   1.6e-06 0.01
     6      10    6.7e-04    0    5.2e-05    -2.87754197    -2.87754197    -0.00000080   0.011037   4.4e-02   1.6e-06 0.01
     7      19    1.1e-03    0    4.6e-05    -2.87773154    -2.87773154    -0.00018956   0.000051   2.0e-04   3.3e-05 0.01
 
RESULTS OF THE OCCUPATION OPTIMIZATION
========================================
   1    1.9917573  -0.93220182
   2    0.0082427  -0.01219978
 
----------------
 Final Energies 
----------------
Final NOF Total Energy =      -2.8777315
 
Total Orbital Internal Iterations = 79
Total Occupation Internal Iterations = 6
 
Elapsed time:   83.99 Seconds

---------------------------------
   Lowdin Population Analysis    
---------------------------------
 Idx  Atom   Population   Charge 
---------------------------------
  1    He     2.000      -0.000

---------------------------------
   M Diagnostic: 0.01
---------------------------------

