Computing Integrals
Elapsed time:    6.07 Seconds

Number of basis functions                   (NBF)    = 204
Number of auxiliary basis functions         (NBFAUX) = 204
Inactive Doubly occupied orbitals up to     (NO1)    = 0
No. considered Strongly Doubly occupied MOs (NDOC)   = 7
No. considered Strongly Singly occupied MOs (NSOC)   = 1
NO. of Weakly occ. per St. Doubly occ.  MOs (NCWO)   = 1
Dimension of the Nat. Orb. subspace         (NBF5)   = 15
No. of electrons                                     = 15
    No. of alpha electrons                           = 8
    No. of beta electrons                            = 7
Multiplicity                                         = 2

Geometry
========
 C       0.0498400       0.7240600       0.0000000
 H      -0.6853900       1.5132200       0.0000000
 C       0.0498400      -0.5896100       0.0000000
 H       0.9690500      -1.1647400       0.0000000
 H      -0.8817800      -1.1551700       0.0000000

No violations of the orthonormality
No violations of the orthonormality
 
PNOF9/ADABelief Calculation
==================
 
  Nitext  Nit_orb  Time   Nit_occ  Time         Eelec          Etot           Ediff      maxdiff    MaxGrad_orb  Grad_occ
     1      10    6.6e+01   17    3.7e+01  -101.51272104   -73.12354543 -10100.51272104   1.217880   4.9e+00   1.6e-04 0.04
     2      10    4.6e+01    8    2.7e-02  -104.53371638   -76.14454076    -3.02099534   0.234063   9.4e-01   6.8e-05 0.05
     3      10    3.9e+01    5    6.1e-02  -105.42376901   -77.03459339    -0.89005263   0.199218   8.0e-01   7.3e-05 0.05
     4      10    3.7e+01    4    1.5e-02  -105.77633925   -77.38716364    -0.35257025   0.212215   8.5e-01   8.5e-05 0.05
     5      10    4.0e+01    3    3.9e-03  -105.91053640   -77.52136078    -0.13419714   0.197092   7.9e-01   1.3e-04 0.05
     6      10    4.3e+01    2    1.8e-02  -105.95950206   -77.57032644    -0.04896566   0.190408   7.6e-01   2.1e-04 0.05
     7      10    4.3e+01    3    4.4e-02  -105.99870650   -77.60953088    -0.03920444   0.193497   7.7e-01   1.6e-04 0.05
     8      10    3.6e+01    3    2.2e-02  -106.01453332   -77.62535771    -0.01582682   0.182432   7.3e-01   9.1e-05 0.05
     9      10    3.5e+01    0    3.9e-03  -106.01476464   -77.62558902    -0.00023132   0.182432   7.3e-01   9.1e-05 0.05
    10      30    1.2e+02    2    8.7e-03  -106.05291407   -77.66373845    -0.03814943   0.004885   2.0e-02   1.4e-04 0.05
    11      30    1.2e+02    2    6.7e-02  -106.05482685   -77.66565123    -0.00191278   0.011140   4.5e-02   8.6e-05 0.05
    12      30    1.2e+02    1    2.8e-03  -106.05493817   -77.66576255    -0.00011132   0.011367   4.5e-02   1.0e-04 0.05
    13      30    1.2e+02    0    2.8e-02  -106.05494483   -77.66576921    -0.00000666   0.011367   4.5e-02   1.0e-04 0.05
    14      50    1.9e+02    1    3.9e-03  -106.05520457   -77.66602895    -0.00025974   0.001000   4.0e-03   5.1e-05 0.05
    15      50    2.3e+02    0    2.4e-02  -106.05520663   -77.66603101    -0.00000206   0.001000   4.0e-03   5.1e-05 0.05
    16      70    2.9e+02    1    4.8e-02  -106.05521138   -77.66603577    -0.00000475   0.000175   7.0e-04   2.9e-05 0.05
 
RESULTS OF THE OCCUPATION OPTIMIZATION
========================================
   1    1.9994501  -11.23613664
   2    1.9995758  -11.23117905
   3    1.9802142  -0.91820572
   4    1.9761668  -0.83061927
   5    1.9738383  -0.64874726
   6    1.9746745  -0.63847116
   7    1.9500886  -0.40198035
   8    1.0000000  -0.21723115
   9    0.0499114  -0.03902836
  10    0.0253255  -0.02527599
  11    0.0261617  -0.02541711
  12    0.0238332  -0.02549799
  13    0.0197858  -0.02740148
  14    0.0004242  -0.00757366
  15    0.0005499  -0.00925919
 
----------------
 Final Energies 
----------------
Final NOF Total Energy =     -77.6660358
 
Total Orbital Internal Iterations = 380
Total Occupation Internal Iterations = 52
 
Elapsed time: 1657.44 Seconds

---------------------------------
   Lowdin Population Analysis    
---------------------------------
 Idx  Atom   Population   Charge 
---------------------------------
  1     C     5.778       0.222
  2     H     1.153      -0.153
  3     C     5.896       0.104
  4     H     1.088      -0.088
  5     H     1.085      -0.085

---------------------------------
   M Diagnostic: 0.05
---------------------------------

