Computing Integrals
Elapsed time:    4.72 Seconds

Number of basis functions                   (NBF)    = 114
Number of auxiliary basis functions         (NBFAUX) = 154
Inactive Doubly occupied orbitals up to     (NO1)    = 0
No. considered Strongly Doubly occupied MOs (NDOC)   = 7
No. considered Strongly Singly occupied MOs (NSOC)   = 0
NO. of Weakly occ. per St. Doubly occ.  MOs (NCWO)   = 1
Dimension of the Nat. Orb. subspace         (NBF5)   = 14
No. of electrons                                     = 14
    No. of alpha electrons                           = 7
    No. of beta electrons                            = 7
Multiplicity                                         = 1

Geometry
========
 N       0.0000000       0.0000000       0.5501500
 N       0.0000000       0.0000000      -0.5501500

No violations of the orthonormality
No violations of the orthonormality
 
PNOF9/ADABelief Calculation
==================
 
  Nitext  Nit_orb  Time   Nit_occ  Time         Eelec          Etot           Ediff      maxdiff    MaxGrad_orb  Grad_occ
     1      10    4.7e+01   17    4.2e+01  -127.69889373  -104.13292976 -10126.69889373   1.207125   4.8e+00   2.1e-04 0.05
     2      10    2.4e+01    9    1.2e-02  -130.67055314  -107.10458917    -2.97165941   0.317111   1.3e+00   1.7e-04 0.05
     3      10    2.1e+01    6    1.6e-02  -132.12020910  -108.55424513    -1.44965595   0.224091   9.0e-01   1.3e-04 0.04
     4      10    2.2e+01    5    4.9e-02  -132.61159919  -109.04563521    -0.49139009   0.251985   1.0e+00   1.5e-04 0.04
     5      10    2.0e+01    4    2.2e-03  -132.76284395  -109.19687998    -0.15124476   0.246547   9.9e-01   2.2e-04 0.03
     6      10    2.0e+01    6    2.2e-02  -132.81438962  -109.24842565    -0.05154567   0.290442   1.2e+00   4.6e-05 0.04
     7      10    2.0e+01    5    3.6e-03  -132.82609711  -109.26013314    -0.01170749   0.276960   1.1e+00   1.6e-04 0.04
     8      10    2.3e+01    0    5.0e-02  -132.82679616  -109.26083219    -0.00069905   0.276960   1.1e+00   1.6e-04 0.04
     9      30    7.3e+01    4    5.6e-03  -132.85428875  -109.28832477    -0.02749258   0.007920   3.2e-02   1.3e-04 0.04
    10      30    7.2e+01    4    4.4e-02  -132.85663497  -109.29067100    -0.00234622   0.005936   2.4e-02   1.2e-04 0.04
    11      30    7.2e+01    4    1.0e-02  -132.85744396  -109.29147999    -0.00080900   0.006241   2.5e-02   7.8e-05 0.04
    12      30    7.0e+01    3    2.6e-03  -132.85763746  -109.29167348    -0.00019349   0.007289   2.9e-02   1.4e-04 0.04
    13      30    6.3e+01    4    2.6e-03  -132.85766904  -109.29170507    -0.00003159   0.010258   4.1e-02   1.5e-05 0.04
    14      30    7.4e+01    2    4.6e-02  -132.85780485  -109.29184088    -0.00013581   0.011214   4.5e-02   1.4e-04 0.04
    15      30    7.5e+01    0    1.7e-02  -132.85780897  -109.29184500    -0.00000412   0.011214   4.5e-02   1.4e-04 0.04
    16      50    1.2e+02    3    4.0e-03  -132.85808270  -109.29211873    -0.00027373   0.000697   2.8e-03   6.7e-05 0.04
    17      50    1.3e+02    3    1.4e-02  -132.85810989  -109.29214592    -0.00002719   0.001196   4.8e-03   1.0e-04 0.04
    18      50    1.1e+02    1    2.0e-03  -132.85813060  -109.29216663    -0.00002071   0.000663   2.7e-03   1.6e-04 0.04
    19      50    1.2e+02    2    2.4e-02  -132.85813870  -109.29217473    -0.00000810   0.000803   3.2e-03   1.1e-04 0.04
    20      50    1.2e+02    1    5.0e-03  -132.85814526  -109.29218128    -0.00000655   0.000773   3.1e-03   1.2e-04 0.04
    21      50    1.1e+02    1    3.0e-03  -132.85814936  -109.29218539    -0.00000411   0.000715   2.9e-03   1.4e-04 0.04
    22      50    1.1e+02    1    2.6e-03  -132.85815067  -109.29218670    -0.00000131   0.000825   3.3e-03   1.6e-04 0.04
    23      50    1.1e+02    0    2.3e-03  -132.85815132  -109.29218734    -0.00000065   0.000825   3.3e-03   1.6e-04 0.04
    24      51    1.1e+02    1    2.5e-02  -132.85815386  -109.29218989    -0.00000254   0.000121   4.9e-04   1.4e-04 0.04
 
RESULTS OF THE OCCUPATION OPTIMIZATION
========================================
   1    1.9997406  -15.67182151
   2    1.9997887  -15.66966751
   3    1.9918500  -1.25959222
   4    1.9872695  -0.87748913
   5    1.9764884  -0.77249267
   6    1.9561289  -0.62517689
   7    1.9560514  -0.62517511
   8    0.0439486  -0.05202241
   9    0.0438711  -0.05200054
  10    0.0235116  -0.03636448
  11    0.0127305  -0.02090811
  12    0.0081500  -0.01742587
  13    0.0002113  -0.00556351
  14    0.0002594  -0.00664111
 
----------------
 Final Energies 
----------------
Final NOF Total Energy =    -109.2921899
 
Total Orbital Internal Iterations = 741
Total Occupation Internal Iterations = 86
 
Elapsed time: 1808.92 Seconds

---------------------------------
   Lowdin Population Analysis    
---------------------------------
 Idx  Atom   Population   Charge 
---------------------------------
  1     N     7.001      -0.001
  2     N     6.999       0.001

---------------------------------
   M Diagnostic: 0.04
---------------------------------

