Computing Integrals
NVIDIA GeForce RTX 4060
Elapsed time:    4.31 Seconds

Number of basis functions                   (NBF)    = 475
Number of auxiliary basis functions         (NBFAUX) = 579
Inactive Doubly occupied orbitals up to     (NO1)    = 0
No. considered Strongly Doubly occupied MOs (NDOC)   = 27
No. considered Strongly Singly occupied MOs (NSOC)   = 0
NO. of Weakly occ. per St. Doubly occ.  MOs (NCWO)   = 1
Dimension of the Nat. Orb. subspace         (NBF5)   = 54
No. of electrons                                     = 54
    No. of alpha electrons                           = 27
    No. of beta electrons                            = 27
Multiplicity                                         = 1

Geometry
========
 C      -0.1499300      -1.0366700       0.0000000
 S       0.5689500       0.4243500       0.0000000
 F      -0.1499300       1.3095200       1.1445500
 F      -0.1499300       1.3095200      -1.1445500
 B      -1.6788000      -1.2010700       0.0000000
 H      -2.1250400      -2.3021100       0.0000000
 H      -2.3960100      -0.2526000       0.0000000
 B       0.9394300      -2.1060600       0.0000000
 H       0.6194500      -3.2503000       0.0000000
 H       2.0934600      -1.8003300       0.0000000

No violations of the orthonormality
No violations of the orthonormality
 
PNOF9/ADABelief Calculation
==================
 
  Nitext  Nit_orb  Time   Nit_occ  Time         Eelec          Etot           Ediff      maxdiff    MaxGrad_orb  Grad_occ
     1      10    2.5e+01   22    1.8e+01  -975.96129020  -686.05046516 -10974.96129020   0.000876   3.5e-03   1.9e-04 0.04
 
RESULTS OF THE OCCUPATION OPTIMIZATION
========================================
   1    1.9999679  -92.22025299
   2    1.9998436  -26.39870644
   3    1.9998435  -26.39808655
   4    1.9993725  -10.02737999
   5    1.9990963  -8.98712635
   6    1.9990507  -8.91771126
   7    1.9986508  -7.06887436
   8    1.9986835  -7.05708933
   9    1.9985591  -7.03839540
  10    1.9986578  -7.03124237
  11    1.9942011  -1.67694592
  12    1.9937537  -1.61902308
  13    1.9881533  -1.01401889
  14    1.9876889  -0.94932604
  15    1.9872564  -0.77929783
  16    1.9870517  -0.76672411
  17    1.9798159  -0.73654330
  18    1.9809665  -0.72026193
  19    1.9639294  -0.70466578
  20    1.9803160  -0.69526988
  21    1.9836545  -0.68906128
  22    1.9639509  -0.66379416
  23    1.9779961  -0.60155690
  24    1.9711096  -0.58191246
  25    1.9761231  -0.56783938
  26    1.9735113  -0.49850112
  27    1.9720679  -0.46672937
  28    0.0279321  -0.02134717
  29    0.0264887  -0.01921752
  30    0.0238769  -0.02658375
  31    0.0288904  -0.04159992
  32    0.0220039  -0.02631169
  33    0.0360491  -0.06022288
  34    0.0163455  -0.01959681
  35    0.0196840  -0.02684052
  36    0.0360706  -0.06179974
  37    0.0190335  -0.02663674
  38    0.0201841  -0.02922047
  39    0.0129483  -0.02657960
  40    0.0127436  -0.02679334
  41    0.0123111  -0.01954213
  42    0.0118467  -0.01939747
  43    0.0062463  -0.02046072
  44    0.0057989  -0.02128135
  45    0.0013422  -0.01528363
  46    0.0014409  -0.01750641
  47    0.0013165  -0.01497788
  48    0.0013492  -0.01497690
  49    0.0009493  -0.01385899
  50    0.0009037  -0.01381665
  51    0.0006275  -0.01001954
  52    0.0001565  -0.00695500
  53    0.0001564  -0.00685115
  54    0.0000321  -0.00530124
 
----------------
 Final Energies 
----------------
Final NOF Total Energy =    -686.0504652
 
Total Orbital Internal Iterations = 10
Total Occupation Internal Iterations = 22
 
Elapsed time:   56.36 Seconds

---------------------------------
   Lowdin Population Analysis    
---------------------------------
 Idx  Atom   Population   Charge 
---------------------------------
  1     C     6.265      -0.265
  2     S    15.510       0.490
  3     F     8.904       0.096
  4     F     8.903       0.097
  5     B     5.055      -0.055
  6     H     1.045      -0.045
  7     H     1.056      -0.056
  8     B     5.154      -0.154
  9     H     1.050      -0.050
 10     H     1.057      -0.057

---------------------------------
   M Diagnostic: 0.04
---------------------------------

