Computing Integrals
Elapsed time:   24.81 Seconds

Number of basis functions                   (NBF)    = 645
Number of auxiliary basis functions         (NBFAUX) = 591
Inactive Doubly occupied orbitals up to     (NO1)    = 0
No. considered Strongly Doubly occupied MOs (NDOC)   = 21
No. considered Strongly Singly occupied MOs (NSOC)   = 0
NO. of Weakly occ. per St. Doubly occ.  MOs (NCWO)   = 1
Dimension of the Nat. Orb. subspace         (NBF5)   = 42
No. of electrons                                     = 42
    No. of alpha electrons                           = 21
    No. of beta electrons                            = 21
Multiplicity                                         = 1

Geometry
========
 C       0.0000000       2.5330000       0.3016600
 C       0.0000000       1.2718300      -0.5518800
 C       0.0000000       0.0000000       0.2852800
 C       0.0000000      -1.2718300      -0.5518800
 C       0.0000000      -2.5330000       0.3016600
 H       0.0000000       3.4338700      -0.3098900
 H       0.8744400      -1.2692400      -1.2065400
 H      -0.8744400      -1.2692400      -1.2065400
 H       0.8796300       2.5651400       0.9443700
 H      -0.8796300       2.5651400       0.9443700
 H      -0.8751300       0.0000000       0.9418000
 H       0.8751300       0.0000000       0.9418000
 H      -0.8744400       1.2692400      -1.2065400
 H       0.8744400       1.2692400      -1.2065400
 H       0.0000000      -3.4338700      -0.3098900
 H       0.8796300      -2.5651400       0.9443700
 H      -0.8796300      -2.5651400       0.9443700

No violations of the orthonormality
No violations of the orthonormality
 
PNOF7/ADABelief Calculation
==================
 
  Nitext  Nit_orb  Time   Nit_occ  Time         Eelec          Etot           Ediff      maxdiff    MaxGrad_orb  Grad_occ
     1      10    1.2e+02   12    4.4e+01  -370.82259106  -185.16856349 -10369.82259106   0.428213   1.7e+00   1.4e-04 0.03
     2      10    1.0e+02    9    2.5e-01  -379.92933527  -194.27530771    -9.10674422   0.219432   8.8e-01   1.4e-04 0.12
     3      10    1.1e+02    5    2.3e-01  -381.63213201  -195.97810445    -1.70279674   0.147894   5.9e-01   1.3e-04 0.03
     4      10    1.0e+02    4    2.4e-01  -382.08447830  -196.43045074    -0.45234629   0.159608   6.4e-01   7.5e-05 0.02
     5      10    1.1e+02    2    2.4e-01  -382.21291867  -196.55889110    -0.12844037   0.158359   6.3e-01   1.9e-04 0.02
     6      10    1.0e+02    3    2.2e-01  -382.24160474  -196.58757718    -0.02868607   0.177722   7.1e-01   7.5e-05 0.03
     7      10    1.0e+02    0    2.5e-01  -382.24336357  -196.58933601    -0.00175883   0.177722   7.1e-01   7.5e-05 0.03
     8      30    3.1e+02    2    2.3e-01  -382.41289125  -196.75886369    -0.16952768   0.002205   8.8e-03   9.8e-05 0.03
     9      30    3.1e+02    1    2.4e-01  -382.41452844  -196.76050087    -0.00163718   0.001923   7.7e-03   1.5e-04 0.02
    10      30    3.1e+02    1    2.2e-01  -382.41462336  -196.76059579    -0.00009492   0.003171   1.3e-02   6.3e-05 0.02
    11      30    3.0e+02    0    2.4e-01  -382.41462987  -196.76060231    -0.00000652   0.003171   1.3e-02   6.3e-05 0.02
    12      50    5.1e+02    0    2.4e-01  -382.41479105  -196.76076348    -0.00016117   0.000203   8.1e-04   1.5e-04 0.02
 
RESULTS OF THE OCCUPATION OPTIMIZATION
========================================
   1    1.9995684  -11.19342054
   2    1.9995677  -11.19341375
   3    1.9995685  -11.19145951
   4    1.9995697  -11.18962628
   5    1.9995692  -11.18960563
   6    1.9753794  -0.68319571
   7    1.9753562  -0.68318802
   8    1.9754841  -0.68217062
   9    1.9753961  -0.68178773
  10    1.9778433  -0.65507325
  11    1.9776480  -0.65466506
  12    1.9775794  -0.65452372
  13    1.9775759  -0.65442758
  14    1.9781358  -0.65432565
  15    1.9775480  -0.65419971
  16    1.9780719  -0.65419704
  17    1.9775370  -0.65416338
  18    1.9780335  -0.65348914
  19    1.9780157  -0.65343718
  20    1.9780113  -0.65343327
  21    1.9779793  -0.65335439
  22    0.0220207  -0.01598430
  23    0.0219887  -0.01597442
  24    0.0219843  -0.01597309
  25    0.0219665  -0.01596838
  26    0.0224630  -0.01626386
  27    0.0219281  -0.01595268
  28    0.0224520  -0.01626062
  29    0.0218642  -0.01593426
  30    0.0224241  -0.01624923
  31    0.0224206  -0.01624972
  32    0.0223520  -0.01622901
  33    0.0221567  -0.01616792
  34    0.0246039  -0.01778526
  35    0.0245159  -0.01776215
  36    0.0246438  -0.01789331
  37    0.0246206  -0.01788501
  38    0.0004308  -0.00818534
  39    0.0004303  -0.00818260
  40    0.0004315  -0.00820152
  41    0.0004323  -0.00820434
  42    0.0004316  -0.00820030
 
----------------
 Final Energies 
----------------
Final NOF Total Energy =    -196.7607635
 
Total Orbital Internal Iterations = 240
Total Occupation Internal Iterations = 39
 
Elapsed time: 2798.60 Seconds

---------------------------------
   Lowdin Population Analysis    
---------------------------------
 Idx  Atom   Population   Charge 
---------------------------------
  1     C     5.779       0.221
  2     C     5.921       0.079
  3     C     5.916       0.084
  4     C     5.921       0.079
  5     C     5.779       0.221
  6     H     1.067      -0.067
  7     H     1.052      -0.052
  8     H     1.052      -0.052
  9     H     1.062      -0.062
 10     H     1.062      -0.062
 11     H     1.046      -0.046
 12     H     1.046      -0.046
 13     H     1.052      -0.052
 14     H     1.052      -0.052
 15     H     1.067      -0.067
 16     H     1.062      -0.062
 17     H     1.062      -0.062

---------------------------------
   M Diagnostic: 0.02
---------------------------------

