Amino20x4-GLN_xap_C.jld2 not found
Amino20x4-GLN_xap_n.jld2 not found
Computing Integrals
Elapsed time:   25.34 Seconds

Number of basis functions                   (NBF)    = 1248
Number of auxiliary basis functions         (NBFAUX) = 1332
Inactive Doubly occupied orbitals up to     (NO1)    = 0
No. considered Strongly Doubly occupied MOs (NDOC)   = 54
No. considered Strongly Singly occupied MOs (NSOC)   = 0
NO. of Weakly occ. per St. Doubly occ.  MOs (NCWO)   = 1
Dimension of the Nat. Orb. subspace         (NBF5)   = 108
No. of electrons                                     = 108
    No. of alpha electrons                           = 54
    No. of beta electrons                            = 54
Multiplicity                                         = 1

Geometry
========
 N      -1.2803000      -0.9904000      -0.6054600
 C      -0.0581500      -0.3009400      -0.2281900
 C      -0.2979700       1.1653200       0.1177700
 O       0.4979100       1.7865800       0.8237000
 C       0.9418700      -0.4207100      -1.3816800
 C       2.3077100       0.1982800      -1.0877500
 C       2.9665400      -0.5205100       0.0760600
 O       3.5124100      -1.6069700      -0.0702900
 H      -1.2424300      -1.5808400      -1.4211900
 H       0.3517100      -0.7522700       0.6764200
 H       1.0863700      -1.4826800      -1.5938100
 H       0.5081600       0.0458300      -2.2692300
 H       2.9490800       0.0548400      -1.9547000
 H       2.2117300       1.2635600      -0.8911900
 C      -2.1997600      -1.3072400       0.3668400
 O      -2.1420300      -0.8111900       1.4808400
 N      -1.3702400       1.7331400      -0.4662500
 H      -2.0259800       1.1046600      -0.8990200
 C      -1.7590300       3.0953600      -0.1688800
 H      -2.2535300       3.5314800      -1.0323200
 H      -2.4257900       3.1412900       0.6917100
 H      -0.8613000       3.6607000       0.0593500
 C      -3.2698200      -2.2866400      -0.0468300
 H      -3.0210300      -3.2644100       0.3628200
 H      -3.3687800      -2.3729800      -1.1263200
 H      -4.2158500      -1.9750600       0.3853200
 N       2.8817200       0.1324200       1.2638200
 H       3.1788800      -0.3733800       2.0810400
 H       2.1918100       0.8673200       1.3605700

No violations of the orthonormality
No violations of the orthonormality
 
PNOF7/ADABelief Calculation
==================
 
  Nitext  Nit_orb  Time   Nit_occ  Time         Eelec          Etot           Ediff      maxdiff    MaxGrad_orb  Grad_occ
     1      10    5.9e+01   19    4.1e+01 -1631.29914053  -666.89086661 -11630.29914053   0.300619   1.2e+00   1.8e-04 0.07
     2      10    3.1e+01   15    1.8e+00 -1651.59979099  -687.19151707   -20.30065046   1.403487   5.6e+00   1.7e-04 0.63
     3      10    3.1e+01    0    1.6e+00 -1651.96689875  -687.55862483    -0.36710776   1.403501   5.6e+00   1.7e-04 0.63
     4      30    8.6e+01    8    1.6e+00 -1661.96563317  -697.55735925    -9.99873442   0.087577   3.5e-01   2.0e-04 0.96
     5      30    8.6e+01    8    1.5e+00 -1664.44095837  -700.03268445    -2.47532520   0.127646   5.1e-01   1.4e-04 0.28
     6      30    8.6e+01    6    1.5e+00 -1664.97417885  -700.56590493    -0.53322048   0.126704   5.1e-01   1.5e-04 0.16
     7      30    8.4e+01    5    1.5e+00 -1665.13287278  -700.72459886    -0.15869393   0.403721   1.6e+00   1.0e-04 0.11
     8      30    8.4e+01    4    1.5e+00 -1665.21736685  -700.80909293    -0.08449407   0.052474   2.1e-01   1.5e-04 0.09
     9      30    8.4e+01    5    1.5e+00 -1665.24517605  -700.83690213    -0.02780919   0.038793   1.6e-01   6.8e-05 0.09
    10      30    8.3e+01    3    1.5e+00 -1665.26068345  -700.85240952    -0.01550740   0.033786   1.4e-01   1.5e-04 0.10
    11      30    8.5e+01    3    1.5e+00 -1665.26353302  -700.85525909    -0.00284957   0.146187   5.8e-01   1.7e-04 0.09
    12      30    8.4e+01    3    1.5e+00 -1665.27099377  -700.86271985    -0.00746076   0.030239   1.2e-01   1.1e-04 0.09
    13      30    8.4e+01    0    1.5e+00 -1665.27217795  -700.86390403    -0.00118418   0.030239   1.2e-01   1.1e-04 0.09
    14      50    1.4e+02    3    1.5e+00 -1665.29432728  -700.88605336    -0.02214933   0.005330   2.1e-02   5.4e-05 0.09
    15      50    1.4e+02    3    1.5e+00 -1665.29517244  -700.88689852    -0.00084516   0.064582   2.6e-01   8.3e-05 0.09
    16      50    1.4e+02    3    1.4e+00 -1665.29583059  -700.88755667    -0.00065815   0.004216   1.7e-02   7.8e-05 0.10
    17      50    1.4e+02    2    1.5e+00 -1665.29657527  -700.88830135    -0.00074468   0.003510   1.4e-02   1.8e-04 0.10
    18      50    1.4e+02    2    1.5e+00 -1665.29727988  -700.88900596    -0.00070461   0.003096   1.2e-02   1.7e-04 0.10
    19      50    1.4e+02    2    1.5e+00 -1665.29785633  -700.88958241    -0.00057646   0.012968   5.2e-02   1.5e-04 0.10
    20      50    1.4e+02    1    1.4e+00 -1665.29820218  -700.88992826    -0.00034585   0.019094   7.6e-02   2.8e-04 0.10
    21      50    1.4e+02    1    1.5e+00 -1665.29834452  -700.89007060    -0.00014234   0.003724   1.5e-02   2.2e-04 0.10
    22      50    1.4e+02    1    1.4e+00 -1665.29836031  -700.89008639    -0.00001579   0.004735   1.9e-02   2.2e-04 0.10
    23      50    1.4e+02    0    1.5e+00 -1665.29836420  -700.89009027    -0.00000389   0.004735   1.9e-02   2.2e-04 0.10
    24      68    1.8e+02    1    1.4e+00 -1665.29874346  -700.89046954    -0.00037926   0.000492   2.0e-03   1.1e-04 0.10
 
RESULTS OF THE OCCUPATION OPTIMIZATION
========================================
   1    1.9997834  -20.55043899
   2    1.9997847  -20.53601349
   3    1.9997828  -20.52208722
   4    1.9996938  -15.58541230
   5    1.9996947  -15.57007288
   6    1.9996966  -15.54162560
   7    1.9995622  -11.33858325
   8    1.9995634  -11.33088658
   9    1.9995628  -11.31028156
  10    1.9995661  -11.27114344
  11    1.9995702  -11.24259456
  12    1.9995720  -11.23340852
  13    1.9995686  -11.23219945
  14    1.9995697  -11.21644303
  15    1.9834988  -1.09845654
  16    1.9830849  -1.07150240
  17    1.9834070  -1.06818221
  18    1.9840348  -0.95128590
  19    1.9820699  -0.94343118
  20    1.9832237  -0.91981781
  21    1.9789229  -0.85873403
  22    1.9753568  -0.85437027
  23    1.9799727  -0.84433977
  24    1.9759264  -0.83476822
  25    1.9819052  -0.81870309
  26    1.9793163  -0.81035573
  27    1.9887032  -0.79487859
  28    1.9768124  -0.78278557
  29    1.9871170  -0.77973245
  30    1.9756839  -0.77954340
  31    1.9870586  -0.77262447
  32    1.9872363  -0.76411916
  33    1.9759665  -0.75252868
  34    1.9867748  -0.74675165
  35    1.9866387  -0.74333273
  36    1.9746043  -0.73464363
  37    1.9751880  -0.71860680
  38    1.9781862  -0.71082197
  39    1.9785595  -0.70633768
  40    1.9783469  -0.70123658
  41    1.9785146  -0.69780324
  42    1.9778784  -0.69391357
  43    1.9778982  -0.69211643
  44    1.9781798  -0.69016411
  45    1.9786372  -0.68771051
  46    1.9786663  -0.68423330
  47    1.9783089  -0.68348168
  48    1.9780417  -0.68143171
  49    1.9844407  -0.63089352
  50    1.9836189  -0.60630070
  51    1.9828951  -0.56707783
  52    1.9032237  -0.53479457
  53    1.9154481  -0.52438451
  54    1.9078109  -0.50637820
  55    0.0921891  -0.04292151
  56    0.0845519  -0.04091656
  57    0.0967763  -0.04607077
  58    0.0171049  -0.01119568
  59    0.0163811  -0.01107933
  60    0.0155593  -0.01104257
  61    0.0219583  -0.01624758
  62    0.0216911  -0.01624715
  63    0.0213337  -0.01609799
  64    0.0213628  -0.01605461
  65    0.0218202  -0.01640017
  66    0.0221018  -0.01650080
  67    0.0221216  -0.01653507
  68    0.0214854  -0.01612272
  69    0.0216531  -0.01613520
  70    0.0214405  -0.01623212
  71    0.0218138  -0.01666099
  72    0.0248120  -0.01822453
  73    0.0253957  -0.01889327
  74    0.0133613  -0.01250053
  75    0.0132252  -0.01245070
  76    0.0240335  -0.01853709
  77    0.0127637  -0.01228861
  78    0.0129414  -0.01240525
  79    0.0243161  -0.01917726
  80    0.0128830  -0.01241469
  81    0.0231876  -0.01833233
  82    0.0112968  -0.01145521
  83    0.0206837  -0.01788563
  84    0.0180948  -0.01627219
  85    0.0240736  -0.02035120
  86    0.0200273  -0.01781806
  87    0.0246432  -0.02099689
  88    0.0210771  -0.01861627
  89    0.0167763  -0.01639382
  90    0.0179301  -0.01747197
  91    0.0159652  -0.01600096
  92    0.0165930  -0.01873207
  93    0.0169151  -0.01899731
  94    0.0165012  -0.01890127
  95    0.0004303  -0.00819658
  96    0.0004314  -0.00821175
  97    0.0004280  -0.00817183
  98    0.0004298  -0.00819881
  99    0.0004339  -0.00825666
 100    0.0004372  -0.00832074
 101    0.0004366  -0.00832187
 102    0.0004378  -0.00833177
 103    0.0003034  -0.00797592
 104    0.0003053  -0.00801145
 105    0.0003062  -0.00803050
 106    0.0002172  -0.00755892
 107    0.0002153  -0.00752430
 108    0.0002166  -0.00754672
 
----------------
 Final Energies 
----------------
Final NOF Total Energy =    -700.8904695
 
Total Orbital Internal Iterations = 898
Total Occupation Internal Iterations = 98
 
Elapsed time: 2813.30 Seconds

---------------------------------
   Lowdin Population Analysis    
---------------------------------
 Idx  Atom   Population   Charge 
---------------------------------
  1     N     6.490       0.510
  2     C     6.126      -0.126
  3     C     6.560      -0.560
  4     O     7.706       0.294
  5     C     5.886       0.114
  6     C     5.886       0.114
  7     C     6.596      -0.596
  8     O     7.739       0.261
  9     H     1.164      -0.164
 10     H     1.032      -0.032
 11     H     1.037      -0.037
 12     H     1.042      -0.042
 13     H     1.042      -0.042
 14     H     1.046      -0.046
 15     C     6.581      -0.581
 16     O     7.699       0.301
 17     N     6.494       0.506
 18     H     1.177      -0.177
 19     C     5.835       0.165
 20     H     1.069      -0.069
 21     H     1.068      -0.068
 22     H     1.059      -0.059
 23     C     5.759       0.241
 24     H     1.051      -0.051
 25     H     1.060      -0.060
 26     H     1.052      -0.052
 27     N     6.380       0.620
 28     H     1.167      -0.167
 29     H     1.198      -0.198

---------------------------------
   M Diagnostic: 0.10
---------------------------------

