Computing Integrals
Elapsed time:    7.19 Seconds

Number of basis functions                   (NBF)    = 294
Number of auxiliary basis functions         (NBFAUX) = 258
Inactive Doubly occupied orbitals up to     (NO1)    = 0
No. considered Strongly Doubly occupied MOs (NDOC)   = 9
No. considered Strongly Singly occupied MOs (NSOC)   = 0
NO. of Weakly occ. per St. Doubly occ.  MOs (NCWO)   = 1
Dimension of the Nat. Orb. subspace         (NBF5)   = 18
No. of electrons                                     = 18
    No. of alpha electrons                           = 9
    No. of beta electrons                            = 9
Multiplicity                                         = 1

Geometry
========
 C       0.0000000       0.0000000      -0.7636800
 C       0.0000000       0.0000000       0.7636800
 H       1.0087500       0.0000000      -1.1676000
 H      -0.5043700      -0.8736000      -1.1676000
 H      -0.5043700       0.8736000      -1.1676000
 H       1.0087500       0.0000000       1.1676000
 H      -0.5043700       0.8736000       1.1676000
 H      -0.5043700      -0.8736000       1.1676000

No violations of the orthonormality
No violations of the orthonormality
 
PNOF7/ADABelief Calculation
==================
 
  Nitext  Nit_orb  Time   Nit_occ  Time         Eelec          Etot           Ediff      maxdiff    MaxGrad_orb  Grad_occ
     1      10    7.8e+01   17    3.1e+01  -115.98292155   -73.64930328 -10114.98292155   0.492839   2.0e+00   1.3e-04 0.13
     2      10    6.9e+01    9    2.7e-02  -120.36897297   -78.03535470    -4.38605142   0.230520   9.2e-01   1.5e-04 0.18
     3      10    7.5e+01    6    1.5e-02  -121.34354854   -79.00993027    -0.97457557   0.224712   9.0e-01   7.8e-05 0.05
     4      10    6.4e+01    4    1.9e-02  -121.60001498   -79.26639671    -0.25646644   0.146851   5.9e-01   3.1e-05 0.02
     5      10    6.8e+01    2    1.7e-02  -121.69993622   -79.36631795    -0.09992124   0.147992   5.9e-01   4.4e-05 0.02
     6      10    6.4e+01    1    1.4e-02  -121.71015148   -79.37653321    -0.01021526   0.146780   5.9e-01   1.2e-04 0.02
     7      10    6.4e+01    0    2.0e-02  -121.71017269   -79.37655442    -0.00002122   0.146780   5.9e-01   1.2e-04 0.02
     8      30    2.0e+02    1    1.3e-02  -121.74123810   -79.40761983    -0.03106541   0.000698   2.8e-03   5.8e-05 0.02
     9      30    2.0e+02    0    2.7e-02  -121.74124313   -79.40762486    -0.00000503   0.000698   2.8e-03   5.8e-05 0.02
    10      36    2.3e+02    0    2.0e-02  -121.74124572   -79.40762745    -0.00000259   0.000113   4.5e-04   1.0e-04 0.02
 
RESULTS OF THE OCCUPATION OPTIMIZATION
========================================
   1    1.9995711  -11.19067654
   2    1.9995738  -11.19067393
   3    1.9753951  -0.68051961
   4    1.9782623  -0.65393318
   5    1.9781160  -0.65382584
   6    1.9781908  -0.65377251
   7    1.9781822  -0.65374774
   8    1.9780933  -0.65374005
   9    1.9780492  -0.65364553
  10    0.0219508  -0.01595514
  11    0.0219067  -0.01594168
  12    0.0218178  -0.01591047
  13    0.0218092  -0.01590773
  14    0.0218840  -0.01593498
  15    0.0217377  -0.01588653
  16    0.0246049  -0.01774349
  17    0.0004262  -0.00815682
  18    0.0004289  -0.00817259
 
----------------
 Final Energies 
----------------
Final NOF Total Energy =     -79.4076275
 
Total Orbital Internal Iterations = 166
Total Occupation Internal Iterations = 40
 
Elapsed time: 1228.54 Seconds

---------------------------------
   Lowdin Population Analysis    
---------------------------------
 Idx  Atom   Population   Charge 
---------------------------------
  1     C     5.788       0.212
  2     C     5.788       0.212
  3     H     1.071      -0.071
  4     H     1.071      -0.071
  5     H     1.071      -0.071
  6     H     1.071      -0.071
  7     H     1.071      -0.071
  8     H     1.071      -0.071

---------------------------------
   M Diagnostic: 0.02
---------------------------------

