Computing Integrals
Elapsed time:   11.68 Seconds

Number of basis functions                   (NBF)    = 294
Number of auxiliary basis functions         (NBFAUX) = 258
Inactive Doubly occupied orbitals up to     (NO1)    = 0
No. considered Strongly Doubly occupied MOs (NDOC)   = 9
No. considered Strongly Singly occupied MOs (NSOC)   = 0
NO. of Weakly occ. per St. Doubly occ.  MOs (NCWO)   = 1
Dimension of the Nat. Orb. subspace         (NBF5)   = 18
No. of electrons                                     = 18
    No. of alpha electrons                           = 9
    No. of beta electrons                            = 9
Multiplicity                                         = 1

Geometry
========
 C       0.0000000      -0.0000000      -0.7565300
 C       0.0000000       0.0000000       0.7565300
 H       0.8767700       0.5062000      -1.1518700
 H      -0.0000000      -1.0124000      -1.1518700
 H      -0.8767700       0.5062000      -1.1518700
 H      -0.8767700      -0.5062000       1.1518700
 H       0.8767700      -0.5062000       1.1518700
 H      -0.0000000       1.0124000       1.1518700

No violations of the orthonormality
No violations of the orthonormality
 
PNOF7/ADABelief Calculation
==================
 
  Nitext  Nit_orb  Time   Nit_occ  Time         Eelec          Etot           Ediff      maxdiff    MaxGrad_orb  Grad_occ
     1      10    2.0e+02   14    3.0e+01  -116.53089028   -74.00399748 -10115.53089028   0.446830   1.8e+00   1.9e-04 0.13
     2      10    1.9e+02   11    8.5e-03  -120.47630671   -77.94941391    -3.94541643   0.138556   5.5e-01   2.0e-04 0.56
     3      10    2.0e+02    6    1.7e-02  -121.17094766   -78.64405486    -0.69464095   0.096079   3.8e-01   1.0e-04 0.96
     4      10    2.0e+02    6    6.5e-03  -121.39919757   -78.87230478    -0.22824992   0.133224   5.3e-01   5.0e-05 0.34
     5      10    2.0e+02    5    1.3e-02  -121.61799060   -79.09109780    -0.21879303   0.154526   6.2e-01   7.5e-05 0.06
     6      10    1.9e+02    4    9.6e-03  -121.81557230   -79.28867950    -0.19758170   0.140637   5.6e-01   1.0e-04 0.02
     7      10    2.1e+02    2    1.0e-02  -121.89163432   -79.36474152    -0.07606202   0.140060   5.6e-01   1.1e-04 0.02
     8      10    1.9e+02    2    1.5e-02  -121.90659895   -79.37970615    -0.01496463   0.150746   6.0e-01   2.6e-05 0.02
     9      10    2.0e+02    0    9.6e-03  -121.90673261   -79.37983982    -0.00013367   0.150746   6.0e-01   2.6e-05 0.02
    10      30    5.9e+02    1    3.4e-02  -121.93868441   -79.41179161    -0.03195179   0.001289   5.2e-03   9.8e-05 0.02
    11      30    5.9e+02    0    1.9e-02  -121.93870001   -79.41180721    -0.00001560   0.001289   5.2e-03   9.8e-05 0.02
    12      38    7.1e+02    0    1.5e-02  -121.93870600   -79.41181320    -0.00000599   0.000115   4.6e-04   1.9e-04 0.02
 
RESULTS OF THE OCCUPATION OPTIMIZATION
========================================
   1    1.9995704  -11.19070774
   2    1.9995707  -11.19070388
   3    1.9763587  -0.68718701
   4    1.9784442  -0.65477393
   5    1.9783636  -0.65467638
   6    1.9782856  -0.65450218
   7    1.9783069  -0.65445063
   8    1.9782264  -0.65426162
   9    1.9781608  -0.65419729
  10    0.0218392  -0.01590688
  11    0.0217736  -0.01588586
  12    0.0216931  -0.01586125
  13    0.0217144  -0.01586984
  14    0.0216364  -0.01584543
  15    0.0215558  -0.01581970
  16    0.0236413  -0.01729259
  17    0.0004293  -0.00817005
  18    0.0004296  -0.00817179
 
----------------
 Final Energies 
----------------
Final NOF Total Energy =     -79.4118132
 
Total Orbital Internal Iterations = 188
Total Occupation Internal Iterations = 51
 
Elapsed time: 3876.83 Seconds

---------------------------------
   Lowdin Population Analysis    
---------------------------------
 Idx  Atom   Population   Charge 
---------------------------------
  1     C     5.794       0.206
  2     C     5.794       0.206
  3     H     1.069      -0.069
  4     H     1.069      -0.069
  5     H     1.069      -0.069
  6     H     1.069      -0.069
  7     H     1.069      -0.069
  8     H     1.069      -0.069

---------------------------------
   M Diagnostic: 0.02
---------------------------------

