Computing Integrals
Elapsed time:   27.39 Seconds

Number of basis functions                   (NBF)    = 642
Number of auxiliary basis functions         (NBFAUX) = 634
Inactive Doubly occupied orbitals up to     (NO1)    = 0
No. considered Strongly Doubly occupied MOs (NDOC)   = 25
No. considered Strongly Singly occupied MOs (NSOC)   = 0
NO. of Weakly occ. per St. Doubly occ.  MOs (NCWO)   = 1
Dimension of the Nat. Orb. subspace         (NBF5)   = 50
No. of electrons                                     = 50
    No. of alpha electrons                           = 25
    No. of beta electrons                            = 25
Multiplicity                                         = 1

Geometry
========
 C       1.8755800       0.1307400      -0.3205600
 H       2.8874500       0.4570400      -0.0628000
 O       1.6532200      -1.2003700       0.1499100
 C       0.8640900       1.0555700       0.3345400
 H       0.9083000       0.9005900       1.4153700
 H       1.1908000       2.0814000       0.1488800
 C      -0.5753500       0.9084700      -0.1645400
 H      -0.6059900       1.0266300      -1.2504000
 H      -1.1805400       1.7142700       0.2555700
 H       2.2963700      -1.7732300      -0.2754500
 H       1.7707900       0.1789500      -1.4099300
 C      -1.2499700      -0.4014800       0.2066600
 H      -0.7792100      -1.2387800      -0.3074700
 H      -1.1528500      -0.5732800       1.2837000
 O      -2.6252000      -0.2757000      -0.1654800
 H      -3.0453400      -1.1248600      -0.0094600

No violations of the orthonormality
No violations of the orthonormality
 
PNOF7/ADABelief Calculation
==================
 
  Nitext  Nit_orb  Time   Nit_occ  Time         Eelec          Etot           Ediff      maxdiff    MaxGrad_orb  Grad_occ
     1      10    1.3e+02   14    4.4e+01  -549.63892308  -294.66396125 -10548.63892308   0.495698   2.0e+00   2.1e-04 0.04
     2      10    1.0e+02   11    2.9e-01  -559.14843655  -304.17347472    -9.50951347   0.442946   1.8e+00   8.7e-05 0.12
     3      10    1.0e+02    6    2.9e-01  -561.32695677  -306.35199494    -2.17852022   0.224177   9.0e-01   1.6e-04 0.03
     4      10    1.0e+02    5    2.9e-01  -562.05707222  -307.08211039    -0.73011545   0.238509   9.5e-01   1.6e-04 0.02
     5      10    1.1e+02    5    3.0e-01  -562.07865725  -307.10369542    -0.02158503   0.236208   9.4e-01   9.6e-05 0.02
     6      10    1.1e+02    0    2.9e-01  -562.08351172  -307.10854989    -0.00485447   0.236208   9.4e-01   9.6e-05 0.02
     7      30    3.2e+02    3    3.0e-01  -562.52984036  -307.55487853    -0.44632864   0.006341   2.5e-02   2.9e-04 0.03
     8      30    3.1e+02    2    3.2e-01  -562.54258658  -307.56762475    -0.01274622   0.010700   4.3e-02   2.1e-04 0.03
     9      30    3.1e+02    2    3.0e-01  -562.54481545  -307.56985363    -0.00222887   0.017211   6.9e-02   5.9e-05 0.03
    10      30    3.2e+02    0    3.0e-01  -562.54496850  -307.57000668    -0.00015305   0.017211   6.9e-02   5.9e-05 0.03
    11      50    5.2e+02    2    2.7e-01  -562.54629525  -307.57133343    -0.00132675   0.001655   6.6e-03   3.2e-05 0.03
    12      50    5.2e+02    1    2.9e-01  -562.54634671  -307.57138489    -0.00005146   0.001375   5.5e-03   1.4e-04 0.03
    13      50    5.1e+02    0    2.9e-01  -562.54635216  -307.57139034    -0.00000545   0.001375   5.5e-03   1.4e-04 0.03
    14      70    7.1e+02    1    3.3e-01  -562.54635919  -307.57139737    -0.00000703   0.000239   9.5e-04   1.6e-05 0.03
 
RESULTS OF THE OCCUPATION OPTIMIZATION
========================================
   1    1.9997806  -20.54871947
   2    1.9997803  -20.53535282
   3    1.9995646  -11.25621550
   4    1.9995649  -11.23871526
   5    1.9995687  -11.20197758
   6    1.9995688  -11.19350257
   7    1.9749746  -0.86114244
   8    1.9748720  -0.84701751
   9    1.9676265  -0.81031710
  10    1.9675289  -0.79501990
  11    1.9886189  -0.78765068
  12    1.9880215  -0.77301699
  13    1.9881403  -0.76641358
  14    1.9880354  -0.76064249
  15    1.9752060  -0.71079149
  16    1.9751412  -0.69749726
  17    1.9775630  -0.68883970
  18    1.9775644  -0.68879662
  19    1.9748805  -0.68810187
  20    1.9781315  -0.67298488
  21    1.9775412  -0.67149188
  22    1.9776444  -0.66639888
  23    1.9778224  -0.66386016
  24    1.9777151  -0.65657618
  25    1.9777743  -0.65527244
  26    0.0222257  -0.01615800
  27    0.0222849  -0.01620049
  28    0.0221776  -0.01621264
  29    0.0223556  -0.01631969
  30    0.0224588  -0.01661579
  31    0.0218685  -0.01634255
  32    0.0251195  -0.01816644
  33    0.0224356  -0.01680848
  34    0.0224370  -0.01679512
  35    0.0248588  -0.01834310
  36    0.0247940  -0.01849070
  37    0.0119646  -0.01201298
  38    0.0118597  -0.01197343
  39    0.0119785  -0.01210228
  40    0.0113811  -0.01176346
  41    0.0324711  -0.02627266
  42    0.0323735  -0.02646061
  43    0.0251280  -0.02243946
  44    0.0250254  -0.02254262
  45    0.0004312  -0.00820153
  46    0.0004313  -0.00820439
  47    0.0004351  -0.00826259
  48    0.0004354  -0.00826902
  49    0.0002197  -0.00763277
  50    0.0002194  -0.00762890
 
----------------
 Final Energies 
----------------
Final NOF Total Energy =    -307.5713974
 
Total Orbital Internal Iterations = 400
Total Occupation Internal Iterations = 52
 
Elapsed time: 4520.39 Seconds

---------------------------------
   Lowdin Population Analysis    
---------------------------------
 Idx  Atom   Population   Charge 
---------------------------------
  1     C     6.093      -0.093
  2     H     1.066      -0.066
  3     O     7.420       0.580
  4     C     5.912       0.088
  5     H     1.046      -0.046
  6     H     1.046      -0.046
  7     C     5.912       0.088
  8     H     1.049      -0.049
  9     H     1.047      -0.047
 10     H     1.342      -0.342
 11     H     1.063      -0.063
 12     C     6.092      -0.092
 13     H     1.074      -0.074
 14     H     1.064      -0.064
 15     O     7.431       0.569
 16     H     1.344      -0.344

---------------------------------
   M Diagnostic: 0.03
---------------------------------

