Computing Integrals
Elapsed time:    6.35 Seconds

Number of basis functions                   (NBF)    = 117
Number of auxiliary basis functions         (NBFAUX) = 113
Inactive Doubly occupied orbitals up to     (NO1)    = 0
No. considered Strongly Doubly occupied MOs (NDOC)   = 5
No. considered Strongly Singly occupied MOs (NSOC)   = 0
NO. of Weakly occ. per St. Doubly occ.  MOs (NCWO)   = 1
Dimension of the Nat. Orb. subspace         (NBF5)   = 10
No. of electrons                                     = 10
    No. of alpha electrons                           = 5
    No. of beta electrons                            = 5
Multiplicity                                         = 1

Geometry
========
 O       0.0000000       0.0000000       0.3979100
 H      -0.7671000       0.0000000      -0.1989500
 H       0.7671000       0.0000000      -0.1989500

No violations of the orthonormality
No violations of the orthonormality
 
PNOF7/ADABelief Calculation
==================
 
  Nitext  Nit_orb  Time   Nit_occ  Time         Eelec          Etot           Ediff      maxdiff    MaxGrad_orb  Grad_occ
     1      10    3.9e+01    7    4.4e+01   -81.53243285   -72.47633504 -10080.53243285   0.656092   2.6e+00   5.2e-05 0.01
     2      10    1.6e+01    6    2.6e-02   -84.20799576   -75.15189795    -2.67556291   0.372798   1.5e+00   3.8e-05 0.04
     3      10    1.7e+01    3    1.8e-03   -85.02787257   -75.97177476    -0.81987681   0.204991   8.2e-01   9.0e-05 0.04
     4      10    1.8e+01    3    3.2e-03   -85.17452347   -76.11842566    -0.14665090   0.187761   7.5e-01   1.5e-04 0.02
     5      10    1.9e+01    3    2.8e-03   -85.19394726   -76.13784945    -0.01942379   0.164162   6.6e-01   1.1e-04 0.02
     6      10    1.7e+01    3    4.6e-03   -85.19657440   -76.14047659    -0.00262715   0.185516   7.4e-01   3.4e-05 0.02
     7      10    1.7e+01    2    2.2e-03   -85.19742771   -76.14132989    -0.00085330   0.160395   6.4e-01   6.6e-05 0.03
     8      10    1.7e+01    1    3.5e-03   -85.19928633   -76.14318852    -0.00185862   0.258948   1.0e+00   2.1e-04 0.03
     9      10    1.6e+01    2    1.7e-02   -85.20029742   -76.14419961    -0.00101109   0.170640   6.8e-01   1.4e-05 0.03
    10      10    1.9e+01    0    3.8e-03   -85.20033863   -76.14424082    -0.00004121   0.170640   6.8e-01   1.4e-05 0.03
    11      30    5.6e+01    1    4.3e-02   -85.21059285   -76.15449504    -0.01025422   0.001165   4.7e-03   1.0e-04 0.03
    12      30    5.0e+01    1    2.8e-03   -85.21062247   -76.15452466    -0.00002962   0.000725   2.9e-03   6.3e-05 0.03
    13      30    5.0e+01    0    4.8e-03   -85.21062455   -76.15452674    -0.00000208   0.000725   2.9e-03   6.3e-05 0.03
    14      40    6.5e+01    0    3.7e-03   -85.21062845   -76.15453064    -0.00000390   0.000114   4.6e-04   1.4e-04 0.03
 
RESULTS OF THE OCCUPATION OPTIMIZATION
========================================
   1    1.9997803  -20.55870984
   2    1.9745106  -0.85496406
   3    1.9744260  -0.85443638
   4    1.9877438  -0.76684274
   5    1.9874695  -0.76278341
   6    0.0125305  -0.01244141
   7    0.0122562  -0.01233226
   8    0.0255740  -0.02281058
   9    0.0254894  -0.02278110
  10    0.0002197  -0.00762786
 
----------------
 Final Energies 
----------------
Final NOF Total Energy =     -76.1545306
 
Total Orbital Internal Iterations = 230
Total Occupation Internal Iterations = 32
 
Elapsed time:  502.55 Seconds

---------------------------------
   Lowdin Population Analysis    
---------------------------------
 Idx  Atom   Population   Charge 
---------------------------------
  1     O     7.376       0.624
  2     H     1.312      -0.312
  3     H     1.312      -0.312

---------------------------------
   M Diagnostic: 0.03
---------------------------------

