Computing Integrals
Elapsed time:    6.49 Seconds

Number of basis functions                   (NBF)    = 117
Number of auxiliary basis functions         (NBFAUX) = 113
Inactive Doubly occupied orbitals up to     (NO1)    = 0
No. considered Strongly Doubly occupied MOs (NDOC)   = 5
No. considered Strongly Singly occupied MOs (NSOC)   = 0
NO. of Weakly occ. per St. Doubly occ.  MOs (NCWO)   = 1
Dimension of the Nat. Orb. subspace         (NBF5)   = 10
No. of electrons                                     = 10
    No. of alpha electrons                           = 5
    No. of beta electrons                            = 5
Multiplicity                                         = 1

Geometry
========
 O       0.0000000       0.0000000      -0.3916900
 H      -0.7610900       0.0000000       0.1958400
 H       0.7610900       0.0000000       0.1958400

No violations of the orthonormality
No violations of the orthonormality
 
PNOF7/ADABelief Calculation
==================
 
  Nitext  Nit_orb  Time   Nit_occ  Time         Eelec          Etot           Ediff      maxdiff    MaxGrad_orb  Grad_occ
     1      10    5.0e+01    7    3.5e+01   -81.67486277   -72.52122018 -10080.67486277   0.593103   2.4e+00   1.0e-04 0.01
     2      10    3.5e+01    4    3.0e-03   -84.16988798   -75.01624539    -2.49502521   0.378357   1.5e+00   1.3e-04 0.02
     3      10    3.2e+01    3    3.3e-03   -85.05377831   -75.90013572    -0.88389033   0.227447   9.1e-01   1.6e-04 0.02
     4      10    3.3e+01    2    1.2e-02   -85.26845950   -76.11481691    -0.21468119   0.218634   8.7e-01   1.8e-04 0.02
     5      10    3.4e+01    2    3.3e-03   -85.29193515   -76.13829256    -0.02347565   0.211999   8.5e-01   6.6e-05 0.02
     6      10    3.1e+01    2    3.9e-03   -85.29764158   -76.14399899    -0.00570643   0.136262   5.5e-01   4.0e-05 0.02
     7      10    3.1e+01    0    2.1e-03   -85.29780841   -76.14416582    -0.00016683   0.136262   5.5e-01   4.0e-05 0.02
     8      30    9.6e+01    1    2.2e-03   -85.30752575   -76.15388316    -0.00971734   0.000610   2.4e-03   1.8e-04 0.02
     9      30    1.0e+02    1    2.1e-03   -85.30812390   -76.15448131    -0.00059815   0.000881   3.5e-03   2.1e-04 0.02
    10      30    9.8e+01    1    3.7e-03   -85.30826594   -76.15462335    -0.00014204   0.000595   2.4e-03   1.4e-04 0.02
    11      30    9.4e+01    1    1.1e-02   -85.30829353   -76.15465094    -0.00002758   0.000464   1.9e-03   2.9e-05 0.02
    12      30    9.2e+01    1    6.8e-02   -85.30829949   -76.15465690    -0.00000597   0.000712   2.8e-03   1.9e-05 0.02
    13      30    9.9e+01    0    1.0e-02   -85.30830041   -76.15465782    -0.00000091   0.000601   2.4e-03   7.4e-05 0.02
    14      40    1.3e+02    0    3.3e-02   -85.30830148   -76.15465889    -0.00000107   0.000239   9.6e-04   1.1e-04 0.02
 
RESULTS OF THE OCCUPATION OPTIMIZATION
========================================
   1    1.9997809  -20.55676257
   2    1.9756385  -0.86636084
   3    1.9756233  -0.86590420
   4    1.9876963  -0.76053918
   5    1.9875126  -0.75900217
   6    0.0124874  -0.01240927
   7    0.0123037  -0.01235207
   8    0.0243767  -0.02219261
   9    0.0243615  -0.02218982
  10    0.0002191  -0.00761737
 
----------------
 Final Energies 
----------------
Final NOF Total Energy =     -76.1546589
 
Total Orbital Internal Iterations = 290
Total Occupation Internal Iterations = 25
 
Elapsed time: 1026.55 Seconds

---------------------------------
   Lowdin Population Analysis    
---------------------------------
 Idx  Atom   Population   Charge 
---------------------------------
  1     O     7.350       0.650
  2     H     1.325      -0.325
  3     H     1.325      -0.325

---------------------------------
   M Diagnostic: 0.02
---------------------------------

