Computing Integrals
Elapsed time:   11.41 Seconds

Number of basis functions                   (NBF)    = 274
Number of auxiliary basis functions         (NBFAUX) = 332
Inactive Doubly occupied orbitals up to     (NO1)    = 0
No. considered Strongly Doubly occupied MOs (NDOC)   = 16
No. considered Strongly Singly occupied MOs (NSOC)   = 0
NO. of Weakly occ. per St. Doubly occ.  MOs (NCWO)   = 1
Dimension of the Nat. Orb. subspace         (NBF5)   = 32
No. of electrons                                     = 32
    No. of alpha electrons                           = 16
    No. of beta electrons                            = 16
Multiplicity                                         = 1

Geometry
========
 C      -0.7291000       0.1343500      -0.8031600
Cl       0.3112200      -0.0204500      -2.1475500
 C       0.0163300       0.0188600       0.4619000
 H       1.1084300       0.0137000       0.4418200
 H      -0.3632200       0.7784800       1.1509300
 H      -0.3436600      -0.9249200       0.8960800

No violations of the orthonormality
No violations of the orthonormality
 
PNOF7/ADABelief Calculation
==================
 
  Nitext  Nit_orb  Time   Nit_occ  Time         Eelec          Etot           Ediff      maxdiff    MaxGrad_orb  Grad_occ
     1      10    9.8e+01   16    4.2e+01  -604.49462747  -516.59306467 -10603.49462747   1.183278   4.7e+00   1.1e-04 0.01
     2      10    7.3e+01   21    5.0e-02  -618.32985396  -530.42829116   -13.83522648   0.394433   1.6e+00   1.8e-04 0.10
     3      10    7.0e+01   10    4.1e-02  -622.80320605  -534.90164326    -4.47335210   0.387541   1.6e+00   9.7e-05 0.13
     4      10    7.1e+01    6    1.9e-02  -623.83317894  -535.93161614    -1.02997289   0.585713   2.3e+00   1.3e-04 0.08
     5      10    6.8e+01    4    4.0e-02  -624.10756240  -536.20599960    -0.27438346   1.015499   4.1e+00   1.6e-04 0.06
     6      10    7.2e+01    0    4.3e-02  -624.11107755  -536.20951475    -0.00351515   1.015499   4.1e+00   1.6e-04 0.06
     7      30    2.1e+02    3    2.3e-02  -624.86269941  -536.96113661    -0.75162186   0.120380   4.8e-01   1.9e-04 0.04
     8      30    2.0e+02    3    3.0e-02  -624.96872418  -537.06716138    -0.10602476   0.041058   1.6e-01   1.3e-04 0.04
     9      30    2.1e+02    3    1.9e-02  -624.99443202  -537.09286922    -0.02570784   0.040930   1.6e-01   1.0e-04 0.04
    10      30    2.0e+02    2    1.8e-02  -625.00075546  -537.09919266    -0.00632344   0.032283   1.3e-01   1.8e-04 0.04
    11      30    2.1e+02    2    2.5e-02  -625.00125608  -537.09969328    -0.00050062   0.049418   2.0e-01   8.8e-05 0.04
    12      30    2.0e+02    2    2.5e-02  -625.00372624  -537.10216344    -0.00247016   0.028935   1.2e-01   8.6e-05 0.04
    13      30    2.0e+02    0    2.7e-02  -625.00375368  -537.10219088    -0.00002744   0.028935   1.2e-01   8.6e-05 0.04
    14      50    3.4e+02    2    3.2e-02  -625.00634186  -537.10477906    -0.00258818   0.004450   1.8e-02   8.8e-05 0.04
    15      50    3.3e+02    2    3.7e-02  -625.00664947  -537.10508667    -0.00030761   0.007265   2.9e-02   1.0e-04 0.04
    16      50    3.5e+02    1    1.7e-02  -625.00695980  -537.10539700    -0.00031033   0.010188   4.1e-02   1.8e-04 0.04
    17      50    3.7e+02    1    2.4e-02  -625.00732688  -537.10576408    -0.00036708   0.009452   3.8e-02   2.5e-04 0.04
    18      50    3.5e+02    2    2.5e-02  -625.00782790  -537.10626510    -0.00050102   0.009177   3.7e-02   1.4e-04 0.04
    19      50    3.4e+02    2    2.6e-02  -625.00914511  -537.10758231    -0.00131722   0.006882   2.8e-02   1.8e-04 0.03
    20      50    3.4e+02    2    2.3e-02  -625.01131609  -537.10975330    -0.00217098   0.007847   3.1e-02   1.6e-04 0.04
    21      50    3.4e+02    2    2.6e-02  -625.01388042  -537.11231762    -0.00256432   0.007807   3.1e-02   1.3e-04 0.05
    22      50    3.4e+02    2    1.9e-02  -625.01619488  -537.11463208    -0.00231446   0.007602   3.0e-02   1.5e-04 0.06
    23      50    3.4e+02    2    2.6e-02  -625.01802634  -537.11646354    -0.00183146   0.007215   2.9e-02   1.9e-04 0.08
    24      50    3.5e+02    3    1.9e-02  -625.01937769  -537.11781489    -0.00135135   0.008855   3.5e-02   7.3e-05 0.09
    25      50    3.4e+02    2    2.5e-02  -625.02025541  -537.11869261    -0.00087773   0.007400   3.0e-02   1.9e-04 0.11
    26      50    3.5e+02    2    4.4e-02  -625.02075650  -537.11919370    -0.00050109   0.007817   3.1e-02   1.6e-04 0.12
    27      50    3.4e+02    2    2.6e-02  -625.02106403  -537.11950123    -0.00030753   0.007386   3.0e-02   1.2e-04 0.13
    28      50    3.6e+02    2    1.7e-02  -625.02126789  -537.11970509    -0.00020386   0.007741   3.1e-02   1.1e-04 0.14
    29      50    3.6e+02    2    2.1e-02  -625.02136103  -537.11979824    -0.00009315   0.007416   3.0e-02   9.5e-05 0.15
    30      50    3.4e+02    1    2.9e-02  -625.02145163  -537.11988883    -0.00009060   0.007420   3.0e-02   2.1e-04 0.16
    31      50    3.4e+02    1    3.1e-02  -625.02148187  -537.11991907    -0.00003024   0.007331   2.9e-02   2.0e-04 0.17
    32      50    3.4e+02    1    6.8e-02  -625.02150923  -537.11994643    -0.00002736   0.007303   2.9e-02   2.0e-04 0.17
    33      50    3.5e+02    0    1.7e-02  -625.02151574  -537.11995294    -0.00000651   0.007303   2.9e-02   2.0e-04 0.17
    34      70    4.7e+02    1    1.7e-02  -625.02168816  -537.12012536    -0.00017242   0.000278   1.1e-03   1.6e-04 0.17
    35      70    4.8e+02    0    1.8e-02  -625.02169187  -537.12012907    -0.00000371   0.000278   1.1e-03   1.6e-04 0.17
    36      90    6.2e+02    1    2.4e-02  -625.02169644  -537.12013364    -0.00000457   0.000324   1.3e-03   1.3e-04 0.18
    37      90    6.0e+02    1    2.3e-02  -625.02170139  -537.12013859    -0.00000495   0.000354   1.4e-03   1.1e-04 0.18
    38      90    6.4e+02    0    1.6e-02  -625.02170438  -537.12014158    -0.00000299   0.000412   1.6e-03   1.7e-04 0.18
    39     100    6.8e+02    0    2.5e-02  -625.02170553  -537.12014274    -0.00000116   0.000358   1.4e-03   1.8e-04 0.18
    40     110    7.4e+02    0    4.0e-02  -625.02170658  -537.12014378    -0.00000104   0.000281   1.1e-03   1.8e-04 0.18
    41     120    9.7e+02    0    3.9e-02  -625.02170755  -537.12014475    -0.00000097   0.000281   1.1e-03   1.8e-04 0.18
    42     130    1.2e+03    0    2.7e-02  -625.02170850  -537.12014570    -0.00000095   0.000220   8.8e-04   1.8e-04 0.18
 
RESULTS OF THE OCCUPATION OPTIMIZATION
========================================
   1    1.9999575  -100.48399058
   2    1.9999287  -13.47406297
   3    1.9995121  -11.31485504
   4    1.9995708  -11.22639145
   5    1.9997491  -8.65103997
   6    1.9997439  -8.51870365
   7    1.9997410  -8.40273006
   8    1.9770608  -0.80618867
   9    1.9665792  -0.76182326
  10    1.9888983  -0.74031145
  11    1.9888885  -0.73620480
  12    1.9781260  -0.69886613
  13    1.9773146  -0.69052423
  14    1.9764783  -0.68689228
  15    1.9856726  -0.63090075
  16    1.8228295  -0.40969056
  17    0.1771705  -0.05260488
  18    0.0143274  -0.00916336
  19    0.0235217  -0.01661668
  20    0.0226854  -0.01640713
  21    0.0218740  -0.01633059
  22    0.0111115  -0.00804885
  23    0.0111017  -0.00805014
  24    0.0334208  -0.02204230
  25    0.0229392  -0.01838129
  26    0.0002590  -0.00338533
  27    0.0002561  -0.00342664
  28    0.0002509  -0.00338167
  29    0.0004292  -0.00817986
  30    0.0004879  -0.00893323
  31    0.0000713  -0.00116570
  32    0.0000425  -0.00783426
 
----------------
 Final Energies 
----------------
Final NOF Total Energy =    -537.1201457
 
Total Orbital Internal Iterations = 2140
Total Occupation Internal Iterations = 109
 
Elapsed time: 15430.02 Seconds

---------------------------------
   Lowdin Population Analysis    
---------------------------------
 Idx  Atom   Population   Charge 
---------------------------------
  1     C     6.366      -0.366
  2    Cl    16.541       0.459
  3     C     5.915       0.085
  4     H     1.077      -0.077
  5     H     1.056      -0.056
  6     H     1.046      -0.046

---------------------------------
   M Diagnostic: 0.18
---------------------------------

