Computing Integrals
Elapsed time:    5.19 Seconds

Number of basis functions                   (NBF)    = 117
Number of auxiliary basis functions         (NBFAUX) = 113
Inactive Doubly occupied orbitals up to     (NO1)    = 0
No. considered Strongly Doubly occupied MOs (NDOC)   = 5
No. considered Strongly Singly occupied MOs (NSOC)   = 0
NO. of Weakly occ. per St. Doubly occ.  MOs (NCWO)   = 1
Dimension of the Nat. Orb. subspace         (NBF5)   = 10
No. of electrons                                     = 10
    No. of alpha electrons                           = 5
    No. of beta electrons                            = 5
Multiplicity                                         = 1

Geometry
========
 O       0.3902500      -0.2365000      -0.0217700
 H       1.3319600      -0.0379100      -0.0951000
 H      -0.0470900       0.6239100      -0.0134800

No violations of the orthonormality
No violations of the orthonormality
 
PNOF7/ADABelief Calculation
==================
 
  Nitext  Nit_orb  Time   Nit_occ  Time         Eelec          Etot           Ediff      maxdiff    MaxGrad_orb  Grad_occ
     1      10    3.8e+01    7    3.5e+01   -81.54666415   -72.42924053 -10080.54666415   0.603410   2.4e+00   1.3e-04 0.01
     2      10    2.2e+01    5    1.9e-03   -84.33886670   -75.22144307    -2.79220255   0.348033   1.4e+00   3.3e-05 0.02
     3      10    2.3e+01    4    1.4e-02   -85.07329233   -75.95586870    -0.73442563   0.182488   7.3e-01   9.9e-05 0.02
     4      10    2.2e+01    3    1.3e-03   -85.24223379   -76.12481016    -0.16894145   0.188042   7.5e-01   4.1e-05 0.02
     5      10    2.1e+01    2    2.4e-03   -85.25742405   -76.14000043    -0.01519027   0.208420   8.3e-01   1.8e-04 0.02
     6      10    2.2e+01    2    3.2e-02   -85.25832762   -76.14090400    -0.00090357   0.223295   8.9e-01   3.2e-05 0.02
     7      10    2.1e+01    2    7.5e-02   -85.26195979   -76.14453617    -0.00363217   0.195527   7.8e-01   2.2e-05 0.02
     8      10    2.1e+01    0    2.4e-03   -85.26208820   -76.14466457    -0.00012840   0.195527   7.8e-01   2.2e-05 0.02
     9      30    6.6e+01    1    2.3e-03   -85.27194242   -76.15451879    -0.00985422   0.000561   2.2e-03   2.0e-04 0.02
    10      30    6.5e+01    1    3.1e-02   -85.27205859   -76.15463496    -0.00011618   0.000893   3.6e-03   1.4e-04 0.02
    11      30    6.5e+01    0    3.8e-03   -85.27207212   -76.15464850    -0.00001353   0.000893   3.6e-03   1.4e-04 0.02
    12      40    8.5e+01    1    4.8e-03   -85.27207849   -76.15465487    -0.00000637   0.000140   5.6e-04   5.0e-05 0.02
 
RESULTS OF THE OCCUPATION OPTIMIZATION
========================================
   1    1.9997803  -20.55774307
   2    1.9752822  -0.86427232
   3    1.9752801  -0.86403234
   4    1.9875561  -0.76000752
   5    1.9875021  -0.75820833
   6    0.0124979  -0.01243372
   7    0.0124439  -0.01240984
   8    0.0247199  -0.02238890
   9    0.0247178  -0.02238845
  10    0.0002197  -0.00762792
 
----------------
 Final Energies 
----------------
Final NOF Total Energy =     -76.1546549
 
Total Orbital Internal Iterations = 210
Total Occupation Internal Iterations = 28
 
Elapsed time:  539.42 Seconds

---------------------------------
   Lowdin Population Analysis    
---------------------------------
 Idx  Atom   Population   Charge 
---------------------------------
  1     O     7.359       0.641
  2     H     1.320      -0.320
  3     H     1.320      -0.320

---------------------------------
   M Diagnostic: 0.02
---------------------------------

