Computing Integrals
Elapsed time:    3.43 Seconds

Number of basis functions                   (NBF)    = 114
Number of auxiliary basis functions         (NBFAUX) = 154
Inactive Doubly occupied orbitals up to     (NO1)    = 0
No. considered Strongly Doubly occupied MOs (NDOC)   = 7
No. considered Strongly Singly occupied MOs (NSOC)   = 1
NO. of Weakly occ. per St. Doubly occ.  MOs (NCWO)   = 1
Dimension of the Nat. Orb. subspace         (NBF5)   = 15
No. of electrons                                     = 15
    No. of alpha electrons                           = 8
    No. of beta electrons                            = 7
Multiplicity                                         = 2

Geometry
========
 N       0.0000000       0.0000000       0.5729800
 O       0.0000000       0.0000000      -0.5729800

No violations of the orthonormality
No violations of the orthonormality
 
PNOF7/ADABelief Calculation
==================
 
  Nitext  Nit_orb  Time   Nit_occ  Time         Eelec          Etot           Ediff      maxdiff    MaxGrad_orb  Grad_occ
     1      10    5.4e+01    9    3.0e+01  -150.24269649  -124.38327466 -10149.24269649   0.538599   2.2e+00   1.2e-04 0.01
     2      10    4.0e+01   10    5.0e-03  -153.84198941  -127.98256758    -3.59929293   0.719571   2.9e+00   3.4e-05 0.07
     3      10    4.3e+01    7    3.8e-03  -154.71824719  -128.85882536    -0.87625778   0.214901   8.6e-01   1.8e-04 0.15
     4      10    4.3e+01    4    4.0e-03  -155.02801880  -129.16859697    -0.30977161   0.217528   8.7e-01   9.9e-05 0.13
     5      10    4.2e+01    4    3.9e-03  -155.14870313  -129.28928130    -0.12068433   0.202776   8.1e-01   7.2e-05 0.12
     6      10    4.6e+01    3    3.0e-03  -155.21354503  -129.35412320    -0.06484190   0.243472   9.7e-01   1.1e-04 0.10
     7      10    4.2e+01    2    3.8e-03  -155.22547115  -129.36604932    -0.01192612   0.224850   9.0e-01   1.4e-04 0.10
     8      10    4.1e+01    3    3.4e-03  -155.24936530  -129.38994347    -0.02389415   0.382994   1.5e+00   8.0e-05 0.11
     9      10    4.5e+01    3    3.6e-03  -155.25266465  -129.39324282    -0.00329935   0.232979   9.3e-01   1.2e-04 0.12
    10      10    4.2e+01    3    1.8e-02  -155.26195125  -129.40252942    -0.00928660   0.282352   1.1e+00   3.4e-05 0.13
    11      10    4.3e+01    3    1.7e-03  -155.26631040  -129.40688857    -0.00435915   0.267341   1.1e+00   1.0e-04 0.13
    12      10    4.1e+01    3    1.4e-02  -155.27072386  -129.41130203    -0.00441346   0.296893   1.2e+00   1.2e-04 0.13
    13      10    4.2e+01    3    2.0e-03  -155.28233420  -129.42291237    -0.01161034   0.312813   1.3e+00   1.1e-04 0.14
    14      10    4.3e+01    0    3.0e-03  -155.28251830  -129.42309647    -0.00018410   0.312813   1.3e+00   1.1e-04 0.14
    15      30    1.3e+02    2    4.6e-03  -155.31983984  -129.46041801    -0.03732154   0.013263   5.3e-02   1.7e-04 0.14
    16      30    1.3e+02    2    2.0e-03  -155.32109995  -129.46167812    -0.00126011   0.121749   4.9e-01   1.6e-04 0.15
    17      30    1.3e+02    1    4.1e-02  -155.32181899  -129.46239716    -0.00071905   0.008553   3.4e-02   2.1e-04 0.15
    18      30    1.3e+02    0    1.4e-02  -155.32182092  -129.46239909    -0.00000193   0.008553   3.4e-02   2.1e-04 0.15
    19      50    2.1e+02    0    1.6e-03  -155.32206921  -129.46264738    -0.00024829   0.001003   4.0e-03   1.6e-04 0.15
    20      60    2.6e+02    0    2.8e-03  -155.32207119  -129.46264936    -0.00000198   0.000490   2.0e-03   1.5e-04 0.15
    21      70    3.0e+02    0    1.3e-02  -155.32207167  -129.46264984    -0.00000048   0.000241   9.6e-04   1.7e-04 0.15
 
RESULTS OF THE OCCUPATION OPTIMIZATION
========================================
   1    1.9997766  -20.69126452
   2    1.9996858  -15.67852298
   3    1.9809440  -1.30731354
   4    1.9858794  -0.93437132
   5    1.9858541  -0.93395465
   6    1.9789922  -0.80427899
   7    1.8512951  -0.66787954
   8    1.0000000  -0.23337319
   9    0.1487049  -0.07722414
  10    0.0210078  -0.01345499
  11    0.0141459  -0.01136869
  12    0.0141206  -0.01136472
  13    0.0190560  -0.02401229
  14    0.0003142  -0.00804424
  15    0.0002234  -0.00766706
 
----------------
 Final Energies 
----------------
Final NOF Total Energy =    -129.4626498
 
Total Orbital Internal Iterations = 440
Total Occupation Internal Iterations = 62
 
Elapsed time: 1943.99 Seconds

---------------------------------
   Lowdin Population Analysis    
---------------------------------
 Idx  Atom   Population   Charge 
---------------------------------
  1     N     7.154      -0.154
  2     O     7.846       0.154

---------------------------------
   M Diagnostic: 0.15
---------------------------------

