Computing Integrals
Elapsed time:    9.70 Seconds

Number of basis functions                   (NBF)    = 234
Number of auxiliary basis functions         (NBFAUX) = 222
Inactive Doubly occupied orbitals up to     (NO1)    = 0
No. considered Strongly Doubly occupied MOs (NDOC)   = 7
No. considered Strongly Singly occupied MOs (NSOC)   = 1
NO. of Weakly occ. per St. Doubly occ.  MOs (NCWO)   = 1
Dimension of the Nat. Orb. subspace         (NBF5)   = 15
No. of electrons                                     = 15
    No. of alpha electrons                           = 8
    No. of beta electrons                            = 7
Multiplicity                                         = 2

Geometry
========
 C       0.0000000       0.0000000       0.6941900
 C       0.0000000       0.0000000      -0.6941900
 H      -0.9033900       0.2302000      -1.2566400
 H       0.9033900      -0.2302000      -1.2566400
 H       0.9033900       0.2302000       1.2566400
 H      -0.9033900      -0.2302000       1.2566400

No violations of the orthonormality
No violations of the orthonormality
 
PNOF7/ADABelief Calculation
==================
 
  Nitext  Nit_orb  Time   Nit_occ  Time         Eelec          Etot           Ediff      maxdiff    MaxGrad_orb  Grad_occ
     1      10    1.4e+02   15    3.1e+01  -105.53610617   -72.95258199 -10104.53610617   0.351440   1.4e+00   1.6e-04 0.13
     2      10    1.3e+02    5    5.1e-02  -109.54711737   -76.96359319    -4.01101120   0.169620   6.8e-01   1.1e-04 0.11
     3      10    1.3e+02    4    1.4e-02  -110.13446712   -77.55094294    -0.58734975   0.152852   6.1e-01   1.4e-04 0.07
     4      10    1.3e+02    4    3.7e-02  -110.22329204   -77.63976786    -0.08882492   0.110386   4.4e-01   5.1e-05 0.08
     5      10    1.2e+02    3    9.2e-03  -110.29368353   -77.71015935    -0.07039149   0.143103   5.7e-01   1.4e-04 0.07
     6      10    1.2e+02    3    5.8e-03  -110.34457313   -77.76104895    -0.05088960   0.147954   5.9e-01   1.1e-04 0.05
     7      10    1.3e+02    2    6.4e-03  -110.38317417   -77.79964999    -0.03860104   0.154509   6.2e-01   1.5e-04 0.03
     8      10    1.3e+02    2    2.6e-02  -110.40536292   -77.82183874    -0.02218875   0.164654   6.6e-01   7.2e-05 0.03
     9      10    1.3e+02    1    6.3e-03  -110.41520804   -77.83168386    -0.00984513   0.159204   6.4e-01   1.7e-04 0.02
    10      10    1.3e+02    1    1.2e-02  -110.41989534   -77.83637116    -0.00468730   0.166604   6.7e-01   1.3e-04 0.02
    11      10    1.3e+02    1    1.5e-02  -110.42417835   -77.84065417    -0.00428300   0.166126   6.6e-01   9.0e-05 0.02
    12      10    1.3e+02    1    9.4e-03  -110.42436092   -77.84083674    -0.00018258   0.135362   5.4e-01   3.2e-05 0.02
    13      10    1.3e+02    0    5.1e-03  -110.42436820   -77.84084402    -0.00000728   0.135362   5.4e-01   3.2e-05 0.02
    14      30    3.8e+02    1    3.8e-02  -110.44791312   -77.86438894    -0.02354491   0.000555   2.2e-03   1.7e-05 0.02
    15      30    3.8e+02    0    6.4e-03  -110.44791505   -77.86439087    -0.00000194   0.000555   2.2e-03   1.7e-05 0.02
    16      50    6.3e+02    1    5.5e-02  -110.44797380   -77.86444962    -0.00005875   0.000220   8.8e-04   9.7e-06 0.02
 
RESULTS OF THE OCCUPATION OPTIMIZATION
========================================
   1    1.9995645  -11.56911211
   2    1.9995671  -11.56802319
   3    1.9800007  -1.15605333
   4    1.9774203  -0.99423123
   5    1.9767272  -0.99356868
   6    1.9774635  -0.99284884
   7    1.9758993  -0.99048644
   8    1.0000000  -0.36727169
   9    0.0241007  -0.02103754
  10    0.0225365  -0.02003808
  11    0.0232728  -0.02050182
  12    0.0225797  -0.02008508
  13    0.0199993  -0.01944555
  14    0.0004329  -0.00829600
  15    0.0004355  -0.00832833
 
----------------
 Final Energies 
----------------
Final NOF Total Energy =     -77.8644496
 
Total Orbital Internal Iterations = 240
Total Occupation Internal Iterations = 44
 
Elapsed time: 3247.95 Seconds

---------------------------------
   Lowdin Population Analysis    
---------------------------------
 Idx  Atom   Population   Charge 
---------------------------------
  1     C     5.445       0.555
  2     C     5.445       0.555
  3     H     1.028      -0.028
  4     H     1.028      -0.028
  5     H     1.027      -0.027
  6     H     1.028      -0.028

---------------------------------
   M Diagnostic: 0.02
---------------------------------

