Computing Integrals
Elapsed time:   13.48 Seconds

Number of basis functions                   (NBF)    = 411
Number of auxiliary basis functions         (NBFAUX) = 371
Inactive Doubly occupied orbitals up to     (NO1)    = 0
No. considered Strongly Doubly occupied MOs (NDOC)   = 13
No. considered Strongly Singly occupied MOs (NSOC)   = 0
NO. of Weakly occ. per St. Doubly occ.  MOs (NCWO)   = 1
Dimension of the Nat. Orb. subspace         (NBF5)   = 26
No. of electrons                                     = 26
    No. of alpha electrons                           = 13
    No. of beta electrons                            = 13
Multiplicity                                         = 1

Geometry
========
 C       0.0490400      -0.0844800       0.0214200
 C       0.0490400      -0.0844800       1.5354900
 N       1.4468300      -0.0844800       2.0458400
 H       1.9644100       0.7306100       1.7080300
 H       1.4763600      -0.0799600       3.0673000
 H       1.9828300      -0.9265900       1.6742600
 H      -0.4539600       0.7915800       1.9389800
 H      -0.4311300      -0.9748100       1.9357700
 H       0.5532400       0.7980500      -0.3690500
 H       0.5494200      -0.9688800      -0.3672000
 H      -0.9775800      -0.0800200      -0.3379600

No violations of the orthonormality
No violations of the orthonormality
 
PNOF7/ADABelief Calculation
==================
 
  Nitext  Nit_orb  Time   Nit_occ  Time         Eelec          Etot           Ediff      maxdiff    MaxGrad_orb  Grad_occ
     1      10    1.5e+02   13    2.9e+01  -217.29081161  -126.80723113 -10216.29081161   0.589420   2.4e+00   1.0e-04 0.03
     2      10    1.4e+02    8    3.4e-02  -223.06669704  -132.58311656    -5.77588543   0.265215   1.1e+00   1.4e-04 0.11
     3      10    1.4e+02   15    5.2e-02  -224.14028396  -133.65670347    -1.07358691   0.163148   8.7e-01   5.2e-05 0.28
     4      10    1.3e+02    5    4.1e-02  -225.00222178  -134.51864130    -0.86193783   0.178232   7.1e-01   9.4e-05 0.04
     5      10    1.4e+02    3    4.3e-02  -225.27091953  -134.78733905    -0.26869775   0.172150   6.9e-01   1.3e-04 0.03
     6      10    1.3e+02    3    3.7e-02  -225.31358690  -134.83000642    -0.04266737   0.162579   6.5e-01   5.6e-05 0.03
     7      10    1.3e+02    2    2.7e-02  -225.31688598  -134.83330550    -0.00329908   0.169695   6.8e-01   4.2e-05 0.03
     8      10    1.4e+02    2    5.9e-02  -225.32110883  -134.83752834    -0.00422284   0.168312   6.7e-01   2.7e-05 0.03
     9      10    1.3e+02    0    3.9e-02  -225.32115187  -134.83757139    -0.00004305   0.168312   6.7e-01   2.7e-05 0.03
    10      30    3.9e+02    1    2.7e-02  -225.38806792  -134.90448743    -0.06691604   0.000455   1.8e-03   9.7e-05 0.03
    11      30    3.9e+02    0    2.8e-02  -225.38808488  -134.90450439    -0.00001696   0.000455   1.8e-03   9.7e-05 0.03
    12      40    5.0e+02    0    4.0e-02  -225.38808935  -134.90450887    -0.00000447   0.000111   4.4e-04   2.3e-04 0.03
 
RESULTS OF THE OCCUPATION OPTIMIZATION
========================================
   1    1.9996974  -15.89841923
   2    1.9995650  -11.46395083
   3    1.9995728  -11.38556857
   4    1.9789714  -1.12231237
   5    1.9786377  -1.11733452
   6    1.9748858  -1.07997831
   7    1.9740863  -1.07902650
   8    1.9760970  -0.91672609
   9    1.9786856  -0.90312244
  10    1.9785921  -0.90214651
  11    1.9787287  -0.84877123
  12    1.9787058  -0.84799859
  13    1.9786180  -0.84147207
  14    0.0213820  -0.01764142
  15    0.0212942  -0.01772572
  16    0.0212713  -0.01771268
  17    0.0214079  -0.01853422
  18    0.0213144  -0.01848149
  19    0.0239030  -0.02030682
  20    0.0259137  -0.02498221
  21    0.0251142  -0.02439940
  22    0.0213623  -0.02201901
  23    0.0210286  -0.02181460
  24    0.0004272  -0.00819387
  25    0.0004350  -0.00827802
  26    0.0003026  -0.00798361
 
----------------
 Final Energies 
----------------
Final NOF Total Energy =    -134.9045089
 
Total Orbital Internal Iterations = 190
Total Occupation Internal Iterations = 52
 
Elapsed time: 2727.80 Seconds

---------------------------------
   Lowdin Population Analysis    
---------------------------------
 Idx  Atom   Population   Charge 
---------------------------------
  1     C     5.740       0.260
  2     C     5.891       0.109
  3     N     6.095       0.905
  4     H     1.036      -0.036
  5     H     1.038      -0.038
  6     H     0.984       0.016
  7     H     1.037      -0.037
  8     H     1.038      -0.038
  9     H     1.052      -0.052
 10     H     1.053      -0.053
 11     H     1.036      -0.036

---------------------------------
   M Diagnostic: 0.03
---------------------------------

