Computing Integrals
NVIDIA GeForce RTX 4060
Elapsed time:   10.12 Seconds

Number of basis functions                   (NBF)    = 723
Number of auxiliary basis functions         (NBFAUX) = 809
Inactive Doubly occupied orbitals up to     (NO1)    = 0
No. considered Strongly Doubly occupied MOs (NDOC)   = 33
No. considered Strongly Singly occupied MOs (NSOC)   = 0
NO. of Weakly occ. per St. Doubly occ.  MOs (NCWO)   = 1
Dimension of the Nat. Orb. subspace         (NBF5)   = 66
No. of electrons                                     = 66
    No. of alpha electrons                           = 33
    No. of beta electrons                            = 33
Multiplicity                                         = 1

Geometry
========
 N      -0.5128400       1.8571700       0.0000000
 N       1.4920500       0.7114800       0.0000000
 C      -0.5461400      -0.5236100       0.0000000
 C       0.8603600      -0.4683600       0.0000000
 C      -1.1733600       0.6870600       0.0000000
 C       0.8637900       1.9710000       0.0000000
 C      -1.2708200      -1.8341700       0.0000000
 O       1.5133900      -1.5866600       0.0000000
 O       1.4718000       2.9898900       0.0000000
 H      -1.0243600       2.7325100       0.0000000
 H       2.5073100       0.7685400       0.0000000
 H      -2.2544200       0.7564200       0.0000000
 H      -1.0287800      -2.4278900      -0.8815900
 H      -1.0287800      -2.4278900       0.8815900
 H      -2.3474800      -1.6729700       0.0000000
 H       2.4782700      -1.5325100       0.0000000

No violations of the orthonormality
No violations of the orthonormality
 
PNOF7/ADABelief Calculation
==================
 
  Nitext  Nit_orb  Time   Nit_occ  Time         Eelec          Etot           Ediff      maxdiff    MaxGrad_orb  Grad_occ
     1      10    2.4e+01   15    1.8e+01  -907.73133379  -452.11631972 -10906.73133379   0.001293   5.2e-03   1.7e-04 0.09
     2      20    4.9e+00    0    2.3e-02  -908.19790290  -452.58288883    -0.46656911   0.001293   5.2e-03   1.7e-04 0.09
     3      40    1.0e+01    0    2.3e-02  -908.19790290  -452.58288883     0.00000000   0.001293   5.2e-03   1.7e-04 0.09
     4      56    1.5e+01    1    2.4e-02  -908.19803809  -452.58302403    -0.00013520   0.000710   2.8e-03   1.5e-04 0.09
 
RESULTS OF THE OCCUPATION OPTIMIZATION
========================================
   1    1.9997831  -20.78850746
   2    1.9997857  -20.73265457
   3    1.9996923  -15.84412670
   4    1.9996945  -15.80738735
   5    1.9995584  -11.56736755
   6    1.9995643  -11.55374718
   7    1.9995678  -11.50490379
   8    1.9995619  -11.40483952
   9    1.9995713  -11.36168098
  10    1.9851523  -1.33002639
  11    1.9819178  -1.22151458
  12    1.9800827  -1.21777165
  13    1.9840107  -1.20825016
  14    1.9807544  -1.20452976
  15    1.9805464  -1.14813447
  16    1.9775693  -1.11036944
  17    1.9789925  -1.10319722
  18    1.9850849  -1.08633924
  19    1.9798561  -1.06861937
  20    1.9823980  -1.05909109
  21    1.9893968  -0.99437606
  22    1.9893187  -0.99305105
  23    1.9878083  -0.95573747
  24    1.9876598  -0.95290804
  25    1.9784659  -0.94046217
  26    1.9767040  -0.90947497
  27    1.9864408  -0.81927025
  28    1.9781412  -0.81840563
  29    1.9783269  -0.81741416
  30    1.9783200  -0.81739354
  31    1.9167384  -0.73983884
  32    1.9065035  -0.72439259
  33    1.9126138  -0.58080351
  34    0.0873862  -0.03425039
  35    0.0934965  -0.05479876
  36    0.0832616  -0.04534708
  37    0.0216800  -0.01752993
  38    0.0216731  -0.01752557
  39    0.0218588  -0.01772933
  40    0.0135592  -0.00969221
  41    0.0232960  -0.01960887
  42    0.0215341  -0.01898627
  43    0.0123402  -0.01305442
  44    0.0121917  -0.01292845
  45    0.0106813  -0.01196240
  46    0.0106032  -0.01193110
  47    0.0176020  -0.01721939
  48    0.0201439  -0.02014589
  49    0.0149151  -0.01521072
  50    0.0210075  -0.02129864
  51    0.0224307  -0.02364430
  52    0.0194536  -0.02054880
  53    0.0192456  -0.02096548
  54    0.0159893  -0.01807261
  55    0.0199173  -0.02303876
  56    0.0180822  -0.02007380
  57    0.0148477  -0.01918203
  58    0.0004287  -0.00819859
  59    0.0004381  -0.00833372
  60    0.0004322  -0.00828674
  61    0.0004357  -0.00834340
  62    0.0004416  -0.00842664
  63    0.0003055  -0.00804852
  64    0.0003077  -0.00807632
  65    0.0002143  -0.00751923
  66    0.0002169  -0.00760716
 
----------------
 Final Energies 
----------------
Final NOF Total Energy =    -452.5830240
 
Total Orbital Internal Iterations = 126
Total Occupation Internal Iterations = 16
 
Elapsed time:   86.70 Seconds

---------------------------------
   Lowdin Population Analysis    
---------------------------------
 Idx  Atom   Population   Charge 
---------------------------------
  1     N     6.371       0.629
  2     N     6.433       0.567
  3     C     6.118      -0.118
  4     C     6.378      -0.378
  5     C     5.889       0.111
  6     C     6.614      -0.614
  7     C     5.737       0.263
  8     O     7.247       0.753
  9     O     7.641       0.359
 10     H     1.076      -0.076
 11     H     1.100      -0.100
 12     H     1.020      -0.020
 13     H     1.040      -0.040
 14     H     1.040      -0.040
 15     H     1.043      -0.043
 16     H     1.253      -0.253

---------------------------------
   M Diagnostic: 0.09
---------------------------------

