Computing Integrals
Elapsed time:    6.62 Seconds

Number of basis functions                   (NBF)    = 174
Number of auxiliary basis functions         (NBFAUX) = 190
Inactive Doubly occupied orbitals up to     (NO1)    = 0
No. considered Strongly Doubly occupied MOs (NDOC)   = 9
No. considered Strongly Singly occupied MOs (NSOC)   = 0
NO. of Weakly occ. per St. Doubly occ.  MOs (NCWO)   = 1
Dimension of the Nat. Orb. subspace         (NBF5)   = 18
No. of electrons                                     = 18
    No. of alpha electrons                           = 9
    No. of beta electrons                            = 9
Multiplicity                                         = 1

Geometry
========
 N       0.2306400      -1.3396400       0.0000000
 F       0.2306400      -2.7524600       0.0000000
 H       0.8100300      -1.1177400       0.8064800
 H       0.8100300      -1.1177400      -0.8064800

No violations of the orthonormality
No violations of the orthonormality
 
PNOF7/ADABelief Calculation
==================
 
  Nitext  Nit_orb  Time   Nit_occ  Time         Eelec          Etot           Ediff      maxdiff    MaxGrad_orb  Grad_occ
     1      10    5.2e+01    8    4.4e+01  -184.87266324  -148.68685265 -10183.87266324   0.768373   3.1e+00   8.2e-05 0.01
     2      10    3.3e+01    7    3.3e-02  -189.66954852  -153.48373793    -4.79688528   0.357152   1.4e+00   1.6e-04 0.04
     3      10    3.4e+01    4    6.7e-03  -190.75316845  -154.56735786    -1.08361993   0.198855   8.0e-01   6.5e-05 0.03
     4      10    3.3e+01    3    7.0e-03  -191.18412537  -154.99831478    -0.43095692   0.181225   7.2e-01   1.7e-04 0.02
     5      10    3.2e+01    3    3.1e-02  -191.29856279  -155.11275220    -0.11443742   0.204139   8.2e-01   9.0e-05 0.02
     6      10    3.4e+01    4    1.4e-02  -191.32368890  -155.13787831    -0.02512611   0.203160   8.1e-01   1.1e-04 0.03
     7      10    3.1e+01    4    3.6e-02  -191.33280184  -155.14699125    -0.00911294   0.204922   8.2e-01   6.8e-05 0.04
     8      10    3.3e+01    4    5.1e-03  -191.33536179  -155.14955120    -0.00255995   0.223327   8.9e-01   4.8e-05 0.06
     9      10    3.2e+01    0    2.1e-02  -191.33647084  -155.15066025    -0.00110905   0.223327   8.9e-01   4.8e-05 0.06
    10      30    9.7e+01    3    3.4e-02  -191.39098956  -155.20517897    -0.05451872   0.002561   1.0e-02   6.5e-05 0.07
    11      30    9.5e+01    2    4.1e-02  -191.39171005  -155.20589946    -0.00072049   0.002436   9.7e-03   1.4e-04 0.07
    12      30    9.6e+01    0    5.3e-03  -191.39177052  -155.20595993    -0.00006047   0.002436   9.7e-03   1.4e-04 0.07
    13      50    1.6e+02    1    4.4e-02  -191.39184974  -155.20603915    -0.00007922   0.000239   9.6e-04   1.1e-04 0.07
 
RESULTS OF THE OCCUPATION OPTIMIZATION
========================================
   1    1.9998403  -26.29498026
   2    1.9996967  -15.62418388
   3    1.9912366  -0.98874871
   4    1.9914705  -0.98043593
   5    1.9910700  -0.97800557
   6    1.9756605  -0.83292675
   7    1.9756203  -0.83277345
   8    1.9299611  -0.78568060
   9    1.9866499  -0.69902195
  10    0.0133501  -0.01094838
  11    0.0700389  -0.04903038
  12    0.0243797  -0.02082135
  13    0.0243395  -0.02080572
  14    0.0089300  -0.01176258
  15    0.0085295  -0.01145761
  16    0.0087634  -0.01168629
  17    0.0003033  -0.00797143
  18    0.0001597  -0.00712657
 
----------------
 Final Energies 
----------------
Final NOF Total Energy =    -155.2060391
 
Total Orbital Internal Iterations = 230
Total Occupation Internal Iterations = 43
 
Elapsed time:  876.97 Seconds

---------------------------------
   Lowdin Population Analysis    
---------------------------------
 Idx  Atom   Population   Charge 
---------------------------------
  1     N     6.681       0.319
  2     F     8.896       0.104
  3     H     1.211      -0.211
  4     H     1.212      -0.212

---------------------------------
   M Diagnostic: 0.07
---------------------------------

