Computing Integrals
Elapsed time:    9.74 Seconds

Number of basis functions                   (NBF)    = 321
Number of auxiliary basis functions         (NBFAUX) = 317
Inactive Doubly occupied orbitals up to     (NO1)    = 0
No. considered Strongly Doubly occupied MOs (NDOC)   = 12
No. considered Strongly Singly occupied MOs (NSOC)   = 1
NO. of Weakly occ. per St. Doubly occ.  MOs (NCWO)   = 1
Dimension of the Nat. Orb. subspace         (NBF5)   = 25
No. of electrons                                     = 25
    No. of alpha electrons                           = 13
    No. of beta electrons                            = 12
Multiplicity                                         = 2

Geometry
========
 C      -0.7659500       0.0233400       0.0000000
 C       0.7727700       0.0321400       0.0000000
 O       1.1628100      -1.2709800       0.0000000
 H      -1.1158400       1.0569500       0.0000000
 H      -1.1431100      -0.4829100       0.8883700
 H      -1.1431100      -0.4829100      -0.8883700
 H       1.1162200       0.5621800       0.9015700
 H       1.1162200       0.5621800      -0.9015700

No violations of the orthonormality
No violations of the orthonormality
 
PNOF7/ADABelief Calculation
==================
 
  Nitext  Nit_orb  Time   Nit_occ  Time         Eelec          Etot           Ediff      maxdiff    MaxGrad_orb  Grad_occ
     1      10    8.4e+01   14    4.5e+01  -220.83286979  -145.89857806 -10219.83286979   0.668939   2.7e+00   1.5e-04 0.04
     2      10    6.1e+01    8    2.5e-02  -227.05526955  -152.12097783    -6.22239977   0.308957   1.2e+00   1.2e-04 0.06
     3      10    6.0e+01    4    2.4e-02  -228.31997602  -153.38568430    -1.26470646   0.222025   8.9e-01   2.2e-04 0.04
     4      10    6.1e+01    4    3.3e-02  -228.50233543  -153.56804371    -0.18235942   0.198882   8.0e-01   3.4e-05 0.02
     5      10    6.0e+01    2    3.1e-02  -228.56798760  -153.63369588    -0.06565216   0.183954   7.4e-01   1.6e-04 0.03
     6      10    6.3e+01    3    3.4e-02  -228.59404153  -153.65974981    -0.02605393   0.187627   7.5e-01   7.2e-05 0.03
     7      10    5.9e+01    2    2.9e-02  -228.59635195  -153.66206023    -0.00231043   0.174300   7.0e-01   8.8e-05 0.03
     8      10    6.2e+01    1    2.3e-02  -228.60926263  -153.67497091    -0.01291067   0.197313   7.9e-01   1.7e-04 0.03
     9      10    6.3e+01    0    3.0e-02  -228.60930685  -153.67501513    -0.00004423   0.197313   7.9e-01   1.7e-04 0.03
    10      30    1.7e+02    1    2.5e-02  -228.67581099  -153.74151927    -0.06650413   0.002687   1.1e-02   1.5e-04 0.03
    11      30    1.8e+02    1    3.1e-02  -228.67597992  -153.74168819    -0.00016893   0.005372   2.1e-02   6.7e-05 0.03
    12      30    1.8e+02    1    3.2e-02  -228.67621156  -153.74191984    -0.00023165   0.006140   2.5e-02   5.7e-05 0.03
    13      30    1.8e+02    1    2.5e-02  -228.67649318  -153.74220146    -0.00028162   0.006312   2.5e-02   5.5e-05 0.03
    14      30    1.8e+02    1    2.9e-02  -228.67680741  -153.74251569    -0.00031423   0.006943   2.8e-02   4.8e-05 0.03
    15      30    1.8e+02    1    3.1e-02  -228.67729705  -153.74300532    -0.00048964   0.005927   2.4e-02   5.6e-05 0.03
    16      30    1.8e+02    1    2.3e-02  -228.67763565  -153.74334393    -0.00033860   0.010301   4.1e-02   5.7e-05 0.03
    17      30    1.8e+02    1    2.4e-02  -228.67819824  -153.74390652    -0.00056259   0.006739   2.7e-02   6.5e-05 0.03
    18      30    1.8e+02    1    1.6e-02  -228.67853938  -153.74424765    -0.00034113   0.010715   4.3e-02   6.4e-05 0.03
    19      30    1.8e+02    1    2.3e-02  -228.67906652  -153.74477480    -0.00052715   0.010923   4.4e-02   6.8e-05 0.03
    20      30    1.8e+02    1    2.9e-02  -228.67939132  -153.74509960    -0.00032479   0.010463   4.2e-02   6.1e-05 0.03
    21      30    1.7e+02    1    3.0e-02  -228.67989810  -153.74560638    -0.00050678   0.005506   2.2e-02   5.4e-05 0.03
    22      30    1.8e+02    1    3.0e-02  -228.68009955  -153.74580783    -0.00020145   0.011537   4.6e-02   3.9e-05 0.03
    23      30    1.8e+02    1    2.8e-02  -228.68044571  -153.74615399    -0.00034616   0.007049   2.8e-02   4.4e-05 0.03
    24      30    1.8e+02    1    2.5e-02  -228.68057112  -153.74627940    -0.00012541   0.010878   4.4e-02   4.1e-05 0.03
    25      30    1.8e+02    1    3.0e-02  -228.68080729  -153.74651557    -0.00023617   0.006939   2.8e-02   3.9e-05 0.03
    26      30    1.8e+02    0    2.3e-02  -228.68080893  -153.74651721    -0.00000164   0.006939   2.8e-02   3.9e-05 0.03
    27      50    2.9e+02    0    1.9e-02  -228.68102625  -153.74673453    -0.00021733   0.000372   1.5e-03   1.3e-04 0.03
    28      60    3.6e+02    1    3.0e-02  -228.68106866  -153.74677694    -0.00004240   0.000222   8.9e-04   6.9e-06 0.03
 
RESULTS OF THE OCCUPATION OPTIMIZATION
========================================
   1    1.9997729  -20.58786058
   2    1.9995628  -11.26400614
   3    1.9995670  -11.21697259
   4    1.9687432  -0.91357616
   5    1.9841329  -0.82293749
   6    1.9840520  -0.82110536
   7    1.9689231  -0.71110423
   8    1.9761035  -0.69966124
   9    1.9767461  -0.69897577
  10    1.9770439  -0.68204031
  11    1.9778181  -0.68055696
  12    1.9778080  -0.67999237
  13    1.0000000  -0.31472250
  14    0.0221920  -0.01639551
  15    0.0221819  -0.01639496
  16    0.0229561  -0.01668143
  17    0.0232539  -0.01722592
  18    0.0238965  -0.01744692
  19    0.0310769  -0.02022539
  20    0.0159480  -0.01406797
  21    0.0158671  -0.01403114
  22    0.0312568  -0.02763188
  23    0.0004330  -0.00822108
  24    0.0004372  -0.00828287
  25    0.0002271  -0.00773878
 
----------------
 Final Energies 
----------------
Final NOF Total Energy =    -153.7467769
 
Total Orbital Internal Iterations = 710
Total Occupation Internal Iterations = 55
 
Elapsed time: 4494.99 Seconds

---------------------------------
   Lowdin Population Analysis    
---------------------------------
 Idx  Atom   Population   Charge 
---------------------------------
  1     C     5.775       0.225
  2     C     6.244      -0.244
  3     O     7.661       0.339
  4     H     1.059      -0.059
  5     H     1.062      -0.062
  6     H     1.062      -0.062
  7     H     1.069      -0.069
  8     H     1.067      -0.067

---------------------------------
   M Diagnostic: 0.03
---------------------------------

