Computing Integrals
Elapsed time:    3.30 Seconds

Number of basis functions                   (NBF)    = 114
Number of auxiliary basis functions         (NBFAUX) = 154
Inactive Doubly occupied orbitals up to     (NO1)    = 0
No. considered Strongly Doubly occupied MOs (NDOC)   = 10
No. considered Strongly Singly occupied MOs (NSOC)   = 0
NO. of Weakly occ. per St. Doubly occ.  MOs (NCWO)   = 1
Dimension of the Nat. Orb. subspace         (NBF5)   = 20
No. of electrons                                     = 20
    No. of alpha electrons                           = 10
    No. of beta electrons                            = 10
Multiplicity                                         = 1

Geometry
========
Ne       0.0000000       0.0000000       1.5449900
Ne       0.0000000       0.0000000      -1.5449900

No violations of the orthonormality
No violations of the orthonormality
 
PNOF7/ADABelief Calculation
==================
 
  Nitext  Nit_orb  Time   Nit_occ  Time         Eelec          Etot           Ediff      maxdiff    MaxGrad_orb  Grad_occ
     1      10    3.4e+01   10    3.0e+01  -269.40325933  -252.27770753 -10268.40325933   0.770513   3.1e+00   1.2e-04 0.00
     2      10    2.3e+01    8    5.9e-03  -273.49456409  -256.36901229    -4.09130476   1.778115   7.1e+00   9.5e-05 0.00
     3      10    1.8e+01    5    4.5e-03  -274.13751330  -257.01196149    -0.64294921   0.513351   2.1e+00   7.3e-05 0.01
     4      10    1.8e+01    3    1.6e-02  -274.24164708  -257.11609527    -0.10413378   0.497978   2.0e+00   1.3e-04 0.01
     5      10    2.3e+01    2    2.3e-03  -274.27528970  -257.14973789    -0.03364262   0.460981   1.8e+00   3.6e-05 0.01
     6      10    2.6e+01    1    3.3e-03  -274.27678591  -257.15123411    -0.00149621   0.512952   2.1e+00   1.5e-04 0.01
     7      10    2.5e+01    0    4.7e-02  -274.27686243  -257.15131062    -0.00007651   0.512952   2.1e+00   1.5e-04 0.01
     8      30    7.4e+01    1    3.2e-03  -274.35204271  -257.22649090    -0.07518029   0.035803   1.4e-01   9.5e-05 0.01
     9      30    7.9e+01    1    4.8e-03  -274.35417025  -257.22861844    -0.00212754   0.015237   6.1e-02   6.1e-05 0.01
    10      30    7.4e+01    0    3.6e-02  -274.35419888  -257.22864707    -0.00002863   0.015237   6.1e-02   6.1e-05 0.01
    11      50    1.3e+02    0    5.1e-03  -274.35523962  -257.22968781    -0.00104074   0.003328   1.3e-02   1.4e-04 0.01
    12      60    1.5e+02    0    5.5e-03  -274.35523962  -257.22968781     0.00000000   0.003328   1.3e-02   1.4e-04 0.01
    13      80    2.0e+02    1    4.8e-03  -274.35526378  -257.22971198    -0.00002416   0.000475   1.9e-03   1.4e-05 0.01
    14      80    2.0e+02    0    1.5e-02  -274.35526474  -257.22971293    -0.00000096   0.000475   1.9e-03   1.4e-05 0.01
    15     100    2.5e+02    0    8.9e-03  -274.35526593  -257.22971412    -0.00000119   0.000144   5.8e-04   4.6e-05 0.01
 
RESULTS OF THE OCCUPATION OPTIMIZATION
========================================
   1    1.9998815  -32.73866304
   2    1.9998816  -32.73865531
   3    1.9936312  -1.15500417
   4    1.9936176  -1.15478439
   5    1.9936034  -1.15428352
   6    1.9936004  -1.15422272
   7    1.9936023  -1.15420769
   8    1.9935973  -1.15408243
   9    1.9935887  -1.15384880
  10    1.9935858  -1.15381026
  11    0.0064142  -0.01120778
  12    0.0064113  -0.01120345
  13    0.0064027  -0.01119757
  14    0.0063977  -0.01119513
  15    0.0063996  -0.01119788
  16    0.0063966  -0.01119615
  17    0.0063824  -0.01117934
  18    0.0063688  -0.01117716
  19    0.0001184  -0.00677087
  20    0.0001185  -0.00677276
 
----------------
 Final Energies 
----------------
Final NOF Total Energy =    -257.2297141
 
Total Orbital Internal Iterations = 530
Total Occupation Internal Iterations = 32
 
Elapsed time: 1384.02 Seconds

---------------------------------
   Lowdin Population Analysis    
---------------------------------
 Idx  Atom   Population   Charge 
---------------------------------
  1    Ne    10.000      -0.000
  2    Ne    10.000       0.000

---------------------------------
   M Diagnostic: 0.01
---------------------------------

