HIS_xaq_C.jld2 not found
HIS_xaq_n.jld2 not found
Computing Integrals
Elapsed time:   38.39 Seconds

Number of basis functions                   (NBF)    = 1275
Number of auxiliary basis functions         (NBFAUX) = 1389
Inactive Doubly occupied orbitals up to     (NO1)    = 0
No. considered Strongly Doubly occupied MOs (NDOC)   = 56
No. considered Strongly Singly occupied MOs (NSOC)   = 0
NO. of Weakly occ. per St. Doubly occ.  MOs (NCWO)   = 21
Dimension of the Nat. Orb. subspace         (NBF5)   = 1232
No. of electrons                                     = 112
    No. of alpha electrons                           = 56
    No. of beta electrons                            = 56
Multiplicity                                         = 1

Geometry
========
 N      -0.1841300       1.1129900       0.0833200
 H      -1.0539100       0.7665300      -0.2983900
 C       0.4809400       0.2644500       1.0556400
 H       0.9088700       0.9201200       1.8172700
 C      -0.5563500      -0.6655700       1.6926700
 C       1.6443400      -0.5194000       0.4246800
 H      -1.1845600      -0.0727700       2.3571900
 H      -0.0309900      -1.4049000       2.2960300
 C      -1.4389600      -1.3195300       0.6888800
 O       1.6501500      -1.7522100       0.3419500
 N      -1.0012000      -2.2755000      -0.1891900
 C      -2.7654200      -1.1149800       0.3490500
 H      -0.0299500      -2.5666300      -0.2231700
 C      -2.0416900      -2.6037000      -0.9982100
 N      -3.1363800      -1.9190600      -0.6983800
 H      -3.4657900      -0.4503900       0.8281800
 H      -1.9568800      -3.3383000      -1.7802900
 C       0.2706200       2.3388200      -0.2614700
 C      -0.6256400       3.1359400      -1.1720000
 O       1.3450000       2.7838700       0.1511300
 H      -1.4524200       2.5535200      -1.5704400
 H      -0.0290200       3.5329100      -1.9886200
 H      -1.0224600       3.9796100      -0.6107200
 N       2.6435900       0.2703300       0.0020300
 C       3.8176400      -0.2538100      -0.6624200
 H       2.5009900       1.2729200       0.0937100
 H       3.8230300       0.0128400      -1.7182100
 H       4.7192700       0.1352700      -0.1953700
 H       3.8008400      -1.3347800      -0.5689200

No violations of the orthonormality
No violations of the orthonormality
 
PNOF7/ADABelief Calculation
==================
 
  Nitext  Nit_orb  Time   Nit_occ  Time         Eelec          Etot           Ediff      maxdiff    MaxGrad_orb  Grad_occ
     1      10    6.6e+02   21    1.4e+02 -1661.97842698  -622.35747265 -11660.97842698   4.168191   1.7e+01   2.6e-04 0.00
     2      10    6.6e+02   96    3.1e+02 -1698.09537994  -658.47442561   -36.11695296   3.040892   1.2e+01   2.2e-04 0.01
     3      10    6.7e+02    0    4.0e+01 -1698.31338892  -658.69243459    -0.21800898   3.040893   1.2e+01   2.2e-04 0.01
     4      30    1.9e+03  102    3.3e+02 -1751.24746166  -711.62650733   -52.93407274   0.648846   2.6e+00   2.4e-04 0.11
     5      30    1.9e+03   89    2.8e+02 -1755.31823602  -715.69728168    -4.07077436   0.155278   6.3e-01   2.4e-04 0.22
     6      30    1.9e+03   41    1.5e+02 -1757.25287686  -717.63192253    -1.93464085   0.093659   3.7e-01   3.6e-04 0.11
     7      30    1.9e+03   42    1.5e+02 -1757.69175431  -718.07079998    -0.43887745   0.057989   2.3e-01   3.0e-04 0.15
     8      30    1.9e+03   43    1.6e+02 -1757.81998307  -718.19902874    -0.12822876   0.032107   1.3e-01   2.5e-04 0.17
     9      30    1.9e+03   27    1.1e+02 -1757.87954099  -718.25858666    -0.05955792   0.023641   9.5e-02   3.2e-04 0.19
