Computing Integrals
Elapsed time:    2.97 Seconds

Number of basis functions                   (NBF)    = 35
Number of auxiliary basis functions         (NBFAUX) = 51
Inactive Doubly occupied orbitals up to     (NO1)    = 0
No. considered Strongly Doubly occupied MOs (NDOC)   = 1
No. considered Strongly Singly occupied MOs (NSOC)   = 0
NO. of Weakly occ. per St. Doubly occ.  MOs (NCWO)   = 34
Dimension of the Nat. Orb. subspace         (NBF5)   = 35
No. of electrons                                     = 2
    No. of alpha electrons                           = 1
    No. of beta electrons                            = 1
Multiplicity                                         = 1

Geometry
========
Li       0.0000000       0.0000000       0.0000000

No violations of the orthonormality
Hartree-Fock
============

  Nitext  Nitint    Eelec          Etot           Ediff          maxdiff
     1      1    -7.17731086    -7.17731086    -0.04892199     0.41910210 
     2     10    -7.03773808    -7.03773808    -0.19519449     1.04338737 
     3     10    -7.13141698    -7.13141698    -0.01719045     0.77128397 
     4     10    -7.23582283    -7.23582283    -0.00046567     0.05778957 
     5     10    -7.23640449    -7.23640449    -0.00000129     0.00303023 
     6     10    -7.23640521    -7.23640521    -0.00000071     0.00225625 
No violations of the orthonormality
 
PNOF7/ADAM Calculation
==================
 
  Nitext  Nit_orb  Time   Nit_occ  Time         Eelec          Etot           Ediff      maxdiff    Grad_orb  Grad_occ
0.0007618108733051194
0.0010013131719394527
     1      10    1.2e+01   15    2.8e+01    -7.24315006    -7.24315006 -10006.24315006   0.005884   5.6e-02   1.6e-04 0.00
0.0007045110663291831
0.0008329524792096004
     2      30    2.5e-01   19    4.1e-02    -7.25790687    -7.25790687    -0.01475681   0.002649   1.3e-02   1.3e-04 0.00
0.00024417051694869407
0.0003218173476393091
     3      30    1.4e-01   11    2.1e-02    -7.26325985    -7.26325985    -0.00535298   0.001334   8.3e-03   1.3e-04 0.00
0.00012089955212923886
0.00015588945251217553
     4      30    2.5e-01    6    6.9e-03    -7.26585053    -7.26585053    -0.00259068   0.000828   5.7e-03   1.5e-04 0.00
9.013326197582217e-5
0.00011750135504516949
     5      30    8.4e-01    7    1.3e-02    -7.26710506    -7.26710506    -0.00125454   0.000851   4.4e-03   1.2e-04 0.00
3.431746933799416e-5
5.563273873580975e-5
     6      30    6.5e-01    2    7.8e-03    -7.26782897    -7.26782897    -0.00072390   0.000773   3.4e-03   1.3e-04 0.00
3.733304410336036e-5
6.446064380580901e-5
     7      30    5.6e-01    3    6.1e-03    -7.26824228    -7.26824228    -0.00041332   0.000708   3.0e-03   1.6e-04 0.00
0.0
0.0
     8      30    7.4e-02    0    1.4e-03    -7.26856665    -7.26856665    -0.00032437   0.000469   1.9e-03   1.7e-04 0.00
0.0
0.0
     9      40    1.0e+00    0    7.3e-03    -7.26872471    -7.26872471    -0.00015806   0.000174   7.0e-04   1.9e-04 0.00
0.0
0.0
    10      19    5.8e-01    0    3.6e-03    -7.26875090    -7.26875090    -0.00002619   0.000093   6.4e-04   1.9e-04 0.00
 
RESULTS OF THE OCCUPATION OPTIMIZATION
========================================
   1    1.9944332  -2.81751652
   2    0.0027651  -0.01115052
   3    0.0008913  -0.00417104
   4    0.0008828  -0.00415967
   5    0.0008776  -0.00415006
   6    0.0000788  -0.00038277
   7    0.0000213  -0.00005054
   8    0.0000177  -0.00003571
   9    0.0000084  -0.00002392
  10    0.0000039  -0.00000182
  11    0.0000021  -0.00000103
  12    0.0000013  -0.00000083
  13    0.0000012  -0.00000076
  14    0.0000011  -0.00000068
  15    0.0000010  -0.00000064
  16    0.0000009  -0.00000010
  17    0.0000009  -0.00000005
  18    0.0000009  -0.00000004
  19    0.0000008  -0.00000004
  20    0.0000008  -0.00000001
  21    0.0000008  -0.00000000
  22    0.0000007  -0.00000002
  23    0.0000007  0.00000001
  24    0.0000007  0.00000001
  25    0.0000006  -0.00000000
  26    0.0000006  0.00000002
  27    0.0000006  0.00000003
  28    0.0000006  0.00000003
  29    0.0000006  0.00000005
  30    0.0000006  0.00000005
  31    0.0000005  0.00000008
  32    0.0000005  0.00000007
  33    0.0000005  0.00000007
  34    0.0000005  0.00000007
  35    0.0000005  0.00000007
 
----------------
 Final Energies 
----------------
       HF Total Energy =      -7.2364052
Final NOF Total Energy =      -7.2687509
    Correlation Energy =      -0.0323457
 
Total Orbital Internal Iterations = 279
Total Occupation Internal Iterations = 63
 
Elapsed time:  104.59 Seconds

---------------------------------
   Lowdin Population Analysis    
---------------------------------
 Idx  Atom   Population   Charge 
---------------------------------
  1    Li     2.000       1.000

---------------------------------
   M Diagnostic: 0.00
---------------------------------

