Computing Integrals
Elapsed time:    3.29 Seconds

Number of basis functions                   (NBF)    = 177
Number of auxiliary basis functions         (NBFAUX) = 147
Inactive Doubly occupied orbitals up to     (NO1)    = 0
No. considered Strongly Doubly occupied MOs (NDOC)   = 5
No. considered Strongly Singly occupied MOs (NSOC)   = 0
NO. of Weakly occ. per St. Doubly occ.  MOs (NCWO)   = 34
Dimension of the Nat. Orb. subspace         (NBF5)   = 175
No. of electrons                                     = 10
    No. of alpha electrons                           = 5
    No. of beta electrons                            = 5
Multiplicity                                         = 1

Geometry
========
 C       0.0000000       0.0000000       0.0000000
 H       0.6285100      -0.6285100       0.6285100
 H      -0.6285100       0.6285100       0.6285100
 H      -0.6285100      -0.6285100      -0.6285100
 H       0.6285100       0.6285100      -0.6285100

No violations of the orthonormality
Hartree-Fock
============

  Nitext  Nitint    Eelec          Etot           Ediff          maxdiff
     1      1   -22.21226738    -8.75976612    17.44418388    11.10060865 
     2     10   -47.02790184   -33.57540058    -2.87952005     4.18380227 
     3     10   -50.49574211   -37.04324085     0.47385077     8.55849759 
     4     10   -52.26809619   -38.81559492    -0.63942964     4.06776763 
     5     10   -53.01554902   -39.56304776    -0.97527110     2.71872716 
     6     10   -53.26178889   -39.80928763    -0.69424948     3.39430292 
     7     10   -53.13036745   -39.67786619     0.44030996     3.60762809 
     8     10   -53.25353871   -39.80103745     0.01180676     4.24450251 
     9     10   -52.62660837   -39.17410711     0.78842353     5.77972405 
    10     10   -53.25035983   -39.79785857     0.11346130     3.85750287 
    11     10   -53.12560296   -39.67310169     0.52152519     4.00510273 
    12     10   -53.49330942   -40.04080816    -0.55087926     2.47535981 
    13     10   -53.28717395   -39.83467269     0.03886614     3.39043323 
    14     10   -53.21785245   -39.76535119     0.31651121     4.64378032 
    15     10   -53.02631489   -39.57381363     0.58853834     4.07793191 
    16     10   -53.62459928   -40.17209802    -0.17932293     1.13553255 
    17     10   -53.55261200   -40.10011074    -0.19427787     2.21625284 
    18     10   -53.27660872   -39.82410746    -0.12271328     3.48444638 
    19     10   -53.23757590   -39.78507464     0.31881086     4.12646945 
    20     10   -53.51255408   -40.06005282    -0.34050845     2.00214570 
    21     10   -53.25550534   -39.80300408     0.32483362     4.20393670 
    22     10   -53.46099191   -40.00849065     0.01447395     2.81261233 
    23     10   -53.19617315   -39.74367189     0.30084278     4.43144326 
    24     10   -53.58389890   -40.13139764    -0.27822666     1.92313928 
    25     10   -53.31684180   -39.86434054     0.28065056     3.59306305 
    26     10   -53.40663602   -39.95413476    -0.13645721     2.48212400 
    27     10   -53.59965341   -40.14715215    -0.19641316     1.20860100 
    28     10   -53.22076333   -39.76826206     0.34160282     3.67544990 
    29     10   -53.56538620   -40.11288494    -0.27706749     1.84636401 
    30     10   -53.29358475   -39.84108349     0.26723187     3.70568178 
No violations of the orthonormality
 
PNOF7/ADAM Calculation
==================
 
  Nitext  Nit_orb  Time   Nit_occ  Time         Eelec          Etot           Ediff      maxdiff    Grad_orb  Grad_occ
0.0009524349396484721
0.0018743630544265112
     1      10    3.3e+01   12    3.2e+01   -53.57008523   -40.11758396 -10052.57008523   0.918201   7.0e+00   1.1e-04 0.00
0.002164470570159449
0.0035261939214273046
     2      10    1.9e+01   29    1.1e+00   -53.68472841   -40.23222715    -0.11464319   0.091150   8.5e-01   1.5e-04 0.00
0.005821178856128206
0.010806815324802307
     3      10    2.0e+01   37    1.3e+00   -53.72607015   -40.27356889    -0.04134173   0.235477   1.8e+00   2.1e-04 0.01
0.0061411414085787985
0.011960690042445453
     4      10    1.9e+01   15    5.5e-01   -53.75415878   -40.30165752    -0.02808864   0.077060   1.1e+00   2.3e-04 0.02
0.003691759599094957
0.007416367672088902
     5      10    1.9e+01   20    6.3e-01   -53.76390040   -40.31139913    -0.00974161   0.080530   1.3e+00   1.7e-04 0.03
0.0028864123412774
0.004245778537928017
     6      10    2.1e+01    9    3.2e-01   -53.78205866   -40.32955740    -0.01815826   0.122983   1.7e+00   2.0e-04 0.03
0.00208259862367699
0.0029612219980994516
     7      10    2.2e+01   13    4.2e-01   -53.78979247   -40.33729121    -0.00773381   0.058980   9.1e-01   1.9e-04 0.03
0.0009434552012855812
0.0016248559527798998
     8      10    2.0e+01    9    3.9e-01   -53.80792076   -40.35541950    -0.01812829   0.055885   7.9e-01   1.9e-04 0.03
0.00044220032177544333
0.0007903387796009163
     9      10    2.1e+01    4    2.7e-01   -53.80903947   -40.35653821    -0.00111871   0.060650   8.6e-01   1.7e-04 0.03
0.0003198523381708826
0.0006414033137566843
    10      10    2.1e+01    8    3.7e-01   -53.80921097   -40.35670971    -0.00017150   0.059237   7.7e-01   1.9e-04 0.03
0.00032744736997203676
0.0006587434929009875
    11      10    2.1e+01    5    2.6e-01   -53.80886355   -40.35636229     0.00034742   0.041644   6.3e-01   1.4e-04 0.03
0.00013913878604543016
0.00026787406733644044
    12      30    6.2e+01    2    1.6e-01   -53.81892434   -40.36642308    -0.01006079   0.003925   2.2e-02   1.5e-04 0.03
0.00013494856574473423
0.00021315157579504553
    13      30    6.6e+01    2    1.6e-01   -53.81902131   -40.36652005    -0.00009697   0.002681   1.7e-02   1.2e-04 0.03
0.0
0.0
    14      30    6.5e+01    0    1.5e-01   -53.81908096   -40.36657969    -0.00005965   0.001815   1.1e-02   1.3e-04 0.03
0.0
0.0
    15      40    8.4e+01    0    5.7e-02   -53.81910206   -40.36660080    -0.00002110   0.000460   3.3e-03   1.5e-04 0.03
0.0
0.0
    16      50    1.0e+02    0    1.1e-01   -53.81910788   -40.36660662    -0.00000583   0.000111   6.9e-04   1.5e-04 0.03
0.0
0.0
    17      48    9.7e+01    0    1.1e-01   -53.81911026   -40.36660900    -0.00000237   0.000087   5.3e-04   1.6e-04 0.03
 
RESULTS OF THE OCCUPATION OPTIMIZATION
========================================
   1    1.9993077  -11.20949018
   2    1.9687397  -0.67108699
   3    1.9686405  -0.67087023
   4    1.9686330  -0.67076574
   5    1.9686228  -0.67063352
   6    0.0211054  -0.01536242
   7    0.0211515  -0.01536824
   8    0.0211098  -0.01534618
   9    0.0209838  -0.01531596
  10    0.0004445  -0.00821415
  11    0.0053174  -0.00504516
  12    0.0053880  -0.00507960
  13    0.0054014  -0.00508365
  14    0.0052606  -0.00501953
  15    0.0000778  -0.00108552
  16    0.0021237  -0.00233755
  17    0.0020144  -0.00227759
  18    0.0020395  -0.00229082
  19    0.0021470  -0.00234077
  20    0.0000774  -0.00108234
  21    0.0019795  -0.00226152
  22    0.0019153  -0.00222189
  23    0.0018986  -0.00221000
  24    0.0019637  -0.00225083
  25    0.0000750  -0.00106669
  26    0.0001540  -0.00026504
  27    0.0001564  -0.00026854
  28    0.0001592  -0.00026922
  29    0.0001521  -0.00026390
  30    0.0000092  -0.00036045
  31    0.0001335  -0.00025117
  32    0.0001491  -0.00026282
  33    0.0001385  -0.00024931
  34    0.0001420  -0.00025605
  35    0.0000030  -0.00001737
  36    0.0001224  -0.00021889
  37    0.0001187  -0.00021960
  38    0.0001237  -0.00022364
  39    0.0001379  -0.00022917
  40    0.0000012  -0.00000940
  41    0.0001110  -0.00021061
  42    0.0001063  -0.00020764
  43    0.0001120  -0.00020997
  44    0.0001221  -0.00021716
  45    0.0000004  -0.00002992
  46    0.0001003  -0.00020142
  47    0.0000942  -0.00019851
  48    0.0000894  -0.00019225
  49    0.0001076  -0.00020154
  50    0.0000003  -0.00000099
  51    0.0000626  -0.00015355
  52    0.0000714  -0.00015753
  53    0.0000686  -0.00015631
  54    0.0000654  -0.00015462
  55    0.0000002  -0.00000075
  56    0.0000463  -0.00009312
  57    0.0000458  -0.00009323
  58    0.0000549  -0.00009893
  59    0.0000369  -0.00008263
  60    0.0000002  -0.00000070
  61    0.0000281  -0.00007399
  62    0.0000416  -0.00008378
  63    0.0000306  -0.00007594
  64    0.0000218  -0.00006698
  65    0.0000002  -0.00000074
  66    0.0000198  -0.00006414
  67    0.0000278  -0.00007241
  68    0.0000258  -0.00007018
  69    0.0000165  -0.00006018
  70    0.0000002  -0.00000067
  71    0.0000171  -0.00003708
  72    0.0000142  -0.00003483
  73    0.0000192  -0.00003792
  74    0.0000147  -0.00003571
  75    0.0000002  -0.00000065
  76    0.0000076  -0.00002214
  77    0.0000126  -0.00003129
  78    0.0000152  -0.00003387
  79    0.0000120  -0.00003120
  80    0.0000002  -0.00000062
  81    0.0000073  -0.00002581
  82    0.0000076  -0.00002432
  83    0.0000113  -0.00002586
  84    0.0000114  -0.00002314
  85    0.0000001  -0.00000060
  86    0.0000055  -0.00002034
  87    0.0000072  -0.00002234
  88    0.0000110  -0.00002429
  89    0.0000095  -0.00002545
  90    0.0000001  -0.00000053
  91    0.0000046  -0.00001505
  92    0.0000064  -0.00001764
  93    0.0000073  -0.00002056
  94    0.0000070  -0.00001727
  95    0.0000001  -0.00000059
  96    0.0000042  -0.00001541
  97    0.0000052  -0.00001618
  98    0.0000066  -0.00001911
  99    0.0000067  -0.00002188
 100    0.0000001  -0.00000057
 101    0.0000040  -0.00001468
 102    0.0000037  -0.00001162
 103    0.0000058  -0.00001593
 104    0.0000056  -0.00001560
 105    0.0000001  -0.00000050
 106    0.0000028  -0.00001014
 107    0.0000036  -0.00001065
 108    0.0000039  -0.00001204
 109    0.0000044  -0.00001286
 110    0.0000001  -0.00000046
 111    0.0000025  -0.00000793
 112    0.0000035  -0.00001192
 113    0.0000036  -0.00001224
 114    0.0000038  -0.00001210
 115    0.0000001  -0.00000044
 116    0.0000021  -0.00000676
 117    0.0000033  -0.00000930
 118    0.0000034  -0.00000971
 119    0.0000036  -0.00001278
 120    0.0000001  -0.00000041
 121    0.0000020  -0.00000734
 122    0.0000030  -0.00000896
 123    0.0000030  -0.00000988
 124    0.0000031  -0.00000919
 125    0.0000001  -0.00000046
 126    0.0000018  -0.00000311
 127    0.0000028  -0.00000486
 128    0.0000026  -0.00000646
 129    0.0000031  -0.00000819
 130    0.0000001  -0.00000040
 131    0.0000017  -0.00000111
 132    0.0000025  -0.00000493
 133    0.0000023  -0.00000436
 134    0.0000027  -0.00000372
 135    0.0000001  -0.00000045
 136    0.0000016  -0.00000062
 137    0.0000016  -0.00000285
 138    0.0000022  -0.00000448
 139    0.0000025  -0.00000398
 140    0.0000001  -0.00000043
 141    0.0000016  -0.00000067
 142    0.0000015  -0.00000081
 143    0.0000018  -0.00000352
 144    0.0000023  -0.00000367
 145    0.0000001  -0.00000042
 146    0.0000014  -0.00000033
 147    0.0000014  -0.00000087
 148    0.0000016  -0.00000140
 149    0.0000022  -0.00000332
 150    0.0000001  -0.00000041
 151    0.0000013  -0.00000048
 152    0.0000014  -0.00000073
 153    0.0000016  -0.00000031
 154    0.0000020  -0.00000157
 155    0.0000001  -0.00000039
 156    0.0000012  -0.00000069
 157    0.0000012  -0.00000075
 158    0.0000015  -0.00000059
 159    0.0000018  -0.00000091
 160    0.0000001  -0.00000038
 161    0.0000011  -0.00000012
 162    0.0000012  -0.00000010
 163    0.0000013  -0.00000052
 164    0.0000017  -0.00000056
 165    0.0000001  -0.00000040
 166    0.0000011  -0.00000037
 167    0.0000011  -0.00000015
 168    0.0000012  -0.00000071
 169    0.0000016  0.00000031
 170    0.0000001  -0.00000035
 171    0.0000009  -0.00000036
 172    0.0000011  -0.00000027
 173    0.0000010  -0.00000018
 174    0.0000015  -0.00000071
 175    0.0000001  -0.00000036
 
----------------
 Final Energies 
----------------
       HF Total Energy =     -39.8410835
Final NOF Total Energy =     -40.3666090
    Correlation Energy =      -0.5255255
 
Total Orbital Internal Iterations = 338
Total Occupation Internal Iterations = 165
 
Elapsed time:  876.95 Seconds

---------------------------------
   Lowdin Population Analysis    
---------------------------------
 Idx  Atom   Population   Charge 
---------------------------------
  1     C     5.686       0.314
  2     H     1.079      -0.079
  3     H     1.079      -0.079
  4     H     1.079      -0.079
  5     H     1.079      -0.079

---------------------------------
   M Diagnostic: 0.03
---------------------------------

