Computing Integrals
Elapsed time:    2.90 Seconds

Number of basis functions                   (NBF)    = 257
Number of auxiliary basis functions         (NBFAUX) = 367
Inactive Doubly occupied orbitals up to     (NO1)    = 0
No. considered Strongly Doubly occupied MOs (NDOC)   = 21
No. considered Strongly Singly occupied MOs (NSOC)   = 0
NO. of Weakly occ. per St. Doubly occ.  MOs (NCWO)   = 11
Dimension of the Nat. Orb. subspace         (NBF5)   = 252
No. of electrons                                     = 42
    No. of alpha electrons                           = 21
    No. of beta electrons                            = 21
Multiplicity                                         = 1

Geometry
========
Cl       0.0000000       1.4939900       0.8346400
 C       0.0000000       0.0000000      -0.1556000
Cl       0.0000000      -1.4939900       0.8346400
 H       0.8986500       0.0000000      -0.7568500
 H      -0.8986500       0.0000000      -0.7568500

No violations of the orthonormality
Hartree-Fock
============

  Nitext  Nitint    Eelec          Etot           Ediff          maxdiff
     1      1  -362.75463576  -229.93255767   558.92188097    61.03622640 
     2     10  -992.72475883  -859.90268074   -17.65294399    12.99322305 
     3     10 -1065.03324567  -932.21116758    -2.83748016    10.81212382 
     4     10 -1077.83721619  -945.01513810    -2.45490843    10.71090305 
     5     10 -1081.41307730  -948.59099921    -1.36185180    11.08489519 
     6     10 -1083.57002289  -950.74794480    -0.77564058    11.14191942 
     7     10 -1084.40248097  -951.58040287     0.22694844    11.49774570 
     8     10 -1086.38388773  -953.56180964    -0.40100557     9.64008311 
     9     10 -1087.59825378  -954.77617569    -0.41557991     8.73647382 
    10     10 -1087.51689311  -954.69481502    -0.02509845     9.23289203 
    11     10 -1087.69343808  -954.87135999     0.37642477    10.20706440 
    12     10 -1087.63154285  -954.80946475     1.23355719     9.94586918 
    13     10 -1088.93813667  -956.11605857    -0.54090568     8.14875118 
    14     10 -1089.12934611  -956.30726802    -1.27699529     8.18796798 
    15     10 -1088.99689303  -956.17481494     0.39196907     7.41708470 
    16     10 -1089.61799455  -956.79591646    -0.78787785     5.71075605 
    17     10 -1089.58081433  -956.75873624    -0.86073131     7.00617312 
    18     10 -1088.75828362  -955.93620552     0.30210594     7.73492485 
    19     10 -1089.07492551  -956.25284741     0.47827764     8.50206828 
    20     10 -1089.37143596  -956.54935787    -0.08658419     7.17344439 
    21     10 -1088.95716239  -956.13508430     0.16283970     6.91781878 
    22     10 -1088.75029498  -955.92821689     0.50876307     7.00320203 
    23     10 -1089.75288543  -956.93080734    -0.72117393     7.33773086 
    24     10 -1088.82654894  -956.00447085     0.84382510     7.48319628 
    25     10 -1089.72456235  -956.90248426     0.17502131     6.61359887 
    26     10 -1089.42363058  -956.60155248    -0.08086158     7.35274422 
    27     10 -1089.13126545  -956.30918736     0.03189877     6.90123477 
    28     10 -1089.87377664  -957.05169854    -0.59959798     6.13930121 
    29     10 -1089.70966747  -956.88758938    -0.58740185     6.33595079 
    30     10 -1089.54726341  -956.72518531     0.02705386     6.53102099 
No violations of the orthonormality
 
PNOF7/ADAM Calculation
==================
 
  Nitext  Nit_orb  Time   Nit_occ  Time         Eelec          Etot           Ediff      maxdiff    Grad_orb  Grad_occ
0.0009969333287515036
0.004561922406533342
     1      10    4.8e+01   12    2.5e+01 -1089.83089802  -957.00881993 -11088.83089802   2.557715   2.8e+01   2.4e-04 0.00
0.0017356349391290937
0.002934797707162022
     2      10    3.4e+01   24    1.8e+00 -1090.62856132  -957.80648323    -0.79766330   2.846088   2.8e+01   2.4e-04 0.00
0.0030631226831261404
0.006940207808042943
     3      10    3.5e+01   30    1.7e+00 -1090.49382083  -957.67174274     0.13474049   0.317303   8.5e+00   2.5e-04 0.01
0.004525854014744701
0.01074565331225094
     4      30    9.6e+01   29    1.6e+00 -1091.11084941  -958.28877132    -0.61702858   0.034761   5.5e-01   2.3e-04 0.01
0.004128628683050528
0.011893198682501412
     5      30    9.9e+01   38    2.0e+00 -1091.17535430  -958.35327621    -0.06450488   0.019914   5.2e-01   1.8e-04 0.02
0.004303716955137649
0.01079537025394209
     6      30    9.2e+01   15    8.9e-01 -1091.21390113  -958.39182304    -0.03854684   0.028724   4.2e-01   2.8e-04 0.02
0.005303221348042175
0.009824033266161289
     7      30    9.8e+01   21    1.2e+00 -1091.23743524  -958.41535715    -0.02353411   0.016840   3.2e-01   1.9e-04 0.03
0.0053296449442686855
0.009793535834999333
     8      30    9.3e+01   22    1.2e+00 -1091.25213187  -958.43005377    -0.01469662   0.015852   2.7e-01   2.1e-04 0.04
0.004284703948706132
0.007947581853279033
     9      30    1.0e+02   12    7.7e-01 -1091.26093535  -958.43885726    -0.00880348   0.016232   2.5e-01   2.3e-04 0.04
0.0031647831245479423
0.005965461048532597
    10      30    8.7e+01   17    9.9e-01 -1091.26534721  -958.44326912    -0.00441186   0.014761   2.0e-01   2.0e-04 0.05
0.0023533746718541124
0.004766372865063576
    11      30    8.3e+01   11    7.1e-01 -1091.26767663  -958.44559854    -0.00232943   0.014583   1.8e-01   2.2e-04 0.05
0.00192232923263665
0.003842034990162714
    12      30    8.0e+01    5    4.4e-01 -1091.26915117  -958.44707308    -0.00147454   0.012468   1.4e-01   2.2e-04 0.06
0.0017656243564185513
0.0031831443220828636
    13      30    7.5e+01   17    9.8e-01 -1091.27023282  -958.44815473    -0.00108165   0.006374   8.5e-02   2.3e-04 0.06
0.0016089614175083498
0.002736395859034547
    14      30    7.4e+01    4    4.1e-01 -1091.27088252  -958.44880443    -0.00064970   0.005871   6.9e-02   2.7e-04 0.06
0.0015618000829184103
0.0023981367712813673
    15      30    9.3e+01    5    4.4e-01 -1091.27124391  -958.44916582    -0.00036139   0.004962   5.6e-02   2.5e-04 0.06
0.0012551893909931097
0.001918018491232151
    16      30    9.3e+01    5    4.3e-01 -1091.27137859  -958.44930050    -0.00013468   0.005768   6.3e-02   2.5e-04 0.06
0.0010717501780926897
0.0016134512259186203
    17      30    7.3e+01    2    3.0e-01 -1091.27159981  -958.44952171    -0.00022122   0.004888   5.1e-02   2.1e-04 0.06
0.0009253364030305279
0.0013803296919394545
    18      30    7.5e+01    4    4.1e-01 -1091.27147931  -958.44940122     0.00012049   0.005593   7.3e-02   2.8e-04 0.06
0.0008002890159601872
0.0012006067697363195
    19      50    1.2e+02    2    3.0e-01 -1091.27193625  -958.44985816    -0.00045694   0.000415   3.6e-03   2.2e-04 0.06
0.0007534679420129232
0.0010893305296398941
    20      50    1.3e+02    4    3.9e-01 -1091.27199671  -958.44991862    -0.00006046   0.001065   9.4e-03   2.2e-04 0.06
0.0007103641838672736
0.0010076581225163619
    21      50    1.2e+02    1    2.5e-01 -1091.27207858  -958.45000049    -0.00008187   0.001220   1.1e-02   2.0e-04 0.06
0.0006077351939975176
0.0009258449217266286
    22      50    1.3e+02    4    4.0e-01 -1091.27212715  -958.45004906    -0.00004857   0.001481   1.2e-02   2.4e-04 0.06
0.0005125115606248176
0.0008276643504272668
    23      50    1.4e+02    2    2.9e-01 -1091.27220388  -958.45012579    -0.00007672   0.001436   1.2e-02   2.0e-04 0.06
0.0005758001703045079
0.0008610543105990296
    24      50    1.3e+02    4    4.0e-01 -1091.27225148  -958.45017339    -0.00004761   0.001229   1.3e-02   2.3e-04 0.06
0.0006064588623082567
0.0008655833884386215
    25      50    1.3e+02    1    2.6e-01 -1091.27231972  -958.45024162    -0.00006823   0.001231   1.3e-02   2.0e-04 0.06
0.00052623262418032
0.0008050473103669668
    26      50    1.4e+02    4    4.1e-01 -1091.27236232  -958.45028423    -0.00004260   0.001095   1.2e-02   2.3e-04 0.07
0.0005326304410113725
0.0007627538954448129
    27      50    1.3e+02    1    2.6e-01 -1091.27242303  -958.45034494    -0.00006071   0.001106   1.1e-02   1.8e-04 0.07
0.00041849609969564494
0.0006744056136543158
    28      50    1.4e+02    4    4.0e-01 -1091.27245826  -958.45038016    -0.00003522   0.001065   1.1e-02   2.3e-04 0.07
0.0004330679297072093
0.0006217101362727422
    29      50    1.4e+02    1    2.6e-01 -1091.27250390  -958.45042581    -0.00004565   0.003442   2.1e-02   1.6e-04 0.07
0.00035042572701515784
0.0005140936304670256
    30      50    1.4e+02    1    2.6e-01 -1091.27253699  -958.45045889    -0.00003308   0.001032   1.1e-02   1.7e-04 0.07
0.00024980879861295074
0.00037931004811660976
    31      50    1.4e+02    3    3.6e-01 -1091.27256272  -958.45048463    -0.00002574   0.001105   1.1e-02   2.0e-04 0.07
0.00024401362958204054
0.00043211411654620524
    32      50    1.4e+02    1    2.6e-01 -1091.27259799  -958.45051990    -0.00003527   0.000970   1.1e-02   1.7e-04 0.07
0.0
0.0
    33      50    1.4e+02    0    2.2e-01 -1091.27261790  -958.45053981    -0.00001991   0.001089   1.2e-02   2.0e-04 0.07
0.0
0.0
    34      60    1.6e+02    0    2.1e-01 -1091.27264495  -958.45056686    -0.00002705   0.000735   7.8e-03   2.2e-04 0.07
0.0
0.0
    35      70    1.9e+02    0    2.2e-01 -1091.27266584  -958.45058775    -0.00002089   0.000635   6.5e-03   2.6e-04 0.07
0.00017998073049711044
0.0002887760322504511
    36      80    2.2e+02    3    3.6e-01 -1091.27268595  -958.45060786    -0.00002011   0.000468   4.6e-03   1.8e-04 0.07
0.0
0.0
    37      80    2.2e+02    0    2.1e-01 -1091.27271720  -958.45063911    -0.00003125   0.000559   4.9e-03   2.2e-04 0.07
0.0
0.0
    38      90    2.6e+02    0    2.2e-01 -1091.27273245  -958.45065436    -0.00001525   0.000431   4.1e-03   2.3e-04 0.07
0.00024295477397595633
0.00041357019746328686
    39     100    2.8e+02    1    2.6e-01 -1091.27274475  -958.45066666    -0.00001229   0.000375   3.4e-03   1.9e-04 0.07
0.0
0.0
    40     100    2.8e+02    0    2.2e-01 -1091.27275460  -958.45067651    -0.00000985   0.000381   3.4e-03   1.9e-04 0.07
0.0
0.0
    41     110    3.0e+02    0    2.2e-01 -1091.27275910  -958.45068101    -0.00000450   0.000315   2.7e-03   2.0e-04 0.07
0.0
0.0
    42     120    3.4e+02    0    2.1e-01 -1091.27276149  -958.45068340    -0.00000239   0.000220   1.9e-03   2.2e-04 0.07
0.0
0.0
    43     130    3.8e+02    0    2.2e-01 -1091.27276283  -958.45068473    -0.00000134   0.000161   1.3e-03   2.1e-04 0.07
0.0
0.0
    44     140    3.8e+02    0    2.1e-01 -1091.27276349  -958.45068540    -0.00000066   0.000100   8.7e-04   2.2e-04 0.07
 
RESULTS OF THE OCCUPATION OPTIMIZATION
========================================
   1    1.9999244  -97.64427971
   2    1.9999240  -94.98281520
   3    1.9999962  -20.45376252
   4    1.9999742  -17.25138048
   5    1.9992864  -11.33962382
   6    1.9996704  -8.59091452
   7    1.9992636  -8.05437279
   8    1.9994098  -8.04387991
   9    1.9993018  -8.04299747
  10    1.9994490  -8.04276429
  11    1.9995668  -8.04050752
  12    1.9810708  -0.80703563
  13    1.9802891  -0.78701843
  14    1.9684511  -0.76870358
  15    1.9683842  -0.76776423
  16    1.9779517  -0.74991762
  17    1.9328392  -0.70211871
  18    1.9285370  -0.68520057
  19    1.9685353  -0.66024575
  20    1.9657196  -0.62174204
  21    1.9504088  -0.53938072
  22    0.0163838  -0.00967872
  23    0.0133759  -0.00891503
  24    0.0120560  -0.00854027
  25    0.0689358  -0.03782560
  26    0.0643549  -0.03653886
  27    0.0107003  -0.00784045
  28    0.0222803  -0.01737561
  29    0.0222617  -0.01736192
  30    0.0094802  -0.00747328
  31    0.0097854  -0.00777098
  32    0.0002213  -0.00251162
  33    0.0002078  -0.00246073
  34    0.0002270  -0.00253562
  35    0.0002259  -0.00253128
  36    0.0002827  -0.00328780
  37    0.0003234  -0.00362331
  38    0.0004604  -0.00839773
  39    0.0000246  -0.00043274
  40    0.0000005  -0.00000987
  41    0.0000493  -0.00826247
  42    0.0000470  -0.00809669
  43    0.0141662  -0.00819476
  44    0.0128632  -0.00836597
  45    0.0109838  -0.00770864
  46    0.0010104  -0.00125761
  47    0.0011421  -0.00141508
  48    0.0089010  -0.00697217
  49    0.0035817  -0.00407314
  50    0.0035480  -0.00404478
  51    0.0076628  -0.00591754
  52    0.0063568  -0.00517012
  53    0.0002008  -0.00231084
  54    0.0001993  -0.00225501
  55    0.0001922  -0.00239668
  56    0.0002192  -0.00256223
  57    0.0001680  -0.00185434
  58    0.0000014  -0.00001517
  59    0.0000822  -0.00112172
  60    0.0000002  -0.00000892
  61    0.0000004  -0.00000683
  62    0.0000087  -0.00100553
  63    0.0000105  -0.00127217
  64    0.0125517  -0.00720500
  65    0.0070792  -0.00503828
  66    0.0070603  -0.00531724
  67    0.0006527  -0.00087512
  68    0.0007535  -0.00097533
  69    0.0008952  -0.00115053
  70    0.0025613  -0.00304180
  71    0.0025185  -0.00300942
  72    0.0008947  -0.00117056
  73    0.0008829  -0.00111798
  74    0.0000018  -0.00002871
  75    0.0001383  -0.00155510
  76    0.0001385  -0.00156023
  77    0.0001399  -0.00158282
  78    0.0001440  -0.00159499
  79    0.0000010  -0.00001158
  80    0.0000779  -0.00104239
  81    0.0000001  -0.00000078
  82    0.0000004  -0.00000431
  83    0.0000082  -0.00092439
  84    0.0000084  -0.00097076
  85    0.0062274  -0.00416517
  86    0.0005545  -0.00069522
  87    0.0006714  -0.00087027
  88    0.0006111  -0.00079178
  89    0.0007027  -0.00095677
  90    0.0005852  -0.00080587
  91    0.0023380  -0.00278838
  92    0.0023645  -0.00281665
  93    0.0005689  -0.00079241
  94    0.0005900  -0.00084340
  95    0.0000015  -0.00001702
  96    0.0000021  -0.00003030
  97    0.0001337  -0.00152767
  98    0.0000023  -0.00003017
  99    0.0001360  -0.00154201
 100    0.0000007  -0.00000830
 101    0.0000751  -0.00100245
 102    0.0000001  -0.00000077
 103    0.0000003  -0.00000275
 104    0.0000081  -0.00091445
 105    0.0000079  -0.00091943
 106    0.0000915  -0.00014928
 107    0.0001535  -0.00020960
 108    0.0003546  -0.00049374
 109    0.0000735  -0.00012806
 110    0.0000578  -0.00011043
 111    0.0003418  -0.00050016
 112    0.0002460  -0.00042512
 113    0.0002391  -0.00041567
 114    0.0004076  -0.00060837
 115    0.0005155  -0.00075372
 116    0.0000014  -0.00001329
 117    0.0000013  -0.00001652
 118    0.0000025  -0.00002963
 119    0.0000007  -0.00000758
 120    0.0000021  -0.00002733
 121    0.0000005  -0.00000549
 122    0.0000104  -0.00038688
 123    0.0000001  -0.00000074
 124    0.0000003  -0.00000233
 125    0.0000014  -0.00044083
 126    0.0000013  -0.00040140
 127    0.0000474  -0.00005715
 128    0.0000927  -0.00017020
 129    0.0001021  -0.00018070
 130    0.0000477  -0.00009471
 131    0.0000441  -0.00008979
 132    0.0003060  -0.00045581
 133    0.0001729  -0.00031544
 134    0.0001600  -0.00030210
 135    0.0003229  -0.00051249
 136    0.0004560  -0.00072036
 137    0.0000013  -0.00001178
 138    0.0000008  -0.00000790
 139    0.0000015  -0.00001614
 140    0.0000006  -0.00000598
 141    0.0000011  -0.00001042
 142    0.0000005  -0.00000489
 143    0.0000020  -0.00002770
 144    0.0000001  -0.00000058
 145    0.0000003  -0.00000230
 146    0.0000001  -0.00000082
 147    0.0000002  -0.00000098
 148    0.0000367  -0.00005633
 149    0.0000498  -0.00012111
 150    0.0000833  -0.00015736
 151    0.0000354  -0.00006898
 152    0.0000286  -0.00006029
 153    0.0001029  -0.00017389
 154    0.0001363  -0.00026508
 155    0.0001427  -0.00028162
 156    0.0001085  -0.00018213
 157    0.0001119  -0.00019837
 158    0.0000012  -0.00001044
 159    0.0000004  -0.00000314
 160    0.0000010  -0.00001050
 161    0.0000004  -0.00000296
 162    0.0000007  -0.00000684
 163    0.0000005  -0.00000430
 164    0.0000015  -0.00002593
 165    0.0000001  -0.00000050
 166    0.0000003  -0.00000230
 167    0.0000001  -0.00000059
 168    0.0000001  -0.00000069
 169    0.0000278  -0.00004941
 170    0.0000376  -0.00009215
 171    0.0000588  -0.00012476
 172    0.0000333  -0.00006435
 173    0.0000242  -0.00005689
 174    0.0000854  -0.00016790
 175    0.0001222  -0.00024757
 176    0.0001318  -0.00025482
 177    0.0000936  -0.00016954
 178    0.0000891  -0.00016832
 179    0.0000010  -0.00000974
 180    0.0000003  -0.00000168
 181    0.0000009  -0.00000853
 182    0.0000003  -0.00000249
 183    0.0000006  -0.00000589
 184    0.0000004  -0.00000411
 185    0.0000015  -0.00002294
 186    0.0000001  -0.00000053
 187    0.0000003  -0.00000184
 188    0.0000001  -0.00000043
 189    0.0000001  -0.00000044
 190    0.0000228  -0.00004310
 191    0.0000310  -0.00006990
 192    0.0000423  -0.00008340
 193    0.0000257  -0.00005372
 194    0.0000232  -0.00005266
 195    0.0000668  -0.00014332
 196    0.0000859  -0.00020198
 197    0.0000930  -0.00021368
 198    0.0000673  -0.00014576
 199    0.0000725  -0.00014248
 200    0.0000010  -0.00000924
 201    0.0000003  -0.00000115
 202    0.0000004  -0.00000421
 203    0.0000003  -0.00000203
 204    0.0000005  -0.00000508
 205    0.0000004  -0.00000300
 206    0.0000012  -0.00001917
 207    0.0000001  -0.00000049
 208    0.0000003  -0.00000160
 209    0.0000000  -0.00000031
 210    0.0000000  -0.00000038
 211    0.0000210  -0.00004395
 212    0.0000237  -0.00005319
 213    0.0000274  -0.00005794
 214    0.0000238  -0.00004720
 215    0.0000182  -0.00004836
 216    0.0000334  -0.00009863
 217    0.0000518  -0.00014110
 218    0.0000507  -0.00014074
 219    0.0000550  -0.00012771
 220    0.0000389  -0.00009760
 221    0.0000010  -0.00000817
 222    0.0000003  -0.00000116
 223    0.0000004  -0.00000259
 224    0.0000003  -0.00000163
 225    0.0000005  -0.00000438
 226    0.0000004  -0.00000289
 227    0.0000007  -0.00001559
 228    0.0000001  -0.00000050
 229    0.0000003  -0.00000156
 230    0.0000000  -0.00000032
 231    0.0000000  -0.00000027
 232    0.0000148  -0.00003859
 233    0.0000193  -0.00005180
 234    0.0000248  -0.00005173
 235    0.0000135  -0.00004163
 236    0.0000114  -0.00003559
 237    0.0000303  -0.00009274
 238    0.0000394  -0.00010923
 239    0.0000389  -0.00010768
 240    0.0000494  -0.00011092
 241    0.0000302  -0.00007758
 242    0.0000009  -0.00000814
 243    0.0000002  -0.00000090
 244    0.0000003  -0.00000179
 245    0.0000003  -0.00000149
 246    0.0000005  -0.00000417
 247    0.0000003  -0.00000188
 248    0.0000006  -0.00003893
 249    0.0000001  -0.00000049
 250    0.0000003  -0.00000136
 251    0.0000000  -0.00000027
 252    0.0000000  -0.00000024
 
----------------
 Final Energies 
----------------
       HF Total Energy =    -956.7251853
Final NOF Total Energy =    -958.4506854
    Correlation Energy =      -1.7255001
 
Total Orbital Internal Iterations = 2310
Total Occupation Internal Iterations = 310
 
Elapsed time: 6707.71 Seconds

---------------------------------
   Lowdin Population Analysis    
---------------------------------
 Idx  Atom   Population   Charge 
---------------------------------
  1    Cl    16.614       0.386
  2     C     6.527      -0.527
  3    Cl    16.615       0.385
  4     H     1.122      -0.122
  5     H     1.122      -0.122

---------------------------------
   M Diagnostic: 0.07
---------------------------------

