Computing Integrals
Elapsed time:    3.23 Seconds

Number of basis functions                   (NBF)    = 157
Number of auxiliary basis functions         (NBFAUX) = 221
Inactive Doubly occupied orbitals up to     (NO1)    = 0
No. considered Strongly Doubly occupied MOs (NDOC)   = 11
No. considered Strongly Singly occupied MOs (NSOC)   = 0
NO. of Weakly occ. per St. Doubly occ.  MOs (NCWO)   = 13
Dimension of the Nat. Orb. subspace         (NBF5)   = 154
No. of electrons                                     = 22
    No. of alpha electrons                           = 11
    No. of beta electrons                            = 11
Multiplicity                                         = 1

Geometry
========
 P       0.0000000       0.0000000       0.5342000
 C       0.0000000       0.0000000      -0.9915800
 H       0.0000000       0.0000000      -2.0635300

No violations of the orthonormality
Hartree-Fock
============

  Nitext  Nitint    Eelec          Etot           Ediff          maxdiff
     1      1   -76.40595994   -39.17430696   258.17311692    91.11246354 
     2     10  -364.19232500  -326.96067202    -6.46312203    10.89543718 
     3     10  -397.66133241  -360.42967943    -1.64469976     7.02569486 
     4     10  -405.24482246  -368.01316948     1.62257372    11.13926092 
     5     10  -410.61784622  -373.38619324     0.58976357     9.18685774 
     6     10  -411.45149896  -374.21984598     0.25971300     8.79432942 
     7     10  -413.27664679  -376.04499381    -1.64241147     6.54268264 
     8     10  -413.75532309  -376.52367011    -0.47719183     5.90884832 
     9     10  -413.67533163  -376.44367865     0.03798567     6.64285823 
    10     10  -414.12541036  -376.89375738    -0.64721338     5.69231226 
    11     10  -414.11855783  -376.88690485    -0.00264554     6.47418413 
    12     10  -414.97404840  -377.74239542     0.01857279     2.54369104 
    13     10  -414.63695855  -377.40530557     0.20121786     6.51502219 
    14     10  -414.96626020  -377.73460722     0.47684923     8.02968003 
    15     10  -415.36521577  -378.13356279     0.03202598     6.96652633 
    16     10  -415.49660667  -378.26495369     0.02270999     6.33969094 
    17     10  -415.77868082  -378.54702784    -0.19295680     4.73283936 
    18     10  -415.77021386  -378.53856088    -0.14298877     3.79973298 
    19     10  -415.51435807  -378.28270509     0.42780350     4.81677519 
    20     10  -415.84829294  -378.61663996    -0.46637409     5.51958162 
    21     10  -414.89399734  -377.66234436     0.98309317     7.70791453 
    22     10  -415.27164984  -378.03999686     0.60983222     6.67200463 
    23     10  -415.75865710  -378.52700412    -0.08249569     5.73117435 
    24     10  -415.93039769  -378.69874471    -0.66459952     5.32031476 
    25     10  -415.73780140  -378.50614842    -0.00332229     6.86806854 
    26     10  -415.64633539  -378.41468241     0.24244415     7.12150093 
    27     10  -415.78056112  -378.54890814     0.00994271     5.76838058 
    28     10  -415.79378046  -378.56212748     0.01079792     4.35049710 
    29     10  -415.64513429  -378.41348131     0.32070909     6.47271108 
    30     10  -416.14227274  -378.91061976    -0.76994242     2.32183892 
No violations of the orthonormality
 
PNOF7/ADAM Calculation
==================
 
  Nitext  Nit_orb  Time   Nit_occ  Time         Eelec          Etot           Ediff      maxdiff    Grad_orb  Grad_occ
0.000990246281495022
0.003172506835718916
     1      10    3.3e+01   12    3.5e+01  -415.78043750  -378.54878452 -10414.78043750   2.177647   2.4e+01   1.6e-04 0.00
0.0016613600519617133
0.0027614514355298178
     2      10    2.2e+01   16    6.5e-01  -416.39973609  -379.16808311    -0.61929859   0.207280   3.0e+00   2.9e-04 0.00
0.007552662655688325
0.010180425326656254
     3      10    2.0e+01   26    9.5e-01  -416.42025860  -379.18860562    -0.02052252   0.201146   3.0e+00   2.3e-04 0.01
0.011750809960694442
0.016674252747108077
     4      10    2.2e+01   27    9.2e-01  -416.42127042  -379.18961745    -0.00101182   0.144602   3.5e+00   1.7e-04 0.03
0.015090978606033367
0.022978523134316
     5      30    6.2e+01   29    8.8e-01  -416.52303514  -379.29138216    -0.10176472   0.023023   2.4e-01   2.2e-04 0.06
0.023146850548132925
0.0345725611565472
     6      30    5.8e+01   23    6.3e-01  -416.54866098  -379.31700800    -0.02562584   0.012544   1.9e-01   2.0e-04 0.11
0.026011827854660385
0.03861961844304376
     7      30    6.3e+01   23    6.3e-01  -416.57355097  -379.34189799    -0.02488999   0.012374   1.7e-01   1.7e-04 0.16
0.016811178625632736
0.02575388743358551
     8      30    6.4e+01   18    5.4e-01  -416.59374848  -379.36209550    -0.02019751   0.019766   1.8e-01   2.0e-04 0.20
0.0071760423208087065
0.013573465157513648
     9      30    6.2e+01   20    6.6e-01  -416.60617466  -379.37452168    -0.01242618   0.008350   1.0e-01   2.1e-04 0.21
0.007242847502768712
0.011097685022009043
    10      30    6.8e+01   16    6.1e-01  -416.61294294  -379.38128996    -0.00676829   0.011188   1.2e-01   1.9e-04 0.21
0.010453852571013833
0.0149980302912791
    11      30    6.8e+01   12    4.1e-01  -416.61775146  -379.38609848    -0.00480852   0.006812   9.8e-02   1.8e-04 0.22
0.014796504459512083
0.02110643042054403
    12      30    7.0e+01    8    7.1e-01  -416.62206052  -379.39040754    -0.00430905   0.005241   7.8e-02   2.6e-04 0.22
0.018347554801345423
0.026000842518268893
    13      30    6.9e+01   15    5.3e-01  -416.62680641  -379.39515343    -0.00474589   0.004914   6.8e-02   1.4e-04 0.22
0.019005883112246685
0.026896618596972188
    14      30    6.4e+01   13    4.5e-01  -416.63166379  -379.40001081    -0.00485738   0.004373   5.8e-02   2.4e-04 0.22
0.015490298063904562
0.021879379321742932
    15      30    5.8e+01   10    3.3e-01  -416.63526883  -379.40361585    -0.00360504   0.010451   8.0e-02   2.3e-04 0.22
0.00864776661287922
0.012151689956348194
    16      30    6.5e+01   12    4.3e-01  -416.63718046  -379.40552748    -0.00191164   0.004362   5.4e-02   2.1e-04 0.23
0.0034804104602388503
0.004917386701972761
    17      30    6.6e+01    7    2.8e-01  -416.63786197  -379.40620899    -0.00068151   0.004689   5.8e-02   2.8e-04 0.24
0.00108771132657845
0.0015266522716987437
    18      30    6.6e+01   13    4.4e-01  -416.63827189  -379.40661891    -0.00040992   0.004158   4.9e-02   2.1e-04 0.24
0.0006635408459359227
0.0011176193361420843
    19      30    5.7e+01    5    2.2e-01  -416.63852922  -379.40687624    -0.00025734   0.004769   5.3e-02   2.0e-04 0.24
0.0002795715592582848
0.0005430653980728632
    20      30    6.1e+01    8    5.8e-01  -416.63869574  -379.40704276    -0.00016652   0.003863   4.9e-02   2.1e-04 0.24
0.0006333077085178968
0.0010664661932257133
    21      30    6.0e+01    9    3.8e-01  -416.63876278  -379.40710981    -0.00006704   0.004118   6.3e-02   1.6e-04 0.25
0.0007936033691261501
0.0011349623359880544
    22      30    5.5e+01    3    2.1e-01  -416.63885239  -379.40719941    -0.00008961   0.010584   8.9e-02   1.9e-04 0.25
0.0005713995996332738
0.000964423443091224
    23      30    5.7e+01    5    2.0e-01  -416.63888083  -379.40722785    -0.00002843   0.004074   6.5e-02   2.3e-04 0.25
0.00031352568270703873
0.0006290197406969237
    24      30    6.4e+01    9    3.6e-01  -416.63895751  -379.40730453    -0.00007669   0.004296   5.7e-02   1.5e-04 0.25
0.0002710573271549471
0.0004463858883201604
    25      30    6.5e+01    4    3.8e-01  -416.63895395  -379.40730097     0.00000357   0.004419   6.6e-02   1.7e-04 0.25
0.0
0.0
    26      50    9.6e+01    0    2.2e-01  -416.63918527  -379.40753229    -0.00023133   0.000372   4.5e-03   2.2e-04 0.25
0.0
0.0
    27      60    1.3e+02    0    1.0e-01  -416.63918795  -379.40753497    -0.00000268   0.000539   7.0e-03   2.3e-04 0.25
0.0
0.0
    28      70    1.5e+02    0    8.2e-02  -416.63919238  -379.40753940    -0.00000443   0.000332   4.0e-03   2.3e-04 0.25
0.0
0.0
    29      80    1.6e+02    0    1.3e-01  -416.63919475  -379.40754177    -0.00000237   0.000239   3.0e-03   2.3e-04 0.25
0.0
0.0
    30      90    1.7e+02    0    5.9e-02  -416.63919637  -379.40754339    -0.00000162   0.000227   2.1e-03   2.3e-04 0.25
0.0
0.0
    31     100    1.9e+02    0    5.9e-02  -416.63919754  -379.40754456    -0.00000117   0.000150   1.7e-03   2.3e-04 0.25
0.0
0.0
    32     110    2.3e+02    0    1.2e-01  -416.63919853  -379.40754555    -0.00000099   0.000100   1.0e-03   2.3e-04 0.25
0.0
0.0
    33     115    2.5e+02    0    7.9e-02  -416.63919917  -379.40754619    -0.00000064   0.000097   1.1e-03   2.3e-04 0.25
 
RESULTS OF THE OCCUPATION OPTIMIZATION
========================================
   1    1.9999544  -79.52462797
   2    1.9992886  -11.24468121
   3    1.9993714  -6.39742532
   4    1.9993722  -6.39690347
   5    1.9988543  -5.72665521
   6    1.9987870  -5.52067669
   7    1.9688672  -0.88415270
   8    1.9589793  -0.77076617
   9    1.9458697  -0.58127188
  10    1.7635986  -0.39469492
  11    1.7525953  -0.39019194
  12    0.2446625  -0.07093116
  13    0.2211571  -0.06591816
  14    0.0132436  -0.00664824
  15    0.0277567  -0.01994295
  16    0.0192619  -0.01479695
  17    0.0005370  -0.00457508
  18    0.0006838  -0.00557312
  19    0.0006257  -0.00528346
  20    0.0006220  -0.00526349
  21    0.0004547  -0.00827179
  22    0.0000388  -0.00585899
  23    0.0011111  -0.00075940
  24    0.0067019  -0.00314550
  25    0.0096245  -0.00520375
  26    0.0066386  -0.00615360
  27    0.0052614  -0.00481248
  28    0.0002743  -0.00212456
  29    0.0002546  -0.00200343
  30    0.0000003  -0.00000436
  31    0.0000008  -0.00001035
  32    0.0000965  -0.00131429
  33    0.0000026  -0.00023447
  34    0.0004517  -0.00040085
  35    0.0052941  -0.00295861
  36    0.0094653  -0.00547352
  37    0.0026966  -0.00306386
  38    0.0035615  -0.00395916
  39    0.0001841  -0.00141539
  40    0.0001840  -0.00142305
  41    0.0000002  -0.00000185
  42    0.0000007  -0.00001211
  43    0.0000703  -0.00089277
  44    0.0000024  -0.00021374
  45    0.0003140  -0.00029204
  46    0.0030496  -0.00188652
  47    0.0087887  -0.00516440
  48    0.0022365  -0.00263498
  49    0.0009714  -0.00139079
  50    0.0001833  -0.00141403
  51    0.0000061  -0.00004107
  52    0.0000002  -0.00000161
  53    0.0000006  -0.00000704
  54    0.0000703  -0.00089676
  55    0.0000013  -0.00028247
  56    0.0002899  -0.00032062
  57    0.0000496  -0.00005824
  58    0.0077351  -0.00448929
  59    0.0005190  -0.00079378
  60    0.0007532  -0.00091494
  61    0.0000218  -0.00025151
  62    0.0000041  -0.00003370
  63    0.0000002  -0.00000146
  64    0.0000006  -0.00000701
  65    0.0000107  -0.00038626
  66    0.0000002  -0.00000766
  67    0.0001997  -0.00019863
  68    0.0000389  -0.00005141
  69    0.0037706  -0.00251934
  70    0.0005174  -0.00076947
  71    0.0003737  -0.00060345
  72    0.0000029  -0.00002519
  73    0.0000026  -0.00002162
  74    0.0000002  -0.00000159
  75    0.0000006  -0.00000649
  76    0.0000023  -0.00003321
  77    0.0000001  -0.00000070
  78    0.0001235  -0.00011876
  79    0.0000284  -0.00004895
  80    0.0005239  -0.00046464
  81    0.0001735  -0.00030406
  82    0.0003114  -0.00050939
  83    0.0000021  -0.00001858
  84    0.0000024  -0.00002033
  85    0.0000002  -0.00000157
  86    0.0000006  -0.00000599
  87    0.0000016  -0.00002792
  88    0.0000001  -0.00000054
  89    0.0000964  -0.00010485
  90    0.0000212  -0.00004022
  91    0.0003088  -0.00029416
  92    0.0001411  -0.00031636
  93    0.0001800  -0.00032227
  94    0.0000016  -0.00001410
  95    0.0000019  -0.00001610
  96    0.0000002  -0.00000148
  97    0.0000005  -0.00000477
  98    0.0000015  -0.00002726
  99    0.0000000  -0.00000046
 100    0.0000470  -0.00005863
 101    0.0000179  -0.00003960
 102    0.0002659  -0.00027353
 103    0.0001072  -0.00020658
 104    0.0001575  -0.00028795
 105    0.0000016  -0.00001418
 106    0.0000016  -0.00001427
 107    0.0000002  -0.00000126
 108    0.0000005  -0.00000460
 109    0.0000010  -0.00002380
 110    0.0000000  -0.00000038
 111    0.0000332  -0.00005403
 112    0.0000135  -0.00002895
 113    0.0001482  -0.00019070
 114    0.0000843  -0.00019205
 115    0.0001217  -0.00027670
 116    0.0000012  -0.00001274
 117    0.0000014  -0.00001324
 118    0.0000002  -0.00000097
 119    0.0000005  -0.00000404
 120    0.0000009  -0.00001545
 121    0.0000000  -0.00000037
 122    0.0000298  -0.00005155
 123    0.0000102  -0.00002589
 124    0.0000915  -0.00013040
 125    0.0000624  -0.00014338
 126    0.0000875  -0.00021357
 127    0.0000011  -0.00001095
 128    0.0000013  -0.00001248
 129    0.0000001  -0.00000094
 130    0.0000004  -0.00000361
 131    0.0000007  -0.00002647
 132    0.0000000  -0.00000034
 133    0.0000250  -0.00004594
 134    0.0000098  -0.00002633
 135    0.0000875  -0.00012840
 136    0.0000465  -0.00011024
 137    0.0000519  -0.00014181
 138    0.0000010  -0.00001064
 139    0.0000012  -0.00001129
 140    0.0000001  -0.00000085
 141    0.0000004  -0.00000292
 142    0.0000005  -0.00000526
 143    0.0000000  -0.00000024
 144    0.0000211  -0.00003893
 145    0.0000093  -0.00002601
 146    0.0000768  -0.00010480
 147    0.0000408  -0.00010408
 148    0.0000399  -0.00009567
 149    0.0000010  -0.00000970
 150    0.0000009  -0.00000872
 151    0.0000001  -0.00000086
 152    0.0000004  -0.00000260
 153    0.0000004  -0.00001155
 154    0.0000000  -0.00000028
 
----------------
 Final Energies 
----------------
       HF Total Energy =    -378.9106198
Final NOF Total Energy =    -379.4075462
    Correlation Energy =      -0.4969264
 
Total Orbital Internal Iterations = 1345
Total Occupation Internal Iterations = 343
 
Elapsed time: 2968.25 Seconds

---------------------------------
   Lowdin Population Analysis    
---------------------------------
 Idx  Atom   Population   Charge 
---------------------------------
  1     P    14.657       0.343
  2     C     6.149      -0.149
  3     H     1.194      -0.194

---------------------------------
   M Diagnostic: 0.25
---------------------------------

