bih3_C.jld2 not found
bih3_n.jld2 not found
Computing Integrals
NVIDIA GeForce RTX 3090
Elapsed time:    9.52 Seconds

Number of basis functions                   (NBF)    = 172
Number of auxiliary basis functions         (NBFAUX) = 305
Inactive Doubly occupied orbitals up to     (NO1)    = 0
No. considered Strongly Doubly occupied MOs (NDOC)   = 43
No. considered Strongly Singly occupied MOs (NSOC)   = 0
NO. of Weakly occ. per St. Doubly occ.  MOs (NCWO)   = 3
Dimension of the Nat. Orb. subspace         (NBF5)   = 172
No. of electrons                                     = 86
    No. of alpha electrons                           = 43
    No. of beta electrons                            = 43
Multiplicity                                         = 1

Geometry
========
Bi       0.0000000       0.7652100       0.0000000
 H       1.4364600      -0.2550700       0.0000000
 H      -0.7182300      -0.2550700       1.2440100
 H      -0.7182300      -0.2550700      -1.2440100

No violations of the orthonormality
No violations of the orthonormality
 
PNOF7/ADABelief Calculation
==================
 
  Nitext  Nit_orb  Time   Nit_occ  Time         Eelec          Etot           Ediff      maxdiff    MaxGrad_orb  Grad_occ
     1      10    4.2e+01    9    3.5e+01 -4519.12175856 -4443.69918064 -14518.12175856   2.009143   8.2e+00   1.1e-04 0.00
     2      20    2.7e-01   10    4.8e-01 -4543.04470093 -4467.62212302   -23.92294237   0.439660   1.8e+00   2.1e-04 0.00
     3      20    2.3e-01   14    5.7e-01 -4545.65918191 -4470.23660400    -2.61448098   0.151278   6.1e-01   1.3e-04 0.00
     4      20    2.2e-01   10    2.9e-01 -4546.35561707 -4470.93303915    -0.69643515   0.084084   3.4e-01   2.0e-04 0.00
     5      20    3.3e-01   13    3.1e-01 -4546.62154543 -4471.19896752    -0.26592837   0.059203   2.4e-01   1.7e-04 0.01
     6      20    2.3e-01   30    9.4e-01 -4546.79491368 -4471.37233576    -0.17336825   0.079102   3.2e-01   2.4e-04 0.01
     7      20    2.3e-01   17    4.1e-01 -4546.96120344 -4471.53862552    -0.16628975   0.087162   3.5e-01   2.9e-04 0.02
     8      20    2.3e-01   26    8.7e-01 -4547.14915900 -4471.72658108    -0.18795556   0.069469   2.8e-01   2.2e-04 0.03
     9      20    2.3e-01   14    3.8e-01 -4547.23862434 -4471.81604642    -0.08946534   0.027103   1.1e-01   2.1e-04 0.03
    10      20    2.3e-01    5    1.2e-01 -4547.25358221 -4471.83100429    -0.01495788   0.016119   6.4e-02   1.7e-04 0.03
    11      20    2.3e-01    4    1.8e-01 -4547.25728690 -4471.83470898    -0.00370469   0.017502   7.0e-02   2.1e-04 0.03
    12      20    2.3e-01   10    2.0e-01 -4547.26056069 -4471.83798277    -0.00327379   0.014759   5.9e-02   1.9e-04 0.03
    13      20    2.3e-01    0    2.1e-02 -4547.26079189 -4471.83821397    -0.00023120   0.014759   5.9e-02   1.9e-04 0.03
    14      40    4.6e-01    1    1.5e-01 -4547.26879450 -4471.84621658    -0.00800261   0.005382   2.2e-02   2.6e-04 0.03
    15      40    4.7e-01    1    5.9e-02 -4547.26917434 -4471.84659642    -0.00037984   0.001903   7.6e-03   3.0e-04 0.03
    16      40    4.6e-01    2    6.4e-02 -4547.26992411 -4471.84734619    -0.00074977   0.002213   8.9e-03   2.2e-04 0.03
    17      40    4.9e-01    0    8.3e-02 -4547.26960713 -4471.84702921     0.00031698   0.002213   8.9e-03   2.2e-04 0.03
    18      36    4.0e-01    0    2.8e-02 -4547.26994069 -4471.84736277    -0.00033357   0.000674   2.7e-03   2.2e-04 0.03
 
RESULTS OF THE OCCUPATION OPTIMIZATION
========================================
   1    2.0000000  -196.86669922
   2    2.0000000  -102.84739685
   3    2.0000000  -98.73019409
   4    2.0000000  -87.15672302
   5    2.0000000  -60.56204224
   6    1.9999999  -45.10445786
   7    1.9999999  -38.29912186
   8    1.9999999  -26.47356033
   9    1.9999999  -25.66213608
  10    1.9999999  -25.42162323
  11    1.9999999  -24.87571526
  12    1.9999999  -24.44382477
  13    1.9999999  -24.40984726
  14    1.9999999  -23.72163391
  15    1.9999999  -23.63851166
  16    1.9999999  -22.96765137
  17    1.9999999  -22.96389389
  18    1.9999999  -22.95803070
  19    1.9999999  -22.46677399
  20    1.9999999  -21.71617126
  21    1.9999999  -21.70942116
  22    2.0000000  -17.07119370
  23    2.0000000  -15.76733685
  24    2.0000000  -11.86694431
  25    2.0000000  -11.28565884
  26    2.0000000  -10.15371513
  27    2.0000000  -8.82090950
  28    1.9999965  -7.15267944
  29    1.9999963  -5.39306021
  30    1.9999844  -5.01484203
  31    1.9999651  -4.00720072
  32    1.9997120  -3.05869150
  33    1.9996861  -2.96972084
  34    1.9993901  -2.65900040
  35    1.9994299  -2.62699509
  36    1.9995004  -2.58559537
  37    1.9994862  -2.51560974
  38    1.9768006  -0.69916451
  39    1.9765747  -0.69914401
  40    1.9762407  -0.69663423
  41    1.9625543  -0.48520881
  42    1.9616966  -0.48378307
  43    1.9614824  -0.48338294
  44    0.0180537  -0.00832854
  45    0.0179397  -0.00830250
  46    0.0176279  -0.00822823
  47    0.0120496  -0.00945646
  48    0.0117851  -0.00932688
  49    0.0116586  -0.00925823
  50    0.0002212  -0.00058848
  51    0.0002511  -0.00066546
  52    0.0002892  -0.00081869
  53    0.0003344  -0.00094337
  54    0.0001318  -0.00041828
  55    0.0002264  -0.00074158
  56    0.0000280  -0.00012085
  57    0.0000119  -0.00005757
  58    0.0000021  -0.00002680
  59    0.0000023  -0.00002355
  60    0.0000000  -0.00000000
  61    0.0000000  -0.00000000
  62    0.0000000  -0.00000002
  63    0.0000000  -0.00000006
  64    0.0000000  -0.00000000
  65    0.0000000  -0.00000001
  66    0.0000000  -0.00000199
  67    0.0000001  -0.00000278
  68    0.0000000  -0.00000255
  69    0.0000000  -0.00000255
  70    0.0000000  -0.00000149
  71    0.0000000  -0.00000270
  72    0.0000000  -0.00000131
  73    0.0000000  -0.00000170
  74    0.0000000  -0.00000176
  75    0.0000000  -0.00000133
  76    0.0000000  -0.00000229
  77    0.0000000  -0.00000158
  78    0.0000000  -0.00000076
  79    0.0000000  -0.00000075
  80    0.0000000  -0.00000268
  81    0.0000000  -0.00000066
  82    0.0000000  -0.00000032
  83    0.0000000  -0.00000022
  84    0.0000000  -0.00000023
  85    0.0000000  -0.00000022
  86    0.0000000  -0.00000014
  87    0.0144864  -0.00689080
  88    0.0144122  -0.00687297
  89    0.0139185  -0.00669741
  90    0.0059306  -0.00514656
  91    0.0059184  -0.00516203
  92    0.0058877  -0.00513683
  93    0.0001531  -0.00040720
  94    0.0001335  -0.00038522
  95    0.0001465  -0.00038785
  96    0.0001563  -0.00043109
  97    0.0001253  -0.00039317
  98    0.0000437  -0.00018381
  99    0.0000038  -0.00003052
 100    0.0000022  -0.00002393
 101    0.0000009  -0.00001297
 102    0.0000008  -0.00001181
 103    0.0000000  -0.00000000
 104    0.0000000  -0.00000000
 105    0.0000000  -0.00000002
 106    0.0000000  -0.00000001
 107    0.0000000  -0.00000000
 108    0.0000000  -0.00000000
 109    0.0000000  -0.00000146
 110    0.0000000  -0.00000215
 111    0.0000000  -0.00000165
 112    0.0000000  -0.00000152
 113    0.0000000  -0.00000131
 114    0.0000000  -0.00000237
 115    0.0000000  -0.00000098
 116    0.0000000  -0.00000080
 117    0.0000000  -0.00000088
 118    0.0000000  -0.00000100
 119    0.0000000  -0.00000170
 120    0.0000000  -0.00000107
 121    0.0000000  -0.00000097
 122    0.0000000  -0.00000062
 123    0.0000000  -0.00000260
 124    0.0000000  -0.00000072
 125    0.0000000  -0.00000035
 126    0.0000000  -0.00000020
 127    0.0000000  -0.00000021
 128    0.0000000  -0.00000021
 129    0.0000000  -0.00000013
 130    0.0059775  -0.00320820
 131    0.0059515  -0.00319860
 132    0.0058993  -0.00316759
 133    0.0057790  -0.00506757
 134    0.0057218  -0.00505262
 135    0.0056531  -0.00502790
 136    0.0001395  -0.00040325
 137    0.0001150  -0.00029735
 138    0.0001344  -0.00035923
 139    0.0001192  -0.00034222
 140    0.0000568  -0.00018708
 141    0.0000179  -0.00009015
 142    0.0000031  -0.00002680
 143    0.0000015  -0.00001709
 144    0.0000007  -0.00001129
 145    0.0000004  -0.00000846
 146    0.0000000  -0.00000000
 147    0.0000000  -0.00000000
 148    0.0000000  -0.00000000
 149    0.0000000  -0.00000000
 150    0.0000000  -0.00000000
 151    0.0000000  -0.00000000
 152    0.0000000  -0.00000112
 153    0.0000000  -0.00000170
 154    0.0000000  -0.00000121
 155    0.0000000  -0.00000156
 156    0.0000000  -0.00000097
 157    0.0000000  -0.00000191
 158    0.0000000  -0.00000072
 159    0.0000000  -0.00000077
 160    0.0000000  -0.00000073
 161    0.0000000  -0.00000072
 162    0.0000000  -0.00000201
 163    0.0000000  -0.00000072
 164    0.0000000  -0.00000065
 165    0.0000000  -0.00000055
 166    0.0000000  -0.00000245
 167    0.0000000  -0.00000054
 168    0.0000000  -0.00000031
 169    0.0000000  -0.00000021
 170    0.0000000  -0.00000022
 171    0.0000000  -0.00000022
 172    0.0000000  -0.00000013
 
----------------
 Final Energies 
----------------
Final NOF Total Energy =   -4471.8473628
 
Total Orbital Internal Iterations = 446
Total Occupation Internal Iterations = 166
 
Elapsed time:  117.65 Seconds

---------------------------------
   Lowdin Population Analysis    
---------------------------------
 Idx  Atom   Population   Charge 
---------------------------------
  1    Bi    80.912       2.088
  2     H     1.696      -0.696
  3     H     1.696      -0.696
  4     H     1.696      -0.696

---------------------------------
   M Diagnostic: 0.03
---------------------------------

