Computing Integrals
Elapsed time:    8.44 Seconds

Number of basis functions                   (NBF)    = 715
Number of auxiliary basis functions         (NBFAUX) = 721
Inactive Doubly occupied orbitals up to     (NO1)    = 0
No. considered Strongly Doubly occupied MOs (NDOC)   = 30
No. considered Strongly Singly occupied MOs (NSOC)   = 0
NO. of Weakly occ. per St. Doubly occ.  MOs (NCWO)   = 22
Dimension of the Nat. Orb. subspace         (NBF5)   = 690
No. of electrons                                     = 60
    No. of alpha electrons                           = 30
    No. of beta electrons                            = 30
Multiplicity                                         = 1

Geometry
========
 C       1.3986900       0.0046000      -0.3598600
 N      -0.0409200      -0.1696800       0.0165700
 C      -0.9469100       0.9457300      -0.4591900
 C      -1.0928100       1.0563600      -1.9761500
 C      -0.5472800      -1.5456800      -0.2919200
 H      -0.0602500      -0.1049000       1.0430000
 H      -0.4564400      -1.7619500      -1.3609300
 H       0.0428700      -2.2534100       0.2967900
 H       1.7063200       1.0194700      -0.0929800
 H       1.9829500      -0.7051300       0.2327200
 H      -0.5342000       1.8617000      -0.0201800
 H      -1.9106800       0.7660400       0.0322200
 H       1.5444600      -0.1740300      -1.4298700
 H      -1.5912300      -1.6104500       0.0272300
 H      -1.7658800       1.8914300      -2.2073100
 H      -0.1349000       1.2594200      -2.4697000
 H      -1.5278000       0.1512000      -2.4165200
Cl      -0.0629600      -0.0380300       2.8605800

No violations of the orthonormality
Hartree-Fock
============

  Nitext  Nitint    Eelec          Etot           Ediff          maxdiff
     1      1  -229.52202840    84.91226701   503.73895011   120.59079951 
     2     10  -834.64731824  -520.21302282   -12.85547509    10.61585635 
     3     10  -921.20462288  -606.77032746    -2.90140186     8.59470773 
     4     10  -955.65652008  -641.22222467    -3.63859652    10.17694082 
     5     10  -967.04233205  -652.60803664    -0.48346265     9.36446900 
     6     10  -970.70579948  -656.27150407     2.00930916    11.71635446 
     7     10  -974.84580443  -660.41150901     0.60926956     7.88517525 
     8     10  -977.32828458  -662.89398917     0.11618286     8.00084493 
     9     10  -978.28099114  -663.84669572    -0.67286904     6.28954889 
    10     10  -979.79815091  -665.36385550    -0.32994143     6.17441388 
    11     10  -981.41951202  -666.98521661    -0.28263964     7.50596073 
    12     10  -982.41734741  -667.98305199    -0.23425790     6.57742295 
    13     10  -982.68358906  -668.24929364    -0.29326445     7.01278890 
    14     10  -982.96681629  -668.53252087    -0.17825558     7.91735074 
    15     10  -982.77109132  -668.33679591     0.39110787     6.92242121 
    16     10  -983.61606793  -669.18177252    -0.46811465     6.69939587 
    17     10  -984.03794411  -669.60364870    -0.34678516     6.30834837 
    18     10  -984.08602405  -669.65172864     0.38827815     6.63631647 
    19     10  -984.55604820  -670.12175279     0.06524807     6.16900991 
    20     10  -984.99145182  -670.55715640    -0.19028867     7.16012542 
    21     10  -984.81912599  -670.38483058    -0.06553186     5.71904981 
    22     10  -985.01505862  -670.58076321    -0.16596884     5.77024440 
    23     10  -984.94721610  -670.51292069     0.10804513     5.59665890 
    24     10  -984.80999895  -670.37570353     0.39671008     6.01247797 
    25     10  -984.85662076  -670.42232534     0.63823578     6.33606123 
    26     10  -985.08343746  -670.64914204     0.01800073     6.98042452 
    27     10  -985.68860690  -671.25431149    -0.20737207     4.96844041 
    28     10  -985.61982432  -671.18552890     0.14551516     3.89569088 
    29     10  -985.46615416  -671.03185874     0.29347998     5.25436093 
    30     10  -985.59462373  -671.16032832     0.20116794     5.69327508 
No violations of the orthonormality
 
PNOF7/ADAM Calculation
==================
 
  Nitext  Nit_orb  Time   Nit_occ  Time         Eelec          Etot           Ediff      maxdiff    Grad_orb  Grad_occ
0.0009992046770552765
0.005259970636658889
     1      10    1.9e+02   13    4.6e+01  -981.07503707  -666.64074165 -10980.07503707   3.395481   8.0e+01   2.0e-04 0.00
0.002144940835575704
0.005769680438686439
     2      30    5.0e+02   40    4.5e+01  -986.67845916  -672.24416374    -5.60342209   1.432867   3.0e+01   2.4e-04 0.00
0.0059758971367599445
0.016931285050413098
     3      30    4.9e+02   49    5.2e+01  -987.19510153  -672.76080612    -0.51664238   0.076978   1.3e+00   2.9e-04 0.01
0.0052105805002810035
0.021463233979419023
     4      30    4.9e+02   54    4.7e+01  -987.42868178  -672.99438637    -0.23358025   0.083488   1.2e+00   2.8e-04 0.02
0.005221573258456513
0.018714334698982513
     5      30    4.5e+02   35    3.1e+01  -987.55399806  -673.11970265    -0.12531628   0.024308   4.9e-01   2.7e-04 0.03
0.00524355532222287
0.015613488385009719
     6      30    4.6e+02   25    2.4e+01  -987.62214878  -673.18785337    -0.06815072   0.023325   4.2e-01   3.1e-04 0.03
0.004332056486023084
0.011393984739757014
     7      30    4.7e+02   35    3.1e+01  -987.65649840  -673.22220298    -0.03434961   0.021171   4.7e-01   2.8e-04 0.03
0.0020190370258941215
0.006578894991494012
     8      30    4.6e+02   15    1.7e+01  -987.67475246  -673.24045704    -0.01825406   0.015700   3.2e-01   3.1e-04 0.04
0.0019149896058769933
0.004277420511101156
     9      30    4.6e+02   16    1.8e+01  -987.68313891  -673.24884349    -0.00838645   0.010457   3.0e-01   3.0e-04 0.04
0.0014208924277742119
0.0028228005806862104
    10      30    4.6e+02   27    2.6e+01  -987.68739802  -673.25310260    -0.00425911   0.013854   2.9e-01   2.2e-04 0.04
0.0011561324737392464
0.0020121600785065713
    11      30    4.6e+02   11    1.5e+01  -987.68975995  -673.25546454    -0.00236194   0.011610   2.5e-01   2.5e-04 0.04
0.0005831360789292361
0.0009015728750820893
    12      30    4.6e+02    7    1.1e+01  -987.69112217  -673.25682676    -0.00136222   0.008646   2.0e-01   2.9e-04 0.04
0.00036057692935220764
0.0006299516204817938
    13      30    4.6e+02    1    6.7e+00  -987.69180392  -673.25750851    -0.00068175   0.007102   1.8e-01   2.8e-04 0.04
0.00021582611421144815
0.0003925076392090151
    14      30    4.6e+02    1    6.3e+00  -987.69242018  -673.25812476    -0.00061626   0.004130   1.2e-01   2.6e-04 0.04
0.0
0.0
    15      30    4.6e+02    0    6.0e+00  -987.69271625  -673.25842084    -0.00029608   0.003714   9.3e-02   2.7e-04 0.04
0.00018681516563421978
0.0003475090021832495
    16      40    6.1e+02   12    1.5e+01  -987.69300770  -673.25871229    -0.00029145   0.001586   3.5e-02   2.5e-04 0.04
0.00020502322631210657
0.0004114563938434396
    17      40    6.2e+02    1    6.3e+00  -987.69317461  -673.25887920    -0.00016691   0.001655   3.6e-02   2.8e-04 0.04
0.00019184617767187273
0.0003284763266349585
    18      40    6.1e+02    1    6.5e+00  -987.69320656  -673.25891115    -0.00003195   0.002165   3.7e-02   2.4e-04 0.04
0.0
0.0
    19      40    6.2e+02    0    5.4e+00  -987.69321635  -673.25892093    -0.00000978   0.002236   4.5e-02   2.6e-04 0.04
0.0002332818778997981
0.0004437813344796009
    20      50    7.4e+02    3    7.6e+00  -987.69322519  -673.25892978    -0.00000885   0.027769   1.5e-01   1.8e-04 0.04
0.00019688782225291135
0.0002639307725655323
    21      50    7.4e+02    1    6.2e+00  -987.69331377  -673.25901835    -0.00008857   0.000797   1.4e-02   1.6e-04 0.04
0.0
0.0
    22      50    7.4e+02    0    5.7e+00  -987.69329129  -673.25899587     0.00002248   0.001749   3.0e-02   2.0e-04 0.04
0.0
0.0
    23      80    1.2e+03    0    5.6e+00  -987.69333434  -673.25903893    -0.00004305   0.000135   9.8e-04   2.0e-04 0.04
0.0
0.0
    24      90    1.3e+03    0    5.5e+00  -987.69333630  -673.25904088    -0.00000195   0.000105   1.2e-03   2.1e-04 0.04
0.0
0.0
    25     100    1.5e+03    0    5.5e+00  -987.69333755  -673.25904214    -0.00000126   0.000883   4.6e-03   2.0e-04 0.04
0.0
0.0
    26     110    1.7e+03    0    6.2e+00  -987.69333743  -673.25904202     0.00000012   0.014705   7.3e-02   2.1e-04 0.04
0.0
0.0
    27      62    1.0e+03    0    6.3e+00  -987.69333929  -673.25904387    -0.00000185   0.000099   1.5e-03   2.1e-04 0.04
 
RESULTS OF THE OCCUPATION OPTIMIZATION
========================================
   1    1.9999228  -96.26234120
   2    1.9999855  -18.46054702
   3    1.9995182  -15.67546801
   4    1.9992787  -11.30503096
   5    1.9992799  -11.30258258
   6    1.9992800  -11.30243841
   7    1.9992953  -11.26452095
   8    1.9997255  -8.27984644
   9    1.9992918  -7.88649670
  10    1.9994132  -7.88486698
  11    1.9784340  -0.91803119
  12    1.9623202  -0.88226790
  13    1.9623185  -0.88203483
  14    1.9605908  -0.86844567
  15    1.9666873  -0.77824633
  16    1.9687872  -0.74681527
  17    1.9687826  -0.74669121
  18    1.9689721  -0.74221857
  19    1.9689696  -0.74200640
  20    1.9691478  -0.74010284
  21    1.9691062  -0.73995180
  22    1.9685935  -0.73929737
  23    1.9685790  -0.73915411
  24    1.9683833  -0.72074791
  25    1.9683957  -0.72074699
  26    1.9683209  -0.71709337
  27    1.9812483  -0.62067558
  28    1.9657793  -0.50746028
  29    1.9707593  -0.50539205
  30    1.9572579  -0.43249096
  31    0.0192387  -0.00948691
  32    0.0170010  -0.00929020
  33    0.0136778  -0.00809842
  34    0.0147116  -0.00899288
  35    0.0220201  -0.01637248
  36    0.0219708  -0.01642692
  37    0.0219848  -0.01643129
  38    0.0221590  -0.01690354
  39    0.0221494  -0.01689765
  40    0.0214240  -0.01645268
  41    0.0213987  -0.01644335
  42    0.0214925  -0.01650889
  43    0.0215010  -0.01651496
  44    0.0217259  -0.01668727
  45    0.0217219  -0.01668724
  46    0.0270784  -0.02057028
  47    0.0360112  -0.02874126
  48    0.0342390  -0.02783835
  49    0.0342734  -0.02786825
  50    0.0151939  -0.01512119
  51    0.0002330  -0.00267022
  52    0.0002210  -0.00260038
  53    0.0002716  -0.00304326
  54    0.0004417  -0.00819381
  55    0.0004453  -0.00824909
  56    0.0004450  -0.00824753
  57    0.0004434  -0.00822936
  58    0.0003122  -0.00799210
  59    0.0000078  -0.00021489
  60    0.0000495  -0.00830239
  61    0.0126895  -0.00647134
  62    0.0097291  -0.00570633
  63    0.0108943  -0.00647908
  64    0.0009877  -0.00113717
  65    0.0046995  -0.00472998
  66    0.0047580  -0.00480531
  67    0.0047595  -0.00480644
  68    0.0039645  -0.00431652
  69    0.0039577  -0.00431286
  70    0.0043036  -0.00455605
  71    0.0043049  -0.00455836
  72    0.0043644  -0.00460000
  73    0.0043630  -0.00459944
  74    0.0045025  -0.00472274
  75    0.0045021  -0.00472231
  76    0.0034685  -0.00385875
  77    0.0018640  -0.00270394
  78    0.0018947  -0.00275065
  79    0.0018769  -0.00273693
  80    0.0021218  -0.00327831
  81    0.0002141  -0.00253136
  82    0.0002170  -0.00250624
  83    0.0000002  -0.00000103
  84    0.0000843  -0.00116334
  85    0.0000931  -0.00128207
  86    0.0000931  -0.00128178
  87    0.0000933  -0.00128046
  88    0.0000548  -0.00100348
  89    0.0000004  -0.00001199
  90    0.0000098  -0.00117531
  91    0.0098029  -0.00524268
  92    0.0008094  -0.00090887
  93    0.0086898  -0.00545796
  94    0.0007531  -0.00090638
  95    0.0020917  -0.00240512
  96    0.0021090  -0.00243054
  97    0.0021064  -0.00242815
  98    0.0024718  -0.00283201
  99    0.0024626  -0.00282905
 100    0.0023292  -0.00270084
 101    0.0023038  -0.00268487
 102    0.0023098  -0.00268975
 103    0.0023123  -0.00269018
 104    0.0021388  -0.00253754
 105    0.0021389  -0.00253662
 106    0.0010324  -0.00154836
 107    0.0006217  -0.00112873
 108    0.0006251  -0.00114195
 109    0.0006314  -0.00115103
 110    0.0018013  -0.00265419
 111    0.0001382  -0.00153701
 112    0.0001359  -0.00153726
 113    0.0000002  -0.00000104
 114    0.0000830  -0.00114676
 115    0.0000851  -0.00118328
 116    0.0000847  -0.00118015
 117    0.0000854  -0.00119136
 118    0.0000544  -0.00099640
 119    0.0000003  -0.00000185
 120    0.0000082  -0.00094983
 121    0.0005794  -0.00058797
 122    0.0006251  -0.00070403
 123    0.0006480  -0.00068537
 124    0.0007070  -0.00085229
 125    0.0020172  -0.00233440
 126    0.0019108  -0.00225809
 127    0.0019002  -0.00225161
 128    0.0019755  -0.00237826
 129    0.0019896  -0.00238531
 130    0.0019592  -0.00235497
 131    0.0019601  -0.00235665
 132    0.0019871  -0.00237210
 133    0.0019682  -0.00236212
 134    0.0019683  -0.00236343
 135    0.0019604  -0.00235730
 136    0.0010089  -0.00150242
 137    0.0005646  -0.00103650
 138    0.0005322  -0.00100390
 139    0.0005401  -0.00101353
 140    0.0017762  -0.00263576
 141    0.0000002  -0.00000137
 142    0.0001315  -0.00150834
 143    0.0000002  -0.00000098
 144    0.0000829  -0.00114604
 145    0.0000842  -0.00117196
 146    0.0000839  -0.00116945
 147    0.0000848  -0.00117410
 148    0.0000526  -0.00099258
 149    0.0000003  -0.00000182
 150    0.0000080  -0.00092970
 151    0.0002155  -0.00027713
 152    0.0003860  -0.00045039
 153    0.0000646  -0.00010626
 154    0.0005269  -0.00063673
 155    0.0001555  -0.00026822
 156    0.0001613  -0.00027648
 157    0.0001589  -0.00027628
 158    0.0001755  -0.00030574
 159    0.0001720  -0.00030310
 160    0.0001862  -0.00031503
 161    0.0001833  -0.00031232
 162    0.0001817  -0.00031055
 163    0.0001794  -0.00030968
 164    0.0001857  -0.00031656
 165    0.0001888  -0.00031954
 166    0.0002621  -0.00043483
 167    0.0001160  -0.00026143
 168    0.0001288  -0.00028392
 169    0.0001102  -0.00025774
 170    0.0001516  -0.00036665
 171    0.0000001  -0.00000081
 172    0.0000012  -0.00000295
 173    0.0000001  -0.00000095
 174    0.0000086  -0.00035620
 175    0.0000088  -0.00035846
 176    0.0000085  -0.00035744
 177    0.0000086  -0.00035793
 178    0.0000057  -0.00030238
 179    0.0000003  -0.00000166
 180    0.0000013  -0.00041932
 181    0.0000556  -0.00008653
 182    0.0003136  -0.00037382
 183    0.0000557  -0.00009475
 184    0.0004034  -0.00051759
 185    0.0001504  -0.00026474
 186    0.0001470  -0.00026372
 187    0.0001551  -0.00027154
 188    0.0001321  -0.00024865
 189    0.0001317  -0.00024873
 190    0.0001369  -0.00025113
 191    0.0001542  -0.00026586
 192    0.0001410  -0.00025867
 193    0.0001526  -0.00026686
 194    0.0001476  -0.00027133
 195    0.0001501  -0.00027213
 196    0.0002264  -0.00038993
 197    0.0000818  -0.00020079
 198    0.0001049  -0.00023509
 199    0.0001047  -0.00023535
 200    0.0001440  -0.00035053
 201    0.0000001  -0.00000062
 202    0.0000004  -0.00000190
 203    0.0000001  -0.00000096
 204    0.0000016  -0.00001485
 205    0.0000009  -0.00001037
 206    0.0000017  -0.00001526
 207    0.0000014  -0.00001338
 208    0.0000006  -0.00001023
 209    0.0000003  -0.00000171
 210    0.0000002  -0.00000114
 211    0.0000364  -0.00006028
 212    0.0001852  -0.00021955
 213    0.0000414  -0.00007184
 214    0.0002347  -0.00030037
 215    0.0001234  -0.00022109
 216    0.0001284  -0.00023167
 217    0.0001298  -0.00023365
 218    0.0001221  -0.00023554
 219    0.0001213  -0.00023428
 220    0.0001310  -0.00025057
 221    0.0001282  -0.00024607
 222    0.0001256  -0.00024160
 223    0.0001292  -0.00024550
 224    0.0001311  -0.00024430
 225    0.0001348  -0.00024799
 226    0.0000558  -0.00015084
 227    0.0000415  -0.00013209
 228    0.0000427  -0.00013724
 229    0.0000318  -0.00011025
 230    0.0000923  -0.00024463
 231    0.0000001  -0.00000055
 232    0.0000002  -0.00000120
 233    0.0000001  -0.00000099
 234    0.0000005  -0.00003125
 235    0.0000006  -0.00003214
 236    0.0000008  -0.00001549
 237    0.0000009  -0.00000937
 238    0.0000002  -0.00002021
 239    0.0000003  -0.00000168
 240    0.0000001  -0.00000045
 241    0.0000347  -0.00005103
 242    0.0000526  -0.00010029
 243    0.0000351  -0.00007230
 244    0.0001248  -0.00020398
 245    0.0001187  -0.00021773
 246    0.0001073  -0.00020733
 247    0.0001145  -0.00021374
 248    0.0001106  -0.00021898
 249    0.0001087  -0.00021742
 250    0.0001172  -0.00022171
 251    0.0001132  -0.00021804
 252    0.0001235  -0.00022843
 253    0.0001178  -0.00022452
 254    0.0001112  -0.00021722
 255    0.0001115  -0.00021753
 256    0.0000363  -0.00009994
 257    0.0000302  -0.00009888
 258    0.0000297  -0.00009789
 259    0.0000311  -0.00009865
 260    0.0000860  -0.00023876
 261    0.0000001  -0.00000054
 262    0.0000001  -0.00000077
 263    0.0000001  -0.00000091
 264    0.0000004  -0.00000712
 265    0.0000004  -0.00000600
 266    0.0000004  -0.00002310
 267    0.0000006  -0.00002765
 268    0.0000002  -0.00000203
 269    0.0000003  -0.00000165
 270    0.0000000  -0.00000034
 271    0.0000278  -0.00004306
 272    0.0000387  -0.00008004
 273    0.0000320  -0.00007068
 274    0.0000704  -0.00014512
 275    0.0000968  -0.00019294
 276    0.0000974  -0.00019320
 277    0.0000955  -0.00019277
 278    0.0000937  -0.00019567
 279    0.0000940  -0.00019724
 280    0.0000908  -0.00019643
 281    0.0000912  -0.00019475
 282    0.0000952  -0.00019946
 283    0.0000945  -0.00019862
 284    0.0000990  -0.00020067
 285    0.0000962  -0.00019902
 286    0.0000294  -0.00009483
 287    0.0000193  -0.00007055
 288    0.0000209  -0.00007360
 289    0.0000188  -0.00007132
 290    0.0000582  -0.00017079
 291    0.0000001  -0.00000053
 292    0.0000001  -0.00000067
 293    0.0000001  -0.00000092
 294    0.0000003  -0.00000442
 295    0.0000003  -0.00000411
 296    0.0000004  -0.00000439
 297    0.0000004  -0.00001038
 298    0.0000001  -0.00000133
 299    0.0000003  -0.00000158
 300    0.0000000  -0.00000025
 301    0.0000153  -0.00003130
 302    0.0000318  -0.00005256
 303    0.0000238  -0.00004908
 304    0.0000422  -0.00007949
 305    0.0000585  -0.00014936
 306    0.0000584  -0.00015052
 307    0.0000603  -0.00015241
 308    0.0000554  -0.00014341
 309    0.0000535  -0.00014197
 310    0.0000574  -0.00014722
 311    0.0000519  -0.00014314
 312    0.0000562  -0.00014784
 313    0.0000567  -0.00014725
 314    0.0000571  -0.00014997
 315    0.0000575  -0.00015024
 316    0.0000255  -0.00006413
 317    0.0000140  -0.00004373
 318    0.0000126  -0.00003906
 319    0.0000103  -0.00003693
 320    0.0000377  -0.00013260
 321    0.0000001  -0.00000051
 322    0.0000001  -0.00000058
 323    0.0000001  -0.00000089
 324    0.0000003  -0.00000342
 325    0.0000002  -0.00000180
 326    0.0000003  -0.00000250
 327    0.0000003  -0.00000261
 328    0.0000001  -0.00000100
 329    0.0000003  -0.00000161
 330    0.0000000  -0.00000023
 331    0.0000145  -0.00002335
 332    0.0000233  -0.00004838
 333    0.0000134  -0.00003525
 334    0.0000353  -0.00007319
 335    0.0000340  -0.00008459
 336    0.0000355  -0.00008818
 337    0.0000382  -0.00009110
 338    0.0000378  -0.00009412
 339    0.0000391  -0.00009546
 340    0.0000334  -0.00009064
 341    0.0000341  -0.00009050
 342    0.0000341  -0.00008835
 343    0.0000356  -0.00009284
 344    0.0000349  -0.00009235
 345    0.0000347  -0.00009249
 346    0.0000244  -0.00005426
 347    0.0000079  -0.00003370
 348    0.0000097  -0.00004019
 349    0.0000091  -0.00003702
 350    0.0000201  -0.00006489
 351    0.0000001  -0.00000053
 352    0.0000001  -0.00000047
 353    0.0000001  -0.00000092
 354    0.0000002  -0.00000160
 355    0.0000001  -0.00000132
 356    0.0000002  -0.00000166
 357    0.0000002  -0.00000220
 358    0.0000001  -0.00000085
 359    0.0000003  -0.00000163
 360    0.0000000  -0.00000020
 361    0.0000094  -0.00000999
 362    0.0000198  -0.00003907
 363    0.0000108  -0.00002498
 364    0.0000310  -0.00006882
 365    0.0000298  -0.00007716
 366    0.0000291  -0.00007690
 367    0.0000286  -0.00007686
 368    0.0000329  -0.00009177
 369    0.0000342  -0.00009320
 370    0.0000326  -0.00008344
 371    0.0000270  -0.00007577
 372    0.0000333  -0.00008680
 373    0.0000291  -0.00007886
 374    0.0000324  -0.00008212
 375    0.0000310  -0.00008071
 376    0.0000149  -0.00004546
 377    0.0000072  -0.00002658
 378    0.0000076  -0.00002699
 379    0.0000084  -0.00002964
 380    0.0000179  -0.00006209
 381    0.0000001  -0.00000049
 382    0.0000001  -0.00000048
 383    0.0000001  -0.00000087
 384    0.0000001  -0.00000106
 385    0.0000001  -0.00000127
 386    0.0000002  -0.00000139
 387    0.0000002  -0.00000148
 388    0.0000001  -0.00000061
 389    0.0000003  -0.00000156
 390    0.0000000  -0.00000019
 391    0.0000055  -0.00000507
 392    0.0000082  -0.00001581
 393    0.0000069  -0.00000720
 394    0.0000227  -0.00005321
 395    0.0000266  -0.00007178
 396    0.0000268  -0.00007277
 397    0.0000280  -0.00007403
 398    0.0000268  -0.00007448
 399    0.0000310  -0.00007864
 400    0.0000285  -0.00007549
 401    0.0000257  -0.00007224
 402    0.0000276  -0.00007461
 403    0.0000241  -0.00007032
 404    0.0000259  -0.00007284
 405    0.0000282  -0.00007479
 406    0.0000123  -0.00003790
 407    0.0000056  -0.00002360
 408    0.0000075  -0.00002600
 409    0.0000070  -0.00002709
 410    0.0000162  -0.00006064
 411    0.0000001  -0.00000049
 412    0.0000001  -0.00000047
 413    0.0000001  -0.00000092
 414    0.0000001  -0.00000118
 415    0.0000001  -0.00000121
 416    0.0000001  -0.00000124
 417    0.0000002  -0.00000152
 418    0.0000001  -0.00000072
 419    0.0000003  -0.00000148
 420    0.0000000  -0.00000016
 421    0.0000055  -0.00000266
 422    0.0000034  -0.00000436
 423    0.0000052  -0.00000311
 424    0.0000180  -0.00004533
 425    0.0000119  -0.00003461
 426    0.0000129  -0.00003735
 427    0.0000111  -0.00003456
 428    0.0000137  -0.00003951
 429    0.0000121  -0.00003829
 430    0.0000127  -0.00003775
 431    0.0000170  -0.00003976
 432    0.0000123  -0.00003788
 433    0.0000129  -0.00003869
 434    0.0000105  -0.00003473
 435    0.0000102  -0.00003503
 436    0.0000079  -0.00002793
 437    0.0000055  -0.00002313
 438    0.0000056  -0.00002494
 439    0.0000058  -0.00002434
 440    0.0000121  -0.00004683
 441    0.0000001  -0.00000049
 442    0.0000001  -0.00000046
 443    0.0000001  -0.00000088
 444    0.0000001  -0.00000093
 445    0.0000001  -0.00000091
 446    0.0000001  -0.00000123
 447    0.0000002  -0.00000117
 448    0.0000001  -0.00000053
 449    0.0000003  -0.00000155
 450    0.0000000  -0.00000015
 451    0.0000032  -0.00000313
 452    0.0000025  -0.00000340
 453    0.0000048  -0.00000238
 454    0.0000154  -0.00002155
 455    0.0000095  -0.00003137
 456    0.0000121  -0.00003539
 457    0.0000089  -0.00003102
 458    0.0000119  -0.00003614
 459    0.0000114  -0.00003587
 460    0.0000107  -0.00003513
 461    0.0000131  -0.00003688
 462    0.0000091  -0.00003253
 463    0.0000115  -0.00003515
 464    0.0000091  -0.00003269
 465    0.0000095  -0.00003271
 466    0.0000065  -0.00002394
 467    0.0000043  -0.00001920
 468    0.0000046  -0.00002098
 469    0.0000044  -0.00002068
 470    0.0000106  -0.00004315
 471    0.0000001  -0.00000047
 472    0.0000001  -0.00000044
 473    0.0000001  -0.00000090
 474    0.0000001  -0.00000070
 475    0.0000001  -0.00000071
 476    0.0000001  -0.00000071
 477    0.0000002  -0.00000117
 478    0.0000001  -0.00000053
 479    0.0000003  -0.00000146
 480    0.0000000  -0.00000014
 481    0.0000024  -0.00000317
 482    0.0000018  -0.00000278
 483    0.0000041  -0.00000302
 484    0.0000132  -0.00002279
 485    0.0000076  -0.00002638
 486    0.0000085  -0.00002855
 487    0.0000079  -0.00002666
 488    0.0000094  -0.00003106
 489    0.0000090  -0.00003057
 490    0.0000087  -0.00002910
 491    0.0000128  -0.00003541
 492    0.0000081  -0.00002874
 493    0.0000094  -0.00003035
 494    0.0000084  -0.00002836
 495    0.0000080  -0.00002859
 496    0.0000051  -0.00001971
 497    0.0000032  -0.00000888
 498    0.0000036  -0.00001480
 499    0.0000036  -0.00001470
 500    0.0000067  -0.00002698
 501    0.0000001  -0.00000046
 502    0.0000001  -0.00000044
 503    0.0000001  -0.00000082
 504    0.0000001  -0.00000065
 505    0.0000001  -0.00000068
 506    0.0000001  -0.00000069
 507    0.0000002  -0.00000113
 508    0.0000001  -0.00000048
 509    0.0000003  -0.00000151
 510    0.0000000  -0.00000013
 511    0.0000013  -0.00000279
 512    0.0000018  -0.00000299
 513    0.0000030  -0.00000340
 514    0.0000108  -0.00002131
 515    0.0000060  -0.00002300
 516    0.0000074  -0.00002692
 517    0.0000069  -0.00002558
 518    0.0000076  -0.00002751
 519    0.0000074  -0.00002817
 520    0.0000075  -0.00002824
 521    0.0000093  -0.00003069
 522    0.0000070  -0.00002617
 523    0.0000076  -0.00002832
 524    0.0000070  -0.00002683
 525    0.0000074  -0.00002778
 526    0.0000043  -0.00001209
 527    0.0000026  -0.00000909
 528    0.0000030  -0.00001011
 529    0.0000025  -0.00000862
 530    0.0000059  -0.00002493
 531    0.0000001  -0.00000045
 532    0.0000001  -0.00000044
 533    0.0000001  -0.00000085
 534    0.0000001  -0.00000061
 535    0.0000001  -0.00000062
 536    0.0000001  -0.00000066
 537    0.0000002  -0.00000100
 538    0.0000001  -0.00000052
 539    0.0000003  -0.00000145
 540    0.0000000  -0.00000013
 541    0.0000010  -0.00000257
 542    0.0000016  -0.00000310
 543    0.0000027  -0.00000309
 544    0.0000099  -0.00001537
 545    0.0000055  -0.00001900
 546    0.0000066  -0.00001841
 547    0.0000061  -0.00001876
 548    0.0000054  -0.00001854
 549    0.0000063  -0.00001895
 550    0.0000061  -0.00001756
 551    0.0000064  -0.00001941
 552    0.0000063  -0.00001800
 553    0.0000069  -0.00001884
 554    0.0000062  -0.00001722
 555    0.0000057  -0.00001683
 556    0.0000033  -0.00001112
 557    0.0000020  -0.00000765
 558    0.0000026  -0.00000884
 559    0.0000022  -0.00000830
 560    0.0000044  -0.00001743
 561    0.0000001  -0.00000045
 562    0.0000001  -0.00000043
 563    0.0000001  -0.00000083
 564    0.0000001  -0.00000063
 565    0.0000001  -0.00000056
 566    0.0000001  -0.00000065
 567    0.0000002  -0.00000104
 568    0.0000001  -0.00000047
 569    0.0000003  -0.00000152
 570    0.0000000  -0.00000012
 571    0.0000010  -0.00000263
 572    0.0000015  -0.00000277
 573    0.0000024  -0.00000298
 574    0.0000091  -0.00001029
 575    0.0000049  -0.00001528
 576    0.0000054  -0.00001752
 577    0.0000053  -0.00001618
 578    0.0000050  -0.00001604
 579    0.0000054  -0.00001613
 580    0.0000058  -0.00001908
 581    0.0000054  -0.00001858
 582    0.0000045  -0.00001710
 583    0.0000046  -0.00001684
 584    0.0000050  -0.00001924
 585    0.0000049  -0.00001837
 586    0.0000029  -0.00001051
 587    0.0000019  -0.00000702
 588    0.0000020  -0.00000702
 589    0.0000022  -0.00000776
 590    0.0000027  -0.00001007
 591    0.0000001  -0.00000045
 592    0.0000001  -0.00000042
 593    0.0000001  -0.00000081
 594    0.0000001  -0.00000059
 595    0.0000001  -0.00000054
 596    0.0000001  -0.00000063
 597    0.0000002  -0.00000099
 598    0.0000001  -0.00000047
 599    0.0000003  -0.00000139
 600    0.0000000  -0.00000012
 601    0.0000009  -0.00000235
 602    0.0000014  -0.00000309
 603    0.0000021  -0.00000329
 604    0.0000088  -0.00000881
 605    0.0000045  -0.00001700
 606    0.0000048  -0.00001629
 607    0.0000047  -0.00001709
 608    0.0000037  -0.00001459
 609    0.0000037  -0.00001498
 610    0.0000048  -0.00001444
 611    0.0000046  -0.00001569
 612    0.0000040  -0.00001360
 613    0.0000042  -0.00001466
 614    0.0000041  -0.00001402
 615    0.0000042  -0.00001450
 616    0.0000027  -0.00000784
 617    0.0000018  -0.00000659
 618    0.0000019  -0.00000684
 619    0.0000021  -0.00000694
 620    0.0000024  -0.00000935
 621    0.0000001  -0.00000043
 622    0.0000001  -0.00000042
 623    0.0000001  -0.00000077
 624    0.0000001  -0.00000056
 625    0.0000001  -0.00000051
 626    0.0000001  -0.00000057
 627    0.0000002  -0.00000103
 628    0.0000001  -0.00000043
 629    0.0000003  -0.00000138
 630    0.0000000  -0.00000012
 631    0.0000008  -0.00000239
 632    0.0000014  -0.00000312
 633    0.0000016  -0.00000312
 634    0.0000079  -0.00001148
 635    0.0000039  -0.00001264
 636    0.0000042  -0.00001513
 637    0.0000032  -0.00001225
 638    0.0000035  -0.00001287
 639    0.0000035  -0.00001329
 640    0.0000041  -0.00001441
 641    0.0000040  -0.00001416
 642    0.0000037  -0.00001311
 643    0.0000039  -0.00001361
 644    0.0000039  -0.00001320
 645    0.0000037  -0.00001332
 646    0.0000025  -0.00000781
 647    0.0000015  -0.00000526
 648    0.0000015  -0.00000515
 649    0.0000021  -0.00000636
 650    0.0000022  -0.00000863
 651    0.0000001  -0.00000043
 652    0.0000001  -0.00000039
 653    0.0000001  -0.00000080
 654    0.0000001  -0.00000046
 655    0.0000001  -0.00000045
 656    0.0000001  -0.00000054
 657    0.0000001  -0.00000098
 658    0.0000001  -0.00000042
 659    0.0000003  -0.00000142
 660    0.0000000  -0.00000012
 661    0.0000008  -0.00000230
 662    0.0000013  -0.00000263
 663    0.0000012  -0.00000260
 664    0.0000077  -0.00001305
 665    0.0000030  -0.00001188
 666    0.0000029  -0.00001206
 667    0.0000029  -0.00001143
 668    0.0000031  -0.00001133
 669    0.0000031  -0.00001144
 670    0.0000033  -0.00001200
 671    0.0000035  -0.00001164
 672    0.0000034  -0.00001232
 673    0.0000034  -0.00001162
 674    0.0000029  -0.00001133
 675    0.0000031  -0.00001149
 676    0.0000024  -0.00000722
 677    0.0000015  -0.00000440
 678    0.0000013  -0.00000431
 679    0.0000018  -0.00000561
 680    0.0000019  -0.00000785
 681    0.0000001  -0.00000042
 682    0.0000001  -0.00000039
 683    0.0000001  -0.00000078
 684    0.0000001  -0.00000047
 685    0.0000001  -0.00000048
 686    0.0000001  -0.00000055
 687    0.0000001  -0.00000090
 688    0.0000001  -0.00000042
 689    0.0000003  -0.00000145
 690    0.0000000  -0.00000012
 
----------------
 Final Energies 
----------------
       HF Total Energy =    -671.1603283
Final NOF Total Energy =    -673.2590439
    Correlation Energy =      -2.0987156
 
Total Orbital Internal Iterations = 1182
Total Occupation Internal Iterations = 347
 
Elapsed time: 23248.69 Seconds

---------------------------------
   Lowdin Population Analysis    
---------------------------------
 Idx  Atom   Population   Charge 
---------------------------------
  1     C     5.758       0.242
  2     N     6.436       0.564
  3     C     5.906       0.094
  4     C     5.768       0.232
  5     C     5.758       0.242
  6     H     1.387      -0.387
  7     H     1.058      -0.058
  8     H     1.044      -0.044
  9     H     1.045      -0.045
 10     H     1.044      -0.044
 11     H     1.037      -0.037
 12     H     1.036      -0.036
 13     H     1.058      -0.058
 14     H     1.045      -0.045
 15     H     1.049      -0.049
 16     H     1.058      -0.058
 17     H     1.058      -0.058
 18    Cl    17.454      -0.454

---------------------------------
   M Diagnostic: 0.04
---------------------------------

