Computing Integrals
Elapsed time:    4.16 Seconds

Number of basis functions                   (NBF)    = 114
Number of auxiliary basis functions         (NBFAUX) = 154
Inactive Doubly occupied orbitals up to     (NO1)    = 0
No. considered Strongly Doubly occupied MOs (NDOC)   = 7
No. considered Strongly Singly occupied MOs (NSOC)   = 2
NO. of Weakly occ. per St. Doubly occ.  MOs (NCWO)   = 15
Dimension of the Nat. Orb. subspace         (NBF5)   = 114
No. of electrons                                     = 16
    No. of alpha electrons                           = 9
    No. of beta electrons                            = 7
Multiplicity                                         = 3

Geometry
========
 O       0.0000000       0.0000000      -0.6096900
 O       0.0000000       0.0000000       0.6096900

No violations of the orthonormality
Hartree-Fock
============

  Nitext  Nitint    Eelec          Etot           Ediff          maxdiff
     1      1  -113.03213791   -85.25796412    45.83189998    16.87315235 
     2     10  -164.20666030  -136.43248650    -3.29588316     3.73835767 
     3     10  -173.25879105  -145.48461725    -1.17618248     6.36009613 
     4     10  -174.39879888  -146.62462508    -0.09004332     8.87466144 
     5     10  -175.43701323  -147.66283943    -0.79547837     5.41187251 
     6     10  -175.53209187  -147.75791807    -0.06313289     9.08123254 
     7     10  -176.02140805  -148.24723425    -0.26859010     5.71187750 
     8     10  -176.05424236  -148.28006857     0.20666485     6.92021008 
     9     10  -176.24553886  -148.47136507     0.45501104     4.33116209 
    10     10  -176.58596077  -148.81178698    -0.78643523     5.00508373 
    11     10  -176.85920487  -149.08503107    -0.74115509     5.54228400 
    12     10  -176.16553558  -148.39136179     0.17203644     6.58253954 
    13     10  -176.33125941  -148.55708562    -0.03884782     5.86150233 
    14     10  -176.82278905  -149.04861526    -0.32923628     4.63448085 
    15     10  -176.10646601  -148.33229221     0.20332875     6.22853245 
    16     10  -176.74268813  -148.96851434    -0.04218135     4.02208467 
    17     10  -176.43002219  -148.65584840     0.24242871     6.20447318 
    18     10  -176.60238594  -148.82821215    -0.02085160     5.25795201 
    19     10  -176.24475321  -148.47057941     0.52989512     5.35298959 
    20     10  -176.20961266  -148.43543886     0.62272503     5.29678050 
    21     10  -176.94328593  -149.16911214    -0.25316320     3.82564738 
    22     10  -176.75220426  -148.97803046    -0.38116744     5.06234814 
    23     10  -176.76598661  -148.99181281     0.08709871     4.17026879 
    24     10  -176.50364146  -148.72946766     0.19170471     5.09941808 
    25     10  -176.96778386  -149.19361006    -0.15661884     3.74214055 
    26     10  -176.55296663  -148.77879284     0.31294304     4.66360199 
    27     10  -177.01077041  -149.23659662     0.05817476     4.10029141 
    28     10  -177.08066096  -149.30648716    -0.24880193     3.49137236 
    29     10  -176.69411230  -148.91993851     0.03987832     4.19655865 
    30     10  -176.87893388  -149.10476009    -0.19178646     4.29569949 
No violations of the orthonormality
 
PNOF7/ADAM Calculation
==================
 
  Nitext  Nit_orb  Time   Nit_occ  Time         Eelec          Etot           Ediff      maxdiff    Grad_orb  Grad_occ
0.0009711302266025568
0.001786511080032563
     1      10    2.9e+01   16    3.7e+01  -176.99123035  -149.21705655 -10175.99123035   3.519968   2.3e+01   9.7e-05 0.00
0.0016039085735896075
0.0033639174653629354
     2      10    1.3e+01   25    4.0e-01  -177.49654728  -149.72237348    -0.50531693   0.121327   1.5e+00   1.9e-04 0.00
0.003286042861878835
0.007735338786165649
     3      10    1.2e+01   32    4.7e-01  -177.56228299  -149.78810919    -0.06573571   0.088740   1.3e+00   1.7e-04 0.01
0.0035896367657201056
0.008904204059335364
     4      10    1.3e+01   14    2.1e-01  -177.60487201  -149.83069822    -0.04258903   0.273035   2.5e+00   2.2e-04 0.01
0.004813017243842776
0.008918452174215148
     5      10    1.2e+01   22    3.8e-01  -177.62572144  -149.85154764    -0.02084942   0.153901   2.3e+00   1.7e-04 0.02
0.004737537564643674
0.007525852841939031
     6      10    1.4e+01   22    3.2e-01  -177.63498653  -149.86081273    -0.00926509   0.214761   3.1e+00   2.1e-04 0.03
0.0037032788028022873
0.005640207285527443
     7      10    1.4e+01   12    2.0e-01  -177.63958616  -149.86541236    -0.00459963   0.211617   3.2e+00   2.2e-04 0.04
0.0025816157021083634
0.003910707746797955
     8      10    1.5e+01   16    2.0e-01  -177.65221073  -149.87803693    -0.01262457   0.175551   3.0e+00   2.3e-04 0.04
0.0016361461630411758
0.0025064025843471974
     9      10    1.4e+01    9    1.8e-01  -177.65753114  -149.88335735    -0.00532042   0.168632   2.7e+00   2.2e-04 0.05
0.0009745094712693136
0.0014945030156234124
    10      10    1.2e+01   14    2.4e-01  -177.66041720  -149.88624340    -0.00288605   0.162278   2.5e+00   2.0e-04 0.05
0.0015096560741020282
0.002322822962998015
    11      10    1.2e+01    7    1.2e-01  -177.66628671  -149.89211291    -0.00586951   0.142141   2.0e+00   2.0e-04 0.05
0.0006377984460946631
0.001007621797283456
    12      10    1.3e+01   11    1.5e-01  -177.66698606  -149.89281226    -0.00069935   0.169817   2.5e+00   1.9e-04 0.05
0.000572549850694385
0.000972208047463179
    13      10    1.2e+01    6    1.3e-01  -177.66378351  -149.88960971     0.00320255   0.156945   2.4e+00   2.0e-04 0.05
0.0008261166389194052
0.00151481425623787
    14      30    4.2e+01    8    2.7e-01  -177.69338284  -149.91920905    -0.02959933   0.005138   5.6e-02   2.2e-04 0.05
0.00041236919661280513
0.0008106623464651006
    15      30    4.3e+01   11    3.0e-01  -177.69410531  -149.91993152    -0.00072247   0.003053   3.9e-02   1.5e-04 0.05
0.000421089447603884
0.0007502641055346395
    16      30    3.8e+01   10    2.4e-01  -177.69457288  -149.92039909    -0.00046757   0.004602   5.3e-02   2.0e-04 0.05
0.0003156980092192674
0.0005415960775384904
    17      30    3.7e+01    6    1.8e-01  -177.69507326  -149.92089946    -0.00050037   0.004193   4.9e-02   2.0e-04 0.05
0.00022580079144585152
0.00041214569057178405
    18      30    3.2e+01    7    1.8e-01  -177.69520278  -149.92102898    -0.00012952   0.004877   6.0e-02   1.8e-04 0.06
0.00014094818849663682
0.0002722745968695684
    19      30    3.2e+01    3    1.4e-01  -177.69530969  -149.92113589    -0.00010691   0.004725   5.7e-02   1.3e-04 0.06
0.0001381922587203599
0.00024615557105649806
    20      30    3.7e+01    1    5.0e-02  -177.69530416  -149.92113036     0.00000553   0.005163   6.2e-02   1.9e-04 0.06
8.72859485158764e-5
0.00017536443107004336
    21      50    6.1e+01    3    8.8e-02  -177.69552240  -149.92134861    -0.00021824   0.000498   5.2e-03   1.6e-04 0.06
0.00014704426556189087
0.00020070211368962795
    22      50    5.1e+01    1    1.2e-01  -177.69554427  -149.92137047    -0.00002187   0.001141   1.2e-02   1.8e-04 0.06
9.378408190564803e-5
0.00016378068617919244
    23      50    5.9e+01    3    7.8e-02  -177.69555845  -149.92138466    -0.00001419   0.000834   9.4e-03   1.6e-04 0.06
9.516081499401244e-5
0.00018192329153236746
    24      50    6.0e+01    3    7.0e-02  -177.69559077  -149.92141698    -0.00003232   0.000777   1.0e-02   1.9e-04 0.06
0.00013062289359400125
0.00023268613993551884
    25      50    5.6e+01    3    9.9e-02  -177.69563329  -149.92145949    -0.00004251   0.000929   1.2e-02   1.9e-04 0.06
0.00015562966806692557
0.0003212539196317147
    26      50    6.3e+01    7    2.3e-01  -177.69569318  -149.92151938    -0.00005989   0.000852   1.2e-02   1.9e-04 0.06
0.00014015526125599198
0.0002831518808110971
    27      50    6.2e+01    3    6.8e-02  -177.69579160  -149.92161780    -0.00009842   0.001053   1.4e-02   2.2e-04 0.06
0.00019287218208530188
0.0003235394043412993
    28      50    7.1e+01    6    1.8e-01  -177.69587835  -149.92170456    -0.00008676   0.000710   1.1e-02   2.0e-04 0.06
0.00016262243982789748
0.0003175561233415027
    29      50    6.7e+01    3    1.6e-01  -177.69599083  -149.92181703    -0.00011248   0.001164   1.4e-02   2.1e-04 0.05
0.00022385597158491866
0.00038194130650328364
    30      50    5.1e+01    5    7.5e-02  -177.69607066  -149.92189686    -0.00007983   0.000997   1.2e-02   1.9e-04 0.05
0.00014799918724561767
0.0002721106859889561
    31      50    5.5e+01    3    1.1e-01  -177.69616700  -149.92199320    -0.00009634   0.000871   1.2e-02   1.9e-04 0.05
0.00019020731204799635
0.00033564663297294955
    32      50    6.3e+01    7    1.3e-01  -177.69622013  -149.92204634    -0.00005313   0.000793   1.2e-02   1.7e-04 0.05
0.00012507057249133702
0.0002301606585197781
    33      50    6.0e+01    3    1.3e-01  -177.69629681  -149.92212302    -0.00007668   0.000803   1.1e-02   1.6e-04 0.06
0.00012106919801402327
0.0002137487527349485
    34      50    6.7e+01    3    6.1e-02  -177.69633384  -149.92216004    -0.00003702   0.001083   1.3e-02   1.9e-04 0.06
0.00011145830994385708
0.00021040415707575532
    35      50    6.5e+01    4    1.0e-01  -177.69637437  -149.92220057    -0.00004054   0.000900   1.1e-02   1.4e-04 0.06
0.000129470393653075
0.0002358080907377507
    36      50    6.5e+01    1    3.8e-02  -177.69641304  -149.92223924    -0.00003867   0.000907   1.1e-02   1.9e-04 0.06
8.628447299379133e-5
0.00015682372842684827
    37      50    5.3e+01    3    9.7e-02  -177.69642045  -149.92224665    -0.00000741   0.001075   1.1e-02   1.9e-04 0.06
9.121416142965355e-5
0.00016468933792889942
    38      50    4.9e+01    1    8.6e-02  -177.69644168  -149.92226788    -0.00002123   0.001085   1.1e-02   1.9e-04 0.06
5.7790220995864025e-5
0.00010480741716205471
    39      50    5.5e+01    4    1.3e-01  -177.69644533  -149.92227153    -0.00000365   0.001075   1.1e-02   1.3e-04 0.06
0.0
0.0
    40      50    5.9e+01    0    6.1e-02  -177.69646669  -149.92229290    -0.00002137   0.000994   1.0e-02   1.5e-04 0.06
0.0
0.0
    41      60    6.6e+01    0    3.9e-02  -177.69647136  -149.92229756    -0.00000467   0.000629   6.7e-03   1.6e-04 0.06
0.0
0.0
    42      70    7.7e+01    0    5.7e-02  -177.69647308  -149.92229928    -0.00000172   0.000489   5.2e-03   1.7e-04 0.06
0.0
0.0
    43      80    8.9e+01    0    7.2e-02  -177.69647470  -149.92230091    -0.00000163   0.000392   3.7e-03   1.7e-04 0.06
0.0
0.0
    44      90    1.1e+02    0    5.6e-02  -177.69647574  -149.92230194    -0.00000103   0.000284   2.7e-03   1.7e-04 0.06
0.0
0.0
    45     100    1.4e+02    0    6.5e-02  -177.69647663  -149.92230284    -0.00000090   0.000195   2.0e-03   1.8e-04 0.06
0.0
0.0
    46     110    1.4e+02    0    4.7e-02  -177.69647765  -149.92230386    -0.00000102   0.000147   1.5e-03   1.8e-04 0.06
0.0
0.0
    47     118    1.5e+02    0    1.2e-01  -177.69647860  -149.92230481    -0.00000095   0.000098   1.0e-03   1.8e-04 0.06
 
RESULTS OF THE OCCUPATION OPTIMIZATION
========================================
   1    1.9996759  -20.71282220
   2    1.9996744  -20.71224049
   3    1.9426462  -1.06422238
   4    1.9755717  -1.00886421
   5    1.9752833  -1.00624819
   6    1.9750215  -0.96969229
   7    1.9749564  -0.96852134
   8    1.0000000  -0.32611780
   9    1.0000000  -0.32597660
  10    0.0165519  -0.01234105
  11    0.0164117  -0.01225952
  12    0.0151888  -0.01197539
  13    0.0149975  -0.01189668
  14    0.0537681  -0.04955123
  15    0.0002420  -0.00791317
  16    0.0002382  -0.00787327
  17    0.0035364  -0.00394970
  18    0.0034726  -0.00393360
  19    0.0038776  -0.00393388
  20    0.0038318  -0.00392527
  21    0.0028044  -0.00428614
  22    0.0000398  -0.00090945
  23    0.0000395  -0.00090254
  24    0.0031308  -0.00382224
  25    0.0031398  -0.00381125
  26    0.0028350  -0.00363044
  27    0.0027551  -0.00359427
  28    0.0002775  -0.00072463
  29    0.0000306  -0.00068973
  30    0.0000295  -0.00069075
  31    0.0007942  -0.00133517
  32    0.0008122  -0.00134228
  33    0.0011957  -0.00185464
  34    0.0011122  -0.00177370
  35    0.0002681  -0.00069803
  36    0.0000054  -0.00029290
  37    0.0000062  -0.00015561
  38    0.0002874  -0.00062924
  39    0.0002785  -0.00062598
  40    0.0008241  -0.00141427
  41    0.0008123  -0.00141307
  42    0.0000971  -0.00026631
  43    0.0000022  -0.00007403
  44    0.0000046  -0.00026906
  45    0.0002640  -0.00058612
  46    0.0002612  -0.00057748
  47    0.0002726  -0.00064424
  48    0.0002846  -0.00065220
  49    0.0000532  -0.00017172
  50    0.0000011  -0.00002746
  51    0.0000017  -0.00003673
  52    0.0001541  -0.00035876
  53    0.0001469  -0.00037360
  54    0.0002265  -0.00054000
  55    0.0002416  -0.00054140
  56    0.0000275  -0.00007800
  57    0.0000009  -0.00002320
  58    0.0000009  -0.00002437
  59    0.0001322  -0.00034806
  60    0.0001349  -0.00035213
  61    0.0001288  -0.00031764
  62    0.0001307  -0.00033315
  63    0.0000138  -0.00004846
  64    0.0000007  -0.00001908
  65    0.0000007  -0.00002073
  66    0.0001110  -0.00027866
  67    0.0001111  -0.00029588
  68    0.0001047  -0.00028497
  69    0.0001063  -0.00027847
  70    0.0000092  -0.00004298
  71    0.0000006  -0.00001778
  72    0.0000007  -0.00001805
  73    0.0000292  -0.00012038
  74    0.0000911  -0.00020700
  75    0.0000155  -0.00009275
  76    0.0000924  -0.00023628
  77    0.0000075  -0.00003822
  78    0.0000006  -0.00001620
  79    0.0000006  -0.00001587
  80    0.0000162  -0.00006833
  81    0.0000727  -0.00018495
  82    0.0000118  -0.00006947
  83    0.0000168  -0.00008922
  84    0.0000067  -0.00003455
  85    0.0000005  -0.00001054
  86    0.0000004  -0.00000853
  87    0.0000118  -0.00005406
  88    0.0000154  -0.00007545
  89    0.0000105  -0.00006334
  90    0.0000140  -0.00007376
  91    0.0000060  -0.00003049
  92    0.0000004  -0.00000732
  93    0.0000004  -0.00000864
  94    0.0000107  -0.00005053
  95    0.0000128  -0.00005623
  96    0.0000091  -0.00005609
  97    0.0000124  -0.00005773
  98    0.0000055  -0.00003143
  99    0.0000004  -0.00000849
 100    0.0000003  -0.00000321
 101    0.0000101  -0.00004783
 102    0.0000124  -0.00005058
 103    0.0000084  -0.00005097
 104    0.0000106  -0.00005504
 105    0.0000048  -0.00002861
 106    0.0000004  -0.00000319
 107    0.0000003  -0.00000140
 108    0.0000037  -0.00003435
 109    0.0000050  -0.00003901
 110    0.0000075  -0.00004387
 111    0.0000100  -0.00004926
 112    0.0000043  -0.00002623
 113    0.0000002  -0.00001582
 114    0.0000002  -0.00001638
 
----------------
 Final Energies 
----------------
       HF Total Energy =    -149.1047601
Final NOF Total Energy =    -149.9223048
    Correlation Energy =      -0.8175447
 
Total Orbital Internal Iterations = 1968
Total Occupation Internal Iterations = 318
 
Elapsed time: 2575.66 Seconds

---------------------------------
   Lowdin Population Analysis    
---------------------------------
 Idx  Atom   Population   Charge 
---------------------------------
  1     O     8.000      -0.000
  2     O     8.000       0.000

---------------------------------
   M Diagnostic: 0.06
---------------------------------

