Computing Integrals
Elapsed time:    3.09 Seconds

Number of basis functions                   (NBF)    = 174
Number of auxiliary basis functions         (NBFAUX) = 186
Inactive Doubly occupied orbitals up to     (NO1)    = 0
No. considered Strongly Doubly occupied MOs (NDOC)   = 7
No. considered Strongly Singly occupied MOs (NSOC)   = 0
NO. of Weakly occ. per St. Doubly occ.  MOs (NCWO)   = 23
Dimension of the Nat. Orb. subspace         (NBF5)   = 168
No. of electrons                                     = 14
    No. of alpha electrons                           = 7
    No. of beta electrons                            = 7
Multiplicity                                         = 1

Geometry
========
 H       0.0000000       0.0000000       1.6666500
 C       0.0000000       0.0000000       0.6032500
 C       0.0000000       0.0000000      -0.6032500
 H       0.0000000       0.0000000      -1.6666500

No violations of the orthonormality
Hartree-Fock
============

  Nitext  Nitint    Eelec          Etot           Ediff          maxdiff
     1      1   -68.07967352   -43.36211390    18.50178459     7.40106073 
     2     10   -92.23238165   -67.51482204    -0.23822025     6.21427159 
     3     10   -97.51076693   -72.79320732    -0.08197332     5.40369218 
     4     10   -98.37796857   -73.66040895    -0.20793831     4.67595598 
     5     10   -98.91042201   -74.19286240    -0.56677874     3.10794732 
     6     10   -98.89167085   -74.17411124    -0.41771642     4.29792617 
     7     10   -98.73694089   -74.01938127    -0.13022803     4.18545834 
     8     10   -98.80246636   -74.08490674     0.60248338     4.92772746 
     9     10   -99.47969201   -74.76213240    -0.35267903     4.07249544 
    10     10   -98.97044936   -74.25288974     0.24827677     3.83932384 
    11     10   -99.80016035   -75.08260074    -0.26383161     3.63393841 
    12     10  -100.10485810   -75.38729848    -0.74768101     3.30539416 
    13     10   -99.89902610   -75.18146649     0.12151695     3.79321041 
    14     10  -100.59542928   -75.87786967    -0.36011152     2.23086780 
    15     10  -100.54434792   -75.82678830    -0.23924810     3.30619989 
    16     10  -100.24337889   -75.52581927     0.42573982     4.04927310 
    17     10  -100.53784008   -75.82028047     0.16353967     3.76552615 
    18     10  -100.65671163   -75.93915201    -0.02845361     3.08018849 
    19     10  -101.02489979   -76.30734018    -0.36089979     3.14281730 
    20     10  -100.68670897   -75.96914935    -0.01781171     3.24463074 
    21     10  -101.11185110   -76.39429149    -0.49333780     2.25131492 
    22     10  -101.00976508   -76.29220546     0.07666003     3.25965449 
    23     10  -100.86476784   -76.14720823     0.02976914     3.05013612 
    24     10  -101.18173425   -76.46417464    -0.38546877     2.28161604 
    25     10  -101.08366445   -76.36610484     0.11821054     2.98187591 
    26     10  -100.80409488   -76.08653526     0.20801485     3.01276645 
    27     10  -101.27600569   -76.55844608    -0.27402427     1.89465491 
    28     10  -101.15434481   -76.43678520     0.05236172     2.67049248 
    29     10  -101.16715937   -76.44959975     0.03177170     2.90819403 
    30     10  -101.19540516   -76.47784555    -0.02752600     2.52621149 
No violations of the orthonormality
 
PNOF7/ADAM Calculation
==================
 
  Nitext  Nit_orb  Time   Nit_occ  Time         Eelec          Etot           Ediff      maxdiff    Grad_orb  Grad_occ
0.0009623222970740475
0.0021549959853504317
     1      10    3.2e+01   11    3.2e+01  -101.51199475   -76.79443514 -10100.51199475   0.342148   2.4e+00   1.3e-04 0.00
0.0018722406264543023
0.0035138119552769907
     2      10    1.8e+01   22    9.0e-01  -101.59660388   -76.87904426    -0.08460912   0.073517   1.1e+00   2.3e-04 0.00
0.008177732716462605
0.014069522377974836
     3      10    2.0e+01   38    1.1e+00  -101.63924467   -76.92168506    -0.04264079   0.115917   1.8e+00   1.7e-04 0.02
0.01708208749687068
0.026031324772694587
     4      10    1.9e+01   21    6.7e-01  -101.66118495   -76.94362534    -0.02194028   0.087303   1.7e+00   2.3e-04 0.05
0.0223466471706667
0.03320759939255107
     5      30    5.6e+01   32    9.2e-01  -101.74005025   -77.02249063    -0.07886530   0.009464   1.1e-01   2.0e-04 0.10
0.014633901555445639
0.022042921622233404
     6      30    5.4e+01   20    6.7e-01  -101.75937278   -77.04181316    -0.01932253   0.006951   9.7e-02   1.7e-04 0.12
0.006379329736276085
0.011221920607436126
     7      30    5.6e+01   22    6.7e-01  -101.76771079   -77.05015118    -0.00833802   0.008488   9.7e-02   1.8e-04 0.14
0.005478008005780466
0.008121006171489515
     8      30    5.6e+01   17    4.7e-01  -101.77187627   -77.05431666    -0.00416548   0.005811   7.8e-02   2.1e-04 0.14
0.006059357861817438
0.008735351674152556
     9      30    5.8e+01   16    5.1e-01  -101.77441248   -77.05685287    -0.00253621   0.005901   8.3e-02   1.7e-04 0.14
0.0068527953194095215
0.009804556240993311
    10      30    5.7e+01    5    3.2e-01  -101.77655013   -77.05899051    -0.00213765   0.005274   7.7e-02   2.7e-04 0.14
0.00818102509000096
0.011465677334055324
    11      30    5.7e+01   14    3.8e-01  -101.77843300   -77.06087339    -0.00188288   0.005687   6.9e-02   1.7e-04 0.14
0.007665941670104259
0.010836418009342373
    12      30    5.8e+01   13    4.4e-01  -101.78030735   -77.06274773    -0.00187434   0.005158   6.7e-02   1.6e-04 0.14
0.006568874049382112
0.009300553081200808
    13      30    5.7e+01   13    4.0e-01  -101.78171470   -77.06415509    -0.00140735   0.006341   6.8e-02   1.3e-04 0.14
0.003845405508029448
0.005493736793238389
    14      30    5.6e+01    4    2.3e-01  -101.78252908   -77.06496947    -0.00081438   0.005183   6.2e-02   2.0e-04 0.14
0.0012450374877832626
0.001757167922432487
    15      30    5.5e+01    4    2.4e-01  -101.78279148   -77.06523186    -0.00026240   0.005838   6.4e-02   1.9e-04 0.14
0.0005915811640376384
0.0009708203192417676
    16      30    5.7e+01    4    2.2e-01  -101.78292276   -77.06536315    -0.00013128   0.004565   5.7e-02   2.1e-04 0.15
0.00021990488662049223
0.000477435609453675
    17      30    5.5e+01   10    3.5e-01  -101.78295954   -77.06539992    -0.00003678   0.005139   6.2e-02   1.1e-04 0.14
0.0
0.0
    18      30    5.7e+01    0    5.4e-02  -101.78308015   -77.06552053    -0.00012061   0.005203   5.1e-02   1.9e-04 0.14
0.00014084431464676805
0.0002839789735526602
    19      40    7.7e+01    3    1.4e-01  -101.78314321   -77.06558360    -0.00006306   0.002639   2.7e-02   1.4e-04 0.14
0.0
0.0
    20      40    7.6e+01    0    6.7e-02  -101.78317317   -77.06561356    -0.00002996   0.002374   2.4e-02   1.8e-04 0.14
0.0
0.0
    21      50    9.4e+01    0    5.1e-02  -101.78319860   -77.06563899    -0.00002543   0.001588   1.3e-02   2.0e-04 0.14
0.0003653322771837164
0.000494716692688067
    22      60    1.1e+02    3    2.2e-01  -101.78321440   -77.06565479    -0.00001580   0.000517   4.9e-03   2.3e-04 0.15
0.0
0.0
    23      60    1.1e+02    0    1.2e-01  -101.78324208   -77.06568247    -0.00002768   0.000653   6.0e-03   2.2e-04 0.15
0.0001509074492236362
0.0003202692692902715
    24      70    1.3e+02    1    1.8e-01  -101.78325138   -77.06569176    -0.00000930   0.000396   2.6e-03   2.1e-04 0.15
0.0
0.0
    25      70    1.3e+02    0    7.8e-02  -101.78325869   -77.06569908    -0.00000732   0.000308   2.6e-03   2.0e-04 0.15
0.0002336084368294855
0.0003932679881120915
    26      80    1.5e+02    8    2.8e-01  -101.78326208   -77.06570246    -0.00000338   0.000172   1.5e-03   1.5e-04 0.15
0.0
0.0
    27      80    1.5e+02    0    1.7e-01  -101.78331404   -77.06575442    -0.00005196   0.000185   1.3e-03   1.6e-04 0.15
0.0
0.0
    28      90    1.7e+02    0    9.7e-02  -101.78331597   -77.06575636    -0.00000193   0.000113   6.6e-04   1.6e-04 0.15
0.0
0.0
    29      93    1.7e+02    0    5.2e-02  -101.78331697   -77.06575736    -0.00000100   0.000098   6.9e-04   1.7e-04 0.15
 
RESULTS OF THE OCCUPATION OPTIMIZATION
========================================
   1    1.9992908  -11.21862211
   2    1.9992926  -11.21860441
   3    1.9811657  -0.98546247
   4    1.9633321  -0.76881971
   5    1.9633019  -0.76860208
   6    1.8548017  -0.42674990
   7    1.8520926  -0.42495508
   8    0.1430229  -0.04806469
   9    0.1328044  -0.04535266
  10    0.0245241  -0.01794835
  11    0.0244016  -0.01786554
  12    0.0086283  -0.00893144
  13    0.0004411  -0.00814023
  14    0.0004402  -0.00813584
  15    0.0040716  -0.00259589
  16    0.0070857  -0.00375829
  17    0.0051834  -0.00506487
  18    0.0050838  -0.00499890
  19    0.0039255  -0.00407742
  20    0.0001024  -0.00145330
  21    0.0001021  -0.00145229
  22    0.0002756  -0.00025630
  23    0.0047865  -0.00302945
  24    0.0026834  -0.00303085
  25    0.0026918  -0.00303069
  26    0.0038209  -0.00444136
  27    0.0000766  -0.00100067
  28    0.0000764  -0.00099975
  29    0.0002365  -0.00024278
  30    0.0001741  -0.00020075
  31    0.0025470  -0.00291838
  32    0.0025484  -0.00290605
  33    0.0007960  -0.00135544
  34    0.0000719  -0.00095457
  35    0.0000762  -0.00100082
  36    0.0001568  -0.00020158
  37    0.0000965  -0.00011463
  38    0.0005087  -0.00074679
  39    0.0005109  -0.00073152
  40    0.0004219  -0.00068297
  41    0.0000091  -0.00036095
  42    0.0000092  -0.00036137
  43    0.0000480  -0.00004662
  44    0.0000675  -0.00009636
  45    0.0004927  -0.00072715
  46    0.0004808  -0.00071716
  47    0.0003256  -0.00053227
  48    0.0000016  -0.00002022
  49    0.0000008  -0.00003234
  50    0.0000259  -0.00003243
  51    0.0000565  -0.00009024
  52    0.0001597  -0.00028009
  53    0.0002927  -0.00041923
  54    0.0002221  -0.00038314
  55    0.0000008  -0.00003252
  56    0.0000004  -0.00000573
  57    0.0000160  -0.00000866
  58    0.0000407  -0.00003106
  59    0.0001486  -0.00030749
  60    0.0001783  -0.00030093
  61    0.0001637  -0.00032557
  62    0.0000006  -0.00000706
  63    0.0000004  -0.00000526
  64    0.0000068  -0.00001718
  65    0.0000293  -0.00001314
  66    0.0001091  -0.00021021
  67    0.0001448  -0.00029977
  68    0.0001365  -0.00028852
  69    0.0000004  -0.00000775
  70    0.0000004  -0.00001117
  71    0.0000059  -0.00001496
  72    0.0000106  -0.00001381
  73    0.0000853  -0.00018139
  74    0.0000763  -0.00017405
  75    0.0001201  -0.00026789
  76    0.0000003  -0.00000725
  77    0.0000003  -0.00000208
  78    0.0000054  -0.00001413
  79    0.0000074  -0.00001667
  80    0.0000607  -0.00013668
  81    0.0000521  -0.00012931
  82    0.0000734  -0.00021948
  83    0.0000003  -0.00000167
  84    0.0000003  -0.00000190
  85    0.0000052  -0.00001442
  86    0.0000067  -0.00001055
  87    0.0000404  -0.00009988
  88    0.0000386  -0.00009346
  89    0.0000434  -0.00011432
  90    0.0000003  -0.00000148
  91    0.0000002  -0.00000163
  92    0.0000046  -0.00001325
  93    0.0000045  -0.00001133
  94    0.0000352  -0.00009446
  95    0.0000371  -0.00009570
  96    0.0000362  -0.00014541
  97    0.0000002  -0.00000150
  98    0.0000002  -0.00000147
  99    0.0000042  -0.00001248
 100    0.0000039  -0.00001053
 101    0.0000239  -0.00006282
 102    0.0000265  -0.00006646
 103    0.0000261  -0.00007914
 104    0.0000002  -0.00000149
 105    0.0000002  -0.00000122
 106    0.0000039  -0.00001096
 107    0.0000038  -0.00000651
 108    0.0000228  -0.00005900
 109    0.0000198  -0.00005560
 110    0.0000190  -0.00006090
 111    0.0000002  -0.00000115
 112    0.0000002  -0.00000122
 113    0.0000032  -0.00000751
 114    0.0000035  -0.00000628
 115    0.0000156  -0.00004269
 116    0.0000179  -0.00005190
 117    0.0000161  -0.00005196
 118    0.0000002  -0.00000087
 119    0.0000002  -0.00000106
 120    0.0000029  -0.00000712
 121    0.0000033  -0.00000571
 122    0.0000136  -0.00004085
 123    0.0000147  -0.00004152
 124    0.0000150  -0.00005025
 125    0.0000002  -0.00000093
 126    0.0000002  -0.00000101
 127    0.0000027  -0.00000583
 128    0.0000027  -0.00000644
 129    0.0000112  -0.00003538
 130    0.0000122  -0.00003416
 131    0.0000104  -0.00003470
 132    0.0000002  -0.00000084
 133    0.0000002  -0.00000092
 134    0.0000023  -0.00000491
 135    0.0000027  -0.00000620
 136    0.0000105  -0.00003023
 137    0.0000103  -0.00003065
 138    0.0000086  -0.00002948
 139    0.0000002  -0.00000074
 140    0.0000002  -0.00000091
 141    0.0000019  -0.00000483
 142    0.0000023  -0.00000456
 143    0.0000079  -0.00002646
 144    0.0000088  -0.00002696
 145    0.0000081  -0.00002925
 146    0.0000002  -0.00000085
 147    0.0000002  -0.00000077
 148    0.0000017  -0.00000365
 149    0.0000021  -0.00000495
 150    0.0000064  -0.00002185
 151    0.0000080  -0.00002890
 152    0.0000075  -0.00003192
 153    0.0000002  -0.00000102
 154    0.0000002  -0.00000080
 155    0.0000016  -0.00000253
 156    0.0000020  -0.00000415
 157    0.0000042  -0.00001901
 158    0.0000064  -0.00002243
 159    0.0000060  -0.00002162
 160    0.0000002  -0.00000097
 161    0.0000002  -0.00000165
 162    0.0000016  -0.00000197
 163    0.0000017  -0.00000321
 164    0.0000036  -0.00001656
 165    0.0000063  -0.00002292
 166    0.0000040  -0.00002203
 167    0.0000002  -0.00000061
 168    0.0000002  -0.00000048
 
----------------
 Final Energies 
----------------
       HF Total Energy =     -76.4778455
Final NOF Total Energy =     -77.0657574
    Correlation Energy =      -0.5879118
 
Total Orbital Internal Iterations = 1193
Total Occupation Internal Iterations = 281
 
Elapsed time: 2405.81 Seconds

---------------------------------
   Lowdin Population Analysis    
---------------------------------
 Idx  Atom   Population   Charge 
---------------------------------
  1     H     1.149      -0.149
  2     C     5.851       0.149
  3     C     5.851       0.149
  4     H     1.149      -0.149

---------------------------------
   M Diagnostic: 0.15
---------------------------------

