Computing Integrals
Elapsed time:    2.75 Seconds

Number of basis functions                   (NBF)    = 241
Number of auxiliary basis functions         (NBFAUX) = 359
Inactive Doubly occupied orbitals up to     (NO1)    = 0
No. considered Strongly Doubly occupied MOs (NDOC)   = 20
No. considered Strongly Singly occupied MOs (NSOC)   = 0
NO. of Weakly occ. per St. Doubly occ.  MOs (NCWO)   = 11
Dimension of the Nat. Orb. subspace         (NBF5)   = 240
No. of electrons                                     = 40
    No. of alpha electrons                           = 20
    No. of beta electrons                            = 20
Multiplicity                                         = 1

Geometry
========
Al       0.0000000       0.0000000       0.0000000
 F       0.0000000       1.6317700       0.0000000
 F       1.4131500      -0.8158800       0.0000000
 F      -1.4131500      -0.8158800       0.0000000

No violations of the orthonormality
Hartree-Fock
============

  Nitext  Nitint    Eelec          Etot           Ediff          maxdiff
     1      1  -416.76209015  -257.43642934   206.80592035    61.15361232 
     2     10  -648.50680722  -489.18114642    -8.27185786     8.48932582 
     3     10  -682.95821092  -523.63255011    -4.53357357     7.88887287 
     4     10  -688.46855252  -529.14289172     1.35043754     6.50363580 
     5     10  -692.04082080  -532.71516000     0.41248869     6.81648266 
     6     10  -692.75727827  -533.43161746    -0.26365404     6.39121461 
     7     10  -694.55230281  -535.22664200     0.83505050     6.97107634 
     8     10  -695.18799321  -535.86233241    -0.44012466     6.01079904 
     9     10  -696.59598113  -537.27032032    -1.27520494     5.13054864 
    10     10  -695.92634125  -536.60068044    -1.34940953     5.81339549 
    11     10  -696.04248386  -536.71682306     0.86784609     5.59489246 
    12     10  -696.93446665  -537.60880584    -0.10974536     5.32535756 
    13     10  -696.46231775  -537.13665694     0.42503637     5.13584355 
    14     10  -696.84776574  -537.52210493     0.54988814     5.11443010 
    15     10  -697.33164164  -538.00598084     0.52718566     4.82172007 
    16     10  -697.36337407  -538.03771326     0.09538369     4.98237329 
    17     10  -697.61109930  -538.28543849     0.15981683     4.15003180 
    18     10  -697.85883304  -538.53317223    -0.51620354     4.40900333 
    19     10  -698.27344421  -538.94778340    -0.37781543     4.77577059 
    20     10  -697.33663257  -538.01097176     0.27659694     4.55516029 
    21     10  -697.70215470  -538.37649390     0.48441644     4.65497962 
    22     10  -697.66872544  -538.34306463    -0.62231946     4.08568399 
    23     10  -697.92617900  -538.60051819     0.19273682     3.83836958 
    24     10  -697.91940807  -538.59374727    -0.30285406     4.15620959 
    25     10  -697.92412459  -538.59846379    -0.13277980     4.11285418 
    26     10  -698.39701587  -539.07135507    -0.84326968     3.53663272 
    27     10  -697.65404358  -538.32838278     0.65772623     4.00562738 
    28     10  -698.05000081  -538.72434000    -0.10298761     3.69498160 
    29     10  -698.39252285  -539.06686204    -0.38411945     3.32579674 
    30     10  -697.75727438  -538.43161357     0.67237082     4.03922067 
No violations of the orthonormality
 
PNOF7/ADAM Calculation
==================
 
  Nitext  Nit_orb  Time   Nit_occ  Time         Eelec          Etot           Ediff      maxdiff    Grad_orb  Grad_occ
0.0009928909127193686
0.0043311498684647795
     1      10    4.0e+01   15    2.6e+01  -695.70304513  -536.37738432 -10694.70304513   5.347352   8.8e+01   1.9e-04 0.00
0.0014765680892054878
0.0031825627375103175
     2      10    2.5e+01   26    1.6e+00  -699.52206269  -540.19640188    -3.81901756   0.326929   9.1e+00   2.6e-04 0.00
0.002543917574671428
0.007404678655010609
     3      10    2.7e+01   27    1.5e+00  -699.96136324  -540.63570243    -0.43930055   0.448821   6.4e+00   2.4e-04 0.01
0.0023368782902961627
0.008555207710900447
     4      10    3.1e+01   19    1.5e+00  -699.98731368  -540.66165287    -0.02595044   0.240226   6.2e+00   2.8e-04 0.01
0.002303229405721585
0.007832406598105022
     5      30    1.0e+02   19    1.0e+00  -700.28254421  -540.95688340    -0.29523053   0.027411   4.5e-01   2.4e-04 0.01
0.0015664296522737153
0.005346248272770971
     6      30    1.0e+02   21    1.1e+00  -700.31959125  -540.99393044    -0.03704704   0.014793   3.2e-01   2.7e-04 0.02
0.0017021245216005676
0.0037257256150432724
     7      30    8.8e+01   20    1.0e+00  -700.33718635  -541.01152554    -0.01759510   0.016537   3.5e-01   2.4e-04 0.02
0.0011407600897304082
0.0023493124937447093
     8      30    9.6e+01   10    5.8e-01  -700.34723766  -541.02157686    -0.01005131   0.016958   3.3e-01   2.7e-04 0.02
0.0007422432926739164
0.001230412015584118
     9      30    7.3e+01   15    8.2e-01  -700.35101272  -541.02535191    -0.00377506   0.012003   3.3e-01   2.9e-04 0.02
0.00034407717199014254
0.0005887189431368429
    10      30    9.9e+01    5    3.6e-01  -700.35234611  -541.02668530    -0.00133338   0.012873   3.4e-01   3.2e-04 0.02
0.00018657197323612706
0.0003535849827313306
    11      30    7.7e+01    4    3.3e-01  -700.35331305  -541.02765224    -0.00096694   0.012976   3.2e-01   3.3e-04 0.02
0.00011079607698816218
0.0002640746721998656
    12      30    8.3e+01    4    3.2e-01  -700.35432326  -541.02866245    -0.00101021   0.009817   2.8e-01   3.0e-04 0.02
0.00010109581684196456
0.00027866663845450276
    13      30    1.0e+02   13    7.4e-01  -700.35535806  -541.02969725    -0.00103480   0.014928   2.6e-01   2.1e-04 0.02
7.962185593701765e-5
0.00023612392881444617
    14      30    1.0e+02   10    6.0e-01  -700.35616394  -541.03050313    -0.00080588   0.012007   2.5e-01   2.8e-04 0.02
0.00014759608637771038
0.00028499027660810024
    15      30    9.7e+01    4    3.3e-01  -700.35753494  -541.03187413    -0.00137100   0.013615   2.4e-01   1.6e-04 0.02
0.0001574460401472244
0.0003027127989810154
    16      30    7.6e+01    4    3.2e-01  -700.35871503  -541.03305422    -0.00118009   0.014137   2.4e-01   2.5e-04 0.02
9.187136001798102e-5
0.00022502011901384653
    17      30    7.4e+01    2    2.3e-01  -700.35955786  -541.03389705    -0.00084283   0.011569   2.3e-01   2.7e-04 0.02
9.71904946615084e-5
0.0002387671087035884
    18      30    7.8e+01    4    3.2e-01  -700.35963931  -541.03397850    -0.00008145   0.015570   2.4e-01   2.1e-04 0.02
9.6234934478856e-5
0.00027166772425360106
    19      50    1.2e+02    1    1.9e-01  -700.36142041  -541.03575960    -0.00178110   0.001363   2.1e-02   3.2e-04 0.02
0.0
0.0
    20      50    1.5e+02    0    1.4e-01  -700.36137489  -541.03571408     0.00004552   0.002137   4.9e-02   3.0e-04 0.02
4.379826113121155e-5
0.0001316022841193653
    21      80    2.2e+02    4    3.2e-01  -700.36148951  -541.03582870    -0.00011461   0.016192   8.2e-02   2.3e-04 0.02
0.0
0.0
    22      80    2.0e+02    0    1.4e-01  -700.36157628  -541.03591547    -0.00008678   0.000554   9.5e-03   2.9e-04 0.02
5.612740022864493e-5
0.00013597595677782305
    23      90    2.6e+02    4    3.2e-01  -700.36159347  -541.03593266    -0.00001719   0.000475   8.5e-03   2.0e-04 0.02
7.09682205451978e-5
0.00019942145429607553
    24      90    2.2e+02    1    1.9e-01  -700.36167095  -541.03601015    -0.00007748   0.000456   8.0e-03   2.6e-04 0.02
0.0
0.0
    25      90    2.2e+02    0    1.4e-01  -700.36168781  -541.03602700    -0.00001685   0.000426   8.5e-03   2.3e-04 0.02
0.0
0.0
    26     100    2.5e+02    0    1.5e-01  -700.36169724  -541.03603643    -0.00000943   0.000347   6.6e-03   2.5e-04 0.02
0.0
0.0
    27     110    2.7e+02    0    1.4e-01  -700.36170317  -541.03604236    -0.00000593   0.000281   5.2e-03   2.7e-04 0.02
0.0
0.0
    28     120    3.0e+02    0    1.4e-01  -700.36170684  -541.03604603    -0.00000367   0.000277   4.9e-03   2.8e-04 0.02
0.0
0.0
    29     130    3.2e+02    0    1.5e-01  -700.36170974  -541.03604893    -0.00000290   0.000247   4.6e-03   2.9e-04 0.02
0.0
0.0
    30     140    3.5e+02    0    1.4e-01  -700.36171201  -541.03605120    -0.00000227   0.000207   4.2e-03   3.0e-04 0.02
0.0
0.0
    31     150    3.8e+02    0    1.5e-01  -700.36171401  -541.03605320    -0.00000200   0.000198   4.0e-03   3.1e-04 0.02
0.0
0.0
    32     160    4.0e+02    0    1.5e-01  -700.36171592  -541.03605511    -0.00000191   0.000183   3.5e-03   3.1e-04 0.02
0.0
0.0
    33     170    4.2e+02    0    1.4e-01  -700.36171766  -541.03605685    -0.00000174   0.000166   2.9e-03   3.1e-04 0.02
0.0
0.0
    34     180    4.5e+02    0    1.4e-01  -700.36171909  -541.03605828    -0.00000143   0.000138   2.6e-03   3.1e-04 0.02
0.0
0.0
    35     190    4.7e+02    0    1.4e-01  -700.36172015  -541.03605934    -0.00000106   0.000174   2.6e-03   3.2e-04 0.02
0.0
0.0
    36     200    5.0e+02    0    1.5e-01  -700.36172099  -541.03606018    -0.00000084   0.000181   2.5e-03   3.2e-04 0.02
0.0
0.0
    37     210    5.3e+02    0    1.4e-01  -700.36172148  -541.03606067    -0.00000048   0.000200   2.6e-03   3.2e-04 0.02
0.0
0.0
    38     220    5.5e+02    0    1.4e-01  -700.36172180  -541.03606099    -0.00000032   0.000149   2.5e-03   3.2e-04 0.02
0.0
0.0
    39     230    5.7e+02    0    1.4e-01  -700.36172194  -541.03606113    -0.00000014   0.000166   2.4e-03   3.2e-04 0.02
4.562522290302556e-5
0.0001270318947121032
    40     240    6.8e+02    4    3.2e-01  -700.36172215  -541.03606134    -0.00000021   0.000182   2.7e-03   2.2e-04 0.02
0.0
0.0
    41     240    6.2e+02    0    1.4e-01  -700.36178605  -541.03612524    -0.00006390   0.000105   1.5e-03   3.0e-04 0.02
0.0
0.0
    42     250    6.7e+02    0    1.4e-01  -700.36178612  -541.03612531    -0.00000007   0.000177   2.3e-03   3.1e-04 0.02
0.0
0.0
    43     260    6.6e+02    0    1.4e-01  -700.36178659  -541.03612579    -0.00000048   0.000115   1.5e-03   3.1e-04 0.02
0.0
0.0
    44     270    7.1e+02    0    1.4e-01  -700.36178670  -541.03612590    -0.00000011   0.000125   1.5e-03   3.1e-04 0.02
0.0
0.0
    45     280    7.4e+02    0    1.4e-01  -700.36178679  -541.03612598    -0.00000009   0.000104   1.4e-03   3.1e-04 0.02
0.0
0.0
    46     290    7.7e+02    0    1.4e-01  -700.36178688  -541.03612607    -0.00000009   0.000100   1.3e-03   3.1e-04 0.02
 
RESULTS OF THE OCCUPATION OPTIMIZATION
========================================
   1    1.9999448  -58.39537869
   2    1.9998293  -26.29075874
   3    1.9998340  -26.29043642
   4    1.9998337  -26.29027093
   5    1.9987366  -3.92745945
   6    1.9986206  -3.88407945
   7    1.9982440  -3.60967326
   8    1.9980097  -3.52970920
   9    1.9821939  -0.94520443
  10    1.9826113  -0.94460970
  11    1.9822252  -0.94297912
  12    1.9823424  -0.94141998
  13    1.9818532  -0.93348348
  14    1.9816197  -0.93056185
  15    1.9867820  -0.92735883
  16    1.9868807  -0.92725256
  17    1.9866781  -0.92536839
  18    1.9866588  -0.92269569
  19    1.9866044  -0.91959282
  20    1.9856177  -0.90995921
  21    0.0110469  -0.01328744
  22    0.0110874  -0.01331166
  23    0.0110453  -0.01331479
  24    0.0109525  -0.01323772
  25    0.0107825  -0.01309639
  26    0.0109134  -0.01319602
  27    0.0150534  -0.01658958
  28    0.0149913  -0.01662640
  29    0.0150793  -0.01674224
  30    0.0146786  -0.01649233
  31    0.0147174  -0.01649485
  32    0.0146439  -0.01644260
  33    0.0011838  -0.00604756
  34    0.0011992  -0.00616790
  35    0.0013294  -0.00679951
  36    0.0012332  -0.00653275
  37    0.0001614  -0.00704886
  38    0.0001606  -0.00703602
  39    0.0001611  -0.00703953
  40    0.0000532  -0.00593847
  41    0.0015652  -0.00281517
  42    0.0012442  -0.00242852
  43    0.0012582  -0.00244398
  44    0.0012626  -0.00243364
  45    0.0012015  -0.00240470
  46    0.0011141  -0.00228469
  47    0.0017629  -0.00284187
  48    0.0017096  -0.00279212
  49    0.0015137  -0.00254266
  50    0.0013085  -0.00229916
  51    0.0014232  -0.00244038
  52    0.0013292  -0.00232078
  53    0.0003356  -0.00168671
  54    0.0003155  -0.00160421
  55    0.0000423  -0.00030632
  56    0.0000101  -0.00010542
  57    0.0000023  -0.00018558
  58    0.0000021  -0.00017769
  59    0.0000053  -0.00014209
  60    0.0000015  -0.00022802
  61    0.0009951  -0.00197433
  62    0.0004636  -0.00113538
  63    0.0004278  -0.00108226
  64    0.0004051  -0.00105401
  65    0.0004128  -0.00105389
  66    0.0004812  -0.00113150
  67    0.0008951  -0.00162364
  68    0.0008257  -0.00157762
  69    0.0005799  -0.00133130
  70    0.0009661  -0.00177378
  71    0.0006144  -0.00135809
  72    0.0009181  -0.00168635
  73    0.0002257  -0.00114844
  74    0.0002165  -0.00110455
  75    0.0000010  -0.00000539
  76    0.0000028  -0.00002152
  77    0.0000008  -0.00002440
  78    0.0000014  -0.00003203
  79    0.0000024  -0.00018394
  80    0.0000002  -0.00000212
  81    0.0005279  -0.00118364
  82    0.0003707  -0.00097071
  83    0.0003584  -0.00095707
  84    0.0003606  -0.00095104
  85    0.0003781  -0.00098151
  86    0.0003443  -0.00093575
  87    0.0004148  -0.00106179
  88    0.0004436  -0.00111438
  89    0.0003113  -0.00082297
  90    0.0006152  -0.00141693
  91    0.0003314  -0.00086524
  92    0.0006137  -0.00139105
  93    0.0002211  -0.00111899
  94    0.0000170  -0.00011838
  95    0.0000010  -0.00000410
  96    0.0000026  -0.00000970
  97    0.0000005  -0.00001716
  98    0.0000008  -0.00002211
  99    0.0000006  -0.00001610
 100    0.0000001  -0.00000097
 101    0.0000935  -0.00029935
 102    0.0000921  -0.00031087
 103    0.0000875  -0.00030779
 104    0.0001115  -0.00032803
 105    0.0001136  -0.00032253
 106    0.0001008  -0.00031333
 107    0.0001001  -0.00030353
 108    0.0000923  -0.00028999
 109    0.0000963  -0.00028241
 110    0.0000808  -0.00025712
 111    0.0000864  -0.00027711
 112    0.0000786  -0.00026055
 113    0.0000147  -0.00010522
 114    0.0000027  -0.00000879
 115    0.0000009  -0.00000387
 116    0.0000023  -0.00000695
 117    0.0000004  -0.00001292
 118    0.0000003  -0.00000986
 119    0.0000004  -0.00001307
 120    0.0000000  -0.00000047
 121    0.0000711  -0.00026301
 122    0.0000394  -0.00016746
 123    0.0000641  -0.00023926
 124    0.0000879  -0.00030449
 125    0.0000880  -0.00030431
 126    0.0000833  -0.00029450
 127    0.0000585  -0.00022106
 128    0.0000359  -0.00014542
 129    0.0000346  -0.00016512
 130    0.0000691  -0.00020729
 131    0.0000776  -0.00025219
 132    0.0000715  -0.00024840
 133    0.0000039  -0.00001094
 134    0.0000015  -0.00000753
 135    0.0000009  -0.00000434
 136    0.0000023  -0.00000594
 137    0.0000003  -0.00001053
 138    0.0000002  -0.00000803
 139    0.0000003  -0.00000907
 140    0.0000000  -0.00000019
 141    0.0000281  -0.00013492
 142    0.0000336  -0.00016192
 143    0.0000320  -0.00014487
 144    0.0000661  -0.00026053
 145    0.0000765  -0.00027420
 146    0.0000741  -0.00027040
 147    0.0000508  -0.00017181
 148    0.0000165  -0.00008477
 149    0.0000120  -0.00006734
 150    0.0000202  -0.00009943
 151    0.0000537  -0.00017511
 152    0.0000617  -0.00020546
 153    0.0000014  -0.00000505
 154    0.0000011  -0.00000538
 155    0.0000008  -0.00000399
 156    0.0000022  -0.00000617
 157    0.0000002  -0.00000758
 158    0.0000002  -0.00000584
 159    0.0000002  -0.00000629
 160    0.0000000  -0.00000014
 161    0.0000237  -0.00011845
 162    0.0000260  -0.00012132
 163    0.0000275  -0.00012914
 164    0.0000364  -0.00015530
 165    0.0000265  -0.00013727
 166    0.0000605  -0.00021922
 167    0.0000239  -0.00008107
 168    0.0000116  -0.00006885
 169    0.0000109  -0.00005877
 170    0.0000150  -0.00007543
 171    0.0000438  -0.00012338
 172    0.0000477  -0.00014970
 173    0.0000012  -0.00000546
 174    0.0000010  -0.00000522
 175    0.0000008  -0.00000480
 176    0.0000022  -0.00000608
 177    0.0000001  -0.00000743
 178    0.0000001  -0.00000252
 179    0.0000002  -0.00000516
 180    0.0000000  -0.00000012
 181    0.0000179  -0.00009651
 182    0.0000183  -0.00009822
 183    0.0000187  -0.00009523
 184    0.0000188  -0.00010010
 185    0.0000215  -0.00010608
 186    0.0000261  -0.00011895
 187    0.0000088  -0.00004906
 188    0.0000076  -0.00004773
 189    0.0000082  -0.00004797
 190    0.0000083  -0.00004801
 191    0.0000252  -0.00008885
 192    0.0000280  -0.00009004
 193    0.0000011  -0.00000563
 194    0.0000006  -0.00000424
 195    0.0000008  -0.00000441
 196    0.0000020  -0.00000472
 197    0.0000001  -0.00000235
 198    0.0000001  -0.00001010
 199    0.0000002  -0.00000595
 200    0.0000000  -0.00000005
 201    0.0000076  -0.00006300
 202    0.0000147  -0.00008320
 203    0.0000140  -0.00008148
 204    0.0000130  -0.00007789
 205    0.0000106  -0.00006293
 206    0.0000140  -0.00007426
 207    0.0000065  -0.00004382
 208    0.0000075  -0.00004457
 209    0.0000062  -0.00004056
 210    0.0000071  -0.00004568
 211    0.0000090  -0.00005070
 212    0.0000092  -0.00005122
 213    0.0000009  -0.00000490
 214    0.0000005  -0.00000422
 215    0.0000008  -0.00000417
 216    0.0000019  -0.00000454
 217    0.0000001  -0.00000677
 218    0.0000001  -0.00000310
 219    0.0000001  -0.00000711
 220    0.0000000  -0.00000004
 221    0.0000052  -0.00003448
 222    0.0000056  -0.00003738
 223    0.0000077  -0.00003777
 224    0.0000075  -0.00004010
 225    0.0000077  -0.00004109
 226    0.0000064  -0.00003803
 227    0.0000054  -0.00003353
 228    0.0000052  -0.00003270
 229    0.0000052  -0.00003078
 230    0.0000059  -0.00003664
 231    0.0000066  -0.00003810
 232    0.0000047  -0.00003407
 233    0.0000007  -0.00000446
 234    0.0000004  -0.00000387
 235    0.0000007  -0.00000436
 236    0.0000017  -0.00000543
 237    0.0000000  -0.00000035
 238    0.0000000  -0.00000028
 239    0.0000001  -0.00000068
 240    0.0000000  -0.00000002
 
----------------
 Final Energies 
----------------
       HF Total Energy =    -538.4316136
Final NOF Total Energy =    -541.0361261
    Correlation Energy =      -2.6045125
 
Total Orbital Internal Iterations = 5130
Total Occupation Internal Iterations = 236
 
Elapsed time: 13578.07 Seconds

---------------------------------
   Lowdin Population Analysis    
---------------------------------
 Idx  Atom   Population   Charge 
---------------------------------
  1    Al    13.805      -0.805
  2     F     8.732       0.268
  3     F     8.732       0.268
  4     F     8.732       0.268

---------------------------------
   M Diagnostic: 0.02
---------------------------------

