Computing Integrals
Elapsed time:    2.94 Seconds

Number of basis functions                   (NBF)    = 117
Number of auxiliary basis functions         (NBFAUX) = 111
Inactive Doubly occupied orbitals up to     (NO1)    = 0
No. considered Strongly Doubly occupied MOs (NDOC)   = 3
No. considered Strongly Singly occupied MOs (NSOC)   = 2
NO. of Weakly occ. per St. Doubly occ.  MOs (NCWO)   = 37
Dimension of the Nat. Orb. subspace         (NBF5)   = 116
No. of electrons                                     = 8
    No. of alpha electrons                           = 5
    No. of beta electrons                            = 3
Multiplicity                                         = 3

Geometry
========
 C       0.0000000       0.0000000       0.1072800
 H       0.0000000       0.9845500      -0.3218400
 H       0.0000000      -0.9845500      -0.3218400

No violations of the orthonormality
Hartree-Fock
============

  Nitext  Nitint    Eelec          Etot           Ediff          maxdiff
     1      1   -23.45200037   -17.27069497    13.96054716    10.93533824 
     2     10   -41.15211830   -34.97081290     0.29473776     6.36786517 
     3     10   -44.05415775   -37.87285236    -0.26212145     2.66358070 
     4     10   -44.60160655   -38.42030115    -0.19881450     2.99511936 
     5     10   -44.75416501   -38.57285961    -0.68370531     2.51407347 
     6     10   -44.36231777   -38.18101238     0.47065737     5.70005645 
     7     10   -44.79227419   -38.61096879    -0.35665892     3.55733478 
     8     10   -44.61806595   -38.43676055     0.08430613     3.36150366 
     9     10   -44.73471752   -38.55341213    -0.25170551     3.90869731 
    10     10   -44.80586508   -38.62455968     0.05582341     4.20860246 
    11     10   -44.75971024   -38.57840484    -0.04962251     3.72222050 
    12     10   -44.68112926   -38.49982387    -0.06589108     3.56295539 
    13     10   -44.33638449   -38.15507910     0.63532708     4.38115918 
    14     10   -44.68906042   -38.50775503     0.13068258     4.49465276 
    15     10   -44.79034130   -38.60903590     0.21174124     2.72254277 
    16     10   -45.00456812   -38.82326273    -0.34143570     1.34707774 
    17     10   -44.80807708   -38.62677168     0.06836576     3.22687198 
    18     10   -44.93052271   -38.74921732     0.02129271     1.86654279 
    19     10   -44.91094224   -38.72963685     0.01024554     2.43981622 
    20     10   -44.87597512   -38.69466972     0.05183122     2.71892199 
    21     10   -44.79422038   -38.61291498     0.04407300     3.48683198 
    22     10   -44.95252957   -38.77122417    -0.13379418     1.75794511 
    23     10   -44.89318937   -38.71188398    -0.02873201     2.73705771 
    24     10   -44.97775494   -38.79644954    -0.12408452     1.38277631 
    25     10   -44.98425761   -38.80295221    -0.10805679     2.09068651 
    26     10   -44.86571592   -38.68441053     0.07335840     2.69681525 
    27     10   -45.01012272   -38.82881733    -0.03542527     1.95878177 
    28     10   -44.98696357   -38.80565817    -0.19280334     1.48784430 
    29     10   -44.88873225   -38.70742685     0.15332940     2.73257920 
    30     10   -44.95366983   -38.77236444     0.06657944     2.33678352 
No violations of the orthonormality
 
PNOF7/ADAM Calculation
==================
 
  Nitext  Nit_orb  Time   Nit_occ  Time         Eelec          Etot           Ediff      maxdiff    Grad_orb  Grad_occ
0.0008490421485994881
0.0009118579054231957
     1      10    2.9e+01   17    2.9e+01   -45.11818987   -38.93688447 -10044.11818987   0.055333   4.1e-01   1.5e-04 0.00
0.003164545100300842
0.003976268904122851
     2      10    1.7e+01   30    4.5e-01   -45.15597198   -38.97466658    -0.03778211   0.137553   8.0e-01   1.2e-04 0.00
0.006723459216961936
0.008886296518650236
     3      10    1.6e+01   32    3.9e-01   -45.19028972   -39.00898432    -0.03431774   0.153216   1.0e+00   1.5e-04 0.01
0.0071470863035444365
0.011733491290320152
     4      10    1.7e+01   17    2.7e-01   -45.21394349   -39.03263809    -0.02365377   0.101750   1.3e+00   1.8e-04 0.03
0.005681214315974015
0.009536712414035742
     5      10    1.6e+01   35    4.3e-01   -45.22485897   -39.04355358    -0.01091548   0.084729   1.0e+00   1.3e-04 0.04
0.0030933230670119327
0.004241891920999062
     6      10    1.7e+01   10    2.4e-01   -45.21780546   -39.03650006     0.00705351   0.058919   8.9e-01   1.5e-04 0.04
0.000987498553295052
0.0014162691949441992
     7      30    4.8e+01    8    9.9e-02   -45.25263859   -39.07133319    -0.03483313   0.009976   6.3e-02   1.7e-04 0.04
0.0008141319249932444
0.0009989108090650654
     8      30    5.3e+01    6    1.0e-01   -45.25379295   -39.07248756    -0.00115436   0.003975   3.8e-02   2.0e-04 0.04
0.00031676516401479837
0.00043876365603276083
     9      30    5.4e+01    4    1.1e-01   -45.25428900   -39.07298360    -0.00049604   0.003041   2.8e-02   1.6e-04 0.04
0.0002492985286637328
0.00036043646069690673
    10      30    4.9e+01    5    1.6e-01   -45.25449481   -39.07318942    -0.00020581   0.003040   2.6e-02   1.7e-04 0.04
0.0
0.0
    11      30    5.0e+01    0    8.8e-02   -45.25460544   -39.07330004    -0.00011063   0.003327   2.5e-02   1.7e-04 0.04
0.0
0.0
    12      40    6.4e+01    0    2.8e-02   -45.25466037   -39.07335498    -0.00005493   0.001576   1.1e-02   2.4e-04 0.04
0.00015394493351782168
0.0002607964547071756
    13      50    7.9e+01    4    1.5e-01   -45.25467750   -39.07337210    -0.00001712   0.001112   8.0e-03   2.0e-04 0.04
8.811652953559838e-5
0.00018107935732610664
    14      50    7.9e+01    5    1.0e-01   -45.25472591   -39.07342051    -0.00004841   0.000928   8.9e-03   1.6e-04 0.04
0.00010643428420438646
0.00019608675630486449
    15      50    7.8e+01    4    1.7e-01   -45.25478534   -39.07347995    -0.00005943   0.001486   1.2e-02   1.8e-04 0.04
0.00018927472506125032
0.00023208642674845377
    16      50    8.9e+01    1    5.7e-02   -45.25483427   -39.07352887    -0.00004893   0.002112   1.8e-02   1.9e-04 0.04
0.0
0.0
    17      50    7.5e+01    0    3.9e-02   -45.25483613   -39.07353074    -0.00000187   0.002266   2.0e-02   1.8e-04 0.04
0.0
0.0
    18      60    8.5e+01    0    5.4e-02   -45.25485307   -39.07354768    -0.00001694   0.001338   1.2e-02   1.8e-04 0.04
0.0
0.0
    19      70    1.3e+02    0    5.7e-02   -45.25485903   -39.07355364    -0.00000596   0.001111   8.8e-03   1.8e-04 0.04
0.0
0.0
    20      80    1.2e+02    0    5.9e-02   -45.25486432   -39.07355893    -0.00000529   0.000630   4.8e-03   1.8e-04 0.04
0.0
0.0
    21      90    1.7e+02    0    1.0e-01   -45.25486704   -39.07356165    -0.00000272   0.000144   1.0e-03   1.8e-04 0.04
0.0
0.0
    22     100    1.7e+02    0    3.7e-02   -45.25486788   -39.07356248    -0.00000083   0.000239   2.3e-03   1.8e-04 0.04
0.0
0.0
    23      90    1.6e+02    0    5.8e-02   -45.25486847   -39.07356308    -0.00000060   0.000099   8.2e-04   1.8e-04 0.04
 
RESULTS OF THE OCCUPATION OPTIMIZATION
========================================
   1    1.9992267  -11.23939649
   2    1.9505048  -0.75629371
   3    1.9506721  -0.75490020
   4    1.0000000  -0.24799291
   5    1.0000000  -0.22822703
   6    0.0284931  -0.01934572
   7    0.0277063  -0.01900959
   8    0.0004868  -0.00870366
   9    0.0069414  -0.00621248
  10    0.0068048  -0.00612077
  11    0.0001039  -0.00139681
  12    0.0050040  -0.00486550
  13    0.0049234  -0.00483114
  14    0.0000860  -0.00111320
  15    0.0033392  -0.00334278
  16    0.0034998  -0.00327246
  17    0.0000736  -0.00093752
  18    0.0027890  -0.00269857
  19    0.0034931  -0.00345195
  20    0.0000101  -0.00040386
  21    0.0006642  -0.00098226
  22    0.0010132  -0.00127820
  23    0.0000037  -0.00004056
  24    0.0006049  -0.00089887
  25    0.0006681  -0.00095123
  26    0.0000011  -0.00003667
  27    0.0002345  -0.00038505
  28    0.0002936  -0.00038978
  29    0.0000005  -0.00001094
  30    0.0001985  -0.00035125
  31    0.0002264  -0.00039331
  32    0.0000004  -0.00000722
  33    0.0001905  -0.00031233
  34    0.0001443  -0.00026024
  35    0.0000004  -0.00000369
  36    0.0001537  -0.00030526
  37    0.0001362  -0.00024137
  38    0.0000003  -0.00000265
  39    0.0001308  -0.00024436
  40    0.0001080  -0.00018829
  41    0.0000003  -0.00000223
  42    0.0000956  -0.00016489
  43    0.0000827  -0.00015148
  44    0.0000003  -0.00000220
  45    0.0000801  -0.00016964
  46    0.0000699  -0.00015974
  47    0.0000003  -0.00000212
  48    0.0000720  -0.00015580
  49    0.0000475  -0.00009137
  50    0.0000003  -0.00000187
  51    0.0000592  -0.00012195
  52    0.0000410  -0.00008849
  53    0.0000003  -0.00000186
  54    0.0000528  -0.00011276
  55    0.0000330  -0.00006699
  56    0.0000003  -0.00000147
  57    0.0000425  -0.00008865
  58    0.0000259  -0.00006557
  59    0.0000003  -0.00000170
  60    0.0000351  -0.00005982
  61    0.0000245  -0.00005137
  62    0.0000003  -0.00000145
  63    0.0000246  -0.00005497
  64    0.0000168  -0.00004132
  65    0.0000003  -0.00000147
  66    0.0000147  -0.00003979
  67    0.0000166  -0.00003879
  68    0.0000003  -0.00000122
  69    0.0000138  -0.00003428
  70    0.0000143  -0.00003574
  71    0.0000003  -0.00000125
  72    0.0000128  -0.00003391
  73    0.0000110  -0.00003557
  74    0.0000003  -0.00000120
  75    0.0000122  -0.00003241
  76    0.0000104  -0.00003191
  77    0.0000002  -0.00000109
  78    0.0000079  -0.00002631
  79    0.0000100  -0.00002871
  80    0.0000002  -0.00000106
  81    0.0000073  -0.00002480
  82    0.0000094  -0.00002847
  83    0.0000002  -0.00000090
  84    0.0000072  -0.00002196
  85    0.0000081  -0.00002645
  86    0.0000002  -0.00000093
  87    0.0000068  -0.00001778
  88    0.0000076  -0.00002136
  89    0.0000002  -0.00000092
  90    0.0000064  -0.00001725
  91    0.0000072  -0.00002156
  92    0.0000002  -0.00000070
  93    0.0000052  -0.00001195
  94    0.0000071  -0.00001924
  95    0.0000002  -0.00000079
  96    0.0000049  -0.00001121
  97    0.0000067  -0.00001537
  98    0.0000002  -0.00000067
  99    0.0000049  -0.00001336
 100    0.0000060  -0.00001351
 101    0.0000002  -0.00000075
 102    0.0000047  -0.00001276
 103    0.0000059  -0.00001264
 104    0.0000002  -0.00000070
 105    0.0000041  -0.00001170
 106    0.0000047  -0.00001235
 107    0.0000002  -0.00000045
 108    0.0000041  -0.00001034
 109    0.0000046  -0.00001298
 110    0.0000002  -0.00000068
 111    0.0000032  -0.00000642
 112    0.0000036  -0.00001018
 113    0.0000002  -0.00000056
 114    0.0000021  -0.00000469
 115    0.0000034  -0.00000708
 116    0.0000002  -0.00000049
 
----------------
 Final Energies 
----------------
       HF Total Energy =     -38.7723644
Final NOF Total Energy =     -39.0735631
    Correlation Energy =      -0.3011986
 
Total Orbital Internal Iterations = 990
Total Occupation Internal Iterations = 178
 
Elapsed time: 1778.68 Seconds

---------------------------------
   Lowdin Population Analysis    
---------------------------------
 Idx  Atom   Population   Charge 
---------------------------------
  1     C     5.571       0.429
  2     H     1.215      -0.215
  3     H     1.215      -0.215

---------------------------------
   M Diagnostic: 0.04
---------------------------------

