Computing Integrals
Elapsed time:   19.91 Seconds

Number of basis functions                   (NBF)    = 1218
Number of auxiliary basis functions         (NBFAUX) = 1314
Inactive Doubly occupied orbitals up to     (NO1)    = 0
No. considered Strongly Doubly occupied MOs (NDOC)   = 54
No. considered Strongly Singly occupied MOs (NSOC)   = 0
NO. of Weakly occ. per St. Doubly occ.  MOs (NCWO)   = 21
Dimension of the Nat. Orb. subspace         (NBF5)   = 1188
No. of electrons                                     = 108
    No. of alpha electrons                           = 54
    No. of beta electrons                            = 54
Multiplicity                                         = 1

Geometry
========
 N       0.6474900      -0.9232900      -0.3158200
 H       0.2487400      -1.0135400      -1.2354800
 C      -0.2588800      -0.8678800       0.8196600
 H      -0.1235600      -1.7574600       1.4347300
 C       0.0273600       0.3500600       1.7084700
 C      -1.7153500      -0.8741100       0.3755000
 H       1.0732100       0.3024300       2.0047500
 H      -0.5827500       0.2557500       2.6069000
 C      -0.2793400       1.7051300       1.0597200
 O      -2.5774100      -1.3972900       1.0700300
 H      -1.3395600       1.8022100       0.8379800
 H       0.0007600       2.4923600       1.7584500
 C       0.4798300       1.9313000      -0.2163200
 O       1.7776500       2.2019100       0.0117200
 O       0.0118300       1.8902500      -1.3393700
 C       1.9571300      -1.2735900      -0.1451500
 C       2.7387400      -1.4559300      -1.4243900
 O       2.4580700      -1.4215100       0.9610400
 H       2.8996400      -2.5200400      -1.5882200
 H       3.7121700      -0.9891100      -1.3035000
 H       2.2344700      -1.0354700      -2.2916300
 N      -1.9888500      -0.2667900      -0.8130100
 C      -3.3779400      -0.1334200      -1.2147700
 H      -1.3380400       0.4303800      -1.1569300
 H      -3.9357500       0.5118600      -0.5356700
 H      -3.4120000       0.2795100      -2.2182700
 H      -3.8506400      -1.1110000      -1.2085300
 H       2.1860800       2.3090200      -0.8609700

No violations of the orthonormality
No violations of the orthonormality
 
PNOF7/ADAM Calculation
==================
 
  Nitext  Nit_orb  Time   Nit_occ  Time         Eelec          Etot           Ediff      maxdiff    Grad_orb  Grad_occ
0.04976911358397845
0.07846454609911321
     1      10    3.3e+02   27    9.0e+01 -1703.32696578  -710.43028258 -11702.32696578   1.894193   5.5e+01   2.9e-04 0.23
0.04098719626724745
0.06395761705917158
     2      30    8.8e+02   15    4.8e+01 -1713.87927641  -720.98259321   -10.55231063   0.052337   1.2e+00   3.2e-04 0.15
0.006967939175126434
0.01220406355056377
     3      30    8.9e+02   10    3.9e+01 -1714.16863295  -721.27194975    -0.28935654   0.094760   5.2e-01   2.9e-04 0.14
0.001178454813765134
0.0026120360863354543
     4      30    9.0e+02    7    3.5e+01 -1714.17080506  -721.27412186    -0.00217212   0.122090   6.8e-01   3.5e-04 0.14
0.0007783203892549884
0.0014933362186261973
     5      30    8.9e+02    5    3.1e+01 -1714.17101792  -721.27433472    -0.00021286   0.008922   2.9e-01   2.8e-04 0.14
0.0001258151359146975
0.0003911249919145585
     6      30    9.0e+02    3    3.0e+01 -1714.17146139  -721.27477819    -0.00044347   0.011646   2.7e-01   3.7e-04 0.14
0.00020200048051622656
0.0003845578426884572
     7      30    9.0e+02    4    3.2e+01 -1714.17127708  -721.27459388     0.00018432   0.009519   2.7e-01   2.3e-04 0.14
0.0001981041898866387
0.0004919349880575786
     8      50    1.5e+03    2    2.8e+01 -1714.17379476  -721.27711156    -0.00251768   0.001128   2.5e-02   2.0e-04 0.14
0.0
0.0
     9      50    1.5e+03    0    2.3e+01 -1714.17377643  -721.27709323     0.00001834   0.002771   3.6e-02   1.9e-04 0.14
0.0
0.0
    10      80    2.3e+03    0    2.4e+01 -1714.17382401  -721.27714081    -0.00004758   0.000654   4.3e-03   2.0e-04 0.14
0.0
0.0
    11      90    2.6e+03    0    2.3e+01 -1714.17382455  -721.27714135    -0.00000054   0.000352   2.3e-03   2.0e-04 0.14
0.0
0.0
    12      87    2.5e+03    0    2.5e+01 -1714.17382473  -721.27714153    -0.00000018   0.000098   2.1e-03   2.0e-04 0.14
 
RESULTS OF THE OCCUPATION OPTIMIZATION
========================================
   1    1.9997100  -20.61525797
   2    1.9997106  -20.59077384
   3    1.9997063  -20.55633245
   4    1.9997093  -20.55454658
   5    1.9995313  -15.58105118
   6    1.9995381  -15.57086874
   7    1.9992948  -11.36978990
   8    1.9993001  -11.32930582
   9    1.9992966  -11.32469048
  10    1.9992792  -11.27383900
  11    1.9992915  -11.25299223
  12    1.9992879  -11.24946768
  13    1.9992980  -11.24010022
  14    1.9992831  -11.23500907
  15    1.9781917  -1.15439712
  16    1.9770467  -1.11065080
  17    1.9771260  -1.10817277
  18    1.9714171  -1.00389982
  19    1.9769733  -0.96294497
  20    1.9763636  -0.94361309
  21    1.9702082  -0.93980929
  22    1.9688536  -0.87690813
  23    1.9731391  -0.87323128
  24    1.9741065  -0.85735241
  25    1.9676280  -0.84743643
  26    1.9828186  -0.82240973
  27    1.9844619  -0.81823556
  28    1.9690522  -0.81724890
  29    1.9843222  -0.81503356
  30    1.9813437  -0.80723996
  31    1.9666941  -0.78940350
  32    1.9680989  -0.78728103
  33    1.9813529  -0.77704402
  34    1.9811465  -0.77395903
  35    1.9810823  -0.77315294
  36    1.9812409  -0.77258632
  37    1.9667842  -0.74385860
  38    1.9661964  -0.73922684
  39    1.9690368  -0.71350269
  40    1.9690997  -0.71288421
  41    1.9691290  -0.70976771
  42    1.9684869  -0.70520216
  43    1.9687911  -0.70408557
  44    1.9689525  -0.70183153
  45    1.9690351  -0.69884109
  46    1.9686015  -0.69511454
  47    1.9695900  -0.69377006
  48    1.9693015  -0.69250821
  49    1.9687957  -0.68857073
  50    1.9756618  -0.59797021
  51    1.9731602  -0.58312243
  52    1.8684397  -0.56847493
  53    1.8658862  -0.52846830
  54    1.8601405  -0.52597616
  55    0.1365464  -0.06043144
  56    0.1308054  -0.05847022
  57    0.1284983  -0.06013750
  58    0.0170874  -0.01097705
  59    0.0179277  -0.01153328
  60    0.0214992  -0.01589860
  61    0.0212304  -0.01583339
  62    0.0212980  -0.01584347
  63    0.0219416  -0.01614170
  64    0.0213012  -0.01591133
  65    0.0213124  -0.01578942
  66    0.0215353  -0.01585397
  67    0.0221844  -0.01654338
  68    0.0211899  -0.01585475
  69    0.0217510  -0.01617272
  70    0.0216150  -0.01620319
  71    0.0276865  -0.02012801
  72    0.0282336  -0.02068941
  73    0.0134377  -0.01264264
  74    0.0138018  -0.01282605
  75    0.0139561  -0.01289696
  76    0.0140108  -0.01294217
  77    0.0253041  -0.01970992
  78    0.0271609  -0.02094254
  79    0.0137993  -0.01302912
  80    0.0122639  -0.01196442
  81    0.0246389  -0.01972910
  82    0.0121788  -0.01191384
  83    0.0121768  -0.01200976
  84    0.0279265  -0.02306135
  85    0.0200332  -0.01774626
  86    0.0211825  -0.01865999
  87    0.0277514  -0.02338305
  88    0.0246801  -0.02318750
  89    0.0192204  -0.01838834
  90    0.0193509  -0.01864882
  91    0.0248783  -0.02468640
  92    0.0186000  -0.02080806
  93    0.0186168  -0.02083302
  94    0.0176220  -0.02036807
  95    0.0004421  -0.00818629
  96    0.0004438  -0.00820849
  97    0.0004420  -0.00818893
  98    0.0004419  -0.00819127
  99    0.0004439  -0.00822697
 100    0.0004358  -0.00814417
 101    0.0004343  -0.00812388
 102    0.0004362  -0.00815214
 103    0.0003096  -0.00793657
 104    0.0003103  -0.00795582
 105    0.0002242  -0.00756309
 106    0.0002242  -0.00756680
 107    0.0002223  -0.00753061
 108    0.0002225  -0.00756277
 109    0.0031413  -0.00258505
 110    0.0029880  -0.00251240
 111    0.0027607  -0.00246921
 112    0.0049035  -0.00385488
 113    0.0032083  -0.00289613
 114    0.0046365  -0.00468378
 115    0.0044304  -0.00453931
 116    0.0040610  -0.00428639
 117    0.0043403  -0.00449118
 118    0.0046380  -0.00470107
 119    0.0047503  -0.00474351
 120    0.0048083  -0.00476957
 121    0.0037039  -0.00408507
 122    0.0047809  -0.00481737
 123    0.0042774  -0.00445683
 124    0.0042289  -0.00446722
 125    0.0036349  -0.00388441
 126    0.0024130  -0.00296166
 127    0.0021829  -0.00315319
 128    0.0020818  -0.00308280
 129    0.0019569  -0.00296298
 130    0.0018727  -0.00286929
 131    0.0028857  -0.00342933
 132    0.0023797  -0.00308259
 133    0.0020704  -0.00308631
 134    0.0013962  -0.00223228
 135    0.0025399  -0.00321907
 136    0.0012913  -0.00211138
 137    0.0019891  -0.00302217
 138    0.0026818  -0.00342624
 139    0.0027286  -0.00366927
 140    0.0026781  -0.00362218
 141    0.0016757  -0.00247520
 142    0.0023794  -0.00349472
 143    0.0021445  -0.00311450
 144    0.0015607  -0.00251291
 145    0.0020139  -0.00319494
 146    0.0026947  -0.00435122
 147    0.0026894  -0.00433187
 148    0.0025755  -0.00429811
 149    0.0000903  -0.00125420
 150    0.0000841  -0.00116984
 151    0.0000897  -0.00125162
 152    0.0000893  -0.00123240
 153    0.0000924  -0.00127746
 154    0.0000898  -0.00126566
 155    0.0000894  -0.00126153
 156    0.0000898  -0.00126222
 157    0.0000592  -0.00110750
 158    0.0000603  -0.00113015
 159    0.0000282  -0.00067993
 160    0.0000287  -0.00069261
 161    0.0000280  -0.00067987
 162    0.0000302  -0.00072838
 163    0.0000978  -0.00010735
 164    0.0001299  -0.00018196
 165    0.0001552  -0.00018960
 166    0.0027953  -0.00257693
 167    0.0013975  -0.00167338
 168    0.0021277  -0.00244112
 169    0.0021007  -0.00246028
 170    0.0022703  -0.00258948
 171    0.0022592  -0.00255886
 172    0.0020802  -0.00244205
 173    0.0021066  -0.00241215
 174    0.0020040  -0.00232710
 175    0.0024179  -0.00276133
 176    0.0020356  -0.00237631
 177    0.0023153  -0.00260855
 178    0.0023333  -0.00265026
 179    0.0009328  -0.00139662
 180    0.0010126  -0.00150525
 181    0.0017375  -0.00254219
 182    0.0016878  -0.00252501
 183    0.0016389  -0.00249063
 184    0.0014773  -0.00231905
 185    0.0018104  -0.00240249
 186    0.0018278  -0.00245666
 187    0.0015441  -0.00240460
 188    0.0007737  -0.00135240
 189    0.0016791  -0.00233196
 190    0.0007832  -0.00136602
 191    0.0016933  -0.00256808
 192    0.0007562  -0.00131054
 193    0.0016029  -0.00222467
 194    0.0013592  -0.00203470
 195    0.0007316  -0.00132255
 196    0.0012918  -0.00204215
 197    0.0010467  -0.00174980
 198    0.0008484  -0.00155549
 199    0.0008460  -0.00156717
 200    0.0007181  -0.00149348
 201    0.0006451  -0.00136899
 202    0.0006396  -0.00139860
 203    0.0000873  -0.00120364
 204    0.0000809  -0.00112120
 205    0.0000850  -0.00117407
 206    0.0000836  -0.00116339
 207    0.0000884  -0.00122346
 208    0.0000880  -0.00123142
 209    0.0000872  -0.00122471
 210    0.0000865  -0.00121952
 211    0.0000553  -0.00102627
 212    0.0000553  -0.00102688
 213    0.0000222  -0.00051503
 214    0.0000247  -0.00057219
 215    0.0000225  -0.00052016
 216    0.0000227  -0.00055564
 217    0.0000328  -0.00003130
 218    0.0001180  -0.00014311
 219    0.0001145  -0.00014541
 220    0.0013644  -0.00153692
 221    0.0011527  -0.00134426
 222    0.0020769  -0.00241470
 223    0.0020447  -0.00238126
 224    0.0019354  -0.00231579
 225    0.0020278  -0.00237566
 226    0.0020293  -0.00236948
 227    0.0020091  -0.00233114
 228    0.0019640  -0.00227801
 229    0.0024072  -0.00274463
 230    0.0019829  -0.00232022
 231    0.0016855  -0.00210152
 232    0.0019554  -0.00233750
 233    0.0009009  -0.00135322
 234    0.0008976  -0.00140063
 235    0.0006302  -0.00114620
 236    0.0006009  -0.00111519
 237    0.0005582  -0.00106418
 238    0.0005294  -0.00103554
 239    0.0010230  -0.00157745
 240    0.0010584  -0.00162132
 241    0.0005412  -0.00104932
 242    0.0006336  -0.00118771
 243    0.0011385  -0.00174201
 244    0.0006396  -0.00118046
 245    0.0005773  -0.00109157
 246    0.0006715  -0.00115762
 247    0.0009443  -0.00151522
 248    0.0010924  -0.00167758
 249    0.0006245  -0.00111343
 250    0.0011422  -0.00184974
 251    0.0007563  -0.00143159
 252    0.0007912  -0.00138615
 253    0.0006476  -0.00132514
 254    0.0005250  -0.00118502
 255    0.0005112  -0.00116250
 256    0.0005433  -0.00123041
 257    0.0000849  -0.00116568
 258    0.0000808  -0.00111074
 259    0.0000824  -0.00113650
 260    0.0000811  -0.00112598
 261    0.0000831  -0.00114528
 262    0.0000779  -0.00103092
 263    0.0000765  -0.00101073
 264    0.0000805  -0.00106381
 265    0.0000302  -0.00055675
 266    0.0000355  -0.00064850
 267    0.0000111  -0.00025331
 268    0.0000110  -0.00025066
 269    0.0000116  -0.00026308
 270    0.0000099  -0.00022673
 271    0.0000128  -0.00001349
 272    0.0000263  -0.00002834
 273    0.0000091  -0.00001320
 274    0.0002286  -0.00042088
 275    0.0001744  -0.00030833
 276    0.0001711  -0.00029429
 277    0.0001861  -0.00030814
 278    0.0001621  -0.00028705
 279    0.0001583  -0.00028013
 280    0.0001900  -0.00030724
 281    0.0001671  -0.00028685
 282    0.0001612  -0.00027590
 283    0.0001628  -0.00029068
 284    0.0001643  -0.00028321
 285    0.0001843  -0.00029857
 286    0.0001677  -0.00028655
 287    0.0002069  -0.00035754
 288    0.0002316  -0.00039611
 289    0.0001979  -0.00047450
 290    0.0001954  -0.00047151
 291    0.0001982  -0.00047983
 292    0.0002107  -0.00049354
 293    0.0002985  -0.00048852
 294    0.0002863  -0.00048208
 295    0.0001945  -0.00047038
 296    0.0001447  -0.00037885
 297    0.0003125  -0.00051103
 298    0.0001530  -0.00038891
 299    0.0001980  -0.00048202
 300    0.0000978  -0.00022850
 301    0.0001198  -0.00026276
 302    0.0001068  -0.00026300
 303    0.0001035  -0.00024180
 304    0.0000709  -0.00020852
 305    0.0001222  -0.00028297
 306    0.0001223  -0.00028492
 307    0.0000568  -0.00016678
 308    0.0000983  -0.00027381
 309    0.0001393  -0.00035005
 310    0.0001562  -0.00038558
 311    0.0000093  -0.00036209
 312    0.0000094  -0.00036084
 313    0.0000095  -0.00036232
 314    0.0000094  -0.00036019
 315    0.0000094  -0.00036492
 316    0.0000095  -0.00036001
 317    0.0000098  -0.00035945
 318    0.0000099  -0.00036408
 319    0.0000061  -0.00030112
 320    0.0000059  -0.00029984
 321    0.0000042  -0.00025549
 322    0.0000042  -0.00025420
 323    0.0000041  -0.00025147
 324    0.0000038  -0.00023886
 325    0.0000087  -0.00001117
 326    0.0000141  -0.00001153
 327    0.0000047  -0.00000798
 328    0.0001379  -0.00027392
 329    0.0001246  -0.00027065
 330    0.0001347  -0.00025030
 331    0.0001420  -0.00025974
 332    0.0001443  -0.00025590
 333    0.0001471  -0.00025567
 334    0.0001460  -0.00025863
 335    0.0001533  -0.00027220
 336    0.0001604  -0.00027713
 337    0.0001336  -0.00025301
 338    0.0001383  -0.00025500
 339    0.0001455  -0.00025839
 340    0.0001364  -0.00025695
 341    0.0001883  -0.00033877
 342    0.0001848  -0.00033568
 343    0.0001536  -0.00040912
 344    0.0001510  -0.00040444
 345    0.0001563  -0.00041558
 346    0.0001777  -0.00044771
 347    0.0002534  -0.00043673
 348    0.0002619  -0.00044415
 349    0.0001675  -0.00042976
 350    0.0001299  -0.00033923
 351    0.0003021  -0.00050244
 352    0.0001420  -0.00035536
 353    0.0001612  -0.00041647
 354    0.0000809  -0.00019563
 355    0.0001070  -0.00026691
 356    0.0001016  -0.00023140
 357    0.0000936  -0.00022281
 358    0.0000556  -0.00017154
 359    0.0000803  -0.00020012
 360    0.0001018  -0.00024149
 361    0.0000321  -0.00012023
 362    0.0000636  -0.00022590
 363    0.0001288  -0.00032492
 364    0.0000667  -0.00022411
 365    0.0000007  -0.00000970
 366    0.0000008  -0.00001028
 367    0.0000008  -0.00001024
 368    0.0000007  -0.00000994
 369    0.0000009  -0.00001054
 370    0.0000007  -0.00003717
 371    0.0000009  -0.00002905
 372    0.0000006  -0.00003806
 373    0.0000003  -0.00000516
 374    0.0000002  -0.00002120
 375    0.0000001  -0.00001641
 376    0.0000002  -0.00001626
 377    0.0000002  -0.00001611
 378    0.0000001  -0.00001492
 379    0.0000058  -0.00001166
 380    0.0000076  -0.00000957
 381    0.0000040  -0.00000807
 382    0.0001028  -0.00022901
 383    0.0000936  -0.00020281
 384    0.0001235  -0.00022526
 385    0.0001303  -0.00023448
 386    0.0001241  -0.00023677
 387    0.0001158  -0.00021479
 388    0.0001346  -0.00023712
 389    0.0001275  -0.00022774
 390    0.0001393  -0.00023738
 391    0.0001161  -0.00022175
 392    0.0001374  -0.00023943
 393    0.0001321  -0.00023842
 394    0.0001245  -0.00022961
 395    0.0000607  -0.00012744
 396    0.0000520  -0.00014486
 397    0.0001351  -0.00034319
 398    0.0001254  -0.00031981
 399    0.0001109  -0.00029758
 400    0.0001064  -0.00029282
 401    0.0000757  -0.00018442
 402    0.0000872  -0.00021049
 403    0.0001042  -0.00029399
 404    0.0001041  -0.00028755
 405    0.0000754  -0.00019104
 406    0.0001170  -0.00031891
 407    0.0001157  -0.00030041
 408    0.0000388  -0.00010856
 409    0.0000967  -0.00021695
 410    0.0000863  -0.00020219
 411    0.0000441  -0.00014438
 412    0.0000375  -0.00010980
 413    0.0000659  -0.00017983
 414    0.0000624  -0.00019841
 415    0.0000274  -0.00008499
 416    0.0000467  -0.00016856
 417    0.0000684  -0.00024932
 418    0.0000500  -0.00017617
 419    0.0000005  -0.00003370
 420    0.0000006  -0.00003427
 421    0.0000005  -0.00003378
 422    0.0000005  -0.00003344
 423    0.0000005  -0.00003359
 424    0.0000004  -0.00000559
 425    0.0000005  -0.00001743
 426    0.0000004  -0.00000337
 427    0.0000003  -0.00002202
 428    0.0000002  -0.00000275
 429    0.0000001  -0.00000101
 430    0.0000001  -0.00000185
 431    0.0000001  -0.00000164
 432    0.0000001  -0.00000127
 433    0.0000039  -0.00001468
 434    0.0000059  -0.00000874
 435    0.0000027  -0.00000447
 436    0.0000728  -0.00013178
 437    0.0000929  -0.00019109
 438    0.0001152  -0.00021717
 439    0.0001223  -0.00022689
 440    0.0001184  -0.00022497
 441    0.0001131  -0.00021872
 442    0.0001219  -0.00022051
 443    0.0001192  -0.00021796
 444    0.0001250  -0.00021823
 445    0.0000987  -0.00020150
 446    0.0001240  -0.00022450
 447    0.0001080  -0.00021128
 448    0.0001101  -0.00021368
 449    0.0000474  -0.00013041
 450    0.0000443  -0.00012840
 451    0.0001085  -0.00029079
 452    0.0001050  -0.00029043
 453    0.0001023  -0.00027727
 454    0.0000941  -0.00026078
 455    0.0000576  -0.00014633
 456    0.0000594  -0.00016512
 457    0.0000871  -0.00025509
 458    0.0001004  -0.00028286
 459    0.0000563  -0.00015933
 460    0.0001052  -0.00028359
 461    0.0001007  -0.00029473
 462    0.0000341  -0.00011418
 463    0.0000597  -0.00016697
 464    0.0000733  -0.00019536
 465    0.0000351  -0.00010083
 466    0.0000277  -0.00008100
 467    0.0000601  -0.00019457
 468    0.0000476  -0.00015928
 469    0.0000208  -0.00007224
 470    0.0000299  -0.00010839
 471    0.0000517  -0.00018743
 472    0.0000444  -0.00015204
 473    0.0000003  -0.00000541
 474    0.0000004  -0.00000671
 475    0.0000004  -0.00000610
 476    0.0000004  -0.00000651
 477    0.0000004  -0.00000528
 478    0.0000002  -0.00000186
 479    0.0000003  -0.00000313
 480    0.0000002  -0.00000204
 481    0.0000002  -0.00000367
 482    0.0000001  -0.00000134
 483    0.0000001  -0.00000090
 484    0.0000001  -0.00000087
 485    0.0000001  -0.00000089
 486    0.0000001  -0.00000074
 487    0.0000023  -0.00000401
 488    0.0000043  -0.00000924
 489    0.0000025  -0.00000427
 490    0.0000515  -0.00011100
 491    0.0000806  -0.00016092
 492    0.0000966  -0.00019609
 493    0.0000963  -0.00019870
 494    0.0000897  -0.00018686
 495    0.0000984  -0.00019454
 496    0.0001103  -0.00020467
 497    0.0001008  -0.00019877
 498    0.0001053  -0.00020177
 499    0.0000852  -0.00019136
 500    0.0001068  -0.00020365
 501    0.0000995  -0.00019549
 502    0.0000957  -0.00019439
 503    0.0000381  -0.00010961
 504    0.0000347  -0.00008349
 505    0.0001022  -0.00029463
 506    0.0000710  -0.00022955
 507    0.0000980  -0.00027740
 508    0.0000772  -0.00023459
 509    0.0000463  -0.00012581
 510    0.0000376  -0.00010774
 511    0.0000637  -0.00020806
 512    0.0000660  -0.00020826
 513    0.0000463  -0.00013061
 514    0.0000689  -0.00021519
 515    0.0000823  -0.00025602
 516    0.0000252  -0.00007723
 517    0.0000597  -0.00016577
 518    0.0000436  -0.00013381
 519    0.0000277  -0.00008441
 520    0.0000238  -0.00007665
 521    0.0000440  -0.00013983
 522    0.0000385  -0.00011482
 523    0.0000131  -0.00005475
 524    0.0000246  -0.00009026
 525    0.0000270  -0.00010029
 526    0.0000266  -0.00010141
 527    0.0000002  -0.00000360
 528    0.0000002  -0.00000347
 529    0.0000003  -0.00000498
 530    0.0000003  -0.00000496
 531    0.0000002  -0.00000318
 532    0.0000001  -0.00000135
 533    0.0000002  -0.00000161
 534    0.0000002  -0.00000131
 535    0.0000001  -0.00000153
 536    0.0000001  -0.00000084
 537    0.0000001  -0.00000079
 538    0.0000001  -0.00000081
 539    0.0000001  -0.00000067
 540    0.0000001  -0.00000055
 541    0.0000017  -0.00000376
 542    0.0000037  -0.00000749
 543    0.0000016  -0.00000372
 544    0.0000326  -0.00008315
 545    0.0000209  -0.00005387
 546    0.0000642  -0.00015599
 547    0.0000578  -0.00014837
 548    0.0000535  -0.00014049
 549    0.0000532  -0.00014231
 550    0.0000601  -0.00015190
 551    0.0000611  -0.00015111
 552    0.0000598  -0.00015026
 553    0.0000492  -0.00013574
 554    0.0000623  -0.00015250
 555    0.0000543  -0.00014399
 556    0.0000549  -0.00014454
 557    0.0000236  -0.00005947
 558    0.0000275  -0.00007525
 559    0.0000144  -0.00006175
 560    0.0000186  -0.00006816
 561    0.0000221  -0.00007710
 562    0.0000162  -0.00006861
 563    0.0000376  -0.00010167
 564    0.0000356  -0.00008689
 565    0.0000163  -0.00006923
 566    0.0000151  -0.00005329
 567    0.0000402  -0.00009851
 568    0.0000105  -0.00004549
 569    0.0000239  -0.00008543
 570    0.0000112  -0.00003820
 571    0.0000390  -0.00011138
 572    0.0000368  -0.00010804
 573    0.0000123  -0.00004503
 574    0.0000230  -0.00007329
 575    0.0000270  -0.00007820
 576    0.0000250  -0.00007837
 577    0.0000125  -0.00005750
 578    0.0000157  -0.00007423
 579    0.0000168  -0.00007628
 580    0.0000163  -0.00008034
 581    0.0000002  -0.00000268
 582    0.0000002  -0.00000236
 583    0.0000002  -0.00000258
 584    0.0000002  -0.00000219
 585    0.0000002  -0.00000166
 586    0.0000001  -0.00000115
 587    0.0000001  -0.00000126
 588    0.0000001  -0.00000119
 589    0.0000001  -0.00000103
 590    0.0000001  -0.00000076
 591    0.0000001  -0.00000066
 592    0.0000001  -0.00000063
 593    0.0000000  -0.00000048
 594    0.0000000  -0.00000050
 595    0.0000010  -0.00000334
 596    0.0000021  -0.00000373
 597    0.0000013  -0.00000348
 598    0.0000156  -0.00003930
 599    0.0000113  -0.00003481
 600    0.0000387  -0.00009491
 601    0.0000385  -0.00009253
 602    0.0000355  -0.00008712
 603    0.0000324  -0.00008362
 604    0.0000373  -0.00009373
 605    0.0000342  -0.00008348
 606    0.0000315  -0.00008022
 607    0.0000357  -0.00009657
 608    0.0000364  -0.00008734
 609    0.0000306  -0.00008222
 610    0.0000323  -0.00008685
 611    0.0000210  -0.00005486
 612    0.0000247  -0.00005956
 613    0.0000100  -0.00004584
 614    0.0000141  -0.00005015
 615    0.0000102  -0.00004573
 616    0.0000131  -0.00005559
 617    0.0000288  -0.00007312
 618    0.0000287  -0.00007565
 619    0.0000127  -0.00005358
 620    0.0000118  -0.00004216
 621    0.0000333  -0.00007841
 622    0.0000089  -0.00003682
 623    0.0000124  -0.00005204
 624    0.0000088  -0.00003762
 625    0.0000214  -0.00007119
 626    0.0000190  -0.00006422
 627    0.0000096  -0.00004028
 628    0.0000133  -0.00004942
 629    0.0000150  -0.00005594
 630    0.0000176  -0.00005688
 631    0.0000081  -0.00003314
 632    0.0000115  -0.00004356
 633    0.0000120  -0.00004216
 634    0.0000123  -0.00004477
 635    0.0000002  -0.00000153
 636    0.0000001  -0.00000149
 637    0.0000002  -0.00000149
 638    0.0000001  -0.00000161
 639    0.0000002  -0.00000146
 640    0.0000001  -0.00000100
 641    0.0000001  -0.00000102
 642    0.0000001  -0.00000094
 643    0.0000001  -0.00000070
 644    0.0000001  -0.00000071
 645    0.0000001  -0.00000051
 646    0.0000000  -0.00000046
 647    0.0000000  -0.00000044
 648    0.0000000  -0.00000047
 649    0.0000010  -0.00000337
 650    0.0000014  -0.00000381
 651    0.0000010  -0.00000333
 652    0.0000093  -0.00002974
 653    0.0000099  -0.00003302
 654    0.0000329  -0.00008310
 655    0.0000336  -0.00008755
 656    0.0000307  -0.00008230
 657    0.0000300  -0.00008239
 658    0.0000304  -0.00008079
 659    0.0000290  -0.00007841
 660    0.0000275  -0.00007611
 661    0.0000336  -0.00008756
 662    0.0000293  -0.00008051
 663    0.0000285  -0.00008000
 664    0.0000289  -0.00007949
 665    0.0000185  -0.00005229
 666    0.0000184  -0.00005006
 667    0.0000090  -0.00004294
 668    0.0000103  -0.00004602
 669    0.0000099  -0.00004601
 670    0.0000111  -0.00004810
 671    0.0000218  -0.00006057
 672    0.0000240  -0.00006525
 673    0.0000094  -0.00004627
 674    0.0000071  -0.00003493
 675    0.0000232  -0.00006549
 676    0.0000071  -0.00003346
 677    0.0000094  -0.00004555
 678    0.0000078  -0.00003253
 679    0.0000169  -0.00005940
 680    0.0000175  -0.00005869
 681    0.0000081  -0.00003468
 682    0.0000114  -0.00004293
 683    0.0000121  -0.00004469
 684    0.0000132  -0.00004800
 685    0.0000057  -0.00002406
 686    0.0000080  -0.00003307
 687    0.0000088  -0.00003488
 688    0.0000084  -0.00004137
 689    0.0000001  -0.00000124
 690    0.0000001  -0.00000121
 691    0.0000001  -0.00000150
 692    0.0000001  -0.00000136
 693    0.0000001  -0.00000125
 694    0.0000001  -0.00000075
 695    0.0000001  -0.00000097
 696    0.0000001  -0.00000085
 697    0.0000001  -0.00000067
 698    0.0000001  -0.00000072
 699    0.0000000  -0.00000046
 700    0.0000000  -0.00000042
 701    0.0000000  -0.00000042
 702    0.0000000  -0.00000043
 703    0.0000008  -0.00000279
 704    0.0000014  -0.00000358
 705    0.0000009  -0.00000310
 706    0.0000078  -0.00002706
 707    0.0000084  -0.00002715
 708    0.0000284  -0.00007561
 709    0.0000283  -0.00007624
 710    0.0000292  -0.00008115
 711    0.0000266  -0.00007379
 712    0.0000262  -0.00007293
 713    0.0000265  -0.00007241
 714    0.0000248  -0.00006892
 715    0.0000284  -0.00008160
 716    0.0000275  -0.00007409
 717    0.0000251  -0.00007076
 718    0.0000270  -0.00007669
 719    0.0000077  -0.00002723
 720    0.0000082  -0.00003035
 721    0.0000085  -0.00003692
 722    0.0000094  -0.00004232
 723    0.0000079  -0.00003747
 724    0.0000098  -0.00003878
 725    0.0000119  -0.00003366
 726    0.0000107  -0.00003674
 727    0.0000093  -0.00003615
 728    0.0000064  -0.00002867
 729    0.0000152  -0.00004317
 730    0.0000068  -0.00002738
 731    0.0000083  -0.00003656
 732    0.0000068  -0.00002666
 733    0.0000159  -0.00005297
 734    0.0000154  -0.00005750
 735    0.0000068  -0.00002874
 736    0.0000094  -0.00004271
 737    0.0000094  -0.00003884
 738    0.0000105  -0.00004311
 739    0.0000048  -0.00002232
 740    0.0000070  -0.00003370
 741    0.0000076  -0.00003366
 742    0.0000080  -0.00003508
 743    0.0000001  -0.00000101
 744    0.0000001  -0.00000109
 745    0.0000001  -0.00000121
 746    0.0000001  -0.00000141
 747    0.0000001  -0.00000115
 748    0.0000001  -0.00000072
 749    0.0000001  -0.00000075
 750    0.0000001  -0.00000074
 751    0.0000001  -0.00000055
 752    0.0000001  -0.00000066
 753    0.0000000  -0.00000039
 754    0.0000000  -0.00000038
 755    0.0000000  -0.00000041
 756    0.0000000  -0.00000039
 757    0.0000006  -0.00000253
 758    0.0000012  -0.00000331
 759    0.0000008  -0.00000283
 760    0.0000070  -0.00002328
 761    0.0000068  -0.00002681
 762    0.0000120  -0.00003815
 763    0.0000116  -0.00003693
 764    0.0000130  -0.00003813
 765    0.0000120  -0.00003601
 766    0.0000140  -0.00003894
 767    0.0000102  -0.00003262
 768    0.0000132  -0.00003524
 769    0.0000125  -0.00003740
 770    0.0000116  -0.00003579
 771    0.0000137  -0.00003642
 772    0.0000119  -0.00003649
 773    0.0000076  -0.00002759
 774    0.0000073  -0.00002801
 775    0.0000077  -0.00003513
 776    0.0000081  -0.00003506
 777    0.0000071  -0.00003561
 778    0.0000084  -0.00003742
 779    0.0000086  -0.00002862
 780    0.0000099  -0.00003446
 781    0.0000083  -0.00003631
 782    0.0000051  -0.00002642
 783    0.0000096  -0.00003339
 784    0.0000059  -0.00002807
 785    0.0000077  -0.00003449
 786    0.0000049  -0.00002222
 787    0.0000113  -0.00003929
 788    0.0000111  -0.00003752
 789    0.0000054  -0.00002375
 790    0.0000058  -0.00002498
 791    0.0000077  -0.00003032
 792    0.0000086  -0.00003337
 793    0.0000041  -0.00001870
 794    0.0000067  -0.00003211
 795    0.0000067  -0.00002854
 796    0.0000078  -0.00003153
 797    0.0000001  -0.00000088
 798    0.0000001  -0.00000090
 799    0.0000001  -0.00000104
 800    0.0000001  -0.00000119
 801    0.0000001  -0.00000107
 802    0.0000001  -0.00000068
 803    0.0000001  -0.00000068
 804    0.0000001  -0.00000060
 805    0.0000001  -0.00000058
 806    0.0000001  -0.00000063
 807    0.0000000  -0.00000039
 808    0.0000000  -0.00000037
 809    0.0000000  -0.00000040
 810    0.0000000  -0.00000037
 811    0.0000005  -0.00000223
 812    0.0000010  -0.00000318
 813    0.0000007  -0.00000264
 814    0.0000051  -0.00001899
 815    0.0000067  -0.00002341
 816    0.0000119  -0.00003646
 817    0.0000109  -0.00003464
 818    0.0000101  -0.00003196
 819    0.0000104  -0.00003170
 820    0.0000109  -0.00003540
 821    0.0000085  -0.00003051
 822    0.0000112  -0.00003525
 823    0.0000105  -0.00003402
 824    0.0000099  -0.00003227
 825    0.0000121  -0.00003294
 826    0.0000089  -0.00002991
 827    0.0000066  -0.00002381
 828    0.0000067  -0.00002534
 829    0.0000070  -0.00003368
 830    0.0000072  -0.00003225
 831    0.0000059  -0.00003018
 832    0.0000081  -0.00003739
 833    0.0000082  -0.00002714
 834    0.0000086  -0.00002768
 835    0.0000068  -0.00002968
 836    0.0000050  -0.00002613
 837    0.0000081  -0.00002871
 838    0.0000053  -0.00002511
 839    0.0000066  -0.00003004
 840    0.0000045  -0.00001997
 841    0.0000094  -0.00003698
 842    0.0000089  -0.00003567
 843    0.0000045  -0.00002183
 844    0.0000051  -0.00002227
 845    0.0000061  -0.00002749
 846    0.0000064  -0.00002670
 847    0.0000033  -0.00001507
 848    0.0000056  -0.00003220
 849    0.0000065  -0.00003412
 850    0.0000067  -0.00003473
 851    0.0000001  -0.00000078
 852    0.0000001  -0.00000083
 853    0.0000001  -0.00000104
 854    0.0000001  -0.00000083
 855    0.0000001  -0.00000105
 856    0.0000001  -0.00000060
 857    0.0000001  -0.00000065
 858    0.0000001  -0.00000057
 859    0.0000000  -0.00000051
 860    0.0000001  -0.00000061
 861    0.0000000  -0.00000031
 862    0.0000000  -0.00000035
 863    0.0000000  -0.00000039
 864    0.0000000  -0.00000035
 865    0.0000005  -0.00000205
 866    0.0000008  -0.00000288
 867    0.0000005  -0.00000217
 868    0.0000045  -0.00001687
 869    0.0000059  -0.00002175
 870    0.0000086  -0.00002918
 871    0.0000081  -0.00002773
 872    0.0000087  -0.00003056
 873    0.0000076  -0.00002784
 874    0.0000093  -0.00002917
 875    0.0000073  -0.00002534
 876    0.0000094  -0.00002843
 877    0.0000094  -0.00003316
 878    0.0000079  -0.00002742
 879    0.0000083  -0.00003013
 880    0.0000074  -0.00002880
 881    0.0000055  -0.00001716
 882    0.0000043  -0.00001643
 883    0.0000056  -0.00002638
 884    0.0000071  -0.00003258
 885    0.0000043  -0.00002538
 886    0.0000066  -0.00002885
 887    0.0000069  -0.00002597
 888    0.0000069  -0.00002354
 889    0.0000055  -0.00002522
 890    0.0000043  -0.00002134
 891    0.0000072  -0.00002427
 892    0.0000049  -0.00002349
 893    0.0000057  -0.00002799
 894    0.0000037  -0.00001635
 895    0.0000082  -0.00003166
 896    0.0000084  -0.00003288
 897    0.0000031  -0.00001136
 898    0.0000046  -0.00001588
 899    0.0000049  -0.00001873
 900    0.0000054  -0.00002544
 901    0.0000021  -0.00000879
 902    0.0000040  -0.00001755
 903    0.0000047  -0.00002069
 904    0.0000052  -0.00001997
 905    0.0000001  -0.00000073
 906    0.0000001  -0.00000074
 907    0.0000001  -0.00000095
 908    0.0000001  -0.00000078
 909    0.0000001  -0.00000104
 910    0.0000001  -0.00000057
 911    0.0000001  -0.00000051
 912    0.0000001  -0.00000056
 913    0.0000000  -0.00000045
 914    0.0000001  -0.00000058
 915    0.0000000  -0.00000030
 916    0.0000000  -0.00000033
 917    0.0000000  -0.00000033
 918    0.0000000  -0.00000034
 919    0.0000004  -0.00000194
 920    0.0000007  -0.00000271
 921    0.0000004  -0.00000201
 922    0.0000037  -0.00001109
 923    0.0000039  -0.00001182
 924    0.0000069  -0.00002649
 925    0.0000075  -0.00002821
 926    0.0000077  -0.00002896
 927    0.0000065  -0.00002507
 928    0.0000072  -0.00002635
 929    0.0000066  -0.00002451
 930    0.0000083  -0.00002770
 931    0.0000068  -0.00002683
 932    0.0000074  -0.00002701
 933    0.0000071  -0.00002700
 934    0.0000068  -0.00002591
 935    0.0000043  -0.00001217
 936    0.0000037  -0.00001172
 937    0.0000041  -0.00001890
 938    0.0000060  -0.00003084
 939    0.0000037  -0.00001794
 940    0.0000053  -0.00002890
 941    0.0000060  -0.00002099
 942    0.0000059  -0.00002064
 943    0.0000050  -0.00002471
 944    0.0000036  -0.00001934
 945    0.0000060  -0.00002296
 946    0.0000036  -0.00001934
 947    0.0000044  -0.00002487
 948    0.0000031  -0.00001246
 949    0.0000068  -0.00002748
 950    0.0000066  -0.00002723
 951    0.0000024  -0.00000916
 952    0.0000032  -0.00001344
 953    0.0000041  -0.00001792
 954    0.0000045  -0.00002035
 955    0.0000017  -0.00000702
 956    0.0000038  -0.00001598
 957    0.0000032  -0.00001267
 958    0.0000049  -0.00002097
 959    0.0000001  -0.00000069
 960    0.0000001  -0.00000066
 961    0.0000001  -0.00000086
 962    0.0000001  -0.00000071
 963    0.0000001  -0.00000100
 964    0.0000001  -0.00000056
 965    0.0000001  -0.00000052
 966    0.0000001  -0.00000051
 967    0.0000000  -0.00000044
 968    0.0000001  -0.00000057
 969    0.0000000  -0.00000029
 970    0.0000000  -0.00000032
 971    0.0000000  -0.00000033
 972    0.0000000  -0.00000032
 973    0.0000004  -0.00000179
 974    0.0000006  -0.00000250
 975    0.0000004  -0.00000182
 976    0.0000032  -0.00000958
 977    0.0000034  -0.00001112
 978    0.0000063  -0.00001711
 979    0.0000067  -0.00001784
 980    0.0000056  -0.00001957
 981    0.0000053  -0.00001885
 982    0.0000060  -0.00001754
 983    0.0000056  -0.00001732
 984    0.0000059  -0.00001893
 985    0.0000056  -0.00001843
 986    0.0000066  -0.00001839
 987    0.0000066  -0.00002199
 988    0.0000055  -0.00001991
 989    0.0000038  -0.00001086
 990    0.0000032  -0.00000995
 991    0.0000028  -0.00001201
 992    0.0000053  -0.00002334
 993    0.0000024  -0.00000990
 994    0.0000040  -0.00002158
 995    0.0000052  -0.00001712
 996    0.0000052  -0.00001717
 997    0.0000040  -0.00002180
 998    0.0000026  -0.00000793
 999    0.0000048  -0.00001921
 1000    0.0000022  -0.00000879
 1001    0.0000040  -0.00002111
 1002    0.0000028  -0.00000918
 1003    0.0000046  -0.00002247
 1004    0.0000053  -0.00002495
 1005    0.0000023  -0.00000977
 1006    0.0000022  -0.00000737
 1007    0.0000033  -0.00001485
 1008    0.0000037  -0.00001744
 1009    0.0000015  -0.00000518
 1010    0.0000033  -0.00001330
 1011    0.0000029  -0.00001053
 1012    0.0000044  -0.00001758
 1013    0.0000001  -0.00000061
 1014    0.0000001  -0.00000067
 1015    0.0000001  -0.00000086
 1016    0.0000001  -0.00000063
 1017    0.0000001  -0.00000095
 1018    0.0000001  -0.00000053
 1019    0.0000001  -0.00000049
 1020    0.0000001  -0.00000049
 1021    0.0000000  -0.00000040
 1022    0.0000001  -0.00000055
 1023    0.0000000  -0.00000028
 1024    0.0000000  -0.00000029
 1025    0.0000000  -0.00000032
 1026    0.0000000  -0.00000032
 1027    0.0000003  -0.00000183
 1028    0.0000005  -0.00000223
 1029    0.0000003  -0.00000176
 1030    0.0000027  -0.00000822
 1031    0.0000032  -0.00000894
 1032    0.0000051  -0.00002036
 1033    0.0000046  -0.00001952
 1034    0.0000048  -0.00001573
 1035    0.0000050  -0.00001724
 1036    0.0000046  -0.00001898
 1037    0.0000050  -0.00001940
 1038    0.0000051  -0.00001714
 1039    0.0000045  -0.00001820
 1040    0.0000048  -0.00001922
 1041    0.0000059  -0.00001896
 1042    0.0000052  -0.00001597
 1043    0.0000034  -0.00000991
 1044    0.0000029  -0.00001050
 1045    0.0000019  -0.00000756
 1046    0.0000045  -0.00002235
 1047    0.0000020  -0.00000810
 1048    0.0000032  -0.00001654
 1049    0.0000042  -0.00001462
 1050    0.0000049  -0.00001593
 1051    0.0000027  -0.00001043
 1052    0.0000022  -0.00000709
 1053    0.0000045  -0.00001694
 1054    0.0000015  -0.00000629
 1055    0.0000019  -0.00000758
 1056    0.0000020  -0.00000816
 1057    0.0000037  -0.00001447
 1058    0.0000029  -0.00001227
 1059    0.0000019  -0.00000794
 1060    0.0000017  -0.00000563
 1061    0.0000026  -0.00001147
 1062    0.0000031  -0.00001356
 1063    0.0000012  -0.00000444
 1064    0.0000028  -0.00000942
 1065    0.0000025  -0.00000990
 1066    0.0000038  -0.00001304
 1067    0.0000001  -0.00000062
 1068    0.0000001  -0.00000065
 1069    0.0000001  -0.00000078
 1070    0.0000001  -0.00000063
 1071    0.0000001  -0.00000097
 1072    0.0000001  -0.00000052
 1073    0.0000000  -0.00000047
 1074    0.0000000  -0.00000048
 1075    0.0000000  -0.00000038
 1076    0.0000001  -0.00000055
 1077    0.0000000  -0.00000027
 1078    0.0000000  -0.00000028
 1079    0.0000000  -0.00000032
 1080    0.0000000  -0.00000032
 1081    0.0000003  -0.00000158
 1082    0.0000005  -0.00000220
 1083    0.0000003  -0.00000176
 1084    0.0000024  -0.00000722
 1085    0.0000029  -0.00000765
 1086    0.0000042  -0.00001416
 1087    0.0000042  -0.00001457
 1088    0.0000044  -0.00001545
 1089    0.0000042  -0.00001450
 1090    0.0000039  -0.00001529
 1091    0.0000040  -0.00001407
 1092    0.0000049  -0.00001603
 1093    0.0000040  -0.00001406
 1094    0.0000040  -0.00001515
 1095    0.0000053  -0.00001688
 1096    0.0000041  -0.00001589
 1097    0.0000028  -0.00000848
 1098    0.0000027  -0.00000901
 1099    0.0000016  -0.00000647
 1100    0.0000034  -0.00001139
 1101    0.0000013  -0.00000536
 1102    0.0000026  -0.00000855
 1103    0.0000038  -0.00001193
 1104    0.0000034  -0.00001110
 1105    0.0000024  -0.00000864
 1106    0.0000013  -0.00000530
 1107    0.0000039  -0.00001388
 1108    0.0000014  -0.00000543
 1109    0.0000015  -0.00000737
 1110    0.0000019  -0.00000771
 1111    0.0000024  -0.00001113
 1112    0.0000028  -0.00001193
 1113    0.0000014  -0.00000598
 1114    0.0000017  -0.00000547
 1115    0.0000022  -0.00000942
 1116    0.0000025  -0.00001022
 1117    0.0000011  -0.00000363
 1118    0.0000026  -0.00001094
 1119    0.0000024  -0.00001017
 1120    0.0000032  -0.00001134
 1121    0.0000001  -0.00000063
 1122    0.0000001  -0.00000063
 1123    0.0000001  -0.00000080
 1124    0.0000001  -0.00000057
 1125    0.0000001  -0.00000094
 1126    0.0000001  -0.00000053
 1127    0.0000000  -0.00000047
 1128    0.0000000  -0.00000043
 1129    0.0000000  -0.00000036
 1130    0.0000001  -0.00000054
 1131    0.0000000  -0.00000025
 1132    0.0000000  -0.00000028
 1133    0.0000000  -0.00000030
 1134    0.0000000  -0.00000031
 1135    0.0000002  -0.00000147
 1136    0.0000004  -0.00000195
 1137    0.0000003  -0.00000155
 1138    0.0000019  -0.00000610
 1139    0.0000023  -0.00000700
 1140    0.0000036  -0.00001315
 1141    0.0000036  -0.00001343
 1142    0.0000035  -0.00001445
 1143    0.0000039  -0.00001533
 1144    0.0000035  -0.00001361
 1145    0.0000029  -0.00001159
 1146    0.0000044  -0.00001811
 1147    0.0000031  -0.00001206
 1148    0.0000033  -0.00001254
 1149    0.0000041  -0.00001672
 1150    0.0000033  -0.00001276
 1151    0.0000024  -0.00000728
 1152    0.0000020  -0.00000720
 1153    0.0000011  -0.00000435
 1154    0.0000034  -0.00000981
 1155    0.0000011  -0.00000500
 1156    0.0000024  -0.00000792
 1157    0.0000033  -0.00000924
 1158    0.0000030  -0.00000935
 1159    0.0000021  -0.00000711
 1160    0.0000009  -0.00000389
 1161    0.0000026  -0.00000939
 1162    0.0000011  -0.00000427
 1163    0.0000013  -0.00000515
 1164    0.0000015  -0.00000571
 1165    0.0000021  -0.00000959
 1166    0.0000023  -0.00000946
 1167    0.0000013  -0.00000486
 1168    0.0000014  -0.00000478
 1169    0.0000016  -0.00000730
 1170    0.0000024  -0.00000997
 1171    0.0000009  -0.00000324
 1172    0.0000021  -0.00000638
 1173    0.0000014  -0.00000474
 1174    0.0000031  -0.00001015
 1175    0.0000001  -0.00000057
 1176    0.0000001  -0.00000051
 1177    0.0000001  -0.00000083
 1178    0.0000001  -0.00000051
 1179    0.0000001  -0.00000101
 1180    0.0000000  -0.00000046
 1181    0.0000000  -0.00000041
 1182    0.0000000  -0.00000042
 1183    0.0000000  -0.00000032
 1184    0.0000001  -0.00000054
 1185    0.0000000  -0.00000025
 1186    0.0000000  -0.00000028
 1187    0.0000000  -0.00000029
 1188    0.0000000  -0.00000030
 
----------------
 Final Energies 
----------------
Final NOF Total Energy =    -721.2771415
 
Total Orbital Internal Iterations = 547
Total Occupation Internal Iterations = 73
 
Elapsed time: 17497.42 Seconds

---------------------------------
   Lowdin Population Analysis    
---------------------------------
 Idx  Atom   Population   Charge 
---------------------------------
  1     N     6.489       0.511
  2     H     1.173      -0.173
  3     C     6.123      -0.123
  4     H     1.032      -0.032
  5     C     5.869       0.131
  6     C     6.566      -0.566
  7     H     1.042      -0.042
  8     H     1.038      -0.038
  9     C     5.896       0.104
 10     O     7.691       0.309
 11     H     1.042      -0.042
 12     H     1.038      -0.038
 13     C     6.677      -0.677
 14     O     7.360       0.640
 15     O     7.685       0.315
 16     C     6.585      -0.585
 17     C     5.761       0.239
 18     O     7.699       0.301
 19     H     1.055      -0.055
 20     H     1.055      -0.055
 21     H     1.061      -0.061
 22     N     6.528       0.472
 23     C     5.849       0.151
 24     H     1.199      -0.199
 25     H     1.070      -0.070
 26     H     1.068      -0.068
 27     H     1.061      -0.061
 28     H     1.287      -0.287

---------------------------------
   M Diagnostic: 0.14
---------------------------------

