Computing Integrals
Elapsed time:    3.71 Seconds

Number of basis functions                   (NBF)    = 130
Number of auxiliary basis functions         (NBFAUX) = 164
Inactive Doubly occupied orbitals up to     (NO1)    = 0
No. considered Strongly Doubly occupied MOs (NDOC)   = 9
No. considered Strongly Singly occupied MOs (NSOC)   = 1
NO. of Weakly occ. per St. Doubly occ.  MOs (NCWO)   = 13
Dimension of the Nat. Orb. subspace         (NBF5)   = 127
No. of electrons                                     = 19
    No. of alpha electrons                           = 10
    No. of beta electrons                            = 9
Multiplicity                                         = 2

Geometry
========
 H       0.0000000       0.0000000       1.4858000
Cl       0.0000000       0.0000000       0.0000000
 H       0.0000000       0.0000000      -1.4858000

No violations of the orthonormality
No violations of the orthonormality
 
PNOF7/ADAM Calculation
==================
 
  Nitext  Nit_orb  Time   Nit_occ  Time         Eelec          Etot           Ediff      maxdiff    Grad_orb  Grad_occ
0.001171481130477381
0.0017934263029915354
     1      10    3.2e+01    5    3.3e+01  -472.98551312  -460.69814179 -10471.98551312   0.336366   2.5e+00   1.4e-04 0.09
0.001123828975936103
0.001702335484989701
     2      30    3.8e+01    4    8.3e-02  -473.01087835  -460.72350701    -0.02536522   0.002564   2.0e-02   1.9e-04 0.09
0.00017293548215513432
0.000260207601670641
     3      30    3.9e+01    1    7.4e-02  -473.01092402  -460.72355268    -0.00004567   0.002147   1.7e-02   1.4e-04 0.09
0.0
0.0
     4      30    4.1e+01    0    9.0e-02  -473.01092990  -460.72355856    -0.00000588   0.010467   5.3e-02   1.2e-04 0.09
0.0
0.0
     5      40    5.6e+01    0    3.0e-02  -473.01093957  -460.72356823    -0.00000967   0.000821   6.8e-03   1.2e-04 0.09
0.0
0.0
     6      50    6.4e+01    0    5.2e-02  -473.01094292  -460.72357158    -0.00000335   0.000271   2.3e-03   1.3e-04 0.09
0.0
0.0
     7      49    6.4e+01    0    5.5e-02  -473.01094377  -460.72357243    -0.00000085   0.000096   8.7e-04   1.3e-04 0.09
 
RESULTS OF THE OCCUPATION OPTIMIZATION
========================================
   1    1.9999213  -96.25168176
   2    1.9999810  -19.22459282
   3    1.9994814  -8.06572042
   4    1.9993926  -8.06221806
   5    1.9994211  -8.06161419
   6    1.9845846  -0.98932794
   7    1.9076723  -0.66910793
   8    1.9559640  -0.64870798
   9    1.9306949  -0.51105058
  10    1.0000000  -0.21614828
  11    0.0222086  -0.01090140
  12    0.0182762  -0.01088436
  13    0.0846247  -0.03929314
  14    0.0078336  -0.00569303
  15    0.0002170  -0.00256466
  16    0.0002297  -0.00267982
  17    0.0003073  -0.00340780
  18    0.0000165  -0.00027373
  19    0.0000506  -0.00845904
  20    0.0212635  -0.01130804
  21    0.0154529  -0.00998561
  22    0.0029608  -0.00232737
  23    0.0023607  -0.00227391
  24    0.0002080  -0.00230324
  25    0.0002217  -0.00244156
  26    0.0001960  -0.00210531
  27    0.0000012  -0.00001847
  28    0.0000091  -0.00105305
  29    0.0168430  -0.00860521
  30    0.0081821  -0.00561166
  31    0.0017535  -0.00153986
  32    0.0014398  -0.00148243
  33    0.0001435  -0.00159266
  34    0.0001456  -0.00160364
  35    0.0000043  -0.00005175
  36    0.0000003  -0.00001023
  37    0.0000087  -0.00100208
  38    0.0084558  -0.00512161
  39    0.0006365  -0.00077589
  40    0.0016993  -0.00150384
  41    0.0009731  -0.00111210
  42    0.0000036  -0.00004419
  43    0.0000042  -0.00004917
  44    0.0000027  -0.00002700
  45    0.0000002  -0.00000165
  46    0.0000085  -0.00097670
  47    0.0001990  -0.00027793
  48    0.0006029  -0.00077620
  49    0.0005973  -0.00061962
  50    0.0006561  -0.00084713
  51    0.0000015  -0.00001836
  52    0.0000015  -0.00001905
  53    0.0000026  -0.00002373
  54    0.0000001  -0.00000121
  55    0.0000014  -0.00044344
  56    0.0001063  -0.00015076
  57    0.0003928  -0.00053246
  58    0.0002092  -0.00027604
  59    0.0006134  -0.00074103
  60    0.0000011  -0.00001597
  61    0.0000009  -0.00001102
  62    0.0000013  -0.00001684
  63    0.0000001  -0.00000118
  64    0.0000001  -0.00000110
  65    0.0000516  -0.00008660
  66    0.0002180  -0.00034749
  67    0.0001381  -0.00020920
  68    0.0005943  -0.00076121
  69    0.0000010  -0.00001442
  70    0.0000008  -0.00000962
  71    0.0000010  -0.00001306
  72    0.0000001  -0.00000097
  73    0.0000001  -0.00000083
  74    0.0000420  -0.00007749
  75    0.0000703  -0.00013343
  76    0.0001159  -0.00018947
  77    0.0003846  -0.00057925
  78    0.0000009  -0.00001099
  79    0.0000007  -0.00000592
  80    0.0000010  -0.00001231
  81    0.0000001  -0.00000086
  82    0.0000001  -0.00000068
  83    0.0000352  -0.00005129
  84    0.0000496  -0.00009829
  85    0.0000699  -0.00009670
  86    0.0002848  -0.00044311
  87    0.0000006  -0.00000489
  88    0.0000006  -0.00000555
  89    0.0000008  -0.00000939
  90    0.0000001  -0.00000087
  91    0.0000001  -0.00000057
  92    0.0000328  -0.00006217
  93    0.0000452  -0.00009239
  94    0.0000521  -0.00008561
  95    0.0000900  -0.00017688
  96    0.0000005  -0.00000477
  97    0.0000005  -0.00000479
  98    0.0000005  -0.00000437
  99    0.0000001  -0.00000089
 100    0.0000000  -0.00000033
 101    0.0000261  -0.00005637
 102    0.0000407  -0.00008366
 103    0.0000456  -0.00009109
 104    0.0000698  -0.00014857
 105    0.0000005  -0.00000408
 106    0.0000005  -0.00000417
 107    0.0000004  -0.00000364
 108    0.0000001  -0.00000085
 109    0.0000000  -0.00000031
 110    0.0000227  -0.00005071
 111    0.0000379  -0.00007833
 112    0.0000334  -0.00006799
 113    0.0000602  -0.00011778
 114    0.0000004  -0.00000360
 115    0.0000004  -0.00000394
 116    0.0000004  -0.00000261
 117    0.0000001  -0.00000081
 118    0.0000000  -0.00000029
 119    0.0000186  -0.00004457
 120    0.0000309  -0.00007631
 121    0.0000280  -0.00006328
 122    0.0000552  -0.00011593
 123    0.0000004  -0.00000300
 124    0.0000004  -0.00000278
 125    0.0000004  -0.00000242
 126    0.0000001  -0.00000064
 127    0.0000000  -0.00000029
 
----------------
 Final Energies 
----------------
Final NOF Total Energy =    -460.7235724
 
Total Orbital Internal Iterations = 239
Total Occupation Internal Iterations = 10
 
Elapsed time:  401.29 Seconds

---------------------------------
   Lowdin Population Analysis    
---------------------------------
 Idx  Atom   Population   Charge 
---------------------------------
  1     H     1.247      -0.247
  2    Cl    16.506       0.494
  3     H     1.247      -0.247

---------------------------------
   M Diagnostic: 0.09
---------------------------------

