Computing Integrals
Elapsed time:    3.67 Seconds

Number of basis functions                   (NBF)    = 234
Number of auxiliary basis functions         (NBFAUX) = 222
Inactive Doubly occupied orbitals up to     (NO1)    = 0
No. considered Strongly Doubly occupied MOs (NDOC)   = 8
No. considered Strongly Singly occupied MOs (NSOC)   = 0
NO. of Weakly occ. per St. Doubly occ.  MOs (NCWO)   = 28
Dimension of the Nat. Orb. subspace         (NBF5)   = 232
No. of electrons                                     = 16
    No. of alpha electrons                           = 8
    No. of beta electrons                            = 8
Multiplicity                                         = 1

Geometry
========
 C      -0.6634700       0.0000000       0.0000000
 C       0.6634700       0.0000000       0.0000000
 H      -1.2346000      -0.9225200       0.0000000
 H      -1.2346000       0.9225200       0.0000000
 H       1.2346000       0.9225200       0.0000000
 H       1.2346000      -0.9225200       0.0000000

No violations of the orthonormality
No violations of the orthonormality
 
PNOF7/ADAM Calculation
==================
 
  Nitext  Nit_orb  Time   Nit_occ  Time         Eelec          Etot           Ediff      maxdiff    Grad_orb  Grad_occ
0.0005515532594072559
0.0008201522717083756
     1      10    6.4e+01    3    3.6e+01  -111.71742375   -78.29201679 -10110.71742375   0.073144   1.2e+00   1.5e-04 0.19
0.0005494443886101402
0.0007865774229999337
     2      30    1.2e+02    3    2.6e-01  -111.74164630   -78.31623934    -0.02422255   0.002238   2.1e-02   1.2e-04 0.19
0.0
0.0
     3      30    1.2e+02    0    1.1e-01  -111.74166607   -78.31625912    -0.00001977   0.001899   2.3e-02   1.8e-04 0.19
0.0
0.0
     4      40    1.3e+02    0    1.0e-01  -111.74167600   -78.31626905    -0.00000993   0.000691   7.0e-03   1.7e-04 0.19
0.0
0.0
     5      50    1.8e+02    0    1.1e-01  -111.74167698   -78.31627003    -0.00000098   0.000394   3.5e-03   1.7e-04 0.19
0.0
0.0
     6      60    2.1e+02    0    1.1e-01  -111.74167737   -78.31627041    -0.00000038   0.000116   6.8e-04   1.7e-04 0.19
0.0
0.0
     7      70    2.4e+02    0    1.0e-01  -111.74167743   -78.31627047    -0.00000006   0.000096   7.9e-04   1.7e-04 0.19
 
RESULTS OF THE OCCUPATION OPTIMIZATION
========================================
   1    1.9992879  -11.21473499
   2    1.9992917  -11.21472553
   3    1.9762102  -0.86448655
   4    1.9657373  -0.70030926
   5    1.9655195  -0.70011115
   6    1.9655099  -0.70010840
   7    1.9654289  -0.69988902
   8    1.8102709  -0.39689010
   9    0.1824112  -0.05629010
  10    0.0229658  -0.01657107
  11    0.0229470  -0.01657275
  12    0.0229502  -0.01656786
  13    0.0228397  -0.01654013
  14    0.0150824  -0.01367386
  15    0.0004400  -0.00815071
  16    0.0004437  -0.00817163
  17    0.0064011  -0.00330319
  18    0.0052635  -0.00507127
  19    0.0051602  -0.00502991
  20    0.0051688  -0.00503095
  21    0.0050519  -0.00498387
  22    0.0054899  -0.00581832
  23    0.0000948  -0.00130487
  24    0.0000955  -0.00130893
  25    0.0006528  -0.00054412
  26    0.0032762  -0.00344530
  27    0.0032900  -0.00345085
  28    0.0032812  -0.00344474
  29    0.0033049  -0.00345921
  30    0.0011224  -0.00176404
  31    0.0000877  -0.00123555
  32    0.0000898  -0.00124908
  33    0.0001267  -0.00011051
  34    0.0018516  -0.00216214
  35    0.0018538  -0.00216145
  36    0.0018502  -0.00215942
  37    0.0018628  -0.00216575
  38    0.0009868  -0.00156566
  39    0.0000708  -0.00092872
  40    0.0000692  -0.00091776
  41    0.0000453  -0.00004334
  42    0.0002835  -0.00044059
  43    0.0002922  -0.00044354
  44    0.0002795  -0.00043080
  45    0.0002638  -0.00042232
  46    0.0003198  -0.00057789
  47    0.0000089  -0.00035830
  48    0.0000092  -0.00036119
  49    0.0000238  -0.00002295
  50    0.0002284  -0.00036285
  51    0.0002315  -0.00036531
  52    0.0002333  -0.00036568
  53    0.0002351  -0.00036871
  54    0.0002055  -0.00037072
  55    0.0000016  -0.00002041
  56    0.0000009  -0.00001556
  57    0.0000152  -0.00001304
  58    0.0001506  -0.00026953
  59    0.0001682  -0.00028767
  60    0.0001582  -0.00027594
  61    0.0001562  -0.00027410
  62    0.0001438  -0.00027907
  63    0.0000008  -0.00001874
  64    0.0000007  -0.00003291
  65    0.0000129  -0.00000439
  66    0.0001421  -0.00026211
  67    0.0001388  -0.00024892
  68    0.0001397  -0.00025816
  69    0.0001297  -0.00024213
  70    0.0001355  -0.00030589
  71    0.0000005  -0.00001876
  72    0.0000004  -0.00000317
  73    0.0000083  -0.00000150
  74    0.0001028  -0.00020340
  75    0.0001071  -0.00020644
  76    0.0001039  -0.00020541
  77    0.0001084  -0.00020779
  78    0.0000788  -0.00020648
  79    0.0000004  -0.00000228
  80    0.0000003  -0.00000155
  81    0.0000070  -0.00000219
  82    0.0000706  -0.00016430
  83    0.0000665  -0.00016050
  84    0.0000725  -0.00016453
  85    0.0000735  -0.00016412
  86    0.0000605  -0.00018401
  87    0.0000003  -0.00000148
  88    0.0000002  -0.00000124
  89    0.0000048  -0.00000239
  90    0.0000523  -0.00011487
  91    0.0000530  -0.00012181
  92    0.0000555  -0.00011778
  93    0.0000518  -0.00012114
  94    0.0000261  -0.00008023
  95    0.0000002  -0.00000131
  96    0.0000002  -0.00000127
  97    0.0000038  -0.00000448
  98    0.0000514  -0.00012054
  99    0.0000447  -0.00010417
 100    0.0000520  -0.00012097
 101    0.0000417  -0.00010245
 102    0.0000236  -0.00007032
 103    0.0000002  -0.00000106
 104    0.0000002  -0.00000100
 105    0.0000020  -0.00000134
 106    0.0000342  -0.00008567
 107    0.0000294  -0.00007911
 108    0.0000332  -0.00008522
 109    0.0000298  -0.00008026
 110    0.0000173  -0.00005124
 111    0.0000002  -0.00000083
 112    0.0000002  -0.00000097
 113    0.0000018  -0.00000114
 114    0.0000163  -0.00004403
 115    0.0000196  -0.00005123
 116    0.0000164  -0.00004189
 117    0.0000193  -0.00004856
 118    0.0000149  -0.00004251
 119    0.0000002  -0.00000087
 120    0.0000001  -0.00000095
 121    0.0000016  -0.00000191
 122    0.0000130  -0.00003238
 123    0.0000153  -0.00003533
 124    0.0000137  -0.00004072
 125    0.0000182  -0.00004465
 126    0.0000137  -0.00004247
 127    0.0000002  -0.00000084
 128    0.0000001  -0.00000069
 129    0.0000015  -0.00000191
 130    0.0000110  -0.00003214
 131    0.0000134  -0.00003696
 132    0.0000122  -0.00003130
 133    0.0000124  -0.00003463
 134    0.0000090  -0.00003451
 135    0.0000001  -0.00000085
 136    0.0000001  -0.00000067
 137    0.0000014  -0.00000149
 138    0.0000097  -0.00003099
 139    0.0000122  -0.00003372
 140    0.0000101  -0.00003044
 141    0.0000104  -0.00003062
 142    0.0000077  -0.00003339
 143    0.0000001  -0.00000081
 144    0.0000001  -0.00000063
 145    0.0000011  -0.00000149
 146    0.0000094  -0.00002722
 147    0.0000096  -0.00002885
 148    0.0000085  -0.00002919
 149    0.0000098  -0.00003121
 150    0.0000071  -0.00002550
 151    0.0000001  -0.00000069
 152    0.0000001  -0.00000064
 153    0.0000010  -0.00000158
 154    0.0000081  -0.00002634
 155    0.0000085  -0.00002694
 156    0.0000077  -0.00002570
 157    0.0000076  -0.00002552
 158    0.0000065  -0.00002043
 159    0.0000001  -0.00000077
 160    0.0000001  -0.00000050
 161    0.0000009  -0.00000130
 162    0.0000063  -0.00001917
 163    0.0000055  -0.00001834
 164    0.0000073  -0.00002263
 165    0.0000060  -0.00002117
 166    0.0000056  -0.00001955
 167    0.0000001  -0.00000065
 168    0.0000001  -0.00000054
 169    0.0000008  -0.00000091
 170    0.0000047  -0.00001840
 171    0.0000046  -0.00001754
 172    0.0000062  -0.00001954
 173    0.0000054  -0.00001761
 174    0.0000053  -0.00001830
 175    0.0000001  -0.00000060
 176    0.0000001  -0.00000045
 177    0.0000008  -0.00000078
 178    0.0000038  -0.00001320
 179    0.0000040  -0.00001391
 180    0.0000044  -0.00001868
 181    0.0000050  -0.00001708
 182    0.0000048  -0.00001771
 183    0.0000001  -0.00000065
 184    0.0000001  -0.00000051
 185    0.0000007  -0.00000111
 186    0.0000037  -0.00001269
 187    0.0000038  -0.00001304
 188    0.0000036  -0.00001269
 189    0.0000045  -0.00001668
 190    0.0000047  -0.00001370
 191    0.0000001  -0.00000063
 192    0.0000001  -0.00000042
 193    0.0000007  -0.00000107
 194    0.0000031  -0.00001211
 195    0.0000029  -0.00001172
 196    0.0000035  -0.00001239
 197    0.0000040  -0.00001302
 198    0.0000042  -0.00001486
 199    0.0000001  -0.00000059
 200    0.0000001  -0.00000040
 201    0.0000007  -0.00000102
 202    0.0000030  -0.00000836
 203    0.0000025  -0.00000770
 204    0.0000028  -0.00001177
 205    0.0000034  -0.00001296
 206    0.0000039  -0.00000938
 207    0.0000001  -0.00000062
 208    0.0000001  -0.00000042
 209    0.0000006  -0.00000094
 210    0.0000022  -0.00000567
 211    0.0000023  -0.00000822
 212    0.0000025  -0.00000801
 213    0.0000031  -0.00000865
 214    0.0000036  -0.00000781
 215    0.0000001  -0.00000053
 216    0.0000001  -0.00000036
 217    0.0000005  -0.00000109
 218    0.0000019  -0.00000432
 219    0.0000019  -0.00000465
 220    0.0000021  -0.00000500
 221    0.0000025  -0.00000607
 222    0.0000034  -0.00000863
 223    0.0000001  -0.00000050
 224    0.0000001  -0.00000036
 225    0.0000004  -0.00000105
 226    0.0000017  -0.00000339
 227    0.0000017  -0.00000334
 228    0.0000017  -0.00000359
 229    0.0000016  -0.00000336
 230    0.0000030  -0.00000633
 231    0.0000001  -0.00000049
 232    0.0000001  -0.00000028
 
----------------
 Final Energies 
----------------
Final NOF Total Energy =     -78.3162705
 
Total Orbital Internal Iterations = 290
Total Occupation Internal Iterations = 6
 
Elapsed time: 1146.29 Seconds

---------------------------------
   Lowdin Population Analysis    
---------------------------------
 Idx  Atom   Population   Charge 
---------------------------------
  1     C     5.815       0.185
  2     C     5.815       0.185
  3     H     1.093      -0.093
  4     H     1.093      -0.093
  5     H     1.093      -0.093
  6     H     1.093      -0.093

---------------------------------
   M Diagnostic: 0.19
---------------------------------

