Computing Integrals
Elapsed time:    3.25 Seconds

Number of basis functions                   (NBF)    = 378
Number of auxiliary basis functions         (NBFAUX) = 394
Inactive Doubly occupied orbitals up to     (NO1)    = 0
No. considered Strongly Doubly occupied MOs (NDOC)   = 16
No. considered Strongly Singly occupied MOs (NSOC)   = 0
NO. of Weakly occ. per St. Doubly occ.  MOs (NCWO)   = 22
Dimension of the Nat. Orb. subspace         (NBF5)   = 368
No. of electrons                                     = 32
    No. of alpha electrons                           = 16
    No. of beta electrons                            = 16
Multiplicity                                         = 1

Geometry
========
 C       0.0454900      -0.0029900       1.5226700
 C      -0.0760200       0.2537500       0.0581300
 N      -1.3517500      -0.1452800      -0.4904000
 O       0.7947300       0.7472000      -0.5990800
 H      -1.7522400       0.6727100      -0.9357500
 H      -1.1642900      -0.7790500      -1.2588800
 H      -0.7152400       0.5682100       2.0487600
 H      -0.1671500      -1.0489700       1.7314500
 H       1.0310600       0.2757800       1.8762500

No violations of the orthonormality
No violations of the orthonormality
 
PNOF7/ADAM Calculation
==================
 
  Nitext  Nit_orb  Time   Nit_occ  Time         Eelec          Etot           Ediff      maxdiff    Grad_orb  Grad_occ
0.01052173976947024
0.014911641898214133
     1      10    9.5e+01    8    2.6e+01  -329.62747954  -208.28980230 -10328.62747954   0.121593   3.1e+00   1.8e-04 0.13
0.007749463637381035
0.011022673912316608
     2      30    2.6e+02    6    9.4e-01  -329.83950702  -208.50182978    -0.21202748   0.010545   1.4e-01   2.1e-04 0.14
0.00228879441853079
0.0032575797098343107
     3      30    2.6e+02    5    8.4e-01  -329.84038840  -208.50271116    -0.00088138   0.005813   1.2e-01   1.5e-04 0.15
0.0003187387548726911
0.0005121704519697156
     4      30    2.4e+02    2    5.3e-01  -329.84040597  -208.50272873    -0.00001757   0.005845   1.2e-01   1.8e-04 0.15
0.0
0.0
     5      50    4.4e+02    0    3.3e-01  -329.84095388  -208.50327664    -0.00054791   0.000576   1.1e-02   2.3e-04 0.15
0.0
0.0
     6      60    5.1e+02    0    3.2e-01  -329.84093923  -208.50326199     0.00001465   0.001229   2.1e-02   2.1e-04 0.15
0.0
0.0
     7      90    7.9e+02    0    3.2e-01  -329.84095826  -208.50328102    -0.00001903   0.000176   2.7e-03   2.2e-04 0.15
0.0
0.0
     8     100    8.7e+02    0    3.3e-01  -329.84095806  -208.50328082     0.00000020   0.000262   3.3e-03   2.2e-04 0.15
0.0
0.0
     9      97    8.2e+02    0    3.3e-01  -329.84095855  -208.50328131    -0.00000049   0.000099   1.3e-03   2.2e-04 0.15
 
RESULTS OF THE OCCUPATION OPTIMIZATION
========================================
   1    1.9997125  -20.57405682
   2    1.9995420  -15.56237845
   3    1.9992961  -11.32351514
   4    1.9993018  -11.22799703
   5    1.9792371  -1.15442266
   6    1.9661938  -0.85747667
   7    1.9696658  -0.82061386
   8    1.9695209  -0.81988388
   9    1.9691321  -0.79138578
  10    1.9816190  -0.78884255
  11    1.9810954  -0.78447102
  12    1.9688264  -0.69604954
  13    1.9688674  -0.69576786
  14    1.9695263  -0.69472529
  15    1.9773386  -0.60560827
  16    1.8485125  -0.55863621
  17    0.1484133  -0.06709533
  18    0.0170334  -0.01241479
  19    0.0207641  -0.01548889
  20    0.0214525  -0.01572161
  21    0.0214994  -0.01572341
  22    0.0136724  -0.01275422
  23    0.0134405  -0.01264970
  24    0.0239897  -0.01894851
  25    0.0235407  -0.01949043
  26    0.0235353  -0.01949228
  27    0.0287836  -0.02399475
  28    0.0163187  -0.01922231
  29    0.0004421  -0.00819229
  30    0.0004360  -0.00813526
  31    0.0003115  -0.00796119
  32    0.0002223  -0.00752625
  33    0.0028702  -0.00242855
  34    0.0020620  -0.00237608
  35    0.0045774  -0.00462002
  36    0.0047218  -0.00469676
  37    0.0048119  -0.00474305
  38    0.0020996  -0.00311155
  39    0.0019667  -0.00299277
  40    0.0030297  -0.00356088
  41    0.0034496  -0.00416536
  42    0.0034912  -0.00419344
  43    0.0025349  -0.00332048
  44    0.0026818  -0.00442796
  45    0.0000836  -0.00116622
  46    0.0000879  -0.00122414
  47    0.0000514  -0.00095485
  48    0.0000277  -0.00066820
  49    0.0001452  -0.00014294
  50    0.0012091  -0.00152885
  51    0.0021853  -0.00247676
  52    0.0021791  -0.00242627
  53    0.0020952  -0.00237529
  54    0.0018179  -0.00267858
  55    0.0016587  -0.00256883
  56    0.0018432  -0.00245215
  57    0.0015687  -0.00212656
  58    0.0014683  -0.00205055
  59    0.0013350  -0.00203449
  60    0.0007514  -0.00154620
  61    0.0000798  -0.00110207
  62    0.0000860  -0.00121255
  63    0.0000511  -0.00095414
  64    0.0000229  -0.00053872
  65    0.0000168  -0.00001706
  66    0.0010525  -0.00139676
  67    0.0020668  -0.00239120
  68    0.0018979  -0.00221439
  69    0.0018876  -0.00220450
  70    0.0005454  -0.00106430
  71    0.0005751  -0.00107330
  72    0.0010760  -0.00164740
  73    0.0013740  -0.00189798
  74    0.0012838  -0.00182230
  75    0.0007317  -0.00128527
  76    0.0005580  -0.00126839
  77    0.0000789  -0.00108581
  78    0.0000817  -0.00106539
  79    0.0000359  -0.00067281
  80    0.0000090  -0.00021355
  81    0.0000139  -0.00001419
  82    0.0003188  -0.00052711
  83    0.0001605  -0.00027708
  84    0.0001655  -0.00028002
  85    0.0001653  -0.00027976
  86    0.0001908  -0.00046444
  87    0.0001985  -0.00047826
  88    0.0002904  -0.00048543
  89    0.0001079  -0.00025198
  90    0.0001134  -0.00025674
  91    0.0001297  -0.00026643
  92    0.0001222  -0.00034921
  93    0.0000086  -0.00035483
  94    0.0000091  -0.00035924
  95    0.0000056  -0.00029655
  96    0.0000039  -0.00024780
  97    0.0000093  -0.00000983
  98    0.0003114  -0.00052428
  99    0.0001464  -0.00026546
 100    0.0001535  -0.00026852
 101    0.0001568  -0.00026934
 102    0.0001678  -0.00042180
 103    0.0001551  -0.00040904
 104    0.0002748  -0.00047460
 105    0.0001001  -0.00021820
 106    0.0001016  -0.00022033
 107    0.0000781  -0.00017932
 108    0.0001142  -0.00032141
 109    0.0000020  -0.00001709
 110    0.0000009  -0.00002496
 111    0.0000006  -0.00000800
 112    0.0000002  -0.00000782
 113    0.0000049  -0.00000371
 114    0.0002127  -0.00037957
 115    0.0001255  -0.00022665
 116    0.0001340  -0.00022927
 117    0.0001274  -0.00022604
 118    0.0001402  -0.00035053
 119    0.0001119  -0.00029417
 120    0.0000954  -0.00021550
 121    0.0000790  -0.00019232
 122    0.0000802  -0.00019286
 123    0.0000573  -0.00016465
 124    0.0000633  -0.00024109
 125    0.0000006  -0.00000871
 126    0.0000005  -0.00001902
 127    0.0000003  -0.00001102
 128    0.0000001  -0.00000982
 129    0.0000042  -0.00000433
 130    0.0001824  -0.00036618
 131    0.0001229  -0.00022507
 132    0.0001177  -0.00021687
 133    0.0001151  -0.00021181
 134    0.0001022  -0.00028737
 135    0.0000994  -0.00029410
 136    0.0000581  -0.00013949
 137    0.0000631  -0.00015572
 138    0.0000662  -0.00016112
 139    0.0000385  -0.00011337
 140    0.0000510  -0.00018555
 141    0.0000006  -0.00003148
 142    0.0000003  -0.00000229
 143    0.0000003  -0.00001371
 144    0.0000001  -0.00000085
 145    0.0000033  -0.00000302
 146    0.0001256  -0.00027647
 147    0.0001052  -0.00020366
 148    0.0001017  -0.00019756
 149    0.0001042  -0.00019929
 150    0.0000641  -0.00020944
 151    0.0000727  -0.00024311
 152    0.0000521  -0.00014844
 153    0.0000569  -0.00013685
 154    0.0000588  -0.00013927
 155    0.0000321  -0.00010311
 156    0.0000293  -0.00011008
 157    0.0000004  -0.00000490
 158    0.0000002  -0.00000138
 159    0.0000001  -0.00000134
 160    0.0000001  -0.00000069
 161    0.0000012  -0.00000283
 162    0.0000300  -0.00006646
 163    0.0000619  -0.00015039
 164    0.0000595  -0.00014969
 165    0.0000602  -0.00015064
 166    0.0000228  -0.00006744
 167    0.0000350  -0.00010077
 168    0.0000440  -0.00011784
 169    0.0000404  -0.00012079
 170    0.0000403  -0.00012147
 171    0.0000221  -0.00008215
 172    0.0000183  -0.00008394
 173    0.0000002  -0.00000264
 174    0.0000002  -0.00000135
 175    0.0000001  -0.00000127
 176    0.0000001  -0.00000064
 177    0.0000010  -0.00000292
 178    0.0000209  -0.00006029
 179    0.0000348  -0.00008522
 180    0.0000354  -0.00008428
 181    0.0000342  -0.00008303
 182    0.0000112  -0.00004943
 183    0.0000114  -0.00004866
 184    0.0000258  -0.00006954
 185    0.0000233  -0.00007021
 186    0.0000179  -0.00006315
 187    0.0000149  -0.00004839
 188    0.0000107  -0.00004373
 189    0.0000002  -0.00000160
 190    0.0000001  -0.00000111
 191    0.0000001  -0.00000084
 192    0.0000001  -0.00000061
 193    0.0000006  -0.00000237
 194    0.0000155  -0.00004587
 195    0.0000332  -0.00008511
 196    0.0000287  -0.00007853
 197    0.0000287  -0.00007732
 198    0.0000099  -0.00004547
 199    0.0000095  -0.00004567
 200    0.0000180  -0.00005541
 201    0.0000196  -0.00005840
 202    0.0000151  -0.00005258
 203    0.0000121  -0.00004328
 204    0.0000089  -0.00004254
 205    0.0000002  -0.00000143
 206    0.0000001  -0.00000083
 207    0.0000001  -0.00000066
 208    0.0000001  -0.00000054
 209    0.0000005  -0.00000198
 210    0.0000143  -0.00004741
 211    0.0000290  -0.00007645
 212    0.0000249  -0.00006867
 213    0.0000264  -0.00006938
 214    0.0000095  -0.00003741
 215    0.0000085  -0.00003569
 216    0.0000128  -0.00003812
 217    0.0000145  -0.00004856
 218    0.0000140  -0.00004705
 219    0.0000078  -0.00002674
 220    0.0000074  -0.00003120
 221    0.0000001  -0.00000119
 222    0.0000001  -0.00000084
 223    0.0000001  -0.00000063
 224    0.0000001  -0.00000052
 225    0.0000005  -0.00000185
 226    0.0000120  -0.00003461
 227    0.0000120  -0.00003477
 228    0.0000142  -0.00003695
 229    0.0000117  -0.00003542
 230    0.0000086  -0.00003524
 231    0.0000072  -0.00003669
 232    0.0000106  -0.00003124
 233    0.0000103  -0.00003346
 234    0.0000105  -0.00003348
 235    0.0000058  -0.00002527
 236    0.0000063  -0.00003419
 237    0.0000001  -0.00000112
 238    0.0000001  -0.00000074
 239    0.0000001  -0.00000061
 240    0.0000001  -0.00000050
 241    0.0000005  -0.00000175
 242    0.0000107  -0.00003013
 243    0.0000110  -0.00003339
 244    0.0000097  -0.00003273
 245    0.0000097  -0.00003170
 246    0.0000078  -0.00003205
 247    0.0000053  -0.00002627
 248    0.0000104  -0.00003419
 249    0.0000071  -0.00002950
 250    0.0000071  -0.00003042
 251    0.0000044  -0.00001912
 252    0.0000050  -0.00002597
 253    0.0000001  -0.00000092
 254    0.0000001  -0.00000071
 255    0.0000001  -0.00000059
 256    0.0000001  -0.00000049
 257    0.0000004  -0.00000166
 258    0.0000097  -0.00003065
 259    0.0000089  -0.00002847
 260    0.0000088  -0.00002781
 261    0.0000074  -0.00002582
 262    0.0000071  -0.00003400
 263    0.0000050  -0.00002702
 264    0.0000088  -0.00003041
 265    0.0000057  -0.00002371
 266    0.0000066  -0.00002504
 267    0.0000042  -0.00001533
 268    0.0000042  -0.00002273
 269    0.0000001  -0.00000078
 270    0.0000001  -0.00000066
 271    0.0000001  -0.00000062
 272    0.0000001  -0.00000042
 273    0.0000003  -0.00000145
 274    0.0000083  -0.00003251
 275    0.0000062  -0.00002350
 276    0.0000058  -0.00002335
 277    0.0000068  -0.00002437
 278    0.0000057  -0.00002324
 279    0.0000045  -0.00002239
 280    0.0000057  -0.00002015
 281    0.0000043  -0.00001580
 282    0.0000060  -0.00001888
 283    0.0000034  -0.00001319
 284    0.0000026  -0.00001035
 285    0.0000001  -0.00000077
 286    0.0000001  -0.00000056
 287    0.0000001  -0.00000049
 288    0.0000001  -0.00000046
 289    0.0000003  -0.00000145
 290    0.0000076  -0.00002865
 291    0.0000059  -0.00001947
 292    0.0000053  -0.00001634
 293    0.0000064  -0.00001966
 294    0.0000053  -0.00001820
 295    0.0000041  -0.00001881
 296    0.0000056  -0.00001899
 297    0.0000039  -0.00001329
 298    0.0000047  -0.00001704
 299    0.0000032  -0.00001132
 300    0.0000026  -0.00000938
 301    0.0000001  -0.00000070
 302    0.0000001  -0.00000058
 303    0.0000001  -0.00000048
 304    0.0000001  -0.00000043
 305    0.0000003  -0.00000137
 306    0.0000073  -0.00002798
 307    0.0000049  -0.00001957
 308    0.0000050  -0.00001786
 309    0.0000061  -0.00001788
 310    0.0000050  -0.00002101
 311    0.0000037  -0.00001607
 312    0.0000053  -0.00001807
 313    0.0000030  -0.00001110
 314    0.0000036  -0.00001178
 315    0.0000024  -0.00000915
 316    0.0000021  -0.00000839
 317    0.0000001  -0.00000066
 318    0.0000001  -0.00000051
 319    0.0000001  -0.00000053
 320    0.0000001  -0.00000045
 321    0.0000002  -0.00000114
 322    0.0000062  -0.00001597
 323    0.0000041  -0.00001373
 324    0.0000045  -0.00001631
 325    0.0000051  -0.00001738
 326    0.0000041  -0.00001224
 327    0.0000031  -0.00000964
 328    0.0000047  -0.00001493
 329    0.0000026  -0.00000976
 330    0.0000035  -0.00001109
 331    0.0000019  -0.00000659
 332    0.0000017  -0.00000622
 333    0.0000001  -0.00000055
 334    0.0000001  -0.00000049
 335    0.0000001  -0.00000044
 336    0.0000001  -0.00000044
 337    0.0000002  -0.00000106
 338    0.0000057  -0.00001370
 339    0.0000040  -0.00001263
 340    0.0000036  -0.00001305
 341    0.0000040  -0.00001345
 342    0.0000039  -0.00001400
 343    0.0000029  -0.00000597
 344    0.0000040  -0.00001270
 345    0.0000024  -0.00000972
 346    0.0000032  -0.00001050
 347    0.0000017  -0.00000647
 348    0.0000017  -0.00000458
 349    0.0000001  -0.00000058
 350    0.0000001  -0.00000052
 351    0.0000001  -0.00000054
 352    0.0000001  -0.00000038
 353    0.0000002  -0.00000096
 354    0.0000052  -0.00001007
 355    0.0000037  -0.00001229
 356    0.0000032  -0.00001161
 357    0.0000038  -0.00001350
 358    0.0000033  -0.00000795
 359    0.0000024  -0.00000742
 360    0.0000027  -0.00001010
 361    0.0000021  -0.00000817
 362    0.0000030  -0.00000973
 363    0.0000015  -0.00000478
 364    0.0000014  -0.00000346
 365    0.0000001  -0.00000052
 366    0.0000001  -0.00000047
 367    0.0000001  -0.00000041
 368    0.0000001  -0.00000037
 
----------------
 Final Energies 
----------------
Final NOF Total Energy =    -208.5032813
 
Total Orbital Internal Iterations = 497
Total Occupation Internal Iterations = 21
 
Elapsed time: 4355.86 Seconds

---------------------------------
   Lowdin Population Analysis    
---------------------------------
 Idx  Atom   Population   Charge 
---------------------------------
  1     C     5.784       0.216
  2     C     6.565      -0.565
  3     N     6.464       0.536
  4     O     7.662       0.338
  5     H     1.178      -0.178
  6     H     1.178      -0.178
  7     H     1.055      -0.055
  8     H     1.055      -0.055
  9     H     1.060      -0.060

---------------------------------
   M Diagnostic: 0.15
---------------------------------

