Computing Integrals
Elapsed time:    4.47 Seconds

Number of basis functions                   (NBF)    = 582
Number of auxiliary basis functions         (NBFAUX) = 594
Inactive Doubly occupied orbitals up to     (NO1)    = 0
No. considered Strongly Doubly occupied MOs (NDOC)   = 22
No. considered Strongly Singly occupied MOs (NSOC)   = 0
NO. of Weakly occ. per St. Doubly occ.  MOs (NCWO)   = 25
Dimension of the Nat. Orb. subspace         (NBF5)   = 572
No. of electrons                                     = 44
    No. of alpha electrons                           = 22
    No. of beta electrons                            = 22
Multiplicity                                         = 1

Geometry
========
 C       0.0000000       1.0979800       0.0000000
 C       0.0000000      -1.0979800       0.0000000
 C      -1.0591200       0.0000000       0.0000000
 C       1.0591200       0.0000000       0.0000000
 C      -2.3792900       0.0000000       0.0000000
 C       2.3792900       0.0000000       0.0000000
 H       0.0000000       1.7387400       0.8844800
 H       0.0000000       1.7387400      -0.8844800
 H       0.0000000      -1.7387400       0.8844800
 H       0.0000000      -1.7387400      -0.8844800
 H      -2.9441500      -0.9234900       0.0000000
 H      -2.9441500       0.9234900       0.0000000
 H       2.9441500      -0.9234900       0.0000000
 H       2.9441500       0.9234900       0.0000000

No violations of the orthonormality
No violations of the orthonormality
 
PNOF7/ADAM Calculation
==================
 
  Nitext  Nit_orb  Time   Nit_occ  Time         Eelec          Etot           Ediff      maxdiff    Grad_orb  Grad_occ
0.01815985949791106
0.02597499285459242
     1      10    1.5e+02   10    3.1e+01  -444.05897104  -232.25803194 -10443.05897104   0.103842   3.2e+00   2.6e-04 0.23
0.015344962003841944
0.02192244192591993
     2      30    3.6e+02    7    4.7e+00  -444.33008231  -232.52914320    -0.27111126   0.003849   6.3e-02   2.0e-04 0.20
0.002386165112360464
0.0033827584745944246
     3      30    3.2e+02    5    4.2e+00  -444.33087808  -232.52993897    -0.00079577   0.002821   4.7e-02   2.0e-04 0.19
0.0004381354857339037
0.0006931569913661149
     4      30    3.5e+02    2    3.2e+00  -444.33085456  -232.52991545     0.00002352   0.003075   5.9e-02   1.9e-04 0.19
0.0
0.0
     5      50    6.0e+02    0    2.6e+00  -444.33098570  -232.53004659    -0.00013115   0.000278   3.8e-03   1.8e-04 0.19
0.0
0.0
     6      60    7.1e+02    0    2.4e+00  -444.33098693  -232.53004782    -0.00000123   0.000174   2.1e-03   1.8e-04 0.19
0.0
0.0
     7      65    8.0e+02    0    2.5e+00  -444.33098775  -232.53004864    -0.00000082   0.000098   1.3e-03   1.9e-04 0.19
 
RESULTS OF THE OCCUPATION OPTIMIZATION
========================================
   1    1.9992800  -11.22180914
   2    1.9992798  -11.22179636
   3    1.9992732  -11.21197584
   4    1.9992737  -11.21191569
   5    1.9992925  -11.20504472
   6    1.9992942  -11.20504412
   7    1.9771480  -0.87027650
   8    1.9770086  -0.87018666
   9    1.9613299  -0.71939312
  10    1.9613623  -0.71907915
  11    1.9612309  -0.71863360
  12    1.9612354  -0.71861566
  13    1.9657297  -0.69683200
  14    1.9656947  -0.69678028
  15    1.9657312  -0.69672789
  16    1.9657668  -0.69670786
  17    1.9676742  -0.68896031
  18    1.9676740  -0.68894691
  19    1.9676698  -0.68891039
  20    1.9676539  -0.68884442
  21    1.8033286  -0.38925404
  22    1.8041277  -0.38921182
  23    0.1888895  -0.05815323
  24    0.1901696  -0.05841440
  25    0.0225045  -0.01616510
  26    0.0224655  -0.01614203
  27    0.0224691  -0.01614826
  28    0.0224669  -0.01614733
  29    0.0226884  -0.01633883
  30    0.0226821  -0.01635057
  31    0.0227261  -0.01635708
  32    0.0226906  -0.01635044
  33    0.0319623  -0.02239206
  34    0.0319687  -0.02238222
  35    0.0318433  -0.02233315
  36    0.0318141  -0.02231259
  37    0.0142638  -0.01306883
  38    0.0143127  -0.01308705
  39    0.0004403  -0.00814365
  40    0.0004404  -0.00814375
  41    0.0004393  -0.00813112
  42    0.0004394  -0.00812914
  43    0.0004467  -0.00824286
  44    0.0004469  -0.00824395
  45    0.0054487  -0.00282562
  46    0.0053865  -0.00280709
  47    0.0048913  -0.00478140
  48    0.0048830  -0.00477499
  49    0.0048648  -0.00476691
  50    0.0048722  -0.00477313
  51    0.0053852  -0.00518050
  52    0.0053574  -0.00515566
  53    0.0053728  -0.00517115
  54    0.0053337  -0.00514006
  55    0.0033111  -0.00366959
  56    0.0033017  -0.00367305
  57    0.0033187  -0.00366738
  58    0.0032781  -0.00365258
  59    0.0049970  -0.00545309
  60    0.0049878  -0.00543297
  61    0.0000957  -0.00131447
  62    0.0000955  -0.00131294
  63    0.0000947  -0.00132376
  64    0.0000948  -0.00132524
  65    0.0000937  -0.00130144
  66    0.0000941  -0.00130414
  67    0.0007367  -0.00063644
  68    0.0008340  -0.00069225
  69    0.0020414  -0.00236389
  70    0.0020653  -0.00237554
  71    0.0021029  -0.00239847
  72    0.0020631  -0.00237571
  73    0.0032435  -0.00342418
  74    0.0032610  -0.00343099
  75    0.0032524  -0.00342023
  76    0.0032524  -0.00342300
  77    0.0016984  -0.00220580
  78    0.0017427  -0.00224530
  79    0.0016697  -0.00218905
  80    0.0017254  -0.00222812
  81    0.0012901  -0.00190818
  82    0.0012340  -0.00184186
  83    0.0000879  -0.00123363
  84    0.0000881  -0.00123457
  85    0.0000893  -0.00121088
  86    0.0000905  -0.00117415
  87    0.0000873  -0.00120784
  88    0.0000873  -0.00120798
  89    0.0006888  -0.00040534
  90    0.0001594  -0.00013535
  91    0.0019592  -0.00225508
  92    0.0019471  -0.00224673
  93    0.0019277  -0.00223753
  94    0.0019776  -0.00226276
  95    0.0017509  -0.00206785
  96    0.0017885  -0.00210541
  97    0.0017360  -0.00206340
  98    0.0017576  -0.00209017
  99    0.0010505  -0.00151381
 100    0.0010403  -0.00149358
 101    0.0010441  -0.00150616
 102    0.0010603  -0.00150343
 103    0.0011666  -0.00182846
 104    0.0011764  -0.00183930
 105    0.0000685  -0.00089532
 106    0.0000702  -0.00091601
 107    0.0000891  -0.00115762
 108    0.0000894  -0.00121201
 109    0.0000792  -0.00107601
 110    0.0000788  -0.00107300
 111    0.0000379  -0.00005152
 112    0.0000415  -0.00003256
 113    0.0001804  -0.00030159
 114    0.0001841  -0.00030456
 115    0.0001791  -0.00030053
 116    0.0001749  -0.00029724
 117    0.0002690  -0.00042737
 118    0.0002751  -0.00042790
 119    0.0002743  -0.00043307
 120    0.0002893  -0.00043992
 121    0.0002383  -0.00039436
 122    0.0002192  -0.00037775
 123    0.0002280  -0.00038584
 124    0.0002333  -0.00038791
 125    0.0004340  -0.00071746
 126    0.0003028  -0.00052401
 127    0.0000092  -0.00036131
 128    0.0000091  -0.00036054
 129    0.0000094  -0.00036647
 130    0.0000096  -0.00036751
 131    0.0000089  -0.00036331
 132    0.0000090  -0.00036388
 133    0.0000187  -0.00002236
 134    0.0000210  -0.00001560
 135    0.0001610  -0.00028097
 136    0.0001573  -0.00027735
 137    0.0001594  -0.00027862
 138    0.0001594  -0.00027829
 139    0.0002082  -0.00033602
 140    0.0002295  -0.00036541
 141    0.0002607  -0.00039956
 142    0.0002628  -0.00039606
 143    0.0002160  -0.00037588
 144    0.0002035  -0.00035034
 145    0.0001834  -0.00032303
 146    0.0002105  -0.00037006
 147    0.0001810  -0.00037553
 148    0.0001709  -0.00036246
 149    0.0000010  -0.00002205
 150    0.0000017  -0.00002311
 151    0.0000020  -0.00002270
 152    0.0000009  -0.00002502
 153    0.0000018  -0.00001642
 154    0.0000014  -0.00001439
 155    0.0000130  -0.00000984
 156    0.0000169  -0.00001572
 157    0.0001353  -0.00023877
 158    0.0001398  -0.00024338
 159    0.0001367  -0.00023931
 160    0.0001348  -0.00023829
 161    0.0001362  -0.00024852
 162    0.0001348  -0.00025005
 163    0.0001525  -0.00025820
 164    0.0001434  -0.00025725
 165    0.0000696  -0.00017119
 166    0.0000663  -0.00016661
 167    0.0000679  -0.00015948
 168    0.0000819  -0.00018568
 169    0.0001580  -0.00032112
 170    0.0001485  -0.00030610
 171    0.0000008  -0.00000970
 172    0.0000005  -0.00003184
 173    0.0000005  -0.00003363
 174    0.0000005  -0.00002250
 175    0.0000005  -0.00003119
 176    0.0000005  -0.00003126
 177    0.0000095  -0.00000539
 178    0.0000101  -0.00000521
 179    0.0001278  -0.00023121
 180    0.0001324  -0.00023905
 181    0.0001297  -0.00023144
 182    0.0001285  -0.00023523
 183    0.0001287  -0.00023849
 184    0.0001248  -0.00023432
 185    0.0001278  -0.00023868
 186    0.0001288  -0.00023708
 187    0.0000431  -0.00011115
 188    0.0000463  -0.00011575
 189    0.0000652  -0.00016220
 190    0.0000648  -0.00015585
 191    0.0001484  -0.00029223
 192    0.0001266  -0.00027826
 193    0.0000005  -0.00002210
 194    0.0000003  -0.00000310
 195    0.0000003  -0.00000272
 196    0.0000002  -0.00000166
 197    0.0000004  -0.00000544
 198    0.0000003  -0.00000454
 199    0.0000052  -0.00000467
 200    0.0000090  -0.00000591
 201    0.0001040  -0.00020551
 202    0.0001073  -0.00020847
 203    0.0001040  -0.00020548
 204    0.0001040  -0.00020634
 205    0.0001131  -0.00021700
 206    0.0001070  -0.00020901
 207    0.0001061  -0.00021039
 208    0.0001134  -0.00021439
 209    0.0000388  -0.00010906
 210    0.0000425  -0.00011201
 211    0.0000544  -0.00011682
 212    0.0000466  -0.00010762
 213    0.0000900  -0.00023790
 214    0.0000854  -0.00022785
 215    0.0000003  -0.00000247
 216    0.0000003  -0.00000250
 217    0.0000002  -0.00000160
 218    0.0000002  -0.00000114
 219    0.0000002  -0.00000155
 220    0.0000003  -0.00000206
 221    0.0000044  -0.00000755
 222    0.0000040  -0.00000758
 223    0.0000651  -0.00015485
 224    0.0000687  -0.00015663
 225    0.0000692  -0.00015666
 226    0.0000644  -0.00015421
 227    0.0000792  -0.00016913
 228    0.0000775  -0.00016765
 229    0.0000756  -0.00016764
 230    0.0000733  -0.00016541
 231    0.0000312  -0.00007957
 232    0.0000350  -0.00008297
 233    0.0000288  -0.00009165
 234    0.0000347  -0.00009871
 235    0.0000748  -0.00020580
 236    0.0000776  -0.00020808
 237    0.0000003  -0.00000210
 238    0.0000002  -0.00000177
 239    0.0000002  -0.00000119
 240    0.0000001  -0.00000106
 241    0.0000002  -0.00000124
 242    0.0000002  -0.00000156
 243    0.0000035  -0.00000474
 244    0.0000035  -0.00000617
 245    0.0000367  -0.00009149
 246    0.0000416  -0.00009667
 247    0.0000399  -0.00009483
 248    0.0000392  -0.00009372
 249    0.0000552  -0.00012817
 250    0.0000542  -0.00012325
 251    0.0000561  -0.00012548
 252    0.0000538  -0.00012256
 253    0.0000255  -0.00006427
 254    0.0000274  -0.00006783
 255    0.0000256  -0.00006246
 256    0.0000259  -0.00006188
 257    0.0000439  -0.00009461
 258    0.0000468  -0.00010434
 259    0.0000002  -0.00000143
 260    0.0000002  -0.00000139
 261    0.0000001  -0.00000106
 262    0.0000001  -0.00000099
 263    0.0000001  -0.00000113
 264    0.0000001  -0.00000122
 265    0.0000034  -0.00000364
 266    0.0000029  -0.00000338
 267    0.0000325  -0.00008490
 268    0.0000337  -0.00008694
 269    0.0000340  -0.00008646
 270    0.0000333  -0.00008663
 271    0.0000506  -0.00011043
 272    0.0000490  -0.00010964
 273    0.0000483  -0.00010662
 274    0.0000459  -0.00010655
 275    0.0000168  -0.00005479
 276    0.0000203  -0.00005697
 277    0.0000210  -0.00005577
 278    0.0000215  -0.00005792
 279    0.0000319  -0.00009711
 280    0.0000372  -0.00008955
 281    0.0000002  -0.00000126
 282    0.0000001  -0.00000122
 283    0.0000001  -0.00000105
 284    0.0000001  -0.00000095
 285    0.0000001  -0.00000100
 286    0.0000001  -0.00000100
 287    0.0000024  -0.00000427
 288    0.0000025  -0.00000373
 289    0.0000294  -0.00007821
 290    0.0000317  -0.00008024
 291    0.0000280  -0.00007713
 292    0.0000292  -0.00007803
 293    0.0000334  -0.00008136
 294    0.0000318  -0.00008217
 295    0.0000300  -0.00007811
 296    0.0000302  -0.00008080
 297    0.0000114  -0.00002996
 298    0.0000137  -0.00003463
 299    0.0000146  -0.00003949
 300    0.0000114  -0.00003337
 301    0.0000245  -0.00007621
 302    0.0000251  -0.00008332
 303    0.0000001  -0.00000106
 304    0.0000001  -0.00000089
 305    0.0000001  -0.00000074
 306    0.0000001  -0.00000081
 307    0.0000001  -0.00000082
 308    0.0000001  -0.00000093
 309    0.0000020  -0.00000354
 310    0.0000021  -0.00000380
 311    0.0000182  -0.00004233
 312    0.0000128  -0.00003689
 313    0.0000159  -0.00004067
 314    0.0000158  -0.00004087
 315    0.0000198  -0.00004733
 316    0.0000226  -0.00005179
 317    0.0000167  -0.00004512
 318    0.0000167  -0.00004477
 319    0.0000086  -0.00002620
 320    0.0000074  -0.00002609
 321    0.0000111  -0.00003275
 322    0.0000108  -0.00002988
 323    0.0000189  -0.00004945
 324    0.0000230  -0.00006394
 325    0.0000001  -0.00000095
 326    0.0000001  -0.00000068
 327    0.0000001  -0.00000078
 328    0.0000001  -0.00000070
 329    0.0000001  -0.00000074
 330    0.0000001  -0.00000085
 331    0.0000014  -0.00000322
 332    0.0000016  -0.00000319
 333    0.0000122  -0.00003482
 334    0.0000101  -0.00003213
 335    0.0000118  -0.00003400
 336    0.0000117  -0.00003429
 337    0.0000152  -0.00004060
 338    0.0000136  -0.00003942
 339    0.0000128  -0.00003427
 340    0.0000134  -0.00003494
 341    0.0000077  -0.00002539
 342    0.0000065  -0.00002288
 343    0.0000095  -0.00002609
 344    0.0000089  -0.00002680
 345    0.0000157  -0.00004921
 346    0.0000168  -0.00005206
 347    0.0000001  -0.00000087
 348    0.0000001  -0.00000068
 349    0.0000001  -0.00000073
 350    0.0000001  -0.00000071
 351    0.0000001  -0.00000077
 352    0.0000001  -0.00000073
 353    0.0000012  -0.00000250
 354    0.0000014  -0.00000270
 355    0.0000087  -0.00003029
 356    0.0000098  -0.00003162
 357    0.0000100  -0.00003180
 358    0.0000094  -0.00003120
 359    0.0000100  -0.00003223
 360    0.0000104  -0.00003158
 361    0.0000108  -0.00003185
 362    0.0000130  -0.00003335
 363    0.0000060  -0.00002036
 364    0.0000048  -0.00001856
 365    0.0000081  -0.00002181
 366    0.0000071  -0.00002207
 367    0.0000101  -0.00003391
 368    0.0000155  -0.00004228
 369    0.0000001  -0.00000078
 370    0.0000001  -0.00000071
 371    0.0000001  -0.00000074
 372    0.0000001  -0.00000056
 373    0.0000001  -0.00000075
 374    0.0000001  -0.00000077
 375    0.0000010  -0.00000266
 376    0.0000011  -0.00000244
 377    0.0000079  -0.00002796
 378    0.0000080  -0.00002789
 379    0.0000088  -0.00002874
 380    0.0000076  -0.00002801
 381    0.0000090  -0.00003162
 382    0.0000101  -0.00003103
 383    0.0000091  -0.00003165
 384    0.0000094  -0.00003266
 385    0.0000059  -0.00001973
 386    0.0000046  -0.00001839
 387    0.0000076  -0.00002362
 388    0.0000065  -0.00002161
 389    0.0000088  -0.00003939
 390    0.0000135  -0.00004589
 391    0.0000001  -0.00000074
 392    0.0000001  -0.00000053
 393    0.0000001  -0.00000062
 394    0.0000001  -0.00000058
 395    0.0000001  -0.00000075
 396    0.0000001  -0.00000072
 397    0.0000009  -0.00000234
 398    0.0000009  -0.00000230
 399    0.0000055  -0.00001791
 400    0.0000065  -0.00001920
 401    0.0000080  -0.00002226
 402    0.0000067  -0.00001954
 403    0.0000074  -0.00002834
 404    0.0000093  -0.00003228
 405    0.0000073  -0.00002759
 406    0.0000087  -0.00002986
 407    0.0000046  -0.00001716
 408    0.0000041  -0.00001380
 409    0.0000063  -0.00002032
 410    0.0000063  -0.00002017
 411    0.0000076  -0.00003199
 412    0.0000096  -0.00003324
 413    0.0000001  -0.00000064
 414    0.0000001  -0.00000051
 415    0.0000001  -0.00000063
 416    0.0000001  -0.00000055
 417    0.0000001  -0.00000071
 418    0.0000001  -0.00000063
 419    0.0000008  -0.00000202
 420    0.0000007  -0.00000206
 421    0.0000053  -0.00001847
 422    0.0000057  -0.00002044
 423    0.0000055  -0.00001931
 424    0.0000062  -0.00001925
 425    0.0000068  -0.00002145
 426    0.0000068  -0.00002378
 427    0.0000066  -0.00002603
 428    0.0000080  -0.00002695
 429    0.0000040  -0.00001160
 430    0.0000036  -0.00001110
 431    0.0000057  -0.00001862
 432    0.0000040  -0.00001640
 433    0.0000050  -0.00001924
 434    0.0000078  -0.00002839
 435    0.0000001  -0.00000062
 436    0.0000001  -0.00000047
 437    0.0000001  -0.00000061
 438    0.0000001  -0.00000054
 439    0.0000001  -0.00000061
 440    0.0000001  -0.00000056
 441    0.0000007  -0.00000218
 442    0.0000006  -0.00000184
 443    0.0000044  -0.00001782
 444    0.0000049  -0.00001731
 445    0.0000049  -0.00001746
 446    0.0000055  -0.00001855
 447    0.0000054  -0.00002019
 448    0.0000057  -0.00001975
 449    0.0000063  -0.00002087
 450    0.0000067  -0.00002083
 451    0.0000032  -0.00000913
 452    0.0000024  -0.00000896
 453    0.0000052  -0.00001196
 454    0.0000037  -0.00001034
 455    0.0000047  -0.00001791
 456    0.0000068  -0.00002235
 457    0.0000001  -0.00000060
 458    0.0000001  -0.00000043
 459    0.0000001  -0.00000056
 460    0.0000001  -0.00000050
 461    0.0000001  -0.00000059
 462    0.0000001  -0.00000055
 463    0.0000006  -0.00000184
 464    0.0000005  -0.00000178
 465    0.0000041  -0.00001445
 466    0.0000042  -0.00001493
 467    0.0000043  -0.00001521
 468    0.0000042  -0.00001568
 469    0.0000049  -0.00001921
 470    0.0000051  -0.00001831
 471    0.0000043  -0.00001766
 472    0.0000052  -0.00002052
 473    0.0000029  -0.00000760
 474    0.0000022  -0.00000631
 475    0.0000043  -0.00001116
 476    0.0000036  -0.00000974
 477    0.0000044  -0.00001632
 478    0.0000065  -0.00001853
 479    0.0000001  -0.00000054
 480    0.0000001  -0.00000035
 481    0.0000001  -0.00000050
 482    0.0000001  -0.00000045
 483    0.0000001  -0.00000058
 484    0.0000001  -0.00000046
 485    0.0000005  -0.00000177
 486    0.0000005  -0.00000167
 487    0.0000039  -0.00001421
 488    0.0000031  -0.00001258
 489    0.0000038  -0.00001439
 490    0.0000040  -0.00001500
 491    0.0000040  -0.00001361
 492    0.0000037  -0.00001683
 493    0.0000038  -0.00001687
 494    0.0000044  -0.00001453
 495    0.0000023  -0.00000661
 496    0.0000021  -0.00000596
 497    0.0000041  -0.00001028
 498    0.0000031  -0.00000892
 499    0.0000037  -0.00001509
 500    0.0000057  -0.00001843
 501    0.0000001  -0.00000048
 502    0.0000001  -0.00000037
 503    0.0000001  -0.00000048
 504    0.0000001  -0.00000042
 505    0.0000001  -0.00000054
 506    0.0000001  -0.00000050
 507    0.0000005  -0.00000171
 508    0.0000004  -0.00000165
 509    0.0000031  -0.00001135
 510    0.0000030  -0.00001081
 511    0.0000030  -0.00001168
 512    0.0000027  -0.00001145
 513    0.0000038  -0.00001360
 514    0.0000032  -0.00001414
 515    0.0000034  -0.00001283
 516    0.0000037  -0.00001343
 517    0.0000022  -0.00000610
 518    0.0000017  -0.00000473
 519    0.0000041  -0.00000957
 520    0.0000029  -0.00000763
 521    0.0000035  -0.00001311
 522    0.0000054  -0.00001725
 523    0.0000001  -0.00000047
 524    0.0000001  -0.00000036
 525    0.0000001  -0.00000042
 526    0.0000001  -0.00000044
 527    0.0000001  -0.00000052
 528    0.0000001  -0.00000046
 529    0.0000005  -0.00000161
 530    0.0000004  -0.00000140
 531    0.0000021  -0.00000854
 532    0.0000025  -0.00000930
 533    0.0000029  -0.00001106
 534    0.0000025  -0.00001014
 535    0.0000030  -0.00001364
 536    0.0000030  -0.00001222
 537    0.0000029  -0.00001284
 538    0.0000035  -0.00001375
 539    0.0000021  -0.00000523
 540    0.0000013  -0.00000368
 541    0.0000036  -0.00000830
 542    0.0000024  -0.00000698
 543    0.0000029  -0.00001166
 544    0.0000053  -0.00001611
 545    0.0000001  -0.00000044
 546    0.0000000  -0.00000034
 547    0.0000001  -0.00000044
 548    0.0000001  -0.00000045
 549    0.0000001  -0.00000048
 550    0.0000001  -0.00000042
 551    0.0000003  -0.00000144
 552    0.0000003  -0.00000144
 553    0.0000020  -0.00000647
 554    0.0000021  -0.00000583
 555    0.0000027  -0.00000960
 556    0.0000022  -0.00000849
 557    0.0000023  -0.00000863
 558    0.0000028  -0.00000939
 559    0.0000027  -0.00000927
 560    0.0000026  -0.00000942
 561    0.0000019  -0.00000411
 562    0.0000010  -0.00000293
 563    0.0000035  -0.00000749
 564    0.0000022  -0.00000490
 565    0.0000024  -0.00000886
 566    0.0000044  -0.00001445
 567    0.0000001  -0.00000043
 568    0.0000000  -0.00000035
 569    0.0000001  -0.00000042
 570    0.0000001  -0.00000042
 571    0.0000001  -0.00000048
 572    0.0000001  -0.00000043
 
----------------
 Final Energies 
----------------
Final NOF Total Energy =    -232.5300486
 
Total Orbital Internal Iterations = 275
Total Occupation Internal Iterations = 24
 
Elapsed time: 3417.20 Seconds

---------------------------------
   Lowdin Population Analysis    
---------------------------------
 Idx  Atom   Population   Charge 
---------------------------------
  1     C     5.844       0.156
  2     C     5.844       0.156
  3     C     6.078      -0.078
  4     C     6.079      -0.079
  5     C     5.789       0.211
  6     C     5.788       0.212
  7     H     1.055      -0.055
  8     H     1.055      -0.055
  9     H     1.055      -0.055
 10     H     1.055      -0.055
 11     H     1.089      -0.089
 12     H     1.089      -0.089
 13     H     1.089      -0.089
 14     H     1.089      -0.089

---------------------------------
   M Diagnostic: 0.19
---------------------------------

