Computing Integrals
Elapsed time:    3.20 Seconds

Number of basis functions                   (NBF)    = 140
Number of auxiliary basis functions         (NBFAUX) = 256
Inactive Doubly occupied orbitals up to     (NO1)    = 0
No. considered Strongly Doubly occupied MOs (NDOC)   = 17
No. considered Strongly Singly occupied MOs (NSOC)   = 1
NO. of Weakly occ. per St. Doubly occ.  MOs (NCWO)   = 7
Dimension of the Nat. Orb. subspace         (NBF5)   = 137
No. of electrons                                     = 35
    No. of alpha electrons                           = 18
    No. of beta electrons                            = 17
Multiplicity                                         = 2

Geometry
========
Cl       0.0000000       0.0000000       1.3665000
Cl       0.0000000       0.0000000      -1.3665000

No violations of the orthonormality
No violations of the orthonormality
 
PNOF7/ADAM Calculation
==================
 
  Nitext  Nit_orb  Time   Nit_occ  Time         Eelec          Etot           Ediff      maxdiff    Grad_orb  Grad_occ
0.000480091234814347
0.001256218673046781
     1      10    3.5e+01    3    3.1e+01  -975.21732872  -919.25980939 -10974.21732872   0.284447   4.1e+00   2.0e-04 0.05
0.0005206729874159596
0.000992041107638781
     2      30    4.8e+01    3    6.8e-02  -975.31610380  -919.35858447    -0.09877508   0.014598   1.7e-01   1.8e-04 0.05
0.00018885544182304682
0.0005307950163128988
     3      30    4.7e+01    3    7.0e-02  -975.31853910  -919.36101977    -0.00243530   0.002550   3.0e-02   1.4e-04 0.05
0.00019235392300565035
0.0004063524371343041
     4      30    4.6e+01    1    8.9e-02  -975.31855793  -919.36103860    -0.00001883   0.005549   5.8e-02   1.6e-04 0.05
0.0
0.0
     5      30    4.7e+01    0    3.0e-02  -975.31863980  -919.36112047    -0.00008187   0.003862   4.9e-02   2.0e-04 0.05
0.0
0.0
     6      40    6.2e+01    0    4.3e-02  -975.31867699  -919.36115766    -0.00003719   0.002757   3.7e-02   1.9e-04 0.05
0.0
0.0
     7      50    7.8e+01    0    3.2e-02  -975.31875120  -919.36123187    -0.00007421   0.001504   2.2e-02   2.2e-04 0.05
0.0
0.0
     8      60    9.5e+01    0    2.7e-02  -975.31876197  -919.36124264    -0.00001077   0.003608   2.1e-02   1.9e-04 0.05
0.0001699051387047401
0.0003279950152888248
     9      70    1.2e+02    1    6.5e-02  -975.31879293  -919.36127360    -0.00003096   0.000657   7.5e-03   1.8e-04 0.05
0.0
0.0
    10      70    1.3e+02    0    1.9e-01  -975.31878324  -919.36126391     0.00000968   0.001096   1.3e-02   1.6e-04 0.05
0.0
0.0
    11     100    1.7e+02    0    3.8e-02  -975.31880934  -919.36129001    -0.00002610   0.002611   1.6e-02   2.0e-04 0.05
0.0
0.0
    12     100    1.6e+02    0    4.2e-02  -975.31880995  -919.36129062    -0.00000061   0.000094   9.7e-04   2.0e-04 0.05
 
RESULTS OF THE OCCUPATION OPTIMIZATION
========================================
   1    1.9999407  -102.30638178
   2    1.9999226  -95.41760039
   3    1.9999875  -19.50851140
   4    1.9998247  -11.10347769
   5    1.9996764  -9.37637653
   6    1.9992569  -7.81149976
   7    1.9993644  -7.81087998
   8    1.9992184  -7.79469732
   9    1.9994102  -7.78779887
  10    1.9995376  -7.78464365
  11    1.9788080  -0.54113202
  12    1.9719401  -0.53691701
  13    1.9695622  -0.51391506
  14    1.9688809  -0.44809122
  15    1.9413640  -0.32985154
  16    1.9449347  -0.32577289
  17    1.9366512  -0.30161731
  18    1.0000000  -0.14920437
  19    0.0397675  -0.00707508
  20    0.0182660  -0.00862530
  21    0.0193059  -0.00925425
  22    0.0162273  -0.00862329
  23    0.0149485  -0.00860764
  24    0.0152154  -0.00884267
  25    0.0154984  -0.00826671
  26    0.0002335  -0.00256723
  27    0.0002238  -0.00262993
  28    0.0003026  -0.00333530
  29    0.0002446  -0.00262564
  30    0.0002382  -0.00258135
  31    0.0003096  -0.00345879
  32    0.0001658  -0.00206505
  33    0.0000029  -0.00003762
  34    0.0000492  -0.00827867
  35    0.0000370  -0.00695209
  36    0.0211865  -0.00454867
  37    0.0154648  -0.00735869
  38    0.0167849  -0.00791381
  39    0.0117906  -0.00643461
  40    0.0127142  -0.00750021
  41    0.0096333  -0.00594219
  42    0.0020028  -0.00177699
  43    0.0002135  -0.00235996
  44    0.0002092  -0.00221087
  45    0.0001810  -0.00195469
  46    0.0002288  -0.00263149
  47    0.0001953  -0.00252224
  48    0.0000045  -0.00003919
  49    0.0000023  -0.00002466
  50    0.0000023  -0.00002372
  51    0.0000095  -0.00108415
  52    0.0000124  -0.00151860
  53    0.0009262  -0.00058076
  54    0.0126792  -0.00590065
  55    0.0134298  -0.00611886
  56    0.0012506  -0.00126711
  57    0.0009926  -0.00112353
  58    0.0010211  -0.00115631
  59    0.0011137  -0.00119994
  60    0.0000056  -0.00006137
  61    0.0001440  -0.00156640
  62    0.0001461  -0.00157541
  63    0.0001487  -0.00160599
  64    0.0001428  -0.00156932
  65    0.0000027  -0.00002932
  66    0.0000021  -0.00002507
  67    0.0000019  -0.00002112
  68    0.0000086  -0.00098077
  69    0.0000085  -0.00103365
  70    0.0008097  -0.00055960
  71    0.0085019  -0.00437354
  72    0.0087786  -0.00445629
  73    0.0007595  -0.00085724
  74    0.0006816  -0.00082271
  75    0.0007240  -0.00088123
  76    0.0008120  -0.00093671
  77    0.0000033  -0.00003703
  78    0.0000048  -0.00005519
  79    0.0001415  -0.00154091
  80    0.0000052  -0.00005692
  81    0.0001412  -0.00155477
  82    0.0000020  -0.00002256
  83    0.0000015  -0.00002033
  84    0.0000015  -0.00001779
  85    0.0000085  -0.00096671
  86    0.0000011  -0.00034131
  87    0.0005665  -0.00045997
  88    0.0000837  -0.00010102
  89    0.0001747  -0.00020985
  90    0.0006001  -0.00068238
  91    0.0005344  -0.00068153
  92    0.0006710  -0.00083078
  93    0.0007071  -0.00083273
  94    0.0000026  -0.00002942
  95    0.0000037  -0.00003849
  96    0.0000043  -0.00004769
  97    0.0000032  -0.00003465
  98    0.0000166  -0.00039146
  99    0.0000018  -0.00002283
 100    0.0000013  -0.00001650
 101    0.0000014  -0.00001672
 102    0.0000014  -0.00043596
 103    0.0000001  -0.00000444
 104    0.0000491  -0.00008626
 105    0.0000365  -0.00007713
 106    0.0001143  -0.00015857
 107    0.0003867  -0.00047953
 108    0.0004752  -0.00059813
 109    0.0004736  -0.00059063
 110    0.0006351  -0.00074021
 111    0.0000021  -0.00002211
 112    0.0000023  -0.00002364
 113    0.0000035  -0.00003213
 114    0.0000027  -0.00003032
 115    0.0000053  -0.00005935
 116    0.0000016  -0.00001925
 117    0.0000012  -0.00001568
 118    0.0000013  -0.00001569
 119    0.0000001  -0.00000404
 120    0.0000001  -0.00000371
 121    0.0000432  -0.00007570
 122    0.0000332  -0.00006871
 123    0.0000478  -0.00006744
 124    0.0001042  -0.00017566
 125    0.0000913  -0.00016837
 126    0.0003216  -0.00037476
 127    0.0004228  -0.00048817
 128    0.0000018  -0.00002001
 129    0.0000021  -0.00002223
 130    0.0000027  -0.00002706
 131    0.0000025  -0.00002268
 132    0.0000037  -0.00003764
 133    0.0000014  -0.00001743
 134    0.0000011  -0.00001495
 135    0.0000011  -0.00001952
 136    0.0000001  -0.00000419
 137    0.0000001  -0.00000298
 
----------------
 Final Energies 
----------------
Final NOF Total Energy =    -919.3612906
 
Total Orbital Internal Iterations = 620
Total Occupation Internal Iterations = 11
 
Elapsed time: 1100.82 Seconds

---------------------------------
   Lowdin Population Analysis    
---------------------------------
 Idx  Atom   Population   Charge 
---------------------------------
  1    Cl    17.444      -0.444
  2    Cl    17.556      -0.556

---------------------------------
   M Diagnostic: 0.05
---------------------------------

