Computing Integrals
Elapsed time:    5.83 Seconds

Number of basis functions                   (NBF)    = 696
Number of auxiliary basis functions         (NBFAUX) = 744
Inactive Doubly occupied orbitals up to     (NO1)    = 0
No. considered Strongly Doubly occupied MOs (NDOC)   = 28
No. considered Strongly Singly occupied MOs (NSOC)   = 0
NO. of Weakly occ. per St. Doubly occ.  MOs (NCWO)   = 23
Dimension of the Nat. Orb. subspace         (NBF5)   = 672
No. of electrons                                     = 56
    No. of alpha electrons                           = 28
    No. of beta electrons                            = 28
Multiplicity                                         = 1

Geometry
========
 C       0.8347100       1.0936500      -1.0603000
 H       1.4835500       1.9584700      -1.0766000
 C       1.3822800      -0.1881700      -1.0312500
 H       2.4557800      -0.3175000      -1.0252400
 C       0.5455700      -1.3030500      -1.0043700
 H       0.9700100      -2.2971900      -0.9774300
 C      -0.8385700      -1.1362100      -1.0067400
 H      -1.4874600      -2.0007800      -0.9816100
 C      -1.3860700       0.1456400      -1.0357000
 H      -2.4595500       0.2752500      -1.0327600
 C      -0.5494100       1.2605400      -1.0623300
 H      -0.9740500       2.2547900      -1.0801400
 C       0.0039500       0.0539400       2.4881500
 H       0.0009400       0.0363900       1.4240700
 C       0.0076100       0.0735200       3.7005200
 H       0.0107200       0.0907000       4.7617200

No violations of the orthonormality
No violations of the orthonormality
 
PNOF7/ADAM Calculation
==================
 
  Nitext  Nit_orb  Time   Nit_occ  Time         Eelec          Etot           Ediff      maxdiff    Grad_orb  Grad_occ
0.019433332304782766
0.037440312477060075
     1      10    1.3e+02   23    3.9e+01  -608.48627254  -307.52131989 -10607.48627254   0.521051   6.4e+00   1.9e-04 0.35
0.014493067987441682
0.028086720591470254
     2      30    3.5e+02   12    8.7e+00  -609.41662040  -308.45166775    -0.93034786   0.010856   1.7e-01   2.1e-04 0.32
0.0028761464277037158
0.005155794732707464
     3      30    3.5e+02    5    5.5e+00  -609.41974889  -308.45479624    -0.00312849   0.004656   1.1e-01   2.7e-04 0.31
0.0016340985565334587
0.0023941039105253364
     4      30    3.7e+02    5    5.5e+00  -609.41971634  -308.45476369     0.00003255   0.004049   1.3e-01   2.1e-04 0.31
0.0011870891645380244
0.0017313972085950774
     5      50    6.0e+02    1    3.7e+00  -609.42025945  -308.45530680    -0.00054311   0.000372   9.5e-03   2.2e-04 0.31
0.0008633591016433684
0.0012981511519748166
     6      50    5.9e+02    1    3.7e+00  -609.42026433  -308.45531167    -0.00000488   0.000701   1.3e-02   2.1e-04 0.31
0.0006759275396507336
0.0010314165745446305
     7      50    5.9e+02    1    3.7e+00  -609.42026636  -308.45531371    -0.00000204   0.000859   1.6e-02   2.1e-04 0.31
0.0005014824516448718
0.0007486556820559324
     8      67    7.9e+02    5    5.5e+00  -609.42027792  -308.45532526    -0.00001155   0.000096   2.2e-03   1.6e-04 0.31
 
RESULTS OF THE OCCUPATION OPTIMIZATION
========================================
   1    1.9992903  -11.22333583
   2    1.9992944  -11.22254080
   3    1.9992735  -11.22055202
   4    1.9992813  -11.22007563
   5    1.9992848  -11.21954565
   6    1.9992841  -11.21909616
   7    1.9992946  -11.21147759
   8    1.9992936  -11.21058427
   9    1.9821200  -0.97338781
  10    1.9719348  -0.83356555
  11    1.9735791  -0.83338275
  12    1.9721024  -0.83287528
  13    1.9712288  -0.83199356
  14    1.9703280  -0.83121288
  15    1.9706546  -0.83084176
  16    1.9638356  -0.76258526
  17    1.9634478  -0.75857963
  18    1.9646873  -0.70874895
  19    1.9667781  -0.70845014
  20    1.9653668  -0.70843747
  21    1.9666134  -0.70732356
  22    1.9652276  -0.70731317
  23    1.9643560  -0.70703125
  24    1.8790366  -0.46001343
  25    1.8519650  -0.41723230
  26    1.8513254  -0.41718009
  27    1.8042533  -0.41607564
  28    1.6844666  -0.34993734
  29    0.3143545  -0.07851078
  30    0.1896007  -0.05672326
  31    0.1364092  -0.04572409
  32    0.1357601  -0.04552388
  33    0.1140964  -0.03735368
  34    0.0240929  -0.01727630
  35    0.0234414  -0.01695852
  36    0.0225819  -0.01650594
  37    0.0233903  -0.01692105
  38    0.0224272  -0.01644104
  39    0.0239337  -0.01718759
  40    0.0246431  -0.01788486
  41    0.0241413  -0.01761948
  42    0.0200491  -0.01673149
  43    0.0197457  -0.01657222
  44    0.0191276  -0.01617951
  45    0.0193594  -0.01633593
  46    0.0188202  -0.01591987
  47    0.0200783  -0.01670844
  48    0.0097494  -0.00967825
  49    0.0004358  -0.00807878
  50    0.0004371  -0.00808999
  51    0.0004401  -0.00814119
  52    0.0004382  -0.00812510
  53    0.0004380  -0.00812355
  54    0.0004393  -0.00813440
  55    0.0004363  -0.00810181
  56    0.0004353  -0.00809483
  57    0.0008137  -0.00051091
  58    0.0043701  -0.00237298
  59    0.0072875  -0.00381594
  60    0.0072036  -0.00377721
  61    0.0057473  -0.00280009
  62    0.0050855  -0.00503887
  63    0.0049656  -0.00494146
  64    0.0047831  -0.00483008
  65    0.0049218  -0.00492322
  66    0.0047770  -0.00481546
  67    0.0050834  -0.00504449
  68    0.0045659  -0.00462195
  69    0.0048626  -0.00480135
  70    0.0044165  -0.00491372
  71    0.0043179  -0.00485023
  72    0.0041705  -0.00473824
  73    0.0042870  -0.00480470
  74    0.0042080  -0.00473080
  75    0.0044932  -0.00496670
  76    0.0048557  -0.00514201
  77    0.0001038  -0.00146395
  78    0.0001033  -0.00146281
  79    0.0000994  -0.00137081
  80    0.0000985  -0.00136220
  81    0.0000981  -0.00135832
  82    0.0000986  -0.00136313
  83    0.0000971  -0.00134336
  84    0.0000968  -0.00134032
  85    0.0001830  -0.00013092
  86    0.0015035  -0.00099003
  87    0.0044850  -0.00278883
  88    0.0044827  -0.00278261
  89    0.0008026  -0.00056975
  90    0.0034568  -0.00364572
  91    0.0033871  -0.00359708
  92    0.0031088  -0.00335520
  93    0.0032699  -0.00351308
  94    0.0030411  -0.00331229
  95    0.0032609  -0.00353337
  96    0.0027045  -0.00303843
  97    0.0027196  -0.00305160
  98    0.0025663  -0.00331431
  99    0.0032938  -0.00384562
 100    0.0032067  -0.00373786
 101    0.0019999  -0.00274238
 102    0.0012932  -0.00195073
 103    0.0011779  -0.00182245
 104    0.0008239  -0.00138735
 105    0.0000783  -0.00101804
 106    0.0000774  -0.00100225
 107    0.0000901  -0.00125587
 108    0.0000901  -0.00125488
 109    0.0000895  -0.00125004
 110    0.0000897  -0.00125159
 111    0.0000882  -0.00123471
 112    0.0000887  -0.00123734
 113    0.0001048  -0.00007440
 114    0.0001254  -0.00011016
 115    0.0002298  -0.00024543
 116    0.0002242  -0.00023504
 117    0.0001257  -0.00012213
 118    0.0018632  -0.00219181
 119    0.0018586  -0.00219504
 120    0.0018500  -0.00219329
 121    0.0018475  -0.00219110
 122    0.0018466  -0.00219620
 123    0.0018695  -0.00220481
 124    0.0026959  -0.00302647
 125    0.0027187  -0.00304499
 126    0.0010205  -0.00160550
 127    0.0010217  -0.00161351
 128    0.0010109  -0.00160418
 129    0.0010292  -0.00161480
 130    0.0010162  -0.00160962
 131    0.0010318  -0.00162671
 132    0.0008126  -0.00135979
 133    0.0000754  -0.00098632
 134    0.0000746  -0.00097137
 135    0.0000729  -0.00095047
 136    0.0000750  -0.00097854
 137    0.0000801  -0.00103866
 138    0.0000853  -0.00111058
 139    0.0000713  -0.00092949
 140    0.0000762  -0.00099744
 141    0.0000232  -0.00001883
 142    0.0000371  -0.00004754
 143    0.0001687  -0.00018870
 144    0.0001532  -0.00015668
 145    0.0000525  -0.00006392
 146    0.0003185  -0.00049684
 147    0.0003029  -0.00047183
 148    0.0002673  -0.00042864
 149    0.0003034  -0.00047265
 150    0.0002845  -0.00043946
 151    0.0003225  -0.00049721
 152    0.0005688  -0.00080167
 153    0.0004808  -0.00071063
 154    0.0004737  -0.00073630
 155    0.0004854  -0.00074385
 156    0.0004233  -0.00066759
 157    0.0003916  -0.00064015
 158    0.0003317  -0.00056455
 159    0.0003799  -0.00062201
 160    0.0003182  -0.00054740
 161    0.0000098  -0.00036667
 162    0.0000100  -0.00036770
 163    0.0000097  -0.00036929
 164    0.0000094  -0.00036589
 165    0.0000095  -0.00036602
 166    0.0000099  -0.00036807
 167    0.0000093  -0.00036159
 168    0.0000094  -0.00036226
 169    0.0000112  -0.00001063
 170    0.0000290  -0.00003234
 171    0.0000257  -0.00002538
 172    0.0000648  -0.00010055
 173    0.0000341  -0.00004825
 174    0.0001634  -0.00029610
 175    0.0001538  -0.00027801
 176    0.0001770  -0.00030477
 177    0.0002255  -0.00037373
 178    0.0002062  -0.00034460
 179    0.0001647  -0.00029199
 180    0.0005274  -0.00075899
 181    0.0004374  -0.00066426
 182    0.0003277  -0.00055559
 183    0.0003119  -0.00054087
 184    0.0003034  -0.00052721
 185    0.0003221  -0.00055386
 186    0.0002862  -0.00049764
 187    0.0003752  -0.00061911
 188    0.0002604  -0.00043530
 189    0.0000009  -0.00003652
 190    0.0000008  -0.00003965
 191    0.0000012  -0.00002154
 192    0.0000016  -0.00002104
 193    0.0000010  -0.00001607
 194    0.0000010  -0.00001768
 195    0.0000009  -0.00001444
 196    0.0000011  -0.00001747
 197    0.0000065  -0.00001263
 198    0.0000221  -0.00002822
 199    0.0000196  -0.00001766
 200    0.0000632  -0.00009971
 201    0.0000215  -0.00002521
 202    0.0001389  -0.00026327
 203    0.0001339  -0.00025010
 204    0.0001231  -0.00023411
 205    0.0001325  -0.00024905
 206    0.0001262  -0.00023941
 207    0.0001372  -0.00025450
 208    0.0001986  -0.00032671
 209    0.0001808  -0.00029940
 210    0.0001022  -0.00025540
 211    0.0001079  -0.00025402
 212    0.0001073  -0.00022862
 213    0.0001192  -0.00027387
 214    0.0001185  -0.00027965
 215    0.0001321  -0.00030182
 216    0.0002491  -0.00039986
 217    0.0000005  -0.00000841
 218    0.0000006  -0.00000725
 219    0.0000005  -0.00003131
 220    0.0000005  -0.00003261
 221    0.0000006  -0.00003271
 222    0.0000007  -0.00002536
 223    0.0000006  -0.00003292
 224    0.0000005  -0.00003181
 225    0.0000040  -0.00001095
 226    0.0000137  -0.00001326
 227    0.0000129  -0.00001992
 228    0.0000241  -0.00002414
 229    0.0000138  -0.00002490
 230    0.0001225  -0.00023936
 231    0.0001249  -0.00024335
 232    0.0001176  -0.00023583
 233    0.0001275  -0.00024503
 234    0.0001234  -0.00023912
 235    0.0001253  -0.00024430
 236    0.0001654  -0.00028731
 237    0.0001546  -0.00031295
 238    0.0000979  -0.00021806
 239    0.0000834  -0.00019486
 240    0.0000877  -0.00021095
 241    0.0000998  -0.00021898
 242    0.0000880  -0.00020428
 243    0.0000946  -0.00021882
 244    0.0001684  -0.00033260
 245    0.0000003  -0.00000859
 246    0.0000003  -0.00000715
 247    0.0000004  -0.00000680
 248    0.0000004  -0.00000671
 249    0.0000004  -0.00000822
 250    0.0000005  -0.00001751
 251    0.0000004  -0.00000829
 252    0.0000004  -0.00000669
 253    0.0000036  -0.00000974
 254    0.0000093  -0.00001352
 255    0.0000075  -0.00001925
 256    0.0000112  -0.00001964
 257    0.0000101  -0.00001733
 258    0.0001073  -0.00021011
 259    0.0001086  -0.00021439
 260    0.0001001  -0.00020274
 261    0.0001171  -0.00022156
 262    0.0001063  -0.00020997
 263    0.0001101  -0.00021780
 264    0.0001404  -0.00030037
 265    0.0001445  -0.00026073
 266    0.0000749  -0.00020912
 267    0.0000771  -0.00020615
 268    0.0000782  -0.00018429
 269    0.0000800  -0.00020966
 270    0.0000702  -0.00019450
 271    0.0000763  -0.00020771
 272    0.0001626  -0.00032716
 273    0.0000003  -0.00000443
 274    0.0000002  -0.00000217
 275    0.0000002  -0.00000220
 276    0.0000002  -0.00000213
 277    0.0000003  -0.00000319
 278    0.0000003  -0.00000255
 279    0.0000003  -0.00000258
 280    0.0000001  -0.00000170
 281    0.0000034  -0.00000890
 282    0.0000080  -0.00001499
 283    0.0000057  -0.00001371
 284    0.0000075  -0.00001905
 285    0.0000071  -0.00001459
 286    0.0000731  -0.00016765
 287    0.0000708  -0.00016422
 288    0.0000701  -0.00016334
 289    0.0000717  -0.00016421
 290    0.0000685  -0.00016101
 291    0.0000715  -0.00016453
 292    0.0000864  -0.00018556
 293    0.0000837  -0.00017876
 294    0.0000548  -0.00016402
 295    0.0000588  -0.00015206
 296    0.0000679  -0.00019149
 297    0.0000640  -0.00017883
 298    0.0000562  -0.00016732
 299    0.0000538  -0.00016341
 300    0.0001274  -0.00027697
 301    0.0000002  -0.00000183
 302    0.0000001  -0.00000140
 303    0.0000002  -0.00000157
 304    0.0000002  -0.00000181
 305    0.0000002  -0.00000155
 306    0.0000001  -0.00000154
 307    0.0000002  -0.00000199
 308    0.0000001  -0.00000127
 309    0.0000032  -0.00000913
 310    0.0000050  -0.00001085
 311    0.0000042  -0.00001143
 312    0.0000058  -0.00001227
 313    0.0000066  -0.00001595
 314    0.0000593  -0.00013895
 315    0.0000562  -0.00013221
 316    0.0000522  -0.00012506
 317    0.0000581  -0.00013338
 318    0.0000553  -0.00012742
 319    0.0000610  -0.00014082
 320    0.0000525  -0.00012486
 321    0.0000618  -0.00013473
 322    0.0000408  -0.00009639
 323    0.0000493  -0.00014035
 324    0.0000520  -0.00015849
 325    0.0000377  -0.00007513
 326    0.0000298  -0.00006366
 327    0.0000263  -0.00008121
 328    0.0001230  -0.00026868
 329    0.0000002  -0.00000166
 330    0.0000001  -0.00000123
 331    0.0000001  -0.00000131
 332    0.0000002  -0.00000158
 333    0.0000001  -0.00000135
 334    0.0000001  -0.00000139
 335    0.0000002  -0.00000172
 336    0.0000001  -0.00000117
 337    0.0000027  -0.00000779
 338    0.0000043  -0.00001004
 339    0.0000029  -0.00000813
 340    0.0000050  -0.00001194
 341    0.0000064  -0.00001524
 342    0.0000514  -0.00012046
 343    0.0000516  -0.00012200
 344    0.0000471  -0.00011512
 345    0.0000545  -0.00012532
 346    0.0000508  -0.00012080
 347    0.0000561  -0.00013065
 348    0.0000358  -0.00009391
 349    0.0000341  -0.00009250
 350    0.0000302  -0.00006663
 351    0.0000266  -0.00006373
 352    0.0000318  -0.00006929
 353    0.0000267  -0.00007222
 354    0.0000230  -0.00007181
 355    0.0000239  -0.00006179
 356    0.0000384  -0.00014612
 357    0.0000001  -0.00000132
 358    0.0000001  -0.00000109
 359    0.0000001  -0.00000124
 360    0.0000001  -0.00000150
 361    0.0000001  -0.00000111
 362    0.0000001  -0.00000120
 363    0.0000001  -0.00000136
 364    0.0000001  -0.00000106
 365    0.0000024  -0.00000672
 366    0.0000040  -0.00000921
 367    0.0000028  -0.00000639
 368    0.0000049  -0.00001007
 369    0.0000059  -0.00001249
 370    0.0000327  -0.00008659
 371    0.0000334  -0.00008795
 372    0.0000299  -0.00008400
 373    0.0000334  -0.00008783
 374    0.0000322  -0.00008627
 375    0.0000336  -0.00008852
 376    0.0000339  -0.00009162
 377    0.0000339  -0.00009283
 378    0.0000198  -0.00005821
 379    0.0000185  -0.00004384
 380    0.0000240  -0.00007016
 381    0.0000152  -0.00005207
 382    0.0000179  -0.00005670
 383    0.0000204  -0.00005673
 384    0.0000347  -0.00008918
 385    0.0000001  -0.00000133
 386    0.0000001  -0.00000104
 387    0.0000001  -0.00000111
 388    0.0000001  -0.00000107
 389    0.0000001  -0.00000094
 390    0.0000001  -0.00000102
 391    0.0000001  -0.00000095
 392    0.0000001  -0.00000104
 393    0.0000021  -0.00000527
 394    0.0000028  -0.00000723
 395    0.0000027  -0.00000772
 396    0.0000047  -0.00000950
 397    0.0000046  -0.00001151
 398    0.0000153  -0.00004783
 399    0.0000195  -0.00004959
 400    0.0000141  -0.00004331
 401    0.0000139  -0.00003971
 402    0.0000155  -0.00004279
 403    0.0000182  -0.00005008
 404    0.0000237  -0.00005454
 405    0.0000220  -0.00005871
 406    0.0000152  -0.00004379
 407    0.0000150  -0.00004279
 408    0.0000205  -0.00005447
 409    0.0000138  -0.00004339
 410    0.0000126  -0.00003835
 411    0.0000164  -0.00004305
 412    0.0000296  -0.00007759
 413    0.0000001  -0.00000115
 414    0.0000001  -0.00000103
 415    0.0000001  -0.00000097
 416    0.0000001  -0.00000107
 417    0.0000001  -0.00000089
 418    0.0000001  -0.00000094
 419    0.0000001  -0.00000096
 420    0.0000001  -0.00000092
 421    0.0000021  -0.00000533
 422    0.0000028  -0.00000710
 423    0.0000018  -0.00000528
 424    0.0000036  -0.00000775
 425    0.0000041  -0.00000929
 426    0.0000127  -0.00003720
 427    0.0000128  -0.00003700
 428    0.0000122  -0.00003477
 429    0.0000127  -0.00003896
 430    0.0000113  -0.00003297
 431    0.0000136  -0.00003739
 432    0.0000203  -0.00005551
 433    0.0000191  -0.00005456
 434    0.0000117  -0.00003743
 435    0.0000118  -0.00003705
 436    0.0000146  -0.00004145
 437    0.0000103  -0.00003454
 438    0.0000105  -0.00003505
 439    0.0000145  -0.00004077
 440    0.0000200  -0.00005490
 441    0.0000001  -0.00000068
 442    0.0000001  -0.00000084
 443    0.0000001  -0.00000093
 444    0.0000001  -0.00000096
 445    0.0000001  -0.00000071
 446    0.0000001  -0.00000076
 447    0.0000001  -0.00000073
 448    0.0000001  -0.00000079
 449    0.0000019  -0.00000485
 450    0.0000020  -0.00000608
 451    0.0000015  -0.00000562
 452    0.0000029  -0.00000603
 453    0.0000039  -0.00000915
 454    0.0000104  -0.00003523
 455    0.0000110  -0.00003754
 456    0.0000106  -0.00003423
 457    0.0000099  -0.00003305
 458    0.0000097  -0.00003138
 459    0.0000105  -0.00003495
 460    0.0000186  -0.00005222
 461    0.0000139  -0.00003919
 462    0.0000088  -0.00002598
 463    0.0000090  -0.00002680
 464    0.0000092  -0.00003049
 465    0.0000087  -0.00002563
 466    0.0000074  -0.00002658
 467    0.0000134  -0.00003873
 468    0.0000180  -0.00005809
 469    0.0000001  -0.00000068
 470    0.0000001  -0.00000079
 471    0.0000001  -0.00000090
 472    0.0000001  -0.00000090
 473    0.0000001  -0.00000067
 474    0.0000001  -0.00000069
 475    0.0000001  -0.00000070
 476    0.0000001  -0.00000069
 477    0.0000018  -0.00000498
 478    0.0000016  -0.00000456
 479    0.0000014  -0.00000400
 480    0.0000027  -0.00000726
 481    0.0000034  -0.00000807
 482    0.0000092  -0.00003031
 483    0.0000086  -0.00003003
 484    0.0000101  -0.00003054
 485    0.0000089  -0.00003009
 486    0.0000084  -0.00003011
 487    0.0000091  -0.00002952
 488    0.0000160  -0.00004285
 489    0.0000110  -0.00003212
 490    0.0000075  -0.00002551
 491    0.0000083  -0.00003013
 492    0.0000078  -0.00002404
 493    0.0000068  -0.00003003
 494    0.0000070  -0.00002539
 495    0.0000101  -0.00002980
 496    0.0000166  -0.00005481
 497    0.0000001  -0.00000068
 498    0.0000001  -0.00000075
 499    0.0000001  -0.00000087
 500    0.0000001  -0.00000072
 501    0.0000001  -0.00000062
 502    0.0000001  -0.00000066
 503    0.0000001  -0.00000063
 504    0.0000001  -0.00000065
 505    0.0000017  -0.00000414
 506    0.0000013  -0.00000390
 507    0.0000013  -0.00000343
 508    0.0000022  -0.00000641
 509    0.0000032  -0.00000779
 510    0.0000085  -0.00002902
 511    0.0000078  -0.00002890
 512    0.0000082  -0.00002931
 513    0.0000083  -0.00002923
 514    0.0000075  -0.00002827
 515    0.0000079  -0.00002857
 516    0.0000134  -0.00003844
 517    0.0000106  -0.00003376
 518    0.0000062  -0.00002842
 519    0.0000073  -0.00003020
 520    0.0000064  -0.00002405
 521    0.0000065  -0.00002281
 522    0.0000061  -0.00002726
 523    0.0000092  -0.00002828
 524    0.0000148  -0.00004177
 525    0.0000001  -0.00000050
 526    0.0000001  -0.00000073
 527    0.0000001  -0.00000090
 528    0.0000001  -0.00000064
 529    0.0000001  -0.00000061
 530    0.0000001  -0.00000058
 531    0.0000001  -0.00000059
 532    0.0000001  -0.00000065
 533    0.0000017  -0.00000430
 534    0.0000011  -0.00000367
 535    0.0000011  -0.00000287
 536    0.0000020  -0.00000504
 537    0.0000032  -0.00000793
 538    0.0000066  -0.00002402
 539    0.0000072  -0.00002396
 540    0.0000068  -0.00002313
 541    0.0000075  -0.00002460
 542    0.0000066  -0.00002286
 543    0.0000073  -0.00002468
 544    0.0000116  -0.00003460
 545    0.0000090  -0.00002863
 546    0.0000053  -0.00002049
 547    0.0000058  -0.00002144
 548    0.0000055  -0.00002690
 549    0.0000052  -0.00001944
 550    0.0000049  -0.00001991
 551    0.0000089  -0.00002921
 552    0.0000139  -0.00004035
 553    0.0000001  -0.00000054
 554    0.0000001  -0.00000066
 555    0.0000001  -0.00000083
 556    0.0000001  -0.00000060
 557    0.0000001  -0.00000053
 558    0.0000001  -0.00000052
 559    0.0000001  -0.00000054
 560    0.0000001  -0.00000061
 561    0.0000017  -0.00000424
 562    0.0000010  -0.00000308
 563    0.0000010  -0.00000294
 564    0.0000018  -0.00000477
 565    0.0000031  -0.00000797
 566    0.0000044  -0.00001780
 567    0.0000053  -0.00001901
 568    0.0000054  -0.00001796
 569    0.0000062  -0.00002244
 570    0.0000055  -0.00001864
 571    0.0000053  -0.00001972
 572    0.0000085  -0.00003142
 573    0.0000076  -0.00002422
 574    0.0000049  -0.00001707
 575    0.0000052  -0.00001921
 576    0.0000045  -0.00001548
 577    0.0000045  -0.00001678
 578    0.0000039  -0.00001536
 579    0.0000081  -0.00003085
 580    0.0000116  -0.00004239
 581    0.0000001  -0.00000048
 582    0.0000001  -0.00000068
 583    0.0000001  -0.00000080
 584    0.0000001  -0.00000054
 585    0.0000001  -0.00000052
 586    0.0000001  -0.00000051
 587    0.0000001  -0.00000051
 588    0.0000001  -0.00000061
 589    0.0000015  -0.00000344
 590    0.0000009  -0.00000274
 591    0.0000008  -0.00000287
 592    0.0000017  -0.00000533
 593    0.0000028  -0.00000678
 594    0.0000043  -0.00001648
 595    0.0000043  -0.00001805
 596    0.0000044  -0.00001766
 597    0.0000046  -0.00001924
 598    0.0000044  -0.00001811
 599    0.0000043  -0.00001512
 600    0.0000079  -0.00002659
 601    0.0000071  -0.00002417
 602    0.0000044  -0.00001645
 603    0.0000047  -0.00001657
 604    0.0000044  -0.00001551
 605    0.0000036  -0.00001347
 606    0.0000038  -0.00001460
 607    0.0000077  -0.00002286
 608    0.0000113  -0.00004190
 609    0.0000001  -0.00000051
 610    0.0000001  -0.00000058
 611    0.0000001  -0.00000074
 612    0.0000001  -0.00000049
 613    0.0000001  -0.00000044
 614    0.0000001  -0.00000049
 615    0.0000001  -0.00000050
 616    0.0000001  -0.00000059
 617    0.0000015  -0.00000355
 618    0.0000007  -0.00000269
 619    0.0000007  -0.00000267
 620    0.0000016  -0.00000421
 621    0.0000026  -0.00000645
 622    0.0000039  -0.00001574
 623    0.0000041  -0.00001405
 624    0.0000036  -0.00001332
 625    0.0000043  -0.00001460
 626    0.0000041  -0.00001412
 627    0.0000037  -0.00001400
 628    0.0000075  -0.00002412
 629    0.0000063  -0.00002328
 630    0.0000037  -0.00001290
 631    0.0000038  -0.00001270
 632    0.0000039  -0.00001445
 633    0.0000035  -0.00001315
 634    0.0000031  -0.00001017
 635    0.0000071  -0.00002172
 636    0.0000104  -0.00002985
 637    0.0000001  -0.00000041
 638    0.0000001  -0.00000058
 639    0.0000001  -0.00000075
 640    0.0000001  -0.00000049
 641    0.0000001  -0.00000047
 642    0.0000001  -0.00000040
 643    0.0000001  -0.00000049
 644    0.0000001  -0.00000056
 645    0.0000013  -0.00000337
 646    0.0000006  -0.00000258
 647    0.0000006  -0.00000262
 648    0.0000014  -0.00000361
 649    0.0000025  -0.00000637
 650    0.0000034  -0.00001328
 651    0.0000031  -0.00001330
 652    0.0000031  -0.00001337
 653    0.0000039  -0.00001521
 654    0.0000037  -0.00001442
 655    0.0000034  -0.00001241
 656    0.0000059  -0.00002170
 657    0.0000040  -0.00001540
 658    0.0000034  -0.00001152
 659    0.0000031  -0.00001185
 660    0.0000030  -0.00001011
 661    0.0000031  -0.00001302
 662    0.0000026  -0.00001159
 663    0.0000063  -0.00001879
 664    0.0000099  -0.00002972
 665    0.0000001  -0.00000040
 666    0.0000001  -0.00000056
 667    0.0000001  -0.00000068
 668    0.0000001  -0.00000049
 669    0.0000001  -0.00000039
 670    0.0000001  -0.00000041
 671    0.0000001  -0.00000044
 672    0.0000001  -0.00000051
 
----------------
 Final Energies 
----------------
Final NOF Total Energy =    -308.4553253
 
Total Orbital Internal Iterations = 317
Total Occupation Internal Iterations = 53
 
Elapsed time: 3959.24 Seconds

---------------------------------
   Lowdin Population Analysis    
---------------------------------
 Idx  Atom   Population   Charge 
---------------------------------
  1     C     5.936       0.064
  2     H     1.070      -0.070
  3     C     5.924       0.076
  4     H     1.074      -0.074
  5     C     5.928       0.072
  6     H     1.071      -0.071
  7     C     5.927       0.073
  8     H     1.071      -0.071
  9     C     5.923       0.077
 10     H     1.073      -0.073
 11     C     5.934       0.066
 12     H     1.069      -0.069
 13     C     5.845       0.155
 14     H     1.145      -0.145
 15     C     5.855       0.145
 16     H     1.153      -0.153

---------------------------------
   M Diagnostic: 0.31
---------------------------------

