Computing Integrals
Elapsed time:    3.19 Seconds

Number of basis functions                   (NBF)    = 117
Number of auxiliary basis functions         (NBFAUX) = 113
Inactive Doubly occupied orbitals up to     (NO1)    = 0
No. considered Strongly Doubly occupied MOs (NDOC)   = 5
No. considered Strongly Singly occupied MOs (NSOC)   = 0
NO. of Weakly occ. per St. Doubly occ.  MOs (NCWO)   = 22
Dimension of the Nat. Orb. subspace         (NBF5)   = 115
No. of electrons                                     = 10
    No. of alpha electrons                           = 5
    No. of beta electrons                            = 5
Multiplicity                                         = 1

Geometry
========
 O       0.0000000       0.0000000       0.3939400
 H      -0.7550400       0.0000000      -0.1969700
 H       0.7550400       0.0000000      -0.1969700

No violations of the orthonormality
No violations of the orthonormality
 
PNOF7/ADAM Calculation
==================
 
  Nitext  Nit_orb  Time   Nit_occ  Time         Eelec          Etot           Ediff      maxdiff    Grad_orb  Grad_occ
0.00038675991037229185
0.0005842459295801356
     1      10    2.8e+01    1    3.9e+01   -85.37242636   -76.19117708 -10084.37242636   0.161530   1.3e+00   1.7e-04 0.03
0.0002891373865701041
0.0004379381726438879
     2      30    3.6e+01    1    3.1e-02   -85.38282945   -76.20158017    -0.01040308   0.013426   7.7e-02   1.6e-04 0.03
0.0001699013650461323
0.00028900878287397886
     3      30    3.4e+01    1    9.8e-02   -85.38291415   -76.20166487    -0.00008470   0.007997   6.0e-02   1.8e-04 0.03
0.00010916612023548211
0.0002108881469141217
     4      30    3.8e+01    1    3.4e-02   -85.38288392   -76.20163464     0.00003023   0.008072   7.1e-02   1.6e-04 0.03
0.00012857087791797069
0.0001918469038804922
     5      50    5.6e+01    2    6.3e-02   -85.38299324   -76.20174396    -0.00010932   0.000661   5.0e-03   1.8e-04 0.03
0.0
0.0
     6      50    5.4e+01    0    5.6e-02   -85.38299982   -76.20175054    -0.00000658   0.001140   8.3e-03   1.5e-04 0.03
0.0
0.0
     7      60    6.8e+01    0    1.4e-02   -85.38300097   -76.20175169    -0.00000115   0.000683   4.8e-03   1.5e-04 0.03
0.0
0.0
     8      70    7.5e+01    0    7.4e-02   -85.38300084   -76.20175156     0.00000013   0.000539   5.1e-03   1.5e-04 0.03
0.0
0.0
     9      95    1.0e+02    0    4.3e-02   -85.38300153   -76.20175225    -0.00000069   0.000100   9.0e-04   1.5e-04 0.03
 
RESULTS OF THE OCCUPATION OPTIMIZATION
========================================
   1    1.9997181  -20.56975709
   2    1.9699475  -0.89814167
   3    1.9698481  -0.89766772
   4    1.9828152  -0.74895354
   5    1.9828008  -0.74879835
   6    0.0136510  -0.01292647
   7    0.0136742  -0.01294599
   8    0.0248381  -0.02274971
   9    0.0246865  -0.02268339
  10    0.0002227  -0.00757560
  11    0.0013035  -0.00211940
  12    0.0013047  -0.00211505
  13    0.0028076  -0.00385186
  14    0.0028483  -0.00388289
  15    0.0000315  -0.00076088
  16    0.0008179  -0.00140636
  17    0.0007920  -0.00138557
  18    0.0011288  -0.00178444
  19    0.0011008  -0.00176170
  20    0.0000222  -0.00055332
  21    0.0007519  -0.00135702
  22    0.0007718  -0.00137106
  23    0.0010193  -0.00167916
  24    0.0010590  -0.00171593
  25    0.0000033  -0.00022530
  26    0.0001708  -0.00037978
  27    0.0001767  -0.00038316
  28    0.0000826  -0.00020699
  29    0.0000743  -0.00019211
  30    0.0000003  -0.00000344
  31    0.0001462  -0.00037028
  32    0.0001331  -0.00035865
  33    0.0000656  -0.00018079
  34    0.0000601  -0.00017640
  35    0.0000002  -0.00000194
  36    0.0001150  -0.00032796
  37    0.0001072  -0.00031812
  38    0.0000491  -0.00012091
  39    0.0000513  -0.00011861
  40    0.0000002  -0.00001014
  41    0.0001090  -0.00031109
  42    0.0000810  -0.00028395
  43    0.0000386  -0.00010566
  44    0.0000481  -0.00011310
  45    0.0000001  -0.00000332
  46    0.0000517  -0.00018236
  47    0.0000474  -0.00017258
  48    0.0000299  -0.00008508
  49    0.0000309  -0.00008754
  50    0.0000001  -0.00000091
  51    0.0000274  -0.00009387
  52    0.0000298  -0.00009746
  53    0.0000243  -0.00007208
  54    0.0000206  -0.00006558
  55    0.0000001  -0.00000074
  56    0.0000094  -0.00003797
  57    0.0000113  -0.00004213
  58    0.0000197  -0.00006008
  59    0.0000173  -0.00005798
  60    0.0000001  -0.00000064
  61    0.0000085  -0.00003327
  62    0.0000077  -0.00003101
  63    0.0000132  -0.00004083
  64    0.0000120  -0.00003936
  65    0.0000001  -0.00000061
  66    0.0000068  -0.00002752
  67    0.0000075  -0.00002719
  68    0.0000069  -0.00003668
  69    0.0000082  -0.00003833
  70    0.0000001  -0.00000061
  71    0.0000060  -0.00003002
  72    0.0000073  -0.00002757
  73    0.0000061  -0.00002367
  74    0.0000067  -0.00002478
  75    0.0000001  -0.00000064
  76    0.0000047  -0.00002343
  77    0.0000059  -0.00002758
  78    0.0000040  -0.00001928
  79    0.0000056  -0.00002232
  80    0.0000001  -0.00000056
  81    0.0000044  -0.00002102
  82    0.0000059  -0.00002428
  83    0.0000038  -0.00001218
  84    0.0000050  -0.00001679
  85    0.0000001  -0.00000045
  86    0.0000042  -0.00001702
  87    0.0000053  -0.00002015
  88    0.0000032  -0.00000896
  89    0.0000046  -0.00001707
  90    0.0000001  -0.00000050
  91    0.0000028  -0.00000945
  92    0.0000045  -0.00001515
  93    0.0000031  -0.00000838
  94    0.0000041  -0.00001143
  95    0.0000001  -0.00000048
  96    0.0000026  -0.00000430
  97    0.0000033  -0.00000961
  98    0.0000023  -0.00000679
  99    0.0000030  -0.00000770
 100    0.0000001  -0.00000048
 101    0.0000019  -0.00000375
 102    0.0000031  -0.00000773
 103    0.0000020  -0.00000478
 104    0.0000023  -0.00000731
 105    0.0000001  -0.00000047
 106    0.0000019  -0.00000216
 107    0.0000029  -0.00000546
 108    0.0000018  -0.00000255
 109    0.0000021  -0.00000552
 110    0.0000001  -0.00000054
 111    0.0000017  -0.00000072
 112    0.0000023  -0.00000213
 113    0.0000017  -0.00000238
 114    0.0000017  -0.00000250
 115    0.0000001  -0.00000174
 
----------------
 Final Energies 
----------------
Final NOF Total Energy =     -76.2017522
 
Total Orbital Internal Iterations = 425
Total Occupation Internal Iterations = 6
 
Elapsed time:  570.81 Seconds

---------------------------------
   Lowdin Population Analysis    
---------------------------------
 Idx  Atom   Population   Charge 
---------------------------------
  1     O     7.343       0.657
  2     H     1.328      -0.328
  3     H     1.328      -0.328

---------------------------------
   M Diagnostic: 0.03
---------------------------------

