Computing Integrals
Elapsed time:   28.95 Seconds

Number of basis functions                   (NBF)    = 1392
Number of auxiliary basis functions         (NBFAUX) = 1496
Inactive Doubly occupied orbitals up to     (NO1)    = 0
No. considered Strongly Doubly occupied MOs (NDOC)   = 59
No. considered Strongly Singly occupied MOs (NSOC)   = 0
NO. of Weakly occ. per St. Doubly occ.  MOs (NCWO)   = 22
Dimension of the Nat. Orb. subspace         (NBF5)   = 1357
No. of electrons                                     = 118
    No. of alpha electrons                           = 59
    No. of beta electrons                            = 59
Multiplicity                                         = 1

Geometry
========
 N       0.5778100       0.6203200       1.0448400
 C       0.7949500      -0.7310900       0.5365500
 C       2.2613900      -1.1098800       0.3092900
 O       2.6959400      -2.1654200       0.7613900
 C      -0.0420900      -1.0320400      -0.7203200
 C      -1.4880000      -0.7070200      -0.4863100
 C      -2.0469000       0.4681700      -0.9965500
 C      -2.2859600      -1.5440600       0.3000500
 C      -3.3733200       0.8011800      -0.7252600
 C      -3.6111500      -1.2149600       0.5740100
 C      -4.1574400      -0.0377400       0.0640300
 H       0.1559900       0.6878500       1.9549000
 H       0.4641800      -1.3984600       1.3297300
 H       0.0894900      -2.0932500      -0.9389300
 H       0.3432600      -0.4610900      -1.5622400
 H      -1.4363300       1.1180300      -1.6114200
 H      -1.8675900      -2.4644300       0.6911500
 H      -3.7943100       1.7102400      -1.1338500
 H      -4.2174000      -1.8768500       1.1776900
 H      -5.1871200       0.2179800       0.2732100
 N       2.9674800      -0.2417000      -0.4439500
 H       2.4805200       0.5797900      -0.7868000
 C       4.3524400      -0.4816700      -0.7837200
 H       4.5001300      -0.4000200      -1.8586200
 H       5.0125600       0.2257000      -0.2832300
 H       4.6038000      -1.4873200      -0.4610800
 C       0.6168100       1.7587200       0.3132700
 O       1.0689600       1.8068100      -0.8330700
 C       0.0351900       2.9743000       0.9880500
 H       0.0958000       2.9196500       2.0726900
 H      -1.0140000       3.0516800       0.7028800
 H       0.5560000       3.8578600       0.6335900

No violations of the orthonormality
No violations of the orthonormality
 
PNOF8/ADAM Calculation
==================
 
  Nitext  Nit_orb  Time   Nit_occ  Time         Eelec          Etot           Ediff      maxdiff    Grad_orb  Grad_occ
0.0018162577304783323
0.006256399478501615
     1      10    5.2e+02   31    1.7e+02 -1821.39176901  -706.52153551 -11820.39176901   1.081436   4.1e+01   2.8e-04 0.03
0.001730702828503525
0.006075391040698865
     2      30    1.4e+03   19    9.8e+01 -1838.46146983  -723.59123633   -17.06970082   0.072462   3.4e+00   3.0e-04 0.04
0.0010474386072295118
0.0033163620456114424
     3      30    1.4e+03   17    9.1e+01 -1840.77737947  -725.90714597    -2.31590964   0.045748   9.8e-01   3.3e-04 0.03
0.0007306448703022577
0.0018233259496544792
     4      30    1.4e+03   17    9.0e+01 -1840.88047931  -726.01024581    -0.10309984   0.076424   1.5e+00   2.7e-04 0.03
0.0007063969367397923
0.001579421207941285
     5      30    1.4e+03   10    7.0e+01 -1840.89112777  -726.02089427    -0.01064846   0.052736   1.2e+00   3.0e-04 0.03
0.0006118693277085948
0.0012669429450268112
     6      30    1.4e+03   16    8.7e+01 -1840.89537289  -726.02513939    -0.00424512   0.027074   8.0e-01   2.7e-04 0.03
0.0005649490602528395
0.0010444386532837376
     7      30    1.4e+03   10    6.8e+01 -1840.89841119  -726.02817768    -0.00303830   0.119861   1.3e+00   2.8e-04 0.03
0.0005164172376650455
0.0012730698806454896
     8      30    1.4e+03   13    7.8e+01 -1840.81515197  -725.94491846     0.08325922   0.033780   1.1e+00   2.8e-04 0.03
0.0004923253406945438
0.0010421981492311008
     9      50    2.3e+03    8    6.3e+01 -1840.93172737  -726.06149387    -0.11657541   0.065616   7.9e-01   3.5e-04 0.03
0.00041824627858277896
0.0006753564745770736
    10      50    2.4e+03    7    6.5e+01 -1840.93145063  -726.06121712     0.00027675   0.100767   8.0e-01   3.4e-04 0.03
0.0003241004629320754
0.0004961362450850697
    11      70    3.4e+03    7    6.4e+01 -1840.93394213  -726.06370863    -0.00249150   0.016522   1.7e-01   3.2e-04 0.03
0.00027885364682289637
0.0004266606422902331
    12      70    3.5e+03    7    6.4e+01 -1840.93434253  -726.06410903    -0.00040040   0.001556   5.0e-02   3.2e-04 0.03
0.00023496664101341214
0.0003686727371089648
    13      70    3.5e+03    7    6.4e+01 -1840.93473301  -726.06449951    -0.00039048   0.003176   7.2e-02   3.1e-04 0.03
0.000193172496955607
0.0003210287652629146
    14      70    3.5e+03    7    6.2e+01 -1840.93511640  -726.06488290    -0.00038339   0.001184   4.8e-02   3.2e-04 0.03
0.0001529184350176349
0.00027920715242040406
    15      70    3.3e+03    7    6.3e+01 -1840.93541685  -726.06518335    -0.00030044   0.015607   2.3e-01   3.2e-04 0.03
0.0001307524378776348
0.0002606316360058018
    16      70    3.4e+03    7    6.3e+01 -1840.93583660  -726.06560310    -0.00041975   0.001761   6.1e-02   3.3e-04 0.03
0.0001330489200354057
0.0002557102632859849
    17      70    3.5e+03    9    7.0e+01 -1840.93614466  -726.06591115    -0.00030806   0.010475   1.5e-01   2.3e-04 0.03
0.00011462329018940842
0.00025047304156925306
    18      70    3.5e+03    6    6.1e+01 -1840.93649702  -726.06626351    -0.00035236   0.004798   7.5e-02   3.5e-04 0.03
8.073023560140058e-5
0.00017643752236502278
    19      70    3.5e+03    1    4.6e+01 -1840.93674990  -726.06651640    -0.00025289   0.001570   5.6e-02   4.3e-04 0.03
6.41170837764049e-5
0.00021348806578841377
    20      70    3.5e+03    6    6.1e+01 -1840.93685911  -726.06662560    -0.00010920   0.016482   2.6e-01   3.6e-04 0.03
5.890426832932949e-5
0.00017259899243184722
    21      70    3.4e+03    7    6.3e+01 -1840.93709543  -726.06686192    -0.00023632   0.016452   1.9e-01   3.0e-04 0.03
5.910266464403957e-5
0.00012729958960498513
    22      70    3.3e+03    1    4.2e+01 -1840.93726751  -726.06703400    -0.00017208   0.004160   7.0e-02   3.0e-04 0.03
4.189904845505743e-5
0.00014873608348955447
    23      70    3.2e+03    6    6.0e+01 -1840.93732349  -726.06708998    -0.00005598   0.007760   1.5e-01   3.1e-04 0.03
4.079442575466441e-5
0.00014039179085228898
    24      70    3.3e+03    7    6.1e+01 -1840.93743218  -726.06719867    -0.00010869   0.017196   2.2e-01   2.7e-04 0.03
3.3418473574076124e-5
8.668079433853823e-5
    25      70    3.2e+03    1    4.1e+01 -1840.93755545  -726.06732195    -0.00012327   0.008974   1.5e-01   2.5e-04 0.03
4.2152262901433424e-5
0.0001332589093617163
    26      70    3.2e+03    6    5.8e+01 -1840.93761200  -726.06737849    -0.00005655   0.010692   1.1e-01   3.0e-04 0.03
2.725679909287848e-5
8.269563355355315e-5
    27      70    3.2e+03    1    4.0e+01 -1840.93770217  -726.06746866    -0.00009017   0.002097   6.1e-02   2.6e-04 0.03
4.753147670624996e-5
0.00011665167012531828
    28      70    3.2e+03   12    7.6e+01 -1840.93774382  -726.06751032    -0.00004165   0.004678   7.2e-02   1.9e-04 0.03
4.681953112847109e-5
0.00012204658923228238
    29      70    3.2e+03    4    5.0e+01 -1840.93778827  -726.06755477    -0.00004445   0.023207   2.6e-01   2.2e-04 0.03
Final NOF Total Energy =    -726.06755477
