Computing Integrals
Elapsed time:    3.95 Seconds

Number of basis functions                   (NBF)    = 378
Number of auxiliary basis functions         (NBFAUX) = 394
Inactive Doubly occupied orbitals up to     (NO1)    = 0
No. considered Strongly Doubly occupied MOs (NDOC)   = 16
No. considered Strongly Singly occupied MOs (NSOC)   = 0
NO. of Weakly occ. per St. Doubly occ.  MOs (NCWO)   = 22
Dimension of the Nat. Orb. subspace         (NBF5)   = 368
No. of electrons                                     = 32
    No. of alpha electrons                           = 16
    No. of beta electrons                            = 16
Multiplicity                                         = 1

Geometry
========
 C       0.0454900      -0.0029900       1.5226700
 C      -0.0760200       0.2537500       0.0581300
 N      -1.3517500      -0.1452800      -0.4904000
 O       0.7947300       0.7472000      -0.5990800
 H      -1.7522400       0.6727100      -0.9357500
 H      -1.1642900      -0.7790500      -1.2588800
 H      -0.7152400       0.5682100       2.0487600
 H      -0.1671500      -1.0489700       1.7314500
 H       1.0310600       0.2757800       1.8762500

No violations of the orthonormality
No violations of the orthonormality
 
PNOF8/ADAM Calculation
==================
 
  Nitext  Nit_orb  Time   Nit_occ  Time         Eelec          Etot           Ediff      maxdiff    Grad_orb  Grad_occ
0.00039241455854726465
0.0008669399671484591
     1      10    7.7e+01    4    3.1e+01  -329.98409106  -208.64641382 -10328.98409106   0.910231   6.9e+00   2.3e-04 0.03
0.00031916556177172956
0.0006290787099104812
     2      30    1.7e+02    4    1.2e+00  -330.30621784  -208.96854060    -0.32212678   0.028818   5.2e-01   1.5e-04 0.03
0.0001449994404684185
0.00029411626141314653
     3      30    1.7e+02    3    9.4e-01  -330.32588243  -208.98820519    -0.01966460   0.007079   1.1e-01   2.2e-04 0.03
6.675986438309245e-5
0.00011560370639714863
     4      30    1.6e+02    1    6.5e-01  -330.32495168  -208.98727444     0.00093076   0.011300   1.8e-01   2.0e-04 0.03
0.0
0.0
     5      50    2.8e+02    0    4.8e-01  -330.32656160  -208.98888436    -0.00160992   0.001398   1.9e-02   2.1e-04 0.03
0.0
0.0
     6      60    3.3e+02    0    4.8e-01  -330.32654113  -208.98886389     0.00002047   0.001980   2.7e-02   1.9e-04 0.03
0.0
0.0
     7      90    5.0e+02    0    4.8e-01  -330.32657780  -208.98890056    -0.00003667   0.000249   3.6e-03   2.1e-04 0.03
0.0
0.0
     8     100    5.8e+02    0    4.9e-01  -330.32657525  -208.98889801     0.00000255   0.004678   3.9e-02   2.0e-04 0.03
0.0
0.0
     9     114    6.3e+02    0    4.8e-01  -330.32657875  -208.98890151    -0.00000350   0.000100   1.5e-03   2.1e-04 0.03
 
RESULTS OF THE OCCUPATION OPTIMIZATION
========================================
   1    1.9999877  -20.58502476
   2    1.9999800  -15.57951512
   3    1.9999697  -11.34203958
   4    1.9999650  -11.25539177
   5    1.9850678  -1.26372247
   6    1.9857681  -1.06917065
   7    1.9762081  -0.87083013
   8    1.9752088  -0.77829540
   9    1.9753222  -0.71141346
  10    1.9745361  -0.69643851
  11    1.9716748  -0.69306517
  12    1.9738255  -0.68963855
  13    1.9731535  -0.67327509
  14    1.9728702  -0.67308965
  15    1.9791940  -0.57414386
  16    1.9641622  -0.57134947
  17    0.0322091  -0.04690164
  18    0.0076190  -0.01524741
  19    0.0166750  -0.02482062
  20    0.0168411  -0.02491587
  21    0.0150129  -0.02058548
  22    0.0232210  -0.03884101
  23    0.0152922  -0.02104348
  24    0.0147896  -0.02069987
  25    0.0198199  -0.03273431
  26    0.0192526  -0.03767757
  27    0.0062467  -0.01484962
  28    0.0064069  -0.01943858
  29    0.0000278  -0.00062104
  30    0.0000213  -0.00047662
  31    0.0000160  -0.00048126
  32    0.0000105  -0.00040427
  33    0.0033864  -0.00717319
  34    0.0047572  -0.01034254
  35    0.0045321  -0.00821576
  36    0.0044781  -0.00829255
  37    0.0042822  -0.00676765
  38    0.0034515  -0.00762223
  39    0.0043119  -0.00689213
  40    0.0042322  -0.00683999
  41    0.0011857  -0.00320440
  42    0.0027519  -0.00698771
  43    0.0019444  -0.00735880
  44    0.0029755  -0.00813183
  45    0.0000024  -0.00002112
  46    0.0000029  -0.00007271
  47    0.0000013  -0.00001194
  48    0.0000006  -0.00001710
  49    0.0002079  -0.00066557
  50    0.0041007  -0.00916013
  51    0.0041668  -0.00784426
  52    0.0041446  -0.00779975
  53    0.0040603  -0.00686215
  54    0.0006411  -0.00167520
  55    0.0030088  -0.00576302
  56    0.0025880  -0.00555846
  57    0.0011150  -0.00298434
  58    0.0007470  -0.00241185
  59    0.0010655  -0.00422890
  60    0.0026476  -0.00728606
  61    0.0000017  -0.00001434
  62    0.0000024  -0.00005128
  63    0.0000010  -0.00000843
  64    0.0000005  -0.00001189
  65    0.0000102  -0.00003427
  66    0.0015951  -0.00609206
  67    0.0008436  -0.00211197
  68    0.0005731  -0.00156083
  69    0.0010558  -0.00235150
  70    0.0003675  -0.00105310
  71    0.0011036  -0.00240735
  72    0.0010614  -0.00242308
  73    0.0011127  -0.00274294
  74    0.0003246  -0.00116102
  75    0.0009865  -0.00564557
  76    0.0009805  -0.00499489
  77    0.0000017  -0.00001356
  78    0.0000022  -0.00002927
  79    0.0000010  -0.00003220
  80    0.0000003  -0.00001350
  81    0.0000069  -0.00002280
  82    0.0006484  -0.00367765
  83    0.0002575  -0.00077034
  84    0.0001716  -0.00054431
  85    0.0003894  -0.00109271
  86    0.0003162  -0.00093602
  87    0.0003730  -0.00101724
  88    0.0005725  -0.00130651
  89    0.0005865  -0.00146440
  90    0.0002570  -0.00091204
  91    0.0009605  -0.00336424
  92    0.0005877  -0.00230025
  93    0.0000010  -0.00005118
  94    0.0000012  -0.00003062
  95    0.0000006  -0.00004050
  96    0.0000003  -0.00002296
  97    0.0000049  -0.00001736
  98    0.0005342  -0.00166421
  99    0.0001812  -0.00055921
 100    0.0001374  -0.00047865
 101    0.0003357  -0.00089361
 102    0.0000906  -0.00033230
 103    0.0002935  -0.00084034
 104    0.0003894  -0.00104919
 105    0.0003922  -0.00112733
 106    0.0001984  -0.00077403
 107    0.0007341  -0.00266273
 108    0.0003930  -0.00218459
 109    0.0000002  -0.00000254
 110    0.0000001  -0.00000194
 111    0.0000000  -0.00000102
 112    0.0000000  -0.00000057
 113    0.0000029  -0.00001070
 114    0.0004803  -0.00195604
 115    0.0001120  -0.00036146
 116    0.0001149  -0.00039653
 117    0.0002568  -0.00070902
 118    0.0000514  -0.00018448
 119    0.0002522  -0.00068973
 120    0.0002907  -0.00082693
 121    0.0001353  -0.00054165
 122    0.0000691  -0.00030167
 123    0.0005964  -0.00171209
 124    0.0002788  -0.00173336
 125    0.0000001  -0.00000136
 126    0.0000001  -0.00000128
 127    0.0000000  -0.00000076
 128    0.0000000  -0.00000033
 129    0.0000026  -0.00000939
 130    0.0002944  -0.00092299
 131    0.0000869  -0.00029903
 132    0.0001026  -0.00037771
 133    0.0002487  -0.00071683
 134    0.0000447  -0.00016941
 135    0.0002059  -0.00064383
 136    0.0002203  -0.00064986
 137    0.0000926  -0.00032829
 138    0.0000571  -0.00026096
 139    0.0005436  -0.00287875
 140    0.0002148  -0.00118205
 141    0.0000001  -0.00000124
 142    0.0000000  -0.00000078
 143    0.0000000  -0.00000066
 144    0.0000000  -0.00000022
 145    0.0000021  -0.00000671
 146    0.0002843  -0.00092217
 147    0.0000773  -0.00026520
 148    0.0000874  -0.00029891
 149    0.0001288  -0.00039463
 150    0.0000397  -0.00015996
 151    0.0001938  -0.00062326
 152    0.0001318  -0.00040132
 153    0.0000892  -0.00031142
 154    0.0000324  -0.00014933
 155    0.0004741  -0.00182754
 156    0.0001758  -0.00134556
 157    0.0000000  -0.00000093
 158    0.0000000  -0.00000057
 159    0.0000000  -0.00000029
 160    0.0000000  -0.00000015
 161    0.0000009  -0.00000517
 162    0.0002571  -0.00086353
 163    0.0000515  -0.00017055
 164    0.0000510  -0.00017502
 165    0.0001073  -0.00031727
 166    0.0000296  -0.00012140
 167    0.0001210  -0.00036783
 168    0.0001088  -0.00033492
 169    0.0000659  -0.00023055
 170    0.0000257  -0.00012423
 171    0.0001525  -0.00101945
 172    0.0000566  -0.00038640
 173    0.0000000  -0.00000064
 174    0.0000000  -0.00000054
 175    0.0000000  -0.00000028
 176    0.0000000  -0.00000012
 177    0.0000007  -0.00000488
 178    0.0000479  -0.00021387
 179    0.0000291  -0.00012157
 180    0.0000395  -0.00015261
 181    0.0000894  -0.00028208
 182    0.0000177  -0.00007702
 183    0.0000795  -0.00027453
 184    0.0000685  -0.00022156
 185    0.0000434  -0.00017308
 186    0.0000156  -0.00009116
 187    0.0001027  -0.00069155
 188    0.0000350  -0.00018980
 189    0.0000000  -0.00000054
 190    0.0000000  -0.00000046
 191    0.0000000  -0.00000020
 192    0.0000000  -0.00000012
 193    0.0000005  -0.00000401
 194    0.0000332  -0.00014620
 195    0.0000249  -0.00010287
 196    0.0000306  -0.00012717
 197    0.0000546  -0.00018154
 198    0.0000169  -0.00007278
 199    0.0000624  -0.00020525
 200    0.0000581  -0.00021402
 201    0.0000360  -0.00014318
 202    0.0000152  -0.00008958
 203    0.0000858  -0.00102680
 204    0.0000283  -0.00015785
 205    0.0000000  -0.00000044
 206    0.0000000  -0.00000040
 207    0.0000000  -0.00000016
 208    0.0000000  -0.00000013
 209    0.0000004  -0.00000366
 210    0.0000306  -0.00013654
 211    0.0000212  -0.00009760
 212    0.0000219  -0.00009991
 213    0.0000401  -0.00015512
 214    0.0000086  -0.00004017
 215    0.0000514  -0.00018097
 216    0.0000511  -0.00018409
 217    0.0000269  -0.00011469
 218    0.0000103  -0.00005605
 219    0.0000755  -0.00050506
 220    0.0000243  -0.00013429
 221    0.0000000  -0.00000040
 222    0.0000000  -0.00000037
 223    0.0000000  -0.00000016
 224    0.0000000  -0.00000011
 225    0.0000004  -0.00000327
 226    0.0000258  -0.00011162
 227    0.0000181  -0.00008394
 228    0.0000140  -0.00006462
 229    0.0000367  -0.00015052
 230    0.0000068  -0.00003508
 231    0.0000331  -0.00013039
 232    0.0000270  -0.00011805
 233    0.0000197  -0.00009211
 234    0.0000098  -0.00005183
 235    0.0000471  -0.00024979
 236    0.0000216  -0.00012315
 237    0.0000000  -0.00000038
 238    0.0000000  -0.00000033
 239    0.0000000  -0.00000015
 240    0.0000000  -0.00000010
 241    0.0000004  -0.00000338
 242    0.0000189  -0.00009601
 243    0.0000115  -0.00005495
 244    0.0000100  -0.00004639
 245    0.0000186  -0.00009004
 246    0.0000044  -0.00002288
 247    0.0000201  -0.00009087
 248    0.0000185  -0.00009109
 249    0.0000172  -0.00009227
 250    0.0000062  -0.00003361
 251    0.0000401  -0.00018118
 252    0.0000201  -0.00011397
 253    0.0000000  -0.00000035
 254    0.0000000  -0.00000030
 255    0.0000000  -0.00000014
 256    0.0000000  -0.00000008
 257    0.0000003  -0.00000309
 258    0.0000171  -0.00008911
 259    0.0000097  -0.00004446
 260    0.0000076  -0.00003757
 261    0.0000152  -0.00007571
 262    0.0000040  -0.00001841
 263    0.0000163  -0.00007944
 264    0.0000138  -0.00007464
 265    0.0000138  -0.00007483
 266    0.0000054  -0.00003013
 267    0.0000373  -0.00017296
 268    0.0000175  -0.00010708
 269    0.0000000  -0.00000028
 270    0.0000000  -0.00000032
 271    0.0000000  -0.00000014
 272    0.0000000  -0.00000008
 273    0.0000003  -0.00000256
 274    0.0000149  -0.00007903
 275    0.0000085  -0.00003886
 276    0.0000052  -0.00002519
 277    0.0000092  -0.00004857
 278    0.0000032  -0.00001460
 279    0.0000109  -0.00005345
 280    0.0000129  -0.00006767
 281    0.0000090  -0.00004566
 282    0.0000029  -0.00001600
 283    0.0000304  -0.00016252
 284    0.0000156  -0.00009414
 285    0.0000000  -0.00000025
 286    0.0000000  -0.00000025
 287    0.0000000  -0.00000011
 288    0.0000000  -0.00000008
 289    0.0000002  -0.00000237
 290    0.0000125  -0.00006602
 291    0.0000063  -0.00003165
 292    0.0000044  -0.00002242
 293    0.0000087  -0.00004549
 294    0.0000030  -0.00001350
 295    0.0000094  -0.00004549
 296    0.0000116  -0.00006118
 297    0.0000082  -0.00004333
 298    0.0000027  -0.00001540
 299    0.0000291  -0.00014692
 300    0.0000147  -0.00009096
 301    0.0000000  -0.00000024
 302    0.0000000  -0.00000025
 303    0.0000000  -0.00000008
 304    0.0000000  -0.00000007
 305    0.0000002  -0.00000212
 306    0.0000110  -0.00005530
 307    0.0000046  -0.00002235
 308    0.0000034  -0.00001742
 309    0.0000077  -0.00004053
 310    0.0000023  -0.00001015
 311    0.0000078  -0.00003799
 312    0.0000107  -0.00005594
 313    0.0000076  -0.00004172
 314    0.0000023  -0.00001417
 315    0.0000233  -0.00012877
 316    0.0000120  -0.00007246
 317    0.0000000  -0.00000021
 318    0.0000000  -0.00000023
 319    0.0000000  -0.00000008
 320    0.0000000  -0.00000007
 321    0.0000001  -0.00000176
 322    0.0000086  -0.00004658
 323    0.0000044  -0.00002089
 324    0.0000029  -0.00001390
 325    0.0000068  -0.00003281
 326    0.0000019  -0.00000853
 327    0.0000062  -0.00003188
 328    0.0000088  -0.00004914
 329    0.0000060  -0.00003195
 330    0.0000020  -0.00001052
 331    0.0000202  -0.00011504
 332    0.0000096  -0.00005869
 333    0.0000000  -0.00000018
 334    0.0000000  -0.00000023
 335    0.0000000  -0.00000008
 336    0.0000000  -0.00000007
 337    0.0000001  -0.00000176
 338    0.0000079  -0.00004274
 339    0.0000038  -0.00001977
 340    0.0000027  -0.00001245
 341    0.0000050  -0.00002394
 342    0.0000018  -0.00000773
 343    0.0000057  -0.00002930
 344    0.0000061  -0.00003410
 345    0.0000051  -0.00002705
 346    0.0000019  -0.00000988
 347    0.0000192  -0.00012178
 348    0.0000093  -0.00005582
 349    0.0000000  -0.00000020
 350    0.0000000  -0.00000022
 351    0.0000000  -0.00000007
 352    0.0000000  -0.00000006
 353    0.0000001  -0.00000161
 354    0.0000068  -0.00003822
 355    0.0000037  -0.00001744
 356    0.0000024  -0.00001142
 357    0.0000044  -0.00002204
 358    0.0000016  -0.00000749
 359    0.0000051  -0.00002512
 360    0.0000060  -0.00003155
 361    0.0000033  -0.00001883
 362    0.0000017  -0.00000822
 363    0.0000169  -0.00010565
 364    0.0000068  -0.00004447
 365    0.0000000  -0.00000018
 366    0.0000000  -0.00000020
 367    0.0000000  -0.00000007
 368    0.0000000  -0.00000006
 
----------------
 Final Energies 
----------------
Final NOF Total Energy =    -208.9889015
 
Total Orbital Internal Iterations = 514
Total Occupation Internal Iterations = 12
 
Elapsed time: 2971.55 Seconds

---------------------------------
   Lowdin Population Analysis    
---------------------------------
 Idx  Atom   Population   Charge 
---------------------------------
  1     C     5.779       0.221
  2     C     6.562      -0.562
  3     N     6.459       0.541
  4     O     7.705       0.295
  5     H     1.172      -0.172
  6     H     1.173      -0.173
  7     H     1.048      -0.048
  8     H     1.048      -0.048
  9     H     1.054      -0.054

---------------------------------
   M Diagnostic: 0.03
---------------------------------

