Computing Integrals
Elapsed time:    2.97 Seconds

Number of basis functions                   (NBF)    = 177
Number of auxiliary basis functions         (NBFAUX) = 147
Inactive Doubly occupied orbitals up to     (NO1)    = 0
No. considered Strongly Doubly occupied MOs (NDOC)   = 5
No. considered Strongly Singly occupied MOs (NSOC)   = 0
NO. of Weakly occ. per St. Doubly occ.  MOs (NCWO)   = 34
Dimension of the Nat. Orb. subspace         (NBF5)   = 175
No. of electrons                                     = 10
    No. of alpha electrons                           = 5
    No. of beta electrons                            = 5
Multiplicity                                         = 1

Geometry
========
 C       0.0000000       0.0000000       0.0000000
 H       0.6266400      -0.6266400       0.6266400
 H      -0.6266400       0.6266400       0.6266400
 H      -0.6266400      -0.6266400      -0.6266400
 H       0.6266400       0.6266400      -0.6266400

No violations of the orthonormality
No violations of the orthonormality
 
PNOF8/ADAM Calculation
==================
 
  Nitext  Nit_orb  Time   Nit_occ  Time         Eelec          Etot           Ediff      maxdiff    Grad_orb  Grad_occ
0.00010711603118274127
0.00018696147611958682
     1      10    3.3e+01    1    2.8e+01   -53.95121797   -40.45857216 -10052.95121797   0.035268   5.4e-01   1.7e-04 0.02
4.470670664358245e-5
9.186885484419038e-5
     2      30    5.5e+01    1    1.1e-01   -53.96047941   -40.46783361    -0.00926145   0.002783   2.5e-02   1.1e-04 0.02
4.34264982466237e-5
7.956726472679313e-5
     3      30    5.4e+01    1    6.5e-02   -53.96046352   -40.46781771     0.00001589   0.002358   3.1e-02   1.1e-04 0.02
0.0
0.0
     4      50    9.2e+01    0    5.1e-02   -53.96052904   -40.46788323    -0.00006552   0.000162   2.2e-03   1.0e-04 0.02
0.0
0.0
     5      60    1.1e+02    0    7.7e-02   -53.96052913   -40.46788332    -0.00000009   0.000195   2.1e-03   1.0e-04 0.02
0.0
0.0
     6      68    1.2e+02    0    3.8e-02   -53.96052936   -40.46788356    -0.00000024   0.000100   1.3e-03   1.0e-04 0.02
 
RESULTS OF THE OCCUPATION OPTIMIZATION
========================================
   1    1.9999054  -11.21464962
   2    1.9762402  -0.68697878
   3    1.9746548  -0.66924480
   4    1.9746693  -0.66917479
   5    1.9726637  -0.65213019
   6    0.0154261  -0.02055579
   7    0.0163858  -0.02127167
   8    0.0165704  -0.02141909
   9    0.0147151  -0.02034770
  10    0.0000849  -0.00180588
  11    0.0042692  -0.00662773
  12    0.0048566  -0.00718879
  13    0.0049058  -0.00722709
  14    0.0044761  -0.00699830
  15    0.0000046  -0.00014101
  16    0.0042596  -0.00659781
  17    0.0011892  -0.00252644
  18    0.0012553  -0.00268361
  19    0.0011100  -0.00456623
  20    0.0000018  -0.00001247
  21    0.0017662  -0.00339271
  22    0.0011346  -0.00249072
  23    0.0011648  -0.00250447
  24    0.0010996  -0.00273854
  25    0.0000018  -0.00002032
  26    0.0005337  -0.00118345
  27    0.0005828  -0.00124849
  28    0.0005803  -0.00121933
  29    0.0010978  -0.00242114
  30    0.0000009  -0.00003966
  31    0.0002716  -0.00068307
  32    0.0003223  -0.00074559
  33    0.0002305  -0.00057153
  34    0.0003131  -0.00078820
  35    0.0000001  -0.00000106
  36    0.0002681  -0.00064658
  37    0.0002990  -0.00073169
  38    0.0001120  -0.00028102
  39    0.0002646  -0.00069871
  40    0.0000001  -0.00000068
  41    0.0001051  -0.00028859
  42    0.0001227  -0.00030395
  43    0.0001044  -0.00028611
  44    0.0002419  -0.00058205
  45    0.0000000  -0.00000053
  46    0.0000970  -0.00026715
  47    0.0001051  -0.00028063
  48    0.0000959  -0.00026441
  49    0.0001008  -0.00028692
  50    0.0000000  -0.00000052
  51    0.0000625  -0.00017358
  52    0.0000987  -0.00026818
  53    0.0000680  -0.00017988
  54    0.0000586  -0.00017420
  55    0.0000000  -0.00000047
  56    0.0000497  -0.00016236
  57    0.0000577  -0.00016962
  58    0.0000495  -0.00016124
  59    0.0000520  -0.00015697
  60    0.0000000  -0.00000040
  61    0.0000443  -0.00013752
  62    0.0000521  -0.00016771
  63    0.0000429  -0.00014531
  64    0.0000443  -0.00014692
  65    0.0000000  -0.00000038
  66    0.0000344  -0.00010579
  67    0.0000270  -0.00009748
  68    0.0000326  -0.00011760
  69    0.0000329  -0.00011148
  70    0.0000000  -0.00000035
  71    0.0000290  -0.00010177
  72    0.0000123  -0.00004514
  73    0.0000298  -0.00010845
  74    0.0000293  -0.00010722
  75    0.0000000  -0.00000033
  76    0.0000226  -0.00009473
  77    0.0000109  -0.00004117
  78    0.0000246  -0.00009399
  79    0.0000223  -0.00008639
  80    0.0000000  -0.00000032
  81    0.0000179  -0.00007267
  82    0.0000102  -0.00004032
  83    0.0000125  -0.00004647
  84    0.0000175  -0.00007677
  85    0.0000000  -0.00000023
  86    0.0000117  -0.00004196
  87    0.0000093  -0.00003946
  88    0.0000112  -0.00004106
  89    0.0000147  -0.00007132
  90    0.0000000  -0.00000022
  91    0.0000100  -0.00003790
  92    0.0000075  -0.00003092
  93    0.0000098  -0.00003986
  94    0.0000118  -0.00004331
  95    0.0000000  -0.00000025
  96    0.0000089  -0.00003693
  97    0.0000072  -0.00003008
  98    0.0000077  -0.00003222
  99    0.0000088  -0.00004004
 100    0.0000000  -0.00000022
 101    0.0000079  -0.00002994
 102    0.0000064  -0.00002979
 103    0.0000066  -0.00002998
 104    0.0000080  -0.00003732
 105    0.0000000  -0.00000024
 106    0.0000065  -0.00002800
 107    0.0000055  -0.00002290
 108    0.0000044  -0.00002204
 109    0.0000067  -0.00003039
 110    0.0000000  -0.00000014
 111    0.0000060  -0.00001920
 112    0.0000043  -0.00001998
 113    0.0000036  -0.00001104
 114    0.0000058  -0.00002731
 115    0.0000000  -0.00000013
 116    0.0000037  -0.00001288
 117    0.0000039  -0.00001510
 118    0.0000031  -0.00001078
 119    0.0000047  -0.00002191
 120    0.0000000  -0.00000012
 121    0.0000036  -0.00000818
 122    0.0000032  -0.00001049
 123    0.0000028  -0.00000659
 124    0.0000038  -0.00001324
 125    0.0000000  -0.00000013
 126    0.0000030  -0.00000681
 127    0.0000030  -0.00001006
 128    0.0000026  -0.00000636
 129    0.0000031  -0.00001047
 130    0.0000000  -0.00000013
 131    0.0000029  -0.00000586
 132    0.0000024  -0.00000749
 133    0.0000023  -0.00000664
 134    0.0000029  -0.00000839
 135    0.0000000  -0.00000013
 136    0.0000027  -0.00000334
 137    0.0000018  -0.00000234
 138    0.0000021  -0.00000557
 139    0.0000023  -0.00000715
 140    0.0000000  -0.00000012
 141    0.0000023  -0.00000512
 142    0.0000016  -0.00000118
 143    0.0000017  -0.00000166
 144    0.0000022  -0.00000633
 145    0.0000000  -0.00000011
 146    0.0000021  -0.00000474
 147    0.0000015  -0.00000153
 148    0.0000016  -0.00000147
 149    0.0000018  -0.00000406
 150    0.0000000  -0.00000010
 151    0.0000019  -0.00000258
 152    0.0000015  -0.00000088
 153    0.0000015  -0.00000174
 154    0.0000017  -0.00000162
 155    0.0000000  -0.00000009
 156    0.0000017  -0.00000148
 157    0.0000013  -0.00000086
 158    0.0000014  -0.00000100
 159    0.0000017  -0.00000170
 160    0.0000000  -0.00000010
 161    0.0000017  -0.00000119
 162    0.0000012  -0.00000103
 163    0.0000014  -0.00000066
 164    0.0000014  -0.00000172
 165    0.0000000  -0.00000007
 166    0.0000016  -0.00000126
 167    0.0000011  -0.00000125
 168    0.0000012  -0.00000139
 169    0.0000014  -0.00000113
 170    0.0000000  -0.00000005
 171    0.0000011  -0.00000055
 172    0.0000011  -0.00000068
 173    0.0000010  -0.00000082
 174    0.0000012  -0.00000108
 175    0.0000000  -0.00000004
 
----------------
 Final Energies 
----------------
Final NOF Total Energy =     -40.4678836
 
Total Orbital Internal Iterations = 248
Total Occupation Internal Iterations = 3
 
Elapsed time:  522.94 Seconds

---------------------------------
   Lowdin Population Analysis    
---------------------------------
 Idx  Atom   Population   Charge 
---------------------------------
  1     C     5.692       0.308
  2     H     1.077      -0.077
  3     H     1.077      -0.077
  4     H     1.077      -0.077
  5     H     1.077      -0.077

---------------------------------
   M Diagnostic: 0.02
---------------------------------

