Computing Integrals
Elapsed time:    6.05 Seconds

Number of basis functions                   (NBF)    = 582
Number of auxiliary basis functions         (NBFAUX) = 594
Inactive Doubly occupied orbitals up to     (NO1)    = 0
No. considered Strongly Doubly occupied MOs (NDOC)   = 22
No. considered Strongly Singly occupied MOs (NSOC)   = 0
NO. of Weakly occ. per St. Doubly occ.  MOs (NCWO)   = 25
Dimension of the Nat. Orb. subspace         (NBF5)   = 572
No. of electrons                                     = 44
    No. of alpha electrons                           = 22
    No. of beta electrons                            = 22
Multiplicity                                         = 1

Geometry
========
 C       0.0000000       0.7819400       1.3109900
 C       0.0000000      -0.7819400       1.3109900
 C       0.0000000       0.7392900      -0.2133700
 C       0.0000000      -0.7392900      -0.2133700
 C       0.0000000       1.6689400      -1.1606700
 C       0.0000000      -1.6689400      -1.1606700
 H       0.8851100       1.2383300       1.7526900
 H      -0.8851100       1.2383300       1.7526900
 H       0.8851100      -1.2383300       1.7526900
 H      -0.8851100      -1.2383300       1.7526900
 H       0.0000000       2.7231300      -0.9171500
 H       0.0000000       1.4037600      -2.2099200
 H       0.0000000      -1.4037600      -2.2099200
 H       0.0000000      -2.7231300      -0.9171500

No violations of the orthonormality
No violations of the orthonormality
 
PNOF8/ADAM Calculation
==================
 
  Nitext  Nit_orb  Time   Nit_occ  Time         Eelec          Etot           Ediff      maxdiff    Grad_orb  Grad_occ
0.00025452867118480604
0.0006875039641404329
     1      10    1.3e+02    6    3.7e+01  -446.32214272  -232.80101230 -10445.32214272   0.563178   6.0e+00   1.6e-04 0.03
0.0001704299808082399
0.00043643270612005744
     2      30    3.3e+02    3    4.3e+00  -446.59648151  -233.07535108    -0.27433879   0.015124   3.5e-01   1.7e-04 0.03
6.860487119808578e-5
0.00016673954170435233
     3      30    3.4e+02    1    3.1e+00  -446.60199282  -233.08086239    -0.00551130   0.006537   1.5e-01   2.6e-04 0.03
5.118168422224567e-5
9.862273954457833e-5
     4      30    3.3e+02    1    3.0e+00  -446.60125381  -233.08012338     0.00073900   0.007117   1.8e-01   2.2e-04 0.03
0.0
0.0
     5      50    5.5e+02    0    2.6e+00  -446.60322404  -233.08209361    -0.00197022   0.001024   1.8e-02   2.6e-04 0.03
0.0
0.0
     6      60    6.3e+02    0    2.7e+00  -446.60320896  -233.08207854     0.00001507   0.001385   2.4e-02   2.5e-04 0.03
0.0
0.0
     7      90    9.9e+02    0    2.5e+00  -446.60324225  -233.08211183    -0.00003329   0.000573   5.6e-03   2.6e-04 0.03
0.0
0.0
     8     100    1.1e+03    0    2.5e+00  -446.60324284  -233.08211241    -0.00000059   0.000178   2.8e-03   2.6e-04 0.03
0.0
0.0
     9     110    1.2e+03    0    2.6e+00  -446.60324321  -233.08211279    -0.00000037   0.000181   2.5e-03   2.6e-04 0.03
0.0
0.0
    10     120    1.3e+03    0    2.7e+00  -446.60324359  -233.08211316    -0.00000037   0.000121   1.8e-03   2.6e-04 0.03
0.0
0.0
    11     130    1.4e+03    0    2.7e+00  -446.60324388  -233.08211346    -0.00000030   0.000150   1.4e-03   2.6e-04 0.03
0.0
0.0
    12     140    1.5e+03    0    2.8e+00  -446.60324411  -233.08211369    -0.00000023   0.000106   1.1e-03   2.6e-04 0.03
0.0
0.0
    13     140    1.5e+03    0    3.0e+00  -446.60324431  -233.08211388    -0.00000019   0.000100   1.1e-03   2.6e-04 0.03
 
RESULTS OF THE OCCUPATION OPTIMIZATION
========================================
   1    1.9999586  -11.24339683
   2    1.9999579  -11.24254575
   3    1.9999640  -11.23685725
   4    1.9999642  -11.23685516
   5    1.9999680  -11.22896141
   6    1.9999657  -11.22837395
   7    1.9797590  -0.91923318
   8    1.9794385  -0.91532685
   9    1.9786288  -0.74932993
  10    1.9730331  -0.72590403
  11    1.9750167  -0.72471262
  12    1.9742873  -0.70182811
  13    1.9745402  -0.69195163
  14    1.9741794  -0.68705914
  15    1.9746540  -0.68587969
  16    1.9744303  -0.68431329
  17    1.9748179  -0.68381627
  18    1.9747828  -0.68325254
  19    1.9731865  -0.66064818
  20    1.9712222  -0.64662390
  21    1.9637290  -0.40663982
  22    1.9639818  -0.40612968
  23    0.0299834  -0.03380162
  24    0.0309765  -0.03443100
  25    0.0208983  -0.03128567
  26    0.0147260  -0.02038165
  27    0.0138311  -0.02005754
  28    0.0140107  -0.02015863
  29    0.0144373  -0.02046197
  30    0.0144373  -0.02047591
  31    0.0145743  -0.02049572
  32    0.0143651  -0.02039383
  33    0.0201891  -0.03215006
  34    0.0189538  -0.03134427
  35    0.0187954  -0.03121679
  36    0.0130517  -0.02008704
  37    0.0116336  -0.02339275
  38    0.0114508  -0.02325575
  39    0.0000277  -0.00066290
  40    0.0000272  -0.00064179
  41    0.0000302  -0.00069857
  42    0.0000289  -0.00066999
  43    0.0000327  -0.00076760
  44    0.0000333  -0.00078097
  45    0.0042252  -0.00629641
  46    0.0042767  -0.00635471
  47    0.0043845  -0.00793385
  48    0.0042187  -0.00682889
  49    0.0040542  -0.00682080
  50    0.0041806  -0.00698878
  51    0.0042570  -0.00702177
  52    0.0042195  -0.00702842
  53    0.0045192  -0.00736065
  54    0.0043210  -0.00714607
  55    0.0017943  -0.00489439
  56    0.0014327  -0.00507915
  57    0.0031746  -0.00670704
  58    0.0030018  -0.00627664
  59    0.0045962  -0.01072200
  60    0.0045252  -0.01070939
  61    0.0000022  -0.00002779
  62    0.0000016  -0.00003201
  63    0.0000017  -0.00001328
  64    0.0000028  -0.00006799
  65    0.0000034  -0.00007276
  66    0.0000030  -0.00007439
  67    0.0009040  -0.00179721
  68    0.0008117  -0.00157229
  69    0.0017470  -0.00415483
  70    0.0037244  -0.00641782
  71    0.0029418  -0.00517787
  72    0.0030366  -0.00526678
  73    0.0029756  -0.00512676
  74    0.0029802  -0.00513174
  75    0.0033820  -0.00603698
  76    0.0034032  -0.00610910
  77    0.0011927  -0.00285878
  78    0.0013003  -0.00382931
  79    0.0024140  -0.00508441
  80    0.0019862  -0.00547468
  81    0.0009807  -0.00437312
  82    0.0009551  -0.00329458
  83    0.0000015  -0.00003188
  84    0.0000012  -0.00000833
  85    0.0000014  -0.00002348
  86    0.0000018  -0.00001390
  87    0.0000029  -0.00006726
  88    0.0000027  -0.00004620
  89    0.0008069  -0.00157786
  90    0.0001307  -0.00032884
  91    0.0008958  -0.00215672
  92    0.0021049  -0.00428010
  93    0.0014025  -0.00420805
  94    0.0012966  -0.00363182
  95    0.0016185  -0.00396226
  96    0.0014801  -0.00388718
  97    0.0011863  -0.00299684
  98    0.0011576  -0.00294911
  99    0.0010762  -0.00319638
 100    0.0011386  -0.00292612
 101    0.0015607  -0.00438569
 102    0.0010995  -0.00296861
 103    0.0009760  -0.00406746
 104    0.0009396  -0.00541991
 105    0.0000012  -0.00001046
 106    0.0000009  -0.00004033
 107    0.0000013  -0.00000845
 108    0.0000014  -0.00000906
 109    0.0000015  -0.00002217
 110    0.0000012  -0.00001551
 111    0.0000336  -0.00011316
 112    0.0000197  -0.00006285
 113    0.0003363  -0.00087551
 114    0.0004721  -0.00125697
 115    0.0010767  -0.00314919
 116    0.0010840  -0.00345309
 117    0.0007173  -0.00189728
 118    0.0006341  -0.00172380
 119    0.0004826  -0.00129180
 120    0.0005047  -0.00142357
 121    0.0006011  -0.00159202
 122    0.0011182  -0.00329046
 123    0.0002883  -0.00088266
 124    0.0005145  -0.00173321
 125    0.0007992  -0.00225286
 126    0.0007816  -0.00222819
 127    0.0000012  -0.00001226
 128    0.0000009  -0.00003942
 129    0.0000009  -0.00004337
 130    0.0000010  -0.00004595
 131    0.0000011  -0.00004963
 132    0.0000010  -0.00004552
 133    0.0000136  -0.00004516
 134    0.0000109  -0.00004055
 135    0.0001214  -0.00036719
 136    0.0003451  -0.00092582
 137    0.0006773  -0.00176442
 138    0.0003578  -0.00092700
 139    0.0003685  -0.00093772
 140    0.0003694  -0.00094561
 141    0.0004631  -0.00138457
 142    0.0003876  -0.00113869
 143    0.0003578  -0.00107632
 144    0.0005545  -0.00152130
 145    0.0002130  -0.00064364
 146    0.0003985  -0.00215534
 147    0.0005121  -0.00217486
 148    0.0004735  -0.00214548
 149    0.0000002  -0.00000237
 150    0.0000001  -0.00000134
 151    0.0000001  -0.00000184
 152    0.0000001  -0.00000190
 153    0.0000001  -0.00000181
 154    0.0000001  -0.00000119
 155    0.0000128  -0.00004300
 156    0.0000081  -0.00002264
 157    0.0001081  -0.00032277
 158    0.0003165  -0.00093640
 159    0.0003500  -0.00089407
 160    0.0002935  -0.00085605
 161    0.0003201  -0.00086868
 162    0.0002884  -0.00095974
 163    0.0003432  -0.00089159
 164    0.0003311  -0.00104590
 165    0.0001083  -0.00037359
 166    0.0001261  -0.00043469
 167    0.0001081  -0.00034443
 168    0.0003456  -0.00159990
 169    0.0001884  -0.00092305
 170    0.0003106  -0.00177236
 171    0.0000001  -0.00000157
 172    0.0000000  -0.00000109
 173    0.0000000  -0.00000085
 174    0.0000001  -0.00000111
 175    0.0000001  -0.00000109
 176    0.0000000  -0.00000071
 177    0.0000098  -0.00002386
 178    0.0000050  -0.00001554
 179    0.0000545  -0.00017486
 180    0.0002467  -0.00064766
 181    0.0002252  -0.00060213
 182    0.0002473  -0.00071247
 183    0.0002119  -0.00065917
 184    0.0002333  -0.00062425
 185    0.0002436  -0.00068859
 186    0.0002486  -0.00076596
 187    0.0000974  -0.00031936
 188    0.0000842  -0.00029525
 189    0.0000939  -0.00029000
 190    0.0002540  -0.00107564
 191    0.0001663  -0.00055591
 192    0.0001774  -0.00081157
 193    0.0000000  -0.00000106
 194    0.0000000  -0.00000052
 195    0.0000000  -0.00000068
 196    0.0000000  -0.00000063
 197    0.0000000  -0.00000080
 198    0.0000000  -0.00000047
 199    0.0000060  -0.00001921
 200    0.0000037  -0.00001171
 201    0.0000510  -0.00018229
 202    0.0001695  -0.00046346
 203    0.0001502  -0.00046072
 204    0.0001597  -0.00045997
 205    0.0001339  -0.00042112
 206    0.0002093  -0.00060160
 207    0.0001620  -0.00047452
 208    0.0001623  -0.00046339
 209    0.0000638  -0.00021537
 210    0.0000547  -0.00020361
 211    0.0000715  -0.00024677
 212    0.0001972  -0.00104935
 213    0.0001477  -0.00066876
 214    0.0001611  -0.00054659
 215    0.0000000  -0.00000068
 216    0.0000000  -0.00000036
 217    0.0000000  -0.00000056
 218    0.0000000  -0.00000051
 219    0.0000000  -0.00000065
 220    0.0000000  -0.00000031
 221    0.0000054  -0.00001758
 222    0.0000035  -0.00001055
 223    0.0000433  -0.00015279
 224    0.0001327  -0.00038572
 225    0.0001181  -0.00035331
 226    0.0001189  -0.00036572
 227    0.0001281  -0.00041536
 228    0.0001291  -0.00044902
 229    0.0000997  -0.00031035
 230    0.0001378  -0.00042988
 231    0.0000575  -0.00020472
 232    0.0000517  -0.00018063
 233    0.0000634  -0.00022249
 234    0.0001065  -0.00039414
 235    0.0001297  -0.00066734
 236    0.0001451  -0.00063076
 237    0.0000000  -0.00000042
 238    0.0000000  -0.00000024
 239    0.0000000  -0.00000050
 240    0.0000000  -0.00000037
 241    0.0000000  -0.00000058
 242    0.0000000  -0.00000029
 243    0.0000042  -0.00001322
 244    0.0000024  -0.00000824
 245    0.0000327  -0.00012440
 246    0.0000686  -0.00022699
 247    0.0000963  -0.00029007
 248    0.0000946  -0.00029571
 249    0.0000957  -0.00032225
 250    0.0000904  -0.00029287
 251    0.0000729  -0.00024226
 252    0.0001186  -0.00042543
 253    0.0000533  -0.00017896
 254    0.0000442  -0.00016095
 255    0.0000489  -0.00017639
 256    0.0000985  -0.00036561
 257    0.0000592  -0.00022147
 258    0.0000761  -0.00028109
 259    0.0000000  -0.00000037
 260    0.0000000  -0.00000022
 261    0.0000000  -0.00000034
 262    0.0000000  -0.00000031
 263    0.0000000  -0.00000055
 264    0.0000000  -0.00000025
 265    0.0000029  -0.00000903
 266    0.0000024  -0.00000803
 267    0.0000213  -0.00008467
 268    0.0000614  -0.00019867
 269    0.0000716  -0.00024805
 270    0.0000857  -0.00027242
 271    0.0000868  -0.00028093
 272    0.0000838  -0.00027181
 273    0.0000644  -0.00021126
 274    0.0000749  -0.00024684
 275    0.0000376  -0.00015148
 276    0.0000364  -0.00013435
 277    0.0000304  -0.00011992
 278    0.0000743  -0.00025915
 279    0.0000558  -0.00021715
 280    0.0000511  -0.00019240
 281    0.0000000  -0.00000027
 282    0.0000000  -0.00000018
 283    0.0000000  -0.00000023
 284    0.0000000  -0.00000026
 285    0.0000000  -0.00000051
 286    0.0000000  -0.00000023
 287    0.0000019  -0.00000583
 288    0.0000022  -0.00000686
 289    0.0000137  -0.00005641
 290    0.0000556  -0.00018567
 291    0.0000505  -0.00017816
 292    0.0000535  -0.00018538
 293    0.0000486  -0.00016683
 294    0.0000468  -0.00016392
 295    0.0000483  -0.00016768
 296    0.0000656  -0.00021551
 297    0.0000256  -0.00010068
 298    0.0000203  -0.00008960
 299    0.0000243  -0.00010428
 300    0.0000677  -0.00024570
 301    0.0000437  -0.00017722
 302    0.0000412  -0.00016431
 303    0.0000000  -0.00000025
 304    0.0000000  -0.00000016
 305    0.0000000  -0.00000017
 306    0.0000000  -0.00000023
 307    0.0000000  -0.00000047
 308    0.0000000  -0.00000020
 309    0.0000013  -0.00000434
 310    0.0000020  -0.00000684
 311    0.0000103  -0.00004565
 312    0.0000334  -0.00012948
 313    0.0000381  -0.00013277
 314    0.0000330  -0.00013205
 315    0.0000405  -0.00015135
 316    0.0000286  -0.00011254
 317    0.0000401  -0.00014528
 318    0.0000368  -0.00013987
 319    0.0000115  -0.00005461
 320    0.0000139  -0.00006178
 321    0.0000195  -0.00007936
 322    0.0000438  -0.00016710
 323    0.0000365  -0.00014983
 324    0.0000340  -0.00014840
 325    0.0000000  -0.00000021
 326    0.0000000  -0.00000014
 327    0.0000000  -0.00000012
 328    0.0000000  -0.00000019
 329    0.0000000  -0.00000043
 330    0.0000000  -0.00000020
 331    0.0000012  -0.00000410
 332    0.0000019  -0.00000604
 333    0.0000095  -0.00004185
 334    0.0000311  -0.00012007
 335    0.0000254  -0.00010356
 336    0.0000291  -0.00011490
 337    0.0000288  -0.00011575
 338    0.0000259  -0.00010373
 339    0.0000296  -0.00012092
 340    0.0000339  -0.00013088
 341    0.0000092  -0.00004262
 342    0.0000111  -0.00005109
 343    0.0000139  -0.00006129
 344    0.0000273  -0.00011918
 345    0.0000360  -0.00014349
 346    0.0000294  -0.00012680
 347    0.0000000  -0.00000019
 348    0.0000000  -0.00000012
 349    0.0000000  -0.00000009
 350    0.0000000  -0.00000014
 351    0.0000000  -0.00000047
 352    0.0000000  -0.00000018
 353    0.0000011  -0.00000394
 354    0.0000018  -0.00000599
 355    0.0000087  -0.00003942
 356    0.0000246  -0.00010016
 357    0.0000235  -0.00010164
 358    0.0000225  -0.00009608
 359    0.0000206  -0.00008573
 360    0.0000182  -0.00007802
 361    0.0000258  -0.00010559
 362    0.0000259  -0.00010512
 363    0.0000070  -0.00003395
 364    0.0000088  -0.00004356
 365    0.0000086  -0.00004008
 366    0.0000212  -0.00009432
 367    0.0000335  -0.00014122
 368    0.0000241  -0.00010790
 369    0.0000000  -0.00000016
 370    0.0000000  -0.00000010
 371    0.0000000  -0.00000008
 372    0.0000000  -0.00000012
 373    0.0000000  -0.00000044
 374    0.0000000  -0.00000017
 375    0.0000009  -0.00000360
 376    0.0000015  -0.00000533
 377    0.0000078  -0.00003443
 378    0.0000187  -0.00007733
 379    0.0000190  -0.00008136
 380    0.0000186  -0.00007877
 381    0.0000172  -0.00007615
 382    0.0000144  -0.00006221
 383    0.0000158  -0.00006986
 384    0.0000222  -0.00009498
 385    0.0000061  -0.00003129
 386    0.0000076  -0.00003870
 387    0.0000076  -0.00003743
 388    0.0000198  -0.00009073
 389    0.0000297  -0.00012578
 390    0.0000153  -0.00007461
 391    0.0000000  -0.00000014
 392    0.0000000  -0.00000009
 393    0.0000000  -0.00000007
 394    0.0000000  -0.00000011
 395    0.0000000  -0.00000042
 396    0.0000000  -0.00000015
 397    0.0000009  -0.00000331
 398    0.0000015  -0.00000576
 399    0.0000064  -0.00003015
 400    0.0000155  -0.00006499
 401    0.0000141  -0.00006035
 402    0.0000155  -0.00006457
 403    0.0000150  -0.00006171
 404    0.0000121  -0.00005324
 405    0.0000131  -0.00005904
 406    0.0000163  -0.00006735
 407    0.0000048  -0.00002565
 408    0.0000068  -0.00003511
 409    0.0000076  -0.00003682
 410    0.0000134  -0.00006396
 411    0.0000290  -0.00012462
 412    0.0000115  -0.00005615
 413    0.0000000  -0.00000014
 414    0.0000000  -0.00000009
 415    0.0000000  -0.00000005
 416    0.0000000  -0.00000009
 417    0.0000000  -0.00000044
 418    0.0000000  -0.00000016
 419    0.0000008  -0.00000326
 420    0.0000014  -0.00000543
 421    0.0000063  -0.00002874
 422    0.0000125  -0.00005429
 423    0.0000118  -0.00005344
 424    0.0000103  -0.00004566
 425    0.0000131  -0.00005708
 426    0.0000091  -0.00004228
 427    0.0000113  -0.00004885
 428    0.0000120  -0.00005287
 429    0.0000045  -0.00002300
 430    0.0000050  -0.00002639
 431    0.0000057  -0.00002880
 432    0.0000122  -0.00005853
 433    0.0000233  -0.00011046
 434    0.0000108  -0.00005365
 435    0.0000000  -0.00000013
 436    0.0000000  -0.00000010
 437    0.0000000  -0.00000004
 438    0.0000000  -0.00000008
 439    0.0000000  -0.00000042
 440    0.0000000  -0.00000015
 441    0.0000006  -0.00000288
 442    0.0000014  -0.00000509
 443    0.0000050  -0.00002261
 444    0.0000079  -0.00003659
 445    0.0000103  -0.00004517
 446    0.0000091  -0.00004240
 447    0.0000103  -0.00004845
 448    0.0000086  -0.00003877
 449    0.0000102  -0.00004569
 450    0.0000086  -0.00004144
 451    0.0000038  -0.00001834
 452    0.0000034  -0.00001612
 453    0.0000040  -0.00001753
 454    0.0000106  -0.00005709
 455    0.0000180  -0.00008408
 456    0.0000073  -0.00004198
 457    0.0000000  -0.00000011
 458    0.0000000  -0.00000009
 459    0.0000000  -0.00000004
 460    0.0000000  -0.00000008
 461    0.0000000  -0.00000040
 462    0.0000000  -0.00000013
 463    0.0000005  -0.00000277
 464    0.0000013  -0.00000421
 465    0.0000036  -0.00001433
 466    0.0000074  -0.00003579
 467    0.0000089  -0.00004147
 468    0.0000076  -0.00003762
 469    0.0000063  -0.00003061
 470    0.0000070  -0.00003549
 471    0.0000096  -0.00004304
 472    0.0000074  -0.00003697
 473    0.0000029  -0.00001266
 474    0.0000026  -0.00001158
 475    0.0000037  -0.00001652
 476    0.0000089  -0.00004564
 477    0.0000166  -0.00007707
 478    0.0000056  -0.00003524
 479    0.0000000  -0.00000012
 480    0.0000000  -0.00000008
 481    0.0000000  -0.00000004
 482    0.0000000  -0.00000007
 483    0.0000000  -0.00000039
 484    0.0000000  -0.00000014
 485    0.0000004  -0.00000256
 486    0.0000013  -0.00000419
 487    0.0000032  -0.00001291
 488    0.0000067  -0.00003011
 489    0.0000074  -0.00003689
 490    0.0000055  -0.00002867
 491    0.0000056  -0.00002894
 492    0.0000061  -0.00002956
 493    0.0000075  -0.00003899
 494    0.0000058  -0.00003052
 495    0.0000027  -0.00001200
 496    0.0000025  -0.00001086
 497    0.0000032  -0.00001361
 498    0.0000064  -0.00003720
 499    0.0000144  -0.00007007
 500    0.0000045  -0.00002627
 501    0.0000000  -0.00000009
 502    0.0000000  -0.00000007
 503    0.0000000  -0.00000004
 504    0.0000000  -0.00000007
 505    0.0000000  -0.00000039
 506    0.0000000  -0.00000014
 507    0.0000003  -0.00000246
 508    0.0000011  -0.00000406
 509    0.0000031  -0.00001303
 510    0.0000055  -0.00002435
 511    0.0000056  -0.00002878
 512    0.0000044  -0.00001965
 513    0.0000055  -0.00002789
 514    0.0000055  -0.00002716
 515    0.0000064  -0.00003118
 516    0.0000047  -0.00002348
 517    0.0000023  -0.00000992
 518    0.0000023  -0.00001008
 519    0.0000030  -0.00001245
 520    0.0000048  -0.00003005
 521    0.0000137  -0.00006397
 522    0.0000043  -0.00002430
 523    0.0000000  -0.00000008
 524    0.0000000  -0.00000006
 525    0.0000000  -0.00000003
 526    0.0000000  -0.00000007
 527    0.0000000  -0.00000038
 528    0.0000000  -0.00000012
 529    0.0000003  -0.00000224
 530    0.0000011  -0.00000385
 531    0.0000031  -0.00001259
 532    0.0000044  -0.00001795
 533    0.0000046  -0.00002207
 534    0.0000041  -0.00001788
 535    0.0000042  -0.00001917
 536    0.0000047  -0.00002433
 537    0.0000049  -0.00002493
 538    0.0000043  -0.00002101
 539    0.0000019  -0.00000827
 540    0.0000020  -0.00000896
 541    0.0000019  -0.00000824
 542    0.0000040  -0.00002311
 543    0.0000120  -0.00005569
 544    0.0000036  -0.00001903
 545    0.0000000  -0.00000007
 546    0.0000000  -0.00000005
 547    0.0000000  -0.00000004
 548    0.0000000  -0.00000006
 549    0.0000000  -0.00000039
 550    0.0000000  -0.00000012
 551    0.0000003  -0.00000219
 552    0.0000011  -0.00000376
 553    0.0000028  -0.00001125
 554    0.0000034  -0.00001427
 555    0.0000033  -0.00001446
 556    0.0000032  -0.00001325
 557    0.0000033  -0.00001383
 558    0.0000040  -0.00001776
 559    0.0000048  -0.00002272
 560    0.0000038  -0.00001679
 561    0.0000015  -0.00000676
 562    0.0000016  -0.00000718
 563    0.0000016  -0.00000687
 564    0.0000031  -0.00001608
 565    0.0000104  -0.00004996
 566    0.0000024  -0.00001289
 567    0.0000000  -0.00000007
 568    0.0000000  -0.00000006
 569    0.0000000  -0.00000003
 570    0.0000000  -0.00000005
 571    0.0000000  -0.00000038
 572    0.0000000  -0.00000010
 
----------------
 Final Energies 
----------------
Final NOF Total Energy =    -233.0821139
 
Total Orbital Internal Iterations = 1040
Total Occupation Internal Iterations = 11
 
Elapsed time: 11659.78 Seconds

---------------------------------
   Lowdin Population Analysis    
---------------------------------
 Idx  Atom   Population   Charge 
---------------------------------
  1     C     5.839       0.161
  2     C     5.839       0.161
  3     C     6.098      -0.098
  4     C     6.099      -0.099
  5     C     5.786       0.214
  6     C     5.785       0.215
  7     H     1.057      -0.057
  8     H     1.057      -0.057
  9     H     1.056      -0.056
 10     H     1.057      -0.057
 11     H     1.083      -0.083
 12     H     1.081      -0.081
 13     H     1.081      -0.081
 14     H     1.083      -0.083

---------------------------------
   M Diagnostic: 0.03
---------------------------------

