Computing Integrals
Elapsed time:    3.77 Seconds

Number of basis functions                   (NBF)    = 552
Number of auxiliary basis functions         (NBFAUX) = 580
Inactive Doubly occupied orbitals up to     (NO1)    = 0
No. considered Strongly Doubly occupied MOs (NDOC)   = 23
No. considered Strongly Singly occupied MOs (NSOC)   = 0
NO. of Weakly occ. per St. Doubly occ.  MOs (NCWO)   = 23
Dimension of the Nat. Orb. subspace         (NBF5)   = 552
No. of electrons                                     = 46
    No. of alpha electrons                           = 23
    No. of beta electrons                            = 23
Multiplicity                                         = 1

Geometry
========
 C      -4.2698900       1.4127500       1.4746300
 H      -4.7271600       1.0644200       2.4136100
 C      -2.7751500       1.0754000       1.4999300
 H      -2.2942200       1.4078100       0.5642500
 H      -2.2849200       1.6189200       2.3209200
 N      -2.5090300      -0.3344100       1.6991900
 C      -2.7510900      -1.3849500       1.1504000
 O      -2.9106900      -2.4766100       0.7222800
 H      -4.7496500       0.8459000       0.6607200
 C      -4.5143200       2.9118400       1.2877300
 H      -4.0578900       3.4974500       2.0997200
 H      -4.0927900       3.2724600       0.3376700
 H      -5.5893500       3.1366400       1.2804300

No violations of the orthonormality
No violations of the orthonormality
 
PNOF8/ADAM Calculation
==================
 
  Nitext  Nit_orb  Time   Nit_occ  Time         Eelec          Etot           Ediff      maxdiff    Grad_orb  Grad_occ
0.00044559666182385736
0.0008795016437091017
     1      10    1.6e+02    7    2.9e+01  -499.78484382  -285.60371557 -10498.78484382   1.075704   7.6e+00   3.0e-04 0.03
0.0003772492649920696
0.000738163444284196
     2      30    4.1e+02    7    3.7e+00  -500.46681292  -286.28568468    -0.68196911   0.015371   3.1e-01   2.0e-04 0.03
9.76775842222808e-5
0.00025406435824553315
     3      30    4.4e+02    4    2.8e+00  -500.47594673  -286.29481849    -0.00913381   0.008634   1.9e-01   2.2e-04 0.03
4.979332328127438e-5
0.00014235024595939203
     4      30    4.2e+02    3    2.3e+00  -500.47515411  -286.29402587     0.00079262   0.008187   2.1e-01   2.5e-04 0.03
3.2904333017835796e-5
8.310600424172854e-5
     5      50    7.1e+02    1    1.7e+00  -500.47779110  -286.29666285    -0.00263698   0.000898   2.1e-02   2.3e-04 0.03
0.0
0.0
     6      50    7.2e+02    0    1.4e+00  -500.47768214  -286.29655390     0.00010896   0.001995   4.7e-02   2.1e-04 0.03
0.0
0.0
     7      80    1.1e+03    0    1.4e+00  -500.47781853  -286.29669029    -0.00013639   0.000283   5.0e-03   2.1e-04 0.03
0.0
0.0
     8      90    1.3e+03    0    1.4e+00  -500.47781821  -286.29668997     0.00000032   0.000310   5.7e-03   2.1e-04 0.03
0.0
0.0
     9      97    1.4e+03    0    1.4e+00  -500.47782092  -286.29669268    -0.00000271   0.000098   1.7e-03   2.1e-04 0.03
 
RESULTS OF THE OCCUPATION OPTIMIZATION
========================================
   1    1.9999883  -20.62147755
   2    1.9999844  -15.60801601
   3    1.9999731  -11.38090811
   4    1.9999688  -11.30461640
   5    1.9999654  -11.25903038
   6    1.9999686  -11.24499383
   7    1.9893106  -1.42066695
   8    1.9825786  -1.20810808
   9    1.9752089  -0.88804997
  10    1.9749225  -0.74542837
  11    1.9769342  -0.72265357
  12    1.9823999  -0.71820093
  13    1.9732771  -0.70766582
  14    1.9738307  -0.70686394
  15    1.9731849  -0.70681144
  16    1.9750087  -0.69773498
  17    1.9733536  -0.69216180
  18    1.9740865  -0.68775986
  19    1.9727297  -0.67385651
  20    1.9719361  -0.66761593
  21    1.9781414  -0.60958873
  22    1.9672970  -0.54731136
  23    1.9656716  -0.52852779
  24    0.0265275  -0.04109140
  25    0.0276774  -0.04288619
  26    0.0067201  -0.01372045
  27    0.0159139  -0.02139435
  28    0.0158663  -0.02116741
  29    0.0160502  -0.02152196
  30    0.0196022  -0.03866399
  31    0.0160780  -0.02159738
  32    0.0157018  -0.02184492
  33    0.0155066  -0.02170697
  34    0.0193234  -0.03038798
  35    0.0080090  -0.01954175
  36    0.0146052  -0.02118291
  37    0.0196194  -0.03148128
  38    0.0214480  -0.03773594
  39    0.0100464  -0.02382423
  40    0.0043207  -0.01150794
  41    0.0000268  -0.00061638
  42    0.0000259  -0.00060404
  43    0.0000246  -0.00056724
  44    0.0000192  -0.00046799
  45    0.0000131  -0.00040434
  46    0.0000104  -0.00040348
  47    0.0032281  -0.00648383
  48    0.0041561  -0.00850047
  49    0.0051756  -0.01092765
  50    0.0042034  -0.00666278
  51    0.0044769  -0.00690891
  52    0.0044109  -0.00679275
  53    0.0031660  -0.00798320
  54    0.0044173  -0.00690930
  55    0.0041226  -0.00673023
  56    0.0048164  -0.00831321
  57    0.0039501  -0.00770300
  58    0.0041222  -0.00923000
  59    0.0037712  -0.00671715
  60    0.0015564  -0.00482044
  61    0.0009083  -0.00256360
  62    0.0045744  -0.01307026
  63    0.0016590  -0.00801656
  64    0.0000015  -0.00003779
  65    0.0000031  -0.00006602
  66    0.0000022  -0.00003973
  67    0.0000027  -0.00006079
  68    0.0000008  -0.00003189
  69    0.0000004  -0.00000751
  70    0.0029450  -0.00591937
  71    0.0002666  -0.00075131
  72    0.0044660  -0.00986165
  73    0.0033895  -0.00575487
  74    0.0039526  -0.00643140
  75    0.0023473  -0.00471995
  76    0.0017789  -0.00495999
  77    0.0015358  -0.00334967
  78    0.0030620  -0.00584834
  79    0.0029752  -0.00548247
  80    0.0010470  -0.00286768
  81    0.0012199  -0.00556597
  82    0.0015838  -0.00554773
  83    0.0010117  -0.00278693
  84    0.0008409  -0.00240264
  85    0.0008204  -0.00305973
  86    0.0013715  -0.00688704
  87    0.0000010  -0.00002399
  88    0.0000023  -0.00002672
  89    0.0000018  -0.00001519
  90    0.0000020  -0.00002080
  91    0.0000006  -0.00004214
  92    0.0000003  -0.00003561
  93    0.0015220  -0.00356200
  94    0.0002571  -0.00072972
  95    0.0037326  -0.00797167
  96    0.0031419  -0.00533216
  97    0.0011037  -0.00242447
  98    0.0011321  -0.00246785
  99    0.0016447  -0.00472664
 100    0.0011374  -0.00254168
 101    0.0022010  -0.00424070
 102    0.0010895  -0.00248322
 103    0.0008703  -0.00224369
 104    0.0010508  -0.00468276
 105    0.0010797  -0.00257102
 106    0.0009023  -0.00245472
 107    0.0005535  -0.00171469
 108    0.0004751  -0.00195933
 109    0.0009538  -0.00570310
 110    0.0000010  -0.00001476
 111    0.0000017  -0.00002621
 112    0.0000014  -0.00001598
 113    0.0000014  -0.00001604
 114    0.0000005  -0.00000418
 115    0.0000003  -0.00000320
 116    0.0000390  -0.00012504
 117    0.0001518  -0.00047901
 118    0.0005236  -0.00162494
 119    0.0003850  -0.00111372
 120    0.0004956  -0.00120136
 121    0.0005963  -0.00130508
 122    0.0002042  -0.00075374
 123    0.0004022  -0.00105138
 124    0.0004509  -0.00131589
 125    0.0004936  -0.00134818
 126    0.0006992  -0.00166697
 127    0.0008561  -0.00288896
 128    0.0004581  -0.00125068
 129    0.0008153  -0.00204421
 130    0.0004382  -0.00128107
 131    0.0004017  -0.00182358
 132    0.0006324  -0.00520229
 133    0.0000008  -0.00002217
 134    0.0000012  -0.00002289
 135    0.0000009  -0.00004805
 136    0.0000011  -0.00005195
 137    0.0000005  -0.00000575
 138    0.0000003  -0.00000275
 139    0.0000186  -0.00005776
 140    0.0000905  -0.00032191
 141    0.0002655  -0.00086904
 142    0.0002325  -0.00068253
 143    0.0003100  -0.00079224
 144    0.0003824  -0.00094132
 145    0.0000711  -0.00027695
 146    0.0003047  -0.00097594
 147    0.0003253  -0.00091063
 148    0.0003193  -0.00088869
 149    0.0004003  -0.00108014
 150    0.0006906  -0.00216752
 151    0.0003620  -0.00113187
 152    0.0006567  -0.00152230
 153    0.0002533  -0.00093757
 154    0.0002976  -0.00184980
 155    0.0004808  -0.00334512
 156    0.0000001  -0.00000146
 157    0.0000001  -0.00000189
 158    0.0000001  -0.00000138
 159    0.0000002  -0.00000207
 160    0.0000000  -0.00000054
 161    0.0000000  -0.00000059
 162    0.0000115  -0.00004070
 163    0.0000325  -0.00012164
 164    0.0002601  -0.00084721
 165    0.0001617  -0.00046453
 166    0.0002763  -0.00071035
 167    0.0002556  -0.00068979
 168    0.0000552  -0.00025303
 169    0.0002767  -0.00076493
 170    0.0002545  -0.00074426
 171    0.0002067  -0.00064039
 172    0.0001101  -0.00032081
 173    0.0005545  -0.00192724
 174    0.0003050  -0.00111038
 175    0.0001765  -0.00057118
 176    0.0000921  -0.00034905
 177    0.0002123  -0.00123958
 178    0.0004691  -0.00211298
 179    0.0000001  -0.00000132
 180    0.0000000  -0.00000103
 181    0.0000000  -0.00000110
 182    0.0000001  -0.00000179
 183    0.0000000  -0.00000053
 184    0.0000000  -0.00000027
 185    0.0000084  -0.00003124
 186    0.0000242  -0.00007688
 187    0.0001489  -0.00068709
 188    0.0001533  -0.00044538
 189    0.0002098  -0.00059117
 190    0.0002254  -0.00061714
 191    0.0000284  -0.00013510
 192    0.0002144  -0.00060980
 193    0.0001772  -0.00052010
 194    0.0001670  -0.00052102
 195    0.0000617  -0.00020082
 196    0.0003201  -0.00162533
 197    0.0002178  -0.00069980
 198    0.0000808  -0.00028254
 199    0.0000747  -0.00029420
 200    0.0001460  -0.00095500
 201    0.0002816  -0.00138721
 202    0.0000000  -0.00000087
 203    0.0000000  -0.00000068
 204    0.0000000  -0.00000076
 205    0.0000000  -0.00000081
 206    0.0000000  -0.00000026
 207    0.0000000  -0.00000023
 208    0.0000059  -0.00001869
 209    0.0000131  -0.00005148
 210    0.0001117  -0.00043967
 211    0.0001459  -0.00043425
 212    0.0001648  -0.00048220
 213    0.0001046  -0.00033018
 214    0.0000212  -0.00011452
 215    0.0001373  -0.00046773
 216    0.0001252  -0.00040631
 217    0.0001510  -0.00047185
 218    0.0000511  -0.00017427
 219    0.0002830  -0.00105410
 220    0.0002017  -0.00062808
 221    0.0000592  -0.00021131
 222    0.0000515  -0.00020357
 223    0.0001229  -0.00078859
 224    0.0002566  -0.00128071
 225    0.0000000  -0.00000043
 226    0.0000000  -0.00000053
 227    0.0000000  -0.00000059
 228    0.0000000  -0.00000044
 229    0.0000000  -0.00000022
 230    0.0000000  -0.00000011
 231    0.0000054  -0.00001884
 232    0.0000082  -0.00003503
 233    0.0000907  -0.00034272
 234    0.0000818  -0.00025579
 235    0.0000998  -0.00028799
 236    0.0000978  -0.00030670
 237    0.0000189  -0.00009863
 238    0.0001075  -0.00031679
 239    0.0000861  -0.00028169
 240    0.0000969  -0.00031014
 241    0.0000371  -0.00013922
 242    0.0001511  -0.00105359
 243    0.0001075  -0.00037755
 244    0.0000588  -0.00019788
 245    0.0000270  -0.00011582
 246    0.0000935  -0.00047280
 247    0.0000872  -0.00112767
 248    0.0000000  -0.00000029
 249    0.0000000  -0.00000051
 250    0.0000000  -0.00000047
 251    0.0000000  -0.00000029
 252    0.0000000  -0.00000013
 253    0.0000000  -0.00000006
 254    0.0000037  -0.00001307
 255    0.0000057  -0.00001947
 256    0.0000601  -0.00026455
 257    0.0000579  -0.00018801
 258    0.0000814  -0.00024699
 259    0.0000794  -0.00024623
 260    0.0000142  -0.00007989
 261    0.0001025  -0.00030387
 262    0.0000828  -0.00027170
 263    0.0000844  -0.00027794
 264    0.0000321  -0.00012227
 265    0.0000640  -0.00037941
 266    0.0000906  -0.00030551
 267    0.0000442  -0.00016738
 268    0.0000176  -0.00008777
 269    0.0000732  -0.00052881
 270    0.0000445  -0.00027400
 271    0.0000000  -0.00000024
 272    0.0000000  -0.00000047
 273    0.0000000  -0.00000040
 274    0.0000000  -0.00000033
 275    0.0000000  -0.00000008
 276    0.0000000  -0.00000005
 277    0.0000023  -0.00000808
 278    0.0000047  -0.00001811
 279    0.0000436  -0.00017217
 280    0.0000511  -0.00016298
 281    0.0000576  -0.00017682
 282    0.0000633  -0.00019506
 283    0.0000130  -0.00007499
 284    0.0000886  -0.00027085
 285    0.0000464  -0.00015730
 286    0.0000641  -0.00021808
 287    0.0000280  -0.00010531
 288    0.0000452  -0.00024477
 289    0.0000747  -0.00024426
 290    0.0000316  -0.00011483
 291    0.0000165  -0.00008582
 292    0.0000310  -0.00015237
 293    0.0000292  -0.00016656
 294    0.0000000  -0.00000021
 295    0.0000000  -0.00000041
 296    0.0000000  -0.00000038
 297    0.0000000  -0.00000029
 298    0.0000000  -0.00000006
 299    0.0000000  -0.00000004
 300    0.0000020  -0.00000726
 301    0.0000033  -0.00001226
 302    0.0000414  -0.00016775
 303    0.0000406  -0.00014158
 304    0.0000463  -0.00015959
 305    0.0000504  -0.00016462
 306    0.0000065  -0.00003292
 307    0.0000555  -0.00018362
 308    0.0000436  -0.00015303
 309    0.0000423  -0.00015129
 310    0.0000264  -0.00010312
 311    0.0000392  -0.00017192
 312    0.0000494  -0.00017876
 313    0.0000133  -0.00005892
 314    0.0000146  -0.00007060
 315    0.0000299  -0.00014989
 316    0.0000229  -0.00013402
 317    0.0000000  -0.00000014
 318    0.0000000  -0.00000040
 319    0.0000000  -0.00000020
 320    0.0000000  -0.00000022
 321    0.0000000  -0.00000004
 322    0.0000000  -0.00000002
 323    0.0000018  -0.00000675
 324    0.0000023  -0.00000862
 325    0.0000361  -0.00015943
 326    0.0000287  -0.00011409
 327    0.0000359  -0.00012757
 328    0.0000276  -0.00010911
 329    0.0000043  -0.00001831
 330    0.0000494  -0.00017552
 331    0.0000328  -0.00013224
 332    0.0000385  -0.00014395
 333    0.0000193  -0.00008332
 334    0.0000338  -0.00016332
 335    0.0000377  -0.00014885
 336    0.0000112  -0.00005305
 337    0.0000130  -0.00006339
 338    0.0000252  -0.00013390
 339    0.0000199  -0.00011744
 340    0.0000000  -0.00000011
 341    0.0000000  -0.00000039
 342    0.0000000  -0.00000018
 343    0.0000000  -0.00000022
 344    0.0000000  -0.00000004
 345    0.0000000  -0.00000003
 346    0.0000013  -0.00000545
 347    0.0000014  -0.00000634
 348    0.0000332  -0.00014317
 349    0.0000194  -0.00008183
 350    0.0000212  -0.00008669
 351    0.0000212  -0.00008927
 352    0.0000033  -0.00001586
 353    0.0000175  -0.00008006
 354    0.0000282  -0.00011492
 355    0.0000305  -0.00012013
 356    0.0000153  -0.00006506
 357    0.0000275  -0.00013820
 358    0.0000308  -0.00012737
 359    0.0000096  -0.00004388
 360    0.0000092  -0.00004464
 361    0.0000167  -0.00009822
 362    0.0000181  -0.00011410
 363    0.0000000  -0.00000011
 364    0.0000000  -0.00000038
 365    0.0000000  -0.00000015
 366    0.0000000  -0.00000020
 367    0.0000000  -0.00000004
 368    0.0000000  -0.00000002
 369    0.0000012  -0.00000502
 370    0.0000013  -0.00000566
 371    0.0000265  -0.00013101
 372    0.0000136  -0.00005332
 373    0.0000165  -0.00007378
 374    0.0000183  -0.00008438
 375    0.0000032  -0.00001591
 376    0.0000159  -0.00007343
 377    0.0000208  -0.00008949
 378    0.0000243  -0.00010182
 379    0.0000105  -0.00004621
 380    0.0000240  -0.00012163
 381    0.0000199  -0.00009697
 382    0.0000081  -0.00003960
 383    0.0000078  -0.00004109
 384    0.0000159  -0.00009564
 385    0.0000132  -0.00009895
 386    0.0000000  -0.00000007
 387    0.0000000  -0.00000037
 388    0.0000000  -0.00000014
 389    0.0000000  -0.00000017
 390    0.0000000  -0.00000003
 391    0.0000000  -0.00000002
 392    0.0000010  -0.00000433
 393    0.0000013  -0.00000572
 394    0.0000226  -0.00011673
 395    0.0000120  -0.00004726
 396    0.0000148  -0.00006316
 397    0.0000120  -0.00005146
 398    0.0000023  -0.00001072
 399    0.0000123  -0.00005336
 400    0.0000171  -0.00007434
 401    0.0000171  -0.00008188
 402    0.0000101  -0.00004424
 403    0.0000213  -0.00011680
 404    0.0000190  -0.00009241
 405    0.0000051  -0.00002839
 406    0.0000066  -0.00003617
 407    0.0000096  -0.00005453
 408    0.0000082  -0.00005911
 409    0.0000000  -0.00000007
 410    0.0000000  -0.00000036
 411    0.0000000  -0.00000011
 412    0.0000000  -0.00000017
 413    0.0000000  -0.00000003
 414    0.0000000  -0.00000002
 415    0.0000009  -0.00000365
 416    0.0000011  -0.00000492
 417    0.0000218  -0.00010856
 418    0.0000090  -0.00003830
 419    0.0000126  -0.00005349
 420    0.0000110  -0.00004700
 421    0.0000022  -0.00001064
 422    0.0000093  -0.00004307
 423    0.0000123  -0.00005172
 424    0.0000106  -0.00004790
 425    0.0000076  -0.00003643
 426    0.0000195  -0.00010551
 427    0.0000131  -0.00006462
 428    0.0000046  -0.00002399
 429    0.0000053  -0.00002984
 430    0.0000085  -0.00004733
 431    0.0000063  -0.00004899
 432    0.0000000  -0.00000007
 433    0.0000000  -0.00000037
 434    0.0000000  -0.00000010
 435    0.0000000  -0.00000013
 436    0.0000000  -0.00000004
 437    0.0000000  -0.00000001
 438    0.0000007  -0.00000328
 439    0.0000011  -0.00000461
 440    0.0000199  -0.00009590
 441    0.0000058  -0.00002602
 442    0.0000074  -0.00003438
 443    0.0000086  -0.00004024
 444    0.0000019  -0.00000893
 445    0.0000080  -0.00003993
 446    0.0000081  -0.00003674
 447    0.0000088  -0.00003849
 448    0.0000065  -0.00003138
 449    0.0000177  -0.00010578
 450    0.0000125  -0.00006237
 451    0.0000033  -0.00001666
 452    0.0000037  -0.00001830
 453    0.0000064  -0.00004113
 454    0.0000041  -0.00003208
 455    0.0000000  -0.00000006
 456    0.0000000  -0.00000034
 457    0.0000000  -0.00000009
 458    0.0000000  -0.00000013
 459    0.0000000  -0.00000003
 460    0.0000000  -0.00000001
 461    0.0000006  -0.00000305
 462    0.0000010  -0.00000451
 463    0.0000185  -0.00009959
 464    0.0000056  -0.00002564
 465    0.0000069  -0.00003030
 466    0.0000078  -0.00003879
 467    0.0000015  -0.00000756
 468    0.0000069  -0.00003605
 469    0.0000064  -0.00003114
 470    0.0000081  -0.00003661
 471    0.0000050  -0.00002427
 472    0.0000152  -0.00009164
 473    0.0000091  -0.00004398
 474    0.0000029  -0.00001408
 475    0.0000028  -0.00001403
 476    0.0000055  -0.00004145
 477    0.0000033  -0.00002312
 478    0.0000000  -0.00000006
 479    0.0000000  -0.00000030
 480    0.0000000  -0.00000010
 481    0.0000000  -0.00000012
 482    0.0000000  -0.00000003
 483    0.0000000  -0.00000002
 484    0.0000005  -0.00000293
 485    0.0000008  -0.00000374
 486    0.0000166  -0.00008225
 487    0.0000049  -0.00002042
 488    0.0000055  -0.00002582
 489    0.0000041  -0.00001910
 490    0.0000013  -0.00000712
 491    0.0000053  -0.00002730
 492    0.0000054  -0.00002610
 493    0.0000072  -0.00003615
 494    0.0000042  -0.00001984
 495    0.0000135  -0.00008081
 496    0.0000064  -0.00003569
 497    0.0000028  -0.00001320
 498    0.0000025  -0.00001301
 499    0.0000043  -0.00002761
 500    0.0000030  -0.00002078
 501    0.0000000  -0.00000006
 502    0.0000000  -0.00000027
 503    0.0000000  -0.00000009
 504    0.0000000  -0.00000010
 505    0.0000000  -0.00000003
 506    0.0000000  -0.00000002
 507    0.0000005  -0.00000280
 508    0.0000008  -0.00000359
 509    0.0000129  -0.00006322
 510    0.0000035  -0.00001461
 511    0.0000048  -0.00002134
 512    0.0000039  -0.00001863
 513    0.0000011  -0.00000516
 514    0.0000051  -0.00002648
 515    0.0000027  -0.00001257
 516    0.0000061  -0.00003058
 517    0.0000042  -0.00001817
 518    0.0000113  -0.00006371
 519    0.0000062  -0.00003351
 520    0.0000020  -0.00001079
 521    0.0000022  -0.00001152
 522    0.0000036  -0.00002386
 523    0.0000024  -0.00001608
 524    0.0000000  -0.00000006
 525    0.0000000  -0.00000024
 526    0.0000000  -0.00000008
 527    0.0000000  -0.00000010
 528    0.0000000  -0.00000003
 529    0.0000000  -0.00000002
 530    0.0000004  -0.00000246
 531    0.0000006  -0.00000325
 532    0.0000105  -0.00004859
 533    0.0000031  -0.00001306
 534    0.0000036  -0.00001551
 535    0.0000034  -0.00001617
 536    0.0000009  -0.00000431
 537    0.0000038  -0.00001826
 538    0.0000018  -0.00000824
 539    0.0000052  -0.00002651
 540    0.0000038  -0.00001697
 541    0.0000105  -0.00005492
 542    0.0000046  -0.00002676
 543    0.0000018  -0.00000890
 544    0.0000019  -0.00000931
 545    0.0000011  -0.00000682
 546    0.0000017  -0.00001114
 547    0.0000000  -0.00000005
 548    0.0000000  -0.00000012
 549    0.0000000  -0.00000009
 550    0.0000000  -0.00000010
 551    0.0000000  -0.00000002
 552    0.0000000  -0.00000001
 
----------------
 Final Energies 
----------------
Final NOF Total Energy =    -286.2966927
 
Total Orbital Internal Iterations = 467
Total Occupation Internal Iterations = 22
 
Elapsed time: 6730.30 Seconds

---------------------------------
   Lowdin Population Analysis    
---------------------------------
 Idx  Atom   Population   Charge 
---------------------------------
  1     C     5.930       0.070
  2     H     1.042      -0.042
  3     C     6.028      -0.028
  4     H     1.039      -0.039
  5     H     1.040      -0.040
  6     N     6.720       0.280
  7     C     6.461      -0.461
  8     O     7.743       0.257
  9     H     1.043      -0.043
 10     C     5.790       0.210
 11     H     1.054      -0.054
 12     H     1.054      -0.054
 13     H     1.055      -0.055

---------------------------------
   M Diagnostic: 0.03
---------------------------------

