Computing Integrals
Elapsed time:    2.74 Seconds

Number of basis functions                   (NBF)    = 117
Number of auxiliary basis functions         (NBFAUX) = 113
Inactive Doubly occupied orbitals up to     (NO1)    = 0
No. considered Strongly Doubly occupied MOs (NDOC)   = 5
No. considered Strongly Singly occupied MOs (NSOC)   = 0
NO. of Weakly occ. per St. Doubly occ.  MOs (NCWO)   = 22
Dimension of the Nat. Orb. subspace         (NBF5)   = 115
No. of electrons                                     = 10
    No. of alpha electrons                           = 5
    No. of beta electrons                            = 5
Multiplicity                                         = 1

Geometry
========
 O      -1.0998900      -0.3612200       0.0000000
 H      -0.1296500      -0.3179200       0.0000000
 H      -1.3829500       0.5678200       0.0000000

No violations of the orthonormality
No violations of the orthonormality
 
PNOF8/ADAM Calculation
==================
 
  Nitext  Nit_orb  Time   Nit_occ  Time         Eelec          Etot           Ediff      maxdiff    Grad_orb  Grad_occ
0.00017025364476936245
0.00028624625601220946
     1      10    2.5e+01    4    2.4e+01   -85.41906753   -76.35641219 -10084.41906753   0.114420   1.2e+00   1.9e-04 0.02
0.000136409598453212
0.00019212562334799564
     2      30    3.7e+01    3    5.0e-02   -85.42789349   -76.36523815    -0.00882596   0.016482   1.8e-01   1.8e-04 0.02
0.0001034897315169269
0.0001823643756470512
     3      30    3.5e+01    3    1.1e-01   -85.42969344   -76.36703809    -0.00179994   0.004276   2.7e-02   2.0e-04 0.03
4.144865374500206e-5
7.72336376097912e-5
     4      30    3.4e+01    1    9.7e-02   -85.42948635   -76.36683100     0.00020709   0.009009   7.6e-02   1.8e-04 0.03
0.0
0.0
     5      50    6.2e+01    0    7.6e-02   -85.42973001   -76.36707467    -0.00024367   0.000521   4.4e-03   2.0e-04 0.03
0.0
0.0
     6      60    7.2e+01    0    2.4e-02   -85.42972638   -76.36707103     0.00000364   0.001320   1.1e-02   1.9e-04 0.03
0.0
0.0
     7      86    1.0e+02    0    5.1e-02   -85.42973182   -76.36707647    -0.00000544   0.000098   1.0e-03   2.0e-04 0.03
 
RESULTS OF THE OCCUPATION OPTIMIZATION
========================================
   1    1.9999860  -20.59811795
   2    1.9878356  -1.27686979
   3    1.9738370  -0.74621768
   4    1.9707958  -0.72469002
   5    1.9789130  -0.54813108
   6    0.0118962  -0.01934307
   7    0.0178490  -0.02923131
   8    0.0209030  -0.03214139
   9    0.0074622  -0.01962926
  10    0.0000116  -0.00044933
  11    0.0049654  -0.00960707
  12    0.0038557  -0.00810116
  13    0.0039548  -0.00833346
  14    0.0011998  -0.00542331
  15    0.0000011  -0.00000498
  16    0.0013149  -0.00381868
  17    0.0035991  -0.00782065
  18    0.0004176  -0.00117812
  19    0.0008234  -0.00297224
  20    0.0000008  -0.00002141
  21    0.0008207  -0.00214594
  22    0.0035108  -0.00780964
  23    0.0003092  -0.00095965
  24    0.0005962  -0.00238408
  25    0.0000002  -0.00002397
  26    0.0006741  -0.00316010
  27    0.0000921  -0.00036766
  28    0.0002714  -0.00087694
  29    0.0005266  -0.00186086
  30    0.0000001  -0.00000114
  31    0.0003509  -0.00103153
  32    0.0000705  -0.00028246
  33    0.0000753  -0.00029700
  34    0.0004358  -0.00145812
  35    0.0000000  -0.00000076
  36    0.0003251  -0.00098334
  37    0.0000665  -0.00027248
  38    0.0000526  -0.00022771
  39    0.0003925  -0.00146598
  40    0.0000000  -0.00000064
  41    0.0002947  -0.00087664
  42    0.0000350  -0.00014211
  43    0.0000446  -0.00016898
  44    0.0002709  -0.00095541
  45    0.0000000  -0.00000060
  46    0.0001684  -0.00080808
  47    0.0000330  -0.00015751
  48    0.0000352  -0.00016626
  49    0.0001602  -0.00067341
  50    0.0000000  -0.00000052
  51    0.0001174  -0.00038994
  52    0.0000275  -0.00011137
  53    0.0000328  -0.00016618
  54    0.0000917  -0.00111294
  55    0.0000000  -0.00000047
  56    0.0000357  -0.00015512
  57    0.0000170  -0.00006364
  58    0.0000174  -0.00008402
  59    0.0000389  -0.00016551
  60    0.0000000  -0.00000042
  61    0.0000256  -0.00014222
  62    0.0000094  -0.00004729
  63    0.0000128  -0.00005835
  64    0.0000287  -0.00015268
  65    0.0000000  -0.00000041
  66    0.0000225  -0.00009751
  67    0.0000082  -0.00002926
  68    0.0000087  -0.00004957
  69    0.0000218  -0.00012731
  70    0.0000000  -0.00000034
  71    0.0000171  -0.00009623
  72    0.0000079  -0.00002728
  73    0.0000066  -0.00003473
  74    0.0000215  -0.00011796
  75    0.0000000  -0.00000036
  76    0.0000136  -0.00006876
  77    0.0000051  -0.00001125
  78    0.0000053  -0.00001528
  79    0.0000202  -0.00012143
  80    0.0000000  -0.00000033
  81    0.0000123  -0.00006340
  82    0.0000036  -0.00001170
  83    0.0000038  -0.00001556
  84    0.0000180  -0.00011118
  85    0.0000000  -0.00000033
  86    0.0000095  -0.00005312
  87    0.0000033  -0.00000427
  88    0.0000032  -0.00000956
  89    0.0000148  -0.00010835
  90    0.0000000  -0.00000030
  91    0.0000076  -0.00004379
  92    0.0000028  -0.00000667
  93    0.0000028  -0.00000713
  94    0.0000117  -0.00006922
  95    0.0000000  -0.00000025
  96    0.0000050  -0.00003058
  97    0.0000024  -0.00000591
  98    0.0000019  -0.00000472
  99    0.0000099  -0.00005897
 100    0.0000000  -0.00000025
 101    0.0000043  -0.00002047
 102    0.0000020  -0.00000310
 103    0.0000017  -0.00000352
 104    0.0000081  -0.00005361
 105    0.0000000  -0.00000025
 106    0.0000035  -0.00001698
 107    0.0000016  -0.00000354
 108    0.0000015  -0.00000342
 109    0.0000063  -0.00004312
 110    0.0000000  -0.00000021
 111    0.0000025  -0.00001183
 112    0.0000016  -0.00000325
 113    0.0000011  -0.00000226
 114    0.0000049  -0.00002689
 115    0.0000000  -0.00000019
 
----------------
 Final Energies 
----------------
Final NOF Total Energy =     -76.3670765
 
Total Orbital Internal Iterations = 296
Total Occupation Internal Iterations = 11
 
Elapsed time:  420.58 Seconds

---------------------------------
   Lowdin Population Analysis    
---------------------------------
 Idx  Atom   Population   Charge 
---------------------------------
  1     O     7.376       0.624
  2     H     1.311      -0.311
  3     H     1.313      -0.313

---------------------------------
   M Diagnostic: 0.03
---------------------------------

