Computing Integrals
Elapsed time:    2.96 Seconds

Number of basis functions                   (NBF)    = 140
Number of auxiliary basis functions         (NBFAUX) = 256
Inactive Doubly occupied orbitals up to     (NO1)    = 0
No. considered Strongly Doubly occupied MOs (NDOC)   = 17
No. considered Strongly Singly occupied MOs (NSOC)   = 1
NO. of Weakly occ. per St. Doubly occ.  MOs (NCWO)   = 7
Dimension of the Nat. Orb. subspace         (NBF5)   = 137
No. of electrons                                     = 35
    No. of alpha electrons                           = 18
    No. of beta electrons                            = 17
Multiplicity                                         = 2

Geometry
========
Cl       0.0000000       0.0000000       1.3665000
Cl       0.0000000       0.0000000      -1.3665000

No violations of the orthonormality
No violations of the orthonormality
 
PNOF8/ADAM Calculation
==================
 
  Nitext  Nit_orb  Time   Nit_occ  Time         Eelec          Etot           Ediff      maxdiff    Grad_orb  Grad_occ
0.00013810483166525576
0.00032655254959675507
     1      10    3.0e+01    5    2.8e+01  -975.82569436  -919.86817503 -10974.82569436   0.585970   9.5e+00   2.1e-04 0.02
9.237595650491912e-5
0.0001720279166856635
     2      30    5.2e+01    3    8.3e-02  -976.05607199  -920.09855266    -0.23037764   0.051525   8.5e-01   1.9e-04 0.02
4.313935409772703e-5
9.371311545859416e-5
     3      30    4.7e+01    3    8.4e-02  -976.07620238  -920.11868305    -0.02013039   0.018838   2.5e-01   1.2e-04 0.02
5.506599068579206e-5
9.908310235952731e-5
     4      30    5.5e+01    2    6.8e-02  -976.07782424  -920.12030491    -0.00162186   0.019689   2.7e-01   1.9e-04 0.02
2.8250867131318635e-5
4.964109826220723e-5
     5      30    5.4e+01    1    4.9e-02  -976.07784760  -920.12032827    -0.00002336   0.018157   2.7e-01   2.2e-04 0.02
3.0343405046595606e-5
5.726881106073795e-5
     6      30    5.2e+01    2    1.1e-01  -976.07793358  -920.12041425    -0.00008598   0.016327   2.7e-01   1.9e-04 0.02
3.164317458714816e-5
4.5782077486615414e-5
     7      30    6.0e+01    1    5.8e-02  -976.07788182  -920.12036250     0.00005175   0.017994   2.8e-01   2.0e-04 0.02
1.3741182591564538e-5
2.215471860781974e-5
     8      50    9.0e+01    1    4.6e-02  -976.07943458  -920.12191525    -0.00155276   0.002720   2.9e-02   1.1e-04 0.02
0.0
0.0
     9      50    9.1e+01    0    9.1e-02  -976.07935861  -920.12183929     0.00007597   0.003988   5.5e-02   1.5e-04 0.02
0.0
0.0
    10      80    1.4e+02    0    3.7e-02  -976.07947880  -920.12195947    -0.00012019   0.000405   4.8e-03   1.1e-04 0.02
0.0
0.0
    11      90    1.7e+02    0    4.3e-02  -976.07947340  -920.12195407     0.00000541   0.000692   9.3e-03   1.1e-04 0.02
0.0
0.0
    12     120    2.2e+02    0    3.6e-02  -976.07948031  -920.12196098    -0.00000691   0.000179   2.0e-03   1.1e-04 0.02
0.0
0.0
    13     130    2.3e+02    0    3.6e-02  -976.07947979  -920.12196046     0.00000051   0.000289   3.2e-03   1.2e-04 0.02
0.0
0.0
    14     126    2.2e+02    0    3.7e-02  -976.07948062  -920.12196129    -0.00000083   0.000100   1.0e-03   1.1e-04 0.02
 
RESULTS OF THE OCCUPATION OPTIMIZATION
========================================
   1    1.9999988  -104.66408003
   2    1.9999984  -104.65925969
   3    1.9999355  -10.36216013
   4    1.9998712  -10.35715883
   5    1.9992440  -7.82602510
   6    1.9990235  -7.82458607
   7    1.9992998  -7.82416084
   8    1.9992028  -7.82189351
   9    1.9989905  -7.82025098
  10    1.9992988  -7.82019712
  11    1.9828480  -0.82958979
  12    1.9817885  -0.81717020
  13    1.9778405  -0.29006680
  14    1.9770474  -0.25954346
  15    1.9759849  -0.25881436
  16    1.9684156  -0.25796419
  17    1.9688470  -0.25381815
  18    1.0000000  -0.12201844
  19    0.0081770  -0.01515707
  20    0.0082740  -0.01521609
  21    0.0102460  -0.01787430
  22    0.0090627  -0.01730694
  23    0.0090399  -0.02352143
  24    0.0074075  -0.02592961
  25    0.0059245  -0.02478380
  26    0.0006138  -0.01351912
  27    0.0004504  -0.01055735
  28    0.0004777  -0.01091725
  29    0.0005510  -0.01242437
  30    0.0004701  -0.01084616
  31    0.0004923  -0.01110621
  32    0.0000627  -0.00065992
  33    0.0000497  -0.00080145
  34    0.0000004  -0.00001845
  35    0.0000009  -0.00003485
  36    0.0081091  -0.01495538
  37    0.0081749  -0.01490186
  38    0.0087978  -0.02054776
  39    0.0081223  -0.02063950
  40    0.0074968  -0.01767336
  41    0.0065850  -0.01835518
  42    0.0037739  -0.01790772
  43    0.0000164  -0.00014590
  44    0.0004293  -0.01018918
  45    0.0000838  -0.00094564
  46    0.0000826  -0.00105196
  47    0.0003741  -0.00920011
  48    0.0000824  -0.00083044
  49    0.0000151  -0.00016871
  50    0.0000047  -0.00006161
  51    0.0000002  -0.00001431
  52    0.0000001  -0.00000793
  53    0.0076246  -0.01414370
  54    0.0076645  -0.01407072
  55    0.0022022  -0.00907600
  56    0.0021735  -0.00932222
  57    0.0021804  -0.00943691
  58    0.0020146  -0.00983141
  59    0.0018453  -0.00997420
  60    0.0000159  -0.00014413
  61    0.0000793  -0.00105266
  62    0.0000780  -0.00331907
  63    0.0000170  -0.00014779
  64    0.0000836  -0.00111139
  65    0.0000773  -0.00298799
  66    0.0000147  -0.00075311
  67    0.0000039  -0.00005545
  68    0.0000002  -0.00001384
  69    0.0000001  -0.00000604
  70    0.0063333  -0.01589763
  71    0.0069686  -0.01646911
  72    0.0007153  -0.00158702
  73    0.0020068  -0.00853823
  74    0.0019943  -0.00923983
  75    0.0005740  -0.00157871
  76    0.0018253  -0.00995848
  77    0.0000152  -0.00013535
  78    0.0000142  -0.00032078
  79    0.0000725  -0.00085617
  80    0.0000140  -0.00013093
  81    0.0000140  -0.00014493
  82    0.0000648  -0.00087836
  83    0.0000109  -0.00014127
  84    0.0000032  -0.00061222
  85    0.0000002  -0.00001256
  86    0.0000001  -0.00000441
  87    0.0004532  -0.00120214
  88    0.0002394  -0.00100632
  89    0.0007121  -0.00159029
  90    0.0006563  -0.00157888
  91    0.0006180  -0.00150120
  92    0.0005606  -0.00165388
  93    0.0017194  -0.00957332
  94    0.0000150  -0.00013462
  95    0.0000138  -0.00028782
  96    0.0000683  -0.00081362
  97    0.0000129  -0.00012318
  98    0.0000131  -0.00032634
  99    0.0000156  -0.00014385
 100    0.0000102  -0.00009357
 101    0.0000029  -0.00058107
 102    0.0000002  -0.00001150
 103    0.0000000  -0.00000071
 104    0.0002372  -0.00096620
 105    0.0002078  -0.00087447
 106    0.0006787  -0.00152000
 107    0.0006391  -0.00152650
 108    0.0005308  -0.00137184
 109    0.0005382  -0.00151812
 110    0.0016119  -0.00940993
 111    0.0000128  -0.00012243
 112    0.0000131  -0.00028244
 113    0.0000096  -0.00008643
 114    0.0000124  -0.00011458
 115    0.0000124  -0.00052339
 116    0.0000126  -0.00012223
 117    0.0000092  -0.00008950
 118    0.0000001  -0.00000767
 119    0.0000002  -0.00001123
 120    0.0000000  -0.00000066
 121    0.0002186  -0.00092747
 122    0.0000552  -0.00018134
 123    0.0006630  -0.00147207
 124    0.0002918  -0.00125918
 125    0.0002993  -0.00130127
 126    0.0005316  -0.00151786
 127    0.0004517  -0.00147726
 128    0.0000120  -0.00011278
 129    0.0000094  -0.00008495
 130    0.0000072  -0.00007476
 131    0.0000105  -0.00009302
 132    0.0000091  -0.00008539
 133    0.0000111  -0.00011546
 134    0.0000060  -0.00006925
 135    0.0000001  -0.00000652
 136    0.0000002  -0.00001017
 137    0.0000000  -0.00000050
 
----------------
 Final Energies 
----------------
Final NOF Total Energy =    -920.1219613
 
Total Orbital Internal Iterations = 836
Total Occupation Internal Iterations = 18
 
Elapsed time: 1558.56 Seconds

---------------------------------
   Lowdin Population Analysis    
---------------------------------
 Idx  Atom   Population   Charge 
---------------------------------
  1    Cl    17.510      -0.510
  2    Cl    17.490      -0.490

---------------------------------
   M Diagnostic: 0.02
---------------------------------

