Computing Integrals
Elapsed time:    3.09 Seconds

Number of basis functions                   (NBF)    = 147
Number of auxiliary basis functions         (NBFAUX) = 131
Inactive Doubly occupied orbitals up to     (NO1)    = 0
No. considered Strongly Doubly occupied MOs (NDOC)   = 5
No. considered Strongly Singly occupied MOs (NSOC)   = 0
NO. of Weakly occ. per St. Doubly occ.  MOs (NCWO)   = 28
Dimension of the Nat. Orb. subspace         (NBF5)   = 145
No. of electrons                                     = 10
    No. of alpha electrons                           = 5
    No. of beta electrons                            = 5
Multiplicity                                         = 1

Geometry
========
 N       0.0549800      -2.1256000       0.0000000
 H      -0.4862300      -2.9797600       0.0000000
 H       0.6555200      -2.1464800       0.8134300
 H       0.6555200      -2.1464800      -0.8134300

No violations of the orthonormality
No violations of the orthonormality
 
PNOF8/ADAM Calculation
==================
 
  Nitext  Nit_orb  Time   Nit_occ  Time         Eelec          Etot           Ediff      maxdiff    Grad_orb  Grad_occ
0.00015040327248040664
0.0003357957659269458
     1      10    3.1e+01    3    2.8e+01   -68.44866194   -56.48557218 -10067.44866194   0.186988   1.9e+00   1.9e-04 0.02
0.0001103839411054075
0.00016122752978610882
     2      30    4.2e+01    1    7.0e-02   -68.46527639   -56.50218663    -0.01661445   0.024060   2.5e-01   1.7e-04 0.02
9.991315998784077e-5
0.00020146243723055817
     3      30    4.4e+01    3    4.8e-02   -68.46812229   -56.50503254    -0.00284590   0.000996   6.5e-03   1.1e-04 0.02
3.1457526107891987e-5
5.520046757691394e-5
     4      30    4.1e+01    1    3.1e-02   -68.46809773   -56.50500798     0.00002456   0.003370   3.2e-02   1.4e-04 0.02
0.0
0.0
     5      50    7.1e+01    0    3.4e-02   -68.46813341   -56.50504366    -0.00003568   0.000817   5.6e-03   1.2e-04 0.02
0.0
0.0
     6      60    8.4e+01    0    3.1e-02   -68.46813300   -56.50504325     0.00000041   0.001102   6.9e-03   1.2e-04 0.02
0.0
0.0
     7      90    1.3e+02    0    7.6e-02   -68.46813491   -56.50504515    -0.00000191   0.000123   7.6e-04   1.2e-04 0.02
0.0
0.0
     8     100    1.4e+02    0    1.5e-02   -68.46813491   -56.50504516    -0.00000001   0.000126   8.2e-04   1.2e-04 0.02
0.0
0.0
     9     107    1.5e+02    0    2.5e-02   -68.46813492   -56.50504516    -0.00000000   0.000058   6.8e-04   1.2e-04 0.02
 
RESULTS OF THE OCCUPATION OPTIMIZATION
========================================
   1    1.9999739  -15.55749450
   2    1.9860479  -1.02676260
   3    1.9741728  -0.64643188
   4    1.9726125  -0.63876879
   5    1.9722346  -0.63452089
   6    0.0171561  -0.02448211
   7    0.0170903  -0.02463323
   8    0.0182579  -0.02563450
   9    0.0076148  -0.01577180
  10    0.0000212  -0.00063098
  11    0.0046710  -0.00804200
  12    0.0046704  -0.00809390
  13    0.0046199  -0.00808169
  14    0.0011991  -0.00551402
  15    0.0000017  -0.00003111
  16    0.0042792  -0.00766276
  17    0.0041968  -0.00762188
  18    0.0010487  -0.00229044
  19    0.0011024  -0.00342988
  20    0.0000014  -0.00001102
  21    0.0006161  -0.00147683
  22    0.0006626  -0.00181292
  23    0.0006679  -0.00178975
  24    0.0010662  -0.00337951
  25    0.0000009  -0.00000273
  26    0.0003062  -0.00085809
  27    0.0001806  -0.00054062
  28    0.0003262  -0.00090430
  29    0.0006440  -0.00203967
  30    0.0000006  -0.00004220
  31    0.0002825  -0.00076615
  32    0.0001388  -0.00043270
  33    0.0002830  -0.00076111
  34    0.0006190  -0.00175253
  35    0.0000000  -0.00000099
  36    0.0000994  -0.00032445
  37    0.0000977  -0.00032810
  38    0.0001783  -0.00052988
  39    0.0005903  -0.00164383
  40    0.0000000  -0.00000069
  41    0.0000692  -0.00024850
  42    0.0000789  -0.00026654
  43    0.0001058  -0.00033837
  44    0.0003843  -0.00104990
  45    0.0000000  -0.00000062
  46    0.0000593  -0.00019846
  47    0.0000536  -0.00020471
  48    0.0000874  -0.00027746
  49    0.0003142  -0.00093551
  50    0.0000000  -0.00000052
  51    0.0000509  -0.00017708
  52    0.0000500  -0.00018340
  53    0.0000699  -0.00023761
  54    0.0001743  -0.00147245
  55    0.0000000  -0.00000042
  56    0.0000470  -0.00016511
  57    0.0000386  -0.00014936
  58    0.0000425  -0.00016284
  59    0.0000515  -0.00019299
  60    0.0000000  -0.00000042
  61    0.0000276  -0.00011963
  62    0.0000312  -0.00013043
  63    0.0000279  -0.00012621
  64    0.0000365  -0.00015587
  65    0.0000000  -0.00000037
  66    0.0000223  -0.00009490
  67    0.0000244  -0.00011362
  68    0.0000250  -0.00010617
  69    0.0000306  -0.00013802
  70    0.0000000  -0.00000036
  71    0.0000159  -0.00006682
  72    0.0000130  -0.00005566
  73    0.0000184  -0.00008070
  74    0.0000210  -0.00009317
  75    0.0000000  -0.00000036
  76    0.0000120  -0.00004915
  77    0.0000111  -0.00004900
  78    0.0000114  -0.00005598
  79    0.0000167  -0.00008218
  80    0.0000000  -0.00000032
  81    0.0000096  -0.00003940
  82    0.0000104  -0.00004442
  83    0.0000109  -0.00004860
  84    0.0000135  -0.00007290
  85    0.0000000  -0.00000033
  86    0.0000088  -0.00003749
  87    0.0000090  -0.00003861
  88    0.0000084  -0.00003927
  89    0.0000125  -0.00006544
  90    0.0000000  -0.00000026
  91    0.0000067  -0.00002996
  92    0.0000063  -0.00002607
  93    0.0000064  -0.00003432
  94    0.0000102  -0.00005433
  95    0.0000000  -0.00000027
  96    0.0000048  -0.00001691
  97    0.0000039  -0.00001036
  98    0.0000057  -0.00002264
  99    0.0000096  -0.00004948
 100    0.0000000  -0.00000027
 101    0.0000040  -0.00000886
 102    0.0000035  -0.00000771
 103    0.0000046  -0.00001694
 104    0.0000078  -0.00004450
 105    0.0000000  -0.00000024
 106    0.0000032  -0.00000555
 107    0.0000032  -0.00000609
 108    0.0000042  -0.00001714
 109    0.0000068  -0.00003895
 110    0.0000000  -0.00000021
 111    0.0000027  -0.00000466
 112    0.0000028  -0.00000581
 113    0.0000041  -0.00001380
 114    0.0000050  -0.00003481
 115    0.0000000  -0.00000023
 116    0.0000024  -0.00000424
 117    0.0000023  -0.00000450
 118    0.0000030  -0.00000737
 119    0.0000047  -0.00002867
 120    0.0000000  -0.00000020
 121    0.0000021  -0.00000396
 122    0.0000022  -0.00000343
 123    0.0000025  -0.00000570
 124    0.0000045  -0.00002532
 125    0.0000000  -0.00000020
 126    0.0000020  -0.00000196
 127    0.0000018  -0.00000231
 128    0.0000021  -0.00000302
 129    0.0000038  -0.00001950
 130    0.0000000  -0.00000019
 131    0.0000018  -0.00000260
 132    0.0000014  -0.00000177
 133    0.0000019  -0.00000236
 134    0.0000033  -0.00001765
 135    0.0000000  -0.00000017
 136    0.0000014  -0.00000173
 137    0.0000014  -0.00000138
 138    0.0000017  -0.00000275
 139    0.0000028  -0.00001292
 140    0.0000000  -0.00000020
 141    0.0000012  -0.00000111
 142    0.0000013  -0.00000083
 143    0.0000016  -0.00000211
 144    0.0000026  -0.00000903
 145    0.0000000  -0.00000014
 
----------------
 Final Energies 
----------------
Final NOF Total Energy =     -56.5050452
 
Total Orbital Internal Iterations = 507
Total Occupation Internal Iterations = 8
 
Elapsed time:  785.02 Seconds

---------------------------------
   Lowdin Population Analysis    
---------------------------------
 Idx  Atom   Population   Charge 
---------------------------------
  1     N     6.420       0.580
  2     H     1.193      -0.193
  3     H     1.194      -0.194
  4     H     1.193      -0.193

---------------------------------
   M Diagnostic: 0.02
---------------------------------

