Computing Integrals
Elapsed time:    4.81 Seconds

Number of basis functions                   (NBF)    = 498
Number of auxiliary basis functions         (NBFAUX) = 466
Inactive Doubly occupied orbitals up to     (NO1)    = 0
No. considered Strongly Doubly occupied MOs (NDOC)   = 18
No. considered Strongly Singly occupied MOs (NSOC)   = 0
NO. of Weakly occ. per St. Doubly occ.  MOs (NCWO)   = 26
Dimension of the Nat. Orb. subspace         (NBF5)   = 486
No. of electrons                                     = 36
    No. of alpha electrons                           = 18
    No. of beta electrons                            = 18
Multiplicity                                         = 1

Geometry
========
 O      -1.7256600       0.9851800      -0.0044900
 H      -0.7531100       1.0110600      -0.0095400
 C      -2.0954100      -0.3745700      -0.0092600
 H      -3.1816600      -0.4238500      -0.0050100
 H      -1.7421400      -0.9053100      -0.8986200
 H      -1.7348200      -0.9134700       0.8722100
 N       1.1825300       0.9029300      -0.0142100
 H       1.5531500       1.4107000       0.7789200
 H       1.5532800       1.3672600      -0.8334700
 C       1.6602900      -0.4831100       0.0232500
 H       1.2684000      -1.0171300      -0.8389400
 H       2.7470000      -0.5898400       0.0262800
 H       1.2681600      -0.9698400       0.9128800

No violations of the orthonormality
Hartree-Fock
============

  Nitext  Nitint    Eelec          Etot           Ediff          maxdiff
     1      1  -202.14071010   -70.32497094    86.58088119    18.52748693 
     2     10  -310.66094714  -178.84520798    -1.35270563     6.98980881 
     3     10  -331.19067585  -199.37493668    -2.37596639     5.78915235 
     4     10  -335.28730243  -203.47156327    -0.45342478     6.86013485 
     5     10  -337.86050433  -206.04476517    -1.37022813     5.52849852 
     6     10  -338.50487011  -206.68913095    -0.74744822     5.46238510 
     7     10  -338.91163064  -207.09589147     0.06151437     5.88345675 
     8     10  -338.96918008  -207.15344091     0.43765240     5.63269322 
     9     10  -339.54820704  -207.73246787    -0.17484201     5.30316496 
    10     10  -339.56526697  -207.74952780     0.74721532     3.95465454 
    11     10  -339.75013023  -207.93439106    -0.26231910     5.11231548 
    12     10  -340.06331908  -208.24757992    -0.27986541     4.13115397 
    13     10  -339.74509309  -207.92935392     0.45700749     4.84240489 
    14     10  -339.82229740  -208.00655823     0.18607623     4.09325205 
    15     10  -340.38000090  -208.56426174     0.17839222     4.42138067 
    16     10  -339.66500513  -207.84926597     0.72252739     4.41041209 
    17     10  -340.23194045  -208.41620128     0.07673837     4.00049066 
    18     10  -340.20470494  -208.38896578     0.39310830     3.85030625 
    19     10  -340.31487157  -208.49913240     0.41636567     4.09998545 
    20     10  -340.72472150  -208.90898233    -0.52535738     2.92750575 
    21     10  -340.83757309  -209.02183392    -0.66689348     3.14502208 
    22     10  -340.58896475  -208.77322558     0.45306706     3.93225188 
    23     10  -341.08481560  -209.26907643    -0.31532627     2.82492956 
    24     10  -340.64624821  -208.83050904     0.10867534     4.42701896 
    25     10  -341.00462110  -209.18888193    -0.19735403     3.33846511 
    26     10  -340.58166935  -208.76593019     0.35797815     4.12684474 
    27     10  -340.96811230  -209.15237313    -0.13011865     3.33734047 
    28     10  -341.09177788  -209.27603871    -0.29112508     3.13030619 
    29     10  -341.09247465  -209.27673548    -0.04913301     2.93090180 
    30     10  -341.24147491  -209.42573575    -0.02207646     2.49764198 
No violations of the orthonormality
 
PNOF8/ADAM Calculation
==================
 
  Nitext  Nit_orb  Time   Nit_occ  Time         Eelec          Etot           Ediff      maxdiff    Grad_orb  Grad_occ
0.0007452790071632576
0.002465948735449408
     1      10    2.5e+01   13    3.3e+01  -340.71287166  -208.89713249 -10339.71287166   2.055130   3.8e+01   1.9e-04 0.00
0.005533204610576381
0.012716118036798644
     2      30    4.4e+01   85    4.1e+01  -342.40980813  -210.59406897    -1.69693648   0.011845   3.1e-01   2.5e-04 0.01
0.004871864660041747
0.015169631799133552
     3      30    4.3e+01   55    2.6e+01  -342.51354887  -210.69780970    -0.10374073   1.124762   2.3e+01   3.0e-04 0.02
0.0028335900332207894
0.00818970016898092
     4      30    4.3e+01   31    1.5e+01  -342.99966341  -211.18392424    -0.48611454   0.415039   5.4e+00   2.1e-04 0.02
0.0015294953075846683
0.004408262169491184
     5      30    4.2e+01   16    8.4e+00  -343.06903376  -211.25329459    -0.06937035   0.013554   5.8e-01   2.4e-04 0.02
0.0010688898377112788
0.0032470146166361396
     6      30    4.2e+01   18    9.2e+00  -343.10870676  -211.29296760    -0.03967301   0.015259   4.9e-01   2.8e-04 0.02
0.000913836369753787
0.0026725807300943846
     7      30    4.3e+01   18    9.2e+00  -343.13171702  -211.31597785    -0.02301025   0.013566   3.6e-01   3.0e-04 0.02
0.0009867765189679467
0.0023255304366039445
     8      30    4.3e+01   14    7.5e+00  -343.14560107  -211.32986191    -0.01388405   0.018975   3.5e-01   2.6e-04 0.03
0.0009067235892314951
0.002096414859116355
     9      30    4.2e+01   29    1.4e+01  -343.15567380  -211.33993463    -0.01007273   0.015003   3.2e-01   2.5e-04 0.03
0.0006034710397473386
0.0017101445486598992
    10      30    4.3e+01   14    7.5e+00  -343.16217180  -211.34643264    -0.00649800   0.014257   3.0e-01   2.1e-04 0.03
0.0005971446278333348
0.0013999777621140515
    11      30    4.3e+01   14    7.5e+00  -343.16706191  -211.35132275    -0.00489011   0.011461   2.7e-01   2.5e-04 0.03
0.0006136262440173956
0.001165963288994863
    12      30    4.3e+01   14    7.3e+00  -343.17053929  -211.35480013    -0.00347738   0.009491   2.5e-01   2.7e-04 0.03
0.0005851338315380206
0.0010008012281186856
    13      30    4.3e+01   13    7.0e+00  -343.17279640  -211.35705724    -0.00225711   0.009576   2.4e-01   2.6e-04 0.03
0.0005802676921513594
0.0009609560413910543
    14      30    4.3e+01   10    5.9e+00  -343.17441887  -211.35867971    -0.00162247   0.010607   2.5e-01   2.6e-04 0.03
0.0004405956344638584
0.0008518464756836015
    15      30    4.3e+01   16    8.2e+00  -343.17584094  -211.36010178    -0.00142207   0.011836   2.4e-01   2.3e-04 0.03
0.00031987268019706416
0.0007539923167914556
    16      30    4.3e+01   13    6.9e+00  -343.17709975  -211.36136059    -0.00125881   0.010886   2.4e-01   2.2e-04 0.03
0.00028116845335568463
0.0006204427803658373
    17      30    4.2e+01   13    6.9e+00  -343.17855796  -211.36281879    -0.00145821   0.010749   2.3e-01   2.1e-04 0.03
0.00027250562772884734
0.0005520446173924085
    18      30    4.1e+01   15    7.9e+00  -343.17970243  -211.36396327    -0.00114447   0.010364   2.3e-01   2.4e-04 0.03
0.0002975784437786455
0.0006110883195322708
    19      30    4.3e+01   12    6.5e+00  -343.18102416  -211.36528500    -0.00132173   0.009469   2.2e-01   2.3e-04 0.03
0.0004873158195977112
0.0010316412439877447
    20      30    4.2e+01    9    5.4e+00  -343.18200049  -211.36626133    -0.00097633   0.009716   2.3e-01   3.3e-04 0.03
0.0007521889601190823
0.001460812405939272
    21      30    4.2e+01   23    1.1e+01  -343.18388042  -211.36814125    -0.00187993   0.011849   2.3e-01   2.2e-04 0.03
0.0009498421446588025
0.0017150575718565446
    22      30    4.3e+01    9    5.3e+00  -343.18609019  -211.37035102    -0.00220977   0.052574   4.1e-01   2.3e-04 0.03
0.0007968266013517189
0.001510374745648417
    23      30    4.2e+01   22    1.1e+01  -343.18901997  -211.37328080    -0.00292978   0.010512   2.2e-01   2.3e-04 0.03
0.0006177458588312312
0.0013088373311188762
    24      30    4.2e+01    8    4.9e+00  -343.19101886  -211.37527970    -0.00199889   0.011692   2.4e-01   2.2e-04 0.03
0.00036261979734683114
0.0009134968126935255
    25      30    4.3e+01   10    5.7e+00  -343.19254126  -211.37680210    -0.00152240   0.021983   3.0e-01   2.6e-04 0.03
0.0003252939889931846
0.000662854836255158
    26      30    4.2e+01   11    6.1e+00  -343.19368068  -211.37794151    -0.00113941   0.011143   2.3e-01   1.8e-04 0.03
0.00023564536049092144
0.0004923999288834261
    27      30    4.1e+01   11    6.1e+00  -343.19426484  -211.37852567    -0.00058416   0.011430   2.4e-01   2.2e-04 0.03
0.00017184286828418821
0.0003699332202170186
    28      30    4.2e+01    4    3.2e+00  -343.19490526  -211.37916610    -0.00064042   0.009629   2.3e-01   2.4e-04 0.03
0.00014058033671282555
0.0003443312726480375
    29      30    4.2e+01   10    5.7e+00  -343.19528092  -211.37954175    -0.00037565   0.010165   2.3e-01   2.6e-04 0.03
0.0001344938263267855
0.0003081200239628562
    30      30    4.2e+01    4    3.1e+00  -343.19589391  -211.38015475    -0.00061300   0.011458   2.1e-01   2.3e-04 0.03
0.00012973492281261913
0.0003064828853731142
    31      30    4.2e+01    4    3.2e+00  -343.19607188  -211.38033272    -0.00017797   0.012427   2.2e-01   2.7e-04 0.03
0.00011834487544905249
0.0002594772492267499
    32      30    4.1e+01    7    4.4e+00  -343.19642471  -211.38068554    -0.00035282   0.011665   2.1e-01   2.6e-04 0.03
0.00010687175577994527
0.00023031148826870484
    33      30    4.2e+01    9    5.3e+00  -343.19673607  -211.38099691    -0.00031136   0.011525   2.0e-01   1.8e-04 0.03
9.174405301109329e-5
0.00021717495456364952
    34      30    4.1e+01    4    3.2e+00  -343.19677081  -211.38103164    -0.00003474   0.011642   2.1e-01   1.7e-04 0.03
8.597602273097138e-5
0.00016493878532921786
    35      50    7.1e+01    4    3.1e+00  -343.19835622  -211.38261706    -0.00158542   0.001295   2.2e-02   2.3e-04 0.03
8.251013229387816e-5
0.00012447932054606168
    36      50    7.1e+01    1    2.0e+00  -343.19827859  -211.38253942     0.00007763   0.056735   3.5e-01   2.2e-04 0.03
5.2204934657933653e-5
0.00010199137170471157
    37      70    9.8e+01    7    4.5e+00  -343.19843103  -211.38269186    -0.00015244   0.000827   8.1e-03   1.9e-04 0.03
5.7790035992044686e-5
8.912324000661919e-5
    38      70    9.7e+01    1    1.9e+00  -343.19847456  -211.38273540    -0.00004353   0.000764   9.8e-03   2.0e-04 0.03
0.0
0.0
    39      70    9.8e+01    0    1.5e+00  -343.19849389  -211.38275472    -0.00001933   0.000806   9.8e-03   2.3e-04 0.03
9.942332566181301e-5
0.000160184393693831
    40      80    1.1e+02    3    2.8e+00  -343.19851221  -211.38277304    -0.00001832   0.000495   8.4e-03   2.1e-04 0.03
4.064907324929923e-5
8.747622642649053e-5
    41      80    1.1e+02    1    1.9e+00  -343.19853968  -211.38280051    -0.00002747   0.000582   8.8e-03   2.1e-04 0.03
0.0
0.0
    42      80    1.1e+02    0    1.5e+00  -343.19855635  -211.38281719    -0.00001667   0.000530   9.7e-03   2.3e-04 0.03
0.0
0.0
    43      90    1.2e+02    0    1.5e+00  -343.19857312  -211.38283396    -0.00001677   0.000493   7.6e-03   2.8e-04 0.03
5.854583036235539e-5
0.0001279275561418838
    44     100    1.4e+02    1    1.9e+00  -343.19858930  -211.38285013    -0.00001618   0.000410   6.6e-03   2.8e-04 0.03
0.0
0.0
    45     100    1.4e+02    0    1.5e+00  -343.19860837  -211.38286920    -0.00001907   0.000479   7.3e-03   2.8e-04 0.03
5.6766827231468416e-5
0.00013510219330711932
    46     110    1.5e+02    3    2.8e+00  -343.19862521  -211.38288604    -0.00001684   0.000379   6.0e-03   2.2e-04 0.03
5.7969638193489104e-5
0.00011282359518016129
    47     110    1.5e+02    1    1.9e+00  -343.19866285  -211.38292369    -0.00003765   0.000324   5.6e-03   2.2e-04 0.03
3.388891869404026e-5
9.04388536601365e-5
    48     110    1.5e+02    6    4.0e+00  -343.19867971  -211.38294054    -0.00001686   0.000358   6.4e-03   2.0e-04 0.03
6.737078706122064e-5
0.000128800594349178
    49     110    1.5e+02    3    2.7e+00  -343.19872460  -211.38298543    -0.00004489   0.000401   6.0e-03   1.7e-04 0.03
0.0
0.0
    50     110    1.5e+02    0    1.5e+00  -343.19874397  -211.38300481    -0.00001938   0.000377   6.3e-03   2.2e-04 0.03
5.002371993456656e-5
0.00010011134740937838
    51     120    1.6e+02    1    1.9e+00  -343.19875244  -211.38301327    -0.00000847   0.000332   5.8e-03   2.5e-04 0.03
0.0
0.0
    52     120    1.7e+02    0    1.5e+00  -343.19875953  -211.38302036    -0.00000709   0.000350   5.5e-03   2.4e-04 0.03
0.0
0.0
    53     130    1.8e+02    0    1.5e+00  -343.19876351  -211.38302435    -0.00000399   0.000257   4.4e-03   2.8e-04 0.03
0.00010811663166021383
0.00019247647175830117
    54     140    1.9e+02    3    2.8e+00  -343.19876724  -211.38302808    -0.00000373   0.000230   3.6e-03   2.7e-04 0.03
0.0
0.0
    55     140    1.9e+02    0    1.5e+00  -343.19879161  -211.38305244    -0.00002436   0.000215   2.8e-03   2.7e-04 0.03
0.0
0.0
    56     150    2.1e+02    0    1.5e+00  -343.19879518  -211.38305601    -0.00000357   0.000240   2.2e-03   2.9e-04 0.03
0.0
0.0
    57     160    2.2e+02    0    1.5e+00  -343.19879736  -211.38305819    -0.00000218   0.000140   1.7e-03   3.0e-04 0.03
0.0
0.0
    58     170    2.3e+02    0    1.6e+00  -343.19879892  -211.38305975    -0.00000156   0.000099   1.1e-03   3.1e-04 0.03
 
RESULTS OF THE OCCUPATION OPTIMIZATION
========================================
   1    1.9999939  -20.54886400
   2    1.9999819  -15.58278596
   3    1.9999673  -11.26560332
   4    1.9999678  -11.25416165
   5    1.9901049  -1.25188461
   6    1.9831016  -1.04506725
   7    1.9729696  -0.76111116
   8    1.9746086  -0.74595784
   9    1.9716449  -0.70247533
  10    1.9773499  -0.70230099
  11    1.9744816  -0.70114327
  12    1.9745084  -0.70085531
  13    1.9728759  -0.68222824
  14    1.9711807  -0.67488935
  15    1.9736068  -0.65913240
  16    1.9718698  -0.64782063
  17    1.9761352  -0.51588473
  18    1.9774639  -0.51565842
  19    0.0085238  -0.01662918
  20    0.0065995  -0.01312144
  21    0.0167078  -0.02191442
  22    0.0179483  -0.02287515
  23    0.0170089  -0.02949927
  24    0.0159831  -0.02143789
  25    0.0155364  -0.02150223
  26    0.0169185  -0.02224105
  27    0.0157782  -0.02186182
  28    0.0260438  -0.04313475
  29    0.0167411  -0.02550948
  30    0.0236237  -0.03765260
  31    0.0147062  -0.02566991
  32    0.0084340  -0.02071807
  33    0.0000274  -0.00063836
  34    0.0000273  -0.00063215
  35    0.0000164  -0.00050752
  36    0.0000034  -0.00008858
  37    0.0039677  -0.00868003
  38    0.0044321  -0.00935547
  39    0.0043742  -0.00676007
  40    0.0043211  -0.00660635
  41    0.0039634  -0.00883842
  42    0.0049484  -0.00794627
  43    0.0040785  -0.00661978
  44    0.0050005  -0.00768485
  45    0.0017838  -0.00362695
  46    0.0006045  -0.00194381
  47    0.0042723  -0.00790184
  48    0.0008604  -0.00218794
  49    0.0010885  -0.00577163
  50    0.0011488  -0.00671858
  51    0.0000015  -0.00006843
  52    0.0000020  -0.00006063
  53    0.0000002  -0.00000164
  54    0.0000007  -0.00003647
  55    0.0038225  -0.00853706
  56    0.0038420  -0.00753447
  57    0.0039856  -0.00623371
  58    0.0020526  -0.00375698
  59    0.0034646  -0.00798481
  60    0.0042244  -0.00660820
  61    0.0019519  -0.00372431
  62    0.0017522  -0.00348021
  63    0.0012182  -0.00277869
  64    0.0005139  -0.00149372
  65    0.0016410  -0.00374585
  66    0.0006520  -0.00163511
  67    0.0005508  -0.00355182
  68    0.0002179  -0.00235534
  69    0.0000005  -0.00001747
  70    0.0000008  -0.00004213
  71    0.0000001  -0.00000139
  72    0.0000005  -0.00002696
  73    0.0019647  -0.00672643
  74    0.0037282  -0.00741980
  75    0.0019265  -0.00360593
  76    0.0012147  -0.00238607
  77    0.0034053  -0.00779886
  78    0.0005962  -0.00135897
  79    0.0010879  -0.00250569
  80    0.0012281  -0.00260513
  81    0.0011690  -0.00254941
  82    0.0003397  -0.00108098
  83    0.0005597  -0.00146381
  84    0.0005744  -0.00151765
  85    0.0002067  -0.00130909
  86    0.0000219  -0.00048324
  87    0.0000004  -0.00000306
  88    0.0000003  -0.00000697
  89    0.0000001  -0.00000123
  90    0.0000002  -0.00000661
  91    0.0011034  -0.00432291
  92    0.0018802  -0.00610088
  93    0.0002823  -0.00072394
  94    0.0002074  -0.00056073
  95    0.0002280  -0.00080114
  96    0.0004725  -0.00122000
  97    0.0008449  -0.00221284
  98    0.0002301  -0.00061788
  99    0.0005885  -0.00138570
 100    0.0003010  -0.00098078
 101    0.0004325  -0.00130696
 102    0.0005583  -0.00140675
 103    0.0001148  -0.00104756
 104    0.0000117  -0.00009254
 105    0.0000003  -0.00000746
 106    0.0000003  -0.00000271
 107    0.0000001  -0.00000126
 108    0.0000002  -0.00000181
 109    0.0006520  -0.00296572
 110    0.0010668  -0.00407379
 111    0.0002608  -0.00069641
 112    0.0001146  -0.00034772
 113    0.0002064  -0.00073504
 114    0.0002828  -0.00072367
 115    0.0004607  -0.00123744
 116    0.0001169  -0.00033537
 117    0.0005524  -0.00161968
 118    0.0002457  -0.00083154
 119    0.0003898  -0.00117452
 120    0.0002948  -0.00090122
 121    0.0000573  -0.00026887
 122    0.0000088  -0.00005887
 123    0.0000002  -0.00000212
 124    0.0000002  -0.00000179
 125    0.0000001  -0.00000091
 126    0.0000002  -0.00000165
 127    0.0005776  -0.00179021
 128    0.0009652  -0.00310095
 129    0.0001533  -0.00048161
 130    0.0001008  -0.00029043
 131    0.0001438  -0.00052516
 132    0.0001766  -0.00050080
 133    0.0003829  -0.00103500
 134    0.0000847  -0.00025993
 135    0.0004389  -0.00148745
 136    0.0000503  -0.00020148
 137    0.0002798  -0.00086647
 138    0.0000974  -0.00032478
 139    0.0000242  -0.00012517
 140    0.0000053  -0.00005480
 141    0.0000002  -0.00000169
 142    0.0000001  -0.00000151
 143    0.0000001  -0.00000069
 144    0.0000001  -0.00000104
 145    0.0004682  -0.00139084
 146    0.0003968  -0.00117406
 147    0.0000822  -0.00026079
 148    0.0000979  -0.00030337
 149    0.0001135  -0.00033339
 150    0.0000882  -0.00028376
 151    0.0003007  -0.00083800
 152    0.0000582  -0.00019406
 153    0.0003198  -0.00097398
 154    0.0000405  -0.00015022
 155    0.0002380  -0.00074426
 156    0.0000851  -0.00030935
 157    0.0000209  -0.00011675
 158    0.0000043  -0.00002736
 159    0.0000001  -0.00000150
 160    0.0000001  -0.00000152
 161    0.0000001  -0.00000073
 162    0.0000001  -0.00000076
 163    0.0004377  -0.00141071
 164    0.0002482  -0.00075710
 165    0.0000696  -0.00022394
 166    0.0000899  -0.00028549
 167    0.0000595  -0.00021113
 168    0.0000728  -0.00024119
 169    0.0002063  -0.00056505
 170    0.0000214  -0.00009662
 171    0.0001938  -0.00067078
 172    0.0000326  -0.00014010
 173    0.0002103  -0.00066185
 174    0.0000761  -0.00026007
 175    0.0000185  -0.00010410
 176    0.0000037  -0.00002267
 177    0.0000001  -0.00000146
 178    0.0000001  -0.00000143
 179    0.0000001  -0.00000059
 180    0.0000001  -0.00000063
 181    0.0002829  -0.00090468
 182    0.0002038  -0.00066148
 183    0.0000475  -0.00016603
 184    0.0000720  -0.00024104
 185    0.0000500  -0.00017476
 186    0.0000470  -0.00016969
 187    0.0000987  -0.00030688
 188    0.0000191  -0.00009063
 189    0.0001141  -0.00081019
 190    0.0000291  -0.00012512
 191    0.0001820  -0.00060272
 192    0.0000631  -0.00020783
 193    0.0000131  -0.00008018
 194    0.0000036  -0.00002702
 195    0.0000001  -0.00000134
 196    0.0000001  -0.00000123
 197    0.0000001  -0.00000059
 198    0.0000001  -0.00000059
 199    0.0002628  -0.00087341
 200    0.0001434  -0.00053478
 201    0.0000434  -0.00015886
 202    0.0000362  -0.00014277
 203    0.0000248  -0.00010661
 204    0.0000375  -0.00013777
 205    0.0000868  -0.00027411
 206    0.0000142  -0.00006530
 207    0.0000948  -0.00032169
 208    0.0000233  -0.00010547
 209    0.0001361  -0.00051283
 210    0.0000486  -0.00017823
 211    0.0000121  -0.00006545
 212    0.0000030  -0.00001619
 213    0.0000001  -0.00000110
 214    0.0000001  -0.00000123
 215    0.0000001  -0.00000054
 216    0.0000001  -0.00000046
 217    0.0001556  -0.00064206
 218    0.0000921  -0.00032962
 219    0.0000375  -0.00013693
 220    0.0000288  -0.00012401
 221    0.0000220  -0.00009572
 222    0.0000365  -0.00013082
 223    0.0000693  -0.00024515
 224    0.0000105  -0.00004813
 225    0.0000810  -0.00030042
 226    0.0000190  -0.00010078
 227    0.0000749  -0.00027347
 228    0.0000229  -0.00010462
 229    0.0000102  -0.00006043
 230    0.0000029  -0.00001494
 231    0.0000001  -0.00000107
 232    0.0000001  -0.00000121
 233    0.0000001  -0.00000052
 234    0.0000001  -0.00000046
 235    0.0000492  -0.00021000
 236    0.0000808  -0.00029971
 237    0.0000355  -0.00013055
 238    0.0000260  -0.00011391
 239    0.0000195  -0.00008370
 240    0.0000249  -0.00010733
 241    0.0000599  -0.00019050
 242    0.0000098  -0.00004381
 243    0.0000765  -0.00030121
 244    0.0000175  -0.00009260
 245    0.0000535  -0.00019366
 246    0.0000166  -0.00007573
 247    0.0000089  -0.00005146
 248    0.0000027  -0.00001348
 249    0.0000001  -0.00000087
 250    0.0000001  -0.00000108
 251    0.0000001  -0.00000050
 252    0.0000001  -0.00000042
 253    0.0000451  -0.00017671
 254    0.0000524  -0.00020358
 255    0.0000314  -0.00011954
 256    0.0000179  -0.00008935
 257    0.0000178  -0.00007881
 258    0.0000241  -0.00010411
 259    0.0000498  -0.00017630
 260    0.0000098  -0.00004495
 261    0.0000599  -0.00022470
 262    0.0000159  -0.00008215
 263    0.0000403  -0.00015374
 264    0.0000102  -0.00004392
 265    0.0000074  -0.00004482
 266    0.0000025  -0.00001227
 267    0.0000001  -0.00000084
 268    0.0000001  -0.00000102
 269    0.0000001  -0.00000047
 270    0.0000001  -0.00000045
 271    0.0000353  -0.00015019
 272    0.0000404  -0.00015637
 273    0.0000259  -0.00010580
 274    0.0000151  -0.00007774
 275    0.0000161  -0.00006979
 276    0.0000208  -0.00008794
 277    0.0000479  -0.00015942
 278    0.0000087  -0.00004235
 279    0.0000505  -0.00020917
 280    0.0000140  -0.00006461
 281    0.0000290  -0.00012519
 282    0.0000071  -0.00003229
 283    0.0000067  -0.00004303
 284    0.0000024  -0.00000984
 285    0.0000001  -0.00000087
 286    0.0000001  -0.00000097
 287    0.0000001  -0.00000041
 288    0.0000000  -0.00000038
 289    0.0000338  -0.00014289
 290    0.0000263  -0.00012018
 291    0.0000130  -0.00005548
 292    0.0000094  -0.00004583
 293    0.0000149  -0.00005935
 294    0.0000200  -0.00008438
 295    0.0000437  -0.00015534
 296    0.0000060  -0.00002634
 297    0.0000468  -0.00017241
 298    0.0000114  -0.00004937
 299    0.0000221  -0.00010633
 300    0.0000069  -0.00002965
 301    0.0000063  -0.00004219
 302    0.0000024  -0.00001053
 303    0.0000001  -0.00000079
 304    0.0000001  -0.00000089
 305    0.0000000  -0.00000034
 306    0.0000000  -0.00000034
 307    0.0000301  -0.00012936
 308    0.0000158  -0.00008157
 309    0.0000110  -0.00004522
 310    0.0000091  -0.00004107
 311    0.0000123  -0.00004572
 312    0.0000139  -0.00006049
 313    0.0000406  -0.00015382
 314    0.0000049  -0.00001940
 315    0.0000189  -0.00010357
 316    0.0000093  -0.00004182
 317    0.0000168  -0.00008662
 318    0.0000064  -0.00002638
 319    0.0000060  -0.00003933
 320    0.0000022  -0.00000860
 321    0.0000001  -0.00000075
 322    0.0000001  -0.00000077
 323    0.0000000  -0.00000037
 324    0.0000000  -0.00000032
 325    0.0000276  -0.00012113
 326    0.0000101  -0.00004899
 327    0.0000097  -0.00003900
 328    0.0000055  -0.00001864
 329    0.0000108  -0.00004119
 330    0.0000123  -0.00005226
 331    0.0000383  -0.00014191
 332    0.0000040  -0.00001194
 333    0.0000125  -0.00006649
 334    0.0000085  -0.00003598
 335    0.0000120  -0.00005402
 336    0.0000058  -0.00002053
 337    0.0000056  -0.00002994
 338    0.0000021  -0.00000762
 339    0.0000001  -0.00000074
 340    0.0000001  -0.00000084
 341    0.0000000  -0.00000033
 342    0.0000000  -0.00000029
 343    0.0000253  -0.00011542
 344    0.0000079  -0.00003955
 345    0.0000074  -0.00002985
 346    0.0000048  -0.00001397
 347    0.0000085  -0.00003670
 348    0.0000118  -0.00004941
 349    0.0000344  -0.00013183
 350    0.0000039  -0.00001218
 351    0.0000107  -0.00005334
 352    0.0000081  -0.00003606
 353    0.0000118  -0.00004850
 354    0.0000039  -0.00001169
 355    0.0000055  -0.00002980
 356    0.0000021  -0.00000688
 357    0.0000001  -0.00000075
 358    0.0000001  -0.00000077
 359    0.0000000  -0.00000027
 360    0.0000000  -0.00000029
 361    0.0000218  -0.00009447
 362    0.0000076  -0.00003898
 363    0.0000070  -0.00002655
 364    0.0000041  -0.00001184
 365    0.0000077  -0.00003134
 366    0.0000057  -0.00001994
 367    0.0000180  -0.00008784
 368    0.0000036  -0.00001040
 369    0.0000094  -0.00004714
 370    0.0000071  -0.00003013
 371    0.0000096  -0.00004483
 372    0.0000037  -0.00001001
 373    0.0000052  -0.00002747
 374    0.0000021  -0.00000699
 375    0.0000001  -0.00000070
 376    0.0000001  -0.00000070
 377    0.0000000  -0.00000027
 378    0.0000000  -0.00000029
 379    0.0000118  -0.00005415
 380    0.0000067  -0.00003345
 381    0.0000044  -0.00000799
 382    0.0000038  -0.00000929
 383    0.0000050  -0.00001085
 384    0.0000050  -0.00001629
 385    0.0000141  -0.00006577
 386    0.0000029  -0.00000834
 387    0.0000082  -0.00004224
 388    0.0000053  -0.00001432
 389    0.0000085  -0.00003876
 390    0.0000032  -0.00000839
 391    0.0000047  -0.00002414
 392    0.0000020  -0.00000655
 393    0.0000001  -0.00000067
 394    0.0000001  -0.00000070
 395    0.0000000  -0.00000028
 396    0.0000000  -0.00000025
 397    0.0000096  -0.00004546
 398    0.0000054  -0.00002119
 399    0.0000042  -0.00000894
 400    0.0000033  -0.00000684
 401    0.0000045  -0.00001076
 402    0.0000047  -0.00001050
 403    0.0000128  -0.00006247
 404    0.0000027  -0.00000702
 405    0.0000071  -0.00003601
 406    0.0000043  -0.00001182
 407    0.0000074  -0.00003451
 408    0.0000022  -0.00000372
 409    0.0000044  -0.00002386
 410    0.0000020  -0.00000597
 411    0.0000001  -0.00000063
 412    0.0000001  -0.00000068
 413    0.0000000  -0.00000026
 414    0.0000000  -0.00000026
 415    0.0000083  -0.00004052
 416    0.0000051  -0.00002220
 417    0.0000036  -0.00000444
 418    0.0000030  -0.00000718
 419    0.0000040  -0.00000798
 420    0.0000043  -0.00000872
 421    0.0000110  -0.00004736
 422    0.0000026  -0.00000537
 423    0.0000055  -0.00002389
 424    0.0000031  -0.00000608
 425    0.0000065  -0.00002952
 426    0.0000021  -0.00000340
 427    0.0000040  -0.00001767
 428    0.0000018  -0.00000497
 429    0.0000001  -0.00000062
 430    0.0000001  -0.00000068
 431    0.0000000  -0.00000024
 432    0.0000000  -0.00000023
 433    0.0000079  -0.00004067
 434    0.0000034  -0.00001089
 435    0.0000027  -0.00000320
 436    0.0000029  -0.00000730
 437    0.0000034  -0.00000477
 438    0.0000039  -0.00000892
 439    0.0000082  -0.00003795
 440    0.0000017  -0.00000298
 441    0.0000044  -0.00001738
 442    0.0000027  -0.00000543
 443    0.0000061  -0.00002247
 444    0.0000021  -0.00000361
 445    0.0000038  -0.00001617
 446    0.0000017  -0.00000545
 447    0.0000001  -0.00000063
 448    0.0000001  -0.00000056
 449    0.0000000  -0.00000019
 450    0.0000000  -0.00000021
 451    0.0000064  -0.00003086
 452    0.0000025  -0.00000654
 453    0.0000022  -0.00000327
 454    0.0000022  -0.00000387
 455    0.0000027  -0.00000441
 456    0.0000035  -0.00000597
 457    0.0000051  -0.00001707
 458    0.0000016  -0.00000256
 459    0.0000038  -0.00001507
 460    0.0000023  -0.00000372
 461    0.0000052  -0.00001818
 462    0.0000018  -0.00000331
 463    0.0000033  -0.00001384
 464    0.0000017  -0.00000488
 465    0.0000001  -0.00000055
 466    0.0000001  -0.00000050
 467    0.0000000  -0.00000020
 468    0.0000000  -0.00000019
 469    0.0000051  -0.00002278
 470    0.0000022  -0.00000489
 471    0.0000017  -0.00000263
 472    0.0000020  -0.00000319
 473    0.0000016  -0.00000279
 474    0.0000033  -0.00000685
 475    0.0000029  -0.00000562
 476    0.0000016  -0.00000277
 477    0.0000034  -0.00001177
 478    0.0000022  -0.00000330
 479    0.0000048  -0.00001502
 480    0.0000016  -0.00000272
 481    0.0000032  -0.00001313
 482    0.0000015  -0.00000353
 483    0.0000001  -0.00000052
 484    0.0000001  -0.00000044
 485    0.0000000  -0.00000017
 486    0.0000000  -0.00000019
 
----------------
 Final Energies 
----------------
       HF Total Energy =    -209.4257357
Final NOF Total Energy =    -211.3830598
    Correlation Energy =      -1.9573240
 
Total Orbital Internal Iterations = 3520
Total Occupation Internal Iterations = 593
 
Elapsed time: 6374.51 Seconds

---------------------------------
   Lowdin Population Analysis    
---------------------------------
 Idx  Atom   Population   Charge 
---------------------------------
  1     O     7.467       0.533
  2     H     1.405      -0.405
  3     C     6.009      -0.009
  4     H     1.077      -0.077
  5     H     1.085      -0.085
  6     H     1.084      -0.084
  7     N     6.412       0.588
  8     H     1.182      -0.182
  9     H     1.183      -0.183
 10     C     5.882       0.118
 11     H     1.068      -0.068
 12     H     1.078      -0.078
 13     H     1.068      -0.068

---------------------------------
   M Diagnostic: 0.03
---------------------------------

Computing Integrals
Elapsed time:    0.86 Seconds

Number of basis functions                   (NBF)    = 498
Number of auxiliary basis functions         (NBFAUX) = 466
Inactive Doubly occupied orbitals up to     (NO1)    = 0
No. considered Strongly Doubly occupied MOs (NDOC)   = 18
No. considered Strongly Singly occupied MOs (NSOC)   = 0
NO. of Weakly occ. per St. Doubly occ.  MOs (NCWO)   = 26
Dimension of the Nat. Orb. subspace         (NBF5)   = 486
No. of electrons                                     = 36
    No. of alpha electrons                           = 18
    No. of beta electrons                            = 18
Multiplicity                                         = 1

Geometry
========
 O      -1.7256600       0.9851800      -0.0044900
 H      -0.7531100       1.0110600      -0.0095400
 C      -2.0954100      -0.3745700      -0.0092600
 H      -3.1816600      -0.4238500      -0.0050100
 H      -1.7421400      -0.9053100      -0.8986200
 H      -1.7348200      -0.9134700       0.8722100
 N       1.1825300       0.9029300      -0.0142100
 H       1.5531500       1.4107000       0.7789200
 H       1.5532800       1.3672600      -0.8334700
 C       1.6602900      -0.4831100       0.0232500
 H       1.2684000      -1.0171300      -0.8389400
 H       2.7470000      -0.5898400       0.0262800
 H       1.2681600      -0.9698400       0.9128800

No violations of the orthonormality
No violations of the orthonormality
 
PNOF8/ADAM Calculation
==================
 
  Nitext  Nit_orb  Time   Nit_occ  Time         Eelec          Etot           Ediff      maxdiff    Grad_orb  Grad_occ
0.0
0.0
     1     165    2.3e+02    0    1.6e+00  -343.19879989  -211.38306073 -10342.19879989   0.000098   1.5e-03   3.1e-04 0.03
 
RESULTS OF THE OCCUPATION OPTIMIZATION
========================================
   1    1.9999939  -20.54890579
   2    1.9999819  -15.58277836
   3    1.9999673  -11.26560154
   4    1.9999678  -11.25418106
   5    1.9901049  -1.25190082
   6    1.9831016  -1.04510574
   7    1.9729696  -0.76105488
   8    1.9746086  -0.74595325
   9    1.9716449  -0.70250091
  10    1.9773499  -0.70231871
  11    1.9744816  -0.70114836
  12    1.9745084  -0.70084148
  13    1.9728759  -0.68222693
  14    1.9711807  -0.67491245
  15    1.9736068  -0.65914569
  16    1.9718698  -0.64784446
  17    1.9761352  -0.51590397
  18    1.9774639  -0.51568850
  19    0.0085238  -0.01662908
  20    0.0065995  -0.01312126
  21    0.0167078  -0.02191431
  22    0.0179483  -0.02287550
  23    0.0170089  -0.02949805
  24    0.0159831  -0.02143788
  25    0.0155364  -0.02150198
  26    0.0169185  -0.02224109
  27    0.0157782  -0.02186164
  28    0.0260438  -0.04313425
  29    0.0167411  -0.02550975
  30    0.0236237  -0.03765249
  31    0.0147062  -0.02566979
  32    0.0084340  -0.02071915
  33    0.0000274  -0.00063841
  34    0.0000273  -0.00063192
  35    0.0000164  -0.00050655
  36    0.0000034  -0.00008881
  37    0.0039677  -0.00868016
  38    0.0044321  -0.00935588
  39    0.0043742  -0.00676016
  40    0.0043211  -0.00660670
  41    0.0039634  -0.00883806
  42    0.0049484  -0.00794681
  43    0.0040785  -0.00661974
  44    0.0050005  -0.00768385
  45    0.0017838  -0.00362707
  46    0.0006045  -0.00194390
  47    0.0042723  -0.00790181
  48    0.0008604  -0.00218808
  49    0.0010885  -0.00577271
  50    0.0011488  -0.00671827
  51    0.0000015  -0.00006839
  52    0.0000020  -0.00006057
  53    0.0000002  -0.00000164
  54    0.0000007  -0.00003652
  55    0.0038225  -0.00853765
  56    0.0038420  -0.00753461
  57    0.0039856  -0.00623354
  58    0.0020526  -0.00375722
  59    0.0034646  -0.00798472
  60    0.0042244  -0.00660826
  61    0.0019519  -0.00372478
  62    0.0017522  -0.00347991
  63    0.0012182  -0.00277858
  64    0.0005139  -0.00149345
  65    0.0016410  -0.00374825
  66    0.0006520  -0.00163411
  67    0.0005508  -0.00355236
  68    0.0002179  -0.00235546
  69    0.0000005  -0.00001748
  70    0.0000008  -0.00004213
  71    0.0000001  -0.00000139
  72    0.0000005  -0.00002689
  73    0.0019647  -0.00672605
  74    0.0037282  -0.00742054
  75    0.0019265  -0.00360613
  76    0.0012147  -0.00238541
  77    0.0034053  -0.00779889
  78    0.0005962  -0.00135906
  79    0.0010879  -0.00250651
  80    0.0012281  -0.00260530
  81    0.0011690  -0.00255022
  82    0.0003397  -0.00108075
  83    0.0005597  -0.00146430
  84    0.0005744  -0.00151821
  85    0.0002067  -0.00130591
  86    0.0000219  -0.00048207
  87    0.0000004  -0.00000306
  88    0.0000003  -0.00000700
  89    0.0000001  -0.00000123
  90    0.0000002  -0.00000659
  91    0.0011034  -0.00432347
  92    0.0018802  -0.00609709
  93    0.0002823  -0.00072397
  94    0.0002074  -0.00056111
  95    0.0002280  -0.00080103
  96    0.0004725  -0.00122020
  97    0.0008449  -0.00221192
  98    0.0002301  -0.00061881
  99    0.0005885  -0.00138553
 100    0.0003010  -0.00098086
 101    0.0004325  -0.00130797
 102    0.0005583  -0.00140744
 103    0.0001148  -0.00104397
 104    0.0000117  -0.00009235
 105    0.0000003  -0.00000745
 106    0.0000003  -0.00000269
 107    0.0000001  -0.00000127
 108    0.0000002  -0.00000181
 109    0.0006520  -0.00297103
 110    0.0010668  -0.00408079
 111    0.0002608  -0.00069630
 112    0.0001146  -0.00034740
 113    0.0002064  -0.00073479
 114    0.0002828  -0.00072469
 115    0.0004607  -0.00123735
 116    0.0001169  -0.00033520
 117    0.0005524  -0.00161932
 118    0.0002457  -0.00083147
 119    0.0003898  -0.00117472
 120    0.0002948  -0.00090181
 121    0.0000573  -0.00027633
 122    0.0000088  -0.00005881
 123    0.0000002  -0.00000217
 124    0.0000002  -0.00000179
 125    0.0000001  -0.00000091
 126    0.0000002  -0.00000165
 127    0.0005776  -0.00178557
 128    0.0009652  -0.00309380
 129    0.0001533  -0.00048118
 130    0.0001008  -0.00029107
 131    0.0001438  -0.00052551
 132    0.0001766  -0.00050046
 133    0.0003829  -0.00103550
 134    0.0000847  -0.00025999
 135    0.0004389  -0.00148805
 136    0.0000503  -0.00020080
 137    0.0002798  -0.00086520
 138    0.0000974  -0.00032561
 139    0.0000242  -0.00012527
 140    0.0000053  -0.00005493
 141    0.0000002  -0.00000169
 142    0.0000001  -0.00000150
 143    0.0000001  -0.00000069
 144    0.0000001  -0.00000104
 145    0.0004682  -0.00139087
 146    0.0003968  -0.00117435
 147    0.0000822  -0.00026078
 148    0.0000979  -0.00030333
 149    0.0001135  -0.00033211
 150    0.0000882  -0.00028401
 151    0.0003007  -0.00083719
 152    0.0000582  -0.00019335
 153    0.0003198  -0.00097379
 154    0.0000405  -0.00014974
 155    0.0002380  -0.00074274
 156    0.0000851  -0.00030955
 157    0.0000209  -0.00011677
 158    0.0000043  -0.00002745
 159    0.0000001  -0.00000150
 160    0.0000001  -0.00000152
 161    0.0000001  -0.00000073
 162    0.0000001  -0.00000076
 163    0.0004377  -0.00141029
 164    0.0002482  -0.00075642
 165    0.0000696  -0.00022354
 166    0.0000899  -0.00028453
 167    0.0000595  -0.00021033
 168    0.0000728  -0.00024216
 169    0.0002063  -0.00056485
 170    0.0000214  -0.00009741
 171    0.0001938  -0.00067071
 172    0.0000326  -0.00014014
 173    0.0002103  -0.00066300
 174    0.0000761  -0.00026005
 175    0.0000185  -0.00010467
 176    0.0000037  -0.00002268
 177    0.0000001  -0.00000146
 178    0.0000001  -0.00000144
 179    0.0000001  -0.00000060
 180    0.0000001  -0.00000063
 181    0.0002829  -0.00090474
 182    0.0002038  -0.00066105
 183    0.0000475  -0.00016621
 184    0.0000720  -0.00024185
 185    0.0000500  -0.00017383
 186    0.0000470  -0.00016953
 187    0.0000987  -0.00030652
 188    0.0000191  -0.00009064
 189    0.0001141  -0.00081404
 190    0.0000291  -0.00012427
 191    0.0001820  -0.00060222
 192    0.0000631  -0.00020781
 193    0.0000131  -0.00008160
 194    0.0000036  -0.00002707
 195    0.0000001  -0.00000133
 196    0.0000001  -0.00000123
 197    0.0000001  -0.00000059
 198    0.0000001  -0.00000059
 199    0.0002628  -0.00087342
 200    0.0001434  -0.00053725
 201    0.0000434  -0.00015915
 202    0.0000362  -0.00014275
 203    0.0000248  -0.00010686
 204    0.0000375  -0.00013778
 205    0.0000868  -0.00027493
 206    0.0000142  -0.00006457
 207    0.0000948  -0.00032129
 208    0.0000233  -0.00010523
 209    0.0001361  -0.00051383
 210    0.0000486  -0.00017867
 211    0.0000121  -0.00006682
 212    0.0000030  -0.00001617
 213    0.0000001  -0.00000110
 214    0.0000001  -0.00000122
 215    0.0000001  -0.00000054
 216    0.0000001  -0.00000046
 217    0.0001556  -0.00064026
 218    0.0000921  -0.00032857
 219    0.0000375  -0.00013659
 220    0.0000288  -0.00012439
 221    0.0000220  -0.00009529
 222    0.0000365  -0.00013061
 223    0.0000693  -0.00024433
 224    0.0000105  -0.00004822
 225    0.0000810  -0.00029701
 226    0.0000190  -0.00010075
 227    0.0000749  -0.00027306
 228    0.0000229  -0.00010474
 229    0.0000102  -0.00006043
 230    0.0000029  -0.00001496
 231    0.0000001  -0.00000107
 232    0.0000001  -0.00000120
 233    0.0000001  -0.00000052
 234    0.0000001  -0.00000046
 235    0.0000492  -0.00020988
 236    0.0000808  -0.00029949
 237    0.0000355  -0.00013159
 238    0.0000260  -0.00011292
 239    0.0000195  -0.00008390
 240    0.0000249  -0.00010730
 241    0.0000599  -0.00019077
 242    0.0000098  -0.00004426
 243    0.0000765  -0.00030456
 244    0.0000175  -0.00009248
 245    0.0000535  -0.00019299
 246    0.0000166  -0.00007576
 247    0.0000089  -0.00005150
 248    0.0000027  -0.00001355
 249    0.0000001  -0.00000087
 250    0.0000001  -0.00000108
 251    0.0000001  -0.00000050
 252    0.0000001  -0.00000042
 253    0.0000451  -0.00017658
 254    0.0000524  -0.00020417
 255    0.0000314  -0.00011946
 256    0.0000179  -0.00008993
 257    0.0000178  -0.00007867
 258    0.0000241  -0.00010398
 259    0.0000498  -0.00017620
 260    0.0000098  -0.00004496
 261    0.0000599  -0.00022381
 262    0.0000159  -0.00008151
 263    0.0000403  -0.00015368
 264    0.0000102  -0.00004415
 265    0.0000074  -0.00004486
 266    0.0000025  -0.00001229
 267    0.0000001  -0.00000084
 268    0.0000001  -0.00000102
 269    0.0000001  -0.00000047
 270    0.0000001  -0.00000045
 271    0.0000353  -0.00015048
 272    0.0000404  -0.00015596
 273    0.0000259  -0.00010676
 274    0.0000151  -0.00007752
 275    0.0000161  -0.00006949
 276    0.0000208  -0.00008755
 277    0.0000479  -0.00015947
 278    0.0000087  -0.00004225
 279    0.0000505  -0.00020912
 280    0.0000140  -0.00006513
 281    0.0000290  -0.00012489
 282    0.0000071  -0.00003245
 283    0.0000067  -0.00004274
 284    0.0000024  -0.00000988
 285    0.0000001  -0.00000087
 286    0.0000001  -0.00000096
 287    0.0000001  -0.00000041
 288    0.0000000  -0.00000038
 289    0.0000338  -0.00014279
 290    0.0000263  -0.00012029
 291    0.0000130  -0.00005525
 292    0.0000094  -0.00004583
 293    0.0000149  -0.00005943
 294    0.0000200  -0.00008452
 295    0.0000437  -0.00015584
 296    0.0000060  -0.00002623
 297    0.0000468  -0.00017255
 298    0.0000114  -0.00004946
 299    0.0000221  -0.00010619
 300    0.0000069  -0.00002966
 301    0.0000063  -0.00004245
 302    0.0000024  -0.00001059
 303    0.0000001  -0.00000079
 304    0.0000001  -0.00000089
 305    0.0000000  -0.00000034
 306    0.0000000  -0.00000034
 307    0.0000301  -0.00012926
 308    0.0000158  -0.00008194
 309    0.0000110  -0.00004530
 310    0.0000091  -0.00004120
 311    0.0000123  -0.00004557
 312    0.0000139  -0.00005998
 313    0.0000406  -0.00015339
 314    0.0000049  -0.00001937
 315    0.0000189  -0.00010329
 316    0.0000093  -0.00004138
 317    0.0000168  -0.00008645
 318    0.0000064  -0.00002642
 319    0.0000060  -0.00003952
 320    0.0000022  -0.00000863
 321    0.0000001  -0.00000075
 322    0.0000001  -0.00000077
 323    0.0000000  -0.00000037
 324    0.0000000  -0.00000032
 325    0.0000276  -0.00012085
 326    0.0000101  -0.00004857
 327    0.0000097  -0.00003908
 328    0.0000055  -0.00001855
 329    0.0000108  -0.00004102
 330    0.0000123  -0.00005223
 331    0.0000383  -0.00014269
 332    0.0000040  -0.00001182
 333    0.0000125  -0.00006585
 334    0.0000085  -0.00003629
 335    0.0000120  -0.00005340
 336    0.0000058  -0.00002041
 337    0.0000056  -0.00003012
 338    0.0000021  -0.00000770
 339    0.0000001  -0.00000074
 340    0.0000001  -0.00000084
 341    0.0000000  -0.00000034
 342    0.0000000  -0.00000028
 343    0.0000253  -0.00011523
 344    0.0000079  -0.00003949
 345    0.0000074  -0.00002977
 346    0.0000048  -0.00001429
 347    0.0000085  -0.00003667
 348    0.0000118  -0.00004982
 349    0.0000344  -0.00013183
 350    0.0000039  -0.00001240
 351    0.0000107  -0.00005365
 352    0.0000081  -0.00003604
 353    0.0000118  -0.00004876
 354    0.0000039  -0.00001169
 355    0.0000055  -0.00002996
 356    0.0000021  -0.00000685
 357    0.0000001  -0.00000075
 358    0.0000001  -0.00000077
 359    0.0000000  -0.00000027
 360    0.0000000  -0.00000029
 361    0.0000218  -0.00009452
 362    0.0000076  -0.00003910
 363    0.0000070  -0.00002666
 364    0.0000041  -0.00001176
 365    0.0000077  -0.00003126
 366    0.0000057  -0.00001976
 367    0.0000180  -0.00008792
 368    0.0000036  -0.00001029
 369    0.0000094  -0.00004740
 370    0.0000071  -0.00002999
 371    0.0000096  -0.00004490
 372    0.0000037  -0.00000993
 373    0.0000052  -0.00002722
 374    0.0000021  -0.00000702
 375    0.0000001  -0.00000070
 376    0.0000001  -0.00000070
 377    0.0000000  -0.00000027
 378    0.0000000  -0.00000029
 379    0.0000118  -0.00005421
 380    0.0000067  -0.00003341
 381    0.0000044  -0.00000792
 382    0.0000038  -0.00000937
 383    0.0000050  -0.00001103
 384    0.0000050  -0.00001625
 385    0.0000141  -0.00006377
 386    0.0000029  -0.00000822
 387    0.0000082  -0.00004225
 388    0.0000053  -0.00001422
 389    0.0000085  -0.00003863
 390    0.0000032  -0.00000830
 391    0.0000047  -0.00002421
 392    0.0000020  -0.00000656
 393    0.0000001  -0.00000067
 394    0.0000001  -0.00000071
 395    0.0000000  -0.00000028
 396    0.0000000  -0.00000025
 397    0.0000096  -0.00004546
 398    0.0000054  -0.00002118
 399    0.0000042  -0.00000898
 400    0.0000033  -0.00000650
 401    0.0000045  -0.00001042
 402    0.0000047  -0.00001067
 403    0.0000128  -0.00006340
 404    0.0000027  -0.00000700
 405    0.0000071  -0.00003598
 406    0.0000043  -0.00001179
 407    0.0000074  -0.00003460
 408    0.0000022  -0.00000373
 409    0.0000044  -0.00002379
 410    0.0000020  -0.00000596
 411    0.0000001  -0.00000063
 412    0.0000001  -0.00000068
 413    0.0000000  -0.00000026
 414    0.0000000  -0.00000026
 415    0.0000083  -0.00004081
 416    0.0000051  -0.00002215
 417    0.0000036  -0.00000450
 418    0.0000030  -0.00000732
 419    0.0000040  -0.00000788
 420    0.0000043  -0.00000873
 421    0.0000110  -0.00004772
 422    0.0000026  -0.00000533
 423    0.0000055  -0.00002404
 424    0.0000031  -0.00000605
 425    0.0000065  -0.00002966
 426    0.0000021  -0.00000344
 427    0.0000040  -0.00001768
 428    0.0000018  -0.00000497
 429    0.0000001  -0.00000062
 430    0.0000001  -0.00000068
 431    0.0000000  -0.00000025
 432    0.0000000  -0.00000023
 433    0.0000079  -0.00004064
 434    0.0000034  -0.00001091
 435    0.0000027  -0.00000320
 436    0.0000029  -0.00000727
 437    0.0000034  -0.00000505
 438    0.0000039  -0.00000896
 439    0.0000082  -0.00003732
 440    0.0000017  -0.00000298
 441    0.0000044  -0.00001740
 442    0.0000027  -0.00000537
 443    0.0000061  -0.00002233
 444    0.0000021  -0.00000351
 445    0.0000038  -0.00001621
 446    0.0000017  -0.00000550
 447    0.0000001  -0.00000063
 448    0.0000001  -0.00000056
 449    0.0000000  -0.00000019
 450    0.0000000  -0.00000021
 451    0.0000064  -0.00003085
 452    0.0000025  -0.00000652
 453    0.0000022  -0.00000317
 454    0.0000022  -0.00000394
 455    0.0000027  -0.00000440
 456    0.0000035  -0.00000597
 457    0.0000051  -0.00001709
 458    0.0000016  -0.00000257
 459    0.0000038  -0.00001508
 460    0.0000023  -0.00000370
 461    0.0000052  -0.00001800
 462    0.0000018  -0.00000331
 463    0.0000033  -0.00001387
 464    0.0000017  -0.00000489
 465    0.0000001  -0.00000055
 466    0.0000001  -0.00000050
 467    0.0000000  -0.00000020
 468    0.0000000  -0.00000019
 469    0.0000051  -0.00002283
 470    0.0000022  -0.00000491
 471    0.0000017  -0.00000265
 472    0.0000020  -0.00000320
 473    0.0000016  -0.00000280
 474    0.0000033  -0.00000678
 475    0.0000029  -0.00000577
 476    0.0000016  -0.00000275
 477    0.0000034  -0.00001180
 478    0.0000022  -0.00000331
 479    0.0000048  -0.00001503
 480    0.0000016  -0.00000270
 481    0.0000032  -0.00001309
 482    0.0000015  -0.00000352
 483    0.0000001  -0.00000051
 484    0.0000001  -0.00000044
 485    0.0000000  -0.00000017
 486    0.0000000  -0.00000019
 
----------------
 Final Energies 
----------------
Final NOF Total Energy =    -211.3830607
 
Total Orbital Internal Iterations = 165
Total Occupation Internal Iterations = 0
 
Elapsed time:  232.69 Seconds

---------------------------------
   Lowdin Population Analysis    
---------------------------------
 Idx  Atom   Population   Charge 
---------------------------------
  1     O     7.467       0.533
  2     H     1.405      -0.405
  3     C     6.009      -0.009
  4     H     1.077      -0.077
  5     H     1.085      -0.085
  6     H     1.084      -0.084
  7     N     6.412       0.588
  8     H     1.182      -0.182
  9     H     1.183      -0.183
 10     C     5.882       0.118
 11     H     1.068      -0.068
 12     H     1.078      -0.078
 13     H     1.068      -0.068

---------------------------------
   M Diagnostic: 0.03
---------------------------------

