Computing Integrals
Elapsed time:    3.59 Seconds

Number of basis functions                   (NBF)    = 184
Number of auxiliary basis functions         (NBFAUX) = 282
Inactive Doubly occupied orbitals up to     (NO1)    = 0
No. considered Strongly Doubly occupied MOs (NDOC)   = 16
No. considered Strongly Singly occupied MOs (NSOC)   = 1
NO. of Weakly occ. per St. Doubly occ.  MOs (NCWO)   = 10
Dimension of the Nat. Orb. subspace         (NBF5)   = 177
No. of electrons                                     = 33
    No. of alpha electrons                           = 17
    No. of beta electrons                            = 16
Multiplicity                                         = 2

Geometry
========
Cl       0.0000000       0.0000000       0.3705400
 O       0.0000000       1.2590800      -0.3937000
 O       0.0000000      -1.2590800      -0.3937000

No violations of the orthonormality
No violations of the orthonormality
 
PNOF8/ADAM Calculation
==================
 
  Nitext  Nit_orb  Time   Nit_occ  Time         Eelec          Etot           Ediff      maxdiff    Grad_orb  Grad_occ
0.00028732208943660353
0.000711897218097483
     1      10    4.7e+01   11    3.8e+01  -720.87989663  -609.70587817 -10719.87989663   0.245480   6.0e+00   1.8e-04 0.03
0.00021901684698810708
0.0004702613126903821
     2      30    9.0e+01    4    2.6e-01  -721.29263076  -610.11861229    -0.41273413   0.039513   6.9e-01   2.6e-04 0.03
0.00012087616498779319
0.00024834721505789147
     3      30    8.9e+01    4    2.6e-01  -721.31344317  -610.13942470    -0.02081241   0.016883   3.0e-01   2.3e-04 0.03
5.752686263293949e-5
0.00011076499825327102
     4      30    8.6e+01    1    1.3e-01  -721.31369596  -610.13967749    -0.00025279   0.044894   4.0e-01   2.1e-04 0.03
4.749283387955449e-5
0.00011326032903398724
     5      30    9.1e+01    4    1.9e-01  -721.31406359  -610.14004512    -0.00036763   0.021766   3.1e-01   2.3e-04 0.03
4.508508194473078e-5
9.242070865959028e-5
     6      30    7.8e+01    5    3.0e-01  -721.31397574  -610.13995727     0.00008786   0.022591   3.2e-01   2.1e-04 0.03
0.0
0.0
     7      50    1.4e+02    0    1.3e-01  -721.31646412  -610.14244565    -0.00248838   0.001909   3.1e-02   2.1e-04 0.03
0.0
0.0
     8      60    1.8e+02    0    1.3e-01  -721.31635983  -610.14234136     0.00010429   0.004838   6.3e-02   2.5e-04 0.03
3.2943447263573955e-5
5.4934692732105626e-5
     9      90    2.6e+02    3    2.0e-01  -721.31649934  -610.14248087    -0.00013951   0.000405   6.0e-03   1.5e-04 0.03
0.0
0.0
    10      90    2.5e+02    0    8.4e-02  -721.31649255  -610.14247408     0.00000679   0.000907   1.6e-02   1.4e-04 0.03
0.0
0.0
    11     120    3.2e+02    0    6.5e-02  -721.31650371  -610.14248524    -0.00001116   0.000159   2.5e-03   1.4e-04 0.03
0.0
0.0
    12     130    3.6e+02    0    6.2e-02  -721.31650331  -610.14248485     0.00000040   0.000206   3.7e-03   1.5e-04 0.03
0.0
0.0
    13     113    3.2e+02    0    6.9e-02  -721.31650389  -610.14248543    -0.00000058   0.000098   1.7e-03   1.5e-04 0.03
 
RESULTS OF THE OCCUPATION OPTIMIZATION
========================================
   1    1.9999992  -105.14162956
   2    1.9999762  -20.66277040
   3    1.9999774  -20.66176106
   4    1.9998696  -10.81339630
   5    1.9993905  -8.28788885
   6    1.9993500  -8.28556893
   7    1.9994797  -8.28236468
   8    1.9858469  -1.41767506
   9    1.9858297  -1.39074257
  10    1.9812214  -1.08633113
  11    1.9686265  -0.76812559
  12    1.9685504  -0.76074405
  13    1.9763906  -0.69202372
  14    1.9757831  -0.64603601
  15    1.9735507  -0.61873547
  16    1.9756559  -0.61519389
  17    1.0000000  -0.25082107
  18    0.0146673  -0.02641705
  19    0.0131668  -0.02376708
  20    0.0112423  -0.02273970
  21    0.0105175  -0.02123366
  22    0.0303571  -0.06032399
  23    0.0261285  -0.05554554
  24    0.0068273  -0.02364679
  25    0.0054342  -0.01965130
  26    0.0052416  -0.01972160
  27    0.0004142  -0.00984085
  28    0.0003293  -0.00804971
  29    0.0005041  -0.01188172
  30    0.0000645  -0.00305745
  31    0.0000058  -0.00011149
  32    0.0000053  -0.00008766
  33    0.0000006  -0.00002435
  34    0.0049201  -0.01090229
  35    0.0045237  -0.01069263
  36    0.0040770  -0.01034571
  37    0.0058840  -0.01816187
  38    0.0004778  -0.00153713
  39    0.0021858  -0.00675882
  40    0.0060453  -0.02077806
  41    0.0026945  -0.01041454
  42    0.0027966  -0.01197529
  43    0.0000375  -0.00103326
  44    0.0002506  -0.00583505
  45    0.0000386  -0.00104784
  46    0.0000139  -0.00015912
  47    0.0000037  -0.00008230
  48    0.0000041  -0.00007225
  49    0.0000001  -0.00000360
  50    0.0038469  -0.00931434
  51    0.0035152  -0.00864763
  52    0.0033569  -0.00904193
  53    0.0042544  -0.01229040
  54    0.0001883  -0.00071484
  55    0.0021499  -0.00662592
  56    0.0026332  -0.01141609
  57    0.0024259  -0.01162100
  58    0.0026658  -0.01119295
  59    0.0000113  -0.00073380
  60    0.0000173  -0.00041340
  61    0.0000106  -0.00011876
  62    0.0000071  -0.00009149
  63    0.0000034  -0.00011185
  64    0.0000038  -0.00009299
  65    0.0000000  -0.00000273
  66    0.0003035  -0.00099348
  67    0.0033232  -0.00771920
  68    0.0033447  -0.00804960
  69    0.0017339  -0.00725215
  70    0.0001835  -0.00068738
  71    0.0003881  -0.00136269
  72    0.0014036  -0.00707129
  73    0.0011224  -0.00504446
  74    0.0013442  -0.00716109
  75    0.0000090  -0.00011286
  76    0.0000097  -0.00015820
  77    0.0000098  -0.00012221
  78    0.0000069  -0.00009174
  79    0.0000028  -0.00005925
  80    0.0000033  -0.00023137
  81    0.0000000  -0.00000242
  82    0.0002920  -0.00095491
  83    0.0005564  -0.00168311
  84    0.0006365  -0.00216680
  85    0.0005004  -0.00167110
  86    0.0000503  -0.00020989
  87    0.0001489  -0.00064403
  88    0.0008561  -0.00425651
  89    0.0009372  -0.00529139
  90    0.0006113  -0.00411573
  91    0.0000089  -0.00011129
  92    0.0000080  -0.00010739
  93    0.0000092  -0.00011301
  94    0.0000068  -0.00009228
  95    0.0000025  -0.00025040
  96    0.0000026  -0.00014352
  97    0.0000000  -0.00000211
  98    0.0000911  -0.00037287
  99    0.0005012  -0.00156343
 100    0.0005763  -0.00177599
 101    0.0002356  -0.00085317
 102    0.0000496  -0.00019795
 103    0.0001299  -0.00059370
 104    0.0004051  -0.00163073
 105    0.0005991  -0.00279452
 106    0.0004677  -0.00310181
 107    0.0000084  -0.00010620
 108    0.0000073  -0.00009252
 109    0.0000086  -0.00010826
 110    0.0000066  -0.00008892
 111    0.0000019  -0.00004153
 112    0.0000018  -0.00005329
 113    0.0000000  -0.00000051
 114    0.0000692  -0.00033849
 115    0.0003160  -0.00116579
 116    0.0003292  -0.00116865
 117    0.0001989  -0.00075453
 118    0.0000460  -0.00019915
 119    0.0001221  -0.00055776
 120    0.0001761  -0.00086710
 121    0.0004151  -0.00404038
 122    0.0004182  -0.00334318
 123    0.0000081  -0.00009982
 124    0.0000071  -0.00009281
 125    0.0000081  -0.00009946
 126    0.0000065  -0.00008724
 127    0.0000010  -0.00002499
 128    0.0000014  -0.00003099
 129    0.0000000  -0.00000031
 130    0.0000596  -0.00024780
 131    0.0002356  -0.00079428
 132    0.0002302  -0.00086890
 133    0.0001305  -0.00066123
 134    0.0000437  -0.00020292
 135    0.0000470  -0.00018371
 136    0.0001655  -0.00090476
 137    0.0002346  -0.00099055
 138    0.0002268  -0.00095559
 139    0.0000079  -0.00009770
 140    0.0000070  -0.00009148
 141    0.0000074  -0.00009126
 142    0.0000063  -0.00008970
 143    0.0000009  -0.00002159
 144    0.0000007  -0.00001880
 145    0.0000000  -0.00000028
 146    0.0000494  -0.00022154
 147    0.0002292  -0.00078084
 148    0.0002162  -0.00076867
 149    0.0000800  -0.00035993
 150    0.0000279  -0.00013789
 151    0.0000390  -0.00017213
 152    0.0001449  -0.00074548
 153    0.0002055  -0.00092858
 154    0.0001941  -0.00088350
 155    0.0000077  -0.00009583
 156    0.0000069  -0.00008879
 157    0.0000073  -0.00009086
 158    0.0000061  -0.00007944
 159    0.0000004  -0.00002415
 160    0.0000005  -0.00001343
 161    0.0000000  -0.00000022
 162    0.0000449  -0.00021615
 163    0.0000820  -0.00034354
 164    0.0002075  -0.00074807
 165    0.0000742  -0.00032224
 166    0.0000254  -0.00013410
 167    0.0000344  -0.00012102
 168    0.0001215  -0.00069576
 169    0.0001018  -0.00063548
 170    0.0001868  -0.00088207
 171    0.0000074  -0.00009124
 172    0.0000068  -0.00008742
 173    0.0000059  -0.00007918
 174    0.0000060  -0.00007996
 175    0.0000002  -0.00001939
 176    0.0000003  -0.00003306
 177    0.0000000  -0.00000020
 
----------------
 Final Energies 
----------------
Final NOF Total Energy =    -610.1424854
 
Total Orbital Internal Iterations = 813
Total Occupation Internal Iterations = 32
 
Elapsed time: 2399.29 Seconds

---------------------------------
   Lowdin Population Analysis    
---------------------------------
 Idx  Atom   Population   Charge 
---------------------------------
  1    Cl    16.539       0.461
  2     O     8.263      -0.263
  3     O     8.198      -0.198

---------------------------------
   M Diagnostic: 0.03
---------------------------------

