W4-11-hcl_C.jld not found
W4-11-hcl_n.jld not found
Computing Integrals
Elapsed time:    3.09 Seconds

Number of basis functions                   (NBF)    = 55
Number of auxiliary basis functions         (NBFAUX) = 146
Inactive Doubly occupied orbitals up to     (NO1)    = 0
No. considered Strongly Doubly occupied MOs (NDOC)   = 9
No. considered Strongly Singly occupied MOs (NSOC)   = 0
NO. of Weakly occ. per St. Doubly occ.  MOs (NCWO)   = 1
Dimension of the Nat. Orb. subspace         (NBF5)   = 18
No. of electrons                                     = 18
    No. of alpha electrons                           = 9
    No. of beta electrons                            = 9
Multiplicity                                         = 1

Geometry
========
Cl       0.0000000       0.0000000       0.0708700
 H       0.0000000       0.0000000      -1.2047400

No violations of the orthonormality
No violations of the orthonormality
 
PNOF8/ADAM Calculation
==================
 
  Nitext  Nit_orb  Time   Nit_occ  Time         Eelec          Etot           Ediff      maxdiff    Grad_orb  Grad_occ
0.014268033183051016
0.02883786353535841
     1      10    1.1e+01   11    2.6e+01  -447.72940455  -440.67709692 -10446.72940455   3.174425   2.8e+01   2.5e-04 0.03
0.0036244727684485722
0.008171404874933945
     2      10    1.4e-01   13    1.3e-03  -458.19025887  -451.13795124   -10.46085432   1.457033   1.3e+01   1.2e-04 0.04
0.0017880058807568794
0.0030392430852705494
     3      10    6.7e-02    8    8.5e-04  -463.16011089  -456.10780326    -4.96985202   1.027617   7.4e+00   1.2e-04 0.04
0.0009617849056515748
0.0013722589275222744
     4      10    6.0e-02    5    9.8e-04  -465.33974590  -458.28743827    -2.17963501   0.549777   4.2e+00   2.4e-04 0.04
0.001883244822188268
0.0031900372923529415
     5      10    3.3e-02    7    5.1e-03  -466.47423969  -459.42193205    -1.13449379   0.216506   2.5e+00   1.1e-04 0.04
0.002722801891778426
0.004434146149852973
     6      10    9.0e-03    4    8.3e-04  -467.02084301  -459.96853538    -0.54660333   0.140224   1.6e+00   1.7e-04 0.03
0.002290645442995346
0.003536789227078266
     7      10    8.0e-03    4    4.6e-03  -467.24847623  -460.19616860    -0.22763322   0.109367   1.4e+00   1.5e-04 0.03
0.0016898444306350235
0.0024589096409655077
     8      10    2.6e-02    4    1.1e-03  -467.34661155  -460.29430392    -0.09813531   0.076933   1.2e+00   1.9e-04 0.03
0.0009622416159899682
0.001485522085769412
     9      10    2.8e-02    8    1.4e-03  -467.38227508  -460.32996745    -0.03566353   0.051071   1.2e+00   2.2e-04 0.03
0.0002766055304794096
0.0005233802148337713
    10      10    3.7e-02    3    7.8e-04  -467.39139506  -460.33908743    -0.00911999   0.052874   1.2e+00   1.5e-04 0.03
0.00016344290690553133
0.0002882015618653465
    11      10    2.8e-02    3    8.7e-04  -467.39354083  -460.34123320    -0.00214577   0.051719   1.2e+00   1.3e-04 0.03
0.00018331263614046467
0.0003340805867616301
    12      10    2.2e-02    3    8.1e-04  -467.39427925  -460.34197162    -0.00073842   0.053532   1.2e+00   1.3e-04 0.03
0.00014550825300402824
0.00024297607922059002
    13      10    2.8e-02    3    9.5e-04  -467.39460587  -460.34229824    -0.00032661   0.054504   1.2e+00   1.4e-04 0.03
8.351061197753307e-5
0.0001472083957691191
    14      10    2.7e-02    2    4.7e-03  -467.39480532  -460.34249769    -0.00019945   0.051897   1.2e+00   1.6e-04 0.03
3.415293237334083e-5
6.536163598855926e-5
    15      10    3.5e-02    2    7.6e-04  -467.39489926  -460.34259162    -0.00009394   0.051643   1.2e+00   1.3e-04 0.03
5.404757268850924e-5
0.00011201983064120076
    16      10    3.0e-02    2    7.0e-04  -467.39499189  -460.34268426    -0.00009264   0.049346   1.2e+00   1.5e-04 0.03
3.4604864083243037e-5
8.85142489132088e-5
    17      10    2.0e-02    2    6.1e-04  -467.39507070  -460.34276307    -0.00007881   0.050004   1.2e+00   1.4e-04 0.03
6.375293285421427e-5
0.0001174712579089866
    18      10    2.0e-02    1    5.3e-04  -467.39518748  -460.34287985    -0.00011678   0.049372   1.2e+00   1.7e-04 0.03
6.9618242494629e-5
0.00011908779802633094
    19      10    1.7e-02    1    6.6e-04  -467.39524446  -460.34293683    -0.00005698   0.049585   1.2e+00   1.6e-04 0.03
0.0
0.0
    20      10    1.3e-02    0    2.2e-03  -467.39530260  -460.34299497    -0.00005814   0.050281   1.2e+00   2.4e-04 0.03
0.00010677958166363175
0.00019029681548950032
    21      20    2.9e-02    2    7.0e-04  -467.39787423  -460.34556660    -0.00257163   0.001384   3.2e-02   1.7e-04 0.03
8.214828812277107e-5
0.00018765078995757107
    22      20    3.7e-02    2    6.3e-04  -467.39797895  -460.34567132    -0.00010472   0.002124   3.9e-02   1.6e-04 0.03
8.30882035622784e-5
0.00013065876342243602
    23      20    4.1e-02    1    6.6e-04  -467.39800352  -460.34569588    -0.00002456   0.003417   4.4e-02   1.8e-04 0.03
6.524755060588472e-5
0.00014961482628714828
    24      20    6.9e-02    1    1.2e-03  -467.39801367  -460.34570604    -0.00001016   0.003857   4.7e-02   2.1e-04 0.03
5.576382950828185e-5
9.743136984383469e-5
    25      20    3.6e-02    1    7.3e-04  -467.39807913  -460.34577150    -0.00006546   0.003548   4.4e-02   1.3e-04 0.03
0.0
0.0
    26      20    3.4e-02    0    5.1e-04  -467.39814355  -460.34583591    -0.00006441   0.003881   4.2e-02   2.5e-04 0.03
6.382864466625282e-5
0.00012347607795325723
    27      30    5.1e-02    1    6.1e-04  -467.39820786  -460.34590023    -0.00006431   0.001126   7.2e-03   1.8e-04 0.03
0.0
0.0
    28      30    5.5e-02    0    7.7e-04  -467.39820170  -460.34589407     0.00000616   0.001720   1.5e-02   1.9e-04 0.03
0.0
0.0
    29      60    1.0e-01    0    5.8e-04  -467.39822939  -460.34592176    -0.00002768   0.000102   5.7e-04   1.9e-04 0.03
0.0
0.0
    30      70    1.1e-01    0    5.2e-03  -467.39822983  -460.34592220    -0.00000044   0.000436   2.4e-03   2.0e-04 0.03
0.0
0.0
    31      63    9.5e-02    0    6.0e-04  -467.39822984  -460.34592221    -0.00000001   0.000059   2.9e-04   2.0e-04 0.03
 
RESULTS OF THE OCCUPATION OPTIMIZATION
========================================
   1    1.9999939  -104.86284335
   2    1.9995298  -10.57391809
   3    1.9987085  -8.04548236
   4    1.9981499  -8.04356343
   5    1.9987004  -8.04252715
   6    1.9888056  -1.10929518
   7    1.9711365  -0.64800622
   8    1.9789944  -0.49308100
   9    1.9779402  -0.48984131
  10    0.0220598  -0.02328499
  11    0.0210056  -0.02277699
  12    0.0288635  -0.04010734
  13    0.0111944  -0.02401763
  14    0.0012996  -0.01479024
  15    0.0018501  -0.02094443
  16    0.0012915  -0.01443823
  17    0.0004702  -0.00802483
  18    0.0000061  -0.00056058
 
----------------
 Final Energies 
----------------
Final NOF Total Energy =    -460.3459222
 
Total Orbital Internal Iterations = 573
Total Occupation Internal Iterations = 94
 
Elapsed time:   64.21 Seconds

---------------------------------
   Lowdin Population Analysis    
---------------------------------
 Idx  Atom   Population   Charge 
---------------------------------
  1    Cl    16.821       0.179
  2     H     1.179      -0.179

---------------------------------
   M Diagnostic: 0.03
---------------------------------

