Computing Integrals
Elapsed time:    7.95 Seconds

Number of basis functions                   (NBF)    = 294
Number of auxiliary basis functions         (NBFAUX) = 260
Inactive Doubly occupied orbitals up to     (NO1)    = 0
No. considered Strongly Doubly occupied MOs (NDOC)   = 9
No. considered Strongly Singly occupied MOs (NSOC)   = 1
NO. of Weakly occ. per St. Doubly occ.  MOs (NCWO)   = 1
Dimension of the Nat. Orb. subspace         (NBF5)   = 19
No. of electrons                                     = 19
    No. of alpha electrons                           = 10
    No. of beta electrons                            = 9
Multiplicity                                         = 2

Geometry
========
 C      -1.0637800      -0.0000100      -0.0826100
 N       1.5102300      -0.0000100      -0.2316900
 H      -1.3870100       0.9085300      -0.5796500
 H      -1.2667000      -0.0045800       0.9824000
 H      -1.3877800      -0.9038900      -0.5876000
 H       0.2400800      -0.0000700      -0.2466000
 H       1.6774300       0.8055700       0.3728500
 H       1.6775300      -0.8055300       0.3729000

No violations of the orthonormality
No violations of the orthonormality
 
PNOF7/ADABelief Calculation
==================
 
  Nitext  Nit_orb  Time   Nit_occ  Time         Eelec          Etot           Ediff      maxdiff    MaxGrad_orb  Grad_occ
     1      20    1.3e+02    2    5.3e-01  -135.34599963   -95.91770226 -10134.34599963   0.056732   2.3e-01   8.5e-05 0.05
     2      30    1.6e+02    1    1.9e-02  -135.35968746   -95.93139009    -0.01368783   0.004050   1.6e-02   1.7e-04 0.05
     3      30    1.6e+02    1    2.2e-02  -135.35961844   -95.93132107     0.00006902   0.008178   3.3e-02   6.0e-05 0.05
     4      40    2.2e+02    1    2.3e-02  -135.35978934   -95.93149197    -0.00017090   0.001049   4.2e-03   6.3e-05 0.05
     5      40    2.1e+02    0    2.9e-02  -135.35979026   -95.93149288    -0.00000091   0.000843   3.4e-03   7.5e-05 0.05
     6      60    3.2e+02    0    3.3e-02  -135.35979251   -95.93149514    -0.00000226   0.000089   3.6e-04   9.3e-05 0.05
     7      70    3.6e+02    0    2.6e-02  -135.35979252   -95.93149515    -0.00000001   0.000083   3.3e-04   8.9e-05 0.05
     8      80    4.3e+02    0    2.6e-02  -135.35979253   -95.93149516    -0.00000000   0.000012   5.0e-05   9.0e-05 0.05
 
RESULTS OF THE OCCUPATION OPTIMIZATION
========================================
   1    1.9996823  -15.54543636
   2    1.9995504  -11.21051693
   3    1.9730009  -0.79738337
   4    1.9729900  -0.79733531
   5    1.9755442  -0.68906837
   6    1.9754372  -0.68798211
   7    1.9754291  -0.68795842
   8    1.9534236  -0.64031114
   9    1.9795962  -0.62245491
  10    1.0000000  -0.21483222
  11    0.0204038  -0.01353992
  12    0.0465764  -0.02278474
  13    0.0245709  -0.01747062
  14    0.0245628  -0.01746834
  15    0.0244558  -0.01747222
  16    0.0270100  -0.02156209
  17    0.0269991  -0.02155840
  18    0.0004496  -0.00840314
  19    0.0003177  -0.00818209
 
----------------
 Final Energies 
----------------
Final NOF Total Energy =     -95.9314952
 
Total Orbital Internal Iterations = 370
Total Occupation Internal Iterations = 5
 
Elapsed time: 2114.34 Seconds

---------------------------------
   Lowdin Population Analysis    
---------------------------------
 Idx  Atom   Population   Charge 
---------------------------------
  1     C     5.614       0.386
  2     N     6.469       0.531
  3     H     1.094      -0.094
  4     H     1.099      -0.099
  5     H     1.094      -0.094
  6     H     1.217      -0.217
  7     H     1.207      -0.207
  8     H     1.207      -0.207

---------------------------------
   M Diagnostic: 0.05
---------------------------------

