Computing Integrals
Elapsed time:   26.36 Seconds

Number of basis functions                   (NBF)    = 645
Number of auxiliary basis functions         (NBFAUX) = 593
Inactive Doubly occupied orbitals up to     (NO1)    = 0
No. considered Strongly Doubly occupied MOs (NDOC)   = 21
No. considered Strongly Singly occupied MOs (NSOC)   = 0
NO. of Weakly occ. per St. Doubly occ.  MOs (NCWO)   = 1
Dimension of the Nat. Orb. subspace         (NBF5)   = 42
No. of electrons                                     = 42
    No. of alpha electrons                           = 21
    No. of beta electrons                            = 21
Multiplicity                                         = 1

Geometry
========
 C       1.3986900       0.0046000      -0.3598600
 N      -0.0409200      -0.1696800       0.0165700
 C      -0.9469100       0.9457300      -0.4591900
 C      -1.0928100       1.0563600      -1.9761500
 C      -0.5472800      -1.5456800      -0.2919200
 H      -0.0602500      -0.1049000       1.0430000
 H      -0.4564400      -1.7619500      -1.3609300
 H       0.0428700      -2.2534100       0.2967900
 H       1.7063200       1.0194700      -0.0929800
 H       1.9829500      -0.7051300       0.2327200
 H      -0.5342000       1.8617000      -0.0201800
 H      -1.9106800       0.7660400       0.0322200
 H       1.5444600      -0.1740300      -1.4298700
 H      -1.5912300      -1.6104500       0.0272300
 H      -1.7658800       1.8914300      -2.2073100
 H      -0.1349000       1.2594200      -2.4697000
 H      -1.5278000       0.1512000      -2.4165200

No violations of the orthonormality
No violations of the orthonormality
 
PNOF7/ADABelief Calculation
==================
 
  Nitext  Nit_orb  Time   Nit_occ  Time         Eelec          Etot           Ediff      maxdiff    MaxGrad_orb  Grad_occ
     1      20    2.2e+02    3    8.5e-01  -418.97075620  -212.19900056 -10417.97075620   0.109558   4.4e-01   2.2e-05 0.03
     2      30    3.0e+02    2    2.9e-01  -419.90296235  -213.13120672    -0.93220616   0.037189   1.5e-01   1.1e-04 0.03
     3      30    3.0e+02    2    2.9e-01  -419.91140234  -213.13964670    -0.00843999   0.019077   7.6e-02   2.9e-05 0.03
     4      30    3.1e+02    1    2.9e-01  -419.91112297  -213.13936734     0.00027937   0.018303   7.3e-02   5.6e-05 0.03
     5      40    4.0e+02    1    2.9e-01  -419.91448452  -213.14272889    -0.00336155   0.003068   1.2e-02   3.6e-05 0.03
     6      40    3.9e+02    0    2.3e-01  -419.91445095  -213.14269531     0.00003357   0.003762   1.5e-02   5.2e-05 0.03
     7      60    6.0e+02    0    2.3e-01  -419.91457063  -213.14281500    -0.00011968   0.000355   1.4e-03   6.2e-05 0.03
     8      70    6.9e+02    0    2.2e-01  -419.91457113  -213.14281550    -0.00000050   0.000241   9.6e-04   5.8e-05 0.03
     9      80    7.9e+02    0    2.3e-01  -419.91457133  -213.14281569    -0.00000019   0.000131   5.2e-04   6.0e-05 0.03
    10      90    8.9e+02    0    2.3e-01  -419.91457138  -213.14281575    -0.00000005   0.000069   2.8e-04   5.9e-05 0.03
    11     100    1.0e+03    0    2.9e-01  -419.91457139  -213.14281576    -0.00000001   0.000031   1.2e-04   5.9e-05 0.03
    12     110    1.1e+03    0    1.6e-01  -419.91457140  -213.14281576    -0.00000000   0.000018   7.1e-05   5.9e-05 0.03
 
RESULTS OF THE OCCUPATION OPTIMIZATION
========================================
   1    1.9996906  -15.86615651
   2    1.9995661  -11.44477936
   3    1.9995687  -11.44308040
   4    1.9995687  -11.44305572
   5    1.9995702  -11.37357812
   6    1.9769930  -1.08592022
   7    1.9706850  -1.03812611
   8    1.9707439  -1.03804159
   9    1.9698505  -1.02657644
  10    1.9752308  -0.89515859
  11    1.9782797  -0.88421138
  12    1.9782751  -0.88406950
  13    1.9783249  -0.88393986
  14    1.9783021  -0.88391516
  15    1.9783175  -0.88388101
  16    1.9783047  -0.88383420
  17    1.9778247  -0.88104317
  18    1.9778099  -0.88091233
  19    1.9778855  -0.82851998
  20    1.9778702  -0.82849106
  21    1.9778779  -0.82310731
  22    0.0221221  -0.01788824
  23    0.0221298  -0.01801273
  24    0.0221145  -0.01800593
  25    0.0221901  -0.01881248
  26    0.0221753  -0.01880340
  27    0.0216953  -0.01846937
  28    0.0216825  -0.01846282
  29    0.0216979  -0.01847427
  30    0.0216751  -0.01846422
  31    0.0217249  -0.01849566
  32    0.0217203  -0.01849189
  33    0.0247692  -0.02062687
  34    0.0301495  -0.02747192
  35    0.0292561  -0.02700166
  36    0.0293150  -0.02702620
  37    0.0230070  -0.02305839
  38    0.0004298  -0.00822056
  39    0.0004313  -0.00825810
  40    0.0004313  -0.00825806
  41    0.0004339  -0.00829067
  42    0.0003094  -0.00809584
 
----------------
 Final Energies 
----------------
Final NOF Total Energy =    -213.1428158
 
Total Orbital Internal Iterations = 700
Total Occupation Internal Iterations = 9
 
Elapsed time: 7312.91 Seconds

---------------------------------
   Lowdin Population Analysis    
---------------------------------
 Idx  Atom   Population   Charge 
---------------------------------
  1     C     5.726       0.274
  2     N     6.429       0.571
  3     C     5.893       0.107
  4     C     5.748       0.252
  5     C     5.726       0.274
  6     H     1.043      -0.043
  7     H     1.039      -0.039
  8     H     1.040      -0.040
  9     H     1.039      -0.039
 10     H     1.040      -0.040
 11     H     1.033      -0.033
 12     H     1.032      -0.032
 13     H     1.039      -0.039
 14     H     1.039      -0.039
 15     H     1.035      -0.035
 16     H     1.050      -0.050
 17     H     1.050      -0.050

---------------------------------
   M Diagnostic: 0.03
---------------------------------

