/home/pobleyef/.juliaup/bin/julia
UPU23-5z
Job runing on na06
Choosing scratch ...
Automatic scratch folder selection
/scratch/pobleyef/159872
/scratch/pobleyef/159872 directory
cp UPU23-5z.jl UPU23-5z.jld2 to  /scratch/pobleyef/159872/.
Computing Integrals
Elapsed time:  204.44 Seconds

Number of basis functions                   (NBF)    = 2782
Number of auxiliary basis functions         (NBFAUX) = 3260
Inactive Doubly occupied orbitals up to     (NO1)    = 0
No. considered Strongly Doubly occupied MOs (NDOC)   = 143
No. considered Strongly Singly occupied MOs (NSOC)   = 0
NO. of Weakly occ. per St. Doubly occ.  MOs (NCWO)   = 1
Dimension of the Nat. Orb. subspace         (NBF5)   = 286
No. of electrons                                     = 286
    No. of alpha electrons                           = 143
    No. of beta electrons                            = 143
Multiplicity                                         = 1

Geometry
========
 H      -0.3417500       3.1199400       1.7764900
 O      -0.4276000       2.1677300       1.9388500
 C       0.2908000       1.8388600       3.1379400
 H      -0.2131600       2.2526400       4.0204000
 H       1.3168600       2.2268500       3.1022600
 C       0.3726200       0.3331900       3.2457900
 H       0.9556800       0.0726300       4.1381100
 O      -0.9563300      -0.2389900       3.3596900
 C      -1.0073400      -1.5035800       2.7143600
 H      -1.3095200      -2.2864500       3.4105600
 N      -2.0635600      -1.4487900       1.6648600
 C      -2.3381100      -0.2854300       0.9883300
 H      -1.7547000       0.5757200       1.3005500
 C      -3.2876000      -0.2089500       0.0221100
 H      -3.4740500       0.7238000      -0.4927700
 C      -4.0594500      -1.3751100      -0.3298800
 O      -4.9520800      -1.4445800      -1.1822800
 N      -3.6887100      -2.5242300       0.3870800
 H      -4.1776700      -3.3858600       0.1585200
 C      -2.7265700      -2.6394600       1.3674100
 O      -2.4668700      -3.7017600       1.9302700
 C       0.9813500      -0.3654300       2.0317900
 H       0.6639500       0.1208800       1.1063500
 C       0.3943600      -1.7817500       2.1426300
 H       0.3532100      -2.3080700       1.1851800
 O       1.1178600      -2.5389800       3.1129500
 H       2.0519900      -2.2666600       3.0224400
 O       2.4024500      -0.3380600       2.1516800
 P       3.3619300      -0.3755500       0.8132900
 O       3.0837200      -1.6196700       0.0179100
 O       4.7467100      -0.0625600       1.2897200
 O       2.6974600       0.9108400       0.0393400
 C       3.4365900       1.4998200      -1.0532300
 H       4.0731000       0.7491300      -1.5349300
 H       4.0685600       2.3076900      -0.6674000
 C       2.4653100       2.0611300      -2.0739100
 H       3.0384100       2.6162900      -2.8244300
 O       1.7803300       0.9694800      -2.7620700
 C       0.3744900       1.0905500      -2.6105400
 H      -0.1039800       1.5053100      -3.5015800
 N      -0.1737100      -0.2704000      -2.4456500
 C       0.5221300      -1.2133500      -1.7308800
 H       1.4782300      -0.8949000      -1.3285100
 C       0.0674600      -2.4782000      -1.5486200
 H       0.6611800      -3.1985400      -1.0020800
 C      -1.1962600      -2.8790200      -2.1085900
 O      -1.7277500      -3.9921200      -2.0219300
 N      -1.8485500      -1.8471900      -2.8029600
 H      -2.7535100      -2.0705100      -3.2088300
 C      -1.4182100      -0.5510200      -3.0098800
 O      -2.0776600       0.2730000      -3.6380700
 C       1.3635100       2.9558200      -1.4911100
 H       1.6420500       3.3867600      -0.5268400
 C       0.1652000       2.0039800      -1.3808400
 H       0.2613200       1.4109500      -0.4695600
 O      -1.0818000       2.6653000      -1.3413500
 H      -0.9669600       3.4633100      -1.8957400
 O       0.9694800       3.9878100      -2.4137800
 H       1.4351600       4.8057400      -2.1786000

No violations of the orthonormality
No violations of the orthonormality
 
PNOF7/ADABelief Calculation
==================
 
  Nitext  Nit_orb  Time   Nit_occ  Time         Eelec          Etot           Ediff      maxdiff    MaxGrad_orb  Grad_occ
     1      30    7.7e+02    0    3.2e+01 -7457.48886839 -2304.55309349 -17456.48886839   0.004677   1.9e-02   2.5e-04 0.14
     2      50    1.3e+03    1    1.1e+01 -7457.48910158 -2304.55332669    -0.00023319   0.003465   1.4e-02   2.1e-04 0.14
     3      50    1.2e+03    0    1.1e+01 -7457.48910812 -2304.55333323    -0.00000654   0.003465   1.4e-02   2.1e-04 0.14
     4      70    1.7e+03    1    1.1e+01 -7457.48931883 -2304.55354393    -0.00021070   0.000494   2.0e-03   1.7e-04 0.14
 
RESULTS OF THE OCCUPATION OPTIMIZATION
========================================
   1    1.9999656  -79.47190182
   2    1.9997807  -20.50936556
   3    1.9997818  -20.48507770
   4    1.9997799  -20.47819166
   5    1.9997811  -20.47728290
   6    1.9997797  -20.47523923
   7    1.9997827  -20.46416013
   8    1.9997826  -20.45775475
   9    1.9997806  -20.45226045
  10    1.9997834  -20.45197183
  11    1.9997834  -20.45166670
  12    1.9997840  -20.45077166
  13    1.9997841  -20.44573599
  14    1.9997808  -20.35237058
  15    1.9997798  -20.34855866
  16    1.9996903  -15.51224242
  17    1.9996939  -15.51219074
  18    1.9996913  -15.50997446
  19    1.9996937  -15.50899855
  20    1.9995621  -11.29408307
  21    1.9995630  -11.29358142
  22    1.9995626  -11.25953323
  23    1.9995624  -11.25178797
  24    1.9995596  -11.22873548
  25    1.9995597  -11.22358546
  26    1.9995620  -11.21136699
  27    1.9995612  -11.20006880
  28    1.9995643  -11.19353944
  29    1.9995617  -11.19245845
  30    1.9995624  -11.18774130
  31    1.9995644  -11.18584063
  32    1.9995625  -11.18234825
  33    1.9995613  -11.18225681
  34    1.9995611  -11.17384519
  35    1.9995610  -11.16799169
  36    1.9995581  -11.13287956
  37    1.9995580  -11.12117839
  38    1.9994224  -5.97876767
  39    1.9994194  -5.97643006
  40    1.9994106  -5.97536123
  41    1.9994044  -5.97426718
  42    1.9830105  -0.99974069
  43    1.9821507  -0.98929633
  44    1.9820859  -0.98216273
  45    1.9827420  -0.97241734
  46    1.9826076  -0.89087671
  47    1.9826659  -0.88806218
  48    1.9814678  -0.88416214
  49    1.9816570  -0.87388367
  50    1.9811090  -0.86808949
  51    1.9815597  -0.85777251
  52    1.9809047  -0.85718995
  53    1.9810143  -0.85373013
  54    1.9859092  -0.83016604
  55    1.9742918  -0.81502768
  56    1.9844365  -0.79877480
  57    1.9835964  -0.79677294
  58    1.9844361  -0.78700878
  59    1.9739332  -0.78649435
  60    1.9756940  -0.78560598
  61    1.9795913  -0.77516494
  62    1.9795904  -0.77291728
  63    1.9734768  -0.77204995
  64    1.9731124  -0.76704839
  65    1.9670488  -0.76630281
  66    1.9681426  -0.76612410
  67    1.9761102  -0.76553773
  68    1.9691066  -0.76196068
  69    1.9680218  -0.76195892
  70    1.9890870  -0.75993825
  71    1.9800697  -0.75790204
  72    1.9896940  -0.75474609
  73    1.9802873  -0.75122961
  74    1.9894371  -0.74735969
  75    1.9665673  -0.74084650
  76    1.9882053  -0.73640493
  77    1.9685897  -0.73421718
  78    1.9889574  -0.72990118
  79    1.9653114  -0.72823172
  80    1.9889528  -0.72521686
  81    1.9671435  -0.72423519
  82    1.9886360  -0.72372270
  83    1.9629403  -0.71870695
  84    1.9885932  -0.71702064
  85    1.9665569  -0.71636423
  86    1.9886245  -0.70921350
  87    1.9879616  -0.69901906
  88    1.9881250  -0.69431821
  89    1.9890334  -0.69373666
  90    1.9876938  -0.69181869
  91    1.9867455  -0.69099831
  92    1.9869768  -0.68825917
  93    1.9867150  -0.68469442
  94    1.9744216  -0.68267050
  95    1.9878922  -0.68259064
  96    1.9870004  -0.68189111
  97    1.9883560  -0.68041678
  98    1.9821256  -0.67947975
  99    1.9887241  -0.67927685
 100    1.9869256  -0.67837740
 101    1.9835945  -0.67752392
 102    1.9871490  -0.67598920
 103    1.9755345  -0.67384487
 104    1.9886472  -0.67316409
 105    1.9741574  -0.67239253
 106    1.9753378  -0.67041343
 107    1.9733397  -0.66359358
 108    1.9880561  -0.66228563
 109    1.9735628  -0.65966248
 110    1.9743814  -0.65935867
 111    1.9778933  -0.65558984
 112    1.9740994  -0.64788036
 113    1.9784215  -0.63931746
 114    1.9781393  -0.63885829
 115    1.9772914  -0.63685369
 116    1.9820873  -0.63573256
 117    1.9781484  -0.63058532
 118    1.9781781  -0.62976376
 119    1.9776497  -0.62682495
 120    1.9774919  -0.62614656
 121    1.9782936  -0.62489732
 122    1.9770810  -0.62108218
 123    1.9774722  -0.62096093
 124    1.9788137  -0.62027043
 125    1.9775814  -0.61599092
 126    1.9803942  -0.61595728
 127    1.9780176  -0.61372702
 128    1.9779119  -0.61081198
 129    1.9771118  -0.60814751
 130    1.9840048  -0.54791427
 131    1.9867288  -0.53581251
 132    1.9834799  -0.52989677
 133    1.9858198  -0.52566149
 134    1.9850087  -0.51531534
 135    1.9868012  -0.51132302
 136    1.9833084  -0.50945289
 137    1.9829582  -0.50412832
 138    1.9384643  -0.47060318
 139    1.9064417  -0.45569879
 140    1.9047829  -0.44904213
 141    1.9274056  -0.44662323
 142    1.8621797  -0.31740960
 143    1.8612714  -0.30816620
 144    0.1387286  -0.03628873
 145    0.1378203  -0.03679947
 146    0.0725944  -0.03330852
 147    0.0952171  -0.04087393
 148    0.0935583  -0.04059732
 149    0.0615357  -0.03027716
 150    0.0170418  -0.01288512
 151    0.0166916  -0.01282664
 152    0.0131988  -0.00771919
 153    0.0149913  -0.00899520
 154    0.0141802  -0.00863950
 155    0.0165201  -0.01297798
 156    0.0132712  -0.00825927
 157    0.0159952  -0.01287312
 158    0.0228882  -0.01572517
 159    0.0220881  -0.01575323
 160    0.0219824  -0.01570519
 161    0.0196058  -0.01557498
 162    0.0224186  -0.01593899
 163    0.0211863  -0.01516687
 164    0.0225278  -0.01608653
 165    0.0229190  -0.01589086
 166    0.0217064  -0.01573260
 167    0.0225081  -0.01609917
 168    0.0223503  -0.01601396
 169    0.0218219  -0.01586564
 170    0.0218516  -0.01598377
 171    0.0179127  -0.01480313
 172    0.0227086  -0.01633095
 173    0.0218607  -0.01607363
 174    0.0215785  -0.01559978
 175    0.0259006  -0.01835785
 176    0.0221067  -0.01622212
 177    0.0256186  -0.01840010
 178    0.0264372  -0.01890463
 179    0.0119439  -0.01138662
 180    0.0266603  -0.01907110
 181    0.0246622  -0.01806981
 182    0.0258426  -0.01865792
 183    0.0113528  -0.01100092
 184    0.0244655  -0.01800639
 185    0.0128510  -0.01178749
 186    0.0164055  -0.01433915
 187    0.0130744  -0.01190351
 188    0.0112759  -0.01103819
 189    0.0178744  -0.01531155
 190    0.0116440  -0.01128500
 191    0.0129996  -0.01183888
 192    0.0121078  -0.01162751
 193    0.0255784  -0.01864115
 194    0.0132850  -0.01204707
 195    0.0130232  -0.01190329
 196    0.0132545  -0.01207079
 197    0.0123062  -0.01149110
 198    0.0109666  -0.01090107
 199    0.0118750  -0.01126807
 200    0.0120384  -0.01168004
 201    0.0113755  -0.01125736
 202    0.0334431  -0.02548049
 203    0.0114068  -0.01125433
 204    0.0370597  -0.02740835
 205    0.0113640  -0.01125279
 206    0.0328565  -0.02500264
 207    0.0110472  -0.01116158
 208    0.0346886  -0.02633209
 209    0.0110426  -0.01118902
 210    0.0314103  -0.02438892
 211    0.0117947  -0.01174504
 212    0.0334327  -0.02588168
 213    0.0105629  -0.01078343
 214    0.0197127  -0.01572867
 215    0.0103060  -0.01063193
 216    0.0199303  -0.01593361
 217    0.0109130  -0.01121276
 218    0.0319782  -0.02546976
 219    0.0308934  -0.02484153
 220    0.0238898  -0.02068137
 221    0.0318574  -0.02545518
 222    0.0329512  -0.02607709
 223    0.0268876  -0.02136931
 224    0.0265232  -0.02121971
 225    0.0204096  -0.01733787
 226    0.0204087  -0.01736149
 227    0.0243060  -0.02118471
 228    0.0260668  -0.02216650
 229    0.0155639  -0.01320960
 230    0.0164036  -0.01557490
 231    0.0155635  -0.01330631
 232    0.0257082  -0.02234370
 233    0.0140908  -0.01417890
 234    0.0189857  -0.01730811
 235    0.0190953  -0.01740909
 236    0.0184403  -0.01692124
 237    0.0188910  -0.01734594
 238    0.0183430  -0.01703059
 239    0.0185322  -0.01729790
 240    0.0173341  -0.01643454
 241    0.0173924  -0.01651190
 242    0.0172580  -0.01839065
 243    0.0179141  -0.01904230
 244    0.0178493  -0.01905676
 245    0.0169895  -0.01845194
 246    0.0005956  -0.00523293
 247    0.0005894  -0.00519532
 248    0.0005806  -0.00513629
 249    0.0005776  -0.00511641
 250    0.0004420  -0.00832260
 251    0.0004419  -0.00832339
 252    0.0004390  -0.00830309
 253    0.0004389  -0.00829509
 254    0.0004387  -0.00830231
 255    0.0004375  -0.00827934
 256    0.0004356  -0.00825809
 257    0.0004376  -0.00828089
 258    0.0004383  -0.00829153
 259    0.0004357  -0.00825901
 260    0.0004388  -0.00829823
 261    0.0004380  -0.00829188
 262    0.0004403  -0.00832712
 263    0.0004404  -0.00833125
 264    0.0004376  -0.00830870
 265    0.0004374  -0.00830819
 266    0.0004370  -0.00832788
 267    0.0004379  -0.00834040
 268    0.0003063  -0.00802372
 269    0.0003087  -0.00806342
 270    0.0003061  -0.00802150
 271    0.0003097  -0.00808116
 272    0.0002202  -0.00763101
 273    0.0002192  -0.00760916
 274    0.0002159  -0.00753368
 275    0.0002160  -0.00754652
 276    0.0002166  -0.00756172
 277    0.0002166  -0.00754276
 278    0.0002194  -0.00761876
 279    0.0002174  -0.00755535
 280    0.0002173  -0.00755511
 281    0.0002203  -0.00764514
 282    0.0002189  -0.00761333
 283    0.0002201  -0.00764023
 284    0.0002182  -0.00759631
 285    0.0002193  -0.00762479
 286    0.0000344  -0.00563035
 
----------------
 Final Energies 
----------------
Final NOF Total Energy =   -2304.5535439
 
Total Orbital Internal Iterations = 200
Total Occupation Internal Iterations = 2
 
Elapsed time: 5337.23 Seconds

---------------------------------
   Lowdin Population Analysis    
---------------------------------
 Idx  Atom   Population   Charge 
---------------------------------
  1     H     1.330      -0.330
  2     O     7.409       0.591
  3     C     6.073      -0.073
  4     H     1.061      -0.061
  5     H     1.048      -0.048
  6     C     6.219      -0.219
  7     H     1.033      -0.033
  8     O     7.536       0.464
  9     C     6.259      -0.259
 10     H     1.048      -0.048
 11     N     6.630       0.370
 12     C     6.006      -0.006
 13     H     1.074      -0.074
 14     C     5.943       0.057
 15     H     1.064      -0.064
 16     C     6.568      -0.568
 17     O     7.742       0.258
 18     N     6.473       0.527
 19     H     1.122      -0.122
 20     C     6.658      -0.658
 21     O     7.753       0.247
 22     C     6.256      -0.256
 23     H     1.053      -0.053
 24     C     6.210      -0.210
 25     H     1.050      -0.050
 26     O     7.422       0.578
 27     H     1.313      -0.313
 28     O     7.640       0.360
 29     P    15.839      -0.839
 30     O     8.068      -0.068
 31     O     8.087      -0.087
 32     O     7.678       0.322
 33     C     6.091      -0.091
 34     H     1.042      -0.042
 35     H     1.052      -0.052
 36     C     6.202      -0.202
 37     H     1.046      -0.046
 38     O     7.534       0.466
 39     C     6.274      -0.274
 40     H     1.047      -0.047
 41     N     6.628       0.372
 42     C     6.000      -0.000
 43     H     1.074      -0.074
 44     C     5.942       0.058
 45     H     1.060      -0.060
 46     C     6.569      -0.569
 47     O     7.737       0.263
 48     N     6.472       0.528
 49     H     1.123      -0.123
 50     C     6.659      -0.659
 51     O     7.767       0.233
 52     C     6.195      -0.195
 53     H     1.050      -0.050
 54     C     6.240      -0.240
 55     H     1.050      -0.050
 56     O     7.421       0.579
 57     H     1.327      -0.327
 58     O     7.406       0.594
 59     H     1.324      -0.324

---------------------------------
   M Diagnostic: 0.14
---------------------------------

Recovering execution output...
Moving from /scratch/pobleyef/159872 to /home-nas/pobleyef/DietGMTKN55/ncwo1/050/PNOF7/arina.159872
mkdir -p /home-nas/pobleyef/DietGMTKN55/ncwo1/050/PNOF7/arina.159872
mv /scratch/pobleyef/159872/* /home-nas/pobleyef/DietGMTKN55/ncwo1/050/PNOF7/arina.159872
