Computing Integrals
Elapsed time:   12.34 Seconds

Number of basis functions                   (NBF)    = 241
Number of auxiliary basis functions         (NBFAUX) = 359
Inactive Doubly occupied orbitals up to     (NO1)    = 0
No. considered Strongly Doubly occupied MOs (NDOC)   = 20
No. considered Strongly Singly occupied MOs (NSOC)   = 0
NO. of Weakly occ. per St. Doubly occ.  MOs (NCWO)   = 1
Dimension of the Nat. Orb. subspace         (NBF5)   = 40
No. of electrons                                     = 40
    No. of alpha electrons                           = 20
    No. of beta electrons                            = 20
Multiplicity                                         = 1

Geometry
========
Al       0.0000000       0.0000000       0.0000000
 F       0.0000000       1.6317700       0.0000000
 F       1.4131500      -0.8158800       0.0000000
 F      -1.4131500      -0.8158800       0.0000000

No violations of the orthonormality
No violations of the orthonormality
 
PNOF7/ADABelief Calculation
==================
 
  Nitext  Nit_orb  Time   Nit_occ  Time         Eelec          Etot           Ediff      maxdiff    MaxGrad_orb  Grad_occ
     1      20    1.1e+02    2    5.3e-01  -699.98415634  -540.65849554 -10698.98415634   0.108660   4.3e-01   6.9e-05 0.02
     2      30    1.3e+02    2    2.5e-02  -700.22139190  -540.89573109    -0.23723555   0.368729   1.5e+00   4.1e-05 0.01
     3      30    1.4e+02    1    2.6e-02  -700.23419312  -540.90853231    -0.01280122   0.023404   9.4e-02   1.6e-04 0.01
     4      30    1.4e+02    1    1.7e-02  -700.23303752  -540.90737672     0.00115559   0.024926   1.0e-01   4.8e-05 0.01
     5      40    1.8e+02    1    1.6e-02  -700.24054781  -540.91488700    -0.00751028   0.003708   1.5e-02   2.8e-05 0.01
     6      40    1.8e+02    0    1.7e-02  -700.24046384  -540.91480303     0.00008396   0.004568   1.8e-02   1.6e-04 0.01
     7      60    2.7e+02    0    2.4e-02  -700.24078813  -540.91512732    -0.00032429   0.000639   2.6e-03   1.9e-04 0.01
     8      70    3.2e+02    0    1.9e-02  -700.24078745  -540.91512664     0.00000068   0.000660   2.6e-03   1.8e-04 0.01
     9      90    4.0e+02    0    2.3e-02  -700.24079579  -540.91513498    -0.00000834   0.000094   3.8e-04   1.9e-04 0.01
    10     100    4.6e+02    0    2.5e-02  -700.24079579  -540.91513499    -0.00000000   0.000145   5.8e-04   2.0e-04 0.01
    11     110    5.0e+02    0    2.4e-02  -700.24079626  -540.91513545    -0.00000046   0.000112   4.5e-04   2.0e-04 0.01
    12     120    5.4e+02    0    2.3e-02  -700.24079632  -540.91513551    -0.00000007   0.000125   5.0e-04   2.1e-04 0.01
    13     130    5.8e+02    0    2.4e-02  -700.24079639  -540.91513558    -0.00000007   0.000112   4.5e-04   2.1e-04 0.01
    14     140    6.3e+02    0    2.4e-02  -700.24079635  -540.91513554     0.00000004   0.000166   6.6e-04   2.1e-04 0.01
    15     160    7.3e+02    0    1.8e-02  -700.24079663  -540.91513582    -0.00000028   0.000020   7.9e-05   2.1e-04 0.01
 
RESULTS OF THE OCCUPATION OPTIMIZATION
========================================
   1    1.9999494  -58.33184803
   2    1.9998393  -26.27882915
   3    1.9998394  -26.27877461
   4    1.9998394  -26.27875432
   5    1.9988346  -3.75600230
   6    1.9988287  -3.75476568
   7    1.9988249  -3.75393909
   8    1.9986495  -3.73079496
   9    1.9867069  -0.94157555
  10    1.9866238  -0.94000097
  11    1.9865620  -0.93943116
  12    1.9865403  -0.93856405
  13    1.9864668  -0.93758145
  14    1.9863622  -0.93682691
  15    1.9900000  -0.91317066
  16    1.9900078  -0.91305438
  17    1.9899664  -0.91247014
  18    1.9899049  -0.91160238
  19    1.9898480  -0.91043662
  20    1.9898044  -0.90978435
  21    0.0101956  -0.01271268
  22    0.0101520  -0.01269379
  23    0.0100951  -0.01266566
  24    0.0100336  -0.01262543
  25    0.0099922  -0.01260573
  26    0.0100000  -0.01261368
  27    0.0136378  -0.01576560
  28    0.0135332  -0.01571458
  29    0.0134597  -0.01568089
  30    0.0134380  -0.01567414
  31    0.0133762  -0.01564438
  32    0.0132931  -0.01560860
  33    0.0013505  -0.00689710
  34    0.0011751  -0.00622378
  35    0.0011713  -0.00621603
  36    0.0011654  -0.00620371
  37    0.0001606  -0.00718317
  38    0.0001606  -0.00718349
  39    0.0001607  -0.00718455
  40    0.0000506  -0.00591076
 
----------------
 Final Energies 
----------------
Final NOF Total Energy =    -540.9151358
 
Total Orbital Internal Iterations = 1170
Total Occupation Internal Iterations = 7
 
Elapsed time: 5432.94 Seconds

---------------------------------
   Lowdin Population Analysis    
---------------------------------
 Idx  Atom   Population   Charge 
---------------------------------
  1    Al    13.808      -0.808
  2     F     8.731       0.269
  3     F     8.731       0.269
  4     F     8.731       0.269

---------------------------------
   M Diagnostic: 0.01
---------------------------------

