Computing Integrals
Elapsed time:    5.18 Seconds

Number of basis functions                   (NBF)    = 70
Number of auxiliary basis functions         (NBFAUX) = 128
Inactive Doubly occupied orbitals up to     (NO1)    = 0
No. considered Strongly Doubly occupied MOs (NDOC)   = 6
No. considered Strongly Singly occupied MOs (NSOC)   = 3
NO. of Weakly occ. per St. Doubly occ.  MOs (NCWO)   = 1
Dimension of the Nat. Orb. subspace         (NBF5)   = 15
No. of electrons                                     = 15
    No. of alpha electrons                           = 9
    No. of beta electrons                            = 6
Multiplicity                                         = 4

Geometry
========
 P       0.0000000       0.0000000       0.0000000

No violations of the orthonormality
No violations of the orthonormality
 
PNOF7/ADABelief Calculation
==================
 
  Nitext  Nit_orb  Time   Nit_occ  Time         Eelec          Etot           Ediff      maxdiff    MaxGrad_orb  Grad_occ
     1      20    1.3e+01    0    3.0e-01  -340.79378580  -340.79378580 -10339.79378580   0.049119   2.0e-01   1.3e-04 0.05
     2      40    1.5e-01    0    4.1e-03  -340.80032827  -340.80032827    -0.00654247   0.004655   1.9e-02   1.5e-04 0.05
     3      50    4.8e-02    0    4.1e-03  -340.80102093  -340.80102093    -0.00069266   0.003847   1.5e-02   1.6e-04 0.05
     4      60    5.9e-02    0    4.1e-04  -340.80108227  -340.80108227    -0.00006133   0.002291   9.2e-03   1.5e-04 0.05
     5      70    7.3e-02    0    4.3e-04  -340.80108489  -340.80108489    -0.00000263   0.002459   9.8e-03   1.5e-04 0.05
     6      80    8.0e-02    0    4.1e-04  -340.80109542  -340.80109542    -0.00001053   0.001858   7.4e-03   1.6e-04 0.05
     7      90    8.9e-02    0    3.9e-04  -340.80109857  -340.80109857    -0.00000314   0.001751   7.0e-03   1.5e-04 0.05
     8     100    9.7e-02    0    4.0e-04  -340.80109265  -340.80109265     0.00000591   0.001234   4.9e-03   1.5e-04 0.05
     9     120    1.2e-01    0    4.1e-04  -340.80111059  -340.80111059    -0.00001793   0.000208   8.3e-04   1.5e-04 0.05
    10     130    1.3e-01    0    3.9e-04  -340.80111047  -340.80111047     0.00000012   0.000215   8.6e-04   1.5e-04 0.05
    11     150    1.5e-01    0    4.6e-04  -340.80111160  -340.80111160    -0.00000113   0.000036   1.4e-04   1.5e-04 0.05
    12     160    1.5e-01    0    4.2e-04  -340.80111153  -340.80111153     0.00000007   0.000049   2.0e-04   1.5e-04 0.05
    13     143    1.3e-01    0    4.1e-04  -340.80111161  -340.80111161    -0.00000009   0.000012   5.0e-05   1.5e-04 0.05
 
RESULTS OF THE OCCUPATION OPTIMIZATION
========================================
   1    1.9999640  -79.62643724
   2    1.9991791  -6.01745306
   3    1.9991711  -6.01359346
   4    1.9991681  -6.01223952
   5    1.9991622  -6.00943480
   6    1.9545518  -0.70392272
   7    1.0000000  -0.20851418
   8    1.0000000  -0.20527332
   9    1.0000000  -0.20506866
  10    0.0454482  -0.01484118
  11    0.0008378  -0.00661489
  12    0.0008319  -0.00659805
  13    0.0008289  -0.00658936
  14    0.0008209  -0.00656625
  15    0.0000360  -0.00577151
 
----------------
 Final Energies 
----------------
Final NOF Total Energy =    -340.8011116
 
Total Orbital Internal Iterations = 1213
Total Occupation Internal Iterations = 0
 
Elapsed time:   74.60 Seconds

---------------------------------
   Lowdin Population Analysis    
---------------------------------
 Idx  Atom   Population   Charge 
---------------------------------
  1     P    15.000      -0.000

---------------------------------
   M Diagnostic: 0.05
---------------------------------

