Computing Integrals
Elapsed time:    6.96 Seconds

Number of basis functions                   (NBF)    = 231
Number of auxiliary basis functions         (NBFAUX) = 265
Inactive Doubly occupied orbitals up to     (NO1)    = 0
No. considered Strongly Doubly occupied MOs (NDOC)   = 12
No. considered Strongly Singly occupied MOs (NSOC)   = 0
NO. of Weakly occ. per St. Doubly occ.  MOs (NCWO)   = 1
Dimension of the Nat. Orb. subspace         (NBF5)   = 24
No. of electrons                                     = 24
    No. of alpha electrons                           = 12
    No. of beta electrons                            = 12
Multiplicity                                         = 1

Geometry
========
 C       0.0000000       0.4210300       0.0000000
 H      -0.3830600       1.4480400       0.0000000
 H      -0.6595600      -1.3436400       0.0000000
 O       1.1585200       0.1170900       0.0000000
 O      -1.0281900      -0.4459100       0.0000000

No violations of the orthonormality
No violations of the orthonormality
 
PNOF7/ADABelief Calculation
==================
 
  Nitext  Nit_orb  Time   Nit_occ  Time         Eelec          Etot           Ediff      maxdiff    MaxGrad_orb  Grad_occ
     1      20    1.1e+02    3    4.2e-01  -259.22996798  -188.99508873 -10258.22996798   0.072350   2.9e-01   7.0e-05 0.09
     2      30    1.4e+02    3    8.5e-02  -259.30222506  -189.06734581    -0.07225708   0.007666   3.1e-02   4.3e-05 0.10
     3      30    1.4e+02    1    4.0e-02  -259.30108189  -189.06620264     0.00114317   0.024341   9.7e-02   1.6e-04 0.10
     4      40    1.9e+02    1    3.5e-02  -259.30266395  -189.06778470    -0.00158206   0.003174   1.3e-02   1.2e-04 0.10
     5      40    1.9e+02    0    7.1e-03  -259.30264749  -189.06776824     0.00001647   0.004391   1.8e-02   8.9e-05 0.10
     6      60    2.8e+02    0    1.4e-02  -259.30269155  -189.06781230    -0.00004406   0.000365   1.5e-03   1.1e-04 0.10
     7      70    3.2e+02    0    5.5e-03  -259.30269114  -189.06781189     0.00000041   0.000466   1.9e-03   1.1e-04 0.10
     8      90    4.2e+02    0    1.6e-02  -259.30269188  -189.06781263    -0.00000074   0.000048   1.9e-04   1.1e-04 0.10
     9     100    4.5e+02    0    5.6e-03  -259.30269188  -189.06781263    -0.00000000   0.000051   2.1e-04   1.1e-04 0.10
    10     110    5.1e+02    0    8.5e-03  -259.30269189  -189.06781264    -0.00000000   0.000032   1.3e-04   1.1e-04 0.10
    11     120    5.5e+02    0    1.8e-02  -259.30269189  -189.06781264    -0.00000000   0.000029   1.1e-04   1.1e-04 0.10
    12     130    6.0e+02    0    3.6e-02  -259.30269189  -189.06781264    -0.00000000   0.000019   7.6e-05   1.1e-04 0.10
 
RESULTS OF THE OCCUPATION OPTIMIZATION
========================================
   1    1.9997824  -20.60139959
   2    1.9997845  -20.57262222
   3    1.9995613  -11.36141667
   4    1.9851758  -1.14969616
   5    1.9781891  -0.97747052
   6    1.9761438  -0.90766310
   7    1.9890671  -0.82406914
   8    1.9889006  -0.82184521
   9    1.9871385  -0.79269192
  10    1.9874226  -0.78875867
  11    1.9779749  -0.76500328
  12    1.9007660  -0.56054999
  13    0.0992340  -0.04807564
  14    0.0220251  -0.01738691
  15    0.0125774  -0.01219625
  16    0.0128615  -0.01245041
  17    0.0110994  -0.01128104
  18    0.0109329  -0.01121924
  19    0.0238562  -0.02234556
  20    0.0218109  -0.02196093
  21    0.0148242  -0.01783616
  22    0.0004387  -0.00835036
  23    0.0002155  -0.00752385
  24    0.0002176  -0.00759636
 
----------------
 Final Energies 
----------------
Final NOF Total Energy =    -189.0678126
 
Total Orbital Internal Iterations = 840
Total Occupation Internal Iterations = 8
 
Elapsed time: 3988.44 Seconds

---------------------------------
   Lowdin Population Analysis    
---------------------------------
 Idx  Atom   Population   Charge 
---------------------------------
  1     C     6.504      -0.504
  2     H     1.094      -0.094
  3     H     1.293      -0.293
  4     O     7.713       0.287
  5     O     7.396       0.604

---------------------------------
   M Diagnostic: 0.10
---------------------------------

