Computing Integrals
NVIDIA GeForce RTX 4060
Elapsed time:    9.86 Seconds

Number of basis functions                   (NBF)    = 789
Number of auxiliary basis functions         (NBFAUX) = 761
Inactive Doubly occupied orbitals up to     (NO1)    = 0
No. considered Strongly Doubly occupied MOs (NDOC)   = 27
No. considered Strongly Singly occupied MOs (NSOC)   = 0
NO. of Weakly occ. per St. Doubly occ.  MOs (NCWO)   = 1
Dimension of the Nat. Orb. subspace         (NBF5)   = 54
No. of electrons                                     = 54
    No. of alpha electrons                           = 27
    No. of beta electrons                            = 27
Multiplicity                                         = 1

Geometry
========
 C       0.2496200      -1.0006200       0.0000000
 N      -0.0947900       0.4821400       0.0000000
 B       1.6673900      -1.4663900       0.0000000
 B      -0.8968500      -1.9585700       0.0000000
 H       1.8400900      -2.6465100       0.0000000
 H       2.6354800      -0.7579400       0.0000000
 H      -2.0532700      -1.6154100       0.0000000
 H      -0.6632200      -3.1267100       0.0000000
 C      -0.8968500       0.8156700       1.2109800
 H      -1.1476500       1.8768000       1.1964200
 H      -1.7940400       0.2064500       1.2016500
 H      -0.2950200       0.5707700       2.0813500
 C      -0.8968500       0.8156700      -1.2109800
 H      -1.1476500       1.8768000      -1.1964200
 H      -0.2950200       0.5707700      -2.0813500
 H      -1.7940400       0.2064500      -1.2016500
 C       1.1047700       1.3554700       0.0000000
 H       0.7733600       2.3930600       0.0000000
 H       1.6938100       1.1391100       0.8849600
 H       1.6938100       1.1391100      -0.8849600

No violations of the orthonormality
No violations of the orthonormality
 
PNOF7/ADABelief Calculation
==================
 
  Nitext  Nit_orb  Time   Nit_occ  Time         Eelec          Etot           Ediff      maxdiff    MaxGrad_orb  Grad_occ
     1      10    2.4e+01    3    1.8e+01  -569.72067562  -263.30602212 -10568.72067562   0.006621   2.6e-02   5.5e-05 0.06
     2      20    2.1e+00    1    2.2e-02  -569.72526571  -263.31061221    -0.00459008   0.203265   8.1e-01   3.3e-04 0.06
     3      20    1.8e+00    1    1.8e-02  -569.72677552  -263.31212202    -0.00150981   0.017815   7.1e-02   1.8e-04 0.06
     4      20    2.7e+00    0    1.7e-02  -569.72678553  -263.31213203    -0.00001001   0.017815   7.1e-02   1.8e-04 0.06
     5      40    3.8e+00    1    1.7e-02  -569.73049555  -263.31584206    -0.00371003   0.005062   2.0e-02   1.4e-04 0.06
     6      40    4.0e+00    0    1.4e-02  -569.73088653  -263.31623303    -0.00039098   0.023616   9.4e-02   1.7e-04 0.06
     7      50    4.7e+00    0    1.7e-02  -569.73138108  -263.31672758    -0.00049455   0.001161   4.6e-03   2.1e-04 0.06
     8      60    6.3e+00    1    1.7e-02  -569.73181011  -263.31715661    -0.00042903   0.000951   3.8e-03   7.1e-05 0.06
 
RESULTS OF THE OCCUPATION OPTIMIZATION
========================================
   1    1.9996884  -15.67720127
   2    1.9995677  -11.27140141
   3    1.9995677  -11.27138805
   4    1.9995680  -11.26741123
   5    1.9995758  -11.15831470
   6    1.9993438  -7.53507614
   7    1.9993285  -7.50048685
   8    1.9706048  -0.86361599
   9    1.9698443  -0.85886824
  10    1.9698439  -0.85884303
  11    1.9712729  -0.81624573
  12    1.9782447  -0.72893083
  13    1.9782413  -0.72889853
  14    1.9782660  -0.72629273
  15    1.9788728  -0.72441834
  16    1.9788710  -0.72439408
  17    1.9786196  -0.72322798
  18    1.9786183  -0.72321743
  19    1.9786777  -0.71851361
  20    1.9786788  -0.71849656
  21    1.9852172  -0.67244983
  22    1.9852758  -0.65895969
  23    1.9812034  -0.53796273
  24    1.9815358  -0.52140057
  25    1.9801578  -0.51227820
  26    1.9801308  -0.49649504
  27    1.9366213  -0.31524903
  28    0.0633787  -0.01837786
  29    0.0198692  -0.01215821
  30    0.0198422  -0.01227347
  31    0.0184642  -0.01189565
  32    0.0187966  -0.01214054
  33    0.0147242  -0.01102566
  34    0.0147828  -0.01107958
  35    0.0213212  -0.01647012
  36    0.0213223  -0.01647103
  37    0.0213817  -0.01653500
  38    0.0213804  -0.01653429
  39    0.0211290  -0.01642373
  40    0.0211272  -0.01642268
  41    0.0217340  -0.01677427
  42    0.0217587  -0.01680583
  43    0.0217553  -0.01680528
  44    0.0287271  -0.02313374
  45    0.0301561  -0.02492455
  46    0.0301557  -0.02492434
  47    0.0293952  -0.02457661
  48    0.0006715  -0.00862453
  49    0.0006562  -0.00850170
  50    0.0004242  -0.00813079
  51    0.0004320  -0.00822293
  52    0.0004323  -0.00822775
  53    0.0004323  -0.00822755
  54    0.0003116  -0.00810075
 
----------------
 Final Energies 
----------------
Final NOF Total Energy =    -263.3171566
 
Total Orbital Internal Iterations = 260
Total Occupation Internal Iterations = 7
 
Elapsed time:   83.91 Seconds

---------------------------------
   Lowdin Population Analysis    
---------------------------------
 Idx  Atom   Population   Charge 
---------------------------------
  1     C     6.083      -0.083
  2     N     6.587       0.413
  3     B     5.251      -0.251
  4     B     5.163      -0.163
  5     H     1.054      -0.054
  6     H     1.072      -0.072
  7     H     1.060      -0.060
  8     H     1.045      -0.045
  9     C     5.755       0.245
 10     H     1.053      -0.053
 11     H     1.044      -0.044
 12     H     1.040      -0.040
 13     C     5.755       0.245
 14     H     1.053      -0.053
 15     H     1.040      -0.040
 16     H     1.044      -0.044
 17     C     5.771       0.229
 18     H     1.053      -0.053
 19     H     1.038      -0.038
 20     H     1.038      -0.038

---------------------------------
   M Diagnostic: 0.06
---------------------------------

