Computing Integrals
Elapsed time:   28.40 Seconds

Number of basis functions                   (NBF)    = 645
Number of auxiliary basis functions         (NBFAUX) = 591
Inactive Doubly occupied orbitals up to     (NO1)    = 0
No. considered Strongly Doubly occupied MOs (NDOC)   = 21
No. considered Strongly Singly occupied MOs (NSOC)   = 0
NO. of Weakly occ. per St. Doubly occ.  MOs (NCWO)   = 1
Dimension of the Nat. Orb. subspace         (NBF5)   = 42
No. of electrons                                     = 42
    No. of alpha electrons                           = 21
    No. of beta electrons                            = 21
Multiplicity                                         = 1

Geometry
========
 C       0.0000000       2.5330000       0.3016600
 C       0.0000000       1.2718300      -0.5518800
 C       0.0000000       0.0000000       0.2852800
 C       0.0000000      -1.2718300      -0.5518800
 C       0.0000000      -2.5330000       0.3016600
 H       0.0000000       3.4338700      -0.3098900
 H       0.8744400      -1.2692400      -1.2065400
 H      -0.8744400      -1.2692400      -1.2065400
 H       0.8796300       2.5651400       0.9443700
 H      -0.8796300       2.5651400       0.9443700
 H      -0.8751300       0.0000000       0.9418000
 H       0.8751300       0.0000000       0.9418000
 H      -0.8744400       1.2692400      -1.2065400
 H       0.8744400       1.2692400      -1.2065400
 H       0.0000000      -3.4338700      -0.3098900
 H       0.8796300      -2.5651400       0.9443700
 H      -0.8796300      -2.5651400       0.9443700

No violations of the orthonormality
No violations of the orthonormality
 
PNOF5/ADABelief Calculation
==================
 
  Nitext  Nit_orb  Time   Nit_occ  Time         Eelec          Etot           Ediff      maxdiff    MaxGrad_orb  Grad_occ
     1      10    2.1e+02   13    4.2e+01  -370.45967759  -184.80565003 -10369.45967759   0.458245   1.8e+00   1.1e-04 0.03
     2      10    1.8e+02    6    2.1e-01  -379.37321671  -193.71918914    -8.91353911   0.188342   7.5e-01   1.7e-04 0.03
     3      10    1.8e+02    6    1.7e-01  -381.43308269  -195.77905512    -2.05986598   0.139110   5.6e-01   1.1e-04 0.01
     4      10    1.8e+02    4    1.7e-01  -382.12573813  -196.47171057    -0.69265545   0.154726   6.2e-01   4.4e-05 0.02
     5      10    1.7e+02    2    1.7e-01  -382.19745693  -196.54342937    -0.07171880   0.152262   6.1e-01   1.1e-04 0.02
     6      10    1.7e+02    1    1.7e-01  -382.20585229  -196.55182473    -0.00839536   0.187735   7.5e-01   1.7e-04 0.02
     7      10    1.8e+02    0    1.7e-01  -382.20598629  -196.55195872    -0.00013400   0.187735   7.5e-01   1.7e-04 0.02
     8      30    5.3e+02    1    1.9e-01  -382.37060660  -196.71657903    -0.16462031   0.001673   6.7e-03   1.6e-04 0.02
     9      30    5.3e+02    0    2.3e-01  -382.37067715  -196.71664959    -0.00007055   0.001673   6.7e-03   1.6e-04 0.02
    10      50    8.7e+02    1    1.9e-01  -382.37073892  -196.71671135    -0.00006176   0.000351   1.4e-03   4.6e-05 0.02
    11      50    8.8e+02    0    1.8e-01  -382.37074243  -196.71671486    -0.00000351   0.000407   1.6e-03   7.0e-05 0.02
    12      60    1.0e+03    0    1.6e-01  -382.37074303  -196.71671546    -0.00000060   0.000676   2.7e-03   6.9e-05 0.02
    13      70    1.2e+03    0    1.8e-01  -382.37074345  -196.71671588    -0.00000042   0.000118   4.7e-04   7.0e-05 0.02
 
RESULTS OF THE OCCUPATION OPTIMIZATION
========================================
   1    1.9996238  -11.19186590
   2    1.9996235  -11.19185756
   3    1.9996235  -11.18989017
   4    1.9996226  -11.18811174
   5    1.9996226  -11.18810684
   6    1.9861951  -0.69396375
   7    1.9861884  -0.69394193
   8    1.9861404  -0.69365637
   9    1.9861303  -0.69362809
  10    1.9836648  -0.65257667
  11    1.9836544  -0.65256727
  12    1.9836646  -0.65193105
  13    1.9836368  -0.65188873
  14    1.9836347  -0.65188314
  15    1.9836301  -0.65188200
  16    1.9834670  -0.65139463
  17    1.9834676  -0.65139417
  18    1.9834675  -0.65138967
  19    1.9834649  -0.65138258
  20    1.9834480  -0.65078886
  21    1.9834484  -0.65078774
  22    0.0165516  -0.01304419
  23    0.0165520  -0.01304428
  24    0.0165351  -0.01304998
  25    0.0165325  -0.01304923
  26    0.0165324  -0.01304911
  27    0.0165330  -0.01304933
  28    0.0163699  -0.01292220
  29    0.0163653  -0.01292053
  30    0.0163632  -0.01291987
  31    0.0163354  -0.01291066
  32    0.0163456  -0.01291901
  33    0.0163352  -0.01291572
  34    0.0138697  -0.01181485
  35    0.0138596  -0.01181123
  36    0.0138116  -0.01182609
  37    0.0138049  -0.01182361
  38    0.0003774  -0.00762537
  39    0.0003774  -0.00762552
  40    0.0003765  -0.00762496
  41    0.0003765  -0.00762365
  42    0.0003762  -0.00762182
 
----------------
 Final Energies 
----------------
Final NOF Total Energy =    -196.7167159
 
Total Orbital Internal Iterations = 360
Total Occupation Internal Iterations = 34
 
Elapsed time: 6682.42 Seconds

---------------------------------
   Lowdin Population Analysis    
---------------------------------
 Idx  Atom   Population   Charge 
---------------------------------
  1     C     5.781       0.219
  2     C     5.922       0.078
  3     C     5.917       0.083
  4     C     5.922       0.078
  5     C     5.781       0.219
  6     H     1.066      -0.066
  7     H     1.052      -0.052
  8     H     1.052      -0.052
  9     H     1.062      -0.062
 10     H     1.062      -0.062
 11     H     1.046      -0.046
 12     H     1.046      -0.046
 13     H     1.052      -0.052
 14     H     1.052      -0.052
 15     H     1.066      -0.066
 16     H     1.062      -0.062
 17     H     1.062      -0.062

---------------------------------
   M Diagnostic: 0.02
---------------------------------

