Computing Integrals
Elapsed time:   12.72 Seconds

Number of basis functions                   (NBF)    = 411
Number of auxiliary basis functions         (NBFAUX) = 369
Inactive Doubly occupied orbitals up to     (NO1)    = 0
No. considered Strongly Doubly occupied MOs (NDOC)   = 13
No. considered Strongly Singly occupied MOs (NSOC)   = 0
NO. of Weakly occ. per St. Doubly occ.  MOs (NCWO)   = 1
Dimension of the Nat. Orb. subspace         (NBF5)   = 26
No. of electrons                                     = 26
    No. of alpha electrons                           = 13
    No. of beta electrons                            = 13
Multiplicity                                         = 1

Geometry
========
 C       0.0000000       0.0000000       0.6190700
 C       0.0000000       1.2682300      -0.2297700
 C       0.0000000      -1.2682300      -0.2297700
 H       0.8771000       0.0000000       1.2763400
 H      -0.8771000       0.0000000       1.2763400
 H       0.0000000       2.1678800       0.3924800
 H      -0.8838900       1.3048500      -0.8742900
 H       0.8838900       1.3048500      -0.8742900
 H       0.0000000      -2.1678800       0.3924800
 H      -0.8838900      -1.3048500      -0.8742900
 H       0.8838900      -1.3048500      -0.8742900

No violations of the orthonormality
No violations of the orthonormality
 
PNOF5/ADABelief Calculation
==================
 
  Nitext  Nit_orb  Time   Nit_occ  Time         Eelec          Etot           Ediff      maxdiff    MaxGrad_orb  Grad_occ
     1      10    9.4e+01   11    5.2e-01  -191.85088370  -109.26184542 -10190.85088370   1.501414   2.3e+00   3.7e-05 0.01
     2      10    7.8e+01   16    7.6e-02  -198.32530945  -115.73627117    -6.47442576   0.890135   3.6e+00   6.0e-05 0.02
     3      10    7.4e+01    4    3.8e-02  -199.82133815  -117.23229987    -1.49602870   0.601388   2.4e+00   7.9e-05 0.01
     4      10    7.4e+01    3    5.7e-02  -200.42885296  -117.83981468    -0.60751481   0.379147   1.5e+00   3.7e-05 0.01
     5      10    7.4e+01    2    5.0e-02  -200.69904707  -118.11000879    -0.27019411   0.304537   1.2e+00   8.7e-05 0.02
     6      10    7.6e+01    1    5.8e-02  -200.79473411  -118.20569583    -0.09568704   0.185114   7.4e-01   1.1e-04 0.02
     7      10    7.8e+01    0    5.0e-02  -200.79477563  -118.20573736    -0.00004152   0.185114   7.4e-01   1.1e-04 0.02
     8      30    2.2e+02    1    4.0e-02  -200.95796571  -118.36892743    -0.16319008   0.030714   1.2e-01   5.1e-05 0.02
     9      30    2.2e+02    1    3.9e-02  -200.95845520  -118.36941692    -0.00048949   0.022417   9.0e-02   1.4e-05 0.02
    10      30    2.2e+02    0    4.2e-02  -200.95889833  -118.36986005    -0.00044313   0.019162   7.7e-02   9.0e-05 0.02
    11      40    3.0e+02    0    4.8e-02  -200.96052744  -118.37148916    -0.00162911   0.014901   6.0e-02   2.4e-05 0.02
    12      50    3.6e+02    0    4.4e-02  -200.96175807  -118.37271979    -0.00123063   0.010999   4.4e-02   6.1e-05 0.02
    13      60    4.4e+02    0    4.2e-02  -200.96180631  -118.37276803    -0.00004825   0.012377   5.0e-02   1.7e-05 0.02
    14      70    5.1e+02    0    3.7e-02  -200.96240961  -118.37337134    -0.00060330   0.008989   3.6e-02   5.1e-05 0.02
    15      80    5.7e+02    0    4.5e-02  -200.96246882  -118.37343055    -0.00005921   0.008729   3.5e-02   2.8e-05 0.02
    16      90    6.6e+02    0    4.8e-02  -200.96270667  -118.37366839    -0.00023785   0.006120   2.4e-02   4.3e-05 0.02
    17     100    7.3e+02    0    4.9e-02  -200.96270667  -118.37366839     0.00000000   0.006120   2.4e-02   4.3e-05 0.02
    18     120    8.6e+02    0    4.4e-02  -200.96283367  -118.37379539    -0.00012700   0.000748   3.0e-03   3.8e-05 0.02
    19     130    9.4e+02    0    4.8e-02  -200.96283369  -118.37379541    -0.00000002   0.000894   3.6e-03   3.9e-05 0.02
    20     140    1.0e+03    0    3.5e-02  -200.96283464  -118.37379636    -0.00000095   0.000718   2.9e-03   3.8e-05 0.02
    21     150    1.1e+03    0    4.5e-02  -200.96283500  -118.37379672    -0.00000035   0.000583   2.3e-03   3.9e-05 0.02
    22     160    1.1e+03    0    4.7e-02  -200.96283568  -118.37379740    -0.00000068   0.000473   1.9e-03   3.8e-05 0.02
    23     170    1.2e+03    0    4.6e-02  -200.96283612  -118.37379784    -0.00000045   0.000367   1.5e-03   3.9e-05 0.02
    24     180    1.3e+03    0    4.0e-02  -200.96283647  -118.37379819    -0.00000035   0.000271   1.1e-03   3.9e-05 0.02
    25     190    1.4e+03    0    5.7e-02  -200.96283663  -118.37379835    -0.00000016   0.000221   8.8e-04   3.9e-05 0.02
 
RESULTS OF THE OCCUPATION OPTIMIZATION
========================================
   1    1.9995420  -10.89280231
   2    1.9994680  -10.69701067
   3    2.0000000  -6.81158815
   4    2.0000000  -5.28403265
   5    2.0000000  -1.00422754
   6    2.0000000  -0.97033422
   7    2.0000000  -0.80533547
   8    2.0000000  -0.63758559
   9    1.9840234  -0.63275592
  10    2.0000000  -0.62835310
  11    1.9818831  -0.61492277
  12    2.0000000  -0.58733631
  13    2.0000000  -0.57979448
  14    0.0000000  -0.00000000
  15    0.0000000  -0.00000000
  16    0.0181169  -0.01343829
  17    0.0000000  -0.00000000
  18    0.0159766  -0.01240001
  19    0.0000000  -0.00000000
  20    0.0000000  -0.00000001
  21    0.0000000  -0.00000000
  22    0.0000000  -0.00000000
  23    0.0000000  -0.00000000
  24    0.0000000  -0.00000000
  25    0.0005320  -0.00967188
  26    0.0004580  -0.00871756
 
----------------
 Final Energies 
----------------
Final NOF Total Energy =    -118.3737984
 
Total Orbital Internal Iterations = 1890
Total Occupation Internal Iterations = 39
 
Elapsed time: 13968.07 Seconds

---------------------------------
   Lowdin Population Analysis    
---------------------------------
 Idx  Atom   Population   Charge 
---------------------------------
  1     C     5.948       0.052
  2     C     5.793       0.207
  3     C     5.796       0.204
  4     H     1.057      -0.057
  5     H     1.051      -0.051
  6     H     1.061      -0.061
  7     H     1.058      -0.058
  8     H     1.059      -0.059
  9     H     1.061      -0.061
 10     H     1.057      -0.057
 11     H     1.058      -0.058

---------------------------------
   M Diagnostic: 0.02
---------------------------------

