Computing Integrals
Elapsed time:   13.68 Seconds

Number of basis functions                   (NBF)    = 408
Number of auxiliary basis functions         (NBFAUX) = 408
Inactive Doubly occupied orbitals up to     (NO1)    = 0
No. considered Strongly Doubly occupied MOs (NDOC)   = 15
No. considered Strongly Singly occupied MOs (NSOC)   = 0
NO. of Weakly occ. per St. Doubly occ.  MOs (NCWO)   = 1
Dimension of the Nat. Orb. subspace         (NBF5)   = 30
No. of electrons                                     = 30
    No. of alpha electrons                           = 15
    No. of beta electrons                            = 15
Multiplicity                                         = 1

Geometry
========
 H       0.0000000      -1.4206400       1.7166000
 C       0.0000000       0.6701700       0.9299400
 C       0.0000000      -0.6701700       0.9299400
 C       0.0000000       0.7863100      -0.5845800
 C       0.0000000      -0.7863100      -0.5845800
 H       0.8901100      -1.2466000      -1.0309800
 H      -0.8901100      -1.2466000      -1.0309800
 H       0.0000000       1.4206400       1.7166000
 H      -0.8901100       1.2466000      -1.0309800
 H       0.8901100       1.2466000      -1.0309800

No violations of the orthonormality
No violations of the orthonormality
 
PNOF5/ADABelief Calculation
==================
 
  Nitext  Nit_orb  Time   Nit_occ  Time         Eelec          Etot           Ediff      maxdiff    MaxGrad_orb  Grad_occ
     1      10    9.8e+01    1    5.3e-01  -259.75264901  -146.76419919 -10258.75264901   1.014289   2.5e+00   9.1e-05 0.00
     2      10    7.8e+01    4    7.6e-02  -266.40672843  -153.41827860    -6.65407941   0.399752   1.6e+00   4.8e-05 0.01
     3      10    7.3e+01    4    5.0e-02  -267.80286783  -154.81441801    -1.39613940   0.180493   7.2e-01   2.5e-06 0.01
     4      10    7.6e+01    3    6.1e-02  -267.91011326  -154.92166343    -0.10724543   0.147697   5.9e-01   4.6e-06 0.02
     5      10    7.8e+01    0    6.7e-02  -267.91084496  -154.92239513    -0.00073170   0.147697   5.9e-01   4.6e-06 0.02
     6      30    2.2e+02    3    6.2e-02  -267.97165492  -154.98320509    -0.06080996   0.002001   8.0e-03   8.4e-06 0.03
     7      30    2.2e+02    3    5.6e-02  -267.97488828  -154.98643845    -0.00323336   0.001843   7.4e-03   4.8e-06 0.05
     8      30    2.2e+02    2    5.9e-02  -267.97771083  -154.98926100    -0.00282255   0.001725   6.9e-03   8.5e-05 0.07
     9      30    2.2e+02    2    6.0e-02  -267.97903168  -154.99058185    -0.00132085   0.001657   6.6e-03   1.0e-06 0.08
    10      30    2.2e+02    1    6.0e-02  -267.97917854  -154.99072871    -0.00014686   0.000720   2.9e-03   4.5e-06 0.08
    11      30    2.2e+02    0    5.3e-02  -267.97918083  -154.99073100    -0.00000229   0.000720   2.9e-03   4.5e-06 0.08
    12      31    2.2e+02    0    5.2e-02  -267.97918892  -154.99073910    -0.00000810   0.000124   5.0e-04   3.3e-05 0.08
 
RESULTS OF THE OCCUPATION OPTIMIZATION
========================================
   1    2.0000000  -11.15392368
   2    2.0000000  -11.11024078
   3    2.0000000  -10.99369555
   4    2.0000000  -10.91809080
   5    2.0000000  -0.99957329
   6    2.0000000  -0.85275806
   7    2.0000000  -0.83364989
   8    2.0000000  -0.82014143
   9    2.0000000  -0.76015351
  10    2.0000000  -0.74208718
  11    2.0000000  -0.70632443
  12    2.0000000  -0.67437048
  13    2.0000000  -0.61112575
  14    2.0000000  -0.53069311
  15    1.9176713  -0.37751238
  16    0.0823287  -0.02812277
  17    0.0000000  -0.00000000
  18    0.0000000  -0.00000000
  19    0.0000000  -0.00000000
  20    0.0000000  -0.00000000
  21    0.0000000  -0.00000000
  22    0.0000000  -0.00000000
  23    0.0000000  -0.00000000
  24    0.0000000  -0.00000000
  25    0.0000000  -0.00000000
  26    0.0000000  -0.00000000
  27    0.0000000  -0.00000000
  28    0.0000000  -0.00000000
  29    0.0000000  -0.00000000
  30    0.0000000  -0.00000000
 
----------------
 Final Energies 
----------------
Final NOF Total Energy =    -154.9907391
 
Total Orbital Internal Iterations = 261
Total Occupation Internal Iterations = 23
 
Elapsed time: 2129.88 Seconds

---------------------------------
   Lowdin Population Analysis    
---------------------------------
 Idx  Atom   Population   Charge 
---------------------------------
  1     H     1.092      -0.092
  2     C     5.901       0.099
  3     C     5.901       0.099
  4     C     5.884       0.116
  5     C     5.884       0.116
  6     H     1.061      -0.061
  7     H     1.061      -0.061
  8     H     1.092      -0.092
  9     H     1.061      -0.061
 10     H     1.061      -0.061

---------------------------------
   M Diagnostic: 0.08
---------------------------------

