Computing Integrals
Elapsed time:    4.61 Seconds

Number of basis functions                   (NBF)    = 117
Number of auxiliary basis functions         (NBFAUX) = 113
Inactive Doubly occupied orbitals up to     (NO1)    = 0
No. considered Strongly Doubly occupied MOs (NDOC)   = 5
No. considered Strongly Singly occupied MOs (NSOC)   = 0
NO. of Weakly occ. per St. Doubly occ.  MOs (NCWO)   = 1
Dimension of the Nat. Orb. subspace         (NBF5)   = 10
No. of electrons                                     = 10
    No. of alpha electrons                           = 5
    No. of beta electrons                            = 5
Multiplicity                                         = 1

Geometry
========
 O       0.0000000       0.0000000      -0.3916900
 H      -0.7610900       0.0000000       0.1958400
 H       0.7610900       0.0000000       0.1958400

No violations of the orthonormality
No violations of the orthonormality
 
PNOF5/ADABelief Calculation
==================
 
  Nitext  Nit_orb  Time   Nit_occ  Time         Eelec          Etot           Ediff      maxdiff    MaxGrad_orb  Grad_occ
     1      10    4.4e+01    6    4.1e-01   -82.36561848   -73.21197589 -10081.36561848   3.307711   2.6e+00   1.6e-04 0.00
     2      10    2.8e+01    4    2.4e-03   -84.09849183   -74.94484924    -1.73287335   0.342203   1.4e+00   1.3e-04 0.01
     3      10    2.8e+01    8    3.5e-03   -84.89480255   -75.74115996    -0.79631072   0.244370   9.8e-01   2.5e-05 0.02
     4      10    2.8e+01    4    2.3e-03   -85.20461661   -76.05097402    -0.30981407   0.438623   1.8e+00   5.4e-05 0.01
     5      10    2.8e+01    2    1.7e-03   -85.23062733   -76.07698474    -0.02601071   0.262051   1.0e+00   3.0e-05 0.01
     6      10    3.1e+01    2    2.7e-03   -85.24005030   -76.08640771    -0.00942297   0.320849   1.3e+00   2.0e-05 0.02
     7      10    2.8e+01    2    2.0e-03   -85.24048717   -76.08684458    -0.00043687   0.294922   1.2e+00   3.1e-05 0.02
     8      10    2.9e+01    0    1.7e-02   -85.24068970   -76.08704711    -0.00020253   0.294922   1.2e+00   3.1e-05 0.02
     9      30    8.3e+01    2    2.4e-03   -85.27488733   -76.12124474    -0.03419763   0.014678   5.9e-02   4.7e-05 0.02
    10      30    8.0e+01    1    2.0e-03   -85.27524721   -76.12160462    -0.00035988   0.021539   8.6e-02   8.7e-05 0.02
    11      30    8.3e+01    1    3.9e-03   -85.27539394   -76.12175135    -0.00014673   0.016044   6.4e-02   8.1e-05 0.02
    12      30    8.6e+01    0    8.7e-03   -85.27539857   -76.12175598    -0.00000463   0.016044   6.4e-02   8.1e-05 0.02
    13      50    1.4e+02    1    1.4e-02   -85.27593834   -76.12229575    -0.00053976   0.000844   3.4e-03   1.7e-05 0.02
    14      50    1.4e+02    0    2.3e-03   -85.27593907   -76.12229648    -0.00000073   0.000844   3.4e-03   1.7e-05 0.02
    15      70    1.9e+02    0    1.0e-02   -85.27593996   -76.12229737    -0.00000089   0.000441   1.8e-03   3.4e-05 0.02
    16      80    2.2e+02    0    1.6e-02   -85.27594004   -76.12229745    -0.00000008   0.000383   1.5e-03   3.7e-05 0.02
    17      90    2.5e+02    0    3.2e-03   -85.27594014   -76.12229755    -0.00000010   0.000288   1.2e-03   3.6e-05 0.02
    18     100    2.8e+02    0    1.2e-02   -85.27594019   -76.12229760    -0.00000005   0.000219   8.8e-04   3.6e-05 0.02
 
RESULTS OF THE OCCUPATION OPTIMIZATION
========================================
   1    2.0000000  -19.67698414
   2    2.0000000  -1.81326854
   3    1.9805119  -0.81863614
   4    1.9804798  -0.81852866
   5    1.9900367  -0.63989859
   6    0.0099633  -0.01035114
   7    0.0195202  -0.01833988
   8    0.0194881  -0.01832732
   9    0.0000000  -0.00000808
  10    0.0000000  -0.00000191
 
----------------
 Final Energies 
----------------
Final NOF Total Energy =     -76.1222976
 
Total Orbital Internal Iterations = 640
Total Occupation Internal Iterations = 33
 
Elapsed time: 1867.50 Seconds

---------------------------------
   Lowdin Population Analysis    
---------------------------------
 Idx  Atom   Population   Charge 
---------------------------------
  1     O     7.347       0.653
  2     H     1.326      -0.326
  3     H     1.326      -0.326

---------------------------------
   M Diagnostic: 0.02
---------------------------------

