Computing Integrals
Elapsed time:    3.59 Seconds

Number of basis functions                   (NBF)    = 130
Number of auxiliary basis functions         (NBFAUX) = 164
Inactive Doubly occupied orbitals up to     (NO1)    = 0
No. considered Strongly Doubly occupied MOs (NDOC)   = 8
No. considered Strongly Singly occupied MOs (NSOC)   = 0
NO. of Weakly occ. per St. Doubly occ.  MOs (NCWO)   = 1
Dimension of the Nat. Orb. subspace         (NBF5)   = 16
No. of electrons                                     = 16
    No. of alpha electrons                           = 8
    No. of beta electrons                            = 8
Multiplicity                                         = 1

Geometry
========
Si       0.0000000       0.0000000      -0.6903000
 H       1.0901300       0.0000000       0.3451500
 H      -1.0901300       0.0000000       0.3451500

No violations of the orthonormality
No violations of the orthonormality
 
PNOF5/ADABelief Calculation
==================
 
  Nitext  Nit_orb  Time   Nit_occ  Time         Eelec          Etot           Ediff      maxdiff    MaxGrad_orb  Grad_occ
     1      10    4.7e+01   13    5.2e-01  -293.37888091  -283.28126982 -10292.37888091   1.393200   5.6e+00   1.1e-04 0.03
     2      10    3.3e+01    5    4.3e-02  -298.09714715  -287.99953606    -4.71826624   0.475082   1.9e+00   1.7e-04 0.37
     3      10    3.0e+01    5    1.1e-02  -298.96589034  -288.86827925    -0.86874319   0.452142   1.8e+00   2.0e-04 0.17
     4      10    3.3e+01   11    6.6e-03  -299.43502848  -289.33741739    -0.46913814   0.364270   1.5e+00   1.7e-04 0.20
     5      10    3.2e+01    6    6.9e-03  -299.59433410  -289.49672301    -0.15930562   0.323143   1.3e+00   1.6e-04 0.24
     6      10    3.2e+01    5    5.7e-02  -299.71599999  -289.61838891    -0.12166590   0.404949   1.6e+00   1.8e-04 0.32
     7      10    3.5e+01    3    2.7e-02  -299.82030126  -289.72269018    -0.10430127   0.356714   1.4e+00   1.6e-04 0.39
     8      10    3.2e+01   14    5.2e-02  -299.88708266  -289.78947158    -0.06678140   0.387280   1.5e+00   2.5e-05 0.40
     9      10    3.2e+01    0    6.0e-03  -299.89400770  -289.79639661    -0.00692504   0.387280   1.5e+00   2.5e-05 0.40
    10      30    9.4e+01    5    1.6e-02  -300.05712150  -289.95951041    -0.16311380   0.043623   1.7e-01   1.1e-04 0.16
    11      30    9.9e+01    4    4.1e-03  -300.12333600  -290.02572492    -0.06621450   0.032950   1.3e-01   1.5e-04 0.07
    12      30    9.7e+01    5    5.0e-03  -300.16693346  -290.06932237    -0.04359745   0.043420   1.7e-01   2.2e-05 0.04
    13      30    9.6e+01    3    4.7e-03  -300.19058954  -290.09297846    -0.02365609   0.025064   1.0e-01   2.6e-05 0.03
    14      30    9.7e+01    2    8.8e-03  -300.20310951  -290.10549842    -0.01251996   0.026644   1.1e-01   1.7e-04 0.05
    15      30    1.0e+02    2    3.4e-02  -300.20972191  -290.11211082    -0.00661240   0.024271   9.7e-02   1.1e-04 0.07
    16      30    1.0e+02    2    5.1e-03  -300.21220485  -290.11459377    -0.00248294   0.022779   9.1e-02   8.0e-05 0.08
    17      30    1.0e+02    1    9.1e-03  -300.21368479  -290.11607370    -0.00147994   0.023008   9.2e-02   1.6e-04 0.08
    18      30    1.1e+02    0    4.6e-02  -300.21370850  -290.11609741    -0.00002370   0.023008   9.2e-02   1.6e-04 0.08
    19      50    1.7e+02    1    3.6e-02  -300.21534193  -290.11773085    -0.00163344   0.002462   9.8e-03   1.2e-04 0.09
    20      50    1.7e+02    0    6.5e-03  -300.21553951  -290.11792843    -0.00019758   0.005940   2.4e-02   1.7e-04 0.09
    21      60    2.0e+02    0    2.3e-02  -300.21555036  -290.11793927    -0.00001085   0.003608   1.4e-02   1.8e-04 0.09
    22      70    2.5e+02    0    3.8e-03  -300.21558440  -290.11797331    -0.00003404   0.002924   1.2e-02   1.8e-04 0.09
    23      80    2.8e+02    0    3.2e-03  -300.21558550  -290.11797441    -0.00000110   0.002386   9.5e-03   1.9e-04 0.09
    24      90    3.1e+02    0    4.6e-03  -300.21559625  -290.11798516    -0.00001075   0.001872   7.5e-03   1.7e-04 0.09
    25     100    3.3e+02    0    3.2e-02  -300.21559936  -290.11798827    -0.00000311   0.001855   7.4e-03   1.8e-04 0.09
    26     110    3.8e+02    0    1.5e-02  -300.21560108  -290.11798999    -0.00000172   0.001969   7.9e-03   1.7e-04 0.09
    27     120    4.1e+02    0    3.7e-03  -300.21560522  -290.11799413    -0.00000414   0.001658   6.6e-03   1.8e-04 0.09
    28     130    4.4e+02    0    6.7e-03  -300.21560685  -290.11799577    -0.00000163   0.001672   6.7e-03   1.7e-04 0.09
    29     140    4.7e+02    0    1.2e-01  -300.21560950  -290.11799841    -0.00000264   0.001481   5.9e-03   1.8e-04 0.09
    30     150    5.1e+02    0    3.5e-03  -300.21561030  -290.11799921    -0.00000080   0.001480   5.9e-03   1.7e-04 0.09
    31     160    5.6e+02    0    6.8e-03  -300.21561056  -290.11799947    -0.00000026   0.001302   5.2e-03   1.8e-04 0.09
    32     170    5.7e+02    0    1.6e-02  -300.21561092  -290.11799984    -0.00000036   0.001254   5.0e-03   1.7e-04 0.09
    33     180    6.3e+02    0    1.3e-02  -300.21561253  -290.11800145    -0.00000161   0.001129   4.5e-03   1.8e-04 0.09
    34     190    7.6e+02    0    1.9e-02  -300.21561253  -290.11800145     0.00000000   0.001129   4.5e-03   1.8e-04 0.09
    35     210    8.4e+02    0    4.0e-03  -300.21561904  -290.11800795    -0.00000651   0.000180   7.2e-04   1.7e-04 0.09
 
RESULTS OF THE OCCUPATION OPTIMIZATION
========================================
   1    1.9999609  -68.39786428
   2    1.9993115  -4.84234713
   3    1.9992781  -4.82534516
   4    1.9992853  -4.80940180
   5    1.9992763  -4.80568319
   6    1.9831969  -0.54463830
   7    1.9830614  -0.54448200
   8    1.9132469  -0.40351893
   9    0.0867531  -0.02859466
  10    0.0169386  -0.01097630
  11    0.0168031  -0.01093564
  12    0.0007237  -0.00526362
  13    0.0007147  -0.00523890
  14    0.0007219  -0.00520195
  15    0.0006885  -0.00510813
  16    0.0000391  -0.00560525
 
----------------
 Final Energies 
----------------
Final NOF Total Energy =    -290.1180080
 
Total Orbital Internal Iterations = 2420
Total Occupation Internal Iterations = 87
 
Elapsed time: 8550.34 Seconds

---------------------------------
   Lowdin Population Analysis    
---------------------------------
 Idx  Atom   Population   Charge 
---------------------------------
  1    Si    13.639       0.361
  2     H     1.181      -0.181
  3     H     1.181      -0.181

---------------------------------
   M Diagnostic: 0.09
---------------------------------

