Computing Integrals
Elapsed time:   34.78 Seconds

Number of basis functions                   (NBF)    = 684
Number of auxiliary basis functions         (NBFAUX) = 906
Inactive Doubly occupied orbitals up to     (NO1)    = 0
No. considered Strongly Doubly occupied MOs (NDOC)   = 39
No. considered Strongly Singly occupied MOs (NSOC)   = 0
NO. of Weakly occ. per St. Doubly occ.  MOs (NCWO)   = 1
Dimension of the Nat. Orb. subspace         (NBF5)   = 78
No. of electrons                                     = 78
    No. of alpha electrons                           = 39
    No. of beta electrons                            = 39
Multiplicity                                         = 1

Geometry
========
 O      -1.8507600       3.2056200       0.0000000
 C      -1.2533900       2.1709400       0.0000000
 C      -1.2139100       0.7146000       0.0000000
 C      -1.2139100      -0.7146000       0.0000000
 C      -1.2533900      -2.1709400       0.0000000
 O      -1.8507600      -3.2056200       0.0000000
 C      -0.0119100      -1.4085800       0.0000000
 C       1.2258200      -0.6939800       0.0000000
 C       2.5067800       0.0000000       0.0000000
 O       3.7015300       0.0000000       0.0000000
 C       1.2258200       0.6939800       0.0000000
 C      -0.0119100       1.4085800       0.0000000

No violations of the orthonormality
No violations of the orthonormality
 
PNOF5/ADABelief Calculation
==================
 
  Nitext  Nit_orb  Time   Nit_occ  Time         Eelec          Etot           Ediff      maxdiff    MaxGrad_orb  Grad_occ
     1      10    1.7e+02   20    3.8e+01 -1092.81369313  -546.98629205 -11091.81369313   0.373699   1.5e+00   2.6e-04 0.01
     2      10    1.5e+02   18    5.7e-01 -1105.58648278  -559.75908170   -12.77278965   1.160463   4.6e+00   2.8e-04 0.03
     3      10    1.4e+02    0    4.9e-01 -1105.65134982  -559.82394873    -0.06486703   1.160463   4.6e+00   2.8e-04 0.03
     4      30    4.3e+02   10    4.9e-01 -1110.39266303  -564.56526195    -4.74131321   0.072643   2.9e-01   1.7e-04 0.03
     5      30    4.4e+02    6    4.3e-01 -1111.31446185  -565.48706077    -0.92179882   0.064166   2.6e-01   1.9e-04 0.03
     6      30    3.8e+02    5    4.2e-01 -1111.58627183  -565.75887074    -0.27180998   0.027696   1.1e-01   4.8e-05 0.03
     7      30    3.7e+02    4    4.2e-01 -1111.62771908  -565.80031800    -0.04144726   0.017485   7.0e-02   3.7e-05 0.04
     8      30    3.7e+02    3    4.2e-01 -1111.63505931  -565.80765823    -0.00734023   0.014875   5.9e-02   7.1e-05 0.04
     9      30    3.6e+02    2    4.2e-01 -1111.63964725  -565.81224616    -0.00458793   0.236003   9.4e-01   1.7e-04 0.05
    10      30    3.6e+02    2    4.2e-01 -1111.64136467  -565.81396359    -0.00171742   0.015739   6.3e-02   1.2e-04 0.05
    11      30    3.7e+02    0    4.1e-01 -1111.64159568  -565.81419460    -0.00023101   0.015739   6.3e-02   1.2e-04 0.05
    12      50    6.1e+02    2    4.2e-01 -1111.65035392  -565.82295284    -0.00875824   0.031047   1.2e-01   5.9e-05 0.05
    13      50    6.1e+02    2    4.1e-01 -1111.65056031  -565.82315922    -0.00020639   0.001731   6.9e-03   4.4e-05 0.05
    14      50    6.0e+02    2    4.0e-01 -1111.65068649  -565.82328540    -0.00012618   0.002610   1.0e-02   4.3e-05 0.05
    15      50    6.0e+02    2    4.1e-01 -1111.65088722  -565.82348614    -0.00020074   0.001918   7.7e-03   4.3e-05 0.05
    16      50    5.9e+02    2    4.1e-01 -1111.65104646  -565.82364538    -0.00015924   0.001809   7.2e-03   4.6e-05 0.05
    17      50    5.9e+02    2    4.7e-01 -1111.65117560  -565.82377452    -0.00012914   0.005931   2.4e-02   3.8e-05 0.05
    18      50    6.1e+02    1    4.1e-01 -1111.65124282  -565.82384174    -0.00006722   0.002447   9.8e-03   1.0e-04 0.05
    19      50    5.8e+02    1    4.1e-01 -1111.65129757  -565.82389649    -0.00005476   0.002081   8.3e-03   9.8e-05 0.05
    20      50    5.7e+02    0    4.1e-01 -1111.65130319  -565.82390211    -0.00000562   0.002081   8.3e-03   9.8e-05 0.05
    21      70    8.1e+02    0    4.1e-01 -1111.65150674  -565.82410566    -0.00020355   0.000233   9.3e-04   2.1e-04 0.05
 
RESULTS OF THE OCCUPATION OPTIMIZATION
========================================
   1    1.9998155  -20.56577285
   2    1.9998154  -20.56575138
   3    1.9998154  -20.56385670
   4    1.9996123  -11.40073158
   5    1.9996124  -11.40050796
   6    1.9996123  -11.39946860
   7    1.9996149  -11.32663726
   8    1.9996149  -11.32661767
   9    1.9996166  -11.32342173
  10    1.9996165  -11.32338713
  11    1.9996166  -11.32331726
  12    1.9996166  -11.32324475
  13    1.9923621  -1.18855150
  14    1.9923668  -1.18700794
  15    1.9922623  -1.18577216
  16    1.9913482  -0.92212377
  17    1.9913309  -0.91837052
  18    1.9913287  -0.91831085
  19    1.9911401  -0.91147680
  20    1.9910766  -0.91069315
  21    1.9843537  -0.81417232
  22    1.9843775  -0.81411051
  23    1.9843009  -0.81380332
  24    1.9842618  -0.81373011
  25    1.9840866  -0.80948885
  26    1.9840675  -0.80937463
  27    1.9926582  -0.79517873
  28    1.9926511  -0.79505574
  29    1.9926667  -0.79502951
  30    1.9926405  -0.79474392
  31    1.9926560  -0.79334611
  32    1.9926524  -0.79330113
  33    1.9850063  -0.74430289
  34    1.9830296  -0.71187806
  35    1.9533027  -0.58607828
  36    1.9526799  -0.58395558
  37    1.9534815  -0.57913020
  38    1.9587707  -0.52991896
  39    1.9581335  -0.52897074
  40    0.0418665  -0.01899489
  41    0.0412293  -0.01882699
  42    0.0465185  -0.02690788
  43    0.0473201  -0.02733872
  44    0.0466973  -0.02716436
  45    0.0169704  -0.01261067
  46    0.0149937  -0.01200440
  47    0.0073476  -0.00908926
  48    0.0073440  -0.00908728
  49    0.0073595  -0.00910312
  50    0.0073333  -0.00909241
  51    0.0073489  -0.00909887
  52    0.0073418  -0.00909555
  53    0.0159325  -0.01417600
  54    0.0159134  -0.01416801
  55    0.0157382  -0.01409005
  56    0.0156991  -0.01406934
  57    0.0156225  -0.01402559
  58    0.0156463  -0.01404077
  59    0.0089234  -0.00978692
  60    0.0088599  -0.00975686
  61    0.0086713  -0.00940037
  62    0.0086691  -0.00939954
  63    0.0086518  -0.00940724
  64    0.0077377  -0.01137241
  65    0.0076332  -0.01128662
  66    0.0076379  -0.01130011
  67    0.0003834  -0.00777151
  68    0.0003834  -0.00777138
  69    0.0003835  -0.00777134
  70    0.0003834  -0.00777060
  71    0.0003851  -0.00778947
  72    0.0003851  -0.00778947
  73    0.0003877  -0.00784560
  74    0.0003876  -0.00784563
  75    0.0003877  -0.00784555
  76    0.0001846  -0.00694408
  77    0.0001846  -0.00694445
  78    0.0001845  -0.00694382
 
----------------
 Final Energies 
----------------
Final NOF Total Energy =    -565.8241057
 
Total Orbital Internal Iterations = 790
Total Occupation Internal Iterations = 84
 
Elapsed time: 10242.18 Seconds

---------------------------------
   Lowdin Population Analysis    
---------------------------------
 Idx  Atom   Population   Charge 
---------------------------------
  1     O     7.709       0.291
  2     C     6.408      -0.408
  3     C     5.940       0.060
  4     C     5.942       0.058
  5     C     6.411      -0.411
  6     O     7.711       0.289
  7     C     5.942       0.058
  8     C     5.940       0.060
  9     C     6.408      -0.408
 10     O     7.709       0.291
 11     C     5.940       0.060
 12     C     5.940       0.060

---------------------------------
   M Diagnostic: 0.05
---------------------------------

