Computing Integrals
Elapsed time:    5.95 Seconds

Number of basis functions                   (NBF)    = 70
Number of auxiliary basis functions         (NBFAUX) = 128
Inactive Doubly occupied orbitals up to     (NO1)    = 0
No. considered Strongly Doubly occupied MOs (NDOC)   = 6
No. considered Strongly Singly occupied MOs (NSOC)   = 3
NO. of Weakly occ. per St. Doubly occ.  MOs (NCWO)   = 1
Dimension of the Nat. Orb. subspace         (NBF5)   = 15
No. of electrons                                     = 15
    No. of alpha electrons                           = 9
    No. of beta electrons                            = 6
Multiplicity                                         = 4

Geometry
========
 P       0.0000000       0.0000000       0.0000000

No violations of the orthonormality
No violations of the orthonormality
 
PNOF5/ADABelief Calculation
==================
 
  Nitext  Nit_orb  Time   Nit_occ  Time         Eelec          Etot           Ediff      maxdiff    MaxGrad_orb  Grad_occ
     1      10    1.5e+01    8    3.4e+01  -334.36520893  -334.36520893 -10333.36520893   0.997317   4.0e+00   9.8e-05 0.00
     2      10    6.1e-02    4    1.9e-03  -338.70512610  -338.70512610    -4.33991717   0.734935   2.9e+00   1.2e-04 0.00
     3      10    2.6e-02    5    7.8e-04  -339.98816054  -339.98816054    -1.28303444   0.508340   2.0e+00   1.5e-04 0.01
     4      10    1.7e-02    2    6.6e-04  -340.47082557  -340.47082557    -0.48266503   0.473436   1.9e+00   1.1e-04 0.01
     5      10    1.7e-02    2    6.1e-04  -340.64221226  -340.64221226    -0.17138669   0.446621   1.8e+00   1.5e-04 0.00
     6      10    1.6e-02    2    5.9e-04  -340.67736325  -340.67736325    -0.03515099   0.437216   1.7e+00   9.4e-05 0.00
     7      10    1.6e-02    3    9.0e-04  -340.70092267  -340.70092267    -0.02355942   0.475621   1.9e+00   7.5e-05 0.00
     8      10    2.5e-02    0    5.3e-04  -340.70219056  -340.70219056    -0.00126789   0.493467   2.0e+00   9.7e-05 0.00
     9      20    3.1e-02    1    6.3e-04  -340.74266013  -340.74266013    -0.04046957   0.037702   1.5e-01   1.5e-04 0.00
    10      20    3.1e-02    2    6.2e-04  -340.74631816  -340.74631816    -0.00365803   0.082224   3.3e-01   1.2e-04 0.00
    11      20    5.0e-02    0    6.7e-04  -340.74633772  -340.74633772    -0.00001957   0.082224   3.3e-01   1.2e-04 0.00
    12      40    5.7e-02    0    5.5e-04  -340.75201810  -340.75201810    -0.00568037   0.013198   5.3e-02   9.7e-05 0.00
    13      50    7.0e-02    0    5.2e-04  -340.75201810  -340.75201810     0.00000000   0.013198   5.3e-02   9.7e-05 0.00
    14      70    1.0e-01    0    6.0e-04  -340.75216210  -340.75216210    -0.00014400   0.001048   4.2e-03   6.8e-05 0.00
    15      80    1.2e-01    0    5.2e-04  -340.75218092  -340.75218092    -0.00001882   0.001495   6.0e-03   1.0e-04 0.00
    16      90    1.3e-01    0    5.4e-04  -340.75220616  -340.75220616    -0.00002524   0.001331   5.3e-03   1.4e-04 0.00
    17     100    1.4e-01    0    5.3e-04  -340.75222164  -340.75222164    -0.00001548   0.001021   4.1e-03   1.7e-04 0.00
    18     110    1.6e-01    0    5.2e-04  -340.75222805  -340.75222805    -0.00000641   0.000815   3.3e-03   1.8e-04 0.00
    19     120    1.8e-01    0    4.3e-03  -340.75223017  -340.75223017    -0.00000212   0.000704   2.8e-03   1.9e-04 0.00
    20     130    1.8e-01    0    5.7e-04  -340.75223149  -340.75223149    -0.00000132   0.000517   2.1e-03   1.9e-04 0.00
    21     140    1.9e-01    0    5.2e-04  -340.75223188  -340.75223188    -0.00000039   0.000445   1.8e-03   1.9e-04 0.00
    22     150    2.1e-01    0    5.4e-04  -340.75223251  -340.75223251    -0.00000063   0.000377   1.5e-03   1.9e-04 0.00
    23     160    2.6e-01    0    5.4e-04  -340.75223285  -340.75223285    -0.00000034   0.000345   1.4e-03   1.9e-04 0.00
    24     170    2.3e-01    0    5.4e-04  -340.75223315  -340.75223315    -0.00000030   0.000308   1.2e-03   1.9e-04 0.00
    25     180    2.6e-01    0    6.0e-04  -340.75223338  -340.75223338    -0.00000023   0.000281   1.1e-03   1.9e-04 0.00
    26     190    2.7e-01    0    4.4e-03  -340.75223359  -340.75223359    -0.00000020   0.000249   1.0e-03   1.9e-04 0.00
 
RESULTS OF THE OCCUPATION OPTIMIZATION
========================================
   1    1.9999379  -73.52873261
   2    1.9999759  -13.95197297
   3    1.9994779  -5.40905676
   4    1.9994756  -5.40898028
   5    1.9994780  -5.40897648
   6    1.9986504  -0.71450499
   7    1.0000000  -0.19619206
   8    1.0000000  -0.19619097
   9    1.0000000  -0.19618515
  10    0.0013496  -0.00134450
  11    0.0005220  -0.00467425
  12    0.0005244  -0.00468118
  13    0.0005221  -0.00467468
  14    0.0000241  -0.00036762
  15    0.0000621  -0.00840852
 
----------------
 Final Energies 
----------------
Final NOF Total Energy =    -340.7522336
 
Total Orbital Internal Iterations = 1920
Total Occupation Internal Iterations = 29
 
Elapsed time:   83.49 Seconds

---------------------------------
   Lowdin Population Analysis    
---------------------------------
 Idx  Atom   Population   Charge 
---------------------------------
  1     P    15.000      -0.000

---------------------------------
   M Diagnostic: 0.00
---------------------------------

