Computing Integrals
Elapsed time:    5.99 Seconds

Number of basis functions                   (NBF)    = 234
Number of auxiliary basis functions         (NBFAUX) = 222
Inactive Doubly occupied orbitals up to     (NO1)    = 0
No. considered Strongly Doubly occupied MOs (NDOC)   = 8
No. considered Strongly Singly occupied MOs (NSOC)   = 0
NO. of Weakly occ. per St. Doubly occ.  MOs (NCWO)   = 1
Dimension of the Nat. Orb. subspace         (NBF5)   = 16
No. of electrons                                     = 16
    No. of alpha electrons                           = 8
    No. of beta electrons                            = 8
Multiplicity                                         = 1

Geometry
========
 C       0.6625000       0.0000000       0.0000000
 C      -0.6625000       0.0000000       0.0000000
 H       1.2314900      -0.9211900       0.0000000
 H       1.2314900       0.9211900       0.0000000
 H      -1.2314900      -0.9211900       0.0000000
 H      -1.2314900       0.9211900       0.0000000

No violations of the orthonormality
No violations of the orthonormality
 
PNOF5/ADABelief Calculation
==================
 
  Nitext  Nit_orb  Time   Nit_occ  Time         Eelec          Etot           Ediff      maxdiff    MaxGrad_orb  Grad_occ
     1      10    6.3e+01    6    3.2e+01  -106.21262454   -72.72701001 -10105.21262454   0.428529   1.7e+00   1.4e-04 0.01
     2      10    4.8e+01    3    2.6e-02  -110.45019217   -76.96457764    -4.23756763   0.262785   1.1e+00   1.2e-04 0.02
     3      10    4.3e+01    4    1.6e-02  -111.49786905   -78.01225452    -1.04767688   0.159921   6.4e-01   1.8e-04 0.02
     4      10    4.4e+01    5    4.9e-03  -111.63590631   -78.15029178    -0.13803726   0.171088   6.8e-01   5.6e-05 0.03
     5      10    4.4e+01    3    4.0e-02  -111.64523058   -78.15961606    -0.00932428   0.163434   6.5e-01   1.8e-04 0.04
     6      10    4.3e+01    2    6.7e-03  -111.64875276   -78.16313823    -0.00352217   0.169453   6.8e-01   1.2e-04 0.05
     7      10    4.3e+01    3    5.8e-03  -111.65103703   -78.16542250    -0.00228427   0.164754   6.6e-01   7.5e-05 0.07
     8      10    4.3e+01    3    1.2e-02  -111.65191251   -78.16629799    -0.00087548   0.167773   6.7e-01   9.4e-06 0.08
     9      10    4.2e+01    0    3.0e-02  -111.65207724   -78.16646272    -0.00016473   0.167773   6.7e-01   9.4e-06 0.08
    10      30    1.3e+02    1    1.6e-02  -111.67527063   -78.18965610    -0.02319338   0.000200   8.0e-04   1.2e-04 0.08
 
RESULTS OF THE OCCUPATION OPTIMIZATION
========================================
   1    1.9996233  -11.19736921
   2    1.9996196  -11.19719135
   3    1.9937721  -0.87735187
   4    1.9844527  -0.68589565
   5    1.9844264  -0.68583100
   6    1.9843126  -0.68544214
   7    1.9842971  -0.68540688
   8    1.9179904  -0.38793325
   9    0.0820096  -0.02843453
  10    0.0157029  -0.01287317
  11    0.0156874  -0.01286704
  12    0.0155736  -0.01282329
  13    0.0155473  -0.01281362
  14    0.0062279  -0.00733476
  15    0.0003804  -0.00769242
  16    0.0003767  -0.00766799
 
----------------
 Final Energies 
----------------
Final NOF Total Energy =     -78.1896561
 
Total Orbital Internal Iterations = 120
Total Occupation Internal Iterations = 30
 
Elapsed time:  633.27 Seconds

---------------------------------
   Lowdin Population Analysis    
---------------------------------
 Idx  Atom   Population   Charge 
---------------------------------
  1     C     5.821       0.179
  2     C     5.821       0.179
  3     H     1.089      -0.089
  4     H     1.089      -0.089
  5     H     1.089      -0.089
  6     H     1.089      -0.089

---------------------------------
   M Diagnostic: 0.08
---------------------------------

