Computing Integrals
Elapsed time:    3.58 Seconds

Number of basis functions                   (NBF)    = 60
Number of auxiliary basis functions         (NBFAUX) = 36
Inactive Doubly occupied orbitals up to     (NO1)    = 0
No. considered Strongly Doubly occupied MOs (NDOC)   = 1
No. considered Strongly Singly occupied MOs (NSOC)   = 0
NO. of Weakly occ. per St. Doubly occ.  MOs (NCWO)   = 1
Dimension of the Nat. Orb. subspace         (NBF5)   = 2
No. of electrons                                     = 2
    No. of alpha electrons                           = 1
    No. of beta electrons                            = 1
Multiplicity                                         = 1

Geometry
========
 H       0.0000000       0.0000000      -0.3715900
 H       0.0000000       0.0000000       0.3715900

No violations of the orthonormality
No violations of the orthonormality
 
PNOF5/ADABelief Calculation
==================
 
  Nitext  Nit_orb  Time   Nit_occ  Time         Eelec          Etot           Ediff      maxdiff    MaxGrad_orb  Grad_occ
     1      10    1.4e+01    3    3.4e+01    -1.85123871    -1.13919570 -10000.85123871   0.023224   9.3e-02   4.3e-05 0.02
     2      10    4.8e-03    1    2.8e-04    -1.86391469    -1.15187168    -0.01267598   0.008794   3.5e-02   6.8e-05 0.02
     3      10    5.9e-02    0    1.7e-04    -1.86394430    -1.15190129    -0.00002961   0.008794   3.5e-02   6.8e-05 0.02
     4      19    6.0e-03    0    1.4e-04    -1.86416625    -1.15212324    -0.00022195   0.000026   1.1e-04   8.3e-05 0.02
 
RESULTS OF THE OCCUPATION OPTIMIZATION
========================================
   1    1.9755747  -0.60327929
   2    0.0244253  -0.01647135
 
----------------
 Final Energies 
----------------
Final NOF Total Energy =      -1.1521232
 
Total Orbital Internal Iterations = 49
Total Occupation Internal Iterations = 4
 
Elapsed time:   82.34 Seconds

---------------------------------
   Lowdin Population Analysis    
---------------------------------
 Idx  Atom   Population   Charge 
---------------------------------
  1     H     1.000      -0.000
  2     H     1.000       0.000

---------------------------------
   M Diagnostic: 0.02
---------------------------------

