Computing Integrals
NVIDIA GeForce RTX 4060
Elapsed time:    2.57 Seconds

Number of basis functions                   (NBF)    = 222
Number of auxiliary basis functions         (NBFAUX) = 395
Inactive Doubly occupied orbitals up to     (NO1)    = 0
No. considered Strongly Doubly occupied MOs (NDOC)   = 22
No. considered Strongly Singly occupied MOs (NSOC)   = 0
NO. of Weakly occ. per St. Doubly occ.  MOs (NCWO)   = 1
Dimension of the Nat. Orb. subspace         (NBF5)   = 44
No. of electrons                                     = 44
    No. of alpha electrons                           = 22
    No. of beta electrons                            = 22
Multiplicity                                         = 1

Geometry
========
Br      -0.0376700      -3.2950700       1.7732400
 C       0.0909100      -5.2226200       1.8689700
 H       0.0222200      -5.6187000       0.8632200
 H       1.0443800      -5.4773600       2.3152700
 H      -0.7258500      -5.5876000       2.4795800

No violations of the orthonormality
No violations of the orthonormality
 
PNOF5/ADABelief Calculation
==================
 
  Nitext  Nit_orb  Time   Nit_occ  Time         Eelec          Etot           Ediff      maxdiff    MaxGrad_orb  Grad_occ
     1      10    2.2e+01   18    1.8e+01 -2698.27145904 -2608.86917220 -12697.27145904   0.000769   3.1e-03   2.3e-04 0.03
 
RESULTS OF THE OCCUPATION OPTIMIZATION
========================================
   1    1.9999907  -429.34179688
   2    1.9999994  -76.80660248
   3    1.9999994  -76.49486542
   4    1.9999996  -75.68143463
   5    1.9999993  -71.83872986
   6    1.9996221  -11.26542282
   7    1.9994231  -5.56612635
   8    1.9994241  -5.56606102
   9    1.9994241  -5.56513119
  10    1.9994413  -5.52356052
  11    1.9994397  -5.52340269
  12    1.9994413  -5.52326345
  13    1.9993792  -5.12395191
  14    1.9993775  -5.11975908
  15    1.9993759  -5.11240911
  16    1.9841462  -0.70592761
  17    1.9841403  -0.70584601
  18    1.9841274  -0.70573187
  19    1.9955207  -0.62981766
  20    1.9954896  -0.62837827
  21    1.9954141  -0.62547612
  22    1.9725765  -0.61818522
  23    0.0274235  -0.01658185
  24    0.0045859  -0.00403635
  25    0.0045104  -0.00400083
  26    0.0044793  -0.00398714
  27    0.0158726  -0.01321535
  28    0.0158597  -0.01320934
  29    0.0158538  -0.01320674
  30    0.0006241  -0.00461457
  31    0.0006225  -0.00461117
  32    0.0006208  -0.00460414
  33    0.0005587  -0.00451958
  34    0.0005603  -0.00452352
  35    0.0005587  -0.00451651
  36    0.0005759  -0.00463311
  37    0.0005759  -0.00463287
  38    0.0005769  -0.00463783
  39    0.0003779  -0.00764355
  40    0.0000007  -0.00005362
  41    0.0000004  -0.00004062
  42    0.0000006  -0.00005226
  43    0.0000006  -0.00005085
  44    0.0000093  -0.00766489
 
----------------
 Final Energies 
----------------
Final NOF Total Energy =   -2608.8691722
 
Total Orbital Internal Iterations = 10
Total Occupation Internal Iterations = 18
 
Elapsed time:   53.56 Seconds

---------------------------------
   Lowdin Population Analysis    
---------------------------------
 Idx  Atom   Population   Charge 
---------------------------------
  1    Br    34.614       0.386
  2     C     6.075      -0.075
  3     H     1.103      -0.103
  4     H     1.103      -0.103
  5     H     1.103      -0.103

---------------------------------
   M Diagnostic: 0.03
---------------------------------

