Computing Integrals
NVIDIA GeForce RTX 4060
Elapsed time:   10.20 Seconds

Number of basis functions                   (NBF)    = 721
Number of auxiliary basis functions         (NBFAUX) = 889
Inactive Doubly occupied orbitals up to     (NO1)    = 0
No. considered Strongly Doubly occupied MOs (NDOC)   = 52
No. considered Strongly Singly occupied MOs (NSOC)   = 0
NO. of Weakly occ. per St. Doubly occ.  MOs (NCWO)   = 1
Dimension of the Nat. Orb. subspace         (NBF5)   = 104
No. of electrons                                     = 104
    No. of alpha electrons                           = 52
    No. of beta electrons                            = 52
Multiplicity                                         = 1

Geometry
========
 C      -0.0003500      -3.7638900       0.0000000
 I       0.0001900      -1.6309500       0.0000000
 H       1.0277700      -4.1092300       0.0000000
 H      -0.5138200      -4.1095800       0.8905100
 H      -0.5138200      -4.1095800      -0.8905100
 C      -1.1917600       3.5565300       0.0000000
 C      -1.1383200       2.1715200       0.0000000
 N       0.0000000       1.4851600       0.0000000
 H       2.0497500       1.5833400       0.0000000
 H       2.1461000       4.0647000       0.0000000
 H      -0.0005300       5.3452700       0.0000000
 H      -2.1468000       4.0641200       0.0000000
 H      -2.0497700       1.5827600       0.0000000
 C       1.1381300       2.1718400       0.0000000
 C      -0.0003800       4.2625300       0.0000000
 C       1.1912000       3.5568600       0.0000000

No violations of the orthonormality
No violations of the orthonormality
 
PNOF5/ADABelief Calculation
==================
 
  Nitext  Nit_orb  Time   Nit_occ  Time         Eelec          Etot           Ediff      maxdiff    MaxGrad_orb  Grad_occ
     1      10    2.4e+01   26    1.9e+01 -3349.91829234 -2725.41580525 -13348.91829234   0.004636   1.9e-02   3.1e-04 0.24
     2      20    2.4e+00    0    4.0e-02 -3351.22756053 -2726.72507344    -1.30926819   0.004636   1.9e-02   3.1e-04 0.24
     3      40    5.9e+00    5    9.5e-02 -3351.23181325 -2726.72932616    -0.00425272   0.009440   3.8e-02   1.3e-04 0.24
     4      40    4.6e+00    4    1.1e-01 -3351.23779601 -2726.73530892    -0.00598276   0.006441   2.6e-02   8.8e-05 0.24
     5      40    7.4e+00    3    6.8e-02 -3351.24059315 -2726.73810606    -0.00279714   0.003512   1.4e-02   1.5e-04 0.24
     6      40    4.6e+00    3    6.2e-02 -3351.24344312 -2726.74095603    -0.00284997   0.004136   1.7e-02   1.1e-04 0.25
     7      40    4.9e+00    0    2.9e-02 -3351.24388221 -2726.74139512    -0.00043909   0.004136   1.7e-02   1.1e-04 0.25
     8      60    7.6e+00    0    4.0e-02 -3351.24388221 -2726.74139512     0.00000000   0.004136   1.7e-02   1.1e-04 0.25
     9      80    9.1e+00    2    7.1e-02 -3351.24418061 -2726.74169352    -0.00029840   0.002536   1.0e-02   7.8e-05 0.25
    10      80    9.1e+00    0    3.7e-02 -3351.24417765 -2726.74169057     0.00000296   0.002536   1.0e-02   7.8e-05 0.25
    11     100    1.3e+01    1    3.9e-02 -3351.24263264 -2726.74014555     0.00154502   0.002457   9.8e-03   1.5e-04 0.25
    12     110    1.2e+01    0    3.9e-02 -3351.24226193 -2726.73977484     0.00037071   0.002325   9.3e-03   1.0e-04 0.25
    13     120    1.5e+01    0    4.1e-02 -3351.24295352 -2726.74046643    -0.00069159   0.002242   9.0e-03   1.6e-04 0.25
    14     130    1.5e+01    1    9.5e-02 -3351.24297722 -2726.74049013    -0.00002370   0.002224   8.9e-03   7.9e-05 0.25
    15     130    1.5e+01    0    3.3e-02 -3351.24210238 -2726.73961529     0.00087483   0.002106   8.4e-03   1.6e-04 0.25
    16     140    1.7e+01    1    3.7e-02 -3351.24309569 -2726.74060860    -0.00099330   0.002071   8.3e-03   8.1e-05 0.25
    17     140    1.7e+01    1    3.8e-02 -3351.24240007 -2726.73991298     0.00069562   0.002041   8.2e-03   1.2e-04 0.25
    18     140    1.7e+01    0    4.0e-02 -3351.24209037 -2726.73960328     0.00030970   0.001902   7.6e-03   6.3e-05 0.25
    19     150    1.7e+01    0    3.6e-02 -3351.24358946 -2726.74110237    -0.00149909   0.001794   7.2e-03   1.0e-04 0.25
    20     160    1.9e+01    0    3.7e-02 -3351.24344136 -2726.74095427     0.00014810   0.001676   6.7e-03   1.6e-04 0.25
    21     170    1.9e+01    1    3.8e-02 -3351.24294594 -2726.74045885     0.00049543   0.001624   6.5e-03   7.3e-05 0.25
    22     170    2.0e+01    0    4.3e-02 -3351.24332387 -2726.74083678    -0.00037793   0.001462   5.8e-03   9.0e-05 0.25
    23     180    2.1e+01    0    4.6e-02 -3351.24273608 -2726.74024900     0.00058778   0.001328   5.3e-03   1.2e-04 0.25
    24     190    2.5e+01    0    4.9e-02 -3351.24311384 -2726.74062675    -0.00037775   0.001186   4.7e-03   1.5e-04 0.25
    25     200    2.3e+01    1    3.7e-02 -3351.24318318 -2726.74069609    -0.00006934   0.001096   4.4e-03   9.0e-05 0.25
    26     200    2.3e+01    0    3.7e-02 -3351.24288450 -2726.74039741     0.00029868   0.000919   3.7e-03   6.8e-05 0.25
 
RESULTS OF THE OCCUPATION OPTIMIZATION
========================================
   1    1.9999999  -142.47784424
   2    1.9999998  -65.07650757
   3    1.9999998  -63.45269775
   4    1.9999998  -59.16827393
   5    1.9999995  -31.42526627
   6    1.9997416  -15.52618122
   7    1.9999985  -12.83521080
   8    1.9999985  -12.29015255
   9    1.9999984  -11.67493534
  10    1.9996213  -11.25158596
  11    1.9996208  -11.24286747
  12    1.9996182  -11.23391247
  13    1.9996227  -11.22346306
  14    1.9996174  -11.21885967
  15    1.9996215  -11.21326065
  16    1.9999938  -9.95302677
  17    1.9999881  -9.10625648
  18    1.9999895  -9.08673763
  19    1.9999815  -8.75102806
  20    1.9999654  -7.94805956
  21    1.9999602  -7.69236517
  22    1.9999315  -5.60880136
  23    1.9999296  -5.51111364
  24    1.9999292  -5.34220123
  25    1.9999281  -5.29770184
  26    1.9999356  -5.22960711
  27    1.9999273  -5.21072149
  28    1.9999236  -5.06696367
  29    1.9904086  -0.94008660
  30    1.9903797  -0.93911976
  31    1.9868821  -0.86590326
  32    1.9922264  -0.85642606
  33    1.9921243  -0.85581100
  34    1.9871939  -0.85050225
  35    1.9919758  -0.84689260
  36    1.9961926  -0.79069483
  37    1.9962668  -0.75934815
  38    1.9840922  -0.70882940
  39    1.9842750  -0.70680028
  40    1.9844535  -0.70366210
  41    1.9840850  -0.70282716
  42    1.9844957  -0.70086813
  43    1.9848603  -0.69309944
  44    1.9847697  -0.69293892
  45    1.9846894  -0.68937796
  46    1.9852682  -0.64564216
  47    1.9852581  -0.64533502
  48    1.9922306  -0.62156123
  49    1.9584977  -0.51450664
  50    1.9538103  -0.46467933
  51    1.9567253  -0.40467405
  52    1.7480093  -0.22834419
  53    0.2519907  -0.03668291
  54    0.0432747  -0.01615459
  55    0.0461897  -0.02012515
  56    0.0415023  -0.02169228
  57    0.0077694  -0.00784196
  58    0.0147419  -0.01087005
  59    0.0147318  -0.01086633
  60    0.0153106  -0.01256734
  61    0.0152303  -0.01253827
  62    0.0151397  -0.01248930
  63    0.0155043  -0.01290255
  64    0.0159150  -0.01329881
  65    0.0155465  -0.01296422
  66    0.0157250  -0.01312267
  67    0.0159078  -0.01335680
  68    0.0037332  -0.00364491
  69    0.0038074  -0.00383875
  70    0.0080242  -0.00877827
  71    0.0128061  -0.01080126
  72    0.0078757  -0.00871578
  73    0.0077736  -0.00861725
  74    0.0131179  -0.01128660
  75    0.0096203  -0.01126865
  76    0.0095914  -0.01123336
  77    0.0000764  -0.00056132
  78    0.0000727  -0.00054054
  79    0.0000644  -0.00048049
  80    0.0000719  -0.00053782
  81    0.0000708  -0.00054159
  82    0.0000704  -0.00054178
  83    0.0000685  -0.00053973
  84    0.0000398  -0.00036884
  85    0.0000346  -0.00033719
  86    0.0000185  -0.00018887
  87    0.0000105  -0.00011085
  88    0.0000119  -0.00012575
  89    0.0000062  -0.00008116
  90    0.0003785  -0.00768615
  91    0.0003826  -0.00773602
  92    0.0003773  -0.00764443
  93    0.0003818  -0.00772732
  94    0.0003792  -0.00769817
  95    0.0003787  -0.00769159
  96    0.0000016  -0.00001308
  97    0.0000015  -0.00000830
  98    0.0000015  -0.00000942
  99    0.0002584  -0.00731666
 100    0.0000005  -0.00000211
 101    0.0000002  -0.00000132
 102    0.0000002  -0.00000061
 103    0.0000002  -0.00000077
 104    0.0000001  -0.00000008
 
----------------
 Final Energies 
----------------
Final NOF Total Energy =   -2726.7403974
 
Total Orbital Internal Iterations = 2880
Total Occupation Internal Iterations = 49
 
Elapsed time:  405.96 Seconds

---------------------------------
   Lowdin Population Analysis    
---------------------------------
 Idx  Atom   Population   Charge 
---------------------------------
  1     C     6.007      -0.007
  2     I    52.685       0.315
  3     H     1.105      -0.105
  4     H     1.104      -0.104
  5     H     1.103      -0.103
  6     C     5.947       0.053
  7     C     6.068      -0.068
  8     N     6.709       0.291
  9     H     1.069      -0.069
 10     H     1.064      -0.064
 11     H     1.056      -0.056
 12     H     1.064      -0.064
 13     H     1.066      -0.066
 14     C     6.085      -0.085
 15     C     5.925       0.075
 16     C     5.945       0.055

---------------------------------
   M Diagnostic: 0.25
---------------------------------

