Computing Integrals
NVIDIA GeForce RTX 4060
Elapsed time:    2.50 Seconds

Number of basis functions                   (NBF)    = 150
Number of auxiliary basis functions         (NBFAUX) = 532
Inactive Doubly occupied orbitals up to     (NO1)    = 0
No. considered Strongly Doubly occupied MOs (NDOC)   = 35
No. considered Strongly Singly occupied MOs (NSOC)   = 0
NO. of Weakly occ. per St. Doubly occ.  MOs (NCWO)   = 1
Dimension of the Nat. Orb. subspace         (NBF5)   = 70
No. of electrons                                     = 70
    No. of alpha electrons                           = 35
    No. of beta electrons                            = 35
Multiplicity                                         = 1

Geometry
========
Br       0.0000000       0.0000000       1.1379300
Br       0.0000000       0.0000000      -1.1379300

No violations of the orthonormality
No violations of the orthonormality
 
PNOF5/ADABelief Calculation
==================
 
  Nitext  Nit_orb  Time   Nit_occ  Time         Eelec          Etot           Ediff      maxdiff    MaxGrad_orb  Grad_occ
     1      10    2.3e+01   16    1.9e+01 -5423.21095223 -5138.37763473 -15422.21095223   0.000513   2.1e-03   2.8e-04 0.05
 
RESULTS OF THE OCCUPATION OPTIMIZATION
========================================
   1    1.9999908  -429.36459351
   2    1.9999908  -429.26742554
   3    1.9999994  -76.47363281
   4    1.9999994  -76.40994263
   5    1.9999994  -76.15850830
   6    1.9999994  -75.37760925
   7    1.9999994  -75.26381683
   8    1.9999994  -74.78260803
   9    1.9999996  -74.63872528
  10    1.9999996  -73.11574554
  11    1.9994393  -5.62373877
  12    1.9994383  -5.62171745
  13    1.9994386  -5.62041569
  14    1.9994380  -5.61799526
  15    1.9994375  -5.61771536
  16    1.9994374  -5.61760092
  17    1.9994339  -5.57704115
  18    1.9994330  -5.57261944
  19    1.9994322  -5.56992435
  20    1.9994332  -5.56925869
  21    1.9994324  -5.56908703
  22    1.9994319  -5.56843615
  23    1.9993856  -5.16961479
  24    1.9993854  -5.16942263
  25    1.9993851  -5.16867638
  26    1.9993849  -5.16795683
  27    1.9993845  -5.16760778
  28    1.9993846  -5.16665840
  29    1.9957498  -0.67262691
  30    1.9957382  -0.67170137
  31    1.9957342  -0.67145294
  32    1.9956853  -0.66940165
  33    1.9956584  -0.66795558
  34    1.9956638  -0.66779518
  35    1.9519934  -0.56509191
  36    0.0480066  -0.02263387
  37    0.0043362  -0.00407730
  38    0.0043416  -0.00408103
  39    0.0043147  -0.00406688
  40    0.0042658  -0.00403947
  41    0.0042618  -0.00403718
  42    0.0042502  -0.00403124
  43    0.0006154  -0.00457514
  44    0.0006155  -0.00457528
  45    0.0006151  -0.00457251
  46    0.0006149  -0.00457161
  47    0.0006146  -0.00457314
  48    0.0006144  -0.00457047
  49    0.0005681  -0.00459013
  50    0.0005676  -0.00458965
  51    0.0005668  -0.00458721
  52    0.0005678  -0.00458978
  53    0.0005670  -0.00458702
  54    0.0005661  -0.00458313
  55    0.0005626  -0.00456473
  56    0.0005625  -0.00456332
  57    0.0005620  -0.00456108
  58    0.0005614  -0.00455920
  59    0.0005617  -0.00456126
  60    0.0005607  -0.00455682
  61    0.0000004  -0.00003336
  62    0.0000004  -0.00003934
  63    0.0000006  -0.00005272
  64    0.0000006  -0.00005096
  65    0.0000006  -0.00005301
  66    0.0000006  -0.00005244
  67    0.0000006  -0.00005219
  68    0.0000006  -0.00005031
  69    0.0000092  -0.00763766
  70    0.0000092  -0.00763702
 
----------------
 Final Energies 
----------------
Final NOF Total Energy =   -5138.3776347
 
Total Orbital Internal Iterations = 10
Total Occupation Internal Iterations = 16
 
Elapsed time:   54.26 Seconds

---------------------------------
   Lowdin Population Analysis    
---------------------------------
 Idx  Atom   Population   Charge 
---------------------------------
  1    Br    35.000      -0.000
  2    Br    35.000       0.000

---------------------------------
   M Diagnostic: 0.05
---------------------------------

