Computing Integrals
NVIDIA GeForce RTX 4060
Elapsed time:    8.11 Seconds

Number of basis functions                   (NBF)    = 567
Number of auxiliary basis functions         (NBFAUX) = 806
Inactive Doubly occupied orbitals up to     (NO1)    = 0
No. considered Strongly Doubly occupied MOs (NDOC)   = 38
No. considered Strongly Singly occupied MOs (NSOC)   = 0
NO. of Weakly occ. per St. Doubly occ.  MOs (NCWO)   = 1
Dimension of the Nat. Orb. subspace         (NBF5)   = 76
No. of electrons                                     = 76
    No. of alpha electrons                           = 38
    No. of beta electrons                            = 38
Multiplicity                                         = 1

Geometry
========
Br       0.0000000       0.0000000       1.7941500
 C       0.0000000       0.0000000      -0.0976500
 C       0.0000000       1.2071000      -0.7758000
 C       0.0000000       1.1996600      -2.1630200
 C       0.0000000       0.0000000      -2.8580200
 C       0.0000000      -1.1996600      -2.1630200
 C       0.0000000      -1.2071000      -0.7758000
 H       0.0000000       2.1390300      -0.2275700
 H       0.0000000       2.1395000      -2.6999800
 H       0.0000000       0.0000000      -3.9401600
 H       0.0000000      -2.1395000      -2.6999800
 H       0.0000000      -2.1390300      -0.2275700

No violations of the orthonormality
No violations of the orthonormality
 
PNOF5/ADABelief Calculation
==================
 
  Nitext  Nit_orb  Time   Nit_occ  Time         Eelec          Etot           Ediff      maxdiff    MaxGrad_orb  Grad_occ
     1      10    2.3e+01   16    1.8e+01 -3232.40054938 -2799.24921073 -13231.40054938   0.001281   5.1e-03   3.5e-04 0.04
     2      20    1.4e+00    0    1.7e-02 -3236.17348812 -2803.02214947    -3.77293874   0.001281   5.1e-03   3.5e-04 0.04
     3      40    2.5e+00    0    1.6e-02 -3236.17348812 -2803.02214947     0.00000000   0.001281   5.1e-03   3.5e-04 0.04
     4      60    4.0e+00    1    2.1e-02 -3236.17394604 -2803.02260738    -0.00045791   0.064827   2.6e-01   1.6e-04 0.04
     5      60    4.1e+00    0    1.7e-02 -3236.17411641 -2803.02277775    -0.00017037   0.064827   2.6e-01   1.6e-04 0.04
     6      80    5.3e+00    0    1.7e-02 -3236.17411825 -2803.02277960    -0.00000184   0.004212   1.7e-02   1.8e-04 0.04
     7      90    6.2e+00    1    2.1e-02 -3236.17391137 -2803.02257272     0.00020688   0.002664   1.1e-02   1.4e-04 0.04
     8     100    7.1e+00    0    1.8e-02 -3236.17379898 -2803.02246033     0.00011239   0.000823   3.3e-03   9.3e-05 0.04
 
RESULTS OF THE OCCUPATION OPTIMIZATION
========================================
   1    1.9999908  -430.17654419
   2    1.9999992  -77.76792908
   3    1.9999992  -76.92118073
   4    1.9999994  -76.76869965
   5    1.9999996  -68.56645203
   6    1.9996168  -11.27192783
   7    1.9996181  -11.22757912
   8    1.9996180  -11.22707558
   9    1.9996184  -11.22463417
  10    1.9996227  -11.22045326
  11    1.9996226  -11.21843052
  12    1.9994264  -5.57296276
  13    1.9994268  -5.57118511
  14    1.9994257  -5.56352377
  15    1.9994423  -5.54226398
  16    1.9994471  -5.53704262
  17    1.9994402  -5.52862263
  18    1.9993808  -5.13576126
  19    1.9993825  -5.12938213
  20    1.9993812  -5.12164831
  21    1.9920740  -0.85795748
  22    1.9920350  -0.84717017
  23    1.9919346  -0.84516513
  24    1.9919289  -0.84238851
  25    1.9845261  -0.70409036
  26    1.9845482  -0.70396060
  27    1.9842735  -0.70359886
  28    1.9842790  -0.70283896
  29    1.9842925  -0.69938821
  30    1.9871732  -0.69163567
  31    1.9761871  -0.65742636
  32    1.9846496  -0.65635067
  33    1.9841292  -0.64781135
  34    1.9957654  -0.63682401
  35    1.9957807  -0.63646895
  36    1.9956994  -0.63529778
  37    1.9809286  -0.58221620
  38    1.9573558  -0.40618137
  39    0.0426442  -0.01598910
  40    0.0190714  -0.01210172
  41    0.0043006  -0.00392741
  42    0.0042193  -0.00385815
  43    0.0042346  -0.00388476
  44    0.0158708  -0.01162592
  45    0.0153504  -0.01147389
  46    0.0238129  -0.01568412
  47    0.0128268  -0.01051095
  48    0.0157075  -0.01302853
  49    0.0157210  -0.01307754
  50    0.0157265  -0.01308764
  51    0.0154518  -0.01292624
  52    0.0154739  -0.01293631
  53    0.0080711  -0.00879313
  54    0.0080654  -0.00878869
  55    0.0079650  -0.00871454
  56    0.0079260  -0.00875013
  57    0.0006188  -0.00460049
  58    0.0006175  -0.00459863
  59    0.0006192  -0.00461696
  60    0.0005598  -0.00454296
  61    0.0005529  -0.00450171
  62    0.0005577  -0.00454033
  63    0.0005743  -0.00463453
  64    0.0005732  -0.00462721
  65    0.0005736  -0.00463802
  66    0.0003774  -0.00767063
  67    0.0003773  -0.00767021
  68    0.0003816  -0.00772257
  69    0.0003820  -0.00772799
  70    0.0003819  -0.00772724
  71    0.0003832  -0.00775460
  72    0.0000004  -0.00003443
  73    0.0000006  -0.00005336
  74    0.0000008  -0.00006137
  75    0.0000008  -0.00006070
  76    0.0000092  -0.00763559
 
----------------
 Final Energies 
----------------
Final NOF Total Energy =   -2803.0224603
 
Total Orbital Internal Iterations = 460
Total Occupation Internal Iterations = 18
 
Elapsed time:   86.46 Seconds

---------------------------------
   Lowdin Population Analysis    
---------------------------------
 Idx  Atom   Population   Charge 
---------------------------------
  1    Br    34.483       0.517
  2     C     6.467      -0.467
  3     C     5.979       0.021
  4     C     5.927       0.073
  5     C     5.929       0.071
  6     C     5.931       0.069
  7     C     5.980       0.020
  8     H     1.062      -0.062
  9     H     1.060      -0.060
 10     H     1.061      -0.061
 11     H     1.059      -0.059
 12     H     1.062      -0.062

---------------------------------
   M Diagnostic: 0.04
---------------------------------

