Computing Integrals
Elapsed time:   12.54 Seconds

Number of basis functions                   (NBF)    = 272
Number of auxiliary basis functions         (NBFAUX) = 418
Inactive Doubly occupied orbitals up to     (NO1)    = 0
No. considered Strongly Doubly occupied MOs (NDOC)   = 36
No. considered Strongly Singly occupied MOs (NSOC)   = 0
NO. of Weakly occ. per St. Doubly occ.  MOs (NCWO)   = 1
Dimension of the Nat. Orb. subspace         (NBF5)   = 72
No. of electrons                                     = 72
    No. of alpha electrons                           = 36
    No. of beta electrons                            = 36
Multiplicity                                         = 1

Geometry
========
Te       0.0000000       0.0000000       1.9751700
 H      -1.1532200       0.0000000       3.1332300
 H       1.1532200       0.0000000       3.1332300
 H       0.9602500       0.0000000      -3.0551700
 S       0.0000000       0.0000000      -2.1312900
 H      -0.9602500       0.0000000      -3.0551700

No violations of the orthonormality
No violations of the orthonormality
 
PNOF5/ADABelief Calculation
==================
 
  Nitext  Nit_orb  Time   Nit_occ  Time         Eelec          Etot           Ediff      maxdiff    MaxGrad_orb  Grad_occ
     1      10    6.6e+01   33    3.2e+01 -2823.26644406 -2654.94317804 -12822.26644406   1.961336   7.8e+00   1.4e-04 0.01
     2      10    5.1e+01   62    3.3e-01 -2845.41406378 -2677.09079777   -22.14761972   1.735198   6.9e+00   2.7e-04 0.07
     3      10    5.0e+01   17    1.1e-01 -2853.10659926 -2684.78333324    -7.69253548   0.629876   2.5e+00   2.9e-04 0.69
     4      10    5.5e+01   15    9.4e-02 -2855.25349604 -2686.93023003    -2.14689678   0.657116   2.6e+00   1.9e-04 0.76
     5      10    4.9e+01    9    7.9e-02 -2856.23806222 -2687.91479621    -0.98456618   0.747698   3.0e+00   2.6e-04 0.80
     6      10    5.2e+01    9    1.0e-01 -2856.40222355 -2688.07895754    -0.16416133   0.903129   3.6e+00   2.1e-04 0.24
     7      10    5.4e+01    0    5.1e-02 -2856.42931794 -2688.10605193    -0.02709439   0.903277   3.6e+00   2.1e-04 0.24
     8      30    1.5e+02    8    7.8e-02 -2858.22266267 -2689.89939666    -1.79334473   0.117195   4.7e-01   3.0e-04 0.02
     9      30    1.5e+02    8    7.7e-02 -2858.78747344 -2690.46420742    -0.56481077   0.058763   2.4e-01   2.3e-04 0.02
    10      30    1.5e+02    9    8.0e-02 -2858.94218228 -2690.61891627    -0.15470884   0.047041   1.9e-01   2.2e-04 0.02
    11      30    1.5e+02    4    6.3e-02 -2859.01364165 -2690.69037563    -0.07145937   0.033427   1.3e-01   2.6e-04 0.03
    12      30    1.5e+02    3    6.0e-02 -2859.05350623 -2690.73024021    -0.03986458   0.046998   1.9e-01   2.6e-04 0.03
    13      30    1.5e+02    3    6.1e-02 -2859.07297472 -2690.74970870    -0.01946849   0.043503   1.7e-01   1.9e-04 0.03
    14      30    1.5e+02    3    6.0e-02 -2859.08129991 -2690.75803390    -0.00832520   0.048898   2.0e-01   2.0e-04 0.03
    15      30    1.5e+02    0    5.2e-02 -2859.08147253 -2690.75820652    -0.00017262   0.048898   2.0e-01   2.0e-04 0.03
    16      50    2.5e+02    2    5.8e-02 -2859.09252396 -2690.76925795    -0.01105143   0.005462   2.2e-02   2.1e-04 0.03
    17      50    2.5e+02    2    5.7e-02 -2859.09293752 -2690.76967150    -0.00041356   0.009667   3.9e-02   2.4e-04 0.03
    18      50    2.5e+02    0    5.2e-02 -2859.09297003 -2690.76970401    -0.00003251   0.009667   3.9e-02   2.4e-04 0.03
    19      70    3.5e+02    4    7.1e-02 -2859.09331650 -2690.77005049    -0.00034647   0.001250   5.0e-03   2.5e-04 0.03
    20      70    3.4e+02    1    5.4e-02 -2859.09343999 -2690.77017398    -0.00012349   0.001643   6.6e-03   2.0e-04 0.03
    21      70    3.5e+02    0    5.1e-02 -2859.09346259 -2690.77019657    -0.00002260   0.001663   6.7e-03   1.4e-04 0.03
    22      80    4.0e+02    0    5.1e-02 -2859.09347399 -2690.77020798    -0.00001140   0.001518   6.1e-03   1.5e-04 0.03
    23      90    4.5e+02    0    5.1e-02 -2859.09347988 -2690.77021387    -0.00000589   0.001120   4.5e-03   1.6e-04 0.03
    24     100    5.0e+02    0    5.0e-02 -2859.09348295 -2690.77021694    -0.00000307   0.000932   3.7e-03   1.5e-04 0.03
    25     110    5.6e+02    0    5.4e-02 -2859.09348498 -2690.77021896    -0.00000202   0.000794   3.2e-03   1.6e-04 0.03
    26     120    6.0e+02    0    5.1e-02 -2859.09348571 -2690.77021969    -0.00000073   0.001113   4.5e-03   1.5e-04 0.03
    27     130    6.5e+02    0    5.1e-02 -2859.09348726 -2690.77022125    -0.00000155   0.000732   2.9e-03   1.6e-04 0.03
    28     140    6.9e+02    0    5.1e-02 -2859.09348726 -2690.77022125     0.00000000   0.000732   2.9e-03   1.6e-04 0.03
    29     160    7.9e+02    0    5.1e-02 -2859.09349198 -2690.77022596    -0.00000472   0.000191   7.6e-04   1.6e-04 0.03
 
RESULTS OF THE OCCUPATION OPTIMIZATION
========================================
   1    2.0000000  -140.67985764
   2    1.9999717  -91.01355240
   3    1.9999999  -60.46503650
   4    1.9999999  -60.15662242
   5    1.9999999  -60.09019596
   6    1.9999998  -20.26629940
   7    1.9999997  -11.84953480
   8    1.9999997  -11.58728835
   9    1.9999996  -9.84014482
  10    1.9999994  -9.58098763
  11    1.9999994  -9.53598095
  12    1.9999958  -8.98157303
  13    1.9999830  -8.08696996
  14    1.9996963  -7.47368027
  15    1.9996956  -7.47286205
  16    1.9997197  -7.44803464
  17    1.9997195  -7.44776137
  18    1.9999559  -7.30014199
  19    1.9999619  -7.14859199
  20    1.9999299  -5.38947337
  21    1.9999301  -5.06806914
  22    1.9999271  -5.03598991
  23    1.9999289  -4.99275568
  24    1.9999227  -4.90662691
  25    1.9999299  -4.90577048
  26    1.9999276  -4.81745571
  27    1.9909358  -0.81718423
  28    1.9908657  -0.80350780
  29    1.9906496  -0.80241132
  30    1.9896897  -0.76740794
  31    1.9821110  -0.68422075
  32    1.9820414  -0.68404548
  33    1.9921704  -0.60062236
  34    1.9918595  -0.59564218
  35    1.9688456  -0.46630497
  36    1.9687950  -0.46603044
  37    0.0312050  -0.01620296
  38    0.0311544  -0.01619481
  39    0.0081405  -0.00619962
  40    0.0078296  -0.00609166
  41    0.0179586  -0.01332633
  42    0.0178890  -0.01330167
  43    0.0103103  -0.00844579
  44    0.0093504  -0.00793269
  45    0.0091343  -0.00780078
  46    0.0090642  -0.00782165
  47    0.0000724  -0.00050491
  48    0.0000701  -0.00049389
  49    0.0000773  -0.00052737
  50    0.0000711  -0.00050088
  51    0.0000729  -0.00051423
  52    0.0000699  -0.00049528
  53    0.0000701  -0.00048952
  54    0.0000381  -0.00036101
  55    0.0000441  -0.00040111
  56    0.0002805  -0.00355006
  57    0.0002803  -0.00354803
  58    0.0003044  -0.00373586
  59    0.0003037  -0.00373283
  60    0.0000170  -0.00025175
  61    0.0000042  -0.00005919
  62    0.0000006  -0.00000988
  63    0.0000006  -0.00001084
  64    0.0000004  -0.00001120
  65    0.0000003  -0.00000891
  66    0.0000003  -0.00000381
  67    0.0000002  -0.00000146
  68    0.0000001  -0.00000037
  69    0.0000001  -0.00000074
  70    0.0000001  -0.00000027
  71    0.0000283  -0.00552190
  72    0.0000000  -0.00000005
 
----------------
 Final Energies 
----------------
Final NOF Total Energy =   -2690.7702260
 
Total Orbital Internal Iterations = 1600
Total Occupation Internal Iterations = 192
 
Elapsed time: 8199.25 Seconds

---------------------------------
   Lowdin Population Analysis    
---------------------------------
 Idx  Atom   Population   Charge 
---------------------------------
  1    Te    51.387       0.613
  2     H     1.315      -0.315
  3     H     1.315      -0.315
  4     H     1.258      -0.258
  5     S    15.466       0.534
  6     H     1.258      -0.258

---------------------------------
   M Diagnostic: 0.03
---------------------------------

