Computing Integrals
NVIDIA GeForce RTX 4060
Elapsed time:    8.46 Seconds

Number of basis functions                   (NBF)    = 659
Number of auxiliary basis functions         (NBFAUX) = 867
Inactive Doubly occupied orbitals up to     (NO1)    = 0
No. considered Strongly Doubly occupied MOs (NDOC)   = 45
No. considered Strongly Singly occupied MOs (NSOC)   = 0
NO. of Weakly occ. per St. Doubly occ.  MOs (NCWO)   = 1
Dimension of the Nat. Orb. subspace         (NBF5)   = 90
No. of electrons                                     = 90
    No. of alpha electrons                           = 45
    No. of beta electrons                            = 45
Multiplicity                                         = 1

Geometry
========
 O      -2.5382000      -0.0877200      -1.0272400
 P      -1.3594200      -0.0797000       0.0296900
 O      -1.2773800      -1.2528600       0.9341700
 O       0.0000000       0.0000000      -0.8788400
 P       1.3594200       0.0797000       0.0296900
 O       1.2773800       1.2528600       0.9341700
 O       1.4941600      -1.3628300       0.6497100
 O       2.5382000       0.0877200      -1.0272400
 O      -1.4941600       1.3628300       0.6497100
 H      -2.9154500      -0.9787400      -1.1233400
 H       0.5964000      -1.6407700       0.9764300
 H       2.9154500       0.9787400      -1.1233400
 H      -0.5964000       1.6407700       0.9764300

No violations of the orthonormality
No violations of the orthonormality
 
PNOF5/ADABelief Calculation
==================
 
  Nitext  Nit_orb  Time   Nit_occ  Time         Eelec          Etot           Ediff      maxdiff    MaxGrad_orb  Grad_occ
     1      10    2.4e+01   10    1.9e+01 -1999.10205168 -1207.66162044 -11998.10205168   0.001313   5.3e-03   2.9e-04 0.02
     2      20    2.0e+00    0    2.8e-02 -2000.44095539 -1209.00052414    -1.33890370   0.001313   5.3e-03   2.9e-04 0.02
     3      40    6.8e+00    0    2.4e-02 -2000.44095539 -1209.00052414     0.00000000   0.001313   5.3e-03   2.9e-04 0.02
     4      60    9.2e+00    0    3.3e-02 -2000.44103717 -1209.00060592    -0.00008178   0.002928   1.2e-02   2.9e-04 0.02
     5      70    5.9e+00    0    3.1e-02 -2000.44103717 -1209.00060592     0.00000000   0.002928   1.2e-02   2.9e-04 0.02
     6      90    1.1e+01    0    3.2e-02 -2000.44136153 -1209.00093029    -0.00032436   0.000826   3.3e-03   3.1e-04 0.02
 
RESULTS OF THE OCCUPATION OPTIMIZATION
========================================
   1    1.9999672  -79.56836700
   2    1.9999672  -79.56340027
   3    1.9998122  -20.61009979
   4    1.9998123  -20.61002350
   5    1.9998139  -20.60637665
   6    1.9998126  -20.58980179
   7    1.9998125  -20.58964729
   8    1.9998126  -20.52829170
   9    1.9998125  -20.52787399
  10    1.9995334  -6.23051023
  11    1.9995332  -6.22800922
  12    1.9995228  -6.22374201
  13    1.9995136  -6.21865416
  14    1.9995104  -6.21649361
  15    1.9995204  -6.21532965
  16    1.9995146  -6.21160269
  17    1.9995114  -6.20821619
  18    1.9903975  -1.03649807
  19    1.9904441  -1.03596544
  20    1.9904810  -1.01994336
  21    1.9904379  -1.01982999
  22    1.9902687  -1.00637436
  23    1.9901543  -1.00497651
  24    1.9834635  -0.96383870
  25    1.9834787  -0.96371806
  26    1.9854810  -0.94351250
  27    1.9853567  -0.94303644
  28    1.9888203  -0.83685470
  29    1.9887598  -0.83349794
  30    1.9887834  -0.82250351
  31    1.9886034  -0.81884778
  32    1.9920490  -0.80815744
  33    1.9919915  -0.80679047
  34    1.9914894  -0.80212820
  35    1.9915254  -0.80150819
  36    1.9917507  -0.79907548
  37    1.9916899  -0.79873931
  38    1.9915980  -0.78178990
  39    1.9915404  -0.78058606
  40    1.9915303  -0.77984440
  41    1.9915581  -0.77948058
  42    1.9901496  -0.77041817
  43    1.9891451  -0.76138055
  44    1.9917534  -0.74531031
  45    1.9910408  -0.72766197
  46    0.0089592  -0.00980627
  47    0.0082466  -0.00938347
  48    0.0108549  -0.01151729
  49    0.0098504  -0.01082647
  50    0.0084419  -0.00994542
  51    0.0084697  -0.00996927
  52    0.0084596  -0.00997051
  53    0.0084020  -0.00993380
  54    0.0083101  -0.00993186
  55    0.0082493  -0.00988537
  56    0.0084746  -0.01009004
  57    0.0085106  -0.01011752
  58    0.0080085  -0.00966267
  59    0.0079510  -0.00962156
  60    0.0113966  -0.01216698
  61    0.0112166  -0.01213116
  62    0.0112402  -0.01215963
  63    0.0111797  -0.01214902
  64    0.0146433  -0.01608718
  65    0.0145190  -0.01599975
  66    0.0165213  -0.01773327
  67    0.0165365  -0.01774342
  68    0.0098457  -0.01210834
  69    0.0097313  -0.01201431
  70    0.0095621  -0.01206249
  71    0.0095190  -0.01202724
  72    0.0095559  -0.01216080
  73    0.0096025  -0.01220645
  74    0.0004886  -0.00470284
  75    0.0004854  -0.00468409
  76    0.0004796  -0.00464522
  77    0.0004896  -0.00471205
  78    0.0004864  -0.00469122
  79    0.0004772  -0.00463216
  80    0.0004668  -0.00456186
  81    0.0004666  -0.00456251
  82    0.0001875  -0.00699794
  83    0.0001874  -0.00699679
  84    0.0001875  -0.00700512
  85    0.0001874  -0.00700430
  86    0.0001861  -0.00697520
  87    0.0001877  -0.00701371
  88    0.0001878  -0.00701501
  89    0.0000328  -0.00551103
  90    0.0000328  -0.00550916
 
----------------
 Final Energies 
----------------
Final NOF Total Energy =   -1209.0009303
 
Total Orbital Internal Iterations = 290
Total Occupation Internal Iterations = 10
 
Elapsed time:   91.80 Seconds

---------------------------------
   Lowdin Population Analysis    
---------------------------------
 Idx  Atom   Population   Charge 
---------------------------------
  1     O     7.453       0.547
  2     P    15.597      -0.597
  3     O     7.981       0.019
  4     O     7.735       0.265
  5     P    15.596      -0.596
  6     O     7.981       0.019
  7     O     7.478       0.522
  8     O     7.452       0.548
  9     O     7.478       0.522
 10     H     1.299      -0.299
 11     H     1.326      -0.326
 12     H     1.299      -0.299
 13     H     1.326      -0.326

---------------------------------
   M Diagnostic: 0.02
---------------------------------

