Computing Integrals
Elapsed time:   19.52 Seconds

Number of basis functions                   (NBF)    = 399
Number of auxiliary basis functions         (NBFAUX) = 535
Inactive Doubly occupied orbitals up to     (NO1)    = 0
No. considered Strongly Doubly occupied MOs (NDOC)   = 28
No. considered Strongly Singly occupied MOs (NSOC)   = 0
NO. of Weakly occ. per St. Doubly occ.  MOs (NCWO)   = 1
Dimension of the Nat. Orb. subspace         (NBF5)   = 56
No. of electrons                                     = 56
    No. of alpha electrons                           = 28
    No. of beta electrons                            = 28
Multiplicity                                         = 1

Geometry
========
 O       2.8046200      -2.0520900       0.8605100
 C       3.4541600      -1.3595900       0.0286200
 C       4.2241700      -2.2198800      -1.0069500
 F       5.0389100      -3.0975000      -0.4018900
 O       3.5346600      -0.1283400      -0.0734000
 F       4.9731000      -1.4933400      -1.8381400
 F       3.3670800      -2.9290200      -1.7610500

No violations of the orthonormality
No violations of the orthonormality
 
PNOF5/ADABelief Calculation
==================
 
  Nitext  Nit_orb  Time   Nit_occ  Time         Eelec          Etot           Ediff      maxdiff    MaxGrad_orb  Grad_occ
     1      10    9.4e+01   15    4.4e+01  -834.36954347  -510.13854206 -10833.36954347   0.437000   1.7e+00   2.8e-04 0.01
     2      10    7.7e+01   12    1.3e-01  -844.87657438  -520.64557297   -10.50703091   0.199025   8.0e-01   3.1e-04 0.06
     3      10    7.2e+01    8    1.1e-01  -847.03966854  -522.80866713    -2.16309416   0.248907   1.0e+00   2.4e-04 0.06
     4      10    7.0e+01    9    1.1e-01  -847.70973913  -523.47873772    -0.67007059   0.238001   9.5e-01   1.6e-04 0.04
     5      10    7.1e+01    6    1.3e-01  -848.03267583  -523.80167442    -0.32293670   0.302246   1.2e+00   2.3e-04 0.02
     6      10    7.2e+01    5    1.1e-01  -848.11067598  -523.87967457    -0.07800015   0.279608   1.1e+00   4.5e-05 0.02
     7      10    7.5e+01    0    9.4e-02  -848.11699841  -523.88599700    -0.00632243   0.279608   1.1e+00   4.5e-05 0.02
     8      30    2.2e+02    3    1.1e-01  -848.68457108  -524.45356967    -0.56757267   0.031238   1.2e-01   1.7e-04 0.02
     9      30    2.2e+02    2    1.0e-01  -848.69444460  -524.46344319    -0.00987352   0.013133   5.3e-02   1.7e-04 0.02
    10      30    2.2e+02    2    9.4e-02  -848.69544704  -524.46444563    -0.00100244   0.016395   6.6e-02   5.7e-05 0.02
    11      30    2.1e+02    2    1.1e-01  -848.69629123  -524.46528982    -0.00084419   0.017098   6.8e-02   4.7e-05 0.02
    12      30    2.2e+02    0    1.1e-01  -848.69636607  -524.46536466    -0.00007484   0.017098   6.8e-02   4.7e-05 0.02
    13      50    3.6e+02    1    1.1e-01  -848.70009242  -524.46909101    -0.00372634   0.001607   6.4e-03   1.1e-04 0.02
    14      50    3.5e+02    1    1.1e-01  -848.70012245  -524.46912104    -0.00003003   0.002527   1.0e-02   5.1e-05 0.02
    15      50    3.5e+02    1    1.1e-01  -848.70014587  -524.46914446    -0.00002343   0.001920   7.7e-03   4.2e-05 0.02
    16      50    3.5e+02    1    9.3e-02  -848.70017970  -524.46917829    -0.00003383   0.002670   1.1e-02   4.0e-05 0.02
    17      50    3.5e+02    1    1.0e-01  -848.70021178  -524.46921037    -0.00003208   0.003342   1.3e-02   3.8e-05 0.02
    18      50    3.5e+02    1    9.1e-02  -848.70026099  -524.46925958    -0.00004921   0.002916   1.2e-02   3.6e-05 0.02
    19      50    3.6e+02    1    1.1e-01  -848.70030536  -524.46930395    -0.00004437   0.003682   1.5e-02   3.1e-05 0.02
    20      50    3.6e+02    1    1.1e-01  -848.70033628  -524.46933487    -0.00003092   0.001926   7.7e-03   3.7e-05 0.02
    21      50    3.6e+02    1    1.1e-01  -848.70037545  -524.46937404    -0.00003918   0.001671   6.7e-03   3.0e-05 0.02
    22      50    3.6e+02    0    1.0e-01  -848.70038853  -524.46938712    -0.00001307   0.001997   8.0e-03   2.2e-04 0.02
    23      60    4.3e+02    0    8.6e-02  -848.70044053  -524.46943912    -0.00005200   0.001035   4.1e-03   2.1e-04 0.02
    24      70    5.0e+02    1    1.1e-01  -848.70045579  -524.46945438    -0.00001526   0.000826   3.3e-03   3.4e-05 0.02
    25      70    4.9e+02    0    1.1e-01  -848.70046660  -524.46946519    -0.00001081   0.000800   3.2e-03   1.3e-04 0.02
    26      80    5.6e+02    0    9.3e-02  -848.70047686  -524.46947545    -0.00001026   0.000552   2.2e-03   1.7e-04 0.02
    27      90    6.4e+02    0    1.0e-01  -848.70048590  -524.46948449    -0.00000904   0.000385   1.5e-03   1.4e-04 0.02
    28     100    7.0e+02    0    1.0e-01  -848.70049301  -524.46949160    -0.00000711   0.000273   1.1e-03   1.9e-04 0.02
    29     110    7.7e+02    0    1.0e-01  -848.70050114  -524.46949973    -0.00000813   0.000186   7.4e-04   1.5e-04 0.02
 
RESULTS OF THE OCCUPATION OPTIMIZATION
========================================
   1    1.9998624  -26.13466212
   2    1.9998622  -26.13313950
   3    1.9998626  -26.13121483
   4    1.9998128  -20.29794196
   5    1.9998126  -20.29483440
   6    1.9996153  -11.30916829
   7    1.9996073  -11.15622667
   8    1.9842824  -0.90969593
   9    1.9839170  -0.90360561
  10    1.9837700  -0.90031355
  11    1.9908462  -0.83904750
  12    1.9941514  -0.82896276
  13    1.9940516  -0.82813015
  14    1.9943089  -0.82732705
  15    1.9942334  -0.82674651
  16    1.9940865  -0.82516631
  17    1.9940388  -0.82448206
  18    1.9942978  -0.82407717
  19    1.9942837  -0.82344640
  20    1.9941537  -0.82279852
  21    1.9869341  -0.66159636
  22    1.9853434  -0.61543722
  23    1.9854220  -0.60976508
  24    1.9912931  -0.51934482
  25    1.9913297  -0.51206297
  26    1.9909550  -0.49375401
  27    1.9908787  -0.48468182
  28    1.9866704  -0.45490859
  29    0.0133296  -0.01079595
  30    0.0091213  -0.00899059
  31    0.0090450  -0.00901199
  32    0.0086703  -0.00895533
  33    0.0087069  -0.00902163
  34    0.0145780  -0.01303951
  35    0.0146566  -0.01311930
  36    0.0130659  -0.01169095
  37    0.0058463  -0.00892448
  38    0.0057163  -0.00876679
  39    0.0057022  -0.00877174
  40    0.0059612  -0.00900835
  41    0.0059135  -0.00898823
  42    0.0057666  -0.00881529
  43    0.0056911  -0.00876948
  44    0.0059484  -0.00903205
  45    0.0058486  -0.00894289
  46    0.0091538  -0.01117769
  47    0.0162300  -0.01819096
  48    0.0160830  -0.01812017
  49    0.0157176  -0.01788756
  50    0.0003927  -0.00786865
  51    0.0003847  -0.00778118
  52    0.0001874  -0.00698262
  53    0.0001872  -0.00697712
  54    0.0001374  -0.00658347
  55    0.0001378  -0.00659360
  56    0.0001376  -0.00658811
 
----------------
 Final Energies 
----------------
Final NOF Total Energy =    -524.4694997
 
Total Orbital Internal Iterations = 1300
Total Occupation Internal Iterations = 74
 
Elapsed time: 9595.16 Seconds

---------------------------------
   Lowdin Population Analysis    
---------------------------------
 Idx  Atom   Population   Charge 
---------------------------------
  1     O     7.939       0.061
  2     C     6.978      -0.978
  3     C     7.177      -1.177
  4     F     8.662       0.338
  5     O     7.928       0.072
  6     F     8.651       0.349
  7     F     8.665       0.335

---------------------------------
   M Diagnostic: 0.02
---------------------------------

