Computing Integrals
NVIDIA GeForce RTX 3090
Elapsed time:  151.36 Seconds

Number of basis functions                   (NBF)    = 1440
Number of auxiliary basis functions         (NBFAUX) = 1700
Inactive Doubly occupied orbitals up to     (NO1)    = 0
No. considered Strongly Doubly occupied MOs (NDOC)   = 65
No. considered Strongly Singly occupied MOs (NSOC)   = 0
NO. of Weakly occ. per St. Doubly occ.  MOs (NCWO)   = 1
Dimension of the Nat. Orb. subspace         (NBF5)   = 130
No. of electrons                                     = 130
    No. of alpha electrons                           = 65
    No. of beta electrons                            = 65
Multiplicity                                         = 1

Geometry
========
 B       1.1095700       0.3638500       0.5239700
 N      -0.0101000       1.2352000       0.6301100
 B       0.0022200       2.5323700       0.0534200
 N       1.3294100       3.0208000      -0.2642200
 B       2.5031100       2.1815300      -0.2672400
 N       2.4078800       0.7759700       0.1009000
 B      -1.1497200       0.3897000       0.5267600
 N      -2.4383600       0.8269100       0.1106300
 B      -2.5077900       2.2356000      -0.2510000
 N      -1.3158500       3.0500600      -0.2533800
 N       0.6719100      -0.9961600       0.5768600
 N      -0.7431500      -0.9846300       0.5663900
 B       1.4525600      -2.0442800       0.0336100
 N       2.8314700      -1.6597700      -0.2179100
 B       3.3127000      -0.3041800      -0.2421300
 B      -1.5348700      -2.0365900       0.0436400
 B      -0.6372300      -3.4419800      -0.3370400
 N       0.7827700      -3.2869500      -0.2989300
 B      -3.3646100      -0.2399100      -0.2294700
 N      -2.9028700      -1.6010100      -0.2075900
 H      -4.4755400       0.0125900      -0.5781900
 H      -3.5646400      -2.2963600      -0.5128100
 H      -1.0520200      -4.5097900      -0.6815200
 H       1.3462900      -4.0665400      -0.6070800
 H       3.4853000      -2.3650600      -0.5180300
 H       4.4277400      -0.0782100      -0.5939500
 H       3.5394100       2.6373700      -0.6379300
 H       1.4563900       3.9501100      -0.6322000
 H      -1.4253900       3.9829200      -0.6180600
 H      -3.5365900       2.7164500      -0.6106300

No violations of the orthonormality
No violations of the orthonormality
 
PNOF5/ADABelief Calculation
==================
 
  Nitext  Nit_orb  Time   Nit_occ  Time         Eelec          Etot           Ediff      maxdiff    MaxGrad_orb  Grad_occ
     1      10    4.9e+01    8    3.7e+01 -2153.81931760  -798.60410989 -12152.81931760   0.002662   1.1e-02   1.7e-04 0.02
     2      20    8.9e+00    0    1.1e-01 -2154.44225789  -799.22705018    -0.62294028   0.002662   1.1e-02   1.7e-04 0.02
     3      40    1.8e+01    1    1.6e-01 -2154.44274747  -799.22753976    -0.00048958   0.002962   1.2e-02   1.2e-04 0.02
     4      40    1.8e+01    0    1.3e-01 -2154.44285788  -799.22765017    -0.00011041   0.002962   1.2e-02   1.2e-04 0.02
     5      60    3.0e+01    1    1.2e-01 -2154.44324044  -799.22803273    -0.00038256   0.001155   4.6e-03   4.5e-05 0.02
     6      60    2.6e+01    1    1.6e-01 -2154.44334866  -799.22814095    -0.00010823   0.001491   6.0e-03   2.6e-05 0.02
     7      60    2.6e+01    1    1.1e-01 -2154.44327215  -799.22806444     0.00007651   0.001541   6.2e-03   2.6e-05 0.02
     8      60    2.6e+01    1    1.1e-01 -2154.44334276  -799.22813505    -0.00007060   0.001656   6.6e-03   1.9e-05 0.02
     9      60    2.6e+01    0    1.0e-01 -2154.44327867  -799.22807096     0.00006409   0.001656   6.6e-03   1.9e-05 0.02
    10      80    3.5e+01    0    1.0e-01 -2154.44371360  -799.22850589    -0.00043493   0.000985   3.9e-03   2.4e-04 0.02
 
RESULTS OF THE OCCUPATION OPTIMIZATION
========================================
   1    1.9997414  -15.53602695
   2    1.9997413  -15.53361416
   3    1.9997422  -15.53034687
   4    1.9997417  -15.52048969
   5    1.9997418  -15.52028847
   6    1.9997417  -15.51941872
   7    1.9997419  -15.51096344
   8    1.9997437  -15.49906540
   9    1.9997437  -15.49733257
  10    1.9997446  -15.47905350
  11    1.9993761  -7.60876608
  12    1.9993781  -7.60820770
  13    1.9993781  -7.60026836
  14    1.9993817  -7.59862709
  15    1.9993778  -7.59724760
  16    1.9993796  -7.59060287
  17    1.9993827  -7.59020281
  18    1.9993830  -7.58864975
  19    1.9993836  -7.56761932
  20    1.9993913  -7.56484652
  21    1.9805034  -0.85154045
  22    1.9913767  -0.82807344
  23    1.9912278  -0.82754201
  24    1.9904843  -0.81449783
  25    1.9911087  -0.81030506
  26    1.9905750  -0.80908293
  27    1.9905092  -0.80823326
  28    1.9916217  -0.80691969
  29    1.9906170  -0.80660284
  30    1.9914514  -0.80216587
  31    1.9914598  -0.80176032
  32    1.9836916  -0.79812181
  33    1.9838656  -0.79527390
  34    1.9838472  -0.79485351
  35    1.9838698  -0.79412127
  36    1.9906221  -0.79019701
  37    1.9905734  -0.78697854
  38    1.9906267  -0.78615123
  39    1.9908962  -0.78296971
  40    1.9838018  -0.78233814
  41    1.9901646  -0.76749563
  42    1.9902086  -0.76620430
  43    1.9901850  -0.76573211
  44    1.9899394  -0.76487643
  45    1.9898406  -0.76240146
  46    1.9889295  -0.73639834
  47    1.9893129  -0.72153097
  48    1.9886826  -0.70283204
  49    1.9878735  -0.68837792
  50    1.9876034  -0.66722602
  51    1.9864968  -0.65098780
  52    1.9838849  -0.61377734
  53    1.9869239  -0.61377382
  54    1.9850958  -0.61079234
  55    1.9866073  -0.60957819
  56    1.9840459  -0.59227985
  57    1.9843569  -0.59023291
  58    1.9849135  -0.58804852
  59    1.9851577  -0.56928158
  60    1.9851946  -0.56869566
  61    1.9851149  -0.56822503
  62    1.9851747  -0.56321841
  63    1.9839820  -0.55889732
  64    1.9848833  -0.55343473
  65    1.9895369  -0.55097818
  66    0.0104631  -0.00760692
  67    0.0151167  -0.01057780
  68    0.0160180  -0.01141710
  69    0.0148253  -0.01055050
  70    0.0148851  -0.01062913
  71    0.0148054  -0.01058707
  72    0.0148423  -0.01061390
  73    0.0150865  -0.01162589
  74    0.0156431  -0.01170011
  75    0.0159541  -0.01210456
  76    0.0133927  -0.01036647
  77    0.0149042  -0.01153574
  78    0.0130761  -0.01023108
  79    0.0161151  -0.01207852
  80    0.0135032  -0.01119825
  81    0.0123966  -0.01060207
  82    0.0121265  -0.01076795
  83    0.0113174  -0.01026781
  84    0.0106871  -0.01008831
  85    0.0110705  -0.01055364
  86    0.0101594  -0.01008187
  87    0.0100606  -0.01003105
  88    0.0098150  -0.00987935
  89    0.0097914  -0.00981786
  90    0.0098354  -0.00989109
  91    0.0161982  -0.01490839
  92    0.0091038  -0.00954307
  93    0.0093733  -0.00968557
  94    0.0094266  -0.00972742
  95    0.0093779  -0.00981219
  96    0.0161302  -0.01493524
  97    0.0161528  -0.01496329
  98    0.0161344  -0.01494532
  99    0.0163084  -0.01512041
 100    0.0085402  -0.00918913
 101    0.0085486  -0.00919727
 102    0.0093830  -0.00989137
 103    0.0083783  -0.00906977
 104    0.0094908  -0.00997309
 105    0.0094250  -0.00995167
 106    0.0088913  -0.00954211
 107    0.0095157  -0.01006360
 108    0.0087722  -0.00965990
 109    0.0086233  -0.00952321
 110    0.0194966  -0.01823946
 111    0.0006087  -0.00821375
 112    0.0006164  -0.00829638
 113    0.0006170  -0.00831340
 114    0.0006173  -0.00831625
 115    0.0006204  -0.00833095
 116    0.0006222  -0.00834851
 117    0.0006183  -0.00831607
 118    0.0006219  -0.00834600
 119    0.0006219  -0.00836254
 120    0.0006239  -0.00838096
 121    0.0002554  -0.00724727
 122    0.0002563  -0.00726245
 123    0.0002563  -0.00726296
 124    0.0002581  -0.00729380
 125    0.0002583  -0.00729935
 126    0.0002582  -0.00729609
 127    0.0002583  -0.00729735
 128    0.0002578  -0.00728669
 129    0.0002587  -0.00731074
 130    0.0002586  -0.00730904
 
----------------
 Final Energies 
----------------
Final NOF Total Energy =    -799.2285059
 
Total Orbital Internal Iterations = 490
Total Occupation Internal Iterations = 13
 
Elapsed time:  341.79 Seconds

---------------------------------
   Lowdin Population Analysis    
---------------------------------
 Idx  Atom   Population   Charge 
---------------------------------
  1     B     5.823      -0.823
  2     N     6.285       0.715
  3     B     5.780      -0.780
  4     N     6.315       0.685
  5     B     5.416      -0.416
  6     N     6.362       0.638
  7     B     5.819      -0.819
  8     N     6.361       0.639
  9     B     5.414      -0.414
 10     N     6.315       0.685
 11     N     6.431       0.569
 12     N     6.430       0.570
 13     B     5.814      -0.814
 14     N     6.316       0.684
 15     B     5.431      -0.431
 16     B     5.588      -0.588
 17     B     5.224      -0.224
 18     N     6.316       0.684
 19     B     5.433      -0.433
 20     N     6.323       0.677
 21     H     1.039      -0.039
 22     H     1.120      -0.120
 23     H     1.050      -0.050
 24     H     1.115      -0.115
 25     H     1.123      -0.123
 26     H     1.038      -0.038
 27     H     1.037      -0.037
 28     H     1.123      -0.123
 29     H     1.123      -0.123
 30     H     1.037      -0.037

---------------------------------
   M Diagnostic: 0.02
---------------------------------

