Computing Integrals
Elapsed time:   47.52 Seconds

Number of basis functions                   (NBF)    = 1158
Number of auxiliary basis functions         (NBFAUX) = 1270
Inactive Doubly occupied orbitals up to     (NO1)    = 0
No. considered Strongly Doubly occupied MOs (NDOC)   = 49
No. considered Strongly Singly occupied MOs (NSOC)   = 0
NO. of Weakly occ. per St. Doubly occ.  MOs (NCWO)   = 1
Dimension of the Nat. Orb. subspace         (NBF5)   = 98
No. of electrons                                     = 98
    No. of alpha electrons                           = 49
    No. of beta electrons                            = 49
Multiplicity                                         = 1

Geometry
========
 C      -1.4762700      -1.1531600      -0.2928000
 C      -2.8689200      -1.1588100      -0.2946900
 C      -3.5922600       0.0018500       0.0382400
 C      -2.8682400       1.1615900       0.3732800
 C      -1.4756900       1.1545000       0.3734000
 C      -0.7393100       0.0002300       0.0410600
 C       1.4762700       1.1531600      -0.2928000
 C       0.7393100      -0.0002300       0.0410600
 C       1.4756900      -1.1545000       0.3734000
 C       2.8682400      -1.1615900       0.3732800
 C       3.5922600      -0.0018500       0.0382400
 C       2.8689200       1.1588100      -0.2946900
 N       4.9909600       0.0138500       0.0923700
 N      -4.9909600      -0.0138500       0.0923700
 H      -0.9455800      -2.0578500      -0.5825900
 H      -3.4077600      -2.0666000      -0.5655400
 H      -3.4066700       2.0680500       0.6490400
 H      -0.9444300       2.0599200       0.6597400
 H       0.9455800       2.0578500      -0.5825900
 H       0.9444300      -2.0599200       0.6597400
 H       3.4066700      -2.0680500       0.6490400
 H       3.4077600       2.0666000      -0.5655400
 H       5.4353400      -0.8878400      -0.0246400
 H       5.4345400       0.7312700      -0.4668800
 H      -5.4345400      -0.7312700      -0.4668800
 H      -5.4353400       0.8878400      -0.0246400

No violations of the orthonormality
No violations of the orthonormality
 
PNOF5/ADABelief Calculation
==================
 
  Nitext  Nit_orb  Time   Nit_occ  Time         Eelec          Etot           Ediff      maxdiff    MaxGrad_orb  Grad_occ
     1      10    2.4e+02    8    3.9e+01 -1352.64276159  -570.70675121 -11351.64276159   0.004326   1.7e-02   1.5e-04 0.02
     2      20    4.3e+02    0    9.4e-01 -1353.10388284  -571.16787246    -0.46112125   0.004326   1.7e-02   1.5e-04 0.02
     3      40    8.3e+02    1    9.4e-01 -1353.11528318  -571.17927280    -0.01140033   0.001874   7.5e-03   3.5e-04 0.02
     4      40    8.4e+02    0    1.0e+00 -1353.11548650  -571.17947612    -0.00020332   0.001874   7.5e-03   3.5e-04 0.02
     5      46    9.4e+02    1    9.4e-01 -1353.11588231  -571.17987193    -0.00039581   0.000485   1.9e-03   8.3e-05 0.02
 
RESULTS OF THE OCCUPATION OPTIMIZATION
========================================
   1    1.9997385  -15.54314984
   2    1.9997385  -15.54313390
   3    1.9996143  -11.25264940
   4    1.9996143  -11.25262191
   5    1.9996163  -11.21252790
   6    1.9996163  -11.21252149
   7    1.9996158  -11.20924322
   8    1.9996158  -11.20917626
   9    1.9996158  -11.20836619
  10    1.9996158  -11.20836033
  11    1.9996162  -11.20782756
  12    1.9996162  -11.20776568
  13    1.9996156  -11.20085607
  14    1.9996157  -11.20084246
  15    1.9878317  -0.87364552
  16    1.9878311  -0.87361930
  17    1.9913434  -0.82213415
  18    1.9913433  -0.82209223
  19    1.9920036  -0.81973275
  20    1.9920035  -0.81969515
  21    1.9914060  -0.80756518
  22    1.9914088  -0.80755121
  23    1.9838822  -0.80645405
  24    1.9838795  -0.80642681
  25    1.9838248  -0.80559129
  26    1.9838256  -0.80556023
  27    1.9886937  -0.75876159
  28    1.9840776  -0.68485947
  29    1.9840766  -0.68484749
  30    1.9840898  -0.68268868
  31    1.9840906  -0.68268133
  32    1.9840947  -0.68150062
  33    1.9840946  -0.68148317
  34    1.9840707  -0.68147966
  35    1.9840714  -0.68146939
  36    1.9857960  -0.63930147
  37    1.9853370  -0.62977912
  38    1.9845831  -0.62601139
  39    1.9843781  -0.62226603
  40    1.9843980  -0.61873478
  41    1.9843925  -0.61854680
  42    1.9846066  -0.61829693
  43    1.9845949  -0.61812351
  44    1.9834124  -0.61013399
  45    1.9831765  -0.60645106
  46    1.9824213  -0.58777063
  47    1.9818053  -0.57817747
  48    1.9882859  -0.55510796
  49    1.9882856  -0.55503851
  50    0.0117144  -0.00979838
  51    0.0117141  -0.00979841
  52    0.0181947  -0.01186154
  53    0.0175787  -0.01172647
  54    0.0168235  -0.01165918
  55    0.0165876  -0.01159665
  56    0.0154051  -0.01101931
  57    0.0153934  -0.01101538
  58    0.0156075  -0.01115353
  59    0.0156020  -0.01115374
  60    0.0156219  -0.01128009
  61    0.0154169  -0.01122657
  62    0.0146630  -0.01085199
  63    0.0142040  -0.01073715
  64    0.0159286  -0.01302200
  65    0.0159293  -0.01302256
  66    0.0159054  -0.01294846
  67    0.0159053  -0.01294860
  68    0.0159094  -0.01302766
  69    0.0159102  -0.01302838
  70    0.0159234  -0.01299742
  71    0.0159224  -0.01299693
  72    0.0113063  -0.01070252
  73    0.0161744  -0.01514466
  74    0.0161752  -0.01514522
  75    0.0161205  -0.01511945
  76    0.0161178  -0.01511850
  77    0.0085912  -0.00903279
  78    0.0085940  -0.00903511
  79    0.0079965  -0.00863047
  80    0.0079964  -0.00863067
  81    0.0086567  -0.00917829
  82    0.0086566  -0.00917863
  83    0.0121689  -0.01277080
  84    0.0121683  -0.01277080
  85    0.0003843  -0.00775199
  86    0.0003844  -0.00775213
  87    0.0003838  -0.00774880
  88    0.0003838  -0.00774878
  89    0.0003842  -0.00774901
  90    0.0003842  -0.00774939
  91    0.0003842  -0.00775137
  92    0.0003842  -0.00775139
  93    0.0003837  -0.00774342
  94    0.0003837  -0.00774318
  95    0.0003857  -0.00778512
  96    0.0003857  -0.00778496
  97    0.0002615  -0.00735602
  98    0.0002615  -0.00735604
 
----------------
 Final Energies 
----------------
Final NOF Total Energy =    -571.1798719
 
Total Orbital Internal Iterations = 156
Total Occupation Internal Iterations = 10
 
Elapsed time: 3541.65 Seconds

---------------------------------
   Lowdin Population Analysis    
---------------------------------
 Idx  Atom   Population   Charge 
---------------------------------
  1     C     5.920       0.080
  2     C     5.944       0.056
  3     C     6.218      -0.218
  4     C     5.932       0.068
  5     C     5.914       0.086
  6     C     6.090      -0.090
  7     C     5.920       0.080
  8     C     6.090      -0.090
  9     C     5.914       0.086
 10     C     5.932       0.068
 11     C     6.218      -0.218
 12     C     5.944       0.056
 13     N     6.414       0.586
 14     N     6.414       0.586
 15     H     1.053      -0.053
 16     H     1.065      -0.065
 17     H     1.062      -0.062
 18     H     1.052      -0.052
 19     H     1.053      -0.053
 20     H     1.052      -0.052
 21     H     1.062      -0.062
 22     H     1.065      -0.065
 23     H     1.170      -0.170
 24     H     1.167      -0.167
 25     H     1.166      -0.166
 26     H     1.170      -0.170

---------------------------------
   M Diagnostic: 0.02
---------------------------------

