Computing Integrals
NVIDIA GeForce RTX 4060
Elapsed time:   10.14 Seconds

Number of basis functions                   (NBF)    = 723
Number of auxiliary basis functions         (NBFAUX) = 809
Inactive Doubly occupied orbitals up to     (NO1)    = 0
No. considered Strongly Doubly occupied MOs (NDOC)   = 33
No. considered Strongly Singly occupied MOs (NSOC)   = 0
NO. of Weakly occ. per St. Doubly occ.  MOs (NCWO)   = 1
Dimension of the Nat. Orb. subspace         (NBF5)   = 66
No. of electrons                                     = 66
    No. of alpha electrons                           = 33
    No. of beta electrons                            = 33
Multiplicity                                         = 1

Geometry
========
 N      -0.5128400       1.8571700       0.0000000
 N       1.4920500       0.7114800       0.0000000
 C      -0.5461400      -0.5236100       0.0000000
 C       0.8603600      -0.4683600       0.0000000
 C      -1.1733600       0.6870600       0.0000000
 C       0.8637900       1.9710000       0.0000000
 C      -1.2708200      -1.8341700       0.0000000
 O       1.5133900      -1.5866600       0.0000000
 O       1.4718000       2.9898900       0.0000000
 H      -1.0243600       2.7325100       0.0000000
 H       2.5073100       0.7685400       0.0000000
 H      -2.2544200       0.7564200       0.0000000
 H      -1.0287800      -2.4278900      -0.8815900
 H      -1.0287800      -2.4278900       0.8815900
 H      -2.3474800      -1.6729700       0.0000000
 H       2.4782700      -1.5325100       0.0000000

No violations of the orthonormality
No violations of the orthonormality
 
PNOF5/ADABelief Calculation
==================
 
  Nitext  Nit_orb  Time   Nit_occ  Time         Eelec          Etot           Ediff      maxdiff    MaxGrad_orb  Grad_occ
     1      10    2.4e+01    9    1.8e+01  -907.72393176  -452.10891770 -10906.72393176   0.004493   1.8e-02   1.4e-04 0.02
     2      20    1.9e+00    0    2.7e-02  -908.10799234  -452.49297828    -0.38406058   0.004493   1.8e-02   1.4e-04 0.02
     3      40    3.5e+00    0    2.4e-02  -908.10799234  -452.49297828     0.00000000   0.004493   1.8e-02   1.4e-04 0.02
     4      60    5.9e+00    1    2.6e-02  -908.10816947  -452.49315541    -0.00017713   0.000758   3.0e-03   4.3e-05 0.02
 
RESULTS OF THE OCCUPATION OPTIMIZATION
========================================
   1    1.9998124  -20.79267693
   2    1.9998143  -20.69737434
   3    1.9997387  -15.81408978
   4    1.9997378  -15.80973816
   5    1.9996078  -11.57855129
   6    1.9996099  -11.57519531
   7    1.9996150  -11.50814152
   8    1.9996173  -11.40462112
   9    1.9996251  -11.36361313
  10    1.9881422  -1.26656592
  11    1.9907733  -1.19717383
  12    1.9900717  -1.18660450
  13    1.9893880  -1.15743613
  14    1.9836651  -1.14364266
  15    1.9927312  -1.08862209
  16    1.9853474  -1.07063818
  17    1.9853862  -1.06969941
  18    1.9837444  -1.04558182
  19    1.9829349  -1.03271747
  20    1.9874891  -1.00842595
  21    1.9871092  -0.99169457
  22    1.9923600  -0.98250550
  23    1.9923547  -0.98090839
  24    1.9845645  -0.94052839
  25    1.9926025  -0.93397385
  26    1.9926078  -0.93149233
  27    1.9878588  -0.92291492
  28    1.9890151  -0.87084001
  29    1.9889228  -0.87064081
  30    1.9902158  -0.83124578
  31    1.9837930  -0.82052797
  32    1.9838712  -0.81526428
  33    1.9838717  -0.81521583
  34    0.0161283  -0.01415184
  35    0.0161288  -0.01415230
  36    0.0162070  -0.01424157
  37    0.0097842  -0.00945005
  38    0.0110772  -0.00981414
  39    0.0109849  -0.00980745
  40    0.0121412  -0.01213219
  41    0.0073922  -0.00966868
  42    0.0073975  -0.00968014
  43    0.0154355  -0.01494431
  44    0.0076453  -0.01008315
  45    0.0076400  -0.01007377
  46    0.0128908  -0.01322650
  47    0.0125109  -0.01312121
  48    0.0170651  -0.01845186
  49    0.0162556  -0.01797153
  50    0.0146138  -0.01615934
  51    0.0146526  -0.01609343
  52    0.0072688  -0.00907069
  53    0.0163349  -0.01923899
  54    0.0106120  -0.01306603
  55    0.0099283  -0.01269707
  56    0.0092267  -0.01196817
  57    0.0118578  -0.01598040
  58    0.0003749  -0.00763951
  59    0.0003827  -0.00777715
  60    0.0003850  -0.00782569
  61    0.0003901  -0.00791060
  62    0.0003922  -0.00794824
  63    0.0002622  -0.00741352
  64    0.0002613  -0.00738901
  65    0.0001857  -0.00697849
  66    0.0001876  -0.00703852
 
----------------
 Final Energies 
----------------
Final NOF Total Energy =    -452.4931554
 
Total Orbital Internal Iterations = 130
Total Occupation Internal Iterations = 10
 
Elapsed time:   67.76 Seconds

---------------------------------
   Lowdin Population Analysis    
---------------------------------
 Idx  Atom   Population   Charge 
---------------------------------
  1     N     6.407       0.593
  2     N     6.415       0.585
  3     C     6.123      -0.123
  4     C     6.349      -0.349
  5     C     5.889       0.111
  6     C     6.608      -0.608
  7     C     5.740       0.260
  8     O     7.233       0.767
  9     O     7.680       0.320
 10     H     1.085      -0.085
 11     H     1.092      -0.092
 12     H     1.014      -0.014
 13     H     1.040      -0.040
 14     H     1.040      -0.040
 15     H     1.041      -0.041
 16     H     1.245      -0.245

---------------------------------
   M Diagnostic: 0.02
---------------------------------

