PNICO23-17a_C.jld not found
PNICO23-17a_n.jld not found
Computing Integrals
Elapsed time:    6.07 Seconds

Number of basis functions                   (NBF)    = 147
Number of auxiliary basis functions         (NBFAUX) = 131
Inactive Doubly occupied orbitals up to     (NO1)    = 0
No. considered Strongly Doubly occupied MOs (NDOC)   = 5
No. considered Strongly Singly occupied MOs (NSOC)   = 0
NO. of Weakly occ. per St. Doubly occ.  MOs (NCWO)   = 1
Dimension of the Nat. Orb. subspace         (NBF5)   = 10
No. of electrons                                     = 10
    No. of alpha electrons                           = 5
    No. of beta electrons                            = 5
Multiplicity                                         = 1

Geometry
========
 N       0.8737600      -2.1182800       0.0000000
 H       0.2094500      -2.8807300       0.0000000
 H       1.4631300      -2.2218200       0.8150700
 H       1.4631300      -2.2218200      -0.8150700

No violations of the orthonormality
No violations of the orthonormality
 
PNOF5/ADABelief Calculation
==================
 
  Nitext  Nit_orb  Time   Nit_occ  Time         Eelec          Etot           Ediff      maxdiff    MaxGrad_orb  Grad_occ
     1      10    4.5e+01    6    3.5e+01   -65.38159557   -53.41949697 -10064.38159557   0.484977   1.9e+00   1.4e-04 0.01
     2      10    2.8e+01    5    4.7e-03   -67.39613313   -55.43403453    -2.01453756   0.303119   1.2e+00   1.1e-04 0.10
     3      10    2.8e+01    5    7.1e-02   -68.03726005   -56.07516145    -0.64112692   0.153768   6.2e-01   6.0e-05 0.05
     4      10    3.0e+01    3    1.8e-03   -68.20953137   -56.24743277    -0.17227132   0.163832   6.6e-01   1.3e-04 0.02
     5      10    2.8e+01    2    6.4e-03   -68.24764098   -56.28554238    -0.03810961   0.165835   6.6e-01   3.6e-05 0.02
     6      10    2.3e+01    1    1.9e-02   -68.25260590   -56.29050730    -0.00496493   0.164217   6.6e-01   1.4e-04 0.02
     7      10    2.6e+01    1    3.8e-03   -68.25304604   -56.29094744    -0.00044014   0.151751   6.1e-01   9.8e-05 0.02
     8      10    2.9e+01    0    3.7e-03   -68.25306822   -56.29096962    -0.00002218   0.151751   6.1e-01   9.8e-05 0.02
     9      30    9.0e+01    1    3.8e-03   -68.26333799   -56.30123939    -0.01026977   0.000329   1.3e-03   4.8e-05 0.02
    10      30    8.6e+01    0    7.2e-02   -68.26334275   -56.30124415    -0.00000476   0.000329   1.3e-03   4.8e-05 0.02
    11      37    1.0e+02    0    1.8e-03   -68.26334485   -56.30124625    -0.00000210   0.000113   4.5e-04   1.2e-04 0.02
 
RESULTS OF THE OCCUPATION OPTIMIZATION
========================================
   1    1.9997376  -15.52472344
   2    1.9834023  -0.78208032
   3    1.9834759  -0.78207998
   4    1.9834391  -0.78195291
   5    1.9873826  -0.54547940
   6    0.0126174  -0.01037516
   7    0.0165609  -0.01518823
   8    0.0165241  -0.01517373
   9    0.0165977  -0.01520307
  10    0.0002624  -0.00735242
 
----------------
 Final Energies 
----------------
Final NOF Total Energy =     -56.3012463
 
Total Orbital Internal Iterations = 177
Total Occupation Internal Iterations = 24
 
Elapsed time:  585.03 Seconds

---------------------------------
   Lowdin Population Analysis    
---------------------------------
 Idx  Atom   Population   Charge 
---------------------------------
  1     N     6.421       0.579
  2     H     1.193      -0.193
  3     H     1.193      -0.193
  4     H     1.193      -0.193

---------------------------------
   M Diagnostic: 0.02
---------------------------------

