Computing Integrals
Elapsed time:    7.74 Seconds

Number of basis functions                   (NBF)    = 264
Number of auxiliary basis functions         (NBFAUX) = 240
Inactive Doubly occupied orbitals up to     (NO1)    = 0
No. considered Strongly Doubly occupied MOs (NDOC)   = 8
No. considered Strongly Singly occupied MOs (NSOC)   = 0
NO. of Weakly occ. per St. Doubly occ.  MOs (NCWO)   = 1
Dimension of the Nat. Orb. subspace         (NBF5)   = 16
No. of electrons                                     = 16
    No. of alpha electrons                           = 8
    No. of beta electrons                            = 8
Multiplicity                                         = 1

Geometry
========
 C       0.0000000      -0.6870700      -0.1556200
 C       0.0000000       0.6870700      -0.1556200
 H      -0.9354400       1.2425900      -0.1629700
 H       0.9354400       1.2425900      -0.1629700
 H       0.9354400      -1.2425900      -0.1629700
 H      -0.9354400      -1.2425900      -0.1629700
 H       0.0000000       0.0000000       0.9631300

No violations of the orthonormality
No violations of the orthonormality
 
PNOF5/ADABelief Calculation
==================
 
  Nitext  Nit_orb  Time   Nit_occ  Time         Eelec          Etot           Ediff      maxdiff    MaxGrad_orb  Grad_occ
     1      10    7.1e+01   10    4.4e+01  -111.19523342   -72.46532462 -10110.19523342   0.393501   1.6e+00   1.3e-04 0.02
     2      10    5.3e+01   10    1.1e-02  -115.68823999   -76.95833119    -4.49300657   0.249974   1.0e+00   1.6e-04 0.09
     3      10    4.6e+01    5    1.0e-02  -116.67951654   -77.94960774    -0.99127655   0.168891   6.8e-01   7.0e-05 0.03
     4      10    5.1e+01    4    1.2e-02  -117.02957131   -78.29966251    -0.35005477   0.126059   5.0e-01   4.1e-05 0.01
     5      10    5.1e+01    3    7.6e-03  -117.13717084   -78.40726204    -0.10759953   0.169539   6.8e-01   2.0e-04 0.01
     6      10    5.1e+01    2    1.1e-02  -117.15984415   -78.42993536    -0.02267332   0.177393   7.1e-01   2.0e-04 0.02
     7      10    5.4e+01    2    1.1e-02  -117.16170680   -78.43179800    -0.00186265   0.169161   6.8e-01   8.1e-06 0.02
     8      10    5.1e+01    0    1.6e-02  -117.16189057   -78.43198177    -0.00018377   0.169161   6.8e-01   8.1e-06 0.02
     9      30    1.5e+02    1    1.9e-02  -117.19053639   -78.46062759    -0.02864582   0.001170   4.7e-03   7.8e-05 0.02
    10      30    1.5e+02    1    1.0e-02  -117.19060539   -78.46069659    -0.00006900   0.001460   5.8e-03   2.8e-05 0.02
    11      30    1.5e+02    0    2.5e-02  -117.19060811   -78.46069931    -0.00000272   0.001460   5.8e-03   2.8e-05 0.02
    12      50    2.5e+02    0    3.2e-02  -117.19068183   -78.46077303    -0.00007372   0.000490   2.0e-03   1.5e-04 0.02
    13      60    3.0e+02    0    2.4e-02  -117.19071289   -78.46080409    -0.00003107   0.000136   5.4e-04   1.9e-04 0.02
 
RESULTS OF THE OCCUPATION OPTIMIZATION
========================================
   1    1.9996149  -11.55428356
   2    1.9996231  -11.55104289
   3    1.9858419  -1.04752332
   4    1.9854164  -1.01404701
   5    1.9847308  -0.98431894
   6    1.9847082  -0.98427592
   7    1.9846814  -0.98184849
   8    1.9846680  -0.98182054
   9    0.0153320  -0.01510943
  10    0.0153186  -0.01510279
  11    0.0152918  -0.01511140
  12    0.0152692  -0.01509993
  13    0.0145836  -0.01370030
  14    0.0141581  -0.01455938
  15    0.0003769  -0.00770632
  16    0.0003851  -0.00777573
 
----------------
 Final Energies 
----------------
Final NOF Total Energy =     -78.4608041
 
Total Orbital Internal Iterations = 280
Total Occupation Internal Iterations = 38
 
Elapsed time: 1560.36 Seconds

---------------------------------
   Lowdin Population Analysis    
---------------------------------
 Idx  Atom   Population   Charge 
---------------------------------
  1     C     5.546       0.454
  2     C     5.550       0.450
  3     H     1.008      -0.008
  4     H     1.008      -0.008
  5     H     1.007      -0.007
  6     H     1.007      -0.007
  7     H     0.874       0.126

---------------------------------
   M Diagnostic: 0.02
---------------------------------

