Computing Integrals
Elapsed time:   10.55 Seconds

Number of basis functions                   (NBF)    = 321
Number of auxiliary basis functions         (NBFAUX) = 317
Inactive Doubly occupied orbitals up to     (NO1)    = 0
No. considered Strongly Doubly occupied MOs (NDOC)   = 12
No. considered Strongly Singly occupied MOs (NSOC)   = 1
NO. of Weakly occ. per St. Doubly occ.  MOs (NCWO)   = 1
Dimension of the Nat. Orb. subspace         (NBF5)   = 25
No. of electrons                                     = 25
    No. of alpha electrons                           = 13
    No. of beta electrons                            = 12
Multiplicity                                         = 2

Geometry
========
 C      -0.7659500       0.0233400       0.0000000
 C       0.7727700       0.0321400       0.0000000
 O       1.1628100      -1.2709800       0.0000000
 H      -1.1158400       1.0569500       0.0000000
 H      -1.1431100      -0.4829100       0.8883700
 H      -1.1431100      -0.4829100      -0.8883700
 H       1.1162200       0.5621800       0.9015700
 H       1.1162200       0.5621800      -0.9015700

No violations of the orthonormality
No violations of the orthonormality
 
PNOF5/ADABelief Calculation
==================
 
  Nitext  Nit_orb  Time   Nit_occ  Time         Eelec          Etot           Ediff      maxdiff    MaxGrad_orb  Grad_occ
     1      10    7.9e+01    8    4.4e+01  -221.34696678  -146.41267506 -10220.34696678   0.680366   2.7e+00   1.5e-04 0.02
     2      10    6.0e+01    7    2.6e-02  -227.25869743  -152.32440571    -5.91173065   0.319645   1.3e+00   1.3e-04 0.03
     3      10    5.7e+01    6    3.2e-02  -228.25904766  -153.32475594    -1.00035023   0.186283   7.5e-01   1.5e-04 0.01
     4      10    5.6e+01    4    2.5e-02  -228.43125399  -153.49696227    -0.17220633   0.250251   1.0e+00   1.4e-04 0.02
     5      10    5.8e+01    5    3.2e-02  -228.52611139  -153.59181967    -0.09485740   0.241830   9.7e-01   4.1e-05 0.02
     6      10    5.8e+01    3    3.7e-02  -228.55430735  -153.62001563    -0.02819597   0.288069   1.2e+00   4.9e-05 0.02
     7      10    5.8e+01    1    3.7e-02  -228.55870746  -153.62441574    -0.00440011   0.265428   1.1e+00   9.3e-05 0.02
     8      10    6.1e+01    0    3.4e-02  -228.55874536  -153.62445364    -0.00003790   0.265428   1.1e+00   9.3e-05 0.02
     9      30    1.7e+02    1    4.7e-02  -228.62384406  -153.68955234    -0.06509870   0.002102   8.4e-03   1.2e-04 0.02
    10      30    1.7e+02    1    3.2e-02  -228.62409804  -153.68980631    -0.00025398   0.003778   1.5e-02   3.7e-05 0.02
    11      30    1.7e+02    0    3.7e-02  -228.62427618  -153.68998445    -0.00017814   0.004083   1.6e-02   9.9e-05 0.02
    12      40    2.3e+02    0    3.3e-02  -228.62462582  -153.69033410    -0.00034964   0.001618   6.5e-03   1.5e-04 0.02
    13      50    2.9e+02    1    3.1e-02  -228.62486944  -153.69057772    -0.00024362   0.000918   3.7e-03   1.0e-05 0.02
    14      50    2.9e+02    0    2.8e-02  -228.62510400  -153.69081228    -0.00023456   0.003899   1.6e-02   1.1e-04 0.02
    15      60    3.4e+02    1    2.3e-02  -228.62544298  -153.69115126    -0.00033898   0.000686   2.7e-03   8.3e-06 0.02
    16      60    3.4e+02    0    3.1e-02  -228.62561981  -153.69132809    -0.00017683   0.000492   2.0e-03   1.1e-04 0.02
    17      70    4.0e+02    0    4.2e-02  -228.62576607  -153.69147435    -0.00014626   0.000507   2.0e-03   1.8e-04 0.02
    18      80    4.5e+02    1    2.3e-02  -228.62587175  -153.69158003    -0.00010568   0.002535   1.0e-02   1.2e-05 0.02
    19      80    4.6e+02    0    2.7e-02  -228.62595457  -153.69166285    -0.00008281   0.027094   1.1e-01   1.2e-04 0.02
    20      83    4.7e+02    1    2.6e-02  -228.62599496  -153.69170324    -0.00004039   0.000122   4.9e-04   7.5e-06 0.02
 
RESULTS OF THE OCCUPATION OPTIMIZATION
========================================
   1    1.9998157  -20.56999370
   2    1.9996230  -11.26262011
   3    1.9996240  -11.21366875
   4    1.9851036  -0.94933849
   5    1.9928170  -0.81185989
   6    1.9928129  -0.81180533
   7    1.9866672  -0.73437281
   8    1.9836100  -0.69119637
   9    1.9834227  -0.68861130
  10    1.9838560  -0.67698004
  11    1.9837878  -0.67416795
  12    1.9837859  -0.67398782
  13    1.0000000  -0.30111698
  14    0.0162141  -0.01304342
  15    0.0162122  -0.01304327
  16    0.0161440  -0.01297441
  17    0.0165773  -0.01350117
  18    0.0163900  -0.01339620
  19    0.0133328  -0.01156939
  20    0.0071871  -0.00918683
  21    0.0071830  -0.00918445
  22    0.0148964  -0.01657414
  23    0.0003760  -0.00762818
  24    0.0003770  -0.00765642
  25    0.0001843  -0.00693044
 
----------------
 Final Energies 
----------------
Final NOF Total Energy =    -153.6917032
 
Total Orbital Internal Iterations = 743
Total Occupation Internal Iterations = 40
 
Elapsed time: 4466.44 Seconds

---------------------------------
   Lowdin Population Analysis    
---------------------------------
 Idx  Atom   Population   Charge 
---------------------------------
  1     C     5.780       0.220
  2     C     6.243      -0.243
  3     O     7.657       0.343
  4     H     1.059      -0.059
  5     H     1.063      -0.063
  6     H     1.063      -0.063
  7     H     1.069      -0.069
  8     H     1.067      -0.067

---------------------------------
   M Diagnostic: 0.02
---------------------------------

