Computing Integrals
Elapsed time:    3.80 Seconds

Number of basis functions                   (NBF)    = 114
Number of auxiliary basis functions         (NBFAUX) = 154
Inactive Doubly occupied orbitals up to     (NO1)    = 0
No. considered Strongly Doubly occupied MOs (NDOC)   = 10
No. considered Strongly Singly occupied MOs (NSOC)   = 0
NO. of Weakly occ. per St. Doubly occ.  MOs (NCWO)   = 1
Dimension of the Nat. Orb. subspace         (NBF5)   = 20
No. of electrons                                     = 20
    No. of alpha electrons                           = 10
    No. of beta electrons                            = 10
Multiplicity                                         = 1

Geometry
========
Ne       0.0000000       0.0000000       1.5449900
Ne       0.0000000       0.0000000      -1.5449900

No violations of the orthonormality
No violations of the orthonormality
 
PNOF5/ADABelief Calculation
==================
 
  Nitext  Nit_orb  Time   Nit_occ  Time         Eelec          Etot           Ediff      maxdiff    MaxGrad_orb  Grad_occ
     1      10    4.8e+01   11    3.1e+01  -269.51842199  -252.39287019 -10268.51842199   0.767772   3.1e+00   1.2e-04 0.00
     2      10    3.2e+01   13    6.0e-02  -273.44910938  -256.32355757    -3.93068739   1.994421   8.0e+00   2.0e-04 0.00
     3      10    3.2e+01    5    3.1e-02  -274.18514219  -257.05959038    -0.73603281   0.284441   1.1e+00   1.7e-04 0.01
     4      10    3.5e+01   11    4.4e-02  -274.23097409  -257.10542229    -0.04583191   0.444949   1.8e+00   1.4e-04 0.01
     5      10    3.3e+01    0    7.9e-03  -274.23401080  -257.10845900    -0.00303671   0.444949   1.8e+00   1.4e-04 0.01
     6      30    9.5e+01    4    1.0e-02  -274.32798176  -257.20242995    -0.09397095   0.042342   1.7e-01   1.5e-04 0.01
     7      30    1.0e+02    4    4.9e-03  -274.33490816  -257.20935635    -0.00692640   0.018776   7.5e-02   2.4e-05 0.01
     8      30    9.3e+01    4    1.6e-02  -274.33665953  -257.21110773    -0.00175137   0.029331   1.2e-01   3.5e-05 0.01
     9      30    9.9e+01    2    8.0e-03  -274.34032471  -257.21477291    -0.00366518   0.022600   9.0e-02   4.7e-05 0.01
    10      30    9.7e+01    0    8.4e-03  -274.34060563  -257.21505383    -0.00028092   0.022600   9.0e-02   4.7e-05 0.01
    11      50    1.6e+02    1    3.7e-03  -274.34257175  -257.21701995    -0.00196612   0.002254   9.0e-03   6.3e-05 0.00
    12      50    1.6e+02    0    5.2e-02  -274.34259912  -257.21704731    -0.00002737   0.002254   9.0e-03   6.3e-05 0.00
    13      70    2.2e+02    1    5.6e-03  -274.34261859  -257.21706678    -0.00001947   0.000706   2.8e-03   6.9e-06 0.00
    14      70    2.2e+02    0    5.2e-03  -274.34262016  -257.21706836    -0.00000157   0.000706   2.8e-03   6.9e-06 0.00
    15      90    2.8e+02    0    7.1e-03  -274.34262240  -257.21707059    -0.00000223   0.000158   6.3e-04   5.4e-05 0.00
 
RESULTS OF THE OCCUPATION OPTIMIZATION
========================================
   1    1.9998951  -32.70874746
   2    1.9998949  -32.70857123
   3    1.9951476  -1.15876873
   4    1.9951086  -1.15786924
   5    1.9951014  -1.15765494
   6    1.9950989  -1.15757152
   7    1.9950958  -1.15742829
   8    1.9950934  -1.15740454
   9    1.9950907  -1.15728482
  10    1.9950867  -1.15716813
  11    0.0049133  -0.00966650
  12    0.0049093  -0.00966252
  13    0.0049066  -0.00966232
  14    0.0049042  -0.00965872
  15    0.0049011  -0.00965707
  16    0.0048986  -0.00965439
  17    0.0048914  -0.00964677
  18    0.0048524  -0.00962057
  19    0.0001051  -0.00634869
  20    0.0001049  -0.00634503
 
----------------
 Final Energies 
----------------
Final NOF Total Energy =    -257.2170706
 
Total Orbital Internal Iterations = 530
Total Occupation Internal Iterations = 56
 
Elapsed time: 1775.67 Seconds

---------------------------------
   Lowdin Population Analysis    
---------------------------------
 Idx  Atom   Population   Charge 
---------------------------------
  1    Ne    10.000       0.000
  2    Ne    10.000      -0.000

---------------------------------
   M Diagnostic: 0.00
---------------------------------

