Computing Integrals
Elapsed time:    7.31 Seconds

Number of basis functions                   (NBF)    = 234
Number of auxiliary basis functions         (NBFAUX) = 224
Inactive Doubly occupied orbitals up to     (NO1)    = 0
No. considered Strongly Doubly occupied MOs (NDOC)   = 9
No. considered Strongly Singly occupied MOs (NSOC)   = 0
NO. of Weakly occ. per St. Doubly occ.  MOs (NCWO)   = 1
Dimension of the Nat. Orb. subspace         (NBF5)   = 18
No. of electrons                                     = 18
    No. of alpha electrons                           = 9
    No. of beta electrons                            = 9
Multiplicity                                         = 1

Geometry
========
 C      -0.3417900       0.1212900       0.0000000
 O       1.0798300       0.1987900       0.0000000
 H       1.4366400      -0.6953200       0.0000000
 H      -0.7131900       1.1455200       0.0000000
 H      -0.7307500      -0.3851400      -0.8914700
 H      -0.7307500      -0.3851400       0.8914700

No violations of the orthonormality
No violations of the orthonormality
 
PNOF5/ADABelief Calculation
==================
 
  Nitext  Nit_orb  Time   Nit_occ  Time         Eelec          Etot           Ediff      maxdiff    MaxGrad_orb  Grad_occ
     1      10    6.6e+01    7    4.4e+01  -150.03129420  -109.81857892 -10149.03129420   0.575216   2.3e+00   1.2e-04 0.01
     2      10    4.5e+01    7    1.1e-02  -153.57643041  -113.36371513    -3.54513621   0.281002   1.1e+00   9.9e-05 0.08
     3      10    4.5e+01    6    1.3e-02  -154.77514247  -114.56242719    -1.19871206   0.207565   8.3e-01   6.3e-05 0.16
     4      10    4.4e+01    5    1.2e-02  -155.18620600  -114.97349073    -0.41106353   0.198663   7.9e-01   4.7e-05 0.08
     5      10    4.2e+01    4    1.4e-02  -155.32265349  -115.10993821    -0.13644748   0.216289   8.7e-01   5.6e-05 0.03
     6      10    4.6e+01    2    2.6e-02  -155.39038199  -115.17766671    -0.06772851   0.205640   8.2e-01   1.5e-04 0.02
     7      10    4.4e+01    2    1.5e-02  -155.40036058  -115.18764530    -0.00997858   0.195577   7.8e-01   8.0e-05 0.02
     8      10    4.5e+01    2    8.9e-03  -155.40775815  -115.19504287    -0.00739758   0.208819   8.4e-01   3.5e-05 0.02
     9      10    4.4e+01    2    1.6e-02  -155.40963002  -115.19691474    -0.00187187   0.200127   8.0e-01   2.5e-05 0.02
    10      10    4.4e+01    1    1.1e-02  -155.41300621  -115.20029093    -0.00337619   0.181130   7.2e-01   1.2e-04 0.02
    11      10    4.6e+01    0    8.3e-03  -155.41301746  -115.20030218    -0.00001125   0.181130   7.2e-01   1.2e-04 0.02
    12      30    1.3e+02    1    2.7e-02  -155.44912011  -115.23640483    -0.03610265   0.001168   4.7e-03   1.8e-04 0.02
    13      30    1.4e+02    0    2.3e-02  -155.44914518  -115.23642990    -0.00002508   0.001168   4.7e-03   1.8e-04 0.02
    14      50    2.2e+02    1    3.6e-02  -155.44915843  -115.23644315    -0.00001325   0.000119   4.8e-04   5.5e-05 0.02
 
RESULTS OF THE OCCUPATION OPTIMIZATION
========================================
   1    1.9998115  -20.53392563
   2    1.9996216  -11.25405140
   3    1.9817881  -0.87589729
   4    1.9812541  -0.86223932
   5    1.9919148  -0.74062802
   6    1.9917549  -0.73522686
   7    1.9833354  -0.68168507
   8    1.9833334  -0.68160077
   9    1.9833878  -0.68117137
  10    0.0166122  -0.01349376
  11    0.0166666  -0.01350174
  12    0.0166646  -0.01350072
  13    0.0082451  -0.00969882
  14    0.0080852  -0.00961914
  15    0.0187459  -0.01840215
  16    0.0182119  -0.01834493
  17    0.0003784  -0.00766676
  18    0.0001885  -0.00702392
 
----------------
 Final Energies 
----------------
Final NOF Total Energy =    -115.2364432
 
Total Orbital Internal Iterations = 220
Total Occupation Internal Iterations = 40
 
Elapsed time: 1121.55 Seconds

---------------------------------
   Lowdin Population Analysis    
---------------------------------
 Idx  Atom   Population   Charge 
---------------------------------
  1     C     5.968       0.032
  2     O     7.460       0.540
  3     H     1.341      -0.341
  4     H     1.072      -0.072
  5     H     1.079      -0.079
  6     H     1.079      -0.079

---------------------------------
   M Diagnostic: 0.02
---------------------------------

