Computing Integrals
Elapsed time:   20.79 Seconds

Number of basis functions                   (NBF)    = 522
Number of auxiliary basis functions         (NBFAUX) = 558
Inactive Doubly occupied orbitals up to     (NO1)    = 0
No. considered Strongly Doubly occupied MOs (NDOC)   = 21
No. considered Strongly Singly occupied MOs (NSOC)   = 0
NO. of Weakly occ. per St. Doubly occ.  MOs (NCWO)   = 1
Dimension of the Nat. Orb. subspace         (NBF5)   = 42
No. of electrons                                     = 42
    No. of alpha electrons                           = 21
    No. of beta electrons                            = 21
Multiplicity                                         = 1

Geometry
========
 C       0.8312300       1.1151900       0.0787800
 H       1.4764300       1.9805900       0.1459800
 C       1.3768200      -0.1650600       0.1424800
 H       2.4435400      -0.2929000       0.2649900
 C       0.5454700      -1.2803300       0.0608900
 H       0.9690300      -2.2742400       0.1129900
 C      -0.8309900      -1.1158800      -0.0820700
 H      -1.4758700      -1.9820800      -0.1454700
 C      -1.3769400       0.1652500      -0.1433000
 H      -2.4451900       0.2934200      -0.2554600
 C      -0.5452400       1.2808400      -0.0651600
 H      -0.9683100       2.2752000      -0.1146400

No violations of the orthonormality
No violations of the orthonormality
 
PNOF5/ADABelief Calculation
==================
 
  Nitext  Nit_orb  Time   Nit_occ  Time         Eelec          Etot           Ediff      maxdiff    MaxGrad_orb  Grad_occ
     1      10    1.4e+02   10    3.3e+01  -425.48615572  -221.77450656 -10424.48615572   0.517988   2.1e+00   2.0e-04 0.01
     2      10    9.5e+01    9    9.7e-02  -432.64519879  -228.93354962    -7.15904306   0.224475   9.0e-01   1.8e-04 0.05
     3      10    1.0e+02    8    8.6e-02  -434.26529666  -230.55364750    -1.62009788   0.153040   6.1e-01   8.2e-05 0.05
     4      10    8.9e+01    4    8.3e-02  -434.59519837  -230.88354920    -0.32990171   0.177442   7.1e-01   1.4e-04 0.04
     5      10    8.7e+01    2    8.9e-02  -434.60988409  -230.89823492    -0.01468572   0.170325   6.8e-01   2.0e-04 0.04
     6      10    1.0e+02    1    9.0e-02  -434.61548862  -230.90383945    -0.00560453   0.170656   6.8e-01   1.9e-04 0.04
     7      10    1.0e+02    0    9.8e-02  -434.61554931  -230.90390015    -0.00006070   0.170656   6.8e-01   1.9e-04 0.04
     8      30    3.8e+02    1    1.2e-01  -434.77193420  -231.06028503    -0.15638489   0.002304   9.2e-03   2.3e-04 0.04
     9      30    3.9e+02    2    1.1e-01  -434.77464301  -231.06299384    -0.00270881   0.002667   1.1e-02   1.7e-05 0.04
    10      30    3.9e+02    1    8.3e-02  -434.77481906  -231.06316990    -0.00017605   0.007426   3.0e-02   1.1e-04 0.04
    11      30    3.8e+02    0    8.2e-02  -434.77484844  -231.06319927    -0.00002938   0.007426   3.0e-02   1.1e-04 0.04
    12      50    6.3e+02    1    1.1e-01  -434.77513477  -231.06348560    -0.00028633   0.000201   8.0e-04   1.1e-04 0.04
 
RESULTS OF THE OCCUPATION OPTIMIZATION
========================================
   1    1.9996184  -11.21067048
   2    1.9996183  -11.21053185
   3    1.9996191  -11.21021120
   4    1.9996189  -11.20994840
   5    1.9996223  -11.20783854
   6    1.9996223  -11.20783711
   7    1.9917935  -0.82839956
   8    1.9916911  -0.82500637
   9    1.9917082  -0.82462248
  10    1.9917347  -0.82253139
  11    1.9894315  -0.73770589
  12    1.9883627  -0.70628924
  13    1.9842827  -0.69191668
  14    1.9842841  -0.69185546
  15    1.9843309  -0.68934129
  16    1.9843653  -0.68903699
  17    1.9842981  -0.68833266
  18    1.9843200  -0.68792761
  19    1.9779550  -0.53181747
  20    1.9746385  -0.49747972
  21    1.9563393  -0.39140762
  22    0.0436607  -0.01596703
  23    0.0253615  -0.01319518
  24    0.0220450  -0.01260955
  25    0.0156800  -0.01291940
  26    0.0157019  -0.01293589
  27    0.0156347  -0.01290517
  28    0.0156691  -0.01293042
  29    0.0157159  -0.01298479
  30    0.0157173  -0.01298634
  31    0.0116373  -0.01006494
  32    0.0105685  -0.00972556
  33    0.0082653  -0.00885154
  34    0.0082918  -0.00888426
  35    0.0083089  -0.00889858
  36    0.0082065  -0.00881808
  37    0.0003777  -0.00767078
  38    0.0003777  -0.00767123
  39    0.0003811  -0.00771456
  40    0.0003809  -0.00771239
  41    0.0003817  -0.00772161
  42    0.0003816  -0.00771963
 
----------------
 Final Energies 
----------------
Final NOF Total Energy =    -231.0634856
 
Total Orbital Internal Iterations = 240
Total Occupation Internal Iterations = 39
 
Elapsed time: 3134.66 Seconds

---------------------------------
   Lowdin Population Analysis    
---------------------------------
 Idx  Atom   Population   Charge 
---------------------------------
  1     C     5.937       0.063
  2     H     1.065      -0.065
  3     C     5.936       0.064
  4     H     1.065      -0.065
  5     C     5.935       0.065
  6     H     1.065      -0.065
  7     C     5.936       0.064
  8     H     1.065      -0.065
  9     C     5.932       0.068
 10     H     1.066      -0.066
 11     C     5.932       0.068
 12     H     1.066      -0.066

---------------------------------
   M Diagnostic: 0.04
---------------------------------

