Computing Integrals
Elapsed time:   27.82 Seconds

Number of basis functions                   (NBF)    = 522
Number of auxiliary basis functions         (NBFAUX) = 558
Inactive Doubly occupied orbitals up to     (NO1)    = 0
No. considered Strongly Doubly occupied MOs (NDOC)   = 21
No. considered Strongly Singly occupied MOs (NSOC)   = 0
NO. of Weakly occ. per St. Doubly occ.  MOs (NCWO)   = 1
Dimension of the Nat. Orb. subspace         (NBF5)   = 42
No. of electrons                                     = 42
    No. of alpha electrons                           = 21
    No. of beta electrons                            = 21
Multiplicity                                         = 1

Geometry
========
 C       0.8309100       1.1159200       0.0825900
 H       1.4757500       1.9821000       0.1463400
 C       1.3768600      -0.1652300       0.1441100
 H       2.4450700      -0.2933800       0.2568500
 C       0.5452100      -1.2808300       0.0654600
 H       0.9682900      -2.2751900       0.1151100
 C      -0.8311900      -1.1152000      -0.0792600
 H      -1.4762900      -1.9806100      -0.1468900
 C      -1.3767500       0.1650300      -0.1432200
 H      -2.4433800       0.2928600      -0.2664000
 C      -0.5454700       1.2803100      -0.0611500
 H      -0.9690000       2.2742200      -0.1135200

No violations of the orthonormality
No violations of the orthonormality
 
PNOF5/ADABelief Calculation
==================
 
  Nitext  Nit_orb  Time   Nit_occ  Time         Eelec          Etot           Ediff      maxdiff    MaxGrad_orb  Grad_occ
     1      10    2.0e+02   11    3.1e+01  -425.16865233  -221.45724049 -10424.16865233   0.510546   2.0e+00   9.7e-05 0.02
     2      10    1.8e+02    8    1.3e-01  -432.48958747  -228.77817562    -7.32093513   0.208970   8.4e-01   2.1e-04 0.05
     3      10    1.8e+02    7    1.3e-01  -433.90677692  -230.19536508    -1.41718945   0.185636   7.4e-01   1.5e-04 0.04
     4      10    1.9e+02    6    1.3e-01  -434.46291722  -230.75150537    -0.55614030   0.162046   6.5e-01   1.4e-04 0.03
     5      10    2.0e+02    5    1.3e-01  -434.58324638  -230.87183454    -0.12032916   0.162116   6.5e-01   1.4e-04 0.03
     6      10    1.9e+02    3    1.3e-01  -434.60634873  -230.89493688    -0.02310235   0.170989   6.8e-01   1.4e-04 0.04
     7      10    1.9e+02    2    1.2e-01  -434.61159946  -230.90018761    -0.00525073   0.133073   5.3e-01   1.1e-04 0.04
     8      10    1.9e+02    0    1.3e-01  -434.61222190  -230.90081006    -0.00062245   0.133073   5.3e-01   1.1e-04 0.04
     9      30    5.5e+02    2    1.3e-01  -434.77362513  -231.06221328    -0.16140323   0.002966   1.2e-02   2.6e-05 0.04
    10      30    5.4e+02    1    1.4e-01  -434.77455939  -231.06314754    -0.00093426   0.002414   9.7e-03   1.4e-04 0.04
    11      30    5.5e+02    0    1.4e-01  -434.77461854  -231.06320669    -0.00005915   0.002414   9.7e-03   1.4e-04 0.04
    12      50    8.9e+02    1    1.3e-01  -434.77483557  -231.06342372    -0.00021703   0.000205   8.2e-04   8.2e-05 0.04
 
RESULTS OF THE OCCUPATION OPTIMIZATION
========================================
   1    1.9996182  -11.21119025
   2    1.9996182  -11.21088262
   3    1.9996191  -11.21043968
   4    1.9996188  -11.21025674
   5    1.9996212  -11.20876395
   6    1.9996211  -11.20875601
   7    1.9917007  -0.82442006
   8    1.9917266  -0.82405939
   9    1.9917318  -0.82240993
  10    1.9912050  -0.80321797
  11    1.9894655  -0.73917827
  12    1.9879034  -0.69562126
  13    1.9843055  -0.69111893
  14    1.9842936  -0.69083166
  15    1.9843271  -0.68951065
  16    1.9843071  -0.68873297
  17    1.9843441  -0.68864897
  18    1.9843419  -0.68839522
  19    1.9789417  -0.54209269
  20    1.9741740  -0.49411559
  21    1.9631048  -0.42073757
  22    0.0368952  -0.01500100
  23    0.0258260  -0.01327525
  24    0.0210583  -0.01239260
  25    0.0156581  -0.01291205
  26    0.0156559  -0.01291443
  27    0.0156929  -0.01293487
  28    0.0156729  -0.01293385
  29    0.0157064  -0.01296646
  30    0.0156945  -0.01296445
  31    0.0120966  -0.01020708
  32    0.0105345  -0.00971867
  33    0.0087950  -0.00906764
  34    0.0082682  -0.00885150
  35    0.0082734  -0.00886514
  36    0.0082993  -0.00888522
  37    0.0003789  -0.00768458
  38    0.0003788  -0.00768480
  39    0.0003812  -0.00771462
  40    0.0003809  -0.00771089
  41    0.0003818  -0.00772215
  42    0.0003818  -0.00772206
 
----------------
 Final Energies 
----------------
Final NOF Total Energy =    -231.0634237
 
Total Orbital Internal Iterations = 220
Total Occupation Internal Iterations = 46
 
Elapsed time: 4370.42 Seconds

---------------------------------
   Lowdin Population Analysis    
---------------------------------
 Idx  Atom   Population   Charge 
---------------------------------
  1     C     5.935       0.065
  2     H     1.065      -0.065
  3     C     5.936       0.064
  4     H     1.065      -0.065
  5     C     5.933       0.067
  6     H     1.066      -0.066
  7     C     5.933       0.067
  8     H     1.066      -0.066
  9     C     5.936       0.064
 10     H     1.065      -0.065
 11     C     5.936       0.064
 12     H     1.065      -0.065

---------------------------------
   M Diagnostic: 0.04
---------------------------------

