Computing Integrals
Elapsed time:   17.64 Seconds

Number of basis functions                   (NBF)    = 498
Number of auxiliary basis functions         (NBFAUX) = 470
Inactive Doubly occupied orbitals up to     (NO1)    = 0
No. considered Strongly Doubly occupied MOs (NDOC)   = 20
No. considered Strongly Singly occupied MOs (NSOC)   = 0
NO. of Weakly occ. per St. Doubly occ.  MOs (NCWO)   = 1
Dimension of the Nat. Orb. subspace         (NBF5)   = 40
No. of electrons                                     = 40
    No. of alpha electrons                           = 20
    No. of beta electrons                            = 20
Multiplicity                                         = 1

Geometry
========
 O       0.4488600       2.4506600      -0.1128400
 H       0.5365600       3.1082400       0.5858400
 H       0.9587400       2.7678600      -0.8657200
 O      -2.3467600      -0.8366100      -0.1128400
 H      -2.8764100      -0.5536400      -0.8657200
 H      -2.9600900      -1.0894400       0.5858400
 O       1.8979100      -1.6140500      -0.1128400
 H       2.4235300      -2.0188000       0.5858400
 H       1.9176700      -2.2142200      -0.8657200
 O       0.0000000       0.0000000       0.4980400
 H       0.7206700      -0.6586500       0.2267100
 H       0.2100700       0.9534400       0.2267100
 H      -0.9307400      -0.2948000       0.2267100

No violations of the orthonormality
No violations of the orthonormality
 
PNOF5/ADABelief Calculation
==================
 
  Nitext  Nit_orb  Time   Nit_occ  Time         Eelec          Etot           Ediff      maxdiff    MaxGrad_orb  Grad_occ
     1      10    1.0e+02   12    4.5e+01  -439.61012736  -296.49489017 -10438.61012736   0.518761   2.1e+00   2.8e-04 0.01
     2      10    8.7e+01   13    1.2e-01  -447.27143158  -304.15619439    -7.66130422   0.239920   9.6e-01   1.4e-04 0.01
     3      10    8.4e+01    7    1.2e-01  -447.82127954  -304.70604235    -0.54984796   0.216449   8.7e-01   1.1e-04 0.01
     4      10    9.1e+01    0    1.1e-01  -447.83557804  -304.72034086    -0.01429850   0.216449   8.7e-01   1.1e-04 0.01
     5      30    2.5e+02    4    1.0e-01  -448.04765498  -304.93241779    -0.21207694   0.005780   2.3e-02   1.1e-04 0.02
     6      30    2.3e+02    3    1.2e-01  -448.06074067  -304.94550348    -0.01308569   0.003092   1.2e-02   1.8e-04 0.02
     7      30    2.6e+02    2    1.2e-01  -448.06616949  -304.95093230    -0.00542882   0.004518   1.8e-02   6.1e-05 0.02
     8      30    2.4e+02    2    1.1e-01  -448.06820067  -304.95296348    -0.00203118   0.004881   2.0e-02   3.9e-05 0.02
     9      30    2.5e+02    2    1.2e-01  -448.06874986  -304.95351267    -0.00054920   0.006756   2.7e-02   1.2e-05 0.02
    10      30    2.6e+02    1    1.2e-01  -448.06905755  -304.95382036    -0.00030769   0.005661   2.3e-02   1.5e-04 0.02
    11      30    2.5e+02    0    9.0e-02  -448.06907621  -304.95383902    -0.00001866   0.005661   2.3e-02   1.5e-04 0.02
    12      50    4.2e+02    1    1.2e-01  -448.06945491  -304.95421772    -0.00037870   0.000309   1.2e-03   6.6e-05 0.02
    13      50    4.0e+02    0    1.2e-01  -448.06946167  -304.95422449    -0.00000676   0.000289   1.2e-03   1.6e-04 0.02
    14      60    5.0e+02    0    1.2e-01  -448.06946200  -304.95422481    -0.00000033   0.000276   1.1e-03   1.6e-04 0.02
    15      64    5.2e+02    0    1.1e-01  -448.06946202  -304.95422483    -0.00000002   0.000116   4.6e-04   1.7e-04 0.02
 
RESULTS OF THE OCCUPATION OPTIMIZATION
========================================
   1    1.9998134  -20.78365129
   2    1.9998130  -20.72530695
   3    1.9998130  -20.72499579
   4    1.9998130  -20.72493670
   5    1.9884106  -1.13068637
   6    1.9883583  -1.13033621
   7    1.9883489  -1.13030616
   8    1.9833214  -1.07333779
   9    1.9833198  -1.07317419
  10    1.9833381  -1.07315125
  11    1.9833349  -1.07281224
  12    1.9833260  -1.07274884
  13    1.9833460  -1.07272824
  14    1.9928216  -0.96530336
  15    1.9927784  -0.96526352
  16    1.9926083  -0.96281958
  17    1.9917863  -0.94619590
  18    1.9918700  -0.92394809
  19    1.9917642  -0.92199297
  20    1.9917201  -0.92193719
  21    0.0082799  -0.01052046
  22    0.0082358  -0.01049995
  23    0.0081300  -0.01044206
  24    0.0082137  -0.01061032
  25    0.0073917  -0.00981290
  26    0.0072216  -0.00971134
  27    0.0071784  -0.00968867
  28    0.0166540  -0.01886594
  29    0.0166740  -0.01887713
  30    0.0166651  -0.01887245
  31    0.0166619  -0.01887454
  32    0.0166802  -0.01888485
  33    0.0166786  -0.01888507
  34    0.0116511  -0.01491054
  35    0.0116417  -0.01490310
  36    0.0115894  -0.01486489
  37    0.0001870  -0.00701155
  38    0.0001870  -0.00701165
  39    0.0001870  -0.00701083
  40    0.0001866  -0.00700187
 
----------------
 Final Energies 
----------------
Final NOF Total Energy =    -304.9542248
 
Total Orbital Internal Iterations = 474
Total Occupation Internal Iterations = 47
 
Elapsed time: 4214.61 Seconds

---------------------------------
   Lowdin Population Analysis    
---------------------------------
 Idx  Atom   Population   Charge 
---------------------------------
  1     O     7.171       0.829
  2     H     1.270      -0.270
  3     H     1.275      -0.275
  4     O     7.171       0.829
  5     H     1.275      -0.275
  6     H     1.270      -0.270
  7     O     7.171       0.829
  8     H     1.270      -0.270
  9     H     1.275      -0.275
 10     O     6.874       1.126
 11     H     1.326      -0.326
 12     H     1.326      -0.326
 13     H     1.326      -0.326

---------------------------------
   M Diagnostic: 0.02
---------------------------------

