Computing Integrals
Elapsed time:    8.24 Seconds

Number of basis functions                   (NBF)    = 113
Number of auxiliary basis functions         (NBFAUX) = 237
Inactive Doubly occupied orbitals up to     (NO1)    = 0
No. considered Strongly Doubly occupied MOs (NDOC)   = 14
No. considered Strongly Singly occupied MOs (NSOC)   = 0
NO. of Weakly occ. per St. Doubly occ.  MOs (NCWO)   = 1
Dimension of the Nat. Orb. subspace         (NBF5)   = 28
No. of electrons                                     = 28
    No. of alpha electrons                           = 14
    No. of beta electrons                            = 14
Multiplicity                                         = 1

Geometry
========
 K       0.0000000       0.0000000      -1.0888700
 F       0.0000000       0.0000000       1.0888700

No violations of the orthonormality
No violations of the orthonormality
 
PNOF5/ADABelief Calculation
==================
 
  Nitext  Nit_orb  Time   Nit_occ  Time         Eelec          Etot           Ediff      maxdiff    MaxGrad_orb  Grad_occ
     1      20    5.9e+01    2    6.3e-01  -740.07379051  -698.52194433 -10739.07379051   0.317211   1.3e+00   1.5e-04 0.01
     2      30    5.6e+01    1    2.3e-02  -740.29726979  -698.74542362    -0.22347929   0.065683   2.6e-01   1.4e-04 0.01
     3      30    5.6e+01    1    5.2e-03  -740.33413355  -698.78228737    -0.03686375   0.038834   1.6e-01   1.3e-04 0.01
     4      30    5.6e+01    1    2.5e-02  -740.34642746  -698.79458128    -0.01229391   0.022418   9.0e-02   1.2e-04 0.01
     5      30    5.5e+01    1    7.7e-03  -740.34909688  -698.79725071    -0.00266942   0.016404   6.6e-02   1.1e-04 0.01
     6      30    5.5e+01    1    1.6e-02  -740.34936351  -698.79751733    -0.00026663   0.019580   7.8e-02   9.7e-05 0.01
     7      30    5.4e+01    1    3.8e-02  -740.34931524  -698.79746906     0.00004827   0.019841   7.9e-02   9.6e-05 0.01
     8      40    7.3e+01    0    2.2e-02  -740.35242030  -698.80057413    -0.00310507   0.004912   2.0e-02   1.4e-04 0.01
     9      50    9.1e+01    0    2.5e-02  -740.35252293  -698.80067675    -0.00010262   0.003003   1.2e-02   1.4e-04 0.01
    10      60    1.1e+02    0    3.4e-02  -740.35253586  -698.80068968    -0.00001293   0.002812   1.1e-02   1.5e-04 0.01
    11      70    1.3e+02    0    6.5e-03  -740.35256392  -698.80071774    -0.00002806   0.002468   9.9e-03   1.4e-04 0.01
    12      80    1.5e+02    0    2.9e-02  -740.35256741  -698.80072123    -0.00000349   0.002087   8.3e-03   1.4e-04 0.01
    13      90    1.7e+02    0    3.0e-02  -740.35258098  -698.80073480    -0.00001357   0.001986   7.9e-03   1.4e-04 0.01
    14     100    1.7e+02    0    2.9e-03  -740.35258831  -698.80074214    -0.00000734   0.001696   6.8e-03   1.4e-04 0.01
    15     110    2.0e+02    0    1.2e-02  -740.35259167  -698.80074549    -0.00000336   0.001590   6.4e-03   1.3e-04 0.01
    16     120    2.1e+02    0    2.4e-02  -740.35259811  -698.80075193    -0.00000644   0.001382   5.5e-03   1.4e-04 0.01
    17     130    2.3e+02    0    1.6e-02  -740.35260333  -698.80075716    -0.00000522   0.001132   4.5e-03   1.4e-04 0.01
    18     140    2.5e+02    0    1.5e-02  -740.35260581  -698.80075963    -0.00000248   0.000947   3.8e-03   1.4e-04 0.01
    19     150    2.7e+02    0    1.1e-02  -740.35260482  -698.80075864     0.00000099   0.000897   3.6e-03   1.3e-04 0.01
    20     170    3.1e+02    0    2.4e-02  -740.35262273  -698.80077655    -0.00001791   0.000133   5.3e-04   1.4e-04 0.01
    21     180    3.3e+02    0    2.3e-02  -740.35262187  -698.80077569     0.00000086   0.000212   8.5e-04   1.4e-04 0.01
    22     200    3.6e+02    0    5.2e-02  -740.35262301  -698.80077683    -0.00000114   0.000035   1.4e-04   1.4e-04 0.01
    23     210    3.8e+02    0    4.2e-02  -740.35262297  -698.80077679     0.00000004   0.000050   2.0e-04   1.4e-04 0.01
    24     202    3.5e+02    0    6.9e-03  -740.35262303  -698.80077685    -0.00000006   0.000012   5.0e-05   1.4e-04 0.01
 
RESULTS OF THE OCCUPATION OPTIMIZATION
========================================
   1    1.9999614  -118.40445390
   2    1.9998597  -26.04070715
   3    1.9999993  -18.71486025
   4    1.9999997  -16.66078594
   5    1.9999996  -16.39598497
   6    1.9999997  -12.10980085
   7    1.9968245  -1.29467275
   8    1.9966445  -1.27759828
   9    1.9943858  -1.02470173
  10    1.9942226  -1.01870903
  11    1.9918266  -0.67923131
  12    1.9902607  -0.67348540
  13    1.9902172  -0.67290992
  14    1.9901861  -0.67250414
  15    0.0098139  -0.01153029
  16    0.0097828  -0.01152733
  17    0.0097393  -0.01151320
  18    0.0081734  -0.01036973
  19    0.0057774  -0.00667567
  20    0.0056142  -0.00657829
  21    0.0033555  -0.00498684
  22    0.0031755  -0.00483792
  23    0.0000003  -0.00001755
  24    0.0000004  -0.00003470
  25    0.0000003  -0.00003203
  26    0.0000007  -0.00005626
  27    0.0001403  -0.00665976
  28    0.0000386  -0.00837918
 
----------------
 Final Energies 
----------------
Final NOF Total Energy =    -698.8007768
 
Total Orbital Internal Iterations = 2302
Total Occupation Internal Iterations = 8
 
Elapsed time: 4271.02 Seconds

---------------------------------
   Lowdin Population Analysis    
---------------------------------
 Idx  Atom   Population   Charge 
---------------------------------
  1     K    18.426       0.574
  2     F     9.574      -0.574

---------------------------------
   M Diagnostic: 0.01
---------------------------------

