Computing Integrals
NVIDIA GeForce RTX 3090
Elapsed time:  142.15 Seconds

Number of basis functions                   (NBF)    = 1449
Number of auxiliary basis functions         (NBFAUX) = 1573
Inactive Doubly occupied orbitals up to     (NO1)    = 0
No. considered Strongly Doubly occupied MOs (NDOC)   = 63
No. considered Strongly Singly occupied MOs (NSOC)   = 0
NO. of Weakly occ. per St. Doubly occ.  MOs (NCWO)   = 1
Dimension of the Nat. Orb. subspace         (NBF5)   = 126
No. of electrons                                     = 126
    No. of alpha electrons                           = 63
    No. of beta electrons                            = 63
Multiplicity                                         = 1

Geometry
========
 N       2.7682100      -0.1475900       0.1301700
 C       1.3621800       0.0128800      -0.1217700
 C       1.0714100       1.5054800      -0.1380000
 O       1.7818900       2.2978600       0.4769100
 C       0.5150600      -0.6832500       0.9675600
 C      -0.9480900      -0.6298700       0.6489700
 C      -1.4706200      -1.4183000      -0.3807900
 C      -1.8079700       0.2614200       1.2982000
 C      -2.8080200      -1.3141300      -0.7571700
 C      -3.1460700       0.3708600       0.9354700
 C      -3.6492700      -0.4163200      -0.0997600
 O      -4.9688900      -0.2667700      -0.4192400
 H       3.2455700       0.6519900       0.5172700
 H       1.1210400      -0.4427900      -1.0834900
 H       0.8645500      -1.7145400       1.0170700
 H       0.7238900      -0.1991700       1.9229000
 H      -0.8248500      -2.1243500      -0.8898700
 H      -1.4220300       0.8818200       2.0980100
 H      -3.1989300      -1.9362600      -1.5538200
 H      -3.8113400       1.0550900       1.4434000
 H      -5.1800800      -0.8863100      -1.1254900
 N      -0.0185900       1.8665700      -0.8517700
 H      -0.6167000       1.1246300      -1.1786200
 C      -0.5608300       3.2072800      -0.7712700
 H       0.2584500       3.8893000      -0.5689500
 H      -1.0280000       3.4707100      -1.7160400
 H      -1.2968100       3.2933700       0.0290100
 C       3.3994200      -1.3141100      -0.1523200
 O       2.8059600      -2.2773700      -0.6296700
 C       4.8755800      -1.3480400       0.1584600
 H       5.0586100      -2.1386400       0.8824000
 H       5.2520400      -0.4065800       0.5501500
 H       5.4140600      -1.6026400      -0.7510900

No violations of the orthonormality
No violations of the orthonormality
 
PNOF5/ADABelief Calculation
==================
 
  Nitext  Nit_orb  Time   Nit_occ  Time         Eelec          Etot           Ediff      maxdiff    MaxGrad_orb  Grad_occ
     1      10    4.9e+01    9    3.7e+01 -2016.38567769  -797.76108804 -12015.38567769   0.007983   3.2e-02   3.0e-04 0.03
     2      20    8.1e+00    0    7.0e-02 -2017.08593644  -798.46134679    -0.70025874   0.007983   3.2e-02   3.0e-04 0.03
     3      40    1.6e+01    0    9.2e-02 -2017.08593644  -798.46134679     0.00000000   0.007983   3.2e-02   3.0e-04 0.03
     4      60    2.5e+01    2    1.1e-01 -2017.08651040  -798.46192075    -0.00057396   0.001233   4.9e-03   3.6e-05 0.03
     5      60    2.4e+01    1    1.1e-01 -2017.08665523  -798.46206557    -0.00014483   0.001095   4.4e-03   1.6e-04 0.03
     6      60    2.7e+01    1    1.1e-01 -2017.08679263  -798.46220297    -0.00013740   0.001098   4.4e-03   1.4e-04 0.03
     7      60    2.3e+01    1    7.8e-02 -2017.08690869  -798.46231904    -0.00011606   0.002644   1.1e-02   9.5e-05 0.03
     8      60    2.3e+01    1    7.8e-02 -2017.08689967  -798.46231001     0.00000902   0.003899   1.6e-02   9.7e-05 0.02
     9      60    2.3e+01    0    6.9e-02 -2017.08687037  -798.46228072     0.00002929   0.003899   1.6e-02   9.7e-05 0.02
    10      80    3.1e+01    1    7.6e-02 -2017.08693961  -798.46234995    -0.00006923   0.000823   3.3e-03   8.4e-05 0.02
 
RESULTS OF THE OCCUPATION OPTIMIZATION
========================================
   1    1.9998125  -20.56914711
   2    1.9998137  -20.50530052
   3    1.9998137  -20.49332619
   4    1.9997381  -15.56511116
   5    1.9997372  -15.55683517
   6    1.9996129  -11.33741093
   7    1.9996121  -11.33041763
   8    1.9996145  -11.28764820
   9    1.9996218  -11.26370049
  10    1.9996231  -11.24150085
  11    1.9996176  -11.22671032
  12    1.9996183  -11.22422028
  13    1.9996169  -11.22280693
  14    1.9996168  -11.22206020
  15    1.9996182  -11.21987820
  16    1.9996247  -11.21732044
  17    1.9996246  -11.21571922
  18    1.9851812  -0.95875996
  19    1.9906576  -0.94502276
  20    1.9877012  -0.94167447
  21    1.9907312  -0.92986155
  22    1.9823250  -0.91327965
  23    1.9862742  -0.90893221
  24    1.9867101  -0.86708343
  25    1.9916778  -0.85233843
  26    1.9860951  -0.85063571
  27    1.9851042  -0.84327805
  28    1.9861088  -0.84076691
  29    1.9918584  -0.83874589
  30    1.9916816  -0.83175069
  31    1.9868841  -0.79064238
  32    1.9873138  -0.77706075
  33    1.9920661  -0.76955026
  34    1.9920694  -0.76886505
  35    1.9876807  -0.75309616
  36    1.9922214  -0.74145305
  37    1.9796343  -0.73727179
  38    1.9888829  -0.73569125
  39    1.9921831  -0.73558795
  40    1.9920422  -0.72995937
  41    1.9855032  -0.72456706
  42    1.9919435  -0.72056711
  43    1.9845455  -0.70899349
  44    1.9840745  -0.70156819
  45    1.9843663  -0.70109820
  46    1.9844390  -0.70077229
  47    1.9846658  -0.70073038
  48    1.9837063  -0.68874562
  49    1.9840463  -0.68782693
  50    1.9842147  -0.68342000
  51    1.9836674  -0.68170834
  52    1.9840719  -0.68169969
  53    1.9840633  -0.68084800
  54    1.9837496  -0.67862242
  55    1.9841757  -0.67605370
  56    1.9761585  -0.67452532
  57    1.9852886  -0.65603119
  58    1.9850335  -0.65436912
  59    1.9845939  -0.64709890
  60    1.9828451  -0.61282581
  61    1.9894798  -0.59883046
  62    1.9902923  -0.59178728
  63    1.9759164  -0.52704448
  64    0.0240836  -0.01330901
  65    0.0097077  -0.00831087
  66    0.0105202  -0.00905388
  67    0.0171549  -0.01175042
  68    0.0154061  -0.01133676
  69    0.0149665  -0.01119965
  70    0.0147114  -0.01115837
  71    0.0238415  -0.01855269
  72    0.0158243  -0.01289175
  73    0.0162504  -0.01314348
  74    0.0159367  -0.01288851
  75    0.0159281  -0.01288593
  76    0.0163326  -0.01326116
  77    0.0157853  -0.01299800
  78    0.0159537  -0.01301014
  79    0.0162937  -0.01330479
  80    0.0153342  -0.01280040
  81    0.0155610  -0.01295638
  82    0.0156337  -0.01300452
  83    0.0159255  -0.01327394
  84    0.0154545  -0.01289516
  85    0.0080565  -0.00942568
  86    0.0144968  -0.01242418
  87    0.0079578  -0.00939391
  88    0.0078169  -0.00930258
  89    0.0111171  -0.00999165
  90    0.0203657  -0.01747357
  91    0.0077786  -0.00929188
  92    0.0123193  -0.01131370
  93    0.0079306  -0.00955492
  94    0.0079339  -0.00955910
  95    0.0126862  -0.01183202
  96    0.0131159  -0.01231406
  97    0.0083184  -0.00892843
  98    0.0081416  -0.00879687
  99    0.0138912  -0.01384105
 100    0.0148958  -0.01459357
 101    0.0139049  -0.01378098
 102    0.0083222  -0.00908295
 103    0.0132899  -0.01349332
 104    0.0137258  -0.01498247
 105    0.0176750  -0.01832846
 106    0.0092688  -0.01070364
 107    0.0122988  -0.01419833
 108    0.0093424  -0.01091815
 109    0.0148188  -0.01642765
 110    0.0003754  -0.00762062
 111    0.0003753  -0.00762378
 112    0.0003818  -0.00772864
 113    0.0003832  -0.00774158
 114    0.0003831  -0.00774293
 115    0.0003817  -0.00772643
 116    0.0003824  -0.00773286
 117    0.0003769  -0.00764603
 118    0.0003782  -0.00767682
 119    0.0003855  -0.00779161
 120    0.0003879  -0.00783511
 121    0.0003871  -0.00782379
 122    0.0002628  -0.00739276
 123    0.0002619  -0.00737409
 124    0.0001863  -0.00697416
 125    0.0001863  -0.00697560
 126    0.0001875  -0.00701294
 
----------------
 Final Energies 
----------------
Final NOF Total Energy =    -798.4623500
 
Total Orbital Internal Iterations = 510
Total Occupation Internal Iterations = 16
 
Elapsed time:  328.11 Seconds

---------------------------------
   Lowdin Population Analysis    
---------------------------------
 Idx  Atom   Population   Charge 
---------------------------------
  1     N     6.466       0.534
  2     C     6.120      -0.120
  3     C     6.553      -0.553
  4     O     7.772       0.228
  5     C     5.875       0.125
  6     C     6.107      -0.107
  7     C     5.917       0.083
  8     C     5.914       0.086
  9     C     5.946       0.054
 10     C     5.920       0.080
 11     C     6.320      -0.320
 12     O     7.367       0.633
 13     H     1.159      -0.159
 14     H     1.030      -0.030
 15     H     1.030      -0.030
 16     H     1.033      -0.033
 17     H     1.048      -0.048
 18     H     1.051      -0.051
 19     H     1.068      -0.068
 20     H     1.059      -0.059
 21     H     1.304      -0.304
 22     N     6.486       0.514
 23     H     1.154      -0.154
 24     C     5.833       0.167
 25     H     1.057      -0.057
 26     H     1.067      -0.067
 27     H     1.068      -0.068
 28     C     6.578      -0.578
 29     O     7.783       0.217
 30     C     5.753       0.247
 31     H     1.051      -0.051
 32     H     1.059      -0.059
 33     H     1.051      -0.051

---------------------------------
   M Diagnostic: 0.02
---------------------------------

