Computing Integrals
Elapsed time:    5.01 Seconds

Number of basis functions                   (NBF)    = 117
Number of auxiliary basis functions         (NBFAUX) = 113
Inactive Doubly occupied orbitals up to     (NO1)    = 0
No. considered Strongly Doubly occupied MOs (NDOC)   = 5
No. considered Strongly Singly occupied MOs (NSOC)   = 1
NO. of Weakly occ. per St. Doubly occ.  MOs (NCWO)   = 1
Dimension of the Nat. Orb. subspace         (NBF5)   = 11
No. of electrons                                     = 11
    No. of alpha electrons                           = 6
    No. of beta electrons                            = 5
Multiplicity                                         = 2

Geometry
========
 H       0.0000000       0.0000000       1.1372200
 F       0.0000000       0.0000000       0.0000000
 H       0.0000000       0.0000000      -1.1372200

No violations of the orthonormality
No violations of the orthonormality
 
PNOF5/ADABelief Calculation
==================
 
  Nitext  Nit_orb  Time   Nit_occ  Time         Eelec          Etot           Ediff      maxdiff    MaxGrad_orb  Grad_occ
     1      20    7.1e+01    1    4.0e-01  -109.12024182  -100.51174186 -10108.12024182   0.077295   3.1e-01   1.5e-04 0.02
     2      30    8.4e+01    1    4.0e-03  -109.13790370  -100.52940374    -0.01766188   0.022362   8.9e-02   3.5e-05 0.02
     3      30    8.5e+01    1    1.3e-02  -109.13844429  -100.52994433    -0.00054059   0.020183   8.1e-02   3.2e-05 0.02
     4      30    8.7e+01    0    1.6e-03  -109.13822338  -100.52972342     0.00022091   0.019410   7.8e-02   6.5e-05 0.02
     5      50    1.4e+02    0    3.9e-03  -109.13886462  -100.53036466    -0.00064124   0.001402   5.6e-03   1.1e-04 0.02
     6      60    1.7e+02    0    5.9e-03  -109.13885900  -100.53035904     0.00000562   0.002519   1.0e-02   1.1e-04 0.02
     7      80    2.2e+02    0    3.2e-03  -109.13886666  -100.53036670    -0.00000767   0.000330   1.3e-03   1.0e-04 0.02
     8      90    2.4e+02    0    5.5e-03  -109.13886632  -100.53036636     0.00000035   0.000461   1.8e-03   1.2e-04 0.02
     9     110    3.2e+02    0    3.8e-03  -109.13886687  -100.53036691    -0.00000055   0.000064   2.6e-04   1.1e-04 0.02
    10     120    3.3e+02    0    3.0e-03  -109.13886686  -100.53036690     0.00000001   0.000054   2.2e-04   1.1e-04 0.02
    11     113    3.2e+02    0    3.6e-03  -109.13886688  -100.53036692    -0.00000002   0.000012   4.9e-05   1.1e-04 0.02
 
RESULTS OF THE OCCUPATION OPTIMIZATION
========================================
   1    1.9998645  -26.30430501
   2    1.9948889  -1.03437257
   3    1.9948450  -1.03273715
   4    1.9948446  -1.03272110
   5    1.9800540  -0.87506976
   6    1.0000000  -0.13969843
   7    0.0199460  -0.01899462
   8    0.0051554  -0.00862808
   9    0.0051550  -0.00862782
  10    0.0051111  -0.00859900
  11    0.0001355  -0.00653376
 
----------------
 Final Energies 
----------------
Final NOF Total Energy =    -100.5303669
 
Total Orbital Internal Iterations = 733
Total Occupation Internal Iterations = 3
 
Elapsed time: 2133.89 Seconds

---------------------------------
   Lowdin Population Analysis    
---------------------------------
 Idx  Atom   Population   Charge 
---------------------------------
  1     H     1.250      -0.250
  2     F     8.376       0.624
  3     H     1.374      -0.374

---------------------------------
   M Diagnostic: 0.02
---------------------------------

