Computing Integrals
Elapsed time:    4.96 Seconds

Number of basis functions                   (NBF)    = 147
Number of auxiliary basis functions         (NBFAUX) = 129
Inactive Doubly occupied orbitals up to     (NO1)    = 0
No. considered Strongly Doubly occupied MOs (NDOC)   = 4
No. considered Strongly Singly occupied MOs (NSOC)   = 1
NO. of Weakly occ. per St. Doubly occ.  MOs (NCWO)   = 1
Dimension of the Nat. Orb. subspace         (NBF5)   = 9
No. of electrons                                     = 9
    No. of alpha electrons                           = 5
    No. of beta electrons                            = 4
Multiplicity                                         = 2

Geometry
========
 C       0.0000000       0.0000000       0.0000000
 H       0.5386600       0.9329800       0.0000000
 H       0.5386600      -0.9329800       0.0000000
 H      -1.0773200       0.0000000       0.0000000

No violations of the orthonormality
No violations of the orthonormality
 
PNOF5/ADABelief Calculation
==================
 
  Nitext  Nit_orb  Time   Nit_occ  Time         Eelec          Etot           Ediff      maxdiff    MaxGrad_orb  Grad_occ
     1      20    8.4e+01    1    3.6e-01   -49.32032396   -39.62797024 -10048.32032396   0.037760   1.5e-01   1.9e-05 0.02
     2      30    1.1e+02    0    3.6e-03   -49.32423420   -39.63188048    -0.00391024   0.002404   9.6e-03   1.7e-04 0.02
     3      40    1.4e+02    0    2.6e-03   -49.32423543   -39.63188171    -0.00000123   0.001841   7.4e-03   1.4e-04 0.02
     4      50    1.5e+02    0    3.8e-03   -49.32424164   -39.63188792    -0.00000621   0.000651   2.6e-03   1.6e-04 0.02
     5      60    1.9e+02    0    4.0e-03   -49.32424260   -39.63188888    -0.00000096   0.000252   1.0e-03   1.5e-04 0.02
     6      70    2.6e+02    0    4.5e-02   -49.32424277   -39.63188905    -0.00000017   0.000106   4.2e-04   1.5e-04 0.02
     7      80    2.8e+02    0    3.5e-03   -49.32424280   -39.63188909    -0.00000003   0.000044   1.8e-04   1.5e-04 0.02
     8      90    3.3e+02    0    4.8e-02   -49.32424281   -39.63188909    -0.00000000   0.000024   9.7e-05   1.5e-04 0.02
 
RESULTS OF THE OCCUPATION OPTIMIZATION
========================================
   1    1.9996203  -11.21281041
   2    1.9851035  -0.69606697
   3    1.9850447  -0.69596301
   4    1.9847573  -0.69547501
   5    1.0000000  -0.18577342
   6    0.0152427  -0.01260047
   7    0.0149553  -0.01249693
   8    0.0148965  -0.01247554
   9    0.0003797  -0.00767627
 
----------------
 Final Energies 
----------------
Final NOF Total Energy =     -39.6318891
 
Total Orbital Internal Iterations = 440
Total Occupation Internal Iterations = 1
 
Elapsed time: 1599.77 Seconds

---------------------------------
   Lowdin Population Analysis    
---------------------------------
 Idx  Atom   Population   Charge 
---------------------------------
  1     C     5.577       0.423
  2     H     1.141      -0.141
  3     H     1.141      -0.141
  4     H     1.141      -0.141

---------------------------------
   M Diagnostic: 0.02
---------------------------------

