Computing Integrals
Elapsed time:    9.53 Seconds

Number of basis functions                   (NBF)    = 277
Number of auxiliary basis functions         (NBFAUX) = 295
Inactive Doubly occupied orbitals up to     (NO1)    = 0
No. considered Strongly Doubly occupied MOs (NDOC)   = 13
No. considered Strongly Singly occupied MOs (NSOC)   = 0
NO. of Weakly occ. per St. Doubly occ.  MOs (NCWO)   = 1
Dimension of the Nat. Orb. subspace         (NBF5)   = 26
No. of electrons                                     = 26
    No. of alpha electrons                           = 13
    No. of beta electrons                            = 13
Multiplicity                                         = 1

Geometry
========
 N      -2.0218200       0.0384300      -0.1370900
 H      -1.0569200       0.3421300      -0.1534700
 H      -2.5889700       0.8736900      -0.1772100
 H      -2.1799400      -0.3748500       0.7710600
Si       1.9938600       0.0138500      -0.0502100
 H       2.8743300      -0.3713400      -1.2095800
 H       2.9794500      -0.5219000       0.9565000

No violations of the orthonormality
No violations of the orthonormality
 
PNOF5/ADABelief Calculation
==================
 
  Nitext  Nit_orb  Time   Nit_occ  Time         Eelec          Etot           Ediff      maxdiff    MaxGrad_orb  Grad_occ
     1      20    1.2e+02    2    5.1e-01  -389.17716684  -346.38797862 -10388.17716684   0.062329   2.5e-01   5.6e-05 0.09
     2      30    1.5e+02    2    1.3e-02  -389.20810108  -346.41891287    -0.03093425   0.002647   1.1e-02   4.7e-05 0.09
     3      30    1.5e+02    1    2.1e-02  -389.20812690  -346.41893868    -0.00002581   0.004707   1.9e-02   8.9e-05 0.08
     4      40    2.0e+02    0    2.5e-02  -389.20824630  -346.41905808    -0.00011940   0.000774   3.1e-03   1.7e-04 0.08
     5      50    2.5e+02    0    1.7e-02  -389.20824792  -346.41905970    -0.00000162   0.000350   1.4e-03   1.5e-04 0.08
     6      60    3.0e+02    0    1.8e-02  -389.20824860  -346.41906038    -0.00000068   0.000164   6.6e-04   1.6e-04 0.08
     7      70    3.4e+02    0    2.4e-02  -389.20824844  -346.41906023     0.00000016   0.006438   2.6e-02   1.5e-04 0.08
     8      90    4.4e+02    0    2.2e-02  -389.20824940  -346.41906118    -0.00000096   0.000012   5.0e-05   1.6e-04 0.08
 
RESULTS OF THE OCCUPATION OPTIMIZATION
========================================
   1    1.9999609  -68.39814498
   2    1.9997393  -15.51634658
   3    1.9993044  -4.84055322
   4    1.9993026  -4.84044141
   5    1.9992847  -4.81223614
   6    1.9992823  -4.81125195
   7    1.9833770  -0.77412646
   8    1.9838927  -0.77401829
   9    1.9833029  -0.77343401
  10    1.9830155  -0.54690119
  11    1.9830469  -0.54682752
  12    1.9877585  -0.54253387
  13    1.9153922  -0.41181008
  14    0.0846078  -0.02835702
  15    0.0122415  -0.01023358
  16    0.0169531  -0.01103767
  17    0.0169845  -0.01105369
  18    0.0166971  -0.01518024
  19    0.0161073  -0.01480906
  20    0.0166230  -0.01515340
  21    0.0007177  -0.00524814
  22    0.0007153  -0.00523964
  23    0.0006974  -0.00513706
  24    0.0006956  -0.00512681
  25    0.0002607  -0.00733467
  26    0.0000391  -0.00560668
 
----------------
 Final Energies 
----------------
Final NOF Total Energy =    -346.4190612
 
Total Orbital Internal Iterations = 390
Total Occupation Internal Iterations = 5
 
Elapsed time: 2070.40 Seconds

---------------------------------
   Lowdin Population Analysis    
---------------------------------
 Idx  Atom   Population   Charge 
---------------------------------
  1     N     6.423       0.577
  2     H     1.215      -0.215
  3     H     1.195      -0.195
  4     H     1.196      -0.196
  5    Si    13.612       0.388
  6     H     1.178      -0.178
  7     H     1.179      -0.179

---------------------------------
   M Diagnostic: 0.08
---------------------------------

