Computing Integrals
Elapsed time:    3.41 Seconds

Number of basis functions                   (NBF)    = 144
Number of auxiliary basis functions         (NBFAUX) = 170
Inactive Doubly occupied orbitals up to     (NO1)    = 0
No. considered Strongly Doubly occupied MOs (NDOC)   = 7
No. considered Strongly Singly occupied MOs (NSOC)   = 0
NO. of Weakly occ. per St. Doubly occ.  MOs (NCWO)   = 1
Dimension of the Nat. Orb. subspace         (NBF5)   = 14
No. of electrons                                     = 14
    No. of alpha electrons                           = 7
    No. of beta electrons                            = 7
Multiplicity                                         = 1

Geometry
========
 C      -1.9804000       0.1219500       0.0000000
 H      -3.0555500       0.1219500       0.0000000
 N      -0.8224100       0.1219500       0.0000000

No violations of the orthonormality
No violations of the orthonormality
 
PNOF5/ADABelief Calculation
==================
 
  Nitext  Nit_orb  Time   Nit_occ  Time         Eelec          Etot           Ediff      maxdiff    MaxGrad_orb  Grad_occ
     1      20    7.0e+01    1    4.0e-01  -116.81548338   -93.01051673 -10115.81548338   0.046865   1.9e-01   3.5e-05 0.06
     2      30    7.4e+01    1    4.1e-03  -116.83000864   -93.02504199    -0.01452526   0.006351   2.5e-02   8.1e-05 0.06
     3      30    7.9e+01    0    1.5e-02  -116.83049844   -93.02553179    -0.00048980   0.006202   2.5e-02   1.0e-04 0.06
     4      40    1.1e+02    0    3.2e-03  -116.83054571   -93.02557906    -0.00004727   0.003195   1.3e-02   1.2e-04 0.06
     5      50    1.3e+02    0    3.0e-02  -116.83061239   -93.02564574    -0.00006668   0.002473   9.9e-03   1.1e-04 0.06
     6      60    1.5e+02    0    2.7e-03  -116.83062198   -93.02565533    -0.00000959   0.002354   9.4e-03   1.1e-04 0.06
     7      70    1.7e+02    0    2.5e-02  -116.83064878   -93.02568213    -0.00002680   0.001900   7.6e-03   1.1e-04 0.06
     8      80    2.0e+02    0    8.2e-03  -116.83065460   -93.02568795    -0.00000583   0.001576   6.3e-03   1.1e-04 0.06
     9      90    2.3e+02    0    3.1e-02  -116.83066150   -93.02569485    -0.00000690   0.001265   5.1e-03   1.1e-04 0.06
    10     100    2.5e+02    0    4.8e-03  -116.83066216   -93.02569551    -0.00000066   0.000973   3.9e-03   1.1e-04 0.06
    11     110    2.8e+02    0    3.5e-03  -116.83066567   -93.02569902    -0.00000351   0.000718   2.9e-03   1.1e-04 0.06
    12     120    3.3e+02    0    2.8e-03  -116.83065973   -93.02569308     0.00000594   0.001137   4.5e-03   1.1e-04 0.06
    13     140    3.4e+02    0    2.2e-03  -116.83066892   -93.02570227    -0.00000920   0.000236   9.4e-04   1.1e-04 0.06
    14     150    3.7e+02    0    4.8e-03  -116.83066885   -93.02570220     0.00000007   0.000255   1.0e-03   1.1e-04 0.06
    15     170    4.6e+02    0    4.1e-03  -116.83066955   -93.02570290    -0.00000070   0.000046   1.8e-04   1.1e-04 0.06
    16     180    4.4e+02    0    4.7e-03  -116.83066956   -93.02570291    -0.00000001   0.000046   1.8e-04   1.1e-04 0.06
    17     190    5.1e+02    0    3.9e-03  -116.83066957   -93.02570292    -0.00000001   0.000038   1.5e-04   1.1e-04 0.06
    18     200    5.2e+02    0    1.9e-02  -116.83066958   -93.02570293    -0.00000001   0.000024   9.5e-05   1.1e-04 0.06
 
RESULTS OF THE OCCUPATION OPTIMIZATION
========================================
   1    1.9997445  -15.53987123
   2    1.9995952  -11.25491685
   3    1.9961013  -1.21730107
   4    1.9858596  -0.81073350
   5    1.9918964  -0.66972580
   6    1.9362638  -0.50530939
   7    1.9361149  -0.50530212
   8    0.0638851  -0.02956587
   9    0.0637362  -0.02952825
  10    0.0081036  -0.00809688
  11    0.0141404  -0.01276797
  12    0.0038987  -0.00634923
  13    0.0004048  -0.00808870
  14    0.0002555  -0.00729379
 
----------------
 Final Energies 
----------------
Final NOF Total Energy =     -93.0257029
 
Total Orbital Internal Iterations = 1830
Total Occupation Internal Iterations = 2
 
Elapsed time: 4775.28 Seconds

---------------------------------
   Lowdin Population Analysis    
---------------------------------
 Idx  Atom   Population   Charge 
---------------------------------
  1     C     5.961       0.039
  2     H     1.146      -0.146
  3     N     6.893       0.107

---------------------------------
   M Diagnostic: 0.06
---------------------------------

