Computing Integrals
NVIDIA GeForce RTX 4060
Elapsed time:    8.95 Seconds

Number of basis functions                   (NBF)    = 756
Number of auxiliary basis functions         (NBFAUX) = 784
Inactive Doubly occupied orbitals up to     (NO1)    = 0
No. considered Strongly Doubly occupied MOs (NDOC)   = 31
No. considered Strongly Singly occupied MOs (NSOC)   = 0
NO. of Weakly occ. per St. Doubly occ.  MOs (NCWO)   = 1
Dimension of the Nat. Orb. subspace         (NBF5)   = 62
No. of electrons                                     = 62
    No. of alpha electrons                           = 31
    No. of beta electrons                            = 31
Multiplicity                                         = 1

Geometry
========
 C      -3.1815300      -1.0212000       0.1144600
 C      -1.6431100      -1.0386300       0.1299700
 C      -0.9979800       0.3350900       0.3420600
 C      -3.1826700       1.2967700       0.9892800
 C      -3.7116100      -0.1063200       1.2164200
 H      -1.2675800      -1.3678700      -0.8506500
 H      -3.5416400      -0.6525500      -0.8601100
 H      -3.5650300      -2.0472100       0.2247400
 H      -3.4173100       1.9704900       1.8240800
 H      -3.6124500       1.7285600       0.0696000
 H      -3.4039200      -0.4694800       2.2095400
 H      -4.8118000      -0.0723600       1.2136900
 O      -1.7361700       1.3628000       0.8587100
 O       0.1773800       0.5321400       0.1195400
 C      -1.0744000      -2.0086100       1.1862900
 H      -1.4076600      -3.0334800       0.9693600
 H       0.0222300      -1.9876200       1.1758000
 H      -1.4108700      -1.7489400       2.2003400

No violations of the orthonormality
No violations of the orthonormality
 
PNOF5/ADABelief Calculation
==================
 
  Nitext  Nit_orb  Time   Nit_occ  Time         Eelec          Etot           Ediff      maxdiff    MaxGrad_orb  Grad_occ
     1      10    2.5e+01    2    1.8e+01  -780.40352871  -383.36873266 -10779.40352871   0.004230   1.7e-02   1.8e-04 0.05
     2      20    2.4e+00    2    1.7e-02  -780.40709619  -383.37230013    -0.00356747   0.060760   2.4e-01   6.0e-05 0.05
     3      20    2.4e+00    0    1.6e-02  -780.40737691  -383.37258086    -0.00028073   0.060760   2.4e-01   6.0e-05 0.05
     4      40    4.2e+00    1    2.0e-02  -780.41139957  -383.37660352    -0.00402266   0.002043   8.2e-03   1.4e-04 0.05
     5      40    5.2e+00    0    1.6e-02  -780.41144211  -383.37664605    -0.00004253   0.002043   8.2e-03   1.4e-04 0.05
     6      47    5.3e+00    0    1.6e-02  -780.41145582  -383.37665977    -0.00001372   0.000942   3.8e-03   1.5e-04 0.05
 
RESULTS OF THE OCCUPATION OPTIMIZATION
========================================
   1    1.9998124  -20.55563736
   2    1.9998158  -20.51396370
   3    1.9996158  -11.34841824
   4    1.9996196  -11.28006744
   5    1.9996214  -11.23680305
   6    1.9996223  -11.22627926
   7    1.9996227  -11.22609711
   8    1.9996222  -11.21389866
   9    1.9916280  -1.11877096
  10    1.9864259  -0.97201341
  11    1.9809301  -0.87462384
  12    1.9870167  -0.78786963
  13    1.9930170  -0.77140838
  14    1.9929197  -0.77080423
  15    1.9866717  -0.75279891
  16    1.9923316  -0.75113583
  17    1.9925153  -0.74982738
  18    1.9861823  -0.72838616
  19    1.9857600  -0.72816545
  20    1.9856638  -0.71795279
  21    1.9829234  -0.69848704
  22    1.9829116  -0.69656634
  23    1.9832961  -0.68392390
  24    1.9832248  -0.68293673
  25    1.9832648  -0.68190914
  26    1.9831664  -0.68026549
  27    1.9830480  -0.67920232
  28    1.9832787  -0.67077333
  29    1.9832579  -0.66969734
  30    1.9835441  -0.66656482
  31    1.9463062  -0.53005344
  32    0.0536938  -0.02865101
  33    0.0164559  -0.01313660
  34    0.0167421  -0.01328829
  35    0.0167213  -0.01328847
  36    0.0169520  -0.01352649
  37    0.0168336  -0.01347137
  38    0.0167352  -0.01342461
  39    0.0167752  -0.01349488
  40    0.0167039  -0.01339425
  41    0.0170884  -0.01393462
  42    0.0170766  -0.01396718
  43    0.0143362  -0.01223657
  44    0.0142400  -0.01235445
  45    0.0138177  -0.01206641
  46    0.0074847  -0.00908450
  47    0.0076684  -0.00924329
  48    0.0133283  -0.01204392
  49    0.0070803  -0.00867221
  50    0.0069830  -0.00867933
  51    0.0129833  -0.01210588
  52    0.0190699  -0.01875748
  53    0.0135741  -0.01550928
  54    0.0083720  -0.01185117
  55    0.0003778  -0.00764031
  56    0.0003773  -0.00764001
  57    0.0003777  -0.00764440
  58    0.0003786  -0.00766187
  59    0.0003804  -0.00769194
  60    0.0003842  -0.00778202
  61    0.0001842  -0.00693351
  62    0.0001876  -0.00702483
 
----------------
 Final Energies 
----------------
Final NOF Total Energy =    -383.3766598
 
Total Orbital Internal Iterations = 177
Total Occupation Internal Iterations = 5
 
Elapsed time:   77.73 Seconds

---------------------------------
   Lowdin Population Analysis    
---------------------------------
 Idx  Atom   Population   Charge 
---------------------------------
  1     C     5.895       0.105
  2     C     6.057      -0.057
  3     C     6.634      -0.634
  4     C     6.050      -0.050
  5     C     5.914       0.086
  6     H     1.028      -0.028
  7     H     1.036      -0.036
  8     H     1.038      -0.038
  9     H     1.049      -0.049
 10     H     1.048      -0.048
 11     H     1.040      -0.040
 12     H     1.038      -0.038
 13     O     7.536       0.464
 14     O     7.718       0.282
 15     C     5.765       0.235
 16     H     1.053      -0.053
 17     H     1.047      -0.047
 18     H     1.053      -0.053

---------------------------------
   M Diagnostic: 0.05
---------------------------------

