Computing Integrals
Elapsed time:    5.94 Seconds

Number of basis functions                   (NBF)    = 127
Number of auxiliary basis functions         (NBFAUX) = 205
Inactive Doubly occupied orbitals up to     (NO1)    = 0
No. considered Strongly Doubly occupied MOs (NDOC)   = 12
No. considered Strongly Singly occupied MOs (NSOC)   = 1
NO. of Weakly occ. per St. Doubly occ.  MOs (NCWO)   = 1
Dimension of the Nat. Orb. subspace         (NBF5)   = 25
No. of electrons                                     = 25
    No. of alpha electrons                           = 13
    No. of beta electrons                            = 12
Multiplicity                                         = 2

Geometry
========
Cl       0.0000000       0.0000000       0.7789900
 F       0.0000000       0.0000000      -0.7789900

No violations of the orthonormality
No violations of the orthonormality
 
PNOF5/ADABelief Calculation
==================
 
  Nitext  Nit_orb  Time   Nit_occ  Time         Eelec          Etot           Ediff      maxdiff    MaxGrad_orb  Grad_occ
     1      20    6.9e+01    4    3.9e-01  -610.48962380  -558.52236669 -10609.48962380   0.088553   3.5e-01   1.2e-04 0.04
     2      30    7.9e+01    3    4.5e-02  -610.55755022  -558.59029311    -0.06792641   0.010780   4.3e-02   1.7e-04 0.04
     3      30    7.7e+01    1    2.7e-02  -610.55806331  -558.59080620    -0.00051309   0.016313   6.5e-02   1.4e-04 0.04
     4      30    6.4e+01    1    1.8e-02  -610.55772778  -558.59047067     0.00033554   0.016794   6.7e-02   1.7e-04 0.04
     5      40    8.7e+01    0    2.4e-02  -610.55911754  -558.59186043    -0.00138977   0.001662   6.6e-03   1.4e-04 0.04
     6      50    1.2e+02    0    2.6e-02  -610.55910807  -558.59185096     0.00000947   0.002885   1.2e-02   1.5e-04 0.04
     7      70    2.0e+02    2    2.9e-02  -610.55914405  -558.59188694    -0.00003598   0.000295   1.2e-03   1.2e-04 0.04
     8      70    1.9e+02    0    3.5e-02  -610.55915316  -558.59189605    -0.00000910   0.000618   2.5e-03   1.4e-04 0.04
     9      80    2.2e+02    0    1.9e-02  -610.55915512  -558.59189801    -0.00000196   0.000477   1.9e-03   1.7e-04 0.04
    10      90    2.5e+02    0    1.7e-02  -610.55915622  -558.59189911    -0.00000110   0.000401   1.6e-03   1.6e-04 0.04
    11     100    2.7e+02    0    2.6e-02  -610.55915670  -558.59189959    -0.00000048   0.000333   1.3e-03   1.7e-04 0.04
    12     110    2.7e+02    0    1.6e-02  -610.55915746  -558.59190035    -0.00000076   0.000260   1.0e-03   1.5e-04 0.04
    13     120    3.0e+02    0    4.5e-02  -610.55915772  -558.59190061    -0.00000026   0.000224   9.0e-04   1.5e-04 0.04
    14     130    3.5e+02    0    6.2e-02  -610.55915820  -558.59190109    -0.00000047   0.000172   6.9e-04   1.3e-04 0.04
    15     140    3.8e+02    0    3.5e-03  -610.55915846  -558.59190135    -0.00000026   0.000138   5.5e-04   1.4e-04 0.04
    16     150    4.1e+02    0    7.0e-03  -610.55915885  -558.59190174    -0.00000039   0.000108   4.3e-04   1.2e-04 0.04
    17     160    4.1e+02    0    3.3e-03  -610.55915906  -558.59190195    -0.00000021   0.000090   3.6e-04   1.2e-04 0.04
    18     170    4.6e+02    0    3.5e-02  -610.55915947  -558.59190236    -0.00000042   0.000070   2.8e-04   1.2e-04 0.04
    19     180    4.9e+02    0    4.7e-02  -610.55915975  -558.59190264    -0.00000028   0.000059   2.4e-04   1.2e-04 0.04
    20     190    4.9e+02    0    6.6e-03  -610.55916034  -558.59190323    -0.00000058   0.000044   1.8e-04   1.3e-04 0.04
    21     200    5.5e+02    0    2.2e-03  -610.55916089  -558.59190379    -0.00000056   0.000037   1.5e-04   1.4e-04 0.04
    22     210    5.4e+02    0    6.1e-03  -610.55916216  -558.59190505    -0.00000126   0.000019   7.7e-05   1.7e-04 0.04
 
RESULTS OF THE OCCUPATION OPTIMIZATION
========================================
   1    1.9999514  -93.94312813
   2    1.9998647  -26.65446244
   3    1.9999995  -22.44055482
   4    1.9998294  -8.56604222
   5    1.9998200  -8.53929912
   6    1.9998217  -8.53734028
   7    1.9953412  -1.38117227
   8    1.9951170  -1.37215605
   9    1.9949433  -1.36514383
  10    1.9969300  -1.32037798
  11    1.9558556  -1.18572086
  12    1.9945381  -1.16131688
  13    1.0000000  -0.46885624
  14    0.0054619  -0.00678846
  15    0.0441444  -0.04266893
  16    0.0030700  -0.00440813
  17    0.0050567  -0.00950034
  18    0.0048830  -0.00922296
  19    0.0046588  -0.00869837
  20    0.0001783  -0.00276868
  21    0.0001800  -0.00274783
  22    0.0001706  -0.00267837
  23    0.0000005  -0.00007904
  24    0.0001353  -0.00655533
  25    0.0000486  -0.00844506
 
----------------
 Final Energies 
----------------
Final NOF Total Energy =    -558.5919050
 
Total Orbital Internal Iterations = 2370
Total Occupation Internal Iterations = 11
 
Elapsed time: 6354.66 Seconds

---------------------------------
   Lowdin Population Analysis    
---------------------------------
 Idx  Atom   Population   Charge 
---------------------------------
  1    Cl    16.107       0.893
  2     F     8.893       0.107

---------------------------------
   M Diagnostic: 0.04
---------------------------------

