Computing Integrals
Elapsed time:    4.65 Seconds

Number of basis functions                   (NBF)    = 35
Number of auxiliary basis functions         (NBFAUX) = 51
Inactive Doubly occupied orbitals up to     (NO1)    = 0
No. considered Strongly Doubly occupied MOs (NDOC)   = 1
No. considered Strongly Singly occupied MOs (NSOC)   = 1
NO. of Weakly occ. per St. Doubly occ.  MOs (NCWO)   = 1
Dimension of the Nat. Orb. subspace         (NBF5)   = 3
No. of electrons                                     = 3
    No. of alpha electrons                           = 2
    No. of beta electrons                            = 1
Multiplicity                                         = 2

Geometry
========
Li       0.0000000       0.0000000       0.0000000

No violations of the orthonormality
No violations of the orthonormality
 
PNOF5/ADABelief Calculation
==================
 
  Nitext  Nit_orb  Time   Nit_occ  Time         Eelec          Etot           Ediff      maxdiff    MaxGrad_orb  Grad_occ
     1      20    1.8e+01    0    4.5e-01    -7.44600317    -7.44600317 -10006.44600317   0.000750   3.0e-03   3.1e-05 0.00
     2      33    5.2e-03    0    1.4e-04    -7.44603872    -7.44603872    -0.00003555   0.000012   4.8e-05   5.0e-05 0.00
 
RESULTS OF THE OCCUPATION OPTIMIZATION
========================================
   1    1.9977361  -2.49095845
   2    1.0000000  -0.09816101
   3    0.0022639  -0.00959045
 
----------------
 Final Energies 
----------------
Final NOF Total Energy =      -7.4460387
 
Total Orbital Internal Iterations = 53
Total Occupation Internal Iterations = 0
 
Elapsed time:  100.67 Seconds

---------------------------------
   Lowdin Population Analysis    
---------------------------------
 Idx  Atom   Population   Charge 
---------------------------------
  1    Li     3.000       0.000

---------------------------------
   M Diagnostic: 0.00
---------------------------------

