Computing Integrals
Elapsed time:    3.55 Seconds

Number of basis functions                   (NBF)    = 100
Number of auxiliary basis functions         (NBFAUX) = 146
Inactive Doubly occupied orbitals up to     (NO1)    = 0
No. considered Strongly Doubly occupied MOs (NDOC)   = 9
No. considered Strongly Singly occupied MOs (NSOC)   = 0
NO. of Weakly occ. per St. Doubly occ.  MOs (NCWO)   = 1
Dimension of the Nat. Orb. subspace         (NBF5)   = 18
No. of electrons                                     = 18
    No. of alpha electrons                           = 9
    No. of beta electrons                            = 9
Multiplicity                                         = 1

Geometry
========
Cl       0.0000000       0.0000000      -0.6414800
 H       0.0000000       0.0000000       0.6414800

No violations of the orthonormality
No violations of the orthonormality
 
PNOF5/ADABelief Calculation
==================
 
  Nitext  Nit_orb  Time   Nit_occ  Time         Eelec          Etot           Ediff      maxdiff    MaxGrad_orb  Grad_occ
     1      20    5.2e+01    1    4.2e-01  -467.15057993  -460.13867454 -10466.15057993   0.076632   3.1e-01   1.3e-04 0.02
     2      30    5.5e+01    1    2.5e-02  -467.18585808  -460.17395270    -0.03527816   0.009498   3.8e-02   1.0e-04 0.02
     3      30    5.7e+01    0    2.5e-03  -467.18672915  -460.17482377    -0.00087107   0.005956   2.4e-02   1.7e-04 0.02
     4      40    7.2e+01    0    2.1e-03  -467.18670489  -460.17479950     0.00002427   0.007312   2.9e-02   1.2e-04 0.02
     5      60    1.1e+02    0    4.7e-02  -467.18710867  -460.17520329    -0.00040379   0.000459   1.8e-03   1.6e-04 0.02
     6      70    1.3e+02    0    2.5e-03  -467.18710435  -460.17519896     0.00000433   0.000945   3.8e-03   1.6e-04 0.02
     7      90    1.6e+02    0    2.8e-03  -467.18711033  -460.17520494    -0.00000599   0.000133   5.3e-04   1.7e-04 0.02
     8     100    1.8e+02    0    4.9e-03  -467.18711035  -460.17520496    -0.00000002   0.000116   4.6e-04   1.7e-04 0.02
     9     110    2.0e+02    0    3.5e-03  -467.18711040  -460.17520501    -0.00000005   0.000095   3.8e-04   1.7e-04 0.02
    10     120    2.2e+02    0    2.0e-03  -467.18711043  -460.17520504    -0.00000003   0.000076   3.0e-04   1.7e-04 0.02
    11     130    2.4e+02    0    3.1e-03  -467.18711045  -460.17520507    -0.00000003   0.000060   2.4e-04   1.7e-04 0.02
    12     140    2.6e+02    0    2.6e-03  -467.18711047  -460.17520508    -0.00000002   0.000047   1.9e-04   1.7e-04 0.02
    13     150    2.8e+02    0    2.8e-03  -467.18711048  -460.17520509    -0.00000001   0.000037   1.5e-04   1.7e-04 0.02
    14     160    2.9e+02    0    3.1e-03  -467.18711049  -460.17520510    -0.00000001   0.000029   1.1e-04   1.7e-04 0.02
    15     170    3.1e+02    0    2.5e-03  -467.18711049  -460.17520510    -0.00000000   0.000023   9.2e-05   1.7e-04 0.02
 
RESULTS OF THE OCCUPATION OPTIMIZATION
========================================
   1    1.9999516  -93.58749459
   2    1.9999998  -21.76563245
   3    1.9998289  -8.07308443
   4    1.9998105  -8.02157217
   5    1.9998141  -8.02048297
   6    1.9831975  -0.76546075
   7    1.9930189  -0.68760708
   8    1.9927312  -0.68293007
   9    1.9926743  -0.67592403
  10    0.0073257  -0.00645283
  11    0.0072688  -0.00644285
  12    0.0069811  -0.00633664
  13    0.0168025  -0.01365565
  14    0.0001859  -0.00280194
  15    0.0001895  -0.00281944
  16    0.0001711  -0.00265137
  17    0.0000002  -0.00005411
  18    0.0000484  -0.00840391
 
----------------
 Final Energies 
----------------
Final NOF Total Energy =    -460.1752051
 
Total Orbital Internal Iterations = 1420
Total Occupation Internal Iterations = 2
 
Elapsed time: 2665.72 Seconds

---------------------------------
   Lowdin Population Analysis    
---------------------------------
 Idx  Atom   Population   Charge 
---------------------------------
  1    Cl    16.631       0.369
  2     H     1.369      -0.369

---------------------------------
   M Diagnostic: 0.02
---------------------------------

