Computing Integrals
NVIDIA GeForce RTX 4060
Elapsed time:    8.20 Seconds

Number of basis functions                   (NBF)    = 631
Number of auxiliary basis functions         (NBFAUX) = 837
Inactive Doubly occupied orbitals up to     (NO1)    = 0
No. considered Strongly Doubly occupied MOs (NDOC)   = 52
No. considered Strongly Singly occupied MOs (NSOC)   = 0
NO. of Weakly occ. per St. Doubly occ.  MOs (NCWO)   = 1
Dimension of the Nat. Orb. subspace         (NBF5)   = 104
No. of electrons                                     = 104
    No. of alpha electrons                           = 52
    No. of beta electrons                            = 52
Multiplicity                                         = 1

Geometry
========
 F       0.0000000       0.0000000       3.3515600
 I       0.0000000       0.0000000       1.3707400
 C       0.0000000       1.1483600      -1.7306900
 C       0.0000000       1.1934600      -3.1124800
 C       0.0000000       0.0000000      -3.8153500
 C       0.0000000      -1.1934600      -3.1124800
 C       0.0000000      -1.1483600      -1.7306900
 N       0.0000000       0.0000000      -1.0572500
 H       0.0000000       2.0512800      -1.1319400
 H       0.0000000       2.1474500      -3.6203500
 H       0.0000000       0.0000000      -4.8975700
 H       0.0000000      -2.1474500      -3.6203500
 H       0.0000000      -2.0512800      -1.1319400

No violations of the orthonormality
No violations of the orthonormality
 
PNOF5/ADABelief Calculation
==================
 
  Nitext  Nit_orb  Time   Nit_occ  Time         Eelec          Etot           Ediff      maxdiff    MaxGrad_orb  Grad_occ
     1      10    2.3e+01    0    1.8e+01 -3476.45867837 -2786.96205023 -13475.45867837   0.001729   6.9e-03   1.2e-04 0.04
     2      30    3.0e+00    0    3.1e-02 -3476.45867837 -2786.96205023     0.00000000   0.001729   6.9e-03   1.2e-04 0.04
     3      50    5.0e+00    0    2.5e-02 -3476.45867837 -2786.96205023     0.00000000   0.001729   6.9e-03   1.2e-04 0.04
     4      70    7.2e+00    0    3.0e-02 -3476.45867837 -2786.96205023     0.00000000   0.001729   6.9e-03   1.2e-04 0.04
     5      90    7.6e+00    1    6.6e-02 -3476.45918104 -2786.96255291    -0.00050267   0.001310   5.2e-03   1.1e-04 0.04
     6      90    6.7e+00    1    3.9e-02 -3476.45711356 -2786.96048542     0.00206749   0.001048   4.2e-03   1.5e-04 0.04
     7     100    8.6e+00    0    4.3e-02 -3476.45841012 -2786.96178198    -0.00129656   0.000922   3.7e-03   1.6e-04 0.04
 
RESULTS OF THE OCCUPATION OPTIMIZATION
========================================
   1    2.0000000  -144.80450439
   2    2.0000000  -60.38259125
   3    2.0000000  -60.07075882
   4    2.0000000  -47.80553818
   5    2.0000000  -32.24272537
   6    1.9998607  -26.20583725
   7    1.9997443  -15.54963493
   8    2.0000000  -14.71717739
   9    2.0000000  -13.91095638
  10    2.0000000  -12.90572834
  11    2.0000000  -12.86756802
  12    2.0000000  -12.59580040
  13    2.0000000  -12.09007263
  14    2.0000000  -11.51318645
  15    2.0000000  -11.37302113
  16    1.9996217  -11.28756809
  17    1.9996160  -11.28159714
  18    1.9996185  -11.26296043
  19    1.9996176  -11.24603081
  20    1.9996183  -11.24539852
  21    1.9999972  -9.26189709
  22    1.9999279  -4.78158140
  23    1.9999225  -4.76424694
  24    1.9999189  -4.74139595
  25    1.9999173  -4.74054146
  26    1.9999235  -4.73341179
  27    1.9999278  -4.70855904
  28    1.9999196  -4.65252638
  29    1.9904005  -0.97386241
  30    1.9904748  -0.96858537
  31    1.9922028  -0.88742363
  32    1.9927600  -0.87456179
  33    1.9926852  -0.87336099
  34    1.9929001  -0.87248659
  35    1.9919972  -0.87052554
  36    1.9875756  -0.86785555
  37    1.9892687  -0.82704359
  38    1.9922763  -0.76970953
  39    1.9844297  -0.74529094
  40    1.9845392  -0.73528028
  41    1.9843795  -0.73311514
  42    1.9791217  -0.73258400
  43    1.9845784  -0.72525477
  44    1.9845991  -0.72500342
  45    1.9943438  -0.71877515
  46    1.9854201  -0.68482769
  47    1.9854513  -0.67599976
  48    1.9849037  -0.66628480
  49    1.9873223  -0.65411675
  50    1.9834690  -0.65228850
  51    1.9925738  -0.65007305
  52    1.9560797  -0.50126958
  53    0.0439203  -0.02011356
  54    0.0074262  -0.00647663
  55    0.0165310  -0.01182509
  56    0.0126777  -0.00943953
  57    0.0150963  -0.01115366
  58    0.0145487  -0.01100326
  59    0.0145799  -0.01126275
  60    0.0056562  -0.00663061
  61    0.0154009  -0.01304634
  62    0.0154216  -0.01305415
  63    0.0208783  -0.01957452
  64    0.0156205  -0.01328682
  65    0.0154608  -0.01326898
  66    0.0155703  -0.01344322
  67    0.0077237  -0.00697411
  68    0.0107313  -0.00950555
  69    0.0124244  -0.01088725
  70    0.0080028  -0.00885307
  71    0.0070999  -0.01016852
  72    0.0073148  -0.01039683
  73    0.0072400  -0.01032113
  74    0.0077972  -0.00877837
  75    0.0095252  -0.01128525
  76    0.0095995  -0.01137315
  77    0.0000804  -0.00054829
  78    0.0000722  -0.00053318
  79    0.0000765  -0.00053474
  80    0.0000827  -0.00056668
  81    0.0000811  -0.00055498
  82    0.0000775  -0.00054652
  83    0.0000721  -0.00051725
  84    0.0000028  -0.00009229
  85    0.0003817  -0.00772773
  86    0.0003824  -0.00773870
  87    0.0003815  -0.00772864
  88    0.0003840  -0.00776255
  89    0.0003783  -0.00769290
  90    0.0000000  -0.00000142
  91    0.0000000  -0.00000546
  92    0.0000000  -0.00000550
  93    0.0000000  -0.00000649
  94    0.0000000  -0.00000131
  95    0.0000000  -0.00000558
  96    0.0000000  -0.00000126
  97    0.0000000  -0.00000361
  98    0.0002557  -0.00727247
  99    0.0001393  -0.00664105
 100    0.0000000  -0.00000050
 101    0.0000000  -0.00000028
 102    0.0000000  -0.00000013
 103    0.0000000  -0.00000013
 104    0.0000000  -0.00000001
 
----------------
 Final Energies 
----------------
Final NOF Total Energy =   -2786.9617820
 
Total Orbital Internal Iterations = 440
Total Occupation Internal Iterations = 2
 
Elapsed time:   94.23 Seconds

---------------------------------
   Lowdin Population Analysis    
---------------------------------
 Idx  Atom   Population   Charge 
---------------------------------
  1     F     9.321      -0.321
  2     I    52.706       0.294
  3     C     6.071      -0.071
  4     C     5.935       0.065
  5     C     5.905       0.095
  6     C     5.934       0.066
  7     C     6.045      -0.045
  8     N     6.792       0.208
  9     H     1.063      -0.063
 10     H     1.059      -0.059
 11     H     1.050      -0.050
 12     H     1.060      -0.060
 13     H     1.060      -0.060

---------------------------------
   M Diagnostic: 0.04
---------------------------------

