MCONF-31_C.jld2 not found
MCONF-31_n.jld2 not found
Computing Integrals
Elapsed time:   41.21 Seconds

Number of basis functions                   (NBF)    = 1449
Number of auxiliary basis functions         (NBFAUX) = 1571
Inactive Doubly occupied orbitals up to     (NO1)    = 0
No. considered Strongly Doubly occupied MOs (NDOC)   = 62
No. considered Strongly Singly occupied MOs (NSOC)   = 0
NO. of Weakly occ. per St. Doubly occ.  MOs (NCWO)   = 1
Dimension of the Nat. Orb. subspace         (NBF5)   = 124
No. of electrons                                     = 124
    No. of alpha electrons                           = 62
    No. of beta electrons                            = 62
Multiplicity                                         = 1

Geometry
========
 N       1.3761600      -2.8576300       0.0650200
 C       0.0847800      -2.5271500       0.4127600
 C      -0.0293400      -1.1600000       0.5428100
 C       1.2698600      -0.6190000       0.2582900
 C       1.7787300       0.6988300       0.2399000
 C       3.1184000       0.8800900      -0.0703900
 C       3.9579400      -0.2235100      -0.3633400
 C       3.4772000      -1.5183100      -0.3473600
 C       2.1239600      -1.7064300      -0.0330400
 H       1.7207700      -3.7909100      -0.0652100
 H      -0.6608200      -3.2935100       0.5510800
 H       1.1325200       1.5327100       0.4710800
 H       4.9930500      -0.0193500      -0.5989900
 H       4.1312500      -2.3514100      -0.5700600
 O       3.7493100       2.0942700      -0.1248200
 C       2.9521800       3.2298300       0.1639100
 H       2.5495700       3.1846900       1.1783900
 H       2.1290600       3.3281600      -0.5477100
 H       3.6102000       4.0887900       0.0747400
 C      -1.2704800      -0.3864600       0.8587000
 C      -1.8482000       0.2937600      -0.3932700
 N      -3.0248000       1.1010300      -0.1277200
 C      -4.3262100       0.6759700      -0.1002300
 C      -4.5974100      -0.7110600      -0.6498900
 H      -1.0589400       0.3813400       1.6083200
 H      -2.0272800      -1.0451900       1.2898700
 H      -2.0926400      -0.4624700      -1.1368400
 H      -1.0870500       0.9333400      -0.8422000
 H      -2.8930100       2.0038100       0.3013200
 O      -5.2226300       1.3957400       0.3154500
 H      -5.6583000      -0.9092600      -0.5388800
 H      -4.0290400      -1.4727800      -0.1169200
 H      -4.3288000      -0.7679400      -1.7047700

No violations of the orthonormality
No violations of the orthonormality
 
PNOF5/ADABelief Calculation
==================
 
  Nitext  Nit_orb  Time   Nit_occ  Time         Eelec          Etot           Ediff      maxdiff    MaxGrad_orb  Grad_occ
     1      10    8.5e+01   25    4.3e+01 -1869.53147536  -723.45199029 -11868.53147536   0.715449   2.9e+00   2.1e-04 0.06
     2      10    5.7e+01   11    2.8e+00 -1881.98786141  -735.90837634   -12.45638605   5.127339   2.1e+01   2.9e-04 0.06
     3      10    5.6e+01   25    2.9e+00 -1882.02681864  -735.94733357    -0.03895723   5.679846   1.5e+01   1.9e-04 0.03
     4      10    5.7e+01    0    2.7e+00 -1883.41773920  -737.33825413    -1.39092055   3.673742   1.5e+01   1.9e-04 0.03
     5      30    1.6e+02   15    2.8e+00 -1901.37587990  -755.29639483   -17.95814070   0.151080   6.0e-01   2.1e-04 0.02
     6      30    1.6e+02   14    2.9e+00 -1906.73880416  -760.65931909    -5.36292427   0.173213   6.9e-01   1.7e-04 0.03
     7      30    1.6e+02    7    2.8e+00 -1907.35012777  -761.27064270    -0.61132360   0.194627   7.8e-01   1.1e-04 0.03
     8      30    1.6e+02    4    2.8e+00 -1907.40159234  -761.32210728    -0.05146458   0.054211   2.2e-01   9.2e-05 0.02
     9      30    1.6e+02    3    3.0e+00 -1907.41666572  -761.33718065    -0.01507337   0.057668   2.3e-01   7.8e-05 0.02
    10      30    1.6e+02    0    2.9e+00 -1907.41883626  -761.33935119    -0.00217055   0.057668   2.3e-01   7.8e-05 0.02
    11      50    2.7e+02    2    2.8e+00 -1907.46583308  -761.38634801    -0.04699682   0.003943   1.6e-02   1.1e-04 0.02
    12      50    2.7e+02    2    2.8e+00 -1907.46658389  -761.38709882    -0.00075081   0.009292   3.7e-02   4.0e-05 0.02
    13      50    2.7e+02    0    2.8e+00 -1907.46666347  -761.38717841    -0.00007959   0.009292   3.7e-02   4.0e-05 0.02
    14      70    3.7e+02    1    2.8e+00 -1907.46766096  -761.38817589    -0.00099748   0.001641   6.6e-03   1.2e-04 0.02
    15      70    3.7e+02    1    2.9e+00 -1907.46772770  -761.38824263    -0.00006674   0.002654   1.1e-02   8.5e-05 0.02
    16      70    3.6e+02    1    2.7e+00 -1907.46776220  -761.38827713    -0.00003449   0.003015   1.2e-02   6.8e-05 0.02
    17      70    3.6e+02    1    2.7e+00 -1907.46778046  -761.38829539    -0.00001826   0.002579   1.0e-02   6.8e-05 0.02
    18      70    3.6e+02    1    2.7e+00 -1907.46779023  -761.38830516    -0.00000977   0.002691   1.1e-02   4.9e-05 0.02
    19      70    3.6e+02    1    2.8e+00 -1907.46779865  -761.38831358    -0.00000842   0.002664   1.1e-02   6.7e-05 0.02
    20      70    3.6e+02    0    2.7e+00 -1907.46780190  -761.38831683    -0.00000325   0.002664   1.1e-02   6.7e-05 0.02
    21      90    4.6e+02    0    2.7e+00 -1907.46788964  -761.38840457    -0.00008774   0.002618   1.0e-02   1.9e-04 0.02
    22     100    5.2e+02    0    2.7e+00 -1907.46788942  -761.38840435     0.00000021   0.000446   1.8e-03   2.2e-04 0.02
 
RESULTS OF THE OCCUPATION OPTIMIZATION
========================================
   1    1.9998124  -20.54927861
   2    1.9998136  -20.49103975
   3    1.9997385  -15.57916114
   4    1.9997374  -15.55297850
   5    1.9996130  -11.32788685
   6    1.9996141  -11.27239297
   7    1.9996222  -11.26195907
   8    1.9996126  -11.25319512
   9    1.9996223  -11.25313636
  10    1.9996127  -11.24401208
  11    1.9996177  -11.22464145
  12    1.9996245  -11.21826340
  13    1.9996244  -11.21658731
  14    1.9996170  -11.21460864
  15    1.9996166  -11.21323505
  16    1.9996172  -11.20846042
  17    1.9996173  -11.20825063
  18    1.9850626  -0.93833539
  19    1.9900976  -0.92149721
  20    1.9893151  -0.90976478
  21    1.9892839  -0.90936392
  22    1.9821303  -0.88751865
  23    1.9852257  -0.85835297
  24    1.9862969  -0.85152276
  25    1.9843703  -0.83908556
  26    1.9914616  -0.83426194
  27    1.9910020  -0.82585966
  28    1.9848096  -0.82507343
  29    1.9912589  -0.81264143
  30    1.9902032  -0.78767567
  31    1.9811230  -0.77602500
  32    1.9871205  -0.77171469
  33    1.9924838  -0.75688093
  34    1.9924603  -0.75685563
  35    1.9880061  -0.74994518
  36    1.9849992  -0.72479005
  37    1.9921077  -0.71965188
  38    1.9918463  -0.71926460
  39    1.9856292  -0.71912840
  40    1.9849003  -0.70194204
  41    1.9844789  -0.70192554
  42    1.9837313  -0.69498114
  43    1.9837565  -0.69377468
  44    1.9837680  -0.69367040
  45    1.9835902  -0.69299414
  46    1.9834848  -0.69228302
  47    1.9846398  -0.69050829
  48    1.9840160  -0.68793138
  49    1.9840061  -0.68558140
  50    1.9841364  -0.67897680
  51    1.9862597  -0.67881661
  52    1.9835882  -0.67805801
  53    1.9835745  -0.67589886
  54    1.9846840  -0.64908078
  55    1.9835695  -0.63803691
  56    1.9830971  -0.62675274
  57    1.9857763  -0.62512984
  58    1.9854644  -0.62207876
  59    1.9825282  -0.62003215
  60    1.9899415  -0.58187507
  61    1.9796947  -0.57850608
  62    1.9893459  -0.57618315
  63    0.0106541  -0.00861719
  64    0.0203053  -0.01296748
  65    0.0100585  -0.00865894
  66    0.0174718  -0.01259243
  67    0.0145356  -0.01053611
  68    0.0142237  -0.01047280
  69    0.0169029  -0.01209944
  70    0.0164305  -0.01227134
  71    0.0153160  -0.01162851
  72    0.0164255  -0.01318908
  73    0.0164118  -0.01321530
  74    0.0137403  -0.01106039
  75    0.0158636  -0.01291032
  76    0.0159939  -0.01294654
  77    0.0159840  -0.01297127
  78    0.0153602  -0.01274310
  79    0.0165152  -0.01350969
  80    0.0164098  -0.01349248
  81    0.0162320  -0.01336144
  82    0.0162435  -0.01336791
  83    0.0162687  -0.01339142
  84    0.0155211  -0.01291185
  85    0.0150997  -0.01265330
  86    0.0143708  -0.01238782
  87    0.0081537  -0.00950640
  88    0.0078923  -0.00930104
  89    0.0150008  -0.01281183
  90    0.0119939  -0.01104490
  91    0.0075397  -0.00918222
  92    0.0075162  -0.00916406
  93    0.0128795  -0.01190775
  94    0.0188770  -0.01715761
  95    0.0097968  -0.00978136
  96    0.0087411  -0.00912554
  97    0.0151904  -0.01463157
  98    0.0089980  -0.00947277
  99    0.0085384  -0.00911197
 100    0.0156297  -0.01579240
 101    0.0137031  -0.01363964
 102    0.0147743  -0.01459168
 103    0.0178697  -0.01807018
 104    0.0107161  -0.01180767
 105    0.0106849  -0.01176768
 106    0.0099024  -0.01123938
 107    0.0149374  -0.01636288
 108    0.0003827  -0.00774141
 109    0.0003828  -0.00773473
 110    0.0003834  -0.00774305
 111    0.0003830  -0.00773682
 112    0.0003756  -0.00762445
 113    0.0003755  -0.00762688
 114    0.0003823  -0.00773028
 115    0.0003873  -0.00781294
 116    0.0003777  -0.00766418
 117    0.0003874  -0.00780375
 118    0.0003778  -0.00766254
 119    0.0003859  -0.00779197
 120    0.0003870  -0.00781886
 121    0.0002626  -0.00738754
 122    0.0002615  -0.00736931
 123    0.0001864  -0.00697599
 124    0.0001876  -0.00701409
 
----------------
 Final Energies 
----------------
Final NOF Total Energy =    -761.3884044
 
Total Orbital Internal Iterations = 1050
Total Occupation Internal Iterations = 114
 
Elapsed time: 5999.76 Seconds

---------------------------------
   Lowdin Population Analysis    
---------------------------------
 Idx  Atom   Population   Charge 
---------------------------------
  1     N     6.447       0.553
  2     C     5.994       0.006
  3     C     6.105      -0.105
  4     C     6.092      -0.092
  5     C     5.931       0.069
  6     C     6.321      -0.321
  7     C     5.919       0.081
  8     C     5.920       0.080
  9     C     6.174      -0.174
 10     H     1.156      -0.156
 11     H     1.080      -0.080
 12     H     1.070      -0.070
 13     H     1.060      -0.060
 14     H     1.063      -0.063
 15     O     7.527       0.473
 16     C     5.955       0.045
 17     H     1.066      -0.066
 18     H     1.067      -0.067
 19     H     1.068      -0.068
 20     C     5.904       0.096
 21     C     5.978       0.022
 22     N     6.491       0.509
 23     C     6.576      -0.576
 24     C     5.763       0.237
 25     H     1.041      -0.041
 26     H     1.041      -0.041
 27     H     1.047      -0.047
 28     H     1.045      -0.045
 29     H     1.155      -0.155
 30     O     7.782       0.218
 31     H     1.052      -0.052
 32     H     1.057      -0.057
 33     H     1.053      -0.053

---------------------------------
   M Diagnostic: 0.02
---------------------------------

