MCONF-29_C.jld2 not found
MCONF-29_n.jld2 not found
Computing Integrals
Elapsed time:   43.55 Seconds

Number of basis functions                   (NBF)    = 1449
Number of auxiliary basis functions         (NBFAUX) = 1571
Inactive Doubly occupied orbitals up to     (NO1)    = 0
No. considered Strongly Doubly occupied MOs (NDOC)   = 62
No. considered Strongly Singly occupied MOs (NSOC)   = 0
NO. of Weakly occ. per St. Doubly occ.  MOs (NCWO)   = 1
Dimension of the Nat. Orb. subspace         (NBF5)   = 124
No. of electrons                                     = 124
    No. of alpha electrons                           = 62
    No. of beta electrons                            = 62
Multiplicity                                         = 1

Geometry
========
 N      -0.3096700       2.2954700      -0.5840600
 C       0.7278500       1.4397800      -0.8903800
 C       0.3274700       0.1328700      -0.7086400
 C      -1.0358200       0.1922300      -0.2605300
 C      -1.9795000      -0.7931500       0.0863000
 C      -3.2364100      -0.3865200       0.4984900
 C      -3.5835700       0.9811700       0.5721100
 C      -2.6743100       1.9688500       0.2281900
 C      -1.4026600       1.5589600      -0.1908200
 H      -0.2589600       3.2972800      -0.6116800
 H       1.6771500       1.8316600      -1.2172500
 H      -1.7458100      -1.8491000       0.0507700
 H      -4.5723700       1.2453800       0.9221400
 H      -2.9412200       3.0158100       0.2926300
 O      -4.1615600      -1.3389000       0.8878200
 C      -5.1466200      -1.5821600      -0.1132600
 H      -4.6837200      -1.9604500      -1.0278600
 H      -5.7062200      -0.6738900      -0.3476400
 H      -5.8239000      -2.3305100       0.2897700
 C       1.1198900      -1.1176900      -0.9647100
 C       2.6232900      -0.8831600      -1.0557500
 N       3.1266700      -0.3588300       0.2031100
 C       4.4609300      -0.3084300       0.4696000
 C       4.8378400       0.3130000       1.7999700
 H       0.7866800      -1.5833700      -1.8960300
 H       0.9228000      -1.8402100      -0.1680500
 H       2.8558100      -0.1993400      -1.8773200
 H       3.1432100      -1.8159500      -1.2664000
 H       2.4813000       0.1135100       0.8115700
 O       5.3006500      -0.7475200      -0.3043800
 H       5.3833300      -0.4252200       2.3845300
 H       3.9790800       0.6584500       2.3728400
 H       5.5083800       1.1499700       1.6149900

No violations of the orthonormality
No violations of the orthonormality
 
PNOF5/ADABelief Calculation
==================
 
  Nitext  Nit_orb  Time   Nit_occ  Time         Eelec          Etot           Ediff      maxdiff    MaxGrad_orb  Grad_occ
     1      10    8.8e+01   25    4.4e+01 -1869.63973994  -725.13827339 -11868.63973994   0.865391   3.5e+00   2.6e-04 0.03
     2      10    5.8e+01   21    3.0e+00 -1875.77685745  -731.27539090    -6.13711751   3.112526   1.2e+01   2.5e-04 0.23
     3      10    5.7e+01    0    2.9e+00 -1875.81973574  -731.31826919    -0.04287829   3.112526   1.2e+01   2.5e-04 0.23
     4      30    1.6e+02   26    3.1e+00 -1896.78355646  -752.28208991   -20.96382072   0.739560   3.0e+00   2.8e-04 0.23
     5      30    1.6e+02   19    3.1e+00 -1903.97298243  -759.47151588    -7.18942597   0.085349   3.4e-01   2.4e-04 0.21
     6      30    1.6e+02   10    3.3e+00 -1905.31342589  -760.81195934    -1.34044346   0.099541   4.0e-01   1.7e-04 0.09
     7      30    1.6e+02    7    3.0e+00 -1905.74866716  -761.24720061    -0.43524127   0.053428   2.1e-01   3.3e-05 0.05
     8      30    1.6e+02    3    2.9e+00 -1905.82639211  -761.32492556    -0.07772495   0.047681   1.9e-01   2.2e-04 0.04
     9      30    1.6e+02    2    3.0e+00 -1905.84700091  -761.34553436    -0.02060880   0.198882   8.0e-01   3.2e-04 0.04
    10      30    1.6e+02    3    2.9e+00 -1905.85802194  -761.35655539    -0.01102103   0.052968   2.1e-01   6.4e-05 0.05
    11      30    1.7e+02    2    3.0e+00 -1905.86183869  -761.36037214    -0.00381675   0.076910   3.1e-01   2.0e-04 0.05
    12      30    1.6e+02    0    2.9e+00 -1905.86205354  -761.36058699    -0.00021484   0.076910   3.1e-01   2.0e-04 0.05
    13      50    2.7e+02    2    3.1e+00 -1905.88750978  -761.38604323    -0.02545624   0.002820   1.1e-02   2.9e-05 0.05
    14      50    2.7e+02    1    2.8e+00 -1905.88775215  -761.38628560    -0.00024237   0.002876   1.2e-02   1.9e-04 0.05
    15      50    2.7e+02    2    3.0e+00 -1905.88787123  -761.38640468    -0.00011909   0.003478   1.4e-02   4.1e-05 0.05
    16      50    2.7e+02    1    2.9e+00 -1905.88791957  -761.38645302    -0.00004834   0.002724   1.1e-02   1.4e-04 0.05
    17      50    2.7e+02    0    2.9e+00 -1905.88794128  -761.38647473    -0.00002171   0.002724   1.1e-02   1.4e-04 0.05
    18      59    3.1e+02    1    3.1e+00 -1905.88835775  -761.38689120    -0.00041648   0.000496   2.0e-03   1.6e-04 0.04
 
RESULTS OF THE OCCUPATION OPTIMIZATION
========================================
   1    1.9998125  -20.53625500
   2    1.9998145  -20.49177288
   3    1.9997383  -15.57697074
   4    1.9997365  -15.55203072
   5    1.9996149  -11.32076999
   6    1.9996145  -11.26058633
   7    1.9996221  -11.25595977
   8    1.9996128  -11.24811066
   9    1.9996152  -11.24781111
  10    1.9996226  -11.24177237
  11    1.9996181  -11.22343564
  12    1.9996250  -11.21752658
  13    1.9996172  -11.21692910
  14    1.9996244  -11.21462871
  15    1.9996170  -11.21327517
  16    1.9996174  -11.20758510
  17    1.9996195  -11.20651947
  18    1.9908571  -1.07132342
  19    1.9908961  -0.93382685
  20    1.9892657  -0.91132754
  21    1.9839780  -0.91013367
  22    1.9891624  -0.90889196
  23    1.9816518  -0.86789658
  24    1.9851866  -0.85887890
  25    1.9863300  -0.84771027
  26    1.9855052  -0.84398192
  27    1.9915064  -0.83794102
  28    1.9918527  -0.83648329
  29    1.9914003  -0.82963942
  30    1.9913868  -0.81537670
  31    1.9901576  -0.79091462
  32    1.9869866  -0.77077729
  33    1.9924929  -0.75088297
  34    1.9875423  -0.74890722
  35    1.9924143  -0.74860674
  36    1.9889284  -0.73754924
  37    1.9921590  -0.73229656
  38    1.9849532  -0.72787285
  39    1.9920706  -0.72717657
  40    1.9858075  -0.72260953
  41    1.9844669  -0.70321839
  42    1.9845192  -0.69576503
  43    1.9846364  -0.69264748
  44    1.9837142  -0.68800813
  45    1.9835728  -0.68704775
  46    1.9839162  -0.68615598
  47    1.9836805  -0.68569899
  48    1.9840384  -0.67978218
  49    1.9840484  -0.67894876
  50    1.9835044  -0.67755430
  51    1.9837532  -0.67593027
  52    1.9837621  -0.67533981
  53    1.9836795  -0.67390636
  54    1.9869200  -0.65513529
  55    1.9839516  -0.63656494
  56    1.9834395  -0.63200647
  57    1.9842544  -0.59579904
  58    1.9908152  -0.58376476
  59    1.9911038  -0.56442611
  60    1.9595252  -0.52088174
  61    1.9744750  -0.51902275
  62    1.9550671  -0.41462132
  63    0.0449329  -0.01846667
  64    0.0255250  -0.01391309
  65    0.0404748  -0.02307949
  66    0.0088962  -0.00742119
  67    0.0091848  -0.00772771
  68    0.0157456  -0.01068677
  69    0.0165605  -0.01206776
  70    0.0160484  -0.01183351
  71    0.0130800  -0.01022361
  72    0.0163205  -0.01312203
  73    0.0162379  -0.01306418
  74    0.0162468  -0.01324417
  75    0.0164956  -0.01337404
  76    0.0159516  -0.01287810
  77    0.0159616  -0.01289348
  78    0.0163195  -0.01334693
  79    0.0160838  -0.01306486
  80    0.0164272  -0.01344131
  81    0.0162858  -0.01334336
  82    0.0153636  -0.01274426
  83    0.0154808  -0.01285291
  84    0.0155331  -0.01292348
  85    0.0141925  -0.01231915
  86    0.0079294  -0.00936248
  87    0.0150468  -0.01287912
  88    0.0078410  -0.00931518
  89    0.0110716  -0.01003521
  90    0.0075857  -0.00923222
  91    0.0124577  -0.01134286
  92    0.0075071  -0.00919082
  93    0.0130134  -0.01199813
  94    0.0098424  -0.00984498
  95    0.0086132  -0.00905553
  96    0.0085997  -0.00916427
  97    0.0081473  -0.00876449
  98    0.0084936  -0.00909796
  99    0.0144948  -0.01428439
 100    0.0136700  -0.01360055
 101    0.0148134  -0.01462096
 102    0.0183482  -0.01812637
 103    0.0108376  -0.01189017
 104    0.0160220  -0.01695050
 105    0.0107343  -0.01183797
 106    0.0091039  -0.01056940
 107    0.0091429  -0.01234576
 108    0.0003805  -0.00771175
 109    0.0003826  -0.00774044
 110    0.0003830  -0.00773718
 111    0.0003756  -0.00762313
 112    0.0003828  -0.00773816
 113    0.0003750  -0.00762009
 114    0.0003819  -0.00772656
 115    0.0003774  -0.00765847
 116    0.0003848  -0.00777674
 117    0.0003872  -0.00781335
 118    0.0003779  -0.00766228
 119    0.0003855  -0.00778398
 120    0.0003851  -0.00779643
 121    0.0002635  -0.00740566
 122    0.0002617  -0.00737274
 123    0.0001855  -0.00695587
 124    0.0001875  -0.00700848
 
----------------
 Final Energies 
----------------
Final NOF Total Energy =    -761.3868912
 
Total Orbital Internal Iterations = 609
Total Occupation Internal Iterations = 125
 
Elapsed time: 3703.19 Seconds

---------------------------------
   Lowdin Population Analysis    
---------------------------------
 Idx  Atom   Population   Charge 
---------------------------------
  1     N     6.450       0.550
  2     C     5.997       0.003
  3     C     6.101      -0.101
  4     C     6.091      -0.091
  5     C     5.906       0.094
  6     C     6.336      -0.336
  7     C     5.925       0.075
  8     C     5.921       0.079
  9     C     6.171      -0.171
 10     H     1.158      -0.158
 11     H     1.079      -0.079
 12     H     1.057      -0.057
 13     H     1.060      -0.060
 14     H     1.065      -0.065
 15     O     7.550       0.450
 16     C     5.949       0.051
 17     H     1.069      -0.069
 18     H     1.071      -0.071
 19     H     1.071      -0.071
 20     C     5.898       0.102
 21     C     5.971       0.029
 22     N     6.494       0.506
 23     C     6.581      -0.581
 24     C     5.760       0.240
 25     H     1.038      -0.038
 26     H     1.037      -0.037
 27     H     1.049      -0.049
 28     H     1.044      -0.044
 29     H     1.168      -0.168
 30     O     7.767       0.233
 31     H     1.052      -0.052
 32     H     1.062      -0.062
 33     H     1.053      -0.053

---------------------------------
   M Diagnostic: 0.04
---------------------------------

