Computing Integrals
Elapsed time:    5.65 Seconds

Number of basis functions                   (NBF)    = 234
Number of auxiliary basis functions         (NBFAUX) = 226
Inactive Doubly occupied orbitals up to     (NO1)    = 0
No. considered Strongly Doubly occupied MOs (NDOC)   = 10
No. considered Strongly Singly occupied MOs (NSOC)   = 0
NO. of Weakly occ. per St. Doubly occ.  MOs (NCWO)   = 1
Dimension of the Nat. Orb. subspace         (NBF5)   = 20
No. of electrons                                     = 20
    No. of alpha electrons                           = 10
    No. of beta electrons                            = 10
Multiplicity                                         = 1

Geometry
========
 O       0.0000000       1.0981100       0.0000000
 H       0.0000000       0.0000000       0.5964900
 H       0.0000000       0.0000000      -0.5964900
 O       0.0000000      -1.0981100       0.0000000
 H       0.8673100       1.5174900       0.0000000
 H      -0.8673100      -1.5174900       0.0000000

No violations of the orthonormality
No violations of the orthonormality
 
PNOF5/ADABelief Calculation
==================
 
  Nitext  Nit_orb  Time   Nit_occ  Time         Eelec          Etot           Ediff      maxdiff    MaxGrad_orb  Grad_occ
     1      20    1.3e+02    2    3.4e-01  -194.61233570  -152.03876643 -10193.61233570   0.092928   3.7e-01   6.5e-05 0.02
     2      30    1.7e+02    1    1.2e-02  -194.74804364  -152.17447436    -0.13570794   0.014027   5.6e-02   2.2e-04 0.02
     3      30    1.5e+02    1    3.2e-02  -194.74631424  -152.17274497     0.00172940   0.023027   9.2e-02   1.3e-04 0.02
     4      40    2.2e+02    1    6.7e-03  -194.74994570  -152.17637643    -0.00363146   0.002188   8.8e-03   5.1e-05 0.02
     5      40    1.9e+02    0    1.8e-02  -194.74982591  -152.17625663     0.00011979   0.004749   1.9e-02   2.4e-04 0.02
     6      60    2.6e+02    0    9.7e-03  -194.74996795  -152.17639867    -0.00014204   0.000547   2.2e-03   1.7e-04 0.02
     7      70    3.0e+02    0    7.1e-03  -194.74996740  -152.17639812     0.00000055   0.000498   2.0e-03   1.8e-04 0.02
     8      90    3.9e+02    0    2.1e-02  -194.74996866  -152.17639938    -0.00000126   0.000099   3.9e-04   1.8e-04 0.02
     9     100    4.3e+02    0    1.7e-02  -194.74996866  -152.17639938    -0.00000000   0.000080   3.2e-04   1.8e-04 0.02
    10     110    4.7e+02    0    1.3e-02  -194.74996866  -152.17639939    -0.00000000   0.000074   3.0e-04   1.8e-04 0.02
    11     120    5.2e+02    0    3.2e-02  -194.74996868  -152.17639940    -0.00000002   0.000057   2.3e-04   1.8e-04 0.02
    12     130    5.5e+02    0    1.5e-02  -194.74996869  -152.17639941    -0.00000001   0.000045   1.8e-04   1.8e-04 0.02
    13     140    5.9e+02    0    1.0e-02  -194.74996869  -152.17639942    -0.00000001   0.000033   1.3e-04   1.8e-04 0.02
    14     150    6.5e+02    0    1.8e-02  -194.74996870  -152.17639942    -0.00000000   0.000025   1.0e-04   1.8e-04 0.02
    15     160    6.8e+02    0    9.9e-03  -194.74996870  -152.17639942    -0.00000000   0.000020   8.0e-05   1.8e-04 0.02
 
RESULTS OF THE OCCUPATION OPTIMIZATION
========================================
   1    1.9998133  -20.54058243
   2    1.9998134  -20.53963289
   3    1.9821827  -0.87828463
   4    1.9821326  -0.87692254
   5    1.9901422  -0.80403686
   6    1.9900594  -0.80291269
   7    1.9897419  -0.80171310
   8    1.9896579  -0.80062168
   9    1.9913029  -0.72701235
  10    1.9911651  -0.72382979
  11    0.0088349  -0.01002426
  12    0.0086971  -0.00997008
  13    0.0103421  -0.01145852
  14    0.0102581  -0.01140860
  15    0.0099406  -0.01121611
  16    0.0098578  -0.01116604
  17    0.0178674  -0.01797737
  18    0.0178173  -0.01796454
  19    0.0001866  -0.00697736
  20    0.0001867  -0.00697860
 
----------------
 Final Energies 
----------------
Final NOF Total Energy =    -152.1763994
 
Total Orbital Internal Iterations = 1290
Total Occupation Internal Iterations = 5
 
Elapsed time: 5798.65 Seconds

---------------------------------
   Lowdin Population Analysis    
---------------------------------
 Idx  Atom   Population   Charge 
---------------------------------
  1     O     7.362       0.638
  2     H     1.287      -0.287
  3     H     1.287      -0.287
  4     O     7.363       0.637
  5     H     1.351      -0.351
  6     H     1.351      -0.351

---------------------------------
   M Diagnostic: 0.02
---------------------------------

