Computing Integrals
Elapsed time:   17.83 Seconds

Number of basis functions                   (NBF)    = 1107
Number of auxiliary basis functions         (NBFAUX) = 1113
Inactive Doubly occupied orbitals up to     (NO1)    = 0
No. considered Strongly Doubly occupied MOs (NDOC)   = 41
No. considered Strongly Singly occupied MOs (NSOC)   = 0
NO. of Weakly occ. per St. Doubly occ.  MOs (NCWO)   = 1
Dimension of the Nat. Orb. subspace         (NBF5)   = 82
No. of electrons                                     = 82
    No. of alpha electrons                           = 41
    No. of beta electrons                            = 41
Multiplicity                                         = 1

Geometry
========
 C       0.7630200       0.8691400      -1.8799300
 H       1.4349500       1.6809000      -1.6358200
 C       1.2351300      -0.4419400      -1.9070300
 H       2.2732300      -0.6476400      -1.6832100
 C       0.3697100      -1.4876400      -2.2236500
 H       0.7356600      -2.5051800      -2.2438700
 C      -0.9674600      -1.2220700      -2.5140400
 H      -1.6389900      -2.0336600      -2.7587000
 C      -1.4395900       0.0893000      -2.4876400
 H      -2.4772100       0.2952000      -2.7123900
 C      -0.5744300       1.1349200      -2.1701100
 H      -0.9402300       2.1526100      -2.1498400
 C      -0.7659800      -0.7258800       1.3589100
 H      -0.8722300      -0.5509300       0.2866000
 H      -1.4176200      -1.5551400       1.6320600
 C       0.7035600      -0.9829400       1.7030400
 H       1.1987900      -1.6205200       0.9724500
 H       0.7668400      -1.4831500       2.6705000
 C       1.3437000       0.4224600       1.7939900
 H       1.9939700       0.6151300       0.9421400
 H       1.9565700       0.5116300       2.6897100
 C       0.1646500       1.4216300       1.8208600
 H       0.0475000       1.8806000       0.8385800
 H       0.3102500       2.2231400       2.5432600
 C      -1.0691200       0.5645400       2.1165100
 H      -2.0001100       1.0402800       1.8106000
 H      -1.1345500       0.3552200       3.1870400

No violations of the orthonormality
No violations of the orthonormality
 
PNOF5/ADABelief Calculation
==================
 
  Nitext  Nit_orb  Time   Nit_occ  Time         Eelec          Etot           Ediff      maxdiff    MaxGrad_orb  Grad_occ
     1      10    4.5e+01    9    4.1e+01 -1021.03420929  -426.20994416 -11020.03420929   0.004353   1.7e-02   1.4e-04 0.04
     2      20    3.5e+01    1    9.1e-01 -1021.40567723  -426.58141210    -0.37146794   0.010227   4.1e-02   4.2e-04 0.04
     3      20    3.5e+01    0    8.7e-01 -1021.40603595  -426.58177082    -0.00035872   0.010227   4.1e-02   4.2e-04 0.04
     4      40    6.8e+01    1    8.8e-01 -1021.41090719  -426.58664206    -0.00487124   0.031063   1.2e-01   1.0e-04 0.04
     5      40    6.9e+01    0    8.6e-01 -1021.41093386  -426.58666874    -0.00002668   0.013308   5.3e-02   1.8e-04 0.04
     6      50    8.6e+01    0    8.9e-01 -1021.41097374  -426.58670861    -0.00003987   0.000667   2.7e-03   1.9e-04 0.04
 
RESULTS OF THE OCCUPATION OPTIMIZATION
========================================
   1    1.9996171  -11.21365349
   2    1.9996171  -11.21344930
   3    1.9996169  -11.21334065
   4    1.9996170  -11.21311868
   5    1.9996215  -11.20944603
   6    1.9996214  -11.20942737
   7    1.9996231  -11.18526090
   8    1.9996234  -11.18381024
   9    1.9996237  -11.18322218
  10    1.9996234  -11.18320013
  11    1.9996237  -11.17918164
  12    1.9919010  -0.83160406
  13    1.9918071  -0.82670980
  14    1.9917971  -0.82619095
  15    1.9918526  -0.82383332
  16    1.9842835  -0.69412087
  17    1.9842862  -0.69380482
  18    1.9843793  -0.69088656
  19    1.9843843  -0.69048764
  20    1.9843279  -0.68980524
  21    1.9843318  -0.68905275
  22    1.9857361  -0.67921712
  23    1.9859072  -0.67921422
  24    1.9857514  -0.67749114
  25    1.9851277  -0.67358782
  26    1.9850640  -0.67248208
  27    1.9836779  -0.64874339
  28    1.9837105  -0.64857649
  29    1.9835842  -0.64813854
  30    1.9835660  -0.64772100
  31    1.9837092  -0.64723356
  32    1.9834967  -0.64661807
  33    1.9836191  -0.64619342
  34    1.9836958  -0.64601280
  35    1.9834767  -0.64558735
  36    1.9838642  -0.64284719
  37    1.9850385  -0.63430611
  38    1.9844190  -0.62338381
  39    1.9840782  -0.61883142
  40    1.9833667  -0.60873698
  41    1.9559403  -0.39268895
  42    0.0440597  -0.01610410
  43    0.0166333  -0.01148501
  44    0.0159218  -0.01129833
  45    0.0155810  -0.01120644
  46    0.0149615  -0.01106133
  47    0.0161358  -0.01278257
  48    0.0165233  -0.01300483
  49    0.0163042  -0.01287067
  50    0.0163809  -0.01294431
  51    0.0165033  -0.01298323
  52    0.0162908  -0.01289332
  53    0.0164340  -0.01297873
  54    0.0164158  -0.01297680
  55    0.0162895  -0.01288823
  56    0.0163221  -0.01291468
  57    0.0149360  -0.01229248
  58    0.0148723  -0.01226569
  59    0.0142486  -0.01194373
  60    0.0140928  -0.01186556
  61    0.0142639  -0.01196540
  62    0.0156682  -0.01291847
  63    0.0156721  -0.01292886
  64    0.0156157  -0.01290244
  65    0.0156207  -0.01290790
  66    0.0157138  -0.01299689
  67    0.0157165  -0.01300281
  68    0.0081474  -0.00878462
  69    0.0082029  -0.00884609
  70    0.0081929  -0.00883969
  71    0.0080990  -0.00877371
  72    0.0003763  -0.00761968
  73    0.0003766  -0.00762526
  74    0.0003763  -0.00762098
  75    0.0003766  -0.00762512
  76    0.0003769  -0.00762906
  77    0.0003786  -0.00767897
  78    0.0003785  -0.00767868
  79    0.0003830  -0.00773360
  80    0.0003831  -0.00773464
  81    0.0003829  -0.00773255
  82    0.0003829  -0.00773251
 
----------------
 Final Energies 
----------------
Final NOF Total Energy =    -426.5867086
 
Total Orbital Internal Iterations = 180
Total Occupation Internal Iterations = 11
 
Elapsed time:  447.40 Seconds

---------------------------------
   Lowdin Population Analysis    
---------------------------------
 Idx  Atom   Population   Charge 
---------------------------------
  1     C     5.938       0.062
  2     H     1.063      -0.063
  3     C     5.932       0.068
  4     H     1.064      -0.064
  5     C     5.930       0.070
  6     H     1.065      -0.065
  7     C     5.936       0.064
  8     H     1.065      -0.065
  9     C     5.937       0.063
 10     H     1.065      -0.065
 11     C     5.937       0.063
 12     H     1.065      -0.065
 13     C     5.894       0.106
 14     H     1.043      -0.043
 15     H     1.061      -0.061
 16     C     5.884       0.116
 17     H     1.062      -0.062
 18     H     1.054      -0.054
 19     C     5.874       0.126
 20     H     1.062      -0.062
 21     H     1.062      -0.062
 22     C     5.884       0.116
 23     H     1.054      -0.054
 24     H     1.064      -0.064
 25     C     5.895       0.105
 26     H     1.060      -0.060
 27     H     1.048      -0.048

---------------------------------
   M Diagnostic: 0.04
---------------------------------

