/home/pobleyef/.juliaup/bin/julia
UPU23-5z
Job runing on nagpu01
Choosing scratch ...
Automatic scratch folder selection
/scratch/pobleyef/159780
/scratch/pobleyef/159780 directory
cp UPU23-5z.jl UPU23-5z.jld2 to  /scratch/pobleyef/159780/.
Computing Integrals
Elapsed time:  215.08 Seconds

Number of basis functions                   (NBF)    = 2782
Number of auxiliary basis functions         (NBFAUX) = 3260
Inactive Doubly occupied orbitals up to     (NO1)    = 0
No. considered Strongly Doubly occupied MOs (NDOC)   = 143
No. considered Strongly Singly occupied MOs (NSOC)   = 0
NO. of Weakly occ. per St. Doubly occ.  MOs (NCWO)   = 1
Dimension of the Nat. Orb. subspace         (NBF5)   = 286
No. of electrons                                     = 286
    No. of alpha electrons                           = 143
    No. of beta electrons                            = 143
Multiplicity                                         = 1

Geometry
========
 H      -0.3417500       3.1199400       1.7764900
 O      -0.4276000       2.1677300       1.9388500
 C       0.2908000       1.8388600       3.1379400
 H      -0.2131600       2.2526400       4.0204000
 H       1.3168600       2.2268500       3.1022600
 C       0.3726200       0.3331900       3.2457900
 H       0.9556800       0.0726300       4.1381100
 O      -0.9563300      -0.2389900       3.3596900
 C      -1.0073400      -1.5035800       2.7143600
 H      -1.3095200      -2.2864500       3.4105600
 N      -2.0635600      -1.4487900       1.6648600
 C      -2.3381100      -0.2854300       0.9883300
 H      -1.7547000       0.5757200       1.3005500
 C      -3.2876000      -0.2089500       0.0221100
 H      -3.4740500       0.7238000      -0.4927700
 C      -4.0594500      -1.3751100      -0.3298800
 O      -4.9520800      -1.4445800      -1.1822800
 N      -3.6887100      -2.5242300       0.3870800
 H      -4.1776700      -3.3858600       0.1585200
 C      -2.7265700      -2.6394600       1.3674100
 O      -2.4668700      -3.7017600       1.9302700
 C       0.9813500      -0.3654300       2.0317900
 H       0.6639500       0.1208800       1.1063500
 C       0.3943600      -1.7817500       2.1426300
 H       0.3532100      -2.3080700       1.1851800
 O       1.1178600      -2.5389800       3.1129500
 H       2.0519900      -2.2666600       3.0224400
 O       2.4024500      -0.3380600       2.1516800
 P       3.3619300      -0.3755500       0.8132900
 O       3.0837200      -1.6196700       0.0179100
 O       4.7467100      -0.0625600       1.2897200
 O       2.6974600       0.9108400       0.0393400
 C       3.4365900       1.4998200      -1.0532300
 H       4.0731000       0.7491300      -1.5349300
 H       4.0685600       2.3076900      -0.6674000
 C       2.4653100       2.0611300      -2.0739100
 H       3.0384100       2.6162900      -2.8244300
 O       1.7803300       0.9694800      -2.7620700
 C       0.3744900       1.0905500      -2.6105400
 H      -0.1039800       1.5053100      -3.5015800
 N      -0.1737100      -0.2704000      -2.4456500
 C       0.5221300      -1.2133500      -1.7308800
 H       1.4782300      -0.8949000      -1.3285100
 C       0.0674600      -2.4782000      -1.5486200
 H       0.6611800      -3.1985400      -1.0020800
 C      -1.1962600      -2.8790200      -2.1085900
 O      -1.7277500      -3.9921200      -2.0219300
 N      -1.8485500      -1.8471900      -2.8029600
 H      -2.7535100      -2.0705100      -3.2088300
 C      -1.4182100      -0.5510200      -3.0098800
 O      -2.0776600       0.2730000      -3.6380700
 C       1.3635100       2.9558200      -1.4911100
 H       1.6420500       3.3867600      -0.5268400
 C       0.1652000       2.0039800      -1.3808400
 H       0.2613200       1.4109500      -0.4695600
 O      -1.0818000       2.6653000      -1.3413500
 H      -0.9669600       3.4633100      -1.8957400
 O       0.9694800       3.9878100      -2.4137800
 H       1.4351600       4.8057400      -2.1786000

No violations of the orthonormality
No violations of the orthonormality
 
PNOF5/ADABelief Calculation
==================
 
  Nitext  Nit_orb  Time   Nit_occ  Time         Eelec          Etot           Ediff      maxdiff    MaxGrad_orb  Grad_occ
     1      10    3.1e+02    0    3.1e+01 -7457.09410642 -2304.15833152 -17456.09410642   0.001534   6.1e-03   1.6e-04 0.03
     2      30    8.2e+02    0    1.2e+01 -7457.09410642 -2304.15833152     0.00000000   0.001534   6.1e-03   1.6e-04 0.03
     3      50    1.4e+03    0    1.3e+01 -7457.09416209 -2304.15838719    -0.00005567   0.001483   5.9e-03   1.9e-04 0.03
     4      60    1.7e+03    0    1.3e+01 -7457.09417859 -2304.15840369    -0.00001650   0.001483   5.9e-03   2.2e-04 0.03
     5      70    2.0e+03    1    1.3e+01 -7457.09419853 -2304.15842363    -0.00001994   0.001481   5.9e-03   4.7e-05 0.03
     6      70    2.0e+03    0    1.4e+01 -7457.09422074 -2304.15844585    -0.00002221   0.001479   5.9e-03   1.3e-04 0.03
     7      80    2.4e+03    0    1.3e+01 -7457.09424323 -2304.15846833    -0.00002248   0.001479   5.9e-03   1.8e-04 0.03
     8      90    2.7e+03    0    1.4e+01 -7457.09426786 -2304.15849297    -0.00002464   0.001478   5.9e-03   2.3e-04 0.03
     9     100    3.0e+03    1    1.4e+01 -7457.09429457 -2304.15851968    -0.00002671   0.001473   5.9e-03   5.4e-05 0.03
    10     100    3.0e+03    0    1.3e+01 -7457.09432420 -2304.15854931    -0.00002963   0.001471   5.9e-03   1.7e-04 0.03
    11     110    3.3e+03    0    1.3e+01 -7457.09435299 -2304.15857809    -0.00002879   0.001469   5.9e-03   2.3e-04 0.03
    12     120    3.5e+03    1    1.4e+01 -7457.09438345 -2304.15860856    -0.00003046   0.001460   5.8e-03   4.3e-05 0.03
    13     120    3.5e+03    0    1.3e+01 -7457.09441742 -2304.15864253    -0.00003397   0.001455   5.8e-03   1.5e-04 0.03
    14     130    3.8e+03    0    1.3e+01 -7457.09444969 -2304.15867479    -0.00003226   0.001449   5.8e-03   2.3e-04 0.03
Recovering execution output...
Moving from /scratch/pobleyef/159780 to /home-nas/pobleyef/DietGMTKN55/ncwo1/050/PNOF5/arina.159780
mkdir -p /home-nas/pobleyef/DietGMTKN55/ncwo1/050/PNOF5/arina.159780
mv /scratch/pobleyef/159780/* /home-nas/pobleyef/DietGMTKN55/ncwo1/050/PNOF5/arina.159780
