Computing Integrals
Elapsed time:   10.51 Seconds

Number of basis functions                   (NBF)    = 241
Number of auxiliary basis functions         (NBFAUX) = 359
Inactive Doubly occupied orbitals up to     (NO1)    = 0
No. considered Strongly Doubly occupied MOs (NDOC)   = 20
No. considered Strongly Singly occupied MOs (NSOC)   = 0
NO. of Weakly occ. per St. Doubly occ.  MOs (NCWO)   = 1
Dimension of the Nat. Orb. subspace         (NBF5)   = 40
No. of electrons                                     = 40
    No. of alpha electrons                           = 20
    No. of beta electrons                            = 20
Multiplicity                                         = 1

Geometry
========
Al       0.0000000       0.0000000       0.0000000
 F       0.0000000       1.6317700       0.0000000
 F       1.4131500      -0.8158800       0.0000000
 F      -1.4131500      -0.8158800       0.0000000

No violations of the orthonormality
No violations of the orthonormality
 
PNOF5/ADABelief Calculation
==================
 
  Nitext  Nit_orb  Time   Nit_occ  Time         Eelec          Etot           Ediff      maxdiff    MaxGrad_orb  Grad_occ
     1      20    1.3e+02    1    4.2e-01  -700.00283820  -540.67717739 -10699.00283820   0.129936   5.2e-01   1.4e-04 0.01
     2      30    1.7e+02    1    1.8e-02  -700.20236190  -540.87670109    -0.19952370   0.033489   1.3e-01   9.7e-05 0.01
     3      30    1.6e+02    1    1.7e-02  -700.20449536  -540.87883455    -0.00213346   0.021217   8.5e-02   8.8e-05 0.01
     4      30    1.6e+02    1    1.4e-02  -700.20334989  -540.87768908     0.00114547   0.018308   7.3e-02   4.3e-05 0.01
     5      40    2.2e+02    1    1.7e-02  -700.20943374  -540.88377293    -0.00608385   0.002629   1.1e-02   2.4e-05 0.01
     6      40    2.2e+02    0    1.2e-02  -700.20915579  -540.88349498     0.00027795   0.005212   2.1e-02   1.5e-04 0.01
     7      60    3.3e+02    0    1.6e-02  -700.20948453  -540.88382373    -0.00032875   0.000461   1.8e-03   1.0e-04 0.01
     8      70    3.7e+02    0    1.2e-02  -700.20948174  -540.88382094     0.00000279   0.000638   2.6e-03   9.9e-05 0.01
     9      90    4.8e+02    0    2.1e-02  -700.20948959  -540.88382879    -0.00000785   0.000116   4.6e-04   1.1e-04 0.01
    10     100    5.4e+02    0    1.6e-02  -700.20948998  -540.88382917    -0.00000039   0.000117   4.7e-04   1.1e-04 0.01
    11     110    5.9e+02    0    1.6e-02  -700.20949033  -540.88382952    -0.00000035   0.000132   5.3e-04   1.2e-04 0.01
    12     120    6.4e+02    0    1.1e-02  -700.20949049  -540.88382968    -0.00000016   0.000111   4.4e-04   1.2e-04 0.01
    13     130    6.8e+02    0    1.1e-02  -700.20949055  -540.88382974    -0.00000006   0.000063   2.5e-04   1.2e-04 0.01
    14     140    7.4e+02    0    1.6e-02  -700.20949057  -540.88382976    -0.00000002   0.000054   2.2e-04   1.2e-04 0.01
    15     150    8.0e+02    0    1.6e-02  -700.20949057  -540.88382976    -0.00000000   0.000058   2.3e-04   1.2e-04 0.01
    16     160    8.5e+02    0    1.6e-02  -700.20949059  -540.88382978    -0.00000001   0.000045   1.8e-04   1.2e-04 0.01
    17     170    9.0e+02    0    2.2e-02  -700.20949059  -540.88382979    -0.00000001   0.000034   1.3e-04   1.2e-04 0.01
    18     180    9.5e+02    0    2.1e-02  -700.20949060  -540.88382979    -0.00000000   0.000036   1.4e-04   1.2e-04 0.01
    19     190    1.0e+03    0    1.6e-02  -700.20949060  -540.88382980    -0.00000001   0.000022   8.6e-05   1.2e-04 0.01
 
RESULTS OF THE OCCUPATION OPTIMIZATION
========================================
   1    1.9999526  -58.27583656
   2    1.9998614  -26.25769231
   3    1.9998614  -26.25765719
   4    1.9998614  -26.25765658
   5    1.9990188  -3.76729771
   6    1.9990164  -3.76675466
   7    1.9990100  -3.76528458
   8    1.9988663  -3.74853866
   9    1.9906638  -0.94867611
  10    1.9905988  -0.94774866
  11    1.9906592  -0.94768490
  12    1.9906570  -0.94759938
  13    1.9905639  -0.94741800
  14    1.9905326  -0.94613102
  15    1.9929430  -0.90406535
  16    1.9929352  -0.90394970
  17    1.9929272  -0.90374816
  18    1.9928765  -0.90310412
  19    1.9928601  -0.90285318
  20    1.9928635  -0.90280861
  21    0.0071365  -0.01031101
  22    0.0071399  -0.01031335
  23    0.0071235  -0.01030504
  24    0.0070728  -0.01027334
  25    0.0070648  -0.01026882
  26    0.0070570  -0.01026495
  27    0.0094674  -0.01261006
  28    0.0094361  -0.01259675
  29    0.0093430  -0.01254368
  30    0.0093408  -0.01254252
  31    0.0094012  -0.01257802
  32    0.0093362  -0.01254381
  33    0.0011337  -0.00619895
  34    0.0009900  -0.00562350
  35    0.0009836  -0.00560882
  36    0.0009812  -0.00560357
  37    0.0001386  -0.00662416
  38    0.0001386  -0.00662443
  39    0.0001386  -0.00662405
  40    0.0000474  -0.00574413
 
----------------
 Final Energies 
----------------
Final NOF Total Energy =    -540.8838298
 
Total Orbital Internal Iterations = 1860
Total Occupation Internal Iterations = 5
 
Elapsed time: 10056.44 Seconds

---------------------------------
   Lowdin Population Analysis    
---------------------------------
 Idx  Atom   Population   Charge 
---------------------------------
  1    Al    13.793      -0.793
  2     F     8.736       0.264
  3     F     8.736       0.264
  4     F     8.736       0.264

---------------------------------
   M Diagnostic: 0.01
---------------------------------

