Computing Integrals
Elapsed time:    8.02 Seconds

Number of basis functions                   (NBF)    = 231
Number of auxiliary basis functions         (NBFAUX) = 265
Inactive Doubly occupied orbitals up to     (NO1)    = 0
No. considered Strongly Doubly occupied MOs (NDOC)   = 12
No. considered Strongly Singly occupied MOs (NSOC)   = 0
NO. of Weakly occ. per St. Doubly occ.  MOs (NCWO)   = 1
Dimension of the Nat. Orb. subspace         (NBF5)   = 24
No. of electrons                                     = 24
    No. of alpha electrons                           = 12
    No. of beta electrons                            = 12
Multiplicity                                         = 1

Geometry
========
 C       0.0000000       0.0000000       0.4897600
 H       0.0000000       0.0000000       1.5767800
 H       0.0000000       0.0000000      -1.0189300
 O       0.0000000       1.0474800      -0.2185200
 O       0.0000000      -1.0474800      -0.2185200

No violations of the orthonormality
No violations of the orthonormality
 
PNOF5/ADABelief Calculation
==================
 
  Nitext  Nit_orb  Time   Nit_occ  Time         Eelec          Etot           Ediff      maxdiff    MaxGrad_orb  Grad_occ
     1      20    1.1e+02    2    6.0e-01  -260.91940379  -188.85224105 -10259.91940379   0.076809   3.1e-01   8.4e-05 0.01
     2      30    1.3e+02    1    9.0e-03  -261.00924754  -188.94208479    -0.08984375   0.013876   5.6e-02   1.2e-04 0.02
     3      30    1.3e+02    1    2.3e-02  -261.00857769  -188.94141494     0.00066985   0.014381   5.8e-02   1.1e-04 0.02
     4      40    1.7e+02    1    1.7e-02  -261.01007810  -188.94291535    -0.00150041   0.002273   9.1e-03   5.4e-05 0.02
     5      40    1.8e+02    1    1.3e-02  -261.01010622  -188.94294347    -0.00002812   0.002751   1.1e-02   5.4e-05 0.02
     6      40    1.7e+02    1    9.5e-03  -261.01012550  -188.94296275    -0.00001928   0.002685   1.1e-02   3.7e-05 0.02
     7      40    1.7e+02    1    9.1e-03  -261.01012073  -188.94295798     0.00000476   0.003467   1.4e-02   3.1e-05 0.02
     8      50    2.2e+02    0    1.9e-02  -261.01018736  -188.94302462    -0.00006663   0.000342   1.4e-03   1.6e-04 0.02
     9      60    2.6e+02    0    1.5e-02  -261.01018763  -188.94302489    -0.00000027   0.000342   1.4e-03   1.8e-04 0.02
    10      70    3.0e+02    0    1.6e-02  -261.01018798  -188.94302523    -0.00000035   0.000289   1.2e-03   1.7e-04 0.02
    11      80    3.6e+02    0    1.4e-02  -261.01018815  -188.94302541    -0.00000017   0.000146   5.8e-04   1.8e-04 0.02
    12      90    3.9e+02    0    2.0e-02  -261.01018822  -188.94302547    -0.00000007   0.000142   5.7e-04   1.7e-04 0.02
    13     100    4.3e+02    0    1.9e-02  -261.01018825  -188.94302551    -0.00000003   0.000064   2.6e-04   1.8e-04 0.02
    14     110    4.7e+02    0    1.1e-02  -261.01018827  -188.94302552    -0.00000001   0.000045   1.8e-04   1.7e-04 0.02
    15     120    5.2e+02    0    2.1e-02  -261.01018827  -188.94302553    -0.00000001   0.000012   4.8e-05   1.8e-04 0.02
 
RESULTS OF THE OCCUPATION OPTIMIZATION
========================================
   1    1.9998134  -20.57634894
   2    1.9998131  -20.56639657
   3    1.9996155  -11.39948032
   4    1.9894187  -1.07229543
   5    1.9851583  -0.87364826
   6    1.9848363  -0.86809358
   7    1.9901310  -0.83826692
   8    1.9928781  -0.81126232
   9    1.9849433  -0.80029657
  10    1.9864611  -0.77275794
  11    1.9911406  -0.75363744
  12    1.9910062  -0.75222314
  13    0.0089938  -0.01001123
  14    0.0088594  -0.00994972
  15    0.0135389  -0.01360048
  16    0.0150567  -0.01364847
  17    0.0071219  -0.00893424
  18    0.0098690  -0.01123235
  19    0.0151637  -0.01539804
  20    0.0148417  -0.01526979
  21    0.0105813  -0.01366135
  22    0.0003845  -0.00779541
  23    0.0001869  -0.00699713
  24    0.0001866  -0.00698684
 
----------------
 Final Energies 
----------------
Final NOF Total Energy =    -188.9430255
 
Total Orbital Internal Iterations = 920
Total Occupation Internal Iterations = 8
 
Elapsed time: 4124.72 Seconds

---------------------------------
   Lowdin Population Analysis    
---------------------------------
 Idx  Atom   Population   Charge 
---------------------------------
  1     C     6.471      -0.471
  2     H     1.075      -0.075
  3     H     1.188      -0.188
  4     O     7.621       0.379
  5     O     7.645       0.355

---------------------------------
   M Diagnostic: 0.02
---------------------------------

