Computing Integrals
Elapsed time:   27.14 Seconds

Number of basis functions                   (NBF)    = 615
Number of auxiliary basis functions         (NBFAUX) = 575
Inactive Doubly occupied orbitals up to     (NO1)    = 0
No. considered Strongly Doubly occupied MOs (NDOC)   = 21
No. considered Strongly Singly occupied MOs (NSOC)   = 0
NO. of Weakly occ. per St. Doubly occ.  MOs (NCWO)   = 1
Dimension of the Nat. Orb. subspace         (NBF5)   = 42
No. of electrons                                     = 42
    No. of alpha electrons                           = 21
    No. of beta electrons                            = 21
Multiplicity                                         = 1

Geometry
========
 C       0.5498200       1.4691300       0.0000000
 N       0.0188100       0.0459200       0.0000000
 H       0.0833600       1.9280100       0.8830900
 H       0.0833600       1.9280100      -0.8830900
 C       0.5498200      -0.6334100       1.2028700
 H       0.2243100      -1.6742800       1.2156800
 H       1.6312500      -0.5501300       1.1706200
 H       0.1742800      -0.1088400       2.0777600
 C       0.5498200      -0.6334100      -1.2028700
 H       0.2243100      -1.6742800      -1.2156800
 H       0.1742800      -0.1088400      -2.0777600
 H       1.6312500      -0.5501300      -1.1706200
 C      -1.4668600      -0.0762300       0.0000000
 H      -1.7755900      -1.1247800       0.0000000
 H      -1.8390400       0.4286600       0.8868100
 H      -1.8390400       0.4286600      -0.8868100

No violations of the orthonormality
No violations of the orthonormality
 
PNOF5/ADABelief Calculation
==================
 
  Nitext  Nit_orb  Time   Nit_occ  Time         Eelec          Etot           Ediff      maxdiff    MaxGrad_orb  Grad_occ
     1      20    3.0e+02    4    5.3e-01  -417.16453602  -211.87355265 -10416.16453602   0.067390   2.7e-01   7.3e-05 0.04
     2      30    4.5e+02    9    1.7e-01  -417.42121004  -212.13022666    -0.25667401   0.090383   3.6e-01   5.8e-05 0.99
     3      30    4.5e+02    4    1.6e-01  -417.70355741  -212.41257404    -0.28234738   0.109122   1.9e-01   7.4e-05 0.21
     4      30    4.4e+02    4    1.6e-01  -417.82647136  -212.53548799    -0.12291395   0.047173   1.9e-01   2.5e-05 0.08
     5      30    4.5e+02    3    1.6e-01  -417.87247631  -212.58149294    -0.04600495   0.031581   1.3e-01   3.7e-05 0.04
     6      30    4.3e+02    2    1.6e-01  -417.88597906  -212.59499569    -0.01350275   0.014290   5.7e-02   6.5e-05 0.03
     7      30    4.4e+02    2    1.6e-01  -417.88732305  -212.59633968    -0.00134399   0.011219   4.5e-02   8.4e-06 0.02
     8      30    4.6e+02    1    1.6e-01  -417.88731339  -212.59633002     0.00000966   0.012600   5.0e-02   8.0e-05 0.02
     9      40    6.0e+02    0    1.5e-01  -417.89010189  -212.59911852    -0.00278850   0.001362   5.4e-03   1.2e-04 0.02
    10      50    7.1e+02    1    1.5e-01  -417.89010685  -212.59912348    -0.00000496   0.001512   6.0e-03   1.3e-05 0.02
    11      50    7.4e+02    0    2.0e-01  -417.89010506  -212.59912169     0.00000180   0.001435   5.7e-03   4.6e-05 0.02
    12      70    1.0e+03    0    2.1e-01  -417.89014223  -212.59915886    -0.00003717   0.000151   6.1e-04   1.6e-05 0.02
    13      80    1.2e+03    0    1.5e-01  -417.89014219  -212.59915882     0.00000004   0.000165   6.6e-04   1.5e-05 0.02
    14     100    1.5e+03    0    2.0e-01  -417.89014257  -212.59915920    -0.00000038   0.000022   8.8e-05   1.5e-05 0.02
 
RESULTS OF THE OCCUPATION OPTIMIZATION
========================================
   1    1.9997425  -15.64527366
   2    1.9996230  -11.25871344
   3    1.9996234  -11.25168944
   4    1.9996234  -11.25168942
   5    1.9996161  -11.13568993
   6    1.9833189  -0.85136775
   7    1.9833129  -0.85134568
   8    1.9828546  -0.84856443
   9    1.9853222  -0.79908612
  10    1.9837982  -0.71263917
  11    1.9840034  -0.70847090
  12    1.9839999  -0.70846419
  13    1.9838533  -0.70811513
  14    1.9838527  -0.70811013
  15    1.9839254  -0.70219218
  16    1.9839214  -0.70218865
  17    1.9842793  -0.69710495
  18    1.9842746  -0.69710010
  19    1.9833511  -0.60183159
  20    1.9833459  -0.60182158
  21    1.9810606  -0.33750138
  22    0.0189394  -0.01006144
  23    0.0166541  -0.01257245
  24    0.0166489  -0.01257085
  25    0.0157254  -0.01307684
  26    0.0157207  -0.01307515
  27    0.0160786  -0.01330655
  28    0.0160746  -0.01330511
  29    0.0161473  -0.01337019
  30    0.0161467  -0.01336994
  31    0.0160001  -0.01331170
  32    0.0159966  -0.01331043
  33    0.0162018  -0.01343587
  34    0.0146778  -0.01401284
  35    0.0171454  -0.01625705
  36    0.0166871  -0.01598440
  37    0.0166811  -0.01598178
  38    0.0003839  -0.00772362
  39    0.0003766  -0.00764374
  40    0.0003766  -0.00764385
  41    0.0003770  -0.00765090
  42    0.0002575  -0.00728514
 
----------------
 Final Energies 
----------------
Final NOF Total Energy =    -212.5991592
 
Total Orbital Internal Iterations = 620
Total Occupation Internal Iterations = 30
 
Elapsed time: 9517.78 Seconds

---------------------------------
   Lowdin Population Analysis    
---------------------------------
 Idx  Atom   Population   Charge 
---------------------------------
  1     C     6.161      -0.161
  2     N     6.681       0.319
  3     H     1.157      -0.157
  4     H     1.157      -0.157
  5     C     5.799       0.201
  6     H     1.057      -0.057
  7     H     1.048      -0.048
  8     H     1.046      -0.046
  9     C     5.799       0.201
 10     H     1.057      -0.057
 11     H     1.046      -0.046
 12     H     1.048      -0.048
 13     C     5.787       0.213
 14     H     1.056      -0.056
 15     H     1.051      -0.051
 16     H     1.051      -0.051

---------------------------------
   M Diagnostic: 0.02
---------------------------------

