Computing Integrals
Elapsed time:    6.13 Seconds

Number of basis functions                   (NBF)    = 147
Number of auxiliary basis functions         (NBFAUX) = 131
Inactive Doubly occupied orbitals up to     (NO1)    = 0
No. considered Strongly Doubly occupied MOs (NDOC)   = 5
No. considered Strongly Singly occupied MOs (NSOC)   = 0
NO. of Weakly occ. per St. Doubly occ.  MOs (NCWO)   = 28
Dimension of the Nat. Orb. subspace         (NBF5)   = 145
No. of electrons                                     = 10
    No. of alpha electrons                           = 5
    No. of beta electrons                            = 5
Multiplicity                                         = 1

Geometry
========
 N      -1.0714700      -0.0091300       1.5027900
 H      -0.6175700      -0.9169800       1.4741500
 H      -0.6009000       0.4868800       2.2535600
 H      -0.7630700       0.4831800       0.6081700

No violations of the orthonormality
No violations of the orthonormality
 
PNOF5/ADAM Calculation
==================
 
  Nitext  Nit_orb  Time   Nit_occ  Time         Eelec          Etot           Ediff      maxdiff    Grad_orb  Grad_occ
0.00532006985769351
0.011925931914598396
     1      10    2.8e+01   10    3.8e+01   -68.07458451   -56.33619143 -10067.07458451   0.134963   9.2e-01   2.0e-04 0.02
0.00076694343318362
0.0017356672525646526
     2      30    4.0e+01    4    4.1e-01   -68.08360378   -56.34521069    -0.00901927   0.000753   7.0e-03   1.8e-04 0.02
0.00022247530811791982
0.000359220647984725
     3      30    1.6e+01    1    6.8e-02   -68.08377328   -56.34538019    -0.00016950   0.001357   7.6e-03   1.4e-04 0.02
0.0
0.0
     4      30    1.2e+01    0    7.8e-02   -68.08378169   -56.34538860    -0.00000841   0.002195   1.3e-02   1.5e-04 0.02
0.00011553324293392744
0.00020994031778524792
     5      40    5.3e+01    3    1.1e-01   -68.08379351   -56.34540042    -0.00001182   0.000750   4.5e-03   1.9e-04 0.02
0.0
0.0
     6      40    3.3e+01    0    9.2e-02   -68.08381628   -56.34542320    -0.00002278   0.000737   5.7e-03   1.6e-04 0.02
0.0
0.0
     7      50    8.3e+01    0    3.5e-02   -68.08382025   -56.34542716    -0.00000397   0.000221   1.3e-03   1.7e-04 0.02
0.0
0.0
     8      60    9.6e+01    0    5.6e-02   -68.08382143   -56.34542834    -0.00000118   0.000246   1.9e-03   1.7e-04 0.02
0.0
0.0
     9      63    8.2e+01    0    5.9e-02   -68.08382212   -56.34542903    -0.00000069   0.000091   5.1e-04   1.7e-04 0.02
 
RESULTS OF THE OCCUPATION OPTIMIZATION
========================================
   1    1.9996420  -15.54693537
   2    1.9795520  -0.79304514
   3    1.9795155  -0.79298175
   4    1.9761914  -0.75877342
   5    1.9854603  -0.56406928
   6    0.0115321  -0.00965461
   7    0.0183544  -0.01567450
   8    0.0151692  -0.01403795
   9    0.0151450  -0.01402224
  10    0.0002632  -0.00725753
  11    0.0010366  -0.00144320
  12    0.0026161  -0.00325759
  13    0.0025807  -0.00338309
  14    0.0025679  -0.00337772
  15    0.0000334  -0.00067873
  16    0.0006901  -0.00104645
  17    0.0012753  -0.00174583
  18    0.0012001  -0.00176055
  19    0.0011965  -0.00175652
  20    0.0000327  -0.00066693
  21    0.0006854  -0.00103840
  22    0.0011229  -0.00158902
  23    0.0010875  -0.00163191
  24    0.0010821  -0.00162908
  25    0.0000220  -0.00044495
  26    0.0001285  -0.00025405
  27    0.0000834  -0.00018189
  28    0.0000768  -0.00019062
  29    0.0000928  -0.00019959
  30    0.0000038  -0.00022196
  31    0.0001260  -0.00025217
  32    0.0000772  -0.00018209
  33    0.0000667  -0.00017069
  34    0.0000703  -0.00016720
  35    0.0000006  -0.00000333
  36    0.0001082  -0.00020195
  37    0.0000626  -0.00015057
  38    0.0000653  -0.00016791
  39    0.0000639  -0.00017230
  40    0.0000003  -0.00000156
  41    0.0000885  -0.00019291
  42    0.0000488  -0.00011856
  43    0.0000569  -0.00013574
  44    0.0000554  -0.00013511
  45    0.0000002  -0.00001114
  46    0.0000799  -0.00018875
  47    0.0000353  -0.00009733
  48    0.0000457  -0.00011653
  49    0.0000364  -0.00010886
  50    0.0000001  0.00000016
  51    0.0000134  -0.00002884
  52    0.0000284  -0.00009673
  53    0.0000367  -0.00011184
  54    0.0000308  -0.00010660
  55    0.0000001  0.00000009
  56    0.0000085  -0.00002679
  57    0.0000240  -0.00006941
  58    0.0000227  -0.00007097
  59    0.0000241  -0.00007262
  60    0.0000001  0.00000030
  61    0.0000074  -0.00002565
  62    0.0000177  -0.00004871
  63    0.0000153  -0.00004863
  64    0.0000155  -0.00004784
  65    0.0000001  0.00000031
  66    0.0000053  -0.00002256
  67    0.0000110  -0.00003969
  68    0.0000129  -0.00004271
  69    0.0000141  -0.00004308
  70    0.0000001  0.00000029
  71    0.0000047  -0.00001799
  72    0.0000087  -0.00002882
  73    0.0000071  -0.00002803
  74    0.0000122  -0.00003110
  75    0.0000001  0.00000026
  76    0.0000044  -0.00001610
  77    0.0000072  -0.00002641
  78    0.0000061  -0.00002607
  79    0.0000082  -0.00002859
  80    0.0000001  0.00000030
  81    0.0000038  -0.00001362
  82    0.0000071  -0.00002027
  83    0.0000057  -0.00001941
  84    0.0000061  -0.00001965
  85    0.0000001  0.00000029
  86    0.0000029  -0.00000774
  87    0.0000050  -0.00001659
  88    0.0000053  -0.00001831
  89    0.0000041  -0.00001703
  90    0.0000001  0.00000029
  91    0.0000026  -0.00000673
  92    0.0000047  -0.00001420
  93    0.0000044  -0.00001509
  94    0.0000035  -0.00001415
  95    0.0000001  0.00000029
  96    0.0000016  -0.00000506
  97    0.0000036  -0.00000819
  98    0.0000028  -0.00000705
  99    0.0000032  -0.00000864
 100    0.0000001  0.00000026
 101    0.0000014  -0.00000338
 102    0.0000028  -0.00000824
 103    0.0000024  -0.00000783
 104    0.0000026  -0.00000804
 105    0.0000001  0.00000027
 106    0.0000014  -0.00000258
 107    0.0000026  -0.00000717
 108    0.0000023  -0.00000729
 109    0.0000025  -0.00000752
 110    0.0000001  0.00000025
 111    0.0000012  -0.00000188
 112    0.0000020  -0.00000479
 113    0.0000020  -0.00000400
 114    0.0000023  -0.00000540
 115    0.0000001  0.00000027
 116    0.0000011  -0.00000152
 117    0.0000017  -0.00000394
 118    0.0000020  -0.00000357
 119    0.0000020  -0.00000368
 120    0.0000001  0.00000029
 121    0.0000010  -0.00000087
 122    0.0000015  -0.00000202
 123    0.0000019  -0.00000431
 124    0.0000016  -0.00000250
 125    0.0000001  0.00000028
 126    0.0000009  -0.00000061
 127    0.0000015  -0.00000170
 128    0.0000018  -0.00000124
 129    0.0000016  -0.00000087
 130    0.0000001  0.00000026
 131    0.0000009  0.00000068
 132    0.0000012  -0.00000061
 133    0.0000017  -0.00000095
 134    0.0000013  -0.00000113
 135    0.0000001  0.00000027
 136    0.0000009  0.00000036
 137    0.0000010  0.00000011
 138    0.0000013  0.00000056
 139    0.0000012  0.00000047
 140    0.0000001  0.00000027
 141    0.0000009  0.00000118
 142    0.0000009  0.00000070
 143    0.0000011  0.00000079
 144    0.0000009  0.00000062
 145    0.0000001  0.00000020
 
----------------
 Final Energies 
----------------
Final NOF Total Energy =     -56.3454290
 
Total Orbital Internal Iterations = 353
Total Occupation Internal Iterations = 18
 
Elapsed time:  519.09 Seconds

---------------------------------
   Lowdin Population Analysis    
---------------------------------
 Idx  Atom   Population   Charge 
---------------------------------
  1     N     6.472       0.528
  2     H     1.198      -0.198
  3     H     1.198      -0.198
  4     H     1.133      -0.133

---------------------------------
   M Diagnostic: 0.02
---------------------------------

