Computing Integrals
Elapsed time:    6.14 Seconds

Number of basis functions                   (NBF)    = 117
Number of auxiliary basis functions         (NBFAUX) = 113
Inactive Doubly occupied orbitals up to     (NO1)    = 0
No. considered Strongly Doubly occupied MOs (NDOC)   = 5
No. considered Strongly Singly occupied MOs (NSOC)   = 1
NO. of Weakly occ. per St. Doubly occ.  MOs (NCWO)   = 22
Dimension of the Nat. Orb. subspace         (NBF5)   = 116
No. of electrons                                     = 11
    No. of alpha electrons                           = 6
    No. of beta electrons                            = 5
Multiplicity                                         = 2

Geometry
========
 H       0.0000000       0.0000000       1.1372200
 F       0.0000000       0.0000000       0.0000000
 H       0.0000000       0.0000000      -1.1372200

No violations of the orthonormality
No violations of the orthonormality
 
PNOF5/ADAM Calculation
==================
 
  Nitext  Nit_orb  Time   Nit_occ  Time         Eelec          Etot           Ediff      maxdiff    Grad_orb  Grad_occ
0.030037874248729834
0.04181254029665841
     1      10    2.6e+01   12    4.3e+01  -109.12957026  -100.52107030 -10108.12957026   0.189277   1.6e+00   1.7e-04 0.02
0.0013357979044945623
0.0018781128821491395
     2      30    9.5e+00    7    1.8e-01  -109.16633245  -100.55783249    -0.03676219   0.016293   8.0e-02   2.0e-04 0.02
0.0007433088045268876
0.0010363889987023245
     3      30    1.3e+01    4    8.9e-02  -109.16736732  -100.55886736    -0.00103487   0.005729   4.4e-02   2.2e-04 0.02
0.00033280595325702045
0.00046366285384084486
     4      30    1.2e+01    9    4.5e-01  -109.16773652  -100.55923656    -0.00036920   0.008650   6.5e-02   1.2e-04 0.02
0.00022533728421009203
0.0002952543463150922
     5      30    2.6e+00    3    1.1e-01  -109.16807097  -100.55957101    -0.00033444   0.008558   6.1e-02   1.6e-04 0.02
0.0
0.0
     6      30    4.4e+00    0    5.4e-02  -109.16809164  -100.55959167    -0.00002067   0.009181   7.7e-02   1.9e-04 0.02
0.00017083667422246318
0.00023654600615172837
     7      60    1.1e+01    1    3.7e-02  -109.16825827  -100.55975831    -0.00016663   0.001799   1.3e-02   1.6e-04 0.02
0.0
0.0
     8      60    1.8e+01    0    3.6e-02  -109.16826790  -100.55976794    -0.00000963   0.002323   1.8e-02   1.8e-04 0.02
0.0
0.0
     9      70    9.1e+00    0    3.5e-02  -109.16828259  -100.55978262    -0.00001469   0.001710   1.5e-02   1.6e-04 0.02
0.0
0.0
    10      80    6.5e+01    0    2.4e-02  -109.16828988  -100.55978992    -0.00000729   0.001659   1.2e-02   1.7e-04 0.02
0.0
0.0
    11      90    2.6e+01    0    3.4e-02  -109.16829393  -100.55979397    -0.00000405   0.001152   1.2e-02   1.7e-04 0.02
0.0
0.0
    12     100    1.8e+01    0    2.2e-02  -109.16829802  -100.55979806    -0.00000409   0.000706   7.6e-03   1.7e-04 0.02
0.0
0.0
    13     110    2.1e+01    0    4.9e-02  -109.16829952  -100.55979956    -0.00000150   0.000672   6.5e-03   1.6e-04 0.02
0.0
0.0
    14     120    2.4e+01    0    6.5e-02  -109.16830094  -100.55980098    -0.00000142   0.000294   2.2e-03   1.7e-04 0.02
0.0
0.0
    15     130    3.0e+01    0    7.2e-02  -109.16830077  -100.55980081     0.00000016   0.000338   3.4e-03   1.6e-04 0.02
0.0
0.0
    16     127    2.6e+01    0    6.8e-02  -109.16830155  -100.55980159    -0.00000078   0.000099   6.4e-04   1.6e-04 0.02
 
RESULTS OF THE OCCUPATION OPTIMIZATION
========================================
   1    1.9998664  -26.33251265
   2    1.9932663  -1.01881514
   3    1.9932253  -1.01535878
   4    1.9930891  -1.01233264
   5    1.9803286  -0.92584645
   6    1.0000000  -0.14050386
   7    0.0173680  -0.01782652
   8    0.0051738  -0.00845550
   9    0.0051450  -0.00844581
  10    0.0050937  -0.00840397
  11    0.0001309  -0.00631609
  12    0.0015879  -0.00221161
  13    0.0006431  -0.00161634
  14    0.0006005  -0.00156428
  15    0.0005699  -0.00152219
  16    0.0000013  -0.00009121
  17    0.0002332  -0.00051177
  18    0.0005028  -0.00130006
  19    0.0004681  -0.00124936
  20    0.0004784  -0.00125415
  21    0.0000005  -0.00006881
  22    0.0001769  -0.00044010
  23    0.0003803  -0.00108047
  24    0.0003678  -0.00106466
  25    0.0003666  -0.00105866
  26    0.0000001  -0.00000009
  27    0.0001462  -0.00038611
  28    0.0000482  -0.00018413
  29    0.0000404  -0.00017476
  30    0.0000518  -0.00018885
  31    0.0000001  0.00000011
  32    0.0000538  -0.00012343
  33    0.0000363  -0.00016416
  34    0.0000395  -0.00016738
  35    0.0000415  -0.00017345
  36    0.0000001  0.00000013
  37    0.0000198  -0.00007027
  38    0.0000290  -0.00014143
  39    0.0000324  -0.00015315
  40    0.0000409  -0.00016779
  41    0.0000001  0.00000008
  42    0.0000192  -0.00006858
  43    0.0000281  -0.00010488
  44    0.0000308  -0.00010315
  45    0.0000279  -0.00011854
  46    0.0000001  0.00000004
  47    0.0000163  -0.00002920
  48    0.0000244  -0.00011069
  49    0.0000147  -0.00008849
  50    0.0000234  -0.00009816
  51    0.0000000  0.00000013
  52    0.0000122  -0.00002617
  53    0.0000180  -0.00008235
  54    0.0000098  -0.00006784
  55    0.0000083  -0.00006138
  56    0.0000000  0.00000011
  57    0.0000091  -0.00002446
  58    0.0000054  -0.00001997
  59    0.0000041  -0.00001309
  60    0.0000074  -0.00002112
  61    0.0000000  0.00000014
  62    0.0000073  -0.00002381
  63    0.0000050  -0.00001201
  64    0.0000035  -0.00001706
  65    0.0000051  -0.00001635
  66    0.0000000  0.00000006
  67    0.0000058  -0.00001415
  68    0.0000027  -0.00001400
  69    0.0000033  -0.00001258
  70    0.0000040  -0.00001321
  71    0.0000000  0.00000015
  72    0.0000042  -0.00001542
  73    0.0000023  -0.00001072
  74    0.0000025  -0.00000882
  75    0.0000029  -0.00001326
  76    0.0000000  0.00000017
  77    0.0000028  -0.00001093
  78    0.0000021  -0.00000812
  79    0.0000024  -0.00000736
  80    0.0000025  -0.00001052
  81    0.0000000  0.00000015
  82    0.0000023  -0.00000815
  83    0.0000018  -0.00000312
  84    0.0000023  -0.00000432
  85    0.0000022  -0.00000673
  86    0.0000000  0.00000014
  87    0.0000016  -0.00000608
  88    0.0000017  -0.00000406
  89    0.0000017  -0.00000374
  90    0.0000018  -0.00000492
  91    0.0000000  0.00000016
  92    0.0000013  -0.00000467
  93    0.0000016  -0.00000208
  94    0.0000015  -0.00000241
  95    0.0000015  -0.00000318
  96    0.0000000  0.00000016
  97    0.0000011  -0.00000321
  98    0.0000014  -0.00000188
  99    0.0000014  -0.00000037
 100    0.0000015  -0.00000180
 101    0.0000000  0.00000016
 102    0.0000010  -0.00000187
 103    0.0000012  0.00000015
 104    0.0000011  -0.00000026
 105    0.0000009  0.00000044
 106    0.0000000  -0.00000083
 107    0.0000007  -0.00000186
 108    0.0000010  0.00000017
 109    0.0000010  0.00000091
 110    0.0000008  0.00000112
 111    0.0000000  -0.00000053
 112    0.0000006  -0.00000110
 113    0.0000007  0.00000096
 114    0.0000008  0.00000150
 115    0.0000007  0.00000106
 116    0.0000000  0.00000013
 
----------------
 Final Energies 
----------------
Final NOF Total Energy =    -100.5598016
 
Total Orbital Internal Iterations = 1107
Total Occupation Internal Iterations = 36
 
Elapsed time:  401.56 Seconds

---------------------------------
   Lowdin Population Analysis    
---------------------------------
 Idx  Atom   Population   Charge 
---------------------------------
  1     H     1.234      -0.234
  2     F     8.376       0.624
  3     H     1.390      -0.390

---------------------------------
   M Diagnostic: 0.02
---------------------------------

