Computing Integrals
Elapsed time:    3.87 Seconds

Number of basis functions                   (NBF)    = 160
Number of auxiliary basis functions         (NBFAUX) = 182
Inactive Doubly occupied orbitals up to     (NO1)    = 0
No. considered Strongly Doubly occupied MOs (NDOC)   = 9
No. considered Strongly Singly occupied MOs (NSOC)   = 0
NO. of Weakly occ. per St. Doubly occ.  MOs (NCWO)   = 16
Dimension of the Nat. Orb. subspace         (NBF5)   = 153
No. of electrons                                     = 18
    No. of alpha electrons                           = 9
    No. of beta electrons                            = 9
Multiplicity                                         = 1

Geometry
========
 P       0.0000000       0.0000000       0.5688500
 H       0.5956700       1.0317300      -0.1896200
 H       0.5956700      -1.0317300      -0.1896200
 H      -1.1913400       0.0000000      -0.1896200

No violations of the orthonormality
No violations of the orthonormality
 
PNOF5/ADAM Calculation
==================
 
  Nitext  Nit_orb  Time   Nit_occ  Time         Eelec          Etot           Ediff      maxdiff    Grad_orb  Grad_occ
0.004665456094193998
0.010879641983364196
     1      10    1.7e+01    8    3.0e+01  -360.25908122  -342.62852937 -10359.25908122   0.256682   2.1e+00   2.6e-04 0.02
0.0008060646522345359
0.0019681716227981294
     2      30    2.7e+00    3    1.2e-01  -360.27516427  -342.64461241    -0.01608304   0.000799   9.7e-03   2.5e-04 0.02
0.0009900213769449273
0.0014692429193359656
     3      30    2.7e+00    5    1.3e-01  -360.27548362  -342.64493176    -0.00031935   0.000985   8.2e-03   2.4e-04 0.02
0.0007475134651864224
0.0011629986593106364
     4      30    3.1e+00    3    7.9e-02  -360.27568620  -342.64513434    -0.00020259   0.001629   1.1e-02   1.5e-04 0.02
0.0007731758419693424
0.001020314574508672
     5      30    3.0e+00    5    1.6e-01  -360.27578386  -342.64523200    -0.00009765   0.001659   1.1e-02   2.3e-04 0.02
0.0006443448533611784
0.0008414580824843527
     6      30    2.8e+00    1    9.5e-02  -360.27587629  -342.64532443    -0.00009243   0.001687   1.4e-02   1.9e-04 0.02
0.0003655568114688812
0.0005314913148500649
     7      30    2.7e+00    2    1.6e-01  -360.27589374  -342.64534188    -0.00001746   0.001915   1.7e-02   1.2e-04 0.02
0.0003314321889402727
0.0004357848003605025
     8      30    2.9e+00    1    8.2e-02  -360.27590435  -342.64535249    -0.00001061   0.002219   2.1e-02   1.4e-04 0.02
0.0001834616508205036
0.0003148946517354726
     9      50    4.9e+00    2    1.1e-01  -360.27595210  -342.64540024    -0.00004774   0.000162   1.9e-03   1.2e-04 0.02
0.000187987946693835
0.00024853162846011633
    10      50    5.0e+00    1    4.4e-02  -360.27596232  -342.64541046    -0.00001023   0.000318   2.4e-03   9.7e-05 0.02
0.0
0.0
    11      50    4.8e+00    0    3.4e-02  -360.27596439  -342.64541253    -0.00000207   0.000417   2.6e-03   1.2e-04 0.02
0.0
0.0
    12      60    5.5e+00    0    4.0e-02  -360.27596497  -342.64541311    -0.00000058   0.000203   1.5e-03   1.2e-04 0.02
0.0
0.0
    13      70    6.8e+00    0    4.1e-02  -360.27596520  -342.64541335    -0.00000023   0.000095   7.1e-04   1.2e-04 0.02
 
RESULTS OF THE OCCUPATION OPTIMIZATION
========================================
   1    1.9999601  -79.26478857
   2    1.9995951  -6.50050524
   3    1.9995952  -6.49632032
   4    1.9991981  -5.78702447
   5    1.9990363  -5.56450952
   6    1.9774907  -0.63256373
   7    1.9774749  -0.63254087
   8    1.9774906  -0.63250118
   9    1.9682367  -0.49214269
  10    0.0115539  -0.00658003
  11    0.0099586  -0.00779448
  12    0.0099638  -0.00779976
  13    0.0099642  -0.00779692
  14    0.0004579  -0.00428202
  15    0.0004781  -0.00449532
  16    0.0004010  -0.00404628
  17    0.0003989  -0.00403507
  18    0.0000359  -0.00572141
  19    0.0115131  -0.00656560
  20    0.0045972  -0.00414841
  21    0.0045922  -0.00414588
  22    0.0046047  -0.00415154
  23    0.0002201  -0.00183178
  24    0.0001828  -0.00159690
  25    0.0000012  -0.00001360
  26    0.0000007  -0.00000779
  27    0.0000013  -0.00012007
  28    0.0069092  -0.00444806
  29    0.0041181  -0.00363857
  30    0.0041275  -0.00364433
  31    0.0041094  -0.00363337
  32    0.0001350  -0.00114918
  33    0.0001352  -0.00117773
  34    0.0000004  -0.00000035
  35    0.0000005  -0.00000084
  36    0.0000013  -0.00012046
  37    0.0007779  -0.00074865
  38    0.0031404  -0.00296896
  39    0.0031426  -0.00296973
  40    0.0031315  -0.00296422
  41    0.0001350  -0.00114840
  42    0.0000018  -0.00000464
  43    0.0000003  -0.00000001
  44    0.0000005  -0.00000044
  45    0.0000010  -0.00022624
  46    0.0003002  -0.00029660
  47    0.0001259  -0.00019516
  48    0.0001255  -0.00019531
  49    0.0001279  -0.00019612
  50    0.0000098  -0.00012264
  51    0.0000011  -0.00000103
  52    0.0000002  0.00000036
  53    0.0000004  -0.00000004
  54    0.0000002  0.00000011
  55    0.0002995  -0.00029625
  56    0.0001153  -0.00018484
  57    0.0001194  -0.00018676
  58    0.0001199  -0.00018685
  59    0.0000013  -0.00000066
  60    0.0000009  -0.00000057
  61    0.0000002  0.00000042
  62    0.0000004  0.00000009
  63    0.0000001  0.00000021
  64    0.0000867  -0.00010904
  65    0.0000945  -0.00014729
  66    0.0000925  -0.00014718
  67    0.0000934  -0.00014583
  68    0.0000011  -0.00000005
  69    0.0000006  -0.00000034
  70    0.0000002  0.00000044
  71    0.0000004  0.00000016
  72    0.0000000  0.00000013
  73    0.0000831  -0.00010771
  74    0.0000795  -0.00014076
  75    0.0000818  -0.00014188
  76    0.0000804  -0.00014291
  77    0.0000007  -0.00000006
  78    0.0000003  0.00000050
  79    0.0000002  0.00000044
  80    0.0000004  0.00000022
  81    0.0000000  0.00000007
  82    0.0000624  -0.00009561
  83    0.0000749  -0.00013961
  84    0.0000747  -0.00013957
  85    0.0000766  -0.00014052
  86    0.0000005  0.00000019
  87    0.0000002  0.00000052
  88    0.0000002  0.00000044
  89    0.0000004  0.00000022
  90    0.0000000  0.00000005
  91    0.0000342  -0.00004477
  92    0.0000627  -0.00013976
  93    0.0000616  -0.00013902
  94    0.0000622  -0.00013931
  95    0.0000005  -0.00000004
  96    0.0000002  0.00000050
  97    0.0000002  0.00000041
  98    0.0000004  0.00000024
  99    0.0000000  0.00000005
 100    0.0000320  -0.00004568
 101    0.0000433  -0.00009917
 102    0.0000454  -0.00010028
 103    0.0000423  -0.00009866
 104    0.0000004  0.00000025
 105    0.0000001  0.00000043
 106    0.0000002  0.00000044
 107    0.0000003  0.00000026
 108    0.0000000  0.00000005
 109    0.0000279  -0.00004184
 110    0.0000420  -0.00009383
 111    0.0000399  -0.00009276
 112    0.0000380  -0.00009157
 113    0.0000003  0.00000024
 114    0.0000001  0.00000036
 115    0.0000001  0.00000040
 116    0.0000003  0.00000038
 117    0.0000000  0.00000004
 118    0.0000232  -0.00002863
 119    0.0000285  -0.00005255
 120    0.0000270  -0.00005167
 121    0.0000283  -0.00005244
 122    0.0000003  0.00000055
 123    0.0000001  0.00000037
 124    0.0000001  0.00000041
 125    0.0000003  0.00000054
 126    0.0000000  0.00000004
 127    0.0000227  -0.00002858
 128    0.0000114  -0.00002891
 129    0.0000123  -0.00002938
 130    0.0000118  -0.00002905
 131    0.0000003  0.00000055
 132    0.0000001  0.00000037
 133    0.0000001  0.00000037
 134    0.0000003  0.00000062
 135    0.0000000  0.00000004
 136    0.0000208  -0.00002835
 137    0.0000106  -0.00002757
 138    0.0000113  -0.00002800
 139    0.0000099  -0.00002727
 140    0.0000003  0.00000064
 141    0.0000001  0.00000035
 142    0.0000001  0.00000038
 143    0.0000003  0.00000068
 144    0.0000000  0.00000004
 145    0.0000163  -0.00001937
 146    0.0000067  -0.00002022
 147    0.0000077  -0.00002075
 148    0.0000089  -0.00002130
 149    0.0000002  0.00000059
 150    0.0000001  0.00000033
 151    0.0000001  0.00000035
 152    0.0000003  0.00000070
 153    0.0000000  0.00000004
 
----------------
 Final Energies 
----------------
Final NOF Total Energy =    -342.6454133
 
Total Orbital Internal Iterations = 500
Total Occupation Internal Iterations = 31
 
Elapsed time:  128.01 Seconds

---------------------------------
   Lowdin Population Analysis    
---------------------------------
 Idx  Atom   Population   Charge 
---------------------------------
  1     P    14.492       0.508
  2     H     1.169      -0.169
  3     H     1.169      -0.169
  4     H     1.169      -0.169

---------------------------------
   M Diagnostic: 0.02
---------------------------------

