Computing Integrals
Elapsed time:    5.66 Seconds

Number of basis functions                   (NBF)    = 525
Number of auxiliary basis functions         (NBFAUX) = 519
Inactive Doubly occupied orbitals up to     (NO1)    = 0
No. considered Strongly Doubly occupied MOs (NDOC)   = 19
No. considered Strongly Singly occupied MOs (NSOC)   = 0
NO. of Weakly occ. per St. Doubly occ.  MOs (NCWO)   = 26
Dimension of the Nat. Orb. subspace         (NBF5)   = 513
No. of electrons                                     = 38
    No. of alpha electrons                           = 19
    No. of beta electrons                            = 19
Multiplicity                                         = 1

Geometry
========
 C      -1.1565200       2.9335200       1.3863900
 H      -1.8590000       3.6403700       1.8477900
 H      -0.8847600       3.3146600       0.3918800
 H      -0.2501000       2.9054700       2.0056400
 C      -1.7858300       1.5323400       1.2736700
 H      -2.6720900       1.5785500       0.6184600
 H      -1.0775200       0.8501500       0.7738800
 C      -2.1699700       0.9673000       2.5645100
 C      -2.4784700       0.5253500       3.6525100
 C      -2.8519500      -0.0152700       4.9527500
 H      -2.4239100      -1.0178100       5.1069400
 H      -2.4933600       0.6285900       5.7704400
 H      -3.9449400      -0.1011000       5.0517800

No violations of the orthonormality
No violations of the orthonormality
 
PNOF5/ADAM Calculation
==================
 
  Nitext  Nit_orb  Time   Nit_occ  Time         Eelec          Etot           Ediff      maxdiff    Grad_orb  Grad_occ
0.044357766289099154
0.08914992839901477
     1      10    7.5e+01   15    4.5e+01  -344.36423664  -194.32989440 -10343.36423664   0.084044   2.3e+00   2.9e-04 0.06
0.0035462289757414688
0.007486754352267771
     2      30    1.7e+02    5    4.8e+00  -344.49912026  -194.46477802    -0.13488362   0.003232   3.9e-02   3.0e-04 0.05
0.0021446779569997965
0.004261569561163625
     3      30    2.3e+02   11    7.7e+00  -344.50093980  -194.46659756    -0.00181954   0.005002   5.7e-02   2.3e-04 0.05
0.0022508310826639677
0.004251022821273585
     4      30    2.1e+02    5    4.7e+00  -344.50196546  -194.46762322    -0.00102566   0.002282   4.1e-02   1.8e-04 0.04
0.0018010614584671875
0.0035752178338369386
     5      30    1.5e+02    5    4.8e+00  -344.50264769  -194.46830545    -0.00068224   0.002038   3.9e-02   2.5e-04 0.04
0.0014321724539776426
0.002741166570917102
     6      30    1.2e+02    8    5.9e+00  -344.50320316  -194.46886092    -0.00055547   0.001771   3.0e-02   2.1e-04 0.04
0.0012417155782208662
0.002490862292143846
     7      30    1.2e+02    4    4.2e+00  -344.50369997  -194.46935773    -0.00049681   0.001536   2.5e-02   2.4e-04 0.03
0.0007852972078538079
0.001728276337483607
     8      30    1.5e+02    2    3.2e+00  -344.50395828  -194.46961604    -0.00025831   0.001921   3.1e-02   2.0e-04 0.03
0.0007465273158171765
0.001652433328956309
     9      30    1.6e+02    6    5.0e+00  -344.50415743  -194.46981519    -0.00019915   0.001600   2.6e-02   1.8e-04 0.03
0.0006759232256851044
0.0015637735034314693
    10      30    1.6e+02    6    5.2e+00  -344.50439090  -194.47004866    -0.00023346   0.004017   3.5e-02   1.4e-04 0.03
0.0005259603558370185
0.0012408493280874795
    11      30    2.2e+02    3    3.7e+00  -344.50460795  -194.47026571    -0.00021706   0.001535   2.2e-02   1.8e-04 0.03
0.0005899757779390669
0.001085219602599213
    12      30    1.7e+02    2    3.4e+00  -344.50469641  -194.47035417    -0.00008846   0.002026   2.6e-02   1.7e-04 0.03
0.0004741478991802106
0.0010041559397592189
    13      30    1.8e+02    1    2.9e+00  -344.50477295  -194.47043071    -0.00007654   0.001922   2.3e-02   2.0e-04 0.03
0.00039339879053890137
0.0007788003816372275
    14      30    1.2e+02    1    2.8e+00  -344.50480591  -194.47046367    -0.00003296   0.001320   2.7e-02   2.1e-04 0.03
0.00035447959654610894
0.0006432080857254553
    15      30    1.6e+02    1    2.6e+00  -344.50484847  -194.47050623    -0.00004256   0.002363   2.5e-02   2.3e-04 0.03
0.00033595943743341787
0.0006374791278995425
    16      30    1.3e+02    3    3.7e+00  -344.50485820  -194.47051596    -0.00000973   0.001622   2.7e-02   2.1e-04 0.03
0.0003177175870631155
0.0005077291407035382
    17      50    2.3e+02    1    2.6e+00  -344.50494262  -194.47060038    -0.00008442   0.000631   4.0e-03   1.6e-04 0.03
0.0002446918485115024
0.0004225527247510886
    18      50    2.0e+02    1    2.7e+00  -344.50495652  -194.47061428    -0.00001390   0.000167   2.2e-03   1.7e-04 0.03
0.0001589852762940991
0.00034394302432829213
    19      50    3.0e+02    5    4.9e+00  -344.50496580  -194.47062357    -0.00000928   0.000165   2.4e-03   1.3e-04 0.02
0.00019503634624451482
0.00033325865965606
    20      50    3.4e+02    1    2.7e+00  -344.50503377  -194.47069153    -0.00006797   0.000383   4.4e-03   1.3e-04 0.02
0.00018238806843684507
0.00031579276460579086
    21      50    2.2e+02    1    2.6e+00  -344.50503989  -194.47069765    -0.00000612   0.000360   3.9e-03   1.5e-04 0.02
0.00020762978012305727
0.00028435786034145796
    22      50    2.1e+02    2    3.4e+00  -344.50504357  -194.47070133    -0.00000368   0.000644   7.0e-03   1.6e-04 0.02
0.0
0.0
    23      50    3.2e+02    0    2.3e+00  -344.50505867  -194.47071643    -0.00001511   0.000330   3.7e-03   2.1e-04 0.02
0.0
0.0
    24      60    3.2e+02    0    2.2e+00  -344.50505931  -194.47071707    -0.00000064   0.000269   3.6e-03   2.1e-04 0.02
0.0
0.0
    25      70    4.2e+02    0    2.2e+00  -344.50506028  -194.47071804    -0.00000097   0.000122   1.1e-03   2.1e-04 0.02
0.0
0.0
    26      66    4.6e+02    0    2.2e+00  -344.50506066  -194.47071842    -0.00000039   0.000100   1.1e-03   2.1e-04 0.02
 
RESULTS OF THE OCCUPATION OPTIMIZATION
========================================
   1    1.9994393  -11.24061078
   2    1.9994393  -11.24059743
   3    1.9994397  -11.22166606
   4    1.9994714  -11.20761622
   5    1.9994692  -11.20543958
   6    1.9893120  -0.80980372
   7    1.9891842  -0.80567591
   8    1.9845734  -0.72295052
   9    1.9777189  -0.68161088
  10    1.9777352  -0.68150336
  11    1.9777319  -0.68150332
  12    1.9774898  -0.67784748
  13    1.9775075  -0.67775583
  14    1.9775493  -0.67158265
  15    1.9776425  -0.67017786
  16    1.9776294  -0.67013431
  17    1.9779294  -0.62108977
  18    1.9748568  -0.59635055
  19    1.9731252  -0.58270321
  20    0.0221758  -0.01447496
  21    0.0204621  -0.01384925
  22    0.0175836  -0.01281118
  23    0.0144048  -0.01160268
  24    0.0143697  -0.01158888
  25    0.0144689  -0.01164683
  26    0.0147941  -0.01189490
  27    0.0147887  -0.01189525
  28    0.0144589  -0.01169897
  29    0.0144084  -0.01168134
  30    0.0144230  -0.01168936
  31    0.0122116  -0.01090245
  32    0.0076652  -0.00815715
  33    0.0074762  -0.00801898
  34    0.0003808  -0.00756658
  35    0.0003806  -0.00756410
  36    0.0003835  -0.00759239
  37    0.0003834  -0.00760347
  38    0.0003832  -0.00759847
  39    0.0029785  -0.00266602
  40    0.0029582  -0.00271192
  41    0.0028381  -0.00276089
  42    0.0035827  -0.00385351
  43    0.0035972  -0.00386054
  44    0.0036048  -0.00386598
  45    0.0033102  -0.00365027
  46    0.0033187  -0.00365595
  47    0.0034977  -0.00378757
  48    0.0035284  -0.00380332
  49    0.0035244  -0.00380203
  50    0.0014346  -0.00201803
  51    0.0010495  -0.00171791
  52    0.0010845  -0.00175386
  53    0.0000656  -0.00096677
  54    0.0000653  -0.00096094
  55    0.0000579  -0.00084995
  56    0.0000570  -0.00083663
  57    0.0000581  -0.00085052
  58    0.0010913  -0.00121207
  59    0.0010548  -0.00121025
  60    0.0008003  -0.00105219
  61    0.0018749  -0.00220724
  62    0.0018785  -0.00220903
  63    0.0018680  -0.00219442
  64    0.0019309  -0.00226576
  65    0.0019388  -0.00227195
  66    0.0018836  -0.00222423
  67    0.0018934  -0.00222995
  68    0.0019018  -0.00223617
  69    0.0007462  -0.00117882
  70    0.0008663  -0.00140997
  71    0.0008621  -0.00140259
  72    0.0000391  -0.00054225
  73    0.0000388  -0.00053739
  74    0.0000562  -0.00082542
  75    0.0000559  -0.00082335
  76    0.0000574  -0.00084286
  77    0.0004504  -0.00062386
  78    0.0004243  -0.00061577
  79    0.0004925  -0.00069862
  80    0.0018632  -0.00219358
  81    0.0018669  -0.00219548
  82    0.0018613  -0.00219777
  83    0.0018344  -0.00218508
  84    0.0018394  -0.00218745
  85    0.0017944  -0.00213364
  86    0.0018001  -0.00213603
  87    0.0017971  -0.00213410
  88    0.0007298  -0.00117040
  89    0.0008030  -0.00133703
  90    0.0008344  -0.00136863
  91    0.0000379  -0.00052992
  92    0.0000366  -0.00051155
  93    0.0000546  -0.00079193
  94    0.0000559  -0.00082309
  95    0.0000544  -0.00079085
  96    0.0000782  -0.00014166
  97    0.0000733  -0.00014232
  98    0.0000788  -0.00015495
  99    0.0001096  -0.00019997
 100    0.0001096  -0.00020007
 101    0.0001097  -0.00019969
 102    0.0001048  -0.00019482
 103    0.0001050  -0.00019487
 104    0.0001071  -0.00019673
 105    0.0001074  -0.00019716
 106    0.0001072  -0.00019705
 107    0.0000925  -0.00019069
 108    0.0001352  -0.00026469
 109    0.0001341  -0.00026301
 110    0.0000057  -0.00028721
 111    0.0000057  -0.00028686
 112    0.0000056  -0.00028480
 113    0.0000055  -0.00028311
 114    0.0000057  -0.00028577
 115    0.0000377  -0.00011545
 116    0.0000593  -0.00013986
 117    0.0000723  -0.00015702
 118    0.0001035  -0.00019422
 119    0.0001035  -0.00019421
 120    0.0001030  -0.00019288
 121    0.0000976  -0.00018668
 122    0.0000980  -0.00018682
 123    0.0001000  -0.00019010
 124    0.0001004  -0.00019051
 125    0.0001000  -0.00019020
 126    0.0000910  -0.00018778
 127    0.0001325  -0.00026199
 128    0.0001324  -0.00026183
 129    0.0000003  -0.00001471
 130    0.0000003  -0.00001528
 131    0.0000008  -0.00000285
 132    0.0000004  -0.00000221
 133    0.0000006  -0.00000219
 134    0.0000282  -0.00009119
 135    0.0000456  -0.00010435
 136    0.0000473  -0.00010283
 137    0.0000847  -0.00016116
 138    0.0000846  -0.00016112
 139    0.0000844  -0.00016088
 140    0.0000830  -0.00016497
 141    0.0000831  -0.00016476
 142    0.0000838  -0.00016019
 143    0.0000838  -0.00016034
 144    0.0000836  -0.00016052
 145    0.0000265  -0.00008486
 146    0.0000325  -0.00010510
 147    0.0000318  -0.00010233
 148    0.0000002  -0.00000021
 149    0.0000001  -0.00000015
 150    0.0000004  -0.00000382
 151    0.0000004  -0.00001083
 152    0.0000003  -0.00001494
 153    0.0000096  -0.00002844
 154    0.0000291  -0.00005457
 155    0.0000380  -0.00006577
 156    0.0000829  -0.00015984
 157    0.0000830  -0.00016013
 158    0.0000843  -0.00016096
 159    0.0000810  -0.00015638
 160    0.0000817  -0.00015696
 161    0.0000823  -0.00015770
 162    0.0000825  -0.00015783
 163    0.0000819  -0.00015759
 164    0.0000244  -0.00008039
 165    0.0000309  -0.00010098
 166    0.0000315  -0.00010154
 167    0.0000001  0.00000016
 168    0.0000001  0.00000001
 169    0.0000003  -0.00001262
 170    0.0000002  -0.00000551
 171    0.0000002  -0.00000088
 172    0.0000058  -0.00002401
 173    0.0000078  -0.00002702
 174    0.0000300  -0.00005748
 175    0.0000818  -0.00016235
 176    0.0000816  -0.00016233
 177    0.0000824  -0.00016357
 178    0.0000802  -0.00015632
 179    0.0000803  -0.00015658
 180    0.0000798  -0.00015921
 181    0.0000801  -0.00015933
 182    0.0000801  -0.00015896
 183    0.0000181  -0.00004330
 184    0.0000237  -0.00007100
 185    0.0000250  -0.00007128
 186    0.0000001  0.00000005
 187    0.0000001  0.00000014
 188    0.0000002  -0.00000060
 189    0.0000001  -0.00000026
 190    0.0000001  -0.00000018
 191    0.0000036  -0.00001417
 192    0.0000052  -0.00002499
 193    0.0000219  -0.00004146
 194    0.0000522  -0.00013770
 195    0.0000524  -0.00013797
 196    0.0000525  -0.00013853
 197    0.0000496  -0.00013246
 198    0.0000495  -0.00013218
 199    0.0000520  -0.00013654
 200    0.0000525  -0.00013710
 201    0.0000517  -0.00013644
 202    0.0000108  -0.00004007
 203    0.0000128  -0.00003225
 204    0.0000139  -0.00003313
 205    0.0000001  0.00000016
 206    0.0000001  0.00000016
 207    0.0000001  -0.00000030
 208    0.0000001  -0.00000008
 209    0.0000001  0.00000008
 210    0.0000031  -0.00001033
 211    0.0000037  -0.00001473
 212    0.0000145  -0.00002142
 213    0.0000297  -0.00007643
 214    0.0000298  -0.00007656
 215    0.0000299  -0.00007629
 216    0.0000286  -0.00007473
 217    0.0000287  -0.00007477
 218    0.0000300  -0.00007621
 219    0.0000300  -0.00007640
 220    0.0000306  -0.00007676
 221    0.0000095  -0.00002799
 222    0.0000121  -0.00003011
 223    0.0000111  -0.00003093
 224    0.0000001  0.00000016
 225    0.0000001  0.00000016
 226    0.0000001  -0.00000013
 227    0.0000001  0.00000009
 228    0.0000001  0.00000007
 229    0.0000021  -0.00000896
 230    0.0000034  -0.00001098
 231    0.0000120  -0.00002912
 232    0.0000244  -0.00006883
 233    0.0000251  -0.00006871
 234    0.0000248  -0.00006830
 235    0.0000241  -0.00006721
 236    0.0000245  -0.00006753
 237    0.0000242  -0.00006747
 238    0.0000244  -0.00006759
 239    0.0000249  -0.00006807
 240    0.0000087  -0.00002617
 241    0.0000102  -0.00003173
 242    0.0000097  -0.00003317
 243    0.0000001  0.00000017
 244    0.0000001  0.00000016
 245    0.0000001  0.00000011
 246    0.0000001  0.00000007
 247    0.0000001  0.00000010
 248    0.0000014  -0.00000663
 249    0.0000032  -0.00001042
 250    0.0000089  -0.00001804
 251    0.0000238  -0.00006791
 252    0.0000235  -0.00006814
 253    0.0000242  -0.00006849
 254    0.0000227  -0.00006567
 255    0.0000225  -0.00006588
 256    0.0000234  -0.00006642
 257    0.0000228  -0.00006619
 258    0.0000226  -0.00006589
 259    0.0000047  -0.00001988
 260    0.0000071  -0.00002399
 261    0.0000078  -0.00002457
 262    0.0000001  0.00000017
 263    0.0000001  0.00000017
 264    0.0000001  0.00000011
 265    0.0000001  0.00000021
 266    0.0000000  0.00000015
 267    0.0000013  -0.00000542
 268    0.0000022  -0.00000809
 269    0.0000071  -0.00001502
 270    0.0000080  -0.00002620
 271    0.0000086  -0.00002662
 272    0.0000086  -0.00002643
 273    0.0000087  -0.00002669
 274    0.0000080  -0.00002626
 275    0.0000089  -0.00002661
 276    0.0000089  -0.00002676
 277    0.0000097  -0.00002715
 278    0.0000040  -0.00001601
 279    0.0000064  -0.00002353
 280    0.0000064  -0.00002316
 281    0.0000001  0.00000016
 282    0.0000001  0.00000016
 283    0.0000001  0.00000014
 284    0.0000001  0.00000021
 285    0.0000000  0.00000013
 286    0.0000011  -0.00000513
 287    0.0000020  -0.00000625
 288    0.0000055  -0.00000574
 289    0.0000078  -0.00002598
 290    0.0000083  -0.00002629
 291    0.0000076  -0.00002582
 292    0.0000080  -0.00002591
 293    0.0000075  -0.00002567
 294    0.0000070  -0.00002521
 295    0.0000076  -0.00002575
 296    0.0000076  -0.00002571
 297    0.0000032  -0.00001466
 298    0.0000060  -0.00002219
 299    0.0000052  -0.00002166
 300    0.0000001  0.00000017
 301    0.0000001  0.00000017
 302    0.0000001  0.00000014
 303    0.0000001  0.00000022
 304    0.0000000  0.00000013
 305    0.0000010  -0.00000401
 306    0.0000016  -0.00000495
 307    0.0000032  -0.00000724
 308    0.0000067  -0.00002054
 309    0.0000065  -0.00002036
 310    0.0000057  -0.00001954
 311    0.0000067  -0.00002019
 312    0.0000060  -0.00001953
 313    0.0000061  -0.00001982
 314    0.0000060  -0.00001988
 315    0.0000068  -0.00002047
 316    0.0000017  -0.00000426
 317    0.0000044  -0.00001493
 318    0.0000042  -0.00001549
 319    0.0000001  0.00000017
 320    0.0000001  0.00000017
 321    0.0000000  0.00000014
 322    0.0000001  0.00000022
 323    0.0000000  0.00000014
 324    0.0000009  -0.00000193
 325    0.0000015  -0.00000209
 326    0.0000029  -0.00000364
 327    0.0000056  -0.00002000
 328    0.0000055  -0.00002001
 329    0.0000055  -0.00001999
 330    0.0000060  -0.00001973
 331    0.0000057  -0.00001958
 332    0.0000053  -0.00001952
 333    0.0000057  -0.00001970
 334    0.0000055  -0.00001989
 335    0.0000016  -0.00000321
 336    0.0000036  -0.00000985
 337    0.0000038  -0.00001013
 338    0.0000001  0.00000017
 339    0.0000001  0.00000018
 340    0.0000000  0.00000015
 341    0.0000001  0.00000022
 342    0.0000000  0.00000012
 343    0.0000009  -0.00000200
 344    0.0000011  -0.00000224
 345    0.0000023  -0.00000321
 346    0.0000048  -0.00001509
 347    0.0000042  -0.00001489
 348    0.0000046  -0.00001504
 349    0.0000046  -0.00001550
 350    0.0000048  -0.00001542
 351    0.0000045  -0.00001547
 352    0.0000047  -0.00001567
 353    0.0000051  -0.00001577
 354    0.0000014  -0.00000201
 355    0.0000031  -0.00001077
 356    0.0000028  -0.00001034
 357    0.0000001  0.00000018
 358    0.0000001  0.00000017
 359    0.0000000  0.00000014
 360    0.0000001  0.00000021
 361    0.0000000  0.00000014
 362    0.0000007  -0.00000186
 363    0.0000009  -0.00000198
 364    0.0000021  -0.00000384
 365    0.0000037  -0.00001327
 366    0.0000037  -0.00001285
 367    0.0000040  -0.00001353
 368    0.0000034  -0.00001212
 369    0.0000038  -0.00001235
 370    0.0000037  -0.00001234
 371    0.0000035  -0.00001233
 372    0.0000033  -0.00001230
 373    0.0000011  -0.00000142
 374    0.0000024  -0.00000918
 375    0.0000025  -0.00000933
 376    0.0000001  0.00000018
 377    0.0000001  0.00000017
 378    0.0000000  0.00000015
 379    0.0000001  0.00000020
 380    0.0000000  0.00000014
 381    0.0000007  -0.00000021
 382    0.0000008  -0.00000113
 383    0.0000020  -0.00000236
 384    0.0000034  -0.00000982
 385    0.0000032  -0.00000977
 386    0.0000036  -0.00000990
 387    0.0000029  -0.00000966
 388    0.0000034  -0.00001035
 389    0.0000035  -0.00000948
 390    0.0000028  -0.00000883
 391    0.0000032  -0.00000918
 392    0.0000011  -0.00000094
 393    0.0000019  -0.00000492
 394    0.0000020  -0.00000435
 395    0.0000001  0.00000017
 396    0.0000001  0.00000018
 397    0.0000000  0.00000014
 398    0.0000001  0.00000021
 399    0.0000000  0.00000014
 400    0.0000006  -0.00000015
 401    0.0000007  -0.00000006
 402    0.0000017  -0.00000213
 403    0.0000028  -0.00000933
 404    0.0000028  -0.00000920
 405    0.0000033  -0.00001004
 406    0.0000028  -0.00000968
 407    0.0000033  -0.00001014
 408    0.0000029  -0.00000964
 409    0.0000027  -0.00000938
 410    0.0000024  -0.00000922
 411    0.0000010  -0.00000154
 412    0.0000017  -0.00000430
 413    0.0000018  -0.00000400
 414    0.0000001  0.00000018
 415    0.0000001  0.00000018
 416    0.0000000  0.00000014
 417    0.0000001  0.00000022
 418    0.0000000  0.00000013
 419    0.0000005  -0.00000001
 420    0.0000007  -0.00000053
 421    0.0000014  -0.00000056
 422    0.0000026  -0.00000866
 423    0.0000025  -0.00000851
 424    0.0000027  -0.00000867
 425    0.0000023  -0.00000839
 426    0.0000024  -0.00000837
 427    0.0000026  -0.00000866
 428    0.0000022  -0.00000820
 429    0.0000022  -0.00000832
 430    0.0000008  -0.00000119
 431    0.0000015  -0.00000443
 432    0.0000015  -0.00000479
 433    0.0000001  0.00000018
 434    0.0000001  0.00000019
 435    0.0000000  0.00000014
 436    0.0000001  0.00000021
 437    0.0000000  0.00000014
 438    0.0000004  -0.00000004
 439    0.0000006  -0.00000002
 440    0.0000013  -0.00000036
 441    0.0000026  -0.00000802
 442    0.0000022  -0.00000772
 443    0.0000021  -0.00000772
 444    0.0000021  -0.00000794
 445    0.0000022  -0.00000795
 446    0.0000022  -0.00000748
 447    0.0000022  -0.00000764
 448    0.0000020  -0.00000729
 449    0.0000008  -0.00000077
 450    0.0000013  -0.00000126
 451    0.0000012  -0.00000199
 452    0.0000001  0.00000018
 453    0.0000001  0.00000018
 454    0.0000000  0.00000013
 455    0.0000001  0.00000021
 456    0.0000000  0.00000014
 457    0.0000003  0.00000024
 458    0.0000005  0.00000009
 459    0.0000010  -0.00000099
 460    0.0000018  -0.00000440
 461    0.0000020  -0.00000448
 462    0.0000017  -0.00000460
 463    0.0000015  -0.00000429
 464    0.0000018  -0.00000449
 465    0.0000017  -0.00000474
 466    0.0000017  -0.00000478
 467    0.0000017  -0.00000477
 468    0.0000007  -0.00000032
 469    0.0000011  -0.00000075
 470    0.0000010  -0.00000090
 471    0.0000001  0.00000018
 472    0.0000001  0.00000019
 473    0.0000000  0.00000013
 474    0.0000001  0.00000021
 475    0.0000000  0.00000014
 476    0.0000003  0.00000038
 477    0.0000004  0.00000023
 478    0.0000009  -0.00000040
 479    0.0000014  -0.00000180
 480    0.0000014  -0.00000162
 481    0.0000016  -0.00000177
 482    0.0000012  -0.00000159
 483    0.0000013  -0.00000174
 484    0.0000015  -0.00000175
 485    0.0000014  -0.00000162
 486    0.0000016  -0.00000173
 487    0.0000006  -0.00000075
 488    0.0000008  -0.00000077
 489    0.0000008  -0.00000087
 490    0.0000001  0.00000019
 491    0.0000000  0.00000018
 492    0.0000000  0.00000013
 493    0.0000001  0.00000020
 494    0.0000000  0.00000014
 495    0.0000003  0.00000035
 496    0.0000004  0.00000028
 497    0.0000009  -0.00000063
 498    0.0000011  -0.00000158
 499    0.0000014  -0.00000145
 500    0.0000014  -0.00000171
 501    0.0000010  -0.00000150
 502    0.0000010  -0.00000127
 503    0.0000010  -0.00000157
 504    0.0000012  -0.00000158
 505    0.0000010  -0.00000157
 506    0.0000005  -0.00000003
 507    0.0000004  -0.00000022
 508    0.0000005  -0.00000006
 509    0.0000001  0.00000017
 510    0.0000000  0.00000018
 511    0.0000000  0.00000013
 512    0.0000001  0.00000019
 513    0.0000000  0.00000013
 
----------------
 Final Energies 
----------------
Final NOF Total Energy =    -194.4707184
 
Total Orbital Internal Iterations = 1006
Total Occupation Internal Iterations = 89
 
Elapsed time: 6025.23 Seconds

---------------------------------
   Lowdin Population Analysis    
---------------------------------
 Idx  Atom   Population   Charge 
---------------------------------
  1     C     5.775       0.225
  2     H     1.057      -0.057
  3     H     1.061      -0.061
  4     H     1.057      -0.057
  5     C     5.959       0.041
  6     H     1.038      -0.038
  7     H     1.038      -0.038
  8     C     6.024      -0.024
  9     C     6.033      -0.033
 10     C     5.824       0.176
 11     H     1.045      -0.045
 12     H     1.046      -0.046
 13     H     1.046      -0.046

---------------------------------
   M Diagnostic: 0.02
---------------------------------

