Computing Integrals
Elapsed time:    7.68 Seconds

Number of basis functions                   (NBF)    = 35
Number of auxiliary basis functions         (NBFAUX) = 51
Inactive Doubly occupied orbitals up to     (NO1)    = 0
No. considered Strongly Doubly occupied MOs (NDOC)   = 1
No. considered Strongly Singly occupied MOs (NSOC)   = 1
NO. of Weakly occ. per St. Doubly occ.  MOs (NCWO)   = 33
Dimension of the Nat. Orb. subspace         (NBF5)   = 35
No. of electrons                                     = 3
    No. of alpha electrons                           = 2
    No. of beta electrons                            = 1
Multiplicity                                         = 2

Geometry
========
Li       0.0000000       0.0000000       0.0000000

No violations of the orthonormality
No violations of the orthonormality
 
PNOF5/ADAM Calculation
==================
 
  Nitext  Nit_orb  Time   Nit_occ  Time         Eelec          Etot           Ediff      maxdiff    Grad_orb  Grad_occ
0.00027972849225899044
0.0003133773828459369
     1      10    1.7e+01    9    3.2e+01    -7.46315315    -7.46315315 -10006.46315315   0.004399   3.8e-02   1.4e-04 0.00
8.052344899400765e-5
9.445586409380938e-5
     2      10    1.2e-02    1    1.8e-03    -7.46368190    -7.46368190    -0.00052875   0.003656   4.0e-02   1.3e-04 0.00
0.0
0.0
     3      10    4.2e-02    0    1.0e-03    -7.46370359    -7.46370359    -0.00002169   0.005155   4.7e-02   1.4e-04 0.00
0.0
0.0
     4      20    1.5e-02    0    1.0e-03    -7.46376159    -7.46376159    -0.00005799   0.000169   1.3e-03   1.4e-04 0.00
0.0
0.0
     5      30    2.1e-02    0    1.2e-03    -7.46376560    -7.46376560    -0.00000401   0.000118   6.4e-04   1.4e-04 0.00
0.0
0.0
     6      27    2.4e-02    0    1.1e-03    -7.46376642    -7.46376642    -0.00000082   0.000099   5.1e-04   1.4e-04 0.00
 
RESULTS OF THE OCCUPATION OPTIMIZATION
========================================
   1    1.9949073  -2.50473911
   2    1.0000000  -0.09816091
   3    0.0023146  -0.00958890
   4    0.0009162  -0.00407107
   5    0.0009017  -0.00405244
   6    0.0008813  -0.00402559
   7    0.0000181  -0.00019779
   8    0.0000126  -0.00003094
   9    0.0000077  -0.00002400
  10    0.0000059  -0.00002069
  11    0.0000045  -0.00000128
  12    0.0000037  -0.00000124
  13    0.0000030  -0.00000112
  14    0.0000020  -0.00000100
  15    0.0000017  -0.00000094
  16    0.0000014  0.00000007
  17    0.0000013  0.00000009
  18    0.0000013  0.00000009
  19    0.0000013  -0.00000001
  20    0.0000012  -0.00000001
  21    0.0000011  0.00000012
  22    0.0000011  0.00000019
  23    0.0000010  0.00000013
  24    0.0000010  0.00000015
  25    0.0000010  0.00000015
  26    0.0000010  0.00000016
  27    0.0000009  0.00000017
  28    0.0000009  0.00000014
  29    0.0000009  0.00000015
  30    0.0000008  0.00000012
  31    0.0000008  0.00000013
  32    0.0000007  0.00000009
  33    0.0000007  0.00000015
  34    0.0000006  0.00000016
  35    0.0000005  0.00000013
 
----------------
 Final Energies 
----------------
Final NOF Total Energy =      -7.4637664
 
Total Orbital Internal Iterations = 107
Total Occupation Internal Iterations = 10
 
Elapsed time:   81.78 Seconds

---------------------------------
   Lowdin Population Analysis    
---------------------------------
 Idx  Atom   Population   Charge 
---------------------------------
  1    Li     3.000       0.000

---------------------------------
   M Diagnostic: 0.00
---------------------------------

