Computing Integrals
Elapsed time:    4.36 Seconds

Number of basis functions                   (NBF)    = 177
Number of auxiliary basis functions         (NBFAUX) = 147
Inactive Doubly occupied orbitals up to     (NO1)    = 0
No. considered Strongly Doubly occupied MOs (NDOC)   = 5
No. considered Strongly Singly occupied MOs (NSOC)   = 0
NO. of Weakly occ. per St. Doubly occ.  MOs (NCWO)   = 34
Dimension of the Nat. Orb. subspace         (NBF5)   = 175
No. of electrons                                     = 10
    No. of alpha electrons                           = 5
    No. of beta electrons                            = 5
Multiplicity                                         = 1

Geometry
========
 C       0.0000000       0.0000000       0.0000000
 H       0.6285100      -0.6285100       0.6285100
 H      -0.6285100       0.6285100       0.6285100
 H      -0.6285100      -0.6285100      -0.6285100
 H       0.6285100       0.6285100      -0.6285100

No violations of the orthonormality
No violations of the orthonormality
 
PNOF5/ADAM Calculation
==================
 
  Nitext  Nit_orb  Time   Nit_occ  Time         Eelec          Etot           Ediff      maxdiff    Grad_orb  Grad_occ
0.00410786114523054
0.010472526654008546
     1      10    1.9e+01    5    3.7e+01   -53.79586443   -40.34336316 -10052.79586443   0.075008   6.0e-01   2.2e-04 0.02
0.0005321748222306688
0.0013114086781799339
     2      30    3.9e+01    4    2.8e-01   -53.80232525   -40.34982399    -0.00646083   0.000400   4.3e-03   1.9e-04 0.02
0.00011501587226236953
0.00026629521558750027
     3      30    6.0e+01    1    1.0e-01   -53.80244808   -40.34994682    -0.00012283   0.000317   2.3e-03   1.5e-04 0.02
0.0
0.0
     4      30    6.5e+01    0    6.4e-02   -53.80245788   -40.34995662    -0.00000979   0.000811   4.3e-03   1.4e-04 0.02
0.0
0.0
     5      40    8.9e+01    0    6.2e-02   -53.80246191   -40.34996065    -0.00000403   0.000179   1.3e-03   1.4e-04 0.02
0.0
0.0
     6      42    6.4e+01    0    7.2e-02   -53.80246335   -40.34996209    -0.00000144   0.000092   6.0e-04   1.4e-04 0.02
 
RESULTS OF THE OCCUPATION OPTIMIZATION
========================================
   1    1.9994410  -11.20995884
   2    1.9781333  -0.66997379
   3    1.9781164  -0.66988839
   4    1.9780999  -0.66987712
   5    1.9780611  -0.66972973
   6    0.0138150  -0.01121921
   7    0.0137967  -0.01120877
   8    0.0137430  -0.01118915
   9    0.0137795  -0.01120123
  10    0.0003866  -0.00760759
  11    0.0038793  -0.00408116
  12    0.0038486  -0.00406399
  13    0.0039080  -0.00409222
  14    0.0038462  -0.00406383
  15    0.0000535  -0.00079983
  16    0.0017923  -0.00213225
  17    0.0017828  -0.00212659
  18    0.0017720  -0.00212012
  19    0.0017728  -0.00212167
  20    0.0000534  -0.00079872
  21    0.0017769  -0.00212476
  22    0.0017673  -0.00211948
  23    0.0017591  -0.00211528
  24    0.0017593  -0.00211445
  25    0.0000530  -0.00079643
  26    0.0001191  -0.00020187
  27    0.0001197  -0.00020173
  28    0.0001165  -0.00020083
  29    0.0001205  -0.00020200
  30    0.0000064  -0.00028770
  31    0.0001071  -0.00019724
  32    0.0001155  -0.00020032
  33    0.0001106  -0.00019832
  34    0.0001077  -0.00019646
  35    0.0000021  -0.00000272
  36    0.0000948  -0.00016614
  37    0.0000923  -0.00016543
  38    0.0001026  -0.00016913
  39    0.0000949  -0.00016583
  40    0.0000008  -0.00000215
  41    0.0000879  -0.00016296
  42    0.0000844  -0.00016109
  43    0.0000934  -0.00016517
  44    0.0000872  -0.00016214
  45    0.0000003  -0.00001658
  46    0.0000804  -0.00016012
  47    0.0000762  -0.00015773
  48    0.0000843  -0.00016014
  49    0.0000725  -0.00015528
  50    0.0000002  -0.00000055
  51    0.0000518  -0.00014282
  52    0.0000577  -0.00014622
  53    0.0000531  -0.00014326
  54    0.0000555  -0.00014467
  55    0.0000002  -0.00000028
  56    0.0000370  -0.00008069
  57    0.0000364  -0.00008021
  58    0.0000295  -0.00007598
  59    0.0000423  -0.00008299
  60    0.0000002  0.00000007
  61    0.0000228  -0.00006725
  62    0.0000322  -0.00007171
  63    0.0000177  -0.00006262
  64    0.0000243  -0.00006760
  65    0.0000001  0.00000037
  66    0.0000164  -0.00006125
  67    0.0000223  -0.00006651
  68    0.0000135  -0.00005796
  69    0.0000207  -0.00006497
  70    0.0000001  0.00000025
  71    0.0000133  -0.00002638
  72    0.0000111  -0.00002655
  73    0.0000114  -0.00002625
  74    0.0000146  -0.00002648
  75    0.0000001  0.00000025
  76    0.0000060  -0.00002309
  77    0.0000099  -0.00002636
  78    0.0000093  -0.00002557
  79    0.0000117  -0.00002614
  80    0.0000001  0.00000038
  81    0.0000059  -0.00002078
  82    0.0000060  -0.00001930
  83    0.0000089  -0.00001547
  84    0.0000088  -0.00001998
  85    0.0000001  0.00000033
  86    0.0000044  -0.00001832
  87    0.0000057  -0.00001948
  88    0.0000074  -0.00001898
  89    0.0000085  -0.00001915
  90    0.0000001  0.00000038
  91    0.0000037  -0.00001161
  92    0.0000051  -0.00001189
  93    0.0000055  -0.00001483
  94    0.0000057  -0.00001483
  95    0.0000001  0.00000029
  96    0.0000033  -0.00001454
  97    0.0000042  -0.00001568
  98    0.0000053  -0.00001720
  99    0.0000052  -0.00001463
 100    0.0000001  0.00000031
 101    0.0000032  -0.00000922
 102    0.0000029  -0.00000901
 103    0.0000043  -0.00000904
 104    0.0000046  -0.00001004
 105    0.0000001  0.00000034
 106    0.0000022  -0.00000762
 107    0.0000028  -0.00000814
 108    0.0000035  -0.00000883
 109    0.0000031  -0.00000926
 110    0.0000001  0.00000035
 111    0.0000020  -0.00000703
 112    0.0000028  -0.00000847
 113    0.0000030  -0.00000839
 114    0.0000028  -0.00000906
 115    0.0000001  0.00000034
 116    0.0000016  -0.00000630
 117    0.0000026  -0.00000732
 118    0.0000028  -0.00000853
 119    0.0000026  -0.00000790
 120    0.0000001  0.00000034
 121    0.0000016  -0.00000483
 122    0.0000024  -0.00000577
 123    0.0000024  -0.00000592
 124    0.0000024  -0.00000592
 125    0.0000001  0.00000035
 126    0.0000014  -0.00000076
 127    0.0000022  -0.00000102
 128    0.0000024  -0.00000162
 129    0.0000020  -0.00000149
 130    0.0000001  0.00000034
 131    0.0000013  -0.00000003
 132    0.0000020  -0.00000115
 133    0.0000021  -0.00000112
 134    0.0000018  -0.00000100
 135    0.0000001  0.00000034
 136    0.0000013  0.00000029
 137    0.0000013  -0.00000040
 138    0.0000020  -0.00000107
 139    0.0000017  -0.00000117
 140    0.0000001  0.00000035
 141    0.0000012  0.00000056
 142    0.0000012  -0.00000026
 143    0.0000018  -0.00000075
 144    0.0000014  0.00000035
 145    0.0000001  0.00000034
 146    0.0000011  0.00000017
 147    0.0000011  0.00000053
 148    0.0000017  -0.00000004
 149    0.0000013  -0.00000062
 150    0.0000001  0.00000035
 151    0.0000011  0.00000074
 152    0.0000011  0.00000033
 153    0.0000015  -0.00000035
 154    0.0000012  0.00000022
 155    0.0000001  0.00000034
 156    0.0000009  0.00000048
 157    0.0000010  0.00000040
 158    0.0000014  0.00000018
 159    0.0000012  0.00000043
 160    0.0000001  0.00000033
 161    0.0000009  0.00000051
 162    0.0000009  0.00000044
 163    0.0000014  0.00000019
 164    0.0000010  0.00000062
 165    0.0000001  0.00000034
 166    0.0000008  0.00000061
 167    0.0000009  0.00000061
 168    0.0000012  0.00000075
 169    0.0000009  0.00000008
 170    0.0000001  0.00000033
 171    0.0000007  0.00000069
 172    0.0000009  0.00000086
 173    0.0000012  0.00000084
 174    0.0000008  0.00000030
 175    0.0000001  0.00000032
 
----------------
 Final Energies 
----------------
Final NOF Total Energy =     -40.3499621
 
Total Orbital Internal Iterations = 182
Total Occupation Internal Iterations = 10
 
Elapsed time:  416.49 Seconds

---------------------------------
   Lowdin Population Analysis    
---------------------------------
 Idx  Atom   Population   Charge 
---------------------------------
  1     C     5.689       0.311
  2     H     1.078      -0.078
  3     H     1.078      -0.078
  4     H     1.078      -0.078
  5     H     1.078      -0.078

---------------------------------
   M Diagnostic: 0.02
---------------------------------

