Computing Integrals
Elapsed time:    6.97 Seconds

Number of basis functions                   (NBF)    = 467
Number of auxiliary basis functions         (NBFAUX) = 745
Inactive Doubly occupied orbitals up to     (NO1)    = 0
No. considered Strongly Doubly occupied MOs (NDOC)   = 54
No. considered Strongly Singly occupied MOs (NSOC)   = 0
NO. of Weakly occ. per St. Doubly occ.  MOs (NCWO)   = 7
Dimension of the Nat. Orb. subspace         (NBF5)   = 432
No. of electrons                                     = 108
    No. of alpha electrons                           = 54
    No. of beta electrons                            = 54
Multiplicity                                         = 1

Geometry
========
 P       0.0000000       0.0000000      -3.6282700
 C       0.0000000       0.0000000      -5.1527500
 H       0.0000000       0.0000000      -6.2243800
 I       0.0000000       0.0000000       0.0956300
 C       0.0000000       0.0000000       2.2363400
 F       0.0000000       1.2442500       2.7066200
 F      -1.0775600      -0.6221300       2.7066200
 F       1.0775600      -0.6221300       2.7066200

No violations of the orthonormality
No violations of the orthonormality
 
PNOF5/ADAM Calculation
==================
 
  Nitext  Nit_orb  Time   Nit_occ  Time         Eelec          Etot           Ediff      maxdiff    Grad_orb  Grad_occ
0.08455748822355114
0.21858283781281013
     1      10    4.4e+01   54    5.4e+01 -3860.65804448 -3152.75639466 -13859.65804448   2.603173   4.1e+01   1.2e-03 0.97
0.0077124446736947655
0.015983246542138136
     2      30    7.1e+01   23    1.1e+01 -3862.78981772 -3154.88816789    -2.13177324   0.037878   7.3e-01   2.3e-04 0.95
0.02061763779309944
0.02955452621069515
     3      30    7.1e+01   11    5.2e+00 -3862.81794479 -3154.91629497    -0.02812707   0.019422   3.5e-01   2.4e-04 0.99
0.017684120489408428
0.02517628552035344
     4      30    7.0e+01   10    4.8e+00 -3862.81971245 -3154.91806263    -0.00176766   0.020180   3.8e-01   3.0e-04 0.97
0.02663619419455454
0.03772128864610451
     5      30    7.0e+01    6    3.7e+00 -3862.82056036 -3154.91891054    -0.00084791   0.019568   3.7e-01   2.4e-04 0.92
0.014950178200909825
0.021170761849838758
     6      30    7.1e+01    3    2.5e+00 -3862.82122930 -3154.91957948    -0.00066894   0.020205   3.6e-01   2.5e-04 0.89
0.010107162007228387
0.014322632936054836
     7      30    7.0e+01    5    3.3e+00 -3862.82177746 -3154.92012764    -0.00054816   0.018165   3.7e-01   3.1e-04 0.87
0.006209717337095244
0.008839282074421384
     8      30    7.0e+01   11    5.3e+00 -3862.82194867 -3154.92029885    -0.00017121   0.020848   3.8e-01   2.3e-04 0.88
0.006947367860081322
0.00985947634167505
     9      30    6.9e+01    5    3.4e+00 -3862.82248111 -3154.92083129    -0.00053244   0.019853   3.9e-01   2.0e-04 0.89
0.006188491964317533
0.008783229999708927
    10      30    7.0e+01    5    3.5e+00 -3862.82288123 -3154.92123140    -0.00040011   0.016183   3.6e-01   2.4e-04 0.91
0.010086581283947682
0.014293181660272925
    11      30    6.6e+01    5    3.3e+00 -3862.82333928 -3154.92168945    -0.00045805   0.020104   4.1e-01   2.6e-04 0.89
0.009563001295616935
0.013533506235781631
    12      30    7.2e+01    5    3.1e+00 -3862.82334524 -3154.92169542    -0.00000596   0.018511   4.0e-01   2.3e-04 0.90
0.006554740170535145
0.009292864340550579
    13      50    1.1e+02    5    3.2e+00 -3862.82677200 -3154.92512218    -0.00342676   0.001674   3.1e-02   2.0e-04 0.89
0.00482846799937553
0.006846576918709345
    14      50    1.1e+02    2    2.0e+00 -3862.82689071 -3154.92524089    -0.00011871   0.002790   4.6e-02   1.9e-04 0.88
0.0035869479586746467
0.005085299791291587
    15      50    1.1e+02    5    3.1e+00 -3862.82695511 -3154.92530529    -0.00006440   0.003024   5.2e-02   1.7e-04 0.88
0.0008775519882028293
0.001283384235050091
    16      50    1.1e+02    2    2.1e+00 -3862.82703833 -3154.92538851    -0.00008322   0.002496   5.1e-02   1.5e-04 0.87
0.001420382154147859
0.002029462770535692
    17      50    1.2e+02    2    2.4e+00 -3862.82707316 -3154.92542333    -0.00003483   0.015702   1.0e-01   1.8e-04 0.88
0.0016917165386085564
0.00240578185351771
    18      50    1.1e+02    2    2.1e+00 -3862.82710198 -3154.92545216    -0.00002882   0.003336   5.3e-02   2.1e-04 0.87
0.0
0.0
    19      50    1.1e+02    0    1.6e+00 -3862.82711867 -3154.92546885    -0.00001669   0.003620   6.1e-02   2.3e-04 0.87
0.0
0.0
    20      60    1.4e+02    0    1.6e+00 -3862.82716924 -3154.92551941    -0.00005057   0.002485   3.6e-02   2.3e-04 0.87
0.0
0.0
    21      70    1.6e+02    0    1.7e+00 -3862.82718026 -3154.92553044    -0.00001103   0.002494   3.5e-02   2.4e-04 0.87
0.0014525955204186536
0.0020716695986095243
    22      80    1.8e+02    4    3.1e+00 -3862.82720633 -3154.92555650    -0.00002606   0.001518   2.4e-02   1.5e-04 0.87
0.0
0.0
    23      80    1.9e+02    0    1.4e+00 -3862.82722453 -3154.92557470    -0.00001820   0.021117   1.3e-01   2.3e-04 0.87
0.0
0.0
    24     110    2.5e+02    0    1.4e+00 -3862.82727245 -3154.92562263    -0.00004792   0.000287   4.0e-03   2.4e-04 0.87
0.0
0.0
    25     120    2.8e+02    0    1.6e+00 -3862.82727989 -3154.92563007    -0.00000744   0.000367   5.6e-03   2.4e-04 0.87
0.0
0.0
    26     130    2.9e+02    0    1.5e+00 -3862.82728759 -3154.92563777    -0.00000770   0.000294   4.4e-03   2.4e-04 0.87
0.0
0.0
    27     140    3.2e+02    0    1.5e+00 -3862.82729476 -3154.92564494    -0.00000717   0.000312   4.3e-03   2.4e-04 0.87
0.0
0.0
    28     150    2.9e+02    0    1.3e+00 -3862.82730194 -3154.92565212    -0.00000718   0.000186   3.1e-03   2.5e-04 0.87
0.0
0.0
    29     160    3.5e+02    0    1.3e+00 -3862.82730865 -3154.92565883    -0.00000671   0.000173   2.9e-03   2.5e-04 0.87
0.0
0.0
    30     170    3.5e+02    0    1.6e+00 -3862.82731497 -3154.92566514    -0.00000632   0.000161   2.2e-03   2.6e-04 0.87
0.0
0.0
    31     180    3.8e+02    0    1.4e+00 -3862.82732084 -3154.92567101    -0.00000587   0.000142   2.2e-03   2.6e-04 0.87
0.0
0.0
    32     190    3.6e+02    0    1.3e+00 -3862.82732634 -3154.92567652    -0.00000550   0.000158   1.8e-03   2.7e-04 0.87
0.0
0.0
    33     200    4.7e+02    0    1.3e+00 -3862.82733119 -3154.92568137    -0.00000485   0.000140   1.4e-03   2.7e-04 0.87
0.0
0.0
    34     210    5.0e+02    0    1.6e+00 -3862.82733513 -3154.92568530    -0.00000394   0.001482   8.5e-03   2.8e-04 0.87
0.0
0.0
    35     216    5.0e+02    0    1.5e+00 -3862.82733936 -3154.92568954    -0.00000424   0.000099   9.6e-04   2.9e-04 0.87
 
RESULTS OF THE OCCUPATION OPTIMIZATION
========================================
   1    2.0000000  -149.19470370
   2    1.9999325  -71.70060034
   3    2.0000000  -64.68776501
   4    1.9999999  -64.39068350
   5    2.0000000  -64.31156694
   6    1.9998532  -26.32834068
   7    1.9998532  -26.32722708
   8    1.9998530  -26.32687890
   9    1.9999999  -25.91672831
  10    1.9999996  -15.73416540
  11    1.9994336  -11.50227374
  12    1.9994441  -11.24892917
  13    1.9999996  -11.13491938
  14    1.9999998  -10.95022333
  15    1.9999997  -10.93461964
  16    1.9999997  -10.87061234
  17    1.9999997  -10.55633859
  18    1.9999997  -9.76847149
  19    1.9999997  -9.05971622
  20    1.9999997  -8.77635789
  21    1.9999925  -6.30071604
  22    1.9989712  -5.39115713
  23    1.9992878  -5.38893569
  24    1.9991955  -5.37566164
  25    1.9999448  -4.75606240
  26    1.9999409  -4.74753060
  27    1.9999436  -4.66478809
  28    1.9999424  -4.59301791
  29    1.9999416  -4.59059828
  30    1.9999495  -4.58981371
  31    1.9999453  -4.57622168
  32    1.9845930  -1.13185102
  33    1.9845233  -1.13080958
  34    1.9844370  -1.12895783
  35    1.9928290  -0.98510354
  36    1.9928562  -0.98300036
  37    1.9928732  -0.98194258
  38    1.9926364  -0.98174675
  39    1.9928151  -0.98159442
  40    1.9928615  -0.98099788
  41    1.9926482  -0.98053944
  42    1.9928567  -0.98016571
  43    1.9927956  -0.97605915
  44    1.9935155  -0.91756017
  45    1.9957488  -0.89448029
  46    1.9880359  -0.89157906
  47    1.9919617  -0.89143156
  48    1.9869208  -0.88049710
  49    1.9796889  -0.76886280
  50    1.9637038  -0.68758287
  51    1.9851501  -0.58866234
  52    1.9171631  -0.39855569
  53    1.9192502  -0.39618512
  54    1.1301421  -0.18999584
  55    0.8698355  -0.14467954
  56    0.0802016  -0.02707782
  57    0.0769160  -0.02608188
  58    0.0065548  -0.00457228
  59    0.0328870  -0.02240499
  60    0.0133241  -0.01173627
  61    0.0107133  -0.00949141
  62    0.0060551  -0.00612053
  63    0.0100358  -0.00905278
  64    0.0019891  -0.00245511
  65    0.0030208  -0.00393301
  66    0.0057093  -0.00906964
  67    0.0056507  -0.00904672
  68    0.0058460  -0.00921914
  69    0.0056419  -0.00904240
  70    0.0056922  -0.00909558
  71    0.0058561  -0.00923210
  72    0.0056190  -0.00903987
  73    0.0056328  -0.00905837
  74    0.0056916  -0.00912454
  75    0.0138870  -0.01793178
  76    0.0138166  -0.01789579
  77    0.0137533  -0.01785147
  78    0.0000534  -0.00039412
  79    0.0000493  -0.00037681
  80    0.0000571  -0.00042346
  81    0.0000564  -0.00042167
  82    0.0000553  -0.00041359
  83    0.0000578  -0.00044633
  84    0.0000539  -0.00041902
  85    0.0004285  -0.00401309
  86    0.0005325  -0.00463545
  87    0.0005275  -0.00459805
  88    0.0000026  -0.00003526
  89    0.0000000  0.00000008
  90    0.0000001  0.00000008
  91    0.0000000  0.00000008
  92    0.0000000  0.00000009
  93    0.0000000  0.00000009
  94    0.0000000  -0.00000004
  95    0.0000000  0.00000010
  96    0.0000001  -0.00000067
  97    0.0003901  -0.00769120
  98    0.0003957  -0.00781728
  99    0.0000001  -0.00000390
 100    0.0000000  0.00000009
 101    0.0001345  -0.00639335
 102    0.0001344  -0.00639095
 103    0.0001344  -0.00639131
 104    0.0000000  0.00000004
 105    0.0000000  0.00000004
 106    0.0000000  0.00000004
 107    0.0000655  -0.00837981
 108    0.0000000  0.00000001
 109    0.0000178  -0.00001526
 110    0.0001699  -0.00014714
 111    0.0037153  -0.00201760
 112    0.0023924  -0.00194722
 113    0.0011132  -0.00146920
 114    0.0035046  -0.00410596
 115    0.0012351  -0.00148873
 116    0.0009097  -0.00120031
 117    0.0010362  -0.00128681
 118    0.0006852  -0.00096508
 119    0.0013013  -0.00205695
 120    0.0005744  -0.00152427
 121    0.0005944  -0.00156251
 122    0.0006031  -0.00158074
 123    0.0005928  -0.00155571
 124    0.0005673  -0.00152823
 125    0.0005958  -0.00156348
 126    0.0005946  -0.00157327
 127    0.0005892  -0.00155676
 128    0.0005692  -0.00153699
 129    0.0008972  -0.00197406
 130    0.0008680  -0.00193754
 131    0.0008622  -0.00193633
 132    0.0000005  -0.00000006
 133    0.0000003  0.00000004
 134    0.0000004  -0.00000041
 135    0.0000003  -0.00000032
 136    0.0000003  -0.00000030
 137    0.0000003  -0.00000019
 138    0.0000003  0.00000004
 139    0.0002120  -0.00172385
 140    0.0001637  -0.00134214
 141    0.0001718  -0.00140108
 142    0.0000019  -0.00001387
 143    0.0000000  0.00000008
 144    0.0000001  0.00000008
 145    0.0000000  0.00000009
 146    0.0000000  0.00000010
 147    0.0000000  0.00000010
 148    0.0000000  0.00000010
 149    0.0000000  0.00000011
 150    0.0000000  0.00000010
 151    0.0000591  -0.00086276
 152    0.0000596  -0.00086452
 153    0.0000001  -0.00000016
 154    0.0000000  0.00000009
 155    0.0000082  -0.00026311
 156    0.0000079  -0.00025536
 157    0.0000076  -0.00024982
 158    0.0000000  0.00000004
 159    0.0000000  0.00000004
 160    0.0000000  0.00000003
 161    0.0000019  -0.00042709
 162    0.0000000  0.00000001
 163    0.0000018  -0.00000406
 164    0.0001404  -0.00012292
 165    0.0019461  -0.00110267
 166    0.0023774  -0.00193565
 167    0.0010879  -0.00137110
 168    0.0015381  -0.00203085
 169    0.0006536  -0.00089399
 170    0.0004625  -0.00063988
 171    0.0004625  -0.00065273
 172    0.0005353  -0.00082650
 173    0.0009788  -0.00152514
 174    0.0004135  -0.00114318
 175    0.0004193  -0.00115656
 176    0.0004218  -0.00116293
 177    0.0004019  -0.00111677
 178    0.0004092  -0.00116089
 179    0.0004080  -0.00113573
 180    0.0004162  -0.00116367
 181    0.0004027  -0.00114522
 182    0.0004089  -0.00115815
 183    0.0003814  -0.00094331
 184    0.0003792  -0.00093680
 185    0.0003811  -0.00094086
 186    0.0000002  0.00000005
 187    0.0000002  0.00000005
 188    0.0000002  0.00000008
 189    0.0000002  0.00000005
 190    0.0000002  0.00000004
 191    0.0000002  0.00000006
 192    0.0000002  0.00000005
 193    0.0001522  -0.00123362
 194    0.0000136  -0.00016365
 195    0.0001615  -0.00128540
 196    0.0000015  -0.00000765
 197    0.0000000  0.00000008
 198    0.0000000  0.00000008
 199    0.0000000  0.00000008
 200    0.0000000  0.00000010
 201    0.0000000  0.00000010
 202    0.0000000  0.00000011
 203    0.0000000  0.00000011
 204    0.0000000  0.00000008
 205    0.0000498  -0.00067107
 206    0.0000595  -0.00086256
 207    0.0000001  -0.00000012
 208    0.0000000  0.00000009
 209    0.0000015  -0.00004513
 210    0.0000016  -0.00004784
 211    0.0000017  -0.00004837
 212    0.0000000  0.00000004
 213    0.0000000  0.00000004
 214    0.0000000  0.00000004
 215    0.0000001  -0.00000025
 216    0.0000000  0.00000001
 217    0.0000009  -0.00000240
 218    0.0000973  -0.00009178
 219    0.0001324  -0.00010753
 220    0.0020792  -0.00170900
 221    0.0010577  -0.00135585
 222    0.0015309  -0.00204205
 223    0.0002235  -0.00036667
 224    0.0002640  -0.00039698
 225    0.0001991  -0.00031827
 226    0.0005162  -0.00075775
 227    0.0009561  -0.00148655
 228    0.0003981  -0.00111130
 229    0.0003570  -0.00103390
 230    0.0003574  -0.00103932
 231    0.0003765  -0.00108029
 232    0.0003866  -0.00108567
 233    0.0003764  -0.00107925
 234    0.0003733  -0.00106747
 235    0.0003933  -0.00109559
 236    0.0003655  -0.00104540
 237    0.0003389  -0.00086657
 238    0.0003489  -0.00088166
 239    0.0003540  -0.00089057
 240    0.0000002  0.00000012
 241    0.0000002  0.00000009
 242    0.0000002  0.00000008
 243    0.0000002  0.00000008
 244    0.0000002  0.00000011
 245    0.0000002  0.00000005
 246    0.0000002  0.00000008
 247    0.0000097  -0.00011968
 248    0.0000009  -0.00000988
 249    0.0001527  -0.00123499
 250    0.0000004  -0.00000212
 251    0.0000000  0.00000009
 252    0.0000000  0.00000009
 253    0.0000000  0.00000010
 254    0.0000000  0.00000011
 255    0.0000000  0.00000010
 256    0.0000000  0.00000011
 257    0.0000000  0.00000011
 258    0.0000000  0.00000011
 259    0.0000492  -0.00066170
 260    0.0000444  -0.00063323
 261    0.0000001  -0.00000011
 262    0.0000000  0.00000009
 263    0.0000013  -0.00004949
 264    0.0000015  -0.00004367
 265    0.0000015  -0.00004523
 266    0.0000000  0.00000003
 267    0.0000000  0.00000004
 268    0.0000000  0.00000003
 269    0.0000000  -0.00000011
 270    0.0000000  0.00000001
 271    0.0000007  -0.00000078
 272    0.0000675  -0.00007953
 273    0.0000561  -0.00007527
 274    0.0007025  -0.00067905
 275    0.0000556  -0.00011681
 276    0.0001419  -0.00025100
 277    0.0001232  -0.00020194
 278    0.0001733  -0.00026602
 279    0.0001171  -0.00020251
 280    0.0002424  -0.00035646
 281    0.0000930  -0.00020245
 282    0.0000422  -0.00018405
 283    0.0000538  -0.00021577
 284    0.0000534  -0.00021440
 285    0.0000560  -0.00022006
 286    0.0000529  -0.00020671
 287    0.0000557  -0.00021952
 288    0.0000546  -0.00021759
 289    0.0000555  -0.00021951
 290    0.0000494  -0.00020154
 291    0.0000237  -0.00010001
 292    0.0000250  -0.00010548
 293    0.0000207  -0.00009508
 294    0.0000002  0.00000013
 295    0.0000002  0.00000011
 296    0.0000002  0.00000012
 297    0.0000002  0.00000017
 298    0.0000002  0.00000011
 299    0.0000002  0.00000008
 300    0.0000002  0.00000012
 301    0.0000013  -0.00001475
 302    0.0000006  -0.00000314
 303    0.0000133  -0.00016121
 304    0.0000004  -0.00000122
 305    0.0000000  0.00000009
 306    0.0000000  0.00000009
 307    0.0000000  0.00000011
 308    0.0000000  0.00000011
 309    0.0000000  0.00000011
 310    0.0000000  0.00000012
 311    0.0000000  0.00000012
 312    0.0000000  0.00000011
 313    0.0000066  -0.00029835
 314    0.0000063  -0.00029517
 315    0.0000000  -0.00000012
 316    0.0000000  0.00000008
 317    0.0000012  -0.00012388
 318    0.0000012  -0.00013337
 319    0.0000012  -0.00013416
 320    0.0000000  0.00000004
 321    0.0000000  0.00000004
 322    0.0000000  0.00000004
 323    0.0000000  -0.00000005
 324    0.0000000  0.00000001
 325    0.0000007  -0.00000037
 326    0.0000392  -0.00005031
 327    0.0000440  -0.00005138
 328    0.0006614  -0.00065063
 329    0.0000541  -0.00011212
 330    0.0001418  -0.00025036
 331    0.0000758  -0.00011598
 332    0.0000956  -0.00015082
 333    0.0000821  -0.00011988
 334    0.0002203  -0.00032849
 335    0.0000802  -0.00017320
 336    0.0000386  -0.00017148
 337    0.0000394  -0.00017046
 338    0.0000415  -0.00017529
 339    0.0000398  -0.00017146
 340    0.0000428  -0.00017840
 341    0.0000421  -0.00017627
 342    0.0000401  -0.00017320
 343    0.0000405  -0.00017463
 344    0.0000477  -0.00018671
 345    0.0000194  -0.00008901
 346    0.0000235  -0.00010441
 347    0.0000201  -0.00009491
 348    0.0000002  0.00000017
 349    0.0000002  0.00000013
 350    0.0000002  0.00000013
 351    0.0000002  0.00000017
 352    0.0000002  0.00000014
 353    0.0000002  0.00000005
 354    0.0000001  0.00000016
 355    0.0000005  -0.00000087
 356    0.0000005  -0.00000221
 357    0.0000012  -0.00001152
 358    0.0000003  -0.00000078
 359    0.0000000  0.00000010
 360    0.0000000  0.00000011
 361    0.0000000  0.00000011
 362    0.0000000  0.00000011
 363    0.0000000  0.00000011
 364    0.0000000  0.00000011
 365    0.0000000  0.00000011
 366    0.0000000  0.00000011
 367    0.0000006  -0.00000804
 368    0.0000005  -0.00000566
 369    0.0000000  0.00000005
 370    0.0000000  0.00000008
 371    0.0000002  -0.00000473
 372    0.0000002  -0.00000395
 373    0.0000002  -0.00000423
 374    0.0000000  0.00000004
 375    0.0000000  0.00000004
 376    0.0000000  0.00000003
 377    0.0000000  0.00000006
 378    0.0000000  0.00000001
 379    0.0000005  -0.00000012
 380    0.0000339  -0.00005098
 381    0.0000269  -0.00004276
 382    0.0000822  -0.00011153
 383    0.0000406  -0.00010704
 384    0.0001295  -0.00023892
 385    0.0000547  -0.00008758
 386    0.0000781  -0.00011434
 387    0.0000312  -0.00006408
 388    0.0000626  -0.00010406
 389    0.0000542  -0.00013549
 390    0.0000283  -0.00014997
 391    0.0000288  -0.00014515
 392    0.0000285  -0.00014557
 393    0.0000296  -0.00014783
 394    0.0000339  -0.00016392
 395    0.0000296  -0.00014791
 396    0.0000291  -0.00014658
 397    0.0000296  -0.00014810
 398    0.0000388  -0.00017399
 399    0.0000153  -0.00008424
 400    0.0000154  -0.00008423
 401    0.0000157  -0.00008546
 402    0.0000001  0.00000017
 403    0.0000002  0.00000016
 404    0.0000002  0.00000017
 405    0.0000001  0.00000016
 406    0.0000002  0.00000013
 407    0.0000002  0.00000013
 408    0.0000001  0.00000016
 409    0.0000004  -0.00000068
 410    0.0000005  -0.00000068
 411    0.0000008  -0.00000270
 412    0.0000003  -0.00000040
 413    0.0000000  0.00000010
 414    0.0000000  0.00000011
 415    0.0000000  0.00000011
 416    0.0000000  0.00000011
 417    0.0000000  0.00000011
 418    0.0000000  0.00000011
 419    0.0000000  0.00000012
 420    0.0000000  0.00000012
 421    0.0000005  -0.00002129
 422    0.0000004  -0.00001907
 423    0.0000000  0.00000007
 424    0.0000000  0.00000008
 425    0.0000002  -0.00000404
 426    0.0000002  -0.00000396
 427    0.0000002  -0.00000403
 428    0.0000000  0.00000003
 429    0.0000000  0.00000003
 430    0.0000000  0.00000003
 431    0.0000000  0.00000004
 432    0.0000000  0.00000001
 
----------------
 Final Energies 
----------------
Final NOF Total Energy =   -3154.9256895
 
Total Orbital Internal Iterations = 2956
Total Occupation Internal Iterations = 165
 
Elapsed time: 7019.83 Seconds

---------------------------------
   Lowdin Population Analysis    
---------------------------------
 Idx  Atom   Population   Charge 
---------------------------------
  1     P    14.613       0.387
  2     C     6.190      -0.190
  3     H     1.182      -0.182
  4     I    52.566       0.434
  5     C     7.496      -1.496
  6     F     8.651       0.349
  7     F     8.651       0.349
  8     F     8.652       0.348

---------------------------------
   M Diagnostic: 0.87
---------------------------------

