Computing Integrals
Elapsed time:    4.08 Seconds

Number of basis functions                   (NBF)    = 261
Number of auxiliary basis functions         (NBFAUX) = 281
Inactive Doubly occupied orbitals up to     (NO1)    = 0
No. considered Strongly Doubly occupied MOs (NDOC)   = 11
No. considered Strongly Singly occupied MOs (NSOC)   = 0
NO. of Weakly occ. per St. Doubly occ.  MOs (NCWO)   = 22
Dimension of the Nat. Orb. subspace         (NBF5)   = 253
No. of electrons                                     = 22
    No. of alpha electrons                           = 11
    No. of beta electrons                            = 11
Multiplicity                                         = 1

Geometry
========
 C       0.0000000       0.0000000       0.4886500
 C       0.0000000       0.0000000      -0.9668800
 N       0.0000000       0.0000000      -2.1178800
 H       0.5119600      -0.8867400       0.8653700
 H       0.5119600       0.8867400       0.8653700
 H      -1.0239200       0.0000000       0.8653700

No violations of the orthonormality
No violations of the orthonormality
 
PNOF5/ADAM Calculation
==================
 
  Nitext  Nit_orb  Time   Nit_occ  Time         Eelec          Etot           Ediff      maxdiff    Grad_orb  Grad_occ
0.03964543597194503
0.07892105845020868
     1      10    1.9e+01   18    3.2e+01  -190.77223344  -132.16051051 -10189.77223344   0.095120   1.8e+00   2.2e-04 0.06
0.0024903403030572743
0.0046694625461684396
     2      30    6.8e+00    7    7.0e-01  -190.83923862  -132.22751568    -0.06700517   0.005536   5.4e-02   2.1e-04 0.06
0.00025565810080707685
0.000610437690021658
     3      30    6.8e+00    4    4.8e-01  -190.83991031  -132.22818737    -0.00067169   0.006282   7.1e-02   2.2e-04 0.06
0.0001529048510305409
0.0003431889171069954
     4      30    6.8e+00    4    5.0e-01  -190.84004515  -132.22832221    -0.00013484   0.004788   6.7e-02   2.1e-04 0.06
0.00010528528524422764
0.00024373895575587268
     5      30    6.8e+00    1    3.6e-01  -190.84001338  -132.22829044     0.00003177   0.005468   7.7e-02   1.6e-04 0.06
0.0
0.0
     6      50    1.1e+01    0    2.1e-01  -190.84032021  -132.22859728    -0.00030683   0.000880   6.8e-03   1.6e-04 0.06
0.0
0.0
     7      60    1.4e+01    0    2.2e-01  -190.84031785  -132.22859492     0.00000236   0.001127   1.2e-02   1.6e-04 0.06
0.0
0.0
     8      89    2.0e+01    0    2.9e-01  -190.84033010  -132.22860717    -0.00001225   0.000098   1.4e-03   1.6e-04 0.06
 
RESULTS OF THE OCCUPATION OPTIMIZATION
========================================
   1    1.9996588  -15.53814573
   2    1.9994437  -11.27917200
   3    1.9994563  -11.24547551
   4    1.9948253  -1.17969219
   5    1.9875723  -0.86763338
   6    1.9787936  -0.72709940
   7    1.9787882  -0.72671741
   8    1.9787417  -0.72664535
   9    1.9891897  -0.66651667
  10    1.9426847  -0.49973062
  11    1.9423461  -0.49926874
  12    0.0535395  -0.02533389
  13    0.0535581  -0.02535289
  14    0.0076277  -0.00752949
  15    0.0138238  -0.01165677
  16    0.0137145  -0.01161275
  17    0.0137243  -0.01161831
  18    0.0087063  -0.00914456
  19    0.0035698  -0.00593211
  20    0.0003869  -0.00770082
  21    0.0003815  -0.00757824
  22    0.0002566  -0.00716614
  23    0.0023619  -0.00174732
  24    0.0023595  -0.00174847
  25    0.0010011  -0.00153495
  26    0.0032111  -0.00367781
  27    0.0032742  -0.00370555
  28    0.0032616  -0.00369724
  29    0.0017331  -0.00252760
  30    0.0009734  -0.00212188
  31    0.0000592  -0.00089169
  32    0.0000555  -0.00081871
  33    0.0000284  -0.00054568
  34    0.0016670  -0.00140218
  35    0.0012499  -0.00108084
  36    0.0006915  -0.00114447
  37    0.0018553  -0.00227531
  38    0.0018535  -0.00227530
  39    0.0018566  -0.00228066
  40    0.0007736  -0.00130733
  41    0.0001853  -0.00053932
  42    0.0000446  -0.00061352
  43    0.0000549  -0.00081318
  44    0.0000275  -0.00053058
  45    0.0000441  -0.00006867
  46    0.0000592  -0.00009181
  47    0.0006912  -0.00114418
  48    0.0017379  -0.00214860
  49    0.0017370  -0.00214849
  50    0.0017322  -0.00214558
  51    0.0007720  -0.00130554
  52    0.0001841  -0.00053661
  53    0.0000439  -0.00060528
  54    0.0000549  -0.00081299
  55    0.0000230  -0.00046286
  56    0.0000193  -0.00003536
  57    0.0000419  -0.00006041
  58    0.0002144  -0.00040567
  59    0.0001068  -0.00019941
  60    0.0001079  -0.00019993
  61    0.0001057  -0.00019850
  62    0.0001273  -0.00026205
  63    0.0000524  -0.00016505
  64    0.0000064  -0.00029307
  65    0.0000060  -0.00028396
  66    0.0000039  -0.00022379
  67    0.0000048  -0.00001690
  68    0.0000098  -0.00002564
  69    0.0002030  -0.00039203
  70    0.0000997  -0.00019355
  71    0.0000992  -0.00019314
  72    0.0000980  -0.00019250
  73    0.0001263  -0.00026163
  74    0.0000455  -0.00014520
  75    0.0000008  -0.00000361
  76    0.0000008  -0.00000380
  77    0.0000004  -0.00000362
  78    0.0000024  -0.00000700
  79    0.0000077  -0.00001299
  80    0.0000943  -0.00019181
  81    0.0000881  -0.00016528
  82    0.0000885  -0.00016558
  83    0.0000852  -0.00016330
  84    0.0000438  -0.00009773
  85    0.0000366  -0.00012782
  86    0.0000003  -0.00001704
  87    0.0000005  -0.00000315
  88    0.0000002  -0.00000489
  89    0.0000022  -0.00000609
  90    0.0000064  -0.00000912
  91    0.0000736  -0.00015000
  92    0.0000839  -0.00016522
  93    0.0000837  -0.00016541
  94    0.0000830  -0.00016475
  95    0.0000295  -0.00009663
  96    0.0000325  -0.00010892
  97    0.0000002  -0.00000006
  98    0.0000004  -0.00001651
  99    0.0000002  -0.00000706
 100    0.0000018  -0.00000577
 101    0.0000047  -0.00000886
 102    0.0000699  -0.00014866
 103    0.0000812  -0.00016162
 104    0.0000823  -0.00016210
 105    0.0000798  -0.00016037
 106    0.0000268  -0.00009225
 107    0.0000324  -0.00010525
 108    0.0000002  0.00000000
 109    0.0000003  -0.00000250
 110    0.0000001  0.00000022
 111    0.0000013  -0.00000424
 112    0.0000033  -0.00000522
 113    0.0000223  -0.00005270
 114    0.0000491  -0.00013473
 115    0.0000510  -0.00013628
 116    0.0000504  -0.00013539
 117    0.0000190  -0.00005518
 118    0.0000131  -0.00005986
 119    0.0000001  0.00000005
 120    0.0000002  -0.00000126
 121    0.0000001  0.00000024
 122    0.0000012  -0.00000322
 123    0.0000024  -0.00000529
 124    0.0000223  -0.00005582
 125    0.0000293  -0.00007717
 126    0.0000278  -0.00007605
 127    0.0000296  -0.00007725
 128    0.0000125  -0.00003005
 129    0.0000119  -0.00005108
 130    0.0000001  0.00000009
 131    0.0000001  -0.00000100
 132    0.0000001  0.00000023
 133    0.0000011  -0.00000184
 134    0.0000019  -0.00000179
 135    0.0000207  -0.00005502
 136    0.0000237  -0.00006901
 137    0.0000256  -0.00007005
 138    0.0000221  -0.00006790
 139    0.0000118  -0.00002976
 140    0.0000112  -0.00004381
 141    0.0000001  0.00000020
 142    0.0000001  0.00000020
 143    0.0000001  0.00000024
 144    0.0000010  -0.00000190
 145    0.0000016  -0.00000394
 146    0.0000199  -0.00004798
 147    0.0000225  -0.00006605
 148    0.0000216  -0.00006531
 149    0.0000198  -0.00006362
 150    0.0000078  -0.00002282
 151    0.0000059  -0.00001115
 152    0.0000001  0.00000019
 153    0.0000001  0.00000022
 154    0.0000001  0.00000023
 155    0.0000009  -0.00000276
 156    0.0000015  -0.00000276
 157    0.0000157  -0.00004565
 158    0.0000092  -0.00002741
 159    0.0000103  -0.00002761
 160    0.0000099  -0.00002744
 161    0.0000074  -0.00002426
 162    0.0000053  -0.00001175
 163    0.0000001  0.00000025
 164    0.0000001  0.00000025
 165    0.0000001  0.00000023
 166    0.0000008  -0.00000222
 167    0.0000013  -0.00000213
 168    0.0000111  -0.00003522
 169    0.0000080  -0.00002607
 170    0.0000070  -0.00002552
 171    0.0000089  -0.00002588
 172    0.0000073  -0.00002144
 173    0.0000030  -0.00000859
 174    0.0000001  0.00000026
 175    0.0000001  0.00000020
 176    0.0000001  0.00000026
 177    0.0000008  -0.00000205
 178    0.0000012  -0.00000267
 179    0.0000071  -0.00003126
 180    0.0000066  -0.00002060
 181    0.0000056  -0.00001978
 182    0.0000080  -0.00002086
 183    0.0000058  -0.00002070
 184    0.0000026  -0.00000667
 185    0.0000001  0.00000025
 186    0.0000001  0.00000023
 187    0.0000001  0.00000025
 188    0.0000007  0.00000025
 189    0.0000011  -0.00000180
 190    0.0000058  -0.00002376
 191    0.0000054  -0.00002093
 192    0.0000051  -0.00002052
 193    0.0000068  -0.00002197
 194    0.0000041  -0.00001768
 195    0.0000021  -0.00000496
 196    0.0000001  0.00000025
 197    0.0000001  0.00000024
 198    0.0000001  0.00000024
 199    0.0000007  -0.00000013
 200    0.0000009  -0.00000156
 201    0.0000051  -0.00001945
 202    0.0000045  -0.00001500
 203    0.0000044  -0.00001259
 204    0.0000059  -0.00001445
 205    0.0000040  -0.00001303
 206    0.0000018  -0.00000528
 207    0.0000001  0.00000021
 208    0.0000001  0.00000021
 209    0.0000001  0.00000024
 210    0.0000006  0.00000019
 211    0.0000009  -0.00000129
 212    0.0000044  -0.00001666
 213    0.0000040  -0.00001278
 214    0.0000040  -0.00001483
 215    0.0000056  -0.00001436
 216    0.0000030  -0.00001092
 217    0.0000017  -0.00000389
 218    0.0000001  0.00000024
 219    0.0000001  0.00000020
 220    0.0000001  0.00000023
 221    0.0000006  0.00000023
 222    0.0000007  -0.00000079
 223    0.0000032  -0.00001315
 224    0.0000033  -0.00001028
 225    0.0000039  -0.00001058
 226    0.0000048  -0.00001095
 227    0.0000024  -0.00000511
 228    0.0000016  -0.00000197
 229    0.0000001  0.00000025
 230    0.0000001  0.00000022
 231    0.0000001  0.00000024
 232    0.0000005  0.00000018
 233    0.0000007  0.00000027
 234    0.0000032  -0.00001339
 235    0.0000026  -0.00000861
 236    0.0000025  -0.00000907
 237    0.0000043  -0.00001059
 238    0.0000020  -0.00000494
 239    0.0000014  -0.00000126
 240    0.0000001  0.00000024
 241    0.0000001  0.00000023
 242    0.0000001  0.00000022
 243    0.0000004  0.00000049
 244    0.0000007  0.00000037
 245    0.0000029  -0.00001325
 246    0.0000022  -0.00000787
 247    0.0000022  -0.00000781
 248    0.0000040  -0.00001015
 249    0.0000017  -0.00000561
 250    0.0000011  -0.00000068
 251    0.0000001  0.00000026
 252    0.0000001  0.00000023
 253    0.0000001  0.00000022
 
----------------
 Final Energies 
----------------
Final NOF Total Energy =    -132.2286072
 
Total Orbital Internal Iterations = 329
Total Occupation Internal Iterations = 34
 
Elapsed time:  161.12 Seconds

---------------------------------
   Lowdin Population Analysis    
---------------------------------
 Idx  Atom   Population   Charge 
---------------------------------
  1     C     5.803       0.197
  2     C     6.181      -0.181
  3     N     6.887       0.113
  4     H     1.043      -0.043
  5     H     1.043      -0.043
  6     H     1.043      -0.043

---------------------------------
   M Diagnostic: 0.06
---------------------------------

