Computing Integrals
Elapsed time:    8.15 Seconds

Number of basis functions                   (NBF)    = 140
Number of auxiliary basis functions         (NBFAUX) = 256
Inactive Doubly occupied orbitals up to     (NO1)    = 0
No. considered Strongly Doubly occupied MOs (NDOC)   = 15
No. considered Strongly Singly occupied MOs (NSOC)   = 0
NO. of Weakly occ. per St. Doubly occ.  MOs (NCWO)   = 8
Dimension of the Nat. Orb. subspace         (NBF5)   = 135
No. of electrons                                     = 30
    No. of alpha electrons                           = 15
    No. of beta electrons                            = 15
Multiplicity                                         = 1

Geometry
========
 P       0.0000000       0.0000000      -0.9491300
 P       0.0000000       0.0000000       0.9491300

No violations of the orthonormality
No violations of the orthonormality
 
PNOF5/ADAM Calculation
==================
 
  Nitext  Nit_orb  Time   Nit_occ  Time         Eelec          Etot           Ediff      maxdiff    Grad_orb  Grad_occ
0.11880074243100291
0.23854181666437987
     1      10    3.3e+01   27    3.3e+01  -744.27788084  -681.55484591 -10743.27788084   0.246930   3.6e+00   2.3e-04 0.11
0.005362603012063948
0.008910414765888436
     2      30    6.6e+01    8    2.6e-01  -744.39520907  -681.67217414    -0.11732823   0.011391   6.7e-02   2.0e-04 0.10
0.0010027869325276995
0.0018093629690674024
     3      30    4.2e+01    8    2.2e-01  -744.39664480  -681.67360988    -0.00143574   0.003917   4.6e-02   1.9e-04 0.09
0.0008071996526358358
0.001285887906192944
     4      30    4.5e+01    6    2.2e-01  -744.39752399  -681.67448906    -0.00087918   0.003209   3.7e-02   1.4e-04 0.09
0.0005749597041709575
0.0010220167019244655
     5      30    3.1e+01    6    1.3e-01  -744.39804801  -681.67501309    -0.00052403   0.002583   4.1e-02   1.5e-04 0.09
0.00041681705419482906
0.0008145681062723257
     6      30    4.1e+01    3    1.9e-01  -744.39844261  -681.67540769    -0.00039460   0.002713   3.3e-02   1.9e-04 0.09
0.0003053555479948702
0.0006247803222351642
     7      30    4.0e+01    3    6.9e-02  -744.39861310  -681.67557818    -0.00017049   0.002824   3.3e-02   1.7e-04 0.09
0.0
0.0
     8      30    4.2e+01    0    5.4e-02  -744.39871692  -681.67568200    -0.00010382   0.002681   2.7e-02   2.0e-04 0.09
0.0
0.0
     9      40    5.7e+01    0    4.2e-02  -744.39876569  -681.67573077    -0.00004877   0.001332   1.6e-02   2.1e-04 0.09
0.0
0.0
    10      50    7.1e+01    0    1.1e-01  -744.39879252  -681.67575759    -0.00002682   0.000375   4.9e-03   2.1e-04 0.09
0.0001784649890875789
0.00030827675599454736
    11      60    8.1e+01    1    1.2e-01  -744.39878872  -681.67575379     0.00000380   0.000419   5.6e-03   1.9e-04 0.09
0.0
0.0
    12      62    8.2e+01    0    3.3e-02  -744.39880595  -681.67577103    -0.00001724   0.000099   1.4e-03   1.5e-04 0.09
 
RESULTS OF THE OCCUPATION OPTIMIZATION
========================================
   1    1.9999639  -79.33493022
   2    1.9999324  -71.73927950
   3    1.9999991  -15.73900373
   4    1.9996309  -6.54760988
   5    1.9995256  -6.36417256
   6    1.9991557  -5.78383517
   7    1.9989833  -5.65539241
   8    1.9989783  -5.41014125
   9    1.9992991  -5.40787452
  10    1.9991960  -5.39415251
  11    1.9921301  -0.82587780
  12    1.9845524  -0.58644064
  13    1.9842946  -0.58297463
  14    1.9059797  -0.37429110
  15    1.9057075  -0.37426245
  16    0.0896548  -0.02675823
  17    0.0894645  -0.02671390
  18    0.0066855  -0.00465333
  19    0.0066883  -0.00466227
  20    0.0022319  -0.00257844
  21    0.0004220  -0.00399430
  22    0.0005215  -0.00458590
  23    0.0005199  -0.00455794
  24    0.0005143  -0.00466031
  25    0.0005084  -0.00467181
  26    0.0004551  -0.00440262
  27    0.0003537  -0.00369164
  28    0.0000002  -0.00000610
  29    0.0000655  -0.00838575
  30    0.0000349  -0.00563060
  31    0.0041531  -0.00194613
  32    0.0040416  -0.00190339
  33    0.0025207  -0.00202129
  34    0.0024691  -0.00200364
  35    0.0019040  -0.00234504
  36    0.0002173  -0.00173959
  37    0.0001625  -0.00133248
  38    0.0001708  -0.00139688
  39    0.0002164  -0.00181907
  40    0.0001960  -0.00169340
  41    0.0000154  -0.00019668
  42    0.0000121  -0.00015298
  43    0.0000001  -0.00000006
  44    0.0000018  -0.00042422
  45    0.0000010  -0.00021918
  46    0.0001337  -0.00009819
  47    0.0001570  -0.00010359
  48    0.0024691  -0.00200200
  49    0.0024304  -0.00199488
  50    0.0017913  -0.00206227
  51    0.0001504  -0.00122790
  52    0.0000125  -0.00015385
  53    0.0001613  -0.00128600
  54    0.0001392  -0.00117545
  55    0.0001268  -0.00111393
  56    0.0000013  -0.00000561
  57    0.0000007  -0.00000201
  58    0.0000001  -0.00000003
  59    0.0000001  -0.00000018
  60    0.0000001  -0.00000068
  61    0.0001173  -0.00008425
  62    0.0001152  -0.00008554
  63    0.0023159  -0.00183700
  64    0.0022767  -0.00173485
  65    0.0017658  -0.00203001
  66    0.0000092  -0.00011469
  67    0.0000012  -0.00001061
  68    0.0001522  -0.00123320
  69    0.0001328  -0.00113683
  70    0.0000088  -0.00011325
  71    0.0000006  -0.00000089
  72    0.0000006  -0.00000074
  73    0.0000001  0.00000005
  74    0.0000001  -0.00000003
  75    0.0000000  -0.00000006
  76    0.0001153  -0.00006901
  77    0.0000960  -0.00006395
  78    0.0007711  -0.00068873
  79    0.0007375  -0.00068222
  80    0.0000564  -0.00012357
  81    0.0000018  -0.00001466
  82    0.0000008  -0.00000056
  83    0.0000129  -0.00015487
  84    0.0000103  -0.00012560
  85    0.0000016  -0.00000440
  86    0.0000005  -0.00000049
  87    0.0000006  -0.00000034
  88    0.0000001  0.00000005
  89    0.0000000  -0.00000002
  90    0.0000000  0.00000001
  91    0.0000656  -0.00005746
  92    0.0000689  -0.00005936
  93    0.0007575  -0.00068058
  94    0.0007183  -0.00067033
  95    0.0000521  -0.00012698
  96    0.0000013  -0.00000199
  97    0.0000008  -0.00000051
  98    0.0000018  -0.00001229
  99    0.0000015  -0.00000404
 100    0.0000011  -0.00000201
 101    0.0000005  -0.00000017
 102    0.0000005  -0.00000053
 103    0.0000001  0.00000007
 104    0.0000000  0.00000003
 105    0.0000000  0.00000002
 106    0.0000311  -0.00003475
 107    0.0000523  -0.00004113
 108    0.0000942  -0.00011607
 109    0.0000740  -0.00010853
 110    0.0000347  -0.00010732
 111    0.0000012  -0.00000116
 112    0.0000008  -0.00000049
 113    0.0000017  -0.00000468
 114    0.0000013  -0.00000165
 115    0.0000008  -0.00000042
 116    0.0000004  -0.00000004
 117    0.0000005  0.00000003
 118    0.0000001  0.00000007
 119    0.0000000  0.00000003
 120    0.0000000  0.00000002
 121    0.0000216  -0.00002511
 122    0.0000247  -0.00002670
 123    0.0000915  -0.00011463
 124    0.0000533  -0.00008859
 125    0.0000335  -0.00007276
 126    0.0000009  -0.00000007
 127    0.0000007  -0.00000043
 128    0.0000010  -0.00000016
 129    0.0000008  -0.00000016
 130    0.0000007  -0.00000014
 131    0.0000004  -0.00000030
 132    0.0000004  0.00000000
 133    0.0000001  0.00000006
 134    0.0000000  0.00000002
 135    0.0000000  0.00000002
 
----------------
 Final Energies 
----------------
Final NOF Total Energy =    -681.6757710
 
Total Orbital Internal Iterations = 432
Total Occupation Internal Iterations = 62
 
Elapsed time:  702.15 Seconds

---------------------------------
   Lowdin Population Analysis    
---------------------------------
 Idx  Atom   Population   Charge 
---------------------------------
  1     P    15.000       0.000
  2     P    15.000      -0.000

---------------------------------
   M Diagnostic: 0.09
---------------------------------

