Computing Integrals
Elapsed time:    7.64 Seconds

Number of basis functions                   (NBF)    = 585
Number of auxiliary basis functions         (NBFAUX) = 555
Inactive Doubly occupied orbitals up to     (NO1)    = 0
No. considered Strongly Doubly occupied MOs (NDOC)   = 20
No. considered Strongly Singly occupied MOs (NSOC)   = 0
NO. of Weakly occ. per St. Doubly occ.  MOs (NCWO)   = 28
Dimension of the Nat. Orb. subspace         (NBF5)   = 580
No. of electrons                                     = 40
    No. of alpha electrons                           = 20
    No. of beta electrons                            = 20
Multiplicity                                         = 1

Geometry
========
 C      -0.8477300      -0.8669500      -0.3988400
 H      -0.9539800      -0.6920000      -1.4711500
 H      -1.4993700      -1.6962100      -0.1256900
 C       0.6218100      -1.1240100      -0.0547100
 H       1.1170400      -1.7616000      -0.7853000
 H       0.6850900      -1.6242200       0.9127500
 C       1.2619500       0.2813900       0.0362400
 H       1.9122200       0.4740600      -0.8156100
 H       1.8748200       0.3705600       0.9319600
 C       0.0829000       1.2805600       0.0631100
 H      -0.0342500       1.7395300      -0.9191700
 H       0.2285000       2.0820700       0.7855100
 C      -1.1508700       0.4234700       0.3587600
 H      -2.0818600       0.8992100       0.0528500
 H      -1.2162900       0.2141500       1.4293000

No violations of the orthonormality
No violations of the orthonormality
 
PNOF5/ADAM Calculation
==================
 
  Nitext  Nit_orb  Time   Nit_occ  Time         Eelec          Etot           Ediff      maxdiff    Grad_orb  Grad_occ
0.008391355774728715
0.030037608146427697
     1      10    7.4e+01    7    4.7e+01  -384.00924101  -195.60508137 -10383.00924101   0.152986   2.6e+00   3.5e-04 0.02
0.0010566102218412254
0.003459344444996536
     2      30    1.2e+02    6    6.7e+00  -384.13201159  -195.72785195    -0.12277058   0.004226   3.5e-02   3.4e-04 0.02
0.00030316752866044183
0.0008297694145071945
     3      30    1.3e+02    1    3.9e+00  -384.13276788  -195.72860823    -0.00075628   0.002563   5.9e-02   3.2e-04 0.02
0.0001550205924234615
0.00038557865919906326
     4      30    1.3e+02    2    4.5e+00  -384.13281811  -195.72865847    -0.00005024   0.003210   6.1e-02   2.5e-04 0.02
0.0
0.0
     5      30    1.3e+02    0    3.1e+00  -384.13289654  -195.72873690    -0.00007843   0.002806   5.1e-02   3.0e-04 0.02
0.0
0.0
     6      40    1.7e+02    0    3.1e+00  -384.13297576  -195.72881611    -0.00007922   0.001530   2.4e-02   2.9e-04 0.02
0.0
0.0
     7      50    2.1e+02    0    3.2e+00  -384.13299882  -195.72883918    -0.00002306   0.000948   1.3e-02   2.9e-04 0.02
0.0
0.0
     8      60    2.5e+02    0    3.1e+00  -384.13300527  -195.72884562    -0.00000645   0.002741   1.6e-02   2.9e-04 0.02
0.0
0.0
     9      70    2.9e+02    0    3.2e+00  -384.13301240  -195.72885276    -0.00000713   0.000284   3.1e-03   2.9e-04 0.02
0.0
0.0
    10      80    3.3e+02    0    3.1e+00  -384.13301437  -195.72885472    -0.00000197   0.000130   1.0e-03   2.9e-04 0.02
0.0
0.0
    11      90    3.7e+02    0    3.2e+00  -384.13301522  -195.72885558    -0.00000085   0.000125   1.6e-03   2.9e-04 0.02
0.0
0.0
    12     100    3.9e+02    0    2.9e+00  -384.13301499  -195.72885534     0.00000024   0.001504   7.6e-03   2.9e-04 0.02
0.0
0.0
    13      73    2.8e+02    0    2.9e+00  -384.13301592  -195.72885627    -0.00000093   0.000094   1.4e-03   2.9e-04 0.02
 
RESULTS OF THE OCCUPATION OPTIMIZATION
========================================
   1    1.9994366  -11.20626066
   2    1.9994365  -11.20602300
   3    1.9994367  -11.20599957
   4    1.9994357  -11.20577343
   5    1.9994363  -11.20570629
   6    1.9847502  -0.70760531
   7    1.9846369  -0.70641801
   8    1.9845714  -0.70586356
   9    1.9839388  -0.70009264
  10    1.9838552  -0.69923488
  11    1.9781626  -0.66645742
  12    1.9781542  -0.66639694
  13    1.9781740  -0.66598380
  14    1.9779775  -0.66589461
  15    1.9781471  -0.66555140
  16    1.9779396  -0.66539948
  17    1.9780068  -0.66450383
  18    1.9780845  -0.66449038
  19    1.9780796  -0.66438266
  20    1.9779702  -0.66433265
  21    0.0142580  -0.01151615
  22    0.0141843  -0.01148424
  23    0.0142026  -0.01149181
  24    0.0142183  -0.01150094
  25    0.0142031  -0.01147273
  26    0.0141130  -0.01144240
  27    0.0141698  -0.01146069
  28    0.0140987  -0.01143361
  29    0.0140393  -0.01140265
  30    0.0140517  -0.01140725
  31    0.0127170  -0.01106755
  32    0.0126543  -0.01103730
  33    0.0121086  -0.01075468
  34    0.0120577  -0.01072836
  35    0.0119651  -0.01067486
  36    0.0003816  -0.00756546
  37    0.0003818  -0.00756718
  38    0.0003819  -0.00756965
  39    0.0003820  -0.00757048
  40    0.0003827  -0.00757577
  41    0.0034544  -0.00378188
  42    0.0035138  -0.00382489
  43    0.0034914  -0.00381622
  44    0.0034472  -0.00377727
  45    0.0034877  -0.00380455
  46    0.0035238  -0.00382989
  47    0.0034846  -0.00380318
  48    0.0035106  -0.00382669
  49    0.0035380  -0.00383713
  50    0.0035282  -0.00383274
  51    0.0016286  -0.00216973
  52    0.0016070  -0.00215865
  53    0.0015720  -0.00214560
  54    0.0015426  -0.00212837
  55    0.0015502  -0.00212875
  56    0.0000623  -0.00092500
  57    0.0000626  -0.00092623
  58    0.0000622  -0.00092022
  59    0.0000618  -0.00091418
  60    0.0000599  -0.00088125
  61    0.0018709  -0.00221698
  62    0.0018292  -0.00218645
  63    0.0018273  -0.00218407
  64    0.0018745  -0.00222202
  65    0.0019057  -0.00224483
  66    0.0018571  -0.00221071
  67    0.0019054  -0.00224646
  68    0.0018610  -0.00221299
  69    0.0018907  -0.00223579
  70    0.0018738  -0.00222755
  71    0.0008000  -0.00123962
  72    0.0007891  -0.00123264
  73    0.0007414  -0.00119485
  74    0.0007323  -0.00119063
  75    0.0007282  -0.00118212
  76    0.0000584  -0.00086430
  77    0.0000589  -0.00086889
  78    0.0000581  -0.00085714
  79    0.0000584  -0.00086141
  80    0.0000596  -0.00088008
  81    0.0018009  -0.00217496
  82    0.0017362  -0.00212736
  83    0.0017288  -0.00212347
  84    0.0018090  -0.00217967
  85    0.0018105  -0.00218155
  86    0.0016982  -0.00210503
  87    0.0018203  -0.00219018
  88    0.0016902  -0.00209898
  89    0.0017146  -0.00212093
  90    0.0017147  -0.00212069
  91    0.0006952  -0.00112189
  92    0.0006870  -0.00111601
  93    0.0006783  -0.00111946
  94    0.0006674  -0.00111217
  95    0.0006948  -0.00113639
  96    0.0000511  -0.00074502
  97    0.0000513  -0.00074695
  98    0.0000514  -0.00074770
  99    0.0000516  -0.00074862
 100    0.0000520  -0.00075276
 101    0.0001245  -0.00020537
 102    0.0001174  -0.00020265
 103    0.0001203  -0.00020341
 104    0.0001181  -0.00020314
 105    0.0001120  -0.00019939
 106    0.0001158  -0.00020030
 107    0.0001139  -0.00020072
 108    0.0001145  -0.00020027
 109    0.0001154  -0.00020058
 110    0.0001183  -0.00020232
 111    0.0000852  -0.00017175
 112    0.0000915  -0.00017664
 113    0.0001020  -0.00019139
 114    0.0001049  -0.00019400
 115    0.0000983  -0.00019090
 116    0.0000063  -0.00028813
 117    0.0000064  -0.00028768
 118    0.0000063  -0.00028721
 119    0.0000062  -0.00028844
 120    0.0000064  -0.00028909
 121    0.0000983  -0.00018745
 122    0.0001043  -0.00019042
 123    0.0001077  -0.00019137
 124    0.0001017  -0.00018868
 125    0.0001025  -0.00019016
 126    0.0001048  -0.00019255
 127    0.0001033  -0.00019102
 128    0.0001093  -0.00019420
 129    0.0001096  -0.00019530
 130    0.0001115  -0.00019578
 131    0.0000811  -0.00016745
 132    0.0000915  -0.00017588
 133    0.0000940  -0.00018667
 134    0.0000873  -0.00018141
 135    0.0000756  -0.00017482
 136    0.0000017  -0.00000306
 137    0.0000009  -0.00000232
 138    0.0000010  -0.00000261
 139    0.0000009  -0.00000230
 140    0.0000007  -0.00000194
 141    0.0000867  -0.00016597
 142    0.0000946  -0.00016878
 143    0.0000890  -0.00016605
 144    0.0000850  -0.00016550
 145    0.0000897  -0.00016780
 146    0.0000906  -0.00016828
 147    0.0000865  -0.00016765
 148    0.0000963  -0.00017055
 149    0.0000942  -0.00017050
 150    0.0000962  -0.00017126
 151    0.0000329  -0.00009603
 152    0.0000338  -0.00009632
 153    0.0000301  -0.00008949
 154    0.0000436  -0.00009733
 155    0.0000337  -0.00009100
 156    0.0000006  -0.00000499
 157    0.0000004  -0.00001834
 158    0.0000006  -0.00001001
 159    0.0000008  -0.00000199
 160    0.0000004  -0.00001763
 161    0.0000776  -0.00015962
 162    0.0000808  -0.00016275
 163    0.0000823  -0.00016314
 164    0.0000800  -0.00016077
 165    0.0000835  -0.00016068
 166    0.0000821  -0.00016228
 167    0.0000808  -0.00015891
 168    0.0000828  -0.00016219
 169    0.0000820  -0.00016177
 170    0.0000852  -0.00016359
 171    0.0000293  -0.00009239
 172    0.0000243  -0.00008704
 173    0.0000274  -0.00008612
 174    0.0000311  -0.00008970
 175    0.0000253  -0.00008370
 176    0.0000003  -0.00001343
 177    0.0000004  -0.00000099
 178    0.0000003  -0.00000894
 179    0.0000003  -0.00001610
 180    0.0000002  -0.00000048
 181    0.0000713  -0.00015352
 182    0.0000720  -0.00015602
 183    0.0000780  -0.00015995
 184    0.0000782  -0.00015737
 185    0.0000766  -0.00015579
 186    0.0000768  -0.00016198
 187    0.0000752  -0.00015537
 188    0.0000769  -0.00016184
 189    0.0000739  -0.00016110
 190    0.0000730  -0.00016067
 191    0.0000183  -0.00004211
 192    0.0000165  -0.00004076
 193    0.0000207  -0.00004176
 194    0.0000119  -0.00003587
 195    0.0000203  -0.00004088
 196    0.0000002  -0.00000048
 197    0.0000001  -0.00000002
 198    0.0000001  -0.00000014
 199    0.0000002  -0.00000030
 200    0.0000002  -0.00000004
 201    0.0000444  -0.00013023
 202    0.0000491  -0.00013477
 203    0.0000403  -0.00012864
 204    0.0000450  -0.00013118
 205    0.0000467  -0.00013257
 206    0.0000525  -0.00013725
 207    0.0000457  -0.00013155
 208    0.0000471  -0.00013456
 209    0.0000496  -0.00013564
 210    0.0000541  -0.00013867
 211    0.0000160  -0.00003286
 212    0.0000139  -0.00003342
 213    0.0000125  -0.00004111
 214    0.0000107  -0.00003889
 215    0.0000131  -0.00004241
 216    0.0000002  -0.00000010
 217    0.0000001  0.00000011
 218    0.0000001  0.00000006
 219    0.0000002  -0.00000000
 220    0.0000002  0.00000011
 221    0.0000296  -0.00007547
 222    0.0000292  -0.00007654
 223    0.0000318  -0.00007826
 224    0.0000287  -0.00007526
 225    0.0000283  -0.00007400
 226    0.0000303  -0.00007628
 227    0.0000325  -0.00007646
 228    0.0000282  -0.00007545
 229    0.0000339  -0.00007749
 230    0.0000264  -0.00007290
 231    0.0000112  -0.00003577
 232    0.0000086  -0.00003187
 233    0.0000076  -0.00002518
 234    0.0000099  -0.00002674
 235    0.0000109  -0.00002855
 236    0.0000001  0.00000002
 237    0.0000001  0.00000016
 238    0.0000001  0.00000012
 239    0.0000001  -0.00000002
 240    0.0000001  0.00000012
 241    0.0000242  -0.00006837
 242    0.0000236  -0.00006743
 243    0.0000233  -0.00006690
 244    0.0000260  -0.00006965
 245    0.0000231  -0.00006779
 246    0.0000253  -0.00006917
 247    0.0000239  -0.00006864
 248    0.0000236  -0.00006823
 249    0.0000267  -0.00007017
 250    0.0000247  -0.00006911
 251    0.0000062  -0.00002228
 252    0.0000072  -0.00002299
 253    0.0000064  -0.00002335
 254    0.0000077  -0.00002458
 255    0.0000096  -0.00002655
 256    0.0000001  0.00000024
 257    0.0000001  0.00000023
 258    0.0000001  0.00000021
 259    0.0000001  0.00000025
 260    0.0000001  0.00000025
 261    0.0000226  -0.00006638
 262    0.0000202  -0.00006430
 263    0.0000228  -0.00006606
 264    0.0000223  -0.00006665
 265    0.0000218  -0.00006626
 266    0.0000187  -0.00006249
 267    0.0000218  -0.00006637
 268    0.0000198  -0.00006325
 269    0.0000211  -0.00006395
 270    0.0000192  -0.00006310
 271    0.0000044  -0.00001991
 272    0.0000055  -0.00002146
 273    0.0000047  -0.00001919
 274    0.0000064  -0.00002102
 275    0.0000048  -0.00001874
 276    0.0000001  0.00000022
 277    0.0000001  0.00000021
 278    0.0000001  0.00000018
 279    0.0000001  0.00000020
 280    0.0000001  0.00000022
 281    0.0000126  -0.00002765
 282    0.0000144  -0.00002789
 283    0.0000159  -0.00002697
 284    0.0000104  -0.00002752
 285    0.0000118  -0.00002747
 286    0.0000143  -0.00002715
 287    0.0000088  -0.00002688
 288    0.0000118  -0.00002751
 289    0.0000118  -0.00002762
 290    0.0000098  -0.00002698
 291    0.0000034  -0.00001346
 292    0.0000048  -0.00001536
 293    0.0000043  -0.00001532
 294    0.0000059  -0.00001688
 295    0.0000031  -0.00001375
 296    0.0000001  0.00000020
 297    0.0000001  0.00000020
 298    0.0000001  0.00000018
 299    0.0000001  0.00000020
 300    0.0000001  0.00000022
 301    0.0000094  -0.00002630
 302    0.0000110  -0.00002640
 303    0.0000087  -0.00002601
 304    0.0000085  -0.00002605
 305    0.0000105  -0.00002646
 306    0.0000078  -0.00002502
 307    0.0000083  -0.00002598
 308    0.0000112  -0.00002640
 309    0.0000077  -0.00002501
 310    0.0000073  -0.00002462
 311    0.0000031  -0.00001281
 312    0.0000037  -0.00001396
 313    0.0000040  -0.00001498
 314    0.0000057  -0.00001657
 315    0.0000027  -0.00001300
 316    0.0000001  0.00000019
 317    0.0000001  0.00000020
 318    0.0000001  0.00000020
 319    0.0000001  0.00000020
 320    0.0000001  0.00000019
 321    0.0000077  -0.00002028
 322    0.0000064  -0.00002023
 323    0.0000075  -0.00002056
 324    0.0000071  -0.00001986
 325    0.0000083  -0.00002012
 326    0.0000064  -0.00002001
 327    0.0000079  -0.00001980
 328    0.0000078  -0.00002080
 329    0.0000057  -0.00001996
 330    0.0000071  -0.00002073
 331    0.0000019  -0.00000446
 332    0.0000031  -0.00000558
 333    0.0000026  -0.00000369
 334    0.0000041  0.00000020
 335    0.0000022  -0.00000391
 336    0.0000001  0.00000016
 337    0.0000001  0.00000019
 338    0.0000001  0.00000019
 339    0.0000001  0.00000020
 340    0.0000001  0.00000017
 341    0.0000072  -0.00002024
 342    0.0000060  -0.00002003
 343    0.0000067  -0.00002001
 344    0.0000055  -0.00001922
 345    0.0000076  -0.00002015
 346    0.0000060  -0.00001973
 347    0.0000064  -0.00001982
 348    0.0000076  -0.00002038
 349    0.0000052  -0.00001932
 350    0.0000068  -0.00002028
 351    0.0000017  -0.00000295
 352    0.0000026  -0.00000119
 353    0.0000025  -0.00000327
 354    0.0000041  0.00000004
 355    0.0000020  -0.00000289
 356    0.0000001  0.00000018
 357    0.0000001  0.00000019
 358    0.0000001  0.00000018
 359    0.0000001  0.00000018
 360    0.0000001  0.00000017
 361    0.0000060  -0.00001512
 362    0.0000056  -0.00001570
 363    0.0000054  -0.00001536
 364    0.0000045  -0.00001498
 365    0.0000054  -0.00001499
 366    0.0000055  -0.00001642
 367    0.0000056  -0.00001475
 368    0.0000059  -0.00001646
 369    0.0000049  -0.00001638
 370    0.0000052  -0.00001665
 371    0.0000013  -0.00000230
 372    0.0000025  0.00000018
 373    0.0000015  -0.00000250
 374    0.0000039  0.00000050
 375    0.0000019  -0.00000252
 376    0.0000001  0.00000017
 377    0.0000001  0.00000019
 378    0.0000001  0.00000019
 379    0.0000001  0.00000015
 380    0.0000001  0.00000017
 381    0.0000040  -0.00001384
 382    0.0000041  -0.00001357
 383    0.0000047  -0.00001368
 384    0.0000044  -0.00001322
 385    0.0000048  -0.00001372
 386    0.0000047  -0.00001319
 387    0.0000047  -0.00001442
 388    0.0000041  -0.00001265
 389    0.0000041  -0.00001219
 390    0.0000042  -0.00001190
 391    0.0000012  -0.00000124
 392    0.0000022  0.00000024
 393    0.0000014  -0.00000216
 394    0.0000032  -0.00000304
 395    0.0000013  -0.00000167
 396    0.0000001  0.00000018
 397    0.0000001  0.00000018
 398    0.0000001  0.00000019
 399    0.0000001  0.00000016
 400    0.0000001  0.00000017
 401    0.0000035  -0.00001113
 402    0.0000029  -0.00001094
 403    0.0000039  -0.00001250
 404    0.0000032  -0.00001056
 405    0.0000037  -0.00001208
 406    0.0000042  -0.00001319
 407    0.0000034  -0.00001072
 408    0.0000041  -0.00001333
 409    0.0000034  -0.00001173
 410    0.0000037  -0.00001201
 411    0.0000011  -0.00000077
 412    0.0000021  -0.00000251
 413    0.0000011  -0.00000070
 414    0.0000030  0.00000020
 415    0.0000010  -0.00000074
 416    0.0000001  0.00000017
 417    0.0000001  0.00000020
 418    0.0000001  0.00000018
 419    0.0000001  0.00000018
 420    0.0000001  0.00000015
 421    0.0000027  -0.00000978
 422    0.0000026  -0.00000946
 423    0.0000039  -0.00001105
 424    0.0000028  -0.00001012
 425    0.0000031  -0.00001083
 426    0.0000035  -0.00001075
 427    0.0000029  -0.00001035
 428    0.0000034  -0.00001101
 429    0.0000025  -0.00000962
 430    0.0000033  -0.00001094
 431    0.0000009  -0.00000077
 432    0.0000018  -0.00000161
 433    0.0000010  -0.00000067
 434    0.0000028  -0.00000087
 435    0.0000009  -0.00000047
 436    0.0000000  0.00000013
 437    0.0000001  0.00000018
 438    0.0000001  0.00000019
 439    0.0000001  0.00000018
 440    0.0000001  0.00000017
 441    0.0000024  -0.00000865
 442    0.0000024  -0.00000853
 443    0.0000030  -0.00000946
 444    0.0000025  -0.00000840
 445    0.0000029  -0.00000924
 446    0.0000026  -0.00000891
 447    0.0000022  -0.00000819
 448    0.0000027  -0.00000918
 449    0.0000024  -0.00000857
 450    0.0000026  -0.00000871
 451    0.0000009  -0.00000062
 452    0.0000016  -0.00000130
 453    0.0000008  -0.00000011
 454    0.0000027  -0.00000144
 455    0.0000008  -0.00000050
 456    0.0000000  0.00000016
 457    0.0000001  0.00000018
 458    0.0000001  0.00000019
 459    0.0000001  0.00000018
 460    0.0000000  0.00000017
 461    0.0000023  -0.00000800
 462    0.0000023  -0.00000803
 463    0.0000024  -0.00000816
 464    0.0000024  -0.00000796
 465    0.0000028  -0.00000881
 466    0.0000024  -0.00000790
 467    0.0000020  -0.00000767
 468    0.0000023  -0.00000832
 469    0.0000022  -0.00000805
 470    0.0000022  -0.00000812
 471    0.0000008  -0.00000079
 472    0.0000014  -0.00000101
 473    0.0000008  0.00000007
 474    0.0000025  -0.00000035
 475    0.0000008  -0.00000008
 476    0.0000000  0.00000015
 477    0.0000001  0.00000019
 478    0.0000001  0.00000019
 479    0.0000001  0.00000018
 480    0.0000000  0.00000018
 481    0.0000021  -0.00000419
 482    0.0000020  -0.00000441
 483    0.0000024  -0.00000433
 484    0.0000022  -0.00000431
 485    0.0000024  -0.00000425
 486    0.0000019  -0.00000462
 487    0.0000018  -0.00000438
 488    0.0000017  -0.00000429
 489    0.0000018  -0.00000462
 490    0.0000021  -0.00000474
 491    0.0000008  -0.00000018
 492    0.0000012  -0.00000048
 493    0.0000007  0.00000023
 494    0.0000025  -0.00000060
 495    0.0000007  -0.00000002
 496    0.0000000  0.00000016
 497    0.0000001  0.00000020
 498    0.0000001  0.00000018
 499    0.0000000  0.00000014
 500    0.0000000  0.00000017
 501    0.0000019  -0.00000121
 502    0.0000018  -0.00000169
 503    0.0000021  -0.00000266
 504    0.0000016  -0.00000098
 505    0.0000019  -0.00000167
 506    0.0000015  -0.00000230
 507    0.0000014  -0.00000117
 508    0.0000015  -0.00000238
 509    0.0000015  -0.00000231
 510    0.0000019  -0.00000182
 511    0.0000007  0.00000040
 512    0.0000012  -0.00000066
 513    0.0000006  0.00000027
 514    0.0000024  -0.00000083
 515    0.0000007  0.00000020
 516    0.0000000  0.00000016
 517    0.0000001  0.00000018
 518    0.0000001  0.00000019
 519    0.0000000  0.00000018
 520    0.0000000  0.00000017
 521    0.0000018  -0.00000193
 522    0.0000017  -0.00000121
 523    0.0000016  -0.00000115
 524    0.0000015  -0.00000154
 525    0.0000016  -0.00000159
 526    0.0000014  -0.00000124
 527    0.0000013  -0.00000108
 528    0.0000011  -0.00000121
 529    0.0000013  -0.00000120
 530    0.0000017  -0.00000135
 531    0.0000007  0.00000047
 532    0.0000011  -0.00000046
 533    0.0000005  0.00000035
 534    0.0000023  -0.00000161
 535    0.0000005  0.00000028
 536    0.0000000  0.00000016
 537    0.0000001  0.00000021
 538    0.0000001  0.00000020
 539    0.0000000  0.00000017
 540    0.0000000  0.00000017
 541    0.0000016  -0.00000097
 542    0.0000014  -0.00000109
 543    0.0000010  -0.00000073
 544    0.0000013  -0.00000082
 545    0.0000015  -0.00000131
 546    0.0000011  -0.00000070
 547    0.0000012  -0.00000059
 548    0.0000010  -0.00000098
 549    0.0000012  -0.00000102
 550    0.0000015  -0.00000132
 551    0.0000006  0.00000042
 552    0.0000010  -0.00000064
 553    0.0000005  0.00000054
 554    0.0000023  -0.00000190
 555    0.0000005  0.00000044
 556    0.0000000  0.00000016
 557    0.0000001  0.00000018
 558    0.0000001  0.00000021
 559    0.0000000  0.00000018
 560    0.0000000  0.00000018
 561    0.0000011  -0.00000075
 562    0.0000010  -0.00000057
 563    0.0000009  -0.00000036
 564    0.0000013  -0.00000076
 565    0.0000008  -0.00000069
 566    0.0000007  -0.00000049
 567    0.0000010  -0.00000062
 568    0.0000009  -0.00000034
 569    0.0000011  -0.00000011
 570    0.0000013  -0.00000054
 571    0.0000006  0.00000066
 572    0.0000010  0.00000065
 573    0.0000005  0.00000047
 574    0.0000021  -0.00000146
 575    0.0000005  0.00000053
 576    0.0000000  0.00000015
 577    0.0000001  0.00000021
 578    0.0000001  0.00000021
 579    0.0000000  0.00000017
 580    0.0000000  0.00000017
 
----------------
 Final Energies 
----------------
Final NOF Total Energy =    -195.7288563
 
Total Orbital Internal Iterations = 693
Total Occupation Internal Iterations = 16
 
Elapsed time: 3141.77 Seconds

---------------------------------
   Lowdin Population Analysis    
---------------------------------
 Idx  Atom   Population   Charge 
---------------------------------
  1     C     5.894       0.106
  2     H     1.049      -0.049
  3     H     1.061      -0.061
  4     C     5.881       0.119
  5     H     1.063      -0.063
  6     H     1.054      -0.054
  7     C     5.870       0.130
  8     H     1.062      -0.062
  9     H     1.061      -0.061
 10     C     5.882       0.118
 11     H     1.054      -0.054
 12     H     1.063      -0.063
 13     C     5.894       0.106
 14     H     1.061      -0.061
 15     H     1.049      -0.049

---------------------------------
   M Diagnostic: 0.02
---------------------------------

