Computing Integrals
Elapsed time:    4.83 Seconds

Number of basis functions                   (NBF)    = 117
Number of auxiliary basis functions         (NBFAUX) = 111
Inactive Doubly occupied orbitals up to     (NO1)    = 0
No. considered Strongly Doubly occupied MOs (NDOC)   = 3
No. considered Strongly Singly occupied MOs (NSOC)   = 2
NO. of Weakly occ. per St. Doubly occ.  MOs (NCWO)   = 37
Dimension of the Nat. Orb. subspace         (NBF5)   = 116
No. of electrons                                     = 8
    No. of alpha electrons                           = 5
    No. of beta electrons                            = 3
Multiplicity                                         = 3

Geometry
========
 C       0.0000000       0.0000000       0.1072800
 H       0.0000000       0.9845500      -0.3218400
 H       0.0000000      -0.9845500      -0.3218400

No violations of the orthonormality
No violations of the orthonormality
 
PNOF5/ADAM Calculation
==================
 
  Nitext  Nit_orb  Time   Nit_occ  Time         Eelec          Etot           Ediff      maxdiff    Grad_orb  Grad_occ
0.014354576361273352
0.02314942674688645
     1      10    2.0e+01   13    3.7e+01   -45.15954897   -38.97824357 -10044.15954897   0.043602   5.2e-01   1.9e-04 0.02
0.0007934901174109221
0.0013745242558108322
     2      10    5.5e-01    3    1.2e-01   -45.18015347   -38.99884808    -0.02060451   0.082624   7.7e-01   2.0e-04 0.02
0.00023866619487955543
0.00041093948808416616
     3      10    2.7e-01    5    9.8e-02   -45.18181812   -39.00051273    -0.00166465   0.068041   6.1e-01   1.7e-04 0.02
0.00011421353577776346
0.00018645156525144254
     4      10    3.4e-01    6    1.0e-01   -45.18229512   -39.00098973    -0.00047700   0.063517   5.0e-01   1.1e-04 0.02
0.0001851630344602657
0.00025735933082727733
     5      10    5.2e-01    2    7.8e-02   -45.18353053   -39.00222514    -0.00123541   0.050499   4.3e-01   1.4e-04 0.02
0.0
0.0
     6      10    9.6e-01    0    5.7e-02   -45.18395622   -39.00265083    -0.00042569   0.063388   4.5e-01   1.9e-04 0.02
0.00013232538569429853
0.0002463071728157497
     7      20    1.3e+00    6    1.3e-01   -45.18617201   -39.00486662    -0.00221579   0.007491   4.9e-02   1.1e-04 0.02
0.0
0.0
     8      20    9.1e-01    0    3.5e-02   -45.18603426   -39.00472886     0.00013775   0.017867   1.2e-01   1.8e-04 0.02
0.0
0.0
     9      50    2.8e+00    0    4.0e-02   -45.18648968   -39.00518428    -0.00045542   0.000328   3.0e-03   1.4e-04 0.02
0.0
0.0
    10      60    2.9e+00    0    2.0e-02   -45.18649176   -39.00518636    -0.00000208   0.000455   4.2e-03   1.4e-04 0.02
0.0
0.0
    11      70    4.4e+00    0    1.7e-02   -45.18649379   -39.00518839    -0.00000203   0.000162   1.6e-03   1.4e-04 0.02
0.0
0.0
    12      79    4.2e+00    0    4.2e-02   -45.18649446   -39.00518907    -0.00000067   0.000098   9.8e-04   1.4e-04 0.02
 
RESULTS OF THE OCCUPATION OPTIMIZATION
========================================
   1    1.9994279  -11.25102301
   2    1.9808722  -0.75217969
   3    1.9807495  -0.75189985
   4    1.0000000  -0.23266139
   5    1.0000000  -0.20780683
   6    0.0116647  -0.01028422
   7    0.0115721  -0.01024448
   8    0.0003983  -0.00779322
   9    0.0033044  -0.00370470
  10    0.0031563  -0.00364023
  11    0.0000579  -0.00086177
  12    0.0017034  -0.00216189
  13    0.0017894  -0.00219669
  14    0.0000558  -0.00078063
  15    0.0016336  -0.00203944
  16    0.0016567  -0.00205077
  17    0.0000490  -0.00066701
  18    0.0001842  -0.00028158
  19    0.0001701  -0.00027444
  20    0.0000060  -0.00029063
  21    0.0001558  -0.00026894
  22    0.0001538  -0.00026743
  23    0.0000011  -0.00000526
  24    0.0001318  -0.00023396
  25    0.0001407  -0.00023594
  26    0.0000004  -0.00001823
  27    0.0001180  -0.00022535
  28    0.0001177  -0.00022550
  29    0.0000002  -0.00000202
  30    0.0000730  -0.00017202
  31    0.0000730  -0.00017096
  32    0.0000002  -0.00000065
  33    0.0000638  -0.00014731
  34    0.0000619  -0.00014557
  35    0.0000002  -0.00000055
  36    0.0000372  -0.00010036
  37    0.0000337  -0.00009784
  38    0.0000001  -0.00000012
  39    0.0000349  -0.00008286
  40    0.0000312  -0.00008118
  41    0.0000001  0.00000013
  42    0.0000301  -0.00008071
  43    0.0000281  -0.00008001
  44    0.0000001  0.00000010
  45    0.0000211  -0.00004066
  46    0.0000231  -0.00004047
  47    0.0000001  0.00000018
  48    0.0000139  -0.00003849
  49    0.0000215  -0.00004044
  50    0.0000001  0.00000019
  51    0.0000112  -0.00002795
  52    0.0000174  -0.00002817
  53    0.0000001  0.00000024
  54    0.0000097  -0.00002715
  55    0.0000163  -0.00002801
  56    0.0000001  0.00000021
  57    0.0000085  -0.00001760
  58    0.0000115  -0.00001985
  59    0.0000001  0.00000020
  60    0.0000065  -0.00001769
  61    0.0000093  -0.00001796
  62    0.0000001  0.00000031
  63    0.0000051  -0.00001515
  64    0.0000073  -0.00001743
  65    0.0000001  0.00000029
  66    0.0000051  -0.00001446
  67    0.0000046  -0.00001379
  68    0.0000001  0.00000030
  69    0.0000044  -0.00001222
  70    0.0000043  -0.00001288
  71    0.0000001  0.00000031
  72    0.0000031  -0.00001175
  73    0.0000038  -0.00001287
  74    0.0000001  0.00000033
  75    0.0000030  -0.00001045
  76    0.0000037  -0.00001195
  77    0.0000001  0.00000030
  78    0.0000029  -0.00001059
  79    0.0000024  -0.00000962
  80    0.0000001  0.00000032
  81    0.0000026  -0.00000773
  82    0.0000022  -0.00000785
  83    0.0000001  0.00000029
  84    0.0000024  -0.00000638
  85    0.0000021  -0.00000674
  86    0.0000001  0.00000034
  87    0.0000022  -0.00000540
  88    0.0000020  -0.00000463
  89    0.0000001  0.00000035
  90    0.0000020  -0.00000261
  91    0.0000019  -0.00000347
  92    0.0000001  0.00000033
  93    0.0000020  -0.00000229
  94    0.0000015  -0.00000304
  95    0.0000001  0.00000031
  96    0.0000019  -0.00000200
  97    0.0000014  -0.00000215
  98    0.0000001  0.00000038
  99    0.0000017  -0.00000170
 100    0.0000014  -0.00000200
 101    0.0000001  0.00000038
 102    0.0000016  -0.00000190
 103    0.0000014  -0.00000147
 104    0.0000001  0.00000038
 105    0.0000013  -0.00000078
 106    0.0000012  -0.00000110
 107    0.0000001  0.00000036
 108    0.0000013  -0.00000092
 109    0.0000012  -0.00000104
 110    0.0000001  0.00000036
 111    0.0000010  -0.00000079
 112    0.0000009  -0.00000091
 113    0.0000001  0.00000039
 114    0.0000010  -0.00000098
 115    0.0000006  -0.00000085
 116    0.0000001  0.00000031
 
----------------
 Final Energies 
----------------
Final NOF Total Energy =     -39.0051891
 
Total Orbital Internal Iterations = 359
Total Occupation Internal Iterations = 35
 
Elapsed time:  110.21 Seconds

---------------------------------
   Lowdin Population Analysis    
---------------------------------
 Idx  Atom   Population   Charge 
---------------------------------
  1     C     5.576       0.424
  2     H     1.212      -0.212
  3     H     1.212      -0.212

---------------------------------
   M Diagnostic: 0.02
---------------------------------

