Computing Integrals
NVIDIA GeForce RTX 3090
Elapsed time:  111.33 Seconds

Number of basis functions                   (NBF)    = 1392
Number of auxiliary basis functions         (NBFAUX) = 1496
Inactive Doubly occupied orbitals up to     (NO1)    = 0
No. considered Strongly Doubly occupied MOs (NDOC)   = 59
No. considered Strongly Singly occupied MOs (NSOC)   = 0
NO. of Weakly occ. per St. Doubly occ.  MOs (NCWO)   = 1
Dimension of the Nat. Orb. subspace         (NBF5)   = 118
No. of electrons                                     = 118
    No. of alpha electrons                           = 59
    No. of beta electrons                            = 59
Multiplicity                                         = 1

Geometry
========
 N       0.5778100       0.6203200       1.0448400
 C       0.7949500      -0.7310900       0.5365500
 C       2.2613900      -1.1098800       0.3092900
 O       2.6959400      -2.1654200       0.7613900
 C      -0.0420900      -1.0320400      -0.7203200
 C      -1.4880000      -0.7070200      -0.4863100
 C      -2.0469000       0.4681700      -0.9965500
 C      -2.2859600      -1.5440600       0.3000500
 C      -3.3733200       0.8011800      -0.7252600
 C      -3.6111500      -1.2149600       0.5740100
 C      -4.1574400      -0.0377400       0.0640300
 H       0.1559900       0.6878500       1.9549000
 H       0.4641800      -1.3984600       1.3297300
 H       0.0894900      -2.0932500      -0.9389300
 H       0.3432600      -0.4610900      -1.5622400
 H      -1.4363300       1.1180300      -1.6114200
 H      -1.8675900      -2.4644300       0.6911500
 H      -3.7943100       1.7102400      -1.1338500
 H      -4.2174000      -1.8768500       1.1776900
 H      -5.1871200       0.2179800       0.2732100
 N       2.9674800      -0.2417000      -0.4439500
 H       2.4805200       0.5797900      -0.7868000
 C       4.3524400      -0.4816700      -0.7837200
 H       4.5001300      -0.4000200      -1.8586200
 H       5.0125600       0.2257000      -0.2832300
 H       4.6038000      -1.4873200      -0.4610800
 C       0.6168100       1.7587200       0.3132700
 O       1.0689600       1.8068100      -0.8330700
 C       0.0351900       2.9743000       0.9880500
 H       0.0958000       2.9196500       2.0726900
 H      -1.0140000       3.0516800       0.7028800
 H       0.5560000       3.8578600       0.6335900

No violations of the orthonormality
No violations of the orthonormality
 
PNOF9/ADABelief Calculation
==================
 
  Nitext  Nit_orb  Time   Nit_occ  Time         Eelec          Etot           Ediff      maxdiff    MaxGrad_orb  Grad_occ
     1      10    4.8e+01   30    3.8e+01 -1836.71439808  -721.84416458 -11835.71439808   0.023103   9.2e-02   2.9e-04 0.04
     2      20    7.2e+00    0    7.3e-02 -1839.47635575  -724.60612225    -2.76195767   0.023103   9.2e-02   2.9e-04 0.04
     3      40    1.4e+01   35    4.5e-01 -1839.53519422  -724.66496072    -0.05883847   0.283654   1.1e+00   2.2e-04 0.04
     4      40    1.4e+01   13    1.8e-01 -1839.63704813  -724.76681463    -0.10185391   0.012223   4.9e-02   1.3e-04 0.04
     5      40    1.4e+01    8    1.5e-01 -1839.67043644  -724.80020294    -0.03338831   0.022493   9.0e-02   2.9e-04 0.04
     6      40    1.4e+01    7    1.5e-01 -1839.69121742  -724.82098392    -0.02078098   0.010113   4.0e-02   2.8e-04 0.04
     7      40    1.4e+01    6    1.4e-01 -1839.69725201  -724.82701851    -0.00603459   0.018087   7.2e-02   2.0e-04 0.04
     8      40    1.4e+01    6    1.4e-01 -1839.70181149  -724.83157799    -0.00455948   0.017764   7.1e-02   1.4e-04 0.04
     9      40    1.4e+01    0    6.5e-02 -1839.70220416  -724.83197066    -0.00039267   0.017764   7.1e-02   1.4e-04 0.04
    10      60    2.2e+01    5    9.5e-02 -1839.75407212  -724.88383862    -0.05186796   0.002506   1.0e-02   1.6e-04 0.04
    11      60    2.1e+01    4    9.7e-02 -1839.75860799  -724.88837449    -0.00453587   0.002397   9.6e-03   3.0e-04 0.04
    12      60    2.1e+01    3    8.1e-02 -1839.76191436  -724.89168085    -0.00330637   0.002215   8.9e-03   3.7e-04 0.04
    13      60    2.1e+01    5    1.1e-01 -1839.76515132  -724.89491782    -0.00323697   0.002291   9.2e-03   9.2e-05 0.04
    14      60    2.1e+01    5    1.1e-01 -1839.76786572  -724.89763222    -0.00271440   0.002302   9.2e-03   7.1e-05 0.04
    15      60    2.0e+01    4    8.7e-02 -1839.77014978  -724.89991627    -0.00228405   0.002307   9.2e-03   2.3e-04 0.04
    16      60    2.0e+01    5    8.7e-02 -1839.77246523  -724.90223172    -0.00231545   0.002247   9.0e-03   5.2e-05 0.04
    17      60    2.0e+01    4    7.7e-02 -1839.77420803  -724.90397452    -0.00174280   0.002175   8.7e-03   2.3e-04 0.04
    18      60    2.0e+01    3    7.9e-02 -1839.77578686  -724.90555336    -0.00157884   0.002044   8.2e-03   2.9e-04 0.04
    19      60    2.0e+01    4    7.8e-02 -1839.77721651  -724.90698300    -0.00142964   0.001889   7.6e-03   2.1e-04 0.04
    20      60    2.0e+01    3    7.3e-02 -1839.77877702  -724.90854351    -0.00156051   0.001708   6.8e-03   2.3e-04 0.04
    21      60    2.0e+01    2    6.8e-02 -1839.78020598  -724.90997247    -0.00142896   0.001557   6.2e-03   2.9e-04 0.04
    22      60    2.0e+01    4    8.5e-02 -1839.78100580  -724.91077229    -0.00079982   0.001293   5.2e-03   2.0e-04 0.04
    23      60    2.0e+01    3    7.2e-02 -1839.78228932  -724.91205581    -0.00128352   0.001505   6.0e-03   2.0e-04 0.04
    24      60    2.0e+01    3    7.2e-02 -1839.78314604  -724.91291254    -0.00085673   0.001282   5.1e-03   2.8e-04 0.04
    25      60    2.0e+01    3    7.0e-02 -1839.78359545  -724.91336195    -0.00044941   0.001538   6.2e-03   2.2e-04 0.04
    26      60    2.0e+01    4    7.6e-02 -1839.78413886  -724.91390536    -0.00054341   0.001292   5.2e-03   9.6e-05 0.04
    27      60    2.0e+01    2    6.9e-02 -1839.78442313  -724.91418962    -0.00028427   0.001465   5.9e-03   2.0e-04 0.04
    28      60    2.0e+01    4    8.3e-02 -1839.78500033  -724.91476682    -0.00057720   0.001604   6.4e-03   8.0e-05 0.04
    29      60    2.0e+01    2    6.7e-02 -1839.78530423  -724.91507072    -0.00030390   0.001711   6.8e-03   2.0e-04 0.04
    30      60    2.0e+01    3    7.1e-02 -1839.78541032  -724.91517681    -0.00010609   0.001542   6.2e-03   1.8e-04 0.04
    31      60    2.1e+01    1    6.2e-02 -1839.78551420  -724.91528069    -0.00010388   0.002054   8.2e-03   2.5e-04 0.04
    32      60    2.0e+01    2    6.8e-02 -1839.78574323  -724.91550973    -0.00022904   0.001409   5.6e-03   2.1e-04 0.04
    33      60    2.0e+01    2    6.7e-02 -1839.78605961  -724.91582610    -0.00031637   0.001553   6.2e-03   1.8e-04 0.04
    34      60    2.0e+01    2    6.8e-02 -1839.78618998  -724.91595648    -0.00013038   0.001644   6.6e-03   1.8e-04 0.04
    35      60    2.0e+01    0    5.5e-02 -1839.78622880  -724.91599530    -0.00003882   0.001644   6.6e-03   1.8e-04 0.04
    36      80    2.7e+01    2    7.0e-02 -1839.78807113  -724.91783762    -0.00184232   0.000633   2.5e-03   1.4e-04 0.04
 
RESULTS OF THE OCCUPATION OPTIMIZATION
========================================
   1    1.9998088  -20.56252098
   2    1.9998033  -20.54257011
   3    1.9996357  -15.07094383
   4    1.9996222  -14.79180813
   5    1.9996181  -11.79131889
   6    1.9995796  -11.59386826
   7    1.9995902  -11.50412369
   8    1.9994564  -11.32534790
   9    1.9994514  -11.30751514
  10    1.9995607  -11.30099201
  11    1.9995025  -11.29894829
  12    1.9995259  -11.25611115
  13    1.9995441  -11.24483681
  14    1.9994561  -11.23767090
  15    1.9994837  -11.23560333
  16    1.9995308  -11.23466682
  17    1.9902724  -1.29390991
  18    1.9909540  -1.27667999
  19    1.9896129  -1.19589686
  20    1.9898928  -1.16330993
  21    1.9810029  -1.02534354
  22    1.9819381  -0.91873932
  23    1.9817779  -0.91314161
  24    1.9881194  -0.90549374
  25    1.9805776  -0.87053454
  26    1.9810847  -0.86703521
  27    1.9803788  -0.85687381
  28    1.9801262  -0.82975411
  29    1.9790158  -0.79722822
  30    1.9772190  -0.79150409
  31    1.9722824  -0.75811422
  32    1.9757523  -0.74554718
  33    1.9859145  -0.74361521
  34    1.9757268  -0.73506546
  35    1.9724015  -0.72424704
  36    1.9698275  -0.67319471
  37    1.9764601  -0.66489732
  38    1.9700423  -0.66235793
  39    1.9751201  -0.65866953
  40    1.9749202  -0.65577435
  41    1.9747802  -0.65489310
  42    1.9728416  -0.65438873
  43    1.9758112  -0.64910209
  44    1.9747064  -0.64168757
  45    1.9748537  -0.62512428
  46    1.9749455  -0.62154430
  47    1.9713117  -0.60727239
  48    1.9744865  -0.60493797
  49    1.9710125  -0.60399354
  50    1.9744894  -0.59485257
  51    1.9743198  -0.59345925
  52    1.9730704  -0.58565956
  53    1.9703773  -0.58106959
  54    1.9704165  -0.57767099
  55    1.9599015  -0.49518815
  56    1.9591853  -0.44971353
  57    1.9614567  -0.41068888
  58    1.9615964  -0.40982065
  59    1.9614299  -0.40976614
  60    0.0385701  -0.03707138
  61    0.0384036  -0.03749758
  62    0.0385433  -0.03696914
  63    0.0408147  -0.05020706
  64    0.0400985  -0.05006774
  65    0.0295835  -0.03669486
  66    0.0296227  -0.03418878
  67    0.0269296  -0.03686459
  68    0.0256802  -0.02526665
  69    0.0255106  -0.02520959
  70    0.0289875  -0.03473767
  71    0.0255135  -0.02538462
  72    0.0286883  -0.03532196
  73    0.0250545  -0.02479422
  74    0.0251463  -0.02509891
  75    0.0252936  -0.03171270
  76    0.0241888  -0.02553363
  77    0.0271584  -0.03771145
  78    0.0252198  -0.03198650
  79    0.0250798  -0.03180129
  80    0.0248799  -0.03183164
  81    0.0299577  -0.03848933
  82    0.0235399  -0.02522845
  83    0.0301725  -0.03933686
  84    0.0275985  -0.04142514
  85    0.0242732  -0.03017675
  86    0.0140855  -0.01901339
  87    0.0242477  -0.02909797
  88    0.0277176  -0.04201954
  89    0.0227810  -0.03083255
  90    0.0209842  -0.02399812
  91    0.0198738  -0.02320616
  92    0.0196212  -0.02378450
  93    0.0189153  -0.02309929
  94    0.0194224  -0.02341908
  95    0.0118806  -0.01629097
  96    0.0182221  -0.02294062
  97    0.0180619  -0.02277664
  98    0.0189971  -0.02840097
  99    0.0101072  -0.01481773
 100    0.0103871  -0.02074536
 101    0.0090460  -0.01395539
 102    0.0097276  -0.02133542
 103    0.0004692  -0.00804127
 104    0.0005163  -0.00867699
 105    0.0005439  -0.00904722
 106    0.0004559  -0.00784692
 107    0.0004741  -0.00812878
 108    0.0004975  -0.00845039
 109    0.0004393  -0.00764143
 110    0.0005486  -0.00917023
 111    0.0005436  -0.00909310
 112    0.0004098  -0.00730190
 113    0.0004204  -0.00748436
 114    0.0003819  -0.00702166
 115    0.0003778  -0.00855225
 116    0.0003643  -0.00842108
 117    0.0001967  -0.00657485
 118    0.0001912  -0.00641484
 
----------------
 Final Energies 
----------------
Final NOF Total Energy =    -724.9178376
 
Total Orbital Internal Iterations = 1950
Total Occupation Internal Iterations = 189
 
Elapsed time:  811.45 Seconds

---------------------------------
   Lowdin Population Analysis    
---------------------------------
 Idx  Atom   Population   Charge 
---------------------------------
  1     N     6.455       0.545
  2     C     6.108      -0.108
  3     C     6.587      -0.587
  4     O     7.757       0.243
  5     C     5.880       0.120
  6     C     6.094      -0.094
  7     C     5.919       0.081
  8     C     5.918       0.082
  9     C     5.935       0.065
 10     C     5.932       0.068
 11     C     5.937       0.063
 12     H     1.146      -0.146
 13     H     1.027      -0.027
 14     H     1.027      -0.027
 15     H     1.035      -0.035
 16     H     1.052      -0.052
 17     H     1.053      -0.053
 18     H     1.063      -0.063
 19     H     1.064      -0.064
 20     H     1.066      -0.066
 21     N     6.480       0.520
 22     H     1.210      -0.210
 23     C     5.840       0.160
 24     H     1.069      -0.069
 25     H     1.071      -0.071
 26     H     1.057      -0.057
 27     C     6.590      -0.590
 28     O     7.716       0.284
 29     C     5.759       0.241
 30     H     1.057      -0.057
 31     H     1.048      -0.048
 32     H     1.049      -0.049

---------------------------------
   M Diagnostic: 0.04
---------------------------------

