Computing Integrals
NVIDIA GeForce RTX 3090
Elapsed time:   90.34 Seconds

Number of basis functions                   (NBF)    = 1404
Number of auxiliary basis functions         (NBFAUX) = 1332
Inactive Doubly occupied orbitals up to     (NO1)    = 0
No. considered Strongly Doubly occupied MOs (NDOC)   = 48
No. considered Strongly Singly occupied MOs (NSOC)   = 0
NO. of Weakly occ. per St. Doubly occ.  MOs (NCWO)   = 1
Dimension of the Nat. Orb. subspace         (NBF5)   = 96
No. of electrons                                     = 96
    No. of alpha electrons                           = 48
    No. of beta electrons                            = 48
Multiplicity                                         = 1

Geometry
========
 C       2.8244700      -1.3647400      -0.0198900
 C       4.1973700      -0.9111100       0.4662800
 C       4.5686800       0.4380400      -0.1402200
 C       3.4973400       1.4785000       0.1679100
 C       2.1244300       1.0168800      -0.3144800
 C       1.7365500      -0.3351900       0.2824300
 C       0.3799300      -0.8250500      -0.2174900
 C      -0.8023400       0.0559100       0.1684800
 C      -2.1405800      -0.5432500      -0.2458700
 C      -3.3294100       0.3342300       0.1221800
 C      -4.6684600      -0.2656500      -0.2861400
 C      -5.8458200       0.6248500       0.0887200
 H       2.5576900      -2.3236300       0.4303600
 H       2.8603900      -1.5234500      -1.1034100
 H       4.1800900      -0.8210800       1.5564400
 H       4.9520500      -1.6604500       0.2223400
 H       4.6615800       0.3296000      -1.2249500
 H       5.5399100       0.7693700       0.2302700
 H       3.4588000       1.6423400       1.2489700
 H       3.7535600       2.4363500      -0.2875900
 H       2.1370200       0.9214800      -1.4064200
 H       1.3743100       1.7703200      -0.0709100
 H       1.6768900      -0.2183800       1.3723700
 H       0.2074800      -1.8329100       0.1728500
 H       0.4206500      -0.9208700      -1.3078800
 H      -0.7967700       0.2122600       1.2515700
 H      -0.7018400       1.0427500      -0.2880700
 H      -2.2573500      -1.5250800       0.2217900
 H      -2.1392200      -0.7152200      -1.3261600
 H      -3.3279000       0.5107900       1.2017900
 H      -3.2151300       1.3146000      -0.3495100
 H      -4.7809000      -1.2442700       0.1859300
 H      -4.6675400      -0.4419100      -1.3641800
 H      -5.8769400       0.7916500       1.1653300
 H      -6.7958400       0.1837800      -0.2088400
 H      -5.7631400       1.5985200      -0.3939900

No violations of the orthonormality
No violations of the orthonormality
 
PNOF9/ADABelief Calculation
==================
 
  Nitext  Nit_orb  Time   Nit_occ  Time         Eelec          Etot           Ediff      maxdiff    MaxGrad_orb  Grad_occ
     1      10    4.8e+01   14    3.7e+01 -1185.32720131  -467.79879057 -11184.32720131   0.011121   4.4e-02   3.9e-04 0.03
     2      20    6.8e+00    0    5.0e-02 -1187.57823038  -470.04981964    -2.25102907   0.011121   4.4e-02   3.9e-04 0.03
     3      40    1.3e+01   23    2.3e-01 -1187.60936053  -470.08094978    -0.03113014   0.159298   6.4e-01   2.5e-04 0.03
     4      40    1.3e+01   10    9.5e-02 -1187.69025046  -470.16183971    -0.08088993   0.014679   5.9e-02   2.5e-04 0.03
     5      40    1.3e+01    7    7.6e-02 -1187.71767999  -470.18926925    -0.02742954   0.018665   7.5e-02   3.3e-04 0.03
     6      40    1.3e+01    7    8.0e-02 -1187.73646207  -470.20805132    -0.01878208   0.005183   2.1e-02   1.7e-04 0.03
     7      40    1.3e+01    5    7.3e-02 -1187.74557754  -470.21716679    -0.00911547   0.005414   2.2e-02   2.3e-04 0.03
     8      40    1.3e+01    5    7.4e-02 -1187.75292059  -470.22450985    -0.00734306   0.005142   2.1e-02   1.3e-04 0.03
     9      40    1.3e+01    5    7.5e-02 -1187.75854483  -470.23013409    -0.00562424   0.004531   1.8e-02   1.3e-04 0.03
    10      40    1.3e+01    5    7.4e-02 -1187.76501105  -470.23660030    -0.00646622   0.004668   1.9e-02   1.1e-04 0.03
    11      40    1.3e+01    5    7.6e-02 -1187.77054117  -470.24213043    -0.00553013   0.005933   2.4e-02   6.8e-05 0.03
    12      40    1.3e+01    5    7.3e-02 -1187.77528671  -470.24687597    -0.00474554   0.036275   1.5e-01   4.9e-05 0.03
    13      40    1.3e+01    3    6.6e-02 -1187.77929328  -470.25088253    -0.00400656   0.006913   2.8e-02   2.3e-04 0.03
    14      40    1.3e+01    3    6.2e-02 -1187.78240635  -470.25399561    -0.00311307   0.009608   3.8e-02   2.1e-04 0.03
    15      40    1.3e+01    2    6.1e-02 -1187.78494886  -470.25653811    -0.00254250   0.008097   3.2e-02   2.8e-04 0.03
    16      40    1.3e+01    2    5.9e-02 -1187.78633713  -470.25792638    -0.00138827   0.005914   2.4e-02   2.2e-04 0.03
    17      40    1.3e+01    1    5.8e-02 -1187.78696721  -470.25855647    -0.00063009   0.008553   3.4e-02   2.9e-04 0.03
    18      40    1.3e+01    0    5.2e-02 -1187.78695574  -470.25854500     0.00001147   0.008553   3.4e-02   2.9e-04 0.03
    19      60    2.0e+01    1    5.8e-02 -1187.79703410  -470.26862336    -0.01007836   0.001065   4.3e-03   2.3e-04 0.03
    20      60    2.0e+01    0    5.6e-02 -1187.79703527  -470.26862453    -0.00000117   0.001065   4.3e-03   2.3e-04 0.03
    21      80    2.6e+01    1    6.0e-02 -1187.79741832  -470.26900758    -0.00038305   0.000558   2.2e-03   2.0e-04 0.03
 
RESULTS OF THE OCCUPATION OPTIMIZATION
========================================
   1    1.9995494  -11.20556736
   2    1.9995262  -11.20526218
   3    1.9995651  -11.20446396
   4    1.9995571  -11.20427513
   5    1.9995469  -11.20401287
   6    1.9995533  -11.20384216
   7    1.9995602  -11.20367336
   8    1.9995501  -11.20351315
   9    1.9995535  -11.20307732
  10    1.9995477  -11.20296669
  11    1.9995845  -11.20282650
  12    1.9995509  -11.20273972
  13    1.9819399  -0.93942082
  14    1.9812422  -0.89392281
  15    1.9806645  -0.88270932
  16    1.9807521  -0.88226092
  17    1.9806358  -0.88107055
  18    1.9807106  -0.87859124
  19    1.9806396  -0.87595993
  20    1.9807244  -0.87365580
  21    1.9803913  -0.86620808
  22    1.9799182  -0.86324710
  23    1.9802132  -0.85874450
  24    1.9807239  -0.85233974
  25    1.9739802  -0.58538443
  26    1.9741891  -0.58536595
  27    1.9739326  -0.58234441
  28    1.9740963  -0.58206606
  29    1.9739791  -0.58077800
  30    1.9738205  -0.58007294
  31    1.9740244  -0.57583946
  32    1.9736716  -0.57034630
  33    1.9737480  -0.57000643
  34    1.9736317  -0.56996626
  35    1.9735746  -0.56982756
  36    1.9734246  -0.56575114
  37    1.9700814  -0.54639202
  38    1.9700942  -0.54554653
  39    1.9700346  -0.54548764
  40    1.9701125  -0.54367292
  41    1.9699981  -0.54347491
  42    1.9699419  -0.54286098
  43    1.9699673  -0.53973716
  44    1.9698619  -0.53913242
  45    1.9698393  -0.53597242
  46    1.9697757  -0.53527999
  47    1.9697532  -0.53267407
  48    1.9697081  -0.53074127
  49    0.0302919  -0.03402326
  50    0.0302468  -0.03389740
  51    0.0302243  -0.03404062
  52    0.0301607  -0.03384682
  53    0.0301381  -0.03390800
  54    0.0300327  -0.03387294
  55    0.0300581  -0.03391261
  56    0.0300019  -0.03410662
  57    0.0298875  -0.03389977
  58    0.0299654  -0.03390296
  59    0.0299058  -0.03393538
  60    0.0299186  -0.03370833
  61    0.0265754  -0.02565130
  62    0.0264254  -0.02561630
  63    0.0263683  -0.02553308
  64    0.0262520  -0.02518203
  65    0.0263284  -0.02555239
  66    0.0259756  -0.02506923
  67    0.0261795  -0.02556306
  68    0.0260209  -0.02542552
  69    0.0259037  -0.02535776
  70    0.0260674  -0.02548579
  71    0.0258109  -0.02533697
  72    0.0260198  -0.02544616
  73    0.0192761  -0.02320129
  74    0.0197868  -0.02384811
  75    0.0200818  -0.02421050
  76    0.0196087  -0.02374814
  77    0.0192756  -0.02356131
  78    0.0193604  -0.02372728
  79    0.0192894  -0.02365972
  80    0.0193642  -0.02365012
  81    0.0192479  -0.02356549
  82    0.0193355  -0.02365980
  83    0.0187578  -0.02315992
  84    0.0180601  -0.02283882
  85    0.0004491  -0.00777083
  86    0.0004155  -0.00733839
  87    0.0004523  -0.00779757
  88    0.0004465  -0.00774260
  89    0.0004499  -0.00778620
  90    0.0004398  -0.00771016
  91    0.0004467  -0.00775667
  92    0.0004531  -0.00781519
  93    0.0004429  -0.00772173
  94    0.0004349  -0.00763679
  95    0.0004738  -0.00816630
  96    0.0004506  -0.00779396
 
----------------
 Final Energies 
----------------
Final NOF Total Energy =    -470.2690076
 
Total Orbital Internal Iterations = 870
Total Occupation Internal Iterations = 104
 
Elapsed time:  410.69 Seconds

---------------------------------
   Lowdin Population Analysis    
---------------------------------
 Idx  Atom   Population   Charge 
---------------------------------
  1     C     5.895       0.105
  2     C     5.902       0.098
  3     C     5.905       0.095
  4     C     5.901       0.099
  5     C     5.894       0.106
  6     C     6.059      -0.059
  7     C     5.899       0.101
  8     C     5.910       0.090
  9     C     5.912       0.088
 10     C     5.917       0.083
 11     C     5.926       0.074
 12     C     5.785       0.215
 13     H     1.044      -0.044
 14     H     1.037      -0.037
 15     H     1.044      -0.044
 16     H     1.050      -0.050
 17     H     1.041      -0.041
 18     H     1.053      -0.053
 19     H     1.041      -0.041
 20     H     1.052      -0.052
 21     H     1.036      -0.036
 22     H     1.046      -0.046
 23     H     1.028      -0.028
 24     H     1.040      -0.040
 25     H     1.036      -0.036
 26     H     1.044      -0.044
 27     H     1.045      -0.045
 28     H     1.045      -0.045
 29     H     1.041      -0.041
 30     H     1.043      -0.043
 31     H     1.045      -0.045
 32     H     1.051      -0.051
 33     H     1.049      -0.049
 34     H     1.059      -0.059
 35     H     1.066      -0.066
 36     H     1.061      -0.061

---------------------------------
   M Diagnostic: 0.03
---------------------------------

