Computing Integrals
NVIDIA GeForce RTX 4060
Elapsed time:    6.14 Seconds

Number of basis functions                   (NBF)    = 642
Number of auxiliary basis functions         (NBFAUX) = 634
Inactive Doubly occupied orbitals up to     (NO1)    = 0
No. considered Strongly Doubly occupied MOs (NDOC)   = 25
No. considered Strongly Singly occupied MOs (NSOC)   = 0
NO. of Weakly occ. per St. Doubly occ.  MOs (NCWO)   = 1
Dimension of the Nat. Orb. subspace         (NBF5)   = 50
No. of electrons                                     = 50
    No. of alpha electrons                           = 25
    No. of beta electrons                            = 25
Multiplicity                                         = 1

Geometry
========
 C      -2.4350900      -0.0364800       0.0311200
 H      -2.1456300      -1.0972300       0.0645700
 H      -2.0644100       0.4007600      -0.9047200
 H      -3.5349800       0.0232100       0.0234000
 C      -1.8669800       0.7060600       1.2352600
 H      -2.1708300       1.7712200       1.1892400
 C      -0.3337400       0.6689500       1.2824000
 H      -0.0299900      -0.3961800       1.3295600
 C       0.2342700       1.4127500       2.4858000
 H      -0.1368200       0.9767500       3.4220500
 H       1.3341400       1.3527600       2.4939500
 H      -0.0548900       2.4735500       2.4509500
 O      -2.3130100       0.1220400       2.4733100
 H      -3.2769800       0.0151300       2.4122900
 O       0.1125000       1.2516500       0.0437900
 H       1.0762400       1.3602600       0.1055200

No violations of the orthonormality
No violations of the orthonormality
 
PNOF9/ADABelief Calculation
==================
 
  Nitext  Nit_orb  Time   Nit_occ  Time         Eelec          Etot           Ediff      maxdiff    MaxGrad_orb  Grad_occ
     1      10    2.3e+01   13    1.8e+01  -571.68908453  -306.97808942 -10570.68908453   0.011549   4.6e-02   1.9e-04 0.03
     2      20    1.4e+00    0    1.2e-02  -572.71352504  -308.00252993    -1.02444051   0.011549   4.6e-02   1.9e-04 0.03
     3      40    2.3e+00   15    1.9e-02  -572.72921523  -308.01822012    -0.01569019   0.264557   1.1e+00   2.3e-04 0.03
     4      40    2.4e+00   10    1.5e-02  -572.75684907  -308.04585396    -0.02763384   0.003879   1.6e-02   2.0e-04 0.03
     5      40    2.6e+00    7    1.5e-02  -572.76942684  -308.05843173    -0.01257777   0.007035   2.8e-02   2.5e-04 0.03
     6      40    2.7e+00    7    1.5e-02  -572.77724040  -308.06624528    -0.00781356   0.008817   3.5e-02   7.1e-05 0.03
     7      40    3.0e+00    4    1.4e-02  -572.78189280  -308.07089769    -0.00465241   0.009693   3.9e-02   2.8e-04 0.03
     8      40    2.7e+00    4    1.3e-02  -572.78455161  -308.07355650    -0.00265881   0.007421   3.0e-02   1.7e-04 0.03
     9      40    2.6e+00    3    2.4e-02  -572.78599861  -308.07500349    -0.00144699   0.008349   3.3e-02   2.2e-04 0.03
    10      40    2.5e+00    3    1.3e-02  -572.78669936  -308.07570424    -0.00070075   0.007899   3.2e-02   1.3e-04 0.03
    11      40    2.9e+00    3    1.4e-02  -572.78711129  -308.07611617    -0.00041193   0.008125   3.3e-02   1.6e-04 0.03
    12      40    2.7e+00    2    1.3e-02  -572.78736432  -308.07636920    -0.00025303   0.008335   3.3e-02   3.3e-04 0.03
    13      40    4.5e+00    2    1.3e-02  -572.78748116  -308.07648604    -0.00011684   0.008297   3.3e-02   2.7e-04 0.03
    14      40    2.8e+00    2    1.4e-02  -572.78756401  -308.07656889    -0.00008285   0.007819   3.1e-02   2.2e-04 0.03
    15      40    2.7e+00    1    1.2e-02  -572.78760804  -308.07661293    -0.00004404   0.008820   3.5e-02   1.9e-04 0.03
    16      40    2.7e+00    1    1.2e-02  -572.78764390  -308.07664879    -0.00003586   0.007936   3.2e-02   2.0e-04 0.03
    17      40    5.8e+00    0    1.6e-02  -572.78763501  -308.07663989     0.00000889   0.007936   3.2e-02   2.0e-04 0.03
    18      60    4.1e+00    1    1.2e-02  -572.78877470  -308.07777959    -0.00113969   0.000794   3.2e-03   1.9e-04 0.03
 
RESULTS OF THE OCCUPATION OPTIMIZATION
========================================
   1    1.9997977  -20.58494186
   2    1.9997938  -20.58479309
   3    1.9994952  -11.25782013
   4    1.9994953  -11.25753880
   5    1.9995780  -11.22068310
   6    1.9995790  -11.22054482
   7    1.9901320  -1.30359483
   8    1.9900866  -1.29762352
   9    1.9811122  -0.88452500
  10    1.9805432  -0.87548196
  11    1.9792170  -0.84156466
  12    1.9789814  -0.82821256
  13    1.9702732  -0.70794308
  14    1.9702772  -0.70752525
  15    1.9651409  -0.64652985
  16    1.9651284  -0.64545381
  17    1.9822259  -0.60811067
  18    1.9820442  -0.60333776
  19    1.9744394  -0.58781075
  20    1.9737660  -0.58382744
  21    1.9737193  -0.57488966
  22    1.9736140  -0.57356870
  23    1.9695127  -0.55568999
  24    1.9699446  -0.54610193
  25    1.9699333  -0.54558367
  26    0.0300667  -0.03403947
  27    0.0300554  -0.03401822
  28    0.0304873  -0.03531311
  29    0.0263860  -0.02513756
  30    0.0262807  -0.02514438
  31    0.0262340  -0.02530434
  32    0.0255606  -0.02494404
  33    0.0179558  -0.02162777
  34    0.0177741  -0.02154574
  35    0.0348716  -0.04684203
  36    0.0348591  -0.04685716
  37    0.0297228  -0.03650302
  38    0.0297268  -0.03650321
  39    0.0210186  -0.02451280
  40    0.0207830  -0.02444045
  41    0.0194568  -0.02355953
  42    0.0188878  -0.02314890
  43    0.0099134  -0.02142043
  44    0.0098680  -0.02135576
  45    0.0004210  -0.00746010
  46    0.0004220  -0.00749961
  47    0.0005047  -0.00859443
  48    0.0005048  -0.00859437
  49    0.0002062  -0.00677689
  50    0.0002023  -0.00672095
 
----------------
 Final Energies 
----------------
Final NOF Total Energy =    -308.0777796
 
Total Orbital Internal Iterations = 690
Total Occupation Internal Iterations = 78
 
Elapsed time:  106.68 Seconds

---------------------------------
   Lowdin Population Analysis    
---------------------------------
 Idx  Atom   Population   Charge 
---------------------------------
  1     C     5.791       0.209
  2     H     1.052      -0.052
  3     H     1.049      -0.049
  4     H     1.057      -0.057
  5     C     6.267      -0.267
  6     H     1.043      -0.043
  7     C     6.267      -0.267
  8     H     1.044      -0.044
  9     C     5.791       0.209
 10     H     1.047      -0.047
 11     H     1.060      -0.060
 12     H     1.052      -0.052
 13     O     7.418       0.582
 14     H     1.322      -0.322
 15     O     7.418       0.582
 16     H     1.322      -0.322

---------------------------------
   M Diagnostic: 0.03
---------------------------------

