Computing Integrals
NVIDIA GeForce RTX 4060
Elapsed time:    2.39 Seconds

Number of basis functions                   (NBF)    = 172
Number of auxiliary basis functions         (NBFAUX) = 272
Inactive Doubly occupied orbitals up to     (NO1)    = 0
No. considered Strongly Doubly occupied MOs (NDOC)   = 27
No. considered Strongly Singly occupied MOs (NSOC)   = 0
NO. of Weakly occ. per St. Doubly occ.  MOs (NCWO)   = 1
Dimension of the Nat. Orb. subspace         (NBF5)   = 54
No. of electrons                                     = 54
    No. of alpha electrons                           = 27
    No. of beta electrons                            = 27
Multiplicity                                         = 1

Geometry
========
Sb       0.0000000       0.0000000       0.7096300
 H      -0.6952200       1.2041600      -0.2365400
 H      -0.6952200      -1.2041600      -0.2365400
 H       1.3904400       0.0000000      -0.2365400

No violations of the orthonormality
No violations of the orthonormality
 
PNOF9/ADABelief Calculation
==================
 
  Nitext  Nit_orb  Time   Nit_occ  Time         Eelec          Etot           Ediff      maxdiff    MaxGrad_orb  Grad_occ
     1      10    2.2e+01   46    1.8e+01 -2220.22421214 -2171.42476461 -12219.22421214   0.009959   4.0e-02   2.4e-04 0.03
     2      20    6.5e-01   39    3.6e-02 -2221.35674547 -2172.55729795    -1.13253334   0.013511   5.4e-02   1.9e-04 0.03
     3      20    5.8e-01    9    4.8e-03 -2221.39486476 -2172.59541723    -0.03811929   0.002666   1.1e-02   2.1e-04 0.03
     4      20    5.0e-01    7    6.6e-03 -2221.40628816 -2172.60684063    -0.01142340   0.001810   7.2e-03   2.7e-04 0.03
     5      20    1.3e+00    3    5.3e-03 -2221.40913574 -2172.60968821    -0.00284758   0.003589   1.4e-02   3.3e-04 0.04
     6      20    6.9e-01   18    1.4e-02 -2221.41081185 -2172.61136433    -0.00167612   0.004319   1.7e-02   2.5e-04 0.04
     7      20    4.6e-01    3    7.2e-03 -2221.41166061 -2172.61221309    -0.00084876   0.001655   6.6e-03   1.1e-04 0.04
     8      20    4.7e-01    1    1.4e-03 -2221.41186996 -2172.61242243    -0.00020935   0.003745   1.5e-02   2.2e-04 0.04
     9      20    4.5e-01    3    2.2e-03 -2221.41304195 -2172.61359443    -0.00117199   0.001521   6.1e-03   1.5e-04 0.04
    10      20    6.8e-01    0    1.0e-03 -2221.41308024 -2172.61363272    -0.00003829   0.001521   6.1e-03   1.5e-04 0.04
    11      20    5.7e-01    1    1.7e-03 -2221.41318717 -2172.61373965    -0.00010693   0.002563   1.0e-02   1.1e-04 0.04
    12      22    5.6e-01    1    2.2e-03 -2221.41415007 -2172.61470254    -0.00096290   0.000694   2.8e-03   1.2e-04 0.04
 
RESULTS OF THE OCCUPATION OPTIMIZATION
========================================
   1    1.9999997  -138.57141113
   2    1.9999959  -57.06381226
   3    1.9999968  -57.02630997
   4    1.9999976  -57.01837540
   5    1.9999692  -24.89026833
   6    1.9997858  -9.06815338
   7    1.9998108  -8.98627472
   8    1.9997912  -8.91121960
   9    1.9997975  -8.83116436
  10    1.9997109  -8.82807159
  11    1.9997826  -8.82254982
  12    1.9996220  -8.81782818
  13    1.9995967  -8.81778336
  14    1.9986139  -4.98017406
  15    1.9979127  -3.50809717
  16    1.9979109  -3.50798082
  17    1.9979007  -3.50781441
  18    1.9978645  -3.50665474
  19    1.9978336  -3.50626588
  20    1.9978531  -3.50608063
  21    1.9978524  -3.50263309
  22    1.9730273  -0.76853299
  23    1.9727045  -0.76169997
  24    1.9732194  -0.75670123
  25    1.9726059  -0.66731483
  26    1.9657048  -0.47959781
  27    1.9646877  -0.45412278
  28    0.0353123  -0.03380271
  29    0.0342952  -0.03317716
  30    0.0273941  -0.02957159
  31    0.0267806  -0.02894371
  32    0.0272955  -0.03002030
  33    0.0269727  -0.02982136
  34    0.0021476  -0.01095970
  35    0.0021469  -0.01095145
  36    0.0021664  -0.01099111
  37    0.0021355  -0.01094847
  38    0.0020993  -0.01083445
  39    0.0020891  -0.01080728
  40    0.0020873  -0.01080968
  41    0.0013861  -0.00712990
  42    0.0004033  -0.00326638
  43    0.0003780  -0.00311616
  44    0.0002174  -0.00188148
  45    0.0002891  -0.00238976
  46    0.0002025  -0.00173293
  47    0.0002088  -0.00175515
  48    0.0001892  -0.00159299
  49    0.0002142  -0.00188607
  50    0.0000308  -0.00067604
  51    0.0000024  -0.00013939
  52    0.0000032  -0.00016180
  53    0.0000041  -0.00020743
  54    0.0000003  -0.00004824
 
----------------
 Final Energies 
----------------
Final NOF Total Energy =   -2172.6147025
 
Total Orbital Internal Iterations = 232
Total Occupation Internal Iterations = 131
 
Elapsed time:   61.96 Seconds

---------------------------------
   Lowdin Population Analysis    
---------------------------------
 Idx  Atom   Population   Charge 
---------------------------------
  1    Sb    50.345       0.655
  2     H     1.220      -0.220
  3     H     1.219      -0.219
  4     H     1.216      -0.216

---------------------------------
   M Diagnostic: 0.04
---------------------------------

