Computing Integrals
NVIDIA GeForce RTX 4060
Elapsed time:    2.30 Seconds

Number of basis functions                   (NBF)    = 117
Number of auxiliary basis functions         (NBFAUX) = 113
Inactive Doubly occupied orbitals up to     (NO1)    = 0
No. considered Strongly Doubly occupied MOs (NDOC)   = 5
No. considered Strongly Singly occupied MOs (NSOC)   = 0
NO. of Weakly occ. per St. Doubly occ.  MOs (NCWO)   = 1
Dimension of the Nat. Orb. subspace         (NBF5)   = 10
No. of electrons                                     = 10
    No. of alpha electrons                           = 5
    No. of beta electrons                            = 5
Multiplicity                                         = 1

Geometry
========
 O       0.0000000       0.0000000       0.3922000
 H      -0.7561000       0.0000000      -0.1961000
 H       0.7561000       0.0000000      -0.1961000

No violations of the orthonormality
No violations of the orthonormality
 
PNOF9/ADABelief Calculation
==================
 
  Nitext  Nit_orb  Time   Nit_occ  Time         Eelec          Etot           Ediff      maxdiff    MaxGrad_orb  Grad_occ
     1      10    2.2e+01    4    1.8e+01   -85.23545108   -76.04759531 -10084.23545108   1.105189   4.4e+00   1.6e-04 0.01
     2      10    9.6e-02    0    4.9e-04   -85.25172839   -76.06387263    -0.01627732   1.105189   4.4e+00   1.6e-04 0.01
     3      30    1.9e-01    7    7.1e-04   -85.35696145   -76.16910568    -0.10523306   0.091540   3.7e-01   4.0e-05 0.02
     4      30    1.8e-01    7    1.4e-03   -85.40273659   -76.21488082    -0.04577514   0.017419   7.0e-02   3.0e-05 0.02
     5      30    2.4e-01    4    5.6e-04   -85.42603416   -76.23817839    -0.02329756   0.012308   4.9e-02   2.1e-04 0.03
     6      30    1.4e-01    3    5.4e-04   -85.43519168   -76.24733591    -0.00915752   0.015275   6.1e-02   5.1e-05 0.03
     7      30    1.8e-01    3    5.6e-04   -85.43922106   -76.25136529    -0.00402938   0.018587   7.4e-02   9.8e-05 0.03
     8      30    1.9e-01    2    5.3e-04   -85.44080528   -76.25294951    -0.00158423   0.015287   6.1e-02   1.0e-04 0.03
     9      30    1.2e-01    2    5.1e-04   -85.44211483   -76.25425906    -0.00130955   0.014867   5.9e-02   6.5e-05 0.03
    10      30    1.2e-01    2    5.4e-04   -85.44273818   -76.25488241    -0.00062335   0.015185   6.1e-02   3.8e-05 0.03
    11      30    1.3e-01    2    5.2e-04   -85.44301348   -76.25515772    -0.00027530   0.015213   6.1e-02   5.3e-05 0.03
    12      30    1.4e+00    1    5.0e-04   -85.44315046   -76.25529469    -0.00013698   0.014985   6.0e-02   1.2e-04 0.03
    13      30    2.5e-01    1    5.0e-04   -85.44328202   -76.25542625    -0.00013156   0.014604   5.8e-02   1.3e-04 0.03
    14      30    1.5e-01    0    4.8e-04   -85.44328858   -76.25543282    -0.00000656   0.014604   5.8e-02   1.3e-04 0.03
    15      50    3.1e-01    0    4.7e-04   -85.44475153   -76.25689576    -0.00146294   0.001100   4.4e-03   1.5e-04 0.03
    16      60    2.9e-01    0    4.7e-04   -85.44475566   -76.25689989    -0.00000413   0.002894   1.2e-02   1.6e-04 0.03
    17      70    3.2e-01    0    4.7e-04   -85.44475566   -76.25689989     0.00000000   0.002894   1.2e-02   1.6e-04 0.03
    18      83    3.9e-01    1    5.0e-04   -85.44478509   -76.25692932    -0.00002943   0.000661   2.6e-03   5.0e-05 0.03
 
RESULTS OF THE OCCUPATION OPTIMIZATION
========================================
   1    1.9998002  -20.59281349
   2    1.9901776  -1.29957557
   3    1.9709644  -0.71700442
   4    1.9709701  -0.71695673
   5    1.9801608  -0.53778505
   6    0.0198392  -0.02307717
   7    0.0290299  -0.03582447
   8    0.0290356  -0.03582713
   9    0.0098224  -0.02178869
  10    0.0001998  -0.00671580
 
----------------
 Final Energies 
----------------
Final NOF Total Energy =     -76.2569293
 
Total Orbital Internal Iterations = 643
Total Occupation Internal Iterations = 39
 
Elapsed time:   57.50 Seconds

---------------------------------
   Lowdin Population Analysis    
---------------------------------
 Idx  Atom   Population   Charge 
---------------------------------
  1     O     7.335       0.665
  2     H     1.332      -0.332
  3     H     1.333      -0.333

---------------------------------
   M Diagnostic: 0.03
---------------------------------

