Computing Integrals
NVIDIA GeForce RTX 4060
Elapsed time:    2.59 Seconds

Number of basis functions                   (NBF)    = 140
Number of auxiliary basis functions         (NBFAUX) = 256
Inactive Doubly occupied orbitals up to     (NO1)    = 0
No. considered Strongly Doubly occupied MOs (NDOC)   = 17
No. considered Strongly Singly occupied MOs (NSOC)   = 0
NO. of Weakly occ. per St. Doubly occ.  MOs (NCWO)   = 1
Dimension of the Nat. Orb. subspace         (NBF5)   = 34
No. of electrons                                     = 34
    No. of alpha electrons                           = 17
    No. of beta electrons                            = 17
Multiplicity                                         = 1

Geometry
========
Cl       0.0000000       0.0000000      -1.0058500
Cl       0.0000000       0.0000000       1.0058500

No violations of the orthonormality
No violations of the orthonormality
 
PNOF9/ADABelief Calculation
==================
 
  Nitext  Nit_orb  Time   Nit_occ  Time         Eelec          Etot           Ediff      maxdiff    MaxGrad_orb  Grad_occ
     1      10    2.2e+01   35    1.8e+01  -994.72518020  -918.70395421 -10993.72518020   0.029423   1.2e-01   1.6e-04 0.04
     2      20    4.1e-01   18    3.2e-03  -995.56197581  -919.54074982    -0.83679561   0.549145   2.2e+00   2.5e-04 0.04
     3      20    5.0e-01   11    2.1e-03  -995.62840635  -919.60718036    -0.06643054   0.023206   9.3e-02   5.4e-05 0.04
     4      20    4.5e-01    0    6.2e-04  -995.63118774  -919.60996175    -0.00278139   0.023206   9.3e-02   5.4e-05 0.04
     5      40    1.2e+00    7    5.0e-03  -995.64555172  -919.62432573    -0.01436398   0.008189   3.3e-02   7.3e-05 0.04
     6      40    9.1e-01    7    1.6e-03  -995.65171768  -919.63049168    -0.00616595   0.008113   3.2e-02   4.8e-05 0.04
     7      40    8.9e-01    7    1.6e-03  -995.65563960  -919.63441361    -0.00392192   0.011507   4.6e-02   3.6e-05 0.04
     8      40    1.1e+00    7    1.5e-03  -995.65822252  -919.63699653    -0.00258292   0.008188   3.3e-02   3.6e-05 0.04
     9      40    1.0e+00    6    4.9e-03  -995.66020335  -919.63897736    -0.00198083   0.011005   4.4e-02   1.2e-04 0.04
    10      40    8.3e-01    5    1.5e-03  -995.66171071  -919.64048472    -0.00150735   0.009424   3.8e-02   1.7e-04 0.04
    11      40    8.2e-01    4    1.2e-03  -995.66279894  -919.64157295    -0.00108823   0.012275   4.9e-02   2.8e-04 0.04
    12      40    5.1e-01    4    1.1e-02  -995.66351818  -919.64229219    -0.00071924   0.012209   4.9e-02   2.1e-04 0.04
    13      40    3.7e-01    4    1.5e-03  -995.66419615  -919.64297016    -0.00067798   0.011814   4.7e-02   1.8e-04 0.04
    14      40    4.6e-01    4    1.6e-03  -995.66461944  -919.64339345    -0.00042329   0.012515   5.0e-02   1.4e-04 0.04
    15      40    3.9e-01    2    1.1e-03  -995.66499263  -919.64376664    -0.00037319   0.011976   4.8e-02   1.7e-04 0.04
    16      40    4.0e-01    3    1.3e-03  -995.66514076  -919.64391477    -0.00014813   0.012985   5.2e-02   1.2e-04 0.04
    17      40    3.6e-01    3    1.4e-03  -995.66540191  -919.64417592    -0.00026115   0.012473   5.0e-02   8.1e-05 0.04
    18      40    2.8e-01    3    1.7e-03  -995.66550074  -919.64427475    -0.00009883   0.014448   5.8e-02   4.6e-05 0.04
    19      40    3.1e-01    3    6.6e-03  -995.66566591  -919.64443992    -0.00016517   0.014313   5.7e-02   4.1e-05 0.04
    20      40    3.6e-01    3    1.4e-03  -995.66582631  -919.64460032    -0.00016040   0.013914   5.6e-02   6.4e-05 0.04
    21      40    3.0e-01    3    1.4e-03  -995.66592435  -919.64469836    -0.00009804   0.013544   5.4e-02   7.6e-05 0.04
    22      40    3.1e-01    3    1.4e-03  -995.66611157  -919.64488558    -0.00018722   0.014869   5.9e-02   8.8e-05 0.04
    23      40    3.3e-01    0    8.1e-04  -995.66608879  -919.64486280     0.00002278   0.014869   5.9e-02   8.8e-05 0.04
    24      60    4.4e-01    1    9.8e-04  -995.66674651  -919.64552052    -0.00065772   0.000914   3.7e-03   2.7e-04 0.04
 
RESULTS OF THE OCCUPATION OPTIMIZATION
========================================
   1    1.9999662  -104.94310760
   2    1.9999655  -104.94132996
   3    1.9993752  -10.62251091
   4    1.9992811  -10.62031937
   5    1.9985479  -8.09736156
   6    1.9990244  -8.09196663
   7    1.9985820  -8.09184074
   8    1.9990326  -8.09028816
   9    1.9990391  -8.08839417
  10    1.9990355  -8.08739567
  11    1.9919265  -1.17707872
  12    1.9899859  -1.06898880
  13    1.9634506  -0.61444366
  14    1.9785892  -0.53521830
  15    1.9786288  -0.53211153
  16    1.9780294  -0.49362540
  17    1.9778369  -0.49253029
  18    0.0221631  -0.02519990
  19    0.0219706  -0.02506748
  20    0.0213712  -0.02757587
  21    0.0214108  -0.02759793
  22    0.0365494  -0.06030130
  23    0.0100141  -0.03067319
  24    0.0080735  -0.02880482
  25    0.0009645  -0.01797178
  26    0.0009609  -0.01793819
  27    0.0009674  -0.01797276
  28    0.0014180  -0.02020700
  29    0.0009756  -0.01798657
  30    0.0014521  -0.02155927
  31    0.0007189  -0.01617509
  32    0.0006248  -0.01492008
  33    0.0000345  -0.00628135
  34    0.0000338  -0.00611824
 
----------------
 Final Energies 
----------------
Final NOF Total Energy =    -919.6455205
 
Total Orbital Internal Iterations = 890
Total Occupation Internal Iterations = 143
 
Elapsed time:   66.29 Seconds

---------------------------------
   Lowdin Population Analysis    
---------------------------------
 Idx  Atom   Population   Charge 
---------------------------------
  1    Cl    16.998       0.002
  2    Cl    17.002      -0.002

---------------------------------
   M Diagnostic: 0.04
---------------------------------

