TYR_xan_C.jld2 not found
TYR_xan_n.jld2 not found
Computing Integrals
Elapsed time:   59.40 Seconds

Number of basis functions                   (NBF)    = 1449
Number of auxiliary basis functions         (NBFAUX) = 1573
Inactive Doubly occupied orbitals up to     (NO1)    = 0
No. considered Strongly Doubly occupied MOs (NDOC)   = 63
No. considered Strongly Singly occupied MOs (NSOC)   = 0
NO. of Weakly occ. per St. Doubly occ.  MOs (NCWO)   = 22
Dimension of the Nat. Orb. subspace         (NBF5)   = 1449
No. of electrons                                     = 126
    No. of alpha electrons                           = 63
    No. of beta electrons                            = 63
Multiplicity                                         = 1

Geometry
========
 N       0.9269100       0.6124300       1.0389200
 C       1.1472200      -0.7386400       0.5312300
 C       2.6152800      -1.1213100       0.3236800
 O       3.0402100      -2.1796900       0.7787900
 C       0.3260200      -1.0348700      -0.7373300
 C      -1.1230900      -0.7113400      -0.5251900
 C      -1.6757600       0.4737400      -1.0210800
 C      -1.9418100      -1.5554200       0.2288100
 C      -3.0027700       0.8105100      -0.7731000
 C      -3.2711200      -1.2291800       0.4840700
 C      -3.8041800      -0.0408400      -0.0147800
 O      -5.1000000       0.3377000       0.2004700
 H       0.4902900       0.6795000       1.9419600
 H       0.8034300      -1.4064700       1.3184900
 H       0.7232600      -0.4607300      -1.5716200
 H       0.4625200      -2.0947400      -0.9595500
 H      -1.0580500       1.1366100      -1.6144300
 H      -1.5416400      -2.4857000       0.6149800
 H      -3.4329600       1.7218700      -1.1648600
 H      -3.8944100      -1.9000600       1.0637600
 H      -5.5318500      -0.3522500       0.7147500
 N       3.3346300      -0.2537700      -0.4176000
 H       2.8548900       0.5699400      -0.7654300
 C       4.7231800      -0.4976400      -0.7392100
 H       4.9678400      -1.5033300      -0.4116100
 H       4.8850500      -0.4183300      -1.8122700
 H       5.3783900       0.2091300      -0.2314900
 C       0.9789600       1.7522100       0.3103000
 O       1.4491800       1.8019500      -0.8287500
 C       0.3893600       2.9675000       0.9786900
 H       0.4357100       2.9112700       2.0639700
 H      -0.6559700       3.0464000       0.6800800
 H       0.9156500       3.8510400       0.6324400

No violations of the orthonormality
No violations of the orthonormality
 
PNOF8/ADABelief Calculation
==================
 
  Nitext  Nit_orb  Time   Nit_occ  Time         Eelec          Etot           Ediff      maxdiff    MaxGrad_orb  Grad_occ
     1      10    1.3e+03   12    2.1e+02 -1789.76673193  -562.59218783 -11788.76673193   5.850376   2.3e+01   2.3e-04 0.00
     2      10    1.3e+03  179    1.2e+03 -1860.12503596  -632.95049186   -70.35830403   2.274161   9.1e+00   2.3e-04 0.02
     3      10    1.3e+03    0    7.8e+01 -1861.87202905  -634.69748495    -1.74699309   2.274215   9.1e+00   2.3e-04 0.02
     4      30    3.6e+03  192    1.2e+03 -2007.75527780  -780.58073371  -145.88324875   0.145098   5.8e-01   2.2e-04 0.03
     5      30    3.6e+03   74    5.2e+02 -2022.31185689  -795.13731279   -14.55657908   1.248170   5.0e+00   2.8e-04 0.03
     6      30    3.6e+03   53    3.9e+02 -2024.44569094  -797.27114685    -2.13383406   0.122665   4.9e-01   3.5e-04 0.03
     7      30    3.6e+03   52    3.7e+02 -2025.27141471  -798.09687062    -0.82572377   0.171049   6.8e-01   3.8e-04 0.03
     8      30    3.3e+03   38    2.6e+02 -2025.80335575  -798.62881165    -0.53194104   0.127151   5.1e-01   3.3e-04 0.03
     9      30    3.2e+03   33    2.3e+02 -2026.65153421  -799.47699012    -0.84817846   0.100330   4.0e-01   4.0e-04 0.03
    10      30    3.2e+03   28    2.1e+02 -2027.37580340  -800.20125931    -0.72426919   0.074839   3.0e-01   3.8e-04 0.03
    11      30    3.2e+03   31    2.2e+02 -2027.55919962  -800.38465553    -0.18339622   0.097634   3.9e-01   3.4e-04 0.03
    12      30    3.3e+03    0    7.0e+01 -2027.56423119  -800.38968709    -0.00503157   0.097625   3.9e-01   3.4e-04 0.03
    13      50    5.4e+03   33    2.3e+02 -2028.24964020  -801.07509611    -0.68540902   0.017149   6.9e-02   2.3e-04 0.03
    14      50    5.4e+03   30    2.2e+02 -2028.28308134  -801.10853725    -0.03344114   0.012089   4.8e-02   3.1e-04 0.03
    15      50    5.4e+03   26    2.0e+02 -2028.30201888  -801.12747478    -0.01893754   0.010184   4.1e-02   3.2e-04 0.03
    16      50    5.3e+03   25    1.9e+02 -2028.31538067  -801.14083657    -0.01336179   0.009570   3.8e-02   3.2e-04 0.03
    17      50    5.3e+03   17    1.6e+02 -2028.32462917  -801.15008508    -0.00924851   0.117441   4.7e-01   4.3e-04 0.03
    18      50    5.4e+03   21    1.7e+02 -2028.33295727  -801.15841318    -0.00832810   0.008821   3.5e-02   3.4e-04 0.03
    19      50    5.4e+03   24    1.9e+02 -2028.33926921  -801.16472511    -0.00631193   0.029292   1.2e-01   2.4e-04 0.03
