Computing Integrals
Elapsed time:    5.99 Seconds

Number of basis functions                   (NBF)    = 147
Number of auxiliary basis functions         (NBFAUX) = 131
Inactive Doubly occupied orbitals up to     (NO1)    = 0
No. considered Strongly Doubly occupied MOs (NDOC)   = 5
No. considered Strongly Singly occupied MOs (NSOC)   = 0
NO. of Weakly occ. per St. Doubly occ.  MOs (NCWO)   = 28
Dimension of the Nat. Orb. subspace         (NBF5)   = 145
No. of electrons                                     = 10
    No. of alpha electrons                           = 5
    No. of beta electrons                            = 5
Multiplicity                                         = 1

Geometry
========
 N       0.0000000       0.0000000       0.1103400
 H       0.0000000       0.9410800      -0.2574600
 H      -0.8150000      -0.4705400      -0.2574600
 H       0.8150000      -0.4705400      -0.2574600

No violations of the orthonormality
No violations of the orthonormality
 
PNOF8/ADAM Calculation
==================
 
  Nitext  Nit_orb  Time   Nit_occ  Time         Eelec          Etot           Ediff      maxdiff    Grad_orb  Grad_occ
0.002448688907195082
0.004804818852174291
     1      10    3.1e+01   14    3.6e+01   -68.44973463   -56.47748029 -10067.44973463   0.066540   7.0e-01   2.1e-04 0.02
0.0010049689574352927
0.002012258475165742
     2      10    1.6e+00   22    7.5e-01   -68.46013838   -56.48788404    -0.01040375   0.073699   6.9e-01   2.0e-04 0.02
0.0007491613284187348
0.001085441545185297
     3      10    2.0e+00   13    3.6e-01   -68.46074256   -56.48848822    -0.00060418   0.056184   6.6e-01   1.2e-04 0.02
0.000854938783515613
0.0012805933149670423
     4      30    6.7e+00   12    3.8e-01   -68.47111352   -56.49885918    -0.01037096   0.006276   4.3e-02   1.8e-04 0.02
0.0005329226731334291
0.0008455599648631962
     5      30    7.0e+00   12    5.6e-01   -68.47336139   -56.50110705    -0.00224787   0.008396   5.7e-02   1.8e-04 0.02
0.00032132100723130524
0.0005183796344093241
     6      30    1.2e+01    9    3.2e-01   -68.47502818   -56.50277384    -0.00166679   0.003086   3.5e-02   2.2e-04 0.02
0.0001721087936538213
0.0002664900821527216
     7      30    7.3e+00    5    1.9e-01   -68.47585774   -56.50360340    -0.00082956   0.007828   6.2e-02   2.3e-04 0.02
0.00011634245770316114
0.0002214805166930401
     8      30    8.1e+00    7    3.7e-01   -68.47634357   -56.50408923    -0.00048583   0.006065   6.2e-02   2.0e-04 0.02
7.853218990671804e-5
0.00014577251771917318
     9      30    5.2e+00    3    1.4e-01   -68.47660881   -56.50435447    -0.00026523   0.005798   6.2e-02   1.7e-04 0.02
0.00010267474478045831
0.0001584918823110547
    10      30    4.6e+00    3    1.4e-01   -68.47673774   -56.50448340    -0.00012893   0.005608   5.7e-02   1.8e-04 0.02
6.655136181577329e-5
0.00012070976259803058
    11      30    1.5e+01    7    2.7e-01   -68.47686010   -56.50460576    -0.00012236   0.004209   4.7e-02   1.6e-04 0.02
5.4764570243892585e-5
0.00010474439612073437
    12      30    9.3e+00    3    1.3e-01   -68.47687638   -56.50462204    -0.00001628   0.006184   5.9e-02   1.5e-04 0.02
6.434488521721987e-5
0.00010799344280018746
    13      50    1.7e+01    3    2.9e-01   -68.47705241   -56.50479806    -0.00017603   0.000439   4.3e-03   1.7e-04 0.02
7.193030943787593e-5
0.00011496032543671474
    14      50    9.3e+00    3    1.0e-01   -68.47707391   -56.50481957    -0.00002150   0.000942   9.7e-03   1.8e-04 0.02
8.631594751984037e-5
0.0001435659924120399
    15      50    1.1e+01    3    1.2e-01   -68.47709587   -56.50484153    -0.00002196   0.000544   4.6e-03   2.0e-04 0.02
3.889195314510374e-5
6.529457234533312e-5
    16      50    1.5e+01    4    1.6e-01   -68.47711276   -56.50485842    -0.00001689   0.000614   6.0e-03   1.8e-04 0.02
0.0
0.0
    17      50    1.6e+01    0    8.8e-02   -68.47714310   -56.50488876    -0.00003034   0.000639   6.3e-03   2.0e-04 0.02
1.9196407551436145e-5
3.8815039466515105e-5
    18      60    2.0e+01    5    2.4e-01   -68.47715795   -56.50490361    -0.00001485   0.000348   4.4e-03   1.1e-04 0.02
0.0
0.0
    19      60    2.6e+01    0    7.9e-02   -68.47719949   -56.50494515    -0.00004154   0.000460   4.2e-03   1.6e-04 0.02
9.570120784197465e-5
0.00012808925778898145
    20      70    2.4e+01    2    2.6e-01   -68.47721678   -56.50496244    -0.00001729   0.000115   1.7e-03   2.3e-04 0.02
2.9282584731897283e-5
6.503003372794491e-5
    21      70    1.3e+01    5    1.5e-01   -68.47724363   -56.50498928    -0.00002685   0.000395   4.6e-03   9.3e-05 0.02
4.665839706896602e-5
6.217597275471126e-5
    22      70    2.1e+01    1    7.9e-02   -68.47728206   -56.50502772    -0.00003843   0.000484   4.9e-03   1.4e-04 0.02
0.0
0.0
    23      70    1.1e+01    0    9.4e-02   -68.47729384   -56.50503950    -0.00001178   0.000413   3.7e-03   1.4e-04 0.02
0.0
0.0
    24      80    1.9e+01    0    6.3e-02   -68.47730179   -56.50504745    -0.00000795   0.000209   2.5e-03   1.7e-04 0.02
0.0
0.0
    25      90    1.3e+01    0    1.2e-01   -68.47730673   -56.50505239    -0.00000494   0.000140   1.5e-03   1.9e-04 0.02
0.0
0.0
    26     100    2.8e+01    0    5.6e-02   -68.47730736   -56.50505302    -0.00000063   0.000385   4.8e-03   2.1e-04 0.02
0.0
0.0
    27     110    5.6e+01    0    7.4e-02   -68.47730952   -56.50505518    -0.00000216   0.000264   3.3e-03   2.1e-04 0.02
0.0
0.0
    28     120    6.6e+01    0    5.5e-02   -68.47731122   -56.50505688    -0.00000170   0.000163   1.3e-03   2.2e-04 0.02
0.0
0.0
    29     130    6.6e+01    0    8.8e-02   -68.47731198   -56.50505764    -0.00000076   0.000111   8.3e-04   2.3e-04 0.02
0.0
0.0
    30     105    4.8e+01    0    6.4e-02   -68.47731217   -56.50505783    -0.00000019   0.000099   1.2e-03   2.3e-04 0.02
 
RESULTS OF THE OCCUPATION OPTIMIZATION
========================================
   1    1.9999727  -15.55709911
   2    1.9860039  -1.02455580
   3    1.9742940  -0.64956238
   4    1.9725299  -0.63737805
   5    1.9723038  -0.63594811
   6    0.0172199  -0.02453936
   7    0.0170311  -0.02452780
   8    0.0181656  -0.02561885
   9    0.0076827  -0.01583208
  10    0.0000220  -0.00062887
  11    0.0046140  -0.00800955
  12    0.0046959  -0.00811697
  13    0.0046492  -0.00808750
  14    0.0011819  -0.00554676
  15    0.0000023  -0.00003945
  16    0.0042829  -0.00768432
  17    0.0041906  -0.00763150
  18    0.0010429  -0.00227591
  19    0.0011039  -0.00343918
  20    0.0000012  -0.00000469
  21    0.0006062  -0.00141537
  22    0.0006323  -0.00173233
  23    0.0006783  -0.00198944
  24    0.0010700  -0.00336801
  25    0.0000010  -0.00002241
  26    0.0003103  -0.00087777
  27    0.0002757  -0.00078058
  28    0.0004045  -0.00096433
  29    0.0006354  -0.00197051
  30    0.0000005  -0.00003126
  31    0.0002822  -0.00077613
  32    0.0001732  -0.00052696
  33    0.0001823  -0.00053751
  34    0.0006323  -0.00170523
  35    0.0000000  -0.00000085
  36    0.0001049  -0.00032426
  37    0.0001003  -0.00032974
  38    0.0001475  -0.00044222
  39    0.0005746  -0.00162998
  40    0.0000000  -0.00000064
  41    0.0000543  -0.00017049
  42    0.0000823  -0.00027458
  43    0.0001074  -0.00034136
  44    0.0003196  -0.00098799
  45    0.0000000  -0.00000045
  46    0.0000493  -0.00016953
  47    0.0000707  -0.00022206
  48    0.0000730  -0.00026651
  49    0.0003154  -0.00092127
  50    0.0000000  -0.00000041
  51    0.0000443  -0.00015865
  52    0.0000586  -0.00018419
  53    0.0000667  -0.00021821
  54    0.0001638  -0.00141008
  55    0.0000000  -0.00000040
  56    0.0000304  -0.00013111
  57    0.0000339  -0.00015405
  58    0.0000465  -0.00016949
  59    0.0000748  -0.00028529
  60    0.0000000  -0.00000037
  61    0.0000212  -0.00009457
  62    0.0000266  -0.00011542
  63    0.0000346  -0.00014690
  64    0.0000532  -0.00021261
  65    0.0000000  -0.00000034
  66    0.0000160  -0.00007379
  67    0.0000244  -0.00009471
  68    0.0000339  -0.00014204
  69    0.0000393  -0.00015246
  70    0.0000000  -0.00000030
  71    0.0000124  -0.00005324
  72    0.0000153  -0.00006390
  73    0.0000125  -0.00005366
  74    0.0000253  -0.00013275
  75    0.0000000  -0.00000031
  76    0.0000089  -0.00004441
  77    0.0000121  -0.00004634
  78    0.0000116  -0.00004876
  79    0.0000187  -0.00009205
  80    0.0000000  -0.00000029
  81    0.0000083  -0.00003514
  82    0.0000095  -0.00003886
  83    0.0000102  -0.00004737
  84    0.0000185  -0.00008893
  85    0.0000000  -0.00000028
  86    0.0000058  -0.00002556
  87    0.0000084  -0.00003690
  88    0.0000082  -0.00003777
  89    0.0000160  -0.00008086
  90    0.0000000  -0.00000022
  91    0.0000045  -0.00002233
  92    0.0000063  -0.00002534
  93    0.0000068  -0.00003643
  94    0.0000126  -0.00006959
  95    0.0000000  -0.00000026
  96    0.0000032  -0.00001342
  97    0.0000049  -0.00002310
  98    0.0000043  -0.00001613
  99    0.0000118  -0.00006285
 100    0.0000000  -0.00000021
 101    0.0000030  -0.00000748
 102    0.0000035  -0.00001483
 103    0.0000033  -0.00001485
 104    0.0000091  -0.00005067
 105    0.0000000  -0.00000022
 106    0.0000026  -0.00000693
 107    0.0000026  -0.00000700
 108    0.0000029  -0.00001058
 109    0.0000081  -0.00004688
 110    0.0000000  -0.00000017
 111    0.0000025  -0.00000494
 112    0.0000024  -0.00000555
 113    0.0000027  -0.00000821
 114    0.0000071  -0.00004115
 115    0.0000000  -0.00000020
 116    0.0000018  -0.00000317
 117    0.0000023  -0.00000522
 118    0.0000026  -0.00000686
 119    0.0000064  -0.00003721
 120    0.0000000  -0.00000019
 121    0.0000017  -0.00000284
 122    0.0000020  -0.00000279
 123    0.0000023  -0.00000554
 124    0.0000040  -0.00002418
 125    0.0000000  -0.00000020
 126    0.0000015  -0.00000169
 127    0.0000017  -0.00000219
 128    0.0000021  -0.00000307
 129    0.0000038  -0.00002291
 130    0.0000000  -0.00000016
 131    0.0000014  -0.00000281
 132    0.0000014  -0.00000159
 133    0.0000016  -0.00000255
 134    0.0000030  -0.00001764
 135    0.0000000  -0.00000017
 136    0.0000014  -0.00000174
 137    0.0000011  -0.00000109
 138    0.0000014  -0.00000228
 139    0.0000025  -0.00001335
 140    0.0000000  -0.00000016
 141    0.0000013  -0.00000121
 142    0.0000010  -0.00000089
 143    0.0000012  -0.00000113
 144    0.0000021  -0.00000796
 145    0.0000000  -0.00000014
 
----------------
 Final Energies 
----------------
Final NOF Total Energy =     -56.5050578
 
Total Orbital Internal Iterations = 1685
Total Occupation Internal Iterations = 136
 
Elapsed time:  682.36 Seconds

---------------------------------
   Lowdin Population Analysis    
---------------------------------
 Idx  Atom   Population   Charge 
---------------------------------
  1     N     6.418       0.582
  2     H     1.194      -0.194
  3     H     1.194      -0.194
  4     H     1.194      -0.194

---------------------------------
   M Diagnostic: 0.02
---------------------------------

