Computing Integrals
Elapsed time:    7.02 Seconds

Number of basis functions                   (NBF)    = 117
Number of auxiliary basis functions         (NBFAUX) = 113
Inactive Doubly occupied orbitals up to     (NO1)    = 0
No. considered Strongly Doubly occupied MOs (NDOC)   = 5
No. considered Strongly Singly occupied MOs (NSOC)   = 1
NO. of Weakly occ. per St. Doubly occ.  MOs (NCWO)   = 22
Dimension of the Nat. Orb. subspace         (NBF5)   = 116
No. of electrons                                     = 11
    No. of alpha electrons                           = 6
    No. of beta electrons                            = 5
Multiplicity                                         = 2

Geometry
========
 H       0.1465700      -0.2472600       0.0000000
 F       0.0000000       1.2115500       0.0000000
 H      -0.1465700      -0.9642800       0.0000000

No violations of the orthonormality
No violations of the orthonormality
 
PNOF8/ADAM Calculation
==================
 
  Nitext  Nit_orb  Time   Nit_occ  Time         Eelec          Etot           Ediff      maxdiff    Grad_orb  Grad_occ
0.005599920909580169
0.007106542820085506
     1      10    1.8e+01   18    3.3e+01  -106.91169097  -100.79629446 -10105.91169097   0.075918   1.0e+00   2.1e-04 0.03
0.000746090034460356
0.0011683987472423088
     2      10    3.0e-01    8    2.3e-01  -106.92478298  -100.80938647    -0.01309201   0.066924   8.8e-01   2.3e-04 0.03
0.00037059118304283434
0.000635710065395315
     3      10    5.0e-01    5    1.2e-01  -106.92208605  -100.80668954     0.00269693   0.055263   9.2e-01   2.7e-04 0.03
0.00048405749904423256
0.0007808393130955385
     4      30    1.8e+00   24    2.8e-01  -106.93402775  -100.81863124    -0.01194170   0.008387   6.3e-02   1.4e-04 0.03
0.00041267343262518796
0.0006453120888833918
     5      30    1.3e+00    5    1.4e-01  -106.93588824  -100.82049173    -0.00186049   0.006885   6.5e-02   1.9e-04 0.03
0.00030888162993847335
0.0004927838638798285
     6      30    1.2e+00    6    1.3e-01  -106.93706750  -100.82167099    -0.00117926   0.005561   5.1e-02   2.2e-04 0.03
0.0002748788600713814
0.0004206624594443494
     7      30    1.2e+00    5    1.1e-01  -106.93775222  -100.82235571    -0.00068472   0.003998   4.2e-02   2.4e-04 0.03
0.00017471493551102224
0.00027905298162776563
     8      30    9.6e-01    8    1.4e-01  -106.93800955  -100.82261303    -0.00025733   0.006486   7.1e-02   2.1e-04 0.03
9.054621122683848e-5
0.00017356360183734342
     9      30    1.6e+00    7    1.4e-01  -106.93820341  -100.82280690    -0.00019386   0.010402   8.1e-02   1.8e-04 0.03
6.871119922768898e-5
0.0001630655113519668
    10      30    1.2e+00    3    1.8e-01  -106.93827110  -100.82287459    -0.00006769   0.011338   1.1e-01   2.0e-04 0.03
5.098143341564221e-5
9.110756144486789e-5
    11      30    1.3e+00    5    8.8e-02  -106.93842158  -100.82302506    -0.00015047   0.008082   8.7e-02   1.5e-04 0.03
3.5527978544822904e-5
7.905775550833248e-5
    12      30    1.3e+00    5    1.2e-01  -106.93847724  -100.82308073    -0.00005567   0.007204   9.0e-02   1.7e-04 0.03
3.662892798422194e-5
6.838929858017786e-5
    13      30    1.1e+00    5    1.1e-01  -106.93869215  -100.82329564    -0.00021491   0.005731   5.7e-02   1.8e-04 0.03
5.744764311510324e-5
8.638075300730988e-5
    14      30    1.5e+00    5    8.9e-02  -106.93878613  -100.82338961    -0.00009397   0.005499   6.1e-02   1.3e-04 0.03
3.5925420337590275e-5
5.5678387875873955e-5
    15      30    1.3e+00    1    4.8e-02  -106.93886282  -100.82346630    -0.00007669   0.003424   4.4e-02   1.9e-04 0.03
3.31551711634237e-5
5.2896141258385194e-5
    16      30    1.0e+00    1    6.0e-02  -106.93885978  -100.82346326     0.00000304   0.003770   4.4e-02   1.9e-04 0.03
0.0
0.0
    17      50    2.0e+00    0    3.4e-02  -106.93898259  -100.82358608    -0.00012281   0.000258   2.6e-03   2.1e-04 0.03
0.0
0.0
    18      60    2.4e+00    0    1.8e-02  -106.93898810  -100.82359158    -0.00000551   0.000456   5.3e-03   2.2e-04 0.03
0.0
0.0
    19      70    3.0e+00    0    5.9e-02  -106.93899469  -100.82359818    -0.00000659   0.000301   3.1e-03   2.4e-04 0.03
0.0
0.0
    20      80    3.1e+00    0    8.5e-02  -106.93899845  -100.82360194    -0.00000376   0.000233   2.3e-03   2.4e-04 0.03
0.0
0.0
    21      90    6.5e+00    0    3.6e-02  -106.93900307  -100.82360656    -0.00000462   0.000152   1.5e-03   2.5e-04 0.03
0.0
0.0
    22     100    3.9e+00    0    3.5e-02  -106.93900593  -100.82360941    -0.00000286   0.000145   1.4e-03   2.5e-04 0.03
0.0
0.0
    23     103    5.3e+00    0    2.3e-02  -106.93900817  -100.82361166    -0.00000225   0.000097   9.7e-04   2.5e-04 0.03
 
RESULTS OF THE OCCUPATION OPTIMIZATION
========================================
   1    1.9999876  -26.42587148
   2    1.9864621  -1.60720782
   3    1.9798953  -0.75531374
   4    1.9792210  -0.75394954
   5    1.9662102  -0.65996795
   6    1.0000000  -0.41330783
   7    0.0221019  -0.02015967
   8    0.0108159  -0.02076675
   9    0.0103869  -0.02055363
  10    0.0067761  -0.02216171
  11    0.0000116  -0.00048298
  12    0.0041914  -0.00468546
  13    0.0041475  -0.00979266
  14    0.0041087  -0.01000819
  15    0.0033560  -0.01024624
  16    0.0000005  -0.00005554
  17    0.0033914  -0.00357299
  18    0.0034637  -0.00825883
  19    0.0033457  -0.00815313
  20    0.0019097  -0.00636187
  21    0.0000001  -0.00000121
  22    0.0031580  -0.00335494
  23    0.0007765  -0.00282576
  24    0.0007730  -0.00283431
  25    0.0003456  -0.00162740
  26    0.0000000  -0.00000073
  27    0.0002615  -0.00056579
  28    0.0003105  -0.00117208
  29    0.0005998  -0.00474309
  30    0.0002527  -0.00113945
  31    0.0000000  -0.00000050
  32    0.0001908  -0.00034813
  33    0.0003020  -0.00113937
  34    0.0002702  -0.00097177
  35    0.0002333  -0.00102160
  36    0.0000000  -0.00000036
  37    0.0000840  -0.00020584
  38    0.0002744  -0.00094763
  39    0.0002329  -0.00090510
  40    0.0002257  -0.00098461
  41    0.0000000  -0.00000035
  42    0.0000756  -0.00015984
  43    0.0002451  -0.00093356
  44    0.0002303  -0.00086961
  45    0.0002031  -0.00086681
  46    0.0000000  -0.00000022
  47    0.0000637  -0.00015732
  48    0.0001701  -0.00063708
  49    0.0000224  -0.00011811
  50    0.0001006  -0.00142572
  51    0.0000000  -0.00000018
  52    0.0000620  -0.00013783
  53    0.0001065  -0.00042881
  54    0.0000183  -0.00012160
  55    0.0000221  -0.00016880
  56    0.0000000  -0.00000010
  57    0.0000608  -0.00013429
  58    0.0000249  -0.00014989
  59    0.0000183  -0.00012411
  60    0.0000191  -0.00016350
  61    0.0000000  -0.00000011
  62    0.0000392  -0.00006686
  63    0.0000206  -0.00010229
  64    0.0000166  -0.00011714
  65    0.0000164  -0.00012031
  66    0.0000000  -0.00000017
  67    0.0000294  -0.00005875
  68    0.0000195  -0.00010779
  69    0.0000159  -0.00010931
  70    0.0000155  -0.00010640
  71    0.0000000  -0.00000004
  72    0.0000170  -0.00006941
  73    0.0000178  -0.00010459
  74    0.0000154  -0.00009641
  75    0.0000142  -0.00011028
  76    0.0000000  -0.00000009
  77    0.0000146  -0.00007927
  78    0.0000170  -0.00009897
  79    0.0000138  -0.00008557
  80    0.0000136  -0.00010388
  81    0.0000000  -0.00000004
  82    0.0000116  -0.00006425
  83    0.0000160  -0.00010541
  84    0.0000117  -0.00008560
  85    0.0000107  -0.00008464
  86    0.0000000  -0.00000002
  87    0.0000109  -0.00003028
  88    0.0000149  -0.00008859
  89    0.0000099  -0.00006691
  90    0.0000071  -0.00004547
  91    0.0000000  -0.00000002
  92    0.0000088  -0.00003963
  93    0.0000145  -0.00009227
  94    0.0000048  -0.00002223
  95    0.0000046  -0.00001961
  96    0.0000000  0.00000000
  97    0.0000054  -0.00000256
  98    0.0000088  -0.00004645
  99    0.0000028  -0.00000491
 100    0.0000041  -0.00001929
 101    0.0000000  0.00000000
 102    0.0000054  -0.00000341
 103    0.0000051  -0.00001947
 104    0.0000027  -0.00000440
 105    0.0000033  -0.00000930
 106    0.0000000  0.00000001
 107    0.0000043  -0.00000219
 108    0.0000042  -0.00001243
 109    0.0000026  -0.00000251
 110    0.0000026  -0.00000391
 111    0.0000000  -0.00000002
 112    0.0000021  0.00000041
 113    0.0000036  -0.00001087
 114    0.0000019  -0.00000216
 115    0.0000017  -0.00000208
 116    0.0000000  -0.00000000
 
----------------
 Final Energies 
----------------
Final NOF Total Energy =    -100.8236117
 
Total Orbital Internal Iterations = 973
Total Occupation Internal Iterations = 111
 
Elapsed time:  141.27 Seconds

---------------------------------
   Lowdin Population Analysis    
---------------------------------
 Idx  Atom   Population   Charge 
---------------------------------
  1     H     1.148      -0.148
  2     F     8.895       0.105
  3     H     0.957       0.043

---------------------------------
   M Diagnostic: 0.03
---------------------------------

