r14_C.jld2 not found
r14_n.jld2 not found
Computing Integrals
NVIDIA GeForce RTX 3090
Elapsed time:   58.53 Seconds

Number of basis functions                   (NBF)    = 1110
Number of auxiliary basis functions         (NBFAUX) = 1074
Inactive Doubly occupied orbitals up to     (NO1)    = 0
No. considered Strongly Doubly occupied MOs (NDOC)   = 39
No. considered Strongly Singly occupied MOs (NSOC)   = 0
NO. of Weakly occ. per St. Doubly occ.  MOs (NCWO)   = 27
Dimension of the Nat. Orb. subspace         (NBF5)   = 1092
No. of electrons                                     = 78
    No. of alpha electrons                           = 39
    No. of beta electrons                            = 39
Multiplicity                                         = 1

Geometry
========
 C       0.2285100       0.7334000      -0.7204500
 C      -0.2285100      -0.7334000      -0.7204500
 C      -1.7557900      -0.8224300      -0.7175000
 C       0.4065600      -1.5167100       0.4295600
 C       1.7557900       0.8224300      -0.7175000
 C      -0.4065600       1.5167100       0.4295600
 C      -2.3859200      -0.0294700       0.4251500
 C       1.9292900      -1.4256100       0.3856300
 C       2.3859200       0.0294700       0.4251500
 C      -1.9292900       1.4256100       0.3856300
 H      -0.1358800       1.1881000      -1.6493800
 H       0.1358800      -1.1881000      -1.6493800
 H      -2.0631400      -1.8699800      -0.6701300
 H      -2.1330700      -0.4241200      -1.6643500
 H       0.0543400      -1.1363000       1.3910900
 H       0.0853400      -2.5596100       0.3714600
 H       2.0631400       1.8699800      -0.6701300
 H       2.1330700       0.4241200      -1.6643500
 H      -0.0543400       1.1363000       1.3910900
 H      -0.0853400       2.5596100       0.3714600
 H      -2.1075600      -0.4699600       1.3854500
 H      -3.4735700      -0.0877900       0.3599500
 H       2.3682200      -1.9864300       1.2123700
 H       2.2885700      -1.8878600      -0.5388400
 H       2.1075600       0.4699600       1.3854500
 H       3.4735700       0.0877900       0.3599500
 H      -2.3682200       1.9864300       1.2123700
 H      -2.2885700       1.8878600      -0.5388400

No violations of the orthonormality
No violations of the orthonormality
 
PNOF8/ADABelief Calculation
==================
 
  Nitext  Nit_orb  Time   Nit_occ  Time         Eelec          Etot           Ediff      maxdiff    MaxGrad_orb  Grad_occ
     1      10    5.2e+01   10    1.2e+02  -940.55639421  -350.26218024 -10939.55639421   0.339881   1.4e+00   2.3e-04 0.00
     2      10    9.0e+00    0    7.7e+00  -940.66658758  -350.37237361    -0.11019337   0.339889   1.4e+00   2.3e-04 0.00
     3      30    2.5e+01  203    1.1e+03  -974.32882534  -384.03461137   -33.66223776   0.589760   2.4e+00   1.9e-04 0.02
     4      30    2.5e+01   79    4.6e+02  -980.23015865  -389.93594468    -5.90133331   0.306565   1.2e+00   2.8e-04 0.02
     5      30    2.5e+01   51    2.8e+02  -981.09539487  -390.80118090    -0.86523622   0.107464   4.3e-01   3.1e-04 0.02
     6      30    2.5e+01   34    2.0e+02  -981.51410990  -391.21989593    -0.41871503   0.039755   1.6e-01   3.4e-04 0.02
     7      30    2.5e+01   28    1.6e+02  -981.58627514  -391.29206117    -0.07216524   0.024582   9.8e-02   3.0e-04 0.02
     8      30    2.5e+01   21    1.3e+02  -981.62175831  -391.32754434    -0.03548317   0.019814   7.9e-02   3.1e-04 0.03
     9      30    2.5e+01   25    1.4e+02  -981.64102634  -391.34681237    -0.01926803   0.019014   7.6e-02   3.0e-04 0.03
    10      30    2.5e+01   17    1.0e+02  -981.65546199  -391.36124802    -0.01443565   0.024126   9.7e-02   3.1e-04 0.03
    11      30    2.5e+01   16    9.2e+01  -981.66247634  -391.36826238    -0.00701435   0.041052   1.6e-01   3.7e-04 0.03
    12      30    2.5e+01   15    9.0e+01  -981.67047007  -391.37625611    -0.00799373   0.022640   9.1e-02   3.6e-04 0.03
    13      30    2.5e+01   18    1.0e+02  -981.67674105  -391.38252708    -0.00627097   0.175583   7.0e-01   2.5e-04 0.03
    14      30    2.5e+01   11    6.7e+01  -981.68264054  -391.38842657    -0.00589949   0.019121   7.6e-02   3.6e-04 0.03
    15      30    2.5e+01   15    8.7e+01  -981.68667986  -391.39246590    -0.00403933   0.020481   8.2e-02   2.8e-04 0.03
    16      30    2.5e+01   14    8.4e+01  -981.69095397  -391.39674000    -0.00427410   0.031045   1.2e-01   3.0e-04 0.03
    17      30    2.5e+01    0    5.8e+00  -981.69174486  -391.39753089    -0.00079090   0.031046   1.2e-01   3.0e-04 0.03
    18      50    4.1e+01   10    6.1e+01  -981.71389071  -391.41967674    -0.02214585   0.001946   7.8e-03   3.4e-04 0.03
    19      50    4.1e+01   10    5.7e+01  -981.71574488  -391.42153091    -0.00185417   0.003795   1.5e-02   3.4e-04 0.03
    20      50    4.1e+01   13    7.9e+01  -981.71739086  -391.42317690    -0.00164599   0.003092   1.2e-02   2.4e-04 0.03
    21      50    4.1e+01   13    7.4e+01  -981.71915069  -391.42493672    -0.00175983   0.002900   1.2e-02   2.3e-04 0.03
    22      50    4.1e+01   10    6.2e+01  -981.72114282  -391.42692885    -0.00199213   0.003601   1.4e-02   2.9e-04 0.03
    23      50    4.1e+01   10    5.8e+01  -981.72249158  -391.42827761    -0.00134876   0.002880   1.2e-02   2.6e-04 0.03
    24      50    4.1e+01   10    6.2e+01  -981.72395752  -391.42974355    -0.00146594   0.004413   1.8e-02   2.6e-04 0.03
    25      50    4.1e+01   10    5.8e+01  -981.72538092  -391.43116695    -0.00142340   0.003665   1.5e-02   2.6e-04 0.03
    26      50    4.1e+01   10    6.2e+01  -981.72684954  -391.43263557    -0.00146862   0.003690   1.5e-02   2.9e-04 0.03
    27      50    4.1e+01   10    5.8e+01  -981.72844080  -391.43422683    -0.00159126   0.004206   1.7e-02   3.1e-04 0.03
    28      50    4.1e+01   10    6.2e+01  -981.72953992  -391.43532595    -0.00109912   0.003757   1.5e-02   3.0e-04 0.03
    29      50    4.1e+01    9    5.2e+01  -981.73045776  -391.43624380    -0.00091785   0.003239   1.3e-02   2.9e-04 0.03
    30      50    4.1e+01    4    2.8e+01  -981.73125204  -391.43703807    -0.00079427   0.003190   1.3e-02   3.4e-04 0.03
    31      50    4.1e+01    7    4.2e+01  -981.73185614  -391.43764218    -0.00060411   0.020566   8.2e-02   3.4e-04 0.03
    32      50    4.1e+01    9    5.6e+01  -981.73202377  -391.43780980    -0.00016763   0.003713   1.5e-02   2.4e-04 0.03
    33      50    4.1e+01    4    2.6e+01  -981.73250759  -391.43829362    -0.00048382   0.017484   7.0e-02   3.2e-04 0.03
    34      50    4.2e+01    6    3.9e+01  -981.73290762  -391.43869365    -0.00040002   0.002945   1.2e-02   2.7e-04 0.03
    35      50    4.1e+01    0    4.4e+00  -981.73298193  -391.43876796    -0.00007431   0.002945   1.2e-02   2.7e-04 0.03
    36      70    5.8e+01    6    3.9e+01  -981.73335108  -391.43913711    -0.00036915   0.003544   1.4e-02   2.9e-04 0.03
    37      70    5.8e+01    6    3.7e+01  -981.73356876  -391.43935479    -0.00021768   0.001104   4.4e-03   2.6e-04 0.03
    38      70    5.8e+01    6    3.9e+01  -981.73384783  -391.43963386    -0.00027907   0.001347   5.4e-03   2.3e-04 0.03
    39      70    5.7e+01    6    3.7e+01  -981.73399360  -391.43977963    -0.00014577   0.003547   1.4e-02   2.1e-04 0.03
    40      70    5.8e+01    6    3.9e+01  -981.73401343  -391.43979946    -0.00001983   0.001247   5.0e-03   2.1e-04 0.03
    41      70    5.7e+01    6    3.6e+01  -981.73444753  -391.44023356    -0.00043410   0.001094   4.4e-03   2.2e-04 0.03
    42      70    5.8e+01    1    1.0e+01  -981.73464135  -391.44042739    -0.00019382   0.002134   8.5e-03   2.6e-04 0.03
    43      70    5.8e+01    0    4.4e+00  -981.73462163  -391.44040766     0.00001972   0.002134   8.5e-03   2.6e-04 0.03
    44      90    7.4e+01    6    3.9e+01  -981.73423947  -391.44002551     0.00038216   0.000832   3.3e-03   2.5e-04 0.03
 
RESULTS OF THE OCCUPATION OPTIMIZATION
========================================
   1    1.9999845  -11.22291946
   2    1.9999832  -11.22124767
   3    1.9999833  -11.22102833
   4    1.9999840  -11.22080040
   5    1.9999887  -11.22029305
   6    1.9999890  -11.22024536
   7    1.9999844  -11.21932888
   8    1.9999820  -11.21897602
   9    1.9999867  -11.21702862
  10    1.9999869  -11.21698666
  11    1.9887535  -0.99438715
  12    1.9878880  -0.95284027
  13    1.9880655  -0.94917202
  14    1.9834714  -0.90510726
  15    1.9837326  -0.78049368
  16    1.9751193  -0.71555865
  17    1.9748057  -0.70744771
  18    1.9752235  -0.67068309
  19    1.9723193  -0.66799498
  20    1.9740168  -0.66361988
  21    1.9739870  -0.66359800
  22    1.9740550  -0.66323304
  23    1.9743543  -0.66287190
  24    1.9721196  -0.64999288
  25    1.9719815  -0.64767826
  26    1.9745767  -0.64283609
  27    1.9708584  -0.64278334
  28    1.9742280  -0.63612175
  29    1.9734189  -0.61983013
  30    1.9726846  -0.61467010
  31    1.9733980  -0.61260867
  32    1.9729502  -0.61223352
  33    1.9730018  -0.59730935
  34    1.9710502  -0.56703192
  35    1.9712345  -0.56549877
  36    1.9716420  -0.56349009
  37    1.9717800  -0.56190532
  38    1.9708144  -0.56148094
  39    1.9700127  -0.55310273
  40    0.0164940  -0.02645458
  41    0.0114884  -0.01694844
  42    0.0119533  -0.01720758
  43    0.0118844  -0.01750660
  44    0.0121957  -0.01788620
  45    0.0188769  -0.02916460
  46    0.0141431  -0.02016144
  47    0.0199024  -0.03045832
  48    0.0197670  -0.03029596
  49    0.0197441  -0.03010287
  50    0.0211731  -0.03133585
  51    0.0209198  -0.03125032
  52    0.0158335  -0.02111561
  53    0.0213325  -0.03183561
  54    0.0157682  -0.02113604
  55    0.0159399  -0.02138076
  56    0.0161711  -0.02172693
  57    0.0166434  -0.02222049
  58    0.0159178  -0.02153608
  59    0.0169596  -0.02214184
  60    0.0193327  -0.03047110
  61    0.0155795  -0.02163635
  62    0.0206381  -0.03184545
  63    0.0222290  -0.03325034
  64    0.0042633  -0.00843352
  65    0.0042764  -0.00846299
  66    0.0022132  -0.00709968
  67    0.0028913  -0.00767174
  68    0.0029199  -0.00910084
  69    0.0000017  -0.00006776
  70    0.0000024  -0.00007300
  71    0.0000138  -0.00033319
  72    0.0000063  -0.00017901
  73    0.0000018  -0.00007131
  74    0.0000014  -0.00007984
  75    0.0000097  -0.00023307
  76    0.0000105  -0.00025598
  77    0.0000109  -0.00026428
  78    0.0000112  -0.00026512
  79    0.0090870  -0.01532349
  80    0.0112606  -0.01712056
  81    0.0116864  -0.01768425
  82    0.0108773  -0.01657698
  83    0.0105363  -0.01631031
  84    0.0044697  -0.00815366
  85    0.0043426  -0.00740336
  86    0.0042503  -0.00779158
  87    0.0032210  -0.00638556
  88    0.0043273  -0.00785546
  89    0.0046082  -0.00821435
  90    0.0011130  -0.00274481
  91    0.0045900  -0.00731189
  92    0.0011363  -0.00293737
  93    0.0043307  -0.00691123
  94    0.0043469  -0.00686893
  95    0.0047287  -0.00769201
  96    0.0043296  -0.00705799
  97    0.0045762  -0.00752388
  98    0.0048229  -0.00763073
  99    0.0038439  -0.00743700
 100    0.0022198  -0.00423107
 101    0.0011443  -0.00293100
 102    0.0012220  -0.00301457
 103    0.0022052  -0.00731093
 104    0.0036231  -0.00691770
 105    0.0020602  -0.00831085
 106    0.0026389  -0.00814416
 107    0.0016418  -0.00527704
 108    0.0000011  -0.00004436
 109    0.0000011  -0.00004964
 110    0.0000006  -0.00000413
 111    0.0000007  -0.00001535
 112    0.0000011  -0.00004510
 113    0.0000009  -0.00003555
 114    0.0000010  -0.00005830
 115    0.0000011  -0.00005969
 116    0.0000010  -0.00005866
 117    0.0000008  -0.00002658
 118    0.0035331  -0.00675584
 119    0.0035654  -0.00610895
 120    0.0038455  -0.00637737
 121    0.0030800  -0.00545834
 122    0.0038483  -0.00645714
 123    0.0042163  -0.00776360
 124    0.0034239  -0.00596228
 125    0.0009234  -0.00227505
 126    0.0009316  -0.00261957
 127    0.0009849  -0.00240998
 128    0.0002478  -0.00069241
 129    0.0009226  -0.00235561
 130    0.0042922  -0.00672616
 131    0.0009864  -0.00272470
 132    0.0042388  -0.00676307
 133    0.0041126  -0.00666784
 134    0.0017599  -0.00343047
 135    0.0022407  -0.00415525
 136    0.0024011  -0.00430593
 137    0.0018782  -0.00346174
 138    0.0022231  -0.00489814
 139    0.0019245  -0.00376808
 140    0.0010758  -0.00276907
 141    0.0003975  -0.00109035
 142    0.0016332  -0.00577813
 143    0.0025737  -0.00677845
 144    0.0017875  -0.00638737
 145    0.0016787  -0.00536269
 146    0.0011561  -0.00500190
 147    0.0000010  -0.00003503
 148    0.0000009  -0.00002599
 149    0.0000003  -0.00000144
 150    0.0000006  -0.00000362
 151    0.0000007  -0.00000918
 152    0.0000008  -0.00001142
 153    0.0000007  -0.00000431
 154    0.0000004  -0.00000224
 155    0.0000004  -0.00000190
 156    0.0000003  -0.00000171
 157    0.0005454  -0.00134394
 158    0.0025324  -0.00462264
 159    0.0001930  -0.00051763
 160    0.0009634  -0.00219927
 161    0.0012987  -0.00269346
 162    0.0006253  -0.00149136
 163    0.0015292  -0.00311819
 164    0.0006918  -0.00168020
 165    0.0007932  -0.00196988
 166    0.0007603  -0.00180068
 167    0.0001044  -0.00030451
 168    0.0007408  -0.00179429
 169    0.0037739  -0.00620117
 170    0.0008327  -0.00198821
 171    0.0020725  -0.00379922
 172    0.0019435  -0.00354248
 173    0.0009777  -0.00203543
 174    0.0011943  -0.00250224
 175    0.0011516  -0.00245728
 176    0.0012128  -0.00253174
 177    0.0013944  -0.00344747
 178    0.0015525  -0.00358471
 179    0.0009451  -0.00260544
 180    0.0002140  -0.00062356
 181    0.0013394  -0.00361999
 182    0.0017871  -0.00604515
 183    0.0011921  -0.00426735
 184    0.0012351  -0.00421560
 185    0.0010623  -0.00388650
 186    0.0000008  -0.00001716
 187    0.0000008  -0.00000812
 188    0.0000003  -0.00000117
 189    0.0000006  -0.00000454
 190    0.0000006  -0.00000351
 191    0.0000008  -0.00000456
 192    0.0000004  -0.00000223
 193    0.0000003  -0.00000174
 194    0.0000003  -0.00000153
 195    0.0000002  -0.00000126
 196    0.0001105  -0.00033944
 197    0.0000996  -0.00028809
 198    0.0001742  -0.00048262
 199    0.0008138  -0.00180074
 200    0.0005735  -0.00136788
 201    0.0003300  -0.00084163
 202    0.0009088  -0.00229551
 203    0.0004228  -0.00108532
 204    0.0006931  -0.00165771
 205    0.0005513  -0.00135097
 206    0.0000826  -0.00026012
 207    0.0006649  -0.00152942
 208    0.0004668  -0.00114535
 209    0.0002998  -0.00082575
 210    0.0005923  -0.00133846
 211    0.0005343  -0.00128785
 212    0.0003843  -0.00094688
 213    0.0003389  -0.00088888
 214    0.0004467  -0.00107471
 215    0.0005996  -0.00133207
 216    0.0002412  -0.00071016
 217    0.0014045  -0.00347583
 218    0.0004663  -0.00116362
 219    0.0001475  -0.00046214
 220    0.0010145  -0.00402629
 221    0.0015877  -0.00585745
 222    0.0010297  -0.00406966
 223    0.0010341  -0.00363165
 224    0.0007592  -0.00251005
 225    0.0000007  -0.00000538
 226    0.0000005  -0.00000303
 227    0.0000002  -0.00000115
 228    0.0000005  -0.00000339
 229    0.0000006  -0.00000342
 230    0.0000006  -0.00000388
 231    0.0000004  -0.00000221
 232    0.0000003  -0.00000170
 233    0.0000003  -0.00000129
 234    0.0000002  -0.00000083
 235    0.0000744  -0.00022693
 236    0.0000636  -0.00019379
 237    0.0000705  -0.00022367
 238    0.0003243  -0.00085322
 239    0.0001397  -0.00040528
 240    0.0001260  -0.00037813
 241    0.0007428  -0.00178182
 242    0.0001956  -0.00057427
 243    0.0006559  -0.00161039
 244    0.0003128  -0.00083887
 245    0.0000646  -0.00020429
 246    0.0003190  -0.00084085
 247    0.0000317  -0.00011205
 248    0.0002131  -0.00059653
 249    0.0004651  -0.00114481
 250    0.0003502  -0.00089597
 251    0.0003073  -0.00084292
 252    0.0002259  -0.00059793
 253    0.0003858  -0.00100210
 254    0.0000875  -0.00027009
 255    0.0001429  -0.00044366
 256    0.0004154  -0.00109898
 257    0.0003130  -0.00088708
 258    0.0001228  -0.00037415
 259    0.0009681  -0.00332822
 260    0.0010519  -0.00367968
 261    0.0005373  -0.00165789
 262    0.0004806  -0.00140355
 263    0.0006641  -0.00264034
 264    0.0000006  -0.00000387
 265    0.0000005  -0.00000320
 266    0.0000002  -0.00000087
 267    0.0000005  -0.00000314
 268    0.0000005  -0.00000301
 269    0.0000006  -0.00000331
 270    0.0000004  -0.00000240
 271    0.0000003  -0.00000137
 272    0.0000003  -0.00000121
 273    0.0000002  -0.00000055
 274    0.0000608  -0.00019247
 275    0.0000419  -0.00014561
 276    0.0000591  -0.00018191
 277    0.0001696  -0.00048147
 278    0.0000631  -0.00019339
 279    0.0000849  -0.00026622
 280    0.0004244  -0.00103955
 281    0.0001305  -0.00041777
 282    0.0002482  -0.00067919
 283    0.0002385  -0.00066744
 284    0.0000509  -0.00016891
 285    0.0002704  -0.00072152
 286    0.0000217  -0.00008340
 287    0.0001988  -0.00055817
 288    0.0002255  -0.00058809
 289    0.0001586  -0.00044431
 290    0.0002014  -0.00054091
 291    0.0001830  -0.00052205
 292    0.0002880  -0.00075295
 293    0.0000720  -0.00021552
 294    0.0001394  -0.00042816
 295    0.0003221  -0.00088326
 296    0.0002223  -0.00064080
 297    0.0000981  -0.00031049
 298    0.0009331  -0.00302763
 299    0.0007852  -0.00231156
 300    0.0004913  -0.00189060
 301    0.0004074  -0.00218340
 302    0.0003963  -0.00169578
 303    0.0000006  -0.00000403
 304    0.0000005  -0.00000305
 305    0.0000002  -0.00000065
 306    0.0000005  -0.00000292
 307    0.0000005  -0.00000290
 308    0.0000006  -0.00000349
 309    0.0000003  -0.00000131
 310    0.0000003  -0.00000111
 311    0.0000002  -0.00000089
 312    0.0000002  -0.00000049
 313    0.0000207  -0.00007975
 314    0.0000254  -0.00009534
 315    0.0000484  -0.00015641
 316    0.0001245  -0.00038360
 317    0.0000395  -0.00014033
 318    0.0000785  -0.00024991
 319    0.0004130  -0.00101888
 320    0.0000973  -0.00031416
 321    0.0000875  -0.00028359
 322    0.0001108  -0.00034005
 323    0.0000412  -0.00014884
 324    0.0001821  -0.00053090
 325    0.0000173  -0.00006567
 326    0.0001156  -0.00033706
 327    0.0000736  -0.00022956
 328    0.0000841  -0.00025707
 329    0.0001888  -0.00050644
 330    0.0001620  -0.00046810
 331    0.0001963  -0.00053880
 332    0.0000608  -0.00019666
 333    0.0000843  -0.00027086
 334    0.0002610  -0.00072917
 335    0.0000808  -0.00026350
 336    0.0000808  -0.00025782
 337    0.0007928  -0.00228757
 338    0.0004465  -0.00139694
 339    0.0004166  -0.00210943
 340    0.0003643  -0.00170113
 341    0.0003730  -0.00157153
 342    0.0000005  -0.00000333
 343    0.0000005  -0.00000304
 344    0.0000002  -0.00000058
 345    0.0000005  -0.00000285
 346    0.0000005  -0.00000230
 347    0.0000005  -0.00000294
 348    0.0000003  -0.00000127
 349    0.0000003  -0.00000108
 350    0.0000002  -0.00000081
 351    0.0000001  -0.00000052
 352    0.0000112  -0.00004604
 353    0.0000202  -0.00007710
 354    0.0000436  -0.00015051
 355    0.0000344  -0.00012815
 356    0.0000194  -0.00007296
 357    0.0000460  -0.00015503
 358    0.0002600  -0.00071390
 359    0.0000897  -0.00028475
 360    0.0000518  -0.00017611
 361    0.0000604  -0.00019387
 362    0.0000362  -0.00012945
 363    0.0001440  -0.00043892
 364    0.0000138  -0.00005569
 365    0.0000839  -0.00026090
 366    0.0000386  -0.00013921
 367    0.0000621  -0.00019174
 368    0.0001391  -0.00042101
 369    0.0001141  -0.00035977
 370    0.0001702  -0.00048290
 371    0.0000562  -0.00018485
 372    0.0000828  -0.00026532
 373    0.0002445  -0.00067854
 374    0.0000670  -0.00021972
 375    0.0000716  -0.00022990
 376    0.0004114  -0.00165082
 377    0.0001322  -0.00050146
 378    0.0003399  -0.00158819
 379    0.0003129  -0.00150960
 380    0.0003426  -0.00155994
 381    0.0000005  -0.00000256
 382    0.0000005  -0.00000247
 383    0.0000002  -0.00000056
 384    0.0000005  -0.00000267
 385    0.0000004  -0.00000232
 386    0.0000005  -0.00000282
 387    0.0000003  -0.00000113
 388    0.0000002  -0.00000106
 389    0.0000002  -0.00000067
 390    0.0000001  -0.00000044
 391    0.0000109  -0.00004626
 392    0.0000184  -0.00007200
 393    0.0000306  -0.00010950
 394    0.0000165  -0.00006418
 395    0.0000077  -0.00003402
 396    0.0000303  -0.00010894
 397    0.0001884  -0.00052861
 398    0.0000760  -0.00024870
 399    0.0000282  -0.00010689
 400    0.0000506  -0.00017235
 401    0.0000298  -0.00010841
 402    0.0001110  -0.00035755
 403    0.0000116  -0.00004879
 404    0.0000653  -0.00020418
 405    0.0000357  -0.00013365
 406    0.0000536  -0.00017899
 407    0.0001067  -0.00031249
 408    0.0001047  -0.00033158
 409    0.0000810  -0.00025735
 410    0.0000465  -0.00016053
 411    0.0000524  -0.00018282
 412    0.0001585  -0.00048192
 413    0.0000370  -0.00014286
 414    0.0000527  -0.00017965
 415    0.0004054  -0.00122447
 416    0.0000897  -0.00032823
 417    0.0003327  -0.00156009
 418    0.0002523  -0.00125586
 419    0.0002431  -0.00122636
 420    0.0000005  -0.00000243
 421    0.0000004  -0.00000226
 422    0.0000002  -0.00000058
 423    0.0000005  -0.00000251
 424    0.0000004  -0.00000184
 425    0.0000005  -0.00000266
 426    0.0000002  -0.00000116
 427    0.0000002  -0.00000109
 428    0.0000002  -0.00000073
 429    0.0000001  -0.00000035
 430    0.0000084  -0.00003717
 431    0.0000149  -0.00005816
 432    0.0000175  -0.00006680
 433    0.0000152  -0.00006052
 434    0.0000065  -0.00002927
 435    0.0000126  -0.00005156
 436    0.0001835  -0.00050541
 437    0.0000649  -0.00021485
 438    0.0000202  -0.00008378
 439    0.0000338  -0.00013031
 440    0.0000282  -0.00010369
 441    0.0000822  -0.00026296
 442    0.0000102  -0.00004239
 443    0.0000387  -0.00014620
 444    0.0000312  -0.00011594
 445    0.0000448  -0.00015223
 446    0.0000934  -0.00028190
 447    0.0000763  -0.00023999
 448    0.0000658  -0.00021109
 449    0.0000389  -0.00013476
 450    0.0000435  -0.00015382
 451    0.0001011  -0.00032416
 452    0.0000317  -0.00012407
 453    0.0000501  -0.00017550
 454    0.0003523  -0.00131270
 455    0.0000621  -0.00024174
 456    0.0002707  -0.00112411
 457    0.0001726  -0.00095786
 458    0.0002255  -0.00109987
 459    0.0000004  -0.00000223
 460    0.0000004  -0.00000217
 461    0.0000002  -0.00000060
 462    0.0000004  -0.00000240
 463    0.0000003  -0.00000138
 464    0.0000004  -0.00000219
 465    0.0000002  -0.00000099
 466    0.0000002  -0.00000099
 467    0.0000002  -0.00000066
 468    0.0000001  -0.00000043
 469    0.0000071  -0.00003102
 470    0.0000115  -0.00004721
 471    0.0000118  -0.00004930
 472    0.0000110  -0.00004611
 473    0.0000056  -0.00002586
 474    0.0000067  -0.00002970
 475    0.0001425  -0.00043053
 476    0.0000498  -0.00016845
 477    0.0000198  -0.00008195
 478    0.0000310  -0.00011531
 479    0.0000256  -0.00009399
 480    0.0000607  -0.00019521
 481    0.0000102  -0.00004334
 482    0.0000311  -0.00012000
 483    0.0000275  -0.00010191
 484    0.0000385  -0.00014123
 485    0.0000886  -0.00027515
 486    0.0000626  -0.00020748
 487    0.0000508  -0.00017083
 488    0.0000169  -0.00007146
 489    0.0000287  -0.00011116
 490    0.0000954  -0.00030987
 491    0.0000290  -0.00011728
 492    0.0000378  -0.00014326
 493    0.0003500  -0.00111445
 494    0.0000329  -0.00014905
 495    0.0002253  -0.00123144
 496    0.0001684  -0.00097277
 497    0.0002219  -0.00112295
 498    0.0000004  -0.00000168
 499    0.0000004  -0.00000225
 500    0.0000001  -0.00000051
 501    0.0000004  -0.00000210
 502    0.0000003  -0.00000134
 503    0.0000003  -0.00000153
 504    0.0000002  -0.00000076
 505    0.0000002  -0.00000069
 506    0.0000002  -0.00000073
 507    0.0000001  -0.00000039
 508    0.0000054  -0.00002306
 509    0.0000094  -0.00004077
 510    0.0000105  -0.00004398
 511    0.0000088  -0.00003863
 512    0.0000048  -0.00002062
 513    0.0000064  -0.00002977
 514    0.0001031  -0.00030980
 515    0.0000364  -0.00013736
 516    0.0000172  -0.00007110
 517    0.0000192  -0.00008039
 518    0.0000146  -0.00005763
 519    0.0000475  -0.00016710
 520    0.0000098  -0.00004067
 521    0.0000147  -0.00006091
 522    0.0000254  -0.00009401
 523    0.0000362  -0.00013475
 524    0.0000776  -0.00024634
 525    0.0000545  -0.00018699
 526    0.0000441  -0.00015615
 527    0.0000162  -0.00006665
 528    0.0000199  -0.00008226
 529    0.0000831  -0.00026982
 530    0.0000256  -0.00009933
 531    0.0000309  -0.00011690
 532    0.0003129  -0.00136661
 533    0.0000096  -0.00006371
 534    0.0002156  -0.00114509
 535    0.0000699  -0.00037525
 536    0.0001886  -0.00108242
 537    0.0000004  -0.00000168
 538    0.0000004  -0.00000216
 539    0.0000001  -0.00000044
 540    0.0000003  -0.00000152
 541    0.0000003  -0.00000128
 542    0.0000003  -0.00000128
 543    0.0000002  -0.00000053
 544    0.0000002  -0.00000061
 545    0.0000002  -0.00000073
 546    0.0000001  -0.00000033
 547    0.0000042  -0.00001813
 548    0.0000052  -0.00002198
 549    0.0000102  -0.00004383
 550    0.0000066  -0.00002912
 551    0.0000043  -0.00001878
 552    0.0000058  -0.00002576
 553    0.0000616  -0.00019594
 554    0.0000257  -0.00009863
 555    0.0000146  -0.00006047
 556    0.0000156  -0.00006449
 557    0.0000131  -0.00005427
 558    0.0000421  -0.00015404
 559    0.0000086  -0.00003551
 560    0.0000110  -0.00005067
 561    0.0000246  -0.00009415
 562    0.0000336  -0.00012510
 563    0.0000676  -0.00020619
 564    0.0000371  -0.00013786
 565    0.0000368  -0.00013604
 566    0.0000150  -0.00006051
 567    0.0000158  -0.00006688
 568    0.0000683  -0.00022380
 569    0.0000212  -0.00008499
 570    0.0000240  -0.00009819
 571    0.0002874  -0.00096452
 572    0.0000090  -0.00005579
 573    0.0001627  -0.00083395
 574    0.0000671  -0.00038571
 575    0.0001717  -0.00084581
 576    0.0000004  -0.00000175
 577    0.0000004  -0.00000177
 578    0.0000001  -0.00000049
 579    0.0000003  -0.00000134
 580    0.0000002  -0.00000101
 581    0.0000003  -0.00000130
 582    0.0000002  -0.00000059
 583    0.0000002  -0.00000061
 584    0.0000002  -0.00000067
 585    0.0000001  -0.00000042
 586    0.0000024  -0.00001108
 587    0.0000042  -0.00001846
 588    0.0000097  -0.00004169
 589    0.0000053  -0.00002291
 590    0.0000027  -0.00001168
 591    0.0000052  -0.00002398
 592    0.0000398  -0.00014295
 593    0.0000229  -0.00008941
 594    0.0000101  -0.00004636
 595    0.0000140  -0.00005831
 596    0.0000127  -0.00005227
 597    0.0000365  -0.00013667
 598    0.0000068  -0.00003012
 599    0.0000098  -0.00004454
 600    0.0000152  -0.00005941
 601    0.0000266  -0.00009800
 602    0.0000521  -0.00017500
 603    0.0000329  -0.00012418
 604    0.0000339  -0.00012636
 605    0.0000143  -0.00005934
 606    0.0000087  -0.00004069
 607    0.0000604  -0.00020620
 608    0.0000179  -0.00007593
 609    0.0000173  -0.00007339
 610    0.0002082  -0.00085207
 611    0.0000082  -0.00005350
 612    0.0001200  -0.00051629
 613    0.0000486  -0.00034201
 614    0.0001512  -0.00066165
 615    0.0000003  -0.00000167
 616    0.0000003  -0.00000148
 617    0.0000001  -0.00000040
 618    0.0000003  -0.00000132
 619    0.0000002  -0.00000106
 620    0.0000003  -0.00000114
 621    0.0000001  -0.00000045
 622    0.0000002  -0.00000056
 623    0.0000002  -0.00000068
 624    0.0000001  -0.00000033
 625    0.0000023  -0.00001047
 626    0.0000036  -0.00001655
 627    0.0000093  -0.00003911
 628    0.0000049  -0.00002092
 629    0.0000023  -0.00000977
 630    0.0000045  -0.00001993
 631    0.0000334  -0.00012756
 632    0.0000174  -0.00007078
 633    0.0000083  -0.00003905
 634    0.0000118  -0.00005131
 635    0.0000076  -0.00003468
 636    0.0000335  -0.00012814
 637    0.0000066  -0.00002718
 638    0.0000075  -0.00003429
 639    0.0000124  -0.00005252
 640    0.0000170  -0.00007001
 641    0.0000465  -0.00015696
 642    0.0000309  -0.00011909
 643    0.0000299  -0.00011622
 644    0.0000136  -0.00005757
 645    0.0000083  -0.00003904
 646    0.0000475  -0.00016844
 647    0.0000143  -0.00006120
 648    0.0000148  -0.00006478
 649    0.0001649  -0.00061538
 650    0.0000079  -0.00006011
 651    0.0001032  -0.00048851
 652    0.0000465  -0.00035998
 653    0.0001383  -0.00072013
 654    0.0000003  -0.00000156
 655    0.0000003  -0.00000138
 656    0.0000001  -0.00000031
 657    0.0000003  -0.00000108
 658    0.0000002  -0.00000098
 659    0.0000003  -0.00000115
 660    0.0000001  -0.00000044
 661    0.0000002  -0.00000054
 662    0.0000002  -0.00000061
 663    0.0000001  -0.00000039
 664    0.0000019  -0.00000783
 665    0.0000035  -0.00001560
 666    0.0000092  -0.00003981
 667    0.0000028  -0.00001281
 668    0.0000023  -0.00000950
 669    0.0000035  -0.00001633
 670    0.0000238  -0.00009205
 671    0.0000117  -0.00005075
 672    0.0000080  -0.00003804
 673    0.0000107  -0.00004681
 674    0.0000060  -0.00002836
 675    0.0000139  -0.00005772
 676    0.0000060  -0.00002595
 677    0.0000072  -0.00003458
 678    0.0000078  -0.00003453
 679    0.0000153  -0.00006039
 680    0.0000439  -0.00015057
 681    0.0000184  -0.00007652
 682    0.0000288  -0.00010812
 683    0.0000131  -0.00005412
 684    0.0000058  -0.00002752
 685    0.0000431  -0.00015640
 686    0.0000125  -0.00005498
 687    0.0000124  -0.00005556
 688    0.0001490  -0.00059458
 689    0.0000074  -0.00004383
 690    0.0000794  -0.00042352
 691    0.0000359  -0.00029825
 692    0.0000882  -0.00044526
 693    0.0000003  -0.00000147
 694    0.0000003  -0.00000139
 695    0.0000001  -0.00000029
 696    0.0000002  -0.00000109
 697    0.0000002  -0.00000095
 698    0.0000002  -0.00000105
 699    0.0000001  -0.00000035
 700    0.0000002  -0.00000058
 701    0.0000002  -0.00000055
 702    0.0000001  -0.00000031
 703    0.0000013  -0.00000435
 704    0.0000032  -0.00001436
 705    0.0000078  -0.00003328
 706    0.0000026  -0.00001195
 707    0.0000020  -0.00000858
 708    0.0000032  -0.00001485
 709    0.0000101  -0.00004599
 710    0.0000070  -0.00003324
 711    0.0000052  -0.00002608
 712    0.0000084  -0.00003796
 713    0.0000051  -0.00002334
 714    0.0000127  -0.00005367
 715    0.0000052  -0.00002171
 716    0.0000065  -0.00003059
 717    0.0000066  -0.00003027
 718    0.0000129  -0.00005328
 719    0.0000406  -0.00014738
 720    0.0000166  -0.00006698
 721    0.0000262  -0.00010160
 722    0.0000102  -0.00004565
 723    0.0000027  -0.00001364
 724    0.0000379  -0.00014540
 725    0.0000112  -0.00005170
 726    0.0000100  -0.00004578
 727    0.0001363  -0.00060535
 728    0.0000064  -0.00003652
 729    0.0000654  -0.00034528
 730    0.0000346  -0.00025350
 731    0.0000786  -0.00039706
 732    0.0000003  -0.00000139
 733    0.0000003  -0.00000143
 734    0.0000001  -0.00000028
 735    0.0000002  -0.00000086
 736    0.0000002  -0.00000087
 737    0.0000002  -0.00000106
 738    0.0000001  -0.00000033
 739    0.0000002  -0.00000050
 740    0.0000002  -0.00000048
 741    0.0000001  -0.00000028
 742    0.0000011  -0.00000374
 743    0.0000026  -0.00001129
 744    0.0000060  -0.00002675
 745    0.0000023  -0.00001016
 746    0.0000019  -0.00000761
 747    0.0000032  -0.00001472
 748    0.0000064  -0.00002995
 749    0.0000068  -0.00003191
 750    0.0000050  -0.00002548
 751    0.0000067  -0.00003197
 752    0.0000046  -0.00002152
 753    0.0000101  -0.00004572
 754    0.0000044  -0.00001831
 755    0.0000052  -0.00002531
 756    0.0000062  -0.00002800
 757    0.0000109  -0.00004684
 758    0.0000368  -0.00013645
 759    0.0000162  -0.00006613
 760    0.0000241  -0.00009084
 761    0.0000090  -0.00004063
 762    0.0000020  -0.00000942
 763    0.0000330  -0.00012575
 764    0.0000090  -0.00004227
 765    0.0000089  -0.00004204
 766    0.0001049  -0.00039922
 767    0.0000063  -0.00003524
 768    0.0000613  -0.00032125
 769    0.0000288  -0.00020538
 770    0.0000650  -0.00034794
 771    0.0000003  -0.00000141
 772    0.0000003  -0.00000137
 773    0.0000001  -0.00000019
 774    0.0000002  -0.00000090
 775    0.0000002  -0.00000071
 776    0.0000002  -0.00000084
 777    0.0000001  -0.00000033
 778    0.0000002  -0.00000053
 779    0.0000002  -0.00000054
 780    0.0000001  -0.00000022
 781    0.0000010  -0.00000253
 782    0.0000022  -0.00000980
 783    0.0000055  -0.00002243
 784    0.0000021  -0.00000912
 785    0.0000019  -0.00000717
 786    0.0000029  -0.00001360
 787    0.0000042  -0.00002080
 788    0.0000051  -0.00002571
 789    0.0000033  -0.00001624
 790    0.0000056  -0.00002674
 791    0.0000044  -0.00002021
 792    0.0000098  -0.00004514
 793    0.0000043  -0.00001797
 794    0.0000044  -0.00002289
 795    0.0000049  -0.00002316
 796    0.0000104  -0.00004464
 797    0.0000295  -0.00010787
 798    0.0000161  -0.00006561
 799    0.0000164  -0.00006946
 800    0.0000088  -0.00004013
 801    0.0000016  -0.00000686
 802    0.0000303  -0.00011759
 803    0.0000077  -0.00003740
 804    0.0000087  -0.00004172
 805    0.0000631  -0.00024131
 806    0.0000057  -0.00003223
 807    0.0000500  -0.00026430
 808    0.0000256  -0.00014197
 809    0.0000609  -0.00041261
 810    0.0000003  -0.00000121
 811    0.0000003  -0.00000119
 812    0.0000001  -0.00000024
 813    0.0000002  -0.00000082
 814    0.0000002  -0.00000081
 815    0.0000002  -0.00000076
 816    0.0000001  -0.00000035
 817    0.0000002  -0.00000048
 818    0.0000002  -0.00000050
 819    0.0000001  -0.00000024
 820    0.0000009  -0.00000300
 821    0.0000021  -0.00000906
 822    0.0000045  -0.00001916
 823    0.0000017  -0.00000725
 824    0.0000018  -0.00000713
 825    0.0000029  -0.00001387
 826    0.0000036  -0.00001807
 827    0.0000047  -0.00002288
 828    0.0000033  -0.00001603
 829    0.0000041  -0.00002022
 830    0.0000041  -0.00001897
 831    0.0000091  -0.00004255
 832    0.0000039  -0.00001714
 833    0.0000042  -0.00002011
 834    0.0000038  -0.00001732
 835    0.0000099  -0.00004266
 836    0.0000270  -0.00010062
 837    0.0000151  -0.00006178
 838    0.0000135  -0.00005692
 839    0.0000082  -0.00003736
 840    0.0000013  -0.00000554
 841    0.0000207  -0.00008564
 842    0.0000055  -0.00002786
 843    0.0000075  -0.00003534
 844    0.0000484  -0.00019405
 845    0.0000044  -0.00002663
 846    0.0000404  -0.00025986
 847    0.0000230  -0.00013461
 848    0.0000602  -0.00033542
 849    0.0000002  -0.00000081
 850    0.0000003  -0.00000109
 851    0.0000001  -0.00000022
 852    0.0000002  -0.00000078
 853    0.0000002  -0.00000077
 854    0.0000002  -0.00000083
 855    0.0000001  -0.00000031
 856    0.0000001  -0.00000038
 857    0.0000002  -0.00000044
 858    0.0000001  -0.00000025
 859    0.0000008  -0.00000224
 860    0.0000015  -0.00000564
 861    0.0000035  -0.00001545
 862    0.0000016  -0.00000637
 863    0.0000018  -0.00000672
 864    0.0000027  -0.00001222
 865    0.0000028  -0.00001397
 866    0.0000043  -0.00002051
 867    0.0000027  -0.00001360
 868    0.0000039  -0.00001839
 869    0.0000035  -0.00001635
 870    0.0000053  -0.00002640
 871    0.0000036  -0.00001583
 872    0.0000040  -0.00001943
 873    0.0000030  -0.00001461
 874    0.0000094  -0.00004092
 875    0.0000227  -0.00009123
 876    0.0000104  -0.00004558
 877    0.0000095  -0.00004328
 878    0.0000068  -0.00003139
 879    0.0000012  -0.00000421
 880    0.0000194  -0.00008212
 881    0.0000053  -0.00002674
 882    0.0000072  -0.00003414
 883    0.0000479  -0.00020029
 884    0.0000035  -0.00002089
 885    0.0000349  -0.00027514
 886    0.0000206  -0.00010318
 887    0.0000486  -0.00026914
 888    0.0000002  -0.00000080
 889    0.0000003  -0.00000102
 890    0.0000001  -0.00000018
 891    0.0000002  -0.00000066
 892    0.0000002  -0.00000076
 893    0.0000002  -0.00000082
 894    0.0000001  -0.00000034
 895    0.0000001  -0.00000040
 896    0.0000002  -0.00000053
 897    0.0000001  -0.00000022
 898    0.0000006  -0.00000122
 899    0.0000014  -0.00000485
 900    0.0000033  -0.00001519
 901    0.0000015  -0.00000544
 902    0.0000015  -0.00000574
 903    0.0000016  -0.00000639
 904    0.0000019  -0.00000913
 905    0.0000041  -0.00002001
 906    0.0000016  -0.00000737
 907    0.0000031  -0.00001493
 908    0.0000031  -0.00001445
 909    0.0000053  -0.00002640
 910    0.0000025  -0.00001075
 911    0.0000039  -0.00001922
 912    0.0000025  -0.00001164
 913    0.0000089  -0.00003861
 914    0.0000214  -0.00008137
 915    0.0000079  -0.00003634
 916    0.0000055  -0.00002696
 917    0.0000052  -0.00002496
 918    0.0000010  -0.00000364
 919    0.0000138  -0.00006028
 920    0.0000035  -0.00001803
 921    0.0000047  -0.00002418
 922    0.0000260  -0.00011643
 923    0.0000028  -0.00001774
 924    0.0000304  -0.00020227
 925    0.0000175  -0.00008554
 926    0.0000455  -0.00031522
 927    0.0000002  -0.00000077
 928    0.0000003  -0.00000105
 929    0.0000001  -0.00000021
 930    0.0000002  -0.00000065
 931    0.0000002  -0.00000072
 932    0.0000002  -0.00000076
 933    0.0000001  -0.00000028
 934    0.0000001  -0.00000040
 935    0.0000002  -0.00000047
 936    0.0000001  -0.00000023
 937    0.0000006  -0.00000127
 938    0.0000013  -0.00000461
 939    0.0000021  -0.00000872
 940    0.0000012  -0.00000378
 941    0.0000015  -0.00000571
 942    0.0000015  -0.00000559
 943    0.0000019  -0.00000870
 944    0.0000036  -0.00001753
 945    0.0000016  -0.00000704
 946    0.0000022  -0.00001019
 947    0.0000030  -0.00001413
 948    0.0000047  -0.00002305
 949    0.0000020  -0.00000799
 950    0.0000035  -0.00001721
 951    0.0000020  -0.00000857
 952    0.0000083  -0.00003635
 953    0.0000163  -0.00006576
 954    0.0000045  -0.00002228
 955    0.0000044  -0.00002185
 956    0.0000038  -0.00001767
 957    0.0000010  -0.00000355
 958    0.0000123  -0.00005313
 959    0.0000034  -0.00001746
 960    0.0000032  -0.00001709
 961    0.0000181  -0.00008149
 962    0.0000026  -0.00001726
 963    0.0000286  -0.00017623
 964    0.0000168  -0.00008317
 965    0.0000432  -0.00021007
 966    0.0000002  -0.00000065
 967    0.0000002  -0.00000090
 968    0.0000001  -0.00000021
 969    0.0000002  -0.00000068
 970    0.0000002  -0.00000066
 971    0.0000002  -0.00000066
 972    0.0000001  -0.00000029
 973    0.0000001  -0.00000031
 974    0.0000001  -0.00000047
 975    0.0000001  -0.00000021
 976    0.0000005  -0.00000079
 977    0.0000011  -0.00000325
 978    0.0000017  -0.00000670
 979    0.0000009  -0.00000272
 980    0.0000010  -0.00000283
 981    0.0000013  -0.00000415
 982    0.0000017  -0.00000793
 983    0.0000024  -0.00001085
 984    0.0000015  -0.00000634
 985    0.0000018  -0.00000776
 986    0.0000027  -0.00001175
 987    0.0000042  -0.00002058
 988    0.0000020  -0.00000811
 989    0.0000028  -0.00001334
 990    0.0000018  -0.00000757
 991    0.0000060  -0.00002634
 992    0.0000067  -0.00003170
 993    0.0000040  -0.00001856
 994    0.0000042  -0.00002096
 995    0.0000029  -0.00001430
 996    0.0000009  -0.00000300
 997    0.0000110  -0.00004997
 998    0.0000029  -0.00001475
 999    0.0000024  -0.00001140
 1000    0.0000125  -0.00006219
 1001    0.0000023  -0.00001410
 1002    0.0000183  -0.00009495
 1003    0.0000147  -0.00008544
 1004    0.0000380  -0.00026502
 1005    0.0000002  -0.00000067
 1006    0.0000002  -0.00000075
 1007    0.0000001  -0.00000021
 1008    0.0000002  -0.00000063
 1009    0.0000002  -0.00000070
 1010    0.0000002  -0.00000072
 1011    0.0000001  -0.00000021
 1012    0.0000001  -0.00000029
 1013    0.0000001  -0.00000037
 1014    0.0000001  -0.00000021
 1015    0.0000005  -0.00000082
 1016    0.0000009  -0.00000262
 1017    0.0000015  -0.00000510
 1018    0.0000007  -0.00000138
 1019    0.0000009  -0.00000265
 1020    0.0000010  -0.00000308
 1021    0.0000013  -0.00000564
 1022    0.0000021  -0.00000931
 1023    0.0000013  -0.00000508
 1024    0.0000012  -0.00000414
 1025    0.0000024  -0.00001009
 1026    0.0000040  -0.00001914
 1027    0.0000018  -0.00000661
 1028    0.0000021  -0.00001008
 1029    0.0000014  -0.00000546
 1030    0.0000035  -0.00001593
 1031    0.0000056  -0.00002599
 1032    0.0000029  -0.00001394
 1033    0.0000023  -0.00001048
 1034    0.0000023  -0.00001032
 1035    0.0000009  -0.00000328
 1036    0.0000106  -0.00004796
 1037    0.0000026  -0.00001305
 1038    0.0000024  -0.00001178
 1039    0.0000125  -0.00005961
 1040    0.0000023  -0.00001451
 1041    0.0000144  -0.00011534
 1042    0.0000137  -0.00012558
 1043    0.0000319  -0.00027330
 1044    0.0000002  -0.00000063
 1045    0.0000002  -0.00000070
 1046    0.0000001  -0.00000019
 1047    0.0000002  -0.00000048
 1048    0.0000002  -0.00000069
 1049    0.0000002  -0.00000065
 1050    0.0000001  -0.00000021
 1051    0.0000001  -0.00000027
 1052    0.0000001  -0.00000038
 1053    0.0000001  -0.00000021
 1054    0.0000004  -0.00000057
 1055    0.0000007  -0.00000186
 1056    0.0000011  -0.00000353
 1057    0.0000005  -0.00000071
 1058    0.0000009  -0.00000277
 1059    0.0000008  -0.00000239
 1060    0.0000004  -0.00000051
 1061    0.0000012  -0.00000451
 1062    0.0000012  -0.00000447
 1063    0.0000012  -0.00000376
 1064    0.0000018  -0.00000714
 1065    0.0000028  -0.00001445
 1066    0.0000014  -0.00000486
 1067    0.0000021  -0.00000967
 1068    0.0000012  -0.00000399
 1069    0.0000026  -0.00001122
 1070    0.0000044  -0.00002174
 1071    0.0000019  -0.00000863
 1072    0.0000020  -0.00000922
 1073    0.0000021  -0.00000897
 1074    0.0000004  -0.00000049
 1075    0.0000063  -0.00003060
 1076    0.0000014  -0.00000570
 1077    0.0000022  -0.00001016
 1078    0.0000065  -0.00004185
 1079    0.0000017  -0.00000982
 1080    0.0000133  -0.00014029
 1081    0.0000121  -0.00012885
 1082    0.0000305  -0.00022140
 1083    0.0000002  -0.00000064
 1084    0.0000002  -0.00000063
 1085    0.0000001  -0.00000020
 1086    0.0000002  -0.00000052
 1087    0.0000002  -0.00000065
 1088    0.0000002  -0.00000058
 1089    0.0000001  -0.00000021
 1090    0.0000001  -0.00000024
 1091    0.0000001  -0.00000027
 1092    0.0000001  -0.00000018
 
----------------
 Final Energies 
----------------
Final NOF Total Energy =    -391.4400255
 
Total Orbital Internal Iterations = 2020
Total Occupation Internal Iterations = 755
 
Elapsed time: 6562.55 Seconds

---------------------------------
   Lowdin Population Analysis    
---------------------------------
 Idx  Atom   Population   Charge 
---------------------------------
  1     C     6.041      -0.041
  2     C     6.041      -0.041
  3     C     5.893       0.107
  4     C     5.889       0.111
  5     C     5.892       0.108
  6     C     5.889       0.111
  7     C     5.901       0.099
  8     C     5.905       0.095
  9     C     5.901       0.099
 10     C     5.900       0.100
 11     H     1.026      -0.026
 12     H     1.026      -0.026
 13     H     1.045      -0.045
 14     H     1.039      -0.039
 15     H     1.041      -0.041
 16     H     1.041      -0.041
 17     H     1.045      -0.045
 18     H     1.038      -0.038
 19     H     1.041      -0.041
 20     H     1.041      -0.041
 21     H     1.045      -0.045
 22     H     1.049      -0.049
 23     H     1.051      -0.051
 24     H     1.041      -0.041
 25     H     1.044      -0.044
 26     H     1.048      -0.048
 27     H     1.050      -0.050
 28     H     1.038      -0.038

---------------------------------
   M Diagnostic: 0.03
---------------------------------

