1_C.jld2 not found
1_n.jld2 not found
Computing Integrals
Elapsed time:   73.78 Seconds

Number of basis functions                   (NBF)    = 1449
Number of auxiliary basis functions         (NBFAUX) = 1571
Inactive Doubly occupied orbitals up to     (NO1)    = 0
No. considered Strongly Doubly occupied MOs (NDOC)   = 62
No. considered Strongly Singly occupied MOs (NSOC)   = 0
NO. of Weakly occ. per St. Doubly occ.  MOs (NCWO)   = 22
Dimension of the Nat. Orb. subspace         (NBF5)   = 1426
No. of electrons                                     = 124
    No. of alpha electrons                           = 62
    No. of beta electrons                            = 62
Multiplicity                                         = 1

Geometry
========
 N      -0.2912200       3.2231200       0.3407600
 C       0.9233900       2.9188800      -0.2387800
 C       0.9119900       1.6162600      -0.6917000
 C      -0.3884700       1.0961700      -0.3799200
 C      -0.9907100      -0.1598600      -0.6112400
 C      -2.2934100      -0.3488300      -0.1758900
 C      -3.0067500       0.6890100       0.4756000
 C      -2.4343400       1.9274500       0.6986600
 C      -1.1161500       2.1232300       0.2616600
 H      -0.5512700       4.1231700       0.7000500
 H       1.7048300       3.6600700      -0.2917900
 H      -0.4355400      -0.9414900      -1.1075900
 H      -4.0205200       0.4834300       0.7903200
 H      -2.9944500       2.7117400       1.1915100
 O      -2.9946300      -1.5164300      -0.3183700
 C      -2.3446900      -2.5488500      -1.0472900
 H      -1.4191100      -2.8640500      -0.5620500
 H      -2.1204100      -2.2278200      -2.0667900
 H      -3.0429100      -3.3799700      -1.0728200
 C       2.0354500       0.8462700      -1.3148000
 C       2.9743200       0.2184300      -0.2685000
 N       2.2819600      -0.4998200       0.7891800
 C       1.6722700      -1.6976600       0.5647500
 C       0.8354200      -2.2126000       1.7175100
 H       2.6344700       1.4891100      -1.9641700
 H       1.6282800       0.0497100      -1.9376500
 H       3.5646400       0.9996200       0.2108900
 H       3.6569500      -0.4753600      -0.7577600
 H       1.9822700       0.0257900       1.5916000
 O       1.7868100      -2.3070800      -0.4926900
 H      -0.1802300      -1.8283300       1.6117200
 H       1.2264700      -1.8957200       2.6832700
 H       0.8053000      -3.2975700       1.6723400

No violations of the orthonormality
No violations of the orthonormality
 
PNOF8/ADABelief Calculation
==================
 
  Nitext  Nit_orb  Time   Nit_occ  Time         Eelec          Etot           Ediff      maxdiff    MaxGrad_orb  Grad_occ
     1      10    1.7e+03   11    2.4e+02 -1900.87679306  -669.24849290 -11899.87679306   1.027209   4.1e+00   2.4e-04 0.00
     2      10    1.7e+03    0    9.4e+01 -1900.99747414  -669.36917399    -0.12068108   1.027168   4.1e+00   2.4e-04 0.00
     3      30    3.5e+03  271    1.4e+03 -1977.17040628  -745.54210613   -76.17293214   0.527820   2.1e+00   1.8e-04 0.01
     4      30    3.1e+03   92    5.1e+02 -1989.77010359  -758.14180343   -12.59969731   0.685189   2.7e+00   3.1e-04 0.02
     5      30    3.1e+03   66    3.9e+02 -1992.33677357  -760.70847342    -2.56666999   0.106413   4.3e-01   3.0e-04 0.03
     6      30    3.0e+03   56    3.3e+02 -1993.48432338  -761.85602322    -1.14754981   0.509910   2.0e+00   3.1e-04 0.04
     7      30    3.1e+03    0    6.0e+01 -1993.49649788  -761.86819772    -0.01217450   0.509910   2.0e+00   3.1e-04 0.04
     8      50    5.0e+03   57    3.4e+02 -1994.80847724  -763.18017708    -1.31197936   0.054982   2.2e-01   2.7e-04 0.04
     9      50    5.0e+03   39    2.5e+02 -1995.11606934  -763.48776919    -0.30759211   0.078250   3.1e-01   2.7e-04 0.04
    10      50    5.0e+03   32    2.2e+02 -1995.27262696  -763.64432681    -0.15655762   0.089539   3.6e-01   3.0e-04 0.04
    11      50    5.1e+03   25    1.8e+02 -1995.39338152  -763.76508136    -0.12075456   0.092882   3.7e-01   3.7e-04 0.03
    12      50    5.1e+03   24    1.8e+02 -1995.48741581  -763.85911566    -0.09403429   0.088088   3.5e-01   3.4e-04 0.03
    13      50    5.1e+03   23    1.6e+02 -1995.54939492  -763.92109477    -0.06197911   0.073442   2.9e-01   3.2e-04 0.03
    14      50    5.0e+03   26    1.8e+02 -1995.59005726  -763.96175711    -0.04066234   0.052799   2.1e-01   2.8e-04 0.03
    15      50    5.1e+03   22    1.6e+02 -1995.61674008  -763.98843992    -0.02668281   0.029032   1.2e-01   3.4e-04 0.03
    16      50    5.1e+03   24    1.7e+02 -1995.63334117  -764.00504102    -0.01660109   0.020780   8.3e-02   3.0e-04 0.03
    17      50    5.0e+03   22    1.7e+02 -1995.64484022  -764.01654006    -0.01149905   0.028688   1.1e-01   2.8e-04 0.03
    18      50    5.0e+03   18    1.5e+02 -1995.65510394  -764.02680379    -0.01026373   0.020495   8.2e-02   2.7e-04 0.03
