Computing Integrals
Elapsed time:    3.87 Seconds

Number of basis functions                   (NBF)    = 130
Number of auxiliary basis functions         (NBFAUX) = 164
Inactive Doubly occupied orbitals up to     (NO1)    = 0
No. considered Strongly Doubly occupied MOs (NDOC)   = 8
No. considered Strongly Singly occupied MOs (NSOC)   = 0
NO. of Weakly occ. per St. Doubly occ.  MOs (NCWO)   = 15
Dimension of the Nat. Orb. subspace         (NBF5)   = 128
No. of electrons                                     = 16
    No. of alpha electrons                           = 8
    No. of beta electrons                            = 8
Multiplicity                                         = 1

Geometry
========
Si       0.0000000       0.0000000      -0.6948400
 H       1.0869200       0.0000000       0.3474200
 H      -1.0869200       0.0000000       0.3474200

No violations of the orthonormality
No violations of the orthonormality
 
PNOF8/ADAM Calculation
==================
 
  Nitext  Nit_orb  Time   Nit_occ  Time         Eelec          Etot           Ediff      maxdiff    Grad_orb  Grad_occ
0.06192079320767152
0.08630743327268404
     1      10    1.7e+01   26    3.0e+01  -300.39569315  -290.31293731 -10299.39569315   0.377488   3.1e+00   2.6e-04 0.04
0.002572364099678759
0.004040688425119294
     2      10    7.3e-01   15    2.6e-01  -300.43999207  -290.35723623    -0.04429892   0.230970   2.1e+00   2.4e-04 0.03
0.002562128937173426
0.0036591284838524605
     3      30    1.1e+00   15    2.7e-01  -300.48510306  -290.40234722    -0.04511099   0.042282   2.7e-01   2.6e-04 0.03
0.0013284873267032805
0.0020763167719529173
     4      30    1.8e+00   28    4.7e-01  -300.49140187  -290.40864603    -0.00629881   0.014073   1.7e-01   1.9e-04 0.03
0.001009572530749292
0.0014551188276973532
     5      30    1.7e+00   12    2.5e-01  -300.49449241  -290.41173657    -0.00309054   0.013053   1.7e-01   1.9e-04 0.02
0.0006654832876595851
0.000958710954370401
     6      30    1.9e+00   14    2.6e-01  -300.49673411  -290.41397827    -0.00224170   0.011199   1.4e-01   1.8e-04 0.02
0.00046667905112229846
0.0006463185397577077
     7      30    1.8e+00    9    1.5e-01  -300.49808026  -290.41532442    -0.00134615   0.012462   1.4e-01   1.7e-04 0.02
0.0003261798668962035
0.0004605942173264892
     8      30    1.4e+00    8    1.5e-01  -300.49895701  -290.41620117    -0.00087675   0.013967   1.4e-01   2.1e-04 0.02
0.0002134033548334413
0.00032982937345062195
     9      30    1.5e+00    8    1.4e-01  -300.49953993  -290.41678409    -0.00058293   0.011994   1.2e-01   1.8e-04 0.02
0.00013316346557434855
0.0002746955869625718
    10      30    1.7e+00   10    1.7e-01  -300.49987916  -290.41712332    -0.00033923   0.012032   1.3e-01   2.2e-04 0.02
0.00017543060568213364
0.00029395600784870454
    11      30    1.6e+00    6    1.2e-01  -300.50046791  -290.41771206    -0.00058874   0.010564   1.2e-01   2.7e-04 0.02
0.00012288384893510695
0.00022744326941859827
    12      30    2.0e+00    6    1.3e-01  -300.50102310  -290.41826726    -0.00055519   0.008348   1.0e-01   2.1e-04 0.02
0.00011659526028717782
0.00018539941040438104
    13      30    1.8e+00   10    2.0e-01  -300.50150806  -290.41875222    -0.00048496   0.012267   1.0e-01   1.3e-04 0.02
0.00010096651490987263
0.00017540052834701174
    14      30    1.6e+00    6    1.4e-01  -300.50207672  -290.41932088    -0.00056866   0.007643   7.3e-02   2.2e-04 0.02
0.00012369814104284949
0.0001789366337709656
    15      30    1.6e+00    6    1.6e-01  -300.50240770  -290.41965186    -0.00033098   0.006406   6.2e-02   1.8e-04 0.02
0.0001228942208854368
0.0002033910121847233
    16      30    1.2e+00    8    1.7e-01  -300.50246225  -290.41970641    -0.00005455   0.009524   9.1e-02   1.6e-04 0.02
7.22849745997383e-5
0.00014879063877408375
    17      30    1.5e+00    6    9.7e-02  -300.50230202  -290.41954617     0.00016024   0.011636   1.3e-01   1.5e-04 0.02
8.573295422105876e-5
0.00017347733465572707
    18      50    3.0e+00    6    1.4e-01  -300.50288483  -290.42012899    -0.00058282   0.002307   2.1e-02   1.6e-04 0.02
9.814243738088223e-5
0.00017944211135946265
    19      50    2.9e+00    6    1.1e-01  -300.50295414  -290.42019830    -0.00006931   0.002987   3.9e-02   1.8e-04 0.02
7.334693531461153e-5
0.0001354480369849481
    20      50    3.0e+00    3    9.6e-02  -300.50309753  -290.42034169    -0.00014339   0.002919   3.3e-02   2.5e-04 0.02
8.404781009213949e-5
0.00019146053230314832
    21      50    3.0e+00    8    1.1e-01  -300.50321212  -290.42045628    -0.00011459   0.002339   3.3e-02   2.2e-04 0.02
8.468396455418858e-5
0.00016191448321188672
    22      50    2.8e+00    4    1.4e-01  -300.50337147  -290.42061563    -0.00015935   0.002948   3.8e-02   1.6e-04 0.02
8.352230366881486e-5
0.00015916586713951298
    23      50    2.3e+00    4    1.0e-01  -300.50354032  -290.42078448    -0.00016885   0.002760   3.6e-02   2.1e-04 0.02
6.158595000060885e-5
0.00013824110220164414
    24      50    2.8e+00    4    1.2e-01  -300.50371900  -290.42096316    -0.00017868   0.002569   3.5e-02   2.3e-04 0.02
7.062667747624249e-5
0.00014886422179492316
    25      50    2.8e+00   15    2.5e-01  -300.50389154  -290.42113570    -0.00017254   0.002926   3.8e-02   2.1e-04 0.02
6.71119183478508e-5
0.00011026234764128647
    26      50    2.7e+00    4    9.8e-02  -300.50411881  -290.42136297    -0.00022727   0.002792   3.8e-02   1.8e-04 0.02
6.036080341109695e-5
0.00011268433925162954
    27      50    2.5e+00    8    2.0e-01  -300.50426934  -290.42151350    -0.00015053   0.002776   3.9e-02   1.8e-04 0.02
3.457373006754416e-5
7.889678715219104e-5
    28      50    2.8e+00    8    1.3e-01  -300.50444160  -290.42168576    -0.00017226   0.002759   4.2e-02   1.7e-04 0.02
2.703233659606674e-5
5.691210485626301e-5
    29      50    6.8e+00    4    8.1e-02  -300.50459976  -290.42184392    -0.00015816   0.002410   3.8e-02   1.9e-04 0.02
2.5253210607004584e-5
6.222868453894285e-5
    30      50    2.7e+00    5    1.3e-01  -300.50470834  -290.42195250    -0.00010858   0.002193   3.6e-02   2.4e-04 0.02
4.61748599465241e-5
9.90559436024277e-5
    31      50    2.7e+00    4    1.2e-01  -300.50480917  -290.42205333    -0.00010083   0.002053   3.3e-02   2.2e-04 0.02
0.0
0.0
    32      50    2.9e+00    0    2.3e-02  -300.50485820  -290.42210236    -0.00004903   0.002113   3.3e-02   2.1e-04 0.02
0.0
0.0
    33      60    3.8e+00    0    5.0e-02  -300.50490015  -290.42214431    -0.00004195   0.001980   2.6e-02   2.5e-04 0.02
4.5656105089593967e-5
7.988131349163841e-5
    34      70    4.4e+00    4    1.1e-01  -300.50491851  -290.42216266    -0.00001836   0.001915   2.3e-02   2.1e-04 0.02
1.6833647269121066e-5
3.1595840672808756e-5
    35      70    3.3e+00    1    2.7e-02  -300.50493809  -290.42218224    -0.00001958   0.001992   2.3e-02   1.7e-04 0.02
0.0
0.0
    36      70    3.0e+00    0    4.4e-02  -300.50494806  -290.42219221    -0.00000997   0.001690   2.1e-02   1.9e-04 0.02
2.2697212053390814e-5
5.251857551047448e-5
    37      80    4.0e+00    4    1.5e-01  -300.50495697  -290.42220113    -0.00000891   0.001710   2.0e-02   2.0e-04 0.02
2.399523119565335e-5
6.0021829088012105e-5
    38      80    4.9e+00    7    1.2e-01  -300.50497202  -290.42221618    -0.00001506   0.001784   1.9e-02   1.4e-04 0.02
1.5661605087702313e-5
3.299302832006407e-5
    39      80    4.5e+00    2    6.0e-02  -300.50500011  -290.42224427    -0.00002809   0.001683   1.9e-02   1.8e-04 0.02
2.5698167302357078e-5
4.5899986462319317e-5
    40      80    5.2e+00    3    9.5e-02  -300.50501431  -290.42225847    -0.00001420   0.001702   2.0e-02   2.0e-04 0.02
3.633964615024077e-5
7.182114160380232e-5
    41      80    4.4e+00    4    7.1e-02  -300.50504912  -290.42229328    -0.00003481   0.001674   1.9e-02   1.1e-04 0.02
3.82553629474959e-5
7.110336694171017e-5
    42      80    4.3e+00    4    7.4e-02  -300.50508642  -290.42233058    -0.00003730   0.001782   2.1e-02   1.1e-04 0.02
2.7015263891039254e-5
4.471835416347721e-5
    43      80    4.7e+00    2    5.6e-02  -300.50511997  -290.42236413    -0.00003354   0.001741   1.8e-02   2.3e-04 0.02
3.4156279486708546e-5
6.850862443290374e-5
    44      80    4.9e+00    4    1.1e-01  -300.50513506  -290.42237922    -0.00001510   0.001753   1.9e-02   1.1e-04 0.02
2.4756339309428554e-5
4.7403284856683915e-5
    45      80    4.0e+00    4    1.1e-01  -300.50515291  -290.42239707    -0.00001784   0.001662   1.7e-02   1.1e-04 0.02
0.0
0.0
    46      80    4.1e+00    0    5.8e-02  -300.50515991  -290.42240407    -0.00000700   0.001714   1.8e-02   1.7e-04 0.02
0.0
0.0
    47      90    4.8e+00    0    8.2e-02  -300.50516742  -290.42241158    -0.00000751   0.001579   1.6e-02   1.8e-04 0.02
1.7012657285708777e-5
3.214529251768806e-5
    48     100    5.3e+00    2    1.3e-01  -300.50516881  -290.42241297    -0.00000139   0.001465   1.5e-02   1.5e-04 0.02
0.0
0.0
    49     100    5.3e+00    0    4.1e-02  -300.50517304  -290.42241720    -0.00000423   0.001447   1.4e-02   1.4e-04 0.02
0.0
0.0
    50     110    5.7e+00    0    6.6e-02  -300.50517469  -290.42241884    -0.00000164   0.001276   1.2e-02   1.4e-04 0.02
0.0
0.0
    51     120    6.9e+00    0    5.6e-02  -300.50517643  -290.42242058    -0.00000174   0.001329   1.1e-02   1.4e-04 0.02
0.0
0.0
    52     130    8.1e+00    0    2.7e-02  -300.50517777  -290.42242193    -0.00000134   0.001116   1.0e-02   1.5e-04 0.02
0.0
0.0
    53     140    6.9e+00    0    4.8e-02  -300.50517967  -290.42242382    -0.00000190   0.000996   8.9e-03   1.5e-04 0.02
0.0
0.0
    54     150    9.2e+00    0    5.9e-02  -300.50517982  -290.42242398    -0.00000016   0.000860   8.6e-03   1.5e-04 0.02
0.0
0.0
    55     160    9.7e+00    0    6.1e-02  -300.50518106  -290.42242522    -0.00000124   0.000787   7.6e-03   1.5e-04 0.02
0.0
0.0
    56     170    8.6e+00    0    5.3e-02  -300.50518175  -290.42242591    -0.00000069   0.000665   6.8e-03   1.5e-04 0.02
2.656684879309701e-5
3.4238771305812994e-5
    57     180    1.0e+01    1    4.2e-02  -300.50518259  -290.42242675    -0.00000083   0.000594   5.9e-03   1.4e-04 0.02
0.0
0.0
    58     180    8.8e+00    0    5.0e-02  -300.50518313  -290.42242729    -0.00000055   0.000584   5.7e-03   1.1e-04 0.02
0.0
0.0
    59     190    1.0e+01    0    7.1e-02  -300.50518369  -290.42242785    -0.00000056   0.000523   5.2e-03   1.1e-04 0.02
0.0
0.0
    60     200    1.1e+01    0    2.2e-02  -300.50518472  -290.42242888    -0.00000103   0.000474   4.8e-03   1.1e-04 0.02
0.0
0.0
    61     210    1.1e+01    0    9.1e-02  -300.50518536  -290.42242952    -0.00000064   0.000428   4.1e-03   1.1e-04 0.02
0.0
0.0
    62     220    1.3e+01    0    2.4e-02  -300.50518563  -290.42242979    -0.00000027   0.000376   3.7e-03   1.1e-04 0.02
0.0
0.0
    63     230    1.3e+01    0    5.6e-02  -300.50518597  -290.42243013    -0.00000034   0.000342   3.0e-03   1.1e-04 0.02
0.0
0.0
    64     240    1.3e+01    0    2.4e-02  -300.50518535  -290.42242951     0.00000062   0.000473   4.0e-03   1.1e-04 0.02
0.0
0.0
    65     270    1.6e+01    0    2.7e-02  -300.50518666  -290.42243082    -0.00000131   0.000149   1.2e-03   1.1e-04 0.02
0.0
0.0
    66     280    1.5e+01    0    4.2e-02  -300.50518661  -290.42243077     0.00000005   0.000177   1.4e-03   1.1e-04 0.02
0.0
0.0
    67     207    1.2e+01    0    4.3e-02  -300.50518671  -290.42243087    -0.00000010   0.000100   9.2e-04   1.1e-04 0.02
 
RESULTS OF THE OCCUPATION OPTIMIZATION
========================================
   1    1.9999991  -68.85519853
   2    1.9997507  -6.16635451
   3    1.9966084  -4.26998546
   4    1.9964076  -4.26749835
   5    1.9961640  -4.26489097
   6    1.9720770  -0.52926928
   7    1.9683023  -0.52082768
   8    1.9753914  -0.47850062
   9    0.0126289  -0.02312328
  10    0.0168441  -0.02443360
  11    0.0155089  -0.02474720
  12    0.0017771  -0.01225801
  13    0.0017831  -0.01212267
  14    0.0019557  -0.01547914
  15    0.0001513  -0.00300508
  16    0.0000008  -0.00000621
  17    0.0074328  -0.02100672
  18    0.0054301  -0.00772150
  19    0.0037871  -0.00638855
  20    0.0012832  -0.00908002
  21    0.0016159  -0.01195539
  22    0.0013841  -0.00958366
  23    0.0000736  -0.00128525
  24    0.0000001  -0.00000041
  25    0.0021634  -0.00707393
  26    0.0045443  -0.00630034
  27    0.0036817  -0.00589575
  28    0.0007578  -0.00876873
  29    0.0001438  -0.00152927
  30    0.0000083  -0.00004996
  31    0.0000204  -0.00063161
  32    0.0000000  -0.00000018
  33    0.0008677  -0.00211289
  34    0.0038938  -0.00523093
  35    0.0021488  -0.00537806
  36    0.0000107  -0.00007363
  37    0.0000172  -0.00036627
  38    0.0000061  -0.00004150
  39    0.0000011  -0.00000616
  40    0.0000000  -0.00000009
  41    0.0004676  -0.00105887
  42    0.0001686  -0.00032838
  43    0.0010771  -0.00184347
  44    0.0000012  -0.00000890
  45    0.0000057  -0.00003684
  46    0.0000053  -0.00003758
  47    0.0000006  -0.00000355
  48    0.0000000  -0.00000006
  49    0.0004022  -0.00083163
  50    0.0001419  -0.00029825
  51    0.0005119  -0.00099546
  52    0.0000007  -0.00000575
  53    0.0000052  -0.00018983
  54    0.0000051  -0.00032386
  55    0.0000005  -0.00000254
  56    0.0000000  -0.00000005
  57    0.0003145  -0.00083726
  58    0.0001291  -0.00025139
  59    0.0002322  -0.00043334
  60    0.0000007  -0.00000476
  61    0.0000039  -0.00002963
  62    0.0000048  -0.00006304
  63    0.0000003  -0.00000193
  64    0.0000000  -0.00000004
  65    0.0000863  -0.00022980
  66    0.0001067  -0.00025028
  67    0.0002296  -0.00046636
  68    0.0000007  -0.00000468
  69    0.0000037  -0.00002628
  70    0.0000042  -0.00003026
  71    0.0000003  -0.00000137
  72    0.0000000  -0.00000004
  73    0.0000542  -0.00014775
  74    0.0000895  -0.00020165
  75    0.0001832  -0.00037666
  76    0.0000006  -0.00000383
  77    0.0000037  -0.00006367
  78    0.0000037  -0.00002668
  79    0.0000002  -0.00000135
  80    0.0000000  -0.00000003
  81    0.0000490  -0.00013557
  82    0.0000781  -0.00018409
  83    0.0001568  -0.00046629
  84    0.0000006  -0.00000336
  85    0.0000027  -0.00002869
  86    0.0000035  -0.00002990
  87    0.0000002  -0.00000130
  88    0.0000000  -0.00000002
  89    0.0000365  -0.00011584
  90    0.0000688  -0.00015824
  91    0.0001169  -0.00026681
  92    0.0000006  -0.00000333
  93    0.0000018  -0.00001315
  94    0.0000030  -0.00002290
  95    0.0000002  -0.00000123
  96    0.0000000  -0.00000002
  97    0.0000311  -0.00010216
  98    0.0000572  -0.00013577
  99    0.0000882  -0.00023953
 100    0.0000005  -0.00000281
 101    0.0000016  -0.00001258
 102    0.0000028  -0.00001979
 103    0.0000002  -0.00000111
 104    0.0000000  -0.00000002
 105    0.0000267  -0.00008030
 106    0.0000553  -0.00012526
 107    0.0000772  -0.00018970
 108    0.0000005  -0.00000268
 109    0.0000016  -0.00001461
 110    0.0000021  -0.00001791
 111    0.0000002  -0.00000049
 112    0.0000000  -0.00000002
 113    0.0000250  -0.00006677
 114    0.0000501  -0.00012293
 115    0.0000705  -0.00016597
 116    0.0000005  -0.00000241
 117    0.0000013  -0.00000929
 118    0.0000016  -0.00001317
 119    0.0000002  -0.00000056
 120    0.0000000  -0.00000002
 121    0.0000228  -0.00005878
 122    0.0000403  -0.00010872
 123    0.0000528  -0.00013241
 124    0.0000005  -0.00000225
 125    0.0000012  -0.00000699
 126    0.0000014  -0.00000960
 127    0.0000002  -0.00000058
 128    0.0000000  -0.00000002
 
----------------
 Final Energies 
----------------
Final NOF Total Energy =    -290.4224309
 
Total Orbital Internal Iterations = 5967
Total Occupation Internal Iterations = 318
 
Elapsed time:  429.28 Seconds

---------------------------------
   Lowdin Population Analysis    
---------------------------------
 Idx  Atom   Population   Charge 
---------------------------------
  1    Si    13.639       0.361
  2     H     1.181      -0.181
  3     H     1.180      -0.180

---------------------------------
   M Diagnostic: 0.02
---------------------------------

