Computing Integrals
Elapsed time:   24.46 Seconds

Number of basis functions                   (NBF)    = 699
Number of auxiliary basis functions         (NBFAUX) = 705
Inactive Doubly occupied orbitals up to     (NO1)    = 0
No. considered Strongly Doubly occupied MOs (NDOC)   = 26
No. considered Strongly Singly occupied MOs (NSOC)   = 0
NO. of Weakly occ. per St. Doubly occ.  MOs (NCWO)   = 25
Dimension of the Nat. Orb. subspace         (NBF5)   = 676
No. of electrons                                     = 52
    No. of alpha electrons                           = 26
    No. of beta electrons                            = 26
Multiplicity                                         = 1

Geometry
========
 C      -0.3176000       0.2024100      -1.1199000
 C       0.5158800       1.3778300      -0.6663900
 C       0.5158800       1.3778300       0.6663900
 C      -0.3176000       0.2024100       1.1199000
 C      -1.3650500       0.1599500       0.0000000
 C       0.5135500      -1.0649400      -0.7737300
 C       0.5135500      -1.0649400       0.7737300
 H      -0.6831800       0.2356200      -2.1456800
 H       1.1024100       2.0112800      -1.3203200
 H       1.1024100       2.0112800       1.3203200
 H      -0.6831800       0.2356200       2.1456800
 H      -2.0206300       1.0324600       0.0000000
 H      -1.9608000      -0.7575800       0.0000000
 H       0.0252400      -1.9591500      -1.1690500
 H       1.5169400      -1.0204700      -1.1994300
 H       0.0252400      -1.9591500       1.1690500
 H       1.5169400      -1.0204700       1.1994300

No violations of the orthonormality
No violations of the orthonormality
 
PNOF8/ADAM Calculation
==================
 
  Nitext  Nit_orb  Time   Nit_occ  Time         Eelec          Etot           Ediff      maxdiff    Grad_orb  Grad_occ
0.08522305012930198
0.12102032457904462
     1      10    1.4e+02   37    7.4e+01  -581.50198485  -271.96914314 -10580.50198485   0.289063   4.8e+00   2.1e-04 0.04
0.0015634883677287832
0.005196879249476321
     2      30    4.3e+02   31    3.4e+01  -581.87646414  -272.34362243    -0.37447929   0.169341   2.1e+00   2.6e-04 0.04
0.00041220186204665114
0.0016773671106376235
     3      30    4.5e+02   18    2.3e+01  -581.89805626  -272.36521455    -0.02159212   0.049808   3.9e-01   3.2e-04 0.03
0.00022683249062049882
0.0008843570183833425
     4      30    4.7e+02   14    1.9e+01  -581.90576339  -272.37292168    -0.00770713   0.043206   3.7e-01   3.8e-04 0.03
0.00024288127263985266
0.0007404895128483248
     5      30    4.8e+02   20    2.5e+01  -581.91047773  -272.37763602    -0.00471434   0.008495   2.0e-01   2.8e-04 0.03
0.00014019717515512359
0.000533958136004513
     6      30    4.2e+02    9    1.6e+01  -581.91364074  -272.38079903    -0.00316301   0.008010   1.9e-01   2.8e-04 0.03
0.00014721820430962929
0.00048190759700274954
     7      30    2.8e+02   11    1.7e+01  -581.91540317  -272.38256146    -0.00176243   0.007976   1.7e-01   2.5e-04 0.03
0.00012449538752157263
0.0003181635211143846
     8      30    3.5e+02    6    1.2e+01  -581.91626064  -272.38341893    -0.00085747   0.007518   1.7e-01   2.8e-04 0.03
8.437525731819218e-5
0.00026690004340608687
     9      30    4.5e+02    5    1.1e+01  -581.91623895  -272.38339724     0.00002170   0.012859   2.0e-01   2.3e-04 0.03
7.20895281107949e-5
0.00022522284759944435
    10      50    7.1e+02    5    1.1e+01  -581.91864837  -272.38580666    -0.00240942   0.001249   2.4e-02   2.5e-04 0.03
8.01781724363898e-5
0.0002416393694412293
    11      50    7.3e+02    5    1.1e+01  -581.91882936  -272.38598765    -0.00018100   0.002620   5.1e-02   2.8e-04 0.03
0.00010874569467142449
0.00028017534081473805
    12      50    7.8e+02    5    1.1e+01  -581.91912120  -272.38627949    -0.00029184   0.002332   4.8e-02   2.9e-04 0.03
0.00010992996714365155
0.00029927183134835093
    13      50    6.2e+02    5    1.1e+01  -581.91943797  -272.38659625    -0.00031676   0.002299   4.4e-02   2.7e-04 0.03
0.00010295176162244957
0.00025324033195753563
    14      50    7.9e+02   13    1.9e+01  -581.91973871  -272.38689700    -0.00030075   0.002404   4.2e-02   1.9e-04 0.03
8.180557624548612e-5
0.00023036017771728694
    15      50    7.2e+02    5    1.1e+01  -581.92004907  -272.38720736    -0.00031036   0.007390   6.7e-02   1.9e-04 0.03
7.146360471022755e-5
0.0002017148540057068
    16      50    5.8e+02    5    9.6e+00  -581.92023100  -272.38738928    -0.00018192   0.001860   3.5e-02   1.9e-04 0.03
6.376283212071671e-5
0.0001674570303661211
    17      50    7.4e+02    5    8.2e+00  -581.92036200  -272.38752029    -0.00013100   0.001555   3.0e-02   1.8e-04 0.03
5.91600332799265e-5
0.00014689937014578618
    18      50    7.2e+02    3    7.2e+00  -581.92044918  -272.38760747    -0.00008718   0.001403   2.7e-02   2.1e-04 0.03
4.523887266999591e-5
0.00012667877199722016
    19      50    7.5e+02    3    7.1e+00  -581.92048819  -272.38764648    -0.00003901   0.001496   2.8e-02   1.8e-04 0.03
4.393551412773533e-5
0.00011518872701044992
    20      50    3.7e+02    1    4.9e+00  -581.92052134  -272.38767963    -0.00003315   0.002365   3.4e-02   2.4e-04 0.03
0.0
0.0
    21      50    3.2e+02    0    4.1e+00  -581.92053341  -272.38769170    -0.00001207   0.001544   3.0e-02   3.1e-04 0.03
5.018918948218598e-5
0.00012151495883009116
    22      60    3.7e+02    1    4.8e+00  -581.92056187  -272.38772016    -0.00002846   0.000959   2.0e-02   3.2e-04 0.03
0.0
0.0
    23      60    4.1e+02    0    4.7e+00  -581.92056555  -272.38772384    -0.00000368   0.001222   2.1e-02   2.7e-04 0.03
0.0
0.0
    24      70    4.8e+02    0    4.8e+00  -581.92058287  -272.38774116    -0.00001732   0.000729   1.5e-02   2.8e-04 0.03
0.0
0.0
    25      80    5.4e+02    0    4.9e+00  -581.92059379  -272.38775207    -0.00001092   0.004036   2.6e-02   3.0e-04 0.03
0.0
0.0
    26      90    6.1e+02    0    4.7e+00  -581.92059905  -272.38775734    -0.00000526   0.000420   5.6e-03   3.1e-04 0.03
0.0
0.0
    27     100    6.8e+02    0    5.0e+00  -581.92060203  -272.38776032    -0.00000298   0.000299   3.7e-03   3.2e-04 0.03
5.9226690765666785e-5
0.0001482073601630456
    28     110    7.6e+02    3    6.9e+00  -581.92060473  -272.38776302    -0.00000270   0.001402   9.0e-03   2.4e-04 0.03
4.100582193322655e-5
0.00011896403396485443
    29     110    7.5e+02    1    5.5e+00  -581.92062162  -272.38777991    -0.00001689   0.017246   9.8e-02   2.6e-04 0.03
0.0
0.0
    30     110    7.6e+02    0    4.9e+00  -581.92062141  -272.38777970     0.00000021   0.011038   1.2e-01   2.5e-04 0.03
0.0
0.0
    31     119    7.9e+02    0    4.2e+00  -581.92063677  -272.38779506    -0.00001537   0.000099   1.2e-03   2.6e-04 0.03
 
RESULTS OF THE OCCUPATION OPTIMIZATION
========================================
   1    1.9999583  -11.23190911
   2    1.9999569  -11.23139163
   3    1.9999601  -11.22542891
   4    1.9999606  -11.22483265
   5    1.9999621  -11.22441212
   6    1.9999599  -11.22368857
   7    1.9999612  -11.22318364
   8    1.9793171  -0.90667363
   9    1.9756692  -0.71574328
  10    1.9753594  -0.71189962
  11    1.9749304  -0.70706576
  12    1.9767073  -0.70244527
  13    1.9743692  -0.70229392
  14    1.9757411  -0.69517237
  15    1.9763043  -0.69414063
  16    1.9753040  -0.69319205
  17    1.9739745  -0.68048742
  18    1.9729396  -0.67677542
  19    1.9749029  -0.67191118
  20    1.9730553  -0.67001526
  21    1.9733305  -0.66852766
  22    1.9723296  -0.66761543
  23    1.9749515  -0.66648990
  24    1.9731007  -0.66415299
  25    1.9724905  -0.66264841
  26    1.9630745  -0.39637006
  27    0.0317975  -0.03551948
  28    0.0202090  -0.03081390
  29    0.0154353  -0.02117486
  30    0.0147378  -0.02082229
  31    0.0203860  -0.03113565
  32    0.0153681  -0.02119844
  33    0.0192446  -0.03036249
  34    0.0150834  -0.02100348
  35    0.0147603  -0.02088790
  36    0.0150057  -0.02116238
  37    0.0132157  -0.01988910
  38    0.0135361  -0.02016601
  39    0.0132197  -0.01985033
  40    0.0186396  -0.03057970
  41    0.0139592  -0.02050260
  42    0.0183060  -0.03036121
  43    0.0190001  -0.03064312
  44    0.0188176  -0.03065239
  45    0.0122250  -0.02451107
  46    0.0000316  -0.00072026
  47    0.0000308  -0.00071048
  48    0.0000313  -0.00071560
  49    0.0000328  -0.00075524
  50    0.0000324  -0.00073007
  51    0.0000323  -0.00073237
  52    0.0000336  -0.00076112
  53    0.0047727  -0.00702113
  54    0.0041387  -0.00771139
  55    0.0044178  -0.00707144
  56    0.0046710  -0.00774671
  57    0.0041805  -0.00769906
  58    0.0046863  -0.00776196
  59    0.0039826  -0.00773421
  60    0.0045081  -0.00732535
  61    0.0043584  -0.00761387
  62    0.0042684  -0.00739172
  63    0.0036620  -0.00660725
  64    0.0041235  -0.00718536
  65    0.0040200  -0.00732150
  66    0.0025643  -0.00555174
  67    0.0040694  -0.00698753
  68    0.0022941  -0.00517736
  69    0.0019566  -0.00622868
  70    0.0017797  -0.00517683
  71    0.0043906  -0.01004729
  72    0.0000027  -0.00005386
  73    0.0000033  -0.00007346
  74    0.0000018  -0.00001464
  75    0.0000020  -0.00001560
  76    0.0000027  -0.00006154
  77    0.0000037  -0.00007889
  78    0.0000035  -0.00007899
  79    0.0001665  -0.00040744
  80    0.0010545  -0.00270572
  81    0.0038114  -0.00635013
  82    0.0020971  -0.00437679
  83    0.0010812  -0.00265153
  84    0.0033543  -0.00576203
  85    0.0016184  -0.00456559
  86    0.0021024  -0.00433065
  87    0.0036672  -0.00623473
  88    0.0028443  -0.00520770
  89    0.0026990  -0.00520422
  90    0.0020483  -0.00625550
  91    0.0028011  -0.00541913
  92    0.0017132  -0.00487515
  93    0.0021033  -0.00562308
  94    0.0014321  -0.00519114
  95    0.0010347  -0.00312269
  96    0.0011461  -0.00323613
  97    0.0009145  -0.00459356
  98    0.0000021  -0.00001963
  99    0.0000029  -0.00005468
 100    0.0000017  -0.00001265
 101    0.0000017  -0.00001330
 102    0.0000017  -0.00001261
 103    0.0000031  -0.00006815
 104    0.0000016  -0.00001264
 105    0.0001363  -0.00034240
 106    0.0008755  -0.00217955
 107    0.0014093  -0.00290061
 108    0.0011076  -0.00264265
 109    0.0009388  -0.00230924
 110    0.0012075  -0.00256588
 111    0.0009387  -0.00247162
 112    0.0012377  -0.00295314
 113    0.0025628  -0.00477943
 114    0.0019714  -0.00414295
 115    0.0019868  -0.00423355
 116    0.0014861  -0.00420449
 117    0.0017428  -0.00580837
 118    0.0009284  -0.00267851
 119    0.0012079  -0.00336468
 120    0.0010399  -0.00304963
 121    0.0008754  -0.00267979
 122    0.0009906  -0.00414284
 123    0.0008721  -0.00311868
 124    0.0000013  -0.00001148
 125    0.0000015  -0.00001093
 126    0.0000016  -0.00001632
 127    0.0000015  -0.00001356
 128    0.0000016  -0.00001165
 129    0.0000023  -0.00001590
 130    0.0000016  -0.00001185
 131    0.0000165  -0.00005955
 132    0.0005377  -0.00134391
 133    0.0003592  -0.00099207
 134    0.0008987  -0.00308064
 135    0.0004074  -0.00109935
 136    0.0005409  -0.00138364
 137    0.0004977  -0.00129629
 138    0.0004541  -0.00120334
 139    0.0003643  -0.00100187
 140    0.0004318  -0.00123074
 141    0.0013543  -0.00484267
 142    0.0011094  -0.00284049
 143    0.0006950  -0.00165562
 144    0.0008334  -0.00251600
 145    0.0003725  -0.00165757
 146    0.0008353  -0.00264476
 147    0.0007664  -0.00211402
 148    0.0008896  -0.00253569
 149    0.0005918  -0.00191816
 150    0.0000010  -0.00004784
 151    0.0000011  -0.00005966
 152    0.0000011  -0.00005639
 153    0.0000010  -0.00004717
 154    0.0000011  -0.00005203
 155    0.0000012  -0.00005972
 156    0.0000010  -0.00004954
 157    0.0000104  -0.00003635
 158    0.0003769  -0.00101843
 159    0.0003380  -0.00101659
 160    0.0003548  -0.00109928
 161    0.0002412  -0.00068792
 162    0.0003862  -0.00107838
 163    0.0002802  -0.00090385
 164    0.0003561  -0.00114974
 165    0.0003282  -0.00096137
 166    0.0003357  -0.00097061
 167    0.0004277  -0.00124075
 168    0.0003332  -0.00131131
 169    0.0004136  -0.00119939
 170    0.0004427  -0.00134068
 171    0.0003405  -0.00138492
 172    0.0006129  -0.00167204
 173    0.0006081  -0.00159784
 174    0.0002956  -0.00098497
 175    0.0005016  -0.00184325
 176    0.0000001  -0.00000129
 177    0.0000002  -0.00000237
 178    0.0000002  -0.00000220
 179    0.0000001  -0.00000199
 180    0.0000002  -0.00000244
 181    0.0000001  -0.00000206
 182    0.0000001  -0.00000154
 183    0.0000061  -0.00001869
 184    0.0000886  -0.00029202
 185    0.0002756  -0.00078511
 186    0.0002751  -0.00081825
 187    0.0001109  -0.00036821
 188    0.0002706  -0.00075248
 189    0.0000985  -0.00032713
 190    0.0003428  -0.00124381
 191    0.0002224  -0.00064300
 192    0.0002712  -0.00084464
 193    0.0003774  -0.00126382
 194    0.0002662  -0.00090192
 195    0.0003609  -0.00124084
 196    0.0001085  -0.00037935
 197    0.0003190  -0.00121938
 198    0.0001238  -0.00041487
 199    0.0000927  -0.00031414
 200    0.0000996  -0.00034684
 201    0.0003886  -0.00228261
 202    0.0000000  -0.00000098
 203    0.0000001  -0.00000137
 204    0.0000001  -0.00000175
 205    0.0000001  -0.00000134
 206    0.0000001  -0.00000162
 207    0.0000001  -0.00000188
 208    0.0000000  -0.00000093
 209    0.0000034  -0.00001054
 210    0.0000573  -0.00019613
 211    0.0002208  -0.00061590
 212    0.0002012  -0.00077136
 213    0.0000789  -0.00025415
 214    0.0002101  -0.00058753
 215    0.0000724  -0.00023588
 216    0.0003312  -0.00110424
 217    0.0001919  -0.00056208
 218    0.0002025  -0.00060540
 219    0.0002326  -0.00067438
 220    0.0002060  -0.00081435
 221    0.0002841  -0.00103050
 222    0.0001064  -0.00036287
 223    0.0002438  -0.00076434
 224    0.0000996  -0.00034415
 225    0.0000687  -0.00024636
 226    0.0000970  -0.00031635
 227    0.0001710  -0.00096548
 228    0.0000000  -0.00000063
 229    0.0000000  -0.00000077
 230    0.0000000  -0.00000105
 231    0.0000000  -0.00000082
 232    0.0000000  -0.00000112
 233    0.0000000  -0.00000103
 234    0.0000000  -0.00000070
 235    0.0000022  -0.00000654
 236    0.0000405  -0.00015418
 237    0.0001643  -0.00050792
 238    0.0001707  -0.00053083
 239    0.0000529  -0.00017866
 240    0.0001926  -0.00056147
 241    0.0000486  -0.00017399
 242    0.0001833  -0.00054676
 243    0.0001537  -0.00046574
 244    0.0001821  -0.00057865
 245    0.0001757  -0.00061510
 246    0.0001650  -0.00056715
 247    0.0001884  -0.00057426
 248    0.0000791  -0.00027492
 249    0.0001715  -0.00058473
 250    0.0000767  -0.00027720
 251    0.0000520  -0.00018160
 252    0.0000490  -0.00017453
 253    0.0001258  -0.00063705
 254    0.0000000  -0.00000062
 255    0.0000000  -0.00000054
 256    0.0000000  -0.00000051
 257    0.0000000  -0.00000054
 258    0.0000000  -0.00000065
 259    0.0000000  -0.00000068
 260    0.0000000  -0.00000055
 261    0.0000016  -0.00000437
 262    0.0000386  -0.00014482
 263    0.0001308  -0.00040169
 264    0.0001381  -0.00047958
 265    0.0000336  -0.00012896
 266    0.0001055  -0.00033278
 267    0.0000372  -0.00013843
 268    0.0001466  -0.00046939
 269    0.0001212  -0.00039523
 270    0.0001233  -0.00040562
 271    0.0001240  -0.00047860
 272    0.0001041  -0.00035486
 273    0.0001252  -0.00044429
 274    0.0000456  -0.00016895
 275    0.0001343  -0.00054456
 276    0.0000628  -0.00022000
 277    0.0000433  -0.00015659
 278    0.0000434  -0.00016192
 279    0.0000997  -0.00039583
 280    0.0000000  -0.00000031
 281    0.0000000  -0.00000047
 282    0.0000000  -0.00000031
 283    0.0000000  -0.00000045
 284    0.0000000  -0.00000046
 285    0.0000000  -0.00000065
 286    0.0000000  -0.00000051
 287    0.0000016  -0.00000434
 288    0.0000307  -0.00012007
 289    0.0000748  -0.00023431
 290    0.0000854  -0.00027055
 291    0.0000331  -0.00012361
 292    0.0000724  -0.00023146
 293    0.0000355  -0.00013732
 294    0.0000851  -0.00027610
 295    0.0000677  -0.00022688
 296    0.0000870  -0.00027883
 297    0.0001018  -0.00034417
 298    0.0000780  -0.00025988
 299    0.0000949  -0.00033171
 300    0.0000435  -0.00015573
 301    0.0001051  -0.00037716
 302    0.0000496  -0.00018019
 303    0.0000322  -0.00013012
 304    0.0000327  -0.00013526
 305    0.0000638  -0.00023829
 306    0.0000000  -0.00000020
 307    0.0000000  -0.00000041
 308    0.0000000  -0.00000031
 309    0.0000000  -0.00000036
 310    0.0000000  -0.00000041
 311    0.0000000  -0.00000056
 312    0.0000000  -0.00000047
 313    0.0000013  -0.00000405
 314    0.0000135  -0.00005896
 315    0.0000685  -0.00022611
 316    0.0000775  -0.00025229
 317    0.0000228  -0.00009159
 318    0.0000580  -0.00019575
 319    0.0000314  -0.00012098
 320    0.0000621  -0.00022012
 321    0.0000585  -0.00019956
 322    0.0000655  -0.00022787
 323    0.0000968  -0.00033202
 324    0.0000697  -0.00024387
 325    0.0000857  -0.00029784
 326    0.0000374  -0.00014344
 327    0.0000574  -0.00020708
 328    0.0000402  -0.00014983
 329    0.0000211  -0.00009265
 330    0.0000295  -0.00011847
 331    0.0000453  -0.00018160
 332    0.0000000  -0.00000018
 333    0.0000000  -0.00000033
 334    0.0000000  -0.00000026
 335    0.0000000  -0.00000033
 336    0.0000000  -0.00000028
 337    0.0000000  -0.00000033
 338    0.0000000  -0.00000046
 339    0.0000013  -0.00000399
 340    0.0000098  -0.00004531
 341    0.0000473  -0.00016726
 342    0.0000514  -0.00018000
 343    0.0000198  -0.00008288
 344    0.0000459  -0.00016754
 345    0.0000146  -0.00006385
 346    0.0000449  -0.00016629
 347    0.0000572  -0.00019373
 348    0.0000561  -0.00018610
 349    0.0000570  -0.00021036
 350    0.0000434  -0.00016872
 351    0.0000622  -0.00021436
 352    0.0000183  -0.00007811
 353    0.0000486  -0.00017634
 354    0.0000253  -0.00011041
 355    0.0000178  -0.00008214
 356    0.0000129  -0.00006210
 357    0.0000412  -0.00016544
 358    0.0000000  -0.00000015
 359    0.0000000  -0.00000028
 360    0.0000000  -0.00000024
 361    0.0000000  -0.00000028
 362    0.0000000  -0.00000022
 363    0.0000000  -0.00000031
 364    0.0000000  -0.00000046
 365    0.0000010  -0.00000379
 366    0.0000066  -0.00003285
 367    0.0000378  -0.00014067
 368    0.0000429  -0.00016400
 369    0.0000132  -0.00005675
 370    0.0000361  -0.00013894
 371    0.0000112  -0.00005056
 372    0.0000405  -0.00015349
 373    0.0000344  -0.00013235
 374    0.0000370  -0.00013860
 375    0.0000403  -0.00014671
 376    0.0000299  -0.00012161
 377    0.0000326  -0.00013431
 378    0.0000141  -0.00006199
 379    0.0000360  -0.00014544
 380    0.0000166  -0.00007446
 381    0.0000142  -0.00006576
 382    0.0000092  -0.00004533
 383    0.0000318  -0.00014032
 384    0.0000000  -0.00000014
 385    0.0000000  -0.00000023
 386    0.0000000  -0.00000021
 387    0.0000000  -0.00000023
 388    0.0000000  -0.00000019
 389    0.0000000  -0.00000031
 390    0.0000000  -0.00000045
 391    0.0000010  -0.00000384
 392    0.0000059  -0.00002769
 393    0.0000190  -0.00007908
 394    0.0000316  -0.00012722
 395    0.0000129  -0.00005514
 396    0.0000303  -0.00011927
 397    0.0000099  -0.00004577
 398    0.0000355  -0.00013447
 399    0.0000274  -0.00010995
 400    0.0000313  -0.00012256
 401    0.0000310  -0.00012585
 402    0.0000222  -0.00009742
 403    0.0000280  -0.00011722
 404    0.0000109  -0.00005013
 405    0.0000266  -0.00011560
 406    0.0000125  -0.00005950
 407    0.0000126  -0.00005897
 408    0.0000079  -0.00004050
 409    0.0000317  -0.00013452
 410    0.0000000  -0.00000013
 411    0.0000000  -0.00000021
 412    0.0000000  -0.00000017
 413    0.0000000  -0.00000019
 414    0.0000000  -0.00000019
 415    0.0000000  -0.00000028
 416    0.0000000  -0.00000041
 417    0.0000008  -0.00000338
 418    0.0000055  -0.00002637
 419    0.0000187  -0.00007805
 420    0.0000271  -0.00010884
 421    0.0000088  -0.00004212
 422    0.0000252  -0.00010213
 423    0.0000044  -0.00001839
 424    0.0000170  -0.00007441
 425    0.0000158  -0.00006465
 426    0.0000222  -0.00009302
 427    0.0000242  -0.00010259
 428    0.0000147  -0.00006825
 429    0.0000240  -0.00010445
 430    0.0000079  -0.00004023
 431    0.0000204  -0.00009509
 432    0.0000105  -0.00005016
 433    0.0000086  -0.00004213
 434    0.0000072  -0.00003600
 435    0.0000269  -0.00012293
 436    0.0000000  -0.00000012
 437    0.0000000  -0.00000019
 438    0.0000000  -0.00000017
 439    0.0000000  -0.00000019
 440    0.0000000  -0.00000016
 441    0.0000000  -0.00000027
 442    0.0000000  -0.00000042
 443    0.0000008  -0.00000343
 444    0.0000038  -0.00001587
 445    0.0000165  -0.00006979
 446    0.0000203  -0.00008548
 447    0.0000088  -0.00004231
 448    0.0000202  -0.00008658
 449    0.0000034  -0.00001471
 450    0.0000147  -0.00006439
 451    0.0000143  -0.00005995
 452    0.0000189  -0.00008129
 453    0.0000184  -0.00008115
 454    0.0000122  -0.00005849
 455    0.0000191  -0.00008346
 456    0.0000073  -0.00003687
 457    0.0000142  -0.00006633
 458    0.0000062  -0.00003242
 459    0.0000071  -0.00003765
 460    0.0000048  -0.00002474
 461    0.0000247  -0.00011332
 462    0.0000000  -0.00000011
 463    0.0000000  -0.00000017
 464    0.0000000  -0.00000013
 465    0.0000000  -0.00000016
 466    0.0000000  -0.00000012
 467    0.0000000  -0.00000025
 468    0.0000000  -0.00000042
 469    0.0000007  -0.00000341
 470    0.0000028  -0.00001176
 471    0.0000115  -0.00005245
 472    0.0000150  -0.00006659
 473    0.0000067  -0.00003135
 474    0.0000128  -0.00005483
 475    0.0000032  -0.00001284
 476    0.0000100  -0.00004666
 477    0.0000125  -0.00005385
 478    0.0000163  -0.00007176
 479    0.0000171  -0.00007492
 480    0.0000101  -0.00004798
 481    0.0000146  -0.00006771
 482    0.0000069  -0.00003410
 483    0.0000121  -0.00005755
 484    0.0000050  -0.00002510
 485    0.0000060  -0.00003181
 486    0.0000042  -0.00002163
 487    0.0000243  -0.00010841
 488    0.0000000  -0.00000009
 489    0.0000000  -0.00000015
 490    0.0000000  -0.00000012
 491    0.0000000  -0.00000015
 492    0.0000000  -0.00000012
 493    0.0000000  -0.00000023
 494    0.0000000  -0.00000039
 495    0.0000007  -0.00000317
 496    0.0000025  -0.00001072
 497    0.0000103  -0.00004521
 498    0.0000126  -0.00005607
 499    0.0000063  -0.00003009
 500    0.0000115  -0.00005089
 501    0.0000022  -0.00000920
 502    0.0000092  -0.00004314
 503    0.0000099  -0.00004379
 504    0.0000130  -0.00005551
 505    0.0000113  -0.00005193
 506    0.0000076  -0.00003995
 507    0.0000133  -0.00006154
 508    0.0000064  -0.00003331
 509    0.0000121  -0.00005722
 510    0.0000043  -0.00002022
 511    0.0000047  -0.00002368
 512    0.0000027  -0.00001373
 513    0.0000232  -0.00010421
 514    0.0000000  -0.00000010
 515    0.0000000  -0.00000013
 516    0.0000000  -0.00000012
 517    0.0000000  -0.00000015
 518    0.0000000  -0.00000010
 519    0.0000000  -0.00000024
 520    0.0000000  -0.00000039
 521    0.0000006  -0.00000314
 522    0.0000023  -0.00000922
 523    0.0000074  -0.00003585
 524    0.0000067  -0.00003490
 525    0.0000056  -0.00002518
 526    0.0000094  -0.00004241
 527    0.0000021  -0.00000858
 528    0.0000083  -0.00004050
 529    0.0000087  -0.00003945
 530    0.0000096  -0.00004364
 531    0.0000099  -0.00004769
 532    0.0000076  -0.00003904
 533    0.0000096  -0.00004680
 534    0.0000046  -0.00002177
 535    0.0000105  -0.00004927
 536    0.0000036  -0.00001625
 537    0.0000037  -0.00001689
 538    0.0000026  -0.00001225
 539    0.0000193  -0.00008810
 540    0.0000000  -0.00000007
 541    0.0000000  -0.00000011
 542    0.0000000  -0.00000012
 543    0.0000000  -0.00000012
 544    0.0000000  -0.00000009
 545    0.0000000  -0.00000023
 546    0.0000000  -0.00000039
 547    0.0000006  -0.00000304
 548    0.0000021  -0.00000825
 549    0.0000069  -0.00003199
 550    0.0000066  -0.00003312
 551    0.0000049  -0.00002067
 552    0.0000080  -0.00003681
 553    0.0000019  -0.00000755
 554    0.0000071  -0.00003674
 555    0.0000061  -0.00002884
 556    0.0000093  -0.00004300
 557    0.0000094  -0.00004450
 558    0.0000064  -0.00003290
 559    0.0000061  -0.00003482
 560    0.0000042  -0.00001743
 561    0.0000073  -0.00003935
 562    0.0000031  -0.00001410
 563    0.0000037  -0.00001780
 564    0.0000021  -0.00000946
 565    0.0000180  -0.00009174
 566    0.0000000  -0.00000008
 567    0.0000000  -0.00000010
 568    0.0000000  -0.00000012
 569    0.0000000  -0.00000009
 570    0.0000000  -0.00000008
 571    0.0000000  -0.00000020
 572    0.0000000  -0.00000039
 573    0.0000005  -0.00000286
 574    0.0000019  -0.00000727
 575    0.0000062  -0.00002955
 576    0.0000062  -0.00003104
 577    0.0000047  -0.00002046
 578    0.0000062  -0.00003030
 579    0.0000017  -0.00000629
 580    0.0000051  -0.00002441
 581    0.0000053  -0.00002385
 582    0.0000082  -0.00003857
 583    0.0000084  -0.00004061
 584    0.0000051  -0.00002497
 585    0.0000058  -0.00003022
 586    0.0000029  -0.00001348
 587    0.0000061  -0.00003312
 588    0.0000028  -0.00001316
 589    0.0000030  -0.00001376
 590    0.0000018  -0.00000772
 591    0.0000143  -0.00007313
 592    0.0000000  -0.00000008
 593    0.0000000  -0.00000010
 594    0.0000000  -0.00000011
 595    0.0000000  -0.00000008
 596    0.0000000  -0.00000008
 597    0.0000000  -0.00000018
 598    0.0000000  -0.00000038
 599    0.0000005  -0.00000279
 600    0.0000018  -0.00000702
 601    0.0000053  -0.00002470
 602    0.0000051  -0.00002490
 603    0.0000041  -0.00001667
 604    0.0000046  -0.00001835
 605    0.0000015  -0.00000519
 606    0.0000041  -0.00001791
 607    0.0000049  -0.00001971
 608    0.0000062  -0.00003043
 609    0.0000055  -0.00002789
 610    0.0000039  -0.00001814
 611    0.0000047  -0.00002412
 612    0.0000020  -0.00000871
 613    0.0000054  -0.00002906
 614    0.0000026  -0.00001168
 615    0.0000027  -0.00001256
 616    0.0000017  -0.00000698
 617    0.0000136  -0.00006836
 618    0.0000000  -0.00000007
 619    0.0000000  -0.00000008
 620    0.0000000  -0.00000010
 621    0.0000000  -0.00000008
 622    0.0000000  -0.00000008
 623    0.0000000  -0.00000016
 624    0.0000000  -0.00000038
 625    0.0000005  -0.00000256
 626    0.0000016  -0.00000578
 627    0.0000039  -0.00001567
 628    0.0000048  -0.00002337
 629    0.0000039  -0.00001554
 630    0.0000042  -0.00001677
 631    0.0000014  -0.00000518
 632    0.0000041  -0.00001759
 633    0.0000047  -0.00001912
 634    0.0000050  -0.00002161
 635    0.0000054  -0.00002565
 636    0.0000037  -0.00001785
 637    0.0000041  -0.00001841
 638    0.0000019  -0.00000792
 639    0.0000052  -0.00002745
 640    0.0000022  -0.00001006
 641    0.0000027  -0.00001224
 642    0.0000017  -0.00000640
 643    0.0000125  -0.00006329
 644    0.0000000  -0.00000007
 645    0.0000000  -0.00000007
 646    0.0000000  -0.00000010
 647    0.0000000  -0.00000007
 648    0.0000000  -0.00000007
 649    0.0000000  -0.00000014
 650    0.0000000  -0.00000037
 651    0.0000004  -0.00000258
 652    0.0000014  -0.00000512
 653    0.0000028  -0.00001159
 654    0.0000033  -0.00001419
 655    0.0000035  -0.00001441
 656    0.0000025  -0.00000975
 657    0.0000012  -0.00000467
 658    0.0000038  -0.00001621
 659    0.0000026  -0.00001067
 660    0.0000037  -0.00001582
 661    0.0000042  -0.00001877
 662    0.0000034  -0.00001622
 663    0.0000035  -0.00001584
 664    0.0000014  -0.00000511
 665    0.0000042  -0.00002027
 666    0.0000018  -0.00000720
 667    0.0000024  -0.00001040
 668    0.0000015  -0.00000566
 669    0.0000116  -0.00005632
 670    0.0000000  -0.00000007
 671    0.0000000  -0.00000006
 672    0.0000000  -0.00000007
 673    0.0000000  -0.00000006
 674    0.0000000  -0.00000007
 675    0.0000000  -0.00000015
 676    0.0000000  -0.00000035
 
----------------
 Final Energies 
----------------
Final NOF Total Energy =    -272.3877951
 
Total Orbital Internal Iterations = 1759
Total Occupation Internal Iterations = 211
 
Elapsed time: 18641.06 Seconds

---------------------------------
   Lowdin Population Analysis    
---------------------------------
 Idx  Atom   Population   Charge 
---------------------------------
  1     C     6.024      -0.024
  2     C     5.899       0.101
  3     C     5.900       0.100
  4     C     6.024      -0.024
  5     C     5.865       0.135
  6     C     5.865       0.135
  7     C     5.865       0.135
  8     H     1.056      -0.056
  9     H     1.077      -0.077
 10     H     1.077      -0.077
 11     H     1.056      -0.056
 12     H     1.044      -0.044
 13     H     1.041      -0.041
 14     H     1.051      -0.051
 15     H     1.053      -0.053
 16     H     1.051      -0.051
 17     H     1.053      -0.053

---------------------------------
   M Diagnostic: 0.03
---------------------------------

