Computing Integrals
Elapsed time:   21.90 Seconds

Number of basis functions                   (NBF)    = 639
Number of auxiliary basis functions         (NBFAUX) = 669
Inactive Doubly occupied orbitals up to     (NO1)    = 0
No. considered Strongly Doubly occupied MOs (NDOC)   = 25
No. considered Strongly Singly occupied MOs (NSOC)   = 0
NO. of Weakly occ. per St. Doubly occ.  MOs (NCWO)   = 24
Dimension of the Nat. Orb. subspace         (NBF5)   = 625
No. of electrons                                     = 50
    No. of alpha electrons                           = 25
    No. of beta electrons                            = 25
Multiplicity                                         = 1

Geometry
========
 C       0.0000000      -1.1149200      -0.2125400
 C       1.2331500      -0.6640100       0.5765000
 C       1.2331500       0.6640100       0.5765000
 C       0.0000000       1.1149200      -0.2125400
 C       0.0000000       0.0000000      -1.2851300
 C      -1.2331500      -0.6640100       0.5765000
 C      -1.2331500       0.6640100       0.5765000
 H       0.0000000      -2.1486100      -0.5535400
 H       1.9213200      -1.3297500       1.0792900
 H       1.9213200       1.3297500       1.0792900
 H       0.0000000       2.1486100      -0.5535400
 H      -0.9003000       0.0000000      -1.9029200
 H       0.9003000       0.0000000      -1.9029200
 H      -1.9213200      -1.3297500       1.0792900
 H      -1.9213200       1.3297500       1.0792900

No violations of the orthonormality
No violations of the orthonormality
 
PNOF8/ADAM Calculation
==================
 
  Nitext  Nit_orb  Time   Nit_occ  Time         Eelec          Etot           Ediff      maxdiff    Grad_orb  Grad_occ
0.08841614729447789
0.1736513552350526
     1      10    1.4e+02   36    7.0e+01  -559.89903845  -270.64944750 -10558.89903845   1.189666   8.2e+00   2.8e-04 0.04
0.0014806474915661713
0.005058180402913545
     2      30    3.0e+02   32    3.2e+01  -560.34190889  -271.09231794    -0.44287045   0.046926   4.4e-01   2.1e-04 0.04
0.00046254075107699574
0.0017345369089320514
     3      30    3.2e+02   18    1.9e+01  -560.36028443  -271.11069348    -0.01837553   0.016432   2.2e-01   3.0e-04 0.04
0.0002524440562409261
0.0008552807165777536
     4      30    3.4e+02   16    2.0e+01  -560.36864461  -271.11905366    -0.00836019   0.008199   2.0e-01   2.8e-04 0.04
0.00019963952143630748
0.0006939793689535209
     5      30    3.2e+02    8    1.1e+01  -560.37300545  -271.12341450    -0.00436084   0.008683   2.0e-01   3.4e-04 0.04
0.00021728888862793116
0.0005711502984766455
     6      30    2.9e+02    5    1.2e+01  -560.37594800  -271.12635705    -0.00294254   0.012239   2.0e-01   4.4e-04 0.04
0.0001664155998358785
0.00048184555813894723
     7      30    3.4e+02   13    1.5e+01  -560.37782444  -271.12823349    -0.00187645   0.007194   1.7e-01   2.8e-04 0.04
0.0001145706330966112
0.0003437614344913931
     8      30    1.5e+02    5    7.5e+00  -560.37895192  -271.12936097    -0.00112748   0.006216   1.7e-01   2.3e-04 0.04
0.00015105148249450195
0.0003427452654364787
     9      30    1.5e+02   13    1.4e+01  -560.37918562  -271.12959467    -0.00023370   0.008880   1.9e-01   2.6e-04 0.04
9.496629382965693e-5
0.0002727050433035045
    10      50    2.4e+02    3    6.0e+00  -560.38154848  -271.13195753    -0.00236285   0.002207   2.7e-02   3.4e-04 0.04
0.00012788764174787026
0.00027542134692352716
    11      50    2.5e+02    3    6.0e+00  -560.38172840  -271.13213745    -0.00017993   0.002380   4.9e-02   2.9e-04 0.04
0.00010660432039200085
0.00026087594195723827
    12      50    2.4e+02    3    6.0e+00  -560.38198678  -271.13239583    -0.00025838   0.002089   4.4e-02   3.3e-04 0.04
9.548680839588375e-5
0.00022643944519765328
    13      50    2.4e+02    6    8.1e+00  -560.38217548  -271.13258453    -0.00018870   0.002030   4.6e-02   2.3e-04 0.04
8.894557227834277e-5
0.00019296608845142417
    14      50    2.4e+02    5    7.3e+00  -560.38239993  -271.13280898    -0.00022444   0.001768   4.1e-02   2.6e-04 0.04
8.420379165796632e-5
0.0001863310365388074
    15      50    2.6e+02    5    8.1e+00  -560.38257862  -271.13298767    -0.00017869   0.001930   3.9e-02   2.5e-04 0.04
8.483906102929595e-5
0.0001752825661617
    16      50    2.7e+02    5    8.2e+00  -560.38273553  -271.13314458    -0.00015690   0.011195   7.9e-02   2.4e-04 0.04
7.744750718030602e-5
0.00016813057633392864
    17      50    2.7e+02    5    7.9e+00  -560.38285190  -271.13326095    -0.00011637   0.001511   3.0e-02   2.4e-04 0.04
7.321862702469595e-5
0.0001563589684413277
    18      50    2.8e+02    5    7.6e+00  -560.38293762  -271.13334667    -0.00008572   0.001165   2.7e-02   2.6e-04 0.04
6.105326138827749e-5
0.00014165091263942223
    19      50    2.8e+02    1    4.9e+00  -560.38298883  -271.13339788    -0.00005121   0.001774   3.0e-02   2.0e-04 0.04
5.8302898025996974e-5
0.00010181629590943411
    20      50    2.7e+02    1    4.8e+00  -560.38299564  -271.13340469    -0.00000681   0.001633   3.2e-02   2.4e-04 0.04
3.189864737795922e-5
9.573327347375522e-5
    21      50    2.7e+02    5    8.1e+00  -560.38300814  -271.13341719    -0.00001250   0.001610   3.2e-02   1.7e-04 0.04
5.143351719882894e-5
8.559763115293711e-5
    22      50    2.8e+02    1    5.1e+00  -560.38305967  -271.13346872    -0.00005154   0.001381   2.9e-02   1.9e-04 0.04
5.0686354693499705e-5
0.0001237454311522703
    23      50    2.7e+02    3    6.4e+00  -560.38304459  -271.13345364     0.00001508   0.011442   1.0e-01   2.2e-04 0.04
4.617075053292563e-5
9.065240686121876e-5
    24      70    3.8e+02    1    5.0e+00  -560.38313196  -271.13354101    -0.00008736   0.000200   4.6e-03   2.1e-04 0.04
0.0
0.0
    25      70    3.9e+02    0    4.1e+00  -560.38314186  -271.13355091    -0.00000990   0.000344   5.8e-03   2.5e-04 0.04
3.650534028287874e-5
9.807191651625746e-5
    26      80    4.3e+02    5    7.7e+00  -560.38315137  -271.13356042    -0.00000952   0.000216   3.9e-03   1.5e-04 0.04
4.02331890235752e-5
7.664762213024595e-5
    27      80    4.4e+02    1    4.7e+00  -560.38318667  -271.13359572    -0.00003529   0.000207   4.1e-03   1.9e-04 0.04
0.0
0.0
    28      80    4.4e+02    0    4.1e+00  -560.38320139  -271.13361044    -0.00001473   0.000204   4.0e-03   2.4e-04 0.04
6.657657136629417e-5
0.00013233140326535545
    29      90    4.9e+02    3    6.4e+00  -560.38321369  -271.13362274    -0.00001230   0.000165   3.2e-03   2.0e-04 0.04
4.3930117170964955e-5
8.35443532643954e-5
    30      90    4.9e+02    1    4.8e+00  -560.38324014  -271.13364919    -0.00002644   0.000124   2.1e-03   2.3e-04 0.04
0.0
0.0
    31      90    4.9e+02    0    5.2e+00  -560.38325118  -271.13366023    -0.00001105   0.000578   3.9e-03   2.4e-04 0.04
3.8168824420314884e-5
0.0001036497687794274
    32     100    5.5e+02    3    6.4e+00  -560.38325688  -271.13366593    -0.00000570   0.000217   2.4e-03   1.6e-04 0.04
3.911767268227617e-5
7.67909419397882e-5
    33     100    7.3e+02    1    4.3e+00  -560.38327805  -271.13368710    -0.00002116   0.000100   1.6e-03   2.0e-04 0.04
0.0
0.0
    34      99    6.0e+02    0    4.1e+00  -560.38328287  -271.13369192    -0.00000483   0.000097   1.8e-03   2.3e-04 0.04
 
RESULTS OF THE OCCUPATION OPTIMIZATION
========================================
   1    1.9999626  -11.24044427
   2    1.9999616  -11.24004060
   3    1.9999643  -11.23254273
   4    1.9999632  -11.22695245
   5    1.9999633  -11.22590537
   6    1.9999630  -11.22571775
   7    1.9999634  -11.22558810
   8    1.9777251  -0.86825232
   9    1.9775751  -0.86604010
  10    1.9778154  -0.72238485
  11    1.9752752  -0.71274537
  12    1.9765663  -0.71260702
  13    1.9746138  -0.71237192
  14    1.9764152  -0.71233256
  15    1.9751967  -0.70862655
  16    1.9742103  -0.70736938
  17    1.9758814  -0.70334327
  18    1.9735192  -0.69807908
  19    1.9730334  -0.68930381
  20    1.9730921  -0.68380799
  21    1.9730628  -0.68221587
  22    1.9728391  -0.67073073
  23    1.9732856  -0.66928520
  24    1.9636655  -0.39803650
  25    1.9629095  -0.39752168
  26    0.0319287  -0.03540459
  27    0.0350740  -0.03747416
  28    0.0149592  -0.02088665
  29    0.0153495  -0.02116367
  30    0.0146253  -0.02086227
  31    0.0146587  -0.02088281
  32    0.0193721  -0.03088681
  33    0.0189689  -0.03061104
  34    0.0123184  -0.01927200
  35    0.0194106  -0.03119585
  36    0.0190142  -0.03050250
  37    0.0127788  -0.01963428
  38    0.0196033  -0.03140002
  39    0.0127220  -0.01951684
  40    0.0193214  -0.03084529
  41    0.0117048  -0.01899424
  42    0.0123939  -0.02445257
  43    0.0123450  -0.02440349
  44    0.0000288  -0.00067704
  45    0.0000294  -0.00069035
  46    0.0000283  -0.00066932
  47    0.0000290  -0.00067406
  48    0.0000299  -0.00069754
  49    0.0000287  -0.00066169
  50    0.0000296  -0.00067890
  51    0.0047774  -0.00693636
  52    0.0007182  -0.00138135
  53    0.0047739  -0.00799097
  54    0.0043980  -0.00706897
  55    0.0044912  -0.00807772
  56    0.0042740  -0.00781865
  57    0.0035663  -0.00703622
  58    0.0033629  -0.00672836
  59    0.0034518  -0.00654102
  60    0.0019844  -0.00508781
  61    0.0019315  -0.00628772
  62    0.0031162  -0.00586072
  63    0.0020942  -0.00500218
  64    0.0040267  -0.00748195
  65    0.0020045  -0.00613967
  66    0.0029538  -0.00554064
  67    0.0046333  -0.01020224
  68    0.0045923  -0.01041995
  69    0.0000027  -0.00005554
  70    0.0000030  -0.00007017
  71    0.0000032  -0.00007132
  72    0.0000029  -0.00006721
  73    0.0000017  -0.00001404
  74    0.0000035  -0.00007512
  75    0.0000028  -0.00006882
  76    0.0001767  -0.00042029
  77    0.0002337  -0.00051839
  78    0.0037101  -0.00627339
  79    0.0038277  -0.00636324
  80    0.0034754  -0.00601601
  81    0.0033275  -0.00582719
  82    0.0019188  -0.00470371
  83    0.0017412  -0.00477000
  84    0.0029851  -0.00546452
  85    0.0018122  -0.00430416
  86    0.0010445  -0.00283031
  87    0.0024496  -0.00520149
  88    0.0010527  -0.00286407
  89    0.0024236  -0.00503415
  90    0.0010944  -0.00299559
  91    0.0021855  -0.00515190
  92    0.0023181  -0.00546571
  93    0.0023091  -0.00549781
  94    0.0000021  -0.00001695
  95    0.0000019  -0.00001723
  96    0.0000023  -0.00002031
  97    0.0000020  -0.00001650
  98    0.0000015  -0.00001956
  99    0.0000027  -0.00004954
 100    0.0000019  -0.00001839
 101    0.0001224  -0.00031407
 102    0.0002190  -0.00049006
 103    0.0011454  -0.00251126
 104    0.0017951  -0.00352649
 105    0.0025724  -0.00484219
 106    0.0028185  -0.00510224
 107    0.0008799  -0.00233147
 108    0.0009094  -0.00254387
 109    0.0018859  -0.00459612
 110    0.0008685  -0.00256505
 111    0.0009312  -0.00289958
 112    0.0019787  -0.00418000
 113    0.0009105  -0.00278632
 114    0.0015059  -0.00576609
 115    0.0009996  -0.00320169
 116    0.0017258  -0.00486430
 117    0.0008369  -0.00284988
 118    0.0009147  -0.00308340
 119    0.0000016  -0.00001341
 120    0.0000015  -0.00001256
 121    0.0000013  -0.00001433
 122    0.0000015  -0.00001218
 123    0.0000014  -0.00001133
 124    0.0000020  -0.00001571
 125    0.0000017  -0.00001461
 126    0.0000369  -0.00011510
 127    0.0000236  -0.00007446
 128    0.0005463  -0.00145876
 129    0.0003675  -0.00101718
 130    0.0003462  -0.00099633
 131    0.0003563  -0.00098156
 132    0.0004123  -0.00116568
 133    0.0005387  -0.00148584
 134    0.0011549  -0.00451381
 135    0.0007798  -0.00202077
 136    0.0008123  -0.00238826
 137    0.0012572  -0.00490897
 138    0.0007847  -0.00209111
 139    0.0007109  -0.00162429
 140    0.0005166  -0.00145253
 141    0.0011182  -0.00440283
 142    0.0007813  -0.00265049
 143    0.0007622  -0.00287707
 144    0.0000010  -0.00005391
 145    0.0000010  -0.00005282
 146    0.0000011  -0.00005504
 147    0.0000010  -0.00005150
 148    0.0000009  -0.00004448
 149    0.0000011  -0.00005376
 150    0.0000010  -0.00005000
 151    0.0000099  -0.00003413
 152    0.0000176  -0.00006093
 153    0.0003993  -0.00104215
 154    0.0003069  -0.00091898
 155    0.0002989  -0.00086381
 156    0.0003108  -0.00094428
 157    0.0003384  -0.00104090
 158    0.0003526  -0.00094987
 159    0.0007613  -0.00287459
 160    0.0003781  -0.00099557
 161    0.0006185  -0.00158678
 162    0.0005453  -0.00156871
 163    0.0004250  -0.00125172
 164    0.0005003  -0.00139372
 165    0.0003025  -0.00100991
 166    0.0009554  -0.00432371
 167    0.0003951  -0.00188637
 168    0.0003994  -0.00236540
 169    0.0000001  -0.00000230
 170    0.0000001  -0.00000168
 171    0.0000001  -0.00000228
 172    0.0000001  -0.00000222
 173    0.0000001  -0.00000194
 174    0.0000002  -0.00000318
 175    0.0000001  -0.00000135
 176    0.0000080  -0.00002586
 177    0.0000055  -0.00001896
 178    0.0002926  -0.00080324
 179    0.0002685  -0.00073954
 180    0.0002407  -0.00068296
 181    0.0002479  -0.00070274
 182    0.0001270  -0.00041705
 183    0.0002330  -0.00072838
 184    0.0004837  -0.00134114
 185    0.0001674  -0.00054204
 186    0.0001043  -0.00035729
 187    0.0003547  -0.00146382
 188    0.0001193  -0.00042522
 189    0.0003668  -0.00140220
 190    0.0001272  -0.00043895
 191    0.0003763  -0.00169627
 192    0.0003168  -0.00169729
 193    0.0002461  -0.00094204
 194    0.0000000  -0.00000119
 195    0.0000001  -0.00000145
 196    0.0000001  -0.00000183
 197    0.0000001  -0.00000149
 198    0.0000000  -0.00000119
 199    0.0000001  -0.00000163
 200    0.0000000  -0.00000124
 201    0.0000056  -0.00001771
 202    0.0000055  -0.00001854
 203    0.0002069  -0.00059500
 204    0.0002142  -0.00057695
 205    0.0002302  -0.00065209
 206    0.0002298  -0.00065653
 207    0.0000827  -0.00028978
 208    0.0000871  -0.00029293
 209    0.0003193  -0.00111480
 210    0.0000959  -0.00031618
 211    0.0000878  -0.00031485
 212    0.0002660  -0.00092213
 213    0.0000961  -0.00035051
 214    0.0003033  -0.00101901
 215    0.0000894  -0.00031773
 216    0.0003158  -0.00141181
 217    0.0002149  -0.00095956
 218    0.0001157  -0.00053987
 219    0.0000000  -0.00000090
 220    0.0000000  -0.00000093
 221    0.0000000  -0.00000109
 222    0.0000000  -0.00000075
 223    0.0000000  -0.00000091
 224    0.0000000  -0.00000117
 225    0.0000000  -0.00000082
 226    0.0000045  -0.00001500
 227    0.0000045  -0.00001492
 228    0.0002041  -0.00056330
 229    0.0001530  -0.00044106
 230    0.0001548  -0.00049290
 231    0.0001918  -0.00057150
 232    0.0000647  -0.00022487
 233    0.0000716  -0.00024956
 234    0.0001566  -0.00056021
 235    0.0000708  -0.00024974
 236    0.0000650  -0.00023043
 237    0.0002329  -0.00080878
 238    0.0000638  -0.00023260
 239    0.0002179  -0.00075624
 240    0.0000723  -0.00026144
 241    0.0002039  -0.00081836
 242    0.0001609  -0.00082991
 243    0.0001073  -0.00042005
 244    0.0000000  -0.00000056
 245    0.0000000  -0.00000071
 246    0.0000000  -0.00000056
 247    0.0000000  -0.00000063
 248    0.0000000  -0.00000051
 249    0.0000000  -0.00000083
 250    0.0000000  -0.00000073
 251    0.0000023  -0.00000865
 252    0.0000038  -0.00001344
 253    0.0001247  -0.00041116
 254    0.0000931  -0.00029998
 255    0.0001295  -0.00040271
 256    0.0001150  -0.00035261
 257    0.0000559  -0.00019727
 258    0.0000484  -0.00017986
 259    0.0001421  -0.00055221
 260    0.0000532  -0.00019364
 261    0.0000450  -0.00017116
 262    0.0001328  -0.00055259
 263    0.0000571  -0.00019703
 264    0.0001554  -0.00058072
 265    0.0000576  -0.00020694
 266    0.0001698  -0.00069479
 267    0.0001014  -0.00034974
 268    0.0000969  -0.00036055
 269    0.0000000  -0.00000045
 270    0.0000000  -0.00000042
 271    0.0000000  -0.00000048
 272    0.0000000  -0.00000045
 273    0.0000000  -0.00000052
 274    0.0000000  -0.00000066
 275    0.0000000  -0.00000069
 276    0.0000022  -0.00000784
 277    0.0000032  -0.00001128
 278    0.0000617  -0.00021453
 279    0.0000906  -0.00029030
 280    0.0000687  -0.00023320
 281    0.0000856  -0.00028029
 282    0.0000376  -0.00014759
 283    0.0000420  -0.00015405
 284    0.0001101  -0.00041267
 285    0.0000370  -0.00014249
 286    0.0000358  -0.00013992
 287    0.0001163  -0.00039350
 288    0.0000449  -0.00016167
 289    0.0001207  -0.00048700
 290    0.0000398  -0.00015298
 291    0.0001185  -0.00049064
 292    0.0000463  -0.00018194
 293    0.0000943  -0.00034301
 294    0.0000000  -0.00000030
 295    0.0000000  -0.00000034
 296    0.0000000  -0.00000043
 297    0.0000000  -0.00000042
 298    0.0000000  -0.00000028
 299    0.0000000  -0.00000047
 300    0.0000000  -0.00000061
 301    0.0000021  -0.00000651
 302    0.0000031  -0.00001062
 303    0.0000544  -0.00018707
 304    0.0000703  -0.00022731
 305    0.0000648  -0.00021688
 306    0.0000693  -0.00023024
 307    0.0000345  -0.00013519
 308    0.0000340  -0.00013240
 309    0.0000967  -0.00034042
 310    0.0000336  -0.00013050
 311    0.0000323  -0.00013463
 312    0.0000959  -0.00035184
 313    0.0000369  -0.00014508
 314    0.0001073  -0.00039552
 315    0.0000266  -0.00011174
 316    0.0001006  -0.00034265
 317    0.0000450  -0.00017820
 318    0.0000755  -0.00030445
 319    0.0000000  -0.00000026
 320    0.0000000  -0.00000029
 321    0.0000000  -0.00000031
 322    0.0000000  -0.00000032
 323    0.0000000  -0.00000015
 324    0.0000000  -0.00000035
 325    0.0000000  -0.00000060
 326    0.0000017  -0.00000576
 327    0.0000028  -0.00000995
 328    0.0000412  -0.00015622
 329    0.0000641  -0.00020702
 330    0.0000571  -0.00019152
 331    0.0000599  -0.00021215
 332    0.0000168  -0.00006912
 333    0.0000212  -0.00008744
 334    0.0000546  -0.00020659
 335    0.0000202  -0.00008560
 336    0.0000233  -0.00010217
 337    0.0000781  -0.00028848
 338    0.0000277  -0.00011658
 339    0.0000560  -0.00020962
 340    0.0000164  -0.00007325
 341    0.0000606  -0.00023490
 342    0.0000380  -0.00015185
 343    0.0000431  -0.00016839
 344    0.0000000  -0.00000026
 345    0.0000000  -0.00000028
 346    0.0000000  -0.00000025
 347    0.0000000  -0.00000019
 348    0.0000000  -0.00000011
 349    0.0000000  -0.00000031
 350    0.0000000  -0.00000055
 351    0.0000015  -0.00000579
 352    0.0000027  -0.00000902
 353    0.0000361  -0.00014003
 354    0.0000385  -0.00014834
 355    0.0000391  -0.00014128
 356    0.0000361  -0.00013699
 357    0.0000118  -0.00005513
 358    0.0000148  -0.00006666
 359    0.0000461  -0.00017105
 360    0.0000159  -0.00006916
 361    0.0000124  -0.00005915
 362    0.0000379  -0.00014956
 363    0.0000133  -0.00006037
 364    0.0000409  -0.00015750
 365    0.0000124  -0.00005871
 366    0.0000417  -0.00016944
 367    0.0000324  -0.00013759
 368    0.0000382  -0.00015573
 369    0.0000000  -0.00000023
 370    0.0000000  -0.00000027
 371    0.0000000  -0.00000024
 372    0.0000000  -0.00000017
 373    0.0000000  -0.00000010
 374    0.0000000  -0.00000027
 375    0.0000000  -0.00000050
 376    0.0000015  -0.00000519
 377    0.0000025  -0.00000816
 378    0.0000262  -0.00010933
 379    0.0000305  -0.00011789
 380    0.0000354  -0.00013202
 381    0.0000310  -0.00012532
 382    0.0000098  -0.00004627
 383    0.0000141  -0.00006157
 384    0.0000285  -0.00011601
 385    0.0000117  -0.00005634
 386    0.0000091  -0.00004428
 387    0.0000321  -0.00013469
 388    0.0000119  -0.00005599
 389    0.0000361  -0.00014399
 390    0.0000094  -0.00004537
 391    0.0000320  -0.00013571
 392    0.0000257  -0.00011348
 393    0.0000288  -0.00012447
 394    0.0000000  -0.00000022
 395    0.0000000  -0.00000024
 396    0.0000000  -0.00000023
 397    0.0000000  -0.00000014
 398    0.0000000  -0.00000008
 399    0.0000000  -0.00000027
 400    0.0000000  -0.00000048
 401    0.0000013  -0.00000521
 402    0.0000021  -0.00000798
 403    0.0000253  -0.00010526
 404    0.0000194  -0.00008085
 405    0.0000209  -0.00009014
 406    0.0000221  -0.00009325
 407    0.0000095  -0.00004376
 408    0.0000107  -0.00005047
 409    0.0000259  -0.00011136
 410    0.0000100  -0.00004607
 411    0.0000070  -0.00003701
 412    0.0000244  -0.00010590
 413    0.0000099  -0.00004870
 414    0.0000313  -0.00012545
 415    0.0000061  -0.00003215
 416    0.0000258  -0.00011247
 417    0.0000159  -0.00007756
 418    0.0000279  -0.00012226
 419    0.0000000  -0.00000019
 420    0.0000000  -0.00000024
 421    0.0000000  -0.00000022
 422    0.0000000  -0.00000014
 423    0.0000000  -0.00000006
 424    0.0000000  -0.00000025
 425    0.0000000  -0.00000045
 426    0.0000013  -0.00000485
 427    0.0000019  -0.00000642
 428    0.0000234  -0.00009944
 429    0.0000154  -0.00006500
 430    0.0000196  -0.00008103
 431    0.0000174  -0.00006970
 432    0.0000066  -0.00003250
 433    0.0000071  -0.00003471
 434    0.0000216  -0.00009703
 435    0.0000087  -0.00004216
 436    0.0000059  -0.00003106
 437    0.0000187  -0.00008074
 438    0.0000085  -0.00004139
 439    0.0000248  -0.00010902
 440    0.0000053  -0.00002839
 441    0.0000223  -0.00009804
 442    0.0000133  -0.00006553
 443    0.0000197  -0.00009636
 444    0.0000000  -0.00000019
 445    0.0000000  -0.00000017
 446    0.0000000  -0.00000019
 447    0.0000000  -0.00000014
 448    0.0000000  -0.00000006
 449    0.0000000  -0.00000020
 450    0.0000000  -0.00000041
 451    0.0000011  -0.00000436
 452    0.0000018  -0.00000611
 453    0.0000169  -0.00007229
 454    0.0000139  -0.00005809
 455    0.0000169  -0.00006921
 456    0.0000141  -0.00006234
 457    0.0000060  -0.00002832
 458    0.0000047  -0.00002272
 459    0.0000183  -0.00007899
 460    0.0000073  -0.00003746
 461    0.0000049  -0.00002530
 462    0.0000176  -0.00008009
 463    0.0000062  -0.00003250
 464    0.0000181  -0.00008121
 465    0.0000046  -0.00002397
 466    0.0000181  -0.00008392
 467    0.0000119  -0.00005937
 468    0.0000130  -0.00006500
 469    0.0000000  -0.00000015
 470    0.0000000  -0.00000015
 471    0.0000000  -0.00000019
 472    0.0000000  -0.00000011
 473    0.0000000  -0.00000007
 474    0.0000000  -0.00000017
 475    0.0000000  -0.00000039
 476    0.0000011  -0.00000405
 477    0.0000017  -0.00000584
 478    0.0000161  -0.00006610
 479    0.0000122  -0.00005352
 480    0.0000134  -0.00005680
 481    0.0000100  -0.00004523
 482    0.0000037  -0.00001701
 483    0.0000041  -0.00001985
 484    0.0000181  -0.00008021
 485    0.0000071  -0.00003440
 486    0.0000044  -0.00002342
 487    0.0000151  -0.00006735
 488    0.0000048  -0.00002536
 489    0.0000176  -0.00007728
 490    0.0000043  -0.00002242
 491    0.0000165  -0.00007576
 492    0.0000118  -0.00005760
 493    0.0000118  -0.00006121
 494    0.0000000  -0.00000014
 495    0.0000000  -0.00000014
 496    0.0000000  -0.00000016
 497    0.0000000  -0.00000010
 498    0.0000000  -0.00000006
 499    0.0000000  -0.00000016
 500    0.0000000  -0.00000039
 501    0.0000010  -0.00000418
 502    0.0000016  -0.00000620
 503    0.0000140  -0.00005978
 504    0.0000106  -0.00004650
 505    0.0000091  -0.00004170
 506    0.0000091  -0.00004113
 507    0.0000032  -0.00001332
 508    0.0000034  -0.00001604
 509    0.0000105  -0.00005108
 510    0.0000044  -0.00002224
 511    0.0000034  -0.00001646
 512    0.0000120  -0.00005742
 513    0.0000040  -0.00001951
 514    0.0000140  -0.00006376
 515    0.0000036  -0.00001741
 516    0.0000112  -0.00005585
 517    0.0000098  -0.00005039
 518    0.0000110  -0.00005593
 519    0.0000000  -0.00000011
 520    0.0000000  -0.00000014
 521    0.0000000  -0.00000015
 522    0.0000000  -0.00000009
 523    0.0000000  -0.00000005
 524    0.0000000  -0.00000015
 525    0.0000000  -0.00000042
 526    0.0000009  -0.00000386
 527    0.0000015  -0.00000550
 528    0.0000101  -0.00004688
 529    0.0000072  -0.00003302
 530    0.0000080  -0.00003820
 531    0.0000084  -0.00003950
 532    0.0000029  -0.00001321
 533    0.0000033  -0.00001428
 534    0.0000091  -0.00004272
 535    0.0000036  -0.00001699
 536    0.0000029  -0.00001495
 537    0.0000073  -0.00003709
 538    0.0000037  -0.00001784
 539    0.0000119  -0.00005759
 540    0.0000032  -0.00001569
 541    0.0000095  -0.00004814
 542    0.0000079  -0.00004201
 543    0.0000076  -0.00004032
 544    0.0000000  -0.00000010
 545    0.0000000  -0.00000013
 546    0.0000000  -0.00000015
 547    0.0000000  -0.00000009
 548    0.0000000  -0.00000005
 549    0.0000000  -0.00000014
 550    0.0000000  -0.00000037
 551    0.0000008  -0.00000374
 552    0.0000015  -0.00000540
 553    0.0000098  -0.00004456
 554    0.0000056  -0.00002642
 555    0.0000075  -0.00003566
 556    0.0000057  -0.00002618
 557    0.0000025  -0.00001106
 558    0.0000028  -0.00001260
 559    0.0000078  -0.00003978
 560    0.0000033  -0.00001503
 561    0.0000028  -0.00001328
 562    0.0000065  -0.00003300
 563    0.0000030  -0.00001453
 564    0.0000087  -0.00004396
 565    0.0000029  -0.00001337
 566    0.0000078  -0.00004141
 567    0.0000063  -0.00003539
 568    0.0000058  -0.00003395
 569    0.0000000  -0.00000009
 570    0.0000000  -0.00000012
 571    0.0000000  -0.00000011
 572    0.0000000  -0.00000009
 573    0.0000000  -0.00000005
 574    0.0000000  -0.00000014
 575    0.0000000  -0.00000037
 576    0.0000008  -0.00000354
 577    0.0000014  -0.00000517
 578    0.0000083  -0.00004024
 579    0.0000049  -0.00002342
 580    0.0000065  -0.00003111
 581    0.0000052  -0.00002345
 582    0.0000020  -0.00000850
 583    0.0000026  -0.00001177
 584    0.0000068  -0.00003386
 585    0.0000032  -0.00001517
 586    0.0000027  -0.00001254
 587    0.0000060  -0.00003176
 588    0.0000027  -0.00001230
 589    0.0000075  -0.00004032
 590    0.0000028  -0.00001333
 591    0.0000054  -0.00003014
 592    0.0000041  -0.00002340
 593    0.0000058  -0.00003214
 594    0.0000000  -0.00000007
 595    0.0000000  -0.00000011
 596    0.0000000  -0.00000012
 597    0.0000000  -0.00000008
 598    0.0000000  -0.00000005
 599    0.0000000  -0.00000011
 600    0.0000000  -0.00000038
 601    0.0000007  -0.00000353
 602    0.0000013  -0.00000465
 603    0.0000082  -0.00003797
 604    0.0000043  -0.00001774
 605    0.0000058  -0.00002776
 606    0.0000038  -0.00001658
 607    0.0000017  -0.00000756
 608    0.0000023  -0.00001019
 609    0.0000056  -0.00002921
 610    0.0000027  -0.00001231
 611    0.0000020  -0.00000900
 612    0.0000048  -0.00002498
 613    0.0000020  -0.00000946
 614    0.0000058  -0.00003133
 615    0.0000020  -0.00000941
 616    0.0000052  -0.00002869
 617    0.0000037  -0.00001986
 618    0.0000036  -0.00001816
 619    0.0000000  -0.00000008
 620    0.0000000  -0.00000010
 621    0.0000000  -0.00000011
 622    0.0000000  -0.00000006
 623    0.0000000  -0.00000004
 624    0.0000000  -0.00000011
 625    0.0000000  -0.00000033
 
----------------
 Final Energies 
----------------
Final NOF Total Energy =    -271.1336919
 
Total Orbital Internal Iterations = 1899
Total Occupation Internal Iterations = 212
 
Elapsed time: 12387.24 Seconds

---------------------------------
   Lowdin Population Analysis    
---------------------------------
 Idx  Atom   Population   Charge 
---------------------------------
  1     C     6.011      -0.011
  2     C     5.896       0.104
  3     C     5.897       0.103
  4     C     6.011      -0.011
  5     C     5.855       0.145
  6     C     5.896       0.104
  7     C     5.897       0.103
  8     H     1.058      -0.058
  9     H     1.082      -0.082
 10     H     1.082      -0.082
 11     H     1.058      -0.058
 12     H     1.047      -0.047
 13     H     1.046      -0.046
 14     H     1.082      -0.082
 15     H     1.082      -0.082

---------------------------------
   M Diagnostic: 0.04
---------------------------------

