Computing Integrals
Elapsed time:    4.82 Seconds

Number of basis functions                   (NBF)    = 174
Number of auxiliary basis functions         (NBFAUX) = 186
Inactive Doubly occupied orbitals up to     (NO1)    = 0
No. considered Strongly Doubly occupied MOs (NDOC)   = 7
No. considered Strongly Singly occupied MOs (NSOC)   = 0
NO. of Weakly occ. per St. Doubly occ.  MOs (NCWO)   = 23
Dimension of the Nat. Orb. subspace         (NBF5)   = 168
No. of electrons                                     = 14
    No. of alpha electrons                           = 7
    No. of beta electrons                            = 7
Multiplicity                                         = 1

Geometry
========
 C       0.0000000       0.0000000      -0.5982900
 H       0.0000000       0.0000000      -1.6629700
 C       0.0000000       0.0000000       0.5982900
 H       0.0000000       0.0000000       1.6629700

No violations of the orthonormality
No violations of the orthonormality
 
PNOF8/ADAM Calculation
==================
 
  Nitext  Nit_orb  Time   Nit_occ  Time         Eelec          Etot           Ediff      maxdiff    Grad_orb  Grad_occ
0.05472259987705472
0.10345937788618204
     1      10    2.2e+01   25    3.9e+01  -101.96100574   -77.10868327 -10100.96100574   0.087966   1.0e+00   2.4e-04 0.04
0.0010652314636079713
0.0024553206193141395
     2      10    1.3e+00   20    8.3e-01  -102.04763900   -77.19531653    -0.08663327   0.063635   9.8e-01   1.7e-04 0.04
0.0006668174823351615
0.001534624590331516
     3      10    1.5e+00   12    4.7e-01  -102.05186002   -77.19953755    -0.00422102   0.088236   1.1e+00   2.6e-04 0.04
0.0002671920688961382
0.0005280552292267983
     4      10    1.6e+00    9    3.4e-01  -102.05643090   -77.20410843    -0.00457087   0.105946   1.4e+00   2.2e-04 0.03
0.00017030398046335993
0.0004562627615903589
     5      10    2.2e+00   11    5.5e-01  -102.05499778   -77.20267531     0.00143312   0.066502   1.2e+00   2.1e-04 0.03
0.0001314118628554144
0.0003128561844247184
     6      30    3.9e+00   16    6.4e-01  -102.07669551   -77.22437304    -0.02169773   0.010144   8.3e-02   2.6e-04 0.03
0.00010280115920172734
0.00018787085448734685
     7      30    3.9e+00    4    1.8e-01  -102.07811567   -77.22579320    -0.00142016   0.006175   6.6e-02   2.8e-04 0.03
0.00012634154444318008
0.00022993403679428048
     8      30    3.7e+00   11    4.5e-01  -102.07877444   -77.22645197    -0.00065876   0.005152   7.7e-02   2.2e-04 0.03
6.066124696988036e-5
0.00012762493254138145
     9      30    6.6e+00    3    3.0e-01  -102.07937744   -77.22705497    -0.00060300   0.005094   7.0e-02   1.6e-04 0.03
8.941909783951804e-5
0.00018303192637288438
    10      30    1.4e+01    9    3.5e-01  -102.07973861   -77.22741614    -0.00036117   0.004448   6.0e-02   1.7e-04 0.03
7.927202178223576e-5
0.0001641658406943439
    11      30    8.2e+00    3    1.7e-01  -102.08006673   -77.22774426    -0.00032813   0.004437   5.7e-02   2.3e-04 0.03
6.089323348676661e-5
0.00011406134426714006
    12      30    4.8e+00    3    3.0e-01  -102.08010607   -77.22778360    -0.00003934   0.005557   6.6e-02   1.8e-04 0.03
6.880181073851306e-5
0.0001341304781932947
    13      30    5.3e+00    3    2.3e-01  -102.08023864   -77.22791617    -0.00013257   0.004856   6.1e-02   2.1e-04 0.03
4.0816188029191985e-5
7.816873075793049e-5
    14      30    6.1e+00    5    2.9e-01  -102.08028442   -77.22796195    -0.00004579   0.004942   6.3e-02   1.8e-04 0.03
0.0
0.0
    15      30    7.2e+00    0    7.8e-02  -102.08030534   -77.22798287    -0.00002092   0.006621   6.9e-02   1.9e-04 0.03
7.461556491328292e-5
0.00010755420793013595
    16      40    8.4e+00    1    1.2e-01  -102.08047448   -77.22815201    -0.00016914   0.003040   3.9e-02   1.8e-04 0.03
0.0
0.0
    17      40    1.3e+01    0    6.4e-02  -102.08040571   -77.22808324     0.00006877   0.004187   5.1e-02   1.7e-04 0.03
0.0
0.0
    18      70    1.1e+01    0    7.5e-02  -102.08057297   -77.22825050    -0.00016727   0.000330   4.5e-03   1.7e-04 0.03
0.0
0.0
    19      80    9.8e+00    0    6.9e-02  -102.08057432   -77.22825185    -0.00000135   0.000696   6.9e-03   1.7e-04 0.03
0.0
0.0
    20      90    1.3e+01    0    1.1e-01  -102.08057994   -77.22825747    -0.00000562   0.000309   2.5e-03   1.6e-04 0.03
0.0
0.0
    21     100    1.3e+01    0    6.0e-02  -102.08058166   -77.22825919    -0.00000171   0.000205   2.2e-03   1.6e-04 0.03
0.0
0.0
    22     110    1.3e+01    0    9.4e-02  -102.08058309   -77.22826062    -0.00000144   0.000134   1.4e-03   1.6e-04 0.03
0.0
0.0
    23     120    2.6e+01    0    1.1e-01  -102.08058392   -77.22826145    -0.00000083   0.000165   1.4e-03   1.6e-04 0.03
0.0
0.0
    24     130    2.1e+01    0    6.4e-02  -102.08058451   -77.22826204    -0.00000058   0.000109   9.0e-04   1.6e-04 0.03
0.0
0.0
    25     140    2.0e+01    0    6.7e-02  -102.08058467   -77.22826220    -0.00000016   0.000314   1.7e-03   1.6e-04 0.03
0.0
0.0
    26     113    2.3e+01    0    7.0e-02  -102.08058489   -77.22826241    -0.00000021   0.000097   1.0e-03   1.6e-04 0.03
 
RESULTS OF THE OCCUPATION OPTIMIZATION
========================================
   1    1.9999262  -11.24524266
   2    1.9999279  -11.24352785
   3    1.9825557  -1.03347647
   4    1.9749423  -0.74853693
   5    1.9752939  -0.74779709
   6    1.9660951  -0.43782725
   7    1.9630392  -0.43605912
   8    0.0252169  -0.02876033
   9    0.0323192  -0.03325551
  10    0.0148679  -0.02345200
  11    0.0150988  -0.02358878
  12    0.0061791  -0.01452783
  13    0.0000578  -0.00124432
  14    0.0000586  -0.00127063
  15    0.0049076  -0.00720160
  16    0.0004137  -0.00087123
  17    0.0029292  -0.00552979
  18    0.0029176  -0.00545287
  19    0.0049390  -0.01304372
  20    0.0000058  -0.00012936
  21    0.0000056  -0.00012993
  22    0.0033640  -0.00511845
  23    0.0003664  -0.00076500
  24    0.0021172  -0.00419970
  25    0.0023085  -0.00450426
  26    0.0021944  -0.00528989
  27    0.0000031  -0.00002613
  28    0.0000036  -0.00003596
  29    0.0032391  -0.00489581
  30    0.0003156  -0.00059910
  31    0.0019019  -0.00451248
  32    0.0021040  -0.00487309
  33    0.0008275  -0.00442380
  34    0.0000029  -0.00002554
  35    0.0000027  -0.00004965
  36    0.0000940  -0.00023991
  37    0.0002960  -0.00058989
  38    0.0007575  -0.00219236
  39    0.0007525  -0.00213482
  40    0.0007542  -0.00423337
  41    0.0000015  -0.00005500
  42    0.0000019  -0.00002063
  43    0.0000295  -0.00013461
  44    0.0000937  -0.00026584
  45    0.0005776  -0.00162207
  46    0.0006858  -0.00147274
  47    0.0007328  -0.00216433
  48    0.0000004  -0.00002619
  49    0.0000003  -0.00001775
  50    0.0000261  -0.00009936
  51    0.0000139  -0.00005665
  52    0.0005597  -0.00155602
  53    0.0002555  -0.00076906
  54    0.0005857  -0.00163431
  55    0.0000001  -0.00000227
  56    0.0000003  -0.00000345
  57    0.0000172  -0.00005936
  58    0.0000106  -0.00005123
  59    0.0002025  -0.00056241
  60    0.0002326  -0.00058914
  61    0.0003871  -0.00177441
  62    0.0000001  -0.00000115
  63    0.0000002  -0.00000313
  64    0.0000132  -0.00005518
  65    0.0000101  -0.00003959
  66    0.0001757  -0.00054586
  67    0.0001152  -0.00041740
  68    0.0002421  -0.00069388
  69    0.0000000  -0.00000101
  70    0.0000001  -0.00000176
  71    0.0000116  -0.00004060
  72    0.0000087  -0.00002952
  73    0.0001189  -0.00042700
  74    0.0001048  -0.00032193
  75    0.0001216  -0.00043478
  76    0.0000000  -0.00000076
  77    0.0000001  -0.00000114
  78    0.0000091  -0.00002722
  79    0.0000086  -0.00002773
  80    0.0001092  -0.00027945
  81    0.0000966  -0.00027136
  82    0.0001114  -0.00036144
  83    0.0000000  -0.00000048
  84    0.0000001  -0.00000106
  85    0.0000056  -0.00001715
  86    0.0000070  -0.00003250
  87    0.0001017  -0.00027173
  88    0.0000806  -0.00023694
  89    0.0000885  -0.00027411
  90    0.0000000  -0.00000062
  91    0.0000000  -0.00000091
  92    0.0000041  -0.00001332
  93    0.0000062  -0.00002458
  94    0.0000734  -0.00024749
  95    0.0000661  -0.00023456
  96    0.0000833  -0.00026900
  97    0.0000000  -0.00000021
  98    0.0000000  -0.00000079
  99    0.0000037  -0.00000944
 100    0.0000055  -0.00002304
 101    0.0000464  -0.00020058
 102    0.0000445  -0.00017778
 103    0.0000429  -0.00015561
 104    0.0000000  -0.00000019
 105    0.0000000  -0.00000075
 106    0.0000031  -0.00000936
 107    0.0000049  -0.00001986
 108    0.0000378  -0.00014272
 109    0.0000393  -0.00014869
 110    0.0000304  -0.00014200
 111    0.0000000  -0.00000018
 112    0.0000000  -0.00000062
 113    0.0000027  -0.00000925
 114    0.0000042  -0.00001939
 115    0.0000266  -0.00008623
 116    0.0000390  -0.00012671
 117    0.0000256  -0.00012172
 118    0.0000000  -0.00000015
 119    0.0000000  -0.00000059
 120    0.0000024  -0.00000861
 121    0.0000039  -0.00001896
 122    0.0000233  -0.00008040
 123    0.0000330  -0.00011157
 124    0.0000230  -0.00009191
 125    0.0000000  -0.00000013
 126    0.0000000  -0.00000039
 127    0.0000024  -0.00000952
 128    0.0000038  -0.00001552
 129    0.0000211  -0.00007859
 130    0.0000251  -0.00010560
 131    0.0000185  -0.00008407
 132    0.0000000  -0.00000014
 133    0.0000000  -0.00000034
 134    0.0000022  -0.00000850
 135    0.0000035  -0.00001038
 136    0.0000162  -0.00006121
 137    0.0000150  -0.00005610
 138    0.0000172  -0.00008084
 139    0.0000000  -0.00000013
 140    0.0000000  -0.00000036
 141    0.0000020  -0.00000717
 142    0.0000027  -0.00001007
 143    0.0000155  -0.00005427
 144    0.0000135  -0.00004952
 145    0.0000124  -0.00006044
 146    0.0000000  -0.00000014
 147    0.0000000  -0.00000028
 148    0.0000016  -0.00000512
 149    0.0000023  -0.00000819
 150    0.0000104  -0.00004552
 151    0.0000109  -0.00004582
 152    0.0000108  -0.00005660
 153    0.0000000  -0.00000015
 154    0.0000000  -0.00000025
 155    0.0000015  -0.00000495
 156    0.0000023  -0.00001017
 157    0.0000088  -0.00003485
 158    0.0000097  -0.00003662
 159    0.0000086  -0.00004234
 160    0.0000000  -0.00000016
 161    0.0000000  -0.00000022
 162    0.0000013  -0.00000484
 163    0.0000020  -0.00001053
 164    0.0000075  -0.00003353
 165    0.0000093  -0.00003566
 166    0.0000084  -0.00003946
 167    0.0000000  -0.00000012
 168    0.0000000  -0.00000021
 
----------------
 Final Energies 
----------------
Final NOF Total Energy =     -77.2282624
 
Total Orbital Internal Iterations = 1383
Total Occupation Internal Iterations = 135
 
Elapsed time:  353.27 Seconds

---------------------------------
   Lowdin Population Analysis    
---------------------------------
 Idx  Atom   Population   Charge 
---------------------------------
  1     C     5.869       0.131
  2     H     1.131      -0.131
  3     C     5.869       0.131
  4     H     1.131      -0.131

---------------------------------
   M Diagnostic: 0.03
---------------------------------

