Computing Integrals
Elapsed time:    5.33 Seconds

Number of basis functions                   (NBF)    = 525
Number of auxiliary basis functions         (NBFAUX) = 519
Inactive Doubly occupied orbitals up to     (NO1)    = 0
No. considered Strongly Doubly occupied MOs (NDOC)   = 19
No. considered Strongly Singly occupied MOs (NSOC)   = 0
NO. of Weakly occ. per St. Doubly occ.  MOs (NCWO)   = 26
Dimension of the Nat. Orb. subspace         (NBF5)   = 513
No. of electrons                                     = 38
    No. of alpha electrons                           = 19
    No. of beta electrons                            = 19
Multiplicity                                         = 1

Geometry
========
 C      -1.1565200       2.9335200       1.3863900
 H      -1.8590000       3.6403700       1.8477900
 H      -0.8847600       3.3146600       0.3918800
 H      -0.2501000       2.9054700       2.0056400
 C      -1.7858300       1.5323400       1.2736700
 H      -2.6720900       1.5785500       0.6184600
 H      -1.0775200       0.8501500       0.7738800
 C      -2.1699700       0.9673000       2.5645100
 C      -2.4784700       0.5253500       3.6525100
 C      -2.8519500      -0.0152700       4.9527500
 H      -2.4239100      -1.0178100       5.1069400
 H      -2.4933600       0.6285900       5.7704400
 H      -3.9449400      -0.1011000       5.0517800

No violations of the orthonormality
No violations of the orthonormality
 
PNOF8/ADAM Calculation
==================
 
  Nitext  Nit_orb  Time   Nit_occ  Time         Eelec          Etot           Ediff      maxdiff    Grad_orb  Grad_occ
0.054641373057947584
0.10718515008992073
     1      10    3.9e+01   39    5.6e+01  -344.80418944  -194.76984720 -10343.80418944   0.202737   3.2e+00   2.7e-04 0.04
0.001593653662277733
0.004603367886011387
     2      30    6.8e+01   30    1.9e+01  -345.04336190  -195.00901967    -0.23917246   0.184196   1.8e+00   2.3e-04 0.03
0.00040267229677126704
0.0015877556054357742
     3      30    6.4e+01   19    1.3e+01  -345.05928412  -195.02494188    -0.01592221   0.013040   1.8e-01   3.7e-04 0.03
0.0002505562106503989
0.0008706550914879136
     4      30    6.4e+01   13    9.4e+00  -345.06520973  -195.03086749    -0.00592561   0.007210   1.5e-01   3.3e-04 0.03
0.00023176374264252263
0.0006623247323874923
     5      30    6.4e+01   16    1.1e+01  -345.06898750  -195.03464526    -0.00377777   0.006817   1.6e-01   2.6e-04 0.03
0.00018876020643542111
0.0005182852952522336
     6      30    6.8e+01   12    8.9e+00  -345.07194859  -195.03760635    -0.00296109   0.007224   1.5e-01   2.8e-04 0.03
0.00018380377026442642
0.00041364148162488957
     7      30    6.4e+01   12    8.9e+00  -345.07365707  -195.03931483    -0.00170848   0.006876   1.4e-01   2.7e-04 0.03
0.00012474853890842574
0.0003122351021071209
     8      30    6.4e+01    6    5.6e+00  -345.07458681  -195.04024457    -0.00092974   0.021465   2.4e-01   2.4e-04 0.03
0.0001136392556458836
0.0002879219397851427
     9      30    6.4e+01    5    5.1e+00  -345.07516578  -195.04082355    -0.00057898   0.006973   1.5e-01   2.6e-04 0.03
0.0001240813958364635
0.00025793664140173723
    10      30    6.4e+01    5    5.1e+00  -345.07563111  -195.04128887    -0.00046532   0.007973   1.6e-01   2.9e-04 0.03
9.764104829297301e-5
0.00021095421499214327
    11      30    6.4e+01    5    5.1e+00  -345.07571605  -195.04137381    -0.00008494   0.006958   1.6e-01   2.5e-04 0.03
6.905396613426712e-5
0.00015355911416793365
    12      50    1.0e+02    5    5.0e+00  -345.07726201  -195.04291977    -0.00154596   0.000921   1.7e-02   2.5e-04 0.03
4.822278314009498e-5
0.00011678710427071927
    13      50    1.0e+02    5    5.1e+00  -345.07737367  -195.04303143    -0.00011166   0.001728   3.2e-02   2.1e-04 0.03
4.060156015250893e-5
8.889662786596684e-5
    14      50    1.0e+02    5    5.0e+00  -345.07750811  -195.04316587    -0.00013444   0.001908   2.8e-02   1.8e-04 0.03
0.0
0.0
    15      50    1.0e+02    0    2.4e+00  -345.07759621  -195.04325397    -0.00008811   0.006244   5.6e-02   2.8e-04 0.03
3.4176755406623016e-5
7.728507939284907e-5
    16      60    1.3e+02    5    5.1e+00  -345.07764841  -195.04330617    -0.00005220   0.001554   2.0e-02   1.8e-04 0.03
3.5905216579035226e-5
6.892118747907778e-5
    17      60    1.3e+02    5    5.1e+00  -345.07772512  -195.04338288    -0.00007671   0.001575   2.3e-02   1.5e-04 0.03
3.3802890797018925e-5
7.584628762048179e-5
    18      60    1.3e+02    5    5.1e+00  -345.07780318  -195.04346094    -0.00007807   0.001126   1.9e-02   1.5e-04 0.03
5.600228393654039e-5
8.256185012993984e-5
    19      60    1.2e+02    1    3.0e+00  -345.07785061  -195.04350837    -0.00004743   0.001079   2.0e-02   1.9e-04 0.03
0.0
0.0
    20      60    1.2e+02    0    2.4e+00  -345.07787391  -195.04353167    -0.00002330   0.000861   1.6e-02   2.1e-04 0.03
0.0
0.0
    21      70    1.5e+02    0    2.4e+00  -345.07788964  -195.04354740    -0.00001573   0.000820   1.2e-02   2.3e-04 0.03
0.0
0.0
    22      80    1.7e+02    0    2.4e+00  -345.07790198  -195.04355974    -0.00001234   0.000434   7.2e-03   2.6e-04 0.03
0.0
0.0
    23      90    1.9e+02    0    2.4e+00  -345.07790088  -195.04355864     0.00000110   0.013652   1.0e-01   2.7e-04 0.03
0.0
0.0
    24      96    2.0e+02    0    2.4e+00  -345.07791413  -195.04357189    -0.00001325   0.000099   1.4e-03   2.8e-04 0.03
 
RESULTS OF THE OCCUPATION OPTIMIZATION
========================================
   1    1.9999597  -11.25331253
   2    1.9999232  -11.25320601
   3    1.9999566  -11.23401842
   4    1.9999588  -11.22719321
   5    1.9999569  -11.22406507
   6    1.9817655  -0.99368515
   7    1.9771730  -0.79909933
   8    1.9755344  -0.77941001
   9    1.9763797  -0.70998105
  10    1.9741985  -0.70065398
  11    1.9751659  -0.69131006
  12    1.9737282  -0.67668590
  13    1.9741763  -0.67551436
  14    1.9734696  -0.67354891
  15    1.9740679  -0.67239731
  16    1.9741425  -0.67172089
  17    1.9722128  -0.66570032
  18    1.9641654  -0.41274038
  19    1.9640059  -0.41167275
  20    0.0278714  -0.03219022
  21    0.0277679  -0.03237810
  22    0.0150517  -0.02070243
  23    0.0159467  -0.02131473
  24    0.0161855  -0.02146593
  25    0.0156379  -0.02096619
  26    0.0163196  -0.02156347
  27    0.0155996  -0.02098601
  28    0.0149367  -0.02100973
  29    0.0187324  -0.02985673
  30    0.0149524  -0.02096730
  31    0.0182350  -0.03179211
  32    0.0173712  -0.03152943
  33    0.0069784  -0.01694197
  34    0.0000346  -0.00079476
  35    0.0000319  -0.00075031
  36    0.0000374  -0.00080673
  37    0.0000677  -0.00144323
  38    0.0000292  -0.00065748
  39    0.0041557  -0.00635355
  40    0.0043516  -0.00679515
  41    0.0040784  -0.00655939
  42    0.0044491  -0.00685757
  43    0.0044913  -0.00688759
  44    0.0042649  -0.00662101
  45    0.0043930  -0.00673982
  46    0.0042206  -0.00659361
  47    0.0037612  -0.00650325
  48    0.0031852  -0.00709746
  49    0.0040696  -0.00658673
  50    0.0021925  -0.00588920
  51    0.0012675  -0.00564816
  52    0.0046383  -0.01261346
  53    0.0000036  -0.00007517
  54    0.0000035  -0.00006762
  55    0.0000018  -0.00001753
  56    0.0000035  -0.00010901
  57    0.0000038  -0.00008441
  58    0.0034143  -0.00526943
  59    0.0031758  -0.00492077
  60    0.0038193  -0.00650901
  61    0.0021966  -0.00445793
  62    0.0023899  -0.00460246
  63    0.0036385  -0.00617250
  64    0.0018939  -0.00352646
  65    0.0036200  -0.00616342
  66    0.0031535  -0.00644815
  67    0.0010204  -0.00318012
  68    0.0013339  -0.00339255
  69    0.0010640  -0.00360475
  70    0.0010773  -0.00379801
  71    0.0016400  -0.00441344
  72    0.0000018  -0.00001316
  73    0.0000026  -0.00002410
  74    0.0000015  -0.00001473
  75    0.0000019  -0.00001245
  76    0.0000036  -0.00007241
  77    0.0002214  -0.00049022
  78    0.0002503  -0.00053299
  79    0.0033497  -0.00594916
  80    0.0011332  -0.00249821
  81    0.0011356  -0.00245855
  82    0.0010893  -0.00238590
  83    0.0011464  -0.00250091
  84    0.0010886  -0.00236920
  85    0.0011021  -0.00259549
  86    0.0008886  -0.00251780
  87    0.0011057  -0.00252398
  88    0.0008903  -0.00237089
  89    0.0009579  -0.00421834
  90    0.0013531  -0.00585784
  91    0.0000017  -0.00001299
  92    0.0000017  -0.00001049
  93    0.0000014  -0.00001319
  94    0.0000018  -0.00001249
  95    0.0000021  -0.00001592
  96    0.0001119  -0.00027730
  97    0.0002332  -0.00050589
  98    0.0004255  -0.00110783
  99    0.0006445  -0.00140734
 100    0.0004013  -0.00104834
 101    0.0005995  -0.00129564
 102    0.0005534  -0.00127668
 103    0.0003775  -0.00103369
 104    0.0004385  -0.00126802
 105    0.0008197  -0.00207594
 106    0.0005862  -0.00137019
 107    0.0008195  -0.00234933
 108    0.0008490  -0.00229817
 109    0.0009361  -0.00493711
 110    0.0000010  -0.00004852
 111    0.0000012  -0.00005446
 112    0.0000009  -0.00004642
 113    0.0000012  -0.00006020
 114    0.0000013  -0.00005896
 115    0.0000990  -0.00025490
 116    0.0000123  -0.00003074
 117    0.0002776  -0.00075539
 118    0.0004054  -0.00108731
 119    0.0003811  -0.00108939
 120    0.0003594  -0.00096419
 121    0.0003174  -0.00092213
 122    0.0003568  -0.00096001
 123    0.0003635  -0.00099620
 124    0.0006485  -0.00152991
 125    0.0004750  -0.00249666
 126    0.0005971  -0.00155054
 127    0.0006593  -0.00198280
 128    0.0008200  -0.00390174
 129    0.0000001  -0.00000097
 130    0.0000001  -0.00000123
 131    0.0000002  -0.00000301
 132    0.0000001  -0.00000174
 133    0.0000002  -0.00000234
 134    0.0000577  -0.00017851
 135    0.0000122  -0.00003941
 136    0.0001572  -0.00045902
 137    0.0002957  -0.00082464
 138    0.0002236  -0.00059611
 139    0.0002842  -0.00072725
 140    0.0003032  -0.00076210
 141    0.0002728  -0.00073956
 142    0.0002735  -0.00084033
 143    0.0001813  -0.00060028
 144    0.0002788  -0.00097240
 145    0.0001688  -0.00051707
 146    0.0000900  -0.00033161
 147    0.0006591  -0.00208585
 148    0.0000000  -0.00000065
 149    0.0000000  -0.00000060
 150    0.0000001  -0.00000120
 151    0.0000001  -0.00000122
 152    0.0000001  -0.00000120
 153    0.0000231  -0.00007807
 154    0.0000084  -0.00002776
 155    0.0001479  -0.00042863
 156    0.0002694  -0.00070944
 157    0.0002205  -0.00061719
 158    0.0001621  -0.00051531
 159    0.0002390  -0.00071144
 160    0.0002070  -0.00060167
 161    0.0002251  -0.00077458
 162    0.0000852  -0.00028622
 163    0.0002292  -0.00064990
 164    0.0000902  -0.00030177
 165    0.0000824  -0.00029411
 166    0.0003137  -0.00193916
 167    0.0000000  -0.00000042
 168    0.0000000  -0.00000033
 169    0.0000000  -0.00000087
 170    0.0000001  -0.00000113
 171    0.0000000  -0.00000087
 172    0.0000079  -0.00002520
 173    0.0000051  -0.00001260
 174    0.0001222  -0.00034726
 175    0.0001136  -0.00033933
 176    0.0001147  -0.00031618
 177    0.0001134  -0.00033223
 178    0.0002192  -0.00060491
 179    0.0001121  -0.00033322
 180    0.0001405  -0.00048219
 181    0.0000498  -0.00017242
 182    0.0001441  -0.00049171
 183    0.0000800  -0.00027412
 184    0.0000763  -0.00028345
 185    0.0002723  -0.00157487
 186    0.0000000  -0.00000037
 187    0.0000000  -0.00000028
 188    0.0000000  -0.00000056
 189    0.0000000  -0.00000063
 190    0.0000000  -0.00000038
 191    0.0000048  -0.00001372
 192    0.0000030  -0.00000740
 193    0.0000786  -0.00024036
 194    0.0000960  -0.00029299
 195    0.0001001  -0.00031637
 196    0.0001048  -0.00029774
 197    0.0001104  -0.00032080
 198    0.0001065  -0.00032597
 199    0.0001021  -0.00035302
 200    0.0000422  -0.00015129
 201    0.0001142  -0.00036713
 202    0.0000556  -0.00018669
 203    0.0000736  -0.00026494
 204    0.0001546  -0.00082889
 205    0.0000000  -0.00000031
 206    0.0000000  -0.00000025
 207    0.0000000  -0.00000042
 208    0.0000000  -0.00000061
 209    0.0000000  -0.00000030
 210    0.0000042  -0.00001169
 211    0.0000027  -0.00000686
 212    0.0000553  -0.00017320
 213    0.0000710  -0.00022140
 214    0.0000592  -0.00020038
 215    0.0000565  -0.00017861
 216    0.0000812  -0.00026781
 217    0.0000679  -0.00023969
 218    0.0000836  -0.00028131
 219    0.0000383  -0.00014366
 220    0.0000790  -0.00026646
 221    0.0000464  -0.00016863
 222    0.0000704  -0.00026031
 223    0.0001093  -0.00044553
 224    0.0000000  -0.00000028
 225    0.0000000  -0.00000025
 226    0.0000000  -0.00000027
 227    0.0000000  -0.00000059
 228    0.0000000  -0.00000030
 229    0.0000037  -0.00000801
 230    0.0000018  -0.00000600
 231    0.0000484  -0.00015883
 232    0.0000508  -0.00017017
 233    0.0000521  -0.00017657
 234    0.0000545  -0.00017155
 235    0.0000615  -0.00019844
 236    0.0000535  -0.00017763
 237    0.0000627  -0.00020199
 238    0.0000293  -0.00011281
 239    0.0000599  -0.00019263
 240    0.0000391  -0.00014906
 241    0.0000467  -0.00018617
 242    0.0000966  -0.00032063
 243    0.0000000  -0.00000025
 244    0.0000000  -0.00000020
 245    0.0000000  -0.00000018
 246    0.0000000  -0.00000060
 247    0.0000000  -0.00000020
 248    0.0000036  -0.00000896
 249    0.0000013  -0.00000513
 250    0.0000411  -0.00014338
 251    0.0000402  -0.00014998
 252    0.0000368  -0.00013816
 253    0.0000367  -0.00013175
 254    0.0000429  -0.00015377
 255    0.0000419  -0.00015403
 256    0.0000479  -0.00016896
 257    0.0000175  -0.00007798
 258    0.0000497  -0.00017264
 259    0.0000356  -0.00014184
 260    0.0000366  -0.00015189
 261    0.0000496  -0.00020024
 262    0.0000000  -0.00000025
 263    0.0000000  -0.00000020
 264    0.0000000  -0.00000014
 265    0.0000000  -0.00000054
 266    0.0000000  -0.00000014
 267    0.0000024  -0.00000701
 268    0.0000012  -0.00000434
 269    0.0000287  -0.00011120
 270    0.0000269  -0.00011415
 271    0.0000322  -0.00012277
 272    0.0000300  -0.00011410
 273    0.0000318  -0.00012714
 274    0.0000350  -0.00012757
 275    0.0000280  -0.00011942
 276    0.0000148  -0.00006251
 277    0.0000355  -0.00013460
 278    0.0000280  -0.00011747
 279    0.0000316  -0.00013050
 280    0.0000366  -0.00015721
 281    0.0000000  -0.00000022
 282    0.0000000  -0.00000018
 283    0.0000000  -0.00000013
 284    0.0000000  -0.00000052
 285    0.0000000  -0.00000013
 286    0.0000021  -0.00000593
 287    0.0000011  -0.00000390
 288    0.0000228  -0.00009259
 289    0.0000248  -0.00009959
 290    0.0000299  -0.00011586
 291    0.0000204  -0.00008581
 292    0.0000196  -0.00008374
 293    0.0000252  -0.00010072
 294    0.0000219  -0.00009269
 295    0.0000107  -0.00004706
 296    0.0000169  -0.00007788
 297    0.0000255  -0.00011200
 298    0.0000297  -0.00012162
 299    0.0000341  -0.00014502
 300    0.0000000  -0.00000023
 301    0.0000000  -0.00000017
 302    0.0000000  -0.00000010
 303    0.0000000  -0.00000052
 304    0.0000000  -0.00000011
 305    0.0000018  -0.00000575
 306    0.0000010  -0.00000357
 307    0.0000203  -0.00007917
 308    0.0000216  -0.00008817
 309    0.0000160  -0.00006850
 310    0.0000154  -0.00006983
 311    0.0000152  -0.00007539
 312    0.0000212  -0.00009016
 313    0.0000171  -0.00007947
 314    0.0000061  -0.00002985
 315    0.0000155  -0.00007075
 316    0.0000214  -0.00008845
 317    0.0000251  -0.00010667
 318    0.0000268  -0.00013029
 319    0.0000000  -0.00000018
 320    0.0000000  -0.00000018
 321    0.0000000  -0.00000007
 322    0.0000000  -0.00000049
 323    0.0000000  -0.00000009
 324    0.0000017  -0.00000515
 325    0.0000009  -0.00000347
 326    0.0000151  -0.00005928
 327    0.0000138  -0.00006331
 328    0.0000122  -0.00005264
 329    0.0000142  -0.00005742
 330    0.0000133  -0.00005816
 331    0.0000139  -0.00005738
 332    0.0000143  -0.00006390
 333    0.0000054  -0.00002842
 334    0.0000147  -0.00006923
 335    0.0000178  -0.00007777
 336    0.0000179  -0.00008112
 337    0.0000225  -0.00011569
 338    0.0000000  -0.00000016
 339    0.0000000  -0.00000017
 340    0.0000000  -0.00000007
 341    0.0000000  -0.00000050
 342    0.0000000  -0.00000008
 343    0.0000013  -0.00000390
 344    0.0000009  -0.00000311
 345    0.0000105  -0.00004252
 346    0.0000117  -0.00004909
 347    0.0000091  -0.00004135
 348    0.0000111  -0.00004576
 349    0.0000121  -0.00005331
 350    0.0000123  -0.00004808
 351    0.0000124  -0.00005197
 352    0.0000047  -0.00002207
 353    0.0000120  -0.00005842
 354    0.0000116  -0.00005025
 355    0.0000156  -0.00006559
 356    0.0000188  -0.00011448
 357    0.0000000  -0.00000018
 358    0.0000000  -0.00000016
 359    0.0000000  -0.00000006
 360    0.0000000  -0.00000048
 361    0.0000000  -0.00000007
 362    0.0000011  -0.00000396
 363    0.0000007  -0.00000297
 364    0.0000080  -0.00003629
 365    0.0000094  -0.00004255
 366    0.0000086  -0.00003994
 367    0.0000086  -0.00003858
 368    0.0000107  -0.00004715
 369    0.0000080  -0.00003714
 370    0.0000108  -0.00004634
 371    0.0000037  -0.00001558
 372    0.0000098  -0.00004398
 373    0.0000102  -0.00004422
 374    0.0000104  -0.00004814
 375    0.0000175  -0.00007834
 376    0.0000000  -0.00000016
 377    0.0000000  -0.00000015
 378    0.0000000  -0.00000006
 379    0.0000000  -0.00000049
 380    0.0000000  -0.00000008
 381    0.0000009  -0.00000357
 382    0.0000007  -0.00000275
 383    0.0000063  -0.00002893
 384    0.0000085  -0.00004087
 385    0.0000069  -0.00003344
 386    0.0000062  -0.00002883
 387    0.0000093  -0.00004223
 388    0.0000078  -0.00003580
 389    0.0000095  -0.00004143
 390    0.0000034  -0.00001376
 391    0.0000096  -0.00004223
 392    0.0000089  -0.00004017
 393    0.0000092  -0.00004334
 394    0.0000124  -0.00006033
 395    0.0000000  -0.00000017
 396    0.0000000  -0.00000015
 397    0.0000000  -0.00000006
 398    0.0000000  -0.00000050
 399    0.0000000  -0.00000008
 400    0.0000009  -0.00000348
 401    0.0000006  -0.00000250
 402    0.0000058  -0.00002592
 403    0.0000065  -0.00003089
 404    0.0000057  -0.00002778
 405    0.0000055  -0.00002495
 406    0.0000081  -0.00003816
 407    0.0000055  -0.00002561
 408    0.0000090  -0.00004058
 409    0.0000032  -0.00001253
 410    0.0000077  -0.00003819
 411    0.0000073  -0.00003502
 412    0.0000074  -0.00003740
 413    0.0000106  -0.00005168
 414    0.0000000  -0.00000015
 415    0.0000000  -0.00000014
 416    0.0000000  -0.00000006
 417    0.0000000  -0.00000049
 418    0.0000000  -0.00000008
 419    0.0000009  -0.00000332
 420    0.0000005  -0.00000233
 421    0.0000048  -0.00002054
 422    0.0000064  -0.00003197
 423    0.0000053  -0.00002487
 424    0.0000043  -0.00001776
 425    0.0000073  -0.00003765
 426    0.0000046  -0.00001948
 427    0.0000059  -0.00002927
 428    0.0000028  -0.00001129
 429    0.0000064  -0.00003217
 430    0.0000060  -0.00002885
 431    0.0000068  -0.00003597
 432    0.0000093  -0.00004931
 433    0.0000000  -0.00000015
 434    0.0000000  -0.00000012
 435    0.0000000  -0.00000006
 436    0.0000000  -0.00000047
 437    0.0000000  -0.00000007
 438    0.0000007  -0.00000269
 439    0.0000004  -0.00000239
 440    0.0000044  -0.00001727
 441    0.0000060  -0.00002864
 442    0.0000043  -0.00002007
 443    0.0000042  -0.00001728
 444    0.0000048  -0.00002146
 445    0.0000040  -0.00001526
 446    0.0000051  -0.00002543
 447    0.0000025  -0.00001052
 448    0.0000048  -0.00002445
 449    0.0000055  -0.00002678
 450    0.0000060  -0.00002901
 451    0.0000084  -0.00004400
 452    0.0000000  -0.00000016
 453    0.0000000  -0.00000013
 454    0.0000000  -0.00000006
 455    0.0000000  -0.00000045
 456    0.0000000  -0.00000008
 457    0.0000006  -0.00000252
 458    0.0000003  -0.00000218
 459    0.0000030  -0.00001123
 460    0.0000043  -0.00001885
 461    0.0000041  -0.00001819
 462    0.0000034  -0.00001344
 463    0.0000037  -0.00001593
 464    0.0000038  -0.00001554
 465    0.0000041  -0.00001779
 466    0.0000022  -0.00000856
 467    0.0000037  -0.00001844
 468    0.0000040  -0.00001907
 469    0.0000047  -0.00002446
 470    0.0000065  -0.00003758
 471    0.0000000  -0.00000014
 472    0.0000000  -0.00000012
 473    0.0000000  -0.00000005
 474    0.0000000  -0.00000040
 475    0.0000000  -0.00000007
 476    0.0000005  -0.00000240
 477    0.0000003  -0.00000211
 478    0.0000026  -0.00000952
 479    0.0000033  -0.00001215
 480    0.0000032  -0.00001275
 481    0.0000031  -0.00001156
 482    0.0000036  -0.00001628
 483    0.0000037  -0.00001455
 484    0.0000029  -0.00001160
 485    0.0000020  -0.00000770
 486    0.0000036  -0.00001581
 487    0.0000032  -0.00001343
 488    0.0000029  -0.00001331
 489    0.0000052  -0.00003090
 490    0.0000000  -0.00000015
 491    0.0000000  -0.00000011
 492    0.0000000  -0.00000005
 493    0.0000000  -0.00000040
 494    0.0000000  -0.00000007
 495    0.0000005  -0.00000250
 496    0.0000003  -0.00000204
 497    0.0000022  -0.00000806
 498    0.0000024  -0.00000913
 499    0.0000029  -0.00001105
 500    0.0000025  -0.00000968
 501    0.0000032  -0.00001252
 502    0.0000022  -0.00000802
 503    0.0000023  -0.00000922
 504    0.0000015  -0.00000643
 505    0.0000024  -0.00001041
 506    0.0000020  -0.00000790
 507    0.0000015  -0.00000729
 508    0.0000048  -0.00002754
 509    0.0000000  -0.00000013
 510    0.0000000  -0.00000010
 511    0.0000000  -0.00000005
 512    0.0000000  -0.00000040
 513    0.0000000  -0.00000006
 
----------------
 Final Energies 
----------------
Final NOF Total Energy =    -195.0435719
 
Total Orbital Internal Iterations = 1146
Total Occupation Internal Iterations = 193
 
Elapsed time: 2820.11 Seconds

---------------------------------
   Lowdin Population Analysis    
---------------------------------
 Idx  Atom   Population   Charge 
---------------------------------
  1     C     5.781       0.219
  2     H     1.053      -0.053
  3     H     1.058      -0.058
  4     H     1.053      -0.053
  5     C     5.967       0.033
  6     H     1.032      -0.032
  7     H     1.032      -0.032
  8     C     6.031      -0.031
  9     C     6.041      -0.041
 10     C     5.830       0.170
 11     H     1.041      -0.041
 12     H     1.041      -0.041
 13     H     1.041      -0.041

---------------------------------
   M Diagnostic: 0.03
---------------------------------

