Computing Integrals
Elapsed time:    3.79 Seconds

Number of basis functions                   (NBF)    = 160
Number of auxiliary basis functions         (NBFAUX) = 182
Inactive Doubly occupied orbitals up to     (NO1)    = 0
No. considered Strongly Doubly occupied MOs (NDOC)   = 8
No. considered Strongly Singly occupied MOs (NSOC)   = 0
NO. of Weakly occ. per St. Doubly occ.  MOs (NCWO)   = 19
Dimension of the Nat. Orb. subspace         (NBF5)   = 160
No. of electrons                                     = 16
    No. of alpha electrons                           = 8
    No. of beta electrons                            = 8
Multiplicity                                         = 1

Geometry
========
Al      -0.0000000       0.0000000       0.0000000
 H      -0.7926500       1.3729100       0.0000000
 H      -0.7926500      -1.3729100       0.0000000
 H       1.5853000       0.0000000       0.0000000

No violations of the orthonormality
No violations of the orthonormality
 
PNOF8/ADAM Calculation
==================
 
  Nitext  Nit_orb  Time   Nit_occ  Time         Eelec          Etot           Ediff      maxdiff    Grad_orb  Grad_occ
0.00305286882419753
0.007271365846730303
     1      10    1.7e+01   31    3.0e+01  -257.53062647  -243.93419084 -10256.53062647   0.195249   1.9e+00   2.3e-04 0.03
0.0011319079752254435
0.0022438119360196056
     2      10    1.1e+00   13    3.9e-01  -257.55648977  -243.96005413    -0.02586330   0.209194   1.9e+00   1.4e-04 0.03
0.000765674094057478
0.0014295968777382653
     3      30    3.0e+00    9    2.5e-01  -257.58287172  -243.98643609    -0.02638196   0.005987   5.0e-02   2.1e-04 0.02
0.0005321132751339164
0.001071203370509716
     4      30    2.9e+00    9    2.9e-01  -257.58520508  -243.98876945    -0.00233336   0.010955   1.1e-01   1.7e-04 0.02
0.0003485534759153719
0.0007915937299491574
     5      30    3.0e+00    6    1.7e-01  -257.58711925  -243.99068362    -0.00191417   0.010024   1.0e-01   1.7e-04 0.02
0.00031461623565804883
0.0006781755251638928
     6      30    2.7e+00   14    4.2e-01  -257.58844381  -243.99200818    -0.00132456   0.008439   1.1e-01   2.3e-04 0.02
0.00034404285518196964
0.0006032781846613425
     7      30    2.8e+00    7    2.6e-01  -257.58939111  -243.99295548    -0.00094730   0.010493   1.1e-01   1.3e-04 0.02
0.0003040428869425238
0.0005975123439909036
     8      30    3.0e+00    7    2.0e-01  -257.59004920  -243.99361356    -0.00065808   0.006797   8.9e-02   1.7e-04 0.02
0.0002864700770380739
0.0005321470349249879
     9      30    3.0e+00    7    2.6e-01  -257.59050602  -243.99407039    -0.00045682   0.008571   9.3e-02   2.0e-04 0.02
0.00023044774996727356
0.00043227207562989095
    10      30    2.8e+00    8    2.8e-01  -257.59093947  -243.99450384    -0.00043345   0.009965   8.6e-02   1.8e-04 0.02
0.0001790201133634213
0.0003408099895239124
    11      30    2.3e+00    8    1.7e-01  -257.59127077  -243.99483514    -0.00033130   0.007188   8.0e-02   1.5e-04 0.02
8.009535959308087e-5
0.0002086595797283777
    12      30    2.8e+00    4    1.2e-01  -257.59141888  -243.99498325    -0.00014811   0.007679   9.2e-02   2.7e-04 0.02
0.00012206630327342752
0.0002203108531501154
    13      30    2.9e+00    5    1.4e-01  -257.59158892  -243.99515329    -0.00017004   0.008872   9.4e-02   2.0e-04 0.02
8.572657252373843e-5
0.00019258591979367
    14      30    2.9e+00    4    1.7e-01  -257.59174875  -243.99531312    -0.00015983   0.006661   7.9e-02   1.7e-04 0.02
9.298401212154417e-5
0.00011631014665152381
    15      30    2.8e+00    1    1.7e-01  -257.59180318  -243.99536755    -0.00005443   0.005715   6.9e-02   2.2e-04 0.02
5.067314568938893e-5
0.00012373585274796443
    16      30    2.9e+00    4    1.3e-01  -257.59187122  -243.99543559    -0.00006804   0.005309   6.0e-02   1.7e-04 0.02
5.5801920858078446e-5
8.279416408236944e-5
    17      30    3.0e+00    1    9.7e-02  -257.59186444  -243.99542881     0.00000678   0.004732   6.0e-02   1.6e-04 0.02
0.0
0.0
    18      50    4.9e+00    0    8.0e-02  -257.59202339  -243.99558776    -0.00015895   0.000415   4.3e-03   1.7e-04 0.02
2.7682272365270322e-5
6.448786815770582e-5
    19      60    5.9e+00    3    1.2e-01  -257.59201840  -243.99558277     0.00000499   0.001291   1.2e-02   1.6e-04 0.02
0.0
0.0
    20      80    7.8e+00    0    5.1e-02  -257.59203447  -243.99559884    -0.00001607   0.000177   1.5e-03   1.3e-04 0.02
0.0
0.0
    21      90    8.6e+00    0    5.3e-02  -257.59203571  -243.99560008    -0.00000123   0.000327   2.1e-03   1.4e-04 0.02
0.0
0.0
    22     100    1.0e+01    0    5.9e-02  -257.59203714  -243.99560151    -0.00000143   0.000250   1.8e-03   1.5e-04 0.02
0.0
0.0
    23     110    1.0e+01    0    5.0e-02  -257.59203843  -243.99560280    -0.00000129   0.000176   1.2e-03   1.5e-04 0.02
0.0
0.0
    24     120    1.2e+01    0    7.5e-02  -257.59203936  -243.99560372    -0.00000093   0.000188   1.1e-03   1.6e-04 0.02
0.0
0.0
    25     130    1.2e+01    0    4.1e-02  -257.59204003  -243.99560440    -0.00000067   0.000166   1.0e-03   1.7e-04 0.02
0.0
0.0
    26     140    1.4e+01    0    5.1e-02  -257.59204049  -243.99560485    -0.00000046   0.000139   8.4e-04   1.7e-04 0.02
0.0
0.0
    27     150    1.4e+01    0    6.2e-02  -257.59204078  -243.99560515    -0.00000029   0.000112   6.6e-04   1.7e-04 0.02
0.0
0.0
    28     160    1.6e+01    0    4.2e-02  -257.59204100  -243.99560536    -0.00000022   0.000107   6.4e-04   1.7e-04 0.02
0.0
0.0
    29     162    1.6e+01    0    7.8e-02  -257.59204118  -243.99560555    -0.00000019   0.000098   5.9e-04   1.7e-04 0.02
 
RESULTS OF THE OCCUPATION OPTIMIZATION
========================================
   1    1.9999954  -58.54016975
   2    1.9989056  -4.91508767
   3    1.9955628  -3.23046997
   4    1.9957364  -3.22860436
   5    1.9933875  -3.22272280
   6    1.9723358  -0.50104140
   7    1.9692017  -0.49237722
   8    1.9695795  -0.49222820
   9    0.0168575  -0.02205193
  10    0.0170753  -0.02208993
  11    0.0124738  -0.02032410
  12    0.0019105  -0.01030518
  13    0.0022024  -0.01134266
  14    0.0027717  -0.02032347
  15    0.0008624  -0.00568318
  16    0.0000041  -0.00046733
  17    0.0044644  -0.00527947
  18    0.0044749  -0.00521057
  19    0.0099839  -0.01588617
  20    0.0016464  -0.00921070
  21    0.0020045  -0.01057266
  22    0.0016211  -0.00875619
  23    0.0002210  -0.00520983
  24    0.0000004  -0.00000112
  25    0.0039264  -0.00438558
  26    0.0039571  -0.00460146
  27    0.0023071  -0.00321367
  28    0.0015560  -0.00833222
  29    0.0000379  -0.00112303
  30    0.0000159  -0.00039851
  31    0.0000039  -0.00002728
  32    0.0000000  -0.00000012
  33    0.0034955  -0.00438263
  34    0.0038297  -0.00459074
  35    0.0018096  -0.00258665
  36    0.0014447  -0.00777718
  37    0.0000047  -0.00002866
  38    0.0000033  -0.00002481
  39    0.0000015  -0.00000814
  40    0.0000000  -0.00000011
  41    0.0004183  -0.00088365
  42    0.0002727  -0.00046431
  43    0.0002495  -0.00058726
  44    0.0000284  -0.00033770
  45    0.0000023  -0.00001515
  46    0.0000032  -0.00002031
  47    0.0000008  -0.00000355
  48    0.0000000  -0.00000006
  49    0.0002793  -0.00054324
  50    0.0002498  -0.00039972
  51    0.0001620  -0.00046637
  52    0.0000053  -0.00003360
  53    0.0000016  -0.00001073
  54    0.0000026  -0.00001659
  55    0.0000005  -0.00000117
  56    0.0000000  -0.00000006
  57    0.0001773  -0.00042302
  58    0.0002369  -0.00039637
  59    0.0001230  -0.00025512
  60    0.0000050  -0.00002950
  61    0.0000012  -0.00000549
  62    0.0000023  -0.00001513
  63    0.0000004  -0.00000107
  64    0.0000000  -0.00000005
  65    0.0001515  -0.00023949
  66    0.0001480  -0.00030384
  67    0.0001090  -0.00020891
  68    0.0000038  -0.00002459
  69    0.0000010  -0.00000509
  70    0.0000021  -0.00001272
  71    0.0000004  -0.00000111
  72    0.0000000  -0.00000005
  73    0.0001384  -0.00024492
  74    0.0001232  -0.00024669
  75    0.0000901  -0.00018385
  76    0.0000029  -0.00001935
  77    0.0000008  -0.00000350
  78    0.0000020  -0.00001276
  79    0.0000004  -0.00000070
  80    0.0000000  -0.00000004
  81    0.0001131  -0.00021789
  82    0.0000940  -0.00018035
  83    0.0000807  -0.00017932
  84    0.0000024  -0.00001594
  85    0.0000008  -0.00000402
  86    0.0000017  -0.00001058
  87    0.0000003  -0.00000069
  88    0.0000000  -0.00000002
  89    0.0000970  -0.00018687
  90    0.0000821  -0.00018225
  91    0.0000746  -0.00017338
  92    0.0000014  -0.00000794
  93    0.0000008  -0.00000364
  94    0.0000016  -0.00001093
  95    0.0000003  -0.00000043
  96    0.0000000  -0.00000002
  97    0.0000875  -0.00017687
  98    0.0000733  -0.00015767
  99    0.0000632  -0.00014660
 100    0.0000010  -0.00000479
 101    0.0000008  -0.00000211
 102    0.0000015  -0.00000782
 103    0.0000003  -0.00000056
 104    0.0000000  -0.00000002
 105    0.0000842  -0.00017187
 106    0.0000543  -0.00014437
 107    0.0000551  -0.00014955
 108    0.0000008  -0.00000352
 109    0.0000007  -0.00000225
 110    0.0000014  -0.00000782
 111    0.0000003  -0.00000064
 112    0.0000000  -0.00000003
 113    0.0000354  -0.00008955
 114    0.0000342  -0.00008695
 115    0.0000226  -0.00007822
 116    0.0000008  -0.00000178
 117    0.0000007  -0.00000119
 118    0.0000014  -0.00000699
 119    0.0000003  -0.00000070
 120    0.0000000  -0.00000002
 121    0.0000249  -0.00007000
 122    0.0000296  -0.00007691
 123    0.0000159  -0.00004905
 124    0.0000008  -0.00000150
 125    0.0000007  -0.00000089
 126    0.0000013  -0.00000589
 127    0.0000003  -0.00000063
 128    0.0000000  -0.00000002
 129    0.0000224  -0.00006662
 130    0.0000217  -0.00006349
 131    0.0000126  -0.00004010
 132    0.0000007  -0.00000122
 133    0.0000006  -0.00000109
 134    0.0000012  -0.00000495
 135    0.0000003  -0.00000021
 136    0.0000000  -0.00000002
 137    0.0000203  -0.00005723
 138    0.0000181  -0.00005416
 139    0.0000121  -0.00003710
 140    0.0000006  -0.00000048
 141    0.0000006  -0.00000140
 142    0.0000011  -0.00000559
 143    0.0000003  -0.00000022
 144    0.0000000  -0.00000002
 145    0.0000166  -0.00004369
 146    0.0000140  -0.00004220
 147    0.0000114  -0.00003814
 148    0.0000006  -0.00000061
 149    0.0000006  -0.00000115
 150    0.0000009  -0.00000432
 151    0.0000003  -0.00000023
 152    0.0000000  -0.00000001
 153    0.0000105  -0.00002924
 154    0.0000093  -0.00002912
 155    0.0000081  -0.00002932
 156    0.0000005  -0.00000063
 157    0.0000006  -0.00000085
 158    0.0000009  -0.00000491
 159    0.0000002  -0.00000020
 160    0.0000000  -0.00000001
 
----------------
 Final Energies 
----------------
Final NOF Total Energy =    -243.9956056
 
Total Orbital Internal Iterations = 1822
Total Occupation Internal Iterations = 141
 
Elapsed time:  261.65 Seconds

---------------------------------
   Lowdin Population Analysis    
---------------------------------
 Idx  Atom   Population   Charge 
---------------------------------
  1    Al    12.548       0.452
  2     H     1.152      -0.152
  3     H     1.152      -0.152
  4     H     1.148      -0.148

---------------------------------
   M Diagnostic: 0.02
---------------------------------

