Computing Integrals
Elapsed time:   10.18 Seconds

Number of basis functions                   (NBF)    = 879
Number of auxiliary basis functions         (NBFAUX) = 813
Inactive Doubly occupied orbitals up to     (NO1)    = 0
No. considered Strongly Doubly occupied MOs (NDOC)   = 29
No. considered Strongly Singly occupied MOs (NSOC)   = 0
NO. of Weakly occ. per St. Doubly occ.  MOs (NCWO)   = 29
Dimension of the Nat. Orb. subspace         (NBF5)   = 870
No. of electrons                                     = 58
    No. of alpha electrons                           = 29
    No. of beta electrons                            = 29
Multiplicity                                         = 1

Geometry
========
 C       0.6664000       0.2049200      -2.7642400
 H       1.2288800      -0.3087700      -1.9977200
 H       1.2280300       0.7183200      -3.5315900
 C      -0.6659800       0.2040800      -2.7643600
 H      -1.2279200      -0.3103900      -1.9978700
 H      -1.2281900       0.7167500      -3.5317200
 C      -2.5327600      -0.3725500       0.9613700
 H      -2.5622600      -0.9855700       0.0601800
 H      -2.5689000      -1.0467700       1.8169800
 H      -3.4339300       0.2384700       0.9786100
 C      -1.2713300       0.4801300       0.9971800
 H      -1.2717300       1.1002200       1.8965800
 H      -1.2629400       1.1670300       0.1481200
 C      -0.0000500      -0.3574300       0.9702400
 H      -0.0002100      -1.0441100       1.8220700
 H       0.0000900      -0.9850100       0.0736000
 C       1.2711700       0.4801500       0.9976500
 H       1.2714400       1.0999600       1.8971300
 H       1.2629700       1.1672300       0.1487400
 C       2.5326200      -0.3725700       0.9618200
 H       2.5622400      -0.9854300       0.0605100
 H       3.4338000       0.2383700       0.9794000
 H       2.5685400      -1.0470300       1.8173300

No violations of the orthonormality
No violations of the orthonormality
 
PNOF8/ADAM Calculation
==================
 
  Nitext  Nit_orb  Time   Nit_occ  Time         Eelec          Etot           Ediff      maxdiff    Grad_orb  Grad_occ
0.07643373905841488
0.1080263024910559
     1      10    1.6e+02   38    1.1e+02  -579.11134714  -275.46246050 -10578.11134714   0.534527   6.4e+00   2.6e-04 0.04
0.0016636541130150527
0.00523025114456031
     2      30    3.9e+02   28    5.8e+01  -579.62591983  -275.97703318    -0.51457268   0.103681   1.3e+00   3.2e-04 0.04
0.00035223853000955485
0.001537698197325443
     3      30    3.9e+02   19    4.4e+01  -579.52478728  -275.87590064     0.10113255   0.520454   1.1e+01   3.2e-04 0.03
0.0003352843748619626
0.0010504016418744885
     4      50    6.5e+02    8    2.3e+01  -579.65188367  -276.00299703    -0.12709639   0.037928   4.0e-01   3.9e-04 0.03
0.0002699391555245779
0.000807203527171901
     5      50    6.5e+02    8    2.3e+01  -579.65665225  -276.00776560    -0.00476858   0.033329   4.3e-01   4.1e-04 0.03
0.00017571994454017954
0.0006623868991238101
     6      50    6.5e+02   19    4.2e+01  -579.66006744  -276.01118079    -0.00341519   0.035464   3.2e-01   3.5e-04 0.03
0.00017046944177101508
0.0004949526898242141
     7      50    6.5e+02    6    2.0e+01  -579.66239751  -276.01351087    -0.00233008   0.001899   4.8e-02   3.3e-04 0.03
0.0001513265496426719
0.0004313063283089569
     8      50    6.5e+02    8    2.3e+01  -579.66363931  -276.01475267    -0.00124180   0.001763   4.5e-02   3.1e-04 0.03
0.00013497736039203012
0.00041410010625773404
     9      50    6.5e+02   10    2.7e+01  -579.66448253  -276.01559589    -0.00084322   0.002608   4.9e-02   3.3e-04 0.03
0.00011212379029734709
0.0003394425709207007
    10      50    6.5e+02    5    1.8e+01  -579.66512820  -276.01624156    -0.00064567   0.002309   4.9e-02   2.5e-04 0.03
0.0001644003216668688
0.00032487538025222334
    11      50    6.5e+02    6    2.0e+01  -579.66556682  -276.01668018    -0.00043862   0.002642   5.0e-02   2.7e-04 0.03
0.0001185236074912055
0.0003160353082760445
    12      50    6.5e+02    5    1.8e+01  -579.66591658  -276.01702993    -0.00034975   0.009446   8.7e-02   3.0e-04 0.03
0.00014988889863176702
0.0003362936540018628
    13      50    6.5e+02    6    2.0e+01  -579.66624990  -276.01736326    -0.00033333   0.002602   5.2e-02   2.7e-04 0.03
0.00013803632257791687
0.0003396658307417026
    14      50    6.5e+02    8    2.5e+01  -579.66655085  -276.01766420    -0.00030094   0.002194   5.1e-02   3.0e-04 0.03
8.892206018611582e-5
0.0003237122600894958
    15      50    6.5e+02    5    1.8e+01  -579.66683664  -276.01795000    -0.00028580   0.002599   5.2e-02   2.6e-04 0.03
9.303484825941137e-5
0.0002758081180445062
    16      50    6.5e+02    5    1.8e+01  -579.66708760  -276.01820096    -0.00025096   0.001589   4.8e-02   2.6e-04 0.03
8.650230158491201e-5
0.0002501280559825639
    17      50    6.5e+02    8    2.5e+01  -579.66729894  -276.01841230    -0.00021134   0.001618   4.6e-02   2.5e-04 0.03
6.929981704173168e-5
0.00021054790797779611
    18      50    6.5e+02    5    1.8e+01  -579.66748770  -276.01860106    -0.00018876   0.001660   4.5e-02   1.9e-04 0.03
7.33392191012022e-5
0.00020271144773453248
    19      50    6.5e+02    5    1.8e+01  -579.66760711  -276.01872047    -0.00011941   0.027683   1.6e-01   1.8e-04 0.03
7.85197472493726e-5
0.00018855790824851622
    20      50    6.5e+02    5    1.8e+01  -579.66774034  -276.01885369    -0.00013322   0.002271   4.4e-02   1.7e-04 0.03
8.117032479171976e-5
0.00018828059348568527
    21      50    6.5e+02    3    1.5e+01  -579.66777470  -276.01888805    -0.00003436   0.015606   2.0e-01   2.2e-04 0.03
8.000140110886456e-5
0.00017313681274365341
    22      50    6.5e+02    3    1.6e+01  -579.66776247  -276.01887582     0.00001223   0.045852   3.7e-01   2.1e-04 0.03
6.407180083523034e-5
0.00013637610304713995
    23      70    9.0e+02    3    1.6e+01  -579.66803717  -276.01915052    -0.00027470   0.000605   8.1e-03   1.7e-04 0.03
8.26515572063969e-5
0.00015490202307142696
    24      70    9.0e+02    3    1.6e+01  -579.66810288  -276.01921623    -0.00006571   0.001045   1.5e-02   1.7e-04 0.03
6.068189100616461e-5
0.0001391590719370204
    25      70    9.0e+02    3    1.6e+01  -579.66814707  -276.01926042    -0.00004419   0.014314   1.2e-01   1.9e-04 0.03
7.636180378278734e-5
0.0001253609279122073
    26      70    9.0e+02    1    1.1e+01  -579.66820260  -276.01931595    -0.00005553   0.007052   5.6e-02   2.1e-04 0.03
9.469158043583139e-5
0.000168121758644189
    27      70    9.0e+02    3    1.6e+01  -579.66822282  -276.01933617    -0.00002022   0.000814   1.2e-02   2.2e-04 0.03
6.234175262043173e-5
0.00011332229292125337
    28      70    9.0e+02    1    1.1e+01  -579.66825434  -276.01936770    -0.00003152   0.002153   2.6e-02   2.2e-04 0.03
4.741461431660623e-5
0.0001407330708085807
    29      70    9.0e+02    3    1.5e+01  -579.66826685  -276.01938021    -0.00001251   0.000807   1.1e-02   2.1e-04 0.03
5.2329160438180367e-5
0.00011170699791548952
    30      70    9.0e+02    1    1.1e+01  -579.66828586  -276.01939922    -0.00001901   0.000872   1.2e-02   2.1e-04 0.03
0.0
0.0
    31      70    9.0e+02    0    9.4e+00  -579.66828975  -276.01940311    -0.00000389   0.002624   3.1e-02   2.4e-04 0.03
0.0
0.0
    32      80    1.0e+03    0    9.4e+00  -579.66829459  -276.01940795    -0.00000484   0.005135   4.8e-02   2.5e-04 0.03
0.0
0.0
    33      90    1.2e+03    0    9.4e+00  -579.66830046  -276.01941381    -0.00000587   0.000554   7.8e-03   2.5e-04 0.03
0.0
0.0
    34     100    1.3e+03    0    9.4e+00  -579.66830271  -276.01941607    -0.00000225   0.000531   8.0e-03   2.5e-04 0.03
0.0
0.0
    35     110    1.4e+03    0    9.3e+00  -579.66830508  -276.01941843    -0.00000236   0.000525   7.3e-03   2.5e-04 0.03
0.0
0.0
    36     120    1.5e+03    0    9.3e+00  -579.66830743  -276.01942079    -0.00000235   0.000369   5.1e-03   2.6e-04 0.03
0.0
0.0
    37     130    1.7e+03    0    9.3e+00  -579.66830911  -276.01942247    -0.00000168   0.001210   1.2e-02   2.6e-04 0.03
0.0
0.0
    38     140    1.8e+03    0    9.4e+00  -579.66831096  -276.01942431    -0.00000184   0.000237   3.3e-03   2.7e-04 0.03
0.0
0.0
    39     150    1.9e+03    0    9.4e+00  -579.66831268  -276.01942604    -0.00000173   0.000187   2.3e-03   2.7e-04 0.03
0.0
0.0
    40     160    2.0e+03    0    9.4e+00  -579.66831414  -276.01942749    -0.00000145   0.000128   1.6e-03   2.8e-04 0.03
0.0
0.0
    41     168    2.1e+03    0    9.4e+00  -579.66831521  -276.01942856    -0.00000107   0.000098   1.2e-03   2.8e-04 0.03
 
RESULTS OF THE OCCUPATION OPTIMIZATION
========================================
   1    1.9999643  -11.23800397
   2    1.9999650  -11.23736754
   3    1.9999608  -11.22159483
   4    1.9999595  -11.22150847
   5    1.9999614  -11.22113222
   6    1.9999635  -11.21843242
   7    1.9999589  -11.21841129
   8    1.9788895  -0.89708352
   9    1.9764603  -0.73437878
  10    1.9762671  -0.72825493
  11    1.9757873  -0.71742541
  12    1.9770893  -0.70985236
  13    1.9741968  -0.69205178
  14    1.9741350  -0.69151194
  15    1.9749925  -0.68742193
  16    1.9761306  -0.68544485
  17    1.9731296  -0.68284120
  18    1.9754325  -0.67597551
  19    1.9745845  -0.67295926
  20    1.9740947  -0.66473400
  21    1.9742132  -0.66289048
  22    1.9737328  -0.66222818
  23    1.9735961  -0.66174704
  24    1.9729965  -0.65631501
  25    1.9733385  -0.65582348
  26    1.9734376  -0.65552454
  27    1.9717887  -0.64877415
  28    1.9718337  -0.64736740
  29    1.9626650  -0.40529085
  30    0.0315477  -0.03306010
  31    0.0157253  -0.02112922
  32    0.0157942  -0.02129112
  33    0.0158999  -0.02114061
  34    0.0160303  -0.02151601
  35    0.0157488  -0.02130075
  36    0.0162652  -0.02145059
  37    0.0158843  -0.02118499
  38    0.0158114  -0.02148164
  39    0.0156893  -0.02139211
  40    0.0159772  -0.02137006
  41    0.0157585  -0.02129766
  42    0.0193882  -0.03034590
  43    0.0144510  -0.02062227
  44    0.0138347  -0.02022937
  45    0.0151233  -0.02114323
  46    0.0147637  -0.02077267
  47    0.0141306  -0.02079206
  48    0.0190370  -0.03054680
  49    0.0185117  -0.03034384
  50    0.0186225  -0.03044763
  51    0.0125874  -0.02457577
  52    0.0000371  -0.00081009
  53    0.0000326  -0.00074865
  54    0.0000312  -0.00073670
  55    0.0000315  -0.00075061
  56    0.0000310  -0.00073329
  57    0.0000291  -0.00069716
  58    0.0000292  -0.00070324
  59    0.0049193  -0.00680068
  60    0.0042408  -0.00670068
  61    0.0041720  -0.00658673
  62    0.0045154  -0.00689353
  63    0.0042898  -0.00716981
  64    0.0042285  -0.00668142
  65    0.0045591  -0.00692659
  66    0.0044793  -0.00686455
  67    0.0043241  -0.00718305
  68    0.0040658  -0.00683446
  69    0.0044579  -0.00687139
  70    0.0045078  -0.00700704
  71    0.0040163  -0.00766871
  72    0.0041314  -0.00672070
  73    0.0038903  -0.00667944
  74    0.0043026  -0.00701357
  75    0.0044539  -0.00728013
  76    0.0027510  -0.00492308
  77    0.0013316  -0.00504545
  78    0.0015238  -0.00640874
  79    0.0013334  -0.00608495
  80    0.0046901  -0.00999381
  81    0.0000011  -0.00001692
  82    0.0000011  -0.00004711
  83    0.0000027  -0.00006183
  84    0.0000031  -0.00007463
  85    0.0000027  -0.00005644
  86    0.0000022  -0.00005147
  87    0.0000029  -0.00007295
  88    0.0006968  -0.00130740
  89    0.0040179  -0.00660817
  90    0.0038741  -0.00652476
  91    0.0032333  -0.00557633
  92    0.0036987  -0.00622422
  93    0.0038507  -0.00647253
  94    0.0028889  -0.00504613
  95    0.0026513  -0.00477586
  96    0.0028614  -0.00539286
  97    0.0032939  -0.00592374
  98    0.0018432  -0.00363930
  99    0.0012918  -0.00297829
 100    0.0011044  -0.00309104
 101    0.0018367  -0.00552829
 102    0.0027056  -0.00480702
 103    0.0028524  -0.00490926
 104    0.0028467  -0.00491150
 105    0.0019205  -0.00403745
 106    0.0010680  -0.00365104
 107    0.0009886  -0.00308619
 108    0.0010051  -0.00325199
 109    0.0009875  -0.00543340
 110    0.0000010  -0.00003922
 111    0.0000010  -0.00001173
 112    0.0000018  -0.00001460
 113    0.0000025  -0.00005455
 114    0.0000025  -0.00005346
 115    0.0000014  -0.00001211
 116    0.0000013  -0.00001352
 117    0.0001086  -0.00026481
 118    0.0028356  -0.00501740
 119    0.0029776  -0.00521630
 120    0.0011199  -0.00241224
 121    0.0011560  -0.00245294
 122    0.0015883  -0.00331357
 123    0.0011274  -0.00244130
 124    0.0011252  -0.00242536
 125    0.0011425  -0.00245608
 126    0.0011172  -0.00243423
 127    0.0011479  -0.00251593
 128    0.0011401  -0.00256659
 129    0.0008190  -0.00203160
 130    0.0011227  -0.00328520
 131    0.0016445  -0.00400566
 132    0.0014397  -0.00348643
 133    0.0012845  -0.00316961
 134    0.0011875  -0.00364921
 135    0.0009075  -0.00254822
 136    0.0009411  -0.00263050
 137    0.0008944  -0.00248670
 138    0.0008753  -0.00270643
 139    0.0000010  -0.00001395
 140    0.0000009  -0.00001339
 141    0.0000014  -0.00001178
 142    0.0000021  -0.00001902
 143    0.0000017  -0.00001309
 144    0.0000011  -0.00000651
 145    0.0000010  -0.00000553
 146    0.0000168  -0.00005391
 147    0.0002755  -0.00072825
 148    0.0003256  -0.00086466
 149    0.0004260  -0.00107784
 150    0.0004436  -0.00122563
 151    0.0004232  -0.00121064
 152    0.0004135  -0.00110056
 153    0.0006280  -0.00134997
 154    0.0004103  -0.00107926
 155    0.0003917  -0.00112402
 156    0.0004823  -0.00116949
 157    0.0004584  -0.00118054
 158    0.0006241  -0.00142830
 159    0.0010379  -0.00259396
 160    0.0011050  -0.00419490
 161    0.0007459  -0.00201713
 162    0.0007793  -0.00209506
 163    0.0010431  -0.00391201
 164    0.0008508  -0.00217431
 165    0.0008644  -0.00229307
 166    0.0008444  -0.00229503
 167    0.0007731  -0.00238388
 168    0.0000007  -0.00000579
 169    0.0000007  -0.00000793
 170    0.0000012  -0.00004288
 171    0.0000010  -0.00004158
 172    0.0000010  -0.00004555
 173    0.0000009  -0.00003992
 174    0.0000009  -0.00004214
 175    0.0000149  -0.00004446
 176    0.0002268  -0.00063882
 177    0.0002445  -0.00065332
 178    0.0003298  -0.00097050
 179    0.0003027  -0.00085317
 180    0.0003721  -0.00105219
 181    0.0002900  -0.00083373
 182    0.0004089  -0.00113679
 183    0.0002531  -0.00071565
 184    0.0003061  -0.00079122
 185    0.0004106  -0.00112253
 186    0.0003631  -0.00131976
 187    0.0005749  -0.00135416
 188    0.0002848  -0.00085345
 189    0.0005683  -0.00152607
 190    0.0003612  -0.00103712
 191    0.0004301  -0.00113201
 192    0.0006103  -0.00162321
 193    0.0006532  -0.00150442
 194    0.0004748  -0.00143451
 195    0.0004756  -0.00141547
 196    0.0002909  -0.00165475
 197    0.0000000  -0.00000075
 198    0.0000001  -0.00000109
 199    0.0000001  -0.00000137
 200    0.0000001  -0.00000101
 201    0.0000001  -0.00000096
 202    0.0000001  -0.00000087
 203    0.0000001  -0.00000159
 204    0.0000103  -0.00002668
 205    0.0001865  -0.00050263
 206    0.0001795  -0.00048609
 207    0.0002389  -0.00064132
 208    0.0001965  -0.00058660
 209    0.0002003  -0.00054292
 210    0.0002178  -0.00063690
 211    0.0002997  -0.00087583
 212    0.0002398  -0.00074575
 213    0.0002530  -0.00073419
 214    0.0002671  -0.00087349
 215    0.0002248  -0.00072993
 216    0.0000838  -0.00026065
 217    0.0002795  -0.00105666
 218    0.0003538  -0.00100323
 219    0.0002600  -0.00066951
 220    0.0003640  -0.00102809
 221    0.0003620  -0.00146244
 222    0.0000878  -0.00028224
 223    0.0000884  -0.00028885
 224    0.0000820  -0.00027575
 225    0.0002703  -0.00122207
 226    0.0000000  -0.00000068
 227    0.0000000  -0.00000076
 228    0.0000001  -0.00000083
 229    0.0000001  -0.00000085
 230    0.0000000  -0.00000058
 231    0.0000000  -0.00000048
 232    0.0000000  -0.00000073
 233    0.0000050  -0.00001312
 234    0.0001565  -0.00043066
 235    0.0001345  -0.00041148
 236    0.0002190  -0.00060228
 237    0.0001093  -0.00033747
 238    0.0001588  -0.00046030
 239    0.0001517  -0.00050541
 240    0.0002461  -0.00063433
 241    0.0001965  -0.00058636
 242    0.0002238  -0.00074509
 243    0.0002311  -0.00062346
 244    0.0002192  -0.00065182
 245    0.0000606  -0.00020201
 246    0.0001755  -0.00067415
 247    0.0002556  -0.00079939
 248    0.0001986  -0.00051460
 249    0.0002788  -0.00080707
 250    0.0002237  -0.00095964
 251    0.0000702  -0.00022536
 252    0.0000677  -0.00022598
 253    0.0000637  -0.00022024
 254    0.0001589  -0.00054765
 255    0.0000000  -0.00000039
 256    0.0000000  -0.00000046
 257    0.0000000  -0.00000060
 258    0.0000000  -0.00000048
 259    0.0000000  -0.00000049
 260    0.0000000  -0.00000038
 261    0.0000000  -0.00000045
 262    0.0000043  -0.00000734
 263    0.0001009  -0.00029990
 264    0.0001340  -0.00041002
 265    0.0001376  -0.00046810
 266    0.0001024  -0.00029395
 267    0.0000946  -0.00028087
 268    0.0001133  -0.00032884
 269    0.0001115  -0.00034353
 270    0.0001494  -0.00059997
 271    0.0001249  -0.00043307
 272    0.0001480  -0.00053604
 273    0.0001461  -0.00066967
 274    0.0000453  -0.00016017
 275    0.0001419  -0.00058649
 276    0.0001689  -0.00048342
 277    0.0001277  -0.00040915
 278    0.0001217  -0.00039193
 279    0.0001752  -0.00054388
 280    0.0000584  -0.00019027
 281    0.0000434  -0.00016790
 282    0.0000431  -0.00016660
 283    0.0000959  -0.00034608
 284    0.0000000  -0.00000033
 285    0.0000000  -0.00000037
 286    0.0000000  -0.00000036
 287    0.0000000  -0.00000041
 288    0.0000000  -0.00000042
 289    0.0000000  -0.00000031
 290    0.0000000  -0.00000033
 291    0.0000021  -0.00000368
 292    0.0000890  -0.00026724
 293    0.0000803  -0.00024373
 294    0.0001077  -0.00029745
 295    0.0000872  -0.00027039
 296    0.0000811  -0.00024290
 297    0.0000957  -0.00027329
 298    0.0000853  -0.00024990
 299    0.0000883  -0.00027883
 300    0.0001030  -0.00030400
 301    0.0001059  -0.00029846
 302    0.0001089  -0.00032331
 303    0.0000399  -0.00014761
 304    0.0000970  -0.00029967
 305    0.0001023  -0.00035212
 306    0.0000938  -0.00028617
 307    0.0001036  -0.00031279
 308    0.0001248  -0.00048751
 309    0.0000361  -0.00013774
 310    0.0000424  -0.00016026
 311    0.0000410  -0.00016086
 312    0.0000788  -0.00025458
 313    0.0000000  -0.00000026
 314    0.0000000  -0.00000027
 315    0.0000000  -0.00000030
 316    0.0000000  -0.00000029
 317    0.0000000  -0.00000036
 318    0.0000000  -0.00000031
 319    0.0000000  -0.00000027
 320    0.0000015  -0.00000166
 321    0.0000558  -0.00017864
 322    0.0000569  -0.00018482
 323    0.0000868  -0.00025885
 324    0.0000540  -0.00017945
 325    0.0000512  -0.00017403
 326    0.0000708  -0.00022622
 327    0.0000562  -0.00017801
 328    0.0000706  -0.00023216
 329    0.0000735  -0.00023615
 330    0.0000837  -0.00026218
 331    0.0000815  -0.00025242
 332    0.0000319  -0.00011864
 333    0.0000740  -0.00023450
 334    0.0000807  -0.00026264
 335    0.0000766  -0.00025060
 336    0.0000820  -0.00025807
 337    0.0000749  -0.00025110
 338    0.0000312  -0.00011501
 339    0.0000329  -0.00012547
 340    0.0000370  -0.00014584
 341    0.0000483  -0.00017259
 342    0.0000000  -0.00000018
 343    0.0000000  -0.00000017
 344    0.0000000  -0.00000027
 345    0.0000000  -0.00000030
 346    0.0000000  -0.00000036
 347    0.0000000  -0.00000027
 348    0.0000000  -0.00000022
 349    0.0000012  -0.00000172
 350    0.0000504  -0.00016255
 351    0.0000479  -0.00016398
 352    0.0000558  -0.00017507
 353    0.0000484  -0.00016448
 354    0.0000466  -0.00016141
 355    0.0000552  -0.00018197
 356    0.0000485  -0.00016388
 357    0.0000630  -0.00020927
 358    0.0000610  -0.00019716
 359    0.0000548  -0.00017575
 360    0.0000493  -0.00017004
 361    0.0000287  -0.00010914
 362    0.0000550  -0.00018687
 363    0.0000744  -0.00023831
 364    0.0000564  -0.00018728
 365    0.0000690  -0.00022821
 366    0.0000699  -0.00023624
 367    0.0000289  -0.00011478
 368    0.0000317  -0.00012080
 369    0.0000303  -0.00011989
 370    0.0000383  -0.00014092
 371    0.0000000  -0.00000014
 372    0.0000000  -0.00000014
 373    0.0000000  -0.00000017
 374    0.0000000  -0.00000020
 375    0.0000000  -0.00000036
 376    0.0000000  -0.00000027
 377    0.0000000  -0.00000021
 378    0.0000009  -0.00000161
 379    0.0000365  -0.00013384
 380    0.0000473  -0.00016023
 381    0.0000401  -0.00014546
 382    0.0000363  -0.00014072
 383    0.0000394  -0.00014132
 384    0.0000446  -0.00015720
 385    0.0000395  -0.00014659
 386    0.0000591  -0.00020091
 387    0.0000495  -0.00016622
 388    0.0000423  -0.00015775
 389    0.0000404  -0.00014969
 390    0.0000123  -0.00005128
 391    0.0000418  -0.00015905
 392    0.0000499  -0.00017187
 393    0.0000422  -0.00015104
 394    0.0000518  -0.00017375
 395    0.0000467  -0.00017277
 396    0.0000109  -0.00004938
 397    0.0000179  -0.00008083
 398    0.0000117  -0.00005406
 399    0.0000314  -0.00011961
 400    0.0000000  -0.00000010
 401    0.0000000  -0.00000014
 402    0.0000000  -0.00000013
 403    0.0000000  -0.00000017
 404    0.0000000  -0.00000021
 405    0.0000000  -0.00000025
 406    0.0000000  -0.00000019
 407    0.0000008  -0.00000187
 408    0.0000352  -0.00012715
 409    0.0000293  -0.00011199
 410    0.0000385  -0.00013982
 411    0.0000305  -0.00011698
 412    0.0000256  -0.00009943
 413    0.0000260  -0.00010550
 414    0.0000365  -0.00013481
 415    0.0000317  -0.00012655
 416    0.0000349  -0.00013079
 417    0.0000399  -0.00014394
 418    0.0000360  -0.00014097
 419    0.0000102  -0.00004510
 420    0.0000304  -0.00012336
 421    0.0000350  -0.00013265
 422    0.0000341  -0.00012431
 423    0.0000305  -0.00012055
 424    0.0000326  -0.00013350
 425    0.0000087  -0.00004216
 426    0.0000152  -0.00007083
 427    0.0000101  -0.00004898
 428    0.0000262  -0.00011439
 429    0.0000000  -0.00000007
 430    0.0000000  -0.00000007
 431    0.0000000  -0.00000012
 432    0.0000000  -0.00000014
 433    0.0000000  -0.00000020
 434    0.0000000  -0.00000024
 435    0.0000000  -0.00000020
 436    0.0000007  -0.00000182
 437    0.0000267  -0.00010445
 438    0.0000245  -0.00009225
 439    0.0000230  -0.00009150
 440    0.0000210  -0.00008461
 441    0.0000202  -0.00008219
 442    0.0000170  -0.00006863
 443    0.0000339  -0.00012835
 444    0.0000195  -0.00007964
 445    0.0000255  -0.00010437
 446    0.0000266  -0.00010727
 447    0.0000279  -0.00010941
 448    0.0000063  -0.00002923
 449    0.0000238  -0.00009677
 450    0.0000309  -0.00012189
 451    0.0000322  -0.00012374
 452    0.0000294  -0.00011157
 453    0.0000318  -0.00012598
 454    0.0000081  -0.00003980
 455    0.0000147  -0.00006547
 456    0.0000095  -0.00004670
 457    0.0000231  -0.00009741
 458    0.0000000  -0.00000007
 459    0.0000000  -0.00000006
 460    0.0000000  -0.00000012
 461    0.0000000  -0.00000014
 462    0.0000000  -0.00000015
 463    0.0000000  -0.00000024
 464    0.0000000  -0.00000017
 465    0.0000006  -0.00000160
 466    0.0000227  -0.00008809
 467    0.0000193  -0.00007735
 468    0.0000205  -0.00008212
 469    0.0000113  -0.00004753
 470    0.0000147  -0.00005831
 471    0.0000140  -0.00005672
 472    0.0000230  -0.00009205
 473    0.0000132  -0.00005824
 474    0.0000176  -0.00007478
 475    0.0000231  -0.00009022
 476    0.0000174  -0.00007224
 477    0.0000046  -0.00002084
 478    0.0000165  -0.00007132
 479    0.0000215  -0.00008883
 480    0.0000217  -0.00008709
 481    0.0000229  -0.00008998
 482    0.0000250  -0.00010285
 483    0.0000055  -0.00002920
 484    0.0000104  -0.00004849
 485    0.0000079  -0.00003986
 486    0.0000204  -0.00009182
 487    0.0000000  -0.00000007
 488    0.0000000  -0.00000006
 489    0.0000000  -0.00000011
 490    0.0000000  -0.00000013
 491    0.0000000  -0.00000015
 492    0.0000000  -0.00000023
 493    0.0000000  -0.00000017
 494    0.0000005  -0.00000158
 495    0.0000165  -0.00006556
 496    0.0000140  -0.00005706
 497    0.0000166  -0.00006970
 498    0.0000096  -0.00004256
 499    0.0000116  -0.00004808
 500    0.0000112  -0.00004640
 501    0.0000202  -0.00007849
 502    0.0000118  -0.00005051
 503    0.0000151  -0.00006402
 504    0.0000158  -0.00006579
 505    0.0000148  -0.00006231
 506    0.0000037  -0.00001543
 507    0.0000124  -0.00005627
 508    0.0000191  -0.00007790
 509    0.0000185  -0.00007076
 510    0.0000193  -0.00007791
 511    0.0000211  -0.00009058
 512    0.0000036  -0.00001578
 513    0.0000099  -0.00004747
 514    0.0000044  -0.00002287
 515    0.0000147  -0.00006567
 516    0.0000000  -0.00000006
 517    0.0000000  -0.00000005
 518    0.0000000  -0.00000011
 519    0.0000000  -0.00000011
 520    0.0000000  -0.00000014
 521    0.0000000  -0.00000024
 522    0.0000000  -0.00000017
 523    0.0000004  -0.00000157
 524    0.0000107  -0.00004302
 525    0.0000115  -0.00004798
 526    0.0000103  -0.00004446
 527    0.0000063  -0.00002946
 528    0.0000097  -0.00004264
 529    0.0000091  -0.00003957
 530    0.0000151  -0.00006096
 531    0.0000090  -0.00004032
 532    0.0000106  -0.00004564
 533    0.0000130  -0.00005332
 534    0.0000124  -0.00005443
 535    0.0000026  -0.00000958
 536    0.0000119  -0.00005289
 537    0.0000148  -0.00006104
 538    0.0000156  -0.00006358
 539    0.0000143  -0.00005805
 540    0.0000162  -0.00006904
 541    0.0000027  -0.00001223
 542    0.0000080  -0.00004023
 543    0.0000034  -0.00001635
 544    0.0000130  -0.00005976
 545    0.0000000  -0.00000005
 546    0.0000000  -0.00000005
 547    0.0000000  -0.00000010
 548    0.0000000  -0.00000011
 549    0.0000000  -0.00000011
 550    0.0000000  -0.00000023
 551    0.0000000  -0.00000016
 552    0.0000004  -0.00000152
 553    0.0000094  -0.00003933
 554    0.0000088  -0.00003736
 555    0.0000094  -0.00004068
 556    0.0000058  -0.00002673
 557    0.0000079  -0.00003666
 558    0.0000078  -0.00003588
 559    0.0000126  -0.00005198
 560    0.0000078  -0.00003637
 561    0.0000100  -0.00004445
 562    0.0000100  -0.00004576
 563    0.0000108  -0.00004860
 564    0.0000022  -0.00000740
 565    0.0000103  -0.00004643
 566    0.0000098  -0.00004334
 567    0.0000125  -0.00005308
 568    0.0000124  -0.00005160
 569    0.0000141  -0.00006091
 570    0.0000022  -0.00000886
 571    0.0000062  -0.00003167
 572    0.0000029  -0.00001355
 573    0.0000119  -0.00005345
 574    0.0000000  -0.00000005
 575    0.0000000  -0.00000004
 576    0.0000000  -0.00000010
 577    0.0000000  -0.00000010
 578    0.0000000  -0.00000009
 579    0.0000000  -0.00000023
 580    0.0000000  -0.00000015
 581    0.0000003  -0.00000141
 582    0.0000086  -0.00003775
 583    0.0000074  -0.00003379
 584    0.0000075  -0.00003428
 585    0.0000039  -0.00001611
 586    0.0000069  -0.00003092
 587    0.0000045  -0.00002021
 588    0.0000104  -0.00004450
 589    0.0000049  -0.00002278
 590    0.0000081  -0.00003778
 591    0.0000082  -0.00003779
 592    0.0000100  -0.00004410
 593    0.0000016  -0.00000375
 594    0.0000073  -0.00003683
 595    0.0000091  -0.00004060
 596    0.0000118  -0.00004870
 597    0.0000108  -0.00004363
 598    0.0000124  -0.00005406
 599    0.0000018  -0.00000646
 600    0.0000057  -0.00003042
 601    0.0000024  -0.00000966
 602    0.0000104  -0.00004847
 603    0.0000000  -0.00000004
 604    0.0000000  -0.00000004
 605    0.0000000  -0.00000009
 606    0.0000000  -0.00000010
 607    0.0000000  -0.00000009
 608    0.0000000  -0.00000022
 609    0.0000000  -0.00000014
 610    0.0000003  -0.00000143
 611    0.0000070  -0.00003166
 612    0.0000065  -0.00002964
 613    0.0000059  -0.00002682
 614    0.0000031  -0.00001242
 615    0.0000053  -0.00002272
 616    0.0000041  -0.00001790
 617    0.0000097  -0.00004135
 618    0.0000040  -0.00001744
 619    0.0000060  -0.00002932
 620    0.0000050  -0.00002277
 621    0.0000083  -0.00003992
 622    0.0000015  -0.00000365
 623    0.0000063  -0.00003206
 624    0.0000067  -0.00003329
 625    0.0000091  -0.00004021
 626    0.0000074  -0.00003521
 627    0.0000074  -0.00003902
 628    0.0000015  -0.00000434
 629    0.0000051  -0.00002771
 630    0.0000022  -0.00000904
 631    0.0000102  -0.00004767
 632    0.0000000  -0.00000004
 633    0.0000000  -0.00000004
 634    0.0000000  -0.00000009
 635    0.0000000  -0.00000010
 636    0.0000000  -0.00000009
 637    0.0000000  -0.00000022
 638    0.0000000  -0.00000014
 639    0.0000002  -0.00000131
 640    0.0000067  -0.00002947
 641    0.0000054  -0.00002396
 642    0.0000043  -0.00001927
 643    0.0000029  -0.00001153
 644    0.0000040  -0.00001668
 645    0.0000034  -0.00001397
 646    0.0000076  -0.00003614
 647    0.0000034  -0.00001411
 648    0.0000057  -0.00002764
 649    0.0000044  -0.00002209
 650    0.0000076  -0.00003595
 651    0.0000014  -0.00000307
 652    0.0000043  -0.00002237
 653    0.0000061  -0.00002946
 654    0.0000066  -0.00003188
 655    0.0000064  -0.00003119
 656    0.0000064  -0.00003553
 657    0.0000013  -0.00000363
 658    0.0000046  -0.00002481
 659    0.0000020  -0.00000798
 660    0.0000095  -0.00004437
 661    0.0000000  -0.00000004
 662    0.0000000  -0.00000004
 663    0.0000000  -0.00000008
 664    0.0000000  -0.00000010
 665    0.0000000  -0.00000009
 666    0.0000000  -0.00000022
 667    0.0000000  -0.00000013
 668    0.0000002  -0.00000128
 669    0.0000051  -0.00002049
 670    0.0000046  -0.00001718
 671    0.0000037  -0.00001546
 672    0.0000026  -0.00000950
 673    0.0000036  -0.00001420
 674    0.0000034  -0.00001313
 675    0.0000064  -0.00002927
 676    0.0000031  -0.00001256
 677    0.0000044  -0.00002049
 678    0.0000037  -0.00001590
 679    0.0000071  -0.00003560
 680    0.0000012  -0.00000269
 681    0.0000041  -0.00002093
 682    0.0000051  -0.00002548
 683    0.0000046  -0.00002114
 684    0.0000056  -0.00002740
 685    0.0000052  -0.00002817
 686    0.0000010  -0.00000252
 687    0.0000045  -0.00002245
 688    0.0000019  -0.00000786
 689    0.0000081  -0.00004183
 690    0.0000000  -0.00000004
 691    0.0000000  -0.00000004
 692    0.0000000  -0.00000008
 693    0.0000000  -0.00000009
 694    0.0000000  -0.00000009
 695    0.0000000  -0.00000021
 696    0.0000000  -0.00000014
 697    0.0000002  -0.00000126
 698    0.0000046  -0.00001831
 699    0.0000033  -0.00001155
 700    0.0000031  -0.00001230
 701    0.0000021  -0.00000764
 702    0.0000031  -0.00001161
 703    0.0000026  -0.00000982
 704    0.0000063  -0.00003011
 705    0.0000024  -0.00000868
 706    0.0000034  -0.00001383
 707    0.0000036  -0.00001583
 708    0.0000057  -0.00002970
 709    0.0000011  -0.00000244
 710    0.0000035  -0.00001636
 711    0.0000042  -0.00002008
 712    0.0000046  -0.00002048
 713    0.0000048  -0.00002247
 714    0.0000049  -0.00002613
 715    0.0000010  -0.00000266
 716    0.0000037  -0.00001825
 717    0.0000017  -0.00000590
 718    0.0000078  -0.00003913
 719    0.0000000  -0.00000004
 720    0.0000000  -0.00000003
 721    0.0000000  -0.00000007
 722    0.0000000  -0.00000009
 723    0.0000000  -0.00000009
 724    0.0000000  -0.00000020
 725    0.0000000  -0.00000013
 726    0.0000002  -0.00000122
 727    0.0000043  -0.00001671
 728    0.0000024  -0.00000785
 729    0.0000027  -0.00000994
 730    0.0000020  -0.00000633
 731    0.0000019  -0.00000594
 732    0.0000019  -0.00000586
 733    0.0000055  -0.00002574
 734    0.0000020  -0.00000690
 735    0.0000027  -0.00001071
 736    0.0000028  -0.00001171
 737    0.0000050  -0.00002507
 738    0.0000010  -0.00000223
 739    0.0000028  -0.00001234
 740    0.0000032  -0.00001373
 741    0.0000040  -0.00001741
 742    0.0000036  -0.00001472
 743    0.0000035  -0.00001750
 744    0.0000009  -0.00000248
 745    0.0000036  -0.00001718
 746    0.0000016  -0.00000552
 747    0.0000073  -0.00004250
 748    0.0000000  -0.00000004
 749    0.0000000  -0.00000003
 750    0.0000000  -0.00000007
 751    0.0000000  -0.00000009
 752    0.0000000  -0.00000008
 753    0.0000000  -0.00000019
 754    0.0000000  -0.00000012
 755    0.0000002  -0.00000113
 756    0.0000039  -0.00001496
 757    0.0000017  -0.00000441
 758    0.0000022  -0.00000719
 759    0.0000018  -0.00000505
 760    0.0000017  -0.00000453
 761    0.0000018  -0.00000492
 762    0.0000047  -0.00002131
 763    0.0000014  -0.00000375
 764    0.0000025  -0.00000963
 765    0.0000021  -0.00000716
 766    0.0000047  -0.00002215
 767    0.0000009  -0.00000233
 768    0.0000024  -0.00000948
 769    0.0000026  -0.00001041
 770    0.0000032  -0.00001260
 771    0.0000027  -0.00000989
 772    0.0000033  -0.00001485
 773    0.0000008  -0.00000218
 774    0.0000034  -0.00001585
 775    0.0000015  -0.00000489
 776    0.0000059  -0.00003947
 777    0.0000000  -0.00000004
 778    0.0000000  -0.00000004
 779    0.0000000  -0.00000007
 780    0.0000000  -0.00000009
 781    0.0000000  -0.00000007
 782    0.0000000  -0.00000020
 783    0.0000000  -0.00000013
 784    0.0000002  -0.00000111
 785    0.0000027  -0.00000914
 786    0.0000016  -0.00000368
 787    0.0000020  -0.00000634
 788    0.0000013  -0.00000303
 789    0.0000014  -0.00000326
 790    0.0000014  -0.00000319
 791    0.0000045  -0.00001962
 792    0.0000013  -0.00000310
 793    0.0000022  -0.00000818
 794    0.0000020  -0.00000764
 795    0.0000037  -0.00001739
 796    0.0000009  -0.00000229
 797    0.0000015  -0.00000427
 798    0.0000022  -0.00000858
 799    0.0000024  -0.00000847
 800    0.0000017  -0.00000584
 801    0.0000028  -0.00001275
 802    0.0000008  -0.00000213
 803    0.0000031  -0.00001433
 804    0.0000014  -0.00000443
 805    0.0000059  -0.00003911
 806    0.0000000  -0.00000004
 807    0.0000000  -0.00000004
 808    0.0000000  -0.00000006
 809    0.0000000  -0.00000009
 810    0.0000000  -0.00000007
 811    0.0000000  -0.00000019
 812    0.0000000  -0.00000012
 813    0.0000002  -0.00000110
 814    0.0000026  -0.00000889
 815    0.0000016  -0.00000412
 816    0.0000014  -0.00000343
 817    0.0000013  -0.00000285
 818    0.0000013  -0.00000276
 819    0.0000013  -0.00000319
 820    0.0000037  -0.00001560
 821    0.0000011  -0.00000255
 822    0.0000021  -0.00000766
 823    0.0000017  -0.00000561
 824    0.0000035  -0.00001505
 825    0.0000008  -0.00000212
 826    0.0000013  -0.00000318
 827    0.0000019  -0.00000746
 828    0.0000021  -0.00000786
 829    0.0000012  -0.00000291
 830    0.0000021  -0.00000893
 831    0.0000007  -0.00000201
 832    0.0000031  -0.00001385
 833    0.0000014  -0.00000397
 834    0.0000049  -0.00002585
 835    0.0000000  -0.00000004
 836    0.0000000  -0.00000003
 837    0.0000000  -0.00000006
 838    0.0000000  -0.00000009
 839    0.0000000  -0.00000007
 840    0.0000000  -0.00000019
 841    0.0000000  -0.00000012
 842    0.0000002  -0.00000110
 843    0.0000023  -0.00000670
 844    0.0000012  -0.00000270
 845    0.0000011  -0.00000253
 846    0.0000011  -0.00000273
 847    0.0000011  -0.00000241
 848    0.0000012  -0.00000256
 849    0.0000035  -0.00001405
 850    0.0000009  -0.00000238
 851    0.0000016  -0.00000474
 852    0.0000016  -0.00000455
 853    0.0000027  -0.00001092
 854    0.0000008  -0.00000193
 855    0.0000010  -0.00000266
 856    0.0000015  -0.00000404
 857    0.0000016  -0.00000519
 858    0.0000011  -0.00000266
 859    0.0000018  -0.00000765
 860    0.0000006  -0.00000191
 861    0.0000028  -0.00001224
 862    0.0000013  -0.00000365
 863    0.0000048  -0.00002576
 864    0.0000000  -0.00000004
 865    0.0000000  -0.00000003
 866    0.0000000  -0.00000006
 867    0.0000000  -0.00000008
 868    0.0000000  -0.00000007
 869    0.0000000  -0.00000019
 870    0.0000000  -0.00000012
 
----------------
 Final Energies 
----------------
Final NOF Total Energy =    -276.0194286
 
Total Orbital Internal Iterations = 2898
Total Occupation Internal Iterations = 231
 
Elapsed time: 39649.53 Seconds

---------------------------------
   Lowdin Population Analysis    
---------------------------------
 Idx  Atom   Population   Charge 
---------------------------------
  1     C     5.822       0.178
  2     H     1.086      -0.086
  3     H     1.087      -0.087
  4     C     5.822       0.178
  5     H     1.087      -0.087
  6     H     1.087      -0.087
  7     C     5.787       0.213
  8     H     1.062      -0.062
  9     H     1.060      -0.060
 10     H     1.063      -0.063
 11     C     5.929       0.071
 12     H     1.049      -0.049
 13     H     1.048      -0.048
 14     C     5.925       0.075
 15     H     1.043      -0.043
 16     H     1.044      -0.044
 17     C     5.928       0.072
 18     H     1.049      -0.049
 19     H     1.048      -0.048
 20     C     5.788       0.212
 21     H     1.063      -0.063
 22     H     1.063      -0.063
 23     H     1.060      -0.060

---------------------------------
   M Diagnostic: 0.03
---------------------------------

