Computing Integrals
Elapsed time:   22.54 Seconds

Number of basis functions                   (NBF)    = 1392
Number of auxiliary basis functions         (NBFAUX) = 1496
Inactive Doubly occupied orbitals up to     (NO1)    = 0
No. considered Strongly Doubly occupied MOs (NDOC)   = 59
No. considered Strongly Singly occupied MOs (NSOC)   = 0
NO. of Weakly occ. per St. Doubly occ.  MOs (NCWO)   = 22
Dimension of the Nat. Orb. subspace         (NBF5)   = 1357
No. of electrons                                     = 118
    No. of alpha electrons                           = 59
    No. of beta electrons                            = 59
Multiplicity                                         = 1

Geometry
========
 N       0.5778100       0.6203200       1.0448400
 C       0.7949500      -0.7310900       0.5365500
 C       2.2613900      -1.1098800       0.3092900
 O       2.6959400      -2.1654200       0.7613900
 C      -0.0420900      -1.0320400      -0.7203200
 C      -1.4880000      -0.7070200      -0.4863100
 C      -2.0469000       0.4681700      -0.9965500
 C      -2.2859600      -1.5440600       0.3000500
 C      -3.3733200       0.8011800      -0.7252600
 C      -3.6111500      -1.2149600       0.5740100
 C      -4.1574400      -0.0377400       0.0640300
 H       0.1559900       0.6878500       1.9549000
 H       0.4641800      -1.3984600       1.3297300
 H       0.0894900      -2.0932500      -0.9389300
 H       0.3432600      -0.4610900      -1.5622400
 H      -1.4363300       1.1180300      -1.6114200
 H      -1.8675900      -2.4644300       0.6911500
 H      -3.7943100       1.7102400      -1.1338500
 H      -4.2174000      -1.8768500       1.1776900
 H      -5.1871200       0.2179800       0.2732100
 N       2.9674800      -0.2417000      -0.4439500
 H       2.4805200       0.5797900      -0.7868000
 C       4.3524400      -0.4816700      -0.7837200
 H       4.5001300      -0.4000200      -1.8586200
 H       5.0125600       0.2257000      -0.2832300
 H       4.6038000      -1.4873200      -0.4610800
 C       0.6168100       1.7587200       0.3132700
 O       1.0689600       1.8068100      -0.8330700
 C       0.0351900       2.9743000       0.9880500
 H       0.0958000       2.9196500       2.0726900
 H      -1.0140000       3.0516800       0.7028800
 H       0.5560000       3.8578600       0.6335900

No violations of the orthonormality
No violations of the orthonormality
 
PNOF5/ADAM Calculation
==================
 
  Nitext  Nit_orb  Time   Nit_occ  Time         Eelec          Etot           Ediff      maxdiff    Grad_orb  Grad_occ
0.0030881856369340266
0.014987381407120406
     1      10    4.6e+02   13    8.2e+01 -1826.39444938  -711.52421587 -11825.39444938   3.104399   6.5e+01   3.7e-04 0.02
0.002300939928564452
0.008847248658023308
     2      30    1.2e+03    9    4.7e+01 -1837.96771903  -723.09748553   -11.57326965   0.090946   2.1e+00   3.2e-04 0.02
0.0020101442290837435
0.005851291079190565
     3      30    1.2e+03    6    4.1e+01 -1838.81924339  -723.94900988    -0.85152436   0.026290   3.6e-01   3.9e-04 0.02
0.0009044141075035261
0.003021417862816997
     4      30    1.3e+03    6    4.1e+01 -1838.83206837  -723.96183487    -0.01282498   0.008585   3.2e-01   2.9e-04 0.02
0.00044666980062857495
0.001161422265396743
     5      30    1.2e+03    3    3.4e+01 -1838.83361136  -723.96337786    -0.00154299   0.007664   3.0e-01   2.6e-04 0.02
0.00022182265480302603
0.0006018348132094894
     6      30    1.2e+03    3    3.4e+01 -1838.83437127  -723.96413777    -0.00075991   0.006876   2.7e-01   2.3e-04 0.02
0.0
0.0
     7      30    1.3e+03    0    2.7e+01 -1838.83477985  -723.96454634    -0.00040858   0.005762   2.5e-01   3.3e-04 0.02
0.00010315741986377525
0.00024142814951467993
     8      40    1.6e+03    1    2.9e+01 -1838.83648378  -723.96625027    -0.00170393   0.003933   1.5e-01   1.7e-04 0.02
0.0
0.0
     9      40    1.7e+03    0    2.7e+01 -1838.83636999  -723.96613649     0.00011378   0.005150   1.6e-01   3.3e-04 0.02
0.00012530956310219388
0.0003345784626269099
    10      70    2.8e+03    1    2.9e+01 -1838.83768953  -723.96745602    -0.00131954   0.001284   1.8e-02   2.0e-04 0.02
0.0
0.0
    11      70    2.9e+03    0    2.7e+01 -1838.83766812  -723.96743462     0.00002141   0.002618   3.4e-02   1.9e-04 0.02
0.0
0.0
    12     100    4.1e+03    0    2.7e+01 -1838.83771186  -723.96747835    -0.00004373   0.000423   5.9e-03   1.9e-04 0.02
0.0
0.0
    13     110    4.4e+03    0    2.7e+01 -1838.83771170  -723.96747819     0.00000016   0.000283   6.0e-03   1.9e-04 0.02
0.0
0.0
    14     118    4.7e+03    0    2.7e+01 -1838.83771356  -723.96748006    -0.00000187   0.000100   2.4e-03   1.9e-04 0.02
 
RESULTS OF THE OCCUPATION OPTIMIZATION
========================================
   1    1.9997858  -20.52512948
   2    1.9997863  -20.49876470
   3    1.9996431  -15.59140230
   4    1.9996433  -15.55337436
   5    1.9994299  -11.36117316
   6    1.9994257  -11.33160177
   7    1.9994296  -11.28177753
   8    1.9994369  -11.24839946
   9    1.9994284  -11.24495573
  10    1.9994441  -11.23397026
  11    1.9994469  -11.23274908
  12    1.9994469  -11.23268991
  13    1.9994313  -11.23230272
  14    1.9994471  -11.23071284
  15    1.9994442  -11.22972388
  16    1.9994432  -11.22840929
  17    1.9890268  -0.96343977
  18    1.9894895  -0.93040070
  19    1.9856376  -0.89127067
  20    1.9815344  -0.86976365
  21    1.9861600  -0.86382302
  22    1.9829459  -0.85481341
  23    1.9826645  -0.84913835
  24    1.9838377  -0.83730595
  25    1.9891671  -0.83491929
  26    1.9891175  -0.83426351
  27    1.9890260  -0.83228255
  28    1.9829717  -0.82934355
  29    1.9826649  -0.81960687
  30    1.9854150  -0.81179703
  31    1.9841184  -0.78925923
  32    1.9858167  -0.76726656
  33    1.9911284  -0.75888073
  34    1.9847080  -0.74662171
  35    1.9901485  -0.73580805
  36    1.9786078  -0.71501020
  37    1.9781551  -0.71333357
  38    1.9902296  -0.71020485
  39    1.9787932  -0.70952011
  40    1.9781970  -0.70799940
  41    1.9782136  -0.70786115
  42    1.9782535  -0.70756697
  43    1.9899911  -0.70719700
  44    1.9782136  -0.70701498
  45    1.9786820  -0.70697327
  46    1.9786991  -0.70558947
  47    1.9790334  -0.68958709
  48    1.9783291  -0.68920185
  49    1.9779022  -0.68442189
  50    1.9789868  -0.68279347
  51    1.9778069  -0.67866969
  52    1.9838342  -0.64687108
  53    1.9835015  -0.64382830
  54    1.9833102  -0.64131430
  55    1.9827748  -0.63316439
  56    1.9828830  -0.62765710
  57    1.9823735  -0.62323496
  58    1.9877141  -0.61086432
  59    1.9877266  -0.57125167
  60    0.0096721  -0.00802089
  61    0.0099766  -0.00855712
  62    0.0145845  -0.01045472
  63    0.0140743  -0.01026417
  64    0.0142714  -0.01047848
  65    0.0138035  -0.01031753
  66    0.0133855  -0.01013333
  67    0.0129712  -0.00995522
  68    0.0142447  -0.01165366
  69    0.0135432  -0.01132743
  70    0.0142126  -0.01167907
  71    0.0141050  -0.01160382
  72    0.0137496  -0.01146404
  73    0.0134582  -0.01137808
  74    0.0135932  -0.01142312
  75    0.0137138  -0.01151042
  76    0.0077719  -0.00900311
  77    0.0136968  -0.01150488
  78    0.0137576  -0.01154197
  79    0.0137803  -0.01155216
  80    0.0135862  -0.01136520
  81    0.0075547  -0.00885010
  82    0.0143971  -0.01211542
  83    0.0136874  -0.01150420
  84    0.0077158  -0.00907195
  85    0.0123045  -0.01114912
  86    0.0066701  -0.00833421
  87    0.0107733  -0.01028821
  88    0.0121622  -0.01152992
  89    0.0108241  -0.01066783
  90    0.0151110  -0.01501622
  91    0.0148385  -0.01488760
  92    0.0073377  -0.00810568
  93    0.0071271  -0.00794814
  94    0.0071090  -0.00793147
  95    0.0115808  -0.01192149
  96    0.0151621  -0.01524524
  97    0.0148814  -0.01509444
  98    0.0115253  -0.01208881
  99    0.0136517  -0.01362540
 100    0.0120391  -0.01262729
 101    0.0081087  -0.00966193
 102    0.0084582  -0.01016889
 103    0.0003836  -0.00759942
 104    0.0003843  -0.00760781
 105    0.0003835  -0.00759730
 106    0.0003831  -0.00758379
 107    0.0003834  -0.00759703
 108    0.0003833  -0.00759708
 109    0.0003827  -0.00759070
 110    0.0003857  -0.00762107
 111    0.0003842  -0.00759900
 112    0.0003864  -0.00763928
 113    0.0003931  -0.00775873
 114    0.0003893  -0.00771217
 115    0.0002623  -0.00725230
 116    0.0002627  -0.00726365
 117    0.0001847  -0.00681886
 118    0.0001842  -0.00681142
 119    0.0016861  -0.00191041
 120    0.0013389  -0.00167202
 121    0.0016859  -0.00176014
 122    0.0016256  -0.00172553
 123    0.0015824  -0.00174183
 124    0.0014741  -0.00166874
 125    0.0016974  -0.00186180
 126    0.0016884  -0.00186602
 127    0.0035507  -0.00387343
 128    0.0032152  -0.00363952
 129    0.0034853  -0.00384041
 130    0.0032477  -0.00367378
 131    0.0029854  -0.00348508
 132    0.0031694  -0.00365054
 133    0.0034398  -0.00382233
 134    0.0033943  -0.00381718
 135    0.0008780  -0.00162619
 136    0.0033493  -0.00378235
 137    0.0033533  -0.00379640
 138    0.0033598  -0.00380065
 139    0.0035033  -0.00386435
 140    0.0008757  -0.00163282
 141    0.0028628  -0.00342359
 142    0.0034544  -0.00386637
 143    0.0008798  -0.00164598
 144    0.0013547  -0.00198724
 145    0.0008877  -0.00168413
 146    0.0014290  -0.00213879
 147    0.0013054  -0.00193143
 148    0.0014075  -0.00210562
 149    0.0012286  -0.00190694
 150    0.0012275  -0.00191141
 151    0.0016796  -0.00256350
 152    0.0017142  -0.00258495
 153    0.0016877  -0.00256333
 154    0.0017593  -0.00266561
 155    0.0012186  -0.00191574
 156    0.0012184  -0.00191368
 157    0.0009885  -0.00171623
 158    0.0020028  -0.00295671
 159    0.0010466  -0.00181702
 160    0.0009563  -0.00177066
 161    0.0010387  -0.00194653
 162    0.0000659  -0.00097107
 163    0.0000648  -0.00095548
 164    0.0000645  -0.00095104
 165    0.0000629  -0.00093329
 166    0.0000647  -0.00095330
 167    0.0000642  -0.00094808
 168    0.0000626  -0.00091841
 169    0.0000648  -0.00094395
 170    0.0000588  -0.00086881
 171    0.0000643  -0.00093351
 172    0.0000659  -0.00097756
 173    0.0000665  -0.00098433
 174    0.0000379  -0.00076067
 175    0.0000384  -0.00077141
 176    0.0000142  -0.00037176
 177    0.0000145  -0.00037877
 178    0.0005034  -0.00075414
 179    0.0005366  -0.00081623
 180    0.0006594  -0.00084772
 181    0.0006932  -0.00088109
 182    0.0006643  -0.00084197
 183    0.0006861  -0.00089853
 184    0.0006918  -0.00090708
 185    0.0007502  -0.00094464
 186    0.0019342  -0.00230705
 187    0.0018480  -0.00225726
 188    0.0019670  -0.00234150
 189    0.0018841  -0.00226522
 190    0.0018682  -0.00227437
 191    0.0022941  -0.00265819
 192    0.0018979  -0.00228539
 193    0.0023000  -0.00264791
 194    0.0006525  -0.00123217
 195    0.0022855  -0.00263588
 196    0.0022933  -0.00265209
 197    0.0022899  -0.00265110
 198    0.0018023  -0.00218083
 199    0.0006380  -0.00121785
 200    0.0020432  -0.00248296
 201    0.0018761  -0.00227142
 202    0.0005972  -0.00118525
 203    0.0006976  -0.00116267
 204    0.0006260  -0.00123061
 205    0.0009875  -0.00151976
 206    0.0012626  -0.00196749
 207    0.0012443  -0.00187490
 208    0.0005040  -0.00094225
 209    0.0004780  -0.00090905
 210    0.0010078  -0.00161999
 211    0.0010254  -0.00163473
 212    0.0010272  -0.00163588
 213    0.0012631  -0.00196318
 214    0.0004950  -0.00094331
 215    0.0004597  -0.00089953
 216    0.0005756  -0.00112113
 217    0.0012958  -0.00198764
 218    0.0005729  -0.00111843
 219    0.0007058  -0.00131483
 220    0.0007127  -0.00135758
 221    0.0000607  -0.00089660
 222    0.0000611  -0.00090348
 223    0.0000593  -0.00087982
 224    0.0000584  -0.00085502
 225    0.0000599  -0.00088551
 226    0.0000594  -0.00088133
 227    0.0000601  -0.00089016
 228    0.0000574  -0.00084738
 229    0.0000562  -0.00082326
 230    0.0000583  -0.00085734
 231    0.0000602  -0.00088594
 232    0.0000587  -0.00086512
 233    0.0000338  -0.00067196
 234    0.0000338  -0.00067418
 235    0.0000074  -0.00018724
 236    0.0000071  -0.00018352
 237    0.0002602  -0.00044802
 238    0.0002509  -0.00048856
 239    0.0005091  -0.00072417
 240    0.0005337  -0.00075192
 241    0.0005091  -0.00075121
 242    0.0005465  -0.00079730
 243    0.0005157  -0.00075756
 244    0.0005531  -0.00079820
 245    0.0018136  -0.00218538
 246    0.0017899  -0.00220100
 247    0.0017989  -0.00217508
 248    0.0018220  -0.00220753
 249    0.0017646  -0.00218854
 250    0.0017221  -0.00214784
 251    0.0017727  -0.00216891
 252    0.0017173  -0.00213165
 253    0.0004136  -0.00087472
 254    0.0017410  -0.00215317
 255    0.0017047  -0.00212531
 256    0.0017000  -0.00212280
 257    0.0017324  -0.00210915
 258    0.0004119  -0.00088067
 259    0.0019514  -0.00239169
 260    0.0017323  -0.00213870
 261    0.0003681  -0.00082778
 262    0.0006326  -0.00109143
 263    0.0004018  -0.00088030
 264    0.0006393  -0.00111759
 265    0.0007837  -0.00132390
 266    0.0007421  -0.00128013
 267    0.0003604  -0.00074137
 268    0.0003641  -0.00074318
 269    0.0005792  -0.00110703
 270    0.0006374  -0.00117741
 271    0.0006362  -0.00117893
 272    0.0011542  -0.00178992
 273    0.0003492  -0.00072185
 274    0.0003714  -0.00075741
 275    0.0005201  -0.00101064
 276    0.0010869  -0.00172183
 277    0.0004877  -0.00097766
 278    0.0005293  -0.00111503
 279    0.0005428  -0.00115172
 280    0.0000386  -0.00053951
 281    0.0000379  -0.00052559
 282    0.0000376  -0.00051715
 283    0.0000564  -0.00081721
 284    0.0000370  -0.00051751
 285    0.0000383  -0.00052408
 286    0.0000424  -0.00058881
 287    0.0000557  -0.00082251
 288    0.0000562  -0.00081954
 289    0.0000537  -0.00078085
 290    0.0000468  -0.00065071
 291    0.0000477  -0.00066323
 292    0.0000181  -0.00034937
 293    0.0000172  -0.00033429
 294    0.0000046  -0.00011641
 295    0.0000055  -0.00013420
 296    0.0000431  -0.00012128
 297    0.0000427  -0.00012224
 298    0.0000374  -0.00008739
 299    0.0000487  -0.00009373
 300    0.0000413  -0.00009535
 301    0.0000490  -0.00009705
 302    0.0000393  -0.00009236
 303    0.0000430  -0.00009293
 304    0.0001081  -0.00020389
 305    0.0001159  -0.00020952
 306    0.0001103  -0.00020634
 307    0.0001067  -0.00019738
 308    0.0001053  -0.00019800
 309    0.0001146  -0.00020784
 310    0.0001080  -0.00020168
 311    0.0001098  -0.00020389
 312    0.0000837  -0.00024364
 313    0.0001162  -0.00020457
 314    0.0001137  -0.00020550
 315    0.0001132  -0.00020499
 316    0.0000995  -0.00019429
 317    0.0000814  -0.00024446
 318    0.0001021  -0.00019761
 319    0.0001072  -0.00020142
 320    0.0000874  -0.00025075
 321    0.0000971  -0.00019861
 322    0.0000857  -0.00024951
 323    0.0001080  -0.00021553
 324    0.0001056  -0.00021867
 325    0.0001110  -0.00022464
 326    0.0000319  -0.00012137
 327    0.0000344  -0.00012106
 328    0.0001086  -0.00024123
 329    0.0001084  -0.00024139
 330    0.0001068  -0.00024044
 331    0.0000716  -0.00019477
 332    0.0000340  -0.00012423
 333    0.0000340  -0.00012411
 334    0.0000642  -0.00015952
 335    0.0000734  -0.00018656
 336    0.0000608  -0.00015622
 337    0.0000475  -0.00014532
 338    0.0000592  -0.00016283
 339    0.0000065  -0.00029034
 340    0.0000066  -0.00029180
 341    0.0000067  -0.00029028
 342    0.0000064  -0.00028979
 343    0.0000065  -0.00028971
 344    0.0000065  -0.00028963
 345    0.0000067  -0.00029140
 346    0.0000063  -0.00028835
 347    0.0000063  -0.00028865
 348    0.0000066  -0.00029393
 349    0.0000069  -0.00029631
 350    0.0000066  -0.00029462
 351    0.0000039  -0.00022547
 352    0.0000040  -0.00022616
 353    0.0000024  -0.00017190
 354    0.0000024  -0.00017165
 355    0.0000286  -0.00008157
 356    0.0000341  -0.00009449
 357    0.0000365  -0.00008681
 358    0.0000418  -0.00009114
 359    0.0000349  -0.00008675
 360    0.0000397  -0.00008989
 361    0.0000391  -0.00009404
 362    0.0000397  -0.00009287
 363    0.0001074  -0.00019875
 364    0.0000900  -0.00018293
 365    0.0001002  -0.00019662
 366    0.0000981  -0.00018599
 367    0.0000961  -0.00018787
 368    0.0001083  -0.00019983
 369    0.0000950  -0.00018891
 370    0.0001083  -0.00020529
 371    0.0000534  -0.00017352
 372    0.0001150  -0.00020762
 373    0.0001126  -0.00020745
 374    0.0001097  -0.00020596
 375    0.0000957  -0.00019129
 376    0.0000566  -0.00018237
 377    0.0000968  -0.00018738
 378    0.0001053  -0.00019539
 379    0.0000541  -0.00018436
 380    0.0000885  -0.00018713
 381    0.0000563  -0.00018734
 382    0.0000990  -0.00020363
 383    0.0000929  -0.00019578
 384    0.0000929  -0.00019829
 385    0.0000213  -0.00008700
 386    0.0000269  -0.00009810
 387    0.0001016  -0.00022830
 388    0.0001045  -0.00023007
 389    0.0001024  -0.00022859
 390    0.0000682  -0.00017534
 391    0.0000242  -0.00008950
 392    0.0000269  -0.00009565
 393    0.0000630  -0.00015479
 394    0.0000696  -0.00017766
 395    0.0000553  -0.00014524
 396    0.0000406  -0.00011617
 397    0.0000467  -0.00012968
 398    0.0000006  -0.00000902
 399    0.0000003  -0.00001788
 400    0.0000005  -0.00001421
 401    0.0000006  -0.00000296
 402    0.0000005  -0.00001274
 403    0.0000005  -0.00000891
 404    0.0000005  -0.00001674
 405    0.0000006  -0.00000345
 406    0.0000005  -0.00000347
 407    0.0000003  -0.00001726
 408    0.0000005  -0.00001824
 409    0.0000004  -0.00001803
 410    0.0000002  -0.00001151
 411    0.0000003  -0.00000150
 412    0.0000001  -0.00000812
 413    0.0000002  -0.00000506
 414    0.0000249  -0.00007494
 415    0.0000282  -0.00008347
 416    0.0000312  -0.00006426
 417    0.0000264  -0.00005782
 418    0.0000310  -0.00006766
 419    0.0000325  -0.00006835
 420    0.0000370  -0.00007751
 421    0.0000263  -0.00006854
 422    0.0000882  -0.00016534
 423    0.0000866  -0.00017363
 424    0.0000847  -0.00016653
 425    0.0000846  -0.00016322
 426    0.0000826  -0.00016672
 427    0.0000891  -0.00017898
 428    0.0000847  -0.00016617
 429    0.0000881  -0.00017534
 430    0.0000507  -0.00017585
 431    0.0000934  -0.00017769
 432    0.0000924  -0.00017804
 433    0.0000913  -0.00017678
 434    0.0000805  -0.00016124
 435    0.0000495  -0.00017318
 436    0.0000801  -0.00016652
 437    0.0000888  -0.00016824
 438    0.0000515  -0.00016918
 439    0.0000291  -0.00009020
 440    0.0000491  -0.00016941
 441    0.0000424  -0.00012038
 442    0.0000514  -0.00013864
 443    0.0000458  -0.00013079
 444    0.0000124  -0.00005892
 445    0.0000147  -0.00005923
 446    0.0000497  -0.00014543
 447    0.0000478  -0.00014292
 448    0.0000486  -0.00014331
 449    0.0000617  -0.00015220
 450    0.0000129  -0.00006044
 451    0.0000162  -0.00005320
 452    0.0000261  -0.00009653
 453    0.0000663  -0.00017577
 454    0.0000262  -0.00009698
 455    0.0000342  -0.00011420
 456    0.0000353  -0.00012184
 457    0.0000003  -0.00001297
 458    0.0000002  -0.00000203
 459    0.0000003  -0.00000843
 460    0.0000004  -0.00001777
 461    0.0000003  -0.00000939
 462    0.0000004  -0.00001295
 463    0.0000003  -0.00000566
 464    0.0000003  -0.00001717
 465    0.0000003  -0.00001640
 466    0.0000002  -0.00000152
 467    0.0000003  -0.00000490
 468    0.0000003  -0.00000285
 469    0.0000001  -0.00000125
 470    0.0000002  -0.00001221
 471    0.0000001  0.00000013
 472    0.0000001  -0.00000323
 473    0.0000205  -0.00005410
 474    0.0000248  -0.00008112
 475    0.0000236  -0.00005425
 476    0.0000221  -0.00005697
 477    0.0000261  -0.00005315
 478    0.0000196  -0.00006071
 479    0.0000283  -0.00006076
 480    0.0000211  -0.00005552
 481    0.0000839  -0.00016786
 482    0.0000846  -0.00016825
 483    0.0000812  -0.00016662
 484    0.0000806  -0.00016515
 485    0.0000794  -0.00016509
 486    0.0000872  -0.00017990
 487    0.0000792  -0.00016324
 488    0.0000878  -0.00018275
 489    0.0000465  -0.00016059
 490    0.0000872  -0.00018140
 491    0.0000888  -0.00018273
 492    0.0000878  -0.00018223
 493    0.0000756  -0.00015844
 494    0.0000439  -0.00015764
 495    0.0000791  -0.00016561
 496    0.0000827  -0.00016466
 497    0.0000429  -0.00015387
 498    0.0000249  -0.00008136
 499    0.0000438  -0.00015593
 500    0.0000299  -0.00009624
 501    0.0000341  -0.00010726
 502    0.0000322  -0.00010334
 503    0.0000096  -0.00003689
 504    0.0000118  -0.00004148
 505    0.0000292  -0.00010379
 506    0.0000295  -0.00010481
 507    0.0000289  -0.00010456
 508    0.0000542  -0.00015481
 509    0.0000107  -0.00003758
 510    0.0000137  -0.00005238
 511    0.0000222  -0.00008265
 512    0.0000597  -0.00014330
 513    0.0000234  -0.00008859
 514    0.0000274  -0.00010919
 515    0.0000286  -0.00011177
 516    0.0000001  -0.00000103
 517    0.0000002  -0.00000135
 518    0.0000002  -0.00000119
 519    0.0000002  -0.00000165
 520    0.0000002  -0.00000148
 521    0.0000002  -0.00000102
 522    0.0000002  -0.00000106
 523    0.0000001  -0.00000139
 524    0.0000001  -0.00000153
 525    0.0000001  -0.00000109
 526    0.0000002  -0.00000085
 527    0.0000002  -0.00000083
 528    0.0000001  -0.00000036
 529    0.0000001  -0.00000025
 530    0.0000000  0.00000009
 531    0.0000000  0.00000007
 532    0.0000137  -0.00004323
 533    0.0000221  -0.00006789
 534    0.0000196  -0.00006006
 535    0.0000162  -0.00005286
 536    0.0000216  -0.00006402
 537    0.0000169  -0.00005087
 538    0.0000234  -0.00006745
 539    0.0000187  -0.00006361
 540    0.0000796  -0.00016264
 541    0.0000734  -0.00015857
 542    0.0000771  -0.00016192
 543    0.0000788  -0.00016316
 544    0.0000751  -0.00015836
 545    0.0000730  -0.00016140
 546    0.0000771  -0.00016028
 547    0.0000779  -0.00016575
 548    0.0000316  -0.00012974
 549    0.0000770  -0.00016481
 550    0.0000794  -0.00016601
 551    0.0000798  -0.00016653
 552    0.0000746  -0.00015674
 553    0.0000321  -0.00013186
 554    0.0000758  -0.00016043
 555    0.0000808  -0.00016458
 556    0.0000311  -0.00012851
 557    0.0000156  -0.00004679
 558    0.0000279  -0.00011838
 559    0.0000174  -0.00004779
 560    0.0000182  -0.00006325
 561    0.0000215  -0.00006351
 562    0.0000070  -0.00002911
 563    0.0000099  -0.00003747
 564    0.0000220  -0.00005674
 565    0.0000254  -0.00006343
 566    0.0000267  -0.00006361
 567    0.0000460  -0.00012864
 568    0.0000095  -0.00003422
 569    0.0000094  -0.00003617
 570    0.0000162  -0.00005561
 571    0.0000478  -0.00012984
 572    0.0000146  -0.00005344
 573    0.0000184  -0.00006592
 574    0.0000201  -0.00006663
 575    0.0000001  -0.00000073
 576    0.0000001  -0.00000070
 577    0.0000001  -0.00000082
 578    0.0000001  -0.00000069
 579    0.0000001  -0.00000091
 580    0.0000001  -0.00000085
 581    0.0000001  -0.00000068
 582    0.0000001  -0.00000120
 583    0.0000001  -0.00000121
 584    0.0000001  -0.00000066
 585    0.0000001  -0.00000031
 586    0.0000001  -0.00000023
 587    0.0000001  0.00000003
 588    0.0000001  0.00000009
 589    0.0000000  0.00000007
 590    0.0000000  0.00000005
 591    0.0000066  -0.00002222
 592    0.0000097  -0.00002371
 593    0.0000104  -0.00002688
 594    0.0000085  -0.00002569
 595    0.0000090  -0.00002730
 596    0.0000050  -0.00002147
 597    0.0000103  -0.00002901
 598    0.0000124  -0.00003063
 599    0.0000531  -0.00014333
 600    0.0000461  -0.00012787
 601    0.0000524  -0.00014095
 602    0.0000444  -0.00012707
 603    0.0000422  -0.00012000
 604    0.0000477  -0.00013210
 605    0.0000482  -0.00013248
 606    0.0000518  -0.00014190
 607    0.0000068  -0.00002775
 608    0.0000480  -0.00013727
 609    0.0000516  -0.00014141
 610    0.0000520  -0.00014132
 611    0.0000452  -0.00012977
 612    0.0000045  -0.00002446
 613    0.0000393  -0.00011818
 614    0.0000505  -0.00013615
 615    0.0000058  -0.00002687
 616    0.0000112  -0.00003265
 617    0.0000057  -0.00002735
 618    0.0000122  -0.00003931
 619    0.0000136  -0.00003793
 620    0.0000132  -0.00003756
 621    0.0000057  -0.00002310
 622    0.0000066  -0.00002547
 623    0.0000161  -0.00006045
 624    0.0000165  -0.00006022
 625    0.0000155  -0.00005929
 626    0.0000251  -0.00008674
 627    0.0000052  -0.00002197
 628    0.0000057  -0.00002258
 629    0.0000079  -0.00003580
 630    0.0000282  -0.00009283
 631    0.0000077  -0.00003557
 632    0.0000107  -0.00004804
 633    0.0000092  -0.00004380
 634    0.0000001  -0.00000036
 635    0.0000001  -0.00000025
 636    0.0000001  -0.00000055
 637    0.0000001  -0.00000037
 638    0.0000001  -0.00000039
 639    0.0000001  -0.00000036
 640    0.0000001  -0.00000021
 641    0.0000001  -0.00000099
 642    0.0000001  -0.00000079
 643    0.0000001  -0.00000030
 644    0.0000001  -0.00000002
 645    0.0000000  -0.00000000
 646    0.0000000  0.00000003
 647    0.0000000  0.00000006
 648    0.0000000  0.00000007
 649    0.0000000  0.00000005
 650    0.0000043  -0.00001428
 651    0.0000044  -0.00001427
 652    0.0000071  -0.00001213
 653    0.0000051  -0.00001289
 654    0.0000063  -0.00001506
 655    0.0000039  -0.00001270
 656    0.0000069  -0.00001641
 657    0.0000058  -0.00001346
 658    0.0000300  -0.00007981
 659    0.0000290  -0.00007991
 660    0.0000316  -0.00008137
 661    0.0000271  -0.00007350
 662    0.0000282  -0.00007467
 663    0.0000329  -0.00008781
 664    0.0000302  -0.00007718
 665    0.0000348  -0.00008960
 666    0.0000040  -0.00001819
 667    0.0000335  -0.00008834
 668    0.0000343  -0.00008950
 669    0.0000349  -0.00008928
 670    0.0000275  -0.00007437
 671    0.0000039  -0.00001796
 672    0.0000268  -0.00007677
 673    0.0000297  -0.00007667
 674    0.0000045  -0.00001963
 675    0.0000085  -0.00002729
 676    0.0000042  -0.00001984
 677    0.0000099  -0.00003077
 678    0.0000120  -0.00003541
 679    0.0000112  -0.00003541
 680    0.0000046  -0.00001152
 681    0.0000042  -0.00001089
 682    0.0000103  -0.00002697
 683    0.0000091  -0.00002574
 684    0.0000098  -0.00002641
 685    0.0000172  -0.00005894
 686    0.0000039  -0.00001165
 687    0.0000047  -0.00001271
 688    0.0000075  -0.00002822
 689    0.0000176  -0.00006341
 690    0.0000066  -0.00002726
 691    0.0000069  -0.00002769
 692    0.0000047  -0.00002447
 693    0.0000001  -0.00000018
 694    0.0000000  -0.00000006
 695    0.0000001  -0.00000024
 696    0.0000000  -0.00000021
 697    0.0000001  -0.00000010
 698    0.0000001  -0.00000011
 699    0.0000000  -0.00000001
 700    0.0000001  -0.00000046
 701    0.0000001  -0.00000035
 702    0.0000001  -0.00000005
 703    0.0000000  0.00000004
 704    0.0000000  0.00000005
 705    0.0000000  0.00000004
 706    0.0000000  0.00000006
 707    0.0000000  0.00000004
 708    0.0000000  0.00000005
 709    0.0000025  -0.00000970
 710    0.0000033  -0.00001042
 711    0.0000047  -0.00001281
 712    0.0000045  -0.00001129
 713    0.0000056  -0.00001425
 714    0.0000022  -0.00000886
 715    0.0000061  -0.00001560
 716    0.0000053  -0.00001463
 717    0.0000257  -0.00007170
 718    0.0000239  -0.00006890
 719    0.0000260  -0.00007248
 720    0.0000233  -0.00006706
 721    0.0000234  -0.00006779
 722    0.0000281  -0.00008033
 723    0.0000241  -0.00006876
 724    0.0000323  -0.00008509
 725    0.0000032  -0.00001436
 726    0.0000275  -0.00007987
 727    0.0000309  -0.00008438
 728    0.0000302  -0.00008341
 729    0.0000213  -0.00006505
 730    0.0000031  -0.00001495
 731    0.0000235  -0.00007133
 732    0.0000245  -0.00006976
 733    0.0000029  -0.00001459
 734    0.0000071  -0.00002344
 735    0.0000037  -0.00001749
 736    0.0000083  -0.00002883
 737    0.0000099  -0.00003092
 738    0.0000100  -0.00003250
 739    0.0000040  -0.00000903
 740    0.0000029  -0.00001041
 741    0.0000076  -0.00002717
 742    0.0000081  -0.00002919
 743    0.0000082  -0.00002941
 744    0.0000132  -0.00004571
 745    0.0000023  -0.00001024
 746    0.0000028  -0.00001139
 747    0.0000056  -0.00002006
 748    0.0000137  -0.00004928
 749    0.0000050  -0.00002061
 750    0.0000058  -0.00002061
 751    0.0000042  -0.00001948
 752    0.0000000  0.00000007
 753    0.0000000  0.00000008
 754    0.0000001  0.00000009
 755    0.0000000  0.00000007
 756    0.0000000  0.00000007
 757    0.0000000  0.00000006
 758    0.0000000  0.00000006
 759    0.0000001  0.00000008
 760    0.0000000  0.00000007
 761    0.0000000  0.00000008
 762    0.0000000  0.00000006
 763    0.0000000  0.00000004
 764    0.0000000  0.00000004
 765    0.0000000  0.00000006
 766    0.0000000  0.00000004
 767    0.0000000  0.00000004
 768    0.0000018  -0.00000607
 769    0.0000029  -0.00000927
 770    0.0000032  -0.00001008
 771    0.0000037  -0.00001004
 772    0.0000043  -0.00001168
 773    0.0000020  -0.00000786
 774    0.0000045  -0.00001234
 775    0.0000047  -0.00001242
 776    0.0000250  -0.00006884
 777    0.0000216  -0.00006531
 778    0.0000244  -0.00006830
 779    0.0000221  -0.00006548
 780    0.0000221  -0.00006550
 781    0.0000210  -0.00006601
 782    0.0000240  -0.00006862
 783    0.0000228  -0.00006781
 784    0.0000030  -0.00001025
 785    0.0000204  -0.00006621
 786    0.0000213  -0.00006670
 787    0.0000234  -0.00006763
 788    0.0000201  -0.00006335
 789    0.0000025  -0.00001023
 790    0.0000218  -0.00006743
 791    0.0000226  -0.00006658
 792    0.0000021  -0.00000835
 793    0.0000051  -0.00002041
 794    0.0000027  -0.00001216
 795    0.0000061  -0.00002243
 796    0.0000064  -0.00002463
 797    0.0000065  -0.00002262
 798    0.0000039  -0.00000376
 799    0.0000020  -0.00000857
 800    0.0000057  -0.00002426
 801    0.0000054  -0.00002422
 802    0.0000051  -0.00002371
 803    0.0000117  -0.00004207
 804    0.0000019  -0.00000739
 805    0.0000021  -0.00000836
 806    0.0000045  -0.00001905
 807    0.0000126  -0.00004299
 808    0.0000040  -0.00001695
 809    0.0000046  -0.00002041
 810    0.0000032  -0.00001801
 811    0.0000000  0.00000006
 812    0.0000000  0.00000007
 813    0.0000000  0.00000006
 814    0.0000000  0.00000000
 815    0.0000000  0.00000006
 816    0.0000000  0.00000006
 817    0.0000000  0.00000006
 818    0.0000000  0.00000006
 819    0.0000000  0.00000006
 820    0.0000000  0.00000008
 821    0.0000000  0.00000006
 822    0.0000000  0.00000006
 823    0.0000000  0.00000005
 824    0.0000000  0.00000005
 825    0.0000000  0.00000004
 826    0.0000000  0.00000004
 827    0.0000010  -0.00000474
 828    0.0000022  -0.00000729
 829    0.0000027  -0.00000795
 830    0.0000024  -0.00000843
 831    0.0000036  -0.00000869
 832    0.0000016  -0.00000676
 833    0.0000028  -0.00000801
 834    0.0000043  -0.00000896
 835    0.0000092  -0.00002770
 836    0.0000083  -0.00002872
 837    0.0000082  -0.00002769
 838    0.0000090  -0.00002715
 839    0.0000084  -0.00002732
 840    0.0000106  -0.00002923
 841    0.0000078  -0.00002611
 842    0.0000083  -0.00002793
 843    0.0000025  -0.00000920
 844    0.0000100  -0.00002851
 845    0.0000096  -0.00002842
 846    0.0000089  -0.00002817
 847    0.0000080  -0.00002617
 848    0.0000022  -0.00000846
 849    0.0000090  -0.00002833
 850    0.0000092  -0.00002714
 851    0.0000018  -0.00000870
 852    0.0000042  -0.00001679
 853    0.0000018  -0.00000893
 854    0.0000049  -0.00001870
 855    0.0000055  -0.00002229
 856    0.0000056  -0.00002085
 857    0.0000038  -0.00000141
 858    0.0000016  -0.00000661
 859    0.0000050  -0.00002059
 860    0.0000051  -0.00001859
 861    0.0000050  -0.00001624
 862    0.0000080  -0.00003025
 863    0.0000016  -0.00000700
 864    0.0000017  -0.00000752
 865    0.0000034  -0.00001596
 866    0.0000089  -0.00003084
 867    0.0000030  -0.00001456
 868    0.0000040  -0.00001936
 869    0.0000021  -0.00001480
 870    0.0000000  0.00000006
 871    0.0000000  0.00000007
 872    0.0000000  0.00000003
 873    0.0000000  0.00000007
 874    0.0000000  0.00000007
 875    0.0000000  0.00000006
 876    0.0000000  0.00000006
 877    0.0000000  0.00000000
 878    0.0000000  -0.00000000
 879    0.0000000  0.00000006
 880    0.0000000  0.00000006
 881    0.0000000  0.00000006
 882    0.0000000  0.00000004
 883    0.0000000  0.00000004
 884    0.0000000  0.00000003
 885    0.0000000  0.00000004
 886    0.0000009  -0.00000404
 887    0.0000021  -0.00000727
 888    0.0000023  -0.00000819
 889    0.0000022  -0.00000616
 890    0.0000030  -0.00000877
 891    0.0000014  -0.00000727
 892    0.0000024  -0.00000890
 893    0.0000036  -0.00000940
 894    0.0000082  -0.00002691
 895    0.0000080  -0.00002656
 896    0.0000077  -0.00002664
 897    0.0000076  -0.00002621
 898    0.0000080  -0.00002650
 899    0.0000088  -0.00002740
 900    0.0000073  -0.00002647
 901    0.0000078  -0.00002654
 902    0.0000016  -0.00000766
 903    0.0000092  -0.00002724
 904    0.0000085  -0.00002686
 905    0.0000085  -0.00002685
 906    0.0000070  -0.00002510
 907    0.0000021  -0.00000923
 908    0.0000083  -0.00002735
 909    0.0000084  -0.00002653
 910    0.0000013  -0.00000708
 911    0.0000029  -0.00001425
 912    0.0000014  -0.00000726
 913    0.0000042  -0.00001703
 914    0.0000046  -0.00001996
 915    0.0000042  -0.00001783
 916    0.0000037  -0.00000323
 917    0.0000014  -0.00000547
 918    0.0000041  -0.00001389
 919    0.0000047  -0.00001764
 920    0.0000046  -0.00001996
 921    0.0000067  -0.00002913
 922    0.0000011  -0.00000423
 923    0.0000014  -0.00000637
 924    0.0000027  -0.00001357
 925    0.0000074  -0.00002987
 926    0.0000026  -0.00001254
 927    0.0000030  -0.00000992
 928    0.0000017  -0.00000890
 929    0.0000000  0.00000004
 930    0.0000000  0.00000002
 931    0.0000000  0.00000005
 932    0.0000000  0.00000005
 933    0.0000000  0.00000006
 934    0.0000000  0.00000005
 935    0.0000000  0.00000006
 936    0.0000000  0.00000000
 937    0.0000000  -0.00000000
 938    0.0000000  0.00000005
 939    0.0000000  0.00000006
 940    0.0000000  0.00000005
 941    0.0000000  0.00000004
 942    0.0000000  0.00000004
 943    0.0000000  0.00000003
 944    0.0000000  0.00000004
 945    0.0000008  -0.00000319
 946    0.0000014  -0.00000500
 947    0.0000021  -0.00000752
 948    0.0000019  -0.00000748
 949    0.0000026  -0.00000821
 950    0.0000012  -0.00000440
 951    0.0000019  -0.00000753
 952    0.0000035  -0.00000424
 953    0.0000067  -0.00002139
 954    0.0000066  -0.00002235
 955    0.0000064  -0.00002159
 956    0.0000069  -0.00002069
 957    0.0000065  -0.00002129
 958    0.0000084  -0.00002584
 959    0.0000065  -0.00002113
 960    0.0000073  -0.00002512
 961    0.0000013  -0.00000622
 962    0.0000080  -0.00002553
 963    0.0000083  -0.00002570
 964    0.0000079  -0.00002537
 965    0.0000059  -0.00001969
 966    0.0000017  -0.00000753
 967    0.0000066  -0.00002207
 968    0.0000067  -0.00002086
 969    0.0000012  -0.00000534
 970    0.0000018  -0.00000420
 971    0.0000011  -0.00000515
 972    0.0000030  -0.00000846
 973    0.0000035  -0.00001120
 974    0.0000036  -0.00001383
 975    0.0000037  -0.00000029
 976    0.0000009  -0.00000321
 977    0.0000024  -0.00000849
 978    0.0000038  -0.00000955
 979    0.0000028  -0.00000883
 980    0.0000062  -0.00002491
 981    0.0000008  -0.00000250
 982    0.0000011  -0.00000388
 983    0.0000017  -0.00000605
 984    0.0000060  -0.00002299
 985    0.0000016  -0.00000408
 986    0.0000018  -0.00000712
 987    0.0000013  -0.00000587
 988    0.0000000  0.00000006
 989    0.0000000  0.00000005
 990    0.0000000  0.00000005
 991    0.0000000  0.00000004
 992    0.0000000  0.00000005
 993    0.0000000  0.00000005
 994    0.0000000  0.00000005
 995    0.0000000  0.00000004
 996    0.0000000  0.00000004
 997    0.0000000  0.00000004
 998    0.0000000  0.00000006
 999    0.0000000  0.00000005
 1000    0.0000000  0.00000004
 1001    0.0000000  0.00000003
 1002    0.0000000  0.00000003
 1003    0.0000000  0.00000003
 1004    0.0000007  -0.00000080
 1005    0.0000013  -0.00000326
 1006    0.0000020  -0.00000349
 1007    0.0000017  -0.00000326
 1008    0.0000022  -0.00000396
 1009    0.0000009  -0.00000306
 1010    0.0000015  -0.00000371
 1011    0.0000032  -0.00000892
 1012    0.0000059  -0.00002181
 1013    0.0000063  -0.00002287
 1014    0.0000058  -0.00002265
 1015    0.0000058  -0.00002062
 1016    0.0000057  -0.00002160
 1017    0.0000074  -0.00002507
 1018    0.0000057  -0.00002115
 1019    0.0000063  -0.00002393
 1020    0.0000011  -0.00000464
 1021    0.0000070  -0.00002439
 1022    0.0000066  -0.00002424
 1023    0.0000065  -0.00002400
 1024    0.0000056  -0.00002044
 1025    0.0000016  -0.00000736
 1026    0.0000062  -0.00002167
 1027    0.0000061  -0.00002175
 1028    0.0000009  -0.00000371
 1029    0.0000015  -0.00000363
 1030    0.0000009  -0.00000380
 1031    0.0000020  -0.00000558
 1032    0.0000027  -0.00000776
 1033    0.0000027  -0.00000880
 1034    0.0000035  -0.00000116
 1035    0.0000008  -0.00000117
 1036    0.0000021  -0.00000766
 1037    0.0000025  -0.00000798
 1038    0.0000026  -0.00000813
 1039    0.0000047  -0.00002258
 1040    0.0000006  -0.00000124
 1041    0.0000011  -0.00000170
 1042    0.0000014  -0.00000404
 1043    0.0000053  -0.00002296
 1044    0.0000015  -0.00000360
 1045    0.0000014  -0.00000521
 1046    0.0000011  -0.00000403
 1047    0.0000000  0.00000004
 1048    0.0000000  0.00000005
 1049    0.0000000  0.00000005
 1050    0.0000000  0.00000005
 1051    0.0000000  0.00000002
 1052    0.0000000  0.00000003
 1053    0.0000000  0.00000005
 1054    0.0000000  0.00000003
 1055    0.0000000  0.00000004
 1056    0.0000000  0.00000005
 1057    0.0000000  0.00000005
 1058    0.0000000  0.00000005
 1059    0.0000000  0.00000004
 1060    0.0000000  0.00000003
 1061    0.0000000  0.00000003
 1062    0.0000000  0.00000003
 1063    0.0000006  -0.00000112
 1064    0.0000013  -0.00000106
 1065    0.0000013  -0.00000198
 1066    0.0000015  -0.00000326
 1067    0.0000020  -0.00000406
 1068    0.0000009  -0.00000179
 1069    0.0000015  -0.00000286
 1070    0.0000028  -0.00000328
 1071    0.0000055  -0.00001675
 1072    0.0000053  -0.00001632
 1073    0.0000051  -0.00001621
 1074    0.0000047  -0.00001563
 1075    0.0000047  -0.00001585
 1076    0.0000056  -0.00001844
 1077    0.0000047  -0.00001528
 1078    0.0000053  -0.00001830
 1079    0.0000010  -0.00000154
 1080    0.0000059  -0.00001829
 1081    0.0000059  -0.00001864
 1082    0.0000056  -0.00001849
 1083    0.0000050  -0.00001560
 1084    0.0000012  -0.00000166
 1085    0.0000044  -0.00001537
 1086    0.0000058  -0.00001572
 1087    0.0000008  -0.00000116
 1088    0.0000014  -0.00000340
 1089    0.0000005  -0.00000075
 1090    0.0000019  -0.00000529
 1091    0.0000020  -0.00000598
 1092    0.0000020  -0.00000628
 1093    0.0000035  -0.00000242
 1094    0.0000006  -0.00000153
 1095    0.0000016  -0.00000451
 1096    0.0000020  -0.00000433
 1097    0.0000015  -0.00000422
 1098    0.0000031  -0.00001756
 1099    0.0000005  -0.00000074
 1100    0.0000006  -0.00000113
 1101    0.0000011  -0.00000371
 1102    0.0000045  -0.00002059
 1103    0.0000011  -0.00000270
 1104    0.0000014  -0.00000501
 1105    0.0000010  -0.00000331
 1106    0.0000000  0.00000005
 1107    0.0000000  0.00000005
 1108    0.0000000  0.00000005
 1109    0.0000000  0.00000004
 1110    0.0000000  0.00000005
 1111    0.0000000  0.00000004
 1112    0.0000000  0.00000005
 1113    0.0000000  0.00000005
 1114    0.0000000  0.00000004
 1115    0.0000000  0.00000005
 1116    0.0000000  0.00000005
 1117    0.0000000  0.00000005
 1118    0.0000000  0.00000004
 1119    0.0000000  0.00000003
 1120    0.0000000  0.00000003
 1121    0.0000000  0.00000003
 1122    0.0000006  -0.00000061
 1123    0.0000008  -0.00000121
 1124    0.0000011  -0.00000203
 1125    0.0000013  -0.00000204
 1126    0.0000015  -0.00000160
 1127    0.0000008  -0.00000164
 1128    0.0000010  -0.00000197
 1129    0.0000025  -0.00000174
 1130    0.0000035  -0.00001312
 1131    0.0000032  -0.00001139
 1132    0.0000039  -0.00001354
 1133    0.0000036  -0.00001222
 1134    0.0000033  -0.00001144
 1135    0.0000048  -0.00001424
 1136    0.0000038  -0.00001283
 1137    0.0000042  -0.00001355
 1138    0.0000008  0.00000023
 1139    0.0000047  -0.00001467
 1140    0.0000041  -0.00001374
 1141    0.0000044  -0.00001412
 1142    0.0000031  -0.00001167
 1143    0.0000010  -0.00000018
 1144    0.0000035  -0.00001237
 1145    0.0000039  -0.00001422
 1146    0.0000008  -0.00000062
 1147    0.0000011  -0.00000198
 1148    0.0000005  -0.00000040
 1149    0.0000015  -0.00000359
 1150    0.0000017  -0.00000442
 1151    0.0000019  -0.00000526
 1152    0.0000032  -0.00000414
 1153    0.0000005  -0.00000060
 1154    0.0000013  -0.00000296
 1155    0.0000018  -0.00000328
 1156    0.0000014  -0.00000301
 1157    0.0000023  -0.00000691
 1158    0.0000004  -0.00000019
 1159    0.0000006  -0.00000088
 1160    0.0000009  -0.00000309
 1161    0.0000022  -0.00000739
 1162    0.0000009  -0.00000238
 1163    0.0000010  -0.00000257
 1164    0.0000007  -0.00000172
 1165    0.0000000  0.00000005
 1166    0.0000000  0.00000005
 1167    0.0000000  0.00000005
 1168    0.0000000  0.00000004
 1169    0.0000000  0.00000004
 1170    0.0000000  0.00000004
 1171    0.0000000  0.00000005
 1172    0.0000000  0.00000004
 1173    0.0000000  0.00000004
 1174    0.0000000  0.00000005
 1175    0.0000000  0.00000005
 1176    0.0000000  0.00000004
 1177    0.0000000  0.00000003
 1178    0.0000000  0.00000003
 1179    0.0000000  0.00000003
 1180    0.0000000  0.00000003
 1181    0.0000005  -0.00000030
 1182    0.0000006  -0.00000075
 1183    0.0000011  -0.00000128
 1184    0.0000008  -0.00000133
 1185    0.0000012  -0.00000180
 1186    0.0000008  -0.00000139
 1187    0.0000008  -0.00000131
 1188    0.0000021  -0.00000111
 1189    0.0000035  -0.00001023
 1190    0.0000030  -0.00000912
 1191    0.0000033  -0.00000976
 1192    0.0000034  -0.00001169
 1193    0.0000029  -0.00001131
 1194    0.0000038  -0.00001156
 1195    0.0000029  -0.00000962
 1196    0.0000031  -0.00001178
 1197    0.0000007  -0.00000056
 1198    0.0000043  -0.00001202
 1199    0.0000035  -0.00001241
 1200    0.0000032  -0.00001164
 1201    0.0000029  -0.00000958
 1202    0.0000009  0.00000015
 1203    0.0000030  -0.00001030
 1204    0.0000035  -0.00001030
 1205    0.0000007  -0.00000031
 1206    0.0000010  -0.00000143
 1207    0.0000003  0.00000031
 1208    0.0000013  -0.00000280
 1209    0.0000014  -0.00000342
 1210    0.0000011  -0.00000321
 1211    0.0000032  -0.00000405
 1212    0.0000004  0.00000008
 1213    0.0000010  -0.00000167
 1214    0.0000013  -0.00000267
 1215    0.0000011  -0.00000292
 1216    0.0000019  -0.00000616
 1217    0.0000004  -0.00000013
 1218    0.0000004  -0.00000029
 1219    0.0000008  -0.00000221
 1220    0.0000019  -0.00000691
 1221    0.0000007  -0.00000102
 1222    0.0000007  -0.00000163
 1223    0.0000007  -0.00000105
 1224    0.0000000  0.00000005
 1225    0.0000000  0.00000004
 1226    0.0000000  0.00000004
 1227    0.0000000  0.00000004
 1228    0.0000000  0.00000004
 1229    0.0000000  0.00000004
 1230    0.0000000  0.00000004
 1231    0.0000000  0.00000004
 1232    0.0000000  0.00000004
 1233    0.0000000  0.00000004
 1234    0.0000000  0.00000005
 1235    0.0000000  0.00000004
 1236    0.0000000  0.00000003
 1237    0.0000000  0.00000003
 1238    0.0000000  0.00000002
 1239    0.0000000  0.00000003
 1240    0.0000004  -0.00000035
 1241    0.0000006  -0.00000039
 1242    0.0000009  -0.00000082
 1243    0.0000007  -0.00000128
 1244    0.0000010  -0.00000137
 1245    0.0000007  -0.00000088
 1246    0.0000006  -0.00000092
 1247    0.0000021  -0.00000197
 1248    0.0000033  -0.00001014
 1249    0.0000028  -0.00000962
 1250    0.0000030  -0.00001004
 1251    0.0000028  -0.00001086
 1252    0.0000027  -0.00001022
 1253    0.0000031  -0.00001130
 1254    0.0000027  -0.00000963
 1255    0.0000026  -0.00000929
 1256    0.0000006  0.00000002
 1257    0.0000036  -0.00001207
 1258    0.0000031  -0.00001003
 1259    0.0000029  -0.00001066
 1260    0.0000028  -0.00000941
 1261    0.0000009  0.00000029
 1262    0.0000022  -0.00000881
 1263    0.0000033  -0.00001080
 1264    0.0000005  0.00000009
 1265    0.0000008  -0.00000159
 1266    0.0000003  0.00000012
 1267    0.0000011  -0.00000168
 1268    0.0000011  -0.00000204
 1269    0.0000008  -0.00000183
 1270    0.0000031  -0.00000425
 1271    0.0000004  -0.00000026
 1272    0.0000009  -0.00000132
 1273    0.0000013  -0.00000270
 1274    0.0000010  -0.00000191
 1275    0.0000017  -0.00000595
 1276    0.0000003  0.00000018
 1277    0.0000004  0.00000010
 1278    0.0000007  -0.00000125
 1279    0.0000018  -0.00000628
 1280    0.0000006  -0.00000087
 1281    0.0000005  -0.00000095
 1282    0.0000006  -0.00000081
 1283    0.0000000  0.00000004
 1284    0.0000000  0.00000004
 1285    0.0000000  0.00000004
 1286    0.0000000  0.00000004
 1287    0.0000000  0.00000004
 1288    0.0000000  0.00000004
 1289    0.0000000  0.00000004
 1290    0.0000000  0.00000004
 1291    0.0000000  0.00000004
 1292    0.0000000  0.00000004
 1293    0.0000000  0.00000004
 1294    0.0000000  0.00000004
 1295    0.0000000  0.00000003
 1296    0.0000000  0.00000003
 1297    0.0000000  0.00000002
 1298    0.0000000  0.00000003
 1299    0.0000003  -0.00000010
 1300    0.0000006  -0.00000036
 1301    0.0000006  -0.00000053
 1302    0.0000006  -0.00000062
 1303    0.0000008  -0.00000043
 1304    0.0000006  -0.00000029
 1305    0.0000006  -0.00000050
 1306    0.0000019  -0.00000179
 1307    0.0000031  -0.00000930
 1308    0.0000023  -0.00000833
 1309    0.0000028  -0.00000896
 1310    0.0000024  -0.00000878
 1311    0.0000021  -0.00000743
 1312    0.0000027  -0.00000915
 1313    0.0000024  -0.00000859
 1314    0.0000026  -0.00000957
 1315    0.0000005  0.00000018
 1316    0.0000033  -0.00000998
 1317    0.0000029  -0.00001001
 1318    0.0000027  -0.00000969
 1319    0.0000022  -0.00000814
 1320    0.0000007  0.00000010
 1321    0.0000019  -0.00000796
 1322    0.0000030  -0.00000948
 1323    0.0000004  0.00000036
 1324    0.0000007  -0.00000070
 1325    0.0000003  0.00000012
 1326    0.0000010  -0.00000108
 1327    0.0000009  -0.00000192
 1328    0.0000008  -0.00000181
 1329    0.0000030  -0.00000463
 1330    0.0000003  0.00000008
 1331    0.0000007  -0.00000098
 1332    0.0000012  -0.00000208
 1333    0.0000009  -0.00000157
 1334    0.0000015  -0.00000518
 1335    0.0000003  0.00000022
 1336    0.0000003  0.00000022
 1337    0.0000006  -0.00000101
 1338    0.0000013  -0.00000561
 1339    0.0000005  -0.00000014
 1340    0.0000005  -0.00000059
 1341    0.0000005  -0.00000056
 1342    0.0000000  0.00000004
 1343    0.0000000  0.00000004
 1344    0.0000000  0.00000004
 1345    0.0000000  0.00000004
 1346    0.0000000  0.00000004
 1347    0.0000000  0.00000003
 1348    0.0000000  0.00000004
 1349    0.0000000  0.00000003
 1350    0.0000000  0.00000003
 1351    0.0000000  0.00000004
 1352    0.0000000  0.00000004
 1353    0.0000000  0.00000004
 1354    0.0000000  0.00000003
 1355    0.0000000  0.00000003
 1356    0.0000000  0.00000002
 1357    0.0000000  0.00000002
 
----------------
 Final Energies 
----------------
Final NOF Total Energy =    -723.9674801
 
Total Orbital Internal Iterations = 738
Total Occupation Internal Iterations = 42
 
Elapsed time: 31916.05 Seconds

---------------------------------
   Lowdin Population Analysis    
---------------------------------
 Idx  Atom   Population   Charge 
---------------------------------
  1     N     6.462       0.538
  2     C     6.092      -0.092
  3     C     6.561      -0.561
  4     O     7.788       0.212
  5     C     5.874       0.126
  6     C     6.088      -0.088
  7     C     5.918       0.082
  8     C     5.917       0.083
  9     C     5.932       0.068
 10     C     5.931       0.069
 11     C     5.936       0.064
 12     H     1.150      -0.150
 13     H     1.028      -0.028
 14     H     1.029      -0.029
 15     H     1.038      -0.038
 16     H     1.054      -0.054
 17     H     1.055      -0.055
 18     H     1.064      -0.064
 19     H     1.064      -0.064
 20     H     1.066      -0.066
 21     N     6.490       0.510
 22     H     1.210      -0.210
 23     C     5.834       0.166
 24     H     1.070      -0.070
 25     H     1.072      -0.072
 26     H     1.058      -0.058
 27     C     6.566      -0.566
 28     O     7.748       0.252
 29     C     5.746       0.254
 30     H     1.058      -0.058
 31     H     1.049      -0.049
 32     H     1.050      -0.050

---------------------------------
   M Diagnostic: 0.02
---------------------------------

