Computing Integrals
Elapsed time:    3.56 Seconds

Number of basis functions                   (NBF)    = 378
Number of auxiliary basis functions         (NBFAUX) = 394
Inactive Doubly occupied orbitals up to     (NO1)    = 0
No. considered Strongly Doubly occupied MOs (NDOC)   = 16
No. considered Strongly Singly occupied MOs (NSOC)   = 0
NO. of Weakly occ. per St. Doubly occ.  MOs (NCWO)   = 22
Dimension of the Nat. Orb. subspace         (NBF5)   = 368
No. of electrons                                     = 32
    No. of alpha electrons                           = 16
    No. of beta electrons                            = 16
Multiplicity                                         = 1

Geometry
========
 C       0.0454900      -0.0029900       1.5226700
 C      -0.0760200       0.2537500       0.0581300
 N      -1.3517500      -0.1452800      -0.4904000
 O       0.7947300       0.7472000      -0.5990800
 H      -1.7522400       0.6727100      -0.9357500
 H      -1.1642900      -0.7790500      -1.2588800
 H      -0.7152400       0.5682100       2.0487600
 H      -0.1671500      -1.0489700       1.7314500
 H       1.0310600       0.2757800       1.8762500

No violations of the orthonormality
No violations of the orthonormality
 
PNOF5/ADAM Calculation
==================
 
  Nitext  Nit_orb  Time   Nit_occ  Time         Eelec          Etot           Ediff      maxdiff    Grad_orb  Grad_occ
0.002562412761383817
0.0037432598183001087
     1      10    8.6e+01    7    2.9e+01  -329.64743886  -208.30976162 -10328.64743886   0.163129   2.3e+00   1.7e-04 0.06
0.0018446018613405002
0.0027214009971424057
     2      30    2.3e+02    4    8.9e-01  -329.75452138  -208.41684414    -0.10708253   0.007522   1.0e-01   1.9e-04 0.06
0.0007257750447797646
0.0010677308807319692
     3      30    2.2e+02    3    9.0e-01  -329.75498029  -208.41730305    -0.00045891   0.002726   4.9e-02   2.1e-04 0.06
0.0
0.0
     4      30    2.1e+02    0    4.9e-01  -329.75493210  -208.41725486     0.00004819   0.003142   6.1e-02   2.1e-04 0.06
0.0
0.0
     5      60    4.2e+02    0    4.0e-01  -329.75511162  -208.41743438    -0.00017952   0.000131   2.3e-03   1.8e-04 0.06
0.0
0.0
     6      70    5.1e+02    0    4.4e-01  -329.75511217  -208.41743493    -0.00000055   0.000099   1.4e-03   1.8e-04 0.06
 
RESULTS OF THE OCCUPATION OPTIMIZATION
========================================
   1    1.9997864  -20.54657435
   2    1.9996442  -15.55821947
   3    1.9994446  -11.33340414
   4    1.9994413  -11.23056268
   5    1.9909419  -1.15629328
   6    1.9847465  -0.88075335
   7    1.9804729  -0.81798540
   8    1.9804555  -0.81753831
   9    1.9860931  -0.80519672
  10    1.9904278  -0.77084998
  11    1.9904992  -0.76878961
  12    1.9788795  -0.69612257
  13    1.9787424  -0.69581748
  14    1.9787817  -0.69441564
  15    1.9867081  -0.59171684
  16    1.9379161  -0.55863880
  17    0.0604790  -0.03192635
  18    0.0101254  -0.00901812
  19    0.0134059  -0.01127118
  20    0.0136375  -0.01127746
  21    0.0135262  -0.01121391
  22    0.0071530  -0.00877225
  23    0.0072594  -0.00885850
  24    0.0102283  -0.01020369
  25    0.0145491  -0.01380023
  26    0.0145151  -0.01378377
  27    0.0124133  -0.01296294
  28    0.0070016  -0.01056658
  29    0.0003827  -0.00758615
  30    0.0003802  -0.00759077
  31    0.0002615  -0.00723085
  32    0.0001818  -0.00676508
  33    0.0014688  -0.00133747
  34    0.0010748  -0.00152941
  35    0.0034041  -0.00379164
  36    0.0034041  -0.00376183
  37    0.0034142  -0.00377033
  38    0.0009162  -0.00173992
  39    0.0009026  -0.00172446
  40    0.0014468  -0.00217077
  41    0.0023921  -0.00322137
  42    0.0023757  -0.00321492
  43    0.0012737  -0.00209437
  44    0.0011974  -0.00256031
  45    0.0000586  -0.00086779
  46    0.0000599  -0.00089493
  47    0.0000345  -0.00068868
  48    0.0000140  -0.00037539
  49    0.0000997  -0.00012863
  50    0.0008027  -0.00117312
  51    0.0019217  -0.00230264
  52    0.0018741  -0.00223371
  53    0.0018392  -0.00220938
  54    0.0006087  -0.00124630
  55    0.0006015  -0.00122429
  56    0.0010261  -0.00159551
  57    0.0011628  -0.00175082
  58    0.0011747  -0.00175892
  59    0.0007900  -0.00138000
  60    0.0003961  -0.00104214
  61    0.0000546  -0.00080183
  62    0.0000569  -0.00083291
  63    0.0000337  -0.00066923
  64    0.0000105  -0.00026160
  65    0.0000106  -0.00002304
  66    0.0007426  -0.00111932
  67    0.0018513  -0.00223877
  68    0.0017242  -0.00210437
  69    0.0017235  -0.00209879
  70    0.0004723  -0.00103113
  71    0.0004421  -0.00099455
  72    0.0008097  -0.00136740
  73    0.0010239  -0.00157524
  74    0.0010407  -0.00158573
  75    0.0005366  -0.00105740
  76    0.0002743  -0.00074228
  77    0.0000534  -0.00078051
  78    0.0000501  -0.00068904
  79    0.0000210  -0.00042098
  80    0.0000043  -0.00009844
  81    0.0000085  -0.00001337
  82    0.0001201  -0.00024816
  83    0.0001091  -0.00020289
  84    0.0001084  -0.00019892
  85    0.0001092  -0.00019826
  86    0.0000925  -0.00026354
  87    0.0000892  -0.00026061
  88    0.0001155  -0.00023647
  89    0.0000770  -0.00018770
  90    0.0000797  -0.00019006
  91    0.0000661  -0.00015611
  92    0.0000475  -0.00016120
  93    0.0000058  -0.00028372
  94    0.0000060  -0.00028672
  95    0.0000036  -0.00021976
  96    0.0000020  -0.00016336
  97    0.0000057  -0.00001892
  98    0.0001156  -0.00024446
  99    0.0001030  -0.00019550
 100    0.0001029  -0.00019325
 101    0.0001042  -0.00019382
 102    0.0000777  -0.00024932
 103    0.0000867  -0.00025957
 104    0.0001050  -0.00022138
 105    0.0000723  -0.00017228
 106    0.0000726  -0.00017213
 107    0.0000512  -0.00013548
 108    0.0000446  -0.00015351
 109    0.0000013  -0.00000421
 110    0.0000006  -0.00000878
 111    0.0000004  -0.00000265
 112    0.0000001  0.00000017
 113    0.0000031  -0.00001123
 114    0.0000918  -0.00020049
 115    0.0000872  -0.00016888
 116    0.0000877  -0.00016351
 117    0.0000849  -0.00016117
 118    0.0000522  -0.00017009
 119    0.0000601  -0.00016065
 120    0.0000466  -0.00012879
 121    0.0000631  -0.00016602
 122    0.0000623  -0.00016546
 123    0.0000349  -0.00012111
 124    0.0000283  -0.00012448
 125    0.0000004  -0.00000288
 126    0.0000003  -0.00001135
 127    0.0000002  -0.00000157
 128    0.0000001  -0.00000649
 129    0.0000026  -0.00000902
 130    0.0000852  -0.00020019
 131    0.0000871  -0.00016972
 132    0.0000813  -0.00016162
 133    0.0000805  -0.00016053
 134    0.0000437  -0.00014564
 135    0.0000470  -0.00016140
 136    0.0000302  -0.00010464
 137    0.0000503  -0.00013041
 138    0.0000525  -0.00013194
 139    0.0000194  -0.00008292
 140    0.0000200  -0.00009243
 141    0.0000004  -0.00001146
 142    0.0000002  -0.00000122
 143    0.0000002  -0.00001041
 144    0.0000001  0.00000019
 145    0.0000020  -0.00000417
 146    0.0000574  -0.00015879
 147    0.0000794  -0.00016258
 148    0.0000781  -0.00015953
 149    0.0000778  -0.00015902
 150    0.0000357  -0.00013558
 151    0.0000334  -0.00013825
 152    0.0000231  -0.00006602
 153    0.0000454  -0.00011741
 154    0.0000474  -0.00011883
 155    0.0000184  -0.00006293
 156    0.0000137  -0.00007538
 157    0.0000003  -0.00000618
 158    0.0000001  0.00000004
 159    0.0000001  -0.00000032
 160    0.0000001  0.00000019
 161    0.0000008  -0.00000252
 162    0.0000144  -0.00002888
 163    0.0000478  -0.00013412
 164    0.0000464  -0.00013147
 165    0.0000465  -0.00013169
 166    0.0000155  -0.00004151
 167    0.0000103  -0.00003427
 168    0.0000200  -0.00004914
 169    0.0000309  -0.00010259
 170    0.0000311  -0.00010265
 171    0.0000127  -0.00003659
 172    0.0000101  -0.00004035
 173    0.0000002  -0.00000109
 174    0.0000001  -0.00000008
 175    0.0000001  -0.00000027
 176    0.0000001  0.00000017
 177    0.0000006  -0.00000210
 178    0.0000104  -0.00002784
 179    0.0000273  -0.00007540
 180    0.0000273  -0.00007395
 181    0.0000263  -0.00007308
 182    0.0000056  -0.00002156
 183    0.0000056  -0.00002486
 184    0.0000122  -0.00003102
 185    0.0000193  -0.00006676
 186    0.0000152  -0.00006231
 187    0.0000085  -0.00003092
 188    0.0000045  -0.00002096
 189    0.0000001  -0.00000091
 190    0.0000001  0.00000019
 191    0.0000001  0.00000013
 192    0.0000001  0.00000018
 193    0.0000004  -0.00000124
 194    0.0000077  -0.00002570
 195    0.0000251  -0.00007158
 196    0.0000218  -0.00006781
 197    0.0000220  -0.00006713
 198    0.0000046  -0.00002128
 199    0.0000048  -0.00001956
 200    0.0000089  -0.00003039
 201    0.0000150  -0.00004726
 202    0.0000118  -0.00004491
 203    0.0000074  -0.00002559
 204    0.0000041  -0.00001619
 205    0.0000001  0.00000024
 206    0.0000001  0.00000018
 207    0.0000001  0.00000019
 208    0.0000001  0.00000017
 209    0.0000003  -0.00000088
 210    0.0000072  -0.00002435
 211    0.0000232  -0.00006964
 212    0.0000195  -0.00006280
 213    0.0000208  -0.00006364
 214    0.0000042  -0.00001996
 215    0.0000047  -0.00002074
 216    0.0000061  -0.00002097
 217    0.0000112  -0.00004024
 218    0.0000109  -0.00003999
 219    0.0000045  -0.00002252
 220    0.0000034  -0.00001391
 221    0.0000001  0.00000024
 222    0.0000001  0.00000021
 223    0.0000001  0.00000019
 224    0.0000000  0.00000017
 225    0.0000003  -0.00000035
 226    0.0000060  -0.00001875
 227    0.0000090  -0.00002729
 228    0.0000102  -0.00002646
 229    0.0000086  -0.00002630
 230    0.0000036  -0.00001772
 231    0.0000042  -0.00001817
 232    0.0000053  -0.00002081
 233    0.0000080  -0.00002913
 234    0.0000081  -0.00002904
 235    0.0000035  -0.00001435
 236    0.0000029  -0.00001528
 237    0.0000001  0.00000020
 238    0.0000001  0.00000021
 239    0.0000001  0.00000018
 240    0.0000000  0.00000017
 241    0.0000003  -0.00000025
 242    0.0000054  -0.00001694
 243    0.0000083  -0.00002641
 244    0.0000072  -0.00002549
 245    0.0000072  -0.00002482
 246    0.0000026  -0.00001171
 247    0.0000038  -0.00001213
 248    0.0000051  -0.00001490
 249    0.0000057  -0.00002527
 250    0.0000056  -0.00002528
 251    0.0000026  -0.00001248
 252    0.0000022  -0.00000527
 253    0.0000001  0.00000021
 254    0.0000001  0.00000022
 255    0.0000001  0.00000019
 256    0.0000000  0.00000017
 257    0.0000003  0.00000010
 258    0.0000049  -0.00001348
 259    0.0000068  -0.00002163
 260    0.0000064  -0.00002007
 261    0.0000055  -0.00001906
 262    0.0000025  -0.00000845
 263    0.0000035  -0.00001088
 264    0.0000044  -0.00001593
 265    0.0000043  -0.00001898
 266    0.0000050  -0.00001952
 267    0.0000024  -0.00000762
 268    0.0000019  -0.00000454
 269    0.0000001  0.00000020
 270    0.0000001  0.00000021
 271    0.0000001  0.00000018
 272    0.0000000  0.00000016
 273    0.0000002  0.00000024
 274    0.0000041  -0.00001011
 275    0.0000048  -0.00002071
 276    0.0000043  -0.00001930
 277    0.0000050  -0.00001997
 278    0.0000022  -0.00000714
 279    0.0000027  -0.00000879
 280    0.0000028  -0.00001233
 281    0.0000034  -0.00001573
 282    0.0000047  -0.00001704
 283    0.0000020  -0.00000410
 284    0.0000012  -0.00000133
 285    0.0000001  0.00000017
 286    0.0000001  0.00000020
 287    0.0000001  0.00000017
 288    0.0000000  0.00000017
 289    0.0000002  0.00000013
 290    0.0000038  -0.00000831
 291    0.0000045  -0.00001543
 292    0.0000040  -0.00001444
 293    0.0000048  -0.00001447
 294    0.0000020  -0.00000636
 295    0.0000026  -0.00000114
 296    0.0000028  -0.00000704
 297    0.0000030  -0.00001174
 298    0.0000037  -0.00001340
 299    0.0000018  -0.00000262
 300    0.0000012  -0.00000246
 301    0.0000001  0.00000019
 302    0.0000001  0.00000020
 303    0.0000000  0.00000017
 304    0.0000000  0.00000017
 305    0.0000002  0.00000024
 306    0.0000037  -0.00000843
 307    0.0000037  -0.00001323
 308    0.0000037  -0.00001280
 309    0.0000044  -0.00001347
 310    0.0000018  -0.00000102
 311    0.0000025  -0.00000451
 312    0.0000026  -0.00000553
 313    0.0000023  -0.00000745
 314    0.0000027  -0.00000770
 315    0.0000014  -0.00000324
 316    0.0000010  0.00000007
 317    0.0000001  0.00000014
 318    0.0000001  0.00000019
 319    0.0000000  0.00000015
 320    0.0000000  0.00000017
 321    0.0000001  0.00000020
 322    0.0000031  -0.00000605
 323    0.0000031  -0.00000932
 324    0.0000033  -0.00000965
 325    0.0000038  -0.00001008
 326    0.0000015  -0.00000071
 327    0.0000020  -0.00000205
 328    0.0000023  -0.00000415
 329    0.0000020  -0.00000623
 330    0.0000027  -0.00000686
 331    0.0000011  -0.00000233
 332    0.0000008  0.00000014
 333    0.0000001  0.00000017
 334    0.0000001  0.00000019
 335    0.0000000  0.00000017
 336    0.0000000  0.00000016
 337    0.0000001  0.00000017
 338    0.0000029  -0.00000325
 339    0.0000030  -0.00000974
 340    0.0000027  -0.00000926
 341    0.0000030  -0.00000923
 342    0.0000014  0.00000067
 343    0.0000019  -0.00000130
 344    0.0000019  -0.00000308
 345    0.0000018  -0.00000600
 346    0.0000024  -0.00000609
 347    0.0000010  -0.00000185
 348    0.0000008  0.00000014
 349    0.0000001  0.00000017
 350    0.0000001  0.00000019
 351    0.0000000  0.00000014
 352    0.0000000  0.00000016
 353    0.0000001  0.00000019
 354    0.0000027  -0.00000255
 355    0.0000028  -0.00000861
 356    0.0000024  -0.00000863
 357    0.0000028  -0.00000920
 358    0.0000012  0.00000013
 359    0.0000017  -0.00000003
 360    0.0000013  -0.00000174
 361    0.0000016  -0.00000547
 362    0.0000023  -0.00000610
 363    0.0000009  -0.00000100
 364    0.0000007  0.00000067
 365    0.0000001  0.00000020
 366    0.0000001  0.00000020
 367    0.0000000  0.00000017
 368    0.0000000  0.00000016
 
----------------
 Final Energies 
----------------
Final NOF Total Energy =    -208.4174349
 
Total Orbital Internal Iterations = 230
Total Occupation Internal Iterations = 14
 
Elapsed time: 1740.29 Seconds

---------------------------------
   Lowdin Population Analysis    
---------------------------------
 Idx  Atom   Population   Charge 
---------------------------------
  1     C     5.778       0.222
  2     C     6.550      -0.550
  3     N     6.463       0.537
  4     O     7.695       0.305
  5     H     1.175      -0.175
  6     H     1.175      -0.175
  7     H     1.053      -0.053
  8     H     1.053      -0.053
  9     H     1.057      -0.057

---------------------------------
   M Diagnostic: 0.06
---------------------------------

