Computing Integrals
Elapsed time:    3.42 Seconds

Number of basis functions                   (NBF)    = 177
Number of auxiliary basis functions         (NBFAUX) = 147
Inactive Doubly occupied orbitals up to     (NO1)    = 0
No. considered Strongly Doubly occupied MOs (NDOC)   = 5
No. considered Strongly Singly occupied MOs (NSOC)   = 0
NO. of Weakly occ. per St. Doubly occ.  MOs (NCWO)   = 34
Dimension of the Nat. Orb. subspace         (NBF5)   = 175
No. of electrons                                     = 10
    No. of alpha electrons                           = 5
    No. of beta electrons                            = 5
Multiplicity                                         = 1

Geometry
========
 C       0.0000000      -0.0000000       0.0000000
 H      -0.6308900       0.6308900       0.6308900
 H       0.6308900      -0.6308900       0.6308900
 H      -0.6308900      -0.6308900      -0.6308900
 H       0.6308900       0.6308900      -0.6308900

No violations of the orthonormality
No violations of the orthonormality
 
PNOF5/ADAM Calculation
==================
 
  Nitext  Nit_orb  Time   Nit_occ  Time         Eelec          Etot           Ediff      maxdiff    Grad_orb  Grad_occ
0.00011675850239578622
0.00018087702613624602
     1      10    3.9e+01    1    3.9e+01   -53.74550068   -40.34374829 -10052.74550068   0.045360   5.8e-01   2.3e-04 0.02
0.00016068822096648727
0.000219911815921433
     2      30    6.2e+01    1    9.7e-02   -53.75172997   -40.34997758    -0.00622929   0.000349   3.1e-03   1.7e-04 0.02
0.0
0.0
     3      30    7.0e+01    0    7.4e-02   -53.75173436   -40.34998196    -0.00000438   0.000887   5.8e-03   1.4e-04 0.02
0.0
0.0
     4      40    9.1e+01    0    5.3e-02   -53.75173531   -40.34998292    -0.00000096   0.000169   8.9e-04   1.4e-04 0.02
0.0
0.0
     5      45    9.6e+01    0    4.8e-02   -53.75173553   -40.34998314    -0.00000022   0.000093   5.7e-04   1.4e-04 0.02
 
RESULTS OF THE OCCUPATION OPTIMIZATION
========================================
   1    1.9994452  -11.21193621
   2    1.9779545  -0.66870636
   3    1.9779364  -0.66866885
   4    1.9779382  -0.66865602
   5    1.9777283  -0.66825589
   6    0.0141559  -0.01138032
   7    0.0139779  -0.01130221
   8    0.0139624  -0.01129735
   9    0.0139595  -0.01129616
  10    0.0003821  -0.00758528
  11    0.0038695  -0.00406672
  12    0.0038497  -0.00405106
  13    0.0038490  -0.00405241
  14    0.0038750  -0.00406301
  15    0.0000542  -0.00080469
  16    0.0018086  -0.00213648
  17    0.0017678  -0.00211547
  18    0.0017814  -0.00212168
  19    0.0017569  -0.00210955
  20    0.0000541  -0.00080310
  21    0.0017956  -0.00213146
  22    0.0017650  -0.00211461
  23    0.0017725  -0.00211813
  24    0.0017502  -0.00210525
  25    0.0000539  -0.00080028
  26    0.0001357  -0.00020934
  27    0.0001111  -0.00019789
  28    0.0001177  -0.00020031
  29    0.0001279  -0.00020484
  30    0.0000057  -0.00028212
  31    0.0001245  -0.00020463
  32    0.0001038  -0.00019463
  33    0.0001173  -0.00020012
  34    0.0001256  -0.00020438
  35    0.0000011  -0.00000248
  36    0.0000843  -0.00016163
  37    0.0000903  -0.00016366
  38    0.0000872  -0.00016207
  39    0.0000987  -0.00016783
  40    0.0000008  -0.00000196
  41    0.0000797  -0.00015837
  42    0.0000850  -0.00016076
  43    0.0000750  -0.00015545
  44    0.0000771  -0.00015743
  45    0.0000003  -0.00001456
  46    0.0000633  -0.00015251
  47    0.0000776  -0.00015792
  48    0.0000727  -0.00015493
  49    0.0000744  -0.00015674
  50    0.0000003  -0.00000076
  51    0.0000493  -0.00014076
  52    0.0000583  -0.00014577
  53    0.0000476  -0.00013874
  54    0.0000544  -0.00014399
  55    0.0000002  -0.00000024
  56    0.0000278  -0.00007418
  57    0.0000480  -0.00008483
  58    0.0000382  -0.00008054
  59    0.0000270  -0.00007390
  60    0.0000001  -0.00000020
  61    0.0000166  -0.00006222
  62    0.0000233  -0.00006706
  63    0.0000326  -0.00007163
  64    0.0000244  -0.00006796
  65    0.0000001  0.00000029
  66    0.0000150  -0.00006052
  67    0.0000202  -0.00006473
  68    0.0000185  -0.00006300
  69    0.0000172  -0.00006184
  70    0.0000001  0.00000030
  71    0.0000057  -0.00002375
  72    0.0000147  -0.00002624
  73    0.0000118  -0.00002608
  74    0.0000115  -0.00002616
  75    0.0000001  0.00000029
  76    0.0000042  -0.00002193
  77    0.0000116  -0.00002646
  78    0.0000117  -0.00002679
  79    0.0000098  -0.00002638
  80    0.0000001  0.00000030
  81    0.0000040  -0.00001788
  82    0.0000081  -0.00001923
  83    0.0000089  -0.00001866
  84    0.0000085  -0.00001973
  85    0.0000001  0.00000028
  86    0.0000032  -0.00001655
  87    0.0000064  -0.00001972
  88    0.0000087  -0.00001472
  89    0.0000067  -0.00001921
  90    0.0000001  0.00000028
  91    0.0000030  -0.00001418
  92    0.0000059  -0.00001336
  93    0.0000071  -0.00001774
  94    0.0000056  -0.00001471
  95    0.0000001  0.00000027
  96    0.0000029  -0.00000989
  97    0.0000055  -0.00001473
  98    0.0000067  -0.00001371
  99    0.0000053  -0.00001469
 100    0.0000001  0.00000032
 101    0.0000023  -0.00000836
 102    0.0000048  -0.00000997
 103    0.0000055  -0.00001016
 104    0.0000047  -0.00001001
 105    0.0000001  0.00000032
 106    0.0000020  -0.00000747
 107    0.0000038  -0.00000896
 108    0.0000055  -0.00001047
 109    0.0000036  -0.00000917
 110    0.0000001  0.00000032
 111    0.0000019  -0.00000622
 112    0.0000038  -0.00000940
 113    0.0000042  -0.00000939
 114    0.0000029  -0.00000831
 115    0.0000001  0.00000032
 116    0.0000018  -0.00000620
 117    0.0000028  -0.00000819
 118    0.0000032  -0.00000798
 119    0.0000027  -0.00000784
 120    0.0000001  0.00000034
 121    0.0000018  -0.00000433
 122    0.0000025  -0.00000624
 123    0.0000031  -0.00000696
 124    0.0000024  -0.00000514
 125    0.0000001  0.00000032
 126    0.0000016  -0.00000016
 127    0.0000023  -0.00000220
 128    0.0000029  -0.00000234
 129    0.0000020  -0.00000122
 130    0.0000001  0.00000033
 131    0.0000016  -0.00000025
 132    0.0000019  -0.00000125
 133    0.0000021  -0.00000225
 134    0.0000017  -0.00000079
 135    0.0000001  0.00000032
 136    0.0000015  0.00000002
 137    0.0000018  -0.00000081
 138    0.0000018  -0.00000087
 139    0.0000015  -0.00000012
 140    0.0000001  0.00000033
 141    0.0000014  0.00000067
 142    0.0000016  -0.00000040
 143    0.0000016  -0.00000018
 144    0.0000015  -0.00000026
 145    0.0000001  0.00000033
 146    0.0000013  0.00000119
 147    0.0000014  -0.00000080
 148    0.0000016  -0.00000009
 149    0.0000013  0.00000019
 150    0.0000001  0.00000034
 151    0.0000013  0.00000096
 152    0.0000013  0.00000053
 153    0.0000012  0.00000001
 154    0.0000012  0.00000059
 155    0.0000001  0.00000034
 156    0.0000012  0.00000071
 157    0.0000011  0.00000063
 158    0.0000012  0.00000015
 159    0.0000012  0.00000042
 160    0.0000001  0.00000035
 161    0.0000011  0.00000048
 162    0.0000010  0.00000050
 163    0.0000012  0.00000041
 164    0.0000011  -0.00000003
 165    0.0000001  0.00000033
 166    0.0000011  0.00000103
 167    0.0000009  0.00000011
 168    0.0000011  0.00000007
 169    0.0000010  0.00000079
 170    0.0000001  0.00000033
 171    0.0000010  0.00000096
 172    0.0000008  0.00000051
 173    0.0000008  0.00000023
 174    0.0000010  0.00000096
 175    0.0000001  0.00000033
 
----------------
 Final Energies 
----------------
Final NOF Total Energy =     -40.3499831
 
Total Orbital Internal Iterations = 155
Total Occupation Internal Iterations = 2
 
Elapsed time:  431.86 Seconds

---------------------------------
   Lowdin Population Analysis    
---------------------------------
 Idx  Atom   Population   Charge 
---------------------------------
  1     C     5.695       0.305
  2     H     1.076      -0.076
  3     H     1.076      -0.076
  4     H     1.076      -0.076
  5     H     1.076      -0.076

---------------------------------
   M Diagnostic: 0.02
---------------------------------

