Computing Integrals
Elapsed time:    3.82 Seconds

Number of basis functions                   (NBF)    = 184
Number of auxiliary basis functions         (NBFAUX) = 282
Inactive Doubly occupied orbitals up to     (NO1)    = 0
No. considered Strongly Doubly occupied MOs (NDOC)   = 16
No. considered Strongly Singly occupied MOs (NSOC)   = 1
NO. of Weakly occ. per St. Doubly occ.  MOs (NCWO)   = 10
Dimension of the Nat. Orb. subspace         (NBF5)   = 177
No. of electrons                                     = 33
    No. of alpha electrons                           = 17
    No. of beta electrons                            = 16
Multiplicity                                         = 2

Geometry
========
Cl       0.0000000       0.0000000       0.3705400
 O       0.0000000       1.2590800      -0.3937000
 O       0.0000000      -1.2590800      -0.3937000

No violations of the orthonormality
No violations of the orthonormality
 
PNOF5/ADAM Calculation
==================
 
  Nitext  Nit_orb  Time   Nit_occ  Time         Eelec          Etot           Ediff      maxdiff    Grad_orb  Grad_occ
0.000618977487060776
0.0013633612619951975
     1      10    4.6e+01    4    3.3e+01  -720.40976307  -609.23574461 -10719.40976307   0.194856   4.0e+00   1.5e-04 0.01
0.0003556933598332082
0.0007739184036622389
     2      30    8.4e+01    3    1.4e-01  -720.48864209  -609.31462362    -0.07887901   0.019996   2.4e-01   2.0e-04 0.01
0.00024142790224956912
0.00045248711130043947
     3      30    7.6e+01    2    1.3e-01  -720.49288730  -609.31886883    -0.00424521   0.006431   8.4e-02   2.2e-04 0.01
0.00012219198871699088
0.0002342162927178937
     4      30    7.5e+01    1    9.5e-02  -720.49284784  -609.31882937     0.00003946   0.008064   1.0e-01   1.8e-04 0.01
0.0
0.0
     5      50    1.2e+02    0    5.6e-02  -720.49319436  -609.31917589    -0.00034652   0.000643   6.9e-03   1.7e-04 0.01
0.0
0.0
     6      60    1.5e+02    0    8.0e-02  -720.49319428  -609.31917581     0.00000008   0.000531   6.3e-03   1.7e-04 0.01
0.0
0.0
     7      83    2.0e+02    0    8.4e-02  -720.49319622  -609.31917775    -0.00000194   0.000098   1.2e-03   1.8e-04 0.01
 
RESULTS OF THE OCCUPATION OPTIMIZATION
========================================
   1    1.9999490  -103.86914693
   2    1.9997764  -20.69186874
   3    1.9997904  -20.55951545
   4    1.9996954  -9.54989143
   5    1.9997152  -9.50927122
   6    1.9996930  -9.22196901
   7    1.9995873  -8.34186775
   8    1.9891898  -1.19518231
   9    1.9860014  -1.05170363
  10    1.9909785  -0.91003370
  11    1.9908975  -0.89902215
  12    1.9893697  -0.84575865
  13    1.9894076  -0.84571699
  14    1.9876741  -0.74966952
  15    1.9901336  -0.74251610
  16    1.9900424  -0.74222827
  17    1.0000000  -0.30044379
  18    0.0078868  -0.00910229
  19    0.0078028  -0.00906835
  20    0.0104474  -0.01108480
  21    0.0040267  -0.00426366
  22    0.0040013  -0.00424245
  23    0.0066785  -0.00882973
  24    0.0066205  -0.00882182
  25    0.0119628  -0.01404654
  26    0.0087568  -0.01225741
  27    0.0001665  -0.00227149
  28    0.0001741  -0.00238098
  29    0.0001752  -0.00241278
  30    0.0001846  -0.00254037
  31    0.0001831  -0.00678705
  32    0.0001830  -0.00678971
  33    0.0000299  -0.00607016
  34    0.0007562  -0.00145456
  35    0.0007500  -0.00144768
  36    0.0007489  -0.00134630
  37    0.0030099  -0.00342512
  38    0.0029803  -0.00341337
  39    0.0008821  -0.00178751
  40    0.0008329  -0.00171268
  41    0.0009175  -0.00170442
  42    0.0009313  -0.00196002
  43    0.0001376  -0.00169519
  44    0.0001311  -0.00182426
  45    0.0001079  -0.00154255
  46    0.0001181  -0.00167404
  47    0.0000147  -0.00038167
  48    0.0000221  -0.00053734
  49    0.0000075  -0.00094036
  50    0.0005452  -0.00110939
  51    0.0005556  -0.00111657
  52    0.0006518  -0.00111582
  53    0.0028904  -0.00330483
  54    0.0029396  -0.00333688
  55    0.0007312  -0.00145023
  56    0.0007979  -0.00154718
  57    0.0005947  -0.00112402
  58    0.0005874  -0.00129243
  59    0.0001060  -0.00133163
  60    0.0000006  -0.00000122
  61    0.0000006  -0.00000328
  62    0.0000005  -0.00000292
  63    0.0000055  -0.00011879
  64    0.0000120  -0.00030734
  65    0.0000067  -0.00082769
  66    0.0005158  -0.00106801
  67    0.0005090  -0.00106078
  68    0.0003723  -0.00077927
  69    0.0003200  -0.00056007
  70    0.0003260  -0.00056843
  71    0.0004651  -0.00106650
  72    0.0004323  -0.00102341
  73    0.0004495  -0.00094874
  74    0.0004287  -0.00098753
  75    0.0000007  -0.00000363
  76    0.0000002  -0.00000022
  77    0.0000003  -0.00000095
  78    0.0000003  -0.00000205
  79    0.0000031  -0.00007153
  80    0.0000028  -0.00006853
  81    0.0000059  -0.00073200
  82    0.0000720  -0.00020945
  83    0.0000753  -0.00021293
  84    0.0000519  -0.00016699
  85    0.0001498  -0.00029176
  86    0.0001623  -0.00030137
  87    0.0000939  -0.00028455
  88    0.0000887  -0.00027356
  89    0.0000314  -0.00007922
  90    0.0000335  -0.00011959
  91    0.0000005  -0.00000191
  92    0.0000002  -0.00000001
  93    0.0000002  -0.00000085
  94    0.0000002  -0.00000022
  95    0.0000022  -0.00016936
  96    0.0000023  -0.00017302
  97    0.0000009  -0.00027160
  98    0.0000565  -0.00017300
  99    0.0000567  -0.00017229
 100    0.0000238  -0.00010639
 101    0.0000861  -0.00019264
 102    0.0000929  -0.00019909
 103    0.0000922  -0.00028263
 104    0.0000887  -0.00027401
 105    0.0000125  -0.00005987
 106    0.0000306  -0.00010303
 107    0.0000004  -0.00000021
 108    0.0000002  0.00000006
 109    0.0000002  0.00000018
 110    0.0000002  -0.00000019
 111    0.0000003  -0.00000426
 112    0.0000004  -0.00000554
 113    0.0000001  0.00000021
 114    0.0000495  -0.00016277
 115    0.0000508  -0.00016438
 116    0.0000111  -0.00006455
 117    0.0000422  -0.00009293
 118    0.0000477  -0.00009972
 119    0.0000629  -0.00017494
 120    0.0000714  -0.00018750
 121    0.0000114  -0.00004525
 122    0.0000141  -0.00007773
 123    0.0000003  0.00000008
 124    0.0000002  0.00000030
 125    0.0000001  0.00000044
 126    0.0000002  -0.00000001
 127    0.0000003  -0.00000380
 128    0.0000003  -0.00000477
 129    0.0000000  0.00000017
 130    0.0000397  -0.00014544
 131    0.0000403  -0.00014785
 132    0.0000084  -0.00005345
 133    0.0000371  -0.00008431
 134    0.0000361  -0.00007989
 135    0.0000468  -0.00016506
 136    0.0000466  -0.00016684
 137    0.0000080  -0.00003527
 138    0.0000104  -0.00004616
 139    0.0000003  0.00000006
 140    0.0000002  0.00000046
 141    0.0000001  0.00000036
 142    0.0000002  0.00000019
 143    0.0000002  -0.00000337
 144    0.0000003  -0.00000379
 145    0.0000000  0.00000015
 146    0.0000308  -0.00012130
 147    0.0000203  -0.00009562
 148    0.0000058  -0.00004014
 149    0.0000178  -0.00005385
 150    0.0000228  -0.00006005
 151    0.0000375  -0.00015556
 152    0.0000336  -0.00014372
 153    0.0000055  -0.00002763
 154    0.0000091  -0.00003845
 155    0.0000003  0.00000011
 156    0.0000002  0.00000048
 157    0.0000001  0.00000034
 158    0.0000002  0.00000022
 159    0.0000002  -0.00000267
 160    0.0000002  -0.00000322
 161    0.0000000  0.00000012
 162    0.0000051  -0.00002236
 163    0.0000056  -0.00002061
 164    0.0000045  -0.00001810
 165    0.0000124  -0.00002718
 166    0.0000214  -0.00003395
 167    0.0000123  -0.00004691
 168    0.0000089  -0.00004082
 169    0.0000054  -0.00002075
 170    0.0000082  -0.00003071
 171    0.0000003  0.00000006
 172    0.0000001  0.00000050
 173    0.0000001  0.00000033
 174    0.0000002  0.00000047
 175    0.0000001  -0.00000789
 176    0.0000001  -0.00000869
 177    0.0000000  0.00000010
 
----------------
 Final Energies 
----------------
Final NOF Total Energy =    -609.3191778
 
Total Orbital Internal Iterations = 293
Total Occupation Internal Iterations = 10
 
Elapsed time:  812.88 Seconds

---------------------------------
   Lowdin Population Analysis    
---------------------------------
 Idx  Atom   Population   Charge 
---------------------------------
  1    Cl    16.601       0.399
  2     O     8.356      -0.356
  3     O     8.043      -0.043

---------------------------------
   M Diagnostic: 0.01
---------------------------------

