15A_C.jld2 not found
15A_n.jld2 not found
Computing Integrals
NVIDIA GeForce RTX 3090
Elapsed time:    5.06 Seconds

Number of basis functions                   (NBF)    = 100
Number of auxiliary basis functions         (NBFAUX) = 146
Inactive Doubly occupied orbitals up to     (NO1)    = 0
No. considered Strongly Doubly occupied MOs (NDOC)   = 9
No. considered Strongly Singly occupied MOs (NSOC)   = 0
NO. of Weakly occ. per St. Doubly occ.  MOs (NCWO)   = 10
Dimension of the Nat. Orb. subspace         (NBF5)   = 99
No. of electrons                                     = 18
    No. of alpha electrons                           = 9
    No. of beta electrons                            = 9
Multiplicity                                         = 1

Geometry
========
 S       0.7716100       1.3262700      -0.9387200
 H      -0.1907500       1.8427400      -1.7174800

No violations of the orthonormality
No violations of the orthonormality
 
PNOF9/ADABelief Calculation
==================
 
  Nitext  Nit_orb  Time   Nit_occ  Time         Eelec          Etot           Ediff      maxdiff    MaxGrad_orb  Grad_occ
     1      10    4.2e+01   22    3.5e+01  -391.13636609  -384.82442432 -10390.13636609   1.535372   6.1e+00   1.6e-04 0.00
     2      10    7.8e-02   41    4.9e-01  -396.59659433  -390.28465255    -5.46022823   3.264487   1.3e+01   1.9e-04 0.00
     3      10    7.8e-02   43    4.1e-01  -398.77628791  -392.46434614    -2.17969359   0.891902   3.6e+00   2.6e-04 0.01
     4      10    7.9e-02   31    3.3e-01  -399.74039366  -393.42845189    -0.96410575   0.810836   3.2e+00   2.2e-04 0.01
     5      10    7.9e-02   38    2.5e-01  -400.95425415  -394.64231237    -1.21386048   0.492284   2.0e+00   1.3e-04 0.02
     6      10    8.4e-02   29    3.0e-01  -401.40797661  -395.09603484    -0.45372247   0.468343   1.9e+00   1.8e-04 0.02
     7      10    7.8e-02   23    1.5e-01  -402.06777178  -395.75583001    -0.65979517   0.506812   2.0e+00   2.2e-04 0.02
     8      10    7.8e-02    0    1.2e-02  -402.07137524  -395.75943347    -0.00360346   0.506814   2.0e+00   2.2e-04 0.02
     9      30    2.2e-01   28    3.1e-01  -404.12245119  -397.81050942    -2.05107595   0.139108   5.6e-01   1.7e-04 0.02
    10      30    2.1e-01   21    1.4e-01  -404.67922223  -398.36728045    -0.55677103   0.069817   2.8e-01   2.1e-04 0.02
    11      30    2.1e-01   21    1.5e-01  -404.88282357  -398.57088179    -0.20360134   0.041428   1.7e-01   2.2e-04 0.02
    12      30    2.1e-01   21    1.7e-01  -404.94374921  -398.63180744    -0.06092565   0.033639   1.3e-01   1.7e-04 0.02
    13      30    2.5e-01   17    1.7e-01  -404.95879525  -398.64685348    -0.01504604   0.035626   1.4e-01   1.6e-04 0.02
    14      30    2.1e-01   15    1.1e-01  -404.96605448  -398.65411271    -0.00725923   0.030899   1.2e-01   1.9e-04 0.02
    15      30    2.0e-01   14    1.0e-01  -404.96818262  -398.65624085    -0.00212814   0.033448   1.3e-01   2.0e-04 0.02
    16      30    2.1e-01   13    1.1e-01  -404.97039463  -398.65845286    -0.00221201   0.031177   1.2e-01   1.9e-04 0.02
    17      30    2.2e-01    9    1.7e-01  -404.97255642  -398.66061465    -0.00216179   0.047380   1.9e-01   2.0e-04 0.03
    18      30    2.1e-01    5    3.4e-02  -404.97411795  -398.66217617    -0.00156152   0.028762   1.2e-01   2.8e-04 0.03
    19      30    2.1e-01    7    6.9e-02  -404.97480297  -398.66286120    -0.00068502   0.028533   1.1e-01   2.1e-04 0.03
    20      30    2.1e-01    3    2.3e-02  -404.97496392  -398.66302214    -0.00016095   0.028574   1.1e-01   1.6e-04 0.03
    21      30    2.2e-01    3    2.4e-02  -404.97574566  -398.66380389    -0.00078174   0.027450   1.1e-01   2.1e-04 0.03
    22      30    2.0e-01    0    6.4e-03  -404.97576647  -398.66382470    -0.00002081   0.027450   1.1e-01   2.1e-04 0.03
    23      50    3.5e-01    1    2.5e-02  -404.97856163  -398.66661986    -0.00279516   0.004084   1.6e-02   2.3e-04 0.03
    24      50    3.5e-01    7    5.4e-02  -404.97855545  -398.66661368     0.00000618   0.005519   2.2e-02   1.7e-04 0.03
    25      50    3.5e-01    1    2.4e-02  -404.97865390  -398.66671212    -0.00009845   0.004580   1.8e-02   1.9e-04 0.03
    26      50    3.8e-01    0    6.3e-03  -404.97864574  -398.66670396     0.00000816   0.004580   1.8e-02   1.9e-04 0.03
    27      68    4.6e-01    0    6.8e-03  -404.97874091  -398.66679914    -0.00009518   0.000825   3.3e-03   2.4e-04 0.03
 
RESULTS OF THE OCCUPATION OPTIMIZATION
========================================
   1    1.9999993  -91.70619965
   2    1.9999565  -8.66870213
   3    1.9993208  -6.35970688
   4    1.9997992  -6.35707188
   5    1.9997984  -6.35500860
   6    1.9859064  -0.65704209
   7    1.9699262  -0.26582026
   8    1.9772803  -0.12328809
   9    1.9674607  -0.11090534
  10    0.0078602  -0.01685878
  11    0.0082073  -0.02291181
  12    0.0194225  -0.02777033
  13    0.0027245  -0.01134074
  14    0.0000460  -0.00094918
  15    0.0000324  -0.00074682
  16    0.0003987  -0.00672129
  17    0.0000106  -0.00043671
  18    0.0000001  -0.00000178
  19    0.0064888  -0.01106200
  20    0.0076773  -0.01849056
  21    0.0080199  -0.01257853
  22    0.0021969  -0.00915624
  23    0.0000359  -0.00028412
  24    0.0000296  -0.00015897
  25    0.0001957  -0.00584948
  26    0.0000056  -0.00002439
  27    0.0000001  -0.00000135
  28    0.0061713  -0.01037416
  29    0.0021256  -0.00770894
  30    0.0008585  -0.00160359
  31    0.0021793  -0.00914176
  32    0.0000262  -0.00014041
  33    0.0000290  -0.00018979
  34    0.0000161  -0.00009827
  35    0.0000053  -0.00002327
  36    0.0000001  -0.00000127
  37    0.0059135  -0.00995338
  38    0.0019201  -0.00763237
  39    0.0006137  -0.00116365
  40    0.0020253  -0.00929831
  41    0.0000206  -0.00011270
  42    0.0000263  -0.00014938
  43    0.0000141  -0.00009276
  44    0.0000049  -0.00002188
  45    0.0000001  -0.00000073
  46    0.0052370  -0.00998333
  47    0.0009116  -0.00250744
  48    0.0003253  -0.00082389
  49    0.0013147  -0.01060652
  50    0.0000206  -0.00011320
  51    0.0000225  -0.00014170
  52    0.0000131  -0.00008931
  53    0.0000035  -0.00000918
  54    0.0000001  -0.00000069
  55    0.0004279  -0.00091348
  56    0.0005691  -0.00123261
  57    0.0003094  -0.00081006
  58    0.0012238  -0.00924251
  59    0.0000175  -0.00011436
  60    0.0000209  -0.00011280
  61    0.0000121  -0.00008387
  62    0.0000032  -0.00020015
  63    0.0000001  -0.00000065
  64    0.0001633  -0.00046259
  65    0.0005646  -0.00122730
  66    0.0002877  -0.00081204
  67    0.0011184  -0.00849212
  68    0.0000148  -0.00010218
  69    0.0000152  -0.00012569
  70    0.0000096  -0.00005999
  71    0.0000029  -0.00000936
  72    0.0000001  -0.00000063
  73    0.0001470  -0.00038788
  74    0.0002995  -0.00092175
  75    0.0000877  -0.00024589
  76    0.0007539  -0.00236168
  77    0.0000096  -0.00013458
  78    0.0000114  -0.00006309
  79    0.0000072  -0.00005032
  80    0.0000029  -0.00000750
  81    0.0000001  -0.00000056
  82    0.0000727  -0.00018804
  83    0.0002797  -0.00095168
  84    0.0000797  -0.00019413
  85    0.0002826  -0.00321846
  86    0.0000060  -0.00004188
  87    0.0000102  -0.00008414
  88    0.0000069  -0.00004802
  89    0.0000025  -0.00000604
  90    0.0000001  -0.00000029
  91    0.0000576  -0.00016765
  92    0.0001648  -0.00050690
  93    0.0000693  -0.00018500
  94    0.0002742  -0.00307621
  95    0.0000044  -0.00013309
  96    0.0000033  -0.00023544
  97    0.0000057  -0.00003317
  98    0.0000021  -0.00000560
  99    0.0000001  -0.00000031
 
----------------
 Final Energies 
----------------
Final NOF Total Energy =    -398.6667991
 
Total Orbital Internal Iterations = 768
Total Occupation Internal Iterations = 413
 
Elapsed time:  115.73 Seconds

---------------------------------
   Lowdin Population Analysis    
---------------------------------
 Idx  Atom   Population   Charge 
---------------------------------
  1     S    16.580      -0.580
  2     H     1.420      -0.420

---------------------------------
   M Diagnostic: 0.03
---------------------------------

