RKT09_C.jld2 not found
RKT09_n.jld2 not found
Computing Integrals
NVIDIA GeForce RTX 3090
Elapsed time:   11.17 Seconds

Number of basis functions                   (NBF)    = 381
Number of auxiliary basis functions         (NBFAUX) = 353
Inactive Doubly occupied orbitals up to     (NO1)    = 0
No. considered Strongly Doubly occupied MOs (NDOC)   = 13
No. considered Strongly Singly occupied MOs (NSOC)   = 1
NO. of Weakly occ. per St. Doubly occ.  MOs (NCWO)   = 28
Dimension of the Nat. Orb. subspace         (NBF5)   = 378
No. of electrons                                     = 27
    No. of alpha electrons                           = 14
    No. of beta electrons                            = 13
Multiplicity                                         = 2

Geometry
========
 C       1.1250900      -0.5411000      -0.0126700
 C       0.1361800       0.6026900      -0.0656400
 O      -2.1862800      -0.4093900      -0.0912000
 H       0.9685200      -1.1558100       0.8725900
 H       1.0333400      -1.1809200      -0.8892600
 H       2.1490000      -0.1616100       0.0190000
 H       0.1378200       1.2307100       0.8228900
 H       0.2002700       1.2087600      -0.9667000
 H      -0.9634800       0.1130800      -0.1166100
 H      -2.6004500       0.2935900       0.4276100

No violations of the orthonormality
No violations of the orthonormality
 
PNOF9/ADABelief Calculation
==================
 
  Nitext  Nit_orb  Time   Nit_occ  Time         Eelec          Etot           Ediff      maxdiff    MaxGrad_orb  Grad_occ
     1      10    4.3e+01   11    3.8e+01  -222.70068390  -146.07950230 -10221.70068390   1.285221   5.1e+00   2.3e-04 0.00
     2      10    4.4e-01   92    2.4e+01  -227.60268629  -150.98150470    -4.90200239   0.367873   1.5e+00   2.2e-04 0.01
     3      10    4.3e-01    0    2.2e-01  -227.84733853  -151.22615693    -0.24465224   0.367888   1.5e+00   2.2e-04 0.01
     4      30    1.3e+00   74    1.8e+01  -231.30103439  -154.67985280    -3.45369586   0.218582   8.7e-01   2.0e-04 0.02
     5      30    1.3e+00   21    5.1e+00  -231.67924248  -155.05806089    -0.37820810   0.277076   1.1e+00   2.4e-04 0.02
     6      30    1.2e+00   29    7.2e+00  -231.83584127  -155.21465967    -0.15659878   0.042694   1.7e-01   2.1e-04 0.02
     7      30    1.2e+00   15    3.8e+00  -231.92363174  -155.30245015    -0.08779047   0.029958   1.2e-01   2.6e-04 0.02
     8      30    1.3e+00   26    6.6e+00  -231.97148326  -155.35030167    -0.04785152   0.020266   8.1e-02   2.1e-04 0.03
     9      30    1.2e+00   18    4.4e+00  -231.98731909  -155.36613750    -0.01583583   0.029105   1.2e-01   2.5e-04 0.03
    10      30    1.3e+00   16    4.4e+00  -231.99427642  -155.37309483    -0.00695733   0.026349   1.1e-01   2.5e-04 0.03
    11      30    1.2e+00   18    4.5e+00  -232.00529654  -155.38411495    -0.01102012   0.019571   7.8e-02   1.8e-04 0.03
    12      30    1.2e+00   12    3.3e+00  -232.01057191  -155.38939032    -0.00527537   0.016493   6.6e-02   2.2e-04 0.03
    13      30    1.2e+00   16    4.2e+00  -232.01353926  -155.39235767    -0.00296735   0.021833   8.7e-02   2.5e-04 0.03
    14      30    1.2e+00   15    3.8e+00  -232.01630833  -155.39512674    -0.00276907   0.027640   1.1e-01   2.3e-04 0.03
    15      30    1.2e+00   15    3.7e+00  -232.01840803  -155.39722644    -0.00209970   0.020029   8.0e-02   2.0e-04 0.03
    16      30    1.2e+00    9    2.6e+00  -232.02039908  -155.39921749    -0.00199105   0.018189   7.3e-02   2.6e-04 0.03
    17      30    1.2e+00   15    3.7e+00  -232.02091317  -155.39973158    -0.00051409   0.019440   7.8e-02   2.5e-04 0.03
    18      30    1.1e+00    8    2.1e+00  -232.02217550  -155.40099391    -0.00126233   0.019250   7.7e-02   2.2e-04 0.03
    19      30    1.3e+00   16    3.8e+00  -232.02247017  -155.40128858    -0.00029467   0.022833   9.1e-02   2.3e-04 0.03
    20      30    1.2e+00    8    2.2e+00  -232.02379956  -155.40261797    -0.00132939   0.017546   7.0e-02   2.4e-04 0.03
    21      30    1.2e+00   13    3.4e+00  -232.02502776  -155.40384617    -0.00122820   0.019867   7.9e-02   2.3e-04 0.03
    22      30    1.2e+00    7    2.0e+00  -232.02663390  -155.40545231    -0.00160614   0.017633   7.1e-02   2.4e-04 0.03
    23      30    1.2e+00   13    3.6e+00  -232.02783923  -155.40665764    -0.00120533   0.017001   6.8e-02   1.8e-04 0.03
    24      30    1.2e+00    7    1.9e+00  -232.02860360  -155.40742201    -0.00076438   0.019186   7.7e-02   1.9e-04 0.03
    25      30    1.2e+00    0    2.1e-01  -232.02867010  -155.40748850    -0.00006649   0.019186   7.7e-02   1.9e-04 0.03
    26      50    2.0e+00    6    1.8e+00  -232.03205976  -155.41087817    -0.00338967   0.001366   5.5e-03   2.4e-04 0.03
    27      50    2.0e+00    0    2.2e-01  -232.03208774  -155.41090615    -0.00002798   0.001366   5.5e-03   2.4e-04 0.03
    28      70    2.7e+00    1    4.2e-01  -232.03217778  -155.41099619    -0.00009004   0.001385   5.5e-03   1.9e-04 0.03
    29      70    2.7e+00    6    1.6e+00  -232.03221218  -155.41103059    -0.00003439   0.000791   3.2e-03   2.1e-04 0.03
 
RESULTS OF THE OCCUPATION OPTIMIZATION
========================================
   1    1.9999829  -20.61880875
   2    1.9999628  -11.23719883
   3    1.9999652  -11.23143578
   4    1.9825944  -1.23530030
   5    1.9846641  -0.96480477
   6    1.9819305  -0.95972985
   7    1.9701648  -0.72962171
   8    1.9659552  -0.60915756
   9    1.9741790  -0.60576719
  10    1.9722885  -0.59372956
  11    1.9707787  -0.57625568
  12    1.9717440  -0.56638247
  13    1.9723060  -0.55597651
  14    1.0000000  -0.28251547
  15    0.0121080  -0.01908165
  16    0.0145221  -0.01925277
  17    0.0121260  -0.01672408
  18    0.0211241  -0.02974964
  19    0.0156880  -0.01962262
  20    0.0219882  -0.02674260
  21    0.0241013  -0.03373979
  22    0.0171661  -0.02251321
  23    0.0050056  -0.00833030
  24    0.0075299  -0.01798846
  25    0.0000317  -0.00065593
  26    0.0000218  -0.00052096
  27    0.0000156  -0.00055999
  28    0.0046269  -0.00875256
  29    0.0043732  -0.00665947
  30    0.0120575  -0.01764364
  31    0.0047139  -0.00788982
  32    0.0049481  -0.00735931
  33    0.0049864  -0.00703704
  34    0.0042669  -0.00824126
  35    0.0002632  -0.00129506
  36    0.0025995  -0.00694873
  37    0.0029348  -0.00673032
  38    0.0000011  -0.00004925
  39    0.0000026  -0.00002475
  40    0.0000002  -0.00000148
  41    0.0046166  -0.00868446
  42    0.0043094  -0.00657241
  43    0.0033047  -0.00560335
  44    0.0011043  -0.00265243
  45    0.0013127  -0.00277935
  46    0.0041045  -0.00595550
  47    0.0003664  -0.00103783
  48    0.0001954  -0.00113177
  49    0.0013079  -0.00581666
  50    0.0024645  -0.00652128
  51    0.0000002  -0.00000147
  52    0.0000022  -0.00004024
  53    0.0000001  -0.00000086
  54    0.0036993  -0.00721884
  55    0.0016405  -0.00305948
  56    0.0008439  -0.00170952
  57    0.0002507  -0.00065860
  58    0.0009479  -0.00184130
  59    0.0007593  -0.00155117
  60    0.0003156  -0.00093407
  61    0.0001259  -0.00076238
  62    0.0012725  -0.00421870
  63    0.0012209  -0.00478007
  64    0.0000001  -0.00000122
  65    0.0000019  -0.00003778
  66    0.0000001  -0.00000077
  67    0.0007433  -0.00203286
  68    0.0011818  -0.00255720
  69    0.0002520  -0.00059855
  70    0.0000914  -0.00026479
  71    0.0006370  -0.00142887
  72    0.0005842  -0.00120507
  73    0.0002854  -0.00086101
  74    0.0000672  -0.00021471
  75    0.0011643  -0.00291259
  76    0.0008312  -0.00273066
  77    0.0000001  -0.00000125
  78    0.0000013  -0.00001345
  79    0.0000001  -0.00000069
  80    0.0005758  -0.00175024
  81    0.0009652  -0.00236424
  82    0.0002081  -0.00053191
  83    0.0000912  -0.00026058
  84    0.0004299  -0.00103776
  85    0.0003675  -0.00084651
  86    0.0002183  -0.00071684
  87    0.0000256  -0.00012238
  88    0.0010320  -0.00265504
  89    0.0006481  -0.00230720
  90    0.0000001  -0.00000100
  91    0.0000012  -0.00002919
  92    0.0000001  -0.00000075
  93    0.0003259  -0.00091854
  94    0.0006148  -0.00125703
  95    0.0001055  -0.00027764
  96    0.0000800  -0.00024359
  97    0.0003626  -0.00092295
  98    0.0002812  -0.00070945
  99    0.0000519  -0.00017140
 100    0.0000242  -0.00011226
 101    0.0007422  -0.00353854
 102    0.0004549  -0.00137806
 103    0.0000001  -0.00000087
 104    0.0000010  -0.00002630
 105    0.0000001  -0.00000056
 106    0.0002416  -0.00070419
 107    0.0003246  -0.00079559
 108    0.0000853  -0.00025261
 109    0.0000481  -0.00015213
 110    0.0003077  -0.00080219
 111    0.0002540  -0.00064528
 112    0.0000384  -0.00015239
 113    0.0000207  -0.00009752
 114    0.0005725  -0.00148828
 115    0.0003570  -0.00169456
 116    0.0000001  -0.00000086
 117    0.0000006  -0.00000424
 118    0.0000001  -0.00000049
 119    0.0001688  -0.00054977
 120    0.0000619  -0.00018535
 121    0.0000707  -0.00020601
 122    0.0000440  -0.00014994
 123    0.0002531  -0.00065989
 124    0.0002356  -0.00063509
 125    0.0000320  -0.00012053
 126    0.0000188  -0.00008320
 127    0.0003783  -0.00131048
 128    0.0002915  -0.00104864
 129    0.0000001  -0.00000076
 130    0.0000006  -0.00000950
 131    0.0000001  -0.00000045
 132    0.0001684  -0.00053215
 133    0.0000531  -0.00016243
 134    0.0000477  -0.00015754
 135    0.0000412  -0.00014763
 136    0.0002379  -0.00057875
 137    0.0001949  -0.00050627
 138    0.0000241  -0.00009648
 139    0.0000139  -0.00006744
 140    0.0002941  -0.00107739
 141    0.0001519  -0.00070058
 142    0.0000001  -0.00000068
 143    0.0000005  -0.00000636
 144    0.0000001  -0.00000044
 145    0.0000839  -0.00027537
 146    0.0000429  -0.00013809
 147    0.0000364  -0.00012708
 148    0.0000324  -0.00011503
 149    0.0001756  -0.00053286
 150    0.0000945  -0.00026094
 151    0.0000220  -0.00009900
 152    0.0000117  -0.00005332
 153    0.0001616  -0.00078502
 154    0.0000965  -0.00035274
 155    0.0000001  -0.00000070
 156    0.0000004  -0.00000535
 157    0.0000001  -0.00000042
 158    0.0000676  -0.00021722
 159    0.0000315  -0.00011148
 160    0.0000170  -0.00006799
 161    0.0000138  -0.00005327
 162    0.0001654  -0.00044918
 163    0.0000399  -0.00012863
 164    0.0000193  -0.00008429
 165    0.0000107  -0.00005195
 166    0.0001231  -0.00037298
 167    0.0000868  -0.00030900
 168    0.0000001  -0.00000069
 169    0.0000004  -0.00001638
 170    0.0000001  -0.00000040
 171    0.0000597  -0.00020053
 172    0.0000259  -0.00009206
 173    0.0000124  -0.00004814
 174    0.0000122  -0.00004736
 175    0.0000855  -0.00024906
 176    0.0000322  -0.00009803
 177    0.0000172  -0.00007941
 178    0.0000107  -0.00004868
 179    0.0001187  -0.00037992
 180    0.0000487  -0.00019217
 181    0.0000001  -0.00000067
 182    0.0000003  -0.00001681
 183    0.0000001  -0.00000036
 184    0.0000502  -0.00016239
 185    0.0000246  -0.00009293
 186    0.0000104  -0.00003883
 187    0.0000104  -0.00003888
 188    0.0000773  -0.00023473
 189    0.0000305  -0.00009881
 190    0.0000136  -0.00005283
 191    0.0000104  -0.00004733
 192    0.0001052  -0.00045899
 193    0.0000449  -0.00017558
 194    0.0000001  -0.00000055
 195    0.0000003  -0.00000416
 196    0.0000001  -0.00000037
 197    0.0000417  -0.00014693
 198    0.0000199  -0.00007983
 199    0.0000087  -0.00003398
 200    0.0000085  -0.00003204
 201    0.0000428  -0.00015198
 202    0.0000196  -0.00006842
 203    0.0000112  -0.00004655
 204    0.0000102  -0.00004754
 205    0.0000967  -0.00039949
 206    0.0000399  -0.00015955
 207    0.0000001  -0.00000061
 208    0.0000003  -0.00000188
 209    0.0000001  -0.00000031
 210    0.0000307  -0.00011664
 211    0.0000166  -0.00006087
 212    0.0000076  -0.00002533
 213    0.0000073  -0.00002504
 214    0.0000333  -0.00013110
 215    0.0000112  -0.00003432
 216    0.0000093  -0.00003231
 217    0.0000101  -0.00004772
 218    0.0000736  -0.00027982
 219    0.0000365  -0.00014566
 220    0.0000001  -0.00000057
 221    0.0000002  -0.00000188
 222    0.0000001  -0.00000035
 223    0.0000263  -0.00010147
 224    0.0000134  -0.00005264
 225    0.0000045  -0.00001333
 226    0.0000061  -0.00002330
 227    0.0000212  -0.00008307
 228    0.0000098  -0.00003170
 229    0.0000074  -0.00002384
 230    0.0000097  -0.00004334
 231    0.0000479  -0.00018260
 232    0.0000330  -0.00013736
 233    0.0000001  -0.00000056
 234    0.0000002  -0.00000150
 235    0.0000001  -0.00000032
 236    0.0000169  -0.00006560
 237    0.0000076  -0.00002700
 238    0.0000043  -0.00001225
 239    0.0000052  -0.00001768
 240    0.0000167  -0.00006754
 241    0.0000085  -0.00001891
 242    0.0000054  -0.00001476
 243    0.0000090  -0.00004373
 244    0.0000417  -0.00016821
 245    0.0000250  -0.00011596
 246    0.0000001  -0.00000053
 247    0.0000001  -0.00000137
 248    0.0000001  -0.00000026
 249    0.0000131  -0.00004336
 250    0.0000058  -0.00001885
 251    0.0000031  -0.00000854
 252    0.0000045  -0.00001343
 253    0.0000147  -0.00006000
 254    0.0000080  -0.00001885
 255    0.0000049  -0.00001417
 256    0.0000079  -0.00003664
 257    0.0000416  -0.00015841
 258    0.0000182  -0.00009458
 259    0.0000001  -0.00000046
 260    0.0000001  -0.00000126
 261    0.0000000  -0.00000025
 262    0.0000106  -0.00003826
 263    0.0000048  -0.00001524
 264    0.0000027  -0.00000806
 265    0.0000042  -0.00001437
 266    0.0000131  -0.00005208
 267    0.0000075  -0.00001544
 268    0.0000048  -0.00001428
 269    0.0000077  -0.00003477
 270    0.0000243  -0.00011611
 271    0.0000181  -0.00009259
 272    0.0000001  -0.00000035
 273    0.0000001  -0.00000111
 274    0.0000000  -0.00000023
 275    0.0000065  -0.00002095
 276    0.0000042  -0.00001289
 277    0.0000024  -0.00000624
 278    0.0000041  -0.00001417
 279    0.0000123  -0.00004774
 280    0.0000070  -0.00001116
 281    0.0000045  -0.00001229
 282    0.0000073  -0.00003157
 283    0.0000222  -0.00010834
 284    0.0000173  -0.00008648
 285    0.0000001  -0.00000038
 286    0.0000001  -0.00000111
 287    0.0000000  -0.00000023
 288    0.0000041  -0.00001148
 289    0.0000040  -0.00001083
 290    0.0000019  -0.00000534
 291    0.0000033  -0.00001084
 292    0.0000100  -0.00004069
 293    0.0000064  -0.00001095
 294    0.0000036  -0.00000939
 295    0.0000069  -0.00003040
 296    0.0000214  -0.00010864
 297    0.0000126  -0.00006156
 298    0.0000001  -0.00000035
 299    0.0000001  -0.00000114
 300    0.0000000  -0.00000018
 301    0.0000030  -0.00000848
 302    0.0000024  -0.00000666
 303    0.0000018  -0.00000476
 304    0.0000027  -0.00000900
 305    0.0000092  -0.00003763
 306    0.0000048  -0.00000573
 307    0.0000034  -0.00000789
 308    0.0000067  -0.00002830
 309    0.0000187  -0.00009623
 310    0.0000114  -0.00005155
 311    0.0000001  -0.00000044
 312    0.0000001  -0.00000100
 313    0.0000000  -0.00000020
 314    0.0000017  -0.00000555
 315    0.0000014  -0.00000434
 316    0.0000017  -0.00000500
 317    0.0000024  -0.00000720
 318    0.0000056  -0.00001729
 319    0.0000027  -0.00000396
 320    0.0000031  -0.00000780
 321    0.0000067  -0.00002865
 322    0.0000173  -0.00009152
 323    0.0000103  -0.00004650
 324    0.0000001  -0.00000036
 325    0.0000001  -0.00000105
 326    0.0000000  -0.00000012
 327    0.0000010  -0.00000277
 328    0.0000014  -0.00000430
 329    0.0000014  -0.00000359
 330    0.0000024  -0.00000802
 331    0.0000048  -0.00001534
 332    0.0000022  -0.00000308
 333    0.0000020  -0.00000690
 334    0.0000062  -0.00002588
 335    0.0000150  -0.00007682
 336    0.0000088  -0.00004571
 337    0.0000000  -0.00000027
 338    0.0000001  -0.00000090
 339    0.0000000  -0.00000012
 340    0.0000008  -0.00000238
 341    0.0000013  -0.00000386
 342    0.0000013  -0.00000326
 343    0.0000011  -0.00000321
 344    0.0000041  -0.00001276
 345    0.0000015  -0.00000284
 346    0.0000014  -0.00000460
 347    0.0000062  -0.00002516
 348    0.0000143  -0.00007241
 349    0.0000075  -0.00003473
 350    0.0000000  -0.00000023
 351    0.0000001  -0.00000083
 352    0.0000000  -0.00000012
 353    0.0000007  -0.00000228
 354    0.0000011  -0.00000282
 355    0.0000012  -0.00000347
 356    0.0000010  -0.00000286
 357    0.0000031  -0.00001026
 358    0.0000014  -0.00000248
 359    0.0000010  -0.00000290
 360    0.0000057  -0.00002468
 361    0.0000120  -0.00005771
 362    0.0000036  -0.00001495
 363    0.0000000  -0.00000014
 364    0.0000001  -0.00000085
 365    0.0000000  -0.00000013
 366    0.0000007  -0.00000238
 367    0.0000006  -0.00000200
 368    0.0000010  -0.00000284
 369    0.0000008  -0.00000253
 370    0.0000016  -0.00000442
 371    0.0000013  -0.00000254
 372    0.0000007  -0.00000231
 373    0.0000049  -0.00002150
 374    0.0000118  -0.00005724
 375    0.0000019  -0.00000854
 376    0.0000000  -0.00000012
 377    0.0000001  -0.00000080
 378    0.0000000  -0.00000007
 
----------------
 Final Energies 
----------------
Final NOF Total Energy =    -155.4110306
 
Total Orbital Internal Iterations = 930
Total Occupation Internal Iterations = 487
 
Elapsed time:  282.06 Seconds

---------------------------------
   Lowdin Population Analysis    
---------------------------------
 Idx  Atom   Population   Charge 
---------------------------------
  1     C     5.795       0.205
  2     C     5.764       0.236
  3     O     7.500       0.500
  4     H     1.060      -0.060
  5     H     1.057      -0.057
  6     H     1.060      -0.060
  7     H     1.076      -0.076
  8     H     1.071      -0.071
  9     H     1.248      -0.248
 10     H     1.370      -0.370

---------------------------------
   M Diagnostic: 0.03
---------------------------------

