TS1_C.jld2 not found
TS1_n.jld2 not found
Computing Integrals
NVIDIA GeForce RTX 3090
Elapsed time:   13.08 Seconds

Number of basis functions                   (NBF)    = 408
Number of auxiliary basis functions         (NBFAUX) = 408
Inactive Doubly occupied orbitals up to     (NO1)    = 0
No. considered Strongly Doubly occupied MOs (NDOC)   = 15
No. considered Strongly Singly occupied MOs (NSOC)   = 0
NO. of Weakly occ. per St. Doubly occ.  MOs (NCWO)   = 26
Dimension of the Nat. Orb. subspace         (NBF5)   = 405
No. of electrons                                     = 30
    No. of alpha electrons                           = 15
    No. of beta electrons                            = 15
Multiplicity                                         = 1

Geometry
========
 H       1.8818800      -0.9934600      -0.4355400
 C       1.0648700      -0.5186200       0.1190600
 C      -1.0655900      -0.5178100      -0.1192900
 C       0.6837900       0.8403500      -0.0839300
 C      -0.6829000       0.8408700       0.0835400
 H      -1.8826900      -0.9919100       0.4358100
 H      -1.3386600       1.6495900       0.4032100
 H       0.8707300      -0.9789600       1.0805400
 H      -0.8719600      -0.9786900      -1.0806100
 H       1.3405200       1.6486400      -0.4028000

No violations of the orthonormality
No violations of the orthonormality
 
PNOF9/ADABelief Calculation
==================
 
  Nitext  Nit_orb  Time   Nit_occ  Time         Eelec          Etot           Ediff      maxdiff    MaxGrad_orb  Grad_occ
     1      10    4.3e+01   11    3.8e+01  -251.49656065  -141.90377418 -10250.49656065   2.289279   9.2e+00   1.8e-04 0.00
     2      10    5.4e-01   74    2.3e+01  -255.92192791  -146.32914143    -4.42536725   0.376320   1.5e+00   3.1e-04 0.01
     3      10    5.0e-01   76    2.1e+01  -256.75937977  -147.16659329    -0.83745186   1.067318   4.3e+00   2.2e-04 0.02
     4      10    5.3e-01   40    1.1e+01  -257.76106493  -148.16827845    -1.00168516   0.544823   2.2e+00   2.5e-04 0.03
     5      10    5.3e-01    0    3.6e-01  -257.77474293  -148.18195645    -0.01367800   0.544824   2.2e+00   2.5e-04 0.03
     6      30    1.5e+00   35    1.0e+01  -263.48356580  -153.89077933    -5.70882287   0.224561   9.0e-01   2.0e-04 0.03
     7      30    1.6e+00   27    7.9e+00  -264.69668490  -155.10389842    -1.21311910   0.114821   4.6e-01   2.5e-04 0.03
     8      30    1.5e+00   17    5.3e+00  -265.06359434  -155.47080786    -0.36690944   0.079013   3.2e-01   2.8e-04 0.03
     9      30    1.5e+00   25    7.4e+00  -265.24468280  -155.65189633    -0.18108846   0.129387   5.2e-01   2.9e-04 0.03
    10      30    1.5e+00   13    4.3e+00  -265.29075850  -155.69797202    -0.04607569   0.024663   9.9e-02   2.5e-04 0.03
    11      30    1.5e+00    9    2.9e+00  -265.30120504  -155.70841856    -0.01044654   0.016099   6.4e-02   2.9e-04 0.04
    12      30    1.5e+00   29    8.2e+00  -265.30417606  -155.71138958    -0.00297102   0.022058   8.8e-02   1.9e-04 0.04
    13      30    1.5e+00    8    2.7e+00  -265.30474326  -155.71195679    -0.00056721   0.013705   5.5e-02   1.7e-04 0.04
    14      30    1.6e+00    7    2.4e+00  -265.30613715  -155.71335067    -0.00139388   0.016302   6.5e-02   2.3e-04 0.04
    15      30    1.5e+00    0    3.7e-01  -265.30641588  -155.71362941    -0.00027874   0.016302   6.5e-02   2.3e-04 0.04
    16      50    2.5e+00    7    2.4e+00  -265.31259777  -155.71981129    -0.00618188   0.002173   8.7e-03   2.4e-04 0.04
    17      50    2.5e+00    7    2.4e+00  -265.31323857  -155.72045209    -0.00064080   0.004384   1.8e-02   2.4e-04 0.04
    18      50    2.5e+00   10    3.2e+00  -265.31392663  -155.72114016    -0.00068807   0.003716   1.5e-02   1.9e-04 0.04
    19      50    2.5e+00    4    1.4e+00  -265.31458297  -155.72179649    -0.00065634   0.003247   1.3e-02   2.4e-04 0.04
    20      50    2.5e+00    4    1.4e+00  -265.31501234  -155.72222586    -0.00042937   0.003226   1.3e-02   2.6e-04 0.04
    21      50    2.5e+00    4    1.4e+00  -265.31539073  -155.72260425    -0.00037839   0.004711   1.9e-02   2.7e-04 0.04
    22      50    2.5e+00    9    2.5e+00  -265.31559578  -155.72280931    -0.00020506   0.003723   1.5e-02   2.0e-04 0.04
    23      50    2.5e+00    4    1.4e+00  -265.31587072  -155.72308424    -0.00027494   0.003544   1.4e-02   2.4e-04 0.04
    24      50    2.5e+00    9    2.8e+00  -265.31608241  -155.72329593    -0.00021169   0.003371   1.3e-02   2.1e-04 0.04
    25      50    2.5e+00    6    2.0e+00  -265.31635927  -155.72357279    -0.00027686   0.003518   1.4e-02   2.3e-04 0.04
    26      50    2.5e+00    6    2.1e+00  -265.31653655  -155.72375007    -0.00017729   0.003160   1.3e-02   2.3e-04 0.04
    27      50    2.5e+00    3    1.4e+00  -265.31675401  -155.72396754    -0.00021746   0.002948   1.2e-02   2.9e-04 0.04
    28      50    2.4e+00    6    2.0e+00  -265.31689835  -155.72411187    -0.00014433   0.004086   1.6e-02   2.5e-04 0.04
    29      50    2.5e+00    9    3.4e+00  -265.31708243  -155.72429595    -0.00018408   0.003159   1.3e-02   1.7e-04 0.04
    30      50    2.5e+00    6    1.7e+00  -265.31727951  -155.72449303    -0.00019708   0.003197   1.3e-02   2.4e-04 0.04
    31      50    2.5e+00    6    2.1e+00  -265.31743504  -155.72464856    -0.00015553   0.003723   1.5e-02   2.0e-04 0.04
    32      50    2.5e+00    3    1.3e+00  -265.31756395  -155.72477747    -0.00012891   0.003590   1.4e-02   2.5e-04 0.04
    33      50    2.5e+00    6    2.0e+00  -265.31777820  -155.72499173    -0.00021426   0.003410   1.4e-02   2.0e-04 0.04
    34      50    2.5e+00    3    1.3e+00  -265.31779657  -155.72501009    -0.00001836   0.004538   1.8e-02   2.5e-04 0.04
    35      50    2.5e+00    6    1.9e+00  -265.31792950  -155.72514303    -0.00013294   0.003267   1.3e-02   2.2e-04 0.04
    36      50    2.5e+00    3    1.3e+00  -265.31797863  -155.72519216    -0.00004913   0.003899   1.6e-02   2.5e-04 0.04
    37      50    2.5e+00    6    1.9e+00  -265.31800007  -155.72521360    -0.00002144   0.003810   1.5e-02   2.2e-04 0.04
    38      50    2.5e+00    3    1.2e+00  -265.31804306  -155.72525658    -0.00004298   0.003399   1.4e-02   2.2e-04 0.04
    39      50    2.5e+00    7    2.3e+00  -265.31812308  -155.72533660    -0.00008002   0.003248   1.3e-02   1.8e-04 0.04
    40      50    2.5e+00    3    1.2e+00  -265.31816065  -155.72537417    -0.00003757   0.003530   1.4e-02   1.9e-04 0.04
    41      50    2.5e+00    6    2.1e+00  -265.31822058  -155.72543410    -0.00005993   0.003422   1.4e-02   2.3e-04 0.04
    42      50    2.5e+00    0    2.6e-01  -265.31821426  -155.72542778     0.00000632   0.003422   1.4e-02   2.3e-04 0.04
    43      57    2.7e+00    1    4.9e-01  -265.31848138  -155.72569490    -0.00026712   0.000657   2.6e-03   2.0e-04 0.04
 
RESULTS OF THE OCCUPATION OPTIMIZATION
========================================
   1    1.9999669  -11.24807739
   2    1.9999781  -11.24609089
   3    1.9999814  -11.24560738
   4    1.9999795  -11.24486351
   5    1.9831434  -0.96894234
   6    1.9801318  -0.96738642
   7    1.9808495  -0.94075620
   8    1.9790399  -0.76793933
   9    1.9725781  -0.62021643
  10    1.9726906  -0.61737812
  11    1.9745798  -0.61365306
  12    1.9728232  -0.60774827
  13    1.9737520  -0.60407525
  14    1.9642644  -0.38638535
  15    1.9615681  -0.36528358
  16    0.0336954  -0.03791093
  17    0.0293428  -0.03357016
  18    0.0180943  -0.02764416
  19    0.0184297  -0.02804554
  20    0.0108804  -0.01765440
  21    0.0161672  -0.02067448
  22    0.0142768  -0.01917305
  23    0.0081677  -0.01397164
  24    0.0092762  -0.01605362
  25    0.0147104  -0.02636964
  26    0.0134708  -0.01998186
  27    0.0000063  -0.00017693
  28    0.0000020  -0.00005289
  29    0.0000024  -0.00007949
  30    0.0000259  -0.00056893
  31    0.0043675  -0.00662521
  32    0.0041860  -0.00633498
  33    0.0036353  -0.00658241
  34    0.0052080  -0.00888621
  35    0.0045957  -0.00868435
  36    0.0049725  -0.00745145
  37    0.0043975  -0.00701199
  38    0.0044495  -0.00847879
  39    0.0028115  -0.00582955
  40    0.0009887  -0.00388576
  41    0.0012013  -0.00393151
  42    0.0000021  -0.00006040
  43    0.0000013  -0.00001153
  44    0.0000016  -0.00001262
  45    0.0000008  -0.00001488
  46    0.0002772  -0.00058799
  47    0.0014251  -0.00260980
  48    0.0010927  -0.00260476
  49    0.0010742  -0.00261327
  50    0.0027264  -0.00540526
  51    0.0035131  -0.00552076
  52    0.0036970  -0.00605939
  53    0.0027490  -0.00568029
  54    0.0018227  -0.00569886
  55    0.0009088  -0.00321435
  56    0.0004077  -0.00206407
  57    0.0000018  -0.00002424
  58    0.0000013  -0.00001295
  59    0.0000015  -0.00001533
  60    0.0000005  -0.00000276
  61    0.0000207  -0.00005745
  62    0.0005286  -0.00114367
  63    0.0009041  -0.00249445
  64    0.0008579  -0.00199143
  65    0.0019958  -0.00399778
  66    0.0013632  -0.00279634
  67    0.0028457  -0.00481565
  68    0.0019067  -0.00552392
  69    0.0015704  -0.00567384
  70    0.0008484  -0.00246195
  71    0.0003972  -0.00200614
  72    0.0000006  -0.00000284
  73    0.0000012  -0.00001182
  74    0.0000014  -0.00001354
  75    0.0000005  -0.00000191
  76    0.0000160  -0.00005008
  77    0.0000973  -0.00024578
  78    0.0005677  -0.00135051
  79    0.0007099  -0.00162727
  80    0.0016525  -0.00381109
  81    0.0004173  -0.00092675
  82    0.0006501  -0.00139633
  83    0.0015007  -0.00496380
  84    0.0010450  -0.00353074
  85    0.0005422  -0.00157763
  86    0.0002235  -0.00122187
  87    0.0000006  -0.00000239
  88    0.0000011  -0.00003405
  89    0.0000012  -0.00000928
  90    0.0000004  -0.00000110
  91    0.0000116  -0.00003490
  92    0.0000589  -0.00015602
  93    0.0004613  -0.00113164
  94    0.0005010  -0.00118786
  95    0.0012625  -0.00341963
  96    0.0002549  -0.00061974
  97    0.0003503  -0.00083276
  98    0.0006000  -0.00156956
  99    0.0009900  -0.00294575
 100    0.0004346  -0.00174213
 101    0.0001703  -0.00066173
 102    0.0000006  -0.00000234
 103    0.0000010  -0.00003067
 104    0.0000010  -0.00002836
 105    0.0000004  -0.00000095
 106    0.0000098  -0.00002625
 107    0.0000258  -0.00007388
 108    0.0003380  -0.00085280
 109    0.0000941  -0.00029280
 110    0.0007078  -0.00170860
 111    0.0001399  -0.00038616
 112    0.0002467  -0.00062608
 113    0.0003514  -0.00094028
 114    0.0004554  -0.00124120
 115    0.0003357  -0.00148006
 116    0.0001225  -0.00041307
 117    0.0000006  -0.00000214
 118    0.0000009  -0.00001489
 119    0.0000010  -0.00002409
 120    0.0000004  -0.00000097
 121    0.0000070  -0.00001599
 122    0.0000128  -0.00004035
 123    0.0002811  -0.00073916
 124    0.0000729  -0.00023066
 125    0.0003922  -0.00102954
 126    0.0001071  -0.00029642
 127    0.0001912  -0.00050287
 128    0.0003355  -0.00100528
 129    0.0003441  -0.00110946
 130    0.0001739  -0.00059991
 131    0.0001224  -0.00056426
 132    0.0000005  -0.00000184
 133    0.0000008  -0.00000509
 134    0.0000009  -0.00001124
 135    0.0000004  -0.00000075
 136    0.0000035  -0.00001144
 137    0.0000101  -0.00003130
 138    0.0001755  -0.00049815
 139    0.0000535  -0.00017347
 140    0.0003490  -0.00091678
 141    0.0000761  -0.00021464
 142    0.0001403  -0.00038857
 143    0.0002867  -0.00082342
 144    0.0001980  -0.00076192
 145    0.0001367  -0.00051214
 146    0.0000965  -0.00034945
 147    0.0000005  -0.00000160
 148    0.0000007  -0.00000374
 149    0.0000009  -0.00001233
 150    0.0000003  -0.00000077
 151    0.0000024  -0.00000879
 152    0.0000091  -0.00002850
 153    0.0001307  -0.00039509
 154    0.0000442  -0.00014410
 155    0.0002213  -0.00063697
 156    0.0000514  -0.00015167
 157    0.0001388  -0.00038239
 158    0.0002003  -0.00065078
 159    0.0001375  -0.00070055
 160    0.0001304  -0.00050685
 161    0.0000849  -0.00030354
 162    0.0000005  -0.00000128
 163    0.0000006  -0.00000303
 164    0.0000008  -0.00000543
 165    0.0000003  -0.00000059
 166    0.0000022  -0.00000812
 167    0.0000070  -0.00002207
 168    0.0000872  -0.00026266
 169    0.0000320  -0.00011603
 170    0.0001915  -0.00055173
 171    0.0000394  -0.00012750
 172    0.0001231  -0.00035687
 173    0.0001423  -0.00057038
 174    0.0001086  -0.00035996
 175    0.0001188  -0.00040621
 176    0.0000655  -0.00023333
 177    0.0000005  -0.00000159
 178    0.0000006  -0.00000266
 179    0.0000008  -0.00000399
 180    0.0000003  -0.00000053
 181    0.0000019  -0.00000686
 182    0.0000050  -0.00001390
 183    0.0000784  -0.00024209
 184    0.0000141  -0.00005390
 185    0.0001659  -0.00049103
 186    0.0000355  -0.00011788
 187    0.0001131  -0.00031137
 188    0.0000779  -0.00025190
 189    0.0000804  -0.00030011
 190    0.0000994  -0.00035136
 191    0.0000583  -0.00029423
 192    0.0000005  -0.00000137
 193    0.0000006  -0.00000230
 194    0.0000007  -0.00000433
 195    0.0000003  -0.00000043
 196    0.0000018  -0.00000582
 197    0.0000040  -0.00001326
 198    0.0000651  -0.00021329
 199    0.0000133  -0.00005256
 200    0.0000756  -0.00023085
 201    0.0000344  -0.00011550
 202    0.0000512  -0.00016161
 203    0.0000502  -0.00018339
 204    0.0000499  -0.00021174
 205    0.0000894  -0.00030712
 206    0.0000510  -0.00022798
 207    0.0000005  -0.00000115
 208    0.0000005  -0.00000187
 209    0.0000007  -0.00000396
 210    0.0000003  -0.00000050
 211    0.0000016  -0.00000463
 212    0.0000033  -0.00001095
 213    0.0000595  -0.00018729
 214    0.0000117  -0.00004705
 215    0.0000635  -0.00019710
 216    0.0000214  -0.00007510
 217    0.0000342  -0.00011590
 218    0.0000237  -0.00009293
 219    0.0000443  -0.00018750
 220    0.0000813  -0.00029629
 221    0.0000494  -0.00019643
 222    0.0000005  -0.00000104
 223    0.0000005  -0.00000179
 224    0.0000007  -0.00000341
 225    0.0000002  -0.00000049
 226    0.0000016  -0.00000484
 227    0.0000028  -0.00000967
 228    0.0000549  -0.00018175
 229    0.0000111  -0.00004583
 230    0.0000373  -0.00012886
 231    0.0000172  -0.00006505
 232    0.0000312  -0.00010296
 233    0.0000191  -0.00007670
 234    0.0000391  -0.00014689
 235    0.0000616  -0.00023476
 236    0.0000415  -0.00018370
 237    0.0000004  -0.00000107
 238    0.0000005  -0.00000162
 239    0.0000007  -0.00000338
 240    0.0000002  -0.00000048
 241    0.0000016  -0.00000393
 242    0.0000027  -0.00000977
 243    0.0000510  -0.00016739
 244    0.0000081  -0.00003369
 245    0.0000230  -0.00008521
 246    0.0000147  -0.00005307
 247    0.0000249  -0.00008438
 248    0.0000154  -0.00006235
 249    0.0000364  -0.00013848
 250    0.0000432  -0.00016461
 251    0.0000391  -0.00027904
 252    0.0000004  -0.00000114
 253    0.0000005  -0.00000161
 254    0.0000006  -0.00000275
 255    0.0000002  -0.00000034
 256    0.0000014  -0.00000312
 257    0.0000019  -0.00000673
 258    0.0000415  -0.00013333
 259    0.0000081  -0.00003231
 260    0.0000207  -0.00007409
 261    0.0000122  -0.00004737
 262    0.0000182  -0.00006291
 263    0.0000144  -0.00005928
 264    0.0000298  -0.00011294
 265    0.0000402  -0.00016156
 266    0.0000351  -0.00019547
 267    0.0000004  -0.00000090
 268    0.0000005  -0.00000151
 269    0.0000006  -0.00000286
 270    0.0000002  -0.00000019
 271    0.0000014  -0.00000310
 272    0.0000017  -0.00000636
 273    0.0000330  -0.00011572
 274    0.0000062  -0.00002451
 275    0.0000176  -0.00006366
 276    0.0000114  -0.00004399
 277    0.0000173  -0.00005935
 278    0.0000117  -0.00004983
 279    0.0000250  -0.00010220
 280    0.0000315  -0.00013409
 281    0.0000348  -0.00028547
 282    0.0000004  -0.00000092
 283    0.0000005  -0.00000131
 284    0.0000006  -0.00000265
 285    0.0000002  -0.00000018
 286    0.0000012  -0.00000211
 287    0.0000016  -0.00000557
 288    0.0000278  -0.00009590
 289    0.0000054  -0.00001924
 290    0.0000095  -0.00003943
 291    0.0000112  -0.00004147
 292    0.0000145  -0.00005385
 293    0.0000107  -0.00004844
 294    0.0000221  -0.00008869
 295    0.0000252  -0.00009867
 296    0.0000293  -0.00020585
 297    0.0000004  -0.00000135
 298    0.0000005  -0.00000121
 299    0.0000006  -0.00000233
 300    0.0000002  -0.00000015
 301    0.0000011  -0.00000218
 302    0.0000016  -0.00000471
 303    0.0000183  -0.00006524
 304    0.0000049  -0.00001900
 305    0.0000077  -0.00003132
 306    0.0000103  -0.00003887
 307    0.0000123  -0.00004704
 308    0.0000092  -0.00004376
 309    0.0000130  -0.00006710
 310    0.0000243  -0.00009913
 311    0.0000274  -0.00011808
 312    0.0000004  -0.00000055
 313    0.0000005  -0.00000105
 314    0.0000006  -0.00000197
 315    0.0000002  -0.00000018
 316    0.0000010  -0.00000107
 317    0.0000015  -0.00000462
 318    0.0000152  -0.00005797
 319    0.0000044  -0.00001854
 320    0.0000054  -0.00002020
 321    0.0000098  -0.00003777
 322    0.0000112  -0.00004414
 323    0.0000082  -0.00003671
 324    0.0000114  -0.00006163
 325    0.0000135  -0.00006364
 326    0.0000260  -0.00010946
 327    0.0000004  -0.00000055
 328    0.0000004  -0.00000110
 329    0.0000006  -0.00000184
 330    0.0000002  -0.00000016
 331    0.0000010  -0.00000111
 332    0.0000015  -0.00000374
 333    0.0000115  -0.00004716
 334    0.0000030  -0.00001304
 335    0.0000050  -0.00002034
 336    0.0000077  -0.00002841
 337    0.0000108  -0.00004338
 338    0.0000077  -0.00003692
 339    0.0000101  -0.00006795
 340    0.0000085  -0.00004488
 341    0.0000236  -0.00010653
 342    0.0000004  -0.00000055
 343    0.0000004  -0.00000110
 344    0.0000005  -0.00000203
 345    0.0000002  -0.00000008
 346    0.0000010  -0.00000071
 347    0.0000014  -0.00000378
 348    0.0000075  -0.00002958
 349    0.0000025  -0.00001278
 350    0.0000037  -0.00001575
 351    0.0000066  -0.00002666
 352    0.0000082  -0.00003203
 353    0.0000073  -0.00003271
 354    0.0000088  -0.00005195
 355    0.0000077  -0.00003941
 356    0.0000230  -0.00012045
 357    0.0000004  -0.00000055
 358    0.0000004  -0.00000083
 359    0.0000005  -0.00000128
 360    0.0000002  -0.00000008
 361    0.0000009  -0.00000034
 362    0.0000011  -0.00000220
 363    0.0000065  -0.00002792
 364    0.0000025  -0.00001127
 365    0.0000036  -0.00001508
 366    0.0000053  -0.00002059
 367    0.0000067  -0.00002558
 368    0.0000060  -0.00002856
 369    0.0000075  -0.00003810
 370    0.0000055  -0.00002737
 371    0.0000208  -0.00010469
 372    0.0000003  -0.00000021
 373    0.0000004  -0.00000078
 374    0.0000004  -0.00000103
 375    0.0000002  -0.00000011
 376    0.0000006  -0.00000021
 377    0.0000010  -0.00000096
 378    0.0000054  -0.00002063
 379    0.0000021  -0.00000987
 380    0.0000033  -0.00001381
 381    0.0000050  -0.00001797
 382    0.0000060  -0.00002241
 383    0.0000048  -0.00002236
 384    0.0000075  -0.00003745
 385    0.0000045  -0.00002167
 386    0.0000202  -0.00008409
 387    0.0000003  -0.00000021
 388    0.0000004  -0.00000078
 389    0.0000004  -0.00000078
 390    0.0000002  -0.00000006
 391    0.0000006  -0.00000012
 392    0.0000009  -0.00000048
 393    0.0000050  -0.00002042
 394    0.0000020  -0.00000870
 395    0.0000031  -0.00001424
 396    0.0000046  -0.00001676
 397    0.0000047  -0.00001711
 398    0.0000043  -0.00001938
 399    0.0000059  -0.00002829
 400    0.0000039  -0.00001979
 401    0.0000144  -0.00009201
 402    0.0000003  -0.00000017
 403    0.0000004  -0.00000064
 404    0.0000003  -0.00000061
 405    0.0000001  -0.00000007
 
----------------
 Final Energies 
----------------
Final NOF Total Energy =    -155.7256949
 
Total Orbital Internal Iterations = 1757
Total Occupation Internal Iterations = 518
 
Elapsed time:  378.50 Seconds

---------------------------------
   Lowdin Population Analysis    
---------------------------------
 Idx  Atom   Population   Charge 
---------------------------------
  1     H     1.088      -0.088
  2     C     5.768       0.232
  3     C     5.767       0.233
  4     C     5.981       0.019
  5     C     5.981       0.019
  6     H     1.088      -0.088
  7     H     1.078      -0.078
  8     H     1.086      -0.086
  9     H     1.084      -0.084
 10     H     1.078      -0.078

---------------------------------
   M Diagnostic: 0.04
---------------------------------

