h2s2_cis_C.jld2 not found
h2s2_cis_n.jld2 not found
Computing Integrals
NVIDIA GeForce RTX 3090
Elapsed time:    7.47 Seconds

Number of basis functions                   (NBF)    = 200
Number of auxiliary basis functions         (NBFAUX) = 292
Inactive Doubly occupied orbitals up to     (NO1)    = 0
No. considered Strongly Doubly occupied MOs (NDOC)   = 17
No. considered Strongly Singly occupied MOs (NSOC)   = 0
NO. of Weakly occ. per St. Doubly occ.  MOs (NCWO)   = 10
Dimension of the Nat. Orb. subspace         (NBF5)   = 187
No. of electrons                                     = 34
    No. of alpha electrons                           = 17
    No. of beta electrons                            = 17
Multiplicity                                         = 1

Geometry
========
 S       1.0572300       0.0000000      -0.6622800
 S      -1.0572300       0.0000000      -0.6622800
 H       1.2093200       0.0000000       0.6627100
 H      -1.2093200       0.0000000       0.6627100

No violations of the orthonormality
No violations of the orthonormality
 
PNOF9/ADABelief Calculation
==================
 
  Nitext  Nit_orb  Time   Nit_occ  Time         Eelec          Etot           Ediff      maxdiff    MaxGrad_orb  Grad_occ
     1      10    4.2e+01   23    3.6e+01  -852.50845391  -769.07503053 -10851.50845391   4.651622   1.9e+01   1.2e-04 0.00
     2      10    1.8e-01   68    3.0e+00  -863.91580710  -780.48238373   -11.40735320   3.878241   1.6e+01   2.1e-04 0.00
     3      10    1.5e-01    0    3.1e-02  -864.12269869  -780.68927531    -0.20689159   3.878246   1.6e+01   2.1e-04 0.00
     4      30    4.1e-01   49    2.0e+00  -873.93117334  -790.49774996    -9.80847465   0.343390   1.4e+00   2.2e-04 0.01
     5      30    4.3e-01   46    1.8e+00  -877.82849196  -794.39506858    -3.89731862   0.131692   5.3e-01   1.7e-04 0.01
     6      30    4.3e-01   29    1.1e+00  -879.67236941  -796.23894603    -1.84387745   0.100206   4.0e-01   2.8e-04 0.02
     7      30    4.6e-01   33    1.2e+00  -880.35225615  -796.91883278    -0.67988675   0.094644   3.8e-01   2.7e-04 0.02
     8      30    4.1e-01   34    1.3e+00  -880.57565739  -797.14223402    -0.22340124   0.046425   1.9e-01   1.7e-04 0.02
     9      30    4.1e-01   34    1.3e+00  -880.63569863  -797.20227525    -0.06004124   0.048001   1.9e-01   1.9e-04 0.02
    10      30    4.2e-01   28    1.1e+00  -880.65670752  -797.22328415    -0.02100889   0.047907   1.9e-01   2.1e-04 0.02
    11      30    4.0e-01   22    8.4e-01  -880.66782266  -797.23439928    -0.01111514   0.042405   1.7e-01   2.3e-04 0.03
    12      30    4.1e-01   23    1.0e+00  -880.67069571  -797.23727234    -0.00287305   0.036746   1.5e-01   1.8e-04 0.03
    13      30    4.2e-01   19    7.6e-01  -880.67488558  -797.24146220    -0.00418987   0.033222   1.3e-01   1.7e-04 0.03
    14      30    4.0e-01   15    6.5e-01  -880.67653976  -797.24311639    -0.00165418   0.038545   1.5e-01   2.0e-04 0.03
    15      30    4.1e-01   15    6.3e-01  -880.68226669  -797.24884331    -0.00572692   0.040903   1.6e-01   2.8e-04 0.03
    16      30    4.1e-01    0    3.3e-02  -880.68261026  -797.24918689    -0.00034358   0.040903   1.6e-01   2.8e-04 0.03
    17      50    7.8e-01    7    2.4e-01  -880.70123361  -797.26781023    -0.01862334   0.005257   2.1e-02   2.3e-04 0.03
    18      50    6.7e-01   15    6.4e-01  -880.70238572  -797.26896234    -0.00115211   0.007602   3.0e-02   2.5e-04 0.03
    19      50    6.8e-01    9    4.7e-01  -880.70296326  -797.26953988    -0.00057754   0.009299   3.7e-02   1.9e-04 0.03
    20      50    6.9e-01    7    3.5e-01  -880.70368627  -797.27026290    -0.00072301   0.006602   2.6e-02   2.7e-04 0.03
    21      50    7.0e-01   15    6.5e-01  -880.70425177  -797.27082840    -0.00056550   0.007069   2.8e-02   2.4e-04 0.03
    22      50    6.7e-01    7    3.7e-01  -880.70488030  -797.27145693    -0.00062853   0.006835   2.7e-02   2.5e-04 0.03
    23      50    6.9e-01    9    4.3e-01  -880.70550322  -797.27207985    -0.00062292   0.006566   2.6e-02   2.6e-04 0.03
    24      50    6.8e-01    9    4.6e-01  -880.70613409  -797.27271072    -0.00063087   0.007080   2.8e-02   2.5e-04 0.03
    25      50    6.8e-01    9    4.3e-01  -880.70667074  -797.27324737    -0.00053665   0.006426   2.6e-02   2.5e-04 0.03
    26      50    6.9e-01    9    4.4e-01  -880.70706051  -797.27363713    -0.00038977   0.007279   2.9e-02   2.7e-04 0.03
    27      50    6.9e-01   11    5.5e-01  -880.70739461  -797.27397123    -0.00033410   0.006922   2.8e-02   2.3e-04 0.03
    28      50    6.8e-01    6    3.0e-01  -880.70778331  -797.27435993    -0.00038870   0.006883   2.8e-02   2.6e-04 0.03
    29      50    7.0e-01   15    5.5e-01  -880.70812537  -797.27470199    -0.00034206   0.007977   3.2e-02   1.7e-04 0.03
    30      50    7.3e-01    6    2.3e-01  -880.70855857  -797.27513519    -0.00043320   0.007703   3.1e-02   2.5e-04 0.03
    31      50    6.8e-01   16    6.4e-01  -880.70893625  -797.27551287    -0.00037768   0.006361   2.5e-02   1.6e-04 0.03
    32      50    7.7e-01    6    2.3e-01  -880.70934746  -797.27592409    -0.00041121   0.009174   3.7e-02   2.7e-04 0.03
    33      50    6.7e-01   10    4.5e-01  -880.70957806  -797.27615469    -0.00023060   0.007523   3.0e-02   2.2e-04 0.03
    34      50    6.8e-01    9    4.1e-01  -880.70989726  -797.27647388    -0.00031919   0.009241   3.7e-02   2.6e-04 0.03
    35      50    6.7e-01    9    4.1e-01  -880.71018852  -797.27676514    -0.00029126   0.007833   3.1e-02   2.4e-04 0.03
    36      50    6.8e-01    9    4.0e-01  -880.71072546  -797.27730208    -0.00053694   0.008205   3.3e-02   2.3e-04 0.03
    37      50    6.8e-01    9    4.0e-01  -880.71105497  -797.27763160    -0.00032951   0.007196   2.9e-02   1.9e-04 0.03
    38      50    6.7e-01    9    4.3e-01  -880.71139666  -797.27797328    -0.00034169   0.007763   3.1e-02   1.9e-04 0.03
    39      50    6.7e-01    9    4.0e-01  -880.71162288  -797.27819950    -0.00022621   0.006891   2.8e-02   1.7e-04 0.03
    40      50    6.7e-01    9    4.2e-01  -880.71188916  -797.27846579    -0.00026629   0.007696   3.1e-02   1.7e-04 0.03
    41      50    6.7e-01    9    4.1e-01  -880.71212079  -797.27869741    -0.00023163   0.009252   3.7e-02   1.7e-04 0.03
    42      50    6.7e-01    7    3.4e-01  -880.71226582  -797.27884245    -0.00014503   0.006846   2.7e-02   2.4e-04 0.03
    43      50    6.7e-01    5    2.6e-01  -880.71241493  -797.27899156    -0.00014911   0.006879   2.8e-02   2.5e-04 0.03
    44      50    6.7e-01    9    3.3e-01  -880.71261255  -797.27918917    -0.00019761   0.008413   3.4e-02   2.1e-04 0.03
    45      50    7.8e-01    9    3.0e-01  -880.71283497  -797.27941160    -0.00022243   0.007981   3.2e-02   1.7e-04 0.03
    46      50    7.0e-01    7    3.1e-01  -880.71313284  -797.27970946    -0.00029786   0.008134   3.3e-02   2.6e-04 0.03
    47      50    6.7e-01    9    4.2e-01  -880.71333558  -797.27991220    -0.00020274   0.005642   2.3e-02   1.8e-04 0.03
    48      50    6.7e-01   10    4.6e-01  -880.71348118  -797.28005781    -0.00014561   0.007284   2.9e-02   1.9e-04 0.03
    49      50    6.7e-01    5    2.9e-01  -880.71373400  -797.28031062    -0.00025281   0.007324   2.9e-02   1.6e-04 0.03
    50      50    6.8e-01    9    4.3e-01  -880.71389087  -797.28046749    -0.00015687   0.006154   2.5e-02   1.9e-04 0.03
    51      50    6.7e-01    7    4.1e-01  -880.71399031  -797.28056694    -0.00009944   0.006201   2.5e-02   2.1e-04 0.03
    52      50    6.6e-01    9    4.3e-01  -880.71409761  -797.28067423    -0.00010730   0.005755   2.3e-02   1.7e-04 0.03
    53      50    6.7e-01    7    4.2e-01  -880.71429930  -797.28087593    -0.00020169   0.005824   2.3e-02   1.9e-04 0.03
    54      50    6.7e-01    0    4.6e-02  -880.71430963  -797.28088626    -0.00001033   0.005824   2.3e-02   1.9e-04 0.03
    55      70    9.3e-01    3    1.7e-01  -880.71494272  -797.28151935    -0.00063309   0.000668   2.7e-03   1.8e-04 0.03
 
RESULTS OF THE OCCUPATION OPTIMIZATION
========================================
   1    1.9999993  -92.04589081
   2    1.9999993  -92.04542542
   3    1.9998988  -9.00847149
   4    1.9998989  -9.00817680
   5    1.9994759  -6.69801950
   6    1.9995188  -6.69678259
   7    1.9992422  -6.69645929
   8    1.9987375  -6.69519424
   9    1.9996941  -6.69374609
  10    1.9996784  -6.69314289
  11    1.9842367  -1.05361366
  12    1.9835028  -0.90313935
  13    1.9712164  -0.56419563
  14    1.9684764  -0.55635810
  15    1.9647135  -0.52648765
  16    1.9780265  -0.49566787
  17    1.9728155  -0.37535632
  18    0.0070363  -0.01802611
  19    0.0055225  -0.01895025
  20    0.0225441  -0.04204991
  21    0.0156887  -0.02754337
  22    0.0161814  -0.02886942
  23    0.0054637  -0.02597070
  24    0.0066942  -0.02885423
  25    0.0001068  -0.00284909
  26    0.0001021  -0.00303741
  27    0.0005090  -0.00964640
  28    0.0006356  -0.01110651
  29    0.0003344  -0.00527634
  30    0.0004365  -0.00727482
  31    0.0000535  -0.00065923
  32    0.0000325  -0.00058155
  33    0.0000002  -0.00000292
  34    0.0000002  -0.00000301
  35    0.0061995  -0.01466658
  36    0.0042911  -0.01709647
  37    0.0064178  -0.01211541
  38    0.0071579  -0.01288632
  39    0.0076572  -0.01439834
  40    0.0021465  -0.01133935
  41    0.0025806  -0.01194130
  42    0.0000357  -0.00024367
  43    0.0000552  -0.00040762
  44    0.0004543  -0.00813492
  45    0.0000601  -0.00059309
  46    0.0000303  -0.00019117
  47    0.0000168  -0.00025925
  48    0.0000219  -0.00043110
  49    0.0000256  -0.00014202
  50    0.0000001  -0.00000211
  51    0.0000001  -0.00000175
  52    0.0058269  -0.01299389
  53    0.0042101  -0.01318189
  54    0.0053930  -0.01058923
  55    0.0059280  -0.01142982
  56    0.0019937  -0.00713984
  57    0.0020682  -0.01176053
  58    0.0021911  -0.01016927
  59    0.0000332  -0.00017806
  60    0.0000368  -0.00023920
  61    0.0002647  -0.00440949
  62    0.0000123  -0.00008222
  63    0.0000259  -0.00025088
  64    0.0000151  -0.00015336
  65    0.0000062  -0.00009253
  66    0.0000156  -0.00031213
  67    0.0000001  -0.00000152
  68    0.0000001  -0.00000160
  69    0.0045011  -0.01129385
  70    0.0035492  -0.01206474
  71    0.0004609  -0.00111552
  72    0.0012429  -0.00336066
  73    0.0010143  -0.00249711
  74    0.0019903  -0.00944366
  75    0.0021421  -0.01006015
  76    0.0000308  -0.00018105
  77    0.0000281  -0.00015385
  78    0.0000109  -0.00007779
  79    0.0000115  -0.00007705
  80    0.0000228  -0.00061979
  81    0.0000113  -0.00007199
  82    0.0000038  -0.00001703
  83    0.0000074  -0.00004810
  84    0.0000001  -0.00000129
  85    0.0000001  -0.00000096
  86    0.0012287  -0.00445810
  87    0.0019099  -0.00855806
  88    0.0001255  -0.00038699
  89    0.0005977  -0.00139573
  90    0.0007370  -0.00168454
  91    0.0016065  -0.00911587
  92    0.0007673  -0.00806316
  93    0.0000258  -0.00013971
  94    0.0000248  -0.00012381
  95    0.0000075  -0.00005348
  96    0.0000098  -0.00006652
  97    0.0000180  -0.00011396
  98    0.0000104  -0.00006667
  99    0.0000033  -0.00001767
 100    0.0000044  -0.00002141
 101    0.0000001  -0.00000097
 102    0.0000000  -0.00000088
 103    0.0006786  -0.00163854
 104    0.0013330  -0.00605107
 105    0.0001217  -0.00038276
 106    0.0003976  -0.00091828
 107    0.0005344  -0.00125484
 108    0.0013039  -0.00843961
 109    0.0004093  -0.00339302
 110    0.0000231  -0.00013905
 111    0.0000163  -0.00009641
 112    0.0000062  -0.00004520
 113    0.0000082  -0.00005780
 114    0.0000149  -0.00009508
 115    0.0000099  -0.00007970
 116    0.0000030  -0.00024443
 117    0.0000038  -0.00001925
 118    0.0000000  -0.00000093
 119    0.0000000  -0.00000086
 120    0.0006013  -0.00150525
 121    0.0006335  -0.00189837
 122    0.0000615  -0.00018170
 123    0.0001899  -0.00059306
 124    0.0003137  -0.00085773
 125    0.0010132  -0.00750943
 126    0.0002643  -0.00138627
 127    0.0000224  -0.00011961
 128    0.0000163  -0.00009889
 129    0.0000040  -0.00002068
 130    0.0000074  -0.00005433
 131    0.0000129  -0.00009012
 132    0.0000083  -0.00006977
 133    0.0000028  -0.00012503
 134    0.0000037  -0.00001737
 135    0.0000000  -0.00000071
 136    0.0000000  -0.00000083
 137    0.0005401  -0.00127353
 138    0.0002783  -0.00088068
 139    0.0000573  -0.00017569
 140    0.0001337  -0.00040877
 141    0.0001655  -0.00052983
 142    0.0004861  -0.00193609
 143    0.0002602  -0.00139059
 144    0.0000194  -0.00010985
 145    0.0000109  -0.00006949
 146    0.0000026  -0.00001349
 147    0.0000059  -0.00003903
 148    0.0000110  -0.00006977
 149    0.0000067  -0.00026982
 150    0.0000026  -0.00001610
 151    0.0000030  -0.00033478
 152    0.0000000  -0.00000064
 153    0.0000000  -0.00000060
 154    0.0003478  -0.00092761
 155    0.0001424  -0.00058092
 156    0.0000536  -0.00016427
 157    0.0001185  -0.00039063
 158    0.0001132  -0.00038846
 159    0.0002198  -0.00093834
 160    0.0002379  -0.00119310
 161    0.0000143  -0.00012167
 162    0.0000087  -0.00006930
 163    0.0000019  -0.00000826
 164    0.0000048  -0.00003094
 165    0.0000064  -0.00018676
 166    0.0000055  -0.00012752
 167    0.0000021  -0.00000870
 168    0.0000030  -0.00005897
 169    0.0000000  -0.00000054
 170    0.0000000  -0.00000053
 171    0.0002241  -0.00075159
 172    0.0001037  -0.00040456
 173    0.0000510  -0.00015964
 174    0.0000687  -0.00020700
 175    0.0000732  -0.00020170
 176    0.0001988  -0.00150273
 177    0.0002163  -0.00089753
 178    0.0000101  -0.00014425
 179    0.0000068  -0.00010447
 180    0.0000014  -0.00000608
 181    0.0000023  -0.00001048
 182    0.0000045  -0.00011418
 183    0.0000036  -0.00004548
 184    0.0000019  -0.00000854
 185    0.0000023  -0.00001076
 186    0.0000000  -0.00000038
 187    0.0000000  -0.00000053
 
----------------
 Final Energies 
----------------
Final NOF Total Energy =    -797.2815193
 
Total Orbital Internal Iterations = 2390
Total Occupation Internal Iterations = 772
 
Elapsed time:  175.87 Seconds

---------------------------------
   Lowdin Population Analysis    
---------------------------------
 Idx  Atom   Population   Charge 
---------------------------------
  1     S    15.721       0.279
  2     S    15.723       0.277
  3     H     1.277      -0.277
  4     H     1.278      -0.278

---------------------------------
   M Diagnostic: 0.03
---------------------------------

