bithiophene_TS_C.jld2 not found
bithiophene_TS_n.jld2 not found
Computing Integrals
NVIDIA GeForce RTX 3090
Elapsed time:   34.85 Seconds

Number of basis functions                   (NBF)    = 776
Number of auxiliary basis functions         (NBFAUX) = 964
Inactive Doubly occupied orbitals up to     (NO1)    = 0
No. considered Strongly Doubly occupied MOs (NDOC)   = 43
No. considered Strongly Singly occupied MOs (NSOC)   = 0
NO. of Weakly occ. per St. Doubly occ.  MOs (NCWO)   = 17
Dimension of the Nat. Orb. subspace         (NBF5)   = 774
No. of electrons                                     = 86
    No. of alpha electrons                           = 43
    No. of beta electrons                            = 43
Multiplicity                                         = 1

Geometry
========
 C      -1.4452800      -0.8945800      -0.6530400
 C      -2.8286900      -0.8908800      -0.3684300
 C      -3.1375100      -0.1063300       0.6981400
 S      -1.7527100       0.6275100       1.3600300
 C      -0.7193700      -0.1162500       0.2025200
 C       0.7193700       0.1162500       0.2025200
 S       1.7527100      -0.6275100       1.3600300
 C       3.1375100       0.1063300       0.6981400
 C       2.8286900       0.8908800      -0.3684300
 C       1.4452800       0.8945800      -0.6530400
 H      -0.9873100      -1.4593100      -1.4471000
 H      -3.5595300      -1.4521600      -0.9249900
 H      -4.1032500       0.0746000       1.1328700
 H       4.1032500      -0.0746000       1.1328700
 H       3.5595300       1.4521600      -0.9249900
 H       0.9873100       1.4593100      -1.4471000

No violations of the orthonormality
No violations of the orthonormality
 
PNOF9/ADABelief Calculation
==================
 
  Nitext  Nit_orb  Time   Nit_occ  Time         Eelec          Etot           Ediff      maxdiff    MaxGrad_orb  Grad_occ
     1      10    4.6e+01   27    6.8e+01 -1621.88880272  -985.46116211 -11620.88880272   4.845367   1.9e+01   1.7e-04 0.00
     2      10    3.8e+00    0    1.4e+00 -1622.21782726  -985.79018665    -0.32902454   4.845354   1.9e+01   1.7e-04 0.00
     3      30    1.1e+01  147    1.8e+02 -1712.87737516 -1076.44973455   -90.65954789   1.411812   5.6e+00   2.5e-04 0.01
     4      30    1.1e+01   92    1.1e+02 -1728.31940078 -1091.89176017   -15.44202562   1.153978   4.6e+00   2.6e-04 0.02
     5      30    1.1e+01   83    9.9e+01 -1732.96361872 -1096.53597811    -4.64421794   0.155194   6.2e-01   2.2e-04 0.03
     6      30    1.1e+01   55    6.6e+01 -1737.00060972 -1100.57296910    -4.03699099   0.128329   5.1e-01   2.7e-04 0.03
     7      30    1.1e+01   47    5.7e+01 -1738.09532677 -1101.66768615    -1.09471705   0.095630   3.8e-01   2.7e-04 0.03
     8      30    1.1e+01   34    4.1e+01 -1738.65985721 -1102.23221660    -0.56453045   0.110412   4.4e-01   3.2e-04 0.03
     9      30    1.1e+01   31    3.8e+01 -1739.06508947 -1102.63744885    -0.40523225   0.125231   5.0e-01   3.4e-04 0.03
    10      30    1.1e+01   29    3.5e+01 -1739.33182190 -1102.90418129    -0.26673243   0.187050   7.5e-01   2.9e-04 0.03
    11      30    1.1e+01   24    3.0e+01 -1739.53864109 -1103.11100048    -0.20681919   0.091902   3.7e-01   3.6e-04 0.03
    12      30    1.1e+01   31    3.8e+01 -1739.72465530 -1103.29701469    -0.18601421   0.058798   2.4e-01   2.1e-04 0.03
    13      30    1.1e+01   29    3.6e+01 -1739.77103842 -1103.34339781    -0.04638312   0.056851   2.3e-01   2.3e-04 0.03
    14      30    1.1e+01   21    2.6e+01 -1739.79383266 -1103.36619205    -0.02279424   0.060974   2.4e-01   3.1e-04 0.03
    15      30    1.1e+01   20    2.5e+01 -1739.85452551 -1103.42688490    -0.06069285   0.113201   4.5e-01   2.9e-04 0.03
    16      30    1.1e+01    0    1.4e+00 -1739.85696915 -1103.42932854    -0.00244364   0.113201   4.5e-01   2.9e-04 0.03
    17      50    1.8e+01   22    2.7e+01 -1740.53195250 -1104.10431189    -0.67498335   0.012612   5.0e-02   2.5e-04 0.03
    18      50    1.8e+01   14    1.8e+01 -1740.55193716 -1104.12429655    -0.01998466   0.010845   4.3e-02   3.2e-04 0.03
    19      50    1.8e+01   14    1.8e+01 -1740.55975878 -1104.13211817    -0.00782162   0.010626   4.3e-02   3.2e-04 0.03
    20      50    1.8e+01   13    1.6e+01 -1740.56638082 -1104.13874020    -0.00662204   0.010467   4.2e-02   3.2e-04 0.03
    21      50    1.8e+01   13    1.6e+01 -1740.57177253 -1104.14413192    -0.00539171   0.012563   5.0e-02   2.9e-04 0.03
    22      50    1.8e+01   13    1.7e+01 -1740.57598038 -1104.14833976    -0.00420785   0.012011   4.8e-02   3.2e-04 0.03
    23      50    1.8e+01   12    1.5e+01 -1740.57944971 -1104.15180910    -0.00346934   0.011801   4.7e-02   3.5e-04 0.03
    24      50    1.8e+01   12    1.5e+01 -1740.58210258 -1104.15446196    -0.00265286   0.012957   5.2e-02   2.9e-04 0.03
    25      50    1.8e+01    9    1.2e+01 -1740.58430745 -1104.15666684    -0.00220488   0.012796   5.1e-02   3.7e-04 0.03
    26      50    1.8e+01    9    1.2e+01 -1740.58621386 -1104.15857325    -0.00190641   0.012126   4.9e-02   3.5e-04 0.03
    27      50    1.8e+01   12    1.5e+01 -1740.58726193 -1104.15962132    -0.00104807   0.012541   5.0e-02   3.3e-04 0.03
    28      50    1.8e+01    6    8.3e+00 -1740.58848595 -1104.16084534    -0.00122402   0.011296   4.5e-02   3.1e-04 0.03
    29      50    1.8e+01    9    1.2e+01 -1740.58993934 -1104.16229873    -0.00145339   0.012188   4.9e-02   2.9e-04 0.03
    30      50    1.8e+01    9    1.2e+01 -1740.59051648 -1104.16287587    -0.00057713   0.013498   5.4e-02   3.3e-04 0.03
    31      50    1.8e+01   11    1.4e+01 -1740.59161828 -1104.16397767    -0.00110180   0.012539   5.0e-02   2.7e-04 0.03
    32      50    1.8e+01    5    7.1e+00 -1740.59256911 -1104.16492849    -0.00095083   0.013215   5.3e-02   3.3e-04 0.03
    33      50    1.8e+01   15    1.9e+01 -1740.59351527 -1104.16587466    -0.00094616   0.012991   5.2e-02   2.2e-04 0.03
    34      50    1.8e+01    8    1.1e+01 -1740.59412978 -1104.16648917    -0.00061451   0.012519   5.0e-02   2.1e-04 0.03
    35      50    1.8e+01    5    7.2e+00 -1740.59505143 -1104.16741081    -0.00092164   0.012868   5.1e-02   2.8e-04 0.03
    36      50    1.8e+01    5    7.1e+00 -1740.59543993 -1104.16779932    -0.00038851   0.011516   4.6e-02   2.9e-04 0.03
    37      50    1.8e+01    5    7.2e+00 -1740.59579618 -1104.16815556    -0.00035624   0.011830   4.7e-02   3.2e-04 0.03
    38      50    1.8e+01    5    7.1e+00 -1740.59639189 -1104.16875128    -0.00059572   0.012452   5.0e-02   3.3e-04 0.03
    39      50    1.8e+01    0    1.3e+00 -1740.59652242 -1104.16888181    -0.00013053   0.012452   5.0e-02   3.3e-04 0.03
    40      70    2.5e+01    7    1.1e+01 -1740.60083635 -1104.17319574    -0.00431393   0.001356   5.4e-03   3.1e-04 0.03
    41      70    2.5e+01    0    1.3e+00 -1740.60079330 -1104.17315269     0.00004306   0.001356   5.4e-03   3.1e-04 0.03
    42      90    3.2e+01    3    4.8e+00 -1740.60092988 -1104.17328927    -0.00013659   0.000534   2.1e-03   1.6e-04 0.03
 
RESULTS OF THE OCCUPATION OPTIMIZATION
========================================
   1    1.9999994  -92.03993225
   2    1.9999994  -92.03652954
   3    1.9999821  -11.27509499
   4    1.9999801  -11.27115345
   5    1.9999812  -11.26719761
   6    1.9999892  -11.26449013
   7    1.9999810  -11.24961185
   8    1.9999825  -11.24637985
   9    1.9999865  -11.24626160
  10    1.9999879  -11.24586296
  11    1.9999249  -9.00535202
  12    1.9999190  -9.00503922
  13    1.9997302  -6.69200039
  14    1.9997791  -6.69149446
  15    1.9997577  -6.69148397
  16    1.9997259  -6.69120073
  17    1.9997948  -6.69108438
  18    1.9998107  -6.69107199
  19    1.9868335  -1.17290783
  20    1.9872241  -1.14912403
  21    1.9847666  -1.00229394
  22    1.9817103  -0.97721535
  23    1.9838339  -0.96789092
  24    1.9839998  -0.96567571
  25    1.9794700  -0.77154779
  26    1.9776558  -0.75963831
  27    1.9811143  -0.74595541
  28    1.9733916  -0.72004044
  29    1.9721650  -0.65545261
  30    1.9782904  -0.64897174
  31    1.9743098  -0.63540202
  32    1.9717011  -0.63177460
  33    1.9708215  -0.62287354
  34    1.9711218  -0.62182140
  35    1.9713774  -0.58752090
  36    1.9693274  -0.56272513
  37    1.9710229  -0.55916893
  38    1.9680375  -0.54648566
  39    1.9714448  -0.46385559
  40    1.9645548  -0.41566736
  41    1.9634067  -0.41070971
  42    1.9645280  -0.40607828
  43    1.9634019  -0.40585929
  44    0.0278143  -0.03648885
  45    0.0329109  -0.04093080
  46    0.0254647  -0.03373581
  47    0.0222423  -0.03128798
  48    0.0084856  -0.01378636
  49    0.0195471  -0.03530404
  50    0.0249173  -0.04009073
  51    0.0220619  -0.03754983
  52    0.0267105  -0.04190130
  53    0.0156150  -0.02710564
  54    0.0129223  -0.02172725
  55    0.0133581  -0.02358454
  56    0.0116698  -0.02111290
  57    0.0073497  -0.01623481
  58    0.0161434  -0.02824876
  59    0.0121492  -0.02208499
  60    0.0040094  -0.01253573
  61    0.0097404  -0.01962376
  62    0.0071859  -0.02277580
  63    0.0030889  -0.01309043
  64    0.0039224  -0.01320689
  65    0.0054441  -0.01630223
  66    0.0024766  -0.00957224
  67    0.0021237  -0.00896798
  68    0.0068177  -0.02488965
  69    0.0000168  -0.00017264
  70    0.0000445  -0.00096502
  71    0.0002096  -0.00563062
  72    0.0000416  -0.00113345
  73    0.0000295  -0.00068825
  74    0.0001958  -0.00541737
  75    0.0000252  -0.00048189
  76    0.0000091  -0.00024168
  77    0.0000038  -0.00006009
  78    0.0000024  -0.00001535
  79    0.0000023  -0.00001495
  80    0.0000020  -0.00001304
  81    0.0000013  -0.00006094
  82    0.0000020  -0.00001372
  83    0.0000021  -0.00001308
  84    0.0000023  -0.00001515
  85    0.0000001  -0.00000060
  86    0.0000001  -0.00000066
  87    0.0046226  -0.00769370
  88    0.0006750  -0.00145846
  89    0.0044304  -0.00755695
  90    0.0089976  -0.01509062
  91    0.0084194  -0.01392325
  92    0.0062705  -0.01182008
  93    0.0019931  -0.00466619
  94    0.0070530  -0.01272310
  95    0.0011036  -0.00256165
  96    0.0104075  -0.01789473
  97    0.0128002  -0.02150394
  98    0.0076334  -0.01394857
  99    0.0060192  -0.01237494
 100    0.0042278  -0.01068209
 101    0.0041680  -0.00801261
 102    0.0072085  -0.01363340
 103    0.0031196  -0.00983205
 104    0.0065268  -0.01465738
 105    0.0056987  -0.01564282
 106    0.0025514  -0.00949766
 107    0.0033685  -0.01361690
 108    0.0052446  -0.01461157
 109    0.0023744  -0.00894828
 110    0.0020453  -0.00886550
 111    0.0018348  -0.00801578
 112    0.0000167  -0.00019125
 113    0.0000390  -0.00107943
 114    0.0000112  -0.00010329
 115    0.0000392  -0.00091345
 116    0.0000272  -0.00054692
 117    0.0000090  -0.00006701
 118    0.0000071  -0.00006515
 119    0.0000082  -0.00011400
 120    0.0000015  -0.00003901
 121    0.0000018  -0.00002297
 122    0.0000023  -0.00001358
 123    0.0000018  -0.00001236
 124    0.0000009  -0.00000627
 125    0.0000016  -0.00001129
 126    0.0000017  -0.00001160
 127    0.0000020  -0.00001349
 128    0.0000001  -0.00000047
 129    0.0000001  -0.00000054
 130    0.0034489  -0.00593562
 131    0.0005408  -0.00118934
 132    0.0036555  -0.00603678
 133    0.0034260  -0.00598020
 134    0.0081027  -0.01339273
 135    0.0058767  -0.01152895
 136    0.0007821  -0.00175485
 137    0.0005734  -0.00139373
 138    0.0001820  -0.00052747
 139    0.0013259  -0.00319323
 140    0.0030268  -0.00579396
 141    0.0030240  -0.00638768
 142    0.0024583  -0.00554671
 143    0.0018528  -0.00544846
 144    0.0032042  -0.00685363
 145    0.0038832  -0.00789621
 146    0.0026016  -0.00829624
 147    0.0022330  -0.00550383
 148    0.0053524  -0.01309995
 149    0.0018444  -0.00815635
 150    0.0026198  -0.00923603
 151    0.0032703  -0.01046699
 152    0.0018585  -0.00798909
 153    0.0012572  -0.00587258
 154    0.0008455  -0.00608444
 155    0.0000153  -0.00015347
 156    0.0000155  -0.00011037
 157    0.0000080  -0.00005800
 158    0.0000263  -0.00049677
 159    0.0000236  -0.00044178
 160    0.0000077  -0.00006462
 161    0.0000057  -0.00004920
 162    0.0000069  -0.00006272
 163    0.0000009  -0.00003123
 164    0.0000017  -0.00001498
 165    0.0000018  -0.00002000
 166    0.0000018  -0.00002763
 167    0.0000008  -0.00000531
 168    0.0000014  -0.00001382
 169    0.0000015  -0.00001208
 170    0.0000017  -0.00000987
 171    0.0000000  -0.00000042
 172    0.0000001  -0.00000052
 173    0.0006009  -0.00133343
 174    0.0004656  -0.00105818
 175    0.0028465  -0.00523939
 176    0.0003022  -0.00072357
 177    0.0014128  -0.00358998
 178    0.0000528  -0.00017400
 179    0.0006891  -0.00156004
 180    0.0004406  -0.00111428
 181    0.0001801  -0.00050963
 182    0.0003610  -0.00092866
 183    0.0001272  -0.00038425
 184    0.0023619  -0.00504683
 185    0.0022757  -0.00512384
 186    0.0016781  -0.00500842
 187    0.0031561  -0.00619807
 188    0.0017418  -0.00386509
 189    0.0023993  -0.00781995
 190    0.0012616  -0.00351335
 191    0.0015693  -0.00558706
 192    0.0017461  -0.00732908
 193    0.0022002  -0.00878014
 194    0.0011864  -0.00417225
 195    0.0014571  -0.00598120
 196    0.0010431  -0.00787879
 197    0.0007092  -0.00548451
 198    0.0000140  -0.00012256
 199    0.0000141  -0.00012129
 200    0.0000060  -0.00006219
 201    0.0000237  -0.00042712
 202    0.0000170  -0.00011722
 203    0.0000051  -0.00005194
 204    0.0000053  -0.00004546
 205    0.0000060  -0.00006606
 206    0.0000006  -0.00000217
 207    0.0000015  -0.00000835
 208    0.0000017  -0.00002255
 209    0.0000017  -0.00001150
 210    0.0000008  -0.00000327
 211    0.0000013  -0.00000893
 212    0.0000014  -0.00001136
 213    0.0000016  -0.00001510
 214    0.0000000  -0.00000040
 215    0.0000000  -0.00000038
 216    0.0000245  -0.00008581
 217    0.0002759  -0.00065555
 218    0.0000433  -0.00012656
 219    0.0001324  -0.00032544
 220    0.0006954  -0.00151636
 221    0.0000422  -0.00013469
 222    0.0001857  -0.00052026
 223    0.0001662  -0.00045003
 224    0.0001279  -0.00039158
 225    0.0003495  -0.00092414
 226    0.0001041  -0.00032088
 227    0.0007081  -0.00169838
 228    0.0016058  -0.00384351
 229    0.0016529  -0.00436783
 230    0.0003040  -0.00086661
 231    0.0006039  -0.00154101
 232    0.0018735  -0.00668905
 233    0.0005738  -0.00152485
 234    0.0001547  -0.00055512
 235    0.0010948  -0.00501562
 236    0.0018369  -0.00757644
 237    0.0008972  -0.00313992
 238    0.0011587  -0.00654291
 239    0.0009982  -0.00536981
 240    0.0005998  -0.00521722
 241    0.0000132  -0.00011846
 242    0.0000101  -0.00008718
 243    0.0000054  -0.00005689
 244    0.0000138  -0.00009957
 245    0.0000154  -0.00013989
 246    0.0000051  -0.00004615
 247    0.0000039  -0.00003313
 248    0.0000049  -0.00003729
 249    0.0000006  -0.00000173
 250    0.0000013  -0.00001272
 251    0.0000013  -0.00001819
 252    0.0000014  -0.00001018
 253    0.0000006  -0.00000189
 254    0.0000013  -0.00001552
 255    0.0000014  -0.00001260
 256    0.0000011  -0.00002244
 257    0.0000000  -0.00000037
 258    0.0000000  -0.00000031
 259    0.0000200  -0.00007084
 260    0.0001433  -0.00035219
 261    0.0000302  -0.00010019
 262    0.0000793  -0.00023617
 263    0.0005348  -0.00131860
 264    0.0000413  -0.00014013
 265    0.0001021  -0.00030837
 266    0.0000818  -0.00024952
 267    0.0000594  -0.00017961
 268    0.0002572  -0.00070987
 269    0.0000752  -0.00024513
 270    0.0005074  -0.00122967
 271    0.0007893  -0.00199594
 272    0.0011851  -0.00345283
 273    0.0002374  -0.00067883
 274    0.0002879  -0.00079873
 275    0.0012826  -0.00365988
 276    0.0005502  -0.00146071
 277    0.0001052  -0.00038226
 278    0.0009967  -0.00436958
 279    0.0003305  -0.00122620
 280    0.0006132  -0.00192184
 281    0.0008905  -0.00482858
 282    0.0008816  -0.00503012
 283    0.0004251  -0.00283930
 284    0.0000128  -0.00011542
 285    0.0000089  -0.00005918
 286    0.0000049  -0.00003703
 287    0.0000128  -0.00008966
 288    0.0000140  -0.00012033
 289    0.0000050  -0.00004173
 290    0.0000035  -0.00003801
 291    0.0000047  -0.00003522
 292    0.0000006  -0.00000154
 293    0.0000012  -0.00004441
 294    0.0000010  -0.00002771
 295    0.0000014  -0.00001556
 296    0.0000006  -0.00000103
 297    0.0000013  -0.00000686
 298    0.0000014  -0.00001455
 299    0.0000011  -0.00001905
 300    0.0000000  -0.00000027
 301    0.0000000  -0.00000023
 302    0.0000155  -0.00005340
 303    0.0001037  -0.00026976
 304    0.0000211  -0.00007490
 305    0.0000687  -0.00020058
 306    0.0003434  -0.00090293
 307    0.0000350  -0.00011740
 308    0.0000700  -0.00020534
 309    0.0000466  -0.00015370
 310    0.0000564  -0.00017064
 311    0.0001202  -0.00035819
 312    0.0000700  -0.00022842
 313    0.0002384  -0.00063688
 314    0.0002131  -0.00063481
 315    0.0009885  -0.00263940
 316    0.0001776  -0.00052036
 317    0.0001626  -0.00048867
 318    0.0008324  -0.00277103
 319    0.0004132  -0.00118583
 320    0.0000654  -0.00025314
 321    0.0008685  -0.00443354
 322    0.0002945  -0.00134131
 323    0.0003460  -0.00120259
 324    0.0008707  -0.00343714
 325    0.0006976  -0.00444779
 326    0.0003554  -0.00221955
 327    0.0000124  -0.00017330
 328    0.0000085  -0.00005908
 329    0.0000038  -0.00002967
 330    0.0000105  -0.00007816
 331    0.0000132  -0.00009874
 332    0.0000046  -0.00003534
 333    0.0000035  -0.00005598
 334    0.0000044  -0.00003218
 335    0.0000005  -0.00000156
 336    0.0000007  -0.00000216
 337    0.0000009  -0.00001303
 338    0.0000012  -0.00001971
 339    0.0000006  -0.00000160
 340    0.0000012  -0.00001198
 341    0.0000013  -0.00000859
 342    0.0000010  -0.00002290
 343    0.0000000  -0.00000028
 344    0.0000000  -0.00000016
 345    0.0000106  -0.00003903
 346    0.0000835  -0.00023551
 347    0.0000186  -0.00006440
 348    0.0000522  -0.00015257
 349    0.0002083  -0.00060223
 350    0.0000200  -0.00008411
 351    0.0000517  -0.00016678
 352    0.0000430  -0.00014353
 353    0.0000519  -0.00017337
 354    0.0000933  -0.00029758
 355    0.0000135  -0.00006066
 356    0.0001751  -0.00051337
 357    0.0001682  -0.00050955
 358    0.0006993  -0.00182775
 359    0.0001708  -0.00048732
 360    0.0001076  -0.00033657
 361    0.0006824  -0.00191778
 362    0.0002424  -0.00071224
 363    0.0000582  -0.00022435
 364    0.0008341  -0.00317071
 365    0.0002372  -0.00150393
 366    0.0002612  -0.00093618
 367    0.0007760  -0.00303941
 368    0.0006261  -0.00533329
 369    0.0002854  -0.00166563
 370    0.0000123  -0.00009714
 371    0.0000081  -0.00006112
 372    0.0000036  -0.00002790
 373    0.0000103  -0.00006860
 374    0.0000111  -0.00007282
 375    0.0000045  -0.00003915
 376    0.0000033  -0.00008982
 377    0.0000035  -0.00002702
 378    0.0000005  -0.00000199
 379    0.0000005  -0.00000348
 380    0.0000009  -0.00001087
 381    0.0000011  -0.00001629
 382    0.0000006  -0.00000097
 383    0.0000012  -0.00000909
 384    0.0000013  -0.00000733
 385    0.0000010  -0.00000589
 386    0.0000000  -0.00000025
 387    0.0000000  -0.00000017
 388    0.0000099  -0.00003711
 389    0.0000500  -0.00015149
 390    0.0000177  -0.00006098
 391    0.0000376  -0.00012008
 392    0.0000676  -0.00021192
 393    0.0000179  -0.00007854
 394    0.0000354  -0.00012848
 395    0.0000394  -0.00013590
 396    0.0000374  -0.00014246
 397    0.0000755  -0.00023949
 398    0.0000124  -0.00005614
 399    0.0000873  -0.00027738
 400    0.0001134  -0.00034480
 401    0.0006690  -0.00172740
 402    0.0001212  -0.00038722
 403    0.0000946  -0.00029352
 404    0.0004700  -0.00132034
 405    0.0001614  -0.00051786
 406    0.0000522  -0.00020085
 407    0.0007426  -0.00267363
 408    0.0002276  -0.00093750
 409    0.0002367  -0.00079710
 410    0.0006501  -0.00284374
 411    0.0005693  -0.00357009
 412    0.0002039  -0.00104847
 413    0.0000113  -0.00008966
 414    0.0000078  -0.00005689
 415    0.0000033  -0.00002619
 416    0.0000097  -0.00007146
 417    0.0000099  -0.00015746
 418    0.0000043  -0.00003342
 419    0.0000031  -0.00017225
 420    0.0000035  -0.00004758
 421    0.0000005  -0.00000148
 422    0.0000004  -0.00000097
 423    0.0000007  -0.00000242
 424    0.0000010  -0.00001403
 425    0.0000006  -0.00000099
 426    0.0000011  -0.00000908
 427    0.0000012  -0.00000984
 428    0.0000009  -0.00000460
 429    0.0000000  -0.00000023
 430    0.0000000  -0.00000016
 431    0.0000080  -0.00002961
 432    0.0000437  -0.00013792
 433    0.0000149  -0.00004714
 434    0.0000289  -0.00009869
 435    0.0000637  -0.00021078
 436    0.0000136  -0.00005704
 437    0.0000304  -0.00011903
 438    0.0000337  -0.00012292
 439    0.0000354  -0.00013397
 440    0.0000709  -0.00022163
 441    0.0000113  -0.00004988
 442    0.0000497  -0.00016797
 443    0.0001034  -0.00032601
 444    0.0005793  -0.00150968
 445    0.0000511  -0.00017909
 446    0.0000844  -0.00027077
 447    0.0003616  -0.00108862
 448    0.0001245  -0.00039640
 449    0.0000493  -0.00019752
 450    0.0006756  -0.00275524
 451    0.0002148  -0.00086571
 452    0.0001968  -0.00072768
 453    0.0006275  -0.00270313
 454    0.0004597  -0.00201889
 455    0.0001822  -0.00103947
 456    0.0000109  -0.00012144
 457    0.0000072  -0.00006033
 458    0.0000031  -0.00002476
 459    0.0000092  -0.00006249
 460    0.0000092  -0.00008040
 461    0.0000042  -0.00003221
 462    0.0000029  -0.00006762
 463    0.0000032  -0.00009465
 464    0.0000004  -0.00000114
 465    0.0000003  -0.00000090
 466    0.0000007  -0.00000221
 467    0.0000009  -0.00000947
 468    0.0000006  -0.00000184
 469    0.0000011  -0.00001927
 470    0.0000012  -0.00001394
 471    0.0000009  -0.00000463
 472    0.0000000  -0.00000020
 473    0.0000000  -0.00000014
 474    0.0000057  -0.00001631
 475    0.0000404  -0.00013035
 476    0.0000140  -0.00004686
 477    0.0000217  -0.00007751
 478    0.0000575  -0.00018670
 479    0.0000106  -0.00004463
 480    0.0000294  -0.00011423
 481    0.0000312  -0.00011384
 482    0.0000245  -0.00010167
 483    0.0000508  -0.00017848
 484    0.0000048  -0.00001983
 485    0.0000383  -0.00014298
 486    0.0000946  -0.00030605
 487    0.0004834  -0.00133420
 488    0.0000263  -0.00011098
 489    0.0000582  -0.00020336
 490    0.0003065  -0.00094023
 491    0.0001101  -0.00036650
 492    0.0000423  -0.00016814
 493    0.0003787  -0.00162341
 494    0.0001789  -0.00079936
 495    0.0001274  -0.00047909
 496    0.0004427  -0.00168465
 497    0.0004069  -0.00214595
 498    0.0001735  -0.00094199
 499    0.0000101  -0.00015089
 500    0.0000072  -0.00004882
 501    0.0000028  -0.00002173
 502    0.0000079  -0.00005668
 503    0.0000088  -0.00012804
 504    0.0000042  -0.00003461
 505    0.0000029  -0.00005941
 506    0.0000031  -0.00005902
 507    0.0000004  -0.00000116
 508    0.0000002  -0.00000077
 509    0.0000007  -0.00000220
 510    0.0000008  -0.00000494
 511    0.0000005  -0.00000214
 512    0.0000011  -0.00000734
 513    0.0000011  -0.00001343
 514    0.0000008  -0.00000270
 515    0.0000000  -0.00000024
 516    0.0000000  -0.00000011
 517    0.0000053  -0.00001559
 518    0.0000330  -0.00011017
 519    0.0000112  -0.00003810
 520    0.0000202  -0.00007317
 521    0.0000496  -0.00016304
 522    0.0000093  -0.00003958
 523    0.0000251  -0.00010333
 524    0.0000283  -0.00010456
 525    0.0000200  -0.00008840
 526    0.0000427  -0.00015178
 527    0.0000023  -0.00000903
 528    0.0000290  -0.00011482
 529    0.0000774  -0.00024371
 530    0.0001106  -0.00037505
 531    0.0000215  -0.00009649
 532    0.0000540  -0.00019113
 533    0.0002737  -0.00089404
 534    0.0000911  -0.00031257
 535    0.0000419  -0.00016498
 536    0.0002864  -0.00122312
 537    0.0001494  -0.00070554
 538    0.0001173  -0.00044627
 539    0.0003683  -0.00195557
 540    0.0003636  -0.00236350
 541    0.0001687  -0.00092665
 542    0.0000088  -0.00010595
 543    0.0000067  -0.00005477
 544    0.0000026  -0.00001677
 545    0.0000074  -0.00004802
 546    0.0000078  -0.00007840
 547    0.0000040  -0.00002933
 548    0.0000029  -0.00003716
 549    0.0000030  -0.00009857
 550    0.0000004  -0.00000101
 551    0.0000002  -0.00000084
 552    0.0000007  -0.00000195
 553    0.0000008  -0.00000311
 554    0.0000005  -0.00000124
 555    0.0000009  -0.00000610
 556    0.0000010  -0.00000897
 557    0.0000007  -0.00000375
 558    0.0000000  -0.00000020
 559    0.0000000  -0.00000012
 560    0.0000042  -0.00001183
 561    0.0000319  -0.00010591
 562    0.0000076  -0.00001966
 563    0.0000118  -0.00004294
 564    0.0000309  -0.00011603
 565    0.0000075  -0.00002955
 566    0.0000194  -0.00008624
 567    0.0000212  -0.00008919
 568    0.0000129  -0.00005696
 569    0.0000356  -0.00013115
 570    0.0000022  -0.00000799
 571    0.0000264  -0.00010595
 572    0.0000501  -0.00016972
 573    0.0000853  -0.00030243
 574    0.0000204  -0.00008900
 575    0.0000418  -0.00015461
 576    0.0002298  -0.00077300
 577    0.0000867  -0.00030161
 578    0.0000352  -0.00014700
 579    0.0002760  -0.00126575
 580    0.0001379  -0.00065793
 581    0.0001033  -0.00041022
 582    0.0003382  -0.00178661
 583    0.0003505  -0.00209351
 584    0.0001274  -0.00076062
 585    0.0000082  -0.00007962
 586    0.0000063  -0.00004752
 587    0.0000024  -0.00001383
 588    0.0000073  -0.00004692
 589    0.0000074  -0.00005649
 590    0.0000036  -0.00003523
 591    0.0000026  -0.00001834
 592    0.0000030  -0.00003911
 593    0.0000004  -0.00000081
 594    0.0000002  -0.00000076
 595    0.0000006  -0.00000145
 596    0.0000007  -0.00000198
 597    0.0000005  -0.00000152
 598    0.0000008  -0.00000411
 599    0.0000008  -0.00000312
 600    0.0000006  -0.00000157
 601    0.0000000  -0.00000021
 602    0.0000000  -0.00000009
 603    0.0000027  -0.00000675
 604    0.0000228  -0.00008243
 605    0.0000058  -0.00001304
 606    0.0000109  -0.00003877
 607    0.0000294  -0.00011207
 608    0.0000064  -0.00002308
 609    0.0000168  -0.00007316
 610    0.0000160  -0.00007115
 611    0.0000081  -0.00003763
 612    0.0000284  -0.00011509
 613    0.0000017  -0.00000490
 614    0.0000209  -0.00009036
 615    0.0000218  -0.00009760
 616    0.0000511  -0.00019936
 617    0.0000115  -0.00005147
 618    0.0000376  -0.00014343
 619    0.0001947  -0.00068968
 620    0.0000762  -0.00026682
 621    0.0000332  -0.00014520
 622    0.0002004  -0.00075530
 623    0.0001350  -0.00073629
 624    0.0000748  -0.00029833
 625    0.0002868  -0.00128300
 626    0.0002918  -0.00140616
 627    0.0001211  -0.00069234
 628    0.0000074  -0.00005865
 629    0.0000060  -0.00004936
 630    0.0000021  -0.00001239
 631    0.0000071  -0.00004986
 632    0.0000073  -0.00005076
 633    0.0000035  -0.00002810
 634    0.0000024  -0.00001517
 635    0.0000029  -0.00003768
 636    0.0000003  -0.00000080
 637    0.0000002  -0.00000070
 638    0.0000005  -0.00000133
 639    0.0000006  -0.00000183
 640    0.0000005  -0.00000166
 641    0.0000007  -0.00000170
 642    0.0000008  -0.00000697
 643    0.0000006  -0.00000092
 644    0.0000000  -0.00000022
 645    0.0000000  -0.00000011
 646    0.0000022  -0.00000422
 647    0.0000205  -0.00007429
 648    0.0000043  -0.00001095
 649    0.0000060  -0.00001605
 650    0.0000270  -0.00010449
 651    0.0000053  -0.00002024
 652    0.0000131  -0.00005706
 653    0.0000128  -0.00005514
 654    0.0000064  -0.00002736
 655    0.0000217  -0.00009402
 656    0.0000016  -0.00000378
 657    0.0000170  -0.00007701
 658    0.0000137  -0.00006699
 659    0.0000497  -0.00018912
 660    0.0000096  -0.00004465
 661    0.0000345  -0.00013551
 662    0.0001119  -0.00040634
 663    0.0000551  -0.00020946
 664    0.0000309  -0.00013972
 665    0.0001669  -0.00079540
 666    0.0001184  -0.00054144
 667    0.0000677  -0.00027086
 668    0.0002858  -0.00135272
 669    0.0002522  -0.00161973
 670    0.0001192  -0.00063328
 671    0.0000069  -0.00005933
 672    0.0000060  -0.00004283
 673    0.0000018  -0.00001166
 674    0.0000066  -0.00004476
 675    0.0000070  -0.00006377
 676    0.0000033  -0.00002572
 677    0.0000024  -0.00001355
 678    0.0000029  -0.00002447
 679    0.0000003  -0.00000091
 680    0.0000002  -0.00000069
 681    0.0000005  -0.00000143
 682    0.0000006  -0.00000159
 683    0.0000005  -0.00000098
 684    0.0000006  -0.00000161
 685    0.0000007  -0.00000186
 686    0.0000006  -0.00000085
 687    0.0000000  -0.00000020
 688    0.0000000  -0.00000014
 689    0.0000014  -0.00000239
 690    0.0000160  -0.00005822
 691    0.0000042  -0.00000971
 692    0.0000052  -0.00001294
 693    0.0000248  -0.00009321
 694    0.0000038  -0.00001117
 695    0.0000099  -0.00004372
 696    0.0000124  -0.00005104
 697    0.0000042  -0.00001550
 698    0.0000154  -0.00006877
 699    0.0000016  -0.00000366
 700    0.0000135  -0.00006173
 701    0.0000126  -0.00005505
 702    0.0000253  -0.00011434
 703    0.0000075  -0.00003246
 704    0.0000300  -0.00012117
 705    0.0000738  -0.00028016
 706    0.0000520  -0.00019054
 707    0.0000296  -0.00013163
 708    0.0001298  -0.00059886
 709    0.0001003  -0.00045645
 710    0.0000586  -0.00024432
 711    0.0002126  -0.00108553
 712    0.0002148  -0.00115488
 713    0.0001031  -0.00050258
 714    0.0000065  -0.00005667
 715    0.0000050  -0.00005281
 716    0.0000018  -0.00001120
 717    0.0000057  -0.00004072
 718    0.0000067  -0.00004504
 719    0.0000031  -0.00002103
 720    0.0000023  -0.00001342
 721    0.0000028  -0.00001731
 722    0.0000003  -0.00000088
 723    0.0000002  -0.00000068
 724    0.0000005  -0.00000188
 725    0.0000006  -0.00000161
 726    0.0000005  -0.00000125
 727    0.0000006  -0.00000151
 728    0.0000007  -0.00000175
 729    0.0000005  -0.00000123
 730    0.0000000  -0.00000021
 731    0.0000000  -0.00000011
 732    0.0000011  -0.00000142
 733    0.0000149  -0.00005641
 734    0.0000035  -0.00000779
 735    0.0000022  -0.00000627
 736    0.0000024  -0.00000931
 737    0.0000027  -0.00000963
 738    0.0000063  -0.00002668
 739    0.0000111  -0.00004595
 740    0.0000019  -0.00000533
 741    0.0000074  -0.00003316
 742    0.0000012  -0.00000238
 743    0.0000105  -0.00004509
 744    0.0000039  -0.00001558
 745    0.0000217  -0.00010244
 746    0.0000046  -0.00001975
 747    0.0000286  -0.00011583
 748    0.0000630  -0.00024918
 749    0.0000457  -0.00017554
 750    0.0000255  -0.00011617
 751    0.0001190  -0.00050641
 752    0.0000938  -0.00041108
 753    0.0000440  -0.00018744
 754    0.0001588  -0.00077936
 755    0.0001943  -0.00129766
 756    0.0000944  -0.00055499
 757    0.0000056  -0.00008479
 758    0.0000041  -0.00009142
 759    0.0000017  -0.00001062
 760    0.0000031  -0.00016986
 761    0.0000058  -0.00004245
 762    0.0000028  -0.00001857
 763    0.0000022  -0.00001334
 764    0.0000028  -0.00002093
 765    0.0000002  -0.00000079
 766    0.0000002  -0.00000067
 767    0.0000004  -0.00000130
 768    0.0000005  -0.00000141
 769    0.0000005  -0.00000089
 770    0.0000005  -0.00000152
 771    0.0000003  -0.00000096
 772    0.0000005  -0.00000132
 773    0.0000000  -0.00000021
 774    0.0000000  -0.00000010
 
----------------
 Final Energies 
----------------
Final NOF Total Energy =   -1104.1732893
 
Total Orbital Internal Iterations = 1820
Total Occupation Internal Iterations = 906
 
Elapsed time: 1985.75 Seconds

---------------------------------
   Lowdin Population Analysis    
---------------------------------
 Idx  Atom   Population   Charge 
---------------------------------
  1     C     5.976       0.024
  2     C     6.002      -0.002
  3     C     6.186      -0.186
  4     S    15.210       0.790
  5     C     6.387      -0.387
  6     C     6.389      -0.389
  7     S    15.218       0.782
  8     C     6.183      -0.183
  9     C     6.002      -0.002
 10     C     5.977       0.023
 11     H     1.062      -0.062
 12     H     1.070      -0.070
 13     H     1.102      -0.102
 14     H     1.102      -0.102
 15     H     1.070      -0.070
 16     H     1.064      -0.064

---------------------------------
   M Diagnostic: 0.03
---------------------------------

