bithiophene_anti_C.jld2 not found
bithiophene_anti_n.jld2 not found
Computing Integrals
NVIDIA GeForce RTX 3090
Elapsed time:   41.55 Seconds

Number of basis functions                   (NBF)    = 776
Number of auxiliary basis functions         (NBFAUX) = 964
Inactive Doubly occupied orbitals up to     (NO1)    = 0
No. considered Strongly Doubly occupied MOs (NDOC)   = 43
No. considered Strongly Singly occupied MOs (NSOC)   = 0
NO. of Weakly occ. per St. Doubly occ.  MOs (NCWO)   = 17
Dimension of the Nat. Orb. subspace         (NBF5)   = 774
No. of electrons                                     = 86
    No. of alpha electrons                           = 43
    No. of beta electrons                            = 43
Multiplicity                                         = 1

Geometry
========
 C      -1.4595300      -1.1910600       0.1600300
 C      -2.8488100      -0.9628500       0.0993200
 C      -3.1539600       0.3260900      -0.2060000
 S      -1.7497600       1.2592000      -0.4444500
 C      -0.7185100      -0.0716200      -0.1000900
 C       0.7185100       0.0716200      -0.1000900
 S       1.7497600      -1.2592000      -0.4444500
 C       3.1539600      -0.3260900      -0.2060000
 C       2.8488100       0.9628500       0.0993200
 C       1.4595300       1.1910600       0.1600300
 H      -1.0099700      -2.1339900       0.4228500
 H      -3.5907300      -1.7189200       0.2898700
 H      -4.1235300       0.7748000      -0.3122400
 H       4.1235300      -0.7748000      -0.3122400
 H       3.5907300       1.7189200       0.2898700
 H       1.0099700       2.1339900       0.4228500

No violations of the orthonormality
No violations of the orthonormality
 
PNOF9/ADABelief Calculation
==================
 
  Nitext  Nit_orb  Time   Nit_occ  Time         Eelec          Etot           Ediff      maxdiff    MaxGrad_orb  Grad_occ
     1      10    4.6e+01   27    7.6e+01 -1637.94550364 -1000.63072398 -11636.94550364   5.758894   2.3e+01   2.2e-04 0.00
     2      10    3.8e+00    0    1.4e+00 -1638.28506691 -1000.97028724    -0.33956326   5.758888   2.3e+01   2.2e-04 0.00
     3      30    1.1e+01  224    2.7e+02 -1715.49161156 -1078.17683190   -77.20654466   1.456259   5.8e+00   1.9e-04 0.01
     4      30    1.1e+01  106    1.3e+02 -1728.49815712 -1091.18337745   -13.00654556   1.319688   5.3e+00   2.8e-04 0.03
     5      30    1.1e+01  103    1.2e+02 -1733.38012269 -1096.06534302    -4.88196557   0.167205   6.7e-01   2.3e-04 0.03
     6      30    1.1e+01   68    8.0e+01 -1737.52705762 -1100.21227795    -4.14693493   0.104473   4.2e-01   2.8e-04 0.04
     7      30    1.1e+01   61    7.2e+01 -1739.04137961 -1101.72659994    -1.51432199   0.098005   3.9e-01   2.5e-04 0.04
     8      30    1.1e+01   34    4.1e+01 -1739.63910633 -1102.32432666    -0.59772672   0.088451   3.5e-01   3.2e-04 0.04
     9      30    1.1e+01   42    5.0e+01 -1739.91099779 -1102.59621812    -0.27189146   0.103754   4.2e-01   2.9e-04 0.04
    10      30    1.1e+01   36    4.3e+01 -1740.09051510 -1102.77573543    -0.17951731   0.104894   4.2e-01   3.3e-04 0.04
    11      30    1.1e+01   35    4.2e+01 -1740.23397325 -1102.91919359    -0.14345816   0.122311   4.9e-01   2.3e-04 0.04
    12      30    1.0e+01   32    3.9e+01 -1740.41511699 -1103.10033732    -0.18114374   0.091522   3.7e-01   1.9e-04 0.03
    13      30    1.1e+01   27    3.3e+01 -1740.46460020 -1103.14982053    -0.04948321   0.096768   3.9e-01   2.5e-04 0.03
    14      30    1.1e+01   28    3.4e+01 -1740.58246164 -1103.26768198    -0.11786144   0.066589   2.7e-01   2.4e-04 0.03
    15      30    1.1e+01   19    2.4e+01 -1740.65287380 -1103.33809413    -0.07041216   0.054866   2.2e-01   3.2e-04 0.04
    16      30    1.1e+01    0    1.3e+00 -1740.65581955 -1103.34103988    -0.00294575   0.054866   2.2e-01   3.2e-04 0.04
    17      50    1.8e+01   22    2.7e+01 -1741.40972893 -1104.09494926    -0.75390938   0.024398   9.8e-02   3.3e-04 0.04
    18      50    1.8e+01   15    1.9e+01 -1741.43988614 -1104.12510647    -0.03015721   0.013758   5.5e-02   3.2e-04 0.04
    19      50    1.8e+01   23    2.8e+01 -1741.44818508 -1104.13340541    -0.00829895   0.015005   6.0e-02   3.0e-04 0.04
    20      50    1.8e+01   17    2.1e+01 -1741.45426896 -1104.13948929    -0.00608388   0.012134   4.9e-02   2.8e-04 0.04
    21      50    1.8e+01   20    2.5e+01 -1741.45930789 -1104.14452822    -0.00503892   0.011745   4.7e-02   2.4e-04 0.04
    22      50    1.8e+01   13    1.7e+01 -1741.46372862 -1104.14894895    -0.00442073   0.010810   4.3e-02   2.6e-04 0.04
    23      50    1.8e+01   16    2.0e+01 -1741.46680143 -1104.15202176    -0.00307281   0.010834   4.3e-02   2.8e-04 0.04
    24      50    1.8e+01   12    1.5e+01 -1741.46989569 -1104.15511603    -0.00309427   0.010698   4.3e-02   2.7e-04 0.04
    25      50    1.8e+01   12    1.5e+01 -1741.47144157 -1104.15666190    -0.00154587   0.010324   4.1e-02   2.5e-04 0.04
    26      50    1.8e+01   12    1.5e+01 -1741.47353912 -1104.15875945    -0.00209755   0.009196   3.7e-02   2.4e-04 0.04
    27      50    1.8e+01    9    1.2e+01 -1741.47483111 -1104.16005144    -0.00129199   0.009409   3.8e-02   2.9e-04 0.04
    28      50    1.8e+01    9    1.2e+01 -1741.47628813 -1104.16150847    -0.00145702   0.010608   4.2e-02   3.0e-04 0.04
    29      50    1.8e+01   11    1.4e+01 -1741.47731306 -1104.16253339    -0.00102493   0.010650   4.3e-02   2.3e-04 0.04
    30      50    1.8e+01   11    1.4e+01 -1741.47811912 -1104.16333946    -0.00080606   0.010562   4.2e-02   2.1e-04 0.04
    31      50    1.8e+01    6    8.3e+00 -1741.47925466 -1104.16447499    -0.00113554   0.010300   4.1e-02   2.6e-04 0.04
    32      50    1.8e+01    8    1.1e+01 -1741.47996529 -1104.16518562    -0.00071063   0.011489   4.6e-02   3.2e-04 0.04
    33      50    1.8e+01    6    8.3e+00 -1741.48096729 -1104.16618762    -0.00100200   0.011152   4.5e-02   3.1e-04 0.04
    34      50    1.8e+01    6    8.3e+00 -1741.48212301 -1104.16734334    -0.00115571   0.010798   4.3e-02   3.5e-04 0.04
    35      50    1.8e+01   11    1.4e+01 -1741.48319037 -1104.16841070    -0.00106737   0.011016   4.4e-02   2.8e-04 0.04
    36      50    1.8e+01    8    1.1e+01 -1741.48440313 -1104.16962347    -0.00121276   0.010141   4.1e-02   2.4e-04 0.04
    37      50    1.8e+01    8    1.1e+01 -1741.48524139 -1104.17046172    -0.00083825   0.009095   3.6e-02   2.5e-04 0.04
    38      50    1.8e+01   10    1.3e+01 -1741.48569765 -1104.17091798    -0.00045626   0.009715   3.9e-02   2.5e-04 0.04
    39      50    1.8e+01    6    8.3e+00 -1741.48639983 -1104.17162016    -0.00070217   0.010397   4.2e-02   2.9e-04 0.04
    40      50    1.8e+01    8    1.1e+01 -1741.48693460 -1104.17215493    -0.00053477   0.009509   3.8e-02   2.6e-04 0.04
    41      50    1.8e+01    3    4.8e+00 -1741.48761957 -1104.17283990    -0.00068497   0.009683   3.9e-02   3.1e-04 0.04
    42      50    1.8e+01    3    4.8e+00 -1741.48777309 -1104.17299342    -0.00015353   0.009515   3.8e-02   3.7e-04 0.04
    43      50    1.8e+01    8    1.1e+01 -1741.48827041 -1104.17349075    -0.00049732   0.008997   3.6e-02   2.6e-04 0.04
    44      50    1.8e+01    3    4.8e+00 -1741.48835717 -1104.17357750    -0.00008675   0.009666   3.9e-02   2.7e-04 0.04
    45      50    1.8e+01    5    7.1e+00 -1741.48850603 -1104.17372636    -0.00014886   0.009409   3.8e-02   3.3e-04 0.04
    46      50    1.8e+01    0    1.3e+00 -1741.48852264 -1104.17374297    -0.00001661   0.009409   3.8e-02   3.3e-04 0.04
    47      70    2.5e+01    3    4.8e+00 -1741.49302157 -1104.17824190    -0.00449893   0.001038   4.2e-03   2.6e-04 0.04
    48      70    2.5e+01    0    1.3e+00 -1741.49297764 -1104.17819797     0.00004393   0.001038   4.2e-03   2.6e-04 0.04
    49      89    3.1e+01    1    2.4e+00 -1741.49316457 -1104.17838491    -0.00018694   0.000969   3.9e-03   2.5e-04 0.04
 
RESULTS OF THE OCCUPATION OPTIMIZATION
========================================
   1    1.9999995  -92.03799438
   2    1.9999994  -92.03752899
   3    1.9999799  -11.27781677
   4    1.9999794  -11.27585030
   5    1.9999816  -11.26628208
   6    1.9999801  -11.25572681
   7    1.9999792  -11.25542545
   8    1.9999875  -11.24639320
   9    1.9999901  -11.24555016
  10    1.9999871  -11.24384499
  11    1.9999140  -9.00618935
  12    1.9999167  -9.00597954
  13    1.9997901  -6.69227505
  14    1.9997758  -6.69220877
  15    1.9997838  -6.69148397
  16    1.9997025  -6.69145060
  17    1.9997366  -6.69137239
  18    1.9997663  -6.69132566
  19    1.9866982  -1.18534338
  20    1.9868840  -1.15818596
  21    1.9844885  -1.00972342
  22    1.9828195  -0.99835241
  23    1.9838718  -0.96684968
  24    1.9831553  -0.96279818
  25    1.9809993  -0.80941653
  26    1.9771950  -0.76493353
  27    1.9761512  -0.75417137
  28    1.9738180  -0.75229090
  29    1.9736113  -0.67606860
  30    1.9746877  -0.67166072
  31    1.9707630  -0.63389593
  32    1.9742327  -0.63384867
  33    1.9733040  -0.62857723
  34    1.9698764  -0.56745744
  35    1.9689621  -0.56529093
  36    1.9692423  -0.56083512
  37    1.9683961  -0.55884373
  38    1.9734171  -0.46862188
  39    1.9712987  -0.46457922
  40    1.9660725  -0.42537439
  41    1.9642761  -0.41833118
  42    1.9640205  -0.40708986
  43    1.9638059  -0.40112022
  44    0.0359175  -0.04137210
  45    0.0352609  -0.04229923
  46    0.0212953  -0.03033517
  47    0.0223849  -0.03185368
  48    0.0084764  -0.01374581
  49    0.0081454  -0.01467789
  50    0.0195689  -0.03570985
  51    0.0217639  -0.03740645
  52    0.0214873  -0.03696098
  53    0.0231521  -0.03911456
  54    0.0144547  -0.02473025
  55    0.0095258  -0.01666180
  56    0.0153238  -0.02664877
  57    0.0184727  -0.03069813
  58    0.0157523  -0.02735184
  59    0.0127326  -0.02342059
  60    0.0109704  -0.02005733
  61    0.0088082  -0.01747015
  62    0.0068349  -0.02311159
  63    0.0061968  -0.02369290
  64    0.0031691  -0.01244709
  65    0.0049431  -0.01653224
  66    0.0035079  -0.01293423
  67    0.0020515  -0.00876192
  68    0.0033656  -0.01536782
  69    0.0000589  -0.00088889
  70    0.0002064  -0.00549940
  71    0.0001850  -0.00529994
  72    0.0000427  -0.00103510
  73    0.0000408  -0.00107412
  74    0.0000384  -0.00098802
  75    0.0000173  -0.00022423
  76    0.0000070  -0.00007938
  77    0.0000017  -0.00001743
  78    0.0000023  -0.00001542
  79    0.0000019  -0.00001322
  80    0.0000046  -0.00003566
  81    0.0000060  -0.00009480
  82    0.0000071  -0.00009768
  83    0.0000020  -0.00001712
  84    0.0000020  -0.00001443
  85    0.0000001  -0.00000056
  86    0.0000001  -0.00000066
  87    0.0001165  -0.00027677
  88    0.0001782  -0.00042130
  89    0.0069798  -0.01234900
  90    0.0108098  -0.01840146
  91    0.0084068  -0.01431298
  92    0.0079426  -0.01354514
  93    0.0061429  -0.01193291
  94    0.0077536  -0.01436816
  95    0.0085068  -0.01525309
  96    0.0064521  -0.01259766
  97    0.0040984  -0.00813761
  98    0.0040312  -0.00821987
  99    0.0100429  -0.01713145
 100    0.0034449  -0.00663986
 101    0.0034743  -0.00703693
 102    0.0058535  -0.01151025
 103    0.0063374  -0.01328074
 104    0.0045446  -0.01210408
 105    0.0041699  -0.01249975
 106    0.0023965  -0.00905093
 107    0.0018126  -0.00773978
 108    0.0029892  -0.01210756
 109    0.0024072  -0.00876540
 110    0.0019003  -0.00869491
 111    0.0025823  -0.00992613
 112    0.0000347  -0.00107188
 113    0.0000237  -0.00044358
 114    0.0000215  -0.00041146
 115    0.0000296  -0.00060892
 116    0.0000294  -0.00051634
 117    0.0000161  -0.00012624
 118    0.0000117  -0.00020494
 119    0.0000067  -0.00005544
 120    0.0000017  -0.00003799
 121    0.0000019  -0.00005945
 122    0.0000014  -0.00005275
 123    0.0000023  -0.00001497
 124    0.0000033  -0.00002547
 125    0.0000017  -0.00001407
 126    0.0000020  -0.00001335
 127    0.0000020  -0.00001870
 128    0.0000001  -0.00000053
 129    0.0000001  -0.00000057
 130    0.0000372  -0.00011958
 131    0.0001517  -0.00037331
 132    0.0039457  -0.00718450
 133    0.0003021  -0.00076720
 134    0.0081630  -0.01346537
 135    0.0068663  -0.01658240
 136    0.0054553  -0.01138094
 137    0.0005733  -0.00137801
 138    0.0004192  -0.00106248
 139    0.0000902  -0.00028321
 140    0.0028201  -0.00565465
 141    0.0037312  -0.00769656
 142    0.0031544  -0.00598986
 143    0.0011601  -0.00307834
 144    0.0023054  -0.00512002
 145    0.0032393  -0.00622210
 146    0.0036462  -0.00830686
 147    0.0035052  -0.00833602
 148    0.0023046  -0.00770387
 149    0.0020176  -0.00827407
 150    0.0017988  -0.00697454
 151    0.0023372  -0.00864990
 152    0.0020544  -0.00828432
 153    0.0012310  -0.00511162
 154    0.0024632  -0.00942439
 155    0.0000181  -0.00014006
 156    0.0000039  -0.00002888
 157    0.0000121  -0.00009392
 158    0.0000203  -0.00019099
 159    0.0000270  -0.00046581
 160    0.0000160  -0.00014097
 161    0.0000057  -0.00005542
 162    0.0000066  -0.00005865
 163    0.0000012  -0.00000834
 164    0.0000006  -0.00000663
 165    0.0000010  -0.00002462
 166    0.0000021  -0.00001421
 167    0.0000013  -0.00001161
 168    0.0000015  -0.00002666
 169    0.0000019  -0.00001293
 170    0.0000016  -0.00001005
 171    0.0000001  -0.00000047
 172    0.0000000  -0.00000038
 173    0.0000279  -0.00009695
 174    0.0001023  -0.00025807
 175    0.0033256  -0.00582276
 176    0.0001015  -0.00028758
 177    0.0023986  -0.00536767
 178    0.0010517  -0.00254678
 179    0.0001612  -0.00046420
 180    0.0002322  -0.00060117
 181    0.0001464  -0.00041165
 182    0.0000558  -0.00017389
 183    0.0018130  -0.00381776
 184    0.0025957  -0.00552252
 185    0.0001721  -0.00050928
 186    0.0008852  -0.00214804
 187    0.0014833  -0.00385392
 188    0.0023327  -0.00512144
 189    0.0006943  -0.00177491
 190    0.0019726  -0.00446713
 191    0.0016148  -0.00612177
 192    0.0019273  -0.00837776
 193    0.0016903  -0.00676724
 194    0.0019561  -0.00748543
 195    0.0014659  -0.00590992
 196    0.0011228  -0.00597824
 197    0.0010873  -0.00779159
 198    0.0000165  -0.00012587
 199    0.0000033  -0.00002352
 200    0.0000104  -0.00007781
 201    0.0000165  -0.00012087
 202    0.0000162  -0.00012274
 203    0.0000151  -0.00010689
 204    0.0000055  -0.00005849
 205    0.0000066  -0.00005693
 206    0.0000010  -0.00003459
 207    0.0000005  -0.00000219
 208    0.0000008  -0.00000406
 209    0.0000014  -0.00002274
 210    0.0000012  -0.00001060
 211    0.0000014  -0.00000982
 212    0.0000017  -0.00001613
 213    0.0000015  -0.00001862
 214    0.0000001  -0.00000048
 215    0.0000000  -0.00000034
 216    0.0000231  -0.00007731
 217    0.0000951  -0.00024720
 218    0.0000465  -0.00013759
 219    0.0000733  -0.00021131
 220    0.0007035  -0.00152430
 221    0.0007066  -0.00158816
 222    0.0001187  -0.00036109
 223    0.0001187  -0.00036872
 224    0.0001087  -0.00032567
 225    0.0000532  -0.00016992
 226    0.0017594  -0.00401557
 227    0.0018628  -0.00390529
 228    0.0000952  -0.00031957
 229    0.0006399  -0.00151350
 230    0.0011647  -0.00314409
 231    0.0006347  -0.00163226
 232    0.0005815  -0.00144457
 233    0.0013394  -0.00349191
 234    0.0011483  -0.00373943
 235    0.0016017  -0.00692793
 236    0.0011616  -0.00477670
 237    0.0016460  -0.00677817
 238    0.0012440  -0.00537110
 239    0.0010024  -0.00748520
 240    0.0006135  -0.00454109
 241    0.0000148  -0.00011535
 242    0.0000030  -0.00002141
 243    0.0000098  -0.00007023
 244    0.0000127  -0.00010008
 245    0.0000142  -0.00011985
 246    0.0000145  -0.00012212
 247    0.0000053  -0.00004977
 248    0.0000062  -0.00006842
 249    0.0000009  -0.00000962
 250    0.0000005  -0.00000194
 251    0.0000007  -0.00000568
 252    0.0000014  -0.00002350
 253    0.0000011  -0.00003162
 254    0.0000010  -0.00003470
 255    0.0000017  -0.00001079
 256    0.0000013  -0.00001006
 257    0.0000000  -0.00000041
 258    0.0000000  -0.00000023
 259    0.0000147  -0.00005277
 260    0.0000534  -0.00015641
 261    0.0000361  -0.00011699
 262    0.0000433  -0.00013979
 263    0.0001994  -0.00057203
 264    0.0006924  -0.00159574
 265    0.0000396  -0.00013786
 266    0.0000868  -0.00027167
 267    0.0000763  -0.00024276
 268    0.0000471  -0.00016182
 269    0.0007039  -0.00168940
 270    0.0014799  -0.00339576
 271    0.0000801  -0.00025004
 272    0.0001161  -0.00037936
 273    0.0006587  -0.00168864
 274    0.0004319  -0.00110554
 275    0.0003867  -0.00105372
 276    0.0005507  -0.00142906
 277    0.0006796  -0.00205384
 278    0.0006965  -0.00338530
 279    0.0010661  -0.00438981
 280    0.0008178  -0.00338714
 281    0.0010405  -0.00521585
 282    0.0009123  -0.00519495
 283    0.0005662  -0.00412638
 284    0.0000132  -0.00009507
 285    0.0000024  -0.00001712
 286    0.0000081  -0.00005945
 287    0.0000123  -0.00009047
 288    0.0000117  -0.00009159
 289    0.0000140  -0.00013815
 290    0.0000045  -0.00003444
 291    0.0000058  -0.00006036
 292    0.0000009  -0.00000576
 293    0.0000004  -0.00000078
 294    0.0000007  -0.00000405
 295    0.0000012  -0.00000791
 296    0.0000009  -0.00001106
 297    0.0000010  -0.00000573
 298    0.0000013  -0.00000762
 299    0.0000013  -0.00001027
 300    0.0000000  -0.00000037
 301    0.0000000  -0.00000024
 302    0.0000130  -0.00004452
 303    0.0000217  -0.00007825
 304    0.0000290  -0.00009410
 305    0.0000415  -0.00014012
 306    0.0001035  -0.00031654
 307    0.0006447  -0.00146002
 308    0.0000291  -0.00011314
 309    0.0000667  -0.00019476
 310    0.0000683  -0.00019916
 311    0.0000419  -0.00014442
 312    0.0003245  -0.00089421
 313    0.0007740  -0.00181558
 314    0.0000725  -0.00022983
 315    0.0001015  -0.00035246
 316    0.0004235  -0.00111240
 317    0.0002577  -0.00077325
 318    0.0002869  -0.00079296
 319    0.0004704  -0.00130370
 320    0.0006186  -0.00170534
 321    0.0006880  -0.00361244
 322    0.0008481  -0.00349846
 323    0.0007538  -0.00283234
 324    0.0008183  -0.00380596
 325    0.0007940  -0.00398476
 326    0.0004295  -0.00244263
 327    0.0000125  -0.00009821
 328    0.0000023  -0.00001634
 329    0.0000075  -0.00005527
 330    0.0000121  -0.00008006
 331    0.0000107  -0.00007776
 332    0.0000129  -0.00008939
 333    0.0000044  -0.00003266
 334    0.0000056  -0.00005080
 335    0.0000008  -0.00000877
 336    0.0000004  -0.00000103
 337    0.0000007  -0.00000288
 338    0.0000012  -0.00001289
 339    0.0000007  -0.00000320
 340    0.0000008  -0.00000354
 341    0.0000013  -0.00000894
 342    0.0000012  -0.00001538
 343    0.0000000  -0.00000034
 344    0.0000000  -0.00000016
 345    0.0000109  -0.00004006
 346    0.0000196  -0.00006854
 347    0.0000184  -0.00006382
 348    0.0000371  -0.00011870
 349    0.0000477  -0.00014997
 350    0.0001713  -0.00053278
 351    0.0000268  -0.00009997
 352    0.0000427  -0.00014686
 353    0.0000499  -0.00015238
 354    0.0000376  -0.00012888
 355    0.0002103  -0.00059503
 356    0.0005858  -0.00143563
 357    0.0000482  -0.00017193
 358    0.0000724  -0.00023735
 359    0.0002555  -0.00075603
 360    0.0001772  -0.00053649
 361    0.0001864  -0.00056217
 362    0.0004544  -0.00126564
 363    0.0003988  -0.00123064
 364    0.0002621  -0.00123421
 365    0.0008106  -0.00369028
 366    0.0002910  -0.00105347
 367    0.0005993  -0.00309044
 368    0.0007133  -0.00475130
 369    0.0003539  -0.00219128
 370    0.0000105  -0.00008003
 371    0.0000023  -0.00001528
 372    0.0000059  -0.00004411
 373    0.0000114  -0.00007867
 374    0.0000101  -0.00011089
 375    0.0000111  -0.00014639
 376    0.0000037  -0.00002969
 377    0.0000053  -0.00005222
 378    0.0000007  -0.00000372
 379    0.0000004  -0.00000104
 380    0.0000007  -0.00000238
 381    0.0000010  -0.00002776
 382    0.0000007  -0.00000240
 383    0.0000008  -0.00000419
 384    0.0000012  -0.00001825
 385    0.0000012  -0.00001837
 386    0.0000000  -0.00000031
 387    0.0000000  -0.00000019
 388    0.0000087  -0.00003146
 389    0.0000174  -0.00006005
 390    0.0000156  -0.00005248
 391    0.0000246  -0.00008960
 392    0.0000442  -0.00015685
 393    0.0001113  -0.00036707
 394    0.0000180  -0.00007924
 395    0.0000386  -0.00013430
 396    0.0000423  -0.00015088
 397    0.0000333  -0.00012067
 398    0.0001699  -0.00050127
 399    0.0005149  -0.00122276
 400    0.0000437  -0.00016345
 401    0.0000636  -0.00022362
 402    0.0002021  -0.00060610
 403    0.0001028  -0.00032084
 404    0.0001235  -0.00041350
 405    0.0003168  -0.00086974
 406    0.0003343  -0.00103842
 407    0.0002192  -0.00085556
 408    0.0008040  -0.00285513
 409    0.0002744  -0.00105881
 410    0.0004092  -0.00160519
 411    0.0006160  -0.00477881
 412    0.0003224  -0.00206584
 413    0.0000098  -0.00011216
 414    0.0000022  -0.00001332
 415    0.0000058  -0.00005082
 416    0.0000095  -0.00012768
 417    0.0000095  -0.00013726
 418    0.0000104  -0.00010310
 419    0.0000035  -0.00007132
 420    0.0000049  -0.00004383
 421    0.0000006  -0.00000210
 422    0.0000004  -0.00000104
 423    0.0000006  -0.00000229
 424    0.0000009  -0.00000469
 425    0.0000006  -0.00000164
 426    0.0000007  -0.00000337
 427    0.0000012  -0.00001908
 428    0.0000011  -0.00002335
 429    0.0000000  -0.00000022
 430    0.0000000  -0.00000019
 431    0.0000059  -0.00001515
 432    0.0000162  -0.00005533
 433    0.0000126  -0.00004533
 434    0.0000240  -0.00008577
 435    0.0000346  -0.00012604
 436    0.0000777  -0.00026445
 437    0.0000145  -0.00005825
 438    0.0000241  -0.00009927
 439    0.0000370  -0.00012692
 440    0.0000316  -0.00011614
 441    0.0001086  -0.00032166
 442    0.0004407  -0.00113344
 443    0.0000403  -0.00014293
 444    0.0000582  -0.00020556
 445    0.0001360  -0.00043143
 446    0.0001008  -0.00033141
 447    0.0001136  -0.00038207
 448    0.0002941  -0.00086434
 449    0.0002312  -0.00079015
 450    0.0001825  -0.00086737
 451    0.0007219  -0.00291978
 452    0.0002210  -0.00085640
 453    0.0003497  -0.00191252
 454    0.0004968  -0.00239008
 455    0.0002755  -0.00206766
 456    0.0000083  -0.00008390
 457    0.0000021  -0.00001235
 458    0.0000057  -0.00004730
 459    0.0000090  -0.00009130
 460    0.0000091  -0.00007793
 461    0.0000093  -0.00010408
 462    0.0000032  -0.00009021
 463    0.0000046  -0.00004033
 464    0.0000005  -0.00000143
 465    0.0000004  -0.00000088
 466    0.0000006  -0.00000161
 467    0.0000008  -0.00000635
 468    0.0000006  -0.00000124
 469    0.0000006  -0.00000188
 470    0.0000011  -0.00001809
 471    0.0000011  -0.00000636
 472    0.0000000  -0.00000017
 473    0.0000000  -0.00000017
 474    0.0000041  -0.00001444
 475    0.0000150  -0.00004881
 476    0.0000064  -0.00001795
 477    0.0000220  -0.00007589
 478    0.0000319  -0.00010949
 479    0.0000625  -0.00019993
 480    0.0000080  -0.00003522
 481    0.0000167  -0.00007356
 482    0.0000265  -0.00009883
 483    0.0000289  -0.00010685
 484    0.0000916  -0.00030148
 485    0.0000958  -0.00033083
 486    0.0000366  -0.00013652
 487    0.0000511  -0.00018255
 488    0.0001122  -0.00036248
 489    0.0000659  -0.00023267
 490    0.0001059  -0.00036868
 491    0.0002141  -0.00064467
 492    0.0001868  -0.00063132
 493    0.0001574  -0.00076285
 494    0.0006155  -0.00320801
 495    0.0002130  -0.00079771
 496    0.0003486  -0.00146096
 497    0.0003966  -0.00256657
 498    0.0002590  -0.00154352
 499    0.0000079  -0.00006160
 500    0.0000020  -0.00001252
 501    0.0000049  -0.00004858
 502    0.0000082  -0.00006625
 503    0.0000086  -0.00013001
 504    0.0000092  -0.00013761
 505    0.0000029  -0.00011296
 506    0.0000044  -0.00005270
 507    0.0000005  -0.00000141
 508    0.0000003  -0.00000069
 509    0.0000006  -0.00000200
 510    0.0000007  -0.00000270
 511    0.0000006  -0.00000148
 512    0.0000003  -0.00000096
 513    0.0000010  -0.00001541
 514    0.0000010  -0.00001946
 515    0.0000000  -0.00000020
 516    0.0000000  -0.00000017
 517    0.0000039  -0.00001121
 518    0.0000118  -0.00004205
 519    0.0000047  -0.00001240
 520    0.0000165  -0.00005984
 521    0.0000291  -0.00010697
 522    0.0000367  -0.00014559
 523    0.0000078  -0.00003153
 524    0.0000155  -0.00006289
 525    0.0000217  -0.00008985
 526    0.0000249  -0.00009817
 527    0.0000362  -0.00013702
 528    0.0000780  -0.00027012
 529    0.0000314  -0.00012200
 530    0.0000495  -0.00017507
 531    0.0000989  -0.00032451
 532    0.0000594  -0.00020416
 533    0.0000965  -0.00032805
 534    0.0001443  -0.00047798
 535    0.0001359  -0.00053677
 536    0.0001522  -0.00073054
 537    0.0005841  -0.00190959
 538    0.0001919  -0.00078478
 539    0.0002744  -0.00114870
 540    0.0003865  -0.00233974
 541    0.0002059  -0.00123951
 542    0.0000075  -0.00005059
 543    0.0000018  -0.00001145
 544    0.0000048  -0.00003876
 545    0.0000075  -0.00005127
 546    0.0000071  -0.00005255
 547    0.0000084  -0.00005698
 548    0.0000028  -0.00004833
 549    0.0000042  -0.00004246
 550    0.0000005  -0.00000132
 551    0.0000003  -0.00000077
 552    0.0000006  -0.00000154
 553    0.0000007  -0.00000216
 554    0.0000005  -0.00000129
 555    0.0000003  -0.00000080
 556    0.0000009  -0.00000664
 557    0.0000009  -0.00000742
 558    0.0000000  -0.00000014
 559    0.0000000  -0.00000012
 560    0.0000027  -0.00000803
 561    0.0000101  -0.00003823
 562    0.0000031  -0.00000786
 563    0.0000135  -0.00005071
 564    0.0000253  -0.00010245
 565    0.0000249  -0.00010633
 566    0.0000048  -0.00001976
 567    0.0000067  -0.00003112
 568    0.0000183  -0.00007776
 569    0.0000223  -0.00009230
 570    0.0000298  -0.00011372
 571    0.0000223  -0.00009657
 572    0.0000281  -0.00011325
 573    0.0000471  -0.00017210
 574    0.0000857  -0.00029479
 575    0.0000556  -0.00018920
 576    0.0000821  -0.00028085
 577    0.0001039  -0.00036379
 578    0.0001200  -0.00051374
 579    0.0000997  -0.00052194
 580    0.0003711  -0.00120137
 581    0.0001632  -0.00071660
 582    0.0002603  -0.00110168
 583    0.0003401  -0.00226745
 584    0.0002047  -0.00120911
 585    0.0000060  -0.00004997
 586    0.0000017  -0.00001086
 587    0.0000044  -0.00003226
 588    0.0000071  -0.00005263
 589    0.0000066  -0.00004790
 590    0.0000080  -0.00005733
 591    0.0000027  -0.00003018
 592    0.0000040  -0.00003560
 593    0.0000004  -0.00000145
 594    0.0000003  -0.00000076
 595    0.0000005  -0.00000173
 596    0.0000006  -0.00000133
 597    0.0000005  -0.00000111
 598    0.0000002  -0.00000073
 599    0.0000008  -0.00000353
 600    0.0000009  -0.00000945
 601    0.0000000  -0.00000014
 602    0.0000000  -0.00000019
 603    0.0000027  -0.00000886
 604    0.0000094  -0.00003472
 605    0.0000018  -0.00000370
 606    0.0000127  -0.00004466
 607    0.0000167  -0.00007346
 608    0.0000208  -0.00009203
 609    0.0000041  -0.00001436
 610    0.0000061  -0.00002649
 611    0.0000158  -0.00006308
 612    0.0000170  -0.00007015
 613    0.0000288  -0.00011491
 614    0.0000114  -0.00005065
 615    0.0000252  -0.00009747
 616    0.0000447  -0.00016166
 617    0.0000816  -0.00028495
 618    0.0000459  -0.00016948
 619    0.0000735  -0.00025006
 620    0.0000417  -0.00016363
 621    0.0000926  -0.00037186
 622    0.0000729  -0.00032692
 623    0.0002681  -0.00114950
 624    0.0001452  -0.00061998
 625    0.0002061  -0.00093659
 626    0.0003175  -0.00197816
 627    0.0001761  -0.00092011
 628    0.0000050  -0.00004036
 629    0.0000017  -0.00001163
 630    0.0000038  -0.00002909
 631    0.0000048  -0.00004802
 632    0.0000065  -0.00004672
 633    0.0000079  -0.00010574
 634    0.0000027  -0.00002936
 635    0.0000039  -0.00002898
 636    0.0000004  -0.00000141
 637    0.0000003  -0.00000084
 638    0.0000005  -0.00000157
 639    0.0000006  -0.00000148
 640    0.0000005  -0.00000147
 641    0.0000002  -0.00000075
 642    0.0000008  -0.00000413
 643    0.0000008  -0.00000323
 644    0.0000000  -0.00000015
 645    0.0000000  -0.00000017
 646    0.0000024  -0.00000514
 647    0.0000069  -0.00001586
 648    0.0000016  -0.00000287
 649    0.0000099  -0.00004007
 650    0.0000158  -0.00006336
 651    0.0000178  -0.00008548
 652    0.0000020  -0.00000776
 653    0.0000060  -0.00002336
 654    0.0000088  -0.00003677
 655    0.0000142  -0.00005667
 656    0.0000238  -0.00009961
 657    0.0000096  -0.00004473
 658    0.0000192  -0.00008188
 659    0.0000385  -0.00014015
 660    0.0000664  -0.00024295
 661    0.0000449  -0.00016904
 662    0.0000608  -0.00020622
 663    0.0000350  -0.00014019
 664    0.0000578  -0.00023315
 665    0.0000647  -0.00027084
 666    0.0001557  -0.00065262
 667    0.0001021  -0.00048104
 668    0.0002046  -0.00087678
 669    0.0003137  -0.00155267
 670    0.0001422  -0.00078969
 671    0.0000036  -0.00003000
 672    0.0000015  -0.00000875
 673    0.0000028  -0.00001821
 674    0.0000047  -0.00003278
 675    0.0000061  -0.00004353
 676    0.0000069  -0.00005649
 677    0.0000026  -0.00001938
 678    0.0000039  -0.00005812
 679    0.0000004  -0.00000166
 680    0.0000003  -0.00000088
 681    0.0000005  -0.00000183
 682    0.0000005  -0.00000095
 683    0.0000005  -0.00000126
 684    0.0000002  -0.00000069
 685    0.0000007  -0.00000325
 686    0.0000008  -0.00000389
 687    0.0000000  -0.00000011
 688    0.0000000  -0.00000013
 689    0.0000015  -0.00000282
 690    0.0000057  -0.00001820
 691    0.0000009  -0.00000058
 692    0.0000067  -0.00002090
 693    0.0000032  -0.00001316
 694    0.0000063  -0.00003293
 695    0.0000017  -0.00000571
 696    0.0000046  -0.00001778
 697    0.0000027  -0.00001023
 698    0.0000110  -0.00004671
 699    0.0000207  -0.00009026
 700    0.0000045  -0.00002127
 701    0.0000133  -0.00005546
 702    0.0000346  -0.00013400
 703    0.0000458  -0.00016979
 704    0.0000297  -0.00012198
 705    0.0000582  -0.00020345
 706    0.0000058  -0.00003060
 707    0.0000368  -0.00016190
 708    0.0000591  -0.00024845
 709    0.0001372  -0.00070672
 710    0.0000797  -0.00032319
 711    0.0001786  -0.00083932
 712    0.0002618  -0.00167240
 713    0.0001367  -0.00079288
 714    0.0000033  -0.00009879
 715    0.0000015  -0.00000902
 716    0.0000026  -0.00001684
 717    0.0000042  -0.00003219
 718    0.0000058  -0.00004066
 719    0.0000064  -0.00004987
 720    0.0000024  -0.00001569
 721    0.0000035  -0.00010081
 722    0.0000004  -0.00000116
 723    0.0000003  -0.00000079
 724    0.0000004  -0.00000127
 725    0.0000005  -0.00000147
 726    0.0000005  -0.00000115
 727    0.0000002  -0.00000072
 728    0.0000006  -0.00000147
 729    0.0000008  -0.00000414
 730    0.0000000  -0.00000008
 731    0.0000000  -0.00000012
 732    0.0000013  -0.00000179
 733    0.0000040  -0.00001083
 734    0.0000009  -0.00000046
 735    0.0000041  -0.00001139
 736    0.0000014  -0.00000332
 737    0.0000041  -0.00001729
 738    0.0000004  -0.00000021
 739    0.0000016  -0.00000397
 740    0.0000017  -0.00000392
 741    0.0000103  -0.00004430
 742    0.0000022  -0.00000931
 743    0.0000038  -0.00001643
 744    0.0000103  -0.00004335
 745    0.0000322  -0.00013095
 746    0.0000426  -0.00016554
 747    0.0000175  -0.00008312
 748    0.0000450  -0.00017228
 749    0.0000037  -0.00001599
 750    0.0000358  -0.00015111
 751    0.0000505  -0.00022931
 752    0.0001134  -0.00056643
 753    0.0000560  -0.00025891
 754    0.0001425  -0.00076710
 755    0.0002593  -0.00128712
 756    0.0001179  -0.00071035
 757    0.0000031  -0.00009713
 758    0.0000015  -0.00000895
 759    0.0000025  -0.00001583
 760    0.0000033  -0.00016386
 761    0.0000046  -0.00004129
 762    0.0000054  -0.00004127
 763    0.0000024  -0.00001422
 764    0.0000029  -0.00019556
 765    0.0000003  -0.00000094
 766    0.0000003  -0.00000074
 767    0.0000004  -0.00000133
 768    0.0000005  -0.00000197
 769    0.0000004  -0.00000129
 770    0.0000002  -0.00000067
 771    0.0000005  -0.00000186
 772    0.0000007  -0.00000264
 773    0.0000000  -0.00000006
 774    0.0000000  -0.00000010
 
----------------
 Final Energies 
----------------
Final NOF Total Energy =   -1104.1783849
 
Total Orbital Internal Iterations = 2169
Total Occupation Internal Iterations = 1147
 
Elapsed time: 2401.60 Seconds

---------------------------------
   Lowdin Population Analysis    
---------------------------------
 Idx  Atom   Population   Charge 
---------------------------------
  1     C     5.985       0.015
  2     C     6.003      -0.003
  3     C     6.181      -0.181
  4     S    15.208       0.792
  5     C     6.383      -0.383
  6     C     6.380      -0.380
  7     S    15.210       0.790
  8     C     6.184      -0.184
  9     C     6.004      -0.004
 10     C     5.983       0.017
 11     H     1.066      -0.066
 12     H     1.068      -0.068
 13     H     1.103      -0.103
 14     H     1.104      -0.104
 15     H     1.069      -0.069
 16     H     1.066      -0.066

---------------------------------
   M Diagnostic: 0.04
---------------------------------

