4O_A_C.jld2 not found
4O_A_n.jld2 not found
Computing Integrals
NVIDIA GeForce RTX 3090
Elapsed time:   19.95 Seconds

Number of basis functions                   (NBF)    = 639
Number of auxiliary basis functions         (NBFAUX) = 673
Inactive Doubly occupied orbitals up to     (NO1)    = 0
No. considered Strongly Doubly occupied MOs (NDOC)   = 26
No. considered Strongly Singly occupied MOs (NSOC)   = 0
NO. of Weakly occ. per St. Doubly occ.  MOs (NCWO)   = 23
Dimension of the Nat. Orb. subspace         (NBF5)   = 624
No. of electrons                                     = 52
    No. of alpha electrons                           = 26
    No. of beta electrons                            = 26
Multiplicity                                         = 1

Geometry
========
 C      -0.0475000       0.9518200       0.0000000
 C       0.0553300      -1.2085100       0.6721500
 C       0.0553300      -1.2085100      -0.6721500
 N      -0.0068300       0.1134200      -1.0558900
 N      -0.0068300       0.1134200       1.0558900
 H       0.0964800      -2.0286100       1.3710400
 H       0.0964800      -2.0286100      -1.3710400
 C      -0.0269000       0.5655100      -2.4237700
 C      -0.0269000       0.5655100       2.4237700
 H       0.8604400       0.2291400      -2.9613500
 H      -0.9121000       0.2011800      -2.9468800
 H      -0.0426600       1.6519600      -2.4198000
 H      -0.9121000       0.2011800       2.9468800
 H       0.8604400       0.2291400       2.9613500
 H      -0.0426600       1.6519600       2.4198000

No violations of the orthonormality
No violations of the orthonormality
 
PNOF9/ADABelief Calculation
==================
 
  Nitext  Nit_orb  Time   Nit_occ  Time         Eelec          Etot           Ediff      maxdiff    MaxGrad_orb  Grad_occ
     1      10    4.4e+01   11    4.3e+01  -577.39495930  -280.14508345 -10576.39495930   1.019290   4.1e+00   2.6e-04 0.00
     2      10    1.6e+00   90    6.8e+01  -586.43054023  -289.18066437    -9.03558092   0.450720   1.8e+00   2.7e-04 0.01
     3      10    1.6e+00    0    8.6e-01  -587.00748209  -289.75760624    -0.57694186   0.450183   1.8e+00   2.7e-04 0.01
     4      30    4.6e+00   96    6.8e+01  -598.08778650  -300.83791065   -11.08030441   0.511378   2.0e+00   2.5e-04 0.02
     5      30    4.6e+00   75    5.3e+01  -599.50890051  -302.25902465    -1.42111400   0.104793   4.2e-01   2.8e-04 0.03
     6      30    4.7e+00   58    4.1e+01  -600.49125509  -303.24137924    -0.98235458   0.115434   4.6e-01   2.6e-04 0.03
     7      30    4.6e+00   45    3.2e+01  -600.92468389  -303.67480804    -0.43342880   0.294457   1.2e+00   3.1e-04 0.04
     8      30    4.6e+00   39    2.8e+01  -601.09205532  -303.84217947    -0.16737143   0.096616   3.9e-01   2.6e-04 0.04
     9      30    4.6e+00   18    1.3e+01  -601.28859645  -304.03872060    -0.19654113   0.110639   4.4e-01   3.2e-04 0.04
    10      30    4.6e+00   26    1.9e+01  -601.46059998  -304.21072413    -0.17200353   0.096252   3.8e-01   2.6e-04 0.03
    11      30    4.6e+00   20    1.5e+01  -601.58076908  -304.33089322    -0.12016910   0.050314   2.0e-01   3.0e-04 0.03
    12      30    4.6e+00   18    1.3e+01  -601.63753675  -304.38766090    -0.05676767   0.020880   8.4e-02   2.7e-04 0.03
    13      30    4.6e+00   14    1.0e+01  -601.66489141  -304.41501556    -0.02735466   0.016360   6.5e-02   2.7e-04 0.03
    14      30    4.6e+00   11    8.3e+00  -601.68375841  -304.43388256    -0.01886700   0.018838   7.5e-02   3.8e-04 0.03
    15      30    4.6e+00   11    8.3e+00  -601.68985399  -304.43997813    -0.00609557   0.027895   1.1e-01   3.6e-04 0.03
    16      30    4.6e+00   14    1.0e+01  -601.69585935  -304.44598350    -0.00600537   0.020586   8.2e-02   3.0e-04 0.04
    17      30    4.6e+00    7    5.5e+00  -601.70001225  -304.45013640    -0.00415290   0.019673   7.9e-02   3.3e-04 0.03
    18      30    4.6e+00    0    7.2e-01  -601.70033891  -304.45046306    -0.00032666   0.019673   7.9e-02   3.3e-04 0.03
    19      50    7.5e+00    7    5.6e+00  -601.72310652  -304.47323066    -0.02276760   0.002511   1.0e-02   3.3e-04 0.03
    20      50    7.6e+00    7    5.5e+00  -601.72374139  -304.47386553    -0.00063487   0.004181   1.7e-02   3.4e-04 0.03
    21      50    7.6e+00   12    9.0e+00  -601.72471459  -304.47483874    -0.00097320   0.003422   1.4e-02   2.2e-04 0.04
    22      50    7.6e+00   12    9.0e+00  -601.72564590  -304.47577005    -0.00093131   0.003725   1.5e-02   2.1e-04 0.04
    23      50    7.6e+00    7    5.6e+00  -601.72648092  -304.47660506    -0.00083502   0.003974   1.6e-02   2.8e-04 0.04
    24      50    7.6e+00   12    9.0e+00  -601.72734118  -304.47746533    -0.00086026   0.003282   1.3e-02   1.9e-04 0.04
    25      50    7.6e+00    6    4.9e+00  -601.72810139  -304.47822554    -0.00076021   0.003569   1.4e-02   2.3e-04 0.04
    26      50    7.6e+00    6    4.9e+00  -601.72861452  -304.47873867    -0.00051313   0.003438   1.4e-02   2.7e-04 0.04
    27      50    7.6e+00    8    6.2e+00  -601.72927178  -304.47939593    -0.00065726   0.003665   1.5e-02   3.7e-04 0.04
    28      50    7.6e+00    6    4.9e+00  -601.72978468  -304.47990882    -0.00051289   0.003235   1.3e-02   2.5e-04 0.04
    29      50    7.6e+00    6    4.8e+00  -601.73032147  -304.48044561    -0.00053679   0.003019   1.2e-02   2.5e-04 0.04
    30      50    7.6e+00    6    4.9e+00  -601.73071936  -304.48084350    -0.00039789   0.003569   1.4e-02   2.3e-04 0.04
    31      50    7.6e+00    3    2.8e+00  -601.73110629  -304.48123044    -0.00038693   0.003216   1.3e-02   2.4e-04 0.04
    32      50    7.6e+00    8    6.2e+00  -601.73143925  -304.48156339    -0.00033296   0.003490   1.4e-02   2.8e-04 0.04
    33      50    7.6e+00    6    4.8e+00  -601.73181415  -304.48193830    -0.00037491   0.003655   1.5e-02   2.2e-04 0.04
    34      50    7.6e+00    6    4.9e+00  -601.73207132  -304.48219546    -0.00025716   0.003992   1.6e-02   2.3e-04 0.04
    35      50    7.6e+00    6    4.8e+00  -601.73219936  -304.48232350    -0.00012804   0.004100   1.6e-02   2.2e-04 0.04
    36      50    7.6e+00    6    4.9e+00  -601.73246476  -304.48258891    -0.00026541   0.003600   1.4e-02   2.2e-04 0.04
    37      50    7.6e+00    0    7.2e-01  -601.73249821  -304.48262236    -0.00003345   0.003600   1.4e-02   2.2e-04 0.04
    38      70    1.1e+01    1    1.4e+00  -601.73326449  -304.48338863    -0.00076627   0.000578   2.3e-03   2.2e-04 0.04
 
RESULTS OF THE OCCUPATION OPTIMIZATION
========================================
   1    1.9999917  -15.61126423
   2    1.9999906  -15.61038685
   3    1.9999816  -11.26845932
   4    1.9999822  -11.26688004
   5    1.9999842  -11.25875759
   6    1.9999838  -11.25822830
   7    1.9999820  -11.23110485
   8    1.9857420  -1.27907848
   9    1.9832297  -1.08376694
  10    1.9817548  -1.03567696
  11    1.9822206  -0.97931713
  12    1.9773444  -0.95190394
  13    1.9744915  -0.75942367
  14    1.9774436  -0.71033442
  15    1.9718093  -0.68581372
  16    1.9725725  -0.68393922
  17    1.9780636  -0.66739011
  18    1.9745238  -0.66006523
  19    1.9714970  -0.65628988
  20    1.9745524  -0.64327300
  21    1.9744797  -0.62011069
  22    1.9734525  -0.59888977
  23    1.9690451  -0.58482862
  24    1.9717133  -0.58375877
  25    1.9679185  -0.43458828
  26    1.9641226  -0.37520418
  27    0.0343925  -0.04014407
  28    0.0311189  -0.03915749
  29    0.0149979  -0.01979658
  30    0.0109165  -0.01680030
  31    0.0155891  -0.02059846
  32    0.0137325  -0.01900930
  33    0.0223818  -0.03386958
  34    0.0221645  -0.03491033
  35    0.0121854  -0.01933946
  36    0.0046199  -0.00932459
  37    0.0214657  -0.03445842
  38    0.0219650  -0.03486339
  39    0.0074110  -0.01333663
  40    0.0231192  -0.03618803
  41    0.0173304  -0.03041870
  42    0.0055370  -0.01169987
  43    0.0160231  -0.02668287
  44    0.0095880  -0.01735442
  45    0.0039749  -0.01029277
  46    0.0000049  -0.00013445
  47    0.0000020  -0.00008699
  48    0.0000019  -0.00008371
  49    0.0000018  -0.00008437
  50    0.0000101  -0.00025725
  51    0.0000012  -0.00004756
  52    0.0000022  -0.00006268
  53    0.0006004  -0.00122862
  54    0.0004727  -0.00121973
  55    0.0045458  -0.00693329
  56    0.0107978  -0.01626863
  57    0.0043619  -0.00672128
  58    0.0038758  -0.00645195
  59    0.0007901  -0.00219682
  60    0.0044712  -0.00871951
  61    0.0050767  -0.00940893
  62    0.0042462  -0.00873078
  63    0.0042062  -0.00831415
  64    0.0044499  -0.00877939
  65    0.0046457  -0.00970991
  66    0.0012348  -0.00327938
  67    0.0034047  -0.00744397
  68    0.0050767  -0.01162226
  69    0.0006000  -0.00236897
  70    0.0023646  -0.00805292
  71    0.0019584  -0.00778396
  72    0.0000017  -0.00002061
  73    0.0000016  -0.00001695
  74    0.0000014  -0.00001192
  75    0.0000014  -0.00001641
  76    0.0000009  -0.00003467
  77    0.0000008  -0.00000831
  78    0.0000009  -0.00003061
  79    0.0001866  -0.00044444
  80    0.0001376  -0.00041340
  81    0.0041388  -0.00650304
  82    0.0037099  -0.00619637
  83    0.0021845  -0.00411974
  84    0.0021256  -0.00421712
  85    0.0005894  -0.00145476
  86    0.0007727  -0.00200797
  87    0.0040374  -0.00691823
  88    0.0035634  -0.00743259
  89    0.0012661  -0.00321545
  90    0.0011504  -0.00298003
  91    0.0033195  -0.00730340
  92    0.0006420  -0.00160320
  93    0.0006377  -0.00181374
  94    0.0016428  -0.00592127
  95    0.0005002  -0.00236283
  96    0.0018105  -0.00647397
  97    0.0017537  -0.00668433
  98    0.0000010  -0.00004370
  99    0.0000012  -0.00001909
 100    0.0000013  -0.00001464
 101    0.0000014  -0.00001266
 102    0.0000008  -0.00001071
 103    0.0000007  -0.00000509
 104    0.0000004  -0.00000599
 105    0.0001703  -0.00043157
 106    0.0000664  -0.00020336
 107    0.0018900  -0.00356638
 108    0.0031434  -0.00559024
 109    0.0013260  -0.00299451
 110    0.0011960  -0.00277298
 111    0.0004631  -0.00125920
 112    0.0004294  -0.00113001
 113    0.0025374  -0.00529034
 114    0.0023114  -0.00583181
 115    0.0003347  -0.00098538
 116    0.0002572  -0.00075799
 117    0.0023302  -0.00562119
 118    0.0001177  -0.00037111
 119    0.0003670  -0.00115600
 120    0.0011942  -0.00438937
 121    0.0001689  -0.00099966
 122    0.0010726  -0.00436152
 123    0.0015630  -0.00565174
 124    0.0000009  -0.00001608
 125    0.0000010  -0.00001279
 126    0.0000012  -0.00001790
 127    0.0000013  -0.00001131
 128    0.0000005  -0.00000299
 129    0.0000006  -0.00002178
 130    0.0000004  -0.00000080
 131    0.0001339  -0.00034635
 132    0.0000449  -0.00015079
 133    0.0008820  -0.00207568
 134    0.0013298  -0.00286044
 135    0.0010819  -0.00249830
 136    0.0010791  -0.00255573
 137    0.0002681  -0.00079711
 138    0.0002726  -0.00078924
 139    0.0008481  -0.00233754
 140    0.0014886  -0.00391827
 141    0.0000417  -0.00015513
 142    0.0000966  -0.00030785
 143    0.0018849  -0.00405749
 144    0.0000979  -0.00033508
 145    0.0002645  -0.00085045
 146    0.0009222  -0.00364017
 147    0.0001154  -0.00051554
 148    0.0005370  -0.00197862
 149    0.0011938  -0.00522389
 150    0.0000009  -0.00000633
 151    0.0000009  -0.00000834
 152    0.0000011  -0.00000796
 153    0.0000011  -0.00000820
 154    0.0000005  -0.00000282
 155    0.0000005  -0.00001178
 156    0.0000003  -0.00000065
 157    0.0000978  -0.00024539
 158    0.0000380  -0.00013855
 159    0.0005732  -0.00125757
 160    0.0003913  -0.00098949
 161    0.0009443  -0.00189289
 162    0.0008969  -0.00233435
 163    0.0002282  -0.00067362
 164    0.0001069  -0.00033761
 165    0.0002703  -0.00081637
 166    0.0014223  -0.00384990
 167    0.0000232  -0.00009498
 168    0.0000786  -0.00025852
 169    0.0009731  -0.00264518
 170    0.0000871  -0.00030025
 171    0.0001911  -0.00062545
 172    0.0005448  -0.00226058
 173    0.0000879  -0.00033594
 174    0.0003236  -0.00154367
 175    0.0008496  -0.00307937
 176    0.0000008  -0.00000493
 177    0.0000009  -0.00001457
 178    0.0000010  -0.00001991
 179    0.0000010  -0.00000731
 180    0.0000005  -0.00000233
 181    0.0000004  -0.00000181
 182    0.0000003  -0.00000056
 183    0.0000848  -0.00022948
 184    0.0000351  -0.00012382
 185    0.0004155  -0.00106079
 186    0.0002205  -0.00055560
 187    0.0004449  -0.00105288
 188    0.0008233  -0.00180688
 189    0.0001906  -0.00055851
 190    0.0000921  -0.00030045
 191    0.0001403  -0.00044186
 192    0.0011932  -0.00317244
 193    0.0000207  -0.00008968
 194    0.0000503  -0.00016888
 195    0.0005547  -0.00147669
 196    0.0000506  -0.00017846
 197    0.0001711  -0.00056768
 198    0.0004343  -0.00241366
 199    0.0000770  -0.00037152
 200    0.0002324  -0.00084695
 201    0.0005388  -0.00258397
 202    0.0000008  -0.00000478
 203    0.0000008  -0.00000598
 204    0.0000009  -0.00000625
 205    0.0000009  -0.00000684
 206    0.0000004  -0.00000129
 207    0.0000004  -0.00000156
 208    0.0000003  -0.00000058
 209    0.0000574  -0.00016176
 210    0.0000314  -0.00011095
 211    0.0003078  -0.00072881
 212    0.0001414  -0.00039444
 213    0.0002954  -0.00071322
 214    0.0005632  -0.00128627
 215    0.0000948  -0.00031266
 216    0.0000785  -0.00026880
 217    0.0001036  -0.00035761
 218    0.0008222  -0.00239063
 219    0.0000188  -0.00008024
 220    0.0000397  -0.00013968
 221    0.0003310  -0.00108742
 222    0.0000309  -0.00012451
 223    0.0000990  -0.00034901
 224    0.0004131  -0.00156122
 225    0.0000703  -0.00030418
 226    0.0001970  -0.00070359
 227    0.0003877  -0.00195147
 228    0.0000006  -0.00000380
 229    0.0000007  -0.00000536
 230    0.0000008  -0.00001040
 231    0.0000009  -0.00001314
 232    0.0000004  -0.00000149
 233    0.0000004  -0.00000120
 234    0.0000003  -0.00000050
 235    0.0000348  -0.00010756
 236    0.0000289  -0.00010584
 237    0.0002391  -0.00061874
 238    0.0000723  -0.00021011
 239    0.0000997  -0.00030216
 240    0.0004017  -0.00102717
 241    0.0000822  -0.00029325
 242    0.0000455  -0.00015807
 243    0.0000666  -0.00022350
 244    0.0006467  -0.00189918
 245    0.0000112  -0.00005057
 246    0.0000313  -0.00011622
 247    0.0003260  -0.00106931
 248    0.0000230  -0.00010133
 249    0.0000302  -0.00013133
 250    0.0003564  -0.00160605
 251    0.0000647  -0.00028590
 252    0.0001188  -0.00052529
 253    0.0003737  -0.00170358
 254    0.0000006  -0.00000384
 255    0.0000007  -0.00000415
 256    0.0000006  -0.00000390
 257    0.0000008  -0.00001154
 258    0.0000004  -0.00000104
 259    0.0000004  -0.00000149
 260    0.0000003  -0.00000049
 261    0.0000266  -0.00007935
 262    0.0000220  -0.00008063
 263    0.0000936  -0.00028153
 264    0.0000588  -0.00018259
 265    0.0000301  -0.00011313
 266    0.0002740  -0.00071719
 267    0.0000534  -0.00018084
 268    0.0000146  -0.00006668
 269    0.0000509  -0.00017905
 270    0.0004369  -0.00143633
 271    0.0000088  -0.00004182
 272    0.0000130  -0.00006142
 273    0.0001936  -0.00058742
 274    0.0000206  -0.00008595
 275    0.0000261  -0.00011002
 276    0.0003006  -0.00114479
 277    0.0000552  -0.00020726
 278    0.0001097  -0.00061217
 279    0.0002909  -0.00124681
 280    0.0000006  -0.00000374
 281    0.0000007  -0.00000337
 282    0.0000005  -0.00000250
 283    0.0000008  -0.00000515
 284    0.0000004  -0.00000107
 285    0.0000004  -0.00000086
 286    0.0000003  -0.00000039
 287    0.0000195  -0.00006348
 288    0.0000193  -0.00007509
 289    0.0000542  -0.00017255
 290    0.0000516  -0.00016270
 291    0.0000285  -0.00010796
 292    0.0002646  -0.00068055
 293    0.0000490  -0.00017336
 294    0.0000098  -0.00004489
 295    0.0000309  -0.00012466
 296    0.0002810  -0.00085460
 297    0.0000068  -0.00003553
 298    0.0000107  -0.00004891
 299    0.0001546  -0.00049587
 300    0.0000115  -0.00005538
 301    0.0000177  -0.00008545
 302    0.0002413  -0.00096040
 303    0.0000526  -0.00021194
 304    0.0000767  -0.00034480
 305    0.0001931  -0.00079578
 306    0.0000006  -0.00000279
 307    0.0000006  -0.00000326
 308    0.0000005  -0.00000503
 309    0.0000007  -0.00000391
 310    0.0000003  -0.00000091
 311    0.0000004  -0.00000070
 312    0.0000003  -0.00000050
 313    0.0000150  -0.00005227
 314    0.0000114  -0.00004743
 315    0.0000304  -0.00011514
 316    0.0000341  -0.00011681
 317    0.0000259  -0.00009768
 318    0.0000957  -0.00030211
 319    0.0000405  -0.00015131
 320    0.0000086  -0.00003959
 321    0.0000252  -0.00010043
 322    0.0002526  -0.00077313
 323    0.0000041  -0.00002376
 324    0.0000092  -0.00004206
 325    0.0001025  -0.00033284
 326    0.0000100  -0.00004958
 327    0.0000172  -0.00008137
 328    0.0001640  -0.00060032
 329    0.0000515  -0.00020235
 330    0.0000550  -0.00022837
 331    0.0001907  -0.00069994
 332    0.0000006  -0.00000263
 333    0.0000006  -0.00000432
 334    0.0000005  -0.00000223
 335    0.0000006  -0.00000299
 336    0.0000003  -0.00000083
 337    0.0000003  -0.00000084
 338    0.0000002  -0.00000049
 339    0.0000148  -0.00004674
 340    0.0000106  -0.00004280
 341    0.0000273  -0.00010398
 342    0.0000269  -0.00009090
 343    0.0000233  -0.00009187
 344    0.0000743  -0.00023990
 345    0.0000372  -0.00014120
 346    0.0000085  -0.00003962
 347    0.0000228  -0.00009421
 348    0.0001924  -0.00062906
 349    0.0000038  -0.00001855
 350    0.0000075  -0.00003609
 351    0.0000853  -0.00029822
 352    0.0000088  -0.00004281
 353    0.0000109  -0.00005604
 354    0.0001597  -0.00082914
 355    0.0000477  -0.00021859
 356    0.0000409  -0.00021859
 357    0.0001675  -0.00089990
 358    0.0000006  -0.00000443
 359    0.0000005  -0.00000252
 360    0.0000005  -0.00000190
 361    0.0000006  -0.00000299
 362    0.0000003  -0.00000062
 363    0.0000003  -0.00000073
 364    0.0000002  -0.00000055
 365    0.0000120  -0.00004179
 366    0.0000084  -0.00003711
 367    0.0000240  -0.00008775
 368    0.0000140  -0.00005483
 369    0.0000228  -0.00008799
 370    0.0000294  -0.00011543
 371    0.0000358  -0.00013937
 372    0.0000077  -0.00003672
 373    0.0000162  -0.00007198
 374    0.0001459  -0.00046096
 375    0.0000026  -0.00001382
 376    0.0000074  -0.00003460
 377    0.0000714  -0.00024787
 378    0.0000081  -0.00004116
 379    0.0000105  -0.00005439
 380    0.0001428  -0.00052207
 381    0.0000432  -0.00019570
 382    0.0000332  -0.00015017
 383    0.0001603  -0.00101104
 384    0.0000005  -0.00000347
 385    0.0000005  -0.00000196
 386    0.0000005  -0.00000208
 387    0.0000005  -0.00000333
 388    0.0000003  -0.00000085
 389    0.0000003  -0.00000055
 390    0.0000002  -0.00000052
 391    0.0000085  -0.00002010
 392    0.0000076  -0.00003389
 393    0.0000149  -0.00006415
 394    0.0000118  -0.00004617
 395    0.0000164  -0.00007148
 396    0.0000168  -0.00007562
 397    0.0000329  -0.00012882
 398    0.0000043  -0.00002357
 399    0.0000160  -0.00007553
 400    0.0000889  -0.00031643
 401    0.0000022  -0.00001163
 402    0.0000048  -0.00002600
 403    0.0000458  -0.00016743
 404    0.0000068  -0.00003666
 405    0.0000101  -0.00005329
 406    0.0001175  -0.00045711
 407    0.0000414  -0.00019732
 408    0.0000307  -0.00018483
 409    0.0001380  -0.00079201
 410    0.0000004  -0.00000088
 411    0.0000005  -0.00000194
 412    0.0000004  -0.00000087
 413    0.0000005  -0.00000305
 414    0.0000003  -0.00000058
 415    0.0000003  -0.00000059
 416    0.0000002  -0.00000036
 417    0.0000056  -0.00002221
 418    0.0000072  -0.00003309
 419    0.0000124  -0.00005735
 420    0.0000059  -0.00002554
 421    0.0000135  -0.00006005
 422    0.0000138  -0.00006338
 423    0.0000239  -0.00009791
 424    0.0000038  -0.00001859
 425    0.0000101  -0.00004731
 426    0.0000721  -0.00026239
 427    0.0000018  -0.00001000
 428    0.0000039  -0.00001935
 429    0.0000393  -0.00015994
 430    0.0000065  -0.00003511
 431    0.0000094  -0.00006211
 432    0.0001112  -0.00042573
 433    0.0000387  -0.00017856
 434    0.0000298  -0.00024298
 435    0.0001233  -0.00076046
 436    0.0000004  -0.00000123
 437    0.0000005  -0.00000178
 438    0.0000004  -0.00000084
 439    0.0000005  -0.00000371
 440    0.0000003  -0.00000073
 441    0.0000003  -0.00000058
 442    0.0000002  -0.00000028
 443    0.0000048  -0.00001388
 444    0.0000060  -0.00002776
 445    0.0000115  -0.00004969
 446    0.0000054  -0.00002524
 447    0.0000119  -0.00005257
 448    0.0000117  -0.00005387
 449    0.0000221  -0.00008810
 450    0.0000033  -0.00001591
 451    0.0000090  -0.00004350
 452    0.0000473  -0.00017258
 453    0.0000016  -0.00000890
 454    0.0000031  -0.00001634
 455    0.0000325  -0.00013365
 456    0.0000063  -0.00003288
 457    0.0000093  -0.00005138
 458    0.0000882  -0.00033733
 459    0.0000374  -0.00016157
 460    0.0000283  -0.00022382
 461    0.0001097  -0.00091627
 462    0.0000004  -0.00000064
 463    0.0000005  -0.00000157
 464    0.0000004  -0.00000083
 465    0.0000005  -0.00000319
 466    0.0000003  -0.00000052
 467    0.0000003  -0.00000056
 468    0.0000002  -0.00000035
 469    0.0000032  -0.00001119
 470    0.0000044  -0.00002115
 471    0.0000075  -0.00003761
 472    0.0000045  -0.00002176
 473    0.0000100  -0.00004608
 474    0.0000104  -0.00004967
 475    0.0000142  -0.00006664
 476    0.0000024  -0.00001285
 477    0.0000088  -0.00004333
 478    0.0000374  -0.00015040
 479    0.0000016  -0.00000824
 480    0.0000029  -0.00001467
 481    0.0000128  -0.00006500
 482    0.0000061  -0.00003271
 483    0.0000091  -0.00005431
 484    0.0000740  -0.00033408
 485    0.0000369  -0.00017371
 486    0.0000266  -0.00025426
 487    0.0000951  -0.00062591
 488    0.0000004  -0.00000063
 489    0.0000004  -0.00000131
 490    0.0000004  -0.00000078
 491    0.0000005  -0.00000205
 492    0.0000003  -0.00000059
 493    0.0000003  -0.00000047
 494    0.0000002  -0.00000040
 495    0.0000025  -0.00001104
 496    0.0000025  -0.00001165
 497    0.0000048  -0.00002503
 498    0.0000044  -0.00002055
 499    0.0000098  -0.00004547
 500    0.0000086  -0.00004315
 501    0.0000133  -0.00006283
 502    0.0000017  -0.00000941
 503    0.0000060  -0.00003401
 504    0.0000317  -0.00013017
 505    0.0000014  -0.00000678
 506    0.0000024  -0.00001283
 507    0.0000111  -0.00005906
 508    0.0000052  -0.00002889
 509    0.0000088  -0.00004825
 510    0.0000710  -0.00029057
 511    0.0000334  -0.00024218
 512    0.0000256  -0.00023245
 513    0.0000582  -0.00032815
 514    0.0000003  -0.00000056
 515    0.0000004  -0.00000130
 516    0.0000004  -0.00000094
 517    0.0000005  -0.00000188
 518    0.0000003  -0.00000041
 519    0.0000003  -0.00000073
 520    0.0000002  -0.00000030
 521    0.0000023  -0.00000814
 522    0.0000023  -0.00001093
 523    0.0000043  -0.00002347
 524    0.0000043  -0.00001971
 525    0.0000078  -0.00003936
 526    0.0000077  -0.00004181
 527    0.0000098  -0.00004870
 528    0.0000013  -0.00000683
 529    0.0000051  -0.00002782
 530    0.0000162  -0.00007874
 531    0.0000012  -0.00000638
 532    0.0000021  -0.00001142
 533    0.0000096  -0.00005549
 534    0.0000045  -0.00002640
 535    0.0000087  -0.00005314
 536    0.0000582  -0.00025099
 537    0.0000288  -0.00014405
 538    0.0000216  -0.00012016
 539    0.0000426  -0.00017899
 540    0.0000003  -0.00000064
 541    0.0000004  -0.00000126
 542    0.0000004  -0.00000082
 543    0.0000004  -0.00000132
 544    0.0000003  -0.00000048
 545    0.0000003  -0.00000049
 546    0.0000002  -0.00000025
 547    0.0000022  -0.00000922
 548    0.0000023  -0.00001120
 549    0.0000041  -0.00001982
 550    0.0000037  -0.00001527
 551    0.0000071  -0.00003571
 552    0.0000073  -0.00003821
 553    0.0000096  -0.00004716
 554    0.0000012  -0.00000595
 555    0.0000034  -0.00001748
 556    0.0000080  -0.00006692
 557    0.0000012  -0.00000562
 558    0.0000018  -0.00001012
 559    0.0000085  -0.00006912
 560    0.0000043  -0.00002540
 561    0.0000076  -0.00004510
 562    0.0000563  -0.00022468
 563    0.0000277  -0.00020480
 564    0.0000190  -0.00010099
 565    0.0000371  -0.00027458
 566    0.0000003  -0.00000046
 567    0.0000004  -0.00000097
 568    0.0000003  -0.00000085
 569    0.0000004  -0.00000141
 570    0.0000002  -0.00000032
 571    0.0000002  -0.00000039
 572    0.0000002  -0.00000031
 573    0.0000013  -0.00000373
 574    0.0000020  -0.00000922
 575    0.0000039  -0.00001659
 576    0.0000035  -0.00001332
 577    0.0000063  -0.00003329
 578    0.0000062  -0.00003357
 579    0.0000091  -0.00004417
 580    0.0000012  -0.00000545
 581    0.0000031  -0.00001698
 582    0.0000075  -0.00005355
 583    0.0000011  -0.00000451
 584    0.0000017  -0.00000872
 585    0.0000079  -0.00004465
 586    0.0000034  -0.00001690
 587    0.0000073  -0.00004618
 588    0.0000480  -0.00018813
 589    0.0000239  -0.00014590
 590    0.0000145  -0.00012931
 591    0.0000340  -0.00032533
 592    0.0000003  -0.00000046
 593    0.0000003  -0.00000089
 594    0.0000003  -0.00000072
 595    0.0000004  -0.00000120
 596    0.0000002  -0.00000035
 597    0.0000002  -0.00000043
 598    0.0000002  -0.00000020
 599    0.0000007  -0.00000043
 600    0.0000018  -0.00000878
 601    0.0000038  -0.00001708
 602    0.0000030  -0.00001372
 603    0.0000063  -0.00003444
 604    0.0000058  -0.00003173
 605    0.0000083  -0.00004192
 606    0.0000011  -0.00000420
 607    0.0000030  -0.00001612
 608    0.0000048  -0.00002790
 609    0.0000010  -0.00000375
 610    0.0000012  -0.00000568
 611    0.0000054  -0.00003174
 612    0.0000031  -0.00001637
 613    0.0000073  -0.00003971
 614    0.0000254  -0.00014119
 615    0.0000192  -0.00010438
 616    0.0000140  -0.00015357
 617    0.0000238  -0.00033963
 618    0.0000003  -0.00000045
 619    0.0000003  -0.00000071
 620    0.0000003  -0.00000060
 621    0.0000004  -0.00000129
 622    0.0000002  -0.00000020
 623    0.0000002  -0.00000034
 624    0.0000002  -0.00000030
 
----------------
 Final Energies 
----------------
Final NOF Total Energy =    -304.4833886
 
Total Orbital Internal Iterations = 1500
Total Occupation Internal Iterations = 684
 
Elapsed time:  895.48 Seconds

---------------------------------
   Lowdin Population Analysis    
---------------------------------
 Idx  Atom   Population   Charge 
---------------------------------
  1     C     6.313      -0.313
  2     C     6.056      -0.056
  3     C     6.057      -0.057
  4     N     6.705       0.295
  5     N     6.703       0.297
  6     H     1.077      -0.077
  7     H     1.078      -0.078
  8     C     5.835       0.165
  9     C     5.838       0.162
 10     H     1.061      -0.061
 11     H     1.058      -0.058
 12     H     1.049      -0.049
 13     H     1.061      -0.061
 14     H     1.061      -0.061
 15     H     1.049      -0.049

---------------------------------
   M Diagnostic: 0.04
---------------------------------

