2N_C.jld2 not found
2N_n.jld2 not found
Computing Integrals
NVIDIA GeForce RTX 3090
Elapsed time:   15.36 Seconds

Number of basis functions                   (NBF)    = 421
Number of auxiliary basis functions         (NBFAUX) = 463
Inactive Doubly occupied orbitals up to     (NO1)    = 0
No. considered Strongly Doubly occupied MOs (NDOC)   = 21
No. considered Strongly Singly occupied MOs (NSOC)   = 0
NO. of Weakly occ. per St. Doubly occ.  MOs (NCWO)   = 19
Dimension of the Nat. Orb. subspace         (NBF5)   = 420
No. of electrons                                     = 42
    No. of alpha electrons                           = 21
    No. of beta electrons                            = 21
Multiplicity                                         = 1

Geometry
========
 N      -2.4871700       0.1746200      -0.1204500
 H      -1.4936100       0.1249000      -0.3221200
 H      -2.7954900       1.0883700      -0.4234400
 H      -2.9392600      -0.4917100      -0.7308400
 C       0.8901500      -0.0150100      -0.5370200
Cl       1.9304800      -0.1698200      -1.8814100
 C       1.6355800      -0.1305100       0.7280400
 H       2.7276900      -0.1356700       0.7079600
 H       1.2560300       0.6291100       1.4170700
 H       1.2755900      -1.0742900       1.1622200

No violations of the orthonormality
No violations of the orthonormality
 
PNOF9/ADABelief Calculation
==================
 
  Nitext  Nit_orb  Time   Nit_occ  Time         Eelec          Etot           Ediff      maxdiff    MaxGrad_orb  Grad_occ
     1      10    4.3e+01   26    4.2e+01  -667.74739728  -528.12185564 -10666.74739728   5.704838   2.3e+01   1.8e-04 0.00
     2      10    6.0e-01  163    4.4e+01  -697.87220326  -558.24666163   -30.12480599   6.130842   2.5e+01   1.6e-04 0.01
     3      10    5.8e-01    0    2.9e-01  -698.15286233  -558.52732069    -0.28065907   6.130844   2.5e+01   1.6e-04 0.01
     4      30    1.6e+00  109    2.9e+01  -721.30415491  -581.67861327   -23.15129258   0.338139   1.4e+00   2.6e-04 0.02
     5      30    1.7e+00   63    1.7e+01  -727.02199699  -587.39645536    -5.71784208   0.171858   6.9e-01   2.1e-04 0.03
     6      30    1.7e+00   51    1.3e+01  -730.87157445  -591.24603281    -3.84957745   0.135972   5.4e-01   2.2e-04 0.03
     7      30    1.7e+00   51    1.3e+01  -732.23569969  -592.61015805    -1.36412524   0.140247   5.6e-01   2.7e-04 0.03
     8      30    1.7e+00   35    9.0e+00  -733.10940623  -593.48386459    -0.87370654   0.088315   3.5e-01   2.0e-04 0.04
     9      30    1.7e+00   29    7.6e+00  -733.31760382  -593.69206219    -0.20819760   0.076528   3.1e-01   3.0e-04 0.04
    10      30    1.6e+00   27    7.4e+00  -733.36763020  -593.74208856    -0.05002637   0.061901   2.5e-01   2.5e-04 0.04
    11      30    1.7e+00   29    7.4e+00  -733.50290657  -593.87736493    -0.13527637   0.061119   2.4e-01   2.7e-04 0.04
    12      30    1.7e+00   27    7.2e+00  -733.54061574  -593.91507410    -0.03770917   0.051977   2.1e-01   2.0e-04 0.04
    13      30    1.7e+00   33    8.7e+00  -733.65310964  -594.02756800    -0.11249390   0.045695   1.8e-01   2.3e-04 0.04
    14      30    1.7e+00   24    6.6e+00  -733.71121740  -594.08567576    -0.05810776   0.051521   2.1e-01   2.1e-04 0.03
    15      30    1.7e+00   27    7.1e+00  -733.74910740  -594.12356577    -0.03789001   0.056076   2.2e-01   2.2e-04 0.03
    16      30    1.7e+00   20    5.7e+00  -733.80520071  -594.17965907    -0.05609331   0.050709   2.0e-01   2.9e-04 0.03
    17      30    1.6e+00   19    5.1e+00  -733.85326986  -594.22772822    -0.04806915   0.043074   1.7e-01   3.0e-04 0.03
    18      30    1.7e+00   19    5.1e+00  -733.87812196  -594.25258032    -0.02485210   0.030600   1.2e-01   2.5e-04 0.03
    19      30    1.7e+00   14    3.7e+00  -733.92487744  -594.29933580    -0.04675548   0.079154   3.2e-01   3.1e-04 0.03
    20      30    1.7e+00   17    4.6e+00  -733.95355483  -594.32801319    -0.02867739   0.050253   2.0e-01   2.7e-04 0.03
    21      30    1.7e+00   13    3.4e+00  -733.96445652  -594.33891489    -0.01090169   0.034984   1.4e-01   3.1e-04 0.03
    22      30    1.7e+00   10    2.9e+00  -733.96900540  -594.34346376    -0.00454887   0.081801   3.3e-01   3.0e-04 0.03
    23      30    1.7e+00   15    4.0e+00  -733.97652856  -594.35098692    -0.00752316   0.032410   1.3e-01   2.2e-04 0.03
    24      30    1.7e+00    0    2.5e-01  -733.97671079  -594.35116915    -0.00018223   0.032410   1.3e-01   2.2e-04 0.03
    25      50    2.7e+00   10    2.8e+00  -734.01008073  -594.38453909    -0.03336994   0.005997   2.4e-02   2.9e-04 0.03
    26      50    2.8e+00   15    4.1e+00  -734.01067278  -594.38513115    -0.00059206   0.007875   3.1e-02   2.0e-04 0.03
    27      50    2.9e+00    7    2.1e+00  -734.01127030  -594.38572866    -0.00059751   0.007447   3.0e-02   2.6e-04 0.03
    28      50    2.8e+00    9    2.4e+00  -734.01170686  -594.38616523    -0.00043657   0.007607   3.0e-02   3.2e-04 0.03
    29      50    2.8e+00    7    2.0e+00  -734.01227139  -594.38672975    -0.00056452   0.007498   3.0e-02   3.3e-04 0.03
    30      50    2.8e+00   12    3.2e+00  -734.01251783  -594.38697620    -0.00024645   0.007849   3.1e-02   2.3e-04 0.03
    31      50    2.8e+00   12    3.4e+00  -734.01288633  -594.38734470    -0.00036850   0.008409   3.4e-02   2.5e-04 0.03
    32      50    2.9e+00   11    3.1e+00  -734.01303560  -594.38749397    -0.00014927   0.009434   3.8e-02   2.2e-04 0.03
    33      50    2.8e+00    6    1.7e+00  -734.01337778  -594.38783615    -0.00034218   0.010410   4.2e-02   2.4e-04 0.03
    34      50    2.8e+00   11    3.2e+00  -734.01344817  -594.38790654    -0.00007039   0.010439   4.2e-02   2.4e-04 0.03
    35      50    2.8e+00    6    1.8e+00  -734.01381695  -594.38827532    -0.00036878   0.010995   4.4e-02   2.8e-04 0.03
    36      50    2.8e+00   14    3.8e+00  -734.01410653  -594.38856489    -0.00028958   0.010704   4.3e-02   2.2e-04 0.03
    37      50    2.8e+00    6    1.7e+00  -734.01434491  -594.38880327    -0.00023838   0.010686   4.3e-02   2.2e-04 0.03
    38      50    2.8e+00    9    2.6e+00  -734.01458062  -594.38903898    -0.00023571   0.009843   3.9e-02   2.8e-04 0.03
    39      50    2.8e+00    6    1.7e+00  -734.01509140  -594.38954977    -0.00051078   0.009090   3.6e-02   2.7e-04 0.03
    40      50    2.8e+00    9    2.5e+00  -734.01529762  -594.38975598    -0.00020621   0.008989   3.6e-02   2.3e-04 0.03
    41      50    2.8e+00   14    3.6e+00  -734.01568710  -594.39014547    -0.00038949   0.008316   3.3e-02   2.2e-04 0.03
    42      50    2.8e+00    6    1.8e+00  -734.01590383  -594.39036219    -0.00021673   0.007232   2.9e-02   1.7e-04 0.03
    43      50    2.8e+00    9    2.4e+00  -734.01607995  -594.39053831    -0.00017612   0.008250   3.3e-02   1.7e-04 0.03
    44      50    2.8e+00    8    2.3e+00  -734.01621596  -594.39067433    -0.00013601   0.007938   3.2e-02   2.7e-04 0.03
    45      50    2.8e+00    9    2.6e+00  -734.01664464  -594.39110300    -0.00042868   0.006787   2.7e-02   1.9e-04 0.03
    46      50    2.8e+00    6    1.9e+00  -734.01698709  -594.39144545    -0.00034245   0.006718   2.7e-02   2.7e-04 0.03
    47      50    2.8e+00    9    2.6e+00  -734.01728975  -594.39174811    -0.00030266   0.005779   2.3e-02   1.9e-04 0.03
    48      50    2.8e+00    3    9.8e-01  -734.01746119  -594.39191955    -0.00017144   0.005308   2.1e-02   2.5e-04 0.03
    49      50    2.8e+00    3    9.7e-01  -734.01765763  -594.39211599    -0.00019644   0.005444   2.2e-02   2.7e-04 0.03
    50      50    2.8e+00    0    2.6e-01  -734.01771437  -594.39217274    -0.00005675   0.005444   2.2e-02   2.7e-04 0.03
    51      70    3.8e+00   11    3.0e+00  -734.01834943  -594.39280779    -0.00063506   0.001089   4.4e-03   2.3e-04 0.03
    52      70    3.9e+00    3    9.6e-01  -734.01850216  -594.39296053    -0.00015274   0.001323   5.3e-03   1.7e-04 0.03
    53      70    3.8e+00    3    1.1e+00  -734.01856295  -594.39302132    -0.00006079   0.001370   5.5e-03   1.6e-04 0.03
    54      70    3.8e+00    0    2.5e-01  -734.01858764  -594.39304600    -0.00002468   0.001370   5.5e-03   1.6e-04 0.03
    55      48    2.6e+00    1    4.9e-01  -734.01862087  -594.39307923    -0.00003323   0.000641   2.6e-03   2.2e-04 0.03
 
RESULTS OF THE OCCUPATION OPTIMIZATION
========================================
   1    1.9999996  -104.92399597
   2    1.9999943  -15.53906822
   3    1.9999837  -11.29816532
   4    1.9999601  -10.93882084
   5    1.9999631  -10.86550140
   6    1.9999124  -8.18439198
   7    1.9998933  -8.09222317
   8    1.9998056  -8.08781910
   9    1.9883215  -1.12207353
  10    1.9847499  -1.04661155
  11    1.9825620  -0.97327399
  12    1.9836261  -0.81685108
  13    1.9800651  -0.68755484
  14    1.9717508  -0.67284089
  15    1.9758903  -0.63652402
  16    1.9691591  -0.60794932
  17    1.9721179  -0.59039223
  18    1.9689762  -0.56505960
  19    1.9736498  -0.52732450
  20    1.9683703  -0.50779265
  21    1.9654956  -0.44678113
  22    0.0096139  -0.01695812
  23    0.0106529  -0.01807232
  24    0.0086628  -0.01675718
  25    0.0309124  -0.04529525
  26    0.0216866  -0.03039621
  27    0.0102645  -0.01565179
  28    0.0156552  -0.02581138
  29    0.0259349  -0.03264696
  30    0.0071223  -0.02051436
  31    0.0032336  -0.01206311
  32    0.0061723  -0.01903737
  33    0.0113128  -0.02158708
  34    0.0021107  -0.00814690
  35    0.0001753  -0.00585138
  36    0.0000300  -0.00127727
  37    0.0000259  -0.00088292
  38    0.0000067  -0.00007168
  39    0.0000298  -0.00056539
  40    0.0000045  -0.00004594
  41    0.0000009  -0.00005197
  42    0.0000000  -0.00000038
  43    0.0093736  -0.01677379
  44    0.0102746  -0.01731721
  45    0.0085424  -0.01556435
  46    0.0000161  -0.00006200
  47    0.0042754  -0.00736296
  48    0.0096886  -0.01486187
  49    0.0048565  -0.00858700
  50    0.0005440  -0.00126928
  51    0.0031153  -0.00724076
  52    0.0027149  -0.00885585
  53    0.0045439  -0.01623172
  54    0.0009938  -0.00329856
  55    0.0015088  -0.00673798
  56    0.0000035  -0.00004087
  57    0.0000147  -0.00029395
  58    0.0000097  -0.00013707
  59    0.0000058  -0.00005137
  60    0.0000014  -0.00000974
  61    0.0000021  -0.00003017
  62    0.0000004  -0.00000163
  63    0.0000000  -0.00000027
  64    0.0061949  -0.01213365
  65    0.0102579  -0.01752425
  66    0.0062825  -0.01597984
  67    0.0000145  -0.00005641
  68    0.0009097  -0.00200225
  69    0.0036537  -0.00626019
  70    0.0010488  -0.00256388
  71    0.0003721  -0.00095441
  72    0.0030671  -0.00785156
  73    0.0020526  -0.00859293
  74    0.0021765  -0.00900484
  75    0.0004878  -0.00314583
  76    0.0012133  -0.00688966
  77    0.0000023  -0.00001765
  78    0.0000076  -0.00022425
  79    0.0000077  -0.00021593
  80    0.0000051  -0.00006692
  81    0.0000009  -0.00000520
  82    0.0000019  -0.00002112
  83    0.0000004  -0.00000338
  84    0.0000000  -0.00000028
  85    0.0033886  -0.00711495
  86    0.0001581  -0.00043294
  87    0.0006590  -0.00155488
  88    0.0000118  -0.00004892
  89    0.0001736  -0.00042996
  90    0.0034272  -0.00594147
  91    0.0006293  -0.00147437
  92    0.0002835  -0.00071104
  93    0.0017444  -0.00560763
  94    0.0019093  -0.00781606
  95    0.0019531  -0.00885061
  96    0.0004451  -0.00199343
  97    0.0010771  -0.00520287
  98    0.0000019  -0.00001367
  99    0.0000060  -0.00004617
 100    0.0000071  -0.00013619
 101    0.0000029  -0.00021738
 102    0.0000007  -0.00000304
 103    0.0000012  -0.00005234
 104    0.0000003  -0.00000203
 105    0.0000000  -0.00000024
 106    0.0029696  -0.00620658
 107    0.0000626  -0.00017346
 108    0.0006571  -0.00155523
 109    0.0000095  -0.00004212
 110    0.0001196  -0.00032602
 111    0.0023546  -0.00470821
 112    0.0006017  -0.00144907
 113    0.0002249  -0.00059940
 114    0.0013049  -0.00419880
 115    0.0009439  -0.00363525
 116    0.0006980  -0.00338684
 117    0.0003287  -0.00148005
 118    0.0010546  -0.00447016
 119    0.0000017  -0.00001197
 120    0.0000058  -0.00005352
 121    0.0000064  -0.00004834
 122    0.0000021  -0.00001462
 123    0.0000006  -0.00000294
 124    0.0000009  -0.00001904
 125    0.0000003  -0.00000095
 126    0.0000000  -0.00000022
 127    0.0028696  -0.00608475
 128    0.0000390  -0.00012254
 129    0.0006350  -0.00154879
 130    0.0000080  -0.00003459
 131    0.0001020  -0.00027786
 132    0.0011668  -0.00253127
 133    0.0005381  -0.00129250
 134    0.0001682  -0.00048625
 135    0.0009226  -0.00259153
 136    0.0009057  -0.00463169
 137    0.0005757  -0.00180710
 138    0.0002661  -0.00213815
 139    0.0008050  -0.00436709
 140    0.0000013  -0.00000946
 141    0.0000047  -0.00003868
 142    0.0000051  -0.00003999
 143    0.0000020  -0.00001305
 144    0.0000006  -0.00000233
 145    0.0000008  -0.00000296
 146    0.0000003  -0.00000090
 147    0.0000000  -0.00000020
 148    0.0000207  -0.00007238
 149    0.0000315  -0.00010345
 150    0.0006311  -0.00154237
 151    0.0000077  -0.00003698
 152    0.0000897  -0.00027241
 153    0.0000869  -0.00024389
 154    0.0003362  -0.00087757
 155    0.0001376  -0.00039277
 156    0.0009204  -0.00241462
 157    0.0008897  -0.00410985
 158    0.0004634  -0.00178649
 159    0.0002286  -0.00186902
 160    0.0006477  -0.00397301
 161    0.0000013  -0.00000888
 162    0.0000047  -0.00004814
 163    0.0000039  -0.00003066
 164    0.0000013  -0.00001197
 165    0.0000006  -0.00000216
 166    0.0000006  -0.00000191
 167    0.0000003  -0.00000202
 168    0.0000000  -0.00000022
 169    0.0000159  -0.00006058
 170    0.0000295  -0.00010128
 171    0.0000749  -0.00025937
 172    0.0000063  -0.00003094
 173    0.0000760  -0.00023689
 174    0.0000560  -0.00016263
 175    0.0000877  -0.00028888
 176    0.0001076  -0.00029027
 177    0.0004948  -0.00149789
 178    0.0007456  -0.00365140
 179    0.0002436  -0.00110457
 180    0.0001819  -0.00093648
 181    0.0006215  -0.00360697
 182    0.0000011  -0.00000934
 183    0.0000043  -0.00003718
 184    0.0000034  -0.00002783
 185    0.0000013  -0.00001280
 186    0.0000006  -0.00000222
 187    0.0000006  -0.00000195
 188    0.0000003  -0.00000083
 189    0.0000000  -0.00000021
 190    0.0000122  -0.00003687
 191    0.0000237  -0.00008566
 192    0.0000460  -0.00015091
 193    0.0000059  -0.00002841
 194    0.0000621  -0.00018508
 195    0.0000409  -0.00013386
 196    0.0000482  -0.00016620
 197    0.0000751  -0.00024758
 198    0.0003704  -0.00109960
 199    0.0006692  -0.00315942
 200    0.0001776  -0.00085188
 201    0.0001675  -0.00078267
 202    0.0003800  -0.00135088
 203    0.0000009  -0.00000561
 204    0.0000040  -0.00003397
 205    0.0000030  -0.00002621
 206    0.0000011  -0.00000722
 207    0.0000005  -0.00000157
 208    0.0000006  -0.00000167
 209    0.0000003  -0.00000115
 210    0.0000000  -0.00000019
 211    0.0000101  -0.00003693
 212    0.0000165  -0.00006178
 213    0.0000351  -0.00012863
 214    0.0000052  -0.00002061
 215    0.0000617  -0.00018319
 216    0.0000324  -0.00011584
 217    0.0000460  -0.00016301
 218    0.0000614  -0.00019423
 219    0.0003182  -0.00098033
 220    0.0005819  -0.00176576
 221    0.0000973  -0.00036777
 222    0.0001285  -0.00042394
 223    0.0003614  -0.00226169
 224    0.0000008  -0.00000409
 225    0.0000035  -0.00002958
 226    0.0000024  -0.00014645
 227    0.0000010  -0.00000822
 228    0.0000005  -0.00000149
 229    0.0000005  -0.00000156
 230    0.0000003  -0.00000083
 231    0.0000000  -0.00000013
 232    0.0000075  -0.00003032
 233    0.0000146  -0.00005666
 234    0.0000311  -0.00011665
 235    0.0000044  -0.00001806
 236    0.0000560  -0.00017365
 237    0.0000228  -0.00008582
 238    0.0000431  -0.00015535
 239    0.0000565  -0.00017250
 240    0.0002541  -0.00082626
 241    0.0002993  -0.00112641
 242    0.0000626  -0.00023432
 243    0.0001127  -0.00033901
 244    0.0003232  -0.00120130
 245    0.0000007  -0.00000372
 246    0.0000035  -0.00003017
 247    0.0000023  -0.00001837
 248    0.0000010  -0.00001314
 249    0.0000005  -0.00000129
 250    0.0000005  -0.00000118
 251    0.0000003  -0.00000097
 252    0.0000000  -0.00000013
 253    0.0000053  -0.00001948
 254    0.0000129  -0.00005511
 255    0.0000236  -0.00009911
 256    0.0000039  -0.00001503
 257    0.0000519  -0.00016194
 258    0.0000173  -0.00006608
 259    0.0000407  -0.00014870
 260    0.0000529  -0.00017389
 261    0.0001223  -0.00040875
 262    0.0002828  -0.00102465
 263    0.0000576  -0.00021775
 264    0.0001044  -0.00036169
 265    0.0002926  -0.00099984
 266    0.0000007  -0.00000349
 267    0.0000032  -0.00002690
 268    0.0000021  -0.00001373
 269    0.0000010  -0.00000664
 270    0.0000005  -0.00000165
 271    0.0000004  -0.00000102
 272    0.0000003  -0.00000091
 273    0.0000000  -0.00000012
 274    0.0000049  -0.00001783
 275    0.0000107  -0.00003600
 276    0.0000190  -0.00008024
 277    0.0000037  -0.00001548
 278    0.0000460  -0.00014654
 279    0.0000111  -0.00004684
 280    0.0000359  -0.00013436
 281    0.0000450  -0.00014532
 282    0.0000592  -0.00020747
 283    0.0002580  -0.00101250
 284    0.0000531  -0.00020980
 285    0.0001023  -0.00034338
 286    0.0002676  -0.00218234
 287    0.0000007  -0.00000330
 288    0.0000029  -0.00002248
 289    0.0000018  -0.00001159
 290    0.0000009  -0.00000446
 291    0.0000004  -0.00000137
 292    0.0000004  -0.00000084
 293    0.0000003  -0.00000093
 294    0.0000000  -0.00000011
 295    0.0000044  -0.00001582
 296    0.0000090  -0.00004038
 297    0.0000110  -0.00005276
 298    0.0000033  -0.00001087
 299    0.0000431  -0.00013888
 300    0.0000049  -0.00002403
 301    0.0000341  -0.00012856
 302    0.0000422  -0.00013925
 303    0.0000346  -0.00013810
 304    0.0002274  -0.00092540
 305    0.0000439  -0.00018459
 306    0.0000821  -0.00037351
 307    0.0002413  -0.00249791
 308    0.0000006  -0.00000233
 309    0.0000026  -0.00013560
 310    0.0000017  -0.00000970
 311    0.0000009  -0.00000392
 312    0.0000004  -0.00000128
 313    0.0000003  -0.00000076
 314    0.0000002  -0.00000063
 315    0.0000000  -0.00000012
 316    0.0000039  -0.00001125
 317    0.0000081  -0.00003879
 318    0.0000093  -0.00004688
 319    0.0000030  -0.00000970
 320    0.0000338  -0.00011957
 321    0.0000044  -0.00001827
 322    0.0000296  -0.00011971
 323    0.0000410  -0.00013744
 324    0.0000287  -0.00012323
 325    0.0001899  -0.00094570
 326    0.0000291  -0.00013889
 327    0.0000748  -0.00032455
 328    0.0002094  -0.00125530
 329    0.0000005  -0.00000109
 330    0.0000024  -0.00002108
 331    0.0000015  -0.00000869
 332    0.0000008  -0.00000381
 333    0.0000004  -0.00000128
 334    0.0000003  -0.00000119
 335    0.0000002  -0.00000062
 336    0.0000000  -0.00000011
 337    0.0000035  -0.00000923
 338    0.0000076  -0.00003375
 339    0.0000084  -0.00004342
 340    0.0000024  -0.00000697
 341    0.0000307  -0.00011045
 342    0.0000039  -0.00001577
 343    0.0000274  -0.00010780
 344    0.0000383  -0.00013253
 345    0.0000184  -0.00008127
 346    0.0001872  -0.00092718
 347    0.0000273  -0.00013013
 348    0.0000644  -0.00022673
 349    0.0002042  -0.00155397
 350    0.0000004  -0.00000101
 351    0.0000021  -0.00001636
 352    0.0000013  -0.00001401
 353    0.0000008  -0.00000328
 354    0.0000004  -0.00000127
 355    0.0000002  -0.00000070
 356    0.0000002  -0.00000101
 357    0.0000000  -0.00000013
 358    0.0000033  -0.00000827
 359    0.0000073  -0.00003415
 360    0.0000083  -0.00004276
 361    0.0000021  -0.00000506
 362    0.0000242  -0.00009350
 363    0.0000020  -0.00000492
 364    0.0000195  -0.00008420
 365    0.0000354  -0.00012719
 366    0.0000144  -0.00007487
 367    0.0001457  -0.00069430
 368    0.0000244  -0.00011952
 369    0.0000625  -0.00024499
 370    0.0001637  -0.00085008
 371    0.0000004  -0.00000095
 372    0.0000021  -0.00001558
 373    0.0000010  -0.00000721
 374    0.0000008  -0.00000331
 375    0.0000004  -0.00000103
 376    0.0000002  -0.00000064
 377    0.0000002  -0.00000051
 378    0.0000000  -0.00000009
 379    0.0000023  -0.00000409
 380    0.0000068  -0.00003175
 381    0.0000075  -0.00003900
 382    0.0000021  -0.00000499
 383    0.0000215  -0.00008207
 384    0.0000015  -0.00000272
 385    0.0000171  -0.00007519
 386    0.0000183  -0.00008284
 387    0.0000123  -0.00006177
 388    0.0000749  -0.00033366
 389    0.0000211  -0.00010415
 390    0.0000548  -0.00020123
 391    0.0001110  -0.00039017
 392    0.0000002  -0.00000062
 393    0.0000016  -0.00001037
 394    0.0000008  -0.00000249
 395    0.0000007  -0.00000228
 396    0.0000004  -0.00000110
 397    0.0000002  -0.00000066
 398    0.0000002  -0.00000062
 399    0.0000000  -0.00000009
 400    0.0000004  -0.00000016
 401    0.0000065  -0.00003155
 402    0.0000062  -0.00003408
 403    0.0000017  -0.00000260
 404    0.0000185  -0.00007188
 405    0.0000014  -0.00000145
 406    0.0000147  -0.00006580
 407    0.0000104  -0.00004832
 408    0.0000107  -0.00005663
 409    0.0000623  -0.00024813
 410    0.0000174  -0.00008976
 411    0.0000513  -0.00019599
 412    0.0000854  -0.00044263
 413    0.0000002  -0.00000054
 414    0.0000011  -0.00000588
 415    0.0000005  -0.00000112
 416    0.0000006  -0.00000171
 417    0.0000004  -0.00000094
 418    0.0000001  -0.00000050
 419    0.0000002  -0.00000051
 420    0.0000000  -0.00000008
 
----------------
 Final Energies 
----------------
Final NOF Total Energy =    -594.3930792
 
Total Orbital Internal Iterations = 2288
Total Occupation Internal Iterations = 1056
 
Elapsed time:  545.55 Seconds

---------------------------------
   Lowdin Population Analysis    
---------------------------------
 Idx  Atom   Population   Charge 
---------------------------------
  1     N     6.418       0.582
  2     H     1.225      -0.225
  3     H     1.197      -0.197
  4     H     1.199      -0.199
  5     C     6.383      -0.383
  6    Cl    16.519       0.481
  7     C     5.911       0.089
  8     H     1.070      -0.070
  9     H     1.045      -0.045
 10     H     1.033      -0.033

---------------------------------
   M Diagnostic: 0.03
---------------------------------

