EA_p_C.jld2 not found
EA_p_n.jld2 not found
Computing Integrals
NVIDIA GeForce RTX 3090
Elapsed time:    6.42 Seconds

Number of basis functions                   (NBF)    = 70
Number of auxiliary basis functions         (NBFAUX) = 128
Inactive Doubly occupied orbitals up to     (NO1)    = 0
No. considered Strongly Doubly occupied MOs (NDOC)   = 6
No. considered Strongly Singly occupied MOs (NSOC)   = 3
NO. of Weakly occ. per St. Doubly occ.  MOs (NCWO)   = 10
Dimension of the Nat. Orb. subspace         (NBF5)   = 69
No. of electrons                                     = 15
    No. of alpha electrons                           = 9
    No. of beta electrons                            = 6
Multiplicity                                         = 4

Geometry
========
 P       0.0000000       0.0000000       0.0000000

No violations of the orthonormality
No violations of the orthonormality
 
PNOF9/ADABelief Calculation
==================
 
  Nitext  Nit_orb  Time   Nit_occ  Time         Eelec          Etot           Ediff      maxdiff    MaxGrad_orb  Grad_occ
     1      10    4.2e+01   17    3.5e+01  -333.76899383  -333.76899383 -10332.76899383   1.228213   4.9e+00   1.1e-04 0.00
     2      10    9.8e-02   45    2.1e-01  -337.66930645  -337.66930645    -3.90031263   0.537323   2.1e+00   1.9e-04 0.00
     3      10    6.3e-02   29    1.7e-01  -338.62515888  -338.62515888    -0.95585242   0.529866   2.1e+00   2.0e-04 0.01
     4      10    6.2e-02   23    6.8e-02  -338.70307336  -338.70307336    -0.07791448   0.462984   1.9e+00   2.0e-04 0.01
     5      10    6.6e-02   25    7.5e-02  -339.28443296  -339.28443296    -0.58135960   0.452459   1.8e+00   1.3e-04 0.01
     6      10    6.5e-02   12    4.1e-02  -339.62088447  -339.62088447    -0.33645151   0.292218   1.2e+00   2.4e-04 0.02
     7      10    6.1e-02   21    7.5e-02  -339.96013265  -339.96013265    -0.33924818   0.324845   1.3e+00   2.5e-04 0.02
     8      10    6.0e-02   29    9.5e-02  -340.26436342  -340.26436342    -0.30423078   0.508427   2.0e+00   1.4e-04 0.02
     9      10    6.1e-02   24    1.8e-01  -340.48830123  -340.48830123    -0.22393780   0.456035   1.8e+00   1.9e-04 0.02
    10      10    6.1e-02    0    3.4e-03  -340.48907523  -340.48907523    -0.00077400   0.456037   1.8e+00   1.9e-04 0.02
    11      30    1.7e-01   12    4.9e-02  -340.94622402  -340.94622402    -0.45714879   0.081610   3.3e-01   2.0e-04 0.02
    12      30    1.7e-01   18    5.8e-02  -341.02880644  -341.02880644    -0.08258242   0.045595   1.8e-01   2.2e-04 0.02
    13      30    1.7e-01   13    4.4e-02  -341.05553427  -341.05553427    -0.02672783   0.021284   8.5e-02   2.0e-04 0.02
    14      30    1.8e-01   12    3.7e-02  -341.06467244  -341.06467244    -0.00913818   0.019133   7.7e-02   2.0e-04 0.02
    15      30    1.6e-01   10    4.3e-02  -341.06679952  -341.06679952    -0.00212708   0.020608   8.2e-02   1.9e-04 0.02
    16      30    1.7e-01    8    3.4e-02  -341.06778214  -341.06778214    -0.00098262   0.019817   7.9e-02   2.0e-04 0.02
    17      30    1.7e-01    6    2.8e-02  -341.06821923  -341.06821923    -0.00043709   0.017203   6.9e-02   2.1e-04 0.02
    18      30    1.8e-01    7    2.3e-02  -341.06838797  -341.06838797    -0.00016874   0.019764   7.9e-02   1.8e-04 0.02
    19      30    1.6e-01    0    2.7e-03  -341.06843691  -341.06843691    -0.00004894   0.019764   7.9e-02   1.8e-04 0.02
    20      50    2.9e-01   12    4.6e-02  -341.07017841  -341.07017841    -0.00174150   0.001606   6.4e-03   1.1e-04 0.02
    21      50    2.9e-01    3    9.1e-03  -341.07026067  -341.07026067    -0.00008227   0.003828   1.5e-02   1.1e-04 0.02
    22      50    2.8e-01    1    5.1e-03  -341.07028574  -341.07028574    -0.00002506   0.004547   1.8e-02   1.4e-04 0.02
    23      50    2.8e-01    3    9.1e-03  -341.07034318  -341.07034318    -0.00005744   0.002825   1.1e-02   8.7e-05 0.02
    24      50    2.7e-01    3    2.6e-02  -341.07034453  -341.07034453    -0.00000135   0.003656   1.5e-02   8.4e-05 0.02
    25      50    2.7e-01    3    2.4e-02  -341.07038504  -341.07038504    -0.00004051   0.002572   1.0e-02   6.7e-05 0.02
    26      50    2.8e-01    0    3.1e-03  -341.07039337  -341.07039337    -0.00000833   0.004587   1.8e-02   1.6e-04 0.02
    27      60    3.3e-01    3    5.4e-02  -341.07040932  -341.07040932    -0.00001595   0.002334   9.3e-03   7.7e-05 0.02
    28      60    4.1e-01    0    3.1e-03  -341.07041807  -341.07041807    -0.00000874   0.003321   1.3e-02   1.2e-04 0.02
    29      70    3.9e-01    0    3.1e-03  -341.07043509  -341.07043509    -0.00001702   0.003225   1.3e-02   1.3e-04 0.02
    30      80    4.4e-01    0    3.3e-03  -341.07046795  -341.07046795    -0.00003286   0.000815   3.3e-03   1.3e-04 0.02
 
RESULTS OF THE OCCUPATION OPTIMIZATION
========================================
   1    1.9999984  -80.02788544
   2    1.9989718  -7.54117107
   3    1.9964549  -5.42508411
   4    1.9957249  -5.42440510
   5    1.9947732  -5.42134762
   6    1.9680762  -0.71794522
   7    1.0000000  -0.20885418
   8    1.0000000  -0.20877460
   9    1.0000000  -0.20865175
  10    0.0061088  -0.01665992
  11    0.0032928  -0.03210983
  12    0.0027867  -0.02340715
  13    0.0028839  -0.02370703
  14    0.0008948  -0.00711232
  15    0.0000004  -0.00000903
  16    0.0046520  -0.00884864
  17    0.0009152  -0.00710673
  18    0.0007378  -0.00853881
  19    0.0002932  -0.00304478
  20    0.0000567  -0.00112419
  21    0.0000003  -0.00000698
  22    0.0046313  -0.00883411
  23    0.0008808  -0.00693787
  24    0.0002921  -0.00650336
  25    0.0000680  -0.00040941
  26    0.0000266  -0.00020172
  27    0.0000002  -0.00000409
  28    0.0046059  -0.00877649
  29    0.0000514  -0.00036650
  30    0.0002805  -0.00295898
  31    0.0000674  -0.00045093
  32    0.0000139  -0.00061652
  33    0.0000001  -0.00000327
  34    0.0042842  -0.00935166
  35    0.0000305  -0.00021068
  36    0.0000640  -0.00039794
  37    0.0000660  -0.00043851
  38    0.0000111  -0.00006998
  39    0.0000001  -0.00000284
  40    0.0042700  -0.00933768
  41    0.0000248  -0.00019521
  42    0.0000611  -0.00038967
  43    0.0000604  -0.00137977
  44    0.0000069  -0.00005712
  45    0.0000001  -0.00000279
  46    0.0014125  -0.00489862
  47    0.0000096  -0.00006548
  48    0.0000314  -0.00021558
  49    0.0000505  -0.00039892
  50    0.0000063  -0.00003671
  51    0.0000001  -0.00000266
  52    0.0014069  -0.00488926
  53    0.0000089  -0.00006320
  54    0.0000096  -0.00006600
  55    0.0000345  -0.00022296
  56    0.0000045  -0.00003290
  57    0.0000001  -0.00000267
  58    0.0002761  -0.00060532
  59    0.0000086  -0.00006252
  60    0.0000069  -0.00005717
  61    0.0000121  -0.00024729
  62    0.0000039  -0.00051879
  63    0.0000001  -0.00000148
  64    0.0002761  -0.00060503
  65    0.0000040  -0.00002527
  66    0.0000049  -0.00003183
  67    0.0000091  -0.00006430
  68    0.0000036  -0.00003440
  69    0.0000001  -0.00000140
 
----------------
 Final Energies 
----------------
Final NOF Total Energy =    -341.0704679
 
Total Orbital Internal Iterations = 990
Total Occupation Internal Iterations = 339
 
Elapsed time:  112.01 Seconds

---------------------------------
   Lowdin Population Analysis    
---------------------------------
 Idx  Atom   Population   Charge 
---------------------------------
  1     P    15.000       0.000

---------------------------------
   M Diagnostic: 0.02
---------------------------------

