teh2_h2s_C.jld2 not found
teh2_h2s_n.jld2 not found
Computing Integrals
NVIDIA GeForce RTX 3090
Elapsed time:   11.13 Seconds

Number of basis functions                   (NBF)    = 272
Number of auxiliary basis functions         (NBFAUX) = 418
Inactive Doubly occupied orbitals up to     (NO1)    = 0
No. considered Strongly Doubly occupied MOs (NDOC)   = 36
No. considered Strongly Singly occupied MOs (NSOC)   = 0
NO. of Weakly occ. per St. Doubly occ.  MOs (NCWO)   = 6
Dimension of the Nat. Orb. subspace         (NBF5)   = 252
No. of electrons                                     = 72
    No. of alpha electrons                           = 36
    No. of beta electrons                            = 36
Multiplicity                                         = 1

Geometry
========
Te       0.0000000       0.0000000       1.9751700
 H      -1.1532200       0.0000000       3.1332300
 H       1.1532200       0.0000000       3.1332300
 H       0.9602500       0.0000000      -3.0551700
 S       0.0000000       0.0000000      -2.1312900
 H      -0.9602500       0.0000000      -3.0551700

No violations of the orthonormality
No violations of the orthonormality
 
PNOF9/ADABelief Calculation
==================
 
  Nitext  Nit_orb  Time   Nit_occ  Time         Eelec          Etot           Ediff      maxdiff    MaxGrad_orb  Grad_occ
     1      10    4.2e+01   16    3.6e+01 -2804.86269827 -2636.53943226 -12803.86269827   3.749786   1.5e+01   2.2e-04 0.00
     2      10    2.6e-01   54    4.8e+00 -2813.48994139 -2645.16667538    -8.62724312  13.221354   5.3e+01   1.6e-04 0.00
     3      10    2.5e-01   52    4.3e+00 -2828.32860176 -2660.00533575   -14.83866037   3.216817   1.3e+01   2.6e-04 0.01
     4      10    2.4e-01    0    6.8e-02 -2828.45253895 -2660.12927294    -0.12393719   3.216824   1.3e+01   2.6e-04 0.01
     5      30    7.1e-01   67    5.0e+00 -2850.47710303 -2682.15383702   -22.02456408   0.247074   9.9e-01   2.0e-04 0.02
     6      30    7.2e-01   41    3.1e+00 -2856.02601646 -2687.70275045    -5.54891343   0.147786   5.9e-01   2.6e-04 0.03
     7      30    6.9e-01   36    2.7e+00 -2858.30493954 -2689.98167352    -2.27892308   0.094712   3.8e-01   2.6e-04 0.03
     8      30    7.2e-01   31    2.3e+00 -2858.90261237 -2690.57934636    -0.59767284   0.075750   3.0e-01   2.3e-04 0.03
     9      30    8.0e-01   25    1.7e+00 -2859.16458281 -2690.84131679    -0.26197043   0.077418   3.1e-01   2.1e-04 0.03
    10      30    7.7e-01   30    2.2e+00 -2859.25490977 -2690.93164375    -0.09032696   0.074044   3.0e-01   1.7e-04 0.03
    11      30    7.3e-01   20    1.6e+00 -2859.36619325 -2691.04292724    -0.11128348   0.069704   2.8e-01   2.3e-04 0.03
    12      30    6.8e-01   14    1.1e+00 -2859.45419094 -2691.13092492    -0.08799768   0.057834   2.3e-01   2.8e-04 0.03
    13      30    8.0e-01   17    1.3e+00 -2859.50470365 -2691.18143763    -0.05051271   0.067821   2.7e-01   2.6e-04 0.03
    14      30    6.8e-01   20    1.5e+00 -2859.61939976 -2691.29613374    -0.11469611   0.090890   3.6e-01   1.9e-04 0.03
    15      30    8.0e-01   10    7.5e-01 -2859.70679601 -2691.38353000    -0.08739626   0.094436   3.8e-01   3.1e-04 0.03
    16      30    6.8e-01   15    1.1e+00 -2859.78299974 -2691.45973373    -0.07620373   0.086643   3.5e-01   2.3e-04 0.03
    17      30    6.8e-01   11    8.6e-01 -2859.84682112 -2691.52355511    -0.06382138   0.061686   2.5e-01   2.3e-04 0.03
    18      30    6.8e-01   10    8.9e-01 -2859.89748961 -2691.57422359    -0.05066848   0.041694   1.7e-01   2.4e-04 0.03
    19      30    6.8e-01   10    8.7e-01 -2859.92197636 -2691.59871035    -0.02448675   0.043013   1.7e-01   2.4e-04 0.03
    20      30    6.8e-01    0    6.3e-02 -2859.92246042 -2691.59919440    -0.00048406   0.043013   1.7e-01   2.4e-04 0.03
    21      50    1.3e+00    7    6.1e-01 -2859.97854452 -2691.65527851    -0.05608411   0.021453   8.6e-02   3.1e-04 0.03
    22      50    1.2e+00   10    7.6e-01 -2859.98448145 -2691.66121544    -0.00593692   0.010202   4.1e-02   2.3e-04 0.03
    23      50    1.1e+00   10    8.7e-01 -2859.98767402 -2691.66440801    -0.00319257   0.011248   4.5e-02   1.5e-04 0.03
    24      50    1.2e+00    7    4.8e-01 -2859.98919497 -2691.66592896    -0.00152095   0.005537   2.2e-02   2.6e-04 0.03
    25      50    1.2e+00    7    5.9e-01 -2859.98929325 -2691.66602724    -0.00009828   0.005994   2.4e-02   2.4e-04 0.03
    26      50    1.2e+00    7    5.8e-01 -2859.99054771 -2691.66728170    -0.00125446   0.007891   3.2e-02   2.4e-04 0.03
    27      50    1.2e+00    0    6.7e-02 -2859.99070662 -2691.66744060    -0.00015890   0.007891   3.2e-02   2.4e-04 0.03
    28      70    1.6e+00    3    3.5e-01 -2859.99189395 -2691.66862793    -0.00118733   0.001316   5.3e-03   2.4e-04 0.03
    29      70    1.6e+00    3    3.4e-01 -2859.99315949 -2691.66989347    -0.00126554   0.001859   7.4e-03   2.6e-04 0.03
    30      70    1.7e+00    0    6.8e-02 -2859.99311580 -2691.66984978     0.00004369   0.001859   7.4e-03   2.6e-04 0.03
    31      90    2.0e+00    3    2.5e-01 -2859.99115596 -2691.66788995     0.00195984   0.000454   1.8e-03   1.9e-04 0.03
 
RESULTS OF THE OCCUPATION OPTIMIZATION
========================================
   1    1.9999999  -104.23528290
   2    1.9999998  -88.27362061
   3    1.9999994  -86.29912567
   4    1.9999997  -73.81432343
   5    1.9999997  -62.42375183
   6    1.9999984  -26.56240082
   7    1.9999957  -11.09118080
   8    1.9999880  -9.99718380
   9    1.9999929  -9.85353088
  10    1.9999815  -9.77499866
  11    1.9999825  -9.75965405
  12    1.9999837  -9.73594570
  13    1.9999803  -9.71918964
  14    1.9999844  -9.71130943
  15    1.9991043  -5.65070677
  16    1.9995206  -5.49477625
  17    1.9995105  -5.49265575
  18    1.9997663  -5.45847130
  19    1.9998155  -5.41547394
  20    1.9990748  -5.34879255
  21    1.9997850  -5.30707884
  22    1.9997089  -4.96108341
  23    1.9994356  -4.68523121
  24    1.9994886  -4.60001993
  25    1.9996542  -4.24446201
  26    1.9990294  -4.02768087
  27    1.9840560  -0.97233427
  28    1.9827666  -0.96903384
  29    1.9752666  -0.92194450
  30    1.9792065  -0.87965250
  31    1.9791589  -0.75029999
  32    1.9744445  -0.58079606
  33    1.9703876  -0.57419777
  34    1.9694212  -0.41233248
  35    1.9623125  -0.36051610
  36    1.9624541  -0.35412487
  37    0.0185857  -0.02543174
  38    0.0170602  -0.02439840
  39    0.0081149  -0.01695820
  40    0.0154434  -0.02812601
  41    0.0185705  -0.03152858
  42    0.0083051  -0.01722671
  43    0.0056154  -0.01194726
  44    0.0202874  -0.02836664
  45    0.0056063  -0.01849387
  46    0.0058770  -0.01851477
  47    0.0004673  -0.00278402
  48    0.0001004  -0.00044599
  49    0.0001549  -0.00090152
  50    0.0001377  -0.00092152
  51    0.0001233  -0.00068690
  52    0.0000901  -0.00096248
  53    0.0006189  -0.01003082
  54    0.0000560  -0.00030481
  55    0.0001280  -0.00094222
  56    0.0004135  -0.00643255
  57    0.0004116  -0.00613167
  58    0.0007657  -0.01099843
  59    0.0000038  -0.00003848
  60    0.0000051  -0.00016193
  61    0.0000058  -0.00004869
  62    0.0000045  -0.00012726
  63    0.0000054  -0.00013100
  64    0.0000016  -0.00001030
  65    0.0000040  -0.00012674
  66    0.0000008  -0.00000546
  67    0.0000003  -0.00000319
  68    0.0000001  -0.00000099
  69    0.0000001  -0.00000100
  70    0.0000001  -0.00000157
  71    0.0000000  -0.00000044
  72    0.0000000  -0.00000037
  73    0.0172125  -0.02221040
  74    0.0155693  -0.02091628
  75    0.0074138  -0.01381768
  76    0.0063082  -0.01175296
  77    0.0021525  -0.00736362
  78    0.0046705  -0.01085838
  79    0.0050613  -0.01161646
  80    0.0012221  -0.00350540
  81    0.0041853  -0.01157553
  82    0.0033493  -0.01102048
  83    0.0003209  -0.00172918
  84    0.0000909  -0.00042591
  85    0.0001199  -0.00125779
  86    0.0001322  -0.00076974
  87    0.0000933  -0.00072275
  88    0.0000422  -0.00022532
  89    0.0001227  -0.00103150
  90    0.0000451  -0.00023717
  91    0.0000296  -0.00015842
  92    0.0000206  -0.00037927
  93    0.0000188  -0.00053458
  94    0.0000451  -0.00068390
  95    0.0000032  -0.00002831
  96    0.0000046  -0.00004807
  97    0.0000033  -0.00003323
  98    0.0000031  -0.00002818
  99    0.0000037  -0.00003977
 100    0.0000013  -0.00000853
 101    0.0000021  -0.00001638
 102    0.0000007  -0.00000531
 103    0.0000003  -0.00000314
 104    0.0000001  -0.00000090
 105    0.0000001  -0.00000088
 106    0.0000001  -0.00000172
 107    0.0000000  -0.00000047
 108    0.0000000  -0.00000040
 109    0.0007061  -0.00134987
 110    0.0040127  -0.00687841
 111    0.0070479  -0.01279627
 112    0.0048767  -0.01099791
 113    0.0021515  -0.00733689
 114    0.0042691  -0.01045061
 115    0.0044695  -0.01103531
 116    0.0011634  -0.00312235
 117    0.0028401  -0.01108071
 118    0.0025760  -0.00998193
 119    0.0000784  -0.00042204
 120    0.0000741  -0.00037569
 121    0.0000896  -0.00046736
 122    0.0001160  -0.00090019
 123    0.0000248  -0.00013304
 124    0.0000317  -0.00016162
 125    0.0000681  -0.00042110
 126    0.0000355  -0.00016815
 127    0.0000243  -0.00013239
 128    0.0000192  -0.00010775
 129    0.0000146  -0.00008658
 130    0.0000250  -0.00016973
 131    0.0000027  -0.00010425
 132    0.0000035  -0.00003397
 133    0.0000025  -0.00009908
 134    0.0000029  -0.00003437
 135    0.0000032  -0.00002986
 136    0.0000012  -0.00000590
 137    0.0000017  -0.00001288
 138    0.0000007  -0.00000503
 139    0.0000003  -0.00000302
 140    0.0000001  -0.00000090
 141    0.0000001  -0.00000088
 142    0.0000001  -0.00000161
 143    0.0000000  -0.00000042
 144    0.0000000  -0.00000037
 145    0.0004412  -0.00083894
 146    0.0004471  -0.00091978
 147    0.0067255  -0.01396159
 148    0.0020082  -0.00623980
 149    0.0011652  -0.00267289
 150    0.0014859  -0.00516390
 151    0.0043476  -0.01096115
 152    0.0008274  -0.00189376
 153    0.0022639  -0.00878247
 154    0.0017844  -0.00866533
 155    0.0000660  -0.00035569
 156    0.0000356  -0.00016789
 157    0.0000764  -0.00040703
 158    0.0000999  -0.00112154
 159    0.0000188  -0.00011136
 160    0.0000246  -0.00013279
 161    0.0000638  -0.00038399
 162    0.0000185  -0.00013529
 163    0.0000210  -0.00013853
 164    0.0000129  -0.00007349
 165    0.0000135  -0.00007780
 166    0.0000237  -0.00014533
 167    0.0000021  -0.00001661
 168    0.0000030  -0.00002606
 169    0.0000017  -0.00001277
 170    0.0000024  -0.00005392
 171    0.0000023  -0.00002773
 172    0.0000012  -0.00000691
 173    0.0000015  -0.00000989
 174    0.0000007  -0.00000461
 175    0.0000003  -0.00000275
 176    0.0000001  -0.00000081
 177    0.0000001  -0.00000088
 178    0.0000001  -0.00000158
 179    0.0000000  -0.00000040
 180    0.0000000  -0.00000040
 181    0.0003154  -0.00065830
 182    0.0003412  -0.00069788
 183    0.0006785  -0.00157324
 184    0.0006875  -0.00155262
 185    0.0009754  -0.00211053
 186    0.0011425  -0.00409226
 187    0.0006730  -0.00184135
 188    0.0007529  -0.00170931
 189    0.0014598  -0.00629879
 190    0.0015026  -0.00634480
 191    0.0000235  -0.00013243
 192    0.0000232  -0.00012246
 193    0.0000380  -0.00018245
 194    0.0000477  -0.00026528
 195    0.0000159  -0.00009322
 196    0.0000195  -0.00010550
 197    0.0000342  -0.00017970
 198    0.0000162  -0.00009368
 199    0.0000197  -0.00010868
 200    0.0000120  -0.00007960
 201    0.0000127  -0.00007413
 202    0.0000214  -0.00013283
 203    0.0000020  -0.00001545
 204    0.0000019  -0.00001397
 205    0.0000016  -0.00001037
 206    0.0000023  -0.00001872
 207    0.0000020  -0.00001481
 208    0.0000009  -0.00000610
 209    0.0000015  -0.00000918
 210    0.0000007  -0.00000420
 211    0.0000002  -0.00000264
 212    0.0000000  -0.00000073
 213    0.0000001  -0.00000092
 214    0.0000001  -0.00000155
 215    0.0000000  -0.00000043
 216    0.0000000  -0.00000034
 217    0.0002850  -0.00053743
 218    0.0002569  -0.00051001
 219    0.0005983  -0.00140790
 220    0.0002884  -0.00078190
 221    0.0005403  -0.00117427
 222    0.0009681  -0.00350818
 223    0.0006267  -0.00186840
 224    0.0004803  -0.00114576
 225    0.0008780  -0.00307754
 226    0.0008547  -0.00288909
 227    0.0000145  -0.00008799
 228    0.0000217  -0.00012069
 229    0.0000326  -0.00016227
 230    0.0000309  -0.00016064
 231    0.0000151  -0.00008694
 232    0.0000069  -0.00010944
 233    0.0000176  -0.00010164
 234    0.0000132  -0.00009482
 235    0.0000110  -0.00007195
 236    0.0000113  -0.00006921
 237    0.0000082  -0.00006609
 238    0.0000146  -0.00008795
 239    0.0000019  -0.00001533
 240    0.0000016  -0.00000987
 241    0.0000014  -0.00000949
 242    0.0000022  -0.00001634
 243    0.0000019  -0.00001535
 244    0.0000009  -0.00000533
 245    0.0000011  -0.00000719
 246    0.0000007  -0.00000415
 247    0.0000002  -0.00000255
 248    0.0000000  -0.00000072
 249    0.0000001  -0.00000072
 250    0.0000001  -0.00000144
 251    0.0000000  -0.00000047
 252    0.0000000  -0.00000034
 
----------------
 Final Energies 
----------------
Final NOF Total Energy =   -2691.6678899
 
Total Orbital Internal Iterations = 1170
Total Occupation Internal Iterations = 536
 
Elapsed time:  181.29 Seconds

---------------------------------
   Lowdin Population Analysis    
---------------------------------
 Idx  Atom   Population   Charge 
---------------------------------
  1    Te    51.383       0.617
  2     H     1.317      -0.317
  3     H     1.316      -0.316
  4     H     1.257      -0.257
  5     S    15.472       0.528
  6     H     1.255      -0.255

---------------------------------
   M Diagnostic: 0.03
---------------------------------

