147_C.jld2 not found
147_n.jld2 not found
Computing Integrals
NVIDIA GeForce RTX 3090
Elapsed time:   32.81 Seconds

Number of basis functions                   (NBF)    = 810
Number of auxiliary basis functions         (NBFAUX) = 906
Inactive Doubly occupied orbitals up to     (NO1)    = 0
No. considered Strongly Doubly occupied MOs (NDOC)   = 41
No. considered Strongly Singly occupied MOs (NSOC)   = 0
NO. of Weakly occ. per St. Doubly occ.  MOs (NCWO)   = 18
Dimension of the Nat. Orb. subspace         (NBF5)   = 779
No. of electrons                                     = 82
    No. of alpha electrons                           = 41
    No. of beta electrons                            = 41
Multiplicity                                         = 1

Geometry
========
 C       0.0490400      -0.0844800       0.0214200
 C       0.0490400      -0.0844800       1.5354900
 N       1.4468300      -0.0844800       2.0458400
 H       1.9644100       0.7306100       1.7080300
 H       1.4763600      -0.0799600       3.0673000
 H       1.9828300      -0.9265900       1.6742600
 H      -0.4539600       0.7915800       1.9389800
 H      -0.4311300      -0.9748100       1.9357700
 H       0.5532400       0.7980500      -0.3690500
 H       0.5494200      -0.9688800      -0.3672000
 H      -0.9775800      -0.0800200      -0.3379600
 O       2.8046200      -2.0520900       0.8605100
 C       3.4541600      -1.3595900       0.0286200
 C       4.2241700      -2.2198800      -1.0069500
 F       5.0389100      -3.0975000      -0.4018900
 O       3.5346600      -0.1283400      -0.0734000
 F       4.9731000      -1.4933400      -1.8381400
 F       3.3670800      -2.9290200      -1.7610500

No violations of the orthonormality
No violations of the orthonormality
 
PNOF9/ADABelief Calculation
==================
 
  Nitext  Nit_orb  Time   Nit_occ  Time         Eelec          Etot           Ediff      maxdiff    MaxGrad_orb  Grad_occ
     1      10    4.6e+01    9    4.6e+01 -1207.72117486  -609.53313247 -11206.72117486   1.375062   5.5e+00   2.5e-04 0.00
     2      10    3.9e+00    0    1.4e+00 -1207.79330806  -609.60526567    -0.07213320   1.375111   5.5e+00   2.5e-04 0.00
     3      30    1.1e+01  147    1.8e+02 -1249.80099512  -651.61295273   -42.00768706   0.234286   9.4e-01   2.2e-04 0.01
     4      30    1.1e+01   76    9.1e+01 -1257.51517172  -659.32712933    -7.71417660   0.572771   2.3e+00   3.3e-04 0.02
     5      30    1.1e+01   59    7.0e+01 -1258.77592212  -660.58787973    -1.26075040   0.429956   1.7e+00   2.8e-04 0.03
     6      30    1.1e+01   63    7.5e+01 -1259.14139664  -660.95335425    -0.36547452   0.035498   1.4e-01   2.8e-04 0.03
     7      30    1.1e+01   47    5.6e+01 -1259.29347475  -661.10543235    -0.15207810   0.048948   2.0e-01   2.4e-04 0.03
     8      30    1.1e+01   37    4.4e+01 -1259.35326928  -661.16522689    -0.05979454   0.035745   1.4e-01   2.8e-04 0.03
     9      30    1.1e+01   32    3.9e+01 -1259.42052404  -661.23248165    -0.06725476   0.027014   1.1e-01   3.7e-04 0.03
    10      30    1.1e+01   33    4.0e+01 -1259.46585166  -661.27780927    -0.04532762   0.023963   9.6e-02   2.9e-04 0.03
    11      30    1.1e+01   35    4.2e+01 -1259.49408500  -661.30604261    -0.02823334   0.039311   1.6e-01   2.3e-04 0.03
    12      30    1.1e+01   32    3.8e+01 -1259.52338783  -661.33534543    -0.02930283   0.096038   3.8e-01   2.3e-04 0.03
    13      30    1.1e+01   32    3.9e+01 -1259.54855779  -661.36051540    -0.02516997   0.026227   1.0e-01   2.4e-04 0.03
    14      30    1.1e+01   26    3.2e+01 -1259.56147876  -661.37343637    -0.01292097   0.020589   8.2e-02   3.4e-04 0.03
    15      30    1.1e+01   32    3.9e+01 -1259.58495434  -661.39691195    -0.02347558   0.025533   1.0e-01   2.7e-04 0.03
    16      30    1.1e+01   18    2.2e+01 -1259.59027463  -661.40223224    -0.00532029   0.022001   8.8e-02   4.1e-04 0.03
    17      30    1.1e+01   29    3.5e+01 -1259.60080618  -661.41276379    -0.01053155   0.023150   9.3e-02   2.5e-04 0.03
    18      30    1.1e+01   24    2.9e+01 -1259.60828297  -661.42024058    -0.00747678   0.023388   9.4e-02   2.6e-04 0.03
    19      30    1.1e+01   20    2.5e+01 -1259.61346097  -661.42541858    -0.00517800   0.023103   9.2e-02   2.9e-04 0.03
    20      30    1.1e+01    0    1.3e+00 -1259.61438095  -661.42633856    -0.00091998   0.023103   9.2e-02   2.9e-04 0.03
    21      50    1.8e+01   16    2.0e+01 -1259.69279894  -661.50475655    -0.07841800   0.005458   2.2e-02   3.7e-04 0.03
    22      50    1.8e+01   12    1.5e+01 -1259.69431822  -661.50627583    -0.00151927   0.004088   1.6e-02   4.2e-04 0.03
    23      50    1.8e+01   22    2.7e+01 -1259.69668706  -661.50864467    -0.00236884   0.004382   1.8e-02   2.7e-04 0.03
    24      50    1.8e+01   15    1.9e+01 -1259.69863329  -661.51059090    -0.00194623   0.003919   1.6e-02   3.0e-04 0.03
    25      50    1.8e+01   18    2.2e+01 -1259.70064345  -661.51260106    -0.00201016   0.003556   1.4e-02   2.7e-04 0.03
    26      50    1.8e+01   12    1.5e+01 -1259.70230401  -661.51426162    -0.00166057   0.004668   1.9e-02   3.4e-04 0.03
    27      50    1.8e+01   18    2.2e+01 -1259.70356902  -661.51552663    -0.00126501   0.004120   1.6e-02   2.6e-04 0.03
    28      50    1.8e+01   12    1.5e+01 -1259.70474664  -661.51670425    -0.00117762   0.003551   1.4e-02   3.1e-04 0.03
    29      50    1.8e+01   11    1.4e+01 -1259.70586617  -661.51782378    -0.00111953   0.004618   1.8e-02   3.9e-04 0.03
    30      50    1.8e+01    8    1.1e+01 -1259.70672086  -661.51867847    -0.00085469   0.004169   1.7e-02   3.9e-04 0.03
    31      50    1.8e+01   14    1.8e+01 -1259.70768044  -661.51963805    -0.00095958   0.003985   1.6e-02   2.9e-04 0.03
    32      50    1.8e+01   14    1.8e+01 -1259.70850194  -661.52045955    -0.00082150   0.004157   1.7e-02   3.1e-04 0.03
    33      50    1.8e+01   14    1.8e+01 -1259.70941005  -661.52136766    -0.00090811   0.003786   1.5e-02   3.2e-04 0.03
    34      50    1.8e+01   14    1.8e+01 -1259.71036135  -661.52231896    -0.00095130   0.004413   1.8e-02   3.0e-04 0.03
    35      50    1.8e+01   14    1.8e+01 -1259.71088691  -661.52284452    -0.00052557   0.003916   1.6e-02   2.9e-04 0.03
    36      50    1.8e+01   14    1.8e+01 -1259.71170127  -661.52365888    -0.00081436   0.004337   1.7e-02   2.7e-04 0.03
    37      50    1.8e+01   14    1.8e+01 -1259.71246934  -661.52442695    -0.00076807   0.003936   1.6e-02   2.5e-04 0.03
    38      50    1.8e+01   10    1.3e+01 -1259.71332453  -661.52528214    -0.00085518   0.005016   2.0e-02   3.4e-04 0.03
    39      50    1.8e+01   11    1.4e+01 -1259.71387306  -661.52583067    -0.00054854   0.004433   1.8e-02   2.9e-04 0.03
    40      50    1.8e+01   11    1.4e+01 -1259.71436304  -661.52632065    -0.00048997   0.004766   1.9e-02   3.1e-04 0.03
    41      50    1.8e+01   11    1.4e+01 -1259.71486899  -661.52682660    -0.00050595   0.004136   1.7e-02   3.2e-04 0.03
    42      50    1.8e+01   11    1.4e+01 -1259.71528943  -661.52724704    -0.00042044   0.004094   1.6e-02   3.6e-04 0.03
    43      50    1.8e+01   14    1.8e+01 -1259.71566258  -661.52762019    -0.00037316   0.005130   2.1e-02   2.5e-04 0.03
    44      50    1.8e+01    7    9.4e+00 -1259.71626475  -661.52822235    -0.00060216   0.004392   1.8e-02   3.0e-04 0.03
    45      50    1.8e+01   10    1.3e+01 -1259.71648260  -661.52844021    -0.00021786   0.004415   1.8e-02   3.3e-04 0.03
    46      50    1.8e+01    8    1.1e+01 -1259.71674814  -661.52870575    -0.00026554   0.004754   1.9e-02   3.4e-04 0.03
    47      50    1.8e+01    8    1.1e+01 -1259.71726104  -661.52921865    -0.00051290   0.004669   1.9e-02   3.3e-04 0.03
    48      50    1.8e+01   10    1.3e+01 -1259.71744126  -661.52939887    -0.00018023   0.004775   1.9e-02   3.0e-04 0.03
    49      50    1.8e+01   13    1.6e+01 -1259.71827979  -661.53023740    -0.00083853   0.004425   1.8e-02   2.6e-04 0.03
    50      50    1.8e+01    8    1.1e+01 -1259.71882573  -661.53078334    -0.00054594   0.004306   1.7e-02   2.9e-04 0.03
    51      50    1.8e+01    0    1.3e+00 -1259.71877913  -661.53073674     0.00004660   0.004306   1.7e-02   2.9e-04 0.03
    52      70    2.5e+01    4    5.9e+00 -1259.72060912  -661.53256673    -0.00182999   0.000861   3.4e-03   3.3e-04 0.03
 
RESULTS OF THE OCCUPATION OPTIMIZATION
========================================
   1    1.9999961  -26.34373856
   2    1.9999961  -26.34191513
   3    1.9999959  -26.34070015
   4    1.9999945  -20.53406715
   5    1.9999945  -20.53161621
   6    1.9999843  -15.70895481
   7    1.9999584  -11.39638138
   8    1.9999573  -11.38494778
   9    1.9999618  -11.31040573
  10    1.9999639  -11.29784393
  11    1.9909574  -1.66446698
  12    1.9892391  -1.57265460
  13    1.9886762  -1.47654283
  14    1.9867509  -1.33319366
  15    1.9869957  -1.30991602
  16    1.9872601  -1.28449702
  17    1.9863617  -1.23275924
  18    1.9768898  -0.94765139
  19    1.9827028  -0.87784684
  20    1.9761312  -0.78158104
  21    1.9810100  -0.77234113
  22    1.9696095  -0.75781208
  23    1.9730218  -0.75579280
  24    1.9695881  -0.75159883
  25    1.9699084  -0.74719793
  26    1.9777311  -0.74534959
  27    1.9800947  -0.74349123
  28    1.9781986  -0.74084538
  29    1.9751946  -0.73027074
  30    1.9784957  -0.72889000
  31    1.9728610  -0.71440339
  32    1.9724958  -0.70677203
  33    1.9768834  -0.70271379
  34    1.9695388  -0.69591361
  35    1.9730626  -0.65677017
  36    1.9746012  -0.61799204
  37    1.9706024  -0.61670202
  38    1.9696801  -0.60485160
  39    1.9666490  -0.58655733
  40    1.9754272  -0.54345924
  41    1.9755870  -0.49339187
  42    0.0067534  -0.01309248
  43    0.0067009  -0.01357545
  44    0.0325713  -0.04909489
  45    0.0116186  -0.01699619
  46    0.0176439  -0.02751628
  47    0.0151950  -0.02042389
  48    0.0156021  -0.02092433
  49    0.0217284  -0.03444633
  50    0.0072918  -0.01682862
  51    0.0204120  -0.03643764
  52    0.0226795  -0.03974893
  53    0.0084510  -0.01955287
  54    0.0218251  -0.03285560
  55    0.0083349  -0.01799803
  56    0.0093508  -0.01941746
  57    0.0077914  -0.01747278
  58    0.0292450  -0.05189932
  59    0.0273861  -0.04995213
  60    0.0169991  -0.02490082
  61    0.0270838  -0.05005733
  62    0.0087618  -0.02228010
  63    0.0221756  -0.02853290
  64    0.0055765  -0.01044469
  65    0.0219883  -0.03648028
  66    0.0056458  -0.01113682
  67    0.0048639  -0.00979262
  68    0.0089953  -0.01999661
  69    0.0074385  -0.01836040
  70    0.0022387  -0.00815387
  71    0.0037600  -0.00986988
  72    0.0042930  -0.01019133
  73    0.0000082  -0.00018120
  74    0.0000139  -0.00043057
  75    0.0000085  -0.00019884
  76    0.0000051  -0.00010559
  77    0.0000077  -0.00021939
  78    0.0000005  -0.00000612
  79    0.0000006  -0.00000588
  80    0.0000010  -0.00001518
  81    0.0000006  -0.00001282
  82    0.0000005  -0.00005852
  83    0.0042550  -0.00883698
  84    0.0042501  -0.00857728
  85    0.0002445  -0.00077016
  86    0.0109313  -0.01639664
  87    0.0100944  -0.01645734
  88    0.0044143  -0.00683141
  89    0.0046543  -0.00728800
  90    0.0043475  -0.00857031
  91    0.0036023  -0.00936484
  92    0.0038740  -0.00868896
  93    0.0035178  -0.00818164
  94    0.0078534  -0.01949739
  95    0.0007881  -0.00209251
  96    0.0080203  -0.01742787
  97    0.0088081  -0.02138973
  98    0.0037226  -0.00959178
  99    0.0002378  -0.00093886
 100    0.0027055  -0.00763217
 101    0.0048293  -0.00857523
 102    0.0027557  -0.00775013
 103    0.0039992  -0.00986141
 104    0.0007983  -0.00172718
 105    0.0035833  -0.00693368
 106    0.0003339  -0.00116839
 107    0.0021857  -0.00750000
 108    0.0028607  -0.00834090
 109    0.0009402  -0.00312026
 110    0.0021179  -0.00804140
 111    0.0018535  -0.00621944
 112    0.0027139  -0.00877431
 113    0.0010265  -0.00642138
 114    0.0000033  -0.00003233
 115    0.0000029  -0.00003057
 116    0.0000061  -0.00010768
 117    0.0000046  -0.00008865
 118    0.0000009  -0.00001604
 119    0.0000005  -0.00000465
 120    0.0000006  -0.00000543
 121    0.0000004  -0.00005331
 122    0.0000006  -0.00002988
 123    0.0000003  -0.00000205
 124    0.0039370  -0.00845765
 125    0.0037295  -0.00832051
 126    0.0002307  -0.00072641
 127    0.0039101  -0.00638257
 128    0.0006588  -0.00151748
 129    0.0012427  -0.00256785
 130    0.0020032  -0.00391619
 131    0.0040326  -0.00798295
 132    0.0035615  -0.00941395
 133    0.0028770  -0.00687916
 134    0.0003106  -0.00100014
 135    0.0036691  -0.00934878
 136    0.0005838  -0.00148130
 137    0.0037524  -0.00933902
 138    0.0006259  -0.00214748
 139    0.0036583  -0.00957864
 140    0.0002329  -0.00090801
 141    0.0002350  -0.00094109
 142    0.0041311  -0.00772684
 143    0.0002329  -0.00093378
 144    0.0038921  -0.00985796
 145    0.0003501  -0.00088366
 146    0.0015330  -0.00451231
 147    0.0002651  -0.00098111
 148    0.0014475  -0.00520371
 149    0.0013217  -0.00509920
 150    0.0008713  -0.00317075
 151    0.0008350  -0.00320178
 152    0.0015382  -0.00459605
 153    0.0010979  -0.00462697
 154    0.0009029  -0.00436101
 155    0.0000028  -0.00002856
 156    0.0000022  -0.00001921
 157    0.0000058  -0.00011348
 158    0.0000035  -0.00005117
 159    0.0000006  -0.00002484
 160    0.0000004  -0.00001188
 161    0.0000004  -0.00000364
 162    0.0000002  -0.00000091
 163    0.0000004  -0.00002793
 164    0.0000003  -0.00000151
 165    0.0036527  -0.00772016
 166    0.0035643  -0.00789961
 167    0.0002154  -0.00068823
 168    0.0034031  -0.00586027
 169    0.0002451  -0.00065255
 170    0.0010165  -0.00233095
 171    0.0016958  -0.00341145
 172    0.0000851  -0.00028308
 173    0.0034407  -0.00905148
 174    0.0001596  -0.00057982
 175    0.0002763  -0.00089682
 176    0.0005540  -0.00202067
 177    0.0004320  -0.00121480
 178    0.0003006  -0.00116335
 179    0.0003057  -0.00116832
 180    0.0035515  -0.00924536
 181    0.0002202  -0.00087240
 182    0.0000234  -0.00008213
 183    0.0004257  -0.00115443
 184    0.0002240  -0.00089236
 185    0.0006151  -0.00218609
 186    0.0001030  -0.00033325
 187    0.0011514  -0.00332304
 188    0.0001746  -0.00062752
 189    0.0011543  -0.00353812
 190    0.0006799  -0.00236053
 191    0.0004184  -0.00176101
 192    0.0006670  -0.00238857
 193    0.0011588  -0.00531511
 194    0.0008935  -0.00381916
 195    0.0006728  -0.00394178
 196    0.0000026  -0.00002447
 197    0.0000020  -0.00001691
 198    0.0000050  -0.00008044
 199    0.0000031  -0.00004804
 200    0.0000006  -0.00001150
 201    0.0000004  -0.00001871
 202    0.0000004  -0.00000615
 203    0.0000002  -0.00000070
 204    0.0000002  -0.00000098
 205    0.0000003  -0.00000152
 206    0.0035035  -0.00766364
 207    0.0034391  -0.00746515
 208    0.0000173  -0.00008212
 209    0.0001251  -0.00033541
 210    0.0002119  -0.00058545
 211    0.0009696  -0.00228441
 212    0.0016806  -0.00326853
 213    0.0000538  -0.00017890
 214    0.0033589  -0.00904770
 215    0.0000890  -0.00033816
 216    0.0002113  -0.00078087
 217    0.0002934  -0.00114979
 218    0.0002886  -0.00089539
 219    0.0002933  -0.00114172
 220    0.0003032  -0.00116513
 221    0.0022720  -0.00713040
 222    0.0000439  -0.00015776
 223    0.0000183  -0.00010010
 224    0.0001694  -0.00052362
 225    0.0000212  -0.00007730
 226    0.0004883  -0.00182623
 227    0.0000578  -0.00019379
 228    0.0010688  -0.00296356
 229    0.0001176  -0.00045758
 230    0.0011119  -0.00347410
 231    0.0005288  -0.00186244
 232    0.0003705  -0.00168010
 233    0.0005065  -0.00206040
 234    0.0008830  -0.00399464
 235    0.0007452  -0.00577137
 236    0.0004800  -0.00272410
 237    0.0000023  -0.00002016
 238    0.0000018  -0.00001797
 239    0.0000027  -0.00003072
 240    0.0000031  -0.00004538
 241    0.0000005  -0.00000777
 242    0.0000004  -0.00000814
 243    0.0000004  -0.00000252
 244    0.0000002  -0.00000080
 245    0.0000002  -0.00000078
 246    0.0000003  -0.00000143
 247    0.0006860  -0.00191561
 248    0.0011731  -0.00336453
 249    0.0000115  -0.00004683
 250    0.0000718  -0.00019861
 251    0.0001718  -0.00049021
 252    0.0008859  -0.00182731
 253    0.0007062  -0.00145733
 254    0.0000411  -0.00014256
 255    0.0014339  -0.00441102
 256    0.0000217  -0.00011729
 257    0.0000250  -0.00012182
 258    0.0002904  -0.00114340
 259    0.0002678  -0.00083870
 260    0.0002669  -0.00103961
 261    0.0002890  -0.00110068
 262    0.0005417  -0.00194948
 263    0.0000241  -0.00008334
 264    0.0000103  -0.00005317
 265    0.0000989  -0.00032420
 266    0.0000126  -0.00005834
 267    0.0002750  -0.00107971
 268    0.0000527  -0.00017720
 269    0.0009796  -0.00248813
 270    0.0000383  -0.00017754
 271    0.0005622  -0.00210453
 272    0.0004631  -0.00167577
 273    0.0003115  -0.00112427
 274    0.0004415  -0.00166140
 275    0.0007073  -0.00386973
 276    0.0006489  -0.00353622
 277    0.0003417  -0.00135889
 278    0.0000021  -0.00001869
 279    0.0000017  -0.00001619
 280    0.0000024  -0.00002549
 281    0.0000027  -0.00003047
 282    0.0000005  -0.00000409
 283    0.0000003  -0.00000338
 284    0.0000004  -0.00003263
 285    0.0000002  -0.00000081
 286    0.0000002  -0.00000079
 287    0.0000003  -0.00000135
 288    0.0002458  -0.00081794
 289    0.0005789  -0.00169654
 290    0.0000086  -0.00003884
 291    0.0000500  -0.00016063
 292    0.0001254  -0.00038070
 293    0.0004797  -0.00108633
 294    0.0004583  -0.00110984
 295    0.0000347  -0.00013250
 296    0.0001487  -0.00063451
 297    0.0000166  -0.00009324
 298    0.0000179  -0.00009884
 299    0.0002600  -0.00104452
 300    0.0002315  -0.00072498
 301    0.0002506  -0.00099906
 302    0.0000341  -0.00018142
 303    0.0002256  -0.00091037
 304    0.0000167  -0.00010508
 305    0.0000079  -0.00004118
 306    0.0000694  -0.00023089
 307    0.0000090  -0.00004696
 308    0.0002620  -0.00104940
 309    0.0000442  -0.00015881
 310    0.0007375  -0.00188104
 311    0.0000304  -0.00014150
 312    0.0004641  -0.00148633
 313    0.0004089  -0.00153077
 314    0.0002671  -0.00107203
 315    0.0003483  -0.00132835
 316    0.0006779  -0.00469697
 317    0.0003937  -0.00177077
 318    0.0002723  -0.00124398
 319    0.0000017  -0.00001401
 320    0.0000017  -0.00001486
 321    0.0000022  -0.00001983
 322    0.0000025  -0.00002871
 323    0.0000005  -0.00000362
 324    0.0000003  -0.00000194
 325    0.0000003  -0.00000388
 326    0.0000002  -0.00000062
 327    0.0000002  -0.00000082
 328    0.0000002  -0.00000120
 329    0.0002419  -0.00087704
 330    0.0004978  -0.00152197
 331    0.0000073  -0.00003481
 332    0.0000406  -0.00014243
 333    0.0000861  -0.00025672
 334    0.0003148  -0.00076317
 335    0.0000363  -0.00013222
 336    0.0000284  -0.00011007
 337    0.0000722  -0.00030168
 338    0.0000149  -0.00008211
 339    0.0000167  -0.00009222
 340    0.0000173  -0.00012136
 341    0.0000992  -0.00035545
 342    0.0002314  -0.00094101
 343    0.0000221  -0.00014217
 344    0.0002172  -0.00091183
 345    0.0000135  -0.00008931
 346    0.0000045  -0.00002486
 347    0.0000566  -0.00019311
 348    0.0000078  -0.00004178
 349    0.0002347  -0.00099012
 350    0.0000399  -0.00015618
 351    0.0006294  -0.00156703
 352    0.0000186  -0.00011678
 353    0.0004371  -0.00149183
 354    0.0003748  -0.00164261
 355    0.0001716  -0.00105885
 356    0.0003415  -0.00127984
 357    0.0006139  -0.00252116
 358    0.0002051  -0.00139278
 359    0.0002288  -0.00120047
 360    0.0000016  -0.00002134
 361    0.0000015  -0.00001208
 362    0.0000018  -0.00001552
 363    0.0000024  -0.00003121
 364    0.0000005  -0.00000332
 365    0.0000003  -0.00000270
 366    0.0000003  -0.00000195
 367    0.0000002  -0.00000068
 368    0.0000001  -0.00000048
 369    0.0000002  -0.00000096
 370    0.0002156  -0.00075607
 371    0.0002552  -0.00084006
 372    0.0000061  -0.00003118
 373    0.0000373  -0.00013425
 374    0.0000600  -0.00018417
 375    0.0002625  -0.00065444
 376    0.0000291  -0.00011351
 377    0.0000266  -0.00010229
 378    0.0000476  -0.00020742
 379    0.0000105  -0.00005520
 380    0.0000151  -0.00007911
 381    0.0000173  -0.00012148
 382    0.0000715  -0.00025678
 383    0.0002185  -0.00090009
 384    0.0000183  -0.00013069
 385    0.0000832  -0.00035403
 386    0.0000125  -0.00006612
 387    0.0000041  -0.00002249
 388    0.0000441  -0.00015962
 389    0.0000070  -0.00003912
 390    0.0001822  -0.00080259
 391    0.0000354  -0.00014352
 392    0.0004405  -0.00125090
 393    0.0000173  -0.00011661
 394    0.0001708  -0.00087701
 395    0.0003148  -0.00126082
 396    0.0001496  -0.00068518
 397    0.0002830  -0.00124867
 398    0.0004795  -0.00182470
 399    0.0000614  -0.00038489
 400    0.0001820  -0.00099556
 401    0.0000015  -0.00001193
 402    0.0000014  -0.00002193
 403    0.0000017  -0.00001441
 404    0.0000023  -0.00002263
 405    0.0000004  -0.00000344
 406    0.0000003  -0.00000152
 407    0.0000003  -0.00000183
 408    0.0000002  -0.00000061
 409    0.0000001  -0.00000047
 410    0.0000002  -0.00000079
 411    0.0001667  -0.00055166
 412    0.0002106  -0.00072384
 413    0.0000057  -0.00002636
 414    0.0000317  -0.00011389
 415    0.0000272  -0.00010607
 416    0.0001227  -0.00036540
 417    0.0000121  -0.00005775
 418    0.0000213  -0.00008612
 419    0.0000303  -0.00014453
 420    0.0000073  -0.00004229
 421    0.0000095  -0.00005247
 422    0.0000168  -0.00011919
 423    0.0000578  -0.00019481
 424    0.0000321  -0.00016244
 425    0.0000178  -0.00012518
 426    0.0000637  -0.00028437
 427    0.0000082  -0.00004419
 428    0.0000034  -0.00001699
 429    0.0000328  -0.00013045
 430    0.0000064  -0.00003925
 431    0.0000959  -0.00041564
 432    0.0000317  -0.00013173
 433    0.0004034  -0.00123341
 434    0.0000165  -0.00011541
 435    0.0000943  -0.00042517
 436    0.0002560  -0.00118153
 437    0.0001141  -0.00083101
 438    0.0000681  -0.00033730
 439    0.0003245  -0.00138425
 440    0.0000510  -0.00039316
 441    0.0001379  -0.00135154
 442    0.0000013  -0.00001182
 443    0.0000013  -0.00002196
 444    0.0000010  -0.00001934
 445    0.0000019  -0.00001750
 446    0.0000004  -0.00000309
 447    0.0000003  -0.00000139
 448    0.0000002  -0.00000159
 449    0.0000002  -0.00000060
 450    0.0000001  -0.00000054
 451    0.0000002  -0.00000062
 452    0.0001601  -0.00057807
 453    0.0000442  -0.00018051
 454    0.0000057  -0.00002746
 455    0.0000275  -0.00009924
 456    0.0000224  -0.00008757
 457    0.0000937  -0.00028158
 458    0.0000104  -0.00004862
 459    0.0000163  -0.00006202
 460    0.0000253  -0.00013704
 461    0.0000041  -0.00002618
 462    0.0000093  -0.00004976
 463    0.0000161  -0.00011534
 464    0.0000381  -0.00015227
 465    0.0000168  -0.00011700
 466    0.0000175  -0.00012245
 467    0.0000452  -0.00021333
 468    0.0000076  -0.00004041
 469    0.0000031  -0.00001523
 470    0.0000279  -0.00011717
 471    0.0000061  -0.00003574
 472    0.0000446  -0.00021950
 473    0.0000286  -0.00012090
 474    0.0003608  -0.00106333
 475    0.0000160  -0.00011358
 476    0.0000854  -0.00050450
 477    0.0001247  -0.00088482
 478    0.0000983  -0.00045321
 479    0.0000356  -0.00022276
 480    0.0002816  -0.00117988
 481    0.0000427  -0.00028250
 482    0.0001179  -0.00125979
 483    0.0000012  -0.00001629
 484    0.0000013  -0.00001552
 485    0.0000009  -0.00002205
 486    0.0000018  -0.00001547
 487    0.0000004  -0.00000292
 488    0.0000003  -0.00000137
 489    0.0000002  -0.00000098
 490    0.0000002  -0.00000060
 491    0.0000001  -0.00000045
 492    0.0000002  -0.00000064
 493    0.0001473  -0.00052899
 494    0.0000409  -0.00016479
 495    0.0000056  -0.00002473
 496    0.0000239  -0.00009067
 497    0.0000088  -0.00004472
 498    0.0000861  -0.00026254
 499    0.0000099  -0.00004891
 500    0.0000123  -0.00005159
 501    0.0000244  -0.00013680
 502    0.0000035  -0.00002034
 503    0.0000088  -0.00004804
 504    0.0000130  -0.00010112
 505    0.0000260  -0.00012264
 506    0.0000163  -0.00011585
 507    0.0000175  -0.00012341
 508    0.0000240  -0.00013253
 509    0.0000058  -0.00003515
 510    0.0000027  -0.00001371
 511    0.0000233  -0.00010161
 512    0.0000054  -0.00002882
 513    0.0000286  -0.00016269
 514    0.0000272  -0.00011993
 515    0.0003254  -0.00105573
 516    0.0000154  -0.00011121
 517    0.0000634  -0.00027151
 518    0.0001234  -0.00096201
 519    0.0000686  -0.00035409
 520    0.0000352  -0.00025095
 521    0.0001342  -0.00131247
 522    0.0000259  -0.00030340
 523    0.0001048  -0.00135488
 524    0.0000012  -0.00001484
 525    0.0000011  -0.00001275
 526    0.0000009  -0.00001009
 527    0.0000016  -0.00001361
 528    0.0000004  -0.00000261
 529    0.0000002  -0.00000124
 530    0.0000002  -0.00000098
 531    0.0000002  -0.00000057
 532    0.0000001  -0.00000036
 533    0.0000001  -0.00000055
 534    0.0001160  -0.00042806
 535    0.0000249  -0.00011845
 536    0.0000045  -0.00002206
 537    0.0000199  -0.00007618
 538    0.0000083  -0.00004149
 539    0.0000829  -0.00025475
 540    0.0000090  -0.00004471
 541    0.0000093  -0.00004418
 542    0.0000198  -0.00012023
 543    0.0000032  -0.00001786
 544    0.0000082  -0.00004737
 545    0.0000110  -0.00007658
 546    0.0000174  -0.00010299
 547    0.0000159  -0.00011469
 548    0.0000172  -0.00012394
 549    0.0000196  -0.00012547
 550    0.0000056  -0.00003395
 551    0.0000018  -0.00000954
 552    0.0000199  -0.00009328
 553    0.0000046  -0.00002539
 554    0.0000230  -0.00014875
 555    0.0000257  -0.00011337
 556    0.0002396  -0.00079173
 557    0.0000154  -0.00011407
 558    0.0000549  -0.00025360
 559    0.0001200  -0.00062467
 560    0.0000565  -0.00029381
 561    0.0000277  -0.00019778
 562    0.0001184  -0.00082289
 563    0.0000227  -0.00023543
 564    0.0000940  -0.00085538
 565    0.0000012  -0.00001416
 566    0.0000011  -0.00002168
 567    0.0000007  -0.00000601
 568    0.0000016  -0.00001388
 569    0.0000004  -0.00000281
 570    0.0000002  -0.00000120
 571    0.0000002  -0.00000098
 572    0.0000001  -0.00000046
 573    0.0000001  -0.00000036
 574    0.0000001  -0.00000058
 575    0.0000963  -0.00032822
 576    0.0000212  -0.00011680
 577    0.0000042  -0.00001893
 578    0.0000155  -0.00005969
 579    0.0000080  -0.00003970
 580    0.0000775  -0.00023751
 581    0.0000086  -0.00004290
 582    0.0000083  -0.00004094
 583    0.0000162  -0.00011516
 584    0.0000027  -0.00001442
 585    0.0000075  -0.00004446
 586    0.0000100  -0.00006944
 587    0.0000174  -0.00010225
 588    0.0000131  -0.00009543
 589    0.0000171  -0.00011970
 590    0.0000152  -0.00011281
 591    0.0000051  -0.00003105
 592    0.0000015  -0.00000641
 593    0.0000172  -0.00008403
 594    0.0000038  -0.00001891
 595    0.0000215  -0.00013656
 596    0.0000233  -0.00010571
 597    0.0001475  -0.00050364
 598    0.0000149  -0.00010654
 599    0.0000432  -0.00021969
 600    0.0000903  -0.00049311
 601    0.0000403  -0.00024837
 602    0.0000245  -0.00017349
 603    0.0001093  -0.00082805
 604    0.0000219  -0.00022263
 605    0.0000583  -0.00037736
 606    0.0000011  -0.00001023
 607    0.0000010  -0.00001146
 608    0.0000007  -0.00000619
 609    0.0000014  -0.00001085
 610    0.0000004  -0.00000255
 611    0.0000002  -0.00000116
 612    0.0000002  -0.00000083
 613    0.0000001  -0.00000057
 614    0.0000001  -0.00000038
 615    0.0000001  -0.00000051
 616    0.0000876  -0.00032415
 617    0.0000157  -0.00010061
 618    0.0000039  -0.00001596
 619    0.0000038  -0.00001961
 620    0.0000075  -0.00003787
 621    0.0000629  -0.00020094
 622    0.0000076  -0.00003901
 623    0.0000063  -0.00003309
 624    0.0000139  -0.00010592
 625    0.0000025  -0.00001337
 626    0.0000074  -0.00004235
 627    0.0000091  -0.00006586
 628    0.0000162  -0.00009426
 629    0.0000115  -0.00007958
 630    0.0000169  -0.00012165
 631    0.0000145  -0.00011159
 632    0.0000048  -0.00002694
 633    0.0000014  -0.00000625
 634    0.0000132  -0.00006383
 635    0.0000037  -0.00001824
 636    0.0000192  -0.00013708
 637    0.0000218  -0.00010483
 638    0.0000565  -0.00023277
 639    0.0000147  -0.00010921
 640    0.0000363  -0.00019354
 641    0.0000740  -0.00031975
 642    0.0000383  -0.00023195
 643    0.0000211  -0.00017929
 644    0.0000793  -0.00039125
 645    0.0000205  -0.00031563
 646    0.0000439  -0.00029678
 647    0.0000011  -0.00001210
 648    0.0000009  -0.00002590
 649    0.0000007  -0.00000506
 650    0.0000013  -0.00001706
 651    0.0000004  -0.00000270
 652    0.0000002  -0.00000117
 653    0.0000002  -0.00000067
 654    0.0000001  -0.00000043
 655    0.0000001  -0.00000038
 656    0.0000001  -0.00000042
 657    0.0000793  -0.00028480
 658    0.0000114  -0.00006999
 659    0.0000035  -0.00001518
 660    0.0000037  -0.00002007
 661    0.0000070  -0.00003566
 662    0.0000488  -0.00015899
 663    0.0000062  -0.00003388
 664    0.0000041  -0.00002025
 665    0.0000126  -0.00009495
 666    0.0000021  -0.00001168
 667    0.0000067  -0.00003865
 668    0.0000085  -0.00006035
 669    0.0000158  -0.00008943
 670    0.0000109  -0.00007307
 671    0.0000166  -0.00011995
 672    0.0000135  -0.00010367
 673    0.0000044  -0.00002425
 674    0.0000012  -0.00000474
 675    0.0000100  -0.00005068
 676    0.0000031  -0.00001454
 677    0.0000165  -0.00012388
 678    0.0000193  -0.00009215
 679    0.0000222  -0.00014452
 680    0.0000134  -0.00009894
 681    0.0000329  -0.00019269
 682    0.0000613  -0.00026671
 683    0.0000355  -0.00022311
 684    0.0000204  -0.00015428
 685    0.0000608  -0.00035119
 686    0.0000194  -0.00015249
 687    0.0000376  -0.00029942
 688    0.0000011  -0.00000834
 689    0.0000008  -0.00001366
 690    0.0000006  -0.00000397
 691    0.0000011  -0.00004140
 692    0.0000004  -0.00000226
 693    0.0000002  -0.00000107
 694    0.0000002  -0.00000078
 695    0.0000001  -0.00000047
 696    0.0000001  -0.00000036
 697    0.0000001  -0.00000041
 698    0.0000532  -0.00021304
 699    0.0000088  -0.00005521
 700    0.0000026  -0.00001134
 701    0.0000032  -0.00001524
 702    0.0000063  -0.00003310
 703    0.0000219  -0.00009940
 704    0.0000048  -0.00002847
 705    0.0000036  -0.00001750
 706    0.0000115  -0.00007654
 707    0.0000020  -0.00001158
 708    0.0000059  -0.00003618
 709    0.0000075  -0.00005290
 710    0.0000148  -0.00008068
 711    0.0000092  -0.00006613
 712    0.0000161  -0.00011886
 713    0.0000054  -0.00004091
 714    0.0000018  -0.00000933
 715    0.0000009  -0.00000327
 716    0.0000061  -0.00003669
 717    0.0000018  -0.00000931
 718    0.0000158  -0.00012260
 719    0.0000181  -0.00008972
 720    0.0000210  -0.00013945
 721    0.0000106  -0.00007310
 722    0.0000250  -0.00016357
 723    0.0000518  -0.00024272
 724    0.0000297  -0.00020614
 725    0.0000195  -0.00015663
 726    0.0000461  -0.00029053
 727    0.0000188  -0.00017165
 728    0.0000266  -0.00026618
 729    0.0000010  -0.00001110
 730    0.0000008  -0.00000513
 731    0.0000006  -0.00000403
 732    0.0000009  -0.00000659
 733    0.0000003  -0.00000216
 734    0.0000002  -0.00000097
 735    0.0000002  -0.00000071
 736    0.0000001  -0.00000034
 737    0.0000001  -0.00000037
 738    0.0000001  -0.00000043
 739    0.0000157  -0.00009766
 740    0.0000062  -0.00004229
 741    0.0000026  -0.00001093
 742    0.0000024  -0.00001312
 743    0.0000048  -0.00002793
 744    0.0000215  -0.00010161
 745    0.0000031  -0.00001747
 746    0.0000015  -0.00000696
 747    0.0000050  -0.00003726
 748    0.0000016  -0.00000800
 749    0.0000056  -0.00003310
 750    0.0000063  -0.00004658
 751    0.0000146  -0.00008261
 752    0.0000066  -0.00005062
 753    0.0000116  -0.00009233
 754    0.0000043  -0.00003088
 755    0.0000016  -0.00000811
 756    0.0000007  -0.00000217
 757    0.0000043  -0.00002721
 758    0.0000015  -0.00000600
 759    0.0000145  -0.00011688
 760    0.0000163  -0.00008541
 761    0.0000208  -0.00014081
 762    0.0000092  -0.00006298
 763    0.0000236  -0.00017102
 764    0.0000220  -0.00020103
 765    0.0000275  -0.00021856
 766    0.0000178  -0.00023053
 767    0.0000189  -0.00029113
 768    0.0000183  -0.00041260
 769    0.0000217  -0.00044487
 770    0.0000009  -0.00001773
 771    0.0000007  -0.00000452
 772    0.0000005  -0.00000298
 773    0.0000008  -0.00000832
 774    0.0000003  -0.00000195
 775    0.0000002  -0.00000094
 776    0.0000002  -0.00000067
 777    0.0000001  -0.00000035
 778    0.0000001  -0.00000041
 779    0.0000001  -0.00000037
 
----------------
 Final Energies 
----------------
Final NOF Total Energy =    -661.5325667
 
Total Orbital Internal Iterations = 2180
Total Occupation Internal Iterations = 1129
 
Elapsed time: 2403.13 Seconds

---------------------------------
   Lowdin Population Analysis    
---------------------------------
 Idx  Atom   Population   Charge 
---------------------------------
  1     C     5.756       0.244
  2     C     5.919       0.081
  3     N     6.118       0.882
  4     H     1.058      -0.058
  5     H     1.068      -0.068
  6     H     1.191      -0.191
  7     H     1.052      -0.052
  8     H     1.041      -0.041
  9     H     1.048      -0.048
 10     H     1.043      -0.043
 11     H     1.053      -0.053
 12     O     7.799       0.201
 13     C     6.927      -0.927
 14     C     7.179      -1.179
 15     F     8.633       0.367
 16     O     7.850       0.150
 17     F     8.623       0.377
 18     F     8.641       0.359

---------------------------------
   M Diagnostic: 0.03
---------------------------------

