13_C.jld2 not found
13_n.jld2 not found
Computing Integrals
NVIDIA GeForce RTX 3090
Elapsed time:   10.00 Seconds

Number of basis functions                   (NBF)    = 348
Number of auxiliary basis functions         (NBFAUX) = 380
Inactive Doubly occupied orbitals up to     (NO1)    = 0
No. considered Strongly Doubly occupied MOs (NDOC)   = 18
No. considered Strongly Singly occupied MOs (NSOC)   = 0
NO. of Weakly occ. per St. Doubly occ.  MOs (NCWO)   = 18
Dimension of the Nat. Orb. subspace         (NBF5)   = 342
No. of electrons                                     = 36
    No. of alpha electrons                           = 18
    No. of beta electrons                            = 18
Multiplicity                                         = 1

Geometry
========
 N       0.2306400      -1.3396400       0.0000000
 N      -0.2306400       1.3396400       0.0000000
 F       0.2306400      -2.7524600       0.0000000
 F      -0.2306400       2.7524600       0.0000000
 H       0.8100300      -1.1177400       0.8064800
 H      -0.8100300       1.1177400       0.8064800
 H       0.8100300      -1.1177400      -0.8064800
 H      -0.8100300       1.1177400      -0.8064800

No violations of the orthonormality
No violations of the orthonormality
 
PNOF9/ADABelief Calculation
==================
 
  Nitext  Nit_orb  Time   Nit_occ  Time         Eelec          Etot           Ediff      maxdiff    MaxGrad_orb  Grad_occ
     1      10    4.2e+01   13    3.7e+01  -413.98243385  -297.43357769 -10412.98243385   2.712080   1.1e+01   2.4e-04 0.00
     2      10    3.8e-01   85    1.5e+01  -421.31382539  -304.76496922    -7.33139153   0.491421   2.0e+00   1.9e-04 0.01
     3      10    3.7e-01    0    1.9e-01  -421.65935245  -305.11049629    -0.34552706   0.490930   2.0e+00   1.9e-04 0.01
     4      30    1.0e+00   86    1.5e+01  -426.48428812  -309.93543195    -4.82493567   0.980322   3.9e+00   2.4e-04 0.02
     5      30    1.1e+00   52    8.7e+00  -427.35430101  -310.80544485    -0.87001289   0.252165   1.0e+00   2.4e-04 0.02
     6      30    1.1e+00   39    6.9e+00  -427.52208987  -310.97323370    -0.16778886   0.060233   2.4e-01   2.3e-04 0.03
     7      30    1.1e+00   46    7.9e+00  -427.69613216  -311.14727599    -0.17404229   0.022568   9.0e-02   2.1e-04 0.03
     8      30    1.1e+00   22    4.0e+00  -427.73098494  -311.18212877    -0.03485278   0.025448   1.0e-01   3.0e-04 0.03
     9      30    1.2e+00   36    6.0e+00  -427.74791446  -311.19905829    -0.01692952   0.024089   9.6e-02   2.5e-04 0.03
    10      30    1.0e+00   36    6.4e+00  -427.75965344  -311.21079727    -0.01173898   0.020433   8.2e-02   2.7e-04 0.03
    11      30    1.1e+00   18    3.4e+00  -427.77023235  -311.22137619    -0.01057892   0.016830   6.7e-02   2.7e-04 0.03
    12      30    1.0e+00   31    5.7e+00  -427.77523401  -311.22637784    -0.00500165   0.022434   9.0e-02   2.2e-04 0.03
    13      30    1.1e+00   22    4.0e+00  -427.78113959  -311.23228343    -0.00590558   0.022489   9.0e-02   2.3e-04 0.04
    14      30    1.0e+00   16    2.9e+00  -427.78473707  -311.23588090    -0.00359748   0.018734   7.5e-02   2.6e-04 0.04
    15      30    1.1e+00   16    2.8e+00  -427.78598842  -311.23713226    -0.00125135   0.023567   9.4e-02   2.7e-04 0.04
    16      30    1.0e+00   11    2.1e+00  -427.78831399  -311.23945783    -0.00232557   0.019332   7.7e-02   3.5e-04 0.04
    17      30    1.1e+00   22    3.9e+00  -427.78891923  -311.24006307    -0.00060524   0.017640   7.1e-02   2.2e-04 0.04
    18      30    1.0e+00    0    2.6e-01  -427.78909844  -311.24024227    -0.00017921   0.017640   7.1e-02   2.2e-04 0.04
    19      50    1.8e+00   10    1.9e+00  -427.79553984  -311.24668368    -0.00644141   0.003856   1.5e-02   2.2e-04 0.04
    20      50    1.8e+00    8    1.5e+00  -427.79568334  -311.24682717    -0.00014349   0.003620   1.4e-02   2.6e-04 0.04
    21      50    1.8e+00   14    2.7e+00  -427.79595613  -311.24709996    -0.00027279   0.003464   1.4e-02   2.2e-04 0.04
    22      50    1.8e+00   17    3.2e+00  -427.79634479  -311.24748863    -0.00038866   0.003200   1.3e-02   2.1e-04 0.04
    23      50    1.8e+00    4    9.0e-01  -427.79664886  -311.24779270    -0.00030407   0.003193   1.3e-02   2.4e-04 0.04
    24      50    1.7e+00   17    3.1e+00  -427.79705530  -311.24819913    -0.00040644   0.002918   1.2e-02   1.8e-04 0.04
    25      50    1.8e+00    7    1.3e+00  -427.79742839  -311.24857223    -0.00037309   0.003173   1.3e-02   2.7e-04 0.04
    26      50    1.7e+00   13    2.6e+00  -427.79778859  -311.24893243    -0.00036020   0.003702   1.5e-02   2.2e-04 0.04
    27      50    1.8e+00    7    1.6e+00  -427.79822081  -311.24936465    -0.00043222   0.003107   1.2e-02   2.2e-04 0.04
    28      50    1.8e+00   18    3.6e+00  -427.79866836  -311.24981219    -0.00044754   0.004230   1.7e-02   1.6e-04 0.04
    29      50    1.8e+00    7    1.6e+00  -427.79927679  -311.25042063    -0.00060844   0.003692   1.5e-02   2.0e-04 0.04
    30      50    1.8e+00   12    2.5e+00  -427.79979898  -311.25094282    -0.00052219   0.004069   1.6e-02   1.8e-04 0.04
    31      50    1.8e+00    6    1.1e+00  -427.80019858  -311.25134241    -0.00039959   0.003953   1.6e-02   2.1e-04 0.04
    32      50    1.8e+00    9    1.5e+00  -427.80054702  -311.25169085    -0.00034844   0.003398   1.4e-02   2.1e-04 0.04
    33      50    1.8e+00    4    7.7e-01  -427.80074883  -311.25189267    -0.00020181   0.003359   1.3e-02   2.4e-04 0.04
    34      50    1.8e+00    9    1.9e+00  -427.80084645  -311.25199029    -0.00009762   0.003304   1.3e-02   2.0e-04 0.04
    35      50    1.8e+00    4    7.6e-01  -427.80097871  -311.25212255    -0.00013226   0.003106   1.2e-02   2.2e-04 0.04
    36      50    1.8e+00   10    2.0e+00  -427.80109581  -311.25223965    -0.00011710   0.003440   1.4e-02   1.8e-04 0.04
    37      50    1.8e+00    7    1.5e+00  -427.80127671  -311.25242054    -0.00018089   0.004393   1.8e-02   2.4e-04 0.04
    38      50    1.8e+00    7    1.5e+00  -427.80143194  -311.25257578    -0.00015524   0.003587   1.4e-02   2.4e-04 0.04
    39      50    1.8e+00   10    2.0e+00  -427.80154473  -311.25268857    -0.00011279   0.003050   1.2e-02   2.4e-04 0.04
    40      50    1.8e+00    7    1.6e+00  -427.80181344  -311.25295727    -0.00026870   0.003720   1.5e-02   1.9e-04 0.04
    41      50    1.8e+00    9    1.8e+00  -427.80207335  -311.25321719    -0.00025992   0.003568   1.4e-02   1.9e-04 0.04
    42      50    1.7e+00    7    1.5e+00  -427.80237233  -311.25351616    -0.00029897   0.003753   1.5e-02   1.9e-04 0.04
    43      50    1.7e+00    6    1.5e+00  -427.80260257  -311.25374641    -0.00023025   0.003515   1.4e-02   2.5e-04 0.04
    44      50    1.8e+00    9    1.7e+00  -427.80283815  -311.25398199    -0.00023558   0.003872   1.5e-02   1.7e-04 0.04
    45      50    1.8e+00    6    1.3e+00  -427.80303121  -311.25417505    -0.00019306   0.003740   1.5e-02   2.0e-04 0.04
    46      50    1.8e+00    6    1.2e+00  -427.80323896  -311.25438280    -0.00020775   0.003482   1.4e-02   2.0e-04 0.04
    47      50    1.8e+00    9    1.9e+00  -427.80331943  -311.25446327    -0.00008047   0.003088   1.2e-02   1.7e-04 0.04
    48      50    1.8e+00    7    1.6e+00  -427.80345649  -311.25460032    -0.00013705   0.003033   1.2e-02   1.9e-04 0.04
    49      50    1.8e+00    7    1.5e+00  -427.80349033  -311.25463417    -0.00003384   0.003636   1.5e-02   1.6e-04 0.04
    50      50    1.8e+00    0    1.8e-01  -427.80350376  -311.25464760    -0.00001343   0.003636   1.5e-02   1.6e-04 0.04
    51      67    2.3e+00    0    1.9e-01  -427.80380522  -311.25494906    -0.00030146   0.000962   3.8e-03   2.1e-04 0.04
 
RESULTS OF THE OCCUPATION OPTIMIZATION
========================================
   1    1.9999877  -26.34684181
   2    1.9999884  -26.33024406
   3    1.9999809  -15.68717957
   4    1.9999785  -15.66391182
   5    1.9896000  -1.62786043
   6    1.9883436  -1.61722589
   7    1.9852508  -1.12607384
   8    1.9816628  -1.11736989
   9    1.9801906  -0.74878180
  10    1.9787184  -0.73478830
  11    1.9773252  -0.73077500
  12    1.9770904  -0.72971070
  13    1.9636969  -0.71880674
  14    1.9637312  -0.71704984
  15    1.9746231  -0.66465127
  16    1.9712374  -0.65717030
  17    1.9708388  -0.64335454
  18    1.9786743  -0.61429787
  19    0.0058690  -0.01346978
  20    0.0176000  -0.02494403
  21    0.0182171  -0.02544023
  22    0.0226032  -0.02850655
  23    0.0361354  -0.06191139
  24    0.0360352  -0.06195967
  25    0.0089389  -0.01930280
  26    0.0093745  -0.01959541
  27    0.0102555  -0.02031976
  28    0.0096108  -0.01937918
  29    0.0171805  -0.02654732
  30    0.0062459  -0.01444790
  31    0.0084043  -0.02367937
  32    0.0092274  -0.02434199
  33    0.0000143  -0.00040688
  34    0.0000158  -0.00043837
  35    0.0000106  -0.00043961
  36    0.0000102  -0.00043511
  37    0.0037213  -0.00816678
  38    0.0047901  -0.00836198
  39    0.0049206  -0.00848748
  40    0.0011264  -0.00269276
  41    0.0000525  -0.00018153
  42    0.0002153  -0.00077265
  43    0.0036658  -0.00912593
  44    0.0039788  -0.00938691
  45    0.0040102  -0.00995629
  46    0.0041279  -0.00962778
  47    0.0004305  -0.00151097
  48    0.0020488  -0.00521900
  49    0.0018796  -0.00562775
  50    0.0007909  -0.00582532
  51    0.0000019  -0.00002817
  52    0.0000009  -0.00003021
  53    0.0000001  -0.00000131
  54    0.0000008  -0.00001208
  55    0.0036406  -0.00769977
  56    0.0040471  -0.00730925
  57    0.0040445  -0.00727761
  58    0.0006708  -0.00159302
  59    0.0000242  -0.00008225
  60    0.0000152  -0.00006748
  61    0.0034957  -0.00894693
  62    0.0037560  -0.00932658
  63    0.0039969  -0.00982489
  64    0.0024613  -0.00654230
  65    0.0001199  -0.00052505
  66    0.0011521  -0.00488163
  67    0.0003016  -0.00129529
  68    0.0000800  -0.00094443
  69    0.0000007  -0.00003388
  70    0.0000006  -0.00003918
  71    0.0000001  -0.00000083
  72    0.0000003  -0.00004203
  73    0.0031492  -0.00827546
  74    0.0018709  -0.00427773
  75    0.0004592  -0.00122261
  76    0.0004411  -0.00111926
  77    0.0000204  -0.00007907
  78    0.0000084  -0.00004149
  79    0.0032334  -0.00897970
  80    0.0034942  -0.00926633
  81    0.0007112  -0.00251851
  82    0.0010201  -0.00471123
  83    0.0000938  -0.00035186
  84    0.0010932  -0.00350249
  85    0.0003001  -0.00121070
  86    0.0000349  -0.00019766
  87    0.0000007  -0.00002718
  88    0.0000002  -0.00000262
  89    0.0000001  -0.00000082
  90    0.0000001  -0.00000199
  91    0.0016332  -0.00443377
  92    0.0003763  -0.00114538
  93    0.0003830  -0.00104421
  94    0.0001987  -0.00063786
  95    0.0000116  -0.00004993
  96    0.0000068  -0.00003672
  97    0.0014014  -0.00425251
  98    0.0006465  -0.00240709
  99    0.0006222  -0.00243642
 100    0.0007109  -0.00244993
 101    0.0000856  -0.00039053
 102    0.0007041  -0.00505337
 103    0.0001619  -0.00142309
 104    0.0000293  -0.00016700
 105    0.0000005  -0.00002314
 106    0.0000002  -0.00000244
 107    0.0000001  -0.00000074
 108    0.0000001  -0.00000106
 109    0.0010267  -0.00308180
 110    0.0002196  -0.00069384
 111    0.0003397  -0.00095503
 112    0.0000935  -0.00035220
 113    0.0000078  -0.00003915
 114    0.0000048  -0.00002622
 115    0.0005786  -0.00202902
 116    0.0002900  -0.00105467
 117    0.0003881  -0.00130634
 118    0.0005688  -0.00305418
 119    0.0000670  -0.00025756
 120    0.0006207  -0.00181570
 121    0.0001403  -0.00144443
 122    0.0000265  -0.00017043
 123    0.0000004  -0.00003989
 124    0.0000002  -0.00000222
 125    0.0000001  -0.00000077
 126    0.0000001  -0.00000095
 127    0.0006284  -0.00197103
 128    0.0000991  -0.00032811
 129    0.0001595  -0.00050617
 130    0.0000549  -0.00019114
 131    0.0000040  -0.00002299
 132    0.0000036  -0.00002281
 133    0.0002749  -0.00106199
 134    0.0002483  -0.00096514
 135    0.0002546  -0.00094607
 136    0.0003032  -0.00111437
 137    0.0000550  -0.00023043
 138    0.0006183  -0.00317139
 139    0.0001057  -0.00165165
 140    0.0000245  -0.00016339
 141    0.0000004  -0.00000675
 142    0.0000001  -0.00000159
 143    0.0000001  -0.00000063
 144    0.0000001  -0.00000087
 145    0.0006185  -0.00176543
 146    0.0000381  -0.00013939
 147    0.0001385  -0.00047217
 148    0.0000384  -0.00014992
 149    0.0000029  -0.00001832
 150    0.0000026  -0.00001812
 151    0.0002700  -0.00104138
 152    0.0002346  -0.00090789
 153    0.0002480  -0.00094770
 154    0.0002891  -0.00107170
 155    0.0000493  -0.00019461
 156    0.0005510  -0.00306067
 157    0.0000824  -0.00060886
 158    0.0000221  -0.00014127
 159    0.0000003  -0.00000895
 160    0.0000001  -0.00000167
 161    0.0000001  -0.00000063
 162    0.0000001  -0.00000063
 163    0.0003077  -0.00105036
 164    0.0000325  -0.00012451
 165    0.0000268  -0.00008310
 166    0.0000275  -0.00012229
 167    0.0000020  -0.00001727
 168    0.0000024  -0.00001831
 169    0.0002506  -0.00099202
 170    0.0002316  -0.00090392
 171    0.0002448  -0.00092578
 172    0.0002666  -0.00099655
 173    0.0000412  -0.00017549
 174    0.0004971  -0.00145380
 175    0.0000553  -0.00037386
 176    0.0000218  -0.00013815
 177    0.0000003  -0.00000378
 178    0.0000001  -0.00000171
 179    0.0000001  -0.00000051
 180    0.0000001  -0.00000062
 181    0.0002935  -0.00103310
 182    0.0000212  -0.00007963
 183    0.0000117  -0.00005842
 184    0.0000199  -0.00010184
 185    0.0000014  -0.00001128
 186    0.0000019  -0.00001273
 187    0.0002305  -0.00091112
 188    0.0001800  -0.00069461
 189    0.0002203  -0.00085932
 190    0.0002143  -0.00080778
 191    0.0000359  -0.00015850
 192    0.0003670  -0.00120784
 193    0.0000436  -0.00020603
 194    0.0000206  -0.00013835
 195    0.0000003  -0.00000338
 196    0.0000001  -0.00000116
 197    0.0000001  -0.00000052
 198    0.0000000  -0.00000046
 199    0.0001974  -0.00074236
 200    0.0000137  -0.00005929
 201    0.0000107  -0.00005693
 202    0.0000175  -0.00009259
 203    0.0000011  -0.00000982
 204    0.0000016  -0.00001234
 205    0.0002152  -0.00084379
 206    0.0000746  -0.00030928
 207    0.0001352  -0.00051377
 208    0.0000969  -0.00039165
 209    0.0000294  -0.00015778
 210    0.0002953  -0.00108622
 211    0.0000359  -0.00018754
 212    0.0000195  -0.00013734
 213    0.0000003  -0.00000334
 214    0.0000001  -0.00000112
 215    0.0000001  -0.00000050
 216    0.0000000  -0.00000048
 217    0.0001556  -0.00061827
 218    0.0000105  -0.00005158
 219    0.0000090  -0.00004923
 220    0.0000158  -0.00009246
 221    0.0000010  -0.00000962
 222    0.0000013  -0.00001077
 223    0.0001479  -0.00055415
 224    0.0000487  -0.00019797
 225    0.0000886  -0.00034950
 226    0.0000460  -0.00018835
 227    0.0000271  -0.00014964
 228    0.0002043  -0.00085089
 229    0.0000247  -0.00015670
 230    0.0000188  -0.00013386
 231    0.0000003  -0.00000318
 232    0.0000001  -0.00000102
 233    0.0000001  -0.00000050
 234    0.0000000  -0.00000036
 235    0.0000314  -0.00013305
 236    0.0000088  -0.00004603
 237    0.0000089  -0.00004565
 238    0.0000155  -0.00009288
 239    0.0000009  -0.00000847
 240    0.0000011  -0.00000881
 241    0.0000659  -0.00027476
 242    0.0000385  -0.00017383
 243    0.0000345  -0.00015260
 244    0.0000186  -0.00011233
 245    0.0000249  -0.00013327
 246    0.0001129  -0.00061249
 247    0.0000237  -0.00017432
 248    0.0000178  -0.00012920
 249    0.0000002  -0.00000291
 250    0.0000001  -0.00000103
 251    0.0000000  -0.00000046
 252    0.0000000  -0.00000038
 253    0.0000173  -0.00012331
 254    0.0000082  -0.00004269
 255    0.0000079  -0.00004350
 256    0.0000142  -0.00008806
 257    0.0000009  -0.00000704
 258    0.0000010  -0.00000787
 259    0.0000575  -0.00023402
 260    0.0000256  -0.00012168
 261    0.0000219  -0.00011659
 262    0.0000164  -0.00011318
 263    0.0000228  -0.00013509
 264    0.0001037  -0.00059388
 265    0.0000220  -0.00017673
 266    0.0000172  -0.00013101
 267    0.0000002  -0.00000283
 268    0.0000001  -0.00000085
 269    0.0000000  -0.00000033
 270    0.0000000  -0.00000027
 271    0.0000153  -0.00011514
 272    0.0000074  -0.00003932
 273    0.0000074  -0.00003953
 274    0.0000118  -0.00006641
 275    0.0000008  -0.00000609
 276    0.0000005  -0.00000438
 277    0.0000321  -0.00013944
 278    0.0000179  -0.00009551
 279    0.0000145  -0.00008823
 280    0.0000162  -0.00011081
 281    0.0000216  -0.00014204
 282    0.0000764  -0.00034338
 283    0.0000196  -0.00014335
 284    0.0000144  -0.00011744
 285    0.0000002  -0.00000238
 286    0.0000001  -0.00000084
 287    0.0000000  -0.00000035
 288    0.0000000  -0.00000025
 289    0.0000082  -0.00005299
 290    0.0000066  -0.00003627
 291    0.0000072  -0.00003960
 292    0.0000106  -0.00006211
 293    0.0000008  -0.00000563
 294    0.0000005  -0.00000426
 295    0.0000272  -0.00012216
 296    0.0000128  -0.00007550
 297    0.0000134  -0.00008043
 298    0.0000159  -0.00010326
 299    0.0000186  -0.00013616
 300    0.0000227  -0.00015691
 301    0.0000192  -0.00013546
 302    0.0000124  -0.00009822
 303    0.0000002  -0.00000221
 304    0.0000001  -0.00000069
 305    0.0000000  -0.00000024
 306    0.0000000  -0.00000022
 307    0.0000063  -0.00004135
 308    0.0000058  -0.00003321
 309    0.0000059  -0.00003521
 310    0.0000096  -0.00005789
 311    0.0000006  -0.00000491
 312    0.0000005  -0.00000368
 313    0.0000199  -0.00010661
 314    0.0000115  -0.00006904
 315    0.0000122  -0.00006742
 316    0.0000150  -0.00009757
 317    0.0000184  -0.00012227
 318    0.0000181  -0.00013697
 319    0.0000189  -0.00013511
 320    0.0000116  -0.00009299
 321    0.0000002  -0.00000194
 322    0.0000001  -0.00000071
 323    0.0000000  -0.00000025
 324    0.0000000  -0.00000023
 325    0.0000063  -0.00004316
 326    0.0000054  -0.00003284
 327    0.0000050  -0.00003065
 328    0.0000076  -0.00004586
 329    0.0000005  -0.00000345
 330    0.0000004  -0.00000332
 331    0.0000042  -0.00003457
 332    0.0000106  -0.00006292
 333    0.0000096  -0.00006128
 334    0.0000115  -0.00007417
 335    0.0000159  -0.00011582
 336    0.0000177  -0.00013462
 337    0.0000177  -0.00012545
 338    0.0000103  -0.00007994
 339    0.0000001  -0.00000147
 340    0.0000001  -0.00000058
 341    0.0000000  -0.00000025
 342    0.0000000  -0.00000025
 
----------------
 Final Energies 
----------------
Final NOF Total Energy =    -311.2549491
 
Total Orbital Internal Iterations = 2147
Total Occupation Internal Iterations = 824
 
Elapsed time:  351.82 Seconds

---------------------------------
   Lowdin Population Analysis    
---------------------------------
 Idx  Atom   Population   Charge 
---------------------------------
  1     N     6.684       0.316
  2     N     6.683       0.317
  3     F     8.910       0.090
  4     F     8.908       0.092
  5     H     1.203      -0.203
  6     H     1.203      -0.203
  7     H     1.203      -0.203
  8     H     1.206      -0.206

---------------------------------
   M Diagnostic: 0.04
---------------------------------

