17_C.jld2 not found
17_n.jld2 not found
Computing Integrals
NVIDIA GeForce RTX 3090
Elapsed time:   13.43 Seconds

Number of basis functions                   (NBF)    = 334
Number of auxiliary basis functions         (NBFAUX) = 372
Inactive Doubly occupied orbitals up to     (NO1)    = 0
No. considered Strongly Doubly occupied MOs (NDOC)   = 18
No. considered Strongly Singly occupied MOs (NSOC)   = 0
NO. of Weakly occ. per St. Doubly occ.  MOs (NCWO)   = 17
Dimension of the Nat. Orb. subspace         (NBF5)   = 324
No. of electrons                                     = 36
    No. of alpha electrons                           = 18
    No. of beta electrons                            = 18
Multiplicity                                         = 1

Geometry
========
 N       0.8737600      -2.1182800       0.0000000
 P       0.0000000       0.4181300       0.0000000
 H       0.2094500      -2.8807300       0.0000000
 F      -0.8645900       1.8133900       0.0000000
 H       1.4631300      -2.2218200       0.8150700
 H      -0.7353700      -0.2200700       1.0319300
 H       1.4631300      -2.2218200      -0.8150700
 H      -0.7353700      -0.2200700      -1.0319300

No violations of the orthonormality
No violations of the orthonormality
 
PNOF9/ADABelief Calculation
==================
 
  Nitext  Nit_orb  Time   Nit_occ  Time         Eelec          Etot           Ediff      maxdiff    MaxGrad_orb  Grad_occ
     1      10    4.3e+01   24    3.9e+01  -572.30922765  -458.49966480 -10571.30922765   5.185878   2.1e+01   1.6e-04 0.00
     2      10    3.6e-01   96    1.8e+01  -587.17703727  -473.36747443   -14.86780962   8.061688   3.2e+01   2.0e-04 0.01
     3      10    3.4e-01    0    2.5e-01  -587.39257656  -473.58301372    -0.21553929   8.061636   3.2e+01   2.0e-04 0.01
     4      30    9.9e-01  111    2.0e+01  -603.89112163  -490.08155879   -16.49854507   0.624167   2.5e+00   2.1e-04 0.02
     5      30    1.1e+00   47    8.7e+00  -608.08813734  -494.27857449    -4.19701570   0.511332   2.0e+00   2.6e-04 0.02
     6      30    9.8e-01   49    9.5e+00  -610.62239741  -496.81283456    -2.53426008   0.136055   5.4e-01   2.5e-04 0.02
     7      30    1.1e+00   62    1.1e+01  -611.74673088  -497.93716804    -1.12433347   0.087347   3.5e-01   1.7e-04 0.02
     8      30    1.1e+00   25    4.6e+00  -612.23177437  -498.42221152    -0.48504348   0.061770   2.5e-01   3.3e-04 0.02
     9      30    1.1e+00   39    7.2e+00  -612.39106493  -498.58150208    -0.15929056   0.034888   1.4e-01   2.3e-04 0.02
    10      30    9.9e-01   28    5.4e+00  -612.44072695  -498.63116411    -0.04966202   0.042470   1.7e-01   2.4e-04 0.02
    11      30    9.6e-01   27    5.3e+00  -612.45336389  -498.64380105    -0.01263694   0.030705   1.2e-01   3.1e-04 0.02
    12      30    9.5e-01   26    4.6e+00  -612.45947581  -498.64991296    -0.00611191   0.039165   1.6e-01   2.5e-04 0.03
    13      30    9.3e-01   34    6.4e+00  -612.47507421  -498.66551137    -0.01559841   0.041995   1.7e-01   2.6e-04 0.03
    14      30    9.4e-01   24    4.5e+00  -612.48245774  -498.67289489    -0.00738352   0.035052   1.4e-01   2.0e-04 0.03
    15      30    9.4e-01   27    5.0e+00  -612.48654364  -498.67698079    -0.00408590   0.039486   1.6e-01   1.6e-04 0.03
    16      30    1.1e+00   26    4.7e+00  -612.49057043  -498.68100758    -0.00402679   0.030994   1.2e-01   1.6e-04 0.03
    17      30    1.1e+00   18    3.9e+00  -612.49500241  -498.68543956    -0.00443198   0.035664   1.4e-01   1.9e-04 0.03
    18      30    9.5e-01    0    2.5e-01  -612.49562178  -498.68605893    -0.00061937   0.035663   1.4e-01   1.9e-04 0.03
    19      50    1.6e+00   19    3.6e+00  -612.51642660  -498.70686375    -0.02080482   0.003718   1.5e-02   2.1e-04 0.03
    20      50    1.7e+00   12    2.7e+00  -612.51795898  -498.70839613    -0.00153238   0.006581   2.6e-02   2.1e-04 0.03
    21      50    1.7e+00   12    2.5e+00  -612.51999881  -498.71043597    -0.00203983   0.007267   2.9e-02   2.3e-04 0.03
    22      50    1.7e+00   11    2.4e+00  -612.52187946  -498.71231662    -0.00188065   0.005411   2.2e-02   2.8e-04 0.03
    23      50    1.7e+00   13    2.8e+00  -612.52326511  -498.71370226    -0.00138564   0.006281   2.5e-02   2.2e-04 0.03
    24      50    1.6e+00   14    2.9e+00  -612.52478210  -498.71521926    -0.00151700   0.005889   2.4e-02   1.8e-04 0.03
    25      50    1.7e+00    7    1.7e+00  -612.52584453  -498.71628169    -0.00106243   0.006479   2.6e-02   2.9e-04 0.03
    26      50    1.7e+00   13    2.6e+00  -612.52691079  -498.71734795    -0.00106626   0.006059   2.4e-02   1.9e-04 0.03
    27      50    1.7e+00   13    2.4e+00  -612.52770532  -498.71814247    -0.00079453   0.007357   2.9e-02   1.6e-04 0.03
    28      50    1.7e+00    9    1.9e+00  -612.52853736  -498.71897451    -0.00083204   0.006437   2.6e-02   2.5e-04 0.03
    29      50    1.7e+00    9    2.1e+00  -612.52925636  -498.71969352    -0.00071901   0.006329   2.5e-02   2.2e-04 0.03
    30      50    1.6e+00   11    2.6e+00  -612.53008314  -498.72052030    -0.00082678   0.005998   2.4e-02   2.2e-04 0.03
    31      50    1.7e+00   12    2.6e+00  -612.53068371  -498.72112086    -0.00060057   0.005921   2.4e-02   1.7e-04 0.03
    32      50    1.7e+00    6    1.4e+00  -612.53141818  -498.72185533    -0.00073447   0.005830   2.3e-02   2.9e-04 0.03
    33      50    1.6e+00   12    2.4e+00  -612.53203305  -498.72247020    -0.00061487   0.006215   2.5e-02   1.7e-04 0.03
    34      50    1.7e+00   12    2.7e+00  -612.53264541  -498.72308257    -0.00061237   0.006001   2.4e-02   1.6e-04 0.03
    35      50    1.6e+00    6    1.4e+00  -612.53311367  -498.72355083    -0.00046826   0.005575   2.2e-02   1.8e-04 0.03
    36      50    1.6e+00    6    1.3e+00  -612.53365567  -498.72409282    -0.00054200   0.005060   2.0e-02   2.0e-04 0.03
    37      50    1.7e+00    6    1.3e+00  -612.53398078  -498.72441794    -0.00032511   0.006194   2.5e-02   2.2e-04 0.03
    38      50    1.6e+00    6    1.5e+00  -612.53434852  -498.72478567    -0.00036773   0.004636   1.9e-02   2.2e-04 0.03
    39      50    1.7e+00    6    1.4e+00  -612.53455399  -498.72499114    -0.00020547   0.006334   2.5e-02   2.3e-04 0.03
    40      50    1.6e+00    6    1.3e+00  -612.53475477  -498.72519192    -0.00020078   0.004902   2.0e-02   2.4e-04 0.03
    41      50    1.7e+00    6    1.3e+00  -612.53495327  -498.72539042    -0.00019850   0.005720   2.3e-02   2.6e-04 0.03
    42      50    1.7e+00    6    1.2e+00  -612.53515408  -498.72559123    -0.00020081   0.005245   2.1e-02   2.3e-04 0.03
    43      50    1.7e+00    0    1.7e-01  -612.53515498  -498.72559214    -0.00000091   0.005245   2.1e-02   2.3e-04 0.03
    44      68    2.2e+00    3    8.4e-01  -612.53560653  -498.72604368    -0.00045154   0.001382   5.5e-03   1.9e-04 0.03
    45      70    2.3e+00    6    1.3e+00  -612.53562797  -498.72606512    -0.00002144   0.001007   4.0e-03   2.1e-04 0.03
    46      70    2.3e+00    3    8.0e-01  -612.53570270  -498.72613986    -0.00007474   0.001304   5.2e-03   2.1e-04 0.03
    47      70    2.3e+00    6    1.3e+00  -612.53570194  -498.72613909     0.00000077   0.001603   6.4e-03   2.2e-04 0.03
    48      70    2.2e+00    3    6.9e-01  -612.53577978  -498.72621693    -0.00007784   0.001223   4.9e-03   2.0e-04 0.03
    49      70    2.3e+00    6    1.4e+00  -612.53581359  -498.72625074    -0.00003381   0.001199   4.8e-03   2.0e-04 0.03
    50      70    2.3e+00    3    8.8e-01  -612.53586411  -498.72630126    -0.00005052   0.001879   7.5e-03   1.7e-04 0.03
    51      70    2.3e+00    1    3.9e-01  -612.53592880  -498.72636595    -0.00006468   0.001237   4.9e-03   2.9e-04 0.03
    52      70    2.3e+00    0    1.5e-01  -612.53592680  -498.72636395     0.00000200   0.001237   4.9e-03   2.9e-04 0.03
    53      43    1.4e+00    5    1.1e+00  -612.53593596  -498.72637311    -0.00000916   0.011887   4.8e-02   2.0e-04 0.03
    54      53    1.7e+00    2    5.2e-01  -612.53596026  -498.72639742    -0.00002430   0.000420   1.7e-03   1.6e-04 0.03
 
RESULTS OF THE OCCUPATION OPTIMIZATION
========================================
   1    1.9999994  -80.02134705
   2    1.9999963  -26.30276871
   3    1.9999918  -15.58823967
   4    1.9999315  -7.52310658
   5    1.9995518  -5.42637634
   6    1.9998057  -5.42409897
   7    1.9997803  -5.42340231
   8    1.9875143  -1.36756182
   9    1.9875656  -1.35452819
  10    1.9797565  -0.85008270
  11    1.9754872  -0.67739069
  12    1.9698537  -0.66992366
  13    1.9782159  -0.66103232
  14    1.9701724  -0.65701813
  15    1.9750972  -0.62379700
  16    1.9796365  -0.61626339
  17    1.9699006  -0.57997561
  18    1.9703432  -0.44861206
  19    0.0213620  -0.02959319
  20    0.0140129  -0.02176311
  21    0.0063926  -0.02040268
  22    0.0094993  -0.02032511
  23    0.0156395  -0.02322047
  24    0.0091218  -0.01989971
  25    0.0261911  -0.04793444
  26    0.0185204  -0.02593417
  27    0.0145520  -0.02860263
  28    0.0029837  -0.01097255
  29    0.0044472  -0.01659604
  30    0.0000909  -0.00207223
  31    0.0000560  -0.00139325
  32    0.0003572  -0.00684385
  33    0.0000415  -0.00085449
  34    0.0000012  -0.00000666
  35    0.0000006  -0.00000343
  36    0.0000001  -0.00000047
  37    0.0078692  -0.01106323
  38    0.0075179  -0.01431041
  39    0.0046158  -0.01173987
  40    0.0038525  -0.01001076
  41    0.0046795  -0.00857704
  42    0.0078776  -0.02275832
  43    0.0034422  -0.00880810
  44    0.0010949  -0.00280622
  45    0.0026805  -0.00963821
  46    0.0026754  -0.01071047
  47    0.0020950  -0.01025843
  48    0.0000384  -0.00045915
  49    0.0000195  -0.00017141
  50    0.0000121  -0.00012263
  51    0.0000074  -0.00016147
  52    0.0000009  -0.00000636
  53    0.0000006  -0.00000205
  54    0.0000001  -0.00000045
  55    0.0000947  -0.00023432
  56    0.0043156  -0.00799797
  57    0.0035193  -0.00995507
  58    0.0034834  -0.00939549
  59    0.0045585  -0.00805903
  60    0.0014464  -0.00494014
  61    0.0001695  -0.00056785
  62    0.0010622  -0.00246673
  63    0.0016289  -0.00556465
  64    0.0018183  -0.00804092
  65    0.0011033  -0.00687016
  66    0.0000145  -0.00023410
  67    0.0000192  -0.00016894
  68    0.0000119  -0.00012126
  69    0.0000041  -0.00024870
  70    0.0000008  -0.00005337
  71    0.0000005  -0.00006090
  72    0.0000001  -0.00000045
  73    0.0000779  -0.00018771
  74    0.0038244  -0.00725728
  75    0.0025903  -0.00944999
  76    0.0033817  -0.00936976
  77    0.0042067  -0.00767306
  78    0.0006173  -0.00189923
  79    0.0001510  -0.00044789
  80    0.0007302  -0.00159949
  81    0.0006542  -0.00169365
  82    0.0010896  -0.00669602
  83    0.0009147  -0.00429752
  84    0.0000139  -0.00014988
  85    0.0000179  -0.00019490
  86    0.0000116  -0.00014885
  87    0.0000026  -0.00001832
  88    0.0000007  -0.00000376
  89    0.0000004  -0.00000215
  90    0.0000000  -0.00000038
  91    0.0000591  -0.00016649
  92    0.0001716  -0.00049545
  93    0.0014167  -0.00468459
  94    0.0032687  -0.00918327
  95    0.0002433  -0.00067272
  96    0.0004702  -0.00152004
  97    0.0000568  -0.00017053
  98    0.0006160  -0.00145783
  99    0.0002947  -0.00093016
 100    0.0008674  -0.00390227
 101    0.0006103  -0.00278379
 102    0.0000131  -0.00014393
 103    0.0000164  -0.00046092
 104    0.0000103  -0.00020174
 105    0.0000017  -0.00000924
 106    0.0000006  -0.00000359
 107    0.0000002  -0.00000085
 108    0.0000000  -0.00000035
 109    0.0000427  -0.00012814
 110    0.0000747  -0.00025131
 111    0.0009080  -0.00256503
 112    0.0008653  -0.00240757
 113    0.0001472  -0.00043047
 114    0.0003912  -0.00129888
 115    0.0000507  -0.00015014
 116    0.0006056  -0.00144424
 117    0.0001125  -0.00038345
 118    0.0006961  -0.00452034
 119    0.0005863  -0.00271858
 120    0.0000105  -0.00014578
 121    0.0000140  -0.00013280
 122    0.0000086  -0.00007610
 123    0.0000016  -0.00000796
 124    0.0000006  -0.00000337
 125    0.0000002  -0.00000085
 126    0.0000000  -0.00000033
 127    0.0000339  -0.00009178
 128    0.0000412  -0.00014545
 129    0.0004345  -0.00140476
 130    0.0002361  -0.00088365
 131    0.0000814  -0.00025924
 132    0.0002854  -0.00109664
 133    0.0000405  -0.00011600
 134    0.0005308  -0.00129930
 135    0.0000965  -0.00033583
 136    0.0005919  -0.00242783
 137    0.0005629  -0.00244564
 138    0.0000077  -0.00006231
 139    0.0000098  -0.00010897
 140    0.0000076  -0.00008667
 141    0.0000015  -0.00000755
 142    0.0000004  -0.00000269
 143    0.0000001  -0.00000082
 144    0.0000000  -0.00000031
 145    0.0000292  -0.00008936
 146    0.0000356  -0.00012353
 147    0.0001732  -0.00061254
 148    0.0000956  -0.00030346
 149    0.0000606  -0.00019170
 150    0.0002823  -0.00108926
 151    0.0000081  -0.00003596
 152    0.0003895  -0.00096101
 153    0.0000532  -0.00020120
 154    0.0004011  -0.00205329
 155    0.0004665  -0.00209148
 156    0.0000072  -0.00005760
 157    0.0000088  -0.00007111
 158    0.0000073  -0.00008163
 159    0.0000014  -0.00000673
 160    0.0000004  -0.00000194
 161    0.0000001  -0.00000087
 162    0.0000000  -0.00000030
 163    0.0000166  -0.00005662
 164    0.0000260  -0.00009560
 165    0.0001116  -0.00041387
 166    0.0000640  -0.00020379
 167    0.0000435  -0.00014730
 168    0.0002738  -0.00106440
 169    0.0000075  -0.00002753
 170    0.0003174  -0.00086352
 171    0.0000297  -0.00013591
 172    0.0002870  -0.00109173
 173    0.0003370  -0.00139231
 174    0.0000042  -0.00002895
 175    0.0000071  -0.00007210
 176    0.0000065  -0.00006307
 177    0.0000013  -0.00000603
 178    0.0000004  -0.00000182
 179    0.0000001  -0.00000077
 180    0.0000000  -0.00000026
 181    0.0000138  -0.00005808
 182    0.0000229  -0.00008205
 183    0.0000703  -0.00025566
 184    0.0000419  -0.00015443
 185    0.0000388  -0.00013918
 186    0.0002687  -0.00103166
 187    0.0000062  -0.00002508
 188    0.0002859  -0.00077490
 189    0.0000226  -0.00011432
 190    0.0002493  -0.00137723
 191    0.0003101  -0.00117868
 192    0.0000039  -0.00020466
 193    0.0000060  -0.00007949
 194    0.0000059  -0.00005159
 195    0.0000012  -0.00000534
 196    0.0000003  -0.00000171
 197    0.0000001  -0.00000066
 198    0.0000000  -0.00000025
 199    0.0000108  -0.00004564
 200    0.0000182  -0.00006581
 201    0.0000505  -0.00018956
 202    0.0000302  -0.00010872
 203    0.0000277  -0.00009482
 204    0.0002463  -0.00090199
 205    0.0000058  -0.00002288
 206    0.0001169  -0.00035783
 207    0.0000197  -0.00013061
 208    0.0001831  -0.00113483
 209    0.0002766  -0.00108157
 210    0.0000030  -0.00002832
 211    0.0000050  -0.00003033
 212    0.0000030  -0.00002061
 213    0.0000011  -0.00000486
 214    0.0000003  -0.00000162
 215    0.0000001  -0.00000072
 216    0.0000000  -0.00000023
 217    0.0000104  -0.00004291
 218    0.0000168  -0.00006108
 219    0.0000352  -0.00015752
 220    0.0000258  -0.00011080
 221    0.0000260  -0.00008734
 222    0.0002441  -0.00093837
 223    0.0000050  -0.00001875
 224    0.0000772  -0.00024274
 225    0.0000187  -0.00011704
 226    0.0001802  -0.00087485
 227    0.0002518  -0.00123854
 228    0.0000028  -0.00001900
 229    0.0000043  -0.00008174
 230    0.0000019  -0.00001226
 231    0.0000007  -0.00000317
 232    0.0000003  -0.00000159
 233    0.0000001  -0.00000067
 234    0.0000000  -0.00000019
 235    0.0000091  -0.00003326
 236    0.0000073  -0.00002844
 237    0.0000248  -0.00012315
 238    0.0000175  -0.00008169
 239    0.0000229  -0.00007932
 240    0.0001703  -0.00054539
 241    0.0000043  -0.00001479
 242    0.0000522  -0.00016788
 243    0.0000168  -0.00010196
 244    0.0001265  -0.00053000
 245    0.0001790  -0.00116771
 246    0.0000024  -0.00001572
 247    0.0000025  -0.00001530
 248    0.0000017  -0.00000961
 249    0.0000005  -0.00000250
 250    0.0000003  -0.00000139
 251    0.0000001  -0.00000069
 252    0.0000000  -0.00000018
 253    0.0000087  -0.00003175
 254    0.0000047  -0.00001783
 255    0.0000079  -0.00004583
 256    0.0000121  -0.00005778
 257    0.0000191  -0.00006726
 258    0.0000388  -0.00015157
 259    0.0000033  -0.00001249
 260    0.0000407  -0.00014300
 261    0.0000165  -0.00010203
 262    0.0001028  -0.00039838
 263    0.0001317  -0.00057886
 264    0.0000022  -0.00001240
 265    0.0000023  -0.00001318
 266    0.0000009  -0.00000429
 267    0.0000005  -0.00000227
 268    0.0000003  -0.00000141
 269    0.0000001  -0.00000063
 270    0.0000000  -0.00000018
 271    0.0000077  -0.00003006
 272    0.0000040  -0.00001522
 273    0.0000061  -0.00003441
 274    0.0000105  -0.00005287
 275    0.0000164  -0.00005836
 276    0.0000221  -0.00009669
 277    0.0000018  -0.00000455
 278    0.0000329  -0.00012353
 279    0.0000159  -0.00010316
 280    0.0000870  -0.00035225
 281    0.0001034  -0.00040854
 282    0.0000020  -0.00001068
 283    0.0000020  -0.00001161
 284    0.0000006  -0.00000354
 285    0.0000005  -0.00000214
 286    0.0000002  -0.00000160
 287    0.0000001  -0.00000062
 288    0.0000000  -0.00000019
 289    0.0000065  -0.00002230
 290    0.0000035  -0.00001092
 291    0.0000040  -0.00002089
 292    0.0000098  -0.00005101
 293    0.0000129  -0.00004663
 294    0.0000150  -0.00009566
 295    0.0000014  -0.00000292
 296    0.0000237  -0.00008443
 297    0.0000155  -0.00009812
 298    0.0000589  -0.00023194
 299    0.0000643  -0.00027101
 300    0.0000015  -0.00000719
 301    0.0000019  -0.00001002
 302    0.0000006  -0.00000298
 303    0.0000004  -0.00000182
 304    0.0000002  -0.00000113
 305    0.0000001  -0.00000065
 306    0.0000000  -0.00000014
 307    0.0000043  -0.00001464
 308    0.0000022  -0.00000485
 309    0.0000027  -0.00001381
 310    0.0000083  -0.00004121
 311    0.0000037  -0.00001341
 312    0.0000128  -0.00008266
 313    0.0000012  -0.00000281
 314    0.0000164  -0.00007444
 315    0.0000155  -0.00009735
 316    0.0000362  -0.00016649
 317    0.0000456  -0.00018399
 318    0.0000014  -0.00000685
 319    0.0000018  -0.00000871
 320    0.0000006  -0.00000264
 321    0.0000004  -0.00000202
 322    0.0000002  -0.00000165
 323    0.0000001  -0.00000053
 324    0.0000000  -0.00000014
 
----------------
 Final Energies 
----------------
Final NOF Total Energy =    -498.7263974
 
Total Orbital Internal Iterations = 2454
Total Occupation Internal Iterations = 934
 
Elapsed time:  388.48 Seconds

---------------------------------
   Lowdin Population Analysis    
---------------------------------
 Idx  Atom   Population   Charge 
---------------------------------
  1     N     6.355       0.645
  2     P    14.807       0.193
  3     H     1.184      -0.184
  4     F     8.974       0.026
  5     H     1.179      -0.179
  6     H     1.160      -0.160
  7     H     1.180      -0.180
  8     H     1.161      -0.161

---------------------------------
   M Diagnostic: 0.03
---------------------------------

