ne2_C.jld2 not found
ne2_n.jld2 not found
Computing Integrals
NVIDIA GeForce RTX 3090
Elapsed time:    4.85 Seconds

Number of basis functions                   (NBF)    = 114
Number of auxiliary basis functions         (NBFAUX) = 154
Inactive Doubly occupied orbitals up to     (NO1)    = 0
No. considered Strongly Doubly occupied MOs (NDOC)   = 10
No. considered Strongly Singly occupied MOs (NSOC)   = 0
NO. of Weakly occ. per St. Doubly occ.  MOs (NCWO)   = 10
Dimension of the Nat. Orb. subspace         (NBF5)   = 110
No. of electrons                                     = 20
    No. of alpha electrons                           = 10
    No. of beta electrons                            = 10
Multiplicity                                         = 1

Geometry
========
Ne       0.0000000       0.0000000       1.5449900
Ne       0.0000000       0.0000000      -1.5449900

No violations of the orthonormality
No violations of the orthonormality
 
PNOF9/ADABelief Calculation
==================
 
  Nitext  Nit_orb  Time   Nit_occ  Time         Eelec          Etot           Ediff      maxdiff    MaxGrad_orb  Grad_occ
     1      10    4.2e+01   14    3.5e+01  -268.19302525  -251.06747344 -10267.19302525   1.430070   5.7e+00   1.5e-04 0.00
     2      10    8.7e-02   38    6.5e-01  -272.90663498  -255.78108318    -4.71360974   0.244328   9.8e-01   1.9e-04 0.01
     3      10    8.8e-02   45    4.9e-01  -274.31092703  -257.18537522    -1.40429204   0.556040   2.2e+00   2.1e-04 0.01
     4      10    9.2e-02    0    8.2e-03  -274.34811125  -257.22255944    -0.03718422   0.556036   2.2e+00   2.1e-04 0.01
     5      30    2.5e-01   33    4.0e-01  -274.76031803  -257.63476622    -0.41220678   0.107602   4.3e-01   1.8e-04 0.01
     6      30    2.4e-01   26    3.5e-01  -274.82234625  -257.69679444    -0.06202822   0.042733   1.7e-01   1.6e-04 0.01
     7      30    2.4e-01   20    1.6e-01  -274.83815124  -257.71259943    -0.01580499   0.020474   8.2e-02   2.5e-04 0.02
     8      30    2.4e-01   22    2.9e-01  -274.84454972  -257.71899792    -0.00639849   0.016020   6.4e-02   2.2e-04 0.02
     9      30    2.3e-01   23    1.9e-01  -274.84657801  -257.72102621    -0.00202829   0.015755   6.3e-02   1.2e-04 0.02
    10      30    2.4e-01    8    7.4e-02  -274.84789302  -257.72234122    -0.00131501   0.012409   5.0e-02   2.1e-04 0.02
    11      30    2.4e-01    8    7.9e-02  -274.84880439  -257.72325259    -0.00091137   0.013226   5.3e-02   2.0e-04 0.02
    12      30    2.4e-01    7    1.7e-01  -274.84955858  -257.72400678    -0.00075419   0.011190   4.5e-02   2.7e-04 0.02
    13      30    2.4e-01   16    1.3e-01  -274.85009699  -257.72454518    -0.00053841   0.011234   4.5e-02   1.6e-04 0.02
    14      30    2.4e-01    2    3.5e-02  -274.85090231  -257.72535051    -0.00080532   0.007892   3.2e-02   1.7e-04 0.02
    15      30    2.4e-01    4    4.0e-02  -274.85098286  -257.72543106    -0.00008055   0.007446   3.0e-02   1.4e-04 0.02
    16      30    2.4e-01    2    3.2e-02  -274.85101328  -257.72546147    -0.00003041   0.006508   2.6e-02   1.8e-04 0.02
    17      30    2.3e-01    4    5.0e-02  -274.85107212  -257.72552032    -0.00005884   0.006333   2.5e-02   1.5e-04 0.02
    18      30    2.3e-01    1    5.6e-02  -274.85108665  -257.72553484    -0.00001452   0.005472   2.2e-02   2.3e-04 0.02
    19      30    2.3e-01    4    3.4e-02  -274.85122293  -257.72567112    -0.00013628   0.005262   2.1e-02   1.5e-04 0.02
    20      30    2.3e-01    0    2.9e-02  -274.85122294  -257.72567113    -0.00000001   0.005262   2.1e-02   1.5e-04 0.02
    21      50    3.8e-01    1    1.5e-02  -274.85138408  -257.72583227    -0.00016114   0.000523   2.1e-03   1.6e-04 0.02
 
RESULTS OF THE OCCUPATION OPTIMIZATION
========================================
   1    1.9999747  -32.82769012
   2    1.9999690  -32.82698441
   3    1.9963440  -1.98503184
   4    1.9913920  -1.98275018
   5    1.9851575  -0.90911669
   6    1.9810247  -0.90582621
   7    1.9821433  -0.90547609
   8    1.9793693  -0.90523839
   9    1.9822597  -0.90522391
  10    1.9794478  -0.90455127
  11    0.0082560  -0.02039890
  12    0.0094484  -0.02705415
  13    0.0083939  -0.02059712
  14    0.0094654  -0.02740845
  15    0.0097387  -0.02144850
  16    0.0115186  -0.02282424
  17    0.0036770  -0.01163242
  18    0.0009428  -0.00373041
  19    0.0000053  -0.00018008
  20    0.0000033  -0.00010488
  21    0.0079203  -0.01955569
  22    0.0036329  -0.01111056
  23    0.0078262  -0.01963860
  24    0.0037404  -0.01132607
  25    0.0039419  -0.01121805
  26    0.0007702  -0.00572812
  27    0.0036563  -0.01164768
  28    0.0009006  -0.00527975
  29    0.0000033  -0.00010438
  30    0.0000032  -0.00010372
  31    0.0035706  -0.01093371
  32    0.0036021  -0.01105828
  33    0.0036024  -0.01112147
  34    0.0036909  -0.01124310
  35    0.0038492  -0.01116001
  36    0.0006879  -0.00231285
  37    0.0002766  -0.00140435
  38    0.0008794  -0.00462653
  39    0.0000032  -0.00010397
  40    0.0000032  -0.00010302
  41    0.0002513  -0.00125847
  42    0.0002618  -0.00127474
  43    0.0002524  -0.00126997
  44    0.0006346  -0.00240111
  45    0.0006058  -0.00216851
  46    0.0006742  -0.00234650
  47    0.0002741  -0.00136883
  48    0.0003652  -0.00148474
  49    0.0000032  -0.00010321
  50    0.0000032  -0.00010263
  51    0.0002512  -0.00125774
  52    0.0002507  -0.00124807
  53    0.0002507  -0.00126020
  54    0.0002453  -0.00121235
  55    0.0002686  -0.00126333
  56    0.0002922  -0.00130963
  57    0.0002710  -0.00136753
  58    0.0003636  -0.00148045
  59    0.0000032  -0.00010334
  60    0.0000031  -0.00010205
  61    0.0002419  -0.00122150
  62    0.0002477  -0.00124135
  63    0.0002452  -0.00123789
  64    0.0000177  -0.00018454
  65    0.0002675  -0.00126218
  66    0.0002918  -0.00131742
  67    0.0002676  -0.00134761
  68    0.0001209  -0.00220646
  69    0.0000032  -0.00010220
  70    0.0000031  -0.00010147
  71    0.0000157  -0.00015069
  72    0.0002450  -0.00123121
  73    0.0000154  -0.00015169
  74    0.0000159  -0.00015350
  75    0.0002557  -0.00123046
  76    0.0002883  -0.00131591
  77    0.0001290  -0.00229843
  78    0.0000221  -0.00021590
  79    0.0000031  -0.00010179
  80    0.0000031  -0.00010078
  81    0.0000155  -0.00013475
  82    0.0000184  -0.00019620
  83    0.0000150  -0.00013317
  84    0.0000155  -0.00013547
  85    0.0000165  -0.00016327
  86    0.0002837  -0.00130606
  87    0.0000196  -0.00020805
  88    0.0000218  -0.00021470
  89    0.0000031  -0.00010153
  90    0.0000018  -0.00001797
  91    0.0000150  -0.00013177
  92    0.0000181  -0.00018896
  93    0.0000149  -0.00013323
  94    0.0000155  -0.00013649
  95    0.0000161  -0.00014714
  96    0.0000182  -0.00016244
  97    0.0000195  -0.00021075
  98    0.0000204  -0.00017999
  99    0.0000030  -0.00009177
 100    0.0000009  -0.00001014
 101    0.0000148  -0.00013135
 102    0.0000154  -0.00014852
 103    0.0000145  -0.00013009
 104    0.0000154  -0.00013522
 105    0.0000153  -0.00013583
 106    0.0000174  -0.00015369
 107    0.0000174  -0.00058267
 108    0.0000193  -0.00051019
 109    0.0000004  -0.00007683
 110    0.0000006  -0.00008554
 
----------------
 Final Energies 
----------------
Final NOF Total Energy =    -257.7258323
 
Total Orbital Internal Iterations = 570
Total Occupation Internal Iterations = 278
 
Elapsed time:  112.66 Seconds

---------------------------------
   Lowdin Population Analysis    
---------------------------------
 Idx  Atom   Population   Charge 
---------------------------------
  1    Ne    10.000       0.000
  2    Ne    10.000      -0.000

---------------------------------
   M Diagnostic: 0.02
---------------------------------

