E45_C.jld2 not found
E45_n.jld2 not found
Computing Integrals
NVIDIA GeForce RTX 3090
Elapsed time:   22.71 Seconds

Number of basis functions                   (NBF)    = 645
Number of auxiliary basis functions         (NBFAUX) = 591
Inactive Doubly occupied orbitals up to     (NO1)    = 0
No. considered Strongly Doubly occupied MOs (NDOC)   = 21
No. considered Strongly Singly occupied MOs (NSOC)   = 0
NO. of Weakly occ. per St. Doubly occ.  MOs (NCWO)   = 29
Dimension of the Nat. Orb. subspace         (NBF5)   = 630
No. of electrons                                     = 42
    No. of alpha electrons                           = 21
    No. of beta electrons                            = 21
Multiplicity                                         = 1

Geometry
========
 C      -0.8878700      -0.8878700      -0.8878700
 C       0.0000000       0.0000000       0.0000000
 C       0.8878700       0.8878700      -0.8878700
 C      -0.8878700       0.8878700       0.8878700
 C       0.8878700      -0.8878700       0.8878700
 H      -1.5317700      -0.2823100      -1.5317700
 H      -0.2823100      -1.5317700      -1.5317700
 H      -1.5317700      -1.5317700      -0.2823100
 H       0.2823100       1.5317700      -1.5317700
 H       1.5317700       1.5317700      -0.2823100
 H       1.5317700       0.2823100      -1.5317700
 H      -1.5317700       1.5317700       0.2823100
 H      -1.5317700       0.2823100       1.5317700
 H      -0.2823100       1.5317700       1.5317700
 H       1.5317700      -1.5317700       0.2823100
 H       1.5317700      -0.2823100       1.5317700
 H       0.2823100      -1.5317700       1.5317700

No violations of the orthonormality
No violations of the orthonormality
 
PNOF9/ADABelief Calculation
==================
 
  Nitext  Nit_orb  Time   Nit_occ  Time         Eelec          Etot           Ediff      maxdiff    MaxGrad_orb  Grad_occ
     1      10    4.4e+01   14    4.6e+01  -378.00720860  -179.91810213 -10377.00720860   0.993432   4.0e+00   1.5e-04 0.00
     2      10    1.6e+00  182    1.5e+02  -383.60906422  -185.51995774    -5.60185562   0.581279   2.3e+00   1.9e-04 0.01
     3      10    1.6e+00    0    9.2e-01  -384.05992226  -185.97081579    -0.45085804   0.581172   2.3e+00   1.9e-04 0.01
     4      30    4.6e+00  114    8.7e+01  -393.88497964  -195.79587317    -9.82505738   0.293289   1.2e+00   2.5e-04 0.02
     5      30    4.6e+00   34    2.6e+01  -394.81272744  -196.72362096    -0.92774779   0.130342   5.2e-01   2.6e-04 0.02
     6      30    4.6e+00   21    1.7e+01  -395.45450437  -197.36539790    -0.64177693   0.114000   4.6e-01   3.3e-04 0.02
     7      30    4.6e+00   24    1.9e+01  -395.58573517  -197.49662869    -0.13123080   0.043309   1.7e-01   2.7e-04 0.02
     8      30    4.6e+00   16    1.3e+01  -395.60754338  -197.51843690    -0.02180821   0.014045   5.6e-02   2.6e-04 0.02
     9      30    4.6e+00   16    1.3e+01  -395.61611653  -197.52701006    -0.00857316   0.014857   5.9e-02   2.4e-04 0.03
    10      30    4.6e+00   18    1.4e+01  -395.62423126  -197.53512478    -0.00811472   0.015599   6.2e-02   2.7e-04 0.03
    11      30    4.6e+00   10    8.2e+00  -395.62984891  -197.54074243    -0.00561765   0.016029   6.4e-02   2.4e-04 0.03
    12      30    4.6e+00   12    9.7e+00  -395.63403037  -197.54492390    -0.00418146   0.012507   5.0e-02   2.4e-04 0.03
    13      30    4.6e+00   11    8.9e+00  -395.63542637  -197.54631989    -0.00139600   0.014997   6.0e-02   2.3e-04 0.03
    14      30    4.6e+00    6    5.3e+00  -395.63729622  -197.54818975    -0.00186985   0.015337   6.1e-02   2.9e-04 0.03
    15      30    4.6e+00   11    8.9e+00  -395.63767397  -197.54856750    -0.00037775   0.014876   6.0e-02   2.3e-04 0.03
    16      30    4.6e+00    6    5.3e+00  -395.63876890  -197.54966243    -0.00109493   0.017980   7.2e-02   2.0e-04 0.03
    17      30    4.6e+00    0    7.7e-01  -395.63892491  -197.54981843    -0.00015600   0.017980   7.2e-02   2.0e-04 0.03
    18      50    7.6e+00    6    5.3e+00  -395.64409500  -197.55498852    -0.00517009   0.001516   6.1e-03   2.1e-04 0.03
    19      50    7.6e+00    6    5.2e+00  -395.64436255  -197.55525607    -0.00026755   0.002622   1.0e-02   2.0e-04 0.03
    20      50    7.6e+00    6    5.2e+00  -395.64464913  -197.55554266    -0.00028658   0.002189   8.8e-03   2.1e-04 0.03
    21      50    7.6e+00    6    5.2e+00  -395.64476166  -197.55565518    -0.00011253   0.002884   1.2e-02   2.1e-04 0.03
    22      50    7.6e+00    3    3.0e+00  -395.64487048  -197.55576400    -0.00010882   0.003121   1.2e-02   2.7e-04 0.03
    23      50    7.6e+00    6    5.2e+00  -395.64497157  -197.55586510    -0.00010109   0.002589   1.0e-02   2.4e-04 0.03
    24      50    7.6e+00    6    5.2e+00  -395.64510253  -197.55599605    -0.00013095   0.003188   1.3e-02   2.2e-04 0.03
    25      50    7.6e+00    3    3.0e+00  -395.64522469  -197.55611822    -0.00012217   0.002867   1.1e-02   2.4e-04 0.03
    26      50    7.6e+00    6    5.2e+00  -395.64532626  -197.55621978    -0.00010157   0.003189   1.3e-02   2.1e-04 0.03
    27      50    7.6e+00    3    3.0e+00  -395.64548801  -197.55638153    -0.00016175   0.002645   1.1e-02   2.8e-04 0.03
    28      50    7.6e+00    6    5.3e+00  -395.64554773  -197.55644126    -0.00005972   0.003256   1.3e-02   1.9e-04 0.03
    29      50    7.6e+00    6    5.2e+00  -395.64570405  -197.55659757    -0.00015632   0.004157   1.7e-02   1.7e-04 0.03
    30      50    7.6e+00    3    3.0e+00  -395.64582364  -197.55671716    -0.00011959   0.006329   2.5e-02   2.7e-04 0.03
    31      50    7.6e+00    6    5.2e+00  -395.64594130  -197.55683482    -0.00011765   0.003800   1.5e-02   1.9e-04 0.03
    32      50    7.6e+00    3    3.0e+00  -395.64612046  -197.55701398    -0.00017916   0.002660   1.1e-02   2.4e-04 0.03
    33      50    7.6e+00    0    7.7e-01  -395.64614465  -197.55703818    -0.00002419   0.002660   1.1e-02   2.4e-04 0.03
    34      58    8.7e+00    1    1.5e+00  -395.64625968  -197.55715320    -0.00011502   0.000750   3.0e-03   2.8e-04 0.03
 
RESULTS OF THE OCCUPATION OPTIMIZATION
========================================
   1    1.9999724  -11.22507191
   2    1.9999746  -11.22357178
   3    1.9999791  -11.22307873
   4    1.9999691  -11.22018909
   5    1.9999736  -11.21850681
   6    1.9827398  -0.99457014
   7    1.9820967  -0.93987894
   8    1.9817436  -0.93845361
   9    1.9800643  -0.89452744
  10    1.9800318  -0.70487452
  11    1.9746528  -0.69706774
  12    1.9723648  -0.57358181
  13    1.9731511  -0.57332647
  14    1.9718446  -0.57277906
  15    1.9717948  -0.57239217
  16    1.9723428  -0.56916791
  17    1.9698202  -0.56633544
  18    1.9714768  -0.56512541
  19    1.9726389  -0.56382769
  20    1.9711015  -0.55149370
  21    1.9707835  -0.54226840
  22    0.0229106  -0.03090149
  23    0.0214947  -0.03017166
  24    0.0216885  -0.03035653
  25    0.0137221  -0.01819466
  26    0.0126322  -0.01709576
  27    0.0168464  -0.02045647
  28    0.0164470  -0.02022402
  29    0.0137640  -0.01853067
  30    0.0148928  -0.01918249
  31    0.0148486  -0.01915409
  32    0.0222531  -0.03153239
  33    0.0044201  -0.00791314
  34    0.0136006  -0.02009690
  35    0.0116584  -0.01863097
  36    0.0127356  -0.02036387
  37    0.0120312  -0.01932756
  38    0.0000127  -0.00029264
  39    0.0000125  -0.00028264
  40    0.0000076  -0.00006775
  41    0.0000112  -0.00026610
  42    0.0000124  -0.00030078
  43    0.0050965  -0.00835842
  44    0.0043304  -0.00753728
  45    0.0013319  -0.00304792
  46    0.0046907  -0.00738894
  47    0.0120877  -0.01675757
  48    0.0049067  -0.00704985
  49    0.0051203  -0.00735575
  50    0.0041970  -0.00650874
  51    0.0044146  -0.00673270
  52    0.0050891  -0.00798683
  53    0.0013266  -0.00295198
  54    0.0036272  -0.00624575
  55    0.0043129  -0.00734898
  56    0.0018491  -0.00642552
  57    0.0018971  -0.00635363
  58    0.0013722  -0.00502965
  59    0.0000027  -0.00001753
  60    0.0000098  -0.00020700
  61    0.0000027  -0.00003090
  62    0.0000024  -0.00001897
  63    0.0000031  -0.00001986
  64    0.0009130  -0.00213213
  65    0.0011094  -0.00246007
  66    0.0013041  -0.00300738
  67    0.0041701  -0.00644818
  68    0.0041681  -0.00645851
  69    0.0034569  -0.00561106
  70    0.0046652  -0.00688845
  71    0.0040224  -0.00638870
  72    0.0030597  -0.00521459
  73    0.0040939  -0.00639150
  74    0.0007434  -0.00176202
  75    0.0029507  -0.00714818
  76    0.0006365  -0.00216437
  77    0.0012833  -0.00391858
  78    0.0011300  -0.00390816
  79    0.0010707  -0.00358159
  80    0.0000017  -0.00001896
  81    0.0000017  -0.00002986
  82    0.0000022  -0.00002030
  83    0.0000018  -0.00001602
  84    0.0000017  -0.00001544
  85    0.0000880  -0.00025056
  86    0.0006697  -0.00151148
  87    0.0011117  -0.00256391
  88    0.0032774  -0.00574069
  89    0.0008532  -0.00173796
  90    0.0011581  -0.00237361
  91    0.0013033  -0.00258551
  92    0.0024994  -0.00450276
  93    0.0011096  -0.00245265
  94    0.0010020  -0.00202194
  95    0.0004600  -0.00115809
  96    0.0017878  -0.00612559
  97    0.0004064  -0.00118721
  98    0.0010863  -0.00384730
  99    0.0004785  -0.00163044
 100    0.0005155  -0.00147548
 101    0.0000016  -0.00003865
 102    0.0000007  -0.00000380
 103    0.0000011  -0.00005584
 104    0.0000017  -0.00000919
 105    0.0000016  -0.00001352
 106    0.0000401  -0.00013678
 107    0.0003017  -0.00076016
 108    0.0007439  -0.00158448
 109    0.0009087  -0.00205711
 110    0.0001198  -0.00032560
 111    0.0009736  -0.00187640
 112    0.0003279  -0.00076460
 113    0.0010011  -0.00251888
 114    0.0010083  -0.00241221
 115    0.0005113  -0.00112388
 116    0.0001436  -0.00041931
 117    0.0011259  -0.00427135
 118    0.0002812  -0.00098760
 119    0.0005060  -0.00139805
 120    0.0002743  -0.00099472
 121    0.0003998  -0.00154991
 122    0.0000008  -0.00002714
 123    0.0000006  -0.00000290
 124    0.0000005  -0.00000285
 125    0.0000014  -0.00001002
 126    0.0000013  -0.00003603
 127    0.0000274  -0.00009769
 128    0.0002606  -0.00070087
 129    0.0002976  -0.00075614
 130    0.0006786  -0.00145185
 131    0.0000841  -0.00023049
 132    0.0000724  -0.00021411
 133    0.0001052  -0.00029167
 134    0.0007832  -0.00168905
 135    0.0008760  -0.00172091
 136    0.0003793  -0.00087584
 137    0.0001118  -0.00034784
 138    0.0010406  -0.00286476
 139    0.0001992  -0.00123328
 140    0.0004193  -0.00125230
 141    0.0002123  -0.00098287
 142    0.0003680  -0.00145306
 143    0.0000005  -0.00000274
 144    0.0000004  -0.00000209
 145    0.0000004  -0.00000209
 146    0.0000010  -0.00005128
 147    0.0000009  -0.00004158
 148    0.0000224  -0.00008071
 149    0.0002265  -0.00062368
 150    0.0002567  -0.00066035
 151    0.0002917  -0.00072956
 152    0.0000497  -0.00015907
 153    0.0000356  -0.00012224
 154    0.0000690  -0.00019952
 155    0.0004295  -0.00100227
 156    0.0003972  -0.00094112
 157    0.0003063  -0.00076106
 158    0.0000828  -0.00025231
 159    0.0010395  -0.00376136
 160    0.0000779  -0.00026060
 161    0.0003879  -0.00112665
 162    0.0002005  -0.00089523
 163    0.0003585  -0.00129956
 164    0.0000005  -0.00000245
 165    0.0000004  -0.00000182
 166    0.0000004  -0.00000220
 167    0.0000009  -0.00003261
 168    0.0000006  -0.00000300
 169    0.0000132  -0.00005029
 170    0.0002048  -0.00055179
 171    0.0001119  -0.00032025
 172    0.0002194  -0.00055975
 173    0.0000476  -0.00015212
 174    0.0000315  -0.00011198
 175    0.0000389  -0.00013509
 176    0.0003444  -0.00080379
 177    0.0002913  -0.00066781
 178    0.0002689  -0.00067636
 179    0.0000350  -0.00012620
 180    0.0009031  -0.00233580
 181    0.0000609  -0.00022157
 182    0.0003485  -0.00110597
 183    0.0001574  -0.00059049
 184    0.0002389  -0.00084588
 185    0.0000005  -0.00000241
 186    0.0000004  -0.00000155
 187    0.0000004  -0.00000189
 188    0.0000006  -0.00000326
 189    0.0000005  -0.00000251
 190    0.0000125  -0.00004707
 191    0.0001335  -0.00037118
 192    0.0001075  -0.00031007
 193    0.0001112  -0.00030800
 194    0.0000375  -0.00011594
 195    0.0000307  -0.00010292
 196    0.0000252  -0.00009579
 197    0.0002246  -0.00060214
 198    0.0001264  -0.00037838
 199    0.0002372  -0.00061239
 200    0.0000319  -0.00011675
 201    0.0008304  -0.00207603
 202    0.0000571  -0.00019596
 203    0.0002528  -0.00078841
 204    0.0001432  -0.00057044
 205    0.0001824  -0.00118037
 206    0.0000004  -0.00000201
 207    0.0000003  -0.00000129
 208    0.0000004  -0.00000177
 209    0.0000004  -0.00000216
 210    0.0000005  -0.00000234
 211    0.0000115  -0.00004585
 212    0.0000312  -0.00010719
 213    0.0001039  -0.00029386
 214    0.0000840  -0.00024620
 215    0.0000144  -0.00004808
 216    0.0000288  -0.00010255
 217    0.0000208  -0.00008391
 218    0.0001770  -0.00045288
 219    0.0001099  -0.00031846
 220    0.0001847  -0.00047391
 221    0.0000238  -0.00009181
 222    0.0004658  -0.00121147
 223    0.0000549  -0.00020169
 224    0.0001872  -0.00122883
 225    0.0001054  -0.00035566
 226    0.0001395  -0.00052159
 227    0.0000004  -0.00000179
 228    0.0000003  -0.00000130
 229    0.0000004  -0.00000156
 230    0.0000004  -0.00000178
 231    0.0000004  -0.00000205
 232    0.0000105  -0.00004216
 233    0.0000228  -0.00008442
 234    0.0000755  -0.00021307
 235    0.0000737  -0.00021662
 236    0.0000118  -0.00004274
 237    0.0000158  -0.00005308
 238    0.0000166  -0.00005993
 239    0.0001418  -0.00040248
 240    0.0000966  -0.00026683
 241    0.0001051  -0.00029833
 242    0.0000180  -0.00007306
 243    0.0004344  -0.00111957
 244    0.0000483  -0.00019974
 245    0.0000739  -0.00032894
 246    0.0001047  -0.00037136
 247    0.0001016  -0.00033215
 248    0.0000004  -0.00000174
 249    0.0000003  -0.00000126
 250    0.0000003  -0.00000139
 251    0.0000003  -0.00000120
 252    0.0000004  -0.00000196
 253    0.0000104  -0.00004154
 254    0.0000200  -0.00007126
 255    0.0000673  -0.00020437
 256    0.0000625  -0.00018867
 257    0.0000115  -0.00004082
 258    0.0000129  -0.00004825
 259    0.0000161  -0.00005668
 260    0.0001142  -0.00031785
 261    0.0000775  -0.00023663
 262    0.0000982  -0.00028459
 263    0.0000164  -0.00006346
 264    0.0002965  -0.00081279
 265    0.0000401  -0.00020979
 266    0.0000615  -0.00020783
 267    0.0000785  -0.00029464
 268    0.0000812  -0.00050634
 269    0.0000004  -0.00000156
 270    0.0000003  -0.00000120
 271    0.0000003  -0.00000132
 272    0.0000003  -0.00000101
 273    0.0000004  -0.00000156
 274    0.0000094  -0.00003904
 275    0.0000180  -0.00006113
 276    0.0000415  -0.00013853
 277    0.0000355  -0.00012125
 278    0.0000103  -0.00003861
 279    0.0000117  -0.00004435
 280    0.0000104  -0.00004058
 281    0.0000923  -0.00026439
 282    0.0000696  -0.00020906
 283    0.0000790  -0.00022650
 284    0.0000149  -0.00005458
 285    0.0002642  -0.00077123
 286    0.0000312  -0.00013069
 287    0.0000365  -0.00021267
 288    0.0000637  -0.00023195
 289    0.0000671  -0.00022914
 290    0.0000003  -0.00000145
 291    0.0000002  -0.00000097
 292    0.0000003  -0.00000127
 293    0.0000002  -0.00000087
 294    0.0000003  -0.00000143
 295    0.0000090  -0.00003652
 296    0.0000094  -0.00003979
 297    0.0000301  -0.00010901
 298    0.0000314  -0.00010961
 299    0.0000079  -0.00002783
 300    0.0000109  -0.00004227
 301    0.0000062  -0.00002277
 302    0.0000717  -0.00020257
 303    0.0000616  -0.00018396
 304    0.0000651  -0.00018831
 305    0.0000137  -0.00005082
 306    0.0001296  -0.00044233
 307    0.0000276  -0.00011782
 308    0.0000344  -0.00014599
 309    0.0000540  -0.00021329
 310    0.0000527  -0.00026730
 311    0.0000003  -0.00000140
 312    0.0000002  -0.00000077
 313    0.0000003  -0.00000123
 314    0.0000002  -0.00000099
 315    0.0000003  -0.00000119
 316    0.0000082  -0.00003117
 317    0.0000090  -0.00003880
 318    0.0000129  -0.00004785
 319    0.0000258  -0.00009461
 320    0.0000076  -0.00002684
 321    0.0000102  -0.00004181
 322    0.0000056  -0.00002037
 323    0.0000542  -0.00016482
 324    0.0000467  -0.00014848
 325    0.0000564  -0.00016764
 326    0.0000105  -0.00004380
 327    0.0001192  -0.00039968
 328    0.0000227  -0.00009387
 329    0.0000138  -0.00006064
 330    0.0000475  -0.00022622
 331    0.0000500  -0.00027238
 332    0.0000003  -0.00000143
 333    0.0000002  -0.00000090
 334    0.0000003  -0.00000119
 335    0.0000002  -0.00000067
 336    0.0000003  -0.00000120
 337    0.0000061  -0.00002187
 338    0.0000088  -0.00003634
 339    0.0000115  -0.00004402
 340    0.0000238  -0.00008772
 341    0.0000070  -0.00002354
 342    0.0000076  -0.00002941
 343    0.0000048  -0.00001433
 344    0.0000460  -0.00014317
 345    0.0000429  -0.00013977
 346    0.0000548  -0.00016738
 347    0.0000087  -0.00003924
 348    0.0000951  -0.00029970
 349    0.0000139  -0.00005458
 350    0.0000126  -0.00005324
 351    0.0000472  -0.00021587
 352    0.0000399  -0.00022986
 353    0.0000003  -0.00000125
 354    0.0000002  -0.00000068
 355    0.0000003  -0.00000103
 356    0.0000002  -0.00000067
 357    0.0000003  -0.00000106
 358    0.0000059  -0.00002005
 359    0.0000076  -0.00002656
 360    0.0000108  -0.00004307
 361    0.0000214  -0.00007856
 362    0.0000067  -0.00002078
 363    0.0000073  -0.00002938
 364    0.0000047  -0.00001548
 365    0.0000388  -0.00013020
 366    0.0000367  -0.00012918
 367    0.0000450  -0.00014302
 368    0.0000085  -0.00003841
 369    0.0000837  -0.00027247
 370    0.0000130  -0.00005302
 371    0.0000121  -0.00005180
 372    0.0000416  -0.00021921
 373    0.0000344  -0.00015400
 374    0.0000003  -0.00000103
 375    0.0000002  -0.00000058
 376    0.0000003  -0.00000084
 377    0.0000002  -0.00000066
 378    0.0000003  -0.00000095
 379    0.0000041  -0.00001235
 380    0.0000071  -0.00002802
 381    0.0000087  -0.00003827
 382    0.0000172  -0.00006037
 383    0.0000061  -0.00001909
 384    0.0000062  -0.00002431
 385    0.0000037  -0.00001138
 386    0.0000328  -0.00011402
 387    0.0000321  -0.00011251
 388    0.0000406  -0.00013798
 389    0.0000078  -0.00003207
 390    0.0000681  -0.00024523
 391    0.0000107  -0.00004759
 392    0.0000067  -0.00003188
 393    0.0000226  -0.00009944
 394    0.0000310  -0.00014762
 395    0.0000003  -0.00000101
 396    0.0000002  -0.00000052
 397    0.0000003  -0.00000077
 398    0.0000002  -0.00000048
 399    0.0000003  -0.00000098
 400    0.0000039  -0.00001102
 401    0.0000065  -0.00002303
 402    0.0000082  -0.00003528
 403    0.0000154  -0.00005260
 404    0.0000059  -0.00001854
 405    0.0000052  -0.00001743
 406    0.0000026  -0.00000550
 407    0.0000257  -0.00009518
 408    0.0000294  -0.00010141
 409    0.0000366  -0.00012798
 410    0.0000070  -0.00002822
 411    0.0000602  -0.00021152
 412    0.0000072  -0.00003327
 413    0.0000035  -0.00001546
 414    0.0000197  -0.00008362
 415    0.0000298  -0.00012704
 416    0.0000003  -0.00000104
 417    0.0000002  -0.00000052
 418    0.0000002  -0.00000089
 419    0.0000002  -0.00000044
 420    0.0000002  -0.00000087
 421    0.0000030  -0.00000849
 422    0.0000054  -0.00001885
 423    0.0000074  -0.00002932
 424    0.0000147  -0.00004874
 425    0.0000024  -0.00000275
 426    0.0000051  -0.00001690
 427    0.0000024  -0.00000465
 428    0.0000200  -0.00007204
 429    0.0000140  -0.00004918
 430    0.0000339  -0.00011705
 431    0.0000053  -0.00002183
 432    0.0000526  -0.00018273
 433    0.0000070  -0.00003213
 434    0.0000029  -0.00001333
 435    0.0000175  -0.00007711
 436    0.0000255  -0.00011490
 437    0.0000002  -0.00000080
 438    0.0000002  -0.00000046
 439    0.0000002  -0.00000074
 440    0.0000002  -0.00000039
 441    0.0000002  -0.00000076
 442    0.0000026  -0.00000552
 443    0.0000054  -0.00001876
 444    0.0000063  -0.00002407
 445    0.0000125  -0.00004427
 446    0.0000016  -0.00000200
 447    0.0000046  -0.00001464
 448    0.0000019  -0.00000285
 449    0.0000185  -0.00006860
 450    0.0000117  -0.00004503
 451    0.0000301  -0.00010168
 452    0.0000052  -0.00002152
 453    0.0000484  -0.00016483
 454    0.0000046  -0.00001951
 455    0.0000029  -0.00001316
 456    0.0000158  -0.00006874
 457    0.0000174  -0.00007759
 458    0.0000002  -0.00000059
 459    0.0000002  -0.00000027
 460    0.0000002  -0.00000069
 461    0.0000002  -0.00000030
 462    0.0000002  -0.00000058
 463    0.0000023  -0.00000444
 464    0.0000046  -0.00001360
 465    0.0000051  -0.00001667
 466    0.0000092  -0.00003636
 467    0.0000016  -0.00000122
 468    0.0000039  -0.00001199
 469    0.0000012  -0.00000280
 470    0.0000155  -0.00005422
 471    0.0000098  -0.00004075
 472    0.0000213  -0.00008195
 473    0.0000045  -0.00001638
 474    0.0000394  -0.00014259
 475    0.0000042  -0.00001704
 476    0.0000029  -0.00001284
 477    0.0000155  -0.00006697
 478    0.0000142  -0.00005789
 479    0.0000002  -0.00000054
 480    0.0000002  -0.00000031
 481    0.0000002  -0.00000069
 482    0.0000002  -0.00000021
 483    0.0000002  -0.00000061
 484    0.0000013  -0.00000276
 485    0.0000028  -0.00000708
 486    0.0000046  -0.00001559
 487    0.0000084  -0.00003376
 488    0.0000012  -0.00000172
 489    0.0000034  -0.00001148
 490    0.0000012  -0.00000240
 491    0.0000101  -0.00004021
 492    0.0000075  -0.00002928
 493    0.0000140  -0.00004842
 494    0.0000034  -0.00001285
 495    0.0000373  -0.00014604
 496    0.0000030  -0.00001233
 497    0.0000027  -0.00001103
 498    0.0000128  -0.00005257
 499    0.0000072  -0.00003420
 500    0.0000002  -0.00000052
 501    0.0000002  -0.00000024
 502    0.0000002  -0.00000070
 503    0.0000002  -0.00000029
 504    0.0000002  -0.00000059
 505    0.0000012  -0.00000235
 506    0.0000026  -0.00000572
 507    0.0000046  -0.00001591
 508    0.0000063  -0.00002029
 509    0.0000012  -0.00000200
 510    0.0000031  -0.00000878
 511    0.0000009  -0.00000235
 512    0.0000081  -0.00003385
 513    0.0000071  -0.00002724
 514    0.0000079  -0.00003374
 515    0.0000032  -0.00001169
 516    0.0000133  -0.00005279
 517    0.0000027  -0.00001074
 518    0.0000022  -0.00000867
 519    0.0000086  -0.00004118
 520    0.0000069  -0.00003267
 521    0.0000002  -0.00000046
 522    0.0000002  -0.00000023
 523    0.0000002  -0.00000062
 524    0.0000002  -0.00000024
 525    0.0000002  -0.00000051
 526    0.0000010  -0.00000239
 527    0.0000023  -0.00000385
 528    0.0000024  -0.00000676
 529    0.0000038  -0.00000909
 530    0.0000008  -0.00000213
 531    0.0000029  -0.00000759
 532    0.0000009  -0.00000226
 533    0.0000066  -0.00002391
 534    0.0000058  -0.00002301
 535    0.0000063  -0.00002303
 536    0.0000022  -0.00000637
 537    0.0000123  -0.00005141
 538    0.0000027  -0.00001089
 539    0.0000020  -0.00000735
 540    0.0000070  -0.00003307
 541    0.0000062  -0.00002928
 542    0.0000002  -0.00000044
 543    0.0000002  -0.00000026
 544    0.0000002  -0.00000070
 545    0.0000002  -0.00000027
 546    0.0000002  -0.00000028
 547    0.0000009  -0.00000262
 548    0.0000012  -0.00000247
 549    0.0000023  -0.00000507
 550    0.0000036  -0.00001030
 551    0.0000007  -0.00000165
 552    0.0000019  -0.00000276
 553    0.0000008  -0.00000220
 554    0.0000056  -0.00001836
 555    0.0000050  -0.00001607
 556    0.0000059  -0.00002045
 557    0.0000016  -0.00000414
 558    0.0000088  -0.00004063
 559    0.0000026  -0.00000951
 560    0.0000018  -0.00000637
 561    0.0000040  -0.00001810
 562    0.0000062  -0.00002912
 563    0.0000002  -0.00000049
 564    0.0000002  -0.00000021
 565    0.0000002  -0.00000058
 566    0.0000001  -0.00000017
 567    0.0000002  -0.00000020
 568    0.0000005  -0.00000134
 569    0.0000010  -0.00000239
 570    0.0000019  -0.00000328
 571    0.0000027  -0.00000413
 572    0.0000005  -0.00000150
 573    0.0000014  -0.00000204
 574    0.0000008  -0.00000173
 575    0.0000046  -0.00001422
 576    0.0000037  -0.00001103
 577    0.0000058  -0.00001982
 578    0.0000015  -0.00000408
 579    0.0000076  -0.00003704
 580    0.0000025  -0.00000901
 581    0.0000018  -0.00000490
 582    0.0000036  -0.00001573
 583    0.0000053  -0.00002604
 584    0.0000002  -0.00000042
 585    0.0000002  -0.00000018
 586    0.0000002  -0.00000056
 587    0.0000001  -0.00000013
 588    0.0000002  -0.00000023
 589    0.0000005  -0.00000124
 590    0.0000007  -0.00000177
 591    0.0000016  -0.00000290
 592    0.0000009  -0.00000161
 593    0.0000004  -0.00000103
 594    0.0000012  -0.00000257
 595    0.0000007  -0.00000181
 596    0.0000036  -0.00000939
 597    0.0000035  -0.00001155
 598    0.0000054  -0.00001838
 599    0.0000015  -0.00000412
 600    0.0000052  -0.00002342
 601    0.0000022  -0.00000789
 602    0.0000016  -0.00000449
 603    0.0000025  -0.00001026
 604    0.0000035  -0.00001515
 605    0.0000002  -0.00000043
 606    0.0000001  -0.00000017
 607    0.0000002  -0.00000059
 608    0.0000001  -0.00000017
 609    0.0000001  -0.00000018
 610    0.0000004  -0.00000108
 611    0.0000005  -0.00000133
 612    0.0000009  -0.00000242
 613    0.0000004  -0.00000102
 614    0.0000003  -0.00000095
 615    0.0000010  -0.00000245
 616    0.0000007  -0.00000193
 617    0.0000025  -0.00000410
 618    0.0000018  -0.00000248
 619    0.0000026  -0.00000399
 620    0.0000015  -0.00000355
 621    0.0000015  -0.00000424
 622    0.0000021  -0.00000727
 623    0.0000015  -0.00000450
 624    0.0000022  -0.00000916
 625    0.0000033  -0.00001382
 626    0.0000001  -0.00000012
 627    0.0000001  -0.00000006
 628    0.0000002  -0.00000048
 629    0.0000001  -0.00000015
 630    0.0000001  -0.00000010
 
----------------
 Final Energies 
----------------
Final NOF Total Energy =    -197.5571532
 
Total Orbital Internal Iterations = 1308
Total Occupation Internal Iterations = 571
 
Elapsed time:  812.49 Seconds

---------------------------------
   Lowdin Population Analysis    
---------------------------------
 Idx  Atom   Population   Charge 
---------------------------------
  1     C     5.775       0.225
  2     C     6.295      -0.295
  3     C     5.774       0.226
  4     C     5.776       0.224
  5     C     5.777       0.223
  6     H     1.050      -0.050
  7     H     1.051      -0.051
  8     H     1.049      -0.049
  9     H     1.050      -0.050
 10     H     1.049      -0.049
 11     H     1.049      -0.049
 12     H     1.052      -0.052
 13     H     1.051      -0.051
 14     H     1.049      -0.049
 15     H     1.052      -0.052
 16     H     1.051      -0.051
 17     H     1.050      -0.050

---------------------------------
   M Diagnostic: 0.03
---------------------------------

