11B_C.jld2 not found
11B_n.jld2 not found
Computing Integrals
NVIDIA GeForce RTX 3090
Elapsed time:   18.35 Seconds

Number of basis functions                   (NBF)    = 495
Number of auxiliary basis functions         (NBFAUX) = 505
Inactive Doubly occupied orbitals up to     (NO1)    = 0
No. considered Strongly Doubly occupied MOs (NDOC)   = 20
No. considered Strongly Singly occupied MOs (NSOC)   = 0
NO. of Weakly occ. per St. Doubly occ.  MOs (NCWO)   = 23
Dimension of the Nat. Orb. subspace         (NBF5)   = 480
No. of electrons                                     = 40
    No. of alpha electrons                           = 20
    No. of beta electrons                            = 20
Multiplicity                                         = 1

Geometry
========
 C      -1.0250800       1.5311100      -0.4561700
 H      -0.9004600       1.9422800      -1.4552200
 H      -0.5185000       2.1721000       0.2616100
 H      -2.0914900       1.5045800      -0.2377500
 C      -0.5130800       0.1133100      -0.4538800
 O      -0.9730600      -0.7524300      -1.1930500
 N       0.4734000      -0.1597200       0.4384500
 H       0.8731600       0.5952100       0.9638100
 C       1.0618400      -1.4793100       0.5159500
 H       0.2736700      -2.2206400       0.4229300
 H       1.7831000      -1.6513100      -0.2825900
 H       1.5565000      -1.5951800       1.4758900

No violations of the orthonormality
No violations of the orthonormality
 
PNOF9/ADABelief Calculation
==================
 
  Nitext  Nit_orb  Time   Nit_occ  Time         Eelec          Etot           Ediff      maxdiff    MaxGrad_orb  Grad_occ
     1      10    4.3e+01   10    4.3e+01  -409.69651918  -228.97467840 -10408.69651918   0.958753   3.8e+00   2.5e-04 0.00
     2      10    7.8e-01   95    6.2e+01  -418.19250329  -237.47066251    -8.49598411   0.504495   2.0e+00   2.2e-04 0.01
     3      10    7.5e-01    0    6.8e-01  -418.62194265  -237.90010186    -0.42943935   0.503434   2.0e+00   2.2e-04 0.01
     4      30    2.3e+00   81    4.8e+01  -426.89714174  -246.17530095    -8.27519909   0.711990   2.8e+00   2.3e-04 0.02
     5      30    2.3e+00   37    2.2e+01  -428.32396891  -247.60212813    -1.42682718   0.088145   3.5e-01   2.5e-04 0.03
     6      30    2.2e+00   36    2.2e+01  -428.82580211  -248.10396132    -0.50183319   0.046881   1.9e-01   2.7e-04 0.03
     7      30    2.2e+00   24    1.4e+01  -428.88499451  -248.16315372    -0.05919240   0.022597   9.0e-02   3.2e-04 0.03
     8      30    2.3e+00   30    1.8e+01  -428.91758744  -248.19574665    -0.03259293   0.023703   9.5e-02   2.4e-04 0.03
     9      30    2.2e+00   30    1.8e+01  -428.94388240  -248.22204161    -0.02629496   0.020512   8.2e-02   2.5e-04 0.03
    10      30    2.3e+00   26    1.6e+01  -428.95726936  -248.23542857    -0.01338696   0.018907   7.6e-02   2.4e-04 0.03
    11      30    2.2e+00   22    1.4e+01  -428.96534945  -248.24350866    -0.00808009   0.022860   9.1e-02   2.6e-04 0.03
    12      30    2.2e+00   21    1.3e+01  -428.97407541  -248.25223462    -0.00872596   0.023889   9.6e-02   2.5e-04 0.03
    13      30    2.3e+00   21    1.3e+01  -428.98285431  -248.26101353    -0.00877890   0.023399   9.4e-02   2.5e-04 0.03
    14      30    2.2e+00   23    1.4e+01  -428.98991514  -248.26807436    -0.00706083   0.026625   1.1e-01   2.3e-04 0.03
    15      30    2.3e+00   13    8.5e+00  -428.99433797  -248.27249719    -0.00442283   0.016846   6.7e-02   2.9e-04 0.03
    16      30    2.2e+00   17    1.1e+01  -428.99754215  -248.27570136    -0.00320418   0.017209   6.9e-02   2.8e-04 0.03
    17      30    2.2e+00   12    8.6e+00  -428.99920671  -248.27736593    -0.00166456   0.016049   6.4e-02   2.7e-04 0.03
    18      30    2.3e+00   12    7.6e+00  -429.00173719  -248.27989641    -0.00253048   0.017623   7.0e-02   2.7e-04 0.03
    19      30    2.2e+00   11    6.9e+00  -429.00294389  -248.28110310    -0.00120669   0.022095   8.8e-02   2.8e-04 0.03
    20      30    2.3e+00   11    7.0e+00  -429.00420563  -248.28236485    -0.00126175   0.018385   7.4e-02   2.5e-04 0.03
    21      30    2.3e+00   11    7.3e+00  -429.00508189  -248.28324111    -0.00087626   0.015766   6.3e-02   2.5e-04 0.03
    22      30    2.2e+00   14    8.6e+00  -429.00698942  -248.28514863    -0.00190753   0.016141   6.5e-02   1.8e-04 0.03
    23      30    2.3e+00   10    6.4e+00  -429.00769196  -248.28585117    -0.00070254   0.016042   6.4e-02   1.9e-04 0.03
    24      30    2.3e+00   10    6.4e+00  -429.00817503  -248.28633425    -0.00048307   0.026042   1.0e-01   2.2e-04 0.03
    25      30    2.3e+00    0    5.5e-01  -429.00825519  -248.28641440    -0.00008016   0.026042   1.0e-01   2.2e-04 0.03
    26      50    3.6e+00    9    6.1e+00  -429.01881850  -248.29697771    -0.01056331   0.003520   1.4e-02   2.8e-04 0.03
    27      50    3.6e+00    0    5.3e-01  -429.01889656  -248.29705577    -0.00007806   0.003520   1.4e-02   2.8e-04 0.03
    28      70    5.0e+00    4    2.9e+00  -429.01917250  -248.29733172    -0.00027594   0.000842   3.4e-03   1.9e-04 0.03
 
RESULTS OF THE OCCUPATION OPTIMIZATION
========================================
   1    1.9999951  -20.53855705
   2    1.9999901  -15.60030270
   3    1.9999694  -11.30775642
   4    1.9999694  -11.27960777
   5    1.9999744  -11.26423645
   6    1.9877431  -1.27274752
   7    1.9878793  -1.19507670
   8    1.9844162  -1.04528630
   9    1.9816691  -0.92590803
  10    1.9759115  -0.74072480
  11    1.9724735  -0.72195947
  12    1.9737055  -0.68601394
  13    1.9726605  -0.66374195
  14    1.9726864  -0.59852636
  15    1.9719099  -0.59701312
  16    1.9772891  -0.58096075
  17    1.9659730  -0.57696241
  18    1.9708891  -0.57571119
  19    1.9770744  -0.57425666
  20    1.9688146  -0.57109600
  21    0.0116250  -0.01686539
  22    0.0079450  -0.01452077
  23    0.0191452  -0.03016870
  24    0.0334693  -0.04781833
  25    0.0059104  -0.01028711
  26    0.0120500  -0.01781191
  27    0.0142544  -0.01924340
  28    0.0262102  -0.03864901
  29    0.0181552  -0.03125100
  30    0.0205238  -0.03739641
  31    0.0145664  -0.02261319
  32    0.0152032  -0.02203540
  33    0.0052070  -0.01066200
  34    0.0112559  -0.02161203
  35    0.0022961  -0.00819684
  36    0.0000117  -0.00026405
  37    0.0000144  -0.00037351
  38    0.0000218  -0.00048562
  39    0.0000021  -0.00004283
  40    0.0000006  -0.00001783
  41    0.0107294  -0.01592702
  42    0.0047580  -0.00936108
  43    0.0035568  -0.00673848
  44    0.0002500  -0.00075328
  45    0.0051999  -0.00915775
  46    0.0117239  -0.01654724
  47    0.0046113  -0.00711510
  48    0.0007617  -0.00175067
  49    0.0041450  -0.00871266
  50    0.0033210  -0.00798337
  51    0.0041951  -0.00801728
  52    0.0011976  -0.00312485
  53    0.0022413  -0.00799959
  54    0.0002965  -0.00195441
  55    0.0017968  -0.00699467
  56    0.0000023  -0.00003596
  57    0.0000058  -0.00011912
  58    0.0000023  -0.00004280
  59    0.0000010  -0.00001307
  60    0.0000004  -0.00002170
  61    0.0038509  -0.00632261
  62    0.0039706  -0.00807749
  63    0.0033589  -0.00642454
  64    0.0002282  -0.00070177
  65    0.0049967  -0.00935127
  66    0.0011071  -0.00240663
  67    0.0043551  -0.00674717
  68    0.0000693  -0.00021534
  69    0.0020510  -0.00506938
  70    0.0028060  -0.00680383
  71    0.0015591  -0.00368739
  72    0.0002663  -0.00087890
  73    0.0015103  -0.00563541
  74    0.0000594  -0.00043341
  75    0.0012747  -0.00545579
  76    0.0000017  -0.00004282
  77    0.0000009  -0.00002448
  78    0.0000012  -0.00004704
  79    0.0000010  -0.00001077
  80    0.0000003  -0.00000652
  81    0.0032345  -0.00578278
  82    0.0037529  -0.00766161
  83    0.0024752  -0.00543936
  84    0.0000139  -0.00004933
  85    0.0035507  -0.00677883
  86    0.0009008  -0.00199174
  87    0.0011100  -0.00227671
  88    0.0000465  -0.00016304
  89    0.0010551  -0.00280441
  90    0.0002370  -0.00082362
  91    0.0010868  -0.00290622
  92    0.0002524  -0.00075735
  93    0.0010881  -0.00448853
  94    0.0000487  -0.00038566
  95    0.0009016  -0.00381017
  96    0.0000013  -0.00005237
  97    0.0000008  -0.00002909
  98    0.0000008  -0.00001405
  99    0.0000007  -0.00002911
 100    0.0000003  -0.00000236
 101    0.0014290  -0.00299603
 102    0.0008949  -0.00257943
 103    0.0004113  -0.00107403
 104    0.0000089  -0.00003827
 105    0.0011262  -0.00330713
 106    0.0007995  -0.00167775
 107    0.0009439  -0.00229197
 108    0.0000421  -0.00015373
 109    0.0002699  -0.00081635
 110    0.0002059  -0.00073619
 111    0.0007239  -0.00183838
 112    0.0002263  -0.00067277
 113    0.0009511  -0.00303440
 114    0.0000436  -0.00031234
 115    0.0008696  -0.00271318
 116    0.0000007  -0.00000430
 117    0.0000008  -0.00000505
 118    0.0000005  -0.00000320
 119    0.0000007  -0.00001262
 120    0.0000003  -0.00000170
 121    0.0001299  -0.00035217
 122    0.0005705  -0.00159979
 123    0.0000609  -0.00018225
 124    0.0000077  -0.00002907
 125    0.0009061  -0.00210443
 126    0.0004407  -0.00107134
 127    0.0004811  -0.00114589
 128    0.0000337  -0.00012578
 129    0.0001832  -0.00060481
 130    0.0000851  -0.00030720
 131    0.0005608  -0.00142179
 132    0.0001335  -0.00051679
 133    0.0007229  -0.00304292
 134    0.0000398  -0.00023834
 135    0.0007175  -0.00282435
 136    0.0000007  -0.00000415
 137    0.0000007  -0.00000608
 138    0.0000004  -0.00000236
 139    0.0000005  -0.00001228
 140    0.0000003  -0.00000081
 141    0.0000365  -0.00012185
 142    0.0005316  -0.00158868
 143    0.0000260  -0.00009564
 144    0.0000064  -0.00002546
 145    0.0005300  -0.00129739
 146    0.0002224  -0.00058755
 147    0.0003806  -0.00095776
 148    0.0000284  -0.00011371
 149    0.0001380  -0.00046522
 150    0.0000793  -0.00028016
 151    0.0004025  -0.00114740
 152    0.0001229  -0.00041835
 153    0.0006367  -0.00210565
 154    0.0000392  -0.00028136
 155    0.0005913  -0.00215214
 156    0.0000006  -0.00000298
 157    0.0000006  -0.00000391
 158    0.0000004  -0.00000176
 159    0.0000003  -0.00000162
 160    0.0000002  -0.00000049
 161    0.0000261  -0.00008693
 162    0.0003131  -0.00102838
 163    0.0000141  -0.00005870
 164    0.0000049  -0.00001787
 165    0.0001021  -0.00034054
 166    0.0002087  -0.00057563
 167    0.0003132  -0.00082757
 168    0.0000237  -0.00010041
 169    0.0000990  -0.00033214
 170    0.0000495  -0.00017199
 171    0.0002451  -0.00073442
 172    0.0000893  -0.00033961
 173    0.0004404  -0.00182790
 174    0.0000338  -0.00016231
 175    0.0004981  -0.00211741
 176    0.0000005  -0.00000277
 177    0.0000006  -0.00000317
 178    0.0000003  -0.00000097
 179    0.0000003  -0.00000154
 180    0.0000002  -0.00000071
 181    0.0000173  -0.00007304
 182    0.0000387  -0.00014880
 183    0.0000119  -0.00004805
 184    0.0000049  -0.00001810
 185    0.0000986  -0.00034069
 186    0.0001600  -0.00045856
 187    0.0002532  -0.00066931
 188    0.0000219  -0.00008918
 189    0.0000468  -0.00016972
 190    0.0000402  -0.00015218
 191    0.0002134  -0.00067713
 192    0.0000854  -0.00028654
 193    0.0004166  -0.00142013
 194    0.0000305  -0.00015576
 195    0.0004889  -0.00168711
 196    0.0000005  -0.00000285
 197    0.0000006  -0.00000305
 198    0.0000003  -0.00000090
 199    0.0000003  -0.00000102
 200    0.0000002  -0.00000053
 201    0.0000135  -0.00005073
 202    0.0000319  -0.00012988
 203    0.0000070  -0.00003530
 204    0.0000040  -0.00001362
 205    0.0000739  -0.00025456
 206    0.0001144  -0.00033098
 207    0.0001862  -0.00055388
 208    0.0000135  -0.00005637
 209    0.0000382  -0.00014502
 210    0.0000277  -0.00011727
 211    0.0000969  -0.00031576
 212    0.0000806  -0.00028639
 213    0.0003929  -0.00130896
 214    0.0000280  -0.00014545
 215    0.0004319  -0.00180883
 216    0.0000005  -0.00000272
 217    0.0000005  -0.00000279
 218    0.0000003  -0.00000084
 219    0.0000003  -0.00000117
 220    0.0000002  -0.00000053
 221    0.0000128  -0.00004728
 222    0.0000239  -0.00010029
 223    0.0000064  -0.00002914
 224    0.0000039  -0.00001213
 225    0.0000410  -0.00015540
 226    0.0000937  -0.00027016
 227    0.0001304  -0.00039577
 228    0.0000124  -0.00005570
 229    0.0000321  -0.00013014
 230    0.0000264  -0.00011270
 231    0.0000867  -0.00030536
 232    0.0000776  -0.00026404
 233    0.0003275  -0.00107815
 234    0.0000271  -0.00016478
 235    0.0003504  -0.00145397
 236    0.0000005  -0.00000256
 237    0.0000005  -0.00000270
 238    0.0000003  -0.00000089
 239    0.0000003  -0.00000107
 240    0.0000002  -0.00000046
 241    0.0000115  -0.00004243
 242    0.0000174  -0.00008716
 243    0.0000059  -0.00002456
 244    0.0000037  -0.00001171
 245    0.0000364  -0.00013745
 246    0.0000778  -0.00022066
 247    0.0001071  -0.00030166
 248    0.0000112  -0.00004949
 249    0.0000218  -0.00009632
 250    0.0000198  -0.00009219
 251    0.0000761  -0.00027167
 252    0.0000732  -0.00027067
 253    0.0002815  -0.00103411
 254    0.0000242  -0.00012120
 255    0.0003241  -0.00116177
 256    0.0000005  -0.00000250
 257    0.0000005  -0.00000278
 258    0.0000002  -0.00000083
 259    0.0000003  -0.00000092
 260    0.0000002  -0.00000051
 261    0.0000100  -0.00003992
 262    0.0000132  -0.00006144
 263    0.0000041  -0.00001774
 264    0.0000032  -0.00000993
 265    0.0000238  -0.00010407
 266    0.0000554  -0.00016696
 267    0.0000504  -0.00015968
 268    0.0000091  -0.00004305
 269    0.0000172  -0.00008301
 270    0.0000169  -0.00008042
 271    0.0000677  -0.00023845
 272    0.0000651  -0.00022419
 273    0.0002738  -0.00085074
 274    0.0000233  -0.00012399
 275    0.0002930  -0.00112292
 276    0.0000004  -0.00000175
 277    0.0000005  -0.00000239
 278    0.0000002  -0.00000086
 279    0.0000002  -0.00000080
 280    0.0000002  -0.00000058
 281    0.0000097  -0.00003975
 282    0.0000115  -0.00005078
 283    0.0000039  -0.00001643
 284    0.0000027  -0.00000801
 285    0.0000223  -0.00009829
 286    0.0000386  -0.00013253
 287    0.0000443  -0.00014926
 288    0.0000086  -0.00004158
 289    0.0000141  -0.00006544
 290    0.0000163  -0.00008712
 291    0.0000493  -0.00017180
 292    0.0000618  -0.00023456
 293    0.0002525  -0.00083670
 294    0.0000222  -0.00011253
 295    0.0002658  -0.00093384
 296    0.0000004  -0.00000206
 297    0.0000004  -0.00000227
 298    0.0000002  -0.00000078
 299    0.0000002  -0.00000095
 300    0.0000002  -0.00000048
 301    0.0000091  -0.00003763
 302    0.0000110  -0.00005082
 303    0.0000037  -0.00001661
 304    0.0000022  -0.00000799
 305    0.0000211  -0.00009197
 306    0.0000288  -0.00010273
 307    0.0000255  -0.00009187
 308    0.0000077  -0.00003888
 309    0.0000094  -0.00004481
 310    0.0000147  -0.00007273
 311    0.0000431  -0.00015617
 312    0.0000597  -0.00021009
 313    0.0002107  -0.00107401
 314    0.0000212  -0.00012583
 315    0.0002143  -0.00097745
 316    0.0000004  -0.00000177
 317    0.0000004  -0.00000171
 318    0.0000002  -0.00000065
 319    0.0000002  -0.00000087
 320    0.0000002  -0.00000043
 321    0.0000077  -0.00003115
 322    0.0000078  -0.00004115
 323    0.0000036  -0.00001631
 324    0.0000022  -0.00000639
 325    0.0000157  -0.00007932
 326    0.0000213  -0.00008452
 327    0.0000132  -0.00005395
 328    0.0000070  -0.00003438
 329    0.0000047  -0.00002408
 330    0.0000130  -0.00005858
 331    0.0000375  -0.00013952
 332    0.0000529  -0.00019444
 333    0.0001471  -0.00062343
 334    0.0000204  -0.00011803
 335    0.0001750  -0.00097594
 336    0.0000004  -0.00000154
 337    0.0000004  -0.00000138
 338    0.0000002  -0.00000054
 339    0.0000002  -0.00000077
 340    0.0000002  -0.00000059
 341    0.0000071  -0.00002914
 342    0.0000072  -0.00003802
 343    0.0000035  -0.00001414
 344    0.0000020  -0.00000649
 345    0.0000127  -0.00006086
 346    0.0000172  -0.00007620
 347    0.0000113  -0.00004689
 348    0.0000065  -0.00003308
 349    0.0000030  -0.00001448
 350    0.0000127  -0.00005589
 351    0.0000271  -0.00011713
 352    0.0000527  -0.00019180
 353    0.0001165  -0.00051357
 354    0.0000191  -0.00012073
 355    0.0001714  -0.00090930
 356    0.0000004  -0.00000175
 357    0.0000004  -0.00000153
 358    0.0000002  -0.00000061
 359    0.0000002  -0.00000072
 360    0.0000002  -0.00000045
 361    0.0000059  -0.00002070
 362    0.0000062  -0.00003383
 363    0.0000028  -0.00001093
 364    0.0000018  -0.00000574
 365    0.0000109  -0.00005501
 366    0.0000065  -0.00003217
 367    0.0000088  -0.00004227
 368    0.0000064  -0.00003108
 369    0.0000023  -0.00001120
 370    0.0000091  -0.00004390
 371    0.0000178  -0.00008817
 372    0.0000478  -0.00018830
 373    0.0001069  -0.00043153
 374    0.0000177  -0.00010782
 375    0.0001440  -0.00061142
 376    0.0000004  -0.00000170
 377    0.0000004  -0.00000133
 378    0.0000002  -0.00000051
 379    0.0000002  -0.00000079
 380    0.0000001  -0.00000046
 381    0.0000057  -0.00002002
 382    0.0000056  -0.00003079
 383    0.0000027  -0.00001073
 384    0.0000017  -0.00000535
 385    0.0000104  -0.00004980
 386    0.0000060  -0.00002930
 387    0.0000080  -0.00004053
 388    0.0000061  -0.00002827
 389    0.0000022  -0.00001093
 390    0.0000074  -0.00003760
 391    0.0000099  -0.00004813
 392    0.0000448  -0.00017428
 393    0.0001000  -0.00056753
 394    0.0000165  -0.00012702
 395    0.0001386  -0.00085558
 396    0.0000004  -0.00000150
 397    0.0000003  -0.00000134
 398    0.0000001  -0.00000056
 399    0.0000002  -0.00000078
 400    0.0000001  -0.00000038
 401    0.0000045  -0.00001577
 402    0.0000047  -0.00002560
 403    0.0000024  -0.00000928
 404    0.0000016  -0.00000546
 405    0.0000077  -0.00003982
 406    0.0000059  -0.00002771
 407    0.0000075  -0.00003513
 408    0.0000053  -0.00002418
 409    0.0000021  -0.00001000
 410    0.0000068  -0.00003459
 411    0.0000080  -0.00004192
 412    0.0000410  -0.00016471
 413    0.0000725  -0.00030456
 414    0.0000155  -0.00013864
 415    0.0000984  -0.00057924
 416    0.0000004  -0.00000147
 417    0.0000003  -0.00000110
 418    0.0000001  -0.00000039
 419    0.0000002  -0.00000071
 420    0.0000001  -0.00000037
 421    0.0000040  -0.00001411
 422    0.0000038  -0.00001874
 423    0.0000020  -0.00000852
 424    0.0000014  -0.00000496
 425    0.0000053  -0.00002819
 426    0.0000053  -0.00002315
 427    0.0000071  -0.00003676
 428    0.0000046  -0.00002159
 429    0.0000020  -0.00000921
 430    0.0000054  -0.00002640
 431    0.0000060  -0.00003269
 432    0.0000367  -0.00015754
 433    0.0000400  -0.00018192
 434    0.0000146  -0.00011304
 435    0.0000911  -0.00043048
 436    0.0000003  -0.00000134
 437    0.0000003  -0.00000091
 438    0.0000001  -0.00000042
 439    0.0000002  -0.00000079
 440    0.0000001  -0.00000027
 441    0.0000032  -0.00001131
 442    0.0000032  -0.00001455
 443    0.0000014  -0.00000664
 444    0.0000014  -0.00000447
 445    0.0000051  -0.00002743
 446    0.0000034  -0.00001471
 447    0.0000063  -0.00002977
 448    0.0000019  -0.00000859
 449    0.0000014  -0.00000712
 450    0.0000014  -0.00000714
 451    0.0000055  -0.00002905
 452    0.0000347  -0.00014367
 453    0.0000248  -0.00012539
 454    0.0000129  -0.00009409
 455    0.0000676  -0.00032351
 456    0.0000003  -0.00000121
 457    0.0000002  -0.00000093
 458    0.0000001  -0.00000036
 459    0.0000002  -0.00000077
 460    0.0000001  -0.00000028
 461    0.0000019  -0.00000674
 462    0.0000030  -0.00001439
 463    0.0000012  -0.00000512
 464    0.0000011  -0.00000387
 465    0.0000037  -0.00002075
 466    0.0000029  -0.00001252
 467    0.0000048  -0.00002268
 468    0.0000018  -0.00000777
 469    0.0000010  -0.00000406
 470    0.0000011  -0.00000502
 471    0.0000037  -0.00002149
 472    0.0000252  -0.00012620
 473    0.0000228  -0.00011526
 474    0.0000106  -0.00008076
 475    0.0000568  -0.00026575
 476    0.0000003  -0.00000106
 477    0.0000002  -0.00000076
 478    0.0000001  -0.00000034
 479    0.0000002  -0.00000064
 480    0.0000001  -0.00000024
 
----------------
 Final Energies 
----------------
Final NOF Total Energy =    -248.2973317
 
Total Orbital Internal Iterations = 860
Total Occupation Internal Iterations = 590
 
Elapsed time:  568.96 Seconds

---------------------------------
   Lowdin Population Analysis    
---------------------------------
 Idx  Atom   Population   Charge 
---------------------------------
  1     C     5.762       0.238
  2     H     1.049      -0.049
  3     H     1.060      -0.060
  4     H     1.045      -0.045
  5     C     6.603      -0.603
  6     O     7.781       0.219
  7     N     6.506       0.494
  8     H     1.168      -0.168
  9     C     5.844       0.156
 10     H     1.052      -0.052
 11     H     1.062      -0.062
 12     H     1.068      -0.068

---------------------------------
   M Diagnostic: 0.03
---------------------------------

