s_C.jld2 not found
s_n.jld2 not found
Computing Integrals
NVIDIA GeForce RTX 3090
Elapsed time:    6.56 Seconds

Number of basis functions                   (NBF)    = 70
Number of auxiliary basis functions         (NBFAUX) = 128
Inactive Doubly occupied orbitals up to     (NO1)    = 0
No. considered Strongly Doubly occupied MOs (NDOC)   = 7
No. considered Strongly Singly occupied MOs (NSOC)   = 2
NO. of Weakly occ. per St. Doubly occ.  MOs (NCWO)   = 8
Dimension of the Nat. Orb. subspace         (NBF5)   = 65
No. of electrons                                     = 16
    No. of alpha electrons                           = 9
    No. of beta electrons                            = 7
Multiplicity                                         = 3

Geometry
========
 S       0.0000000       0.0000000       0.0000000

No violations of the orthonormality
No violations of the orthonormality
 
PNOF9/ADABelief Calculation
==================
 
  Nitext  Nit_orb  Time   Nit_occ  Time         Eelec          Etot           Ediff      maxdiff    MaxGrad_orb  Grad_occ
     1      10    4.5e+01   12    3.8e+01  -386.70807891  -386.70807891 -10385.70807891   3.139899   1.3e+01   2.2e-04 0.00
     2      10    6.3e-02   41    2.2e-01  -391.61538378  -391.61538378    -4.90730487   1.750652   7.0e+00   1.8e-04 0.00
     3      10    6.8e-02   35    1.1e-01  -393.29436024  -393.29436024    -1.67897646   0.533781   2.1e+00   1.7e-04 0.01
     4      10    6.2e-02   21    7.0e-02  -394.57098978  -394.57098978    -1.27662954   0.448787   1.8e+00   2.0e-04 0.01
     5      10    6.2e-02   30    1.0e-01  -395.06406509  -395.06406509    -0.49307531   0.476150   1.9e+00   1.8e-04 0.02
     6      10    6.3e-02   30    1.1e-01  -395.70391678  -395.70391678    -0.63985169   0.450524   1.8e+00   1.4e-04 0.02
     7      10    6.3e-02   21    2.7e-01  -396.25825748  -396.25825748    -0.55434069   0.655092   2.6e+00   1.9e-04 0.02
     8      10    6.4e-02   23    1.1e-01  -396.54710006  -396.54710006    -0.28884258   0.533942   2.1e+00   1.7e-04 0.02
     9      10    6.3e-02   21    6.6e-02  -396.86193850  -396.86193850    -0.31483844   0.689262   2.8e+00   1.9e-04 0.02
    10      10    6.3e-02   21    6.9e-02  -397.02955774  -397.02955774    -0.16761924   0.497548   2.0e+00   1.8e-04 0.02
    11      10    5.9e-02   21    6.1e-02  -397.16249114  -397.16249114    -0.13293340   0.779342   3.1e+00   1.7e-04 0.02
    12      10    6.5e-02   18    5.6e-02  -397.37794767  -397.37794767    -0.21545652   0.499359   2.0e+00   1.9e-04 0.02
    13      10    5.9e-02   19    6.4e-02  -397.42294926  -397.42294926    -0.04500159   0.595266   2.4e+00   1.3e-04 0.02
    14      10    5.6e-02   10    3.4e-02  -397.49129480  -397.49129480    -0.06834553   0.416145   1.7e+00   2.0e-04 0.02
    15      10    5.7e-02    0    3.2e-03  -397.49162115  -397.49162115    -0.00032635   0.416147   1.7e+00   2.0e-04 0.02
    16      30    1.7e-01   17    8.0e-02  -397.90586716  -397.90586716    -0.41424601   0.034489   1.4e-01   1.3e-04 0.02
    17      30    1.7e-01    9    5.1e-02  -397.93653966  -397.93653966    -0.03067250   0.018535   7.4e-02   1.4e-04 0.02
    18      30    1.7e-01   15    6.1e-02  -397.93927797  -397.93927797    -0.00273830   0.020457   8.2e-02   1.2e-04 0.02
    19      30    1.7e-01    9    4.3e-02  -397.94058311  -397.94058311    -0.00130514   0.017319   6.9e-02   1.8e-04 0.02
    20      30    1.7e-01   14    6.2e-02  -397.94132434  -397.94132434    -0.00074123   0.024139   9.7e-02   1.0e-04 0.02
    21      30    1.7e-01    9    4.6e-02  -397.94228082  -397.94228082    -0.00095648   0.023342   9.3e-02   1.3e-04 0.02
    22      30    1.7e-01    4    1.2e-02  -397.94324675  -397.94324675    -0.00096593   0.015134   6.1e-02   1.5e-04 0.02
    23      30    1.7e-01    4    2.7e-02  -397.94336257  -397.94336257    -0.00011582   0.016686   6.7e-02   1.4e-04 0.02
    24      30    1.7e-01    0    2.8e-03  -397.94335543  -397.94335543     0.00000715   0.016686   6.7e-02   1.4e-04 0.02
    25      50    3.0e-01    9    3.9e-02  -397.94443783  -397.94443783    -0.00108240   0.003022   1.2e-02   1.0e-04 0.02
    26      50    2.8e-01    0    2.7e-02  -397.94443081  -397.94443081     0.00000701   0.003021   1.2e-02   1.0e-04 0.02
    27      50    2.9e-01    2    1.0e-02  -397.94449944  -397.94449944    -0.00006863   0.000799   3.2e-03   1.0e-04 0.02
 
RESULTS OF THE OCCUPATION OPTIMIZATION
========================================
   1    1.9999984  -92.05928040
   2    1.9997409  -9.02889156
   3    1.9994654  -6.70776558
   4    1.9979876  -6.70535803
   5    1.9977306  -6.70438004
   6    1.9760542  -0.90337139
   7    1.9637927  -0.41831541
   8    1.0000000  -0.25733387
   9    1.0000000  -0.25731450
  10    0.0076853  -0.01310603
  11    0.0060241  -0.02469208
  12    0.0009117  -0.00929760
  13    0.0007336  -0.00890784
  14    0.0001028  -0.00068410
  15    0.0000773  -0.00156317
  16    0.0000004  -0.00001203
  17    0.0075513  -0.01693181
  18    0.0044090  -0.01708670
  19    0.0007258  -0.00959009
  20    0.0006470  -0.01151973
  21    0.0001016  -0.00120989
  22    0.0000761  -0.00057799
  23    0.0000002  -0.00000894
  24    0.0070100  -0.01165882
  25    0.0043955  -0.01702811
  26    0.0005141  -0.00915455
  27    0.0005213  -0.00914893
  28    0.0001001  -0.00210477
  29    0.0000532  -0.00042199
  30    0.0000002  -0.00000711
  31    0.0070032  -0.01165320
  32    0.0038940  -0.01104534
  33    0.0000668  -0.00073777
  34    0.0000449  -0.00038331
  35    0.0000896  -0.00056691
  36    0.0000158  -0.00037809
  37    0.0000002  -0.00000700
  38    0.0055779  -0.00975034
  39    0.0016630  -0.00814731
  40    0.0000321  -0.00025864
  41    0.0000334  -0.00027566
  42    0.0000878  -0.00060598
  43    0.0000139  -0.00010692
  44    0.0000002  -0.00000637
  45    0.0004766  -0.00101444
  46    0.0016319  -0.00798160
  47    0.0000085  -0.00006686
  48    0.0000139  -0.00010368
  49    0.0000181  -0.00011700
  50    0.0000110  -0.00008486
  51    0.0000001  -0.00000552
  52    0.0004548  -0.00096845
  53    0.0016179  -0.00792721
  54    0.0000056  -0.00005263
  55    0.0000101  -0.00008309
  56    0.0000179  -0.00013715
  57    0.0000084  -0.00006713
  58    0.0000001  -0.00000535
  59    0.0004485  -0.00096342
  60    0.0003104  -0.00093705
  61    0.0000047  -0.00011881
  62    0.0000083  -0.00006630
  63    0.0000166  -0.00071015
  64    0.0000035  -0.00056657
  65    0.0000001  -0.00000433
 
----------------
 Final Energies 
----------------
Final NOF Total Energy =    -397.9444994
 
Total Orbital Internal Iterations = 570
Total Occupation Internal Iterations = 415
 
Elapsed time:  120.01 Seconds

---------------------------------
   Lowdin Population Analysis    
---------------------------------
 Idx  Atom   Population   Charge 
---------------------------------
  1     S    16.000      -0.000

---------------------------------
   M Diagnostic: 0.02
---------------------------------

