f2s-cbh22_C.jld2 not found
f2s-cbh22_n.jld2 not found
Computing Integrals
NVIDIA GeForce RTX 3090
Elapsed time:   19.55 Seconds

Number of basis functions                   (NBF)    = 475
Number of auxiliary basis functions         (NBFAUX) = 579
Inactive Doubly occupied orbitals up to     (NO1)    = 0
No. considered Strongly Doubly occupied MOs (NDOC)   = 27
No. considered Strongly Singly occupied MOs (NSOC)   = 0
NO. of Weakly occ. per St. Doubly occ.  MOs (NCWO)   = 16
Dimension of the Nat. Orb. subspace         (NBF5)   = 459
No. of electrons                                     = 54
    No. of alpha electrons                           = 27
    No. of beta electrons                            = 27
Multiplicity                                         = 1

Geometry
========
 C      -0.1499300      -1.0366700       0.0000000
 S       0.5689500       0.4243500       0.0000000
 F      -0.1499300       1.3095200       1.1445500
 F      -0.1499300       1.3095200      -1.1445500
 B      -1.6788000      -1.2010700       0.0000000
 H      -2.1250400      -2.3021100       0.0000000
 H      -2.3960100      -0.2526000       0.0000000
 B       0.9394300      -2.1060600       0.0000000
 H       0.6194500      -3.2503000       0.0000000
 H       2.0934600      -1.8003300       0.0000000

No violations of the orthonormality
No violations of the orthonormality
 
PNOF9/ADABelief Calculation
==================
 
  Nitext  Nit_orb  Time   Nit_occ  Time         Eelec          Etot           Ediff      maxdiff    MaxGrad_orb  Grad_occ
     1      10    4.3e+01   28    4.4e+01  -919.52680877  -629.61598374 -10918.52680877   5.133888   2.1e+01   1.6e-04 0.00
     2      10    7.6e-01    0    3.7e-01  -919.65644849  -629.74562346    -0.12963972   5.133809   2.1e+01   1.6e-04 0.00
     3      30    2.2e+00  142    4.7e+01  -961.08834878  -671.17752374   -41.43190029   0.963967   3.9e+00   2.0e-04 0.01
     4      30    2.2e+00   83    2.7e+01  -971.89633381  -681.98550877   -10.80798503   1.216554   4.9e+00   2.2e-04 0.02
     5      30    2.2e+00   63    2.1e+01  -974.64242916  -684.73160412    -2.74609535   0.090935   3.6e-01   2.1e-04 0.02
     6      30    2.2e+00   71    2.3e+01  -976.07245579  -686.16163076    -1.43002664   0.063500   2.5e-01   2.3e-04 0.03
     7      30    2.2e+00   59    1.9e+01  -976.39555238  -686.48472735    -0.32309659   0.046836   1.9e-01   2.8e-04 0.03
     8      30    2.2e+00   38    1.2e+01  -976.62559470  -686.71476967    -0.23004232   0.077366   3.1e-01   2.9e-04 0.03
     9      30    2.2e+00   42    1.4e+01  -976.75773002  -686.84690498    -0.13213531   0.092874   3.7e-01   2.7e-04 0.03
    10      30    2.2e+00   33    1.1e+01  -976.93430456  -687.02347952    -0.17657454   0.084332   3.4e-01   2.9e-04 0.03
    11      30    2.2e+00    0    3.3e-01  -976.93858349  -687.02775846    -0.00427893   0.084331   3.4e-01   2.9e-04 0.03
    12      50    3.6e+00   31    1.0e+01  -977.33847064  -687.42764560    -0.39988715   0.070247   2.8e-01   2.6e-04 0.03
    13      50    3.6e+00   31    1.0e+01  -977.44562052  -687.53479548    -0.10714988   0.048000   1.9e-01   2.7e-04 0.03
    14      50    3.6e+00   29    9.4e+00  -977.49429140  -687.58346636    -0.04867088   0.026355   1.1e-01   2.2e-04 0.03
    15      50    3.6e+00   20    6.8e+00  -977.51163829  -687.60081325    -0.01734689   0.006840   2.7e-02   2.8e-04 0.03
    16      50    3.6e+00   30    9.8e+00  -977.52082511  -687.61000008    -0.00918682   0.006437   2.6e-02   2.4e-04 0.03
    17      50    3.6e+00   25    8.3e+00  -977.52841164  -687.61758660    -0.00758652   0.006917   2.8e-02   2.4e-04 0.03
    18      50    3.6e+00   19    6.3e+00  -977.53513608  -687.62431105    -0.00672445   0.007546   3.0e-02   3.4e-04 0.03
    19      50    3.6e+00   22    7.4e+00  -977.54134321  -687.63051818    -0.00620713   0.006962   2.8e-02   2.9e-04 0.03
    20      50    3.6e+00   18    5.9e+00  -977.54645689  -687.63563185    -0.00511367   0.007840   3.1e-02   2.4e-04 0.03
    21      50    3.6e+00   18    6.1e+00  -977.55007795  -687.63925292    -0.00362107   0.008425   3.4e-02   2.4e-04 0.03
    22      50    3.6e+00   17    5.7e+00  -977.55333039  -687.64250535    -0.00325243   0.007139   2.9e-02   2.3e-04 0.03
    23      50    3.5e+00   19    6.5e+00  -977.55612705  -687.64530202    -0.00279666   0.007756   3.1e-02   2.7e-04 0.03
    24      50    3.6e+00   16    5.4e+00  -977.55838225  -687.64755721    -0.00225520   0.007538   3.0e-02   2.4e-04 0.03
    25      50    3.6e+00   16    5.4e+00  -977.56054903  -687.64972400    -0.00216679   0.008252   3.3e-02   2.4e-04 0.03
    26      50    3.6e+00   12    4.1e+00  -977.56235111  -687.65152608    -0.00180208   0.008516   3.4e-02   3.0e-04 0.03
    27      50    3.5e+00   16    5.3e+00  -977.56396548  -687.65314045    -0.00161437   0.009668   3.9e-02   2.2e-04 0.03
    28      50    3.6e+00   15    5.1e+00  -977.56552909  -687.65470405    -0.00156360   0.009051   3.6e-02   2.1e-04 0.03
    29      50    3.6e+00   15    5.2e+00  -977.56687228  -687.65604724    -0.00134319   0.009651   3.9e-02   2.0e-04 0.03
    30      50    3.6e+00   12    4.1e+00  -977.56824228  -687.65741725    -0.00137001   0.008906   3.6e-02   2.3e-04 0.03
    31      50    3.6e+00   12    4.2e+00  -977.56935238  -687.65852734    -0.00111009   0.008735   3.5e-02   2.5e-04 0.03
    32      50    3.6e+00   18    6.0e+00  -977.57055684  -687.65973180    -0.00120446   0.008591   3.4e-02   2.3e-04 0.03
    33      50    3.6e+00   10    3.5e+00  -977.57136256  -687.66053752    -0.00080572   0.007820   3.1e-02   2.5e-04 0.03
    34      50    3.5e+00   14    4.7e+00  -977.57246805  -687.66164302    -0.00110550   0.008427   3.4e-02   1.7e-04 0.03
    35      50    3.6e+00    8    2.9e+00  -977.57323439  -687.66240936    -0.00076634   0.007438   3.0e-02   3.4e-04 0.03
    36      50    3.6e+00   10    3.5e+00  -977.57440276  -687.66357772    -0.00116837   0.006248   2.5e-02   2.4e-04 0.03
    37      50    3.5e+00   13    4.4e+00  -977.57499597  -687.66417094    -0.00059322   0.006411   2.6e-02   2.4e-04 0.03
    38      50    3.6e+00   11    3.8e+00  -977.57589578  -687.66507074    -0.00089980   0.005719   2.3e-02   2.0e-04 0.03
    39      50    3.5e+00   10    3.5e+00  -977.57649718  -687.66567215    -0.00060141   0.006746   2.7e-02   1.9e-04 0.03
    40      50    3.5e+00   10    3.5e+00  -977.57699769  -687.66617266    -0.00050051   0.007070   2.8e-02   2.0e-04 0.03
    41      50    3.6e+00    7    2.5e+00  -977.57735178  -687.66652674    -0.00035409   0.006072   2.4e-02   2.9e-04 0.03
    42      50    3.6e+00   10    3.5e+00  -977.57777226  -687.66694723    -0.00042048   0.006201   2.5e-02   2.5e-04 0.03
    43      50    3.6e+00    4    1.6e+00  -977.57806353  -687.66723850    -0.00029127   0.006595   2.6e-02   2.9e-04 0.03
    44      50    3.6e+00   10    3.5e+00  -977.57867582  -687.66785079    -0.00061229   0.006159   2.5e-02   2.5e-04 0.03
    45      50    3.6e+00    4    1.6e+00  -977.57890058  -687.66807555    -0.00022476   0.007004   2.8e-02   2.7e-04 0.03
    46      50    3.6e+00   10    3.4e+00  -977.57914254  -687.66831750    -0.00024196   0.007988   3.2e-02   2.4e-04 0.03
    47      50    3.6e+00    4    1.6e+00  -977.57935718  -687.66853215    -0.00021464   0.007225   2.9e-02   2.8e-04 0.03
    48      50    3.6e+00    9    3.4e+00  -977.57953041  -687.66870538    -0.00017323   0.007183   2.9e-02   2.5e-04 0.03
    49      50    3.6e+00    3    1.3e+00  -977.57956582  -687.66874079    -0.00003541   0.006649   2.7e-02   2.7e-04 0.03
    50      50    3.6e+00   11    3.9e+00  -977.57984436  -687.66901932    -0.00027853   0.006945   2.8e-02   2.3e-04 0.03
    51      50    3.6e+00    6    2.2e+00  -977.57996901  -687.66914397    -0.00012465   0.007620   3.0e-02   2.3e-04 0.03
    52      50    3.6e+00    6    2.2e+00  -977.58022505  -687.66940002    -0.00025605   0.009493   3.8e-02   2.7e-04 0.03
    53      50    3.6e+00    9    3.1e+00  -977.58047471  -687.66964968    -0.00024966   0.006876   2.8e-02   2.4e-04 0.03
    54      50    3.6e+00    6    2.2e+00  -977.58049043  -687.66966540    -0.00001572   0.007783   3.1e-02   2.0e-04 0.03
    55      50    3.6e+00    9    3.1e+00  -977.58071662  -687.66989159    -0.00022619   0.007051   2.8e-02   1.8e-04 0.03
    56      50    3.6e+00    9    3.1e+00  -977.58100627  -687.67018123    -0.00028964   0.007212   2.9e-02   1.6e-04 0.03
    57      50    3.6e+00    4    1.6e+00  -977.58125813  -687.67043310    -0.00025187   0.007838   3.1e-02   2.1e-04 0.03
    58      50    3.6e+00    4    1.9e+00  -977.58133518  -687.67051014    -0.00007704   0.006728   2.7e-02   2.6e-04 0.03
    59      50    3.6e+00    4    1.9e+00  -977.58138107  -687.67055603    -0.00004589   0.007322   2.9e-02   3.2e-04 0.03
    60      50    3.6e+00   10    3.5e+00  -977.58152065  -687.67069562    -0.00013958   0.007106   2.8e-02   2.4e-04 0.03
    61      50    3.6e+00    3    1.3e+00  -977.58164283  -687.67081780    -0.00012218   0.006779   2.7e-02   2.3e-04 0.03
    62      50    3.6e+00    0    3.2e-01  -977.58165997  -687.67083493    -0.00001713   0.006779   2.7e-02   2.3e-04 0.03
    63      70    5.0e+00    1    6.4e-01  -977.58299461  -687.67216958    -0.00133465   0.000975   3.9e-03   2.6e-04 0.03
 
RESULTS OF THE OCCUPATION OPTIMIZATION
========================================
   1    1.9999995  -92.22873688
   2    1.9999961  -26.39102936
   3    1.9999962  -26.39086151
   4    1.9999860  -11.23648834
   5    1.9999185  -8.51271343
   6    1.9999204  -8.28069401
   7    1.9998374  -7.12791777
   8    1.9998340  -7.10528183
   9    1.9998419  -7.10143852
  10    1.9997406  -6.86694765
  11    1.9890056  -1.60745490
  12    1.9889765  -1.60002816
  13    1.9847262  -1.22739315
  14    1.9830209  -0.90756375
  15    1.9814052  -0.78714222
  16    1.9804077  -0.78225428
  17    1.9784720  -0.75238037
  18    1.9776618  -0.75189918
  19    1.9756300  -0.73976940
  20    1.9786192  -0.64870751
  21    1.9668326  -0.64616889
  22    1.9729927  -0.64543068
  23    1.9750610  -0.64532942
  24    1.9667228  -0.64274043
  25    1.9718997  -0.53589261
  26    1.9678487  -0.51328671
  27    1.9699735  -0.50865626
  28    0.0105712  -0.01210397
  29    0.0087755  -0.01132506
  30    0.0114657  -0.01867868
  31    0.0331543  -0.05926806
  32    0.0135288  -0.02278809
  33    0.0263881  -0.04189388
  34    0.0330046  -0.05921187
  35    0.0080909  -0.01631687
  36    0.0104579  -0.02194588
  37    0.0125856  -0.02325268
  38    0.0139829  -0.02512423
  39    0.0043546  -0.01208352
  40    0.0080640  -0.02130200
  41    0.0085380  -0.02555690
  42    0.0059169  -0.02032333
  43    0.0052007  -0.01876967
  44    0.0036167  -0.01425624
  45    0.0001859  -0.00546201
  46    0.0000291  -0.00103712
  47    0.0000259  -0.00075854
  48    0.0000207  -0.00049980
  49    0.0000144  -0.00015839
  50    0.0000162  -0.00026067
  51    0.0000022  -0.00002726
  52    0.0000005  -0.00005893
  53    0.0000005  -0.00005299
  54    0.0000002  -0.00000097
  55    0.0096348  -0.01336691
  56    0.0082385  -0.01184003
  57    0.0081479  -0.01384483
  58    0.0000999  -0.00025537
  59    0.0046809  -0.00866325
  60    0.0000970  -0.00027348
  61    0.0000951  -0.00025148
  62    0.0046601  -0.01137578
  63    0.0035587  -0.00937378
  64    0.0039086  -0.00968865
  65    0.0036626  -0.00929796
  66    0.0037655  -0.01041582
  67    0.0055240  -0.01513477
  68    0.0031772  -0.01055183
  69    0.0027582  -0.01097600
  70    0.0013488  -0.00742230
  71    0.0013220  -0.00573889
  72    0.0000111  -0.00011736
  73    0.0000193  -0.00039395
  74    0.0000176  -0.00041073
  75    0.0000176  -0.00031331
  76    0.0000081  -0.00007736
  77    0.0000130  -0.00012408
  78    0.0000012  -0.00005451
  79    0.0000004  -0.00000393
  80    0.0000004  -0.00001033
  81    0.0000001  -0.00000045
  82    0.0087363  -0.01167574
  83    0.0065643  -0.00978275
  84    0.0027879  -0.00504486
  85    0.0000047  -0.00001750
  86    0.0025560  -0.00493478
  87    0.0000826  -0.00023576
  88    0.0000201  -0.00006891
  89    0.0039013  -0.01055338
  90    0.0035232  -0.00932011
  91    0.0038760  -0.00958057
  92    0.0006856  -0.00215065
  93    0.0029053  -0.00888739
  94    0.0019790  -0.00662957
  95    0.0018393  -0.00738794
  96    0.0027216  -0.00957193
  97    0.0009334  -0.00649862
  98    0.0011271  -0.00647206
  99    0.0000093  -0.00010050
 100    0.0000176  -0.00027081
 101    0.0000145  -0.00015129
 102    0.0000136  -0.00013642
 103    0.0000069  -0.00008511
 104    0.0000113  -0.00011659
 105    0.0000012  -0.00000879
 106    0.0000003  -0.00000326
 107    0.0000004  -0.00000290
 108    0.0000000  -0.00000021
 109    0.0002645  -0.00053849
 110    0.0027710  -0.00450774
 111    0.0024671  -0.00448736
 112    0.0000036  -0.00001281
 113    0.0011654  -0.00261404
 114    0.0000675  -0.00020448
 115    0.0000138  -0.00006033
 116    0.0017058  -0.00515553
 117    0.0033853  -0.00903382
 118    0.0005515  -0.00178966
 119    0.0005775  -0.00169592
 120    0.0026857  -0.00849012
 121    0.0009418  -0.00354241
 122    0.0009321  -0.00355908
 123    0.0016369  -0.00732835
 124    0.0007481  -0.00482272
 125    0.0010082  -0.00678739
 126    0.0000083  -0.00008572
 127    0.0000159  -0.00017717
 128    0.0000141  -0.00014099
 129    0.0000131  -0.00013209
 130    0.0000062  -0.00006065
 131    0.0000072  -0.00022652
 132    0.0000012  -0.00000948
 133    0.0000003  -0.00000146
 134    0.0000003  -0.00000212
 135    0.0000000  -0.00000019
 136    0.0001333  -0.00028108
 137    0.0019165  -0.00294786
 138    0.0014540  -0.00272011
 139    0.0000034  -0.00001334
 140    0.0008930  -0.00212232
 141    0.0000558  -0.00018193
 142    0.0000093  -0.00003507
 143    0.0008823  -0.00256163
 144    0.0029806  -0.00829670
 145    0.0004238  -0.00134811
 146    0.0004521  -0.00133890
 147    0.0026581  -0.00901593
 148    0.0007243  -0.00234897
 149    0.0006103  -0.00237007
 150    0.0005345  -0.00315158
 151    0.0007128  -0.00536313
 152    0.0007385  -0.00623462
 153    0.0000078  -0.00008459
 154    0.0000146  -0.00014052
 155    0.0000131  -0.00012864
 156    0.0000128  -0.00012390
 157    0.0000057  -0.00003941
 158    0.0000042  -0.00005026
 159    0.0000010  -0.00000936
 160    0.0000003  -0.00000164
 161    0.0000003  -0.00000165
 162    0.0000000  -0.00000016
 163    0.0001149  -0.00028754
 164    0.0017043  -0.00303667
 165    0.0014055  -0.00280397
 166    0.0000025  -0.00000739
 167    0.0005660  -0.00125238
 168    0.0000509  -0.00016079
 169    0.0000080  -0.00002896
 170    0.0006062  -0.00157263
 171    0.0001818  -0.00068143
 172    0.0002623  -0.00086890
 173    0.0003871  -0.00120566
 174    0.0011279  -0.00324648
 175    0.0002884  -0.00104698
 176    0.0005522  -0.00242419
 177    0.0003727  -0.00169396
 178    0.0003286  -0.00186352
 179    0.0005788  -0.00443511
 180    0.0000058  -0.00005338
 181    0.0000122  -0.00012061
 182    0.0000129  -0.00012242
 183    0.0000127  -0.00012305
 184    0.0000055  -0.00004895
 185    0.0000039  -0.00002759
 186    0.0000010  -0.00000786
 187    0.0000003  -0.00000113
 188    0.0000003  -0.00000122
 189    0.0000000  -0.00000016
 190    0.0001082  -0.00024633
 191    0.0011192  -0.00220701
 192    0.0001771  -0.00045687
 193    0.0000023  -0.00000656
 194    0.0005131  -0.00118513
 195    0.0000467  -0.00015712
 196    0.0000065  -0.00002482
 197    0.0003570  -0.00109201
 198    0.0000528  -0.00017997
 199    0.0002433  -0.00085891
 200    0.0002945  -0.00106064
 201    0.0009789  -0.00297344
 202    0.0002769  -0.00100724
 203    0.0003829  -0.00158909
 204    0.0002528  -0.00125359
 205    0.0002989  -0.00148727
 206    0.0005669  -0.00386232
 207    0.0000049  -0.00004626
 208    0.0000115  -0.00011647
 209    0.0000106  -0.00010834
 210    0.0000124  -0.00011883
 211    0.0000052  -0.00005655
 212    0.0000033  -0.00002913
 213    0.0000008  -0.00000756
 214    0.0000002  -0.00000105
 215    0.0000002  -0.00000104
 216    0.0000000  -0.00000014
 217    0.0000918  -0.00021906
 218    0.0008126  -0.00154029
 219    0.0000776  -0.00022004
 220    0.0000014  -0.00000420
 221    0.0003872  -0.00092118
 222    0.0000406  -0.00012594
 223    0.0000049  -0.00001984
 224    0.0002863  -0.00083856
 225    0.0000468  -0.00016500
 226    0.0001481  -0.00054552
 227    0.0002708  -0.00097514
 228    0.0005178  -0.00147240
 229    0.0002560  -0.00093048
 230    0.0002918  -0.00120323
 231    0.0002009  -0.00092218
 232    0.0002796  -0.00137496
 233    0.0003986  -0.00274020
 234    0.0000044  -0.00003514
 235    0.0000077  -0.00006907
 236    0.0000086  -0.00008259
 237    0.0000124  -0.00012153
 238    0.0000045  -0.00003792
 239    0.0000031  -0.00006145
 240    0.0000008  -0.00000694
 241    0.0000002  -0.00000106
 242    0.0000002  -0.00000101
 243    0.0000000  -0.00000014
 244    0.0000745  -0.00020010
 245    0.0001154  -0.00024737
 246    0.0000273  -0.00009230
 247    0.0000010  -0.00000378
 248    0.0002307  -0.00053196
 249    0.0000339  -0.00011541
 250    0.0000029  -0.00000927
 251    0.0002293  -0.00073797
 252    0.0000415  -0.00014247
 253    0.0000949  -0.00030150
 254    0.0002636  -0.00091305
 255    0.0004701  -0.00140309
 256    0.0002101  -0.00076548
 257    0.0002310  -0.00102350
 258    0.0001875  -0.00080869
 259    0.0002678  -0.00126055
 260    0.0003287  -0.00186368
 261    0.0000041  -0.00003106
 262    0.0000066  -0.00006075
 263    0.0000082  -0.00007866
 264    0.0000122  -0.00011940
 265    0.0000045  -0.00003167
 266    0.0000028  -0.00004930
 267    0.0000008  -0.00000661
 268    0.0000002  -0.00000095
 269    0.0000002  -0.00000081
 270    0.0000000  -0.00000013
 271    0.0000666  -0.00017586
 272    0.0000425  -0.00011414
 273    0.0000230  -0.00007749
 274    0.0000007  -0.00000292
 275    0.0001462  -0.00041458
 276    0.0000264  -0.00009390
 277    0.0000006  -0.00000265
 278    0.0001881  -0.00061692
 279    0.0000346  -0.00012295
 280    0.0000729  -0.00022657
 281    0.0002519  -0.00084247
 282    0.0000416  -0.00017497
 283    0.0000885  -0.00032685
 284    0.0002177  -0.00084049
 285    0.0001628  -0.00076713
 286    0.0002570  -0.00124618
 287    0.0002925  -0.00167773
 288    0.0000039  -0.00002942
 289    0.0000050  -0.00003547
 290    0.0000074  -0.00017782
 291    0.0000119  -0.00011966
 292    0.0000041  -0.00002947
 293    0.0000028  -0.00001964
 294    0.0000007  -0.00000469
 295    0.0000002  -0.00000084
 296    0.0000002  -0.00000090
 297    0.0000000  -0.00000011
 298    0.0000604  -0.00015527
 299    0.0000337  -0.00009703
 300    0.0000198  -0.00006875
 301    0.0000007  -0.00000273
 302    0.0001020  -0.00026800
 303    0.0000239  -0.00008979
 304    0.0000004  -0.00000129
 305    0.0001455  -0.00044983
 306    0.0000318  -0.00012701
 307    0.0000505  -0.00017985
 308    0.0002458  -0.00081888
 309    0.0000276  -0.00011750
 310    0.0000636  -0.00021536
 311    0.0001028  -0.00040473
 312    0.0001375  -0.00074257
 313    0.0001787  -0.00106702
 314    0.0002702  -0.00137470
 315    0.0000031  -0.00002224
 316    0.0000038  -0.00002793
 317    0.0000068  -0.00008090
 318    0.0000051  -0.00003695
 319    0.0000036  -0.00002871
 320    0.0000026  -0.00002076
 321    0.0000006  -0.00000410
 322    0.0000002  -0.00000071
 323    0.0000002  -0.00000082
 324    0.0000000  -0.00000011
 325    0.0000548  -0.00014898
 326    0.0000228  -0.00006782
 327    0.0000142  -0.00004578
 328    0.0000006  -0.00000263
 329    0.0000837  -0.00024042
 330    0.0000225  -0.00008313
 331    0.0000003  -0.00000097
 332    0.0001286  -0.00042471
 333    0.0000233  -0.00011121
 334    0.0000438  -0.00015877
 335    0.0002335  -0.00080706
 336    0.0000217  -0.00012292
 337    0.0000592  -0.00021727
 338    0.0000265  -0.00013661
 339    0.0001052  -0.00046699
 340    0.0001322  -0.00104406
 341    0.0002498  -0.00136173
 342    0.0000030  -0.00002091
 343    0.0000035  -0.00003102
 344    0.0000061  -0.00005385
 345    0.0000044  -0.00004482
 346    0.0000033  -0.00009809
 347    0.0000026  -0.00002237
 348    0.0000006  -0.00000401
 349    0.0000002  -0.00000061
 350    0.0000002  -0.00000062
 351    0.0000000  -0.00000012
 352    0.0000403  -0.00011464
 353    0.0000162  -0.00005152
 354    0.0000120  -0.00004613
 355    0.0000006  -0.00000264
 356    0.0000282  -0.00009917
 357    0.0000201  -0.00007711
 358    0.0000003  -0.00000092
 359    0.0001037  -0.00033422
 360    0.0000165  -0.00008010
 361    0.0000251  -0.00011625
 362    0.0000881  -0.00029248
 363    0.0000185  -0.00011474
 364    0.0000456  -0.00017916
 365    0.0000234  -0.00013994
 366    0.0000859  -0.00036181
 367    0.0001184  -0.00124014
 368    0.0002399  -0.00124554
 369    0.0000024  -0.00001444
 370    0.0000033  -0.00002029
 371    0.0000058  -0.00004428
 372    0.0000040  -0.00002683
 373    0.0000023  -0.00002366
 374    0.0000024  -0.00001379
 375    0.0000006  -0.00000359
 376    0.0000002  -0.00000083
 377    0.0000002  -0.00000052
 378    0.0000000  -0.00000011
 379    0.0000340  -0.00009765
 380    0.0000117  -0.00003942
 381    0.0000099  -0.00003638
 382    0.0000005  -0.00000154
 383    0.0000202  -0.00008403
 384    0.0000184  -0.00007302
 385    0.0000002  -0.00000082
 386    0.0000414  -0.00015112
 387    0.0000135  -0.00006735
 388    0.0000211  -0.00010167
 389    0.0000550  -0.00019222
 390    0.0000092  -0.00004565
 391    0.0000309  -0.00013266
 392    0.0000190  -0.00013177
 393    0.0000758  -0.00029653
 394    0.0000863  -0.00071394
 395    0.0001195  -0.00101688
 396    0.0000022  -0.00001792
 397    0.0000032  -0.00005000
 398    0.0000055  -0.00003974
 399    0.0000037  -0.00002831
 400    0.0000021  -0.00001423
 401    0.0000024  -0.00001349
 402    0.0000005  -0.00000326
 403    0.0000002  -0.00000059
 404    0.0000002  -0.00000051
 405    0.0000000  -0.00000011
 406    0.0000249  -0.00007480
 407    0.0000046  -0.00001748
 408    0.0000062  -0.00002504
 409    0.0000005  -0.00000160
 410    0.0000190  -0.00007818
 411    0.0000169  -0.00006689
 412    0.0000001  -0.00000040
 413    0.0000327  -0.00012743
 414    0.0000117  -0.00005702
 415    0.0000154  -0.00009791
 416    0.0000460  -0.00016655
 417    0.0000058  -0.00002763
 418    0.0000248  -0.00012779
 419    0.0000176  -0.00012250
 420    0.0000643  -0.00028901
 421    0.0000713  -0.00054243
 422    0.0000996  -0.00106775
 423    0.0000020  -0.00001096
 424    0.0000032  -0.00003476
 425    0.0000049  -0.00003246
 426    0.0000034  -0.00003018
 427    0.0000020  -0.00003107
 428    0.0000022  -0.00001532
 429    0.0000004  -0.00000238
 430    0.0000001  -0.00000038
 431    0.0000001  -0.00000045
 432    0.0000000  -0.00000010
 433    0.0000161  -0.00004864
 434    0.0000025  -0.00000576
 435    0.0000050  -0.00001967
 436    0.0000004  -0.00000156
 437    0.0000185  -0.00007308
 438    0.0000158  -0.00006296
 439    0.0000001  -0.00000039
 440    0.0000217  -0.00010977
 441    0.0000100  -0.00004573
 442    0.0000153  -0.00007983
 443    0.0000311  -0.00012836
 444    0.0000038  -0.00001857
 445    0.0000179  -0.00012071
 446    0.0000174  -0.00012345
 447    0.0000602  -0.00023347
 448    0.0000609  -0.00034235
 449    0.0000374  -0.00020014
 450    0.0000012  -0.00000750
 451    0.0000018  -0.00001595
 452    0.0000039  -0.00002670
 453    0.0000030  -0.00020219
 454    0.0000011  -0.00000653
 455    0.0000016  -0.00002714
 456    0.0000003  -0.00000197
 457    0.0000001  -0.00000039
 458    0.0000001  -0.00000038
 459    0.0000000  -0.00000010
 
----------------
 Final Energies 
----------------
Final NOF Total Energy =    -687.6721696
 
Total Orbital Internal Iterations = 2910
Total Occupation Internal Iterations = 1199
 
Elapsed time:  752.65 Seconds

---------------------------------
   Lowdin Population Analysis    
---------------------------------
 Idx  Atom   Population   Charge 
---------------------------------
  1     C     6.263      -0.263
  2     S    15.496       0.504
  3     F     8.927       0.073
  4     F     8.927       0.073
  5     B     5.046      -0.046
  6     H     1.048      -0.048
  7     H     1.058      -0.058
  8     B     5.134      -0.134
  9     H     1.048      -0.048
 10     H     1.055      -0.055

---------------------------------
   M Diagnostic: 0.03
---------------------------------

