Computing Integrals
Elapsed time:   23.64 Seconds

Number of basis functions                   (NBF)    = 1218
Number of auxiliary basis functions         (NBFAUX) = 1314
Inactive Doubly occupied orbitals up to     (NO1)    = 0
No. considered Strongly Doubly occupied MOs (NDOC)   = 54
No. considered Strongly Singly occupied MOs (NSOC)   = 0
NO. of Weakly occ. per St. Doubly occ.  MOs (NCWO)   = 1
Dimension of the Nat. Orb. subspace         (NBF5)   = 108
No. of electrons                                     = 108
    No. of alpha electrons                           = 54
    No. of beta electrons                            = 54
Multiplicity                                         = 1

Geometry
========
 N       0.6474900      -0.9232900      -0.3158200
 H       0.2487400      -1.0135400      -1.2354800
 C      -0.2588800      -0.8678800       0.8196600
 H      -0.1235600      -1.7574600       1.4347300
 C       0.0273600       0.3500600       1.7084700
 C      -1.7153500      -0.8741100       0.3755000
 H       1.0732100       0.3024300       2.0047500
 H      -0.5827500       0.2557500       2.6069000
 C      -0.2793400       1.7051300       1.0597200
 O      -2.5774100      -1.3972900       1.0700300
 H      -1.3395600       1.8022100       0.8379800
 H       0.0007600       2.4923600       1.7584500
 C       0.4798300       1.9313000      -0.2163200
 O       1.7776500       2.2019100       0.0117200
 O       0.0118300       1.8902500      -1.3393700
 C       1.9571300      -1.2735900      -0.1451500
 C       2.7387400      -1.4559300      -1.4243900
 O       2.4580700      -1.4215100       0.9610400
 H       2.8996400      -2.5200400      -1.5882200
 H       3.7121700      -0.9891100      -1.3035000
 H       2.2344700      -1.0354700      -2.2916300
 N      -1.9888500      -0.2667900      -0.8130100
 C      -3.3779400      -0.1334200      -1.2147700
 H      -1.3380400       0.4303800      -1.1569300
 H      -3.9357500       0.5118600      -0.5356700
 H      -3.4120000       0.2795100      -2.2182700
 H      -3.8506400      -1.1110000      -1.2085300
 H       2.1860800       2.3090200      -0.8609700

No violations of the orthonormality
No violations of the orthonormality
 
PNOF9/ADABelief Calculation
==================
 
  Nitext  Nit_orb  Time   Nit_occ  Time         Eelec          Etot           Ediff      maxdiff    MaxGrad_orb  Grad_occ
     1      10    6.0e+01   23    4.1e+01 -1713.34139257  -720.44470937 -11712.34139257   0.015731   6.3e-02   1.8e-04 0.04
     2      20    6.1e+01    0    1.5e+00 -1714.78837056  -721.89168736    -1.44697799   0.015731   6.3e-02   1.8e-04 0.04
     3      40    1.2e+02    4    1.5e+00 -1714.78872012  -721.89203692    -0.00034957   0.015785   6.3e-02   1.5e-04 0.04
     4      40    1.2e+02    4    1.6e+00 -1714.78899552  -721.89231232    -0.00027539   0.083905   3.4e-01   9.8e-05 0.04
     5      40    1.2e+02    0    1.5e+00 -1714.78901602  -721.89233282    -0.00002050   0.083905   3.4e-01   9.8e-05 0.04
     6      60    1.7e+02    2    1.4e+00 -1714.79470196  -721.89801876    -0.00568594   0.001572   6.3e-03   2.4e-04 0.04
     7      60    1.7e+02    0    1.4e+00 -1714.79470869  -721.89802549    -0.00000673   0.001572   6.3e-03   2.4e-04 0.04
     8      80    2.3e+02    2    1.4e+00 -1714.79478352  -721.89810032    -0.00007483   0.000512   2.0e-03   2.3e-04 0.04
 
RESULTS OF THE OCCUPATION OPTIMIZATION
========================================
   1    1.9998114  -20.58988903
   2    1.9998027  -20.55835464
   3    1.9998025  -20.55148882
   4    1.9997659  -19.81437982
   5    1.9996993  -14.75076271
   6    1.9996262  -14.36659771
   7    1.9995835  -13.49635635
   8    1.9996083  -11.67311534
   9    1.9995631  -11.36117742
  10    1.9994600  -11.35722794
  11    1.9994619  -11.35146624
  12    1.9995589  -11.33589901
  13    1.9994609  -11.32421600
  14    1.9995006  -11.29394534
  15    1.9902844  -1.34904260
  16    1.9902801  -1.31019654
  17    1.9903929  -1.24841011
  18    1.9899148  -1.23515188
  19    1.9899941  -1.22815557
  20    1.9897258  -1.22052631
  21    1.9807206  -0.87439019
  22    1.9805872  -0.86273685
  23    1.9806405  -0.86201353
  24    1.9864464  -0.81468514
  25    1.9860756  -0.80221150
  26    1.9875035  -0.80181700
  27    1.9790305  -0.79995802
  28    1.9732034  -0.79273032
  29    1.9787456  -0.77129502
  30    1.9713724  -0.76500463
  31    1.9727326  -0.76078755
  32    1.9728608  -0.75629677
  33    1.9754840  -0.72542635
  34    1.9853155  -0.72135803
  35    1.9683431  -0.70669880
  36    1.9745850  -0.70166932
  37    1.9728749  -0.68355856
  38    1.9723903  -0.66779704
  39    1.9697079  -0.66239945
  40    1.9696256  -0.65787582
  41    1.9752155  -0.63693371
  42    1.9716752  -0.61945889
  43    1.9746545  -0.61924487
  44    1.9748663  -0.61676784
  45    1.9711209  -0.61218273
  46    1.9748249  -0.61066721
  47    1.9744184  -0.60463647
  48    1.9710010  -0.60133206
  49    1.9744861  -0.59151987
  50    1.9702531  -0.58297070
  51    1.9699347  -0.57089405
  52    1.9591128  -0.54679570
  53    1.9584617  -0.49683340
  54    1.9584676  -0.48898159
  55    0.0415324  -0.05137878
  56    0.0415383  -0.05127192
  57    0.0408872  -0.05251161
  58    0.0300653  -0.03474345
  59    0.0297469  -0.03406461
  60    0.0255139  -0.02532283
  61    0.0289990  -0.03598345
  62    0.0255816  -0.02536930
  63    0.0251751  -0.02520492
  64    0.0288791  -0.03550211
  65    0.0251337  -0.02481361
  66    0.0253455  -0.02521998
  67    0.0283248  -0.03849938
  68    0.0247845  -0.02516347
  69    0.0303744  -0.03895555
  70    0.0302921  -0.03953460
  71    0.0276097  -0.03842540
  72    0.0271251  -0.03444929
  73    0.0254150  -0.03054963
  74    0.0316569  -0.04723402
  75    0.0146845  -0.01935878
  76    0.0245160  -0.02922051
  77    0.0271392  -0.04116110
  78    0.0272674  -0.04146965
  79    0.0286276  -0.03655921
  80    0.0212544  -0.02412865
  81    0.0267966  -0.04139013
  82    0.0209695  -0.02390680
  83    0.0124965  -0.01683802
  84    0.0139244  -0.01921846
  85    0.0135536  -0.01905285
  86    0.0193595  -0.02306885
  87    0.0194128  -0.02329388
  88    0.0192794  -0.02338110
  89    0.0102742  -0.02044580
  90    0.0100059  -0.01528484
  91    0.0100852  -0.02047586
  92    0.0096071  -0.01490046
  93    0.0097199  -0.02174079
  94    0.0097156  -0.02020535
  95    0.0004994  -0.00849146
  96    0.0005391  -0.00905684
  97    0.0004411  -0.00768293
  98    0.0005381  -0.00901438
  99    0.0005400  -0.00908053
 100    0.0004369  -0.00766700
 101    0.0003917  -0.00717508
 102    0.0004165  -0.00851812
 103    0.0003738  -0.00820017
 104    0.0003007  -0.00674317
 105    0.0002341  -0.00713910
 106    0.0001975  -0.00650115
 107    0.0001973  -0.00651087
 108    0.0001886  -0.00625259
 
----------------
 Final Energies 
----------------
Final NOF Total Energy =    -721.8981003
 
Total Orbital Internal Iterations = 350
Total Occupation Internal Iterations = 35
 
Elapsed time: 1197.93 Seconds

---------------------------------
   Lowdin Population Analysis    
---------------------------------
 Idx  Atom   Population   Charge 
---------------------------------
  1     N     6.472       0.528
  2     H     1.163      -0.163
  3     C     6.125      -0.125
  4     H     1.025      -0.025
  5     C     5.873       0.127
  6     C     6.578      -0.578
  7     H     1.037      -0.037
  8     H     1.033      -0.033
  9     C     5.900       0.100
 10     O     7.725       0.275
 11     H     1.037      -0.037
 12     H     1.034      -0.034
 13     C     6.684      -0.684
 14     O     7.331       0.669
 15     O     7.714       0.286
 16     C     6.594      -0.594
 17     C     5.765       0.235
 18     O     7.729       0.271
 19     H     1.051      -0.051
 20     H     1.049      -0.049
 21     H     1.059      -0.059
 22     N     6.505       0.495
 23     C     5.849       0.151
 24     H     1.196      -0.196
 25     H     1.064      -0.064
 26     H     1.064      -0.064
 27     H     1.058      -0.058
 28     H     1.283      -0.283

---------------------------------
   M Diagnostic: 0.04
---------------------------------

