Computing Integrals
Elapsed time:    8.56 Seconds

Number of basis functions                   (NBF)    = 234
Number of auxiliary basis functions         (NBFAUX) = 222
Inactive Doubly occupied orbitals up to     (NO1)    = 0
No. considered Strongly Doubly occupied MOs (NDOC)   = 8
No. considered Strongly Singly occupied MOs (NSOC)   = 0
NO. of Weakly occ. per St. Doubly occ.  MOs (NCWO)   = 1
Dimension of the Nat. Orb. subspace         (NBF5)   = 16
No. of electrons                                     = 16
    No. of alpha electrons                           = 8
    No. of beta electrons                            = 8
Multiplicity                                         = 1

Geometry
========
 C      -0.6634700       0.0000000       0.0000000
 C       0.6634700       0.0000000       0.0000000
 H      -1.2346000      -0.9225200       0.0000000
 H      -1.2346000       0.9225200       0.0000000
 H       1.2346000       0.9225200       0.0000000
 H       1.2346000      -0.9225200       0.0000000

No violations of the orthonormality
No violations of the orthonormality
 
PNOF9/ADABelief Calculation
==================
 
  Nitext  Nit_orb  Time   Nit_occ  Time         Eelec          Etot           Ediff      maxdiff    MaxGrad_orb  Grad_occ
     1      20    1.4e+02    2    4.1e-01  -111.69352838   -78.26812142 -10110.69352838   0.064568   2.6e-01   2.2e-05 0.05
     2      30    2.2e+02    1    1.3e-02  -111.76305166   -78.33764471    -0.06952328   0.018770   7.5e-02   4.5e-05 0.05
     3      30    2.3e+02    1    6.7e-03  -111.76487936   -78.33947240    -0.00182770   0.017643   7.1e-02   6.9e-05 0.05
     4      30    2.3e+02    1    1.3e-02  -111.76468984   -78.33928289     0.00018952   0.016637   6.7e-02   2.8e-05 0.05
     5      40    3.1e+02    0    4.5e-02  -111.76695331   -78.34154636    -0.00226347   0.001913   7.7e-03   1.6e-04 0.05
     6      50    3.8e+02    0    8.2e-03  -111.76690045   -78.34149349     0.00005286   0.002396   9.6e-03   1.3e-04 0.05
     7      70    5.4e+02    0    2.3e-02  -111.76697066   -78.34156371    -0.00007022   0.000272   1.1e-03   1.6e-04 0.05
     8      80    6.0e+02    0    3.6e-02  -111.76696968   -78.34156273     0.00000098   0.000327   1.3e-03   1.6e-04 0.05
     9     100    7.2e+02    0    9.4e-03  -111.76697104   -78.34156408    -0.00000136   0.000077   3.1e-04   1.6e-04 0.05
    10     110    7.7e+02    0    8.2e-03  -111.76697101   -78.34156406     0.00000002   0.000093   3.7e-04   1.6e-04 0.05
    11     130    1.0e+03    0    1.1e-02  -111.76697107   -78.34156412    -0.00000006   0.000014   5.7e-05   1.6e-04 0.05
 
RESULTS OF THE OCCUPATION OPTIMIZATION
========================================
   1    1.9995587  -11.22091109
   2    1.9995603  -11.21975595
   3    1.9820094  -1.03438379
   4    1.9771015  -0.67954570
   5    1.9770898  -0.67936716
   6    1.9747883  -0.60607431
   7    1.9747575  -0.60598822
   8    1.9537721  -0.39240549
   9    0.0462279  -0.03779046
  10    0.0252425  -0.02528965
  11    0.0252117  -0.02527971
  12    0.0229102  -0.02472172
  13    0.0228985  -0.02471682
  14    0.0179906  -0.02722657
  15    0.0004397  -0.00784215
  16    0.0004413  -0.00786149
 
----------------
 Final Energies 
----------------
Final NOF Total Energy =     -78.3415641
 
Total Orbital Internal Iterations = 690
Total Occupation Internal Iterations = 5
 
Elapsed time: 5257.64 Seconds

---------------------------------
   Lowdin Population Analysis    
---------------------------------
 Idx  Atom   Population   Charge 
---------------------------------
  1     C     5.827       0.173
  2     C     5.827       0.173
  3     H     1.086      -0.086
  4     H     1.087      -0.087
  5     H     1.087      -0.087
  6     H     1.086      -0.086

---------------------------------
   M Diagnostic: 0.05
---------------------------------

