Computing Integrals
Elapsed time:   13.71 Seconds

Number of basis functions                   (NBF)    = 378
Number of auxiliary basis functions         (NBFAUX) = 394
Inactive Doubly occupied orbitals up to     (NO1)    = 0
No. considered Strongly Doubly occupied MOs (NDOC)   = 16
No. considered Strongly Singly occupied MOs (NSOC)   = 0
NO. of Weakly occ. per St. Doubly occ.  MOs (NCWO)   = 1
Dimension of the Nat. Orb. subspace         (NBF5)   = 32
No. of electrons                                     = 32
    No. of alpha electrons                           = 16
    No. of beta electrons                            = 16
Multiplicity                                         = 1

Geometry
========
 C       0.0454900      -0.0029900       1.5226700
 C      -0.0760200       0.2537500       0.0581300
 N      -1.3517500      -0.1452800      -0.4904000
 O       0.7947300       0.7472000      -0.5990800
 H      -1.7522400       0.6727100      -0.9357500
 H      -1.1642900      -0.7790500      -1.2588800
 H      -0.7152400       0.5682100       2.0487600
 H      -0.1671500      -1.0489700       1.7314500
 H       1.0310600       0.2757800       1.8762500

No violations of the orthonormality
No violations of the orthonormality
 
PNOF9/ADABelief Calculation
==================
 
  Nitext  Nit_orb  Time   Nit_occ  Time         Eelec          Etot           Ediff      maxdiff    MaxGrad_orb  Grad_occ
     1      20    1.6e+02    4    5.7e-01  -329.46915295  -208.13147571 -10328.46915295   0.143663   5.7e-01   2.4e-04 0.04
     2      30    2.0e+02    2    4.3e-02  -329.95037120  -208.61269396    -0.48121825   0.054628   2.2e-01   3.0e-04 0.04
     3      30    2.0e+02    3    6.6e-02  -329.99059400  -208.65291676    -0.04022280   0.018918   7.6e-02   1.4e-04 0.04
     4      30    2.1e+02    2    5.5e-02  -329.98701174  -208.64933450     0.00358226   0.028175   1.1e-01   1.4e-04 0.04
     5      40    2.6e+02    2    4.3e-02  -329.99941881  -208.66174157    -0.01240707   0.005953   2.4e-02   1.2e-04 0.04
     6      40    2.6e+02    2    5.4e-02  -329.99905281  -208.66137557     0.00036600   0.006892   2.8e-02   9.2e-05 0.04
     7      50    3.4e+02    0    6.1e-02  -329.99974532  -208.66206808    -0.00069251   0.001290   5.2e-03   1.8e-04 0.04
     8      60    4.0e+02    0    6.3e-02  -329.99973157  -208.66205433     0.00001375   0.001232   4.9e-03   1.7e-04 0.04
     9      80    5.3e+02    0    3.7e-02  -329.99975779  -208.66208055    -0.00002622   0.000203   8.1e-04   1.8e-04 0.04
    10      90    5.9e+02    0    4.6e-02  -329.99975704  -208.66207980     0.00000076   0.000275   1.1e-03   1.8e-04 0.04
    11     110    7.4e+02    0    3.6e-02  -329.99975812  -208.66208088    -0.00000108   0.000039   1.5e-04   1.8e-04 0.04
    12     120    8.0e+02    0    4.5e-02  -329.99975809  -208.66208085     0.00000003   0.000065   2.6e-04   1.8e-04 0.04
    13     116    7.7e+02    0    5.2e-02  -329.99975813  -208.66208089    -0.00000004   0.000012   5.0e-05   1.8e-04 0.04
 
RESULTS OF THE OCCUPATION OPTIMIZATION
========================================
   1    1.9998056  -20.33866888
   2    1.9996731  -15.30762960
   3    1.9996004  -11.64504392
   4    1.9994712  -11.41637498
   5    1.9905137  -1.28532554
   6    1.9887137  -1.09288837
   7    1.9807618  -0.86240258
   8    1.9749772  -0.83927678
   9    1.9864984  -0.77133975
  10    1.9725390  -0.64868214
  11    1.9724679  -0.64754896
  12    1.9720470  -0.62402448
  13    1.9750289  -0.61067710
  14    1.9746709  -0.59856987
  15    1.9677572  -0.58934036
  16    1.9563337  -0.55241970
  17    0.0436663  -0.05187764
  18    0.0322428  -0.04246162
  19    0.0253291  -0.02500645
  20    0.0249711  -0.02458463
  21    0.0279530  -0.03465256
  22    0.0275321  -0.03007646
  23    0.0274610  -0.03004774
  24    0.0135016  -0.01989213
  25    0.0250228  -0.03991049
  26    0.0192382  -0.02298003
  27    0.0112863  -0.01798287
  28    0.0094863  -0.01948896
  29    0.0005288  -0.00913754
  30    0.0003996  -0.00728019
  31    0.0003269  -0.00779764
  32    0.0001944  -0.00654332
 
----------------
 Final Energies 
----------------
Final NOF Total Energy =    -208.6620809
 
Total Orbital Internal Iterations = 816
Total Occupation Internal Iterations = 15
 
Elapsed time: 5636.82 Seconds

---------------------------------
   Lowdin Population Analysis    
---------------------------------
 Idx  Atom   Population   Charge 
---------------------------------
  1     C     5.784       0.216
  2     C     6.570      -0.570
  3     N     6.455       0.545
  4     O     7.685       0.315
  5     H     1.175      -0.175
  6     H     1.175      -0.175
  7     H     1.050      -0.050
  8     H     1.048      -0.048
  9     H     1.056      -0.056

---------------------------------
   M Diagnostic: 0.04
---------------------------------

