Computing Integrals
Elapsed time:   31.50 Seconds

Number of basis functions                   (NBF)    = 1404
Number of auxiliary basis functions         (NBFAUX) = 1332
Inactive Doubly occupied orbitals up to     (NO1)    = 0
No. considered Strongly Doubly occupied MOs (NDOC)   = 48
No. considered Strongly Singly occupied MOs (NSOC)   = 0
NO. of Weakly occ. per St. Doubly occ.  MOs (NCWO)   = 1
Dimension of the Nat. Orb. subspace         (NBF5)   = 96
No. of electrons                                     = 96
    No. of alpha electrons                           = 48
    No. of beta electrons                            = 48
Multiplicity                                         = 1

Geometry
========
 C       2.8244700      -1.3647400      -0.0198900
 C       4.1973700      -0.9111100       0.4662800
 C       4.5686800       0.4380400      -0.1402200
 C       3.4973400       1.4785000       0.1679100
 C       2.1244300       1.0168800      -0.3144800
 C       1.7365500      -0.3351900       0.2824300
 C       0.3799300      -0.8250500      -0.2174900
 C      -0.8023400       0.0559100       0.1684800
 C      -2.1405800      -0.5432500      -0.2458700
 C      -3.3294100       0.3342300       0.1221800
 C      -4.6684600      -0.2656500      -0.2861400
 C      -5.8458200       0.6248500       0.0887200
 H       2.5576900      -2.3236300       0.4303600
 H       2.8603900      -1.5234500      -1.1034100
 H       4.1800900      -0.8210800       1.5564400
 H       4.9520500      -1.6604500       0.2223400
 H       4.6615800       0.3296000      -1.2249500
 H       5.5399100       0.7693700       0.2302700
 H       3.4588000       1.6423400       1.2489700
 H       3.7535600       2.4363500      -0.2875900
 H       2.1370200       0.9214800      -1.4064200
 H       1.3743100       1.7703200      -0.0709100
 H       1.6768900      -0.2183800       1.3723700
 H       0.2074800      -1.8329100       0.1728500
 H       0.4206500      -0.9208700      -1.3078800
 H      -0.7967700       0.2122600       1.2515700
 H      -0.7018400       1.0427500      -0.2880700
 H      -2.2573500      -1.5250800       0.2217900
 H      -2.1392200      -0.7152200      -1.3261600
 H      -3.3279000       0.5107900       1.2017900
 H      -3.2151300       1.3146000      -0.3495100
 H      -4.7809000      -1.2442700       0.1859300
 H      -4.6675400      -0.4419100      -1.3641800
 H      -5.8769400       0.7916500       1.1653300
 H      -6.7958400       0.1837800      -0.2088400
 H      -5.7631400       1.5985200      -0.3939900

No violations of the orthonormality
No violations of the orthonormality
 
PNOF9/ADABelief Calculation
==================
 
  Nitext  Nit_orb  Time   Nit_occ  Time         Eelec          Etot           Ediff      maxdiff    MaxGrad_orb  Grad_occ
     1      10    6.1e+01   14    4.2e+01 -1185.32644837  -467.79803763 -11184.32644837   0.011118   4.4e-02   3.9e-04 0.03
     2      20    6.4e+01    0    1.6e+00 -1187.57760535  -470.04919460    -2.25115697   0.011118   4.4e-02   3.9e-04 0.03
     3      40    1.3e+02   24    1.8e+00 -1187.61342955  -470.08501881    -0.03582420   0.116700   4.7e-01   2.1e-04 0.03
     4      40    1.3e+02   10    1.7e+00 -1187.68398137  -470.15557063    -0.07055182   0.009585   3.8e-02   2.2e-04 0.03
     5      40    1.3e+02    7    1.7e+00 -1187.71146487  -470.18305413    -0.02748350   0.007947   3.2e-02   3.2e-04 0.03
     6      40    1.3e+02    7    1.7e+00 -1187.73316062  -470.20474988    -0.02169574   0.013838   5.5e-02   1.5e-04 0.03
     7      40    1.3e+02    5    1.7e+00 -1187.74413103  -470.21572028    -0.01097041   0.007906   3.2e-02   2.4e-04 0.03
     8      40    1.3e+02    5    1.6e+00 -1187.75238555  -470.22397481    -0.00825452   0.024418   9.8e-02   1.4e-04 0.03
     9      40    1.3e+02    5    1.7e+00 -1187.75920173  -470.23079098    -0.00681618   0.006209   2.5e-02   1.6e-04 0.03
    10      40    1.3e+02    5    1.7e+00 -1187.76572338  -470.23731263    -0.00652165   0.007033   2.8e-02   8.7e-05 0.03
    11      40    1.2e+02    5    1.7e+00 -1187.77202080  -470.24361005    -0.00629742   0.006168   2.5e-02   6.5e-05 0.03
    12      40    1.2e+02    5    1.7e+00 -1187.77773084  -470.24932009    -0.00571004   0.008895   3.6e-02   4.4e-05 0.03
    13      40    1.2e+02    3    1.7e+00 -1187.78207630  -470.25366556    -0.00434546   0.008995   3.6e-02   2.4e-04 0.03
    14      40    1.2e+02    3    1.7e+00 -1187.78470189  -470.25629114    -0.00262559   0.024769   9.9e-02   2.3e-04 0.03
    15      40    1.2e+02    2    1.7e+00 -1187.78648017  -470.25806943    -0.00177829   0.010560   4.2e-02   2.5e-04 0.03
    16      40    1.2e+02    3    1.7e+00 -1187.78668793  -470.25827719    -0.00020776   0.011069   4.4e-02   7.4e-05 0.03
    17      40    1.2e+02    3    1.6e+00 -1187.78676053  -470.25834978    -0.00007259   0.010850   4.3e-02   5.6e-05 0.03
    18      40    1.2e+02    0    1.7e+00 -1187.78677445  -470.25836371    -0.00001393   0.010850   4.3e-02   5.6e-05 0.03
    19      60    1.8e+02    1    1.6e+00 -1187.79668097  -470.26827023    -0.00990652   0.001095   4.4e-03   1.3e-04 0.03
    20      60    1.8e+02    0    1.6e+00 -1187.79668531  -470.26827457    -0.00000434   0.001095   4.4e-03   1.3e-04 0.03
    21      57    1.7e+02    1    1.6e+00 -1187.79675697  -470.26834623    -0.00007166   0.000495   2.0e-03   1.3e-04 0.03
 
RESULTS OF THE OCCUPATION OPTIMIZATION
========================================
   1    1.9995500  -11.20563545
   2    1.9995114  -11.20532500
   3    1.9995625  -11.20422255
   4    1.9995475  -11.20413712
   5    1.9995548  -11.20411287
   6    1.9995531  -11.20400878
   7    1.9995393  -11.20373533
   8    1.9995511  -11.20346235
   9    1.9995836  -11.20295647
  10    1.9995550  -11.20293132
  11    1.9995649  -11.20284770
  12    1.9995538  -11.20272507
  13    1.9812448  -0.89411510
  14    1.9807552  -0.88673622
  15    1.9807691  -0.88552367
  16    1.9806658  -0.88289134
  17    1.9807590  -0.88259153
  18    1.9806386  -0.88121078
  19    1.9806958  -0.87771535
  20    1.9805392  -0.87544004
  21    1.9806296  -0.87520606
  22    1.9807245  -0.87357603
  23    1.9799666  -0.86672412
  24    1.9803336  -0.86590802
  25    1.9741952  -0.58534129
  26    1.9739827  -0.58530190
  27    1.9739350  -0.58243179
  28    1.9740968  -0.58210198
  29    1.9739809  -0.58072347
  30    1.9738553  -0.58061131
  31    1.9737736  -0.57643632
  32    1.9740276  -0.57589797
  33    1.9736375  -0.57018296
  34    1.9737413  -0.56989466
  35    1.9734611  -0.56715750
  36    1.9734275  -0.56576908
  37    1.9700916  -0.54642357
  38    1.9700427  -0.54568538
  39    1.9700684  -0.54350978
  40    1.9700175  -0.54302509
  41    1.9700428  -0.54289304
  42    1.9699557  -0.54276200
  43    1.9699785  -0.53986728
  44    1.9698733  -0.53909215
  45    1.9698269  -0.53599982
  46    1.9697666  -0.53517049
  47    1.9697587  -0.53265673
  48    1.9697060  -0.53050256
  49    0.0302940  -0.03402179
  50    0.0302413  -0.03389776
  51    0.0302334  -0.03404423
  52    0.0301731  -0.03385380
  53    0.0301267  -0.03390402
  54    0.0300215  -0.03386275
  55    0.0300443  -0.03390890
  56    0.0299572  -0.03383661
  57    0.0299825  -0.03408655
  58    0.0299316  -0.03387474
  59    0.0299573  -0.03393286
  60    0.0299084  -0.03370553
  61    0.0265725  -0.02564581
  62    0.0265389  -0.02565022
  63    0.0262587  -0.02518454
  64    0.0263625  -0.02553077
  65    0.0259724  -0.02506678
  66    0.0262264  -0.02554410
  67    0.0261447  -0.02553515
  68    0.0260191  -0.02542316
  69    0.0259032  -0.02535580
  70    0.0260650  -0.02548251
  71    0.0260173  -0.02544223
  72    0.0258048  -0.02533140
  73    0.0196664  -0.02386835
  74    0.0200334  -0.02419612
  75    0.0192755  -0.02356173
  76    0.0193704  -0.02373318
  77    0.0194608  -0.02372129
  78    0.0193042  -0.02366885
  79    0.0193614  -0.02365122
  80    0.0192410  -0.02356947
  81    0.0193342  -0.02365932
  82    0.0192309  -0.02364343
  83    0.0192448  -0.02362271
  84    0.0187552  -0.02315755
  85    0.0004462  -0.00772415
  86    0.0004351  -0.00761507
  87    0.0004450  -0.00771556
  88    0.0004164  -0.00734018
  89    0.0004489  -0.00776911
  90    0.0004607  -0.00788893
  91    0.0004469  -0.00774371
  92    0.0004452  -0.00773941
  93    0.0004525  -0.00780972
  94    0.0004375  -0.00765694
  95    0.0004886  -0.00829694
  96    0.0004500  -0.00779274
 
----------------
 Final Energies 
----------------
Final NOF Total Energy =    -470.2683462
 
Total Orbital Internal Iterations = 847
Total Occupation Internal Iterations = 108
 
Elapsed time: 2930.63 Seconds

---------------------------------
   Lowdin Population Analysis    
---------------------------------
 Idx  Atom   Population   Charge 
---------------------------------
  1     C     5.895       0.105
  2     C     5.902       0.098
  3     C     5.905       0.095
  4     C     5.901       0.099
  5     C     5.894       0.106
  6     C     6.059      -0.059
  7     C     5.899       0.101
  8     C     5.910       0.090
  9     C     5.912       0.088
 10     C     5.917       0.083
 11     C     5.925       0.075
 12     C     5.785       0.215
 13     H     1.044      -0.044
 14     H     1.037      -0.037
 15     H     1.044      -0.044
 16     H     1.050      -0.050
 17     H     1.041      -0.041
 18     H     1.053      -0.053
 19     H     1.041      -0.041
 20     H     1.052      -0.052
 21     H     1.036      -0.036
 22     H     1.046      -0.046
 23     H     1.029      -0.029
 24     H     1.039      -0.039
 25     H     1.036      -0.036
 26     H     1.044      -0.044
 27     H     1.045      -0.045
 28     H     1.045      -0.045
 29     H     1.042      -0.042
 30     H     1.043      -0.043
 31     H     1.045      -0.045
 32     H     1.051      -0.051
 33     H     1.049      -0.049
 34     H     1.059      -0.059
 35     H     1.066      -0.066
 36     H     1.061      -0.061

---------------------------------
   M Diagnostic: 0.03
---------------------------------

