Computing Integrals
Elapsed time:    6.81 Seconds

Number of basis functions                   (NBF)    = 294
Number of auxiliary basis functions         (NBFAUX) = 258
Inactive Doubly occupied orbitals up to     (NO1)    = 0
No. considered Strongly Doubly occupied MOs (NDOC)   = 9
No. considered Strongly Singly occupied MOs (NSOC)   = 0
NO. of Weakly occ. per St. Doubly occ.  MOs (NCWO)   = 1
Dimension of the Nat. Orb. subspace         (NBF5)   = 18
No. of electrons                                     = 18
    No. of alpha electrons                           = 9
    No. of beta electrons                            = 9
Multiplicity                                         = 1

Geometry
========
 C       0.0000000       0.0000000      -0.7616900
 C       0.0000000       0.0000000       0.7616900
 H      -0.8786000       0.5072600      -1.1557700
 H       0.0000000      -1.0145200      -1.1557700
 H       0.8786000       0.5072600      -1.1557700
 H      -0.8786000      -0.5072600       1.1557700
 H       0.0000000       1.0145200       1.1557700
 H       0.8786000      -0.5072600       1.1557700

No violations of the orthonormality
No violations of the orthonormality
 
PNOF9/ADABelief Calculation
==================
 
  Nitext  Nit_orb  Time   Nit_occ  Time         Eelec          Etot           Ediff      maxdiff    MaxGrad_orb  Grad_occ
     1      20    1.4e+02    1    3.9e-01  -121.84172250   -79.47032277 -10120.84172250   0.056837   2.3e-01   1.6e-04 0.03
     2      30    2.0e+02    1    9.0e-03  -121.92656219   -79.55516246    -0.08483969   0.016689   6.7e-02   1.6e-04 0.03
     3      30    2.2e+02    1    1.4e-02  -121.92811661   -79.55671688    -0.00155442   0.014514   5.8e-02   9.4e-05 0.03
     4      30    2.3e+02    1    1.8e-02  -121.92751433   -79.55611459     0.00060228   0.013857   5.5e-02   9.0e-05 0.03
     5      40    2.9e+02    1    1.4e-02  -121.92996859   -79.55856885    -0.00245426   0.002019   8.1e-03   6.5e-05 0.03
     6      40    3.1e+02    0    9.1e-03  -121.92991473   -79.55851500     0.00005385   0.003284   1.3e-02   2.0e-04 0.03
     7      60    3.8e+02    0    1.4e-02  -121.92998314   -79.55858340    -0.00006841   0.000261   1.0e-03   1.7e-04 0.03
     8      70    5.2e+02    0    9.5e-03  -121.92998165   -79.55858192     0.00000148   0.000455   1.8e-03   1.7e-04 0.03
     9      90    6.8e+02    0    1.5e-02  -121.92998368   -79.55858394    -0.00000202   0.000065   2.6e-04   1.7e-04 0.03
    10     100    6.9e+02    0    2.1e-02  -121.92998366   -79.55858392     0.00000002   0.000107   4.3e-04   1.7e-04 0.03
    11     120    8.7e+02    0    3.5e-02  -121.92998371   -79.55858397    -0.00000005   0.000012   5.0e-05   1.7e-04 0.03
 
RESULTS OF THE OCCUPATION OPTIMIZATION
========================================
   1    1.9995860  -11.20527222
   2    1.9995847  -11.20488877
   3    1.9812411  -0.88852915
   4    1.9812020  -0.88778644
   5    1.9739533  -0.57445214
   6    1.9740562  -0.57424334
   7    1.9737739  -0.57251769
   8    1.9738703  -0.57247649
   9    1.9700442  -0.54913587
  10    0.0299558  -0.03351783
  11    0.0261297  -0.02511950
  12    0.0262261  -0.02514401
  13    0.0259438  -0.02507206
  14    0.0260467  -0.02509971
  15    0.0187980  -0.02313683
  16    0.0187589  -0.02311806
  17    0.0004153  -0.00747294
  18    0.0004140  -0.00746421
 
----------------
 Final Energies 
----------------
Final NOF Total Energy =     -79.5585840
 
Total Orbital Internal Iterations = 630
Total Occupation Internal Iterations = 5
 
Elapsed time: 4642.25 Seconds

---------------------------------
   Lowdin Population Analysis    
---------------------------------
 Idx  Atom   Population   Charge 
---------------------------------
  1     C     5.799       0.201
  2     C     5.799       0.201
  3     H     1.068      -0.068
  4     H     1.068      -0.068
  5     H     1.065      -0.065
  6     H     1.068      -0.068
  7     H     1.065      -0.065
  8     H     1.068      -0.068

---------------------------------
   M Diagnostic: 0.03
---------------------------------

