Computing Integrals
Elapsed time:   27.29 Seconds

Number of basis functions                   (NBF)    = 642
Number of auxiliary basis functions         (NBFAUX) = 634
Inactive Doubly occupied orbitals up to     (NO1)    = 0
No. considered Strongly Doubly occupied MOs (NDOC)   = 25
No. considered Strongly Singly occupied MOs (NSOC)   = 0
NO. of Weakly occ. per St. Doubly occ.  MOs (NCWO)   = 1
Dimension of the Nat. Orb. subspace         (NBF5)   = 50
No. of electrons                                     = 50
    No. of alpha electrons                           = 25
    No. of beta electrons                            = 25
Multiplicity                                         = 1

Geometry
========
 C      -1.8517500      -0.6050600      -0.3957000
 H      -1.7987400      -1.3512600      -1.1886500
 O      -1.8517500      -1.3500000       0.8220500
 C      -0.6747400       0.3566800      -0.4948000
 H      -0.7803400       0.9486300      -1.4089600
 H      -0.7116900       1.0608400       0.3401000
 C       0.6747400      -0.3566800      -0.4948000
 H       0.7803400      -0.9486300      -1.4089600
 H       0.7116900      -1.0608400       0.3401000
 H      -1.9744300      -0.7207100       1.5382800
 H      -2.7941700      -0.0622900      -0.5141700
 C       1.8517500       0.6050600      -0.3957000
 H       2.7941700       0.0622900      -0.5141700
 H       1.7987400       1.3512600      -1.1886500
 O       1.8517500       1.3500000       0.8220500
 H       1.9744300       0.7207100       1.5382800

No violations of the orthonormality
No violations of the orthonormality
 
PNOF9/ADABelief Calculation
==================
 
  Nitext  Nit_orb  Time   Nit_occ  Time         Eelec          Etot           Ediff      maxdiff    MaxGrad_orb  Grad_occ
     1      20    2.3e+02    6    7.9e-01  -558.56726244  -305.80808299 -10557.56726244   1.096415   4.4e+00   1.2e-04 0.04
     2      30    3.2e+02    5    3.2e-01  -560.37593824  -307.61675879    -1.80867580   0.116328   4.7e-01   1.0e-04 0.03
     3      30    3.1e+02    4    5.3e-01  -560.77363641  -308.01445695    -0.39769816   0.058586   2.3e-01   2.2e-04 0.03
     4      30    3.1e+02    4    2.8e-01  -560.77105839  -308.01187894     0.00257802   0.126594   5.1e-01   1.6e-04 0.03
     5      40    4.1e+02    3    3.2e-01  -560.82745818  -308.06827872    -0.05639979   0.017600   7.0e-02   1.9e-04 0.03
     6      40    4.1e+02    2    3.0e-01  -560.82705561  -308.06787616     0.00040257   0.015549   6.2e-02   1.3e-04 0.03
     7      50    5.1e+02    1    2.8e-01  -560.82979167  -308.07061222    -0.00273606   0.001860   7.4e-03   1.8e-04 0.03
     8      50    5.1e+02    1    2.9e-01  -560.82969628  -308.07051683     0.00009539   0.003199   1.3e-02   1.9e-04 0.03
     9      60    6.1e+02    1    2.8e-01  -560.82986549  -308.07068604    -0.00016921   0.000407   1.6e-03   2.0e-04 0.03
    10      60    6.1e+02    0    3.2e-01  -560.82985977  -308.07068032     0.00000572   0.000711   2.8e-03   2.1e-04 0.03
    11      80    8.2e+02    1    3.1e-01  -560.82987108  -308.07069163    -0.00001131   0.000088   3.5e-04   1.9e-04 0.03
    12      80    8.0e+02    0    3.0e-01  -560.82987138  -308.07069193    -0.00000030   0.000154   6.2e-04   1.9e-04 0.03
    13     100    1.0e+03    0    3.0e-01  -560.82987199  -308.07069254    -0.00000061   0.000023   9.3e-05   1.9e-04 0.03
 
RESULTS OF THE OCCUPATION OPTIMIZATION
========================================
   1    1.9997942  -20.58307922
   2    1.9997895  -20.58294853
   3    1.9995290  -11.25634309
   4    1.9995303  -11.25252513
   5    1.9995553  -11.22308639
   6    1.9995527  -11.21933141
   7    1.9902782  -1.30101184
   8    1.9902685  -1.30083702
   9    1.9805473  -0.87250374
  10    1.9801107  -0.86188199
  11    1.9801093  -0.86088516
  12    1.9801795  -0.85683526
  13    1.9704894  -0.69982262
  14    1.9704983  -0.69951879
  15    1.9654415  -0.64905888
  16    1.9654258  -0.64862806
  17    1.9826291  -0.62374951
  18    1.9743952  -0.60602563
  19    1.9743590  -0.60375996
  20    1.9820477  -0.60285082
  21    1.9739417  -0.58796999
  22    1.9741283  -0.58123687
  23    1.9698155  -0.54622477
  24    1.9698273  -0.54094682
  25    1.9697812  -0.53991362
  26    0.0302188  -0.03436079
  27    0.0301727  -0.03431517
  28    0.0301845  -0.03406512
  29    0.0258717  -0.02530693
  30    0.0260583  -0.02541384
  31    0.0179523  -0.02158728
  32    0.0256410  -0.02574847
  33    0.0256048  -0.02581549
  34    0.0173709  -0.02119771
  35    0.0345742  -0.04646138
  36    0.0345585  -0.04646729
  37    0.0295017  -0.03615365
  38    0.0295106  -0.03614999
  39    0.0198205  -0.02383308
  40    0.0198907  -0.02375528
  41    0.0198893  -0.02380887
  42    0.0194527  -0.02352909
  43    0.0097315  -0.02128699
  44    0.0097218  -0.02128460
  45    0.0004473  -0.00784050
  46    0.0004447  -0.00780910
  47    0.0004697  -0.00813509
  48    0.0004710  -0.00813817
  49    0.0002105  -0.00679043
  50    0.0002058  -0.00673970
 
----------------
 Final Energies 
----------------
Final NOF Total Energy =    -308.0706925
 
Total Orbital Internal Iterations = 670
Total Occupation Internal Iterations = 28
 
Elapsed time: 7140.93 Seconds

---------------------------------
   Lowdin Population Analysis    
---------------------------------
 Idx  Atom   Population   Charge 
---------------------------------
  1     C     6.101      -0.101
  2     H     1.058      -0.058
  3     O     7.418       0.582
  4     C     5.923       0.077
  5     H     1.045      -0.045
  6     H     1.048      -0.048
  7     C     5.923       0.077
  8     H     1.043      -0.043
  9     H     1.050      -0.050
 10     H     1.341      -0.341
 11     H     1.066      -0.066
 12     C     6.101      -0.101
 13     H     1.066      -0.066
 14     H     1.058      -0.058
 15     O     7.418       0.582
 16     H     1.341      -0.341

---------------------------------
   M Diagnostic: 0.03
---------------------------------

