Computing Integrals
Elapsed time:    4.14 Seconds

Number of basis functions                   (NBF)    = 549
Number of auxiliary basis functions         (NBFAUX) = 619
Inactive Doubly occupied orbitals up to     (NO1)    = 0
No. considered Strongly Doubly occupied MOs (NDOC)   = 25
No. considered Strongly Singly occupied MOs (NSOC)   = 0
NO. of Weakly occ. per St. Doubly occ.  MOs (NCWO)   = 1
Dimension of the Nat. Orb. subspace         (NBF5)   = 50
No. of electrons                                     = 50
    No. of alpha electrons                           = 25
    No. of beta electrons                            = 25
Multiplicity                                         = 1

Geometry
========
 O      -0.0177300       2.6610500       0.0000000
 C       0.0404500       1.4394700       0.0000000
 C       1.2397600       0.6245600       0.0000000
 C       1.1801600      -0.7350100       0.0000000
 C      -0.0656000      -1.4250400       0.0000000
 C      -1.2053100      -0.6857500       0.0000000
 N      -1.1450100       0.6749900       0.0000000
 H       2.1801700       1.1583200       0.0000000
 H       2.0990300      -1.3107400       0.0000000
 H      -0.1136500      -2.5038400       0.0000000
 H      -2.1965300      -1.1195500       0.0000000
 H      -1.9957500       1.2215500       0.0000000

No violations of the orthonormality
No violations of the orthonormality
 
PNOF9/ADABelief Calculation
==================
 
  Nitext  Nit_orb  Time   Nit_occ  Time         Eelec          Etot           Ediff      maxdiff    MaxGrad_orb  Grad_occ
     1      10    9.5e+00    0    1.5e+01  -598.04438813  -322.66211016 -10597.04438813   0.000104   4.1e-04   1.0e-04 0.04
 
RESULTS OF THE OCCUPATION OPTIMIZATION
========================================
   1    1.9998039  -20.23203366
   2    1.9996655  -15.51503639
   3    1.9995032  -11.44392993
   4    1.9995321  -11.36645922
   5    1.9994582  -11.35714900
   6    1.9995279  -11.31881528
   7    1.9995265  -11.26597359
   8    1.9895639  -1.20755833
   9    1.9894038  -1.14371311
  10    1.9893251  -1.12289845
  11    1.9809155  -0.88000003
  12    1.9788845  -0.83498552
  13    1.9733535  -0.75895824
  14    1.9753550  -0.74777129
  15    1.9723872  -0.74701996
  16    1.9780606  -0.74592470
  17    1.9777031  -0.72653536
  18    1.9776294  -0.68768130
  19    1.9763069  -0.66928856
  20    1.9742595  -0.65413851
  21    1.9740414  -0.65365592
  22    1.9706263  -0.60157723
  23    1.9594907  -0.48210380
  24    1.9588035  -0.42121295
  25    1.9601081  -0.41478512
  26    0.0398919  -0.03965406
  27    0.0411965  -0.03883258
  28    0.0405093  -0.05003062
  29    0.0293737  -0.04045980
  30    0.0259586  -0.03353250
  31    0.0257405  -0.03192243
  32    0.0236931  -0.02508143
  33    0.0223706  -0.02408594
  34    0.0222969  -0.02454872
  35    0.0219394  -0.02885405
  36    0.0276128  -0.04197013
  37    0.0246450  -0.02971171
  38    0.0266465  -0.03710541
  39    0.0211155  -0.02906193
  40    0.0190845  -0.02327983
  41    0.0106749  -0.01932039
  42    0.0105962  -0.01822375
  43    0.0104361  -0.01436499
  44    0.0004735  -0.00815283
  45    0.0004721  -0.00818504
  46    0.0005418  -0.00916497
  47    0.0004679  -0.00809480
  48    0.0004968  -0.00853858
  49    0.0003345  -0.00814260
  50    0.0001961  -0.00655516
 
----------------
 Final Energies 
----------------
Final NOF Total Energy =    -322.6621102
 
Total Orbital Internal Iterations = 10
Total Occupation Internal Iterations = 0
 
Elapsed time:   36.94 Seconds

---------------------------------
   Lowdin Population Analysis    
---------------------------------
 Idx  Atom   Population   Charge 
---------------------------------
  1     O     7.761       0.239
  2     C     6.572      -0.572
  3     C     5.932       0.068
  4     C     5.931       0.069
  5     C     5.975       0.025
  6     C     6.011      -0.011
  7     N     6.443       0.557
  8     H     1.064      -0.064
  9     H     1.053      -0.053
 10     H     1.072      -0.072
 11     H     1.060      -0.060
 12     H     1.125      -0.125

---------------------------------
   M Diagnostic: 0.04
---------------------------------

