Computing Integrals
Elapsed time:    6.19 Seconds

Number of basis functions                   (NBF)    = 174
Number of auxiliary basis functions         (NBFAUX) = 186
Inactive Doubly occupied orbitals up to     (NO1)    = 0
No. considered Strongly Doubly occupied MOs (NDOC)   = 7
No. considered Strongly Singly occupied MOs (NSOC)   = 0
NO. of Weakly occ. per St. Doubly occ.  MOs (NCWO)   = 1
Dimension of the Nat. Orb. subspace         (NBF5)   = 14
No. of electrons                                     = 14
    No. of alpha electrons                           = 7
    No. of beta electrons                            = 7
Multiplicity                                         = 1

Geometry
========
 C       0.0000000       0.0000000      -0.6055500
 H       0.0000000       0.0000000      -1.6697700
 C       0.0000000       0.0000000       0.6069900
 H       0.0000000       0.0000000       1.6683300

No violations of the orthonormality
No violations of the orthonormality
 
PNOF9/ADABelief Calculation
==================
 
  Nitext  Nit_orb  Time   Nit_occ  Time         Eelec          Etot           Ediff      maxdiff    MaxGrad_orb  Grad_occ
     1      20    1.4e+02    1    3.8e-01  -101.70574293   -77.07023299 -10100.70574293   0.049580   2.0e-01   1.7e-04 0.04
     2      30    1.6e+02    1    2.7e-02  -101.73652041   -77.10101048    -0.03077748   0.010660   4.3e-02   8.6e-05 0.04
     3      30    1.5e+02    1    1.5e-02  -101.73764778   -77.10213784    -0.00112737   0.011020   4.4e-02   7.7e-05 0.04
     4      30    1.5e+02    1    1.7e-02  -101.73729139   -77.10178145     0.00035639   0.009625   3.9e-02   4.6e-05 0.04
     5      40    2.0e+02    0    4.0e-03  -101.73831309   -77.10280316    -0.00102170   0.001602   6.4e-03   1.5e-04 0.04
     6      50    2.6e+02    0    1.6e-02  -101.73830220   -77.10279226     0.00001089   0.001530   6.1e-03   1.6e-04 0.04
     7      70    3.5e+02    0    4.5e-03  -101.73833016   -77.10282023    -0.00002796   0.000253   1.0e-03   1.6e-04 0.04
     8      80    3.9e+02    0    8.2e-02  -101.73832967   -77.10281973     0.00000050   0.000326   1.3e-03   1.6e-04 0.04
     9     100    5.1e+02    0    1.9e-02  -101.73833066   -77.10282073    -0.00000099   0.000031   1.2e-04   1.6e-04 0.04
    10     110    5.4e+02    0    1.8e-02  -101.73833064   -77.10282071     0.00000002   0.000058   2.3e-04   1.6e-04 0.04
    11     115    5.7e+02    0    1.2e-02  -101.73833068   -77.10282075    -0.00000004   0.000012   5.0e-05   1.6e-04 0.04
 
RESULTS OF THE OCCUPATION OPTIMIZATION
========================================
   1    1.9995940  -11.23257992
   2    1.9993826  -11.22819806
   3    1.9880305  -1.02500051
   4    1.9765928  -0.73477208
   5    1.9764248  -0.73212858
   6    1.9564927  -0.42004727
   7    1.9564863  -0.42004727
   8    0.0435137  -0.03623886
   9    0.0435073  -0.03623740
  10    0.0235752  -0.02823225
  11    0.0234072  -0.02815187
  12    0.0119695  -0.01739188
  13    0.0006174  -0.01030843
  14    0.0004060  -0.00723342
 
----------------
 Final Energies 
----------------
Final NOF Total Energy =     -77.1028207
 
Total Orbital Internal Iterations = 675
Total Occupation Internal Iterations = 4
 
Elapsed time: 3521.90 Seconds

---------------------------------
   Lowdin Population Analysis    
---------------------------------
 Idx  Atom   Population   Charge 
---------------------------------
  1     C     5.861       0.139
  2     H     1.138      -0.138
  3     C     5.860       0.140
  4     H     1.141      -0.141

---------------------------------
   M Diagnostic: 0.04
---------------------------------

