Computing Integrals
Elapsed time:    4.92 Seconds

Number of basis functions                   (NBF)    = 57
Number of auxiliary basis functions         (NBFAUX) = 77
Inactive Doubly occupied orbitals up to     (NO1)    = 0
No. considered Strongly Doubly occupied MOs (NDOC)   = 5
No. considered Strongly Singly occupied MOs (NSOC)   = 0
NO. of Weakly occ. per St. Doubly occ.  MOs (NCWO)   = 1
Dimension of the Nat. Orb. subspace         (NBF5)   = 10
No. of electrons                                     = 10
    No. of alpha electrons                           = 5
    No. of beta electrons                            = 5
Multiplicity                                         = 1

Geometry
========
 F      -0.2051200       1.1919500      -0.6962900

No violations of the orthonormality
Hartree-Fock
============

  Nitext  Nitint    Eelec          Etot           Ediff          maxdiff
     1      1   -99.40923774   -99.40923774     0.04552462     0.32480857 
     2     10   -86.20011708   -86.20011708    -5.09295420    20.74025435 
     3     10   -96.52821997   -96.52821997    -1.58841080     7.82202181 
     4     10   -96.63027560   -96.63027560     1.25307135    15.20237377 
     5     10   -98.70250620   -98.70250620    -0.35760486     4.03773313 
     6     10   -99.13168643   -99.13168643    -0.96518792     2.84106432 
     7     10   -98.66439695   -98.66439695    -0.38168762     8.10950158 
     8     10   -97.13306830   -97.13306830     1.08256192    13.16148225 
     9     10   -99.14095980   -99.14095980    -0.04018932     4.16649839 
    10     10   -98.45523600   -98.45523600     0.31693375    10.88249905 
    11     10   -98.61490835   -98.61490835    -0.37714229    10.12682658 
    12     10   -98.51590332   -98.51590332    -0.96092583     9.24363815 
    13     10   -98.87191625   -98.87191625     0.27784781     4.66536544 
    14     10   -98.13784920   -98.13784920     0.52804228     8.81534976 
    15     10   -98.78589089   -98.78589089    -0.68993501     8.13390347 
    16     10   -98.98946309   -98.98946309     0.00643142     4.93906631 
    17     10   -99.08201545   -99.08201545     0.09032593     4.71391489 
    18     10   -99.35665100   -99.35665100    -0.44446998     1.80489720 
    19     10   -99.26353058   -99.26353058    -0.02943746     3.52654450 
    20     10   -99.42269796   -99.42269796    -0.21865665     1.41741085 
    21     10   -99.24562746   -99.24562746     0.13562331     3.29824146 
    22     10   -99.40803712   -99.40803712    -0.19323221     1.16318136 
    23     10   -99.25696498   -99.25696498    -0.56141377     2.64671716 
    24     10   -98.97640388   -98.97640388     0.18826428     4.47472419 
    25     10   -99.03390537   -99.03390537    -0.16306400     4.72098634 
    26     10   -98.85537415   -98.85537415     0.21774397     6.95390883 
    27     10   -99.13548549   -99.13548549     0.19792822     5.50068149 
    28     10   -99.39559504   -99.39559504    -0.22262579     2.10181312 
    29     10   -98.99076223   -98.99076223     0.44099991     6.69550010 
    30     10   -99.31080739   -99.31080739    -0.00843407     3.75201987 
No violations of the orthonormality
 
PNOF8/ADABelief Calculation
==================
 
  Nitext  Nit_orb  Time   Nit_occ  Time         Eelec          Etot           Ediff      maxdiff    MaxGrad_orb  Grad_occ
     1      10    1.3e+01    3    4.3e+01   -99.61801856   -99.61801856 -10098.61801856   0.013003   5.2e-02   8.8e-05 0.02
     2      20    1.5e-01    5    6.6e-04   -99.62491294   -99.62491294    -0.00689438   0.041427   1.7e-01   1.1e-04 0.02
     3      20    3.2e-02    4    6.2e-04   -99.62668113   -99.62668113    -0.00176819   0.012145   4.9e-02   9.4e-05 0.02
     4      20    1.2e-02    4    6.5e-04   -99.62778718   -99.62778718    -0.00110605   0.012704   5.1e-02   1.0e-04 0.02
     5      20    1.9e-02    3    7.6e-04   -99.62898919   -99.62898919    -0.00120201   0.007796   3.1e-02   6.8e-05 0.02
     6      20    2.0e-02    3    6.0e-04   -99.62990470   -99.62990470    -0.00091551   0.009040   3.6e-02   5.3e-05 0.02
     7      20    1.9e-02    2    4.5e-04   -99.63063704   -99.63063704    -0.00073234   0.007734   3.1e-02   1.6e-04 0.02
     8      20    1.3e-02    3    5.2e-04   -99.63119537   -99.63119537    -0.00055833   0.007157   2.9e-02   2.5e-05 0.02
     9      20    1.9e-02    2    8.4e-04   -99.63146346   -99.63146346    -0.00026809   0.007390   3.0e-02   1.1e-04 0.02
    10      20    1.9e-02    3    8.4e-04   -99.63164025   -99.63164025    -0.00017678   0.008140   3.3e-02   1.0e-05 0.02
    11      20    1.9e-02    0    3.8e-04   -99.63165512   -99.63165512    -0.00001487   0.008140   3.3e-02   1.0e-05 0.02
    12      40    2.5e-02    2    5.1e-04   -99.63210502   -99.63210502    -0.00044990   0.000591   2.4e-03   3.9e-05 0.02
    13      40    3.1e-02    0    3.8e-04   -99.63210794   -99.63210794    -0.00000292   0.000591   2.4e-03   3.9e-05 0.02
    14      60    4.0e-02    1    4.3e-04   -99.63211255   -99.63211255    -0.00000461   0.000235   9.4e-04   7.1e-05 0.02
 
RESULTS OF THE OCCUPATION OPTIMIZATION
========================================
   1    1.9998733  -25.87380163
   2    1.9916459  -1.10064602
   3    1.9803125  -0.21221926
   4    1.9803102  -0.21221884
   5    1.9803097  -0.21221272
   6    0.0196903  -0.02337616
   7    0.0196898  -0.02337572
   8    0.0196875  -0.02337312
   9    0.0083541  -0.02539050
  10    0.0001267  -0.00577383
 
----------------
 Final Energies 
----------------
       HF Total Energy =     -99.3108074
Final NOF Total Energy =     -99.6321126
    Correlation Energy =      -0.3213052
 
Total Orbital Internal Iterations = 350
Total Occupation Internal Iterations = 35
 
Elapsed time:  125.94 Seconds

---------------------------------
   Lowdin Population Analysis    
---------------------------------
 Idx  Atom   Population   Charge 
---------------------------------
  1     F    10.000      -1.000

---------------------------------
   M Diagnostic: 0.02
---------------------------------

