Computing Integrals
Elapsed time:    6.73 Seconds

Number of basis functions                   (NBF)    = 182
Number of auxiliary basis functions         (NBFAUX) = 180
Inactive Doubly occupied orbitals up to     (NO1)    = 0
No. considered Strongly Doubly occupied MOs (NDOC)   = 6
No. considered Strongly Singly occupied MOs (NSOC)   = 0
NO. of Weakly occ. per St. Doubly occ.  MOs (NCWO)   = 1
Dimension of the Nat. Orb. subspace         (NBF5)   = 12
No. of electrons                                     = 12
    No. of alpha electrons                           = 6
    No. of beta electrons                            = 6
Multiplicity                                         = 1

Geometry
========
 C      -0.0000000       0.0000000      -0.1355300
Li       0.0000000       0.0000000       1.8389400
 H      -0.5035100       0.8721100      -0.5678700
 H      -0.5035100      -0.8721100      -0.5678700
 H       1.0070200       0.0000000      -0.5678700

No violations of the orthonormality
Hartree-Fock
============

  Nitext  Nitint    Eelec          Etot           Ediff          maxdiff
     1      1   -63.28171526   -47.03034729     0.00767060     0.09355111 
     2     10   -58.69322596   -42.44185799    -2.89095793     4.41121672 
     3     10   -61.49976191   -45.24839394     0.08840015     4.73234505 
     4     10   -61.87028212   -45.61891415     0.35319768     5.47621928 
     5     10   -62.67573237   -46.42436440    -0.64951932     2.61256112 
     6     10   -63.01340110   -46.76203313    -0.56099022     1.72530609 
     7     10   -62.43403287   -46.18266490     0.15819881     5.36149586 
     8     10   -62.89888362   -46.64751565    -0.33665645     4.39025792 
     9     10   -62.31484871   -46.06348074     0.82222406     5.98751079 
    10     10   -62.98533195   -46.73396398    -0.36485645     3.51979215 
    11     10   -63.05109063   -46.79972266    -0.46763478     3.00514392 
    12     10   -63.02136156   -46.76999359    -0.17645446     2.71929325 
    13     10   -63.02448766   -46.77311969    -0.44191671     3.20596668 
    14     10   -63.08743586   -46.83606789    -0.19335089     3.17767603 
    15     10   -62.90317877   -46.65181080    -0.03142906     3.70668138 
    16     10   -62.99786783   -46.74649986     0.10774003     3.67265962 
    17     10   -63.03649069   -46.78512272    -0.37885408     3.28140839 
    18     10   -62.51883679   -46.26746882     0.20861311     4.72748574 
    19     10   -63.21023686   -46.95886889    -0.29536250     1.51115332 
    20     10   -62.77607114   -46.52470317     0.30670449     4.24423485 
    21     10   -63.17388285   -46.92251488    -0.37419765     1.76152181 
    22     10   -62.77088960   -46.51952163     0.23945450     4.18757433 
    23     10   -63.16902197   -46.91765400    -0.37655225     2.00723242 
    24     10   -62.78336302   -46.53199505     0.42074852     3.90627130 
    25     10   -63.05813052   -46.80676255    -0.40793005     2.16898867 
    26     10   -62.86771894   -46.61635097     0.21450921     4.02892496 
    27     10   -62.92735184   -46.67598387    -0.05153830     3.71213119 
    28     10   -63.04370973   -46.79234176     0.03226936     2.69158315 
    29     10   -63.20141570   -46.95004773    -0.20411704     1.82928495 
    30     10   -62.97688465   -46.72551669     0.20583357     3.60419100 
No violations of the orthonormality
 
PNOF8/ADABelief Calculation
==================
 
  Nitext  Nit_orb  Time   Nit_occ  Time         Eelec          Etot           Ediff      maxdiff    MaxGrad_orb  Grad_occ
     1      10    8.0e+01    0    3.3e+01   -63.45336664   -47.20199867 -10062.45336664   0.000383   1.5e-03   5.9e-05 0.02
     2      30    1.9e+02    0    6.3e-03   -63.45336664   -47.20199867     0.00000000   0.000383   1.5e-03   5.9e-05 0.02
     3      50    3.3e+02    0    6.5e-03   -63.45336664   -47.20199867     0.00000000   0.000383   1.5e-03   5.9e-05 0.02
     4      70    4.7e+02    0    1.6e-02   -63.45336670   -47.20199873    -0.00000006   0.000264   1.1e-03   6.3e-05 0.02
     5      80    5.4e+02    0    1.5e-02   -63.45336698   -47.20199901    -0.00000027   0.000189   7.5e-04   5.9e-05 0.02
 
RESULTS OF THE OCCUPATION OPTIMIZATION
========================================
   1    1.9996275  -11.11089665
   2    1.9977710  -2.43537520
   3    1.9757102  -0.56354462
   4    1.9757149  -0.56351216
   5    1.9757115  -0.56348521
   6    1.9756419  -0.37119243
   7    0.0243581  -0.02178595
   8    0.0242885  -0.02416027
   9    0.0242851  -0.02415939
  10    0.0242898  -0.02415911
  11    0.0022290  -0.00953683
  12    0.0003725  -0.00714467
 
----------------
 Final Energies 
----------------
       HF Total Energy =     -46.7255167
Final NOF Total Energy =     -47.2019990
    Correlation Energy =      -0.4764823
 
Total Orbital Internal Iterations = 240
Total Occupation Internal Iterations = 0
 
Elapsed time: 2527.33 Seconds

---------------------------------
   Lowdin Population Analysis    
---------------------------------
 Idx  Atom   Population   Charge 
---------------------------------
  1     C     5.996       0.004
  2    Li     2.686       0.314
  3     H     1.106      -0.106
  4     H     1.106      -0.106
  5     H     1.106      -0.106

---------------------------------
   M Diagnostic: 0.02
---------------------------------

