Computing Integrals
NVIDIA GeForce RTX 3090
Elapsed time:   64.00 Seconds

Number of basis functions                   (NBF)    = 1101
Number of auxiliary basis functions         (NBFAUX) = 1203
Inactive Doubly occupied orbitals up to     (NO1)    = 0
No. considered Strongly Doubly occupied MOs (NDOC)   = 50
No. considered Strongly Singly occupied MOs (NSOC)   = 0
NO. of Weakly occ. per St. Doubly occ.  MOs (NCWO)   = 1
Dimension of the Nat. Orb. subspace         (NBF5)   = 100
No. of electrons                                     = 100
    No. of alpha electrons                           = 50
    No. of beta electrons                            = 50
Multiplicity                                         = 1

Geometry
========
 N      -1.1480600      -1.1226700       0.0709400
 H      -0.9609200      -2.1127100       0.1523000
 C       0.0007800      -0.2775200      -0.1076200
 H      -0.0621600       0.1804800      -1.0996000
 C       0.0737500       0.8474100       0.9531300
 C       1.2462400      -1.1602700      -0.0964800
 H       0.8662800       0.6603900       1.6715900
 H      -0.8781600       0.9037200       1.4732000
 C       0.3512200       2.1380400       0.2224000
 O       1.1555900      -2.3838300      -0.0426300
 O      -0.7048300       2.6585300      -0.4091900
 O       1.4613000       2.6215900       0.1353200
 N       2.4007600      -0.4691000      -0.1661000
 C       3.6925100      -1.1253000      -0.1808700
 H       2.3624500       0.5420700      -0.1572900
 H       3.5180600      -2.1959500      -0.2022700
 H       4.2576800      -0.8343900      -1.0632900
 H       4.2664600      -0.8738300       0.7087100
 C      -2.3821300      -0.6119800      -0.0974100
 C      -3.5321800      -1.5739600       0.0037500
 O      -2.5626500       0.5937500      -0.3182100
 H      -4.0436400      -1.6018600      -0.9558400
 H      -4.2364400      -1.1996300       0.7421700
 H      -3.2175200      -2.5779400       0.2745600
 H      -1.4538800       2.0226300      -0.3406800

No violations of the orthonormality
No violations of the orthonormality
 
PNOF8/ADABelief Calculation
==================
 
  Nitext  Nit_orb  Time   Nit_occ  Time         Eelec          Etot           Ediff      maxdiff    MaxGrad_orb  Grad_occ
     1      10    4.4e+01   19    3.5e+01 -1536.21310218  -681.29229005 -11535.21310218   0.034769   1.4e-01   3.4e-04 0.04
     2      20    4.0e+00    0    3.3e-02 -1537.53184217  -682.61103004    -1.31873999   0.034769   1.4e-01   3.4e-04 0.04
     3      40    7.6e+00    4    5.5e-02 -1537.53410624  -682.61329411    -0.00226407   0.033037   1.3e-01   1.5e-04 0.04
     4      40    7.5e+00    4    5.0e-02 -1537.53521921  -682.61440708    -0.00111297   0.031656   1.3e-01   1.4e-04 0.04
     5      40    7.5e+00    3    4.7e-02 -1537.53602251  -682.61521038    -0.00080331   0.030747   1.2e-01   2.2e-04 0.04
     6      40    7.6e+00    2    4.3e-02 -1537.53618023  -682.61536810    -0.00015772   0.030525   1.2e-01   3.3e-04 0.04
     7      40    7.6e+00    2    4.3e-02 -1537.53660092  -682.61578879    -0.00042069   0.031534   1.3e-01   2.9e-04 0.04
     8      40    7.6e+00    2    4.6e-02 -1537.53676644  -682.61595431    -0.00016552   0.031056   1.2e-01   3.1e-04 0.04
     9      40    7.6e+00    2    4.2e-02 -1537.53687676  -682.61606463    -0.00011032   0.031175   1.2e-01   2.3e-04 0.04
    10      40    7.6e+00    0    3.3e-02 -1537.53686416  -682.61605203     0.00001259   0.031175   1.2e-01   2.3e-04 0.04
    11      60    1.1e+01    2    4.2e-02 -1537.55314132  -682.63232919    -0.01627716   0.002201   8.8e-03   2.2e-04 0.04
    12      60    1.1e+01    0    3.5e-02 -1537.55312460  -682.63231247     0.00001672   0.002201   8.8e-03   2.2e-04 0.04
    13      80    1.5e+01    1    3.7e-02 -1537.55344526  -682.63263313    -0.00032066   0.000571   2.3e-03   2.4e-04 0.04
 
RESULTS OF THE OCCUPATION OPTIMIZATION
========================================
   1    1.9998102  -20.61836433
   2    1.9998213  -20.58074379
   3    1.9998247  -20.57654762
   4    1.9998193  -20.57354736
   5    1.9996812  -15.61289883
   6    1.9996873  -15.60285664
   7    1.9995022  -11.35872364
   8    1.9995066  -11.35505867
   9    1.9995100  -11.34636974
  10    1.9995427  -11.29760838
  11    1.9995882  -11.25900555
  12    1.9995775  -11.25285912
  13    1.9996036  -11.24626827
  14    1.9922720  -1.29929304
  15    1.9919506  -1.22760391
  16    1.9917085  -1.22316194
  17    1.9918271  -1.21314514
  18    1.9925744  -1.13478076
  19    1.9921524  -1.12789917
  20    1.9739773  -0.80680430
  21    1.9747262  -0.80545056
  22    1.9706567  -0.78643042
  23    1.9740873  -0.78233713
  24    1.9739060  -0.76727128
  25    1.9778892  -0.76217061
  26    1.9726750  -0.75239092
  27    1.9719492  -0.75099009
  28    1.9736200  -0.74823153
  29    1.9766468  -0.74660742
  30    1.9720466  -0.74569881
  31    1.9767728  -0.74385792
  32    1.9775641  -0.72816020
  33    1.9722523  -0.72606009
  34    1.9774711  -0.72543532
  35    1.9744062  -0.71045798
  36    1.9770207  -0.71001685
  37    1.9771501  -0.70630509
  38    1.9771054  -0.70386547
  39    1.9722988  -0.70315075
  40    1.9768421  -0.69642669
  41    1.9769262  -0.69005239
  42    1.9765372  -0.68755782
  43    1.9749032  -0.66535693
  44    1.9861551  -0.64978820
  45    1.9863047  -0.64605194
  46    1.9861402  -0.64410222
  47    1.9849421  -0.59515309
  48    1.9600280  -0.54323500
  49    1.9617477  -0.54280031
  50    1.9612437  -0.52899939
  51    0.0387563  -0.05116397
  52    0.0382523  -0.05055957
  53    0.0399720  -0.05236692
  54    0.0150579  -0.02047659
  55    0.0138598  -0.02173558
  56    0.0136953  -0.02188665
  57    0.0138449  -0.02218945
  58    0.0250968  -0.03715814
  59    0.0234628  -0.02618053
  60    0.0230738  -0.02593669
  61    0.0231579  -0.02590481
  62    0.0277012  -0.03594048
  63    0.0228946  -0.02550585
  64    0.0228499  -0.02545962
  65    0.0229793  -0.02569508
  66    0.0255938  -0.03852075
  67    0.0225289  -0.02593744
  68    0.0277477  -0.03845121
  69    0.0224359  -0.02588391
  70    0.0232272  -0.03012445
  71    0.0279534  -0.03959404
  72    0.0233532  -0.03008334
  73    0.0263800  -0.03621389
  74    0.0280508  -0.04028878
  75    0.0273250  -0.03835585
  76    0.0221108  -0.02630798
  77    0.0260940  -0.03659634
  78    0.0259127  -0.04196285
  79    0.0293433  -0.04687562
  80    0.0252738  -0.04176300
  81    0.0260227  -0.04224948
  82    0.0078476  -0.01483815
  83    0.0074256  -0.01451218
  84    0.0081729  -0.01948310
  85    0.0082915  -0.01955267
  86    0.0080494  -0.01970711
  87    0.0077280  -0.02041463
  88    0.0003964  -0.00753445
  89    0.0004225  -0.00792951
  90    0.0004118  -0.00774648
  91    0.0004573  -0.00847762
  92    0.0004900  -0.00898321
  93    0.0004934  -0.00903794
  94    0.0004978  -0.00906855
  95    0.0003127  -0.00802894
  96    0.0003188  -0.00809669
  97    0.0001807  -0.00639281
  98    0.0001753  -0.00625095
  99    0.0001787  -0.00631846
 100    0.0001898  -0.00654557
 
----------------
 Final Energies 
----------------
Final NOF Total Energy =    -682.6326331
 
Total Orbital Internal Iterations = 550
Total Occupation Internal Iterations = 41
 
Elapsed time:  214.66 Seconds

---------------------------------
   Lowdin Population Analysis    
---------------------------------
 Idx  Atom   Population   Charge 
---------------------------------
  1     N     6.456       0.544
  2     H     1.153      -0.153
  3     C     6.119      -0.119
  4     H     1.026      -0.026
  5     C     5.886       0.114
  6     C     6.572      -0.572
  7     H     1.040      -0.040
  8     H     1.039      -0.039
  9     C     6.707      -0.707
 10     O     7.744       0.256
 11     O     7.347       0.653
 12     O     7.727       0.273
 13     N     6.479       0.521
 14     C     5.829       0.171
 15     H     1.152      -0.152
 16     H     1.057      -0.057
 17     H     1.066      -0.066
 18     H     1.067      -0.067
 19     C     6.572      -0.572
 20     C     5.753       0.247
 21     O     7.706       0.294
 22     H     1.046      -0.046
 23     H     1.047      -0.047
 24     H     1.055      -0.055
 25     H     1.356      -0.356

---------------------------------
   M Diagnostic: 0.04
---------------------------------

