Computing Integrals
Elapsed time:   27.32 Seconds

Number of basis functions                   (NBF)    = 1275
Number of auxiliary basis functions         (NBFAUX) = 1389
Inactive Doubly occupied orbitals up to     (NO1)    = 0
No. considered Strongly Doubly occupied MOs (NDOC)   = 56
No. considered Strongly Singly occupied MOs (NSOC)   = 0
NO. of Weakly occ. per St. Doubly occ.  MOs (NCWO)   = 1
Dimension of the Nat. Orb. subspace         (NBF5)   = 112
No. of electrons                                     = 112
    No. of alpha electrons                           = 56
    No. of beta electrons                            = 56
Multiplicity                                         = 1

Geometry
========
 N      -0.1841300       1.1129900       0.0833200
 H      -1.0539100       0.7665300      -0.2983900
 C       0.4809400       0.2644500       1.0556400
 H       0.9088700       0.9201200       1.8172700
 C      -0.5563500      -0.6655700       1.6926700
 C       1.6443400      -0.5194000       0.4246800
 H      -1.1845600      -0.0727700       2.3571900
 H      -0.0309900      -1.4049000       2.2960300
 C      -1.4389600      -1.3195300       0.6888800
 O       1.6501500      -1.7522100       0.3419500
 N      -1.0012000      -2.2755000      -0.1891900
 C      -2.7654200      -1.1149800       0.3490500
 H      -0.0299500      -2.5666300      -0.2231700
 C      -2.0416900      -2.6037000      -0.9982100
 N      -3.1363800      -1.9190600      -0.6983800
 H      -3.4657900      -0.4503900       0.8281800
 H      -1.9568800      -3.3383000      -1.7802900
 C       0.2706200       2.3388200      -0.2614700
 C      -0.6256400       3.1359400      -1.1720000
 O       1.3450000       2.7838700       0.1511300
 H      -1.4524200       2.5535200      -1.5704400
 H      -0.0290200       3.5329100      -1.9886200
 H      -1.0224600       3.9796100      -0.6107200
 N       2.6435900       0.2703300       0.0020300
 C       3.8176400      -0.2538100      -0.6624200
 H       2.5009900       1.2729200       0.0937100
 H       3.8230300       0.0128400      -1.7182100
 H       4.7192700       0.1352700      -0.1953700
 H       3.8008400      -1.3347800      -0.5689200

No violations of the orthonormality
No violations of the orthonormality
 
PNOF8/ADABelief Calculation
==================
 
  Nitext  Nit_orb  Time   Nit_occ  Time         Eelec          Etot           Ediff      maxdiff    MaxGrad_orb  Grad_occ
     1      10    6.5e+01   20    4.2e+01 -1755.85090652  -716.22995218 -11754.85090652   0.026688   1.1e-01   4.1e-04 0.04
     2      20    7.1e+01    0    1.6e+00 -1758.23602334  -718.61506901    -2.38511682   0.026688   1.1e-01   4.1e-04 0.04
     3      40    1.4e+02   26    1.8e+00 -1758.26850554  -718.64755120    -0.03248220   0.247860   9.9e-01   2.3e-04 0.04
     4      40    1.4e+02    9    1.7e+00 -1758.37678023  -718.75582590    -0.10827469   0.011219   4.5e-02   2.1e-04 0.04
     5      40    1.4e+02    7    1.6e+00 -1758.40658553  -718.78563119    -0.02980530   0.012217   4.9e-02   3.1e-04 0.04
     6      40    1.4e+02    6    1.6e+00 -1758.42763391  -718.80667958    -0.02104838   0.012218   4.9e-02   2.0e-04 0.04
     7      40    1.4e+02    5    1.6e+00 -1758.43971963  -718.81876530    -0.01208573   0.015293   6.1e-02   2.6e-04 0.04
     8      40    1.4e+02    5    1.6e+00 -1758.44776981  -718.82681548    -0.00805018   0.027061   1.1e-01   2.4e-04 0.04
     9      40    1.4e+02    5    1.6e+00 -1758.45578742  -718.83483309    -0.00801761   0.023919   9.6e-02   2.0e-04 0.04
    10      40    1.4e+02    5    1.8e+00 -1758.45988577  -718.83893144    -0.00409835   0.024435   9.8e-02   2.2e-04 0.04
    11      40    1.4e+02    5    1.7e+00 -1758.46491010  -718.84395577    -0.00502433   0.022154   8.9e-02   1.9e-04 0.04
    12      40    1.4e+02    5    1.6e+00 -1758.46830450  -718.84735017    -0.00339440   0.021720   8.7e-02   1.8e-04 0.04
    13      40    1.4e+02    5    1.6e+00 -1758.47080851  -718.84985418    -0.00250401   0.021271   8.5e-02   1.6e-04 0.04
    14      40    1.4e+02    0    1.6e+00 -1758.47099971  -718.85004537    -0.00019120   0.021271   8.5e-02   1.6e-04 0.04
    15      60    2.0e+02    4    1.7e+00 -1758.50052524  -718.87957091    -0.02952554   0.001417   5.7e-03   2.5e-04 0.04
    16      60    2.0e+02    4    1.6e+00 -1758.50198097  -718.88102664    -0.00145573   0.003968   1.6e-02   2.1e-04 0.04
    17      60    2.0e+02    3    1.7e+00 -1758.50313241  -718.88217807    -0.00115143   0.004457   1.8e-02   2.2e-04 0.04
    18      60    2.0e+02    3    1.6e+00 -1758.50414743  -718.88319309    -0.00101502   0.004316   1.7e-02   2.3e-04 0.04
    19      60    2.0e+02    3    1.7e+00 -1758.50502689  -718.88407256    -0.00087947   0.004417   1.8e-02   2.1e-04 0.04
    20      60    2.0e+02    2    1.6e+00 -1758.50589174  -718.88493741    -0.00086485   0.004453   1.8e-02   2.5e-04 0.04
    21      60    2.0e+02    2    1.7e+00 -1758.50664761  -718.88569328    -0.00075587   0.004317   1.7e-02   2.3e-04 0.04
    22      60    2.0e+02    2    1.7e+00 -1758.50734999  -718.88639566    -0.00070238   0.004452   1.8e-02   2.3e-04 0.04
    23      60    2.0e+02    2    1.7e+00 -1758.50800393  -718.88704960    -0.00065394   0.004336   1.7e-02   1.9e-04 0.04
    24      60    2.0e+02    2    1.6e+00 -1758.50858103  -718.88762670    -0.00057710   0.004380   1.8e-02   1.8e-04 0.04
    25      60    2.0e+02    1    1.7e+00 -1758.50908009  -718.88812576    -0.00049906   0.004435   1.8e-02   2.7e-04 0.04
    26      60    2.0e+02    2    1.6e+00 -1758.50952986  -718.88857553    -0.00044977   0.004303   1.7e-02   1.7e-04 0.04
    27      60    2.0e+02    1    1.6e+00 -1758.50990295  -718.88894862    -0.00037309   0.004358   1.7e-02   2.4e-04 0.04
    28      60    2.0e+02    1    1.6e+00 -1758.51021578  -718.88926145    -0.00031283   0.004240   1.7e-02   2.6e-04 0.04
    29      60    2.0e+02    2    1.6e+00 -1758.51046688  -718.88951254    -0.00025110   0.004258   1.7e-02   1.3e-04 0.04
    30      60    2.0e+02    1    1.6e+00 -1758.51067164  -718.88971731    -0.00020477   0.004202   1.7e-02   1.9e-04 0.04
    31      60    2.0e+02    1    1.6e+00 -1758.51083386  -718.88987953    -0.00016222   0.004225   1.7e-02   2.1e-04 0.04
    32      60    2.0e+02    1    1.6e+00 -1758.51095527  -718.89000094    -0.00012141   0.004152   1.7e-02   2.0e-04 0.04
    33      60    2.0e+02    1    1.6e+00 -1758.51104202  -718.89008769    -0.00008675   0.004197   1.7e-02   2.2e-04 0.04
    34      60    2.0e+02    1    1.6e+00 -1758.51111189  -718.89015755    -0.00006986   0.004108   1.6e-02   2.0e-04 0.04
    35      60    2.0e+02    1    1.6e+00 -1758.51114325  -718.89018891    -0.00003136   0.004144   1.7e-02   2.1e-04 0.04
    36      60    2.0e+02    1    1.6e+00 -1758.51117887  -718.89022454    -0.00003562   0.004115   1.6e-02   1.9e-04 0.04
    37      60    2.0e+02    1    1.6e+00 -1758.51118438  -718.89023005    -0.00000551   0.004152   1.7e-02   1.8e-04 0.04
    38      60    2.0e+02    1    1.6e+00 -1758.51118987  -718.89023554    -0.00000549   0.004055   1.6e-02   1.5e-04 0.04
    39      60    2.0e+02    0    1.6e+00 -1758.51119037  -718.89023604    -0.00000050   0.004055   1.6e-02   1.5e-04 0.04
    40      76    2.5e+02    0    1.6e+00 -1758.51234961  -718.89139527    -0.00115924   0.000492   2.0e-03   1.8e-04 0.04
 
RESULTS OF THE OCCUPATION OPTIMIZATION
========================================
   1    1.9998202  -20.56907082
   2    1.9998159  -20.56471776
   3    1.9996749  -15.61015491
   4    1.9996710  -15.60770533
   5    1.9996675  -15.59014414
   6    1.9997537  -15.54737240
   7    1.9995018  -11.34589048
   8    1.9994971  -11.33557454
   9    1.9995384  -11.28561441
  10    1.9995366  -11.27320347
  11    1.9995905  -11.25384027
  12    1.9995128  -11.25093946
  13    1.9995832  -11.24629037
  14    1.9996033  -11.24046147
  15    1.9995482  -11.23033575
  16    1.9918052  -1.21476839
  17    1.9914623  -1.20027923
  18    1.9926156  -1.16053393
  19    1.9921894  -1.12769683
  20    1.9920579  -1.11588034
  21    1.9912455  -1.00605808
  22    1.9790547  -0.82058016
  23    1.9740357  -0.79079881
  24    1.9739644  -0.78789505
  25    1.9772660  -0.77782417
  26    1.9746946  -0.75364724
  27    1.9776812  -0.74595664
  28    1.9721501  -0.74484176
  29    1.9720209  -0.74373050
  30    1.9735607  -0.74028501
  31    1.9783215  -0.73217444
  32    1.9765611  -0.72993352
  33    1.9762901  -0.72575965
  34    1.9744896  -0.72434148
  35    1.9722443  -0.71695701
  36    1.9745732  -0.71096469
  37    1.9774229  -0.70956622
  38    1.9727349  -0.70794738
  39    1.9779146  -0.70495386
  40    1.9770138  -0.70453298
  41    1.9768338  -0.70363524
  42    1.9771587  -0.70141393
  43    1.9770920  -0.69809877
  44    1.9768990  -0.69452372
  45    1.9748701  -0.69037971
  46    1.9742264  -0.68656484
  47    1.9767643  -0.68624505
  48    1.9763546  -0.68020460
  49    1.9728082  -0.66773677
  50    1.9747966  -0.64040782
  51    1.9861303  -0.63545530
  52    1.9856621  -0.63497928
  53    1.9615570  -0.53327015
  54    1.9618354  -0.52245049
  55    1.9613162  -0.43697938
  56    1.9619356  -0.38355974
  57    0.0380644  -0.04177413
  58    0.0386838  -0.04587868
  59    0.0381646  -0.05044609
  60    0.0384430  -0.05057502
  61    0.0143379  -0.02227156
  62    0.0138697  -0.02188261
  63    0.0252034  -0.03733957
  64    0.0271918  -0.03817487
  65    0.0236454  -0.02624727
  66    0.0232357  -0.02605872
  67    0.0257736  -0.03721377
  68    0.0251299  -0.03682932
  69    0.0231010  -0.02583324
  70    0.0229080  -0.02547130
  71    0.0228413  -0.02536958
  72    0.0231662  -0.02598083
  73    0.0229862  -0.02563474
  74    0.0220854  -0.02581225
  75    0.0272651  -0.03568480
  76    0.0225771  -0.02577961
  77    0.0254268  -0.03835392
  78    0.0277557  -0.03820370
  79    0.0255104  -0.03740455
  80    0.0237099  -0.03124008
  81    0.0234389  -0.02998603
  82    0.0216785  -0.02595156
  83    0.0264393  -0.03615670
  84    0.0279791  -0.03989299
  85    0.0278499  -0.03954162
  86    0.0223188  -0.02632854
  87    0.0253054  -0.03466942
  88    0.0227340  -0.03061381
  89    0.0260356  -0.04208958
  90    0.0259643  -0.04196589
  91    0.0209453  -0.03107474
  92    0.0087545  -0.01801445
  93    0.0079421  -0.01471813
  94    0.0078106  -0.01452001
  95    0.0073844  -0.01356558
  96    0.0085377  -0.02024901
  97    0.0081948  -0.01957604
  98    0.0004518  -0.00833442
  99    0.0003967  -0.00753763
 100    0.0004168  -0.00783738
 101    0.0004872  -0.00891571
 102    0.0004095  -0.00773414
 103    0.0004634  -0.00852586
 104    0.0004616  -0.00852727
 105    0.0005029  -0.00917439
 106    0.0004982  -0.00909327
 107    0.0002463  -0.00653035
 108    0.0003325  -0.00840520
 109    0.0003290  -0.00831324
 110    0.0003251  -0.00829251
 111    0.0001841  -0.00642670
 112    0.0001798  -0.00634378
 
----------------
 Final Energies 
----------------
Final NOF Total Energy =    -718.8913953
 
Total Orbital Internal Iterations = 2086
Total Occupation Internal Iterations = 146
 
Elapsed time: 7532.23 Seconds

---------------------------------
   Lowdin Population Analysis    
---------------------------------
 Idx  Atom   Population   Charge 
---------------------------------
  1     N     6.458       0.542
  2     H     1.151      -0.151
  3     C     6.113      -0.113
  4     H     1.028      -0.028
  5     C     5.893       0.107
  6     C     6.561      -0.561
  7     H     1.027      -0.027
  8     H     1.030      -0.030
  9     C     6.226      -0.226
 10     O     7.741       0.259
 11     N     6.435       0.565
 12     C     6.129      -0.129
 13     H     1.171      -0.171
 14     C     6.180      -0.180
 15     N     6.747       0.253
 16     H     1.094      -0.094
 17     H     1.095      -0.095
 18     C     6.581      -0.581
 19     C     5.757       0.243
 20     O     7.735       0.265
 21     H     1.055      -0.055
 22     H     1.049      -0.049
 23     H     1.047      -0.047
 24     N     6.475       0.525
 25     C     5.834       0.166
 26     H     1.194      -0.194
 27     H     1.068      -0.068
 28     H     1.067      -0.067
 29     H     1.059      -0.059

---------------------------------
   M Diagnostic: 0.04
---------------------------------

