Computing Integrals
Elapsed time:    6.86 Seconds

Number of basis functions                   (NBF)    = 117
Number of auxiliary basis functions         (NBFAUX) = 113
Inactive Doubly occupied orbitals up to     (NO1)    = 0
No. considered Strongly Doubly occupied MOs (NDOC)   = 5
No. considered Strongly Singly occupied MOs (NSOC)   = 1
NO. of Weakly occ. per St. Doubly occ.  MOs (NCWO)   = 1
Dimension of the Nat. Orb. subspace         (NBF5)   = 11
No. of electrons                                     = 11
    No. of alpha electrons                           = 6
    No. of beta electrons                            = 5
Multiplicity                                         = 2

Geometry
========
 H       0.1465700      -0.2472600       0.0000000
 F       0.0000000       1.2115500       0.0000000
 H      -0.1465700      -0.9642800       0.0000000

No violations of the orthonormality
Hartree-Fock
============

  Nitext  Nitint    Eelec          Etot           Ediff          maxdiff
     1      1  -106.60659340  -100.49119689     0.02880633     0.18368756 
     2     10   -99.08079134   -92.96539483    -1.05648968    10.51810897 
     3     10  -104.73849878   -98.62310227    -0.24936426     5.65992137 
     4     10  -105.39358855   -99.27819203    -0.45766989     5.20915344 
     5     10  -105.14504985   -99.02965334    -0.62547531     6.74264298 
     6     10  -104.74219067   -98.62679415    -0.83291061    11.46366264 
     7     10  -103.52777273   -97.41237622     2.00768360    10.72706854 
     8     10  -104.98599624   -98.87059973     0.16139293     9.57015641 
     9     10  -106.04315947   -99.92776296    -0.85066197     7.01389151 
    10     10  -105.98188543   -99.86648892    -0.51422301     8.85026419 
    11     10  -106.13270995  -100.01731344    -0.29604176     6.92400451 
    12     10  -106.07775579   -99.96235928     0.01994998     4.94210951 
    13     10  -106.15383419  -100.03843768     0.00280556     5.08320742 
    14     10  -106.26774076  -100.15234425    -0.48871262     5.50138436 
    15     10  -106.51040397  -100.39500746    -0.51259866     1.26333303 
    16     10  -106.41727293  -100.30187642     0.04888139     3.02139778 
    17     10  -106.41345047  -100.29805396    -0.09123244     4.67610651 
    18     10  -106.36202406  -100.24662755    -0.24584648     5.10953084 
    19     10  -106.46350190  -100.34810539    -0.26459776     2.77279388 
    20     10  -106.53725233  -100.42185582    -0.07188110     2.41054179 
    21     10  -106.38815963  -100.27276311     0.12007906     4.54877990 
    22     10  -106.54639309  -100.43099657    -0.18999172     2.36786210 
    23     10  -106.39755746  -100.28216095     0.21993681     2.72724325 
    24     10  -106.34302509  -100.22762858    -0.10234902     5.32287434 
    25     10  -106.41162988  -100.29623337    -0.64441187     3.64662902 
    26     10  -106.42551163  -100.31011512    -0.19267060     4.25566779 
    27     10  -106.41660563  -100.30120912    -0.58679506     3.76716715 
    28     10  -106.32976551  -100.21436899    -0.10437148     4.05597779 
    29     10  -106.40090066  -100.28550414    -0.47415276     4.00047949 
    30     10  -106.58191769  -100.46652118    -0.13460429     1.27356523 
No violations of the orthonormality
 
PNOF8/ADABelief Calculation
==================
 
  Nitext  Nit_orb  Time   Nit_occ  Time         Eelec          Etot           Ediff      maxdiff    MaxGrad_orb  Grad_occ
     1      10    3.9e+01    3    4.5e+01  -106.78108524  -100.66568873 -10105.78108524   0.012623   5.0e-02   1.0e-04 0.03
     2      20    5.0e+01    6    6.0e-03  -106.78688210  -100.67148559    -0.00579686   0.072381   2.9e-01   5.1e-05 0.03
     3      20    4.6e+01    6    2.5e-02  -106.78847592  -100.67307941    -0.00159381   0.016020   6.4e-02   5.5e-05 0.03
     4      20    4.8e+01    4    1.8e-02  -106.78953524  -100.67413873    -0.00105932   0.009683   3.9e-02   9.7e-05 0.03
     5      20    4.9e+01    4    5.8e-03  -106.79071950  -100.67532298    -0.00118426   0.010030   4.0e-02   2.1e-05 0.03
     6      20    4.9e+01    2    5.5e-03  -106.79188910  -100.67649259    -0.00116961   0.011168   4.5e-02   9.5e-05 0.03
     7      20    4.8e+01    3    1.7e-02  -106.79268990  -100.67729339    -0.00080080   0.007474   3.0e-02   2.3e-05 0.03
     8      20    4.9e+01    2    1.1e-02  -106.79300633  -100.67760981    -0.00031643   0.009791   3.9e-02   1.5e-04 0.03
     9      20    4.8e+01    3    5.4e-02  -106.79342525  -100.67802874    -0.00041893   0.008095   3.2e-02   1.7e-05 0.03
    10      20    5.0e+01    0    2.8e-02  -106.79345912  -100.67806261    -0.00003387   0.008095   3.2e-02   1.7e-05 0.03
    11      40    9.2e+01    2    5.4e-03  -106.79454060  -100.67914409    -0.00108147   0.001022   4.1e-03   1.3e-04 0.03
    12      40    9.6e+01    2    3.3e-03  -106.79458115  -100.67918464    -0.00004056   0.002125   8.5e-03   1.2e-04 0.03
    13      40    9.7e+01    1    2.6e-03  -106.79462625  -100.67922974    -0.00004510   0.001647   6.6e-03   1.0e-04 0.03
    14      40    9.5e+01    1    8.2e-03  -106.79464166  -100.67924515    -0.00001541   0.001671   6.7e-03   1.0e-04 0.03
    15      40    1.1e+02    0    1.8e-02  -106.79464658  -100.67925007    -0.00000492   0.001671   6.7e-03   1.0e-04 0.03
    16      57    1.5e+02    1    8.3e-02  -106.79468234  -100.67928583    -0.00003576   0.000156   6.2e-04   9.2e-05 0.03
 
RESULTS OF THE OCCUPATION OPTIMIZATION
========================================
   1    1.9998586  -26.42293275
   2    1.9906081  -1.34819901
   3    1.9864820  -0.85871489
   4    1.9864472  -0.85619923
   5    1.9731631  -0.64470457
   6    1.0000000  -0.39698781
   7    0.0268369  -0.02322685
   8    0.0135528  -0.02440103
   9    0.0135180  -0.02441133
  10    0.0093919  -0.02302866
  11    0.0001414  -0.00635389
 
----------------
 Final Energies 
----------------
       HF Total Energy =    -100.4665212
Final NOF Total Energy =    -100.6792858
    Correlation Energy =      -0.2127647
 
Total Orbital Internal Iterations = 447
Total Occupation Internal Iterations = 40
 
Elapsed time: 1710.38 Seconds

---------------------------------
   Lowdin Population Analysis    
---------------------------------
 Idx  Atom   Population   Charge 
---------------------------------
  1     H     1.150      -0.150
  2     F     8.897       0.103
  3     H     0.954       0.046

---------------------------------
   M Diagnostic: 0.03
---------------------------------

