Computing Integrals
Elapsed time:    6.18 Seconds

Number of basis functions                   (NBF)    = 117
Number of auxiliary basis functions         (NBFAUX) = 113
Inactive Doubly occupied orbitals up to     (NO1)    = 0
No. considered Strongly Doubly occupied MOs (NDOC)   = 5
No. considered Strongly Singly occupied MOs (NSOC)   = 1
NO. of Weakly occ. per St. Doubly occ.  MOs (NCWO)   = 1
Dimension of the Nat. Orb. subspace         (NBF5)   = 11
No. of electrons                                     = 11
    No. of alpha electrons                           = 6
    No. of beta electrons                            = 5
Multiplicity                                         = 2

Geometry
========
 H       0.0000000       0.0000000       1.1372200
 F       0.0000000       0.0000000       0.0000000
 H       0.0000000       0.0000000      -1.1372200

No violations of the orthonormality
Hartree-Fock
============

  Nitext  Nitint    Eelec          Etot           Ediff          maxdiff
     1      1  -109.07064802  -100.46214806     0.00403296     0.24389548 
     2     10  -101.06329394   -92.45479398    -1.76998376     6.95087451 
     3     10  -107.37140024   -98.76290027    -0.64156335     5.99424774 
     4     10  -107.49975004   -98.89125008    -1.67353506    10.13714460 
     5     10  -108.19603781   -99.58753785    -0.07689728     6.09506937 
     6     10  -108.01913873   -99.41063877     0.33220424     7.59772606 
     7     10  -107.59733345   -98.98883349    -0.49692223     9.08476512 
     8     10  -108.65341692  -100.04491696    -1.14421972     3.09145677 
     9     10  -107.69431389   -99.08581393     0.43171970    11.30643420 
    10     10  -107.53394134   -98.92544138     0.02626429     9.71026431 
    11     10  -108.00131177   -99.39281181    -0.75733547    10.83864988 
    12     10  -108.46442294   -99.85592298     0.42393592     4.41608397 
    13     10  -108.73725120  -100.12875124    -0.57190628     3.30286245 
    14     10  -108.44329034   -99.83479037    -0.21333439     8.85649860 
    15     10  -108.83971358  -100.23121362    -0.17871797     3.38412131 
    16     10  -108.80884568  -100.20034572    -0.45808045     2.90996991 
    17     10  -108.42085472   -99.81235476    -0.19142230     8.58755005 
    18     10  -108.80980963  -100.20130967    -0.23748722     4.50143223 
    19     10  -108.97294108  -100.36444112    -0.23930536     3.21308652 
    20     10  -108.93556767  -100.32706771    -0.04100766     2.37347389 
    21     10  -108.74996844  -100.14146848    -0.42553702     4.28767035 
    22     10  -108.91844210  -100.30994214    -0.26558052     2.92906521 
    23     10  -108.97081471  -100.36231475     0.01137918     3.52580494 
    24     10  -107.83217883   -99.22367887     1.02024685     8.22101135 
    25     10  -108.55986685   -99.95136689     0.46036850     6.87716345 
    26     10  -108.59491968   -99.98641972     0.10360557     7.48437361 
    27     10  -108.86879653  -100.26029657    -0.44969704     4.28130965 
    28     10  -108.79570320  -100.18720324    -0.05948072     6.07521439 
    29     10  -108.94933784  -100.34083788    -0.10954171     2.84935196 
    30     10  -108.87374375  -100.26524379    -0.23731747     5.27493199 
No violations of the orthonormality
 
PNOF8/ADABelief Calculation
==================
 
  Nitext  Nit_orb  Time   Nit_occ  Time         Eelec          Etot           Ediff      maxdiff    MaxGrad_orb  Grad_occ
     1      10    3.7e+01    4    4.4e+01  -109.25559369  -100.64709373 -10108.25559369   0.009851   3.9e-02   8.7e-05 0.04
     2      20    5.0e+01    6    9.7e-03  -109.26250588  -100.65400592    -0.00691219   0.063472   2.5e-01   9.2e-05 0.04
     3      20    4.8e+01    5    2.3e-02  -109.26470204  -100.65620208    -0.00219616   0.006350   2.5e-02   8.6e-05 0.04
     4      20    4.9e+01    5    1.4e-02  -109.26561176  -100.65711180    -0.00090972   0.020410   8.2e-02   1.1e-04 0.04
     5      20    4.8e+01    3    1.1e-02  -109.26662897  -100.65812901    -0.00101722   0.016085   6.4e-02   1.7e-04 0.04
     6      20    4.8e+01    3    2.8e-03  -109.26746170  -100.65896174    -0.00083273   0.010936   4.4e-02   1.0e-04 0.04
     7      20    5.0e+01    3    1.5e-02  -109.26801843  -100.65951847    -0.00055673   0.011843   4.7e-02   9.7e-05 0.04
     8      20    5.1e+01    3    3.0e-02  -109.26818475  -100.65968479    -0.00016632   0.012125   4.9e-02   9.9e-05 0.04
     9      20    4.7e+01    3    5.0e-03  -109.26837391  -100.65987395    -0.00018916   0.013488   5.4e-02   1.7e-05 0.04
    10      20    4.8e+01    0    1.4e-02  -109.26837815  -100.65987819    -0.00000424   0.013488   5.4e-02   1.7e-05 0.04
    11      40    9.7e+01    1    3.1e-03  -109.26943600  -100.66093604    -0.00105785   0.000711   2.8e-03   1.6e-04 0.04
    12      40    9.8e+01    0    2.6e-02  -109.26943783  -100.66093787    -0.00000182   0.000711   2.8e-03   1.6e-04 0.04
    13      60    1.5e+02    1    7.2e-02  -109.26944703  -100.66094707    -0.00000921   0.000276   1.1e-03   1.4e-04 0.04
    14      60    1.5e+02    0    3.7e-03  -109.26944824  -100.66094828    -0.00000121   0.000314   1.3e-03   1.5e-04 0.04
    15      70    1.7e+02    0    2.3e-02  -109.26944865  -100.66094869    -0.00000041   0.000248   9.9e-04   1.4e-04 0.04
 
RESULTS OF THE OCCUPATION OPTIMIZATION
========================================
   1    1.9998912  -26.40225896
   2    1.9938682  -1.65897757
   3    1.9615590  -0.83896673
   4    1.9847304  -0.73048711
   5    1.9847209  -0.73047943
   6    1.0000000  -0.15418386
   7    0.0152791  -0.02438744
   8    0.0152696  -0.02438277
   9    0.0384410  -0.05082733
  10    0.0061318  -0.02323376
  11    0.0001088  -0.00511583
 
----------------
 Final Energies 
----------------
       HF Total Energy =    -100.2652438
Final NOF Total Energy =    -100.6609487
    Correlation Energy =      -0.3957049
 
Total Orbital Internal Iterations = 460
Total Occupation Internal Iterations = 37
 
Elapsed time: 1769.71 Seconds

---------------------------------
   Lowdin Population Analysis    
---------------------------------
 Idx  Atom   Population   Charge 
---------------------------------
  1     H     1.314      -0.314
  2     F     8.372       0.628
  3     H     1.314      -0.314

---------------------------------
   M Diagnostic: 0.04
---------------------------------

