Computing Integrals
Elapsed time:    7.79 Seconds

Number of basis functions                   (NBF)    = 147
Number of auxiliary basis functions         (NBFAUX) = 131
Inactive Doubly occupied orbitals up to     (NO1)    = 0
No. considered Strongly Doubly occupied MOs (NDOC)   = 5
No. considered Strongly Singly occupied MOs (NSOC)   = 0
NO. of Weakly occ. per St. Doubly occ.  MOs (NCWO)   = 1
Dimension of the Nat. Orb. subspace         (NBF5)   = 10
No. of electrons                                     = 10
    No. of alpha electrons                           = 5
    No. of beta electrons                            = 5
Multiplicity                                         = 1

Geometry
========
 N       0.0000000       0.0000000      -0.2853300
 H      -0.4684200       0.8113300       0.0951100
 H      -0.4684200      -0.8113300       0.0951100
 H       0.9368400       0.0000000       0.0951100

No violations of the orthonormality
Hartree-Fock
============

  Nitext  Nitint    Eelec          Etot           Ediff          maxdiff
     1      1   -68.18862210   -56.22001834     0.00369628     0.21147801 
     2     10   -61.37948069   -49.41087692    -2.95523754    10.04682911 
     3     10   -65.78928654   -53.82068278     0.11718071     6.47696372 
     4     10   -65.94986424   -53.98126048     1.46212216     9.61961057 
     5     10   -66.57310139   -54.60449762    -0.26079307     8.58352437 
     6     10   -67.21816757   -55.24956381     0.31998206     7.49416352 
     7     10   -66.95480495   -54.98620119     1.03361350     7.62598814 
     8     10   -67.94259023   -55.97398647    -0.17997330     2.22439520 
     9     10   -67.59689338   -55.62828962    -0.45838873     6.87722486 
    10     10   -68.06451145   -56.09590768    -0.11065809     2.59332998 
    11     10   -67.72881019   -55.76020643     0.40049062     5.64906194 
    12     10   -67.59158521   -55.62298144     0.29278762     5.42849127 
    13     10   -67.90021852   -55.93161475     0.05634458     3.95488512 
    14     10   -67.90587037   -55.93726661    -0.31698737     3.40438136 
    15     10   -67.88191098   -55.91330721    -0.25172901     4.77850450 
    16     10   -67.92080901   -55.95220524    -0.11867109     4.03358275 
    17     10   -67.67600104   -55.70739728    -0.10815681     5.83495259 
    18     10   -67.87174529   -55.90314152     0.20607660     4.45173447 
    19     10   -68.10257428   -56.13397052    -0.13049162     2.01558779 
    20     10   -67.82698699   -55.85838323     0.02683143     4.22560709 
    21     10   -68.00527072   -56.03666696    -0.06657020     3.14467069 
    22     10   -67.75455816   -55.78595440     0.21745355     4.85950646 
    23     10   -67.73112305   -55.76251929     0.06608604     5.51061804 
    24     10   -67.75603837   -55.78743461     0.24388120     4.08459527 
    25     10   -67.93446768   -55.96586392    -0.03929403     3.52866560 
    26     10   -67.78929418   -55.82069042     0.09784007     4.27386290 
    27     10   -67.60171808   -55.63311432     0.09631360     5.91872203 
    28     10   -67.84128032   -55.87267656     0.07472201     4.88465565 
    29     10   -67.80571067   -55.83710690     0.08999816     5.14474854 
    30     10   -67.90019448   -55.93159072    -0.06320944     4.92128965 
No violations of the orthonormality
 
PNOF8/ADABelief Calculation
==================
 
  Nitext  Nit_orb  Time   Nit_occ  Time         Eelec          Etot           Ediff      maxdiff    MaxGrad_orb  Grad_occ
     1      10    5.4e+01    3    4.4e+01   -68.34588777   -56.37728401 -10067.34588777   0.012803   5.1e-02   7.0e-05 0.03
     2      20    8.3e+01    5    4.1e-02   -68.35460185   -56.38599809    -0.00871408   0.012899   5.2e-02   1.5e-04 0.03
     3      20    7.2e+01    7    5.3e-03   -68.35574879   -56.38714503    -0.00114694   0.027338   1.1e-01   7.4e-05 0.03
     4      20    7.7e+01    4    8.3e-03   -68.35735838   -56.38875462    -0.00160959   0.023978   9.6e-02   5.9e-05 0.03
     5      20    6.9e+01    3    2.0e-02   -68.35871930   -56.39011554    -0.00136092   0.028425   1.1e-01   5.4e-05 0.03
     6      20    6.5e+01    3    4.3e-02   -68.35899492   -56.39039116    -0.00027563   0.038793   1.6e-01   2.9e-05 0.03
     7      20    6.5e+01    3    1.6e-02   -68.36010509   -56.39150132    -0.00111016   0.026747   1.1e-01   2.0e-05 0.03
     8      20    6.3e+01    0    3.9e-03   -68.36012385   -56.39152009    -0.00001877   0.026747   1.1e-01   2.0e-05 0.03
     9      40    1.3e+02    2    2.4e-02   -68.36201072   -56.39340695    -0.00188686   0.001808   7.2e-03   1.8e-04 0.03
    10      40    1.3e+02    2    3.6e-02   -68.36202288   -56.39341912    -0.00001216   0.004424   1.8e-02   6.9e-05 0.03
    11      40    1.2e+02    1    3.3e-03   -68.36207944   -56.39347567    -0.00005656   0.003910   1.6e-02   1.8e-04 0.03
    12      40    1.3e+02    0    1.1e-02   -68.36208032   -56.39347655    -0.00000088   0.003910   1.6e-02   1.8e-04 0.03
    13      60    1.9e+02    1    1.7e-02   -68.36213659   -56.39353283    -0.00005628   0.000263   1.1e-03   1.1e-04 0.03
    14      60    1.9e+02    0    3.6e-02   -68.36213714   -56.39353338    -0.00000055   0.000263   1.1e-03   1.1e-04 0.03
    15      78    2.4e+02    0    7.0e-02   -68.36213774   -56.39353398    -0.00000060   0.000124   5.0e-04   9.8e-05 0.03
 
RESULTS OF THE OCCUPATION OPTIMIZATION
========================================
   1    1.9997261  -15.54905996
   2    1.9898416  -0.97530817
   3    1.9737110  -0.63972957
   4    1.9736909  -0.63969946
   5    1.9737045  -0.63969196
   6    0.0262955  -0.02973701
   7    0.0263091  -0.02974196
   8    0.0262890  -0.02973628
   9    0.0101584  -0.01795391
  10    0.0002739  -0.00720136
 
----------------
 Final Energies 
----------------
       HF Total Energy =     -55.9315907
Final NOF Total Energy =     -56.3935340
    Correlation Energy =      -0.4619433
 
Total Orbital Internal Iterations = 508
Total Occupation Internal Iterations = 34
 
Elapsed time: 1815.09 Seconds

---------------------------------
   Lowdin Population Analysis    
---------------------------------
 Idx  Atom   Population   Charge 
---------------------------------
  1     N     6.417       0.583
  2     H     1.194      -0.194
  3     H     1.194      -0.194
  4     H     1.194      -0.194

---------------------------------
   M Diagnostic: 0.03
---------------------------------

