Computing Integrals
Elapsed time:   11.93 Seconds

Number of basis functions                   (NBF)    = 277
Number of auxiliary basis functions         (NBFAUX) = 295
Inactive Doubly occupied orbitals up to     (NO1)    = 0
No. considered Strongly Doubly occupied MOs (NDOC)   = 13
No. considered Strongly Singly occupied MOs (NSOC)   = 0
NO. of Weakly occ. per St. Doubly occ.  MOs (NCWO)   = 1
Dimension of the Nat. Orb. subspace         (NBF5)   = 26
No. of electrons                                     = 26
    No. of alpha electrons                           = 13
    No. of beta electrons                            = 13
Multiplicity                                         = 1

Geometry
========
 N      -2.0218200       0.0384300      -0.1370900
 H      -1.0569200       0.3421300      -0.1534700
 H      -2.5889700       0.8736900      -0.1772100
 H      -2.1799400      -0.3748500       0.7710600
Si       1.9938600       0.0138500      -0.0502100
 H       2.8743300      -0.3713400      -1.2095800
 H       2.9794500      -0.5219000       0.9565000

No violations of the orthonormality
Hartree-Fock
============

  Nitext  Nitint    Eelec          Etot           Ediff          maxdiff
     1      1  -389.01657154  -346.22738332     0.02744600     0.31293305 
     2     10  -371.21610766  -328.42691945    -0.97700161    13.97967663 
     3     10  -383.35734962  -340.56816141    -1.48603451     9.74975497 
     4     10  -384.21742670  -341.42823848    -0.97437625     9.09015632 
     5     10  -386.40088464  -343.61169643    -1.40401481     7.58148392 
     6     10  -385.31713837  -342.52795016    -2.06118440     9.28442524 
     7     10  -386.10465638  -343.31546817     0.65441541     8.57610322 
     8     10  -387.43589444  -344.64670622    -0.66250489     8.55099808 
     9     10  -386.84066947  -344.05148126    -0.82761720     9.70868201 
    10     10  -387.35789056  -344.56870234     0.40715306     6.40514549 
    11     10  -387.07229308  -344.28310487     1.04889768     8.19568479 
    12     10  -387.60896162  -344.81977341     0.20989332     6.29331943 
    13     10  -387.94680980  -345.15762159     0.20493109     4.63471824 
    14     10  -387.68243957  -344.89325136     0.49301852     6.77849492 
    15     10  -388.00673050  -345.21754228    -0.80707158     3.98722060 
    16     10  -388.23354188  -345.44435366    -0.22318783     3.98833472 
    17     10  -387.24522552  -344.45603731     0.93279288     6.16233048 
    18     10  -387.27449991  -344.48531169     0.82357861     7.28510624 
    19     10  -388.10915692  -345.31996871    -0.70484016     5.50268407 
    20     10  -387.35827529  -344.56908708     0.93540836     5.76173137 
    21     10  -387.75742466  -344.96823644    -0.25005758     6.13885905 
    22     10  -387.69589979  -344.90671157     0.19952478     4.75022741 
    23     10  -387.50449849  -344.71531028     0.67962448     6.86485522 
    24     10  -388.28896649  -345.49977828    -0.01326931     3.84912963 
    25     10  -387.57047614  -344.78128792     0.46027362     5.77429942 
    26     10  -388.40363785  -345.61444963    -0.76379442     5.12326441 
    27     10  -388.14917636  -345.35998814     0.04390815     5.15307295 
    28     10  -387.71296692  -344.92377870     0.32412843     5.41464446 
    29     10  -388.49444785  -345.70525964    -0.38357949     3.47652978 
    30     10  -388.15711307  -345.36792485     0.00588158     4.69040916 
No violations of the orthonormality
 
PNOF8/ADABelief Calculation
==================
 
  Nitext  Nit_orb  Time   Nit_occ  Time         Eelec          Etot           Ediff      maxdiff    MaxGrad_orb  Grad_occ
     1      10    9.7e+01    0    3.9e+01  -389.45783031  -346.66864210 -10388.45783031   0.006241   2.5e-02   2.3e-04 0.03
     2      30    2.6e+02    0    2.6e-02  -389.45783031  -346.66864210     0.00000000   0.006241   2.5e-02   2.3e-04 0.03
     3      50    4.4e+02    5    7.5e-02  -389.46121829  -346.67203008    -0.00338798   0.005620   2.2e-02   2.0e-04 0.03
     4      50    4.4e+02    5    3.0e-02  -389.46350870  -346.67432048    -0.00229041   0.005117   2.0e-02   1.4e-04 0.03
     5      50    4.3e+02    5    3.0e-02  -389.46520175  -346.67601354    -0.00169305   0.005829   2.3e-02   1.1e-04 0.03
     6      50    4.3e+02    5    3.6e-02  -389.46651709  -346.67732888    -0.00131534   0.005949   2.4e-02   1.4e-04 0.03
     7      50    4.3e+02    3    3.3e-02  -389.46758447  -346.67839626    -0.00106738   0.006311   2.5e-02   2.1e-04 0.03
     8      50    4.4e+02    4    3.3e-02  -389.46833001  -346.67914179    -0.00074554   0.006342   2.5e-02   1.2e-04 0.03
     9      50    4.4e+02    2    1.8e-02  -389.46875032  -346.67956211    -0.00042032   0.006545   2.6e-02   1.6e-04 0.03
    10      50    4.4e+02    2    3.0e-02  -389.46898351  -346.67979529    -0.00023318   0.006979   2.8e-02   1.2e-04 0.03
    11      50    4.3e+02    2    2.5e-02  -389.46906348  -346.67987526    -0.00007997   0.006779   2.7e-02   8.0e-05 0.03
    12      50    4.4e+02    1    2.4e-02  -389.46915482  -346.67996661    -0.00009135   0.006882   2.8e-02   1.6e-04 0.03
    13      50    4.4e+02    1    4.8e-02  -389.46919106  -346.68000284    -0.00003623   0.006500   2.6e-02   1.4e-04 0.03
    14      50    4.8e+02    1    2.5e-02  -389.46921356  -346.68002534    -0.00002250   0.006782   2.7e-02   1.7e-04 0.03
    15      50    5.1e+02    1    4.3e-02  -389.46921868  -346.68003046    -0.00000512   0.006269   2.5e-02   1.2e-04 0.03
    16      50    5.2e+02    1    3.1e-02  -389.46922201  -346.68003379    -0.00000333   0.006346   2.5e-02   1.3e-04 0.03
    17      50    4.9e+02    0    2.3e-02  -389.46922355  -346.68003534    -0.00000154   0.006346   2.5e-02   1.3e-04 0.03
    18      70    7.3e+02    1    2.4e-02  -389.46954720  -346.68035898    -0.00032365   0.000554   2.2e-03   9.8e-05 0.03
    19      70    7.0e+02    0    3.5e-02  -389.46954785  -346.68035964    -0.00000066   0.000554   2.2e-03   9.8e-05 0.03
    20      90    9.0e+02    1    4.5e-02  -389.46955074  -346.68036253    -0.00000289   0.000190   7.6e-04   8.6e-05 0.03
 
RESULTS OF THE OCCUPATION OPTIMIZATION
========================================
   1    1.9999676  -68.84346395
   2    1.9997223  -15.54034489
   3    1.9987178  -5.97192776
   4    1.9982157  -4.37419947
   5    1.9968169  -4.31336575
   6    1.9980709  -4.25575570
   7    1.9897945  -0.96767296
   8    1.9736844  -0.63264799
   9    1.9736615  -0.63224304
  10    1.9737528  -0.63134925
  11    1.9748357  -0.52862636
  12    1.9746903  -0.52721194
  13    1.9726003  -0.45067584
  14    0.0273997  -0.02901713
  15    0.0253097  -0.02983077
  16    0.0251643  -0.02982860
  17    0.0262472  -0.02996538
  18    0.0263385  -0.02966860
  19    0.0263156  -0.02965943
  20    0.0102055  -0.01797702
  21    0.0019291  -0.01493383
  22    0.0031831  -0.02715761
  23    0.0017843  -0.01531304
  24    0.0012822  -0.01444265
  25    0.0002777  -0.00723448
  26    0.0000324  -0.00454682
 
----------------
 Final Energies 
----------------
       HF Total Energy =    -345.3679249
Final NOF Total Energy =    -346.6803625
    Correlation Energy =      -1.3124377
 
Total Orbital Internal Iterations = 1020
Total Occupation Internal Iterations = 40
 
Elapsed time: 11304.66 Seconds

---------------------------------
   Lowdin Population Analysis    
---------------------------------
 Idx  Atom   Population   Charge 
---------------------------------
  1     N     6.419       0.581
  2     H     1.219      -0.219
  3     H     1.197      -0.197
  4     H     1.198      -0.198
  5    Si    13.611       0.389
  6     H     1.178      -0.178
  7     H     1.179      -0.179

---------------------------------
   M Diagnostic: 0.03
---------------------------------

