Computing Integrals
Elapsed time:   10.54 Seconds

Number of basis functions                   (NBF)    = 699
Number of auxiliary basis functions         (NBFAUX) = 705
Inactive Doubly occupied orbitals up to     (NO1)    = 0
No. considered Strongly Doubly occupied MOs (NDOC)   = 26
No. considered Strongly Singly occupied MOs (NSOC)   = 0
NO. of Weakly occ. per St. Doubly occ.  MOs (NCWO)   = 1
Dimension of the Nat. Orb. subspace         (NBF5)   = 52
No. of electrons                                     = 52
    No. of alpha electrons                           = 26
    No. of beta electrons                            = 26
Multiplicity                                         = 1

Geometry
========
 C      -0.3176000       0.2024100      -1.1199000
 C       0.5158800       1.3778300      -0.6663900
 C       0.5158800       1.3778300       0.6663900
 C      -0.3176000       0.2024100       1.1199000
 C      -1.3650500       0.1599500       0.0000000
 C       0.5135500      -1.0649400      -0.7737300
 C       0.5135500      -1.0649400       0.7737300
 H      -0.6831800       0.2356200      -2.1456800
 H       1.1024100       2.0112800      -1.3203200
 H       1.1024100       2.0112800       1.3203200
 H      -0.6831800       0.2356200       2.1456800
 H      -2.0206300       1.0324600       0.0000000
 H      -1.9608000      -0.7575800       0.0000000
 H       0.0252400      -1.9591500      -1.1690500
 H       1.5169400      -1.0204700      -1.1994300
 H       0.0252400      -1.9591500       1.1690500
 H       1.5169400      -1.0204700       1.1994300

No violations of the orthonormality
Hartree-Fock
============

  Nitext  Nitint    Eelec          Etot           Ediff          maxdiff
     1      1  -580.48039958  -270.94755787     0.01556713     0.15678875 
     2     10  -546.70780233  -237.17496062    -8.58602211     7.69568577 
     3     10  -560.57179140  -251.03894969     4.96971196     6.50303088 
     4     10  -566.48164601  -256.94880430     2.14503770     5.45601037 
     5     10  -569.69506872  -260.16222701     3.34526143     4.96015252 
     6     10  -571.98394966  -262.45110795    -0.01758428     4.13709258 
     7     10  -573.89571288  -264.36287117    -0.22577010     3.81340633 
     8     10  -573.67961243  -264.14677072    -0.06186637     3.46338225 
     9     10  -574.11415376  -264.58131205    -0.23742081     3.30145167 
    10     10  -574.51265488  -264.97981317     0.21539346     3.65308304 
    11     10  -575.54746402  -266.01462231     0.17046505     2.64203826 
    12     10  -575.43396312  -265.90112141    -0.20759814     3.03138003 
    13     10  -575.73187868  -266.19903697    -0.49374255     3.45975271 
    14     10  -575.85598048  -266.32313877     0.40474041     2.70213815 
    15     10  -576.21346146  -266.68061975     0.06042417     2.74367923 
    16     10  -576.38637735  -266.85353564     0.13456117     2.91371005 
    17     10  -576.82863518  -267.29579347    -0.21942214     2.14396422 
    18     10  -576.81222055  -267.27937884     0.56026236     2.21175632 
    19     10  -577.03323631  -267.50039460     0.08042723     1.88089077 
    20     10  -577.30496376  -267.77212205     0.08409385     1.94657087 
    21     10  -577.41448888  -267.88164717     0.01857033     1.83398974 
    22     10  -577.63548656  -268.10264484    -0.05572148     1.98992169 
    23     10  -578.01572430  -268.48288259    -0.25941561     1.74212958 
    24     10  -578.06454914  -268.53170743     0.06116269     1.71832573 
    25     10  -578.14947343  -268.61663172     0.00155135     1.65553201 
    26     10  -578.14112233  -268.60828062     0.20586037     1.78340633 
    27     10  -578.57010331  -269.03726160    -0.05517801     1.29012177 
    28     10  -578.53594639  -269.00310468     0.03974910     1.38753054 
    29     10  -578.83321488  -269.30037317     0.03776054     1.42491563 
    30     10  -579.07501505  -269.54217334    -0.06743323     1.31042977 
No violations of the orthonormality
 
PNOF8/ADABelief Calculation
==================
 
  Nitext  Nit_orb  Time   Nit_occ  Time         Eelec          Etot           Ediff      maxdiff    MaxGrad_orb  Grad_occ
     1      10    6.9e+01    4    6.5e+01  -581.29032475  -271.75748304 -10580.29032475   0.011219   4.5e-02   3.3e-04 0.04
     2      20    4.8e+01    0    3.1e-01  -581.32286994  -271.79002823    -0.03254520   0.011219   4.5e-02   3.3e-04 0.04
     3      40    7.1e+01    9    3.3e-01  -581.34292308  -271.81008137    -0.02005314   0.035491   1.4e-01   1.8e-04 0.04
     4      40    5.5e+01    7    3.5e-01  -581.36394031  -271.83109860    -0.02101723   0.031950   1.3e-01   1.5e-04 0.04
     5      40    1.2e+02    6    6.4e-01  -581.38116685  -271.84832514    -0.01722654   0.005695   2.3e-02   1.7e-04 0.04
     6      40    1.3e+02    5    6.9e-01  -581.39059936  -271.85775765    -0.00943251   0.031127   1.2e-01   6.5e-05 0.04
     7      40    1.4e+02    4    8.7e-01  -581.39516659  -271.86232488    -0.00456723   0.003958   1.6e-02   1.8e-04 0.04
     8      40    1.4e+02    3    9.3e-01  -581.39721637  -271.86437466    -0.00204979   0.010335   4.1e-02   7.3e-05 0.04
     9      40    1.3e+02    3    6.9e-01  -581.39798321  -271.86514150    -0.00076684   0.003945   1.6e-02   5.3e-05 0.04
    10      40    1.4e+02    3    6.1e-01  -581.39824196  -271.86540025    -0.00025874   0.004642   1.9e-02   4.4e-05 0.04
    11      40    1.4e+02    2    5.6e-01  -581.39825440  -271.86541269    -0.00001245   0.003981   1.6e-02   1.2e-04 0.04
    12      40    1.4e+02    0    5.4e-01  -581.39829006  -271.86544834    -0.00003565   0.003652   1.5e-02   2.8e-04 0.04
    13      50    1.6e+02    0    6.2e-01  -581.39862946  -271.86578775    -0.00033940   0.002968   1.2e-02   1.6e-04 0.04
    14      60    1.8e+02    0    6.8e-01  -581.39878538  -271.86594367    -0.00015593   0.002491   1.0e-02   2.4e-04 0.04
    15      70    2.3e+02    0    5.9e-01  -581.39886466  -271.86602295    -0.00007928   0.012277   4.9e-02   1.7e-04 0.04
    16      80    2.6e+02    0    5.3e-01  -581.39892546  -271.86608375    -0.00006080   0.001763   7.1e-03   2.2e-04 0.04
    17      90    1.4e+02    0    3.0e-01  -581.39895434  -271.86611263    -0.00002887   0.001471   5.9e-03   1.8e-04 0.04
    18     100    1.3e+02    0    3.3e-01  -581.39897478  -271.86613307    -0.00002045   0.001246   5.0e-03   2.1e-04 0.04
    19     110    2.9e+02    0    6.5e-01  -581.39899248  -271.86615077    -0.00001770   0.002302   9.2e-03   1.9e-04 0.04
    20     120    3.6e+02    0    6.3e-01  -581.39900308  -271.86616137    -0.00001059   0.001020   4.1e-03   2.0e-04 0.04
    21     130    3.9e+02    0    5.4e-01  -581.39900596  -271.86616425    -0.00000289   0.000885   3.5e-03   1.9e-04 0.04
    22     140    2.9e+02    0    3.3e-01  -581.39900911  -271.86616740    -0.00000314   0.000714   2.9e-03   2.0e-04 0.04
    23     150    4.3e+02    0    6.2e-01  -581.39901316  -271.86617145    -0.00000405   0.000601   2.4e-03   1.9e-04 0.04
    24     160    5.2e+02    0    6.4e-01  -581.39901498  -271.86617327    -0.00000182   0.000469   1.9e-03   1.9e-04 0.04
    25     170    5.5e+02    0    6.4e-01  -581.39901600  -271.86617429    -0.00000102   0.000465   1.9e-03   1.9e-04 0.04
    26     180    5.9e+02    0    6.5e-01  -581.39901730  -271.86617559    -0.00000129   0.000658   2.6e-03   1.9e-04 0.04
    27     190    6.1e+02    0    6.1e-01  -581.39901810  -271.86617639    -0.00000080   0.000313   1.3e-03   1.9e-04 0.04
    28     200    6.7e+02    0    6.3e-01  -581.39901810  -271.86617639     0.00000000   0.000313   1.3e-03   1.9e-04 0.04
    29     164    5.5e+02    0    5.7e-01  -581.39901900  -271.86617729    -0.00000090   0.000123   4.9e-04   1.9e-04 0.04
 
RESULTS OF THE OCCUPATION OPTIMIZATION
========================================
   1    1.9995516  -11.21617250
   2    1.9995487  -11.21617006
   3    1.9995750  -11.20932745
   4    1.9995797  -11.20932499
   5    1.9995781  -11.20810834
   6    1.9995536  -11.20608925
   7    1.9995648  -11.20603758
   8    1.9813265  -0.88822951
   9    1.9776891  -0.70326902
  10    1.9776655  -0.70313486
  11    1.9779029  -0.69304842
  12    1.9778914  -0.69298106
  13    1.9767830  -0.67883045
  14    1.9770102  -0.67850503
  15    1.9769581  -0.67725369
  16    1.9769743  -0.67682095
  17    1.9768748  -0.67451202
  18    1.9767618  -0.67351992
  19    1.9730471  -0.67019019
  20    1.9730630  -0.67018819
  21    1.9721462  -0.65056745
  22    1.9721486  -0.65050628
  23    1.9718408  -0.64359874
  24    1.9718517  -0.64337780
  25    1.9716469  -0.64228311
  26    1.9568832  -0.38040491
  27    0.0431168  -0.03926586
  28    0.0283531  -0.03527186
  29    0.0281483  -0.03514628
  30    0.0281592  -0.03515173
  31    0.0278514  -0.03508575
  32    0.0278538  -0.03508604
  33    0.0269370  -0.03488291
  34    0.0269529  -0.03489001
  35    0.0232382  -0.02562435
  36    0.0231252  -0.02558258
  37    0.0230257  -0.02555537
  38    0.0230419  -0.02556323
  39    0.0229898  -0.02570995
  40    0.0232170  -0.02589111
  41    0.0221086  -0.02529173
  42    0.0220971  -0.02528686
  43    0.0223345  -0.02565748
  44    0.0223109  -0.02564792
  45    0.0186735  -0.02917964
  46    0.0004352  -0.00817685
  47    0.0004464  -0.00827729
  48    0.0004219  -0.00793427
  49    0.0004203  -0.00792416
  50    0.0004250  -0.00796067
  51    0.0004513  -0.00833963
  52    0.0004484  -0.00831161
 
----------------
 Final Energies 
----------------
       HF Total Energy =    -269.5421733
Final NOF Total Energy =    -271.8661773
    Correlation Energy =      -2.3240039
 
Total Orbital Internal Iterations = 2594
Total Occupation Internal Iterations = 46
 
Elapsed time: 9025.89 Seconds

---------------------------------
   Lowdin Population Analysis    
---------------------------------
 Idx  Atom   Population   Charge 
---------------------------------
  1     C     6.021      -0.021
  2     C     5.896       0.104
  3     C     5.896       0.104
  4     C     6.021      -0.021
  5     C     5.864       0.136
  6     C     5.863       0.137
  7     C     5.863       0.137
  8     H     1.058      -0.058
  9     H     1.080      -0.080
 10     H     1.080      -0.080
 11     H     1.058      -0.058
 12     H     1.045      -0.045
 13     H     1.042      -0.042
 14     H     1.052      -0.052
 15     H     1.054      -0.054
 16     H     1.052      -0.052
 17     H     1.054      -0.054

---------------------------------
   M Diagnostic: 0.04
---------------------------------

