MB16-43-31_C.jld2 not found
MB16-43-31_n.jld2 not found
Computing Integrals
NVIDIA GeForce RTX 4060
Elapsed time:   26.69 Seconds

Number of basis functions                   (NBF)    = 855
Number of auxiliary basis functions         (NBFAUX) = 1237
Inactive Doubly occupied orbitals up to     (NO1)    = 0
No. considered Strongly Doubly occupied MOs (NDOC)   = 64
No. considered Strongly Singly occupied MOs (NSOC)   = 0
NO. of Weakly occ. per St. Doubly occ.  MOs (NCWO)   = 1
Dimension of the Nat. Orb. subspace         (NBF5)   = 128
No. of electrons                                     = 128
    No. of alpha electrons                           = 64
    No. of beta electrons                            = 64
Multiplicity                                         = 1

Geometry
========
 H       1.4778600       2.0267400      -1.4779200
 H      -0.7590900       0.2297600       2.9308700
 C      -1.7265400      -1.3263500      -0.8288600
 B       1.1353400      -0.4699000      -1.1884900
 H      -2.2766900      -2.0830100      -0.2589300
 P       0.0323200      -2.0239300      -1.1765400
 O       0.2178500       0.3074800       2.9467500
Cl       2.3356000       2.0771000       1.3650700
Al       0.7075500       0.7418800       1.0452800
 P       1.6316800       0.9129400      -2.3424900
 B      -1.5999500       0.0234900      -0.1462400
 H       0.5900800      -0.5165700       3.3098100
 F       0.3277700       1.1531000      -3.2876700
 P      -1.4155000       1.5884600       0.5558400
 H      -2.1864600      -1.2394700      -1.8222500
 P       1.5081900      -1.4017100       0.3757700

No violations of the orthonormality
No violations of the orthonormality
 
PNOF8/ADABelief Calculation
==================
 
  Nitext  Nit_orb  Time   Nit_occ  Time         Eelec          Etot           Ediff      maxdiff    MaxGrad_orb  Grad_occ
     1      10    2.5e+01    5    1.8e+01 -3417.65611193 -2213.14189119 -13416.65611193   2.100238   8.4e+00   3.8e-04 0.00
     2      10    7.2e+00    0    5.5e-02 -3417.96347885 -2213.44925811    -0.30736692   2.100238   8.4e+00   3.8e-04 0.00
     3      30    9.1e+00   14    2.0e-01 -3514.21027689 -2309.69605615   -96.24679804   0.268681   1.1e+00   1.9e-04 0.02
     4      30    1.0e+01   12    1.8e-01 -3532.22364359 -2327.70942286   -18.01336671   1.453116   5.8e+00   2.2e-04 0.03
     5      30    1.1e+01    8    1.4e-01 -3534.65422881 -2330.14000807    -2.43058521   0.443296   1.8e+00   2.2e-04 0.03
     6      30    8.9e+00    6    1.1e-01 -3535.49154177 -2330.97732104    -0.83731297   0.071949   2.9e-01   3.5e-04 0.03
     7      30    1.1e+01    6    9.8e-02 -3535.68736950 -2331.17314877    -0.19582773   0.070327   2.8e-01   3.1e-04 0.03
     8      30    1.1e+01    6    1.0e-01 -3535.72482186 -2331.21060113    -0.03745236   0.067109   2.7e-01   2.5e-04 0.03
     9      30    8.9e+00    6    1.1e-01 -3535.73241288 -2331.21819215    -0.00759102   0.060205   2.4e-01   1.9e-04 0.03
    10      30    9.0e+00    5    9.4e-02 -3535.75868082 -2331.24446009    -0.02626794   0.114211   4.6e-01   3.0e-04 0.03
    11      30    1.1e+01    7    1.1e-01 -3535.76924564 -2331.25502490    -0.01056481   0.066947   2.7e-01   1.4e-04 0.03
    12      30    1.2e+01    0    5.2e-02 -3535.77071670 -2331.25649596    -0.00147106   0.066947   2.7e-01   1.4e-04 0.03
    13      50    1.8e+01    5    9.4e-02 -3535.92034249 -2331.40612175    -0.14962579   0.009586   3.8e-02   2.8e-04 0.04
    14      50    2.1e+01    4    8.3e-02 -3535.92481090 -2331.41059017    -0.00446841   0.010817   4.3e-02   3.1e-04 0.04
    15      50    1.9e+01    4    9.1e-02 -3535.92912716 -2331.41490642    -0.00431626   0.012143   4.9e-02   2.1e-04 0.04
    16      50    1.7e+01    4    8.8e-02 -3535.93213585 -2331.41791511    -0.00300869   0.010544   4.2e-02   2.0e-04 0.04
    17      50    1.5e+01    4    8.3e-02 -3535.93412144 -2331.41990070    -0.00198559   0.012011   4.8e-02   2.0e-04 0.03
    18      50    1.5e+01    4    8.5e-02 -3535.93594852 -2331.42172778    -0.00182708   0.012390   5.0e-02   2.1e-04 0.04
    19      50    1.7e+01    3    7.8e-02 -3535.93757544 -2331.42335470    -0.00162692   0.012157   4.9e-02   2.7e-04 0.04
    20      50    1.7e+01    4    9.2e-02 -3535.93847957 -2331.42425883    -0.00090413   0.011741   4.7e-02   1.8e-04 0.04
    21      50    1.8e+01    3    7.6e-02 -3535.93942939 -2331.42520865    -0.00094982   0.014685   5.9e-02   2.2e-04 0.03
    22      50    1.7e+01    0    5.2e-02 -3535.93941138 -2331.42519064     0.00001801   0.014685   5.9e-02   2.2e-04 0.03
    23      70    2.1e+01    3    7.3e-02 -3535.94376588 -2331.42954515    -0.00435451   0.002816   1.1e-02   2.0e-04 0.03
    24      70    2.5e+01    3    7.7e-02 -3535.94407096 -2331.42985022    -0.00030508   0.002153   8.6e-03   2.0e-04 0.03
    25      70    2.5e+01    3    7.4e-02 -3535.94472816 -2331.43050742    -0.00065720   0.002441   9.8e-03   1.6e-04 0.03
    26      70    2.5e+01    2    7.1e-02 -3535.94547711 -2331.43125638    -0.00074895   0.002359   9.4e-03   2.5e-04 0.03
    27      70    2.3e+01    3    7.8e-02 -3535.94558636 -2331.43136563    -0.00010925   0.002351   9.4e-03   1.5e-04 0.03
    28      70    2.3e+01    3    7.6e-02 -3535.94596924 -2331.43174850    -0.00038288   0.002090   8.4e-03   1.3e-04 0.03
    29      70    3.0e+01    3    7.8e-02 -3535.94608477 -2331.43186403    -0.00011553   0.002503   1.0e-02   1.1e-04 0.03
    30      70    2.2e+01    1    5.9e-02 -3535.94642830 -2331.43220757    -0.00034354   0.002308   9.2e-03   2.5e-04 0.03
    31      70    2.6e+01    0    5.0e-02 -3535.94658009 -2331.43235935    -0.00015178   0.002308   9.2e-03   2.5e-04 0.03
    32      70    2.5e+01    1    6.2e-02 -3535.94661410 -2331.43239336    -0.00003401   0.000723   2.9e-03   2.4e-04 0.03
 
RESULTS OF THE OCCUPATION OPTIMIZATION
========================================
   1    1.9999700  -104.85870361
   2    1.9999624  -80.03008270
   3    1.9999583  -80.00198364
   4    1.9999606  -79.98596954
   5    1.9999678  -79.95604706
   6    1.9999535  -58.56927109
   7    1.9998689  -26.33783913
   8    1.9997910  -20.70850372
   9    1.9994586  -10.99243450
  10    1.9994684  -9.20609856
  11    1.9994715  -9.20366859
  12    1.9987785  -7.97522449
  13    1.9987635  -7.97176600
  14    1.9988340  -7.95678997
  15    1.9993511  -7.82315445
  16    1.9989917  -7.48901367
  17    1.9989062  -7.46541929
  18    1.9988834  -7.46116590
  19    1.9989678  -7.39471149
  20    1.9984009  -5.48154879
  21    1.9982578  -5.43496799
  22    1.9981050  -5.43486023
  23    1.9983526  -5.42484856
  24    1.9976803  -5.42301559
  25    1.9983074  -5.40088987
  26    1.9981566  -5.39922571
  27    1.9981937  -5.38794708
  28    1.9981793  -5.38732147
  29    1.9981540  -5.38492346
  30    1.9981185  -5.35979462
  31    1.9982645  -5.35727167
  32    1.9979926  -4.91165209
  33    1.9965780  -3.27718592
  34    1.9965014  -3.25481319
  35    1.9965254  -3.25327253
  36    1.9927865  -1.53145325
  37    1.9913076  -1.33689260
  38    1.9905225  -1.06838727
  39    1.9945124  -0.90939176
  40    1.9938627  -0.87420005
  41    1.9735790  -0.84789997
  42    1.9733388  -0.84066206
  43    1.9853125  -0.76305383
  44    1.9938102  -0.75624740
  45    1.9691496  -0.73067403
  46    1.9929795  -0.71865320
  47    1.9762187  -0.71751225
  48    1.9879227  -0.71429306
  49    1.9830858  -0.69222659
  50    1.9829777  -0.69069254
  51    1.9784915  -0.62767786
  52    1.9755877  -0.51646572
  53    1.9753675  -0.51438600
  54    1.9745784  -0.49660030
  55    1.9681363  -0.49311200
  56    1.9726926  -0.49277484
  57    1.9770487  -0.48127261
  58    1.9775965  -0.47629741
  59    1.9718528  -0.45298970
  60    1.9717733  -0.44545940
  61    1.9687620  -0.40861470
  62    1.9699798  -0.40696350
  63    1.9665538  -0.40202457
  64    1.9654728  -0.35249233
  65    0.0345272  -0.03324869
  66    0.0334462  -0.04286226
  67    0.0300202  -0.03153462
  68    0.0312380  -0.03611680
  69    0.0282267  -0.03482763
  70    0.0281472  -0.03442959
  71    0.0224035  -0.02888139
  72    0.0229513  -0.02923990
  73    0.0273074  -0.03364835
  74    0.0318637  -0.04036240
  75    0.0254216  -0.03485625
  76    0.0246325  -0.03618962
  77    0.0244123  -0.03253791
  78    0.0215085  -0.02821033
  79    0.0170223  -0.02685151
  80    0.0169142  -0.02681358
  81    0.0120773  -0.02837773
  82    0.0237813  -0.03589700
  83    0.0070205  -0.02750572
  84    0.0308504  -0.05284015
  85    0.0061898  -0.02647118
  86    0.0146875  -0.03097815
  87    0.0266612  -0.03665176
  88    0.0264210  -0.03635295
  89    0.0061373  -0.02807437
  90    0.0054876  -0.02791333
  91    0.0094775  -0.02111124
  92    0.0086924  -0.02109744
  93    0.0072135  -0.02515706
  94    0.0034746  -0.02014727
  95    0.0034986  -0.02771076
  96    0.0034220  -0.02044066
  97    0.0020074  -0.01637540
  98    0.0017355  -0.01805393
  99    0.0018815  -0.01923819
 100    0.0018460  -0.01919542
 101    0.0018207  -0.01860726
 102    0.0018063  -0.01846162
 103    0.0018434  -0.01896178
 104    0.0016926  -0.01665000
 105    0.0023197  -0.02652914
 106    0.0016474  -0.01729641
 107    0.0018950  -0.01882562
 108    0.0017422  -0.01811978
 109    0.0015991  -0.01807160
 110    0.0010322  -0.01372832
 111    0.0011166  -0.01316105
 112    0.0010938  -0.01320254
 113    0.0010083  -0.01404407
 114    0.0006489  -0.01161913
 115    0.0011660  -0.01550940
 116    0.0012365  -0.01608864
 117    0.0012215  -0.01497743
 118    0.0005285  -0.01196188
 119    0.0005316  -0.01283465
 120    0.0005414  -0.00997757
 121    0.0002090  -0.00717675
 122    0.0001311  -0.00662176
 123    0.0000465  -0.00534994
 124    0.0000322  -0.00503366
 125    0.0000394  -0.00571570
 126    0.0000417  -0.00610334
 127    0.0000376  -0.00563751
 128    0.0000300  -0.00553140
 
----------------
 Final Energies 
----------------
Final NOF Total Energy =   -2331.4323934
 
Total Orbital Internal Iterations = 1520
Total Occupation Internal Iterations = 132
 
Elapsed time:  603.36 Seconds

---------------------------------
   Lowdin Population Analysis    
---------------------------------
 Idx  Atom   Population   Charge 
---------------------------------
  1     H     1.100      -0.100
  2     H     1.210      -0.210
  3     C     5.947       0.053
  4     B     6.164      -1.164
  5     H     1.044      -0.044
  6     P    14.418       0.582
  7     O     7.045       0.955
  8    Cl    16.469       0.531
  9    Al    14.616      -1.616
 10     P    14.578       0.422
 11     B     5.671      -0.671
 12     H     1.211      -0.211
 13     F     8.887       0.113
 14     P    14.267       0.733
 15     H     1.030      -0.030
 16     P    14.343       0.657

---------------------------------
   M Diagnostic: 0.03
---------------------------------

