Computing Integrals
NVIDIA GeForce RTX 4060
Elapsed time:    4.84 Seconds

Number of basis functions                   (NBF)    = 522
Number of auxiliary basis functions         (NBFAUX) = 558
Inactive Doubly occupied orbitals up to     (NO1)    = 0
No. considered Strongly Doubly occupied MOs (NDOC)   = 21
No. considered Strongly Singly occupied MOs (NSOC)   = 0
NO. of Weakly occ. per St. Doubly occ.  MOs (NCWO)   = 1
Dimension of the Nat. Orb. subspace         (NBF5)   = 42
No. of electrons                                     = 42
    No. of alpha electrons                           = 21
    No. of beta electrons                            = 21
Multiplicity                                         = 1

Geometry
========
 C       0.8652000       1.0454800       0.3172600
 H       1.5371300       1.8572400       0.5613700
 C       1.3373100      -0.2656000       0.2901500
 H       2.3754200      -0.4713000       0.5139800
 C       0.4718900      -1.3113000      -0.0264700
 H       0.8378500      -2.3288400      -0.0466800
 C      -0.8652800      -1.0457400      -0.3168600
 H      -1.5368000      -1.8573200      -0.5615100
 C      -1.3374100       0.2656400      -0.2904600
 H      -2.3750300       0.4715400      -0.5152000
 C      -0.4722500       1.3112600       0.0270800
 H      -0.8380400       2.3289500       0.0473400

No violations of the orthonormality
No violations of the orthonormality
 
PNOF8/ADABelief Calculation
==================
 
  Nitext  Nit_orb  Time   Nit_occ  Time         Eelec          Etot           Ediff      maxdiff    MaxGrad_orb  Grad_occ
     1      10    2.3e+01    5    1.8e+01  -435.11294292  -231.43607381 -10434.11294292   0.010129   4.1e-02   2.5e-04 0.04
     2      20    3.4e+00    0    1.0e-02  -435.13810082  -231.46123171    -0.02515790   0.010129   4.1e-02   2.5e-04 0.04
     3      40    6.7e+00    9    1.2e-02  -435.15664762  -231.47977852    -0.01854681   0.153580   6.1e-01   2.4e-04 0.04
     4      40    5.0e+00    7    1.2e-02  -435.17561529  -231.49874618    -0.01896767   0.002499   1.0e-02   2.3e-04 0.04
     5      40    3.5e+00    6    1.7e-02  -435.18944261  -231.51257350    -0.01382732   0.003907   1.6e-02   1.2e-04 0.04
     6      40    4.2e+00    4    9.6e-03  -435.19756399  -231.52069488    -0.00812138   0.003698   1.5e-02   3.1e-04 0.04
     7      40    5.1e+00    3    1.0e-02  -435.20123324  -231.52436413    -0.00366925   0.004919   2.0e-02   1.9e-04 0.04
     8      40    4.1e+00    3    8.4e-03  -435.20248303  -231.52561392    -0.00124979   0.005448   2.2e-02   8.2e-05 0.04
     9      40    3.8e+00    2    1.0e-02  -435.20281211  -231.52594300    -0.00032908   0.004457   1.8e-02   2.8e-04 0.04
    10      40    4.8e+00    2    1.0e-02  -435.20298247  -231.52611336    -0.00017036   0.003845   1.5e-02   1.6e-04 0.04
    11      40    4.0e+00    0    2.3e-02  -435.20298521  -231.52611610    -0.00000274   0.003845   1.5e-02   1.6e-04 0.04
    12      45    4.1e+00    1    1.0e-02  -435.20334829  -231.52647918    -0.00036308   0.000505   2.0e-03   1.8e-04 0.04
 
RESULTS OF THE OCCUPATION OPTIMIZATION
========================================
   1    1.9995631  -11.22530174
   2    1.9995557  -11.22530079
   3    1.9995581  -11.22527409
   4    1.9995639  -11.22527313
   5    1.9995746  -11.22526646
   6    1.9995551  -11.22524166
   7    1.9782161  -0.80749571
   8    1.9782192  -0.80740345
   9    1.9782179  -0.80731368
  10    1.9781898  -0.80605584
  11    1.9781736  -0.80553311
  12    1.9781707  -0.80551839
  13    1.9775638  -0.69877607
  14    1.9775125  -0.69820380
  15    1.9775005  -0.69811553
  16    1.9775024  -0.69796365
  17    1.9774878  -0.69791234
  18    1.9774819  -0.69777739
  19    1.9637471  -0.40252557
  20    1.9637392  -0.40243635
  21    1.9637881  -0.40229613
  22    0.0362119  -0.03619609
  23    0.0362608  -0.03619479
  24    0.0362529  -0.03619014
  25    0.0225181  -0.02577993
  26    0.0225122  -0.02577930
  27    0.0224976  -0.02577053
  28    0.0224995  -0.02577235
  29    0.0224875  -0.02576758
  30    0.0224362  -0.02574041
  31    0.0218293  -0.03185029
  32    0.0218264  -0.03184811
  33    0.0218102  -0.03183817
  34    0.0217821  -0.03182552
  35    0.0217808  -0.03182366
  36    0.0217839  -0.03182803
  37    0.0004449  -0.00824691
  38    0.0004254  -0.00805412
  39    0.0004361  -0.00815093
  40    0.0004419  -0.00820958
  41    0.0004443  -0.00824161
  42    0.0004369  -0.00815666
 
----------------
 Final Energies 
----------------
Final NOF Total Energy =    -231.5264792
 
Total Orbital Internal Iterations = 435
Total Occupation Internal Iterations = 42
 
Elapsed time:  106.88 Seconds

---------------------------------
   Lowdin Population Analysis    
---------------------------------
 Idx  Atom   Population   Charge 
---------------------------------
  1     C     5.935       0.065
  2     H     1.065      -0.065
  3     C     5.936       0.064
  4     H     1.064      -0.064
  5     C     5.936       0.064
  6     H     1.064      -0.064
  7     C     5.935       0.065
  8     H     1.065      -0.065
  9     C     5.935       0.065
 10     H     1.065      -0.065
 11     C     5.935       0.065
 12     H     1.064      -0.064

---------------------------------
   M Diagnostic: 0.04
---------------------------------

