Computing Integrals
Elapsed time:   10.90 Seconds

Number of basis functions                   (NBF)    = 70
Number of auxiliary basis functions         (NBFAUX) = 128
Inactive Doubly occupied orbitals up to     (NO1)    = 0
No. considered Strongly Doubly occupied MOs (NDOC)   = 6
No. considered Strongly Singly occupied MOs (NSOC)   = 1
NO. of Weakly occ. per St. Doubly occ.  MOs (NCWO)   = 1
Dimension of the Nat. Orb. subspace         (NBF5)   = 13
No. of electrons                                     = 13
    No. of alpha electrons                           = 7
    No. of beta electrons                            = 6
Multiplicity                                         = 2

Geometry
========
Al       0.0000000       0.0000000       0.0000000

No violations of the orthonormality
Hartree-Fock
============

  Nitext  Nitint    Eelec          Etot           Ediff          maxdiff
     1      1  -241.87143533  -241.87143533     0.00395072     0.39889257 
     2     10  -230.67240011  -230.67240011     2.45032135    15.06838101 
     3     10  -239.32547723  -239.32547723    -1.36073527     8.37946074 
     4     10  -240.50614741  -240.50614741     0.19251645     6.36851231 
     5     10  -240.39471573  -240.39471573     0.01598999     9.58825262 
     6     10  -240.39420910  -240.39420910    -0.14812431     9.65458592 
     7     10  -240.69349954  -240.69349954     0.33529897     7.98442577 
     8     10  -240.82068755  -240.82068755     0.61983036     7.06701476 
     9     10  -241.11855164  -241.11855164    -0.04792704     8.65266566 
    10     10  -241.38875982  -241.38875982    -1.71743133     2.84140314 
    11     10  -240.65857645  -240.65857645     0.98229477     8.87324149 
    12     10  -241.75336535  -241.75336535    -0.57178190     1.27342493 
    13     10  -241.74664863  -241.74664863    -0.44463120     1.50515732 
    14     10  -241.43242543  -241.43242543     0.28513485     3.56805598 
    15     10  -241.48697208  -241.48697208     0.05935941     6.07787745 
    16     10  -241.53150942  -241.53150942     0.02320016     4.04169406 
    17     10  -241.54696895  -241.54696895     0.18143293     4.70145251 
    18     10  -241.76229981  -241.76229981     0.02253936     2.04470470 
    19     10  -241.80167744  -241.80167744    -0.21463010     2.49698261 
    20     10  -241.23543605  -241.23543605     0.58031000     6.94851052 
    21     10  -241.46471460  -241.46471460     0.14300677     6.31899400 
    22     10  -241.69127710  -241.69127710     0.03444581     4.03020527 
    23     10  -241.72745114  -241.72745114    -0.10743987     2.21388874 
    24     10  -241.52214753  -241.52214753     0.25577113     4.50110387 
    25     10  -241.68369349  -241.68369349     0.15178333     3.39745291 
    26     10  -241.65526214  -241.65526214     0.11618094     2.71002305 
    27     10  -241.38606950  -241.38606950     0.33914635     6.26990615 
    28     10  -241.60976807  -241.60976807    -0.10153287     5.06892320 
    29     10  -241.41727608  -241.41727608     0.27188432     4.29597550 
    30     10  -241.73092113  -241.73092113    -0.28715073     2.59536077 
No violations of the orthonormality
 
PNOF8/ADABelief Calculation
==================
 
  Nitext  Nit_orb  Time   Nit_occ  Time         Eelec          Etot           Ediff      maxdiff    MaxGrad_orb  Grad_occ
     1      10    1.3e+01    6    4.6e+01  -242.01343249  -242.01343249 -10241.01343249   0.019508   7.8e-02   1.1e-04 0.02
     2      20    1.2e-01   11    2.6e-03  -242.02378624  -242.02378624    -0.01035374   0.433288   1.7e+00   2.4e-04 0.02
     3      20    9.8e-02    6    1.5e-03  -242.04057943  -242.04057943    -0.01679320   0.009091   3.6e-02   8.5e-05 0.02
     4      20    8.8e-02    4    1.0e-03  -242.04562096  -242.04562096    -0.00504153   0.017928   7.2e-02   1.7e-04 0.02
     5      20    3.0e-02    4    1.1e-03  -242.04876626  -242.04876626    -0.00314530   0.015948   6.4e-02   8.4e-05 0.02
     6      20    9.5e-02    4    1.3e-03  -242.05018561  -242.05018561    -0.00141935   0.015358   6.1e-02   5.0e-05 0.02
     7      20    6.0e-02    3    1.8e-03  -242.05096604  -242.05096604    -0.00078043   0.014627   5.9e-02   9.0e-05 0.02
     8      20    4.1e-02    2    8.6e-04  -242.05106213  -242.05106213    -0.00009608   0.014283   5.7e-02   1.4e-04 0.02
     9      20    4.5e-02    2    8.6e-04  -242.05113028  -242.05113028    -0.00006816   0.014543   5.8e-02   9.7e-05 0.02
    10      20    3.0e-02    2    8.0e-04  -242.05116485  -242.05116485    -0.00003457   0.014894   6.0e-02   9.0e-05 0.02
    11      20    4.5e-02    1    9.1e-04  -242.05126452  -242.05126452    -0.00009966   0.013436   5.4e-02   1.6e-04 0.02
    12      20    5.0e-02    0    7.3e-04  -242.05127857  -242.05127857    -0.00001405   0.013436   5.4e-02   1.6e-04 0.02
    13      40    9.6e-02    1    9.7e-04  -242.05245336  -242.05245336    -0.00117479   0.000631   2.5e-03   1.4e-04 0.02
    14      40    8.6e-02    0    7.0e-04  -242.05245923  -242.05245923    -0.00000587   0.000631   2.5e-03   1.4e-04 0.02
    15      60    8.5e-02    1    1.2e-02  -242.05247270  -242.05247270    -0.00001347   0.000490   2.0e-03   1.0e-04 0.02
    16      60    1.3e-01    1    1.4e-03  -242.05247961  -242.05247961    -0.00000692   0.000533   2.1e-03   8.1e-05 0.02
    17      60    1.0e-01    0    6.3e-04  -242.05248393  -242.05248393    -0.00000432   0.000500   2.0e-03   1.8e-04 0.02
    18      70    1.2e-01    1    8.3e-04  -242.05248673  -242.05248673    -0.00000280   0.000357   1.4e-03   7.3e-05 0.02
    19      70    1.4e-01    0    6.5e-03  -242.05248963  -242.05248963    -0.00000290   0.000372   1.5e-03   1.1e-04 0.02
    20      80    1.1e-01    0    1.0e-03  -242.05249158  -242.05249158    -0.00000195   0.000323   1.3e-03   1.3e-04 0.02
    21      90    1.8e-01    0    7.3e-04  -242.05249325  -242.05249325    -0.00000167   0.000306   1.2e-03   1.5e-04 0.02
    22     100    1.7e-01    0    7.2e-04  -242.05249473  -242.05249473    -0.00000148   0.000275   1.1e-03   1.8e-04 0.02
    23     110    2.2e-01    1    9.8e-04  -242.05249614  -242.05249614    -0.00000140   0.000257   1.0e-03   6.5e-05 0.02
    24     110    2.1e-01    0    5.9e-04  -242.05249905  -242.05249905    -0.00000292   0.000241   9.6e-04   1.1e-04 0.02
 
RESULTS OF THE OCCUPATION OPTIMIZATION
========================================
   1    1.9999526  -58.55962003
   2    1.9987328  -4.92468488
   3    1.9958520  -3.24127655
   4    1.9958452  -3.23999284
   5    1.9952194  -3.23742868
   6    1.9835910  -0.40555376
   7    1.0000000  -0.10694991
   8    0.0164090  -0.02453229
   9    0.0047806  -0.02387186
  10    0.0041548  -0.02161329
  11    0.0041480  -0.03121899
  12    0.0012672  -0.00786824
  13    0.0000474  -0.00547312
 
----------------
 Final Energies 
----------------
       HF Total Energy =    -241.7309211
Final NOF Total Energy =    -242.0524991
    Correlation Energy =      -0.3215779
 
Total Orbital Internal Iterations = 1120
Total Occupation Internal Iterations = 50
 
Elapsed time:  135.72 Seconds

---------------------------------
   Lowdin Population Analysis    
---------------------------------
 Idx  Atom   Population   Charge 
---------------------------------
  1    Al    13.000      -0.000

---------------------------------
   M Diagnostic: 0.02
---------------------------------

