Computing Integrals
Elapsed time:    6.81 Seconds

Number of basis functions                   (NBF)    = 70
Number of auxiliary basis functions         (NBFAUX) = 128
Inactive Doubly occupied orbitals up to     (NO1)    = 0
No. considered Strongly Doubly occupied MOs (NDOC)   = 6
No. considered Strongly Singly occupied MOs (NSOC)   = 3
NO. of Weakly occ. per St. Doubly occ.  MOs (NCWO)   = 1
Dimension of the Nat. Orb. subspace         (NBF5)   = 15
No. of electrons                                     = 15
    No. of alpha electrons                           = 9
    No. of beta electrons                            = 6
Multiplicity                                         = 4

Geometry
========
 P       0.0000000       0.0000000       0.0000000

No violations of the orthonormality
Hartree-Fock
============

  Nitext  Nitint    Eelec          Etot           Ediff          maxdiff
     1      1  -340.71448648  -340.71448648     0.00339788     0.51636891 
     2     10  -331.92765790  -331.92765790    -3.88885346    11.32753696 
     3     10  -331.61516011  -331.61516011     2.21054573    14.24726498 
     4     10  -338.10260428  -338.10260428     0.36474293     9.08900326 
     5     10  -339.27648211  -339.27648211     0.31577755     8.32321769 
     6     10  -339.65190057  -339.65190057     0.00454655     7.56300723 
     7     10  -338.75872355  -338.75872355    -0.76863471    10.86950646 
     8     10  -339.74956306  -339.74956306    -0.60721324     8.98281578 
     9     10  -338.63150463  -338.63150463     1.37618894    13.58206422 
    10     10  -339.96691576  -339.96691576    -0.20836060     5.01122545 
    11     10  -339.81540140  -339.81540140    -0.79060783     9.59631059 
    12     10  -340.01520865  -340.01520865    -0.98121750     7.78508377 
    13     10  -339.76194369  -339.76194369     0.21705473     8.10587101 
    14     10  -339.45070373  -339.45070373    -0.63785878     9.77320113 
    15     10  -338.85761018  -338.85761018     0.69248814    13.61350502 
    16     10  -340.38363750  -340.38363750    -0.51961044     5.33925949 
    17     10  -340.45645912  -340.45645912    -1.20027307     2.34329468 
    18     10  -339.97510584  -339.97510584    -0.93401014     8.58241290 
    19     10  -340.20517707  -340.20517707    -0.34571869     4.41508288 
    20     10  -340.08346825  -340.08346825     0.27346544     7.90718300 
    21     10  -339.61575899  -339.61575899     0.59347270     8.44626640 
    22     10  -339.76851432  -339.76851432     0.77163386     6.81819507 
    23     10  -340.33358649  -340.33358649    -0.29240793     6.70675187 
    24     10  -340.17636083  -340.17636083    -0.13064970     4.33476074 
    25     10  -340.32196012  -340.32196012     0.13959931     4.16714727 
    26     10  -340.47357881  -340.47357881    -0.09356153     3.28329322 
    27     10  -340.26095599  -340.26095599     0.28335561     3.88412118 
    28     10  -340.48268718  -340.48268718    -0.36471314     3.13767354 
    29     10  -340.37037766  -340.37037766     0.14760000     4.60909818 
    30     10  -340.26170399  -340.26170399    -0.06513984     6.60768078 
No violations of the orthonormality
 
PNOF8/ADABelief Calculation
==================
 
  Nitext  Nit_orb  Time   Nit_occ  Time         Eelec          Etot           Ediff      maxdiff    MaxGrad_orb  Grad_occ
     1      10    1.2e+01    4    4.2e+01  -340.88442015  -340.88442015 -10339.88442015   0.022412   9.0e-02   1.7e-04 0.01
     2      20    6.4e-02   10    5.4e-02  -340.89412015  -340.89412015    -0.00970000   0.168528   6.7e-01   1.3e-04 0.01
     3      20    7.3e-02    5    1.8e-03  -340.90338582  -340.90338582    -0.00926567   0.025116   1.0e-01   1.6e-04 0.01
     4      20    5.6e-02    4    9.3e-04  -340.90467704  -340.90467704    -0.00129122   0.040235   1.6e-01   1.4e-04 0.01
     5      20    2.9e-02    4    1.1e-03  -340.90615494  -340.90615494    -0.00147791   0.046812   1.9e-01   3.5e-05 0.01
     6      20    9.9e-02    3    1.5e-03  -340.90701772  -340.90701772    -0.00086277   0.044003   1.8e-01   1.2e-04 0.01
     7      20    7.2e-02    3    9.9e-04  -340.90717437  -340.90717437    -0.00015665   0.043842   1.8e-01   1.6e-04 0.01
     8      20    3.0e-02    3    9.0e-04  -340.90724420  -340.90724420    -0.00006983   0.041247   1.6e-01   1.3e-04 0.01
     9      20    3.7e-02    0    8.3e-04  -340.90728105  -340.90728105    -0.00003685   0.041247   1.6e-01   1.3e-04 0.01
    10      40    9.8e-02    3    1.3e-03  -340.90957948  -340.90957948    -0.00229843   0.001629   6.5e-03   1.1e-04 0.01
    11      40    6.1e-02    3    8.6e-04  -340.90962018  -340.90962018    -0.00004070   0.005139   2.1e-02   9.7e-05 0.01
    12      40    7.3e-02    2    1.2e-03  -340.90968468  -340.90968468    -0.00006450   0.004790   1.9e-02   1.6e-04 0.01
    13      40    6.0e-02    3    5.7e-03  -340.90971967  -340.90971967    -0.00003499   0.004912   2.0e-02   7.4e-05 0.01
    14      40    8.4e-02    2    1.5e-03  -340.90974124  -340.90974124    -0.00002157   0.004728   1.9e-02   1.4e-04 0.01
    15      40    7.7e-02    2    8.1e-04  -340.90975968  -340.90975968    -0.00001844   0.004634   1.9e-02   1.5e-04 0.01
    16      40    8.8e-02    2    1.3e-03  -340.90977558  -340.90977558    -0.00001589   0.004804   1.9e-02   1.3e-04 0.01
    17      40    6.3e-02    2    9.3e-04  -340.90978822  -340.90978822    -0.00001264   0.004663   1.9e-02   9.4e-05 0.01
    18      40    6.8e-02    1    7.8e-04  -340.90979418  -340.90979418    -0.00000596   0.004726   1.9e-02   1.5e-04 0.01
    19      40    1.1e-01    1    6.5e-04  -340.90979788  -340.90979788    -0.00000370   0.004698   1.9e-02   1.8e-04 0.01
    20      40    7.8e-02    0    9.8e-04  -340.90979915  -340.90979915    -0.00000127   0.004698   1.9e-02   1.8e-04 0.01
    21      60    1.1e-01    2    8.1e-04  -340.90986189  -340.90986189    -0.00006274   0.000352   1.4e-03   7.9e-05 0.01
    22      60    1.1e-01    0    6.7e-04  -340.90986370  -340.90986370    -0.00000181   0.000352   1.4e-03   7.9e-05 0.01
    23      80    1.2e-01    0    1.1e-03  -340.90986537  -340.90986537    -0.00000168   0.000173   6.9e-04   1.6e-04 0.01
 
RESULTS OF THE OCCUPATION OPTIMIZATION
========================================
   1    1.9999603  -80.03321243
   2    1.9990518  -7.53104145
   3    1.9976827  -5.42502582
   4    1.9976854  -5.42479400
   5    1.9976881  -5.42383531
   6    1.9882884  -0.70714349
   7    1.0000000  -0.19999093
   8    1.0000000  -0.19987099
   9    1.0000000  -0.19985831
  10    0.0117116  -0.02901428
  11    0.0023119  -0.02253229
  12    0.0023146  -0.02253020
  13    0.0023173  -0.02253622
  14    0.0009482  -0.01400936
  15    0.0000397  -0.00576754
 
----------------
 Final Energies 
----------------
       HF Total Energy =    -340.2617040
Final NOF Total Energy =    -340.9098654
    Correlation Energy =      -0.6481614
 
Total Orbital Internal Iterations = 810
Total Occupation Internal Iterations = 59
 
Elapsed time:  125.36 Seconds

---------------------------------
   Lowdin Population Analysis    
---------------------------------
 Idx  Atom   Population   Charge 
---------------------------------
  1     P    15.000      -0.000

---------------------------------
   M Diagnostic: 0.01
---------------------------------

