Computing Integrals
NVIDIA GeForce RTX 4060
Elapsed time:    4.02 Seconds

Number of basis functions                   (NBF)    = 498
Number of auxiliary basis functions         (NBFAUX) = 464
Inactive Doubly occupied orbitals up to     (NO1)    = 0
No. considered Strongly Doubly occupied MOs (NDOC)   = 17
No. considered Strongly Singly occupied MOs (NSOC)   = 0
NO. of Weakly occ. per St. Doubly occ.  MOs (NCWO)   = 1
Dimension of the Nat. Orb. subspace         (NBF5)   = 34
No. of electrons                                     = 34
    No. of alpha electrons                           = 17
    No. of beta electrons                            = 17
Multiplicity                                         = 1

Geometry
========
 N       0.0000000       0.0000000       0.4068100
 C       0.0000000       1.3731100      -0.0655400
 H       0.0000000       1.4315600      -1.1670200
 H      -0.8845200       1.8897700       0.3055200
 H       0.8845200       1.8897700       0.3055200
 C      -1.1891500      -0.6865600      -0.0655400
 H      -1.2397700      -0.7157800      -1.1670200
 H      -1.1943300      -1.7109000       0.3055200
 H      -2.0788500      -0.1788700       0.3055200
 C       1.1891500      -0.6865600      -0.0655400
 H       1.2397700      -0.7157800      -1.1670200
 H       2.0788500      -0.1788700       0.3055200
 H       1.1943300      -1.7109000       0.3055200

No violations of the orthonormality
No violations of the orthonormality
 
PNOF8/ADABelief Calculation
==================
 
  Nitext  Nit_orb  Time   Nit_occ  Time         Eelec          Etot           Ediff      maxdiff    MaxGrad_orb  Grad_occ
     1      10    2.4e+01    5    1.8e+01  -313.10106257  -173.86645317 -10312.10106257   0.013381   5.4e-02   1.8e-04 0.03
     2      20    1.1e+00    0    9.4e-03  -313.11863816  -173.88402875    -0.01757559   0.013381   5.4e-02   1.8e-04 0.03
     3      40    4.0e+00   10    1.5e-02  -313.12888029  -173.89427088    -0.01024213   0.072269   2.9e-01   1.2e-04 0.03
     4      40    3.8e+00    9    1.1e-02  -313.13655037  -173.90194096    -0.00767007   0.002873   1.1e-02   3.6e-05 0.03
     5      40    4.7e+00    7    8.8e-03  -313.14291597  -173.90830656    -0.00636560   0.004289   1.7e-02   2.0e-04 0.03
     6      40    4.7e+00    6    1.1e-02  -313.14820233  -173.91359292    -0.00528636   0.002702   1.1e-02   1.6e-04 0.03
     7      40    4.0e+00    5    1.0e-02  -313.15209522  -173.91748581    -0.00389289   0.002189   8.8e-03   1.0e-04 0.03
     8      40    4.2e+00    4    9.2e-03  -313.15451854  -173.91990913    -0.00242333   0.002818   1.1e-02   1.5e-04 0.03
     9      40    4.4e+00    3    4.4e-03  -313.15586554  -173.92125613    -0.00134700   0.003959   1.6e-02   2.5e-04 0.03
    10      40    4.8e+00    3    1.3e-02  -313.15655157  -173.92194216    -0.00068603   0.003285   1.3e-02   1.1e-04 0.03
    11      40    4.0e+00    3    9.7e-03  -313.15690425  -173.92229485    -0.00035268   0.003383   1.4e-02   1.3e-04 0.03
    12      40    4.1e+00    2    1.7e-02  -313.15714162  -173.92253221    -0.00023737   0.003557   1.4e-02   2.3e-04 0.03
    13      40    4.2e+00    3    6.8e-03  -313.15737092  -173.92276151    -0.00022929   0.002941   1.2e-02   1.1e-04 0.03
    14      40    3.8e+00    2    9.8e-03  -313.15743661  -173.92282720    -0.00006569   0.003608   1.4e-02   1.4e-04 0.03
    15      40    4.0e+00    2    9.8e-03  -313.15754042  -173.92293101    -0.00010382   0.003084   1.2e-02   1.8e-04 0.03
    16      40    4.1e+00    2    1.0e-02  -313.15756530  -173.92295589    -0.00002488   0.003090   1.2e-02   1.2e-04 0.03
    17      40    4.8e+00    0    9.4e-03  -313.15756772  -173.92295831    -0.00000242   0.003090   1.2e-02   1.2e-04 0.03
    18      44    7.4e+00    0    1.0e-02  -313.15794125  -173.92333184    -0.00037353   0.000904   3.6e-03   1.9e-04 0.03
 
RESULTS OF THE OCCUPATION OPTIMIZATION
========================================
   1    1.9997071  -15.55306530
   2    1.9995843  -11.23204231
   3    1.9995842  -11.23202229
   4    1.9995841  -11.23195744
   5    1.9917509  -1.03786373
   6    1.9764967  -0.67119968
   7    1.9764828  -0.67118859
   8    1.9764686  -0.67101645
   9    1.9764928  -0.67098314
  10    1.9764712  -0.67082739
  11    1.9764320  -0.67078888
  12    1.9757036  -0.66220784
  13    1.9756268  -0.66180915
  14    1.9756265  -0.66163027
  15    1.9701610  -0.63050663
  16    1.9701123  -0.63038176
  17    1.9701301  -0.63033819
  18    0.0298699  -0.03957341
  19    0.0298877  -0.03957611
  20    0.0298390  -0.03955779
  21    0.0243735  -0.02655060
  22    0.0243732  -0.02655378
  23    0.0242964  -0.02652678
  24    0.0235680  -0.02598831
  25    0.0235288  -0.02597721
  26    0.0235072  -0.02596934
  27    0.0235314  -0.02597560
  28    0.0235172  -0.02597364
  29    0.0235033  -0.02596677
  30    0.0082491  -0.01612227
  31    0.0004159  -0.00781498
  32    0.0004158  -0.00781471
  33    0.0004157  -0.00781320
  34    0.0002929  -0.00756534
 
----------------
 Final Energies 
----------------
Final NOF Total Energy =    -173.9233318
 
Total Orbital Internal Iterations = 674
Total Occupation Internal Iterations = 66
 
Elapsed time:  130.38 Seconds

---------------------------------
   Lowdin Population Analysis    
---------------------------------
 Idx  Atom   Population   Charge 
---------------------------------
  1     N     6.723       0.277
  2     C     5.903       0.097
  3     H     1.065      -0.065
  4     H     1.062      -0.062
  5     H     1.062      -0.062
  6     C     5.904       0.096
  7     H     1.065      -0.065
  8     H     1.062      -0.062
  9     H     1.062      -0.062
 10     C     5.903       0.097
 11     H     1.065      -0.065
 12     H     1.062      -0.062
 13     H     1.062      -0.062

---------------------------------
   M Diagnostic: 0.03
---------------------------------

