Computing Integrals
Elapsed time:   13.17 Seconds

Number of basis functions                   (NBF)    = 378
Number of auxiliary basis functions         (NBFAUX) = 394
Inactive Doubly occupied orbitals up to     (NO1)    = 0
No. considered Strongly Doubly occupied MOs (NDOC)   = 16
No. considered Strongly Singly occupied MOs (NSOC)   = 0
NO. of Weakly occ. per St. Doubly occ.  MOs (NCWO)   = 1
Dimension of the Nat. Orb. subspace         (NBF5)   = 32
No. of electrons                                     = 32
    No. of alpha electrons                           = 16
    No. of beta electrons                            = 16
Multiplicity                                         = 1

Geometry
========
 C       0.0454900      -0.0029900       1.5226700
 C      -0.0760200       0.2537500       0.0581300
 N      -1.3517500      -0.1452800      -0.4904000
 O       0.7947300       0.7472000      -0.5990800
 H      -1.7522400       0.6727100      -0.9357500
 H      -1.1642900      -0.7790500      -1.2588800
 H      -0.7152400       0.5682100       2.0487600
 H      -0.1671500      -1.0489700       1.7314500
 H       1.0310600       0.2757800       1.8762500

No violations of the orthonormality
No violations of the orthonormality
 
PNOF8/ADABelief Calculation
==================
 
  Nitext  Nit_orb  Time   Nit_occ  Time         Eelec          Etot           Ediff      maxdiff    Grad_orb  Grad_occ
     1      10    3.7e+01   14    1.2e+00  -329.21276599  -207.87508875 -10328.21276599   1.049508   1.6e+01   1.7e-04 0.04
     2      30    2.6e+01    8    1.2e-01  -329.89322207  -208.55554482    -0.68045608   0.096066   1.2e+00   1.7e-04 0.04
     3      30    1.9e+01    6    7.4e-02  -329.95703845  -208.61936121    -0.06381638   0.048297   5.8e-01   2.4e-04 0.04
     4      30    2.8e+01    5    1.8e-01  -329.95552465  -208.61784741     0.00151380   0.033701   6.3e-01   1.3e-04 0.04
     5      50    3.6e+01    4    1.8e-01  -329.97499560  -208.63731836    -0.01947095   0.005419   8.1e-02   1.2e-04 0.04
     6      50    5.2e+01    2    1.8e-01  -329.97415651  -208.63647927     0.00083909   0.008526   1.6e-01   2.0e-04 0.04
     7      70    5.7e+01    2    1.7e-01  -329.97541716  -208.63773992    -0.00126065   0.001186   2.0e-02   1.9e-04 0.04
     8      70    6.1e+01    0    1.4e-01  -329.97534381  -208.63766657     0.00007335   0.003033   4.3e-02   2.2e-04 0.04
     9     100    9.8e+01    0    5.4e-02  -329.97544054  -208.63776330    -0.00009673   0.000487   5.1e-03   2.0e-04 0.04
    10     110    3.1e+01    0    4.5e-02  -329.97543724  -208.63776000     0.00000330   0.000537   9.3e-03   2.1e-04 0.04
    11     140    1.1e+02    0    9.2e-02  -329.97544189  -208.63776465    -0.00000465   0.000119   1.9e-03   2.0e-04 0.04
    12     150    1.3e+02    0    9.4e-02  -329.97544179  -208.63776454     0.00000010   0.000150   2.3e-03   2.1e-04 0.04
    13     100    8.0e+01    0    7.2e-02  -329.97544189  -208.63776465    -0.00000011   0.000099   1.8e-03   2.0e-04 0.04
 
RESULTS OF THE OCCUPATION OPTIMIZATION
========================================
   1    1.9998252  -20.58214279
   2    1.9997103  -15.56968310
   3    1.9995005  -11.33345682
   4    1.9996063  -11.22614787
   5    1.9921253  -1.24183753
   6    1.9904770  -1.02795971
   7    1.9757755  -0.79593725
   8    1.9741932  -0.74250622
   9    1.9773117  -0.69201536
  10    1.9772649  -0.69094070
  11    1.9770634  -0.68599959
  12    1.9742355  -0.67237181
  13    1.9742240  -0.67222462
  14    1.9697384  -0.66193234
  15    1.9866176  -0.65785000
  16    1.9582802  -0.55358221
  17    0.0417198  -0.05123038
  18    0.0133824  -0.02203014
  19    0.0302616  -0.04280955
  20    0.0257760  -0.03000529
  21    0.0257645  -0.03000093
  22    0.0229366  -0.02547962
  23    0.0227351  -0.02519366
  24    0.0226883  -0.02514536
  25    0.0258068  -0.03572618
  26    0.0242245  -0.04015322
  27    0.0095230  -0.01775367
  28    0.0078747  -0.01848362
  29    0.0003937  -0.00749742
  30    0.0004995  -0.00909922
  31    0.0002897  -0.00747414
  32    0.0001748  -0.00628974
 
----------------
 Final Energies 
----------------
Final NOF Total Energy =    -208.6377647
 
Total Orbital Internal Iterations = 940
Total Occupation Internal Iterations = 41
 
Elapsed time:  942.74 Seconds

---------------------------------
   Lowdin Population Analysis    
---------------------------------
 Idx  Atom   Population   Charge 
---------------------------------
  1     C     5.784       0.216
  2     C     6.569      -0.569
  3     N     6.456       0.544
  4     O     7.688       0.312
  5     H     1.175      -0.175
  6     H     1.175      -0.175
  7     H     1.049      -0.049
  8     H     1.049      -0.049
  9     H     1.055      -0.055

---------------------------------
   M Diagnostic: 0.04
---------------------------------

