Computing Integrals
Elapsed time:   32.47 Seconds

Number of basis functions                   (NBF)    = 1404
Number of auxiliary basis functions         (NBFAUX) = 1332
Inactive Doubly occupied orbitals up to     (NO1)    = 0
No. considered Strongly Doubly occupied MOs (NDOC)   = 48
No. considered Strongly Singly occupied MOs (NSOC)   = 0
NO. of Weakly occ. per St. Doubly occ.  MOs (NCWO)   = 1
Dimension of the Nat. Orb. subspace         (NBF5)   = 96
No. of electrons                                     = 96
    No. of alpha electrons                           = 48
    No. of beta electrons                            = 48
Multiplicity                                         = 1

Geometry
========
 C       2.8244700      -1.3647400      -0.0198900
 C       4.1973700      -0.9111100       0.4662800
 C       4.5686800       0.4380400      -0.1402200
 C       3.4973400       1.4785000       0.1679100
 C       2.1244300       1.0168800      -0.3144800
 C       1.7365500      -0.3351900       0.2824300
 C       0.3799300      -0.8250500      -0.2174900
 C      -0.8023400       0.0559100       0.1684800
 C      -2.1405800      -0.5432500      -0.2458700
 C      -3.3294100       0.3342300       0.1221800
 C      -4.6684600      -0.2656500      -0.2861400
 C      -5.8458200       0.6248500       0.0887200
 H       2.5576900      -2.3236300       0.4303600
 H       2.8603900      -1.5234500      -1.1034100
 H       4.1800900      -0.8210800       1.5564400
 H       4.9520500      -1.6604500       0.2223400
 H       4.6615800       0.3296000      -1.2249500
 H       5.5399100       0.7693700       0.2302700
 H       3.4588000       1.6423400       1.2489700
 H       3.7535600       2.4363500      -0.2875900
 H       2.1370200       0.9214800      -1.4064200
 H       1.3743100       1.7703200      -0.0709100
 H       1.6768900      -0.2183800       1.3723700
 H       0.2074800      -1.8329100       0.1728500
 H       0.4206500      -0.9208700      -1.3078800
 H      -0.7967700       0.2122600       1.2515700
 H      -0.7018400       1.0427500      -0.2880700
 H      -2.2573500      -1.5250800       0.2217900
 H      -2.1392200      -0.7152200      -1.3261600
 H      -3.3279000       0.5107900       1.2017900
 H      -3.2151300       1.3146000      -0.3495100
 H      -4.7809000      -1.2442700       0.1859300
 H      -4.6675400      -0.4419100      -1.3641800
 H      -5.8769400       0.7916500       1.1653300
 H      -6.7958400       0.1837800      -0.2088400
 H      -5.7631400       1.5985200      -0.3939900

No violations of the orthonormality
No violations of the orthonormality
 
PNOF8/ADABelief Calculation
==================
 
  Nitext  Nit_orb  Time   Nit_occ  Time         Eelec          Etot           Ediff      maxdiff    MaxGrad_orb  Grad_occ
     1      10    6.5e+01   12    4.1e+01 -1186.69535263  -469.16694189 -11185.69535263   0.008812   3.5e-02   3.1e-04 0.03
     2      20    7.1e+01    0    1.8e+00 -1187.71412713  -470.18571639    -1.01877450   0.008812   3.5e-02   3.1e-04 0.03
     3      40    1.4e+02    3    1.7e+00 -1187.71892646  -470.19051572    -0.00479933   0.011264   4.5e-02   2.2e-04 0.03
     4      40    1.3e+02    3    1.8e+00 -1187.72267238  -470.19426163    -0.00374591   0.011583   4.6e-02   2.2e-04 0.03
     5      40    1.4e+02    3    1.7e+00 -1187.72500789  -470.19659715    -0.00233551   0.010255   4.1e-02   2.2e-04 0.03
     6      40    1.3e+02    3    1.7e+00 -1187.72645182  -470.19804107    -0.00144393   0.010076   4.0e-02   2.0e-04 0.03
     7      40    1.3e+02    3    1.7e+00 -1187.72725083  -470.19884009    -0.00079901   0.010923   4.4e-02   1.8e-04 0.03
     8      40    1.3e+02    2    1.7e+00 -1187.72769306  -470.19928231    -0.00044223   0.011030   4.4e-02   1.5e-04 0.03
     9      40    1.3e+02    2    1.6e+00 -1187.72803737  -470.19962663    -0.00034431   0.010796   4.3e-02   1.5e-04 0.03
    10      40    1.3e+02    0    1.6e+00 -1187.72807747  -470.19966673    -0.00004010   0.010796   4.3e-02   1.5e-04 0.03
    11      60    1.8e+02    1    1.7e+00 -1187.73793964  -470.20952889    -0.00986217   0.000805   3.2e-03   1.9e-04 0.03
 
RESULTS OF THE OCCUPATION OPTIMIZATION
========================================
   1    1.9995524  -11.20614099
   2    1.9995761  -11.20612162
   3    1.9995767  -11.20395254
   4    1.9995757  -11.20385308
   5    1.9995759  -11.20384253
   6    1.9995762  -11.20372018
   7    1.9995913  -11.20370683
   8    1.9995762  -11.20354326
   9    1.9995739  -11.20244270
  10    1.9995755  -11.20223860
  11    1.9995756  -11.20215125
  12    1.9996005  -11.20209141
  13    1.9792353  -0.74596891
  14    1.9767451  -0.68335052
  15    1.9767003  -0.67246735
  16    1.9768207  -0.67205658
  17    1.9767936  -0.67140891
  18    1.9767848  -0.67139241
  19    1.9766720  -0.67065252
  20    1.9765867  -0.66968360
  21    1.9765950  -0.66817746
  22    1.9765828  -0.66801894
  23    1.9764493  -0.66791912
  24    1.9764811  -0.66722460
  25    1.9764858  -0.66714102
  26    1.9764739  -0.66697683
  27    1.9764838  -0.66692368
  28    1.9763983  -0.66686808
  29    1.9764569  -0.66626655
  30    1.9763543  -0.66619352
  31    1.9763849  -0.66441724
  32    1.9763260  -0.66410653
  33    1.9727270  -0.66057050
  34    1.9765244  -0.65987010
  35    1.9765772  -0.65963089
  36    1.9764489  -0.65757440
  37    1.9725446  -0.65501790
  38    1.9726837  -0.65498815
  39    1.9725379  -0.65477178
  40    1.9726104  -0.65297296
  41    1.9725350  -0.65281515
  42    1.9724892  -0.65199282
  43    1.9725004  -0.65097827
  44    1.9724970  -0.65061508
  45    1.9725482  -0.65051933
  46    1.9724700  -0.64049367
  47    1.9755135  -0.63033102
  48    1.9723051  -0.62816981
  49    0.0276949  -0.03458019
  50    0.0244865  -0.02606185
  51    0.0275300  -0.03472260
  52    0.0274518  -0.03452104
  53    0.0275030  -0.03480055
  54    0.0274996  -0.03480848
  55    0.0275108  -0.03484882
  56    0.0274650  -0.03482336
  57    0.0273896  -0.03473744
  58    0.0274621  -0.03501614
  59    0.0273163  -0.03472578
  60    0.0274554  -0.03502284
  61    0.0235511  -0.02548798
  62    0.0234228  -0.02540913
  63    0.0234756  -0.02546664
  64    0.0272730  -0.03497111
  65    0.0236740  -0.02597783
  66    0.0236151  -0.02592421
  67    0.0236457  -0.02597717
  68    0.0235431  -0.02587339
  69    0.0236017  -0.02595877
  70    0.0235162  -0.02586054
  71    0.0235261  -0.02589006
  72    0.0235142  -0.02586218
  73    0.0235189  -0.02588903
  74    0.0235507  -0.02596378
  75    0.0234172  -0.02578430
  76    0.0234050  -0.02577202
  77    0.0234133  -0.02584548
  78    0.0233280  -0.02581871
  79    0.0232152  -0.02570063
  80    0.0232064  -0.02569536
  81    0.0231793  -0.02567763
  82    0.0232997  -0.02587667
  83    0.0232549  -0.02612595
  84    0.0207647  -0.02485708
  85    0.0003995  -0.00758592
  86    0.0004244  -0.00795196
  87    0.0004245  -0.00795447
  88    0.0004261  -0.00798056
  89    0.0004238  -0.00794407
  90    0.0004087  -0.00779626
  91    0.0004238  -0.00794373
  92    0.0004241  -0.00795850
  93    0.0004243  -0.00795108
  94    0.0004233  -0.00794071
  95    0.0004239  -0.00794673
  96    0.0004476  -0.00831177
 
----------------
 Final Energies 
----------------
Final NOF Total Energy =    -470.2095289
 
Total Orbital Internal Iterations = 410
Total Occupation Internal Iterations = 32
 
Elapsed time: 1541.84 Seconds

---------------------------------
   Lowdin Population Analysis    
---------------------------------
 Idx  Atom   Population   Charge 
---------------------------------
  1     C     5.894       0.106
  2     C     5.902       0.098
  3     C     5.905       0.095
  4     C     5.901       0.099
  5     C     5.894       0.106
  6     C     6.058      -0.058
  7     C     5.899       0.101
  8     C     5.909       0.091
  9     C     5.912       0.088
 10     C     5.916       0.084
 11     C     5.925       0.075
 12     C     5.785       0.215
 13     H     1.045      -0.045
 14     H     1.036      -0.036
 15     H     1.043      -0.043
 16     H     1.052      -0.052
 17     H     1.043      -0.043
 18     H     1.052      -0.052
 19     H     1.042      -0.042
 20     H     1.051      -0.051
 21     H     1.035      -0.035
 22     H     1.048      -0.048
 23     H     1.030      -0.030
 24     H     1.039      -0.039
 25     H     1.037      -0.037
 26     H     1.043      -0.043
 27     H     1.046      -0.046
 28     H     1.044      -0.044
 29     H     1.043      -0.043
 30     H     1.044      -0.044
 31     H     1.044      -0.044
 32     H     1.050      -0.050
 33     H     1.050      -0.050
 34     H     1.060      -0.060
 35     H     1.065      -0.065
 36     H     1.060      -0.060

---------------------------------
   M Diagnostic: 0.03
---------------------------------

