Computing Integrals
Elapsed time:   16.88 Seconds

Number of basis functions                   (NBF)    = 549
Number of auxiliary basis functions         (NBFAUX) = 619
Inactive Doubly occupied orbitals up to     (NO1)    = 0
No. considered Strongly Doubly occupied MOs (NDOC)   = 25
No. considered Strongly Singly occupied MOs (NSOC)   = 0
NO. of Weakly occ. per St. Doubly occ.  MOs (NCWO)   = 1
Dimension of the Nat. Orb. subspace         (NBF5)   = 50
No. of electrons                                     = 50
    No. of alpha electrons                           = 25
    No. of beta electrons                            = 25
Multiplicity                                         = 1

Geometry
========
 C      -0.0564500       1.1653800       0.0000000
 N      -1.2512100       0.5932800       0.0000000
 C      -1.3031500      -0.7446900       0.0000000
 C      -0.1753400      -1.5497900       0.0000000
 C       1.0741700      -0.9260400       0.0000000
 C       1.1487200       0.4549300       0.0000000
 O      -0.0123500       2.5186700       0.0000000
 H      -2.2976800      -1.1782100       0.0000000
 H      -0.2688500      -2.6274900       0.0000000
 H       1.9826200      -1.5165300       0.0000000
 H       2.0909300       0.9854800       0.0000000
 H      -0.9314100       2.8250200       0.0000000

No violations of the orthonormality
No violations of the orthonormality
 
PNOF8/ADABelief Calculation
==================
 
  Nitext  Nit_orb  Time   Nit_occ  Time         Eelec          Etot           Ediff      maxdiff    Grad_orb  Grad_occ
     1      10    4.5e+01   14    1.4e+00  -595.62957276  -319.69181568 -10594.62957276   1.480703   2.8e+01   9.6e-05 0.04
     2      30    4.3e+01    8    3.7e-01  -598.26234408  -322.32458700    -2.63277132   0.092502   1.8e+00   1.3e-04 0.04
     3      30    4.6e+01    5    3.2e-01  -598.51913067  -322.58137359    -0.25678660   0.085750   9.8e-01   2.9e-04 0.04
     4      30    3.8e+01    4    3.0e-01  -598.52126202  -322.58350494    -0.00213135   0.046806   9.6e-01   2.1e-04 0.04
     5      30    4.8e+01    2    3.3e-01  -598.51967400  -322.58191692     0.00158802   0.064556   1.1e+00   2.6e-04 0.04
     6      50    7.3e+01    2    4.8e-01  -598.56517267  -322.62741559    -0.04549867   0.006667   1.2e-01   1.8e-04 0.04
     7      50    1.9e+02    1    5.4e-01  -598.56295859  -322.62520151     0.00221408   0.013706   2.7e-01   2.3e-04 0.04
     8      70    1.3e+02    1    3.9e-01  -598.56581068  -322.62805360    -0.00285208   0.001805   3.6e-02   2.3e-04 0.04
     9      70    9.3e+01    2    4.0e-01  -598.56566775  -322.62791067     0.00014293   0.002849   6.7e-02   1.4e-04 0.04
    10      90    1.3e+02    0    5.4e-01  -598.56587789  -322.62812081    -0.00021014   0.000396   1.1e-02   2.0e-04 0.04
    11     100    1.6e+02    0    3.7e-01  -598.56587238  -322.62811530     0.00000551   0.000805   1.5e-02   2.1e-04 0.04
    12     130    7.9e+01    0    2.3e-01  -598.56588411  -322.62812703    -0.00001173   0.000161   2.8e-03   2.2e-04 0.04
    13     140    1.0e+02    0    2.4e-01  -598.56588371  -322.62812663     0.00000040   0.000200   3.9e-03   2.2e-04 0.04
    14     119    1.6e+02    0    2.5e-01  -598.56588433  -322.62812725    -0.00000062   0.000100   2.0e-03   2.2e-04 0.04
 
RESULTS OF THE OCCUPATION OPTIMIZATION
========================================
   1    1.9998047  -20.61815130
   2    1.9997480  -15.56972461
   3    1.9995119  -11.32045045
   4    1.9995536  -11.26685897
   5    1.9995667  -11.25081909
   6    1.9995557  -11.23249667
   7    1.9995546  -11.22746661
   8    1.9917958  -1.24336540
   9    1.9915310  -1.06777049
  10    1.9784558  -0.85234578
  11    1.9788869  -0.84241700
  12    1.9787943  -0.83676204
  13    1.9781108  -0.81604886
  14    1.9698673  -0.77494508
  15    1.9731286  -0.76125125
  16    1.9742023  -0.73267001
  17    1.9774381  -0.71409112
  18    1.9741105  -0.71370024
  19    1.9779858  -0.71145511
  20    1.9773334  -0.70795649
  21    1.9777151  -0.70692646
  22    1.9862570  -0.64801733
  23    1.9628086  -0.47691751
  24    1.9638253  -0.42124853
  25    1.9633335  -0.41068839
  26    0.0366665  -0.03805124
  27    0.0361747  -0.03695661
  28    0.0371914  -0.04539907
  29    0.0137430  -0.02054161
  30    0.0222849  -0.02564816
  31    0.0226666  -0.02671801
  32    0.0220142  -0.02553099
  33    0.0258895  -0.03772164
  34    0.0225619  -0.02609262
  35    0.0257977  -0.03775863
  36    0.0268714  -0.03609518
  37    0.0301327  -0.04711353
  38    0.0218892  -0.03200797
  39    0.0212057  -0.03151045
  40    0.0211131  -0.03151814
  41    0.0215442  -0.03237125
  42    0.0084690  -0.01769608
  43    0.0082042  -0.01967146
  44    0.0004454  -0.00825551
  45    0.0004443  -0.00824824
  46    0.0004333  -0.00810350
  47    0.0004464  -0.00828838
  48    0.0004881  -0.00890645
  49    0.0002520  -0.00667723
  50    0.0001953  -0.00680034
 
----------------
 Final Energies 
----------------
Final NOF Total Energy =    -322.6281272
 
Total Orbital Internal Iterations = 949
Total Occupation Internal Iterations = 39
 
Elapsed time: 1553.66 Seconds

---------------------------------
   Lowdin Population Analysis    
---------------------------------
 Idx  Atom   Population   Charge 
---------------------------------
  1     C     6.481      -0.481
  2     N     6.708       0.292
  3     C     6.080      -0.080
  4     C     5.961       0.039
  5     C     5.925       0.075
  6     C     5.939       0.061
  7     O     7.357       0.643
  8     H     1.068      -0.068
  9     H     1.068      -0.068
 10     H     1.055      -0.055
 11     H     1.063      -0.063
 12     H     1.295      -0.295

---------------------------------
   M Diagnostic: 0.04
---------------------------------

