Computing Integrals
Elapsed time:   10.21 Seconds

Number of basis functions                   (NBF)    = 171
Number of auxiliary basis functions         (NBFAUX) = 229
Inactive Doubly occupied orbitals up to     (NO1)    = 0
No. considered Strongly Doubly occupied MOs (NDOC)   = 11
No. considered Strongly Singly occupied MOs (NSOC)   = 0
NO. of Weakly occ. per St. Doubly occ.  MOs (NCWO)   = 1
Dimension of the Nat. Orb. subspace         (NBF5)   = 22
No. of electrons                                     = 22
    No. of alpha electrons                           = 11
    No. of beta electrons                            = 11
Multiplicity                                         = 1

Geometry
========
 C      -1.2736700       0.1761500       0.2167300
 O      -0.1024100       0.1761500       0.2173300
 O      -2.4450500       0.1761500       0.2173300

No violations of the orthonormality
No violations of the orthonormality
 
PNOF8/ADABelief Calculation
==================
 
  Nitext  Nit_orb  Time   Nit_occ  Time         Eelec          Etot           Ediff      maxdiff    Grad_orb  Grad_occ
     1      10    4.5e+01   12    1.6e+00  -245.52590469  -187.69837886 -10244.52590469   1.947461   2.2e+01   1.5e-04 0.04
     2      30    3.3e+01    7    8.2e-02  -245.96387561  -188.13634978    -0.43797092   0.035083   4.1e-01   1.6e-04 0.04
     3      30    3.3e+01    6    1.5e-02  -245.97059251  -188.14306668    -0.00671689   0.033157   4.2e-01   1.1e-04 0.04
     4      30    3.2e+01    4    2.2e-02  -245.97244218  -188.14491635    -0.00184967   0.024549   4.0e-01   2.5e-04 0.04
     5      30    3.5e+01    4    9.1e-02  -245.97224589  -188.14472006     0.00019629   0.028526   4.1e-01   5.8e-05 0.04
     6      50    5.6e+01    2    1.1e-01  -245.97968966  -188.15216383    -0.00744377   0.003727   4.3e-02   1.9e-04 0.04
     7      50    5.4e+01    3    3.6e-02  -245.97944227  -188.15191643     0.00024740   0.008163   9.7e-02   1.3e-04 0.04
     8      70    7.8e+01    1    5.0e-02  -245.97994877  -188.15242294    -0.00050650   0.001476   1.5e-02   2.1e-04 0.04
     9      70    7.7e+01    2    3.2e-02  -245.97996878  -188.15244295    -0.00002001   0.002578   2.4e-02   1.7e-04 0.04
    10      70    7.7e+01    0    3.5e-02  -245.97998797  -188.15246214    -0.00001919   0.002258   2.5e-02   2.4e-04 0.04
    11      80    8.5e+01    1    5.8e-02  -245.98000312  -188.15247729    -0.00001515   0.001782   2.0e-02   2.3e-04 0.04
    12      80    8.8e+01    0    8.6e-02  -245.98001095  -188.15248512    -0.00000783   0.001603   1.7e-02   2.2e-04 0.04
    13      90    9.9e+01    0    1.8e-02  -245.98000810  -188.15248226     0.00000286   0.001688   1.7e-02   2.3e-04 0.04
    14     120    1.3e+02    0    1.2e-01  -245.98002500  -188.15249917    -0.00001690   0.000266   2.7e-03   2.2e-04 0.04
    15     130    1.4e+02    0    4.7e-02  -245.98002458  -188.15249874     0.00000042   0.000211   3.3e-03   2.2e-04 0.04
    16     136    1.4e+02    0    7.0e-02  -245.98002538  -188.15249955    -0.00000080   0.000099   1.2e-03   2.2e-04 0.04
 
RESULTS OF THE OCCUPATION OPTIMIZATION
========================================
   1    1.9998331  -20.67077779
   2    1.9998328  -20.67074032
   3    1.9995042  -11.42532751
   4    1.9926477  -1.35935630
   5    1.9926230  -1.35758280
   6    1.9762885  -0.85371480
   7    1.9762291  -0.85180635
   8    1.9882110  -0.74779375
   9    1.9882305  -0.74768898
  10    1.9646290  -0.61271547
  11    1.9646466  -0.61224784
  12    0.0353534  -0.05088337
  13    0.0353710  -0.05089554
  14    0.0117695  -0.02104810
  15    0.0117890  -0.02107792
  16    0.0237709  -0.04065273
  17    0.0237115  -0.04057120
  18    0.0073770  -0.01839255
  19    0.0073523  -0.01835318
  20    0.0004958  -0.00908653
  21    0.0001672  -0.00606849
  22    0.0001669  -0.00606176
 
----------------
 Final Energies 
----------------
Final NOF Total Energy =    -188.1524995
 
Total Orbital Internal Iterations = 1076
Total Occupation Internal Iterations = 42
 
Elapsed time: 1429.25 Seconds

---------------------------------
   Lowdin Population Analysis    
---------------------------------
 Idx  Atom   Population   Charge 
---------------------------------
  1     C     6.622      -0.622
  2     O     7.689       0.311
  3     O     7.689       0.311

---------------------------------
   M Diagnostic: 0.04
---------------------------------

