Computing Integrals
Elapsed time:   18.93 Seconds

Number of basis functions                   (NBF)    = 642
Number of auxiliary basis functions         (NBFAUX) = 634
Inactive Doubly occupied orbitals up to     (NO1)    = 0
No. considered Strongly Doubly occupied MOs (NDOC)   = 25
No. considered Strongly Singly occupied MOs (NSOC)   = 0
NO. of Weakly occ. per St. Doubly occ.  MOs (NCWO)   = 1
Dimension of the Nat. Orb. subspace         (NBF5)   = 50
No. of electrons                                     = 50
    No. of alpha electrons                           = 25
    No. of beta electrons                            = 25
Multiplicity                                         = 1

Geometry
========
 C      -2.4350900      -0.0364800       0.0311200
 H      -2.1456300      -1.0972300       0.0645700
 H      -2.0644100       0.4007600      -0.9047200
 H      -3.5349800       0.0232100       0.0234000
 C      -1.8669800       0.7060600       1.2352600
 H      -2.1708300       1.7712200       1.1892400
 C      -0.3337400       0.6689500       1.2824000
 H      -0.0299900      -0.3961800       1.3295600
 C       0.2342700       1.4127500       2.4858000
 H      -0.1368200       0.9767500       3.4220500
 H       1.3341400       1.3527600       2.4939500
 H      -0.0548900       2.4735500       2.4509500
 O      -2.3130100       0.1220400       2.4733100
 H      -3.2769800       0.0151300       2.4122900
 O       0.1125000       1.2516500       0.0437900
 H       1.0762400       1.3602600       0.1055200

No violations of the orthonormality
No violations of the orthonormality
 
PNOF8/ADABelief Calculation
==================
 
  Nitext  Nit_orb  Time   Nit_occ  Time         Eelec          Etot           Ediff      maxdiff    Grad_orb  Grad_occ
     1      10    9.1e+01   15    2.3e+00  -568.15313061  -303.44213549 -10567.15313061   4.484851   5.0e+01   2.3e-04 0.04
     2      30    1.5e+02    8    6.8e-01  -572.39017191  -307.67917679    -4.23704130   0.082279   2.2e+00   1.6e-04 0.03
     3      30    1.6e+02    6    7.1e-01  -572.68949560  -307.97850048    -0.29932369   0.063508   1.1e+00   2.1e-04 0.03
     4      30    1.6e+02    4    8.1e-01  -572.69762925  -307.98663414    -0.00813366   0.053603   1.1e+00   1.1e-04 0.03
     5      30    1.6e+02    2    9.9e-01  -572.68342540  -307.97243029     0.01420385   0.049694   1.2e+00   2.8e-04 0.03
     6      50    2.5e+02    2    6.9e-01  -572.75149961  -308.04050450    -0.06807421   0.007654   1.3e-01   1.5e-04 0.03
     7      50    2.6e+02    1    7.3e-01  -572.74877700  -308.03778188     0.00272262   0.015375   3.0e-01   1.9e-04 0.03
     8      70    3.5e+02    1    9.7e-01  -572.75229070  -308.04129559    -0.00351371   0.001795   3.6e-02   1.0e-04 0.03
     9      70    3.5e+02    0    7.0e-01  -572.75209544  -308.04110033     0.00019526   0.003387   7.5e-02   1.4e-04 0.03
    10     100    2.0e+02    0    4.6e-01  -572.75234413  -308.04134901    -0.00024869   0.000545   1.0e-02   1.0e-04 0.03
    11     110    1.7e+02    0    3.6e-01  -572.75233840  -308.04134328     0.00000573   0.000733   1.4e-02   1.1e-04 0.03
    12     140    2.3e+02    0    8.0e-01  -572.75234853  -308.04135341    -0.00001013   0.000151   2.9e-03   1.1e-04 0.03
    13     150    3.5e+02    0    7.7e-01  -572.75234831  -308.04135320     0.00000021   0.000158   3.1e-03   1.1e-04 0.03
    14     112    3.5e+02    0    2.9e-01  -572.75234871  -308.04135360    -0.00000040   0.000099   2.2e-03   1.1e-04 0.03
 
RESULTS OF THE OCCUPATION OPTIMIZATION
========================================
   1    1.9998113  -20.58593299
   2    1.9998112  -20.58592717
   3    1.9995333  -11.26765860
   4    1.9995346  -11.26765547
   5    1.9995989  -11.21104236
   6    1.9995973  -11.21101831
   7    1.9918740  -1.25540381
   8    1.9918608  -1.25526411
   9    1.9720621  -0.72768343
  10    1.9720553  -0.72761468
  11    1.9764967  -0.69942437
  12    1.9764821  -0.69933110
  13    1.9671289  -0.69695221
  14    1.9671270  -0.69690204
  15    1.9721964  -0.68582461
  16    1.9727792  -0.67999805
  17    1.9727736  -0.67994570
  18    1.9767309  -0.66769788
  19    1.9767124  -0.66754146
  20    1.9761462  -0.66477256
  21    1.9761162  -0.66438274
  22    1.9762113  -0.66048915
  23    1.9761894  -0.66031365
  24    1.9827098  -0.54193713
  25    1.9826945  -0.54192015
  26    0.0173055  -0.02241082
  27    0.0172902  -0.02240417
  28    0.0238106  -0.02569295
  29    0.0237887  -0.02568525
  30    0.0238838  -0.02577406
  31    0.0238538  -0.02576427
  32    0.0232876  -0.02543235
  33    0.0232691  -0.02542606
  34    0.0272264  -0.03502622
  35    0.0272208  -0.03502378
  36    0.0278036  -0.03649259
  37    0.0328730  -0.04716237
  38    0.0328711  -0.04716270
  39    0.0235179  -0.02654597
  40    0.0235033  -0.02653855
  41    0.0279447  -0.03622321
  42    0.0279379  -0.03622157
  43    0.0081392  -0.02098022
  44    0.0081260  -0.02097305
  45    0.0004027  -0.00763366
  46    0.0004011  -0.00762339
  47    0.0004654  -0.00859133
  48    0.0004667  -0.00860040
  49    0.0001888  -0.00654202
  50    0.0001887  -0.00654248
 
----------------
 Final Energies 
----------------
Final NOF Total Energy =    -308.0413536
 
Total Orbital Internal Iterations = 982
Total Occupation Internal Iterations = 39
 
Elapsed time: 3587.55 Seconds

---------------------------------
   Lowdin Population Analysis    
---------------------------------
 Idx  Atom   Population   Charge 
---------------------------------
  1     C     5.791       0.209
  2     H     1.051      -0.051
  3     H     1.048      -0.048
  4     H     1.059      -0.059
  5     C     6.266      -0.266
  6     H     1.044      -0.044
  7     C     6.266      -0.266
  8     H     1.044      -0.044
  9     C     5.791       0.209
 10     H     1.048      -0.048
 11     H     1.059      -0.059
 12     H     1.051      -0.051
 13     O     7.418       0.582
 14     H     1.322      -0.322
 15     O     7.418       0.582
 16     H     1.322      -0.322

---------------------------------
   M Diagnostic: 0.03
---------------------------------

