Computing Integrals
Elapsed time:    6.30 Seconds

Number of basis functions                   (NBF)    = 498
Number of auxiliary basis functions         (NBFAUX) = 464
Inactive Doubly occupied orbitals up to     (NO1)    = 0
No. considered Strongly Doubly occupied MOs (NDOC)   = 17
No. considered Strongly Singly occupied MOs (NSOC)   = 0
NO. of Weakly occ. per St. Doubly occ.  MOs (NCWO)   = 1
Dimension of the Nat. Orb. subspace         (NBF5)   = 34
No. of electrons                                     = 34
    No. of alpha electrons                           = 17
    No. of beta electrons                            = 17
Multiplicity                                         = 1

Geometry
========
 C      -4.9215400      -0.9353700       0.0340800
 H      -4.5120600      -1.9524500      -0.0628100
 H      -4.6954800      -0.3971800      -0.8989300
 H      -6.0143000      -1.0234400       0.1093800
 C      -4.3362900      -0.2092800       1.2471300
 H      -4.7703600       0.7987900       1.3391800
 H      -4.6126000      -0.7499500       2.1695800
 C      -2.8146200      -0.0773100       1.1872300
 H      -2.5361000       0.4833500       0.2794900
 H      -2.3705700      -1.0899200       1.0798100
 N      -2.3089800       0.6736800       2.3464400
 H      -2.4956900       0.1510800       3.2059400
 H      -1.2938300       0.7757700       2.2881500

No violations of the orthonormality
No violations of the orthonormality
 
PNOF8/ADABelief Calculation
==================
 
  Nitext  Nit_orb  Time   Nit_occ  Time         Eelec          Etot           Ediff      maxdiff    Grad_orb  Grad_occ
     1      10    1.6e+01    9    6.7e-01  -303.48533170  -172.77332464 -10302.48533170   2.454666   2.5e+01   1.6e-04 0.03
     2      30    7.5e+00    6    1.2e-01  -304.58377020  -173.87176314    -1.09843850   0.046817   9.9e-01   1.2e-04 0.03
     3      30    1.0e+01    4    1.4e-01  -304.62983505  -173.91782799    -0.04606485   0.039017   6.5e-01   2.3e-04 0.03
     4      30    9.7e+00    4    1.1e-01  -304.62886779  -173.91686074     0.00096726   0.033559   6.7e-01   8.2e-05 0.03
     5      50    4.8e+01    3    1.4e-01  -304.65032811  -173.93832106    -0.02146032   0.003103   6.5e-02   7.1e-05 0.03
     6      50    1.5e+01    2    1.1e-01  -304.64974202  -173.93773496     0.00058609   0.007590   1.3e-01   1.7e-04 0.03
     7      70    1.8e+01    0    1.0e-01  -304.65056823  -173.93856118    -0.00082621   0.001905   2.2e-02   2.1e-04 0.03
     8      80    5.2e+01    0    1.6e-01  -304.65055703  -173.93854997     0.00001121   0.001976   2.5e-02   1.8e-04 0.03
     9     110    1.2e+02    0    1.3e-01  -304.65059199  -173.93858493    -0.00003497   0.000286   4.4e-03   1.9e-04 0.03
    10     120    2.1e+02    0    1.8e-01  -304.65059174  -173.93858469     0.00000025   0.000253   4.6e-03   1.9e-04 0.03
    11     123    1.3e+02    0    1.3e-01  -304.65059293  -173.93858588    -0.00000119   0.000098   1.7e-03   1.9e-04 0.03
 
RESULTS OF THE OCCUPATION OPTIMIZATION
========================================
   1    1.9997107  -15.54791921
   2    1.9995571  -11.23854555
   3    1.9995836  -11.21214199
   4    1.9995958  -11.21025492
   5    1.9903174  -0.98712955
   6    1.9758920  -0.67261780
   7    1.9759710  -0.66691746
   8    1.9763734  -0.66463523
   9    1.9760565  -0.66398582
  10    1.9762813  -0.66045607
  11    1.9723709  -0.65937506
  12    1.9760573  -0.65751515
  13    1.9724999  -0.65746681
  14    1.9760158  -0.65656424
  15    1.9733312  -0.63555631
  16    1.9730427  -0.62908412
  17    1.9692936  -0.62830862
  18    0.0307064  -0.04004749
  19    0.0269573  -0.03030291
  20    0.0266688  -0.03018591
  21    0.0239842  -0.02570912
  22    0.0275001  -0.03454486
  23    0.0239427  -0.02570936
  24    0.0276291  -0.03516129
  25    0.0237187  -0.02556282
  26    0.0239435  -0.02605023
  27    0.0236266  -0.02585830
  28    0.0240290  -0.02636088
  29    0.0241080  -0.02651678
  30    0.0096826  -0.01737221
  31    0.0004042  -0.00764204
  32    0.0004164  -0.00790674
  33    0.0004429  -0.00823055
  34    0.0002893  -0.00748864
 
----------------
 Final Energies 
----------------
Final NOF Total Energy =    -173.9385859
 
Total Orbital Internal Iterations = 703
Total Occupation Internal Iterations = 28
 
Elapsed time:  737.58 Seconds

---------------------------------
   Lowdin Population Analysis    
---------------------------------
 Idx  Atom   Population   Charge 
---------------------------------
  1     C     5.797       0.203
  2     H     1.057      -0.057
  3     H     1.056      -0.056
  4     H     1.059      -0.059
  5     C     5.944       0.056
  6     H     1.045      -0.045
  7     H     1.049      -0.049
  8     C     6.039      -0.039
  9     H     1.051      -0.051
 10     H     1.061      -0.061
 11     N     6.479       0.521
 12     H     1.180      -0.180
 13     H     1.183      -0.183

---------------------------------
   M Diagnostic: 0.03
---------------------------------

