Computing Integrals
Elapsed time:    4.87 Seconds

Number of basis functions                   (NBF)    = 140
Number of auxiliary basis functions         (NBFAUX) = 256
Inactive Doubly occupied orbitals up to     (NO1)    = 0
No. considered Strongly Doubly occupied MOs (NDOC)   = 17
No. considered Strongly Singly occupied MOs (NSOC)   = 0
NO. of Weakly occ. per St. Doubly occ.  MOs (NCWO)   = 1
Dimension of the Nat. Orb. subspace         (NBF5)   = 34
No. of electrons                                     = 34
    No. of alpha electrons                           = 17
    No. of beta electrons                            = 17
Multiplicity                                         = 1

Geometry
========
Cl       0.0000000       0.0000000       1.0210500
Cl       0.0000000       0.0000000      -1.0210500

No violations of the orthonormality
No violations of the orthonormality
 
PNOF8/ADABelief Calculation
==================
 
  Nitext  Nit_orb  Time   Nit_occ  Time         Eelec          Etot           Ediff      maxdiff    Grad_orb  Grad_occ
     1      10    1.5e+01   28    6.4e-01  -991.31846969  -916.42894404 -10990.31846969   6.779521   9.6e+01   2.6e-04 0.03
     2      30    2.6e+00   11    4.5e-02  -994.40571543  -919.51618978    -3.08724574   0.110126   1.5e+00   1.5e-04 0.04
     3      30    2.8e+00    8    2.2e-02  -994.47742384  -919.58789820    -0.07170841   0.072799   1.2e+00   9.8e-05 0.04
     4      30    2.0e+00    6    4.4e-02  -994.47913733  -919.58961168    -0.00171348   0.085999   1.3e+00   1.0e-04 0.04
     5      30    2.4e+00    7    9.6e-03  -994.48284660  -919.59332096    -0.00370928   0.096952   1.3e+00   3.3e-05 0.04
     6      30    2.1e+00    7    6.3e-03  -994.48173751  -919.59221186     0.00110909   0.079040   1.3e+00   2.2e-05 0.04
     7      50    4.7e+00    4    6.4e-02  -994.51008198  -919.62055633    -0.02834447   0.010775   1.7e-01   2.1e-04 0.04
     8      50    4.8e+00    3    4.5e-02  -994.51029840  -919.62077275    -0.00021642   0.020375   2.9e-01   2.0e-04 0.04
     9      50    4.0e+00    3    4.8e-02  -994.51120590  -919.62168025    -0.00090750   0.021855   2.7e-01   1.6e-04 0.04
    10      50    3.8e+00    3    1.2e-02  -994.51141491  -919.62188927    -0.00020902   0.017567   2.7e-01   1.2e-04 0.04
    11      50    3.7e+00    2    2.8e-02  -994.51159010  -919.62206445    -0.00017519   0.018084   2.8e-01   1.5e-04 0.04
    12      50    3.9e+00    2    1.9e-02  -994.51183798  -919.62231233    -0.00024788   0.018795   2.8e-01   2.1e-04 0.04
    13      50    3.7e+00    2    3.7e-02  -994.51187202  -919.62234638    -0.00003405   0.020347   2.8e-01   1.6e-04 0.04
    14      50    3.2e+00    1    3.6e-02  -994.51210132  -919.62257567    -0.00022929   0.018975   2.7e-01   1.9e-04 0.04
    15      50    3.9e+00    2    2.1e-02  -994.51211833  -919.62259268    -0.00001701   0.019338   2.8e-01   1.4e-04 0.04
    16      50    3.6e+00    1    3.8e-02  -994.51226957  -919.62274392    -0.00015124   0.017400   2.6e-01   2.2e-04 0.04
    17      50    3.9e+00    2    6.3e-02  -994.51215340  -919.62262775     0.00011617   0.019302   2.8e-01   1.4e-04 0.04
    18      70    7.0e+00    1    1.2e-02  -994.51374959  -919.62422394    -0.00159619   0.002492   3.6e-02   1.6e-04 0.04
    19      70    5.0e+00    1    5.9e-02  -994.51363275  -919.62410710     0.00011684   0.003791   7.4e-02   1.9e-04 0.04
    20      90    6.9e+00    2    5.3e-02  -994.51383416  -919.62430851    -0.00020141   0.000766   1.1e-02   1.6e-04 0.04
    21      90    5.7e+00    2    4.1e-02  -994.51384547  -919.62431982    -0.00001131   0.001239   2.1e-02   1.4e-04 0.04
    22      90    6.5e+00    0    2.1e-02  -994.51386986  -919.62434421    -0.00002438   0.001446   1.8e-02   2.4e-04 0.04
    23     100    6.8e+00    2    3.0e-02  -994.51389103  -919.62436538    -0.00002117   0.001239   1.7e-02   1.6e-04 0.04
    24     100    9.1e+00    0    7.4e-02  -994.51390847  -919.62438282    -0.00001744   0.001132   1.6e-02   2.1e-04 0.04
    25     110    9.1e+00    2    4.4e-02  -994.51392770  -919.62440205    -0.00001923   0.000958   1.4e-02   1.3e-04 0.04
    26     110    8.1e+00    0    2.9e-02  -994.51394124  -919.62441559    -0.00001354   0.000985   1.5e-02   1.7e-04 0.04
    27     120    8.7e+00    0    4.3e-02  -994.51395708  -919.62443143    -0.00001585   0.000877   1.3e-02   2.2e-04 0.04
    28     130    9.7e+00    0    5.4e-02  -994.51396905  -919.62444340    -0.00001197   0.000800   1.2e-02   2.3e-04 0.04
    29     140    1.1e+01    0    3.4e-02  -994.51397901  -919.62445336    -0.00000996   0.000717   1.1e-02   2.5e-04 0.04
    30     150    1.2e+01    0    4.7e-02  -994.51398680  -919.62446115    -0.00000779   0.000665   1.0e-02   2.6e-04 0.04
    31     160    1.1e+01    0    3.5e-02  -994.51399287  -919.62446722    -0.00000607   0.000674   9.5e-03   2.8e-04 0.04
    32     170    1.2e+01    0    6.2e-02  -994.51399779  -919.62447214    -0.00000492   0.000640   8.6e-03   2.8e-04 0.04
    33     180    1.5e+01    0    3.3e-02  -994.51400043  -919.62447479    -0.00000264   0.000638   8.8e-03   3.0e-04 0.04
    34     190    1.5e+01    0    3.6e-02  -994.51400348  -919.62447783    -0.00000304   0.000596   8.0e-03   3.1e-04 0.04
    35     200    1.5e+01    1    2.2e-02  -994.51400544  -919.62447979    -0.00000196   0.000642   7.8e-03   1.5e-04 0.04
    36     200    1.9e+01    0    4.3e-02  -994.51400838  -919.62448274    -0.00000294   0.000633   7.7e-03   1.9e-04 0.04
    37     210    1.5e+01    0    1.7e-02  -994.51400939  -919.62448374    -0.00000101   0.000654   7.5e-03   2.1e-04 0.04
    38     220    1.6e+01    0    1.1e-02  -994.51401076  -919.62448511    -0.00000137   0.000586   6.9e-03   2.1e-04 0.04
    39     230    6.4e+01    0    5.5e-02  -994.51401139  -919.62448574    -0.00000063   0.000606   6.7e-03   2.2e-04 0.04
    40     240    1.7e+02    0    3.1e-02  -994.51401234  -919.62448669    -0.00000095   0.000565   6.1e-03   2.2e-04 0.04
    41     250    2.0e+01    0    2.9e-02  -994.51401277  -919.62448712    -0.00000043   0.000565   5.9e-03   2.3e-04 0.04
    42     260    1.9e+01    0    5.0e-02  -994.51401346  -919.62448782    -0.00000070   0.000531   5.6e-03   2.3e-04 0.04
    43     270    1.1e+02    0    1.1e-01  -994.51401390  -919.62448826    -0.00000044   0.000516   5.3e-03   2.3e-04 0.04
    44     280    1.8e+02    0    6.9e-02  -994.51401440  -919.62448875    -0.00000050   0.000493   5.1e-03   2.3e-04 0.04
    45     290    1.8e+02    0    8.7e-02  -994.51401485  -919.62448920    -0.00000045   0.000479   4.8e-03   2.4e-04 0.04
    46     300    1.4e+02    0    1.0e-01  -994.51401531  -919.62448966    -0.00000046   0.000458   4.5e-03   2.3e-04 0.04
    47     310    1.4e+02    0    1.3e-02  -994.51401562  -919.62448998    -0.00000032   0.000446   4.5e-03   2.4e-04 0.04
    48     320    2.6e+01    0    6.1e-03  -994.51401603  -919.62449038    -0.00000041   0.000430   4.2e-03   2.3e-04 0.04
    49     330    2.3e+01    0    4.0e-02  -994.51401628  -919.62449063    -0.00000024   0.000337   4.1e-03   2.4e-04 0.04
    50     340    2.5e+01    0    1.7e-02  -994.51401667  -919.62449102    -0.00000040   0.000356   3.9e-03   2.4e-04 0.04
    51     350    2.9e+01    0    3.6e-02  -994.51401723  -919.62449158    -0.00000056   0.000321   3.7e-03   2.4e-04 0.04
    52     360    2.9e+01    0    8.6e-02  -994.51401748  -919.62449183    -0.00000025   0.000356   3.7e-03   2.4e-04 0.04
    53     370    3.0e+01    0    2.3e-02  -994.51401799  -919.62449234    -0.00000051   0.000350   3.4e-03   2.4e-04 0.04
    54     380    2.9e+01    0    5.2e-02  -994.51401823  -919.62449259    -0.00000025   0.000287   3.4e-03   2.4e-04 0.04
    55     390    2.9e+01    0    4.9e-02  -994.51401861  -919.62449296    -0.00000038   0.000284   3.4e-03   2.5e-04 0.04
    56     400    2.9e+01    0    1.7e-02  -994.51401913  -919.62449348    -0.00000052   0.000263   3.0e-03   2.4e-04 0.04
    57     410    4.2e+01    0    4.6e-02  -994.51401938  -919.62449374    -0.00000026   0.000297   3.2e-03   2.5e-04 0.04
    58     420    2.9e+01    0    5.9e-02  -994.51401973  -919.62449408    -0.00000035   0.000272   3.2e-03   2.4e-04 0.04
    59     430    1.8e+02    0    1.0e-01  -994.51402017  -919.62449452    -0.00000043   0.000237   3.0e-03   2.5e-04 0.04
    60     440    2.0e+02    0    3.2e-02  -994.51402049  -919.62449484    -0.00000033   0.000261   3.1e-03   2.4e-04 0.04
    61     450    3.8e+01    0    4.0e-02  -994.51402093  -919.62449528    -0.00000044   0.000221   2.9e-03   2.5e-04 0.04
    62     460    3.5e+01    0    2.5e-02  -994.51402128  -919.62449563    -0.00000035   0.000240   2.9e-03   2.5e-04 0.04
    63     470    3.5e+01    0    8.7e-03  -994.51402175  -919.62449610    -0.00000047   0.000204   2.6e-03   2.5e-04 0.04
    64     480    4.5e+01    0    3.1e-02  -994.51402212  -919.62449647    -0.00000037   0.000224   2.7e-03   2.5e-04 0.04
    65     490    6.1e+01    0    1.3e-02  -994.51402260  -919.62449695    -0.00000048   0.000196   2.4e-03   2.5e-04 0.04
    66     500    3.8e+01    0    6.2e-02  -994.51402307  -919.62449743    -0.00000048   0.000207   2.3e-03   2.5e-04 0.04
    67     510    3.9e+01    0    6.5e-02  -994.51402350  -919.62449786    -0.00000043   0.000185   2.3e-03   2.6e-04 0.04
    68     520    4.0e+01    0    1.4e-02  -994.51402398  -919.62449833    -0.00000048   0.000214   2.2e-03   2.5e-04 0.04
    69     530    4.9e+01    0    5.3e-02  -994.51402448  -919.62449883    -0.00000050   0.000159   2.0e-03   2.6e-04 0.04
    70     540    4.0e+01    0    6.4e-02  -994.51402488  -919.62449923    -0.00000040   0.000204   2.0e-03   2.6e-04 0.04
    71     550    4.2e+01    0    4.8e-02  -994.51402536  -919.62449971    -0.00000048   0.000148   1.9e-03   2.6e-04 0.04
    72     560    6.7e+01    0    3.8e-02  -994.51402580  -919.62450016    -0.00000044   0.000187   1.9e-03   2.6e-04 0.04
    73     570    6.3e+01    0    5.2e-02  -994.51402631  -919.62450066    -0.00000050   0.000137   1.7e-03   2.6e-04 0.04
    74     580    4.3e+02    0    1.9e-01  -994.51402672  -919.62450107    -0.00000041   0.000154   1.7e-03   2.6e-04 0.04
    75     590    2.7e+02    0    3.1e-02  -994.51402716  -919.62450151    -0.00000044   0.000128   1.6e-03   2.7e-04 0.04
    76     600    2.9e+02    0    3.7e-02  -994.51402758  -919.62450194    -0.00000043   0.000142   1.5e-03   2.6e-04 0.04
    77     610    5.2e+02    0    1.7e-01  -994.51402805  -919.62450240    -0.00000046   0.000118   1.4e-03   2.7e-04 0.04
    78     620    4.0e+02    0    5.7e-02  -994.51402841  -919.62450276    -0.00000037   0.000132   1.5e-03   2.6e-04 0.04
    79     630    5.2e+02    1    7.4e-02  -994.51402892  -919.62450328    -0.00000051   0.000110   1.6e-03   1.7e-04 0.04
    80     630    4.1e+02    0    1.5e-02  -994.51403046  -919.62450481    -0.00000153   0.000118   1.4e-03   2.1e-04 0.04
    81     640    8.6e+01    0    1.8e-02  -994.51403090  -919.62450525    -0.00000044   0.000109   1.4e-03   2.2e-04 0.04
    82     650    3.7e+02    0    7.1e-02  -994.51403128  -919.62450564    -0.00000039   0.000106   1.4e-03   2.1e-04 0.04
    83     660    5.1e+02    0    4.8e-02  -994.51403180  -919.62450615    -0.00000051   0.000109   1.4e-03   2.2e-04 0.04
    84     670    6.2e+02    0    4.4e-02  -994.51403223  -919.62450659    -0.00000044   0.000112   1.4e-03   2.2e-04 0.04
    85     674    6.2e+02    0    7.1e-02  -994.51403263  -919.62450699    -0.00000040   0.000100   1.3e-03   2.3e-04 0.04
 
RESULTS OF THE OCCUPATION OPTIMIZATION
========================================
   1    1.9999690  -104.93900859
   2    1.9999695  -104.93855863
   3    1.9993834  -10.63141144
   4    1.9993523  -10.63128802
   5    1.9990666  -8.09324980
   6    1.9990740  -8.09292330
   7    1.9985611  -8.09276840
   8    1.9985598  -8.09212989
   9    1.9990850  -8.09195248
  10    1.9990782  -8.09176700
  11    1.9920279  -1.10948064
  12    1.9919124  -1.10770150
  13    1.9640200  -0.61282036
  14    1.9800229  -0.51335066
  15    1.9800186  -0.51267368
  16    1.9805663  -0.51192442
  17    1.9805985  -0.51174684
  18    0.0194015  -0.02542205
  19    0.0194337  -0.02544721
  20    0.0199814  -0.02717842
  21    0.0199771  -0.02718988
  22    0.0359800  -0.06051284
  23    0.0080876  -0.02811600
  24    0.0079721  -0.02832423
  25    0.0009218  -0.01798766
  26    0.0009150  -0.01783818
  27    0.0014402  -0.02252691
  28    0.0014389  -0.02227225
  29    0.0009260  -0.01796189
  30    0.0009334  -0.01808824
  31    0.0006477  -0.01568591
  32    0.0006166  -0.01522458
  33    0.0000305  -0.00583838
  34    0.0000310  -0.00589716
 
----------------
 Final Energies 
----------------
Final NOF Total Energy =    -919.6245070
 
Total Orbital Internal Iterations = 25164
Total Occupation Internal Iterations = 104
 
Elapsed time: 7773.79 Seconds

---------------------------------
   Lowdin Population Analysis    
---------------------------------
 Idx  Atom   Population   Charge 
---------------------------------
  1    Cl    17.000      -0.000
  2    Cl    17.000       0.000

---------------------------------
   M Diagnostic: 0.04
---------------------------------

