Computing Integrals
Elapsed time:    1.70 Seconds

Number of basis functions                   (NBF)    = 217
Number of auxiliary basis functions         (NBFAUX) = 259
Inactive Doubly occupied orbitals up to     (NO1)    = 0
No. considered Strongly Doubly occupied MOs (NDOC)   = 13
No. considered Strongly Singly occupied MOs (NSOC)   = 0
NO. of Weakly occ. per St. Doubly occ.  MOs (NCWO)   = 1
Dimension of the Nat. Orb. subspace         (NBF5)   = 26
No. of electrons                                     = 26
    No. of alpha electrons                           = 13
    No. of beta electrons                            = 13
Multiplicity                                         = 1

Geometry
========
 O       0.0000000       0.0000000      -1.0999100
 P       0.0000000       0.0000000       0.3831000
 H       0.0000000       1.2618500       1.0175900
 H       1.0928000      -0.6309300       1.0175900
 H      -1.0928000      -0.6309300       1.0175900

No violations of the orthonormality
No violations of the orthonormality
 
PNOF8/ADABelief Calculation
==================
 
  Nitext  Nit_orb  Time   Nit_occ  Time         Eelec          Etot           Ediff      maxdiff    Grad_orb  Grad_occ
     1      10    4.9e+00   24    2.2e-01  -482.32729664  -416.76959004 -10481.32729664   2.290054   3.4e+01   1.9e-04 0.03
     2      30    3.9e+00   10    5.4e-02  -483.37954517  -417.82183857    -1.05224853   0.092263   1.2e+00   1.3e-04 0.03
     3      30    4.6e+00    8    5.0e-02  -483.42439567  -417.86668907    -0.04485050   0.045976   6.6e-01   1.0e-04 0.03
     4      30    3.3e+00    7    3.2e-02  -483.42480688  -417.86710028    -0.00041121   0.046254   7.6e-01   6.9e-05 0.03
     5      50    5.7e+00    5    5.1e-02  -483.44308941  -417.88538281    -0.01828253   0.006320   1.0e-01   1.9e-04 0.03
     6      50    6.2e+00    3    2.7e-02  -483.44307272  -417.88536612     0.00001669   0.008143   1.6e-01   2.8e-04 0.03
     7      70    9.5e+00    3    8.6e-03  -483.44418969  -417.88648309    -0.00111697   0.001193   2.2e-02   1.6e-04 0.03
     8      70    6.9e+00    1    4.4e-02  -483.44418965  -417.88648305     0.00000005   0.002962   4.6e-02   2.4e-04 0.03
     9      90    9.0e+00    1    8.9e-03  -483.44433430  -417.88662770    -0.00014465   0.000685   8.5e-03   2.4e-04 0.03
    10      90    9.8e+00    1    9.6e-03  -483.44436767  -417.88666107    -0.00003337   0.000696   1.2e-02   2.3e-04 0.03
    11      90    8.8e+00    1    4.7e-02  -483.44440281  -417.88669621    -0.00003514   0.000613   1.2e-02   2.3e-04 0.03
    12      90    1.0e+01    2    8.6e-03  -483.44443359  -417.88672699    -0.00003078   0.000726   1.2e-02   1.3e-04 0.03
    13      90    8.6e+00    1    1.7e-02  -483.44446607  -417.88675947    -0.00003249   0.000718   1.2e-02   1.5e-04 0.03
    14      90    9.6e+00    1    1.9e-02  -483.44449417  -417.88678757    -0.00002810   0.000681   1.2e-02   1.6e-04 0.03
    15      90    1.0e+01    2    2.0e-02  -483.44452099  -417.88681439    -0.00002681   0.000664   1.2e-02   8.4e-05 0.03
    16      90    9.0e+00    1    5.0e-02  -483.44454459  -417.88683799    -0.00002361   0.000662   1.2e-02   1.0e-04 0.03
    17      90    9.1e+00    1    9.8e-03  -483.44456456  -417.88685796    -0.00001996   0.000686   1.2e-02   1.5e-04 0.03
    18      90    1.0e+01    1    3.3e-02  -483.44458130  -417.88687470    -0.00001675   0.000587   1.2e-02   1.7e-04 0.03
    19      90    9.6e+00    1    6.1e-03  -483.44459450  -417.88688790    -0.00001320   0.000741   1.3e-02   1.7e-04 0.03
    20      90    8.8e+00    1    7.3e-03  -483.44460556  -417.88689896    -0.00001107   0.000744   1.2e-02   1.7e-04 0.03
    21      90    9.3e+00    0    3.3e-02  -483.44461471  -417.88690811    -0.00000915   0.000747   1.2e-02   2.8e-04 0.03
    22     100    1.1e+01    1    1.6e-02  -483.44462328  -417.88691668    -0.00000857   0.000649   1.0e-02   1.5e-04 0.03
    23     100    1.0e+01    0    6.1e-03  -483.44463001  -417.88692341    -0.00000673   0.000685   1.1e-02   2.2e-04 0.03
    24     110    1.2e+01    1    4.1e-02  -483.44463517  -417.88692857    -0.00000515   0.000535   9.4e-03   1.3e-04 0.03
    25     110    1.2e+01    0    1.2e-02  -483.44463965  -417.88693305    -0.00000448   0.000509   9.6e-03   2.2e-04 0.03
    26     120    1.3e+01    0    8.8e-02  -483.44464314  -417.88693654    -0.00000349   0.000487   8.1e-03   2.1e-04 0.03
    27     130    1.4e+01    0    4.8e-02  -483.44464525  -417.88693865    -0.00000211   0.000414   7.3e-03   2.3e-04 0.03
    28     140    1.4e+01    0    2.9e-02  -483.44464624  -417.88693964    -0.00000099   0.000374   6.5e-03   2.3e-04 0.03
    29     150    1.6e+01    0    2.2e-02  -483.44464689  -417.88694029    -0.00000065   0.000343   5.8e-03   2.5e-04 0.03
    30     160    1.8e+01    0    2.4e-02  -483.44464703  -417.88694043    -0.00000014   0.000336   5.7e-03   2.3e-04 0.03
    31     170    1.9e+01    0    3.5e-02  -483.44464693  -417.88694033     0.00000010   0.000314   5.6e-03   2.5e-04 0.03
    32     165    1.6e+01    0    5.3e-02  -483.44464947  -417.88694287    -0.00000255   0.000100   1.7e-03   2.4e-04 0.03
 
RESULTS OF THE OCCUPATION OPTIMIZATION
========================================
   1    1.9999750  -80.06362138
   2    1.9998028  -20.54453440
   3    1.9989731  -7.25447270
   4    1.9984091  -5.58630025
   5    1.9983122  -5.57142982
   6    1.9985224  -5.51918607
   7    1.9923671  -1.22306352
   8    1.9904275  -0.82884731
   9    1.9848702  -0.60984424
  10    1.9780729  -0.60114518
  11    1.9703518  -0.57143051
  12    1.9701725  -0.55576859
  13    1.9704260  -0.55469873
  14    0.0295740  -0.04035542
  15    0.0298275  -0.04106244
  16    0.0296482  -0.04150109
  17    0.0219271  -0.03139086
  18    0.0151298  -0.02531133
  19    0.0095725  -0.02258996
  20    0.0076329  -0.02188878
  21    0.0014776  -0.01596331
  22    0.0016878  -0.01925993
  23    0.0015909  -0.01716934
  24    0.0010269  -0.01518415
  25    0.0001972  -0.00650877
  26    0.0000250  -0.00414156
 
----------------
 Final Energies 
----------------
Final NOF Total Energy =    -417.8869429
 
Total Orbital Internal Iterations = 2965
Total Occupation Internal Iterations = 77
 
Elapsed time:  352.55 Seconds

---------------------------------
   Lowdin Population Analysis    
---------------------------------
 Idx  Atom   Population   Charge 
---------------------------------
  1     O     8.031      -0.031
  2     P    14.623       0.377
  3     H     1.115      -0.115
  4     H     1.116      -0.116
  5     H     1.115      -0.115

---------------------------------
   M Diagnostic: 0.03
---------------------------------

