Computing Integrals
Elapsed time:   31.13 Seconds

Number of basis functions                   (NBF)    = 751
Number of auxiliary basis functions         (NBFAUX) = 905
Inactive Doubly occupied orbitals up to     (NO1)    = 0
No. considered Strongly Doubly occupied MOs (NDOC)   = 52
No. considered Strongly Singly occupied MOs (NSOC)   = 0
NO. of Weakly occ. per St. Doubly occ.  MOs (NCWO)   = 1
Dimension of the Nat. Orb. subspace         (NBF5)   = 104
No. of electrons                                     = 104
    No. of alpha electrons                           = 52
    No. of beta electrons                            = 52
Multiplicity                                         = 1

Geometry
========
 H       0.0221100       0.3377200       0.0443100
 C       0.0269200       0.2971600       1.1277900
 C       1.2324200       0.3742900       1.8232100
 C       1.2385100       0.3183000       3.2156400
 C       0.0394500       0.1845400       3.9132600
 C      -1.1662200       0.1071100       3.2186300
 C      -1.1729800       0.1639100       1.8255100
 H       2.1655300       0.4743200       1.2803100
 H       2.1766300       0.3751300       3.7561800
 H       0.0447200       0.1370400       4.9963800
 H      -2.0988600      -0.0005600       3.7609500
 H      -2.1107000       0.1016000       1.2846100
 I      -0.2053200      -3.3685200       1.8837700
 C       0.0692000      -5.4719300       1.8727500
 H       0.0736000      -5.8056400       0.8398300
 H       1.0180500      -5.6898600       2.3529200
 H      -0.7528700      -5.9220200       2.4204100

No violations of the orthonormality
No violations of the orthonormality
 
PNOF8/ADABelief Calculation
==================
 
  Nitext  Nit_orb  Time   Nit_occ  Time         Eelec          Etot           Ediff      maxdiff    Grad_orb  Grad_occ
     1      10    8.5e+01  165    6.6e+00 -3342.95377938 -2689.79802927 -13341.95377938   1.472637   7.7e+01   2.7e-04 0.04
     2      30    1.7e+02   23    3.5e+00 -3361.15267490 -2707.99692479   -18.19889552   0.122071   5.1e+00   3.5e-04 0.04
     3      30    2.7e+02   16    3.0e+00 -3363.64631641 -2710.49056630    -2.49364150   0.098888   2.5e+00   2.4e-04 0.04
     4      30    2.7e+02   10    2.8e+00 -3363.99587259 -2710.84012248    -0.34955618   0.049841   1.8e+00   2.3e-04 0.04
     5      30    2.8e+02    5    2.4e+00 -3364.04246955 -2710.88671944    -0.04659696   0.168278   2.4e+00   3.3e-04 0.04
     6      30    1.5e+02    4    2.0e+00 -3364.03440135 -2710.87865124     0.00806819   0.104684   2.1e+00   2.8e-04 0.04
     7      50    2.4e+02    4    2.1e+00 -3364.22640054 -2711.07065043    -0.19199919   0.010499   3.0e-01   2.9e-04 0.04
     8      50    2.4e+02    4    2.4e+00 -3364.22385154 -2711.06810143     0.00254901   0.010633   4.3e-01   2.7e-04 0.04
     9      70    4.2e+02    4    1.3e+00 -3364.23445226 -2711.07870215    -0.01060073   0.004178   8.8e-02   2.2e-04 0.04
    10      70    1.8e+02    3    1.3e+00 -3364.23468794 -2711.07893783    -0.00023567   0.003079   1.2e-01   3.4e-04 0.04
    11      70    2.0e+02    4    2.3e+00 -3364.23524926 -2711.07949915    -0.00056132   0.003575   1.1e-01   2.5e-04 0.04
    12      70    5.0e+02    4    2.4e+00 -3364.23560255 -2711.07985244    -0.00035330   0.003631   1.2e-01   2.7e-04 0.04
    13      70    6.3e+02    2    2.6e+00 -3364.23591964 -2711.08016953    -0.00031709   0.003846   1.2e-01   2.1e-04 0.04
    14      70    3.0e+02    2    1.3e+00 -3364.23608686 -2711.08033676    -0.00016722   0.020342   2.0e-01   2.2e-04 0.04
    15      70    1.8e+02    2    1.3e+00 -3364.23629799 -2711.08054788    -0.00021113   0.007108   1.5e-01   2.4e-04 0.04
    16      70    2.3e+02    2    1.9e+00 -3364.23638592 -2711.08063581    -0.00008793   0.003984   1.2e-01   2.5e-04 0.04
    17      70    4.4e+02    2    1.8e+00 -3364.23647090 -2711.08072079    -0.00008497   0.003826   1.2e-01   2.6e-04 0.04
    18      70    4.1e+02    4    1.8e+00 -3364.23655175 -2711.08080164    -0.00008086   0.003776   1.2e-01   2.5e-04 0.04
    19      70    3.2e+02    1    2.1e+00 -3364.23663763 -2711.08088752    -0.00008588   0.003980   1.2e-01   2.0e-04 0.04
    20      70    3.6e+02    0    2.7e+00 -3364.23665321 -2711.08090310    -0.00001558   0.003973   1.2e-01   2.8e-04 0.04
    21      80    5.7e+02    1    1.7e+00 -3364.23702860 -2711.08127849    -0.00037538   0.002932   9.8e-02   2.3e-04 0.04
    22      80    3.5e+02    0    1.6e+00 -3364.23691344 -2711.08116333     0.00011516   0.016330   3.4e-01   2.7e-04 0.04
    23     110    3.5e+02    2    1.2e+00 -3364.23773391 -2711.08198381    -0.00082048   0.000574   1.5e-02   2.0e-04 0.04
    24     110    2.9e+02    0    1.7e+00 -3364.23771212 -2711.08196201     0.00002179   0.000776   2.7e-02   1.8e-04 0.04
    25     140    7.5e+02    0    1.2e+00 -3364.23777186 -2711.08202175    -0.00005973   0.000149   4.8e-03   2.0e-04 0.04
    26     150    4.2e+02    0    1.5e+00 -3364.23777473 -2711.08202462    -0.00000288   0.000509   9.0e-03   2.2e-04 0.04
    27     160    7.2e+02    0    2.1e+00 -3364.23777804 -2711.08202793    -0.00000331   0.000199   5.6e-03   2.4e-04 0.04
    28     170    7.4e+02    1    2.0e+00 -3364.23778046 -2711.08203035    -0.00000243   0.000171   5.4e-03   2.0e-04 0.04
    29     170    8.8e+02    0    2.1e+00 -3364.23778303 -2711.08203292    -0.00000257   0.000204   5.3e-03   1.9e-04 0.04
    30     180    7.6e+02    0    1.2e+00 -3364.23778598 -2711.08203587    -0.00000295   0.000721   9.2e-03   2.0e-04 0.04
    31     190    6.5e+02    0    1.7e+00 -3364.23778849 -2711.08203838    -0.00000251   0.000165   4.5e-03   2.0e-04 0.04
    32     200    1.7e+03    0    2.7e+00 -3364.23779105 -2711.08204094    -0.00000256   0.000160   4.2e-03   2.1e-04 0.04
    33     210    6.2e+02    0    1.3e+00 -3364.23779353 -2711.08204342    -0.00000248   0.000159   4.0e-03   2.2e-04 0.04
    34     220    8.3e+02    0    1.3e+00 -3364.23779646 -2711.08204635    -0.00000293   0.000138   3.6e-03   2.2e-04 0.04
    35     230    7.9e+02    0    1.3e+00 -3364.23779915 -2711.08204904    -0.00000269   0.000128   3.5e-03   2.3e-04 0.04
    36     240    9.3e+02    1    2.1e+00 -3364.23780208 -2711.08205197    -0.00000294   0.000126   3.3e-03   1.9e-04 0.04
    37     240    7.1e+02    0    1.0e+00 -3364.23780542 -2711.08205531    -0.00000334   0.000125   3.2e-03   1.8e-04 0.04
    38     250    5.1e+02    0    1.0e+00 -3364.23780883 -2711.08205872    -0.00000340   0.000140   3.0e-03   1.7e-04 0.04
    39     260    5.3e+02    0    1.0e+00 -3364.23781148 -2711.08206137    -0.00000265   0.000135   2.8e-03   1.7e-04 0.04
    40     270    8.0e+02    0    1.1e+00 -3364.23781537 -2711.08206526    -0.00000389   0.000139   2.8e-03   1.8e-04 0.04
    41     280    8.4e+02    0    1.6e+00 -3364.23781841 -2711.08206830    -0.00000304   0.000130   2.5e-03   1.8e-04 0.04
    42     290    1.4e+03    0    1.0e+00 -3364.23782245 -2711.08207234    -0.00000404   0.000118   2.5e-03   1.9e-04 0.04
    43     300    6.1e+02    0    1.0e+00 -3364.23782573 -2711.08207562    -0.00000329   0.000134   2.3e-03   1.9e-04 0.04
    44     310    8.6e+02    0    1.1e+00 -3364.23782996 -2711.08207985    -0.00000423   0.000116   2.3e-03   2.0e-04 0.04
    45     320    9.9e+02    0    1.6e+00 -3364.23783392 -2711.08208381    -0.00000396   0.000117   2.2e-03   2.1e-04 0.04
    46     330    6.3e+02    1    8.9e-01 -3364.23783878 -2711.08208867    -0.00000486   0.000118   2.1e-03   1.9e-04 0.04
    47     330    5.8e+02    0    1.0e+00 -3364.23784356 -2711.08209345    -0.00000478   0.000154   2.0e-03   1.6e-04 0.04
    48     340    6.0e+02    0    9.0e-01 -3364.23784754 -2711.08209743    -0.00000398   0.000143   2.0e-03   1.6e-04 0.04
    49     350    6.2e+02    0    1.0e+00 -3364.23785207 -2711.08210196    -0.00000454   0.000119   1.8e-03   1.6e-04 0.04
    50     360    6.4e+02    0    8.9e-01 -3364.23785601 -2711.08210590    -0.00000393   0.000160   1.8e-03   1.7e-04 0.04
    51     347    6.1e+02    0    9.0e-01 -3364.23786096 -2711.08211086    -0.00000496   0.000100   1.9e-03   1.7e-04 0.04
 
RESULTS OF THE OCCUPATION OPTIMIZATION
========================================
   1    1.9999999  -149.28950546
   2    1.9999943  -64.74487862
   3    1.9999937  -64.73130725
   4    1.9999937  -64.73017746
   5    1.9999556  -26.17731286
   6    1.9995919  -11.25059471
   7    1.9995462  -11.22621866
   8    1.9995452  -11.22599817
   9    1.9995520  -11.22599208
  10    1.9995513  -11.22560524
  11    1.9995452  -11.22556406
  12    1.9995470  -11.22527389
  13    1.9998224  -11.22438023
  14    1.9998152  -11.04317699
  15    1.9998130  -11.02157121
  16    1.9998121  -10.99741076
  17    1.9998098  -10.95254184
  18    1.9996445  -9.95197767
  19    1.9997558  -9.92296169
  20    1.9997204  -9.92253078
  21    1.9987814  -5.18398833
  22    1.9982071  -4.06969631
  23    1.9981362  -4.06851108
  24    1.9979882  -4.06797348
  25    1.9980387  -4.06742900
  26    1.9981192  -4.06599170
  27    1.9980678  -4.06475405
  28    1.9979238  -4.06130092
  29    1.9725811  -0.88886673
  30    1.9723516  -0.88732731
  31    1.9783434  -0.80896237
  32    1.9783422  -0.80887635
  33    1.9783106  -0.80773998
  34    1.9868637  -0.80748680
  35    1.9783095  -0.80748411
  36    1.9783250  -0.80748337
  37    1.9782875  -0.80659091
  38    1.9864821  -0.79190374
  39    1.9778658  -0.71067001
  40    1.9775732  -0.70800063
  41    1.9775541  -0.70777032
  42    1.9774981  -0.69608931
  43    1.9774898  -0.69589528
  44    1.9774996  -0.69580559
  45    1.9774861  -0.69579904
  46    1.9774923  -0.69571258
  47    1.9774976  -0.69527258
  48    1.9611244  -0.46752997
  49    1.9638965  -0.40251889
  50    1.9639200  -0.40226941
  51    1.9639494  -0.40194534
  52    1.9617128  -0.25427583
  53    0.0382872  -0.03912000
  54    0.0360506  -0.03608122
  55    0.0360800  -0.03611130
  56    0.0361035  -0.03621513
  57    0.0388756  -0.04729579
  58    0.0225024  -0.02579084
  59    0.0225077  -0.02580078
  60    0.0225139  -0.02580863
  61    0.0225004  -0.02579620
  62    0.0225102  -0.02580450
  63    0.0225019  -0.02579762
  64    0.0224459  -0.02516226
  65    0.0224268  -0.02507733
  66    0.0221342  -0.02479515
  67    0.0135179  -0.02059159
  68    0.0217125  -0.03183257
  69    0.0216750  -0.03180604
  70    0.0216905  -0.03182118
  71    0.0131363  -0.01990584
  72    0.0216894  -0.03182386
  73    0.0216578  -0.03180605
  74    0.0216566  -0.03180282
  75    0.0276484  -0.03794422
  76    0.0274189  -0.03810719
  77    0.0020762  -0.01260677
  78    0.0019322  -0.01199363
  79    0.0018808  -0.01183452
  80    0.0019613  -0.01219550
  81    0.0020118  -0.01232333
  82    0.0018638  -0.01171353
  83    0.0017929  -0.01140117
  84    0.0012186  -0.00695640
  85    0.0002796  -0.00320518
  86    0.0002442  -0.00270874
  87    0.0003555  -0.00390435
  88    0.0001902  -0.00246228
  89    0.0001879  -0.00244743
  90    0.0001870  -0.00244431
  91    0.0001848  -0.00240170
  92    0.0001776  -0.00235913
  93    0.0004530  -0.00825548
  94    0.0004548  -0.00826792
  95    0.0004487  -0.00821604
  96    0.0004480  -0.00820764
  97    0.0004548  -0.00826823
  98    0.0004538  -0.00825967
  99    0.0004081  -0.00768342
 100    0.0000444  -0.00124827
 101    0.0000063  -0.00055074
 102    0.0000063  -0.00054986
 103    0.0000057  -0.00052750
 104    0.0000001  -0.00008739
 
----------------
 Final Energies 
----------------
Final NOF Total Energy =   -2711.0821109
 
Total Orbital Internal Iterations = 8317
Total Occupation Internal Iterations = 267
 
Elapsed time: 28869.64 Seconds

---------------------------------
   Lowdin Population Analysis    
---------------------------------
 Idx  Atom   Population   Charge 
---------------------------------
  1     H     1.063      -0.063
  2     C     5.945       0.055
  3     C     5.941       0.059
  4     C     5.938       0.062
  5     C     5.937       0.063
  6     C     5.941       0.059
  7     C     5.947       0.053
  8     H     1.062      -0.062
  9     H     1.062      -0.062
 10     H     1.062      -0.062
 11     H     1.062      -0.062
 12     H     1.063      -0.063
 13     I    52.680       0.320
 14     C     6.004      -0.004
 15     H     1.096      -0.096
 16     H     1.098      -0.098
 17     H     1.100      -0.100

---------------------------------
   M Diagnostic: 0.04
---------------------------------

