Computing Integrals
Elapsed time:    2.11 Seconds

Number of basis functions                   (NBF)    = 307
Number of auxiliary basis functions         (NBFAUX) = 313
Inactive Doubly occupied orbitals up to     (NO1)    = 0
No. considered Strongly Doubly occupied MOs (NDOC)   = 14
No. considered Strongly Singly occupied MOs (NSOC)   = 0
NO. of Weakly occ. per St. Doubly occ.  MOs (NCWO)   = 1
Dimension of the Nat. Orb. subspace         (NBF5)   = 28
No. of electrons                                     = 28
    No. of alpha electrons                           = 14
    No. of beta electrons                            = 14
Multiplicity                                         = 1

Geometry
========
 N       0.0549800      -2.1256000       0.0000000
 P       0.0549800       1.1994900       0.0000000
 H      -0.4862300      -2.9797600       0.0000000
 H      -0.3858000       2.5499000       0.0000000
 H       0.6555200      -2.1464800       0.8134300
 H      -0.8243000       0.8048300       1.0357400
 H       0.6555200      -2.1464800      -0.8134300
 H      -0.8243000       0.8048300      -1.0357400

No violations of the orthonormality
No violations of the orthonormality
 
PNOF8/ADABelief Calculation
==================
 
  Nitext  Nit_orb  Time   Nit_occ  Time         Eelec          Etot           Ediff      maxdiff    MaxGrad_orb  Grad_occ
     1      10    5.4e+00   22    1.9e-01  -454.38527219  -397.44929230 -10453.38527219   3.684585   1.5e+01   1.8e-04 0.03
     2      20    2.5e+00   10    5.3e-02  -456.03096298  -399.09498310    -1.64569079   0.090434   3.6e-01   6.7e-05 0.03
     3      20    3.9e+00    6    2.4e-02  -456.09944620  -399.16346631    -0.06848321   0.042896   1.7e-01   1.1e-04 0.03
     4      20    2.5e+00    5    1.9e-02  -456.10899216  -399.17301227    -0.00954597   0.051902   2.1e-01   2.0e-04 0.03
     5      20    2.5e+00    4    1.9e-02  -456.11196319  -399.17598330    -0.00297103   0.047114   1.9e-01   2.3e-04 0.03
     6      20    3.2e+00    4    3.3e-02  -456.11359923  -399.17761934    -0.00163604   0.051106   2.0e-01   1.4e-04 0.03
     7      20    3.3e+00    4    3.4e-02  -456.11361913  -399.17763924    -0.00001990   0.042375   1.7e-01   1.8e-04 0.03
     8      30    4.6e+00    3    1.6e-02  -456.13114304  -399.19516315    -0.01752390   0.004690   1.9e-02   2.1e-04 0.03
     9      30    5.4e+00    4    1.6e-02  -456.13102931  -399.19504942     0.00011372   0.009059   3.6e-02   8.6e-05 0.03
    10      40    5.1e+00    2    1.7e-02  -456.13206196  -399.19608208    -0.00103265   0.001817   7.3e-03   9.6e-05 0.03
    11      40    5.9e+00    2    2.7e-02  -456.13218032  -399.19620044    -0.00011836   0.001512   6.0e-03   1.2e-04 0.03
    12      40    4.9e+00    2    1.6e-02  -456.13226608  -399.19628619    -0.00008576   0.002059   8.2e-03   1.4e-04 0.03
    13      40    5.2e+00    2    1.6e-02  -456.13233603  -399.19635614    -0.00006995   0.001759   7.0e-03   1.7e-04 0.03
    14      40    5.2e+00    2    4.8e-02  -456.13239350  -399.19641362    -0.00005748   0.001609   6.4e-03   2.0e-04 0.03
    15      40    5.8e+00    2    2.5e-02  -456.13243903  -399.19645914    -0.00004552   0.001401   5.6e-03   2.2e-04 0.03
    16      40    5.2e+00    2    1.8e-02  -456.13247403  -399.19649414    -0.00003500   0.001474   5.9e-03   2.2e-04 0.03
    17      40    5.9e+00    2    3.7e-02  -456.13249826  -399.19651837    -0.00002423   0.001786   7.1e-03   2.1e-04 0.03
    18      40    5.6e+00    2    1.9e-02  -456.13251539  -399.19653550    -0.00001713   0.002168   8.7e-03   1.7e-04 0.03
    19      40    6.0e+00    1    2.2e-02  -456.13252977  -399.19654988    -0.00001438   0.001496   6.0e-03   1.7e-04 0.03
    20      40    5.4e+00    1    1.5e-02  -456.13253757  -399.19655768    -0.00000780   0.001767   7.1e-03   1.7e-04 0.03
    21      40    6.2e+00    0    1.9e-02  -456.13254465  -399.19656476    -0.00000709   0.001549   6.2e-03   1.7e-04 0.03
    22      50    7.5e+00    0    1.6e-02  -456.13256824  -399.19658835    -0.00002359   0.001258   5.0e-03   1.9e-04 0.03
    23      60    7.6e+00    1    1.6e-02  -456.13258010  -399.19660021    -0.00001186   0.001066   4.3e-03   1.8e-04 0.03
    24      60    8.0e+00    0    1.9e-02  -456.13258267  -399.19660278    -0.00000257   0.001168   4.7e-03   1.7e-04 0.03
    25      70    9.4e+00    0    1.8e-02  -456.13259304  -399.19661315    -0.00001037   0.000873   3.5e-03   1.6e-04 0.03
    26      80    1.0e+01    0    4.1e-02  -456.13259795  -399.19661806    -0.00000491   0.000790   3.2e-03   1.9e-04 0.03
    27      90    1.2e+01    0    2.1e-02  -456.13260200  -399.19662211    -0.00000405   0.000668   2.7e-03   1.8e-04 0.03
    28     100    1.4e+01    0    1.9e-02  -456.13260431  -399.19662443    -0.00000231   0.000781   3.1e-03   2.0e-04 0.03
    29     110    1.6e+01    0    2.3e-02  -456.13260646  -399.19662657    -0.00000215   0.000565   2.3e-03   2.0e-04 0.03
    30     120    1.6e+01    0    1.5e-02  -456.13260880  -399.19662892    -0.00000234   0.000497   2.0e-03   2.3e-04 0.03
    31     130    1.8e+01    0    1.9e-02  -456.13261033  -399.19663044    -0.00000152   0.000446   1.8e-03   2.5e-04 0.03
    32     140    2.1e+01    1    1.6e-02  -456.13261284  -399.19663295    -0.00000251   0.000530   2.1e-03   1.8e-04 0.03
    33     140    2.1e+01    0    4.2e-02  -456.13261538  -399.19663549    -0.00000254   0.000532   2.1e-03   1.8e-04 0.03
    34     150    2.1e+01    0    3.2e-02  -456.13261843  -399.19663854    -0.00000305   0.000406   1.6e-03   1.9e-04 0.03
    35     160    2.3e+01    1    1.6e-02  -456.13262042  -399.19664053    -0.00000199   0.000452   1.8e-03   1.1e-04 0.03
    36     160    2.1e+01    0    1.8e-02  -456.13262179  -399.19664190    -0.00000137   0.000502   2.0e-03   1.4e-04 0.03
    37     170    2.4e+01    0    2.4e-02  -456.13262373  -399.19664384    -0.00000194   0.000586   2.3e-03   1.3e-04 0.03
    38     180    2.5e+01    0    1.8e-02  -456.13262402  -399.19664413    -0.00000029   0.000426   1.7e-03   1.5e-04 0.03
    39     190    2.6e+01    0    1.6e-02  -456.13262523  -399.19664535    -0.00000121   0.000355   1.4e-03   1.4e-04 0.03
    40     200    3.0e+01    0    2.2e-02  -456.13262594  -399.19664606    -0.00000071   0.000359   1.4e-03   1.5e-04 0.03
    41     210    3.1e+01    0    1.7e-02  -456.13262650  -399.19664661    -0.00000056   0.000327   1.3e-03   1.5e-04 0.03
    42     220    3.0e+01    0    1.9e-02  -456.13262677  -399.19664688    -0.00000027   0.000320   1.3e-03   1.6e-04 0.03
    43     230    3.4e+01    0    1.8e-02  -456.13262722  -399.19664733    -0.00000045   0.000295   1.2e-03   1.6e-04 0.03
    44     240    3.3e+01    0    3.3e-02  -456.13262763  -399.19664774    -0.00000041   0.000281   1.1e-03   1.7e-04 0.03
    45     250    3.3e+01    0    1.6e-02  -456.13262816  -399.19664827    -0.00000053   0.000260   1.0e-03   1.7e-04 0.03
    46     260    3.7e+01    0    1.8e-02  -456.13262839  -399.19664850    -0.00000023   0.000253   1.0e-03   1.8e-04 0.03
    47     270    3.8e+01    0    2.4e-02  -456.13262863  -399.19664875    -0.00000024   0.000237   9.5e-04   1.9e-04 0.03
    48     280    4.0e+01    0    5.4e-02  -456.13262874  -399.19664886    -0.00000011   0.000233   9.3e-04   1.9e-04 0.03
    49     290    4.0e+01    0    4.8e-02  -456.13262852  -399.19664863     0.00000022   0.000258   1.0e-03   2.0e-04 0.03
    50     310    4.5e+01    0    1.9e-02  -456.13262993  -399.19665004    -0.00000141   0.000034   1.3e-04   2.0e-04 0.03
    51     320    4.6e+01    0    1.5e-02  -456.13262989  -399.19665000     0.00000004   0.000064   2.6e-04   2.0e-04 0.03
    52     292    3.8e+01    0    1.6e-02  -456.13262997  -399.19665008    -0.00000009   0.000012   5.0e-05   2.0e-04 0.03
 
RESULTS OF THE OCCUPATION OPTIMIZATION
========================================
   1    1.9999679  -79.97420721
   2    1.9997157  -15.55297456
   3    1.9989541  -7.37403250
   4    1.9984831  -5.42551342
   5    1.9984085  -5.40125894
   6    1.9983482  -5.39486771
   7    1.9895756  -0.97529946
   8    1.9931494  -0.81331577
   9    1.9738433  -0.64832022
  10    1.9737761  -0.64445664
  11    1.9737731  -0.64444373
  12    1.9726851  -0.48575436
  13    1.9725352  -0.48562367
  14    1.9718867  -0.48153055
  15    0.0281133  -0.03273595
  16    0.0274648  -0.03246579
  17    0.0273149  -0.03245118
  18    0.0262269  -0.02974673
  19    0.0262239  -0.02974596
  20    0.0261567  -0.02979685
  21    0.0068506  -0.02552992
  22    0.0104244  -0.01903226
  23    0.0016518  -0.01569304
  24    0.0015915  -0.01626041
  25    0.0015169  -0.01603153
  26    0.0010459  -0.01658467
  27    0.0002843  -0.00734789
  28    0.0000321  -0.00496455
 
----------------
 Final Energies 
----------------
Final NOF Total Energy =    -399.1966501
 
Total Orbital Internal Iterations = 6202
Total Occupation Internal Iterations = 85
 
Elapsed time:  913.60 Seconds

---------------------------------
   Lowdin Population Analysis    
---------------------------------
 Idx  Atom   Population   Charge 
---------------------------------
  1     N     6.403       0.597
  2     P    14.522       0.478
  3     H     1.194      -0.194
  4     H     1.171      -0.171
  5     H     1.192      -0.192
  6     H     1.163      -0.163
  7     H     1.192      -0.192
  8     H     1.163      -0.163

---------------------------------
   M Diagnostic: 0.03
---------------------------------

