Computing Integrals
Elapsed time:    1.60 Seconds

Number of basis functions                   (NBF)    = 174
Number of auxiliary basis functions         (NBFAUX) = 186
Inactive Doubly occupied orbitals up to     (NO1)    = 0
No. considered Strongly Doubly occupied MOs (NDOC)   = 7
No. considered Strongly Singly occupied MOs (NSOC)   = 0
NO. of Weakly occ. per St. Doubly occ.  MOs (NCWO)   = 1
Dimension of the Nat. Orb. subspace         (NBF5)   = 14
No. of electrons                                     = 14
    No. of alpha electrons                           = 7
    No. of beta electrons                            = 7
Multiplicity                                         = 1

Geometry
========
 C       0.0000000       0.0000000      -0.6055500
 H       0.0000000       0.0000000      -1.6697700
 C       0.0000000       0.0000000       0.6069900
 H       0.0000000       0.0000000       1.6683300

No violations of the orthonormality
No violations of the orthonormality
 
PNOF8/ADABelief Calculation
==================
 
  Nitext  Nit_orb  Time   Nit_occ  Time         Eelec          Etot           Ediff      maxdiff    MaxGrad_orb  Grad_occ
     1      10    4.6e+00    7    1.9e-01  -101.65582586   -77.02031593 -10100.65582586   0.137359   5.5e-01   5.9e-05 0.04
     2      20    6.4e-01    5    1.3e-02  -101.71521660   -77.07970667    -0.05939074   0.033341   1.3e-01   1.5e-04 0.04
     3      20    1.0e+00    5    1.7e-02  -101.72418045   -77.08867052    -0.00896385   0.015493   6.2e-02   1.4e-04 0.04
     4      20    1.2e+00    4    8.3e-03  -101.72612072   -77.09061079    -0.00194027   0.014297   5.7e-02   1.2e-04 0.04
     5      20    1.0e+00    3    3.1e-02  -101.72704451   -77.09153458    -0.00092379   0.016087   6.4e-02   5.1e-05 0.04
     6      20    9.6e-01    3    4.1e-02  -101.72739599   -77.09188606    -0.00035148   0.016176   6.5e-02   3.3e-05 0.04
     7      20    8.3e-01    1    7.5e-03  -101.72714139   -77.09163145     0.00025461   0.016534   6.6e-02   1.9e-04 0.04
     8      30    1.5e+00    1    1.6e-02  -101.72886472   -77.09335479    -0.00172334   0.001543   6.2e-03   1.5e-04 0.04
     9      30    1.4e+00    0    2.0e-02  -101.72881121   -77.09330128     0.00005351   0.002944   1.2e-02   1.6e-04 0.04
    10      50    3.0e+00    0    2.2e-02  -101.72889832   -77.09338838    -0.00008710   0.000363   1.5e-03   1.6e-04 0.04
    11      60    3.0e+00    0    5.3e-02  -101.72889750   -77.09338757     0.00000082   0.000380   1.5e-03   1.6e-04 0.04
    12      80    4.6e+00    0    1.3e-02  -101.72889960   -77.09338966    -0.00000209   0.000049   2.0e-04   1.6e-04 0.04
    13      90    4.3e+00    0    2.8e-02  -101.72889952   -77.09338959     0.00000008   0.000077   3.1e-04   1.6e-04 0.04
    14      99    5.9e+00    0    2.6e-02  -101.72889961   -77.09338968    -0.00000010   0.000012   4.9e-05   1.6e-04 0.04
 
RESULTS OF THE OCCUPATION OPTIMIZATION
========================================
   1    1.9995254  -11.23142069
   2    1.9995372  -11.23113955
   3    1.9889706  -1.00662816
   4    1.9772514  -0.74082698
   5    1.9772034  -0.73965694
   6    1.9585831  -0.41811354
   7    1.9585052  -0.41811338
   8    0.0414948  -0.03572809
   9    0.0414169  -0.03570875
  10    0.0227966  -0.02784893
  11    0.0227486  -0.02780635
  12    0.0110294  -0.01925869
  13    0.0004628  -0.00857034
  14    0.0004746  -0.00870168
 
----------------
 Final Energies 
----------------
Final NOF Total Energy =     -77.0933897
 
Total Orbital Internal Iterations = 569
Total Occupation Internal Iterations = 29
 
Elapsed time:   60.19 Seconds

---------------------------------
   Lowdin Population Analysis    
---------------------------------
 Idx  Atom   Population   Charge 
---------------------------------
  1     C     5.862       0.138
  2     H     1.137      -0.137
  3     C     5.861       0.139
  4     H     1.140      -0.140

---------------------------------
   M Diagnostic: 0.04
---------------------------------

