Computing Integrals
Elapsed time:    3.90 Seconds

Number of basis functions                   (NBF)    = 522
Number of auxiliary basis functions         (NBFAUX) = 558
Inactive Doubly occupied orbitals up to     (NO1)    = 0
No. considered Strongly Doubly occupied MOs (NDOC)   = 21
No. considered Strongly Singly occupied MOs (NSOC)   = 0
NO. of Weakly occ. per St. Doubly occ.  MOs (NCWO)   = 1
Dimension of the Nat. Orb. subspace         (NBF5)   = 42
No. of electrons                                     = 42
    No. of alpha electrons                           = 21
    No. of beta electrons                            = 21
Multiplicity                                         = 1

Geometry
========
 C       0.8366400       1.1148600      -0.0290900
 H       1.4854800       1.9796900      -0.0453900
 C       1.3842200      -0.1669600      -0.0000400
 H       2.4577100      -0.2962800       0.0059600
 C       0.5475100      -1.2818400       0.0268300
 H       0.9719500      -2.2759700       0.0537800
 C      -0.8366400      -1.1150000       0.0244600
 H      -1.4855300      -1.9795600       0.0496000
 C      -1.3841300       0.1668500      -0.0044900
 H      -2.4576200       0.2964600      -0.0015600
 C      -0.5474700       1.2817500      -0.0311200
 H      -0.9721100       2.2760100      -0.0489400

No violations of the orthonormality
No violations of the orthonormality
 
PNOF8/ADABelief Calculation
==================
 
  Nitext  Nit_orb  Time   Nit_occ  Time         Eelec          Etot           Ediff      maxdiff    MaxGrad_orb  Grad_occ
     1      10    7.9e+00    9    2.7e-01  -433.58177165  -229.93057912 -10432.58177165   1.973184   7.9e+00   9.8e-05 0.04
     2      20    5.5e+00    7    1.1e-01  -435.08944204  -231.43824952    -1.50767039   0.057007   2.3e-01   2.0e-04 0.04
     3      20    5.3e+00    4    1.1e-01  -435.16168453  -231.51049201    -0.07224250   0.026163   1.0e-01   2.6e-04 0.04
     4      20    5.5e+00    3    1.1e-01  -435.15968993  -231.50849741     0.00199460   0.020757   8.3e-02   1.1e-04 0.04
     5      30    8.1e+00    3    1.1e-01  -435.17712041  -231.52592788    -0.01743047   0.013857   5.5e-02   7.0e-05 0.04
     6      30    8.1e+00    1    1.0e-01  -435.17659156  -231.52539904     0.00052884   0.017340   6.9e-02   2.2e-04 0.04
     7      40    1.2e+01    1    1.0e-01  -435.17751572  -231.52632319    -0.00092415   0.000750   3.0e-03   2.2e-04 0.04
     8      40    1.3e+01    1    1.1e-01  -435.17748476  -231.52629224     0.00003095   0.001286   5.1e-03   1.8e-04 0.04
     9      50    1.4e+01    0    1.0e-01  -435.17753368  -231.52634116    -0.00004891   0.000158   6.3e-04   1.7e-04 0.04
    10      60    1.8e+01    0    1.0e-01  -435.17753301  -231.52634049     0.00000067   0.000196   7.8e-04   1.7e-04 0.04
    11      80    2.3e+01    0    1.3e-01  -435.17753433  -231.52634181    -0.00000133   0.000347   1.4e-03   1.7e-04 0.04
    12      90    2.4e+01    0    1.1e-01  -435.17753433  -231.52634181     0.00000000   0.000031   1.3e-04   1.7e-04 0.04
    13      76    2.1e+01    0    1.0e-01  -435.17753436  -231.52634184    -0.00000003   0.000012   4.9e-05   1.7e-04 0.04
 
RESULTS OF THE OCCUPATION OPTIMIZATION
========================================
   1    1.9995553  -11.22528559
   2    1.9995588  -11.22528071
   3    1.9995603  -11.22527212
   4    1.9995628  -11.22526896
   5    1.9995613  -11.22526659
   6    1.9995708  -11.22525515
   7    1.9782063  -0.80709104
   8    1.9781998  -0.80697583
   9    1.9781972  -0.80692326
  10    1.9781703  -0.80553281
  11    1.9781749  -0.80549214
  12    1.9781672  -0.80546715
  13    1.9775369  -0.69847768
  14    1.9775233  -0.69839831
  15    1.9775171  -0.69836526
  16    1.9775202  -0.69836407
  17    1.9775183  -0.69834859
  18    1.9775073  -0.69831898
  19    1.9637691  -0.40234679
  20    1.9637351  -0.40230456
  21    1.9637372  -0.40230037
  22    0.0362628  -0.03620123
  23    0.0362649  -0.03620321
  24    0.0362309  -0.03618739
  25    0.0224927  -0.02576548
  26    0.0224817  -0.02576034
  27    0.0224798  -0.02575987
  28    0.0224829  -0.02576156
  29    0.0224767  -0.02575832
  30    0.0224631  -0.02575182
  31    0.0218328  -0.03185140
  32    0.0218251  -0.03184628
  33    0.0218297  -0.03184977
  34    0.0218028  -0.03183871
  35    0.0218002  -0.03183774
  36    0.0217937  -0.03183322
  37    0.0004292  -0.00810051
  38    0.0004387  -0.00818664
  39    0.0004372  -0.00816302
  40    0.0004397  -0.00818742
  41    0.0004412  -0.00819901
  42    0.0004447  -0.00823666
 
----------------
 Final Energies 
----------------
Final NOF Total Energy =    -231.5263418
 
Total Orbital Internal Iterations = 566
Total Occupation Internal Iterations = 29
 
Elapsed time:  199.55 Seconds

---------------------------------
   Lowdin Population Analysis    
---------------------------------
 Idx  Atom   Population   Charge 
---------------------------------
  1     C     5.935       0.065
  2     H     1.065      -0.065
  3     C     5.935       0.065
  4     H     1.065      -0.065
  5     C     5.935       0.065
  6     H     1.065      -0.065
  7     C     5.935       0.065
  8     H     1.065      -0.065
  9     C     5.935       0.065
 10     H     1.065      -0.065
 11     C     5.935       0.065
 12     H     1.065      -0.065

---------------------------------
   M Diagnostic: 0.04
---------------------------------

