W4-11-h_C.jld not found
W4-11-h_n.jld not found
Computing Integrals
Elapsed time:    1.33 Seconds

Number of basis functions                   (NBF)    = 30
Number of auxiliary basis functions         (NBFAUX) = 18
Inactive Doubly occupied orbitals up to     (NO1)    = 0
No. considered Strongly Doubly occupied MOs (NDOC)   = 0
No. considered Strongly Singly occupied MOs (NSOC)   = 1
NO. of Weakly occ. per St. Doubly occ.  MOs (NCWO)   = 0
Dimension of the Nat. Orb. subspace         (NBF5)   = 1
No. of electrons                                     = 1
    No. of alpha electrons                           = 1
    No. of beta electrons                            = 0
Multiplicity                                         = 2

Geometry
========
 H       0.0000000       0.0000000       0.0000000

No violations of the orthonormality
No violations of the orthonormality
 
PNOF8/ADABelief Calculation
==================
 
  Nitext  Nit_orb  Time   Nit_occ  Time         Eelec          Etot           Ediff      maxdiff    MaxGrad_orb  Grad_occ
     1      10    4.4e+00    0    1.7e-01    -0.49929057    -0.49929057 -9999.49929057   0.014526   5.8e-02   0.0e+00 0.00
     2      20    8.6e-04    0    1.3e-05    -0.49998330    -0.49998330    -0.00069273   0.000025   1.0e-04   0.0e+00 0.00
     3      16    6.4e-04    0    1.1e-05    -0.49998330    -0.49998330    -0.00000000   0.000010   4.1e-05   0.0e+00 0.00
 
RESULTS OF THE OCCUPATION OPTIMIZATION
========================================
   1    1.0000000  -0.24999165
 
----------------
 Final Energies 
----------------
Final NOF Total Energy =      -0.4999833
 
Total Orbital Internal Iterations = 46
Total Occupation Internal Iterations = 0
 
Elapsed time:   29.11 Seconds

---------------------------------
   Lowdin Population Analysis    
---------------------------------
 Idx  Atom   Population   Charge 
---------------------------------
  1     H     1.000      -0.000

---------------------------------
   M Diagnostic: 0.00
---------------------------------

