Computing Integrals
Elapsed time:    1.73 Seconds

Number of basis functions                   (NBF)    = 184
Number of auxiliary basis functions         (NBFAUX) = 282
Inactive Doubly occupied orbitals up to     (NO1)    = 0
No. considered Strongly Doubly occupied MOs (NDOC)   = 16
No. considered Strongly Singly occupied MOs (NSOC)   = 1
NO. of Weakly occ. per St. Doubly occ.  MOs (NCWO)   = 1
Dimension of the Nat. Orb. subspace         (NBF5)   = 33
No. of electrons                                     = 33
    No. of alpha electrons                           = 17
    No. of beta electrons                            = 16
Multiplicity                                         = 2

Geometry
========
Cl       0.0000000       0.0000000       0.3705400
 O       0.0000000       1.2590800      -0.3937000
 O       0.0000000      -1.2590800      -0.3937000

No violations of the orthonormality
No violations of the orthonormality
 
PNOF8/ADABelief Calculation
==================
 
  Nitext  Nit_orb  Time   Nit_occ  Time         Eelec          Etot           Ediff      maxdiff    MaxGrad_orb  Grad_occ
     1      10    5.0e+00   33    2.2e-01  -715.12384061  -603.94982214 -10714.12384061   8.743519   3.5e+01   2.4e-04 0.03
     2      20    1.8e+00   16    4.6e-02  -720.53161014  -609.35759167    -5.40776953   0.212780   8.5e-01   1.3e-04 0.03
     3      20    1.8e+00    8    2.4e-02  -720.82892395  -609.65490548    -0.29731381   0.085306   3.4e-01   1.6e-04 0.03
     4      20    1.4e+00    6    5.7e-03  -720.86523370  -609.69121523    -0.03630975   0.070295   2.8e-01   2.6e-04 0.03
     5      20    1.7e+00    6    7.9e-02  -720.87331911  -609.69930065    -0.00808542   0.064041   2.6e-01   1.2e-04 0.03
     6      20    2.0e+00    6    5.6e-02  -720.87023728  -609.69621881     0.00308183   0.076444   3.1e-01   1.1e-04 0.03
     7      30    2.6e+00    4    3.2e-02  -720.91271038  -609.73869191    -0.04247309   0.011958   4.8e-02   1.9e-04 0.03
     8      30    2.6e+00    2    3.7e-02  -720.91387549  -609.73985702    -0.00116511   0.015708   6.3e-02   2.8e-04 0.03
     9      30    3.1e+00    3    2.0e-02  -720.91427650  -609.74025804    -0.00040101   0.013609   5.4e-02   1.8e-04 0.03
    10      30    3.1e+00    2    2.5e-02  -720.91460612  -609.74058765    -0.00032961   0.014530   5.8e-02   2.3e-04 0.03
    11      30    2.9e+00    2    3.3e-02  -720.91491720  -609.74089873    -0.00031108   0.014022   5.6e-02   1.8e-04 0.03
    12      30    3.0e+00    2    5.9e-02  -720.91506937  -609.74105091    -0.00015218   0.014366   5.7e-02   1.6e-04 0.03
    13      30    3.5e+00    2    2.1e-02  -720.91512724  -609.74110877    -0.00005787   0.014491   5.8e-02   1.2e-04 0.03
    14      30    2.8e+00    2    3.6e-02  -720.91517922  -609.74116075    -0.00005198   0.013960   5.6e-02   1.2e-04 0.03
    15      30    3.0e+00    2    5.2e-02  -720.91523724  -609.74121877    -0.00005802   0.014334   5.7e-02   7.5e-05 0.03
    16      30    3.2e+00    2    1.0e-01  -720.91528475  -609.74126629    -0.00004751   0.013684   5.5e-02   8.9e-05 0.03
    17      30    2.8e+00    0    3.5e-02  -720.91536728  -609.74134882    -0.00008253   0.014023   5.6e-02   2.7e-04 0.03
    18      40    3.6e+00    2    5.5e-03  -720.91603161  -609.74201314    -0.00066432   0.009832   3.9e-02   1.0e-04 0.03
    19      40    4.9e+00    2    3.8e-02  -720.91594770  -609.74192923     0.00008391   0.011701   4.7e-02   6.0e-05 0.03
    20      50    5.1e+00    1    3.8e-02  -720.91707786  -609.74305939    -0.00113016   0.000916   3.7e-03   2.1e-04 0.03
    21      50    5.1e+00    1    2.8e-02  -720.91702430  -609.74300584     0.00005356   0.002860   1.1e-02   1.8e-04 0.03
    22      60    5.7e+00    1    3.2e-02  -720.91711981  -609.74310134    -0.00009551   0.000404   1.6e-03   1.2e-04 0.03
    23      60    6.0e+00    1    1.1e-02  -720.91712291  -609.74310444    -0.00000310   0.000638   2.6e-03   1.3e-04 0.04
    24      60    6.2e+00    1    2.2e-02  -720.91712739  -609.74310892    -0.00000448   0.000665   2.7e-03   1.0e-04 0.04
    25      60    6.4e+00    1    5.6e-03  -720.91713078  -609.74311232    -0.00000340   0.000625   2.5e-03   9.5e-05 0.04
    26      60    5.7e+00    1    4.2e-02  -720.91713311  -609.74311464    -0.00000233   0.000712   2.8e-03   8.6e-05 0.04
    27      60    5.5e+00    1    3.1e-02  -720.91713536  -609.74311690    -0.00000225   0.000612   2.4e-03   8.1e-05 0.04
    28      60    6.3e+00    0    3.1e-02  -720.91713690  -609.74311844    -0.00000154   0.000709   2.8e-03   1.7e-04 0.04
    29      70    7.0e+00    1    4.9e-02  -720.91713928  -609.74312081    -0.00000238   0.000504   2.0e-03   8.6e-05 0.04
    30      70    6.5e+00    0    3.1e-02  -720.91714018  -609.74312171    -0.00000090   0.000550   2.2e-03   1.7e-04 0.04
    31      80    8.2e+00    1    2.5e-02  -720.91714199  -609.74312352    -0.00000180   0.000400   1.6e-03   7.8e-05 0.04
    32      80    8.2e+00    0    1.2e-02  -720.91714263  -609.74312416    -0.00000064   0.000434   1.7e-03   1.3e-04 0.04
    33      90    8.8e+00    0    5.1e-02  -720.91714419  -609.74312572    -0.00000156   0.000357   1.4e-03   1.6e-04 0.04
    34     100    9.6e+00    0    4.1e-02  -720.91714501  -609.74312654    -0.00000082   0.000333   1.3e-03   1.5e-04 0.04
    35     110    1.1e+01    0    3.1e-02  -720.91714600  -609.74312753    -0.00000099   0.000301   1.2e-03   1.6e-04 0.04
    36     120    1.2e+01    0    8.5e-03  -720.91714669  -609.74312822    -0.00000069   0.000283   1.1e-03   1.5e-04 0.04
    37     130    1.3e+01    0    1.3e-02  -720.91714739  -609.74312893    -0.00000070   0.000256   1.0e-03   1.6e-04 0.04
    38     140    1.4e+01    0    5.4e-03  -720.91714791  -609.74312944    -0.00000051   0.000244   9.7e-04   1.5e-04 0.04
    39     150    1.5e+01    0    5.4e-03  -720.91714845  -609.74312998    -0.00000054   0.000219   8.8e-04   1.7e-04 0.04
    40     160    1.7e+01    0    4.9e-02  -720.91714887  -609.74313041    -0.00000043   0.000189   7.6e-04   1.6e-04 0.04
    41     170    1.7e+01    0    5.6e-02  -720.91714930  -609.74313083    -0.00000042   0.000183   7.3e-04   1.7e-04 0.04
    42     180    1.7e+01    0    1.9e-02  -720.91714970  -609.74313123    -0.00000040   0.000163   6.5e-04   1.6e-04 0.04
    43     190    1.9e+01    0    6.2e-02  -720.91715003  -609.74313157    -0.00000034   0.000188   7.5e-04   1.7e-04 0.04
    44     200    2.0e+01    0    2.2e-02  -720.91715036  -609.74313189    -0.00000033   0.000177   7.1e-04   1.6e-04 0.04
    45     210    2.2e+01    0    3.0e-02  -720.91715072  -609.74313226    -0.00000036   0.000172   6.9e-04   1.7e-04 0.04
    46     220    2.1e+01    0    6.5e-02  -720.91715107  -609.74313260    -0.00000034   0.000170   6.8e-04   1.6e-04 0.04
    47     230    2.3e+01    0    8.4e-03  -720.91715144  -609.74313297    -0.00000037   0.000148   5.9e-04   1.8e-04 0.04
    48     240    2.3e+01    0    2.2e-02  -720.91715183  -609.74313336    -0.00000039   0.000151   6.0e-04   1.6e-04 0.04
    49     250    2.6e+01    0    3.3e-02  -720.91715221  -609.74313374    -0.00000038   0.000129   5.2e-04   1.8e-04 0.04
    50     260    2.6e+01    0    2.9e-02  -720.91715257  -609.74313411    -0.00000037   0.000149   6.0e-04   1.6e-04 0.04
    51     270    2.8e+01    0    7.4e-02  -720.91715300  -609.74313453    -0.00000043   0.000138   5.5e-04   1.8e-04 0.04
    52     280    2.7e+01    0    3.5e-02  -720.91715347  -609.74313500    -0.00000047   0.000135   5.4e-04   1.7e-04 0.04
    53     290    2.8e+01    0    1.3e-02  -720.91715396  -609.74313549    -0.00000049   0.000134   5.4e-04   1.8e-04 0.04
    54     300    2.9e+01    0    5.2e-02  -720.91715450  -609.74313603    -0.00000054   0.000113   4.5e-04   1.7e-04 0.04
    55     310    3.1e+01    0    2.2e-02  -720.91715509  -609.74313662    -0.00000060   0.000108   4.3e-04   1.9e-04 0.04
    56     320    3.3e+01    0    1.2e-02  -720.91715570  -609.74313724    -0.00000061   0.000107   4.3e-04   1.8e-04 0.04
    57     330    3.3e+01    0    3.9e-02  -720.91715637  -609.74313790    -0.00000067   0.000101   4.0e-04   1.9e-04 0.04
    58     340    3.4e+01    0    3.6e-02  -720.91715708  -609.74313861    -0.00000070   0.000099   3.9e-04   1.8e-04 0.04
    59     350    3.5e+01    0    4.7e-02  -720.91715784  -609.74313937    -0.00000076   0.000102   4.1e-04   2.0e-04 0.04
    60     360    3.4e+01    0    6.7e-02  -720.91715857  -609.74314010    -0.00000073   0.000094   3.8e-04   1.9e-04 0.04
    61     370    3.7e+01    0    4.2e-02  -720.91715930  -609.74314084    -0.00000074   0.000087   3.5e-04   2.0e-04 0.04
    62     380    3.6e+01    0    6.5e-02  -720.91715995  -609.74314149    -0.00000065   0.000087   3.5e-04   1.9e-04 0.04
    63     390    3.7e+01    0    4.3e-02  -720.91716055  -609.74314208    -0.00000060   0.000077   3.1e-04   2.0e-04 0.04
    64     400    4.1e+01    0    5.4e-03  -720.91716104  -609.74314258    -0.00000049   0.000074   3.0e-04   2.0e-04 0.04
    65     410    4.0e+01    0    5.9e-02  -720.91716144  -609.74314297    -0.00000040   0.000072   2.9e-04   2.0e-04 0.04
    66     420    4.2e+01    0    3.6e-02  -720.91716174  -609.74314327    -0.00000030   0.000071   2.8e-04   2.0e-04 0.04
    67     430    4.5e+01    0    3.0e-02  -720.91716194  -609.74314347    -0.00000020   0.000070   2.8e-04   2.1e-04 0.04
    68     440    4.4e+01    0    7.4e-03  -720.91716204  -609.74314357    -0.00000010   0.000070   2.8e-04   2.0e-04 0.04
    69     450    4.3e+01    0    1.7e-02  -720.91716208  -609.74314361    -0.00000004   0.000064   2.6e-04   2.1e-04 0.04
    70     460    4.7e+01    0    6.2e-02  -720.91716208  -609.74314361    -0.00000000   0.000063   2.5e-04   2.0e-04 0.04
    71     470    4.6e+01    0    2.5e-02  -720.91716209  -609.74314362    -0.00000001   0.000059   2.4e-04   2.1e-04 0.04
    72     480    4.6e+01    0    2.8e-02  -720.91716208  -609.74314361     0.00000001   0.000056   2.3e-04   2.1e-04 0.04
    73     495    5.0e+01    0    5.9e-03  -720.91716214  -609.74314367    -0.00000006   0.000012   5.0e-05   2.1e-04 0.04
 
RESULTS OF THE OCCUPATION OPTIMIZATION
========================================
   1    1.9999735  -105.11499359
   2    1.9997364  -20.65498801
   3    1.9997246  -20.65226582
   4    1.9993825  -10.74004086
   5    1.9991784  -8.29616440
   6    1.9990533  -8.25189114
   7    1.9986820  -8.24563841
   8    1.9933710  -1.38585209
   9    1.9930705  -1.37504884
  10    1.9893811  -1.11816100
  11    1.9820856  -0.71527970
  12    1.9648875  -0.67965834
  13    1.9675107  -0.66444182
  14    1.9766332  -0.63987025
  15    1.9766125  -0.63545133
  16    1.9729495  -0.62963071
  17    1.0000000  -0.23681725
  18    0.0270505  -0.03939335
  19    0.0233875  -0.02963952
  20    0.0233668  -0.02941068
  21    0.0324893  -0.05407678
  22    0.0351125  -0.06081190
  23    0.0179144  -0.02844545
  24    0.0106189  -0.02402857
  25    0.0069295  -0.02388318
  26    0.0066290  -0.02387466
  27    0.0013180  -0.02307154
  28    0.0009467  -0.01833630
  29    0.0008216  -0.01694962
  30    0.0006175  -0.01483653
  31    0.0002754  -0.00797114
  32    0.0002636  -0.00783881
  33    0.0000265  -0.00520599
 
----------------
 Final Energies 
----------------
Final NOF Total Energy =    -609.7431437
 
Total Orbital Internal Iterations = 13235
Total Occupation Internal Iterations = 112
 
Elapsed time: 1354.23 Seconds

---------------------------------
   Lowdin Population Analysis    
---------------------------------
 Idx  Atom   Population   Charge 
---------------------------------
  1    Cl    16.582       0.418
  2     O     8.212      -0.212
  3     O     8.206      -0.206

---------------------------------
   M Diagnostic: 0.04
---------------------------------

