Computing Integrals
Elapsed time:    2.51 Seconds

Number of basis functions                   (NBF)    = 468
Number of auxiliary basis functions         (NBFAUX) = 446
Inactive Doubly occupied orbitals up to     (NO1)    = 0
No. considered Strongly Doubly occupied MOs (NDOC)   = 17
No. considered Strongly Singly occupied MOs (NSOC)   = 0
NO. of Weakly occ. per St. Doubly occ.  MOs (NCWO)   = 1
Dimension of the Nat. Orb. subspace         (NBF5)   = 34
No. of electrons                                     = 34
    No. of alpha electrons                           = 17
    No. of beta electrons                            = 17
Multiplicity                                         = 1

Geometry
========
 C       0.4005400       0.9817400       0.0000000
 H       1.4395600       1.3056700       0.0000000
 C      -0.1409200       0.6105100       1.2363300
 H      -1.2227700       0.5681900       1.3379300
 H      -0.0243300      -0.7740200       0.8083000
 H       0.3904200       0.8804800       2.1392900
 H      -0.0243300      -0.7740200      -0.8083000
 O      -0.1409200      -1.7092100       0.0000000
 H       0.6889400      -2.1979200       0.0000000
 C      -0.1409200       0.6105100      -1.2363300
 H       0.3904200       0.8804800      -2.1392900
 H      -1.2227700       0.5681900      -1.3379300

No violations of the orthonormality
No violations of the orthonormality
 
PNOF8/ADABelief Calculation
==================
 
  Nitext  Nit_orb  Time   Nit_occ  Time         Eelec          Etot           Ediff      maxdiff    MaxGrad_orb  Grad_occ
     1      10    5.9e+00   10    2.3e-01  -320.39639646  -192.43421989 -10319.39639646   0.909107   3.6e+00   1.5e-04 0.04
     2      20    5.5e+00    7    6.0e-02  -321.46726371  -193.50508714    -1.07086725   0.125792   5.0e-01   1.8e-04 0.04
     3      20    4.3e+00    6    6.6e-02  -321.59052034  -193.62834377    -0.12325663   0.037652   1.5e-01   1.2e-04 0.03
     4      20    5.3e+00    4    6.0e-02  -321.58711728  -193.62494071     0.00340306   0.045146   1.8e-01   1.3e-04 0.03
     5      30    7.7e+00    3    6.1e-02  -321.61188250  -193.64970593    -0.02476523   0.005906   2.4e-02   1.3e-04 0.03
     6      30    6.5e+00    2    6.4e-02  -321.61165743  -193.64948087     0.00022507   0.007739   3.1e-02   2.2e-04 0.03
     7      40    7.4e+00    0    6.8e-02  -321.61269996  -193.65052339    -0.00104252   0.002023   8.1e-03   2.2e-04 0.03
     8      50    8.5e+00    0    6.2e-02  -321.61270231  -193.65052574    -0.00000236   0.001564   6.3e-03   2.6e-04 0.03
     9      60    1.2e+01    2    6.9e-02  -321.61271892  -193.65054235    -0.00001661   0.001516   6.1e-03   1.1e-04 0.03
    10      60    1.1e+01    0    6.1e-02  -321.61271972  -193.65054315    -0.00000080   0.001462   5.8e-03   1.6e-04 0.03
    11      80    1.6e+01    0    6.2e-02  -321.61274887  -193.65057230    -0.00002915   0.000142   5.7e-04   1.3e-04 0.03
    12      90    1.8e+01    0    5.7e-02  -321.61274903  -193.65057246    -0.00000016   0.000250   1.0e-03   1.4e-04 0.03
    13     100    2.0e+01    0    6.0e-02  -321.61274963  -193.65057306    -0.00000060   0.000198   7.9e-04   1.4e-04 0.03
    14     110    2.1e+01    0    5.5e-02  -321.61274992  -193.65057336    -0.00000029   0.000164   6.6e-04   1.4e-04 0.03
    15     120    2.3e+01    0    6.0e-02  -321.61275004  -193.65057347    -0.00000011   0.000146   5.8e-04   1.4e-04 0.03
    16     130    2.4e+01    0    6.5e-02  -321.61275008  -193.65057352    -0.00000005   0.000113   4.5e-04   1.4e-04 0.03
    17     140    2.7e+01    0    5.4e-02  -321.61275019  -193.65057362    -0.00000011   0.000102   4.1e-04   1.4e-04 0.03
    18     150    2.8e+01    0    6.2e-02  -321.61275018  -193.65057361     0.00000001   0.000088   3.5e-04   1.4e-04 0.03
    19     170    3.2e+01    0    6.4e-02  -321.61275042  -193.65057385    -0.00000024   0.000017   6.9e-05   1.4e-04 0.03
 
RESULTS OF THE OCCUPATION OPTIMIZATION
========================================
   1    1.9997928  -20.58898828
   2    1.9995677  -11.26177254
   3    1.9995677  -11.19830574
   4    1.9995868  -11.19316377
   5    1.9935341  -1.23398614
   6    1.9786838  -0.82569472
   7    1.9779580  -0.79436676
   8    1.9730537  -0.72521162
   9    1.9773277  -0.70936599
  10    1.9777011  -0.68641724
  11    1.9772204  -0.67468046
  12    1.9773611  -0.67360134
  13    1.9773963  -0.67040797
  14    1.9862432  -0.66377423
  15    1.9699395  -0.65448148
  16    1.9657160  -0.43135976
  17    1.9696937  -0.40887568
  18    0.0303063  -0.03417321
  19    0.0342840  -0.03692199
  20    0.0300605  -0.04098484
  21    0.0137568  -0.02190935
  22    0.0226037  -0.02508391
  23    0.0226389  -0.02516350
  24    0.0227796  -0.02532380
  25    0.0222989  -0.02509701
  26    0.0226723  -0.02593531
  27    0.0269463  -0.03497523
  28    0.0220420  -0.03166312
  29    0.0213162  -0.03124219
  30    0.0064659  -0.01474437
  31    0.0004132  -0.00777437
  32    0.0004323  -0.00804512
  33    0.0004323  -0.00810776
  34    0.0002072  -0.00711757
 
----------------
 Final Energies 
----------------
Final NOF Total Energy =    -193.6505739
 
Total Orbital Internal Iterations = 1430
Total Occupation Internal Iterations = 34
 
Elapsed time:  314.75 Seconds

---------------------------------
   Lowdin Population Analysis    
---------------------------------
 Idx  Atom   Population   Charge 
---------------------------------
  1     C     5.946       0.054
  2     H     1.046      -0.046
  3     C     5.836       0.164
  4     H     1.074      -0.074
  5     H     1.163      -0.163
  6     H     1.098      -0.098
  7     H     1.174      -0.174
  8     O     7.302       0.698
  9     H     1.337      -0.337
 10     C     5.847       0.153
 11     H     1.099      -0.099
 12     H     1.077      -0.077

---------------------------------
   M Diagnostic: 0.03
---------------------------------

