Computing Integrals
Elapsed time:   60.66 Seconds

Number of basis functions                   (NBF)    = 1404
Number of auxiliary basis functions         (NBFAUX) = 1332
Inactive Doubly occupied orbitals up to     (NO1)    = 0
No. considered Strongly Doubly occupied MOs (NDOC)   = 48
No. considered Strongly Singly occupied MOs (NSOC)   = 0
NO. of Weakly occ. per St. Doubly occ.  MOs (NCWO)   = 1
Dimension of the Nat. Orb. subspace         (NBF5)   = 96
No. of electrons                                     = 96
    No. of alpha electrons                           = 48
    No. of beta electrons                            = 48
Multiplicity                                         = 1

Geometry
========
 C       2.8244700      -1.3647400      -0.0198900
 C       4.1973700      -0.9111100       0.4662800
 C       4.5686800       0.4380400      -0.1402200
 C       3.4973400       1.4785000       0.1679100
 C       2.1244300       1.0168800      -0.3144800
 C       1.7365500      -0.3351900       0.2824300
 C       0.3799300      -0.8250500      -0.2174900
 C      -0.8023400       0.0559100       0.1684800
 C      -2.1405800      -0.5432500      -0.2458700
 C      -3.3294100       0.3342300       0.1221800
 C      -4.6684600      -0.2656500      -0.2861400
 C      -5.8458200       0.6248500       0.0887200
 H       2.5576900      -2.3236300       0.4303600
 H       2.8603900      -1.5234500      -1.1034100
 H       4.1800900      -0.8210800       1.5564400
 H       4.9520500      -1.6604500       0.2223400
 H       4.6615800       0.3296000      -1.2249500
 H       5.5399100       0.7693700       0.2302700
 H       3.4588000       1.6423400       1.2489700
 H       3.7535600       2.4363500      -0.2875900
 H       2.1370200       0.9214800      -1.4064200
 H       1.3743100       1.7703200      -0.0709100
 H       1.6768900      -0.2183800       1.3723700
 H       0.2074800      -1.8329100       0.1728500
 H       0.4206500      -0.9208700      -1.3078800
 H      -0.7967700       0.2122600       1.2515700
 H      -0.7018400       1.0427500      -0.2880700
 H      -2.2573500      -1.5250800       0.2217900
 H      -2.1392200      -0.7152200      -1.3261600
 H      -3.3279000       0.5107900       1.2017900
 H      -3.2151300       1.3146000      -0.3495100
 H      -4.7809000      -1.2442700       0.1859300
 H      -4.6675400      -0.4419100      -1.3641800
 H      -5.8769400       0.7916500       1.1653300
 H      -6.7958400       0.1837800      -0.2088400
 H      -5.7631400       1.5985200      -0.3939900

No violations of the orthonormality
No violations of the orthonormality
 
PNOF7/ADABelief Calculation
==================
 
  Nitext  Nit_orb  Time   Nit_occ  Time         Eelec          Etot           Ediff      maxdiff    MaxGrad_orb  Grad_occ
     1      10    1.7e+02    8    4.2e+01 -1186.39077413  -468.86236339 -11185.39077413   0.004805   1.9e-02   2.4e-04 0.02
     2      20    3.0e+02    0    2.2e+00 -1186.91247479  -469.38406404    -0.52170066   0.004805   1.9e-02   2.4e-04 0.02
     3      40    5.8e+02    1    2.2e+00 -1186.91933725  -469.39092651    -0.00686247   0.007300   2.9e-02   2.6e-04 0.03
     4      40    5.7e+02    1    2.2e+00 -1186.91943714  -469.39102640    -0.00009989   0.001520   6.1e-03   8.8e-05 0.03
     5      40    5.8e+02    0    2.2e+00 -1186.91944765  -469.39103691    -0.00001051   0.001520   6.1e-03   8.8e-05 0.03
     6      60    8.8e+02    0    2.2e+00 -1186.91953033  -469.39111958    -0.00008267   0.000123   4.9e-04   1.3e-04 0.03
 
RESULTS OF THE OCCUPATION OPTIMIZATION
========================================
   1    1.9995651  -11.19292216
   2    1.9995672  -11.19284050
   3    1.9995668  -11.19075825
   4    1.9995668  -11.19071861
   5    1.9995668  -11.19056573
   6    1.9995668  -11.19051832
   7    1.9995669  -11.19043123
   8    1.9995669  -11.19008506
   9    1.9995663  -11.18923637
  10    1.9995664  -11.18918759
  11    1.9995663  -11.18917935
  12    1.9995683  -11.18917252
  13    1.9753313  -0.68274209
  14    1.9752835  -0.68254465
  15    1.9749264  -0.68250033
  16    1.9752925  -0.68215638
  17    1.9751677  -0.68171148
  18    1.9748883  -0.68151833
  19    1.9752394  -0.68148400
  20    1.9754207  -0.68137823
  21    1.9751892  -0.68117385
  22    1.9748055  -0.68082256
  23    1.9751707  -0.68079794
  24    1.9750517  -0.68067068
  25    1.9777844  -0.65664892
  26    1.9776990  -0.65526808
  27    1.9777035  -0.65520035
  28    1.9777196  -0.65519851
  29    1.9771460  -0.65503209
  30    1.9776278  -0.65488359
  31    1.9776903  -0.65469542
  32    1.9776136  -0.65405916
  33    1.9776147  -0.65405292
  34    1.9775452  -0.65382286
  35    1.9780627  -0.65377897
  36    1.9775578  -0.65376725
  37    1.9775543  -0.65372284
  38    1.9774641  -0.65367522
  39    1.9774844  -0.65354547
  40    1.9775473  -0.65353229
  41    1.9775472  -0.65351736
  42    1.9775501  -0.65329172
  43    1.9775322  -0.65324929
  44    1.9775488  -0.65324248
  45    1.9774809  -0.65307241
  46    1.9780140  -0.65304966
  47    1.9780131  -0.65304652
  48    1.9774647  -0.65267603
  49    0.0225353  -0.01627862
  50    0.0219869  -0.01597010
  51    0.0219860  -0.01596983
  52    0.0225191  -0.01629020
  53    0.0224512  -0.01625320
  54    0.0224678  -0.01625384
  55    0.0224499  -0.01624966
  56    0.0224528  -0.01625403
  57    0.0224527  -0.01625473
  58    0.0225156  -0.01627778
  59    0.0225359  -0.01628308
  60    0.0224457  -0.01624929
  61    0.0224422  -0.01624910
  62    0.0219373  -0.01595221
  63    0.0224548  -0.01625573
  64    0.0223853  -0.01623376
  65    0.0223864  -0.01623414
  66    0.0223097  -0.01620980
  67    0.0223722  -0.01623210
  68    0.0228540  -0.01649617
  69    0.0222804  -0.01618833
  70    0.0222965  -0.01619536
  71    0.0223010  -0.01620012
  72    0.0222156  -0.01618548
  73    0.0249483  -0.01800476
  74    0.0248293  -0.01794851
  75    0.0251945  -0.01817114
  76    0.0248108  -0.01794593
  77    0.0245793  -0.01777792
  78    0.0247606  -0.01791703
  79    0.0251117  -0.01812792
  80    0.0248323  -0.01796069
  81    0.0247075  -0.01790813
  82    0.0250736  -0.01812977
  83    0.0247165  -0.01790573
  84    0.0246687  -0.01789022
  85    0.0004317  -0.00819021
  86    0.0004337  -0.00821695
  87    0.0004336  -0.00821582
  88    0.0004337  -0.00821804
  89    0.0004331  -0.00821113
  90    0.0004331  -0.00821025
  91    0.0004332  -0.00821186
  92    0.0004332  -0.00821079
  93    0.0004332  -0.00821148
  94    0.0004332  -0.00821132
  95    0.0004328  -0.00820766
  96    0.0004349  -0.00823217
 
----------------
 Final Energies 
----------------
Final NOF Total Energy =    -469.3911196
 
Total Orbital Internal Iterations = 210
Total Occupation Internal Iterations = 10
 
Elapsed time: 3397.54 Seconds

---------------------------------
   Lowdin Population Analysis    
---------------------------------
 Idx  Atom   Population   Charge 
---------------------------------
  1     C     5.890       0.110
  2     C     5.897       0.103
  3     C     5.900       0.100
  4     C     5.896       0.104
  5     C     5.889       0.111
  6     C     6.054      -0.054
  7     C     5.894       0.106
  8     C     5.905       0.095
  9     C     5.907       0.093
 10     C     5.912       0.088
 11     C     5.921       0.079
 12     C     5.779       0.221
 13     H     1.047      -0.047
 14     H     1.038      -0.038
 15     H     1.045      -0.045
 16     H     1.054      -0.054
 17     H     1.045      -0.045
 18     H     1.054      -0.054
 19     H     1.045      -0.045
 20     H     1.054      -0.054
 21     H     1.037      -0.037
 22     H     1.050      -0.050
 23     H     1.032      -0.032
 24     H     1.041      -0.041
 25     H     1.040      -0.040
 26     H     1.045      -0.045
 27     H     1.049      -0.049
 28     H     1.046      -0.046
 29     H     1.045      -0.045
 30     H     1.046      -0.046
 31     H     1.046      -0.046
 32     H     1.052      -0.052
 33     H     1.052      -0.052
 34     H     1.062      -0.062
 35     H     1.067      -0.067
 36     H     1.062      -0.062

---------------------------------
   M Diagnostic: 0.03
---------------------------------

