Computing Integrals
Elapsed time:   27.44 Seconds

Number of basis functions                   (NBF)    = 549
Number of auxiliary basis functions         (NBFAUX) = 619
Inactive Doubly occupied orbitals up to     (NO1)    = 0
No. considered Strongly Doubly occupied MOs (NDOC)   = 25
No. considered Strongly Singly occupied MOs (NSOC)   = 0
NO. of Weakly occ. per St. Doubly occ.  MOs (NCWO)   = 1
Dimension of the Nat. Orb. subspace         (NBF5)   = 50
No. of electrons                                     = 50
    No. of alpha electrons                           = 25
    No. of beta electrons                            = 25
Multiplicity                                         = 1

Geometry
========
 O      -0.0177300       2.6610500       0.0000000
 C       0.0404500       1.4394700       0.0000000
 C       1.2397600       0.6245600       0.0000000
 C       1.1801600      -0.7350100       0.0000000
 C      -0.0656000      -1.4250400       0.0000000
 C      -1.2053100      -0.6857500       0.0000000
 N      -1.1450100       0.6749900       0.0000000
 H       2.1801700       1.1583200       0.0000000
 H       2.0990300      -1.3107400       0.0000000
 H      -0.1136500      -2.5038400       0.0000000
 H      -2.1965300      -1.1195500       0.0000000
 H      -1.9957500       1.2215500       0.0000000

No violations of the orthonormality
No violations of the orthonormality
 
PNOF7/ADABelief Calculation
==================
 
  Nitext  Nit_orb  Time   Nit_occ  Time         Eelec          Etot           Ediff      maxdiff    Grad_orb  Grad_occ
     1      10    8.0e+01    4    1.9e+00  -596.30233099  -320.92005302 -10595.30233099   0.460667   1.1e+01   1.5e-04 0.18
     2      30    1.3e+02    3    6.8e-01  -597.46820351  -322.08592554    -1.16587252   0.047355   9.4e-01   2.2e-04 0.16
     3      30    1.3e+02    3    6.3e-01  -597.50779226  -322.12551429    -0.03958876   0.015765   3.9e-01   9.1e-05 0.16
     4      30    1.2e+02    2    4.5e-01  -597.50523410  -322.12295613     0.00255817   0.017602   4.8e-01   1.4e-04 0.15
     5      50    2.0e+02    1    5.8e-01  -597.51305352  -322.13077555    -0.00781943   0.003724   5.3e-02   2.7e-04 0.15
     6      50    2.0e+02    1    5.6e-01  -597.51280000  -322.13052203     0.00025353   0.006009   9.7e-02   1.4e-04 0.15
     7      70    2.8e+02    0    3.6e-01  -597.51315693  -322.13087896    -0.00035693   0.001187   1.6e-02   2.2e-04 0.15
     8      80    1.2e+02    0    2.4e-01  -597.51315181  -322.13087384     0.00000512   0.001145   2.0e-02   2.1e-04 0.15
     9     110    1.4e+02    0    4.6e-01  -597.51316755  -322.13088959    -0.00001575   0.000260   4.0e-03   2.1e-04 0.15
    10     120    1.4e+02    0    4.7e-01  -597.51316765  -322.13088968    -0.00000009   0.000288   3.6e-03   2.1e-04 0.15
    11     130    1.8e+02    0    4.1e-01  -597.51316783  -322.13088986    -0.00000018   0.000281   3.0e-03   2.1e-04 0.15
    12     140    3.3e+02    0    5.8e-01  -597.51316792  -322.13088995    -0.00000009   0.000232   2.5e-03   2.1e-04 0.15
    13     150    6.3e+02    0    5.5e-01  -597.51316805  -322.13089008    -0.00000013   0.000180   2.0e-03   2.1e-04 0.15
    14     160    6.6e+02    0    5.8e-01  -597.51316811  -322.13089014    -0.00000005   0.000144   1.7e-03   2.1e-04 0.15
    15     170    6.0e+02    0    3.6e-01  -597.51316815  -322.13089018    -0.00000004   0.000134   1.4e-03   2.1e-04 0.15
    16     180    2.5e+02    0    4.4e-01  -597.51316815  -322.13089018    -0.00000001   0.000105   1.3e-03   2.1e-04 0.15
    17     190    2.6e+02    0    3.7e-01  -597.51316817  -322.13089020    -0.00000002   0.000109   1.2e-03   2.1e-04 0.15
    18     200    6.0e+02    0    4.6e-01  -597.51316819  -322.13089022    -0.00000002   0.000101   1.1e-03   2.1e-04 0.15
    19     198    7.7e+02    0    4.7e-01  -597.51316819  -322.13089022    -0.00000000   0.000094   1.0e-03   2.1e-04 0.15
 
RESULTS OF THE OCCUPATION OPTIMIZATION
========================================
   1    1.9997828  -20.52596000
   2    1.9996932  -15.59069829
   3    1.9995634  -11.32844557
   4    1.9995610  -11.26507764
   5    1.9995605  -11.23295454
   6    1.9995579  -11.22179561
   7    1.9995590  -11.21337815
   8    1.9834895  -1.07569016
   9    1.9819896  -0.94980599
  10    1.9803024  -0.92181463
  11    1.9842349  -0.87244415
  12    1.9838411  -0.86555800
  13    1.9792611  -0.85839483
  14    1.9797915  -0.82983230
  15    1.9797617  -0.81034862
  16    1.9866723  -0.74997084
  17    1.9871177  -0.74965617
  18    1.9769519  -0.73189869
  19    1.9761215  -0.70892047
  20    1.9767385  -0.70579555
  21    1.9767938  -0.70443375
  22    1.9848072  -0.59422478
  23    1.9195514  -0.52799175
  24    1.8505613  -0.41567554
  25    1.8671730  -0.38866527
  26    0.1328270  -0.04041995
  27    0.1494387  -0.04800554
  28    0.0804486  -0.03899266
  29    0.0151928  -0.00898697
  30    0.0232062  -0.01706069
  31    0.0232615  -0.01707561
  32    0.0238785  -0.01752352
  33    0.0230481  -0.01739267
  34    0.0128823  -0.01226976
  35    0.0133277  -0.01249182
  36    0.0202383  -0.01650455
  37    0.0202085  -0.01685963
  38    0.0207389  -0.01846801
  39    0.0161589  -0.01423195
  40    0.0157651  -0.01407652
  41    0.0196976  -0.01848729
  42    0.0180104  -0.01749462
  43    0.0165105  -0.01872772
  44    0.0004410  -0.00832042
  45    0.0004421  -0.00834207
  46    0.0004395  -0.00830806
  47    0.0004390  -0.00832474
  48    0.0004366  -0.00831798
  49    0.0003068  -0.00803716
  50    0.0002172  -0.00755544
 
----------------
 Final Energies 
----------------
Final NOF Total Energy =    -322.1308902
 
Total Orbital Internal Iterations = 2098
Total Occupation Internal Iterations = 14
 
Elapsed time: 6179.47 Seconds

---------------------------------
   Lowdin Population Analysis    
---------------------------------
 Idx  Atom   Population   Charge 
---------------------------------
  1     O     7.748       0.252
  2     C     6.556      -0.556
  3     C     5.908       0.092
  4     C     5.922       0.078
  5     C     5.960       0.040
  6     C     6.023      -0.023
  7     N     6.475       0.525
  8     H     1.066      -0.066
  9     H     1.061      -0.061
 10     H     1.075      -0.075
 11     H     1.069      -0.069
 12     H     1.137      -0.137

---------------------------------
   M Diagnostic: 0.15
---------------------------------

