Computing Integrals
Elapsed time:   10.79 Seconds

Number of basis functions                   (NBF)    = 217
Number of auxiliary basis functions         (NBFAUX) = 259
Inactive Doubly occupied orbitals up to     (NO1)    = 0
No. considered Strongly Doubly occupied MOs (NDOC)   = 13
No. considered Strongly Singly occupied MOs (NSOC)   = 0
NO. of Weakly occ. per St. Doubly occ.  MOs (NCWO)   = 1
Dimension of the Nat. Orb. subspace         (NBF5)   = 26
No. of electrons                                     = 26
    No. of alpha electrons                           = 13
    No. of beta electrons                            = 13
Multiplicity                                         = 1

Geometry
========
 O       0.0000000       0.0000000      -1.0999100
 P       0.0000000       0.0000000       0.3831000
 H       0.0000000       1.2618500       1.0175900
 H       1.0928000      -0.6309300       1.0175900
 H      -1.0928000      -0.6309300       1.0175900

No violations of the orthonormality
No violations of the orthonormality
 
PNOF7/ADABelief Calculation
==================
 
  Nitext  Nit_orb  Time   Nit_occ  Time         Eelec          Etot           Ediff      maxdiff    Grad_orb  Grad_occ
     1      10    3.8e+01    2    1.3e+00  -482.79353406  -417.23582746 -10481.79353406   0.452387   6.9e+00   1.5e-04 0.02
     2      30    2.4e+01    2    1.2e-01  -483.12759551  -417.56988891    -0.33406145   0.011022   1.1e-01   1.2e-04 0.02
     3      30    1.8e+01    1    4.4e-02  -483.12814325  -417.57043665    -0.00054773   0.012709   1.5e-01   2.0e-04 0.02
     4      30    1.5e+01    1    7.1e-02  -483.12777422  -417.57006762     0.00036903   0.018781   1.9e-01   1.3e-04 0.02
     5      50    2.8e+01    1    2.2e-02  -483.12871745  -417.57101085    -0.00094323   0.001685   1.7e-02   5.9e-05 0.02
     6      50    3.0e+01    1    5.0e-02  -483.12872160  -417.57101500    -0.00000415   0.002110   2.4e-02   4.2e-05 0.02
     7      50    3.4e+01    1    8.8e-02  -483.12873258  -417.57102598    -0.00001098   0.001989   2.2e-02   2.6e-05 0.02
     8      50    5.7e+01    1    4.0e-02  -483.12873974  -417.57103314    -0.00000716   0.002177   2.2e-02   2.4e-05 0.02
     9      50    2.8e+01    1    7.5e-02  -483.12874485  -417.57103825    -0.00000511   0.002142   2.3e-02   1.6e-05 0.02
    10      50    3.6e+01    1    1.2e-01  -483.12875600  -417.57104940    -0.00001115   0.001957   2.2e-02   2.0e-05 0.02
    11      50    6.7e+01    1    1.1e-01  -483.12876207  -417.57105547    -0.00000607   0.002186   2.3e-02   1.4e-05 0.02
    12      50    6.6e+01    1    6.6e-02  -483.12877139  -417.57106479    -0.00000932   0.002166   2.1e-02   1.8e-05 0.02
    13      50    6.6e+01    1    6.3e-02  -483.12877569  -417.57106909    -0.00000430   0.002320   2.4e-02   1.3e-05 0.02
    14      50    6.8e+01    1    1.1e-01  -483.12878814  -417.57108154    -0.00001245   0.002025   2.1e-02   2.0e-05 0.02
    15      50    6.5e+01    1    7.0e-02  -483.12879605  -417.57108945    -0.00000792   0.002315   2.3e-02   1.5e-05 0.02
    16      50    7.0e+01    1    9.2e-02  -483.12880811  -417.57110151    -0.00001206   0.002070   2.3e-02   2.1e-05 0.02
    17      50    7.0e+01    1    3.7e-02  -483.12882567  -417.57111907    -0.00001756   0.001989   2.1e-02   2.0e-05 0.02
    18      50    6.8e+01    1    1.1e-01  -483.12884084  -417.57113424    -0.00001517   0.001992   2.2e-02   2.4e-05 0.02
    19      50    6.6e+01    1    8.9e-02  -483.12885938  -417.57115278    -0.00001853   0.002110   2.2e-02   2.7e-05 0.02
    20      50    7.0e+01    1    8.8e-02  -483.12887501  -417.57116841    -0.00001564   0.007791   4.4e-02   3.1e-05 0.02
    21      50    6.8e+01    1    7.5e-02  -483.12889355  -417.57118695    -0.00001854   0.001812   2.4e-02   3.7e-05 0.02
    22      50    6.5e+01    1    1.5e-01  -483.12890965  -417.57120305    -0.00001609   0.004159   3.0e-02   3.7e-05 0.02
    23      50    6.9e+01    1    1.3e-01  -483.12892024  -417.57121364    -0.00001060   0.001855   2.4e-02   3.8e-05 0.02
    24      50    6.1e+01    1    1.6e-01  -483.12893181  -417.57122521    -0.00001156   0.001789   2.1e-02   3.3e-05 0.02
    25      50    6.7e+01    1    4.8e-02  -483.12893650  -417.57122990    -0.00000469   0.001755   2.2e-02   3.1e-05 0.02
    26      50    6.5e+01    1    4.5e-02  -483.12893925  -417.57123265    -0.00000275   0.001854   2.4e-02   2.3e-05 0.02
    27      50    6.7e+01    1    1.1e-01  -483.12894052  -417.57123392    -0.00000126   0.002644   2.5e-02   2.1e-05 0.02
    28      50    6.7e+01    0    2.8e-02  -483.12894378  -417.57123718    -0.00000327   0.001893   2.3e-02   1.3e-04 0.02
    29      60    7.8e+01    1    9.1e-02  -483.12895583  -417.57124923    -0.00001205   0.001478   1.4e-02   1.7e-05 0.02
    30      60    7.9e+01    0    6.2e-02  -483.12895877  -417.57125217    -0.00000294   0.001108   1.2e-02   1.1e-04 0.02
    31      70    9.6e+01    0    8.4e-02  -483.12896168  -417.57125508    -0.00000291   0.000825   7.7e-03   1.4e-04 0.02
    32      80    1.0e+02    0    2.1e-01  -483.12896296  -417.57125635    -0.00000128   0.000431   3.7e-03   1.1e-04 0.02
    33      90    1.2e+02    0    2.1e-01  -483.12896312  -417.57125652    -0.00000016   0.000280   2.6e-03   1.5e-04 0.02
    34     100    1.4e+02    0    8.6e-02  -483.12896324  -417.57125664    -0.00000013   0.000128   1.4e-03   1.0e-04 0.02
    35     110    1.5e+02    0    6.3e-02  -483.12896319  -417.57125659     0.00000005   0.000084   7.2e-04   1.6e-04 0.02
 
RESULTS OF THE OCCUPATION OPTIMIZATION
========================================
   1    1.9999656  -79.56011235
   2    1.9997775  -20.51171751
   3    1.9994528  -6.12273696
   4    1.9994341  -6.09299824
   5    1.9994340  -6.09296600
   6    1.9994327  -6.09234266
   7    1.9872316  -0.76357095
   8    1.9772523  -0.73310909
   9    1.9764843  -0.72540458
  10    1.9764977  -0.72436899
  11    1.9828835  -0.67095839
  12    1.9829043  -0.67094156
  13    1.9828114  -0.67082437
  14    0.0171886  -0.01247641
  15    0.0170957  -0.01244016
  16    0.0171165  -0.01244885
  17    0.0235023  -0.01884259
  18    0.0235157  -0.01887091
  19    0.0227477  -0.01860017
  20    0.0127684  -0.01196701
  21    0.0005673  -0.00506684
  22    0.0005660  -0.00506294
  23    0.0005659  -0.00506252
  24    0.0005472  -0.00494573
  25    0.0002225  -0.00769438
  26    0.0000344  -0.00562992
 
----------------
 Final Energies 
----------------
Final NOF Total Energy =    -417.5712566
 
Total Orbital Internal Iterations = 1870
Total Occupation Internal Iterations = 30
 
Elapsed time: 2510.52 Seconds

---------------------------------
   Lowdin Population Analysis    
---------------------------------
 Idx  Atom   Population   Charge 
---------------------------------
  1     O     8.059      -0.059
  2     P    14.595       0.405
  3     H     1.115      -0.115
  4     H     1.115      -0.115
  5     H     1.115      -0.115

---------------------------------
   M Diagnostic: 0.02
---------------------------------

