Computing Integrals
Elapsed time:   13.75 Seconds

Number of basis functions                   (NBF)    = 446
Number of auxiliary basis functions         (NBFAUX) = 606
Inactive Doubly occupied orbitals up to     (NO1)    = 0
No. considered Strongly Doubly occupied MOs (NDOC)   = 44
No. considered Strongly Singly occupied MOs (NSOC)   = 0
NO. of Weakly occ. per St. Doubly occ.  MOs (NCWO)   = 1
Dimension of the Nat. Orb. subspace         (NBF5)   = 88
No. of electrons                                     = 88
    No. of alpha electrons                           = 44
    No. of beta electrons                            = 44
Multiplicity                                         = 1

Geometry
========
 C      -2.7621600      -0.6929700       0.0061700
 I      -0.8152500       0.1731300      -0.0018900
 H      -3.2570700      -0.4104900       0.9285600
 H      -2.6606400      -1.7706000      -0.0559100
 H      -3.3078700      -0.3131600      -0.8502500
 O       2.2392700       0.9234900       0.0073900
 P       2.7986400      -0.4541500      -0.0004500
 H       2.5355700      -1.2354000      -1.1458800
 H       2.3744000      -1.3134600       1.0351400
 H       4.2032100      -0.5507600       0.0993200

No violations of the orthonormality
No violations of the orthonormality
 
PNOF7/ADABelief Calculation
==================
 
  Nitext  Nit_orb  Time   Nit_occ  Time         Eelec          Etot           Ediff      maxdiff    Grad_orb  Grad_occ
     1      10    7.8e+01   11    2.9e+00 -3308.12095629 -2894.00370528 -13307.12095629   1.713089   2.0e+01   3.4e-04 0.90
     2      30    1.3e+02   59    2.1e+00 -3310.90106081 -2896.78380980    -2.78010452   0.038305   5.5e-01   2.6e-04 1.00
     3      30    1.2e+02   13    1.0e+00 -3310.92897923 -2896.81172822    -0.02791842   0.036167   3.6e-01   3.1e-04 0.98
     4      30    1.3e+02    3    9.4e-01 -3310.92878545 -2896.81153443     0.00019379   0.032095   4.5e-01   2.3e-04 0.97
     5      50    2.1e+02    2    5.6e-01 -3310.93292907 -2896.81567806    -0.00414362   0.006749   8.1e-02   2.4e-04 0.97
     6      50    2.1e+02    2    6.9e-01 -3310.93286306 -2896.81561204     0.00006601   0.008303   1.0e-01   2.4e-04 0.97
     7      70    2.8e+02    2    1.1e+00 -3310.93314512 -2896.81589411    -0.00028207   0.000927   1.2e-02   2.9e-04 0.97
     8      70    2.2e+02    1    1.0e+00 -3310.93316421 -2896.81591319    -0.00001908   0.001122   1.2e-02   2.1e-04 0.97
     9      70    9.8e+01    0    8.4e-01 -3310.93317065 -2896.81591963    -0.00000644   0.001430   1.8e-02   2.2e-04 0.97
    10      80    1.2e+02    0    5.5e-01 -3310.93318180 -2896.81593078    -0.00001115   0.001163   1.2e-02   2.0e-04 0.97
    11      90    1.3e+02    0    5.3e-01 -3310.93319100 -2896.81593999    -0.00000921   0.000684   6.8e-03   2.2e-04 0.97
    12     100    1.6e+02    0    5.1e-01 -3310.93319521 -2896.81594419    -0.00000420   0.000451   4.7e-03   1.9e-04 0.97
    13     110    2.4e+02    0    7.7e-01 -3310.93319878 -2896.81594776    -0.00000357   0.000280   3.0e-03   2.4e-04 0.97
    14     120    4.8e+02    0    1.1e+00 -3310.93320207 -2896.81595105    -0.00000329   0.000195   2.1e-03   1.9e-04 0.97
    15     130    5.2e+02    4    8.1e-01 -3310.93320418 -2896.81595317    -0.00000212   0.000372   2.5e-03   2.0e-04 0.97
    16     130    5.2e+02    0    7.1e-01 -3310.93324350 -2896.81599249    -0.00003932   0.000175   1.3e-03   2.1e-04 0.97
    17     135    5.4e+02    0    9.9e-01 -3310.93324798 -2896.81599697    -0.00000448   0.000100   1.4e-03   2.2e-04 0.97
 
RESULTS OF THE OCCUPATION OPTIMIZATION
========================================
   1    2.0000000  -149.23395092
   2    1.9999656  -79.55731009
   3    2.0000000  -64.57471037
   4    2.0000000  -64.56668462
   5    2.0000000  -64.54084613
   6    1.9999995  -26.09652441
   7    1.9997773  -20.50795604
   8    1.9995475  -11.21437493
   9    1.9999723  -10.45196825
  10    1.9999722  -10.30497776
  11    1.9999694  -10.22459219
  12    1.9999673  -10.19764912
  13    1.9999699  -9.94409602
  14    1.9999580  -9.92329050
  15    1.9999560  -9.69431347
  16    1.9999578  -9.66934154
  17    1.9999261  -8.92781195
  18    1.9994528  -6.12077985
  19    1.9994375  -6.09294408
  20    1.9994341  -6.09061833
  21    1.9994308  -6.08864007
  22    1.9997019  -4.37673375
  23    1.9997033  -4.32786215
  24    1.9996617  -4.29056191
  25    1.9996691  -4.24386508
  26    1.9996526  -4.23769625
  27    1.9996676  -4.18487788
  28    1.9996541  -4.13277700
  29    1.9277679  -0.89119117
  30    1.9277583  -0.89107549
  31    1.9782836  -0.83133933
  32    1.9763726  -0.78982308
  33    1.9873920  -0.76681323
  34    1.9767289  -0.73573138
  35    1.9769127  -0.72060292
  36    1.9765870  -0.71822110
  37    1.9763232  -0.70023885
  38    1.9763163  -0.70022501
  39    1.9757670  -0.69318594
  40    1.9826492  -0.66917634
  41    1.9827449  -0.66898403
  42    1.9828022  -0.66893660
  43    1.8338741  -0.39160002
  44    1.0319902  -0.16827557
  45    0.9680098  -0.15299614
  46    0.1661259  -0.05086063
  47    0.0171978  -0.01247544
  48    0.0172551  -0.01249127
  49    0.0173508  -0.01255720
  50    0.0242330  -0.01732293
  51    0.0236837  -0.01707284
  52    0.0236768  -0.01707231
  53    0.0234130  -0.01870180
  54    0.0230873  -0.01857711
  55    0.0232711  -0.01884192
  56    0.0126080  -0.01188354
  57    0.0236274  -0.01045969
  58    0.0217164  -0.00968572
  59    0.0722417  -0.04033526
  60    0.0722321  -0.04030735
  61    0.0003459  -0.00168655
  62    0.0003324  -0.00162354
  63    0.0003474  -0.00169773
  64    0.0003309  -0.00167766
  65    0.0003383  -0.00171939
  66    0.0002967  -0.00153792
  67    0.0002981  -0.00155851
  68    0.0005692  -0.00507317
  69    0.0005659  -0.00506210
  70    0.0005625  -0.00504596
  71    0.0005472  -0.00494838
  72    0.0000739  -0.00061038
  73    0.0000422  -0.00039820
  74    0.0000440  -0.00041778
  75    0.0000420  -0.00039694
  76    0.0000301  -0.00034061
  77    0.0000327  -0.00031813
  78    0.0000306  -0.00030167
  79    0.0000278  -0.00027439
  80    0.0000277  -0.00026830
  81    0.0004525  -0.00844853
  82    0.0002227  -0.00769897
  83    0.0000005  -0.00003036
  84    0.0000000  -0.00000502
  85    0.0000000  -0.00000502
  86    0.0000000  -0.00000514
  87    0.0000344  -0.00562936
  88    0.0000000  -0.00000243
 
----------------
 Final Energies 
----------------
Final NOF Total Energy =   -2896.8159970
 
Total Orbital Internal Iterations = 1305
Total Occupation Internal Iterations = 97
 
Elapsed time: 4498.32 Seconds

---------------------------------
   Lowdin Population Analysis    
---------------------------------
 Idx  Atom   Population   Charge 
---------------------------------
  1     C     6.041      -0.041
  2     I    52.623       0.377
  3     H     1.107      -0.107
  4     H     1.112      -0.112
  5     H     1.107      -0.107
  6     O     8.058      -0.058
  7     P    14.610       0.390
  8     H     1.114      -0.114
  9     H     1.114      -0.114
 10     H     1.114      -0.114

---------------------------------
   M Diagnostic: 0.97
---------------------------------

