Computing Integrals
Elapsed time:   10.91 Seconds

Number of basis functions                   (NBF)    = 174
Number of auxiliary basis functions         (NBFAUX) = 190
Inactive Doubly occupied orbitals up to     (NO1)    = 0
No. considered Strongly Doubly occupied MOs (NDOC)   = 10
No. considered Strongly Singly occupied MOs (NSOC)   = 0
NO. of Weakly occ. per St. Doubly occ.  MOs (NCWO)   = 1
Dimension of the Nat. Orb. subspace         (NBF5)   = 20
No. of electrons                                     = 20
    No. of alpha electrons                           = 10
    No. of beta electrons                            = 10
Multiplicity                                         = 1

Geometry
========
 H       0.1475200       0.5030300       0.0000000
 F       0.0379200      -1.3031300       0.0000000
 F       0.0379200       1.4282000       0.0000000
 H      -0.8301100      -1.6286600       0.0000000

No violations of the orthonormality
No violations of the orthonormality
 
PNOF7/ADABelief Calculation
==================
 
  Nitext  Nit_orb  Time   Nit_occ  Time         Eelec          Etot           Ediff      maxdiff    Grad_orb  Grad_occ
     1      10    4.8e+01    2    1.9e+00  -230.44364696  -200.14472555 -10229.44364696   0.358401   5.5e+00   6.6e-05 0.02
     2      30    3.2e+01    2    8.7e-02  -230.60275796  -200.30383655    -0.15911100   0.050905   4.4e-01   3.9e-05 0.02
     3      30    2.9e+01    1    2.1e-02  -230.60420614  -200.30528473    -0.00144818   0.022501   2.9e-01   1.9e-04 0.02
     4      30    2.8e+01    1    1.2e-01  -230.60359678  -200.30467537     0.00060936   0.026924   3.5e-01   1.0e-04 0.02
     5      50    4.9e+01    1    4.8e-02  -230.60574591  -200.30682451    -0.00214913   0.002817   3.4e-02   5.2e-05 0.02
     6      50    5.0e+01    0    5.9e-02  -230.60570532  -200.30678391     0.00004059   0.005335   5.8e-02   7.5e-05 0.02
     7      80    8.0e+01    0    7.7e-02  -230.60576702  -200.30684562    -0.00006171   0.000504   4.7e-03   6.2e-05 0.02
     8      90    9.1e+01    0    2.2e-02  -230.60576712  -200.30684572    -0.00000010   0.000448   4.1e-03   6.0e-05 0.02
     9     100    9.7e+01    0    1.2e-01  -230.60576725  -200.30684584    -0.00000013   0.000288   3.1e-03   6.1e-05 0.02
    10     110    1.0e+02    0    8.7e-02  -230.60576732  -200.30684592    -0.00000007   0.000279   2.4e-03   6.1e-05 0.02
    11     120    1.1e+02    0    7.2e-02  -230.60576739  -200.30684598    -0.00000007   0.000187   1.6e-03   6.1e-05 0.02
    12     130    1.3e+02    0    6.9e-02  -230.60576742  -200.30684601    -0.00000003   0.000133   1.0e-03   6.1e-05 0.02
    13     140    1.3e+02    0    3.5e-02  -230.60576743  -200.30684603    -0.00000001   0.000098   7.2e-04   6.1e-05 0.02
 
RESULTS OF THE OCCUPATION OPTIMIZATION
========================================
   1    1.9998413  -26.32432221
   2    1.9998399  -26.25827295
   3    1.9917663  -1.01344836
   4    1.9757645  -0.99770088
   5    1.9910130  -0.97796084
   6    1.9909656  -0.97701359
   7    1.9779054  -0.94831419
   8    1.9906603  -0.91181985
   9    1.9905414  -0.91092571
  10    1.9906266  -0.91080931
  11    0.0093734  -0.01207586
  12    0.0094586  -0.01215392
  13    0.0093397  -0.01206581
  14    0.0220946  -0.02291978
  15    0.0090344  -0.01208954
  16    0.0089870  -0.01206686
  17    0.0242355  -0.02495369
  18    0.0082337  -0.01149941
  19    0.0001601  -0.00715506
  20    0.0001587  -0.00712330
 
----------------
 Final Energies 
----------------
Final NOF Total Energy =    -200.3068460
 
Total Orbital Internal Iterations = 970
Total Occupation Internal Iterations = 7
 
Elapsed time: 1217.60 Seconds

---------------------------------
   Lowdin Population Analysis    
---------------------------------
 Idx  Atom   Population   Charge 
---------------------------------
  1     H     1.535      -0.535
  2     F     8.460       0.540
  3     F     8.558       0.442
  4     H     1.447      -0.447

---------------------------------
   M Diagnostic: 0.02
---------------------------------

