Computing Integrals
Elapsed time:   19.78 Seconds

Number of basis functions                   (NBF)    = 696
Number of auxiliary basis functions         (NBFAUX) = 744
Inactive Doubly occupied orbitals up to     (NO1)    = 0
No. considered Strongly Doubly occupied MOs (NDOC)   = 28
No. considered Strongly Singly occupied MOs (NSOC)   = 0
NO. of Weakly occ. per St. Doubly occ.  MOs (NCWO)   = 1
Dimension of the Nat. Orb. subspace         (NBF5)   = 56
No. of electrons                                     = 56
    No. of alpha electrons                           = 28
    No. of beta electrons                            = 28
Multiplicity                                         = 1

Geometry
========
 C       0.8347100       1.0936500      -1.0603000
 H       1.4835500       1.9584700      -1.0766000
 C       1.3822800      -0.1881700      -1.0312500
 H       2.4557800      -0.3175000      -1.0252400
 C       0.5455700      -1.3030500      -1.0043700
 H       0.9700100      -2.2971900      -0.9774300
 C      -0.8385700      -1.1362100      -1.0067400
 H      -1.4874600      -2.0007800      -0.9816100
 C      -1.3860700       0.1456400      -1.0357000
 H      -2.4595500       0.2752500      -1.0327600
 C      -0.5494100       1.2605400      -1.0623300
 H      -0.9740500       2.2547900      -1.0801400
 C       0.0039500       0.0539400       2.4881500
 H       0.0009400       0.0363900       1.4240700
 C       0.0076100       0.0735200       3.7005200
 H       0.0107200       0.0907000       4.7617200

No violations of the orthonormality
No violations of the orthonormality
 
PNOF7/ADABelief Calculation
==================
 
  Nitext  Nit_orb  Time   Nit_occ  Time         Eelec          Etot           Ediff      maxdiff    Grad_orb  Grad_occ
     1      10    4.9e+01    6    2.2e+00  -607.66573126  -306.70077861 -10606.66573126   0.425977   1.2e+01   1.3e-04 0.26
     2      30    6.1e+01    4    5.0e-01  -609.07473406  -308.10978141    -1.40900280   0.029866   6.9e-01   2.5e-04 0.23
     3      30    5.9e+01    3    9.2e-01  -609.09402240  -308.12906975    -0.01928834   0.015587   4.8e-01   1.6e-04 0.23
     4      30    6.2e+01    3    8.2e-01  -609.09312429  -308.12817164     0.00089811   0.014336   5.2e-01   9.1e-05 0.23
     5      50    9.6e+01    2    5.8e-01  -609.10177911  -308.13682646    -0.00865482   0.003108   5.1e-02   1.3e-04 0.23
     6      50    9.7e+01    1    8.1e-01  -609.10179560  -308.13684294    -0.00001649   0.002015   6.2e-02   2.1e-04 0.23
     7      70    1.5e+02    1    8.0e-01  -609.10193622  -308.13698357    -0.00014063   0.000368   7.5e-03   1.6e-04 0.23
     8      70    1.3e+02    1    8.9e-01  -609.10195681  -308.13700416    -0.00002059   0.000335   7.2e-03   1.6e-04 0.23
     9      70    1.6e+02    1    1.0e+00  -609.10197050  -308.13701785    -0.00001369   0.000374   7.7e-03   1.4e-04 0.23
    10      70    1.3e+02    1    9.0e-01  -609.10198022  -308.13702757    -0.00000972   0.000275   8.0e-03   1.3e-04 0.23
    11      70    1.3e+02    1    6.1e-01  -609.10198751  -308.13703486    -0.00000729   0.000326   7.6e-03   1.1e-04 0.23
    12      70    1.3e+02    1    4.1e-01  -609.10199241  -308.13703975    -0.00000489   0.000330   8.2e-03   9.7e-05 0.23
    13      70    1.4e+02    1    5.3e-01  -609.10199586  -308.13704320    -0.00000345   0.000394   8.8e-03   8.3e-05 0.23
    14      70    1.4e+02    1    4.0e-01  -609.10199879  -308.13704614    -0.00000294   0.000419   8.5e-03   7.2e-05 0.23
    15      70    1.4e+02    1    5.2e-01  -609.10200041  -308.13704776    -0.00000161   0.000443   9.3e-03   6.3e-05 0.23
    16      70    1.4e+02    1    5.7e-01  -609.10200229  -308.13704964    -0.00000189   0.000445   8.7e-03   5.3e-05 0.23
    17      70    1.4e+02    0    4.5e-01  -609.10200338  -308.13705073    -0.00000109   0.000372   8.7e-03   2.0e-04 0.23
    18      80    1.5e+02    0    8.9e-01  -609.10200485  -308.13705220    -0.00000147   0.000379   5.5e-03   2.0e-04 0.23
    19      90    4.5e+02    0    8.8e-01  -609.10200548  -308.13705283    -0.00000063   0.000149   2.9e-03   2.0e-04 0.23
    20     100    3.4e+02    0    9.5e-01  -609.10200567  -308.13705302    -0.00000019   0.000098   1.5e-03   2.0e-04 0.23
 
RESULTS OF THE OCCUPATION OPTIMIZATION
========================================
   1    1.9995634  -11.21147485
   2    1.9995634  -11.21147459
   3    1.9995620  -11.21102471
   4    1.9995620  -11.21102444
   5    1.9995578  -11.20983625
   6    1.9995578  -11.20983613
   7    1.9995461  -11.19741049
   8    1.9995464  -11.19647983
   9    1.9899100  -0.96968957
  10    1.9824342  -0.81882151
  11    1.9817375  -0.81874801
  12    1.9817368  -0.81873845
  13    1.9816272  -0.81859337
  14    1.9816254  -0.81858572
  15    1.9822083  -0.81837770
  16    1.9748090  -0.74594235
  17    1.9746922  -0.74111884
  18    1.9770112  -0.69354357
  19    1.9770100  -0.69353733
  20    1.9756877  -0.69349011
  21    1.9756874  -0.69348929
  22    1.9768331  -0.69343941
  23    1.9768327  -0.69341809
  24    1.8993319  -0.43449048
  25    1.8925349  -0.43036231
  26    1.8910864  -0.40697163
  27    1.8910716  -0.40687160
  28    1.7688593  -0.34418878
  29    0.2311407  -0.05759913
  30    0.1089284  -0.03763535
  31    0.1089136  -0.03762930
  32    0.1074651  -0.03435705
  33    0.1006681  -0.03265245
  34    0.0231673  -0.01695531
  35    0.0231669  -0.01695531
  36    0.0243126  -0.01750852
  37    0.0243123  -0.01750836
  38    0.0229900  -0.01687852
  39    0.0229888  -0.01687796
  40    0.0253078  -0.01821121
  41    0.0251910  -0.01821358
  42    0.0177917  -0.01499486
  43    0.0183746  -0.01536357
  44    0.0183728  -0.01536267
  45    0.0182632  -0.01530614
  46    0.0182625  -0.01530583
  47    0.0175658  -0.01487910
  48    0.0100900  -0.00955925
  49    0.0004536  -0.00850279
  50    0.0004539  -0.00850645
  51    0.0004422  -0.00833504
  52    0.0004422  -0.00833494
  53    0.0004380  -0.00828658
  54    0.0004380  -0.00828676
  55    0.0004366  -0.00827548
  56    0.0004366  -0.00827545
 
----------------
 Final Energies 
----------------
Final NOF Total Energy =    -308.1370530
 
Total Orbital Internal Iterations = 1240
Total Occupation Internal Iterations = 29
 
Elapsed time: 3184.76 Seconds

---------------------------------
   Lowdin Population Analysis    
---------------------------------
 Idx  Atom   Population   Charge 
---------------------------------
  1     C     5.933       0.067
  2     H     1.068      -0.068
  3     C     5.926       0.074
  4     H     1.072      -0.072
  5     C     5.933       0.067
  6     H     1.068      -0.068
  7     C     5.933       0.067
  8     H     1.068      -0.068
  9     C     5.926       0.074
 10     H     1.072      -0.072
 11     C     5.933       0.067
 12     H     1.068      -0.068
 13     C     5.847       0.153
 14     H     1.144      -0.144
 15     C     5.856       0.144
 16     H     1.153      -0.153

---------------------------------
   M Diagnostic: 0.23
---------------------------------

