Computing Integrals
Elapsed time:   10.33 Seconds

Number of basis functions                   (NBF)    = 645
Number of auxiliary basis functions         (NBFAUX) = 591
Inactive Doubly occupied orbitals up to     (NO1)    = 0
No. considered Strongly Doubly occupied MOs (NDOC)   = 21
No. considered Strongly Singly occupied MOs (NSOC)   = 0
NO. of Weakly occ. per St. Doubly occ.  MOs (NCWO)   = 29
Dimension of the Nat. Orb. subspace         (NBF5)   = 630
No. of electrons                                     = 42
    No. of alpha electrons                           = 21
    No. of beta electrons                            = 21
Multiplicity                                         = 1

Geometry
========
 C       0.0000000       2.5330000       0.3016600
 C       0.0000000       1.2718300      -0.5518800
 C       0.0000000       0.0000000       0.2852800
 C       0.0000000      -1.2718300      -0.5518800
 C       0.0000000      -2.5330000       0.3016600
 H       0.0000000       3.4338700      -0.3098900
 H       0.8744400      -1.2692400      -1.2065400
 H      -0.8744400      -1.2692400      -1.2065400
 H       0.8796300       2.5651400       0.9443700
 H      -0.8796300       2.5651400       0.9443700
 H      -0.8751300       0.0000000       0.9418000
 H       0.8751300       0.0000000       0.9418000
 H      -0.8744400       1.2692400      -1.2065400
 H       0.8744400       1.2692400      -1.2065400
 H       0.0000000      -3.4338700      -0.3098900
 H       0.8796300      -2.5651400       0.9443700
 H      -0.8796300      -2.5651400       0.9443700

No violations of the orthonormality
Hartree-Fock
============

  Nitext  Nitint    Eelec          Etot           Ediff          maxdiff
     1      1  -231.61481820   -45.96079063    83.86477013     8.66219375 
     2     10  -353.20193920  -167.54791164    -4.14675593     5.75054202 
     3     10  -369.06172516  -183.40769760    -0.34988134     4.58151685 
     4     10  -372.56137346  -186.90734589    -0.87348784     4.35204916 
     5     10  -373.66155071  -188.00752315     0.47961913     4.20323379 
     6     10  -375.77449210  -190.12046453    -0.34832122     3.95950738 
     7     10  -375.62475211  -189.97072455     0.81253666     3.56617909 
     8     10  -376.94415696  -191.29012940    -0.05713966     3.12698562 
     9     10  -377.36823651  -191.71420894    -0.24021630     2.88396950 
    10     10  -377.28964862  -191.63562105     0.32195778     2.84362065 
    11     10  -377.85869668  -192.20466911    -0.03813150     2.54314091 
    12     10  -378.05008382  -192.39605625    -0.27007093     2.46670812 
    13     10  -378.55420453  -192.90017697    -0.21960940     2.59235796 
    14     10  -378.44545147  -192.79142391    -0.07011392     2.30888858 
    15     10  -378.55340360  -192.89937604     0.23925984     2.49560882 
    16     10  -378.82581581  -193.17178824     0.07502613     2.30646298 
    17     10  -379.24782222  -193.59379465    -0.43018538     2.20400072 
    18     10  -379.41902701  -193.76499944     0.18368014     2.01478081 
    19     10  -379.57779528  -193.92376771     0.02587284     2.04797949 
    20     10  -379.77072739  -194.11669982     0.12639093     1.77653930 
    21     10  -380.06742456  -194.41339699    -0.36096154     1.86244587 
    22     10  -380.23515848  -194.58113091    -0.21210010     1.71455785 
    23     10  -380.33070639  -194.67667882     0.01350494     1.71922661 
    24     10  -380.44271882  -194.78869125     0.01169472     1.73001679 
    25     10  -380.53458502  -194.88055745     0.06932976     1.58885355 
    26     10  -380.58586222  -194.93183466     0.02845548     1.60739544 
    27     10  -380.74038261  -195.08635504    -0.00031494     1.39552653 
    28     10  -380.76840361  -195.11437605    -0.11605529     1.39002999 
    29     10  -380.86214885  -195.20812128    -0.06832014     1.44139598 
    30     10  -380.84991442  -195.19588685     0.10317842     1.38928785 
No violations of the orthonormality
 
PNOF7/ADAM Calculation
==================
 
  Nitext  Nit_orb  Time   Nit_occ  Time         Eelec          Etot           Ediff      maxdiff    Grad_orb  Grad_occ
0.0009997899505905794
0.004218542388131028
     1      10    2.7e+02   13    6.4e+01  -381.59431647  -195.94028890 -10380.59431647   0.657486   1.1e+01   2.0e-04 0.00
0.00204437876856034
0.005080429231041416
     2      10    2.6e+02   40    9.1e+01  -381.14360234  -195.48957477     0.45071413   1.776002   2.7e+01   1.8e-04 0.00
0.00592326359348061
0.018205384582142315
     3      30    7.5e+02   33    8.1e+01  -382.26643426  -196.61240669    -1.12283192   0.451527   4.8e+00   3.0e-04 0.01
0.005583855094710821
0.020772971909096622
     4      30    7.6e+02   47    9.5e+01  -382.45930872  -196.80528115    -0.19287446   0.012229   2.8e-01   3.2e-04 0.02
0.004180518430437763
0.01441272812063084
     5      30    7.6e+02   36    7.2e+01  -382.55529641  -196.90126885    -0.09598769   0.008477   2.8e-01   3.2e-04 0.03
0.004306636710337708
0.01061965209783611
     6      30    7.6e+02   37    7.5e+01  -382.60645017  -196.95242261    -0.05115376   0.011363   2.4e-01   2.3e-04 0.03
0.004056493806962491
0.009355045633086655
     7      30    7.7e+02   15    3.6e+01  -382.63772365  -196.98369608    -0.03127347   0.010556   1.9e-01   2.4e-04 0.03
0.004422396343992219
0.008619576323320478
     8      30    7.6e+02   14    3.4e+01  -382.65799084  -197.00396327    -0.02026719   0.009193   1.6e-01   2.2e-04 0.03
0.0042050537597410065
0.006520929423314089
     9      30    7.6e+02   13    3.4e+01  -382.66920109  -197.01517352    -0.01121025   0.006655   1.4e-01   2.1e-04 0.03
0.001994615161031721
0.003019882314631764
    10      30    7.7e+02    6    2.0e+01  -382.67326077  -197.01923320    -0.00405968   0.004060   9.8e-02   2.8e-04 0.03
0.0008300417453389608
0.0011854984758846337
    11      30    7.6e+02   11    2.7e+01  -382.67426602  -197.02023845    -0.00100525   0.003771   8.8e-02   1.9e-04 0.03
0.00026054884359150154
0.000467491851775386
    12      30    7.7e+02    3    1.4e+01  -382.67469051  -197.02066295    -0.00042450   0.002982   7.5e-02   2.1e-04 0.03
0.00018012790450694371
0.00038603926139026
    13      30    7.6e+02    5    1.8e+01  -382.67478428  -197.02075672    -0.00009377   0.005226   8.2e-02   2.5e-04 0.03
0.00013065580475193276
0.00032422092873029363
    14      30    7.7e+02    2    1.3e+01  -382.67495331  -197.02092574    -0.00016902   0.002927   6.4e-02   2.7e-04 0.03
0.00017318237924423565
0.0002625543604626958
    15      30    7.7e+02    3    1.5e+01  -382.67502896  -197.02100139    -0.00007565   0.003279   5.9e-02   2.2e-04 0.03
0.00014005251480577038
0.0002178591687852322
    16      30    7.7e+02    3    1.5e+01  -382.67506985  -197.02104229    -0.00004090   0.003460   6.0e-02   1.7e-04 0.03
0.0
0.0
    17      30    7.6e+02    0    9.8e+00  -382.67511308  -197.02108552    -0.00004323   0.003415   5.5e-02   2.3e-04 0.03
0.00016710029443234298
0.0002707608033257496
    18      40    9.9e+02    1    1.1e+01  -382.67520034  -197.02117278    -0.00008726   0.001228   1.6e-02   1.9e-04 0.03
0.0
0.0
    19      40    9.9e+02    0    9.7e+00  -382.67520079  -197.02117323    -0.00000045   0.000744   1.5e-02   1.8e-04 0.03
0.0
0.0
    20      70    1.7e+03    0    9.6e+00  -382.67522257  -197.02119501    -0.00002178   0.000275   1.2e-03   1.7e-04 0.03
0.0
0.0
    21      80    2.0e+03    0    1.0e+01  -382.67522403  -197.02119647    -0.00000146   0.000886   3.7e-03   1.8e-04 0.03
0.0
0.0
    22      90    2.3e+03    0    1.0e+01  -382.67522552  -197.02119796    -0.00000149   0.000187   1.0e-03   1.8e-04 0.03
0.0
0.0
    23      62    1.6e+03    0    1.0e+01  -382.67522558  -197.02119802    -0.00000006   0.000065   7.2e-04   1.8e-04 0.03
 
RESULTS OF THE OCCUPATION OPTIMIZATION
========================================
   1    1.9992943  -11.20900043
   2    1.9992951  -11.20894586
   3    1.9992985  -11.20705522
   4    1.9992979  -11.20704373
   5    1.9992924  -11.20701847
   6    1.9678170  -0.70919222
   7    1.9677128  -0.70783989
   8    1.9671613  -0.70697005
   9    1.9668110  -0.70513054
  10    1.9684871  -0.66901046
  11    1.9685219  -0.66895812
  12    1.9685092  -0.66889904
  13    1.9684278  -0.66861236
  14    1.9684469  -0.66845433
  15    1.9683876  -0.66826908
  16    1.9681944  -0.66811882
  17    1.9681666  -0.66809768
  18    1.9681541  -0.66807778
  19    1.9681464  -0.66790557
  20    1.9680600  -0.66732426
  21    1.9680352  -0.66707444
  22    0.0222943  -0.01601720
  23    0.0222787  -0.01601842
  24    0.0222560  -0.01601700
  25    0.0222387  -0.01600506
  26    0.0222499  -0.01600889
  27    0.0222123  -0.01599725
  28    0.0217116  -0.01569164
  29    0.0216433  -0.01566100
  30    0.0216811  -0.01567807
  31    0.0216462  -0.01566665
  32    0.0216160  -0.01565450
  33    0.0216491  -0.01566413
  34    0.0267644  -0.01933184
  35    0.0266538  -0.01928826
  36    0.0271041  -0.01958609
  37    0.0270117  -0.01956623
  38    0.0004403  -0.00816703
  39    0.0004407  -0.00816793
  40    0.0004405  -0.00816750
  41    0.0004394  -0.00815398
  42    0.0004397  -0.00815507
  43    0.0044900  -0.00451473
  44    0.0044664  -0.00451022
  45    0.0044936  -0.00452259
  46    0.0045058  -0.00452783
  47    0.0045046  -0.00452941
  48    0.0045019  -0.00452933
  49    0.0049261  -0.00480385
  50    0.0049231  -0.00479702
  51    0.0049102  -0.00479268
  52    0.0048810  -0.00477857
  53    0.0049368  -0.00480574
  54    0.0049433  -0.00480726
  55    0.0037864  -0.00389630
  56    0.0033791  -0.00365974
  57    0.0026078  -0.00308320
  58    0.0025293  -0.00304781
  59    0.0000859  -0.00119282
  60    0.0000842  -0.00116505
  61    0.0000841  -0.00116432
  62    0.0000860  -0.00118988
  63    0.0000859  -0.00118917
  64    0.0022069  -0.00247102
  65    0.0022603  -0.00249753
  66    0.0022137  -0.00248352
  67    0.0022509  -0.00250338
  68    0.0022846  -0.00252110
  69    0.0022852  -0.00251950
  70    0.0021204  -0.00238606
  71    0.0020712  -0.00235976
  72    0.0021642  -0.00241286
  73    0.0021383  -0.00239862
  74    0.0020930  -0.00236649
  75    0.0021556  -0.00240552
  76    0.0010363  -0.00149284
  77    0.0010381  -0.00149219
  78    0.0010502  -0.00152450
  79    0.0010428  -0.00151968
  80    0.0000857  -0.00118279
  81    0.0000822  -0.00113521
  82    0.0000824  -0.00113969
  83    0.0000853  -0.00117722
  84    0.0000851  -0.00117587
  85    0.0021563  -0.00240907
  86    0.0020862  -0.00236334
  87    0.0020736  -0.00233755
  88    0.0020111  -0.00229942
  89    0.0019556  -0.00226436
  90    0.0019585  -0.00226236
  91    0.0020177  -0.00228036
  92    0.0020537  -0.00229813
  93    0.0019476  -0.00223673
  94    0.0019273  -0.00222486
  95    0.0019584  -0.00223784
  96    0.0018917  -0.00219433
  97    0.0009485  -0.00138717
  98    0.0009989  -0.00141856
  99    0.0009057  -0.00135199
 100    0.0008943  -0.00134539
 101    0.0000820  -0.00113026
 102    0.0000822  -0.00113407
 103    0.0000813  -0.00112408
 104    0.0000821  -0.00113034
 105    0.0000827  -0.00113406
 106    0.0001446  -0.00026101
 107    0.0001712  -0.00027843
 108    0.0001507  -0.00026696
 109    0.0001554  -0.00027013
 110    0.0001530  -0.00026641
 111    0.0001576  -0.00027239
 112    0.0001487  -0.00026107
 113    0.0001574  -0.00026668
 114    0.0001625  -0.00027305
 115    0.0001757  -0.00027815
 116    0.0001683  -0.00027333
 117    0.0001749  -0.00028262
 118    0.0002185  -0.00037268
 119    0.0002525  -0.00040756
 120    0.0002015  -0.00036181
 121    0.0002698  -0.00043109
 122    0.0000083  -0.00035573
 123    0.0000085  -0.00035581
 124    0.0000085  -0.00035267
 125    0.0000087  -0.00035484
 126    0.0000088  -0.00035716
 127    0.0001252  -0.00024322
 128    0.0001449  -0.00025590
 129    0.0001396  -0.00024929
 130    0.0001462  -0.00025563
 131    0.0001297  -0.00024240
 132    0.0001462  -0.00025496
 133    0.0001472  -0.00025906
 134    0.0001478  -0.00025924
 135    0.0001419  -0.00025511
 136    0.0001483  -0.00025845
 137    0.0001579  -0.00026679
 138    0.0001355  -0.00024877
 139    0.0001500  -0.00029768
 140    0.0002136  -0.00036831
 141    0.0001302  -0.00027533
 142    0.0002148  -0.00037668
 143    0.0000008  -0.00001393
 144    0.0000011  -0.00000980
 145    0.0000016  -0.00001264
 146    0.0000007  -0.00003429
 147    0.0000007  -0.00002076
 148    0.0001074  -0.00020044
 149    0.0001108  -0.00020187
 150    0.0001077  -0.00020063
 151    0.0001154  -0.00020942
 152    0.0001190  -0.00021104
 153    0.0001246  -0.00021399
 154    0.0001123  -0.00021068
 155    0.0001175  -0.00021444
 156    0.0001279  -0.00022196
 157    0.0001272  -0.00022020
 158    0.0001165  -0.00021366
 159    0.0001288  -0.00022800
 160    0.0000868  -0.00016061
 161    0.0000662  -0.00013309
 162    0.0000741  -0.00017289
 163    0.0000561  -0.00014200
 164    0.0000004  -0.00002304
 165    0.0000008  -0.00000816
 166    0.0000007  -0.00003256
 167    0.0000002  -0.00000219
 168    0.0000005  -0.00001788
 169    0.0001022  -0.00019817
 170    0.0001018  -0.00020008
 171    0.0001020  -0.00019837
 172    0.0001026  -0.00020038
 173    0.0001112  -0.00020516
 174    0.0001012  -0.00020029
 175    0.0001056  -0.00020111
 176    0.0001034  -0.00019832
 177    0.0001050  -0.00020332
 178    0.0000982  -0.00019302
 179    0.0001148  -0.00021174
 180    0.0001055  -0.00020288
 181    0.0000598  -0.00014902
 182    0.0000610  -0.00014129
 183    0.0000533  -0.00014245
 184    0.0000334  -0.00010151
 185    0.0000003  -0.00000194
 186    0.0000004  -0.00002937
 187    0.0000004  -0.00000386
 188    0.0000002  -0.00000114
 189    0.0000003  -0.00000222
 190    0.0001003  -0.00019281
 191    0.0000958  -0.00018864
 192    0.0000922  -0.00018795
 193    0.0000914  -0.00018807
 194    0.0000935  -0.00018881
 195    0.0000971  -0.00019049
 196    0.0000934  -0.00019232
 197    0.0000959  -0.00019160
 198    0.0000881  -0.00019001
 199    0.0000916  -0.00018708
 200    0.0000840  -0.00018467
 201    0.0000853  -0.00018665
 202    0.0000390  -0.00011390
 203    0.0000385  -0.00010972
 204    0.0000464  -0.00010143
 205    0.0000220  -0.00007073
 206    0.0000003  -0.00000134
 207    0.0000003  -0.00000204
 208    0.0000002  -0.00000141
 209    0.0000002  -0.00000096
 210    0.0000002  -0.00000115
 211    0.0000569  -0.00014481
 212    0.0000455  -0.00013597
 213    0.0000580  -0.00014484
 214    0.0000571  -0.00014601
 215    0.0000530  -0.00014334
 216    0.0000509  -0.00014124
 217    0.0000609  -0.00015096
 218    0.0000669  -0.00015284
 219    0.0000592  -0.00014975
 220    0.0000497  -0.00014078
 221    0.0000655  -0.00015324
 222    0.0000685  -0.00015455
 223    0.0000249  -0.00006468
 224    0.0000271  -0.00005887
 225    0.0000333  -0.00008026
 226    0.0000215  -0.00005300
 227    0.0000002  -0.00000107
 228    0.0000003  -0.00000134
 229    0.0000002  -0.00000112
 230    0.0000001  -0.00000081
 231    0.0000002  -0.00000093
 232    0.0000417  -0.00009006
 233    0.0000371  -0.00008789
 234    0.0000357  -0.00008456
 235    0.0000355  -0.00008662
 236    0.0000404  -0.00009182
 237    0.0000381  -0.00008707
 238    0.0000383  -0.00008659
 239    0.0000373  -0.00008686
 240    0.0000430  -0.00008935
 241    0.0000389  -0.00008671
 242    0.0000414  -0.00008955
 243    0.0000433  -0.00009046
 244    0.0000160  -0.00004544
 245    0.0000179  -0.00004820
 246    0.0000290  -0.00005756
 247    0.0000153  -0.00004574
 248    0.0000002  -0.00000100
 249    0.0000002  -0.00000106
 250    0.0000002  -0.00000106
 251    0.0000001  -0.00000079
 252    0.0000001  -0.00000078
 253    0.0000316  -0.00008263
 254    0.0000252  -0.00007194
 255    0.0000294  -0.00007780
 256    0.0000331  -0.00008237
 257    0.0000329  -0.00008195
 258    0.0000277  -0.00007572
 259    0.0000350  -0.00008210
 260    0.0000271  -0.00007473
 261    0.0000388  -0.00008527
 262    0.0000228  -0.00006815
 263    0.0000271  -0.00007445
 264    0.0000286  -0.00007618
 265    0.0000157  -0.00004499
 266    0.0000161  -0.00004716
 267    0.0000124  -0.00004121
 268    0.0000138  -0.00004689
 269    0.0000002  -0.00000106
 270    0.0000001  -0.00000088
 271    0.0000002  -0.00000097
 272    0.0000001  -0.00000074
 273    0.0000001  -0.00000074
 274    0.0000255  -0.00007365
 275    0.0000222  -0.00006658
 276    0.0000276  -0.00007504
 277    0.0000274  -0.00007512
 278    0.0000228  -0.00006931
 279    0.0000269  -0.00007450
 280    0.0000247  -0.00007131
 281    0.0000268  -0.00007187
 282    0.0000254  -0.00007257
 283    0.0000181  -0.00006166
 284    0.0000246  -0.00007119
 285    0.0000261  -0.00007270
 286    0.0000067  -0.00002411
 287    0.0000108  -0.00003153
 288    0.0000072  -0.00002549
 289    0.0000095  -0.00003257
 290    0.0000002  -0.00000092
 291    0.0000001  -0.00000069
 292    0.0000001  -0.00000090
 293    0.0000001  -0.00000079
 294    0.0000001  -0.00000072
 295    0.0000144  -0.00003815
 296    0.0000184  -0.00003969
 297    0.0000119  -0.00003621
 298    0.0000143  -0.00003836
 299    0.0000161  -0.00004043
 300    0.0000157  -0.00003972
 301    0.0000150  -0.00003732
 302    0.0000129  -0.00003611
 303    0.0000136  -0.00003648
 304    0.0000166  -0.00003678
 305    0.0000132  -0.00003638
 306    0.0000117  -0.00003389
 307    0.0000063  -0.00002211
 308    0.0000092  -0.00002090
 309    0.0000044  -0.00001894
 310    0.0000080  -0.00002718
 311    0.0000002  -0.00000088
 312    0.0000001  -0.00000055
 313    0.0000001  -0.00000063
 314    0.0000001  -0.00000061
 315    0.0000001  -0.00000063
 316    0.0000121  -0.00003070
 317    0.0000160  -0.00003725
 318    0.0000110  -0.00003201
 319    0.0000117  -0.00003298
 320    0.0000141  -0.00003530
 321    0.0000104  -0.00003174
 322    0.0000101  -0.00003258
 323    0.0000111  -0.00003406
 324    0.0000123  -0.00003445
 325    0.0000156  -0.00003666
 326    0.0000094  -0.00003107
 327    0.0000095  -0.00003038
 328    0.0000046  -0.00001421
 329    0.0000088  -0.00002568
 330    0.0000043  -0.00001816
 331    0.0000061  -0.00002091
 332    0.0000002  -0.00000087
 333    0.0000001  -0.00000057
 334    0.0000001  -0.00000068
 335    0.0000001  -0.00000064
 336    0.0000001  -0.00000065
 337    0.0000085  -0.00002645
 338    0.0000114  -0.00002837
 339    0.0000078  -0.00002711
 340    0.0000090  -0.00002727
 341    0.0000092  -0.00002893
 342    0.0000091  -0.00002864
 343    0.0000073  -0.00002424
 344    0.0000104  -0.00002772
 345    0.0000091  -0.00002572
 346    0.0000109  -0.00002837
 347    0.0000083  -0.00002529
 348    0.0000089  -0.00002564
 349    0.0000043  -0.00001675
 350    0.0000065  -0.00001937
 351    0.0000039  -0.00001186
 352    0.0000048  -0.00001351
 353    0.0000002  -0.00000085
 354    0.0000001  -0.00000050
 355    0.0000001  -0.00000053
 356    0.0000001  -0.00000062
 357    0.0000001  -0.00000061
 358    0.0000069  -0.00002508
 359    0.0000086  -0.00002383
 360    0.0000066  -0.00002513
 361    0.0000071  -0.00002521
 362    0.0000074  -0.00002636
 363    0.0000081  -0.00002749
 364    0.0000066  -0.00002294
 365    0.0000076  -0.00002570
 366    0.0000087  -0.00002522
 367    0.0000105  -0.00002802
 368    0.0000080  -0.00001949
 369    0.0000086  -0.00002038
 370    0.0000036  -0.00000906
 371    0.0000055  -0.00001426
 372    0.0000030  -0.00000898
 373    0.0000043  -0.00001180
 374    0.0000002  -0.00000086
 375    0.0000001  -0.00000043
 376    0.0000001  -0.00000049
 377    0.0000001  -0.00000059
 378    0.0000001  -0.00000053
 379    0.0000067  -0.00001754
 380    0.0000075  -0.00002180
 381    0.0000059  -0.00001761
 382    0.0000057  -0.00001777
 383    0.0000071  -0.00001772
 384    0.0000063  -0.00001712
 385    0.0000055  -0.00001530
 386    0.0000061  -0.00001739
 387    0.0000082  -0.00001797
 388    0.0000091  -0.00001808
 389    0.0000078  -0.00002341
 390    0.0000070  -0.00002086
 391    0.0000029  -0.00000802
 392    0.0000049  -0.00001292
 393    0.0000024  -0.00000786
 394    0.0000036  -0.00000989
 395    0.0000002  -0.00000085
 396    0.0000001  -0.00000040
 397    0.0000001  -0.00000049
 398    0.0000001  -0.00000061
 399    0.0000001  -0.00000053
 400    0.0000056  -0.00001614
 401    0.0000071  -0.00001746
 402    0.0000053  -0.00001631
 403    0.0000044  -0.00001510
 404    0.0000052  -0.00001652
 405    0.0000053  -0.00001687
 406    0.0000047  -0.00001823
 407    0.0000053  -0.00001813
 408    0.0000039  -0.00001757
 409    0.0000084  -0.00001736
 410    0.0000059  -0.00001763
 411    0.0000061  -0.00001870
 412    0.0000025  -0.00000696
 413    0.0000046  -0.00000985
 414    0.0000023  -0.00000649
 415    0.0000029  -0.00000822
 416    0.0000002  -0.00000082
 417    0.0000001  -0.00000041
 418    0.0000001  -0.00000046
 419    0.0000001  -0.00000059
 420    0.0000001  -0.00000053
 421    0.0000050  -0.00001718
 422    0.0000056  -0.00001704
 423    0.0000050  -0.00001626
 424    0.0000040  -0.00001481
 425    0.0000046  -0.00001551
 426    0.0000045  -0.00001698
 427    0.0000038  -0.00001215
 428    0.0000050  -0.00001544
 429    0.0000036  -0.00001111
 430    0.0000082  -0.00001542
 431    0.0000039  -0.00001581
 432    0.0000053  -0.00001756
 433    0.0000022  -0.00000529
 434    0.0000039  -0.00000931
 435    0.0000020  -0.00000578
 436    0.0000027  -0.00000802
 437    0.0000002  -0.00000081
 438    0.0000001  -0.00000043
 439    0.0000001  -0.00000041
 440    0.0000001  -0.00000060
 441    0.0000001  -0.00000049
 442    0.0000043  -0.00001387
 443    0.0000037  -0.00001647
 444    0.0000040  -0.00001363
 445    0.0000040  -0.00001340
 446    0.0000043  -0.00001626
 447    0.0000039  -0.00001450
 448    0.0000035  -0.00001148
 449    0.0000043  -0.00001380
 450    0.0000032  -0.00001163
 451    0.0000073  -0.00001671
 452    0.0000033  -0.00001198
 453    0.0000036  -0.00001171
 454    0.0000019  -0.00000441
 455    0.0000031  -0.00000726
 456    0.0000019  -0.00000408
 457    0.0000026  -0.00000620
 458    0.0000002  -0.00000079
 459    0.0000001  -0.00000036
 460    0.0000001  -0.00000039
 461    0.0000001  -0.00000063
 462    0.0000001  -0.00000052
 463    0.0000037  -0.00001183
 464    0.0000029  -0.00001074
 465    0.0000031  -0.00001130
 466    0.0000035  -0.00001231
 467    0.0000031  -0.00001175
 468    0.0000039  -0.00001285
 469    0.0000031  -0.00001171
 470    0.0000043  -0.00001341
 471    0.0000029  -0.00001068
 472    0.0000068  -0.00001596
 473    0.0000024  -0.00001058
 474    0.0000030  -0.00001070
 475    0.0000014  -0.00000183
 476    0.0000028  -0.00000672
 477    0.0000018  -0.00000338
 478    0.0000021  -0.00000413
 479    0.0000002  -0.00000080
 480    0.0000001  -0.00000038
 481    0.0000001  -0.00000040
 482    0.0000001  -0.00000054
 483    0.0000001  -0.00000047
 484    0.0000033  -0.00001128
 485    0.0000029  -0.00001096
 486    0.0000028  -0.00001038
 487    0.0000034  -0.00001116
 488    0.0000029  -0.00001066
 489    0.0000024  -0.00000998
 490    0.0000024  -0.00000946
 491    0.0000033  -0.00001142
 492    0.0000025  -0.00000928
 493    0.0000058  -0.00001365
 494    0.0000023  -0.00000903
 495    0.0000030  -0.00000996
 496    0.0000011  -0.00000185
 497    0.0000027  -0.00000512
 498    0.0000011  -0.00000181
 499    0.0000020  -0.00000416
 500    0.0000002  -0.00000076
 501    0.0000001  -0.00000038
 502    0.0000001  -0.00000037
 503    0.0000001  -0.00000055
 504    0.0000001  -0.00000048
 505    0.0000031  -0.00000929
 506    0.0000023  -0.00000629
 507    0.0000024  -0.00000759
 508    0.0000021  -0.00000697
 509    0.0000021  -0.00000713
 510    0.0000017  -0.00000597
 511    0.0000020  -0.00000730
 512    0.0000026  -0.00000843
 513    0.0000021  -0.00000713
 514    0.0000055  -0.00001634
 515    0.0000021  -0.00000746
 516    0.0000026  -0.00000828
 517    0.0000010  -0.00000157
 518    0.0000027  -0.00000485
 519    0.0000009  -0.00000154
 520    0.0000019  -0.00000377
 521    0.0000002  -0.00000078
 522    0.0000001  -0.00000035
 523    0.0000001  -0.00000036
 524    0.0000001  -0.00000051
 525    0.0000001  -0.00000045
 526    0.0000023  -0.00000589
 527    0.0000018  -0.00000564
 528    0.0000023  -0.00000714
 529    0.0000020  -0.00000328
 530    0.0000017  -0.00000359
 531    0.0000016  -0.00000279
 532    0.0000018  -0.00000388
 533    0.0000025  -0.00000616
 534    0.0000019  -0.00000359
 535    0.0000051  -0.00000791
 536    0.0000019  -0.00000435
 537    0.0000021  -0.00000458
 538    0.0000009  -0.00000137
 539    0.0000024  -0.00000374
 540    0.0000009  -0.00000158
 541    0.0000017  -0.00000356
 542    0.0000002  -0.00000078
 543    0.0000001  -0.00000036
 544    0.0000001  -0.00000033
 545    0.0000001  -0.00000052
 546    0.0000001  -0.00000044
 547    0.0000020  -0.00000353
 548    0.0000018  -0.00000343
 549    0.0000018  -0.00000334
 550    0.0000014  -0.00000264
 551    0.0000016  -0.00000317
 552    0.0000014  -0.00000253
 553    0.0000015  -0.00000318
 554    0.0000023  -0.00000473
 555    0.0000016  -0.00000303
 556    0.0000046  -0.00000933
 557    0.0000017  -0.00000350
 558    0.0000019  -0.00000460
 559    0.0000009  -0.00000147
 560    0.0000023  -0.00000307
 561    0.0000008  -0.00000134
 562    0.0000016  -0.00000205
 563    0.0000002  -0.00000074
 564    0.0000001  -0.00000038
 565    0.0000000  -0.00000035
 566    0.0000001  -0.00000057
 567    0.0000001  -0.00000043
 568    0.0000014  -0.00000270
 569    0.0000016  -0.00000320
 570    0.0000015  -0.00000295
 571    0.0000011  -0.00000144
 572    0.0000015  -0.00000250
 573    0.0000011  -0.00000161
 574    0.0000014  -0.00000161
 575    0.0000018  -0.00000350
 576    0.0000014  -0.00000264
 577    0.0000046  -0.00000888
 578    0.0000016  -0.00000316
 579    0.0000016  -0.00000354
 580    0.0000009  -0.00000100
 581    0.0000022  -0.00000315
 582    0.0000008  -0.00000118
 583    0.0000015  -0.00000200
 584    0.0000002  -0.00000074
 585    0.0000001  -0.00000036
 586    0.0000000  -0.00000034
 587    0.0000001  -0.00000054
 588    0.0000001  -0.00000042
 589    0.0000014  -0.00000233
 590    0.0000012  -0.00000181
 591    0.0000013  -0.00000153
 592    0.0000011  -0.00000143
 593    0.0000013  -0.00000190
 594    0.0000010  -0.00000142
 595    0.0000010  -0.00000157
 596    0.0000013  -0.00000184
 597    0.0000013  -0.00000208
 598    0.0000045  -0.00000775
 599    0.0000012  -0.00000151
 600    0.0000009  -0.00000128
 601    0.0000008  -0.00000109
 602    0.0000019  -0.00000305
 603    0.0000007  -0.00000111
 604    0.0000015  -0.00000170
 605    0.0000002  -0.00000074
 606    0.0000000  -0.00000032
 607    0.0000000  -0.00000035
 608    0.0000001  -0.00000053
 609    0.0000001  -0.00000041
 610    0.0000013  -0.00000162
 611    0.0000011  -0.00000158
 612    0.0000009  -0.00000139
 613    0.0000009  -0.00000101
 614    0.0000012  -0.00000162
 615    0.0000009  -0.00000115
 616    0.0000008  -0.00000125
 617    0.0000009  -0.00000147
 618    0.0000011  -0.00000158
 619    0.0000042  -0.00000624
 620    0.0000007  -0.00000121
 621    0.0000009  -0.00000129
 622    0.0000007  -0.00000109
 623    0.0000016  -0.00000170
 624    0.0000007  -0.00000099
 625    0.0000014  -0.00000184
 626    0.0000002  -0.00000076
 627    0.0000000  -0.00000032
 628    0.0000000  -0.00000033
 629    0.0000001  -0.00000053
 630    0.0000001  -0.00000040
 
----------------
 Final Energies 
----------------
       HF Total Energy =    -195.1958869
Final NOF Total Energy =    -197.0211980
    Correlation Energy =      -1.8253112
 
Total Orbital Internal Iterations = 852
Total Occupation Internal Iterations = 282
 
Elapsed time: 30257.94 Seconds

---------------------------------
   Lowdin Population Analysis    
---------------------------------
 Idx  Atom   Population   Charge 
---------------------------------
  1     C     5.776       0.224
  2     C     5.917       0.083
  3     C     5.912       0.088
  4     C     5.917       0.083
  5     C     5.776       0.224
  6     H     1.068      -0.068
  7     H     1.054      -0.054
  8     H     1.054      -0.054
  9     H     1.064      -0.064
 10     H     1.064      -0.064
 11     H     1.048      -0.048
 12     H     1.048      -0.048
 13     H     1.054      -0.054
 14     H     1.054      -0.054
 15     H     1.068      -0.068
 16     H     1.064      -0.064
 17     H     1.064      -0.064

---------------------------------
   M Diagnostic: 0.03
---------------------------------

