Computing Integrals
Elapsed time:    3.92 Seconds

Number of basis functions                   (NBF)    = 100
Number of auxiliary basis functions         (NBFAUX) = 146
Inactive Doubly occupied orbitals up to     (NO1)    = 0
No. considered Strongly Doubly occupied MOs (NDOC)   = 9
No. considered Strongly Singly occupied MOs (NSOC)   = 0
NO. of Weakly occ. per St. Doubly occ.  MOs (NCWO)   = 10
Dimension of the Nat. Orb. subspace         (NBF5)   = 99
No. of electrons                                     = 18
    No. of alpha electrons                           = 9
    No. of beta electrons                            = 9
Multiplicity                                         = 1

Geometry
========
 S       0.7716100       1.3262700      -0.9387200
 H      -0.1907500       1.8427400      -1.7174800

No violations of the orthonormality
Hartree-Fock
============

  Nitext  Nitint    Eelec          Etot           Ediff          maxdiff
     1      1  -156.17709110  -149.86514932   183.86283896    42.26407161 
     2     10  -372.90561760  -366.59367583    -3.64676339    15.15336584 
     3     10  -394.13485019  -387.82290842     0.13639738    12.59641872 
     4     10  -399.39076267  -393.07882090     0.98882191     9.53031858 
     5     10  -400.43598997  -394.12404820    -0.58878978     5.10251850 
     6     10  -401.78780879  -395.47586701    -0.66720182     6.33542506 
     7     10  -402.13514229  -395.82320051     0.32962353    10.22515787 
     8     10  -401.67610750  -395.36416573     0.67522077    12.54489781 
     9     10  -402.51056374  -396.19862197     0.47259877    10.32086301 
    10     10  -403.06777994  -396.75583817     0.74242263    11.24129576 
    11     10  -404.07984046  -397.76789868    -0.60995804     3.31554609 
    12     10  -404.06863890  -397.75669713    -0.04262980     4.30328010 
    13     10  -403.59228213  -397.28034036     0.22999145     7.56734265 
    14     10  -403.90583423  -397.59389245    -0.42291186     6.37450108 
    15     10  -403.43234057  -397.12039879    -0.29920240     8.88857284 
    16     10  -403.72042546  -397.40848368     0.12523099     7.71768618 
    17     10  -404.12405325  -397.81211147    -0.68413511     6.45714479 
    18     10  -403.61308217  -397.30114039     0.05957625     8.53061739 
    19     10  -403.85994569  -397.54800391     0.01875411     6.89476279 
    20     10  -404.08686302  -397.77492125    -0.58479848     5.22366560 
    21     10  -403.77994472  -397.46800295    -0.32531560     9.25899296 
    22     10  -403.66586181  -397.35392004     0.52833786     8.10656621 
    23     10  -403.83270560  -397.52076382    -0.08574103     9.10641597 
    24     10  -403.71446369  -397.40252191     0.23712082     6.95894661 
    25     10  -403.99764951  -397.68570774     0.31681222     6.07002313 
    26     10  -404.28214134  -397.97019957     0.03504647     3.70574125 
    27     10  -404.30211825  -397.99017647    -0.08223163     3.56238445 
    28     10  -404.20803893  -397.89609715     0.15264242     5.00722166 
    29     10  -404.39646880  -398.08452702    -0.37310763     2.25104617 
    30     10  -404.08961558  -397.77767380     0.14578555     5.34343213 
No violations of the orthonormality
 
PNOF7/ADAM Calculation
==================
 
  Nitext  Nit_orb  Time   Nit_occ  Time         Eelec          Etot           Ediff      maxdiff    Grad_orb  Grad_occ
0.0009868163211990133
0.002911375299358532
     1      10    4.9e+01   14    3.4e+01  -404.21865963  -397.90671785 -10403.21865963   0.098267   1.5e+00   2.2e-04 0.00
0.0007234223111406424
0.0012572815250428144
     2      10    2.3e+01   22    4.1e-01  -404.48014345  -398.16820168    -0.26148382   0.078149   1.5e+00   1.6e-04 0.00
0.0024907915828467075
0.004241734120634076
     3      10    3.0e+01   15    3.4e-01  -404.50197496  -398.19003318    -0.02183151   0.236142   2.4e+00   2.2e-04 0.00
0.006107541464945743
0.009366783852692897
     4      10    2.8e+01   13    2.8e-01  -404.51472743  -398.20278566    -0.01275247   0.161599   2.3e+00   2.0e-04 0.01
0.007494213055248111
0.011135942680713624
     5      10    3.0e+01   11    1.6e-01  -404.52559687  -398.21365509    -0.01086943   0.330900   3.8e+00   2.1e-04 0.03
0.004793563472420326
0.00802790392314627
     6      10    3.0e+01   17    2.5e-01  -404.54019763  -398.22825586    -0.01460076   0.341948   4.3e+00   1.9e-04 0.03
0.002699847682165024
0.005016948486558916
     7      10    3.0e+01   11    2.1e-01  -404.55649243  -398.24455065    -0.01629480   0.372848   4.3e+00   2.2e-04 0.04
0.0026954175944742254
0.004653507805354995
     8      10    2.9e+01   14    2.3e-01  -404.55722517  -398.24528340    -0.00073274   0.342137   3.7e+00   1.4e-04 0.04
0.0028171345972035633
0.004075873488008659
     9      30    9.6e+01    7    1.6e-01  -404.59444869  -398.28250692    -0.03722352   0.004078   2.8e-02   1.6e-04 0.04
0.002496002326438984
0.0033019660645913725
    10      30    9.3e+01    6    1.5e-01  -404.59695604  -398.28501426    -0.00250735   0.003816   3.0e-02   1.8e-04 0.04
0.0025985076055056178
0.0033752608460216075
    11      30    9.2e+01    6    1.4e-01  -404.59867425  -398.28673248    -0.00171821   0.001174   2.0e-02   1.7e-04 0.04
0.0024778324138716723
0.0032457837161136605
    12      30    9.4e+01    6    1.9e-01  -404.60003937  -398.28809760    -0.00136512   0.001337   1.7e-02   1.7e-04 0.04
0.002032566558925919
0.0026481969306607536
    13      30    8.5e+01    6    1.4e-01  -404.60093887  -398.28899709    -0.00089950   0.001990   2.3e-02   2.1e-04 0.04
0.0012989693618837839
0.001746762552419127
    14      30    8.8e+01    7    1.4e-01  -404.60146942  -398.28952765    -0.00053055   0.002266   2.4e-02   1.6e-04 0.04
0.0006671704147829249
0.0010114792419015973
    15      30    8.7e+01    3    6.3e-02  -404.60174083  -398.28979905    -0.00027141   0.003230   2.7e-02   1.4e-04 0.04
0.0005533559564366852
0.0007419803859646814
    16      30    8.4e+01    6    9.9e-02  -404.60182516  -398.28988339    -0.00008434   0.002710   2.5e-02   1.8e-04 0.04
0.00023402721100074242
0.0004322000171253427
    17      30    9.0e+01    1    6.1e-02  -404.60187253  -398.28993075    -0.00004736   0.001751   2.4e-02   1.3e-04 0.04
0.00022982970651330703
0.00030135670443128085
    18      30    7.7e+01    1    1.0e-01  -404.60190025  -398.28995847    -0.00002772   0.001913   2.2e-02   1.2e-04 0.04
0.0
0.0
    19      30    8.7e+01    0    2.5e-02  -404.60190627  -398.28996450    -0.00000602   0.001273   2.1e-02   1.8e-04 0.04
0.0
0.0
    20      40    1.1e+02    0    3.9e-02  -404.60195337  -398.29001160    -0.00004710   0.000775   1.0e-02   1.6e-04 0.04
0.0
0.0
    21      50    1.3e+02    0    1.1e-01  -404.60197101  -398.29002924    -0.00001764   0.000474   6.0e-03   1.9e-04 0.04
0.0
0.0
    22      60    1.6e+02    0    2.5e-02  -404.60198101  -398.29003924    -0.00001000   0.000239   2.9e-03   1.9e-04 0.04
0.0
0.0
    23      70    2.0e+02    0    4.6e-02  -404.60198670  -398.29004493    -0.00000569   0.000223   2.2e-03   2.1e-04 0.04
0.0
0.0
    24      80    2.2e+02    0    4.3e-02  -404.60199119  -398.29004942    -0.00000449   0.000130   1.1e-03   2.2e-04 0.04
0.00020914596714183276
0.00035600673981379304
    25      90    2.7e+02    1    4.6e-02  -404.60199448  -398.29005270    -0.00000328   0.000102   9.6e-04   1.4e-04 0.04
0.0
0.0
    26      90    2.8e+02    0    1.8e-02  -404.60199907  -398.29005729    -0.00000459   0.000125   9.2e-04   1.4e-04 0.04
0.0
0.0
    27     100    2.9e+02    0    3.8e-02  -404.60200109  -398.29005931    -0.00000202   0.000136   1.0e-03   1.7e-04 0.04
0.0
0.0
    28     107    2.1e+02    0    4.4e-02  -404.60200387  -398.29006210    -0.00000279   0.000097   7.4e-04   1.5e-04 0.04
 
RESULTS OF THE OCCUPATION OPTIMIZATION
========================================
   1    1.9999456  -90.64892726
   2    1.9996549  -7.91106259
   3    1.9996230  -7.81596864
   4    1.9992270  -6.55757992
   5    1.9990695  -6.41955908
   6    1.9759537  -0.45551051
   7    1.9569391  -0.25510450
   8    1.9479867  -0.23783043
   9    1.9454357  -0.21715326
  10    0.0222796  -0.00750312
  11    0.0202767  -0.00730297
  12    0.0208671  -0.00753218
  13    0.0153810  -0.00873930
  14    0.0003621  -0.00375773
  15    0.0003893  -0.00387462
  16    0.0003679  -0.00380375
  17    0.0003404  -0.00357037
  18    0.0000356  -0.00615220
  19    0.0188862  -0.00671046
  20    0.0183766  -0.00693664
  21    0.0190353  -0.00712620
  22    0.0039950  -0.00323999
  23    0.0002447  -0.00224221
  24    0.0002293  -0.00222849
  25    0.0000023  -0.00002327
  26    0.0000011  -0.00001208
  27    0.0000069  -0.00072650
  28    0.0120802  -0.00464640
  29    0.0122643  -0.00490807
  30    0.0010110  -0.00086095
  31    0.0019166  -0.00178773
  32    0.0001581  -0.00144943
  33    0.0001451  -0.00137533
  34    0.0000013  -0.00001649
  35    0.0000008  -0.00000744
  36    0.0000052  -0.00053746
  37    0.0006127  -0.00050181
  38    0.0006170  -0.00050821
  39    0.0006676  -0.00059291
  40    0.0017276  -0.00167593
  41    0.0001547  -0.00142066
  42    0.0000038  -0.00003092
  43    0.0000013  -0.00001328
  44    0.0000006  -0.00000634
  45    0.0000051  -0.00052668
  46    0.0004242  -0.00034174
  47    0.0001982  -0.00022773
  48    0.0004303  -0.00039054
  49    0.0003334  -0.00038912
  50    0.0000027  -0.00002703
  51    0.0000015  -0.00001613
  52    0.0000010  -0.00001000
  53    0.0000005  -0.00000177
  54    0.0000011  -0.00029335
  55    0.0000949  -0.00011487
  56    0.0001088  -0.00012951
  57    0.0003634  -0.00031668
  58    0.0002630  -0.00035501
  59    0.0000023  -0.00002418
  60    0.0000014  -0.00001239
  61    0.0000009  -0.00000913
  62    0.0000004  -0.00000137
  63    0.0000001  -0.00000060
  64    0.0000608  -0.00007935
  65    0.0000649  -0.00008848
  66    0.0003293  -0.00031884
  67    0.0001500  -0.00021590
  68    0.0000021  -0.00002004
  69    0.0000007  -0.00000426
  70    0.0000008  -0.00000459
  71    0.0000004  -0.00000111
  72    0.0000001  -0.00000057
  73    0.0000500  -0.00006971
  74    0.0000420  -0.00006962
  75    0.0002282  -0.00024375
  76    0.0001030  -0.00018463
  77    0.0000016  -0.00001325
  78    0.0000007  -0.00000374
  79    0.0000006  -0.00000429
  80    0.0000004  -0.00000108
  81    0.0000001  -0.00000056
  82    0.0000412  -0.00005978
  83    0.0000399  -0.00006732
  84    0.0000770  -0.00009625
  85    0.0000892  -0.00016410
  86    0.0000011  -0.00001008
  87    0.0000006  -0.00000248
  88    0.0000005  -0.00000183
  89    0.0000003  -0.00000094
  90    0.0000001  -0.00000040
  91    0.0000344  -0.00005304
  92    0.0000250  -0.00004954
  93    0.0000517  -0.00006270
  94    0.0000875  -0.00015325
  95    0.0000010  -0.00000912
  96    0.0000006  -0.00000174
  97    0.0000005  -0.00000168
  98    0.0000002  -0.00000093
  99    0.0000001  -0.00000040
 
----------------
 Final Energies 
----------------
       HF Total Energy =    -397.7776738
Final NOF Total Energy =    -398.2900621
    Correlation Energy =      -0.5123883
 
Total Orbital Internal Iterations = 1097
Total Occupation Internal Iterations = 167
 
Elapsed time: 3270.50 Seconds

---------------------------------
   Lowdin Population Analysis    
---------------------------------
 Idx  Atom   Population   Charge 
---------------------------------
  1     S    16.578      -0.578
  2     H     1.422      -0.422

---------------------------------
   M Diagnostic: 0.04
---------------------------------

