Computing Integrals
Elapsed time:    3.68 Seconds

Number of basis functions                   (NBF)    = 93
Number of auxiliary basis functions         (NBFAUX) = 128
Inactive Doubly occupied orbitals up to     (NO1)    = 0
No. considered Strongly Doubly occupied MOs (NDOC)   = 6
No. considered Strongly Singly occupied MOs (NSOC)   = 1
NO. of Weakly occ. per St. Doubly occ.  MOs (NCWO)   = 14
Dimension of the Nat. Orb. subspace         (NBF5)   = 91
No. of electrons                                     = 13
    No. of alpha electrons                           = 7
    No. of beta electrons                            = 6
Multiplicity                                         = 2

Geometry
========
Be       0.0000000       0.0000000      -0.6823600
 F       0.0000000       0.0000000       0.6823600

No violations of the orthonormality
Hartree-Fock
============

  Nitext  Nitint    Eelec          Etot           Ediff          maxdiff
     1      1   -72.33817877   -58.37902193    37.77909235    23.15733815 
     2     10  -115.26467350  -101.30551666    -0.86696280     8.28318837 
     3     10  -123.10443852  -109.14528168     0.74447517    10.25120137 
     4     10  -125.23308513  -111.27392829     0.38160504    10.97395906 
     5     10  -126.99142889  -113.03227205    -0.25162244     4.09432051 
     6     10  -127.00079234  -113.04163550     0.00699023     5.12461988 
     7     10  -127.21388787  -113.25473103    -0.52050096     4.73545060 
     8     10  -127.25430066  -113.29514382    -0.62060225     5.18438139 
     9     10  -127.09335240  -113.13419556     0.17682912     8.08731807 
    10     10  -126.51869745  -112.55954061     0.87521599     8.99893752 
    11     10  -126.92668643  -112.96752959     0.46178837     7.71037829 
    12     10  -127.61412053  -113.65496368     0.17585268     4.13998396 
    13     10  -127.63399666  -113.67483982    -0.10205981     4.17989590 
    14     10  -127.25150425  -113.29234740     0.60419961     6.13115541 
    15     10  -127.72784440  -113.76868755    -0.21094563     3.55420022 
    16     10  -127.51431100  -113.55515415     0.27532317     6.67594973 
    17     10  -127.45377766  -113.49462082    -0.26294535     7.58468130 
    18     10  -127.63919513  -113.68003829     0.06003695     4.33160434 
    19     10  -127.88467107  -113.92551422    -0.44426016     3.06596711 
    20     10  -127.82411275  -113.86495591    -0.53392797     4.61627915 
    21     10  -127.56326716  -113.60411032     0.19666225     5.46894635 
    22     10  -127.69232233  -113.73316549     0.03831085     5.49787324 
    23     10  -127.89016454  -113.93100770    -0.39769421     3.45264126 
    24     10  -127.73377665  -113.77461981     0.11257064     5.28371521 
    25     10  -127.79011355  -113.83095671     0.15672904     4.60448273 
    26     10  -127.33127471  -113.37211787     0.45072182     6.66746284 
    27     10  -127.66444234  -113.70528550     0.12243110     5.11567879 
    28     10  -127.89273601  -113.93357917    -0.42174338     4.40175757 
    29     10  -127.87956694  -113.92041010    -0.10673055     3.82406212 
    30     10  -128.01000322  -114.05084638    -0.16001292     3.28357998 
No violations of the orthonormality
 
PNOF7/ADAM Calculation
==================
 
  Nitext  Nit_orb  Time   Nit_occ  Time         Eelec          Etot           Ediff      maxdiff    Grad_orb  Grad_occ
0.0009525279422853972
0.001794655671833532
     1      10    3.1e+01   18    3.2e+01  -128.08493161  -114.12577476 -10127.08493161   0.044444   6.9e-01   9.3e-05 0.00
0.0014316363856541336
0.0026884335970610218
     2      10    1.9e+01   23    1.7e-01  -128.17850330  -114.21934646    -0.09357169   0.103803   1.1e+00   1.6e-04 0.00
0.0026307219819571293
0.004829585609574069
     3      10    1.9e+01   25    1.7e-01  -128.21607538  -114.25691853    -0.03757208   0.245566   1.5e+00   1.8e-04 0.01
0.0024267888011579863
0.005412329859430609
     4      10    1.8e+01   14    1.4e-01  -128.24006946  -114.28091262    -0.02399409   0.288098   2.3e+00   2.1e-04 0.01
0.0019122281897505644
0.0046423137065603574
     5      10    1.8e+01   12    1.0e-01  -128.24723914  -114.28808230    -0.00716968   0.147403   2.1e+00   1.7e-04 0.02
0.0013904209328640116
0.002567638563430844
     6      10    1.8e+01    6    1.1e-01  -128.24849832  -114.28934148    -0.00125918   0.199862   2.6e+00   2.6e-04 0.02
0.0008457579601011123
0.0018971562916552595
     7      30    5.3e+01   11    1.2e-01  -128.27761483  -114.31845799    -0.02911651   0.007713   7.6e-02   2.4e-04 0.02
0.0003428522268716927
0.0007301727532813877
     8      30    5.4e+01    3    7.2e-02  -128.27925861  -114.32010177    -0.00164378   0.007445   7.1e-02   2.3e-04 0.02
0.00022702517374684206
0.000401430002351009
     9      30    5.4e+01    6    1.1e-01  -128.27988424  -114.32072740    -0.00062563   0.005803   5.9e-02   2.2e-04 0.02
0.00013620076900933142
0.00026862102849567124
    10      30    5.4e+01    6    7.4e-02  -128.28031388  -114.32115704    -0.00042964   0.006290   5.4e-02   2.0e-04 0.02
0.00024516132569463167
0.00042557988940434925
    11      30    5.5e+01    1    6.4e-02  -128.28064439  -114.32148755    -0.00033051   0.003951   4.1e-02   2.3e-04 0.02
0.00019851130064285627
0.00040003051696988016
    12      30    5.5e+01    1    5.0e-02  -128.28075582  -114.32159898    -0.00011142   0.004550   5.0e-02   2.8e-04 0.02
0.00017969862391342684
0.00038384719256881944
    13      30    5.4e+01    8    8.7e-02  -128.28102825  -114.32187141    -0.00027243   0.004899   4.2e-02   1.6e-04 0.02
0.00019351026656766468
0.0004058161672856842
    14      30    5.5e+01    4    9.2e-02  -128.28127420  -114.32211736    -0.00024595   0.006002   4.6e-02   1.6e-04 0.02
0.0002275958183234339
0.0004401958848543972
    15      30    5.5e+01    1    7.2e-02  -128.28150857  -114.32235173    -0.00023438   0.005197   4.7e-02   1.9e-04 0.02
0.00017237219356432132
0.000371817812813519
    16      30    5.5e+01    4    8.5e-02  -128.28165950  -114.32250266    -0.00015092   0.004565   4.2e-02   1.7e-04 0.02
0.00018752625710127813
0.00038814878201529654
    17      30    5.5e+01    1    3.7e-02  -128.28182003  -114.32266319    -0.00016054   0.005359   4.5e-02   1.6e-04 0.02
0.00016234538482140515
0.00029532189141963215
    18      30    5.4e+01    1    5.4e-02  -128.28192120  -114.32276436    -0.00010117   0.005724   4.7e-02   1.9e-04 0.02
0.00014757816074584262
0.00029791612682907416
    19      30    5.4e+01    1    5.7e-02  -128.28202218  -114.32286533    -0.00010098   0.004906   4.5e-02   2.2e-04 0.02
0.00010921218323674438
0.00020261495252374257
    20      30    5.4e+01    3    6.6e-02  -128.28208352  -114.32292668    -0.00006134   0.006108   5.0e-02   2.1e-04 0.02
0.0001520287292082756
0.00027158538160392426
    21      30    5.4e+01    1    1.7e-02  -128.28216396  -114.32300712    -0.00008044   0.005640   5.2e-02   1.9e-04 0.02
0.0
0.0
    22      30    5.4e+01    0    4.8e-02  -128.28220488  -114.32304804    -0.00004092   0.005916   5.3e-02   2.4e-04 0.02
0.00013371987267907226
0.00022074226373007476
    23      40    7.2e+01    1    4.7e-02  -128.28231583  -114.32315899    -0.00011095   0.002404   2.4e-02   2.3e-04 0.02
0.0
0.0
    24      40    7.2e+01    0    4.8e-02  -128.28231306  -114.32315622     0.00000277   0.001927   2.7e-02   2.0e-04 0.02
0.0
0.0
    25      70    1.3e+02    0    1.5e-02  -128.28238165  -114.32322481    -0.00006859   0.000154   1.9e-03   2.2e-04 0.02
0.0
0.0
    26      80    1.4e+02    0    5.9e-02  -128.28238528  -114.32322844    -0.00000363   0.000346   4.0e-03   2.3e-04 0.02
0.0
0.0
    27      90    1.6e+02    0    5.6e-02  -128.28238992  -114.32323308    -0.00000464   0.000279   3.2e-03   2.4e-04 0.02
0.0
0.0
    28     100    1.8e+02    0    3.6e-02  -128.28239287  -114.32323603    -0.00000295   0.000288   3.1e-03   2.3e-04 0.02
0.0
0.0
    29     110    2.0e+02    0    4.9e-02  -128.28239584  -114.32323900    -0.00000297   0.000228   2.1e-03   2.4e-04 0.02
0.0
0.0
    30     120    2.2e+02    0    4.0e-02  -128.28239814  -114.32324130    -0.00000230   0.000171   1.6e-03   2.4e-04 0.02
0.0
0.0
    31     130    2.4e+02    0    6.0e-02  -128.28239977  -114.32324293    -0.00000163   0.000147   1.2e-03   2.4e-04 0.02
0.0
0.0
    32     140    2.6e+02    0    5.8e-02  -128.28240095  -114.32324411    -0.00000118   0.000127   9.1e-04   2.4e-04 0.02
0.0
0.0
    33     150    2.7e+02    0    2.9e-02  -128.28240172  -114.32324488    -0.00000077   0.000110   8.0e-04   2.4e-04 0.02
0.0
0.0
    34     160    2.9e+02    0    5.5e-02  -128.28240211  -114.32324527    -0.00000039   0.000120   8.1e-04   2.4e-04 0.02
0.0
0.0
    35     170    3.0e+02    0    3.4e-02  -128.28240231  -114.32324547    -0.00000020   0.000101   6.7e-04   2.4e-04 0.02
0.0
0.0
    36     169    3.0e+02    0    5.6e-02  -128.28240234  -114.32324550    -0.00000003   0.000100   7.2e-04   2.4e-04 0.02
 
RESULTS OF THE OCCUPATION OPTIMIZATION
========================================
   1    1.9998327  -26.27891292
   2    1.9972366  -4.73308507
   3    1.9879040  -0.98064051
   4    1.9815449  -0.93733953
   5    1.9782898  -0.87528269
   6    1.9780026  -0.86951174
   7    1.0000000  -0.17528481
   8    0.0167155  -0.01723490
   9    0.0166939  -0.01729366
  10    0.0157022  -0.01722621
  11    0.0096630  -0.01218877
  12    0.0013497  -0.00979177
  13    0.0001622  -0.00707634
  14    0.0017396  -0.00269291
  15    0.0017413  -0.00262390
  16    0.0016606  -0.00267954
  17    0.0011300  -0.00223387
  18    0.0004994  -0.00387178
  19    0.0000019  -0.00017807
  20    0.0015719  -0.00235442
  21    0.0014186  -0.00227399
  22    0.0004297  -0.00105602
  23    0.0004353  -0.00106707
  24    0.0004290  -0.00351706
  25    0.0000005  -0.00001550
  26    0.0012452  -0.00199844
  27    0.0012931  -0.00208886
  28    0.0002784  -0.00072632
  29    0.0003492  -0.00096858
  30    0.0004271  -0.00349404
  31    0.0000004  -0.00001285
  32    0.0002156  -0.00043700
  33    0.0001716  -0.00040739
  34    0.0000963  -0.00031012
  35    0.0001494  -0.00038123
  36    0.0000242  -0.00027432
  37    0.0000004  -0.00001136
  38    0.0001458  -0.00032557
  39    0.0001236  -0.00031371
  40    0.0000903  -0.00027992
  41    0.0001037  -0.00036273
  42    0.0000110  -0.00006403
  43    0.0000003  -0.00000797
  44    0.0001086  -0.00029395
  45    0.0001048  -0.00030405
  46    0.0000780  -0.00023842
  47    0.0000958  -0.00029638
  48    0.0000075  -0.00005428
  49    0.0000003  -0.00000686
  50    0.0000944  -0.00024080
  51    0.0000771  -0.00025456
  52    0.0000463  -0.00015402
  53    0.0000691  -0.00025427
  54    0.0000061  -0.00005544
  55    0.0000002  -0.00000381
  56    0.0000717  -0.00019959
  57    0.0000376  -0.00006051
  58    0.0000208  -0.00004290
  59    0.0000460  -0.00014263
  60    0.0000023  -0.00000928
  61    0.0000002  -0.00000376
  62    0.0000430  -0.00010095
  63    0.0000136  -0.00005480
  64    0.0000131  -0.00006980
  65    0.0000189  -0.00010496
  66    0.0000021  -0.00000847
  67    0.0000002  -0.00000235
  68    0.0000194  -0.00006064
  69    0.0000113  -0.00005447
  70    0.0000123  -0.00005604
  71    0.0000138  -0.00005737
  72    0.0000016  -0.00000550
  73    0.0000002  -0.00000148
  74    0.0000101  -0.00005105
  75    0.0000092  -0.00004824
  76    0.0000095  -0.00004426
  77    0.0000087  -0.00005159
  78    0.0000013  -0.00000513
  79    0.0000002  -0.00000074
  80    0.0000091  -0.00004418
  81    0.0000073  -0.00004061
  82    0.0000094  -0.00003979
  83    0.0000070  -0.00004180
  84    0.0000011  -0.00000622
  85    0.0000002  -0.00000055
  86    0.0000076  -0.00003792
  87    0.0000070  -0.00003779
  88    0.0000082  -0.00003432
  89    0.0000060  -0.00003235
  90    0.0000009  -0.00001177
  91    0.0000002  -0.00001053
 
----------------
 Final Energies 
----------------
       HF Total Energy =    -114.0508464
Final NOF Total Energy =    -114.3232455
    Correlation Energy =      -0.2723991
 
Total Orbital Internal Iterations = 2109
Total Occupation Internal Iterations = 151
 
Elapsed time: 3949.64 Seconds

---------------------------------
   Lowdin Population Analysis    
---------------------------------
 Idx  Atom   Population   Charge 
---------------------------------
  1    Be     3.985       0.015
  2     F     9.015      -0.015

---------------------------------
   M Diagnostic: 0.02
---------------------------------

