Computing Integrals
Elapsed time:    6.86 Seconds

Number of basis functions                   (NBF)    = 381
Number of auxiliary basis functions         (NBFAUX) = 353
Inactive Doubly occupied orbitals up to     (NO1)    = 0
No. considered Strongly Doubly occupied MOs (NDOC)   = 13
No. considered Strongly Singly occupied MOs (NSOC)   = 1
NO. of Weakly occ. per St. Doubly occ.  MOs (NCWO)   = 28
Dimension of the Nat. Orb. subspace         (NBF5)   = 378
No. of electrons                                     = 27
    No. of alpha electrons                           = 14
    No. of beta electrons                            = 13
Multiplicity                                         = 2

Geometry
========
 C       1.1250900      -0.5411000      -0.0126700
 C       0.1361800       0.6026900      -0.0656400
 O      -2.1862800      -0.4093900      -0.0912000
 H       0.9685200      -1.1558100       0.8725900
 H       1.0333400      -1.1809200      -0.8892600
 H       2.1490000      -0.1616100       0.0190000
 H       0.1378200       1.2307100       0.8228900
 H       0.2002700       1.2087600      -0.9667000
 H      -0.9634800       0.1130800      -0.1166100
 H      -2.6004500       0.2935900       0.4276100

No violations of the orthonormality
Hartree-Fock
============

  Nitext  Nitint    Eelec          Etot           Ediff          maxdiff
     1      1  -131.30578612   -54.68460453    61.19430787    18.76900952 
     2     10  -211.74132090  -135.12013931    -3.47007541    10.08115084 
     3     10  -225.72073034  -149.09954875    -0.14159256     6.81837392 
     4     10  -227.63880765  -151.01762606    -0.65880728     4.16492063 
     5     10  -227.75750714  -151.13632555     1.23163903     6.37659002 
     6     10  -229.77359176  -153.15241017    -1.40584977     3.05628987 
     7     10  -228.54321496  -151.92203336     0.31723557     5.56570725 
     8     10  -229.36540048  -152.74421889    -1.10278377     4.97974564 
     9     10  -228.82358006  -152.20239847     0.47645884     6.44699368 
    10     10  -229.52580528  -152.90462369    -0.14045199     5.38752875 
    11     10  -229.37629264  -152.75511105     0.33558910     4.10834127 
    12     10  -229.59054703  -152.96936544     0.04838121     4.02889974 
    13     10  -229.77563489  -153.15445329    -0.01135572     4.87716166 
    14     10  -229.59443501  -152.97325342     0.35606718     5.51545535 
    15     10  -229.89191561  -153.27073402     0.12655354     4.60592310 
    16     10  -229.84483547  -153.22365388    -0.31690144     5.35732399 
    17     10  -230.16213532  -153.54095373     0.10977946     4.09857521 
    18     10  -230.35070708  -153.72952549    -0.40143904     2.98750992 
    19     10  -230.15931760  -153.53813601     0.01964039     4.17766503 
    20     10  -230.28931750  -153.66813591    -0.00916759     3.55549503 
    21     10  -229.86282227  -153.24164068     0.56563472     4.58290601 
    22     10  -230.32598929  -153.70480770    -0.05778159     3.38193727 
    23     10  -230.38470571  -153.76352412    -0.29263398     3.37643672 
    24     10  -230.27719348  -153.65601189     0.04790047     4.59639491 
    25     10  -230.02797089  -153.40678930     0.40930621     4.69514459 
    26     10  -230.23150673  -153.61032513     0.02684695     3.86379477 
    27     10  -230.41940052  -153.79821893    -0.23608746     3.80802809 
    28     10  -230.45958034  -153.83839875     0.02044272     4.04307269 
    29     10  -230.19657912  -153.57539753     0.43466575     4.84086613 
    30     10  -230.44400635  -153.82282475     0.00701649     3.14343052 
No violations of the orthonormality
 
PNOF7/ADAM Calculation
==================
 
  Nitext  Nit_orb  Time   Nit_occ  Time         Eelec          Etot           Ediff      maxdiff    Grad_orb  Grad_occ
0.00098648870163065
0.0031672116473226973
     1      10    1.7e+02   21    5.0e+01  -230.85695700  -154.23577541 -10229.85695700   0.552633   1.1e+01   1.1e-04 0.00
0.001446110134237899
0.0032114698500581677
     2      10    1.5e+02   39    1.7e+01  -231.22297470  -154.60179311    -0.36601770   0.727586   5.8e+00   2.0e-04 0.00
0.004539257474677094
0.010980855802730276
     3      10    1.6e+02   44    2.3e+01  -231.27178541  -154.65060382    -0.04881072   0.181436   3.6e+00   1.8e-04 0.01
0.007172913966049244
0.016460569814634417
     4      10    1.6e+02   34    2.2e+01  -231.00617564  -154.38499404     0.26560978   0.199421   4.6e+00   2.6e-04 0.02
0.006800722435631235
0.015204338806881025
     5      30    4.5e+02   30    1.3e+01  -231.56964779  -154.94846620    -0.56347216   0.021697   3.1e-01   2.5e-04 0.03
0.004102641432530807
0.01040003092968842
     6      30    4.6e+02   25    1.1e+01  -231.61623753  -154.99505594    -0.04658973   0.011220   1.9e-01   2.4e-04 0.04
0.002647283213906171
0.006535173632592705
     7      30    4.8e+02   17    8.9e+00  -231.64047611  -155.01929452    -0.02423858   0.012302   2.2e-01   3.3e-04 0.04
0.0018381073975752837
0.004316917555954294
     8      30    4.8e+02   22    1.1e+01  -231.65572706  -155.03454547    -0.01525095   0.010699   1.8e-01   2.4e-04 0.05
0.0025089704606767738
0.0037309608045629195
     9      30    4.6e+02   23    1.0e+01  -231.66515502  -155.04397343    -0.00942796   0.007084   1.3e-01   2.2e-04 0.05
0.0028702210321049915
0.0037784598459783118
    10      30    4.0e+02    7    4.3e+00  -231.67064426  -155.04946267    -0.00548924   0.012038   1.5e-01   1.8e-04 0.05
0.0028382563300528574
0.0038571186102048837
    11      30    4.0e+02   13    6.6e+00  -231.67493571  -155.05375411    -0.00429145   0.008547   1.5e-01   1.7e-04 0.05
0.002335669058685319
0.003319147055589371
    12      30    4.1e+02    9    5.4e+00  -231.67826150  -155.05707991    -0.00332580   0.007572   1.3e-01   1.9e-04 0.05
0.001989317079548532
0.0027307010746843176
    13      30    3.7e+02   12    7.5e+00  -231.68062478  -155.05944318    -0.00236327   0.005994   1.1e-01   2.1e-04 0.05
0.0013849798304769595
0.0019411795662375654
    14      30    4.0e+02    6    4.5e+00  -231.68235200  -155.06117041    -0.00172722   0.005581   9.8e-02   2.6e-04 0.05
0.000679679549486124
0.0010000988761459184
    15      30    3.9e+02    9    6.1e+00  -231.68340809  -155.06222650    -0.00105609   0.006488   8.9e-02   2.4e-04 0.05
0.0003747701075705878
0.0006565509163574382
    16      30    3.6e+02    6    5.0e+00  -231.68380318  -155.06262158    -0.00039509   0.008866   1.0e-01   2.0e-04 0.05
0.00012448658226660303
0.000267698540871206
    17      30    3.7e+02    7    5.4e+00  -231.68392877  -155.06274718    -0.00012560   0.008963   1.1e-01   1.5e-04 0.05
0.0001276331918003866
0.00030015118470756036
    18      30    3.7e+02    3    4.3e+00  -231.68397652  -155.06279493    -0.00004775   0.008440   1.1e-01   1.7e-04 0.05
0.0
0.0
    19      30    4.0e+02    0    2.1e+00  -231.68396273  -155.06278114     0.00001379   0.009204   1.1e-01   2.4e-04 0.05
0.0
0.0
    20      60    7.6e+02    0    2.2e+00  -231.68425907  -155.06307748    -0.00029634   0.000461   5.5e-03   2.3e-04 0.05
0.00012717988004473657
0.00023839205628556473
    21      70    9.0e+02    1    2.9e+00  -231.68425974  -155.06307815    -0.00000067   0.000739   9.7e-03   1.9e-04 0.05
8.641592720726177e-5
0.00016918606042494507
    22      70    8.8e+02    5    3.8e+00  -231.68426382  -155.06308223    -0.00000409   0.000520   7.9e-03   2.2e-04 0.05
0.0
0.0
    23      70    8.8e+02    0    1.8e+00  -231.68429713  -155.06311554    -0.00003330   0.000664   8.2e-03   2.3e-04 0.05
0.0
0.0
    24      80    1.1e+03    0    1.6e+00  -231.68429926  -155.06311767    -0.00000213   0.000337   4.7e-03   2.3e-04 0.05
0.0
0.0
    25      90    1.1e+03    0    1.8e+00  -231.68429996  -155.06311837    -0.00000070   0.000379   4.7e-03   2.3e-04 0.05
0.0
0.0
    26     100    1.3e+03    0    1.6e+00  -231.68430109  -155.06311950    -0.00000113   0.000183   2.2e-03   2.3e-04 0.05
0.0
0.0
    27     110    1.3e+03    0    1.8e+00  -231.68430168  -155.06312009    -0.00000059   0.000096   1.3e-03   2.4e-04 0.05
 
RESULTS OF THE OCCUPATION OPTIMIZATION
========================================
   1    1.9996991  -20.59653761
   2    1.9992680  -11.22422301
   3    1.9993021  -11.21512328
   4    1.9633558  -0.93446248
   5    1.9773293  -0.82171618
   6    1.9774427  -0.81023178
   7    1.9649206  -0.72892193
   8    1.9662682  -0.69275874
   9    1.9662651  -0.69151324
  10    1.9474117  -0.67689206
  11    1.9683900  -0.67506356
  12    1.9675042  -0.67505692
  13    1.9684394  -0.67504709
  14    1.0000000  -0.29565263
  15    0.0217085  -0.01575605
  16    0.0225862  -0.01606448
  17    0.0217665  -0.01578427
  18    0.0421525  -0.02250583
  19    0.0235018  -0.01679894
  20    0.0234865  -0.01682954
  21    0.0275632  -0.01994268
  22    0.0153642  -0.01382463
  23    0.0150366  -0.01364167
  24    0.0307983  -0.02713851
  25    0.0004392  -0.00816921
  26    0.0004537  -0.00828386
  27    0.0002352  -0.00777102
  28    0.0048806  -0.00477239
  29    0.0049638  -0.00477991
  30    0.0048734  -0.00477009
  31    0.0048176  -0.00359419
  32    0.0050916  -0.00495584
  33    0.0051265  -0.00498781
  34    0.0044990  -0.00445661
  35    0.0030266  -0.00394556
  36    0.0029706  -0.00383704
  37    0.0033304  -0.00464079
  38    0.0000818  -0.00113494
  39    0.0000930  -0.00126027
  40    0.0000317  -0.00076559
  41    0.0021293  -0.00239406
  42    0.0021645  -0.00239230
  43    0.0021358  -0.00239948
  44    0.0026528  -0.00215381
  45    0.0021621  -0.00247971
  46    0.0021159  -0.00243672
  47    0.0011173  -0.00160242
  48    0.0023099  -0.00330450
  49    0.0021422  -0.00314694
  50    0.0014082  -0.00238014
  51    0.0000812  -0.00112713
  52    0.0000873  -0.00119967
  53    0.0000281  -0.00063893
  54    0.0019518  -0.00225192
  55    0.0019058  -0.00219827
  56    0.0019557  -0.00225538
  57    0.0022366  -0.00191370
  58    0.0019571  -0.00227715
  59    0.0019647  -0.00228790
  60    0.0010324  -0.00149603
  61    0.0007161  -0.00127729
  62    0.0009307  -0.00142559
  63    0.0005725  -0.00108524
  64    0.0000811  -0.00112226
  65    0.0000850  -0.00116412
  66    0.0000042  -0.00025931
  67    0.0001581  -0.00027285
  68    0.0001570  -0.00026260
  69    0.0001545  -0.00027072
  70    0.0001576  -0.00025950
  71    0.0001992  -0.00032739
  72    0.0002109  -0.00033899
  73    0.0002900  -0.00046587
  74    0.0002742  -0.00060986
  75    0.0006711  -0.00125102
  76    0.0001260  -0.00033655
  77    0.0000084  -0.00035355
  78    0.0000094  -0.00037014
  79    0.0000003  -0.00000229
  80    0.0001549  -0.00026571
  81    0.0001472  -0.00025185
  82    0.0001502  -0.00026369
  83    0.0001502  -0.00022970
  84    0.0001637  -0.00028851
  85    0.0001682  -0.00028293
  86    0.0002795  -0.00045442
  87    0.0002372  -0.00057342
  88    0.0002505  -0.00058686
  89    0.0000906  -0.00026954
  90    0.0000017  -0.00001303
  91    0.0000007  -0.00003527
  92    0.0000003  -0.00000640
  93    0.0001267  -0.00022709
  94    0.0001240  -0.00022024
  95    0.0001242  -0.00022581
  96    0.0001194  -0.00017658
  97    0.0001517  -0.00027090
  98    0.0001605  -0.00028353
  99    0.0000787  -0.00017413
 100    0.0002058  -0.00044314
 101    0.0002408  -0.00057457
 102    0.0000816  -0.00018252
 103    0.0000007  -0.00000664
 104    0.0000004  -0.00000520
 105    0.0000002  -0.00001293
 106    0.0001167  -0.00021250
 107    0.0001199  -0.00021337
 108    0.0001179  -0.00021531
 109    0.0000739  -0.00011583
 110    0.0001353  -0.00024286
 111    0.0001425  -0.00025322
 112    0.0000408  -0.00012305
 113    0.0001422  -0.00038188
 114    0.0001429  -0.00039007
 115    0.0000559  -0.00010328
 116    0.0000006  -0.00003176
 117    0.0000004  -0.00000302
 118    0.0000001  -0.00000129
 119    0.0000952  -0.00019482
 120    0.0001014  -0.00019942
 121    0.0000992  -0.00019856
 122    0.0000505  -0.00009979
 123    0.0001059  -0.00020735
 124    0.0001003  -0.00020631
 125    0.0000378  -0.00010699
 126    0.0001239  -0.00033809
 127    0.0000857  -0.00026478
 128    0.0000314  -0.00009751
 129    0.0000004  -0.00000300
 130    0.0000003  -0.00000257
 131    0.0000001  -0.00000059
 132    0.0000671  -0.00015401
 133    0.0000620  -0.00015108
 134    0.0000666  -0.00015452
 135    0.0000465  -0.00009718
 136    0.0000605  -0.00015426
 137    0.0000660  -0.00015814
 138    0.0000252  -0.00007049
 139    0.0000558  -0.00019235
 140    0.0000635  -0.00020575
 141    0.0000262  -0.00008147
 142    0.0000003  -0.00000152
 143    0.0000002  -0.00000113
 144    0.0000001  -0.00000059
 145    0.0000382  -0.00008911
 146    0.0000320  -0.00007982
 147    0.0000382  -0.00008899
 148    0.0000287  -0.00006360
 149    0.0000436  -0.00010107
 150    0.0000475  -0.00010413
 151    0.0000184  -0.00005037
 152    0.0000253  -0.00008184
 153    0.0000475  -0.00014630
 154    0.0000235  -0.00007677
 155    0.0000002  -0.00000125
 156    0.0000001  -0.00000106
 157    0.0000001  -0.00000052
 158    0.0000301  -0.00007910
 159    0.0000298  -0.00007627
 160    0.0000330  -0.00008247
 161    0.0000246  -0.00005597
 162    0.0000395  -0.00009336
 163    0.0000366  -0.00009142
 164    0.0000169  -0.00004595
 165    0.0000151  -0.00006546
 166    0.0000169  -0.00006455
 167    0.0000153  -0.00005895
 168    0.0000002  -0.00000124
 169    0.0000001  -0.00000088
 170    0.0000001  -0.00000044
 171    0.0000239  -0.00007081
 172    0.0000253  -0.00007077
 173    0.0000264  -0.00007418
 174    0.0000221  -0.00005284
 175    0.0000270  -0.00007526
 176    0.0000306  -0.00008087
 177    0.0000118  -0.00003603
 178    0.0000116  -0.00005292
 179    0.0000113  -0.00005386
 180    0.0000110  -0.00004177
 181    0.0000002  -0.00000113
 182    0.0000001  -0.00000080
 183    0.0000001  -0.00000046
 184    0.0000131  -0.00003610
 185    0.0000144  -0.00003815
 186    0.0000148  -0.00003803
 187    0.0000092  -0.00003171
 188    0.0000162  -0.00004366
 189    0.0000118  -0.00003952
 190    0.0000090  -0.00002510
 191    0.0000100  -0.00004879
 192    0.0000099  -0.00004029
 193    0.0000083  -0.00002921
 194    0.0000002  -0.00000098
 195    0.0000001  -0.00000071
 196    0.0000000  -0.00000041
 197    0.0000112  -0.00003478
 198    0.0000122  -0.00003446
 199    0.0000103  -0.00003310
 200    0.0000086  -0.00002867
 201    0.0000153  -0.00004119
 202    0.0000101  -0.00003436
 203    0.0000084  -0.00002479
 204    0.0000085  -0.00004266
 205    0.0000091  -0.00004268
 206    0.0000078  -0.00003201
 207    0.0000002  -0.00000089
 208    0.0000001  -0.00000070
 209    0.0000000  -0.00000037
 210    0.0000098  -0.00002820
 211    0.0000108  -0.00002947
 212    0.0000086  -0.00002583
 213    0.0000066  -0.00002337
 214    0.0000132  -0.00003597
 215    0.0000076  -0.00002735
 216    0.0000076  -0.00002527
 217    0.0000066  -0.00003750
 218    0.0000083  -0.00004102
 219    0.0000067  -0.00002947
 220    0.0000002  -0.00000086
 221    0.0000001  -0.00000074
 222    0.0000000  -0.00000041
 223    0.0000087  -0.00002582
 224    0.0000064  -0.00001915
 225    0.0000059  -0.00002290
 226    0.0000060  -0.00001372
 227    0.0000120  -0.00003349
 228    0.0000072  -0.00002525
 229    0.0000060  -0.00001469
 230    0.0000043  -0.00002418
 231    0.0000065  -0.00003575
 232    0.0000065  -0.00002953
 233    0.0000001  -0.00000084
 234    0.0000001  -0.00000068
 235    0.0000000  -0.00000037
 236    0.0000076  -0.00002095
 237    0.0000055  -0.00002117
 238    0.0000052  -0.00001670
 239    0.0000051  -0.00001078
 240    0.0000083  -0.00002110
 241    0.0000062  -0.00001913
 242    0.0000058  -0.00001694
 243    0.0000042  -0.00002076
 244    0.0000052  -0.00002892
 245    0.0000058  -0.00002056
 246    0.0000001  -0.00000079
 247    0.0000001  -0.00000066
 248    0.0000000  -0.00000032
 249    0.0000062  -0.00001938
 250    0.0000046  -0.00001766
 251    0.0000045  -0.00001833
 252    0.0000048  -0.00001205
 253    0.0000056  -0.00001939
 254    0.0000054  -0.00001768
 255    0.0000051  -0.00001463
 256    0.0000031  -0.00001335
 257    0.0000051  -0.00002031
 258    0.0000054  -0.00001692
 259    0.0000001  -0.00000075
 260    0.0000001  -0.00000061
 261    0.0000000  -0.00000036
 262    0.0000050  -0.00001611
 263    0.0000044  -0.00001617
 264    0.0000031  -0.00001210
 265    0.0000029  -0.00000885
 266    0.0000052  -0.00002010
 267    0.0000044  -0.00001600
 268    0.0000044  -0.00001160
 269    0.0000027  -0.00000810
 270    0.0000032  -0.00001749
 271    0.0000052  -0.00001576
 272    0.0000001  -0.00000076
 273    0.0000001  -0.00000062
 274    0.0000000  -0.00000031
 275    0.0000032  -0.00001207
 276    0.0000036  -0.00001330
 277    0.0000028  -0.00001109
 278    0.0000020  -0.00000608
 279    0.0000049  -0.00001812
 280    0.0000042  -0.00001677
 281    0.0000039  -0.00000911
 282    0.0000022  -0.00000769
 283    0.0000026  -0.00000720
 284    0.0000045  -0.00000683
 285    0.0000001  -0.00000074
 286    0.0000001  -0.00000060
 287    0.0000000  -0.00000033
 288    0.0000029  -0.00001098
 289    0.0000031  -0.00001160
 290    0.0000027  -0.00001049
 291    0.0000020  -0.00000589
 292    0.0000042  -0.00001420
 293    0.0000036  -0.00001315
 294    0.0000038  -0.00000785
 295    0.0000017  -0.00000373
 296    0.0000025  -0.00000733
 297    0.0000041  -0.00000791
 298    0.0000001  -0.00000064
 299    0.0000001  -0.00000061
 300    0.0000000  -0.00000033
 301    0.0000027  -0.00001090
 302    0.0000023  -0.00000948
 303    0.0000024  -0.00000939
 304    0.0000016  -0.00000333
 305    0.0000033  -0.00001214
 306    0.0000035  -0.00001276
 307    0.0000033  -0.00000721
 308    0.0000016  -0.00000254
 309    0.0000016  -0.00000221
 310    0.0000038  -0.00000558
 311    0.0000001  -0.00000064
 312    0.0000001  -0.00000054
 313    0.0000000  -0.00000030
 314    0.0000025  -0.00000926
 315    0.0000023  -0.00000780
 316    0.0000023  -0.00000785
 317    0.0000016  -0.00000251
 318    0.0000024  -0.00000859
 319    0.0000029  -0.00000941
 320    0.0000027  -0.00000675
 321    0.0000013  -0.00000217
 322    0.0000014  -0.00000178
 323    0.0000037  -0.00000669
 324    0.0000001  -0.00000063
 325    0.0000001  -0.00000053
 326    0.0000000  -0.00000030
 327    0.0000023  -0.00000735
 328    0.0000022  -0.00000581
 329    0.0000017  -0.00000368
 330    0.0000013  -0.00000175
 331    0.0000019  -0.00000457
 332    0.0000024  -0.00000717
 333    0.0000024  -0.00000566
 334    0.0000011  -0.00000138
 335    0.0000013  -0.00000150
 336    0.0000033  -0.00000667
 337    0.0000001  -0.00000056
 338    0.0000001  -0.00000055
 339    0.0000000  -0.00000028
 340    0.0000020  -0.00000393
 341    0.0000018  -0.00000450
 342    0.0000016  -0.00000256
 343    0.0000012  -0.00000121
 344    0.0000013  -0.00000255
 345    0.0000023  -0.00000546
 346    0.0000023  -0.00000335
 347    0.0000008  -0.00000180
 348    0.0000013  -0.00000123
 349    0.0000031  -0.00000755
 350    0.0000001  -0.00000052
 351    0.0000001  -0.00000053
 352    0.0000000  -0.00000029
 353    0.0000012  -0.00000200
 354    0.0000016  -0.00000269
 355    0.0000012  -0.00000158
 356    0.0000011  -0.00000108
 357    0.0000011  -0.00000179
 358    0.0000018  -0.00000356
 359    0.0000020  -0.00000229
 360    0.0000007  -0.00000129
 361    0.0000011  -0.00000140
 362    0.0000027  -0.00000603
 363    0.0000001  -0.00000052
 364    0.0000001  -0.00000048
 365    0.0000000  -0.00000028
 366    0.0000011  -0.00000141
 367    0.0000012  -0.00000175
 368    0.0000010  -0.00000138
 369    0.0000010  -0.00000104
 370    0.0000010  -0.00000148
 371    0.0000017  -0.00000303
 372    0.0000019  -0.00000194
 373    0.0000007  -0.00000111
 374    0.0000010  -0.00000133
 375    0.0000025  -0.00000585
 376    0.0000001  -0.00000052
 377    0.0000001  -0.00000051
 378    0.0000000  -0.00000029
 
----------------
 Final Energies 
----------------
       HF Total Energy =    -153.8228248
Final NOF Total Energy =    -155.0631201
    Correlation Energy =      -1.2402953
 
Total Orbital Internal Iterations = 1140
Total Occupation Internal Iterations = 333
 
Elapsed time: 16874.49 Seconds

---------------------------------
   Lowdin Population Analysis    
---------------------------------
 Idx  Atom   Population   Charge 
---------------------------------
  1     C     5.789       0.211
  2     C     5.756       0.244
  3     O     7.490       0.510
  4     H     1.064      -0.064
  5     H     1.063      -0.063
  6     H     1.067      -0.067
  7     H     1.079      -0.079
  8     H     1.076      -0.076
  9     H     1.251      -0.251
 10     H     1.364      -0.364

---------------------------------
   M Diagnostic: 0.05
---------------------------------

