Computing Integrals
Elapsed time:    3.45 Seconds

Number of basis functions                   (NBF)    = 70
Number of auxiliary basis functions         (NBFAUX) = 128
Inactive Doubly occupied orbitals up to     (NO1)    = 0
No. considered Strongly Doubly occupied MOs (NDOC)   = 9
No. considered Strongly Singly occupied MOs (NSOC)   = 0
NO. of Weakly occ. per St. Doubly occ.  MOs (NCWO)   = 6
Dimension of the Nat. Orb. subspace         (NBF5)   = 63
No. of electrons                                     = 18
    No. of alpha electrons                           = 9
    No. of beta electrons                            = 9
Multiplicity                                         = 1

Geometry
========
Cl       0.0000000       0.0000000       0.0000000

No violations of the orthonormality
Hartree-Fock
============

  Nitext  Nitint    Eelec          Etot           Ediff          maxdiff
     1      1  -207.19490897  -207.19490897   187.45596865    55.12858470 
     2     10  -422.48045127  -422.48045127    -2.77033507    19.19258260 
     3     10  -445.24318504  -445.24318504    -2.82094073    12.22678832 
     4     10  -450.29086344  -450.29086344    -0.32704114    11.03511031 
     5     10  -453.61738875  -453.61738875    -0.05269754     8.05910006 
     6     10  -456.07562829  -456.07562829     0.09401277     5.46761462 
     7     10  -455.69393420  -455.69393420     0.69270256    10.13198992 
     8     10  -456.88728248  -456.88728248     0.52442478    13.21688088 
     9     10  -458.06595018  -458.06595018    -0.62947448     5.18427829 
    10     10  -457.22754668  -457.22754668    -0.25443624    12.03775276 
    11     10  -458.68977040  -458.68977040    -0.17374018     7.77510263 
    12     10  -458.63407499  -458.63407499    -0.22578092     9.23067916 
    13     10  -459.16966168  -459.16966168    -0.29598348     4.62584665 
    14     10  -458.28332662  -458.28332662     0.85842926    10.30970826 
    15     10  -458.53784209  -458.53784209     0.30687746    10.61169633 
    16     10  -458.25120146  -458.25120146     0.21496575    11.18786448 
    17     10  -459.15003523  -459.15003523    -0.25882254     7.27340992 
    18     10  -458.74863782  -458.74863782     0.10583130     9.45820105 
    19     10  -458.90394665  -458.90394665    -0.55991506     8.90726903 
    20     10  -459.05338070  -459.05338070    -0.55439744    10.12449745 
    21     10  -458.74408460  -458.74408460     0.08543931     8.55960948 
    22     10  -458.76977938  -458.76977938     0.27971174     9.78427887 
    23     10  -459.26525454  -459.26525454    -0.14702159     3.67733496 
    24     10  -459.15895300  -459.15895300     0.30357852     5.99506399 
    25     10  -459.43452553  -459.43452553    -0.42464072     3.49694307 
    26     10  -458.84907990  -458.84907990     0.36823633     8.81404581 
    27     10  -458.94628730  -458.94628730     0.30739708     9.67119144 
    28     10  -458.67783941  -458.67783941     0.70753843    10.08358625 
    29     10  -459.28677090  -459.28677090    -0.02072328     6.30551381 
    30     10  -458.88769093  -458.88769093     0.42214345     7.34930372 
No violations of the orthonormality
 
PNOF7/ADAM Calculation
==================
 
  Nitext  Nit_orb  Time   Nit_occ  Time         Eelec          Etot           Ediff      maxdiff    Grad_orb  Grad_occ
0.000990959897083421
0.002972187524970131
     1      10    2.4e+01   11    2.9e+01  -459.30652279  -459.30652279 -10458.30652279   0.157645   1.8e+00   1.8e-04 0.00
0.0019486009351450395
0.0025458193357962232
     2      10    1.2e+01   14    9.0e-02  -459.59506154  -459.59506154    -0.28853875   0.212847   1.9e+00   1.9e-04 0.00
0.003553010275511248
0.005076012986518668
     3      10    1.1e+01   15    9.2e-02  -459.62024764  -459.62024764    -0.02518610   0.326140   2.8e+00   2.2e-04 0.01
0.003532229543230514
0.006523139823596396
     4      10    1.1e+01   14    8.1e-02  -459.63402970  -459.63402970    -0.01378206   0.248381   3.2e+00   2.0e-04 0.01
0.0035001200578853586
0.005779053602655299
     5      10    1.1e+01   12    1.3e-01  -459.65077370  -459.65077370    -0.01674400   0.202339   2.8e+00   2.9e-04 0.02
0.002805686060135537
0.005227112869754481
     6      10    1.1e+01   15    8.9e-02  -459.65206682  -459.65206682    -0.00129312   0.381508   4.0e+00   2.0e-04 0.02
0.0028778962644652184
0.005637577318074238
     7      30    3.4e+01    7    6.6e-02  -459.68635595  -459.68635595    -0.03428913   0.011278   1.3e-01   2.1e-04 0.02
0.0029566026512520827
0.005048850029779422
     8      30    3.4e+01    6    6.7e-02  -459.69247775  -459.69247775    -0.00612180   0.014932   1.6e-01   2.7e-04 0.02
0.0016255721711155857
0.002671575178981502
     9      30    3.3e+01    9    6.4e-02  -459.69533346  -459.69533346    -0.00285571   0.009245   1.1e-01   2.3e-04 0.03
0.0007072380379949598
0.0013063869723372737
    10      30    3.4e+01    3    3.2e-02  -459.69637210  -459.69637210    -0.00103864   0.009644   8.9e-02   2.8e-04 0.03
0.0007291911550555341
0.0011864553868428276
    11      30    3.3e+01    6    6.0e-02  -459.69687838  -459.69687838    -0.00050628   0.012877   1.0e-01   2.7e-04 0.03
0.0007436250454576632
0.0010955997525630837
    12      30    3.4e+01    8    1.1e-01  -459.69765089  -459.69765089    -0.00077251   0.003034   3.4e-02   1.7e-04 0.03
0.0006467068925396502
0.0008796832069598288
    13      30    3.3e+01    3    4.6e-02  -459.69801060  -459.69801060    -0.00035970   0.002539   2.4e-02   2.2e-04 0.03
0.0004919004588338494
0.0006184554353920285
    14      30    3.3e+01    6    7.1e-02  -459.69815282  -459.69815282    -0.00014222   0.003400   2.3e-02   2.1e-04 0.03
0.0003425102308636241
0.00043545331702851
    15      30    3.4e+01    2    2.4e-02  -459.69830543  -459.69830543    -0.00015261   0.004030   2.3e-02   1.9e-04 0.03
0.000267770880381879
0.00038589311428120597
    16      30    3.4e+01    2    5.0e-02  -459.69835023  -459.69835023    -0.00004480   0.004386   3.0e-02   1.5e-04 0.03
0.00025092457189412887
0.000357242081658346
    17      30    3.5e+01    2    5.5e-02  -459.69840320  -459.69840320    -0.00005296   0.004485   3.1e-02   1.9e-04 0.03
0.00018354256948083236
0.00039752425109839214
    18      30    3.5e+01    2    2.5e-02  -459.69843659  -459.69843659    -0.00003340   0.004431   2.7e-02   1.8e-04 0.03
0.00018526529187823382
0.0004016320082140118
    19      30    3.5e+01    2    2.0e-02  -459.69846200  -459.69846200    -0.00002540   0.003630   2.6e-02   2.2e-04 0.03
0.00016610149512407378
0.00031549678703047667
    20      30    3.4e+01    3    2.3e-02  -459.69848345  -459.69848345    -0.00002146   0.002977   2.5e-02   1.0e-04 0.03
0.00011129686090810293
0.00018663248657842498
    21      30    3.4e+01    3    4.0e-02  -459.69851053  -459.69851053    -0.00002708   0.002812   2.4e-02   1.0e-04 0.03
0.0001739220469913873
0.00025618538767032843
    22      30    3.3e+01    3    4.8e-02  -459.69852846  -459.69852846    -0.00001793   0.003244   2.7e-02   1.1e-04 0.03
0.0001896937342275506
0.0002584387958661688
    23      30    3.3e+01    3    4.1e-02  -459.69856835  -459.69856835    -0.00003989   0.002432   2.3e-02   1.2e-04 0.03
0.00021969551366488038
0.0003064946783733377
    24      30    3.3e+01    3    3.8e-02  -459.69857432  -459.69857432    -0.00000596   0.002813   2.9e-02   1.3e-04 0.03
0.00020154547056781043
0.00028454993248946535
    25      50    5.6e+01    3    5.0e-02  -459.69865745  -459.69865745    -0.00008314   0.000279   2.5e-03   1.4e-04 0.03
8.673588146024258e-5
0.00012482233472161416
    26      50    5.7e+01    1    2.6e-02  -459.69868927  -459.69868927    -0.00003182   0.000410   3.1e-03   2.0e-04 0.03
0.00010303728236334738
0.0001648750185052923
    27      50    5.7e+01    2    4.4e-02  -459.69870247  -459.69870247    -0.00001320   0.000430   3.3e-03   1.8e-04 0.03
0.0
0.0
    28      50    5.7e+01    0    2.3e-02  -459.69874119  -459.69874119    -0.00003872   0.000334   2.5e-03   1.9e-04 0.03
0.0001527104638712213
0.00023003221975417793
    29      60    6.8e+01    3    5.6e-02  -459.69875020  -459.69875020    -0.00000901   0.000153   1.4e-03   1.4e-04 0.03
9.645771010924342e-5
0.0001555691372573673
    30      60    7.0e+01    1    2.0e-02  -459.69878490  -459.69878490    -0.00003470   0.000702   4.1e-03   1.5e-04 0.03
0.0
0.0
    31      52    5.6e+01    0    1.9e-02  -459.69879758  -459.69879758    -0.00001268   0.000094   7.7e-04   1.4e-04 0.03
 
RESULTS OF THE OCCUPATION OPTIMIZATION
========================================
   1    1.9999232  -96.86040405
   2    1.9999691  -17.83483313
   3    1.9995467  -7.72124110
   4    1.9994182  -7.72012252
   5    1.9993985  -7.69789677
   6    1.9796461  -0.38379280
   7    1.9705873  -0.32468369
   8    1.9631994  -0.30210820
   9    1.9593837  -0.25887657
  10    0.0175075  -0.00738826
  11    0.0152002  -0.00711190
  12    0.0166399  -0.00764825
  13    0.0171202  -0.00813571
  14    0.0002404  -0.00271821
  15    0.0002381  -0.00275181
  16    0.0002414  -0.00276872
  17    0.0000274  -0.00038914
  18    0.0000490  -0.00835102
  19    0.0118973  -0.00515744
  20    0.0107900  -0.00525881
  21    0.0108838  -0.00527254
  22    0.0009283  -0.00098880
  23    0.0002108  -0.00236626
  24    0.0001940  -0.00211009
  25    0.0002019  -0.00216600
  26    0.0000013  -0.00001590
  27    0.0000092  -0.00104057
  28    0.0102218  -0.00458634
  29    0.0099733  -0.00490127
  30    0.0007860  -0.00083392
  31    0.0007482  -0.00082724
  32    0.0001429  -0.00155905
  33    0.0001408  -0.00155139
  34    0.0000039  -0.00004353
  35    0.0000007  -0.00001131
  36    0.0000088  -0.00100766
  37    0.0005323  -0.00053939
  38    0.0005823  -0.00057759
  39    0.0006083  -0.00064002
  40    0.0006212  -0.00066738
  41    0.0000032  -0.00004211
  42    0.0000048  -0.00004640
  43    0.0000031  -0.00002846
  44    0.0000005  -0.00000969
  45    0.0000084  -0.00097334
  46    0.0003188  -0.00033352
  47    0.0002083  -0.00023314
  48    0.0003547  -0.00038299
  49    0.0004791  -0.00055898
  50    0.0000024  -0.00002550
  51    0.0000025  -0.00002523
  52    0.0000016  -0.00001774
  53    0.0000005  -0.00000927
  54    0.0000012  -0.00041886
  55    0.0001386  -0.00013657
  56    0.0000465  -0.00008005
  57    0.0001400  -0.00021329
  58    0.0004569  -0.00052117
  59    0.0000019  -0.00001843
  60    0.0000016  -0.00001675
  61    0.0000013  -0.00001536
  62    0.0000005  -0.00001613
  63    0.0000002  -0.00000574
 
----------------
 Final Energies 
----------------
       HF Total Energy =    -458.8876909
Final NOF Total Energy =    -459.6987976
    Correlation Energy =      -0.8111067
 
Total Orbital Internal Iterations = 972
Total Occupation Internal Iterations = 164
 
Elapsed time: 1206.76 Seconds

---------------------------------
   Lowdin Population Analysis    
---------------------------------
 Idx  Atom   Population   Charge 
---------------------------------
  1    Cl    18.000      -1.000

---------------------------------
   M Diagnostic: 0.03
---------------------------------

