Computing Integrals
Elapsed time:   12.55 Seconds

Number of basis functions                   (NBF)    = 652
Number of auxiliary basis functions         (NBFAUX) = 722
Inactive Doubly occupied orbitals up to     (NO1)    = 0
No. considered Strongly Doubly occupied MOs (NDOC)   = 30
No. considered Strongly Singly occupied MOs (NSOC)   = 0
NO. of Weakly occ. per St. Doubly occ.  MOs (NCWO)   = 20
Dimension of the Nat. Orb. subspace         (NBF5)   = 630
No. of electrons                                     = 60
    No. of alpha electrons                           = 30
    No. of beta electrons                            = 30
Multiplicity                                         = 1

Geometry
========
 C       0.8281200      -0.2115900       1.2047500
 S       1.4423000      -1.3496600       0.0000000
 C      -1.2490800      -0.5502200       0.7021600
 C       0.9206300       1.1096600       0.6864800
 C       0.8281200      -0.2115900      -1.2047500
 C      -1.2490800      -0.5502200      -0.7021600
 C       0.9206300       1.1096600      -0.6864800
 H       0.9567400      -0.4597600       2.2501500
 H      -1.3125300      -1.4935900       1.2302900
 H      -1.6775900       0.2904400       1.2334800
 H       0.8125700       1.9898900       1.3072900
 H       0.9567400      -0.4597600      -2.2501500
 H      -1.3125300      -1.4935900      -1.2302900
 H      -1.6775900       0.2904400      -1.2334800
 H       0.8125700       1.9898900      -1.3072900

No violations of the orthonormality
Hartree-Fock
============

  Nitext  Nitint    Eelec          Etot           Ediff          maxdiff
     1      1  -395.85827633   -34.33802736   289.59494694    65.15103177 
     2     10  -845.46172058  -483.94147161   -10.64214243    10.11337035 
     3     10  -918.10416634  -556.58391737    -6.20971852     9.39068501 
     4     10  -953.43001627  -591.90976730    -1.17905415     9.00299845 
     5     10  -969.45216327  -607.93191430    -0.37022950     7.71099967 
     6     10  -976.17837677  -614.65812780    -0.70434177     7.73761832 
     7     10  -979.51557295  -617.99532398    -1.07303571     5.87288551 
     8     10  -982.23600968  -620.71576071    -1.33744591     5.43643600 
     9     10  -983.15194575  -621.63169678     0.20990673     6.64542261 
    10     10  -983.82735388  -622.30710491    -0.24316382     7.59864366 
    11     10  -984.72411723  -623.20386826     0.40691814     6.75987763 
    12     10  -986.45140781  -624.93115884    -0.38501822     4.81320590 
    13     10  -986.76349235  -625.24324338     0.21405682     4.71729774 
    14     10  -986.86129045  -625.34104148    -0.35058304     5.91523063 
    15     10  -987.02101898  -625.50077001    -0.10031164     5.97972247 
    16     10  -987.57270497  -626.05245600    -0.01425914     4.97532468 
    17     10  -987.95071693  -626.43046797    -0.28074328     4.47483648 
    18     10  -988.05056517  -626.53031620    -0.05841299     3.96189588 
    19     10  -988.56212638  -627.04187741    -0.12565387     4.03699747 
    20     10  -988.85739414  -627.33714517     0.04753624     5.05622423 
    21     10  -988.75637778  -627.23612881     0.12398084     5.65572908 
    22     10  -988.78515318  -627.26490421     0.36818912     5.84275507 
    23     10  -989.50435265  -627.98410368     0.02671709     3.27757974 
    24     10  -989.61155435  -628.09130538    -0.23044006     5.01078530 
    25     10  -989.79700964  -628.27676067    -0.43924005     3.42806188 
    26     10  -989.80209425  -628.28184528     0.09646036     4.45489627 
    27     10  -989.82132502  -628.30107605     0.16233126     4.87261987 
    28     10  -989.56524339  -628.04499442     0.38900272     4.82715159 
    29     10  -990.08272598  -628.56247701    -0.05343082     4.21846193 
    30     10  -990.08154950  -628.56130054     0.25563727     4.19360052 
No violations of the orthonormality
 
PNOF7/ADAM Calculation
==================
 
  Nitext  Nit_orb  Time   Nit_occ  Time         Eelec          Etot           Ediff      maxdiff    Grad_orb  Grad_occ
0.0009985896358967183
0.0053490129456387325
     1      10    3.0e+02   14    5.9e+01  -986.06884398  -624.54859502 -10985.06884398   4.874642   6.8e+01   1.6e-04 0.00
0.0021452716234821034
0.004616556824707675
     2      30    8.3e+02   37    5.3e+01  -990.69569625  -629.17544728    -4.62685226   0.969072   1.8e+01   2.3e-04 0.00
0.004923914299118093
0.014685672932214452
     3      30    8.3e+02   37    5.4e+01  -991.13093489  -629.61068592    -0.43523864   0.027903   4.7e-01   3.5e-04 0.01
0.006480536840991591
0.02028155810422868
     4      30    8.4e+02   37    4.7e+01  -991.29843506  -629.77818609    -0.16750017   0.055491   1.2e+00   2.8e-04 0.02
0.018316766457994182
0.030085145686973378
     5      30    8.3e+02   43    5.1e+01  -991.41833927  -629.89809030    -0.11990421   0.018547   4.5e-01   2.5e-04 0.05
0.029846303367868924
0.04435142082941133
     6      30    8.4e+02   50    6.1e+01  -991.49160204  -629.97135307    -0.07326277   0.014607   4.4e-01   2.3e-04 0.11
0.025011481072025943
0.042232702427925796
     7      30    8.4e+02   33    4.3e+01  -991.54464145  -630.02439248    -0.05303941   0.015208   3.7e-01   2.7e-04 0.16
0.02810783710093014
0.04628015196579601
     8      30    8.5e+02   23    3.4e+01  -991.58249545  -630.06224648    -0.03785400   0.013952   3.3e-01   3.1e-04 0.19
0.03413204013898594
0.05242290140583928
     9      30    8.7e+02   31    4.8e+01  -991.61193325  -630.09168429    -0.02943780   0.009191   2.8e-01   2.3e-04 0.21
0.026171404282356064
0.05044058361323143
    10      30    9.3e+02   35    5.1e+01  -991.63703759  -630.11678862    -0.02510434   0.008769   2.6e-01   2.2e-04 0.23
0.027560719045146176
0.04487189640444675
    11      30    9.3e+02   18    3.2e+01  -991.65827846  -630.13802949    -0.02124087   0.008135   2.2e-01   2.4e-04 0.25
0.020307610577179634
0.029793615566096103
    12      30    9.2e+02   22    3.6e+01  -991.66863964  -630.14839067    -0.01036118   0.006100   1.8e-01   2.0e-04 0.26
0.0122550526413652
0.019250693325463527
    13      30    9.0e+02   10    2.3e+01  -991.67190344  -630.15165447    -0.00326380   0.006094   1.8e-01   2.8e-04 0.26
0.008529729221160146
0.01541556869059057
    14      30    9.3e+02    9    2.2e+01  -991.67304741  -630.15279844    -0.00114397   0.007521   1.9e-01   3.1e-04 0.26
0.007044188355841571
0.012726470112472792
    15      30    9.1e+02   18    3.2e+01  -991.67421302  -630.15396405    -0.00116561   0.005718   1.8e-01   2.6e-04 0.26
0.006140604482672424
0.010571081875966963
    16      30    9.0e+02   14    2.7e+01  -991.67494940  -630.15470043    -0.00073638   0.005806   1.7e-01   2.3e-04 0.26
0.004670338012385089
0.007902261384110671
    17      30    8.7e+02    7    1.8e+01  -991.67541542  -630.15516646    -0.00046603   0.006767   1.6e-01   2.0e-04 0.26
0.0035375288482368816
0.0059844609353749195
    18      30    8.9e+02    7    1.9e+01  -991.67550414  -630.15525517    -0.00008871   0.007049   1.6e-01   2.1e-04 0.26
0.0025769828366681846
0.004313417048126262
    19      50    1.5e+03    3    1.5e+01  -991.67655052  -630.15630155    -0.00104638   0.000594   1.3e-02   2.3e-04 0.26
0.0020708396450809796
0.0032730109455152566
    20      50    1.5e+03   10    2.1e+01  -991.67659107  -630.15634210    -0.00004055   0.000968   1.9e-02   2.3e-04 0.26
0.0014234953547707097
0.0021621535707169637
    21      50    1.5e+03    1    1.2e+01  -991.67665168  -630.15640271    -0.00006061   0.001188   2.0e-02   1.9e-04 0.26
0.0008958747746637963
0.0014350375888782588
    22      50    1.5e+03    1    1.2e+01  -991.67666480  -630.15641583    -0.00001312   0.001320   1.9e-02   2.1e-04 0.26
0.00048822171349927057
0.0009719244977478782
    23      50    1.5e+03    2    1.3e+01  -991.67666240  -630.15641343     0.00000240   0.001642   2.5e-02   2.3e-04 0.26
0.000524969348600357
0.0007620595382430314
    24      70    2.0e+03    1    1.3e+01  -991.67669041  -630.15644144    -0.00002801   0.000136   2.0e-03   1.5e-04 0.26
0.00021308094359909213
0.00046664692547333656
    25      70    2.0e+03    3    1.5e+01  -991.67669264  -630.15644367    -0.00000223   0.000229   3.2e-03   2.4e-04 0.26
0.00031959809020298824
0.0005627062392297264
    26      70    2.0e+03    1    1.1e+01  -991.67670101  -630.15645204    -0.00000837   0.000161   2.3e-03   1.5e-04 0.26
0.0
0.0
    27      70    2.0e+03    0    1.0e+01  -991.67670278  -630.15645381    -0.00000177   0.000321   3.1e-03   1.3e-04 0.26
0.0
0.0
    28      80    2.3e+03    0    1.1e+01  -991.67670420  -630.15645524    -0.00000142   0.000177   1.4e-03   1.3e-04 0.26
0.0
0.0
    29      79    2.2e+03    0    1.1e+01  -991.67670524  -630.15645628    -0.00000104   0.000098   1.5e-03   1.3e-04 0.26
 
RESULTS OF THE OCCUPATION OPTIMIZATION
========================================
   1    1.9999241  -84.38348217
   2    1.9999811  -16.30342726
   3    1.9992614  -11.25003529
   4    1.9992618  -11.25002953
   5    1.9992692  -11.21821827
   6    1.9992698  -11.21821511
   7    1.9992524  -11.21335113
   8    1.9992523  -11.21330041
   9    1.9995895  -6.85974550
  10    1.9991260  -6.64277015
  11    1.9991950  -6.64172695
  12    1.9726376  -0.83782753
  13    1.9692378  -0.82763343
  14    1.9692337  -0.82754579
  15    1.9691776  -0.82161686
  16    1.9529205  -0.72912951
  17    1.9527050  -0.72782194
  18    1.9647347  -0.72481227
  19    1.9647369  -0.72448260
  20    1.9663692  -0.71173169
  21    1.9663479  -0.71171097
  22    1.9763342  -0.70609919
  23    1.9641890  -0.69961086
  24    1.9641654  -0.69960036
  25    1.9641882  -0.69789393
  26    1.9641721  -0.69783922
  27    1.9380873  -0.46380075
  28    1.8241843  -0.41724977
  29    1.7355522  -0.37775543
  30    1.7351879  -0.37766933
  31    0.2632780  -0.07323687
  32    0.2628073  -0.07313933
  33    0.1738832  -0.05451165
  34    0.0218923  -0.00971034
  35    0.0242140  -0.01718875
  36    0.0242367  -0.01719544
  37    0.0241764  -0.01716815
  38    0.0241355  -0.01715724
  39    0.0101940  -0.00650518
  40    0.0226270  -0.01646640
  41    0.0226226  -0.01645992
  42    0.0239126  -0.01734337
  43    0.0238844  -0.01733213
  44    0.0410104  -0.02608953
  45    0.0407554  -0.02598490
  46    0.0211786  -0.01722907
  47    0.0221963  -0.01791438
  48    0.0222077  -0.01791711
  49    0.0179001  -0.01540275
  50    0.0003928  -0.00404532
  51    0.0003171  -0.00349530
  52    0.0004086  -0.00410602
  53    0.0004541  -0.00830728
  54    0.0004546  -0.00830998
  55    0.0004403  -0.00815414
  56    0.0004407  -0.00815686
  57    0.0004575  -0.00835035
  58    0.0004573  -0.00835014
  59    0.0000169  -0.00027652
  60    0.0000575  -0.00842315
  61    0.0008453  -0.00068100
  62    0.0008299  -0.00067243
  63    0.0014252  -0.00111160
  64    0.0164218  -0.00775739
  65    0.0052784  -0.00515368
  66    0.0052493  -0.00514018
  67    0.0053498  -0.00520187
  68    0.0053694  -0.00520918
  69    0.0054427  -0.00393426
  70    0.0049940  -0.00495744
  71    0.0049816  -0.00495142
  72    0.0048147  -0.00488030
  73    0.0048201  -0.00488085
  74    0.0031779  -0.00332242
  75    0.0031058  -0.00327432
  76    0.0051679  -0.00541994
  77    0.0038270  -0.00443577
  78    0.0038333  -0.00444110
  79    0.0045413  -0.00509955
  80    0.0002525  -0.00231072
  81    0.0002453  -0.00228171
  82    0.0000002  -0.00000182
  83    0.0000970  -0.00133324
  84    0.0000973  -0.00133494
  85    0.0001006  -0.00139870
  86    0.0001009  -0.00140074
  87    0.0001001  -0.00136664
  88    0.0001001  -0.00136635
  89    0.0000002  -0.00001010
  90    0.0000061  -0.00063142
  91    0.0002974  -0.00029672
  92    0.0002957  -0.00028958
  93    0.0001718  -0.00016898
  94    0.0161834  -0.00753186
  95    0.0031965  -0.00340129
  96    0.0031876  -0.00339700
  97    0.0031744  -0.00338994
  98    0.0031733  -0.00338901
  99    0.0051761  -0.00388050
 100    0.0029140  -0.00320548
 101    0.0029025  -0.00319985
 102    0.0030747  -0.00336323
 103    0.0030619  -0.00335372
 104    0.0014554  -0.00179609
 105    0.0014464  -0.00179023
 106    0.0020450  -0.00274912
 107    0.0023889  -0.00305837
 108    0.0023792  -0.00305083
 109    0.0030406  -0.00359859
 110    0.0001565  -0.00145087
 111    0.0001564  -0.00145822
 112    0.0000001  -0.00000087
 113    0.0000933  -0.00128203
 114    0.0000935  -0.00128246
 115    0.0000892  -0.00116085
 116    0.0000893  -0.00116258
 117    0.0000855  -0.00112826
 118    0.0000856  -0.00112986
 119    0.0000001  -0.00000108
 120    0.0000055  -0.00054147
 121    0.0002575  -0.00026184
 122    0.0002664  -0.00026884
 123    0.0001658  -0.00014830
 124    0.0069759  -0.00375783
 125    0.0020007  -0.00229589
 126    0.0019865  -0.00228957
 127    0.0019690  -0.00227257
 128    0.0019771  -0.00227526
 129    0.0007279  -0.00078391
 130    0.0018734  -0.00221764
 131    0.0018690  -0.00221579
 132    0.0022106  -0.00254457
 133    0.0022007  -0.00253628
 134    0.0010089  -0.00132596
 135    0.0010020  -0.00132297
 136    0.0011192  -0.00168784
 137    0.0010996  -0.00167782
 138    0.0010920  -0.00167289
 139    0.0010211  -0.00163372
 140    0.0000009  -0.00000674
 141    0.0001511  -0.00142244
 142    0.0000001  -0.00000085
 143    0.0000858  -0.00114094
 144    0.0000865  -0.00114673
 145    0.0000860  -0.00119636
 146    0.0000865  -0.00119955
 147    0.0000808  -0.00108586
 148    0.0000810  -0.00108738
 149    0.0000001  -0.00000090
 150    0.0000049  -0.00047379
 151    0.0000507  -0.00004646
 152    0.0000870  -0.00009112
 153    0.0000935  -0.00010024
 154    0.0001151  -0.00014562
 155    0.0002486  -0.00041100
 156    0.0002542  -0.00040741
 157    0.0002442  -0.00040492
 158    0.0002488  -0.00040706
 159    0.0005330  -0.00063532
 160    0.0003145  -0.00048315
 161    0.0003185  -0.00048392
 162    0.0003030  -0.00048822
 163    0.0003119  -0.00049943
 164    0.0002330  -0.00037489
 165    0.0003489  -0.00049249
 166    0.0004593  -0.00072518
 167    0.0004755  -0.00073760
 168    0.0004691  -0.00073216
 169    0.0002765  -0.00050510
 170    0.0000004  -0.00000349
 171    0.0000014  -0.00001047
 172    0.0000001  -0.00000083
 173    0.0000095  -0.00037324
 174    0.0000096  -0.00037371
 175    0.0000093  -0.00036312
 176    0.0000093  -0.00036354
 177    0.0000099  -0.00038003
 178    0.0000098  -0.00038011
 179    0.0000001  -0.00000090
 180    0.0000016  -0.00041726
 181    0.0000282  -0.00002728
 182    0.0000406  -0.00003536
 183    0.0000296  -0.00003795
 184    0.0001084  -0.00010661
 185    0.0002167  -0.00037923
 186    0.0002096  -0.00036972
 187    0.0002165  -0.00036985
 188    0.0002083  -0.00036383
 189    0.0004637  -0.00055873
 190    0.0002451  -0.00039762
 191    0.0002579  -0.00040610
 192    0.0002277  -0.00039601
 193    0.0002419  -0.00041723
 194    0.0001723  -0.00029680
 195    0.0001659  -0.00029247
 196    0.0003752  -0.00063117
 197    0.0003304  -0.00056860
 198    0.0003313  -0.00056804
 199    0.0001599  -0.00032198
 200    0.0000003  -0.00000225
 201    0.0000004  -0.00000318
 202    0.0000001  -0.00000081
 203    0.0000022  -0.00002505
 204    0.0000016  -0.00002218
 205    0.0000019  -0.00002190
 206    0.0000008  -0.00001488
 207    0.0000013  -0.00001618
 208    0.0000019  -0.00002321
 209    0.0000001  -0.00000088
 210    0.0000001  -0.00000077
 211    0.0000117  -0.00002185
 212    0.0000308  -0.00002276
 213    0.0000124  -0.00002184
 214    0.0000438  -0.00005571
 215    0.0001854  -0.00033145
 216    0.0001989  -0.00034567
 217    0.0001997  -0.00035370
 218    0.0001800  -0.00033315
 219    0.0002778  -0.00038138
 220    0.0001799  -0.00031310
 221    0.0001733  -0.00030853
 222    0.0002032  -0.00035524
 223    0.0002238  -0.00037701
 224    0.0000583  -0.00012854
 225    0.0000558  -0.00012396
 226    0.0001259  -0.00028948
 227    0.0001096  -0.00026127
 228    0.0001154  -0.00026661
 229    0.0001070  -0.00025646
 230    0.0000002  -0.00000184
 231    0.0000003  -0.00000252
 232    0.0000001  -0.00000069
 233    0.0000011  -0.00001470
 234    0.0000013  -0.00001507
 235    0.0000006  -0.00003440
 236    0.0000007  -0.00002886
 237    0.0000006  -0.00003833
 238    0.0000005  -0.00003523
 239    0.0000001  -0.00000086
 240    0.0000001  -0.00000048
 241    0.0000086  -0.00001681
 242    0.0000136  -0.00002296
 243    0.0000083  -0.00001781
 244    0.0000422  -0.00006389
 245    0.0001263  -0.00023901
 246    0.0001174  -0.00023064
 247    0.0001415  -0.00025769
 248    0.0001437  -0.00025738
 249    0.0001818  -0.00028027
 250    0.0001330  -0.00025699
 251    0.0001296  -0.00025514
 252    0.0001316  -0.00026044
 253    0.0001379  -0.00026733
 254    0.0000513  -0.00012047
 255    0.0000539  -0.00012613
 256    0.0000803  -0.00018874
 257    0.0000791  -0.00020776
 258    0.0000797  -0.00020978
 259    0.0000766  -0.00020889
 260    0.0000001  -0.00000126
 261    0.0000002  -0.00000215
 262    0.0000001  -0.00000067
 263    0.0000008  -0.00001518
 264    0.0000006  -0.00003456
 265    0.0000005  -0.00000803
 266    0.0000005  -0.00001305
 267    0.0000004  -0.00000730
 268    0.0000004  -0.00000683
 269    0.0000001  -0.00000073
 270    0.0000000  -0.00000042
 271    0.0000059  -0.00001183
 272    0.0000121  -0.00001513
 273    0.0000061  -0.00001346
 274    0.0000334  -0.00005069
 275    0.0001016  -0.00020754
 276    0.0001029  -0.00020763
 277    0.0001025  -0.00020617
 278    0.0001082  -0.00020978
 279    0.0001604  -0.00026659
 280    0.0000957  -0.00020689
 281    0.0000927  -0.00020451
 282    0.0000948  -0.00021148
 283    0.0001041  -0.00022224
 284    0.0000386  -0.00008627
 285    0.0000379  -0.00008847
 286    0.0000680  -0.00018042
 287    0.0000579  -0.00015004
 288    0.0000613  -0.00015829
 289    0.0000538  -0.00016667
 290    0.0000001  -0.00000121
 291    0.0000002  -0.00000185
 292    0.0000001  -0.00000064
 293    0.0000005  -0.00002948
 294    0.0000004  -0.00000852
 295    0.0000003  -0.00000642
 296    0.0000004  -0.00000635
 297    0.0000004  -0.00000563
 298    0.0000004  -0.00000632
 299    0.0000001  -0.00000068
 300    0.0000000  -0.00000033
 301    0.0000041  -0.00001045
 302    0.0000103  -0.00001541
 303    0.0000036  -0.00001003
 304    0.0000170  -0.00003544
 305    0.0000671  -0.00015910
 306    0.0000652  -0.00015793
 307    0.0000660  -0.00015693
 308    0.0000634  -0.00015594
 309    0.0001173  -0.00016413
 310    0.0000698  -0.00016211
 311    0.0000733  -0.00016570
 312    0.0000719  -0.00015340
 313    0.0000681  -0.00015223
 314    0.0000298  -0.00008389
 315    0.0000297  -0.00007888
 316    0.0000562  -0.00016717
 317    0.0000537  -0.00015156
 318    0.0000548  -0.00014821
 319    0.0000522  -0.00013422
 320    0.0000001  -0.00000107
 321    0.0000002  -0.00000156
 322    0.0000001  -0.00000065
 323    0.0000005  -0.00000677
 324    0.0000004  -0.00000579
 325    0.0000002  -0.00000292
 326    0.0000003  -0.00000606
 327    0.0000003  -0.00000391
 328    0.0000003  -0.00000397
 329    0.0000001  -0.00000069
 330    0.0000000  -0.00000031
 331    0.0000033  -0.00000913
 332    0.0000087  -0.00001408
 333    0.0000023  -0.00000851
 334    0.0000155  -0.00002814
 335    0.0000518  -0.00012219
 336    0.0000525  -0.00012281
 337    0.0000538  -0.00012491
 338    0.0000535  -0.00012536
 339    0.0000798  -0.00013738
 340    0.0000523  -0.00012621
 341    0.0000535  -0.00012694
 342    0.0000598  -0.00014239
 343    0.0000580  -0.00013851
 344    0.0000144  -0.00004620
 345    0.0000140  -0.00004619
 346    0.0000436  -0.00010260
 347    0.0000353  -0.00008435
 348    0.0000348  -0.00008583
 349    0.0000273  -0.00007658
 350    0.0000001  -0.00000098
 351    0.0000002  -0.00000140
 352    0.0000001  -0.00000063
 353    0.0000004  -0.00000577
 354    0.0000003  -0.00000443
 355    0.0000002  -0.00000243
 356    0.0000002  -0.00000243
 357    0.0000002  -0.00000249
 358    0.0000002  -0.00000249
 359    0.0000001  -0.00000070
 360    0.0000000  -0.00000023
 361    0.0000031  -0.00000897
 362    0.0000073  -0.00001246
 363    0.0000022  -0.00000726
 364    0.0000147  -0.00002812
 365    0.0000478  -0.00011476
 366    0.0000456  -0.00011396
 367    0.0000476  -0.00011896
 368    0.0000476  -0.00011627
 369    0.0000676  -0.00011662
 370    0.0000500  -0.00012237
 371    0.0000450  -0.00011751
 372    0.0000525  -0.00012886
 373    0.0000468  -0.00012352
 374    0.0000114  -0.00003587
 375    0.0000130  -0.00003878
 376    0.0000217  -0.00007315
 377    0.0000326  -0.00008185
 378    0.0000261  -0.00007292
 379    0.0000267  -0.00007316
 380    0.0000001  -0.00000097
 381    0.0000001  -0.00000126
 382    0.0000001  -0.00000064
 383    0.0000004  -0.00000318
 384    0.0000003  -0.00000289
 385    0.0000002  -0.00000183
 386    0.0000002  -0.00000225
 387    0.0000002  -0.00000284
 388    0.0000002  -0.00000195
 389    0.0000001  -0.00000066
 390    0.0000000  -0.00000021
 391    0.0000029  -0.00000823
 392    0.0000062  -0.00001145
 393    0.0000019  -0.00000718
 394    0.0000116  -0.00002151
 395    0.0000339  -0.00008589
 396    0.0000312  -0.00008409
 397    0.0000319  -0.00008515
 398    0.0000357  -0.00008728
 399    0.0000497  -0.00009553
 400    0.0000336  -0.00008869
 401    0.0000318  -0.00008709
 402    0.0000340  -0.00009340
 403    0.0000323  -0.00009144
 404    0.0000066  -0.00002562
 405    0.0000102  -0.00003354
 406    0.0000208  -0.00005784
 407    0.0000256  -0.00007022
 408    0.0000154  -0.00005488
 409    0.0000199  -0.00006679
 410    0.0000001  -0.00000088
 411    0.0000001  -0.00000119
 412    0.0000001  -0.00000064
 413    0.0000003  -0.00000310
 414    0.0000002  -0.00000242
 415    0.0000002  -0.00000152
 416    0.0000002  -0.00000204
 417    0.0000002  -0.00000149
 418    0.0000002  -0.00000153
 419    0.0000001  -0.00000066
 420    0.0000000  -0.00000020
 421    0.0000028  -0.00000776
 422    0.0000056  -0.00001138
 423    0.0000018  -0.00000723
 424    0.0000091  -0.00001796
 425    0.0000121  -0.00004175
 426    0.0000204  -0.00005328
 427    0.0000119  -0.00003967
 428    0.0000132  -0.00004331
 429    0.0000478  -0.00009264
 430    0.0000181  -0.00004708
 431    0.0000193  -0.00004759
 432    0.0000161  -0.00004712
 433    0.0000165  -0.00004577
 434    0.0000062  -0.00002322
 435    0.0000100  -0.00003062
 436    0.0000160  -0.00004635
 437    0.0000115  -0.00003711
 438    0.0000127  -0.00003954
 439    0.0000141  -0.00004483
 440    0.0000001  -0.00000080
 441    0.0000001  -0.00000116
 442    0.0000001  -0.00000064
 443    0.0000003  -0.00000280
 444    0.0000002  -0.00000259
 445    0.0000001  -0.00000147
 446    0.0000002  -0.00000139
 447    0.0000001  -0.00000119
 448    0.0000001  -0.00000120
 449    0.0000001  -0.00000067
 450    0.0000000  -0.00000019
 451    0.0000025  -0.00000754
 452    0.0000051  -0.00001070
 453    0.0000017  -0.00000647
 454    0.0000067  -0.00001755
 455    0.0000117  -0.00003787
 456    0.0000136  -0.00004126
 457    0.0000111  -0.00003666
 458    0.0000128  -0.00004031
 459    0.0000382  -0.00007670
 460    0.0000132  -0.00003491
 461    0.0000142  -0.00003714
 462    0.0000124  -0.00003984
 463    0.0000140  -0.00004086
 464    0.0000053  -0.00001935
 465    0.0000085  -0.00002547
 466    0.0000099  -0.00003702
 467    0.0000099  -0.00003459
 468    0.0000118  -0.00003781
 469    0.0000121  -0.00003894
 470    0.0000001  -0.00000081
 471    0.0000001  -0.00000103
 472    0.0000001  -0.00000059
 473    0.0000003  -0.00000254
 474    0.0000002  -0.00000159
 475    0.0000001  -0.00000139
 476    0.0000002  -0.00000133
 477    0.0000001  -0.00000124
 478    0.0000001  -0.00000124
 479    0.0000001  -0.00000064
 480    0.0000000  -0.00000018
 481    0.0000023  -0.00000669
 482    0.0000049  -0.00000993
 483    0.0000016  -0.00000596
 484    0.0000057  -0.00001373
 485    0.0000079  -0.00002982
 486    0.0000120  -0.00003481
 487    0.0000107  -0.00003377
 488    0.0000122  -0.00003551
 489    0.0000296  -0.00006351
 490    0.0000102  -0.00003413
 491    0.0000107  -0.00003197
 492    0.0000112  -0.00003538
 493    0.0000109  -0.00003688
 494    0.0000035  -0.00001493
 495    0.0000065  -0.00002080
 496    0.0000092  -0.00003656
 497    0.0000088  -0.00003204
 498    0.0000103  -0.00003696
 499    0.0000087  -0.00002973
 500    0.0000001  -0.00000076
 501    0.0000001  -0.00000098
 502    0.0000001  -0.00000058
 503    0.0000003  -0.00000265
 504    0.0000002  -0.00000161
 505    0.0000001  -0.00000117
 506    0.0000001  -0.00000117
 507    0.0000001  -0.00000129
 508    0.0000001  -0.00000105
 509    0.0000001  -0.00000063
 510    0.0000000  -0.00000017
 511    0.0000022  -0.00000656
 512    0.0000044  -0.00000918
 513    0.0000013  -0.00000594
 514    0.0000055  -0.00001207
 515    0.0000079  -0.00002920
 516    0.0000083  -0.00002969
 517    0.0000096  -0.00003120
 518    0.0000088  -0.00003003
 519    0.0000289  -0.00005586
 520    0.0000096  -0.00003185
 521    0.0000104  -0.00003246
 522    0.0000108  -0.00003236
 523    0.0000099  -0.00003233
 524    0.0000033  -0.00001337
 525    0.0000047  -0.00001693
 526    0.0000075  -0.00002522
 527    0.0000076  -0.00002809
 528    0.0000080  -0.00002761
 529    0.0000076  -0.00003041
 530    0.0000001  -0.00000076
 531    0.0000001  -0.00000091
 532    0.0000001  -0.00000061
 533    0.0000003  -0.00000256
 534    0.0000002  -0.00000155
 535    0.0000001  -0.00000104
 536    0.0000001  -0.00000105
 537    0.0000001  -0.00000100
 538    0.0000001  -0.00000104
 539    0.0000001  -0.00000063
 540    0.0000000  -0.00000017
 541    0.0000020  -0.00000622
 542    0.0000044  -0.00000983
 543    0.0000013  -0.00000541
 544    0.0000040  -0.00001082
 545    0.0000077  -0.00002492
 546    0.0000069  -0.00002458
 547    0.0000068  -0.00002631
 548    0.0000082  -0.00002872
 549    0.0000191  -0.00004204
 550    0.0000077  -0.00002903
 551    0.0000089  -0.00003084
 552    0.0000091  -0.00003010
 553    0.0000091  -0.00002854
 554    0.0000031  -0.00001170
 555    0.0000044  -0.00001554
 556    0.0000073  -0.00002794
 557    0.0000069  -0.00002621
 558    0.0000074  -0.00002858
 559    0.0000065  -0.00002387
 560    0.0000001  -0.00000070
 561    0.0000001  -0.00000092
 562    0.0000001  -0.00000055
 563    0.0000003  -0.00000228
 564    0.0000001  -0.00000119
 565    0.0000001  -0.00000073
 566    0.0000001  -0.00000084
 567    0.0000001  -0.00000075
 568    0.0000001  -0.00000093
 569    0.0000001  -0.00000060
 570    0.0000000  -0.00000015
 571    0.0000018  -0.00000653
 572    0.0000042  -0.00000902
 573    0.0000011  -0.00000484
 574    0.0000034  -0.00001007
 575    0.0000070  -0.00002257
 576    0.0000068  -0.00002300
 577    0.0000061  -0.00002233
 578    0.0000059  -0.00002216
 579    0.0000173  -0.00003356
 580    0.0000061  -0.00002344
 581    0.0000086  -0.00002864
 582    0.0000080  -0.00002502
 583    0.0000077  -0.00002630
 584    0.0000029  -0.00000958
 585    0.0000041  -0.00001382
 586    0.0000060  -0.00002439
 587    0.0000055  -0.00002253
 588    0.0000067  -0.00002483
 589    0.0000054  -0.00002061
 590    0.0000001  -0.00000070
 591    0.0000001  -0.00000086
 592    0.0000001  -0.00000056
 593    0.0000003  -0.00000266
 594    0.0000001  -0.00000112
 595    0.0000001  -0.00000069
 596    0.0000001  -0.00000094
 597    0.0000001  -0.00000072
 598    0.0000001  -0.00000078
 599    0.0000001  -0.00000058
 600    0.0000000  -0.00000016
 601    0.0000017  -0.00000598
 602    0.0000035  -0.00000835
 603    0.0000011  -0.00000499
 604    0.0000031  -0.00000887
 605    0.0000048  -0.00001993
 606    0.0000060  -0.00002141
 607    0.0000049  -0.00002026
 608    0.0000056  -0.00002083
 609    0.0000132  -0.00002492
 610    0.0000051  -0.00002154
 611    0.0000073  -0.00002459
 612    0.0000043  -0.00001859
 613    0.0000054  -0.00002075
 614    0.0000026  -0.00001007
 615    0.0000024  -0.00000931
 616    0.0000048  -0.00001812
 617    0.0000046  -0.00001983
 618    0.0000053  -0.00002041
 619    0.0000050  -0.00001981
 620    0.0000001  -0.00000067
 621    0.0000001  -0.00000083
 622    0.0000001  -0.00000056
 623    0.0000002  -0.00000204
 624    0.0000001  -0.00000114
 625    0.0000001  -0.00000071
 626    0.0000001  -0.00000090
 627    0.0000001  -0.00000071
 628    0.0000001  -0.00000077
 629    0.0000001  -0.00000058
 630    0.0000000  -0.00000015
 
----------------
 Final Energies 
----------------
       HF Total Energy =    -628.5613005
Final NOF Total Energy =    -630.1564563
    Correlation Energy =      -1.5951557
 
Total Orbital Internal Iterations = 1209
Total Occupation Internal Iterations = 467
 
Elapsed time: 44743.21 Seconds

---------------------------------
   Lowdin Population Analysis    
---------------------------------
 Idx  Atom   Population   Charge 
---------------------------------
  1     C     6.154      -0.154
  2     S    15.338       0.662
  3     C     5.829       0.171
  4     C     5.979       0.021
  5     C     6.154      -0.154
  6     C     5.829       0.171
  7     C     5.979       0.021
  8     H     1.108      -0.108
  9     H     1.090      -0.090
 10     H     1.091      -0.091
 11     H     1.080      -0.080
 12     H     1.108      -0.108
 13     H     1.090      -0.090
 14     H     1.091      -0.091
 15     H     1.080      -0.080

---------------------------------
   M Diagnostic: 0.26
---------------------------------

