Computing Integrals
Elapsed time:    5.93 Seconds

Number of basis functions                   (NBF)    = 418
Number of auxiliary basis functions         (NBFAUX) = 500
Inactive Doubly occupied orbitals up to     (NO1)    = 0
No. considered Strongly Doubly occupied MOs (NDOC)   = 22
No. considered Strongly Singly occupied MOs (NSOC)   = 0
NO. of Weakly occ. per St. Doubly occ.  MOs (NCWO)   = 18
Dimension of the Nat. Orb. subspace         (NBF5)   = 418
No. of electrons                                     = 44
    No. of alpha electrons                           = 22
    No. of beta electrons                            = 22
Multiplicity                                         = 1

Geometry
========
 C      -0.7135500       0.0000000      -0.6997700
 C      -1.2409900       0.0000000       0.5588900
 S       0.0000000       0.0000000       1.7691400
 C       1.2409900       0.0000000       0.5588900
 C       0.7135500       0.0000000      -0.6997700
 H      -1.3181400       0.0000000      -1.5970600
 H      -2.2788200       0.0000000       0.8533600
 H       2.2788200       0.0000000       0.8533600
 H       1.3181400       0.0000000      -1.5970600

No violations of the orthonormality
Hartree-Fock
============

  Nitext  Nitint    Eelec          Etot           Ediff          maxdiff
     1      1  -227.60395386   -25.56590024   301.89918418    79.98707827 
     2     10  -627.25042191  -425.21236829    -8.17927057     9.73126082 
     3     10  -685.88568081  -483.84762718    -3.16503427    11.66365284 
     4     10  -720.78363077  -518.74557714    -2.36527868    10.46054011 
     5     10  -738.29594956  -536.25789594    -2.12576137     4.98140226 
     6     10  -740.44765763  -538.40960401     0.44090153     8.32384490 
     7     10  -743.54080439  -541.50275077     1.06648960     8.94962280 
     8     10  -745.77552493  -543.73747131     0.01321715     8.13179134 
     9     10  -747.32703119  -545.28897756    -0.24310957     5.93561508 
    10     10  -748.06429902  -546.02624540    -0.62835504     7.41616267 
    11     10  -748.27364351  -546.23558989     0.82259816     7.93559893 
    12     10  -749.81062919  -547.77257557    -0.02717945     5.90201462 
    13     10  -750.07995099  -548.04189737    -0.00496474     4.28007405 
    14     10  -750.39980350  -548.36174988    -0.32743425     6.21383736 
    15     10  -750.31363636  -548.27558274     0.08873103     5.61470808 
    16     10  -750.69919210  -548.66113848     0.09465479     5.25813543 
    17     10  -750.77388785  -548.73583423    -0.55337549     6.07756265 
    18     10  -750.83034666  -548.79229304    -0.01954576     6.44454759 
    19     10  -750.83865878  -548.80060516    -0.25405318     6.22588326 
    20     10  -751.04558841  -549.00753479    -0.24795097     5.10389867 
    21     10  -751.15354710  -549.11549348    -0.19622690     3.46745456 
    22     10  -751.36438971  -549.32633609    -0.27278286     4.06441709 
    23     10  -751.57683640  -549.53878278    -0.23564698     4.35094829 
    24     10  -751.52140677  -549.48335315     0.10360490     5.36034510 
    25     10  -751.59469540  -549.55664178     0.06216913     3.63490357 
    26     10  -751.72561559  -549.68756197     0.02501004     3.64040354 
    27     10  -751.67897596  -549.64092234    -0.20748673     4.66849113 
    28     10  -751.64198987  -549.60393625     0.20122110     5.09055106 
    29     10  -751.72966502  -549.69161140     0.18908574     4.69361328 
    30     10  -752.13405878  -550.09600516    -0.30817197     3.18764245 
No violations of the orthonormality
 
PNOF7/ADAM Calculation
==================
 
  Nitext  Nit_orb  Time   Nit_occ  Time         Eelec          Etot           Ediff      maxdiff    Grad_orb  Grad_occ
0.0009941481593100931
0.004503183474758475
     1      10    1.4e+02   21    5.3e+01  -750.09233410  -548.05428048 -10749.09233410   2.737724   4.8e+01   1.4e-04 0.00
0.0019376776437050047
0.004277473249034234
     2      30    3.6e+02   36    2.6e+01  -753.18142134  -551.14336772    -3.08908724   0.813341   4.7e+00   2.6e-04 0.00
0.004964076587124833
0.01162496691559589
     3      30    3.8e+02   35    2.4e+01  -753.55312496  -551.51507134    -0.37170362   0.367210   3.3e+00   2.5e-04 0.01
0.007394394090985523
0.01660164553765841
     4      30    4.0e+02   43    2.4e+01  -753.71260993  -551.67455631    -0.15948497   0.016140   3.3e-01   1.8e-04 0.02
0.015261384619836393
0.02439481332050404
     5      30    4.0e+02   22    1.3e+01  -753.78249898  -551.74444536    -0.06988905   0.011691   3.1e-01   3.3e-04 0.05
0.021288183471906353
0.03197801575220659
     6      30    4.0e+02   31    2.1e+01  -753.82998699  -551.79193336    -0.04748801   0.010656   2.8e-01   2.2e-04 0.09
0.02149003769571132
0.03427874270713786
     7      30    4.0e+02   28    1.5e+01  -753.86607413  -551.82802051    -0.03608714   0.010790   2.4e-01   2.6e-04 0.14
0.017959590892834817
0.03547274630593231
     8      30    4.0e+02   24    1.4e+01  -753.89292196  -551.85486834    -0.02684783   0.006696   2.0e-01   2.5e-04 0.17
0.020637816092879624
0.03415357092906245
     9      30    4.0e+02   27    1.7e+01  -753.91177236  -551.87371874    -0.01885040   0.006585   2.0e-01   2.7e-04 0.19
0.01938952011502293
0.029165141529154538
    10      30    3.9e+02   19    1.2e+01  -753.92676435  -551.88871073    -0.01499199   0.005618   1.7e-01   2.3e-04 0.21
0.014865693290726734
0.021479291149018257
    11      30    3.9e+02   19    1.2e+01  -753.93779184  -551.89973822    -0.01102749   0.005555   1.5e-01   2.5e-04 0.21
0.009705172871279574
0.014167325741683955
    12      30    3.9e+02   15    1.1e+01  -753.94473494  -551.90668132    -0.00694310   0.005593   1.4e-01   3.0e-04 0.21
0.00561387671314216
0.008866040778267324
    13      30    3.9e+02   13    9.9e+00  -753.94809291  -551.91003929    -0.00335797   0.005211   1.4e-01   2.6e-04 0.21
0.0023103679307894254
0.004329186586505816
    14      30    4.0e+02    5    5.7e+00  -753.94952878  -551.91147516    -0.00143587   0.005888   1.4e-01   2.4e-04 0.21
0.0012435312280587862
0.002551889310613637
    15      30    3.9e+02    8    7.4e+00  -753.95014140  -551.91208778    -0.00061262   0.005664   1.3e-01   2.4e-04 0.21
0.0008048578361692935
0.0016333768346490879
    16      30    4.0e+02    9    6.3e+00  -753.95059590  -551.91254228    -0.00045450   0.005016   1.3e-01   3.1e-04 0.21
0.0007936638941080263
0.0011689899303308367
    17      30    4.0e+02    3    4.8e+00  -753.95084511  -551.91279149    -0.00024921   0.005165   1.3e-01   2.7e-04 0.21
0.0002890998256359495
0.0006118658145420603
    18      30    4.0e+02   11    8.8e+00  -753.95093465  -551.91288103    -0.00008954   0.005381   1.4e-01   2.4e-04 0.21
0.00032489660147344557
0.0005627419246340111
    19      30    3.9e+02    8    7.9e+00  -753.95133868  -551.91328506    -0.00040403   0.005078   1.3e-01   2.0e-04 0.21
0.0005606781634532182
0.000928757748858015
    20      30    3.9e+02    7    5.6e+00  -753.95166077  -551.91360715    -0.00032209   0.005915   1.3e-01   1.9e-04 0.21
0.0005057688907339585
0.0007081448641558589
    21      30    3.8e+02   15    9.1e+00  -753.95205745  -551.91400383    -0.00039668   0.016947   1.6e-01   1.6e-04 0.21
0.0008167461405921808
0.0010718853596029159
    22      30    3.8e+02   14    9.9e+00  -753.95256510  -551.91451148    -0.00050765   0.005718   1.4e-01   1.8e-04 0.21
0.0010720075122041383
0.001548182545797178
    23      30    3.8e+02   13    9.5e+00  -753.95319962  -551.91514600    -0.00063452   0.006480   1.3e-01   2.3e-04 0.21
0.0011590696417185182
0.0014405143114035847
    24      30    3.8e+02    8    6.2e+00  -753.95382084  -551.91576722    -0.00062122   0.006174   1.2e-01   1.8e-04 0.21
0.0009911912944399514
0.0012422216204527176
    25      30    3.8e+02    6    6.3e+00  -753.95395645  -551.91590283    -0.00013561   0.007974   1.4e-01   1.9e-04 0.21
0.000712102090081235
0.0010353617925572655
    26      30    3.8e+02    5    5.9e+00  -753.95424558  -551.91619196    -0.00028913   0.006186   1.2e-01   2.8e-04 0.21
0.0003716553708281332
0.0006513209377534726
    27      30    3.8e+02    9    7.1e+00  -753.95427208  -551.91621846    -0.00002650   0.005683   1.3e-01   2.6e-04 0.21
0.00033515337142546106
0.0007063352651123651
    28      50    6.4e+02    3    3.8e+00  -753.95501024  -551.91695662    -0.00073815   0.000501   9.9e-03   2.2e-04 0.21
0.00020759338928844073
0.0004313344889500322
    29      50    6.3e+02    1    3.0e+00  -753.95502289  -551.91696927    -0.00001265   0.001195   1.6e-02   1.8e-04 0.21
0.0
0.0
    30      50    6.1e+02    0    2.3e+00  -753.95502920  -551.91697558    -0.00000631   0.001734   1.9e-02   1.9e-04 0.21
0.0
0.0
    31      60    7.3e+02    0    2.3e+00  -753.95504230  -551.91698868    -0.00001310   0.000685   8.6e-03   1.9e-04 0.21
0.0
0.0
    32      70    8.4e+02    0    2.4e+00  -753.95504773  -551.91699411    -0.00000544   0.000360   4.7e-03   1.9e-04 0.21
0.00019158937940784437
0.0004074551530612812
    33      80    9.5e+02    8    5.8e+00  -753.95505077  -551.91699714    -0.00000303   0.000294   3.1e-03   2.4e-04 0.21
0.0
0.0
    34      80    9.5e+02    0    2.6e+00  -753.95509111  -551.91703749    -0.00004035   0.000242   2.4e-03   2.4e-04 0.21
0.0
0.0
    35      90    1.1e+03    0    2.5e+00  -753.95509205  -551.91703842    -0.00000093   0.000836   4.4e-03   2.4e-04 0.21
0.0
0.0
    36     100    1.2e+03    0    2.5e+00  -753.95509383  -551.91704021    -0.00000179   0.000143   1.2e-03   2.4e-04 0.21
0.0
0.0
    37     110    1.3e+03    0    2.5e+00  -753.95509465  -551.91704103    -0.00000082   0.000099   7.8e-04   2.4e-04 0.21
 
RESULTS OF THE OCCUPATION OPTIMIZATION
========================================
   1    1.9999244  -84.73625230
   2    1.9999779  -15.92087834
   3    1.9992952  -11.24419702
   4    1.9992882  -11.24314105
   5    1.9992709  -11.22300184
   6    1.9992855  -11.22299907
   7    1.9996041  -6.94178966
   8    1.9990986  -6.66365732
   9    1.9992095  -6.65953147
  10    1.9728724  -0.85979271
  11    1.9735462  -0.85921796
  12    1.9680080  -0.81008349
  13    1.9634285  -0.78209089
  14    1.9630500  -0.78034637
  15    1.9661246  -0.72842534
  16    1.9661532  -0.72838861
  17    1.9655914  -0.71449585
  18    1.9654420  -0.71390436
  19    1.9724059  -0.68020827
  20    1.9332545  -0.45787870
  21    1.7935836  -0.39254593
  22    1.7871392  -0.38937892
  23    0.2122976  -0.06210794
  24    0.2007372  -0.05944893
  25    0.0352736  -0.01260361
  26    0.0081763  -0.00569910
  27    0.0233470  -0.01690241
  28    0.0231626  -0.01677852
  29    0.0225633  -0.01661867
  30    0.0225593  -0.01660076
  31    0.0308790  -0.02172855
  32    0.0307370  -0.02167219
  33    0.0224562  -0.01801844
  34    0.0179359  -0.01551267
  35    0.0174728  -0.01524626
  36    0.0003786  -0.00393997
  37    0.0003501  -0.00375921
  38    0.0003941  -0.00400205
  39    0.0004381  -0.00813774
  40    0.0004413  -0.00815885
  41    0.0004440  -0.00820323
  42    0.0004443  -0.00819864
  43    0.0000209  -0.00033009
  44    0.0000568  -0.00836244
  45    0.0002486  -0.00019981
  46    0.0045681  -0.00237020
  47    0.0162554  -0.00715147
  48    0.0073270  -0.00525186
  49    0.0050245  -0.00499148
  50    0.0050068  -0.00497904
  51    0.0050234  -0.00502280
  52    0.0050038  -0.00501357
  53    0.0025897  -0.00294012
  54    0.0025346  -0.00290956
  55    0.0043430  -0.00476946
  56    0.0047770  -0.00525138
  57    0.0044218  -0.00504036
  58    0.0002534  -0.00232275
  59    0.0002381  -0.00223348
  60    0.0000003  -0.00000295
  61    0.0000994  -0.00137681
  62    0.0000990  -0.00137141
  63    0.0000958  -0.00132202
  64    0.0000959  -0.00132245
  65    0.0000002  -0.00000886
  66    0.0000062  -0.00064323
  67    0.0001533  -0.00013993
  68    0.0008840  -0.00067362
  69    0.0139869  -0.00580016
  70    0.0064597  -0.00481033
  71    0.0031859  -0.00342772
  72    0.0031590  -0.00342324
  73    0.0030840  -0.00335805
  74    0.0030501  -0.00333495
  75    0.0013947  -0.00179711
  76    0.0013217  -0.00171540
  77    0.0030163  -0.00354693
  78    0.0016237  -0.00237157
  79    0.0029686  -0.00352896
  80    0.0001547  -0.00144353
  81    0.0001563  -0.00146202
  82    0.0000002  -0.00000200
  83    0.0000861  -0.00119491
  84    0.0000876  -0.00113043
  85    0.0000799  -0.00109196
  86    0.0000799  -0.00109125
  87    0.0000001  -0.00000057
  88    0.0000054  -0.00053090
  89    0.0000440  -0.00006644
  90    0.0001177  -0.00012279
  91    0.0006059  -0.00053328
  92    0.0038886  -0.00314290
  93    0.0018538  -0.00219476
  94    0.0018457  -0.00219598
  95    0.0019373  -0.00229583
  96    0.0019521  -0.00230951
  97    0.0013550  -0.00173443
  98    0.0011628  -0.00155019
  99    0.0010143  -0.00156374
 100    0.0010615  -0.00167799
 101    0.0010276  -0.00165290
 102    0.0000013  -0.00001053
 103    0.0001520  -0.00143166
 104    0.0000002  -0.00000169
 105    0.0000764  -0.00099093
 106    0.0000862  -0.00119606
 107    0.0000772  -0.00099639
 108    0.0000706  -0.00091422
 109    0.0000001  -0.00000057
 110    0.0000052  -0.00051179
 111    0.0000299  -0.00004044
 112    0.0000447  -0.00004833
 113    0.0001880  -0.00022085
 114    0.0005835  -0.00062379
 115    0.0003222  -0.00050494
 116    0.0003264  -0.00050475
 117    0.0003353  -0.00051172
 118    0.0003446  -0.00052330
 119    0.0002458  -0.00039699
 120    0.0002561  -0.00040621
 121    0.0004278  -0.00066060
 122    0.0003465  -0.00060305
 123    0.0004800  -0.00076057
 124    0.0000008  -0.00000600
 125    0.0000017  -0.00001123
 126    0.0000001  -0.00000117
 127    0.0000094  -0.00036440
 128    0.0000094  -0.00036522
 129    0.0000094  -0.00036739
 130    0.0000094  -0.00036766
 131    0.0000001  -0.00000054
 132    0.0000015  -0.00040946
 133    0.0000161  -0.00002312
 134    0.0000138  -0.00001602
 135    0.0001212  -0.00010886
 136    0.0003456  -0.00042648
 137    0.0002059  -0.00036128
 138    0.0002539  -0.00040720
 139    0.0002448  -0.00040829
 140    0.0002900  -0.00045482
 141    0.0002024  -0.00035324
 142    0.0002545  -0.00039195
 143    0.0002950  -0.00050874
 144    0.0001706  -0.00033574
 145    0.0003263  -0.00057483
 146    0.0000003  -0.00000302
 147    0.0000007  -0.00000459
 148    0.0000001  -0.00000102
 149    0.0000015  -0.00002088
 150    0.0000019  -0.00002187
 151    0.0000013  -0.00001705
 152    0.0000017  -0.00001975
 153    0.0000001  -0.00000056
 154    0.0000001  -0.00000063
 155    0.0000095  -0.00001680
 156    0.0000118  -0.00001591
 157    0.0000663  -0.00007748
 158    0.0002338  -0.00032991
 159    0.0001334  -0.00025044
 160    0.0001616  -0.00029510
 161    0.0001540  -0.00028513
 162    0.0001752  -0.00030907
 163    0.0000782  -0.00017671
 164    0.0001017  -0.00021223
 165    0.0001153  -0.00026728
 166    0.0001391  -0.00028160
 167    0.0001069  -0.00025242
 168    0.0000002  -0.00000163
 169    0.0000006  -0.00000457
 170    0.0000001  -0.00000079
 171    0.0000007  -0.00002843
 172    0.0000006  -0.00003609
 173    0.0000009  -0.00001429
 174    0.0000006  -0.00003599
 175    0.0000001  -0.00000052
 176    0.0000000  -0.00000029
 177    0.0000086  -0.00001995
 178    0.0000089  -0.00001428
 179    0.0000551  -0.00005655
 180    0.0001419  -0.00023071
 181    0.0001241  -0.00024728
 182    0.0001343  -0.00026127
 183    0.0001389  -0.00026933
 184    0.0001386  -0.00027020
 185    0.0000555  -0.00013581
 186    0.0000488  -0.00012608
 187    0.0000795  -0.00020771
 188    0.0001266  -0.00029236
 189    0.0000790  -0.00021546
 190    0.0000001  -0.00000141
 191    0.0000004  -0.00000357
 192    0.0000001  -0.00000071
 193    0.0000006  -0.00001562
 194    0.0000005  -0.00000812
 195    0.0000006  -0.00003480
 196    0.0000004  -0.00000717
 197    0.0000001  -0.00000049
 198    0.0000000  -0.00000018
 199    0.0000081  -0.00001342
 200    0.0000064  -0.00001445
 201    0.0000409  -0.00004679
 202    0.0001106  -0.00016200
 203    0.0000965  -0.00020497
 204    0.0000969  -0.00021007
 205    0.0000992  -0.00022014
 206    0.0001010  -0.00022398
 207    0.0000427  -0.00008764
 208    0.0000395  -0.00009262
 209    0.0000665  -0.00016458
 210    0.0000768  -0.00021082
 211    0.0000584  -0.00016885
 212    0.0000001  -0.00000112
 213    0.0000002  -0.00000267
 214    0.0000001  -0.00000077
 215    0.0000005  -0.00000814
 216    0.0000005  -0.00000711
 217    0.0000004  -0.00000751
 218    0.0000003  -0.00000606
 219    0.0000001  -0.00000050
 220    0.0000000  -0.00000020
 221    0.0000069  -0.00001545
 222    0.0000060  -0.00001283
 223    0.0000293  -0.00004049
 224    0.0000731  -0.00012448
 225    0.0000679  -0.00016593
 226    0.0000668  -0.00015741
 227    0.0000674  -0.00015952
 228    0.0000648  -0.00015301
 229    0.0000337  -0.00009750
 230    0.0000281  -0.00007959
 231    0.0000490  -0.00014821
 232    0.0000590  -0.00017665
 233    0.0000534  -0.00014101
 234    0.0000001  -0.00000103
 235    0.0000002  -0.00000226
 236    0.0000001  -0.00000073
 237    0.0000004  -0.00000714
 238    0.0000003  -0.00000622
 239    0.0000004  -0.00000593
 240    0.0000003  -0.00000492
 241    0.0000001  -0.00000044
 242    0.0000000  -0.00000015
 243    0.0000060  -0.00001290
 244    0.0000048  -0.00001191
 245    0.0000246  -0.00003737
 246    0.0000574  -0.00010344
 247    0.0000536  -0.00012606
 248    0.0000544  -0.00013265
 249    0.0000551  -0.00013232
 250    0.0000538  -0.00013063
 251    0.0000156  -0.00004662
 252    0.0000223  -0.00005300
 253    0.0000399  -0.00010263
 254    0.0000285  -0.00006957
 255    0.0000454  -0.00011599
 256    0.0000001  -0.00000102
 257    0.0000002  -0.00000184
 258    0.0000001  -0.00000069
 259    0.0000003  -0.00000473
 260    0.0000003  -0.00000420
 261    0.0000004  -0.00000566
 262    0.0000003  -0.00000449
 263    0.0000001  -0.00000042
 264    0.0000000  -0.00000013
 265    0.0000057  -0.00001278
 266    0.0000028  -0.00000951
 267    0.0000237  -0.00003321
 268    0.0000464  -0.00009189
 269    0.0000529  -0.00012803
 270    0.0000517  -0.00013087
 271    0.0000525  -0.00012718
 272    0.0000467  -0.00012647
 273    0.0000135  -0.00004056
 274    0.0000157  -0.00004329
 275    0.0000264  -0.00006408
 276    0.0000260  -0.00008298
 277    0.0000240  -0.00007682
 278    0.0000001  -0.00000090
 279    0.0000001  -0.00000123
 280    0.0000001  -0.00000067
 281    0.0000002  -0.00000351
 282    0.0000003  -0.00000361
 283    0.0000003  -0.00000396
 284    0.0000002  -0.00000219
 285    0.0000001  -0.00000041
 286    0.0000000  -0.00000007
 287    0.0000054  -0.00001213
 288    0.0000022  -0.00000753
 289    0.0000185  -0.00002906
 290    0.0000437  -0.00008834
 291    0.0000318  -0.00008845
 292    0.0000344  -0.00009181
 293    0.0000345  -0.00009136
 294    0.0000331  -0.00009080
 295    0.0000111  -0.00003892
 296    0.0000125  -0.00003801
 297    0.0000168  -0.00004122
 298    0.0000240  -0.00007004
 299    0.0000184  -0.00005732
 300    0.0000001  -0.00000088
 301    0.0000001  -0.00000105
 302    0.0000001  -0.00000058
 303    0.0000002  -0.00000221
 304    0.0000002  -0.00000244
 305    0.0000003  -0.00000286
 306    0.0000002  -0.00000236
 307    0.0000001  -0.00000041
 308    0.0000000  -0.00000014
 309    0.0000048  -0.00001094
 310    0.0000020  -0.00000742
 311    0.0000151  -0.00002992
 312    0.0000349  -0.00007992
 313    0.0000192  -0.00005310
 314    0.0000152  -0.00004442
 315    0.0000171  -0.00004246
 316    0.0000170  -0.00004475
 317    0.0000093  -0.00003061
 318    0.0000100  -0.00003521
 319    0.0000117  -0.00004078
 320    0.0000188  -0.00005273
 321    0.0000140  -0.00004686
 322    0.0000001  -0.00000091
 323    0.0000001  -0.00000095
 324    0.0000001  -0.00000055
 325    0.0000002  -0.00000203
 326    0.0000002  -0.00000244
 327    0.0000002  -0.00000274
 328    0.0000002  -0.00000143
 329    0.0000001  -0.00000034
 330    0.0000000  -0.00000006
 331    0.0000046  -0.00001038
 332    0.0000017  -0.00000796
 333    0.0000116  -0.00002007
 334    0.0000250  -0.00005586
 335    0.0000114  -0.00003768
 336    0.0000109  -0.00003290
 337    0.0000124  -0.00003789
 338    0.0000148  -0.00003623
 339    0.0000068  -0.00002349
 340    0.0000084  -0.00002726
 341    0.0000104  -0.00003457
 342    0.0000130  -0.00003827
 343    0.0000094  -0.00002996
 344    0.0000001  -0.00000087
 345    0.0000001  -0.00000098
 346    0.0000001  -0.00000058
 347    0.0000002  -0.00000134
 348    0.0000002  -0.00000220
 349    0.0000002  -0.00000207
 350    0.0000002  -0.00000141
 351    0.0000001  -0.00000036
 352    0.0000000  -0.00000010
 353    0.0000040  -0.00000944
 354    0.0000016  -0.00000638
 355    0.0000113  -0.00001946
 356    0.0000210  -0.00004917
 357    0.0000108  -0.00003358
 358    0.0000107  -0.00003455
 359    0.0000102  -0.00003340
 360    0.0000122  -0.00003442
 361    0.0000066  -0.00002341
 362    0.0000077  -0.00002430
 363    0.0000090  -0.00002652
 364    0.0000101  -0.00002870
 365    0.0000083  -0.00003380
 366    0.0000001  -0.00000076
 367    0.0000001  -0.00000085
 368    0.0000001  -0.00000057
 369    0.0000002  -0.00000141
 370    0.0000002  -0.00000211
 371    0.0000002  -0.00000224
 372    0.0000001  -0.00000102
 373    0.0000001  -0.00000038
 374    0.0000000  -0.00000005
 375    0.0000040  -0.00001035
 376    0.0000013  -0.00000592
 377    0.0000098  -0.00002013
 378    0.0000134  -0.00003758
 379    0.0000091  -0.00003081
 380    0.0000091  -0.00003176
 381    0.0000094  -0.00003265
 382    0.0000106  -0.00003308
 383    0.0000053  -0.00001765
 384    0.0000053  -0.00001824
 385    0.0000083  -0.00003172
 386    0.0000092  -0.00003664
 387    0.0000076  -0.00002586
 388    0.0000001  -0.00000074
 389    0.0000001  -0.00000082
 390    0.0000001  -0.00000049
 391    0.0000002  -0.00000135
 392    0.0000002  -0.00000191
 393    0.0000002  -0.00000169
 394    0.0000001  -0.00000105
 395    0.0000001  -0.00000035
 396    0.0000000  -0.00000005
 397    0.0000037  -0.00000956
 398    0.0000013  -0.00000580
 399    0.0000084  -0.00002021
 400    0.0000121  -0.00003114
 401    0.0000080  -0.00002746
 402    0.0000083  -0.00002870
 403    0.0000083  -0.00003016
 404    0.0000078  -0.00002935
 405    0.0000052  -0.00001695
 406    0.0000046  -0.00001657
 407    0.0000067  -0.00002814
 408    0.0000074  -0.00002670
 409    0.0000058  -0.00002305
 410    0.0000001  -0.00000074
 411    0.0000001  -0.00000076
 412    0.0000001  -0.00000051
 413    0.0000001  -0.00000106
 414    0.0000001  -0.00000095
 415    0.0000002  -0.00000156
 416    0.0000001  -0.00000087
 417    0.0000001  -0.00000034
 418    0.0000000  -0.00000005
 
----------------
 Final Energies 
----------------
       HF Total Energy =    -550.0960052
Final NOF Total Energy =    -551.9170410
    Correlation Energy =      -1.8210359
 
Total Orbital Internal Iterations = 1530
Total Occupation Internal Iterations = 466
 
Elapsed time: 21785.22 Seconds

---------------------------------
   Lowdin Population Analysis    
---------------------------------
 Idx  Atom   Population   Charge 
---------------------------------
  1     C     5.984       0.016
  2     C     6.161      -0.161
  3     S    15.319       0.681
  4     C     6.160      -0.160
  5     C     5.986       0.014
  6     H     1.082      -0.082
  7     H     1.114      -0.114
  8     H     1.113      -0.113
  9     H     1.082      -0.082

---------------------------------
   M Diagnostic: 0.21
---------------------------------

