Computing Integrals
Elapsed time:   14.09 Seconds

Number of basis functions                   (NBF)    = 762
Number of auxiliary basis functions         (NBFAUX) = 702
Inactive Doubly occupied orbitals up to     (NO1)    = 0
No. considered Strongly Doubly occupied MOs (NDOC)   = 25
No. considered Strongly Singly occupied MOs (NSOC)   = 0
NO. of Weakly occ. per St. Doubly occ.  MOs (NCWO)   = 29
Dimension of the Nat. Orb. subspace         (NBF5)   = 750
No. of electrons                                     = 50
    No. of alpha electrons                           = 25
    No. of beta electrons                            = 25
Multiplicity                                         = 1

Geometry
========
 C       0.2967800       0.1284000      -2.5597500
 C       0.4455500      -0.6376600      -1.2506500
 C       0.1151400       0.1774900       0.0000000
 C       0.4455500      -0.6376600       1.2506500
 C       0.2967800       0.1284000       2.5597500
 C      -1.3399500       0.6335000       0.0000000
 H       0.8915100       1.0421200      -2.5412800
 H       0.6344000      -0.4709900      -3.4038600
 H      -0.7376400       0.4073000      -2.7503500
 H       1.4725100      -1.0003400      -1.1640300
 H      -0.1940100      -1.5253600      -1.2667300
 H       0.7569400       1.0664100       0.0000000
 H       1.4725100      -1.0003400       1.1640300
 H      -0.1940100      -1.5253600       1.2667300
 H       0.8915100       1.0421200       2.5412800
 H       0.6344000      -0.4709900       3.4038600
 H      -0.7376400       0.4073000       2.7503500
 H      -2.0039200      -0.2338900       0.0000000
 H      -1.5732100       1.2347700      -0.8765500
 H      -1.5732100       1.2347700       0.8765500

No violations of the orthonormality
Hartree-Fock
============

  Nitext  Nitint    Eelec          Etot           Ediff          maxdiff
     1      1  -299.52245714   -41.76481938    98.43530252    13.19484079 
     2     10  -454.56131332  -196.80367556    -3.10205498     6.10395424 
     3     10  -474.49826412  -216.74062635    -0.65638107     4.28773086 
     4     10  -480.76104931  -223.00341155    -1.10826011     3.68549040 
     5     10  -482.75118128  -224.99354352     0.07161080     3.20156298 
     6     10  -484.23368040  -226.47604263     0.21860564     3.76411948 
     7     10  -485.83738706  -228.07974929    -0.83667797     3.28792291 
     8     10  -486.11506303  -228.35742526     0.07823388     2.83653121 
     9     10  -486.68355624  -228.92591848     0.68327322     3.44821276 
    10     10  -487.74011189  -229.98247413    -0.39402047     2.60652174 
    11     10  -488.26680229  -230.50916453    -0.35978797     2.56039555 
    12     10  -488.48342999  -230.72579223    -0.18656847     2.20117969 
    13     10  -488.83536496  -231.07772720    -0.30157269     2.11132328 
    14     10  -488.81133832  -231.05370055     0.01463754     2.37669469 
    15     10  -489.48789683  -231.73025907    -0.46475718     2.26640158 
    16     10  -489.72861427  -231.97097650    -0.20935627     2.00771141 
    17     10  -489.83258552  -232.07494776     0.05138456     2.05063921 
    18     10  -490.02771948  -232.27008172     0.27017175     1.77572444 
    19     10  -490.61730136  -232.85966360    -0.12752186     1.65956899 
    20     10  -490.57791474  -232.82027697    -0.07493424     2.02128200 
    21     10  -490.86845152  -233.11081375    -0.01598575     1.61615767 
    22     10  -491.26245735  -233.50481959    -0.25270496     1.73924204 
    23     10  -491.35914123  -233.60150347     0.01312850     1.62687584 
    24     10  -491.40200653  -233.64436877    -0.08038139     1.29047277 
    25     10  -491.58599719  -233.82835942    -0.11521637     1.53828415 
    26     10  -491.76117819  -234.00354042    -0.03399464     1.48675281 
    27     10  -492.08362965  -234.32599189    -0.04429774     1.16155272 
    28     10  -492.29705517  -234.53941740    -0.03118368     1.09659053 
    29     10  -492.56235782  -234.80472006    -0.02683886     1.10430783 
    30     10  -492.80406708  -235.04642931    -0.01352679     0.96595159 
No violations of the orthonormality
 
PNOF7/ADAM Calculation
==================
 
  Nitext  Nit_orb  Time   Nit_occ  Time         Eelec          Etot           Ediff      maxdiff    Grad_orb  Grad_occ
0.0009990776526321854
0.004720427260957887
     1      10    4.0e+02    8    6.6e+01  -492.03231709  -234.27467933 -10491.03231709   0.772569   1.9e+01   2.7e-04 0.00
0.0025419196885645423
0.005058154317880656
     2      30    1.1e+03   45    1.1e+02  -493.24059064  -235.48295287    -1.20827354   0.350120   7.2e+00   2.2e-04 0.00
0.006056159141115791
0.016524577207820614
     3      30    1.1e+03   56    1.2e+02  -493.46946028  -235.71182252    -0.22886965   0.009700   2.8e-01   2.5e-04 0.01
0.005801876727407396
0.021693034168220864
     4      30    1.1e+03   45    9.5e+01  -493.65765822  -235.90002046    -0.18819794   0.009569   3.4e-01   3.0e-04 0.02
0.00437418577249471
0.017268080389718908
     5      30    1.2e+03   37    8.6e+01  -493.77639669  -236.01875892    -0.11873847   0.015050   3.1e-01   2.5e-04 0.03
0.003210919703452794
0.011668590849336701
     6      30    1.2e+03   41    8.8e+01  -493.84202646  -236.08438870    -0.06562977   0.009394   2.7e-01   2.2e-04 0.03
0.004158660722612506
0.010280789372444109
     7      30    1.4e+03   18    6.8e+01  -493.88445159  -236.12681383    -0.04242513   0.010866   2.6e-01   3.2e-04 0.03
0.00421557413898932
0.009832752909348838
     8      30    1.3e+03   14    5.4e+01  -493.91168343  -236.15404566    -0.02723184   0.008853   2.4e-01   2.9e-04 0.03
0.0034533016523522883
0.00715233446569553
     9      30    1.4e+03   14    4.3e+01  -493.92663963  -236.16900187    -0.01495620   0.008501   2.1e-01   3.1e-04 0.03
0.0017712219119730456
0.003780601905749979
    10      30    1.4e+03    7    4.0e+01  -493.93300683  -236.17536906    -0.00636720   0.007817   1.8e-01   2.6e-04 0.03
0.0009638837327286889
0.0019015820868802233
    11      30    1.4e+03   14    5.6e+01  -493.93566166  -236.17802390    -0.00265484   0.006569   1.6e-01   2.3e-04 0.03
0.0007806100235055562
0.0011901209133917498
    12      30    1.4e+03    5    3.5e+01  -493.93685731  -236.17921955    -0.00119565   0.007271   1.5e-01   2.0e-04 0.03
0.0005166288810048835
0.000740244793241879
    13      30    1.4e+03    4    3.4e+01  -493.93763497  -236.17999721    -0.00077766   0.006941   1.2e-01   3.2e-04 0.03
0.00020796316530556289
0.0003947559193191866
    14      30    1.4e+03    4    2.3e+01  -493.93809144  -236.18045368    -0.00045647   0.005650   1.0e-01   2.2e-04 0.03
0.00017753160964317782
0.0003151398692275588
    15      30    1.3e+03    6    2.6e+01  -493.93836706  -236.18072929    -0.00027562   0.005807   7.0e-02   2.0e-04 0.03
0.00014069440492452058
0.0003004108016155902
    16      30    1.3e+03    2    2.1e+01  -493.93850589  -236.18086813    -0.00013884   0.003393   5.4e-02   2.0e-04 0.03
0.00014246562184214574
0.0003005134910060571
    17      30    1.2e+03    2    2.2e+01  -493.93851049  -236.18087272    -0.00000459   0.003302   6.8e-02   2.5e-04 0.03
0.00016048175235625376
0.000268199632736911
    18      50    2.0e+03    3    2.4e+01  -493.93869392  -236.18105615    -0.00018343   0.000229   4.3e-03   2.2e-04 0.03
0.0002145755315432485
0.0003612745244153093
    19      50    2.0e+03    9    3.6e+01  -493.93872951  -236.18109174    -0.00003559   0.000280   5.6e-03   2.3e-04 0.03
4.53277948159192e-5
0.000136215485928437
    20      50    2.0e+03    2    1.8e+01  -493.93883293  -236.18119516    -0.00010342   0.000521   5.5e-03   1.7e-04 0.03
0.00012251694193032847
0.00017370691732715644
    21      50    2.0e+03    1    2.0e+01  -493.93884094  -236.18120317    -0.00000801   0.001510   1.1e-02   1.3e-04 0.03
0.0
0.0
    22      50    2.0e+03    0    1.9e+01  -493.93884504  -236.18120728    -0.00000410   0.001186   1.0e-02   1.3e-04 0.03
0.0
0.0
    23      60    2.3e+03    0    1.7e+01  -493.93885118  -236.18121342    -0.00000614   0.000781   5.6e-03   1.4e-04 0.03
0.0
0.0
    24      70    2.9e+03    0    1.8e+01  -493.93885408  -236.18121631    -0.00000289   0.000293   2.6e-03   1.4e-04 0.03
0.0
0.0
    25      80    3.4e+03    0    2.2e+01  -493.93885634  -236.18121858    -0.00000226   0.000177   1.4e-03   1.4e-04 0.03
0.0
0.0
    26      90    3.8e+03    0    2.0e+01  -493.93885765  -236.18121989    -0.00000131   0.000320   2.0e-03   1.4e-04 0.03
0.0
0.0
    27      76    2.9e+03    0    1.5e+01  -493.93885828  -236.18122051    -0.00000063   0.000096   1.1e-03   1.5e-04 0.03
 
RESULTS OF THE OCCUPATION OPTIMIZATION
========================================
   1    1.9992872  -11.20959315
   2    1.9992902  -11.20792269
   3    1.9992898  -11.20784292
   4    1.9992973  -11.20661214
   5    1.9992991  -11.20659595
   6    1.9992904  -11.20480323
   7    1.9672166  -0.70729855
   8    1.9671571  -0.70687189
   9    1.9668925  -0.70592936
  10    1.9670451  -0.70565637
  11    1.9669243  -0.70474019
  12    1.9688023  -0.67046904
  13    1.9687928  -0.67044848
  14    1.9687371  -0.67027402
  15    1.9687472  -0.67022642
  16    1.9684323  -0.66859467
  17    1.9684997  -0.66847313
  18    1.9685238  -0.66840750
  19    1.9683962  -0.66834305
  20    1.9682704  -0.66789787
  21    1.9680878  -0.66782693
  22    1.9680923  -0.66768433
  23    1.9680709  -0.66756648
  24    1.9679745  -0.66743834
  25    1.9673597  -0.66668936
  26    0.0228386  -0.01631806
  27    0.0224230  -0.01608693
  28    0.0223510  -0.01605299
  29    0.0223233  -0.01606195
  30    0.0223464  -0.01607256
  31    0.0217722  -0.01570129
  32    0.0216748  -0.01566776
  33    0.0216505  -0.01566068
  34    0.0216728  -0.01566865
  35    0.0216828  -0.01567165
  36    0.0215613  -0.01566055
  37    0.0215704  -0.01566468
  38    0.0215520  -0.01565487
  39    0.0215573  -0.01565696
  40    0.0280573  -0.02008582
  41    0.0279098  -0.02001703
  42    0.0267633  -0.01934005
  43    0.0267465  -0.01934281
  44    0.0271794  -0.01958537
  45    0.0004417  -0.00817907
  46    0.0004383  -0.00815465
  47    0.0004404  -0.00816635
  48    0.0004403  -0.00816595
  49    0.0004398  -0.00816283
  50    0.0004402  -0.00816232
  51    0.0042040  -0.00432960
  52    0.0045416  -0.00455479
  53    0.0045068  -0.00453645
  54    0.0043752  -0.00444525
  55    0.0043980  -0.00445467
  56    0.0049877  -0.00484022
  57    0.0049137  -0.00479573
  58    0.0048707  -0.00476801
  59    0.0049083  -0.00478310
  60    0.0049175  -0.00479445
  61    0.0047713  -0.00471583
  62    0.0047785  -0.00471810
  63    0.0047177  -0.00468020
  64    0.0047190  -0.00468103
  65    0.0025246  -0.00303291
  66    0.0024856  -0.00300951
  67    0.0036931  -0.00384668
  68    0.0033476  -0.00364551
  69    0.0031373  -0.00348678
  70    0.0000867  -0.00119996
  71    0.0000838  -0.00116874
  72    0.0000850  -0.00117708
  73    0.0000878  -0.00121466
  74    0.0000879  -0.00121525
  75    0.0000908  -0.00125523
  76    0.0024915  -0.00270805
  77    0.0023223  -0.00254794
  78    0.0022791  -0.00252287
  79    0.0022531  -0.00250605
  80    0.0022575  -0.00250931
  81    0.0021078  -0.00237322
  82    0.0021132  -0.00237698
  83    0.0020927  -0.00236077
  84    0.0021212  -0.00238141
  85    0.0021377  -0.00239446
  86    0.0020370  -0.00234711
  87    0.0021188  -0.00239267
  88    0.0020802  -0.00236669
  89    0.0021020  -0.00237635
  90    0.0010362  -0.00150831
  91    0.0010420  -0.00151187
  92    0.0010291  -0.00148357
  93    0.0010646  -0.00150373
  94    0.0010289  -0.00149358
  95    0.0000853  -0.00117899
  96    0.0000813  -0.00113656
  97    0.0000834  -0.00114560
  98    0.0000856  -0.00118094
  99    0.0000861  -0.00118465
 100    0.0000845  -0.00115967
 101    0.0023153  -0.00256338
 102    0.0018916  -0.00221241
 103    0.0019354  -0.00223651
 104    0.0021235  -0.00239220
 105    0.0020703  -0.00236210
 106    0.0020066  -0.00227766
 107    0.0020163  -0.00227455
 108    0.0019728  -0.00224637
 109    0.0019072  -0.00220461
 110    0.0019537  -0.00223847
 111    0.0020162  -0.00227861
 112    0.0019265  -0.00222787
 113    0.0019806  -0.00227545
 114    0.0019457  -0.00225749
 115    0.0008398  -0.00128734
 116    0.0008412  -0.00128684
 117    0.0009506  -0.00139989
 118    0.0009834  -0.00142094
 119    0.0007876  -0.00123283
 120    0.0000842  -0.00116190
 121    0.0000812  -0.00112887
 122    0.0000827  -0.00114290
 123    0.0000844  -0.00115540
 124    0.0000838  -0.00115170
 125    0.0000837  -0.00115043
 126    0.0001392  -0.00025200
 127    0.0001599  -0.00027473
 128    0.0001527  -0.00026614
 129    0.0001539  -0.00026900
 130    0.0001539  -0.00026602
 131    0.0001499  -0.00026057
 132    0.0001598  -0.00027058
 133    0.0001607  -0.00026852
 134    0.0001662  -0.00027423
 135    0.0001574  -0.00026722
 136    0.0001577  -0.00026782
 137    0.0001693  -0.00027788
 138    0.0001675  -0.00027663
 139    0.0001605  -0.00027080
 140    0.0002215  -0.00037860
 141    0.0002139  -0.00036955
 142    0.0002032  -0.00035490
 143    0.0002141  -0.00036620
 144    0.0002148  -0.00037435
 145    0.0000086  -0.00035664
 146    0.0000083  -0.00035246
 147    0.0000085  -0.00035624
 148    0.0000086  -0.00035821
 149    0.0000086  -0.00035735
 150    0.0000088  -0.00036130
 151    0.0001347  -0.00024806
 152    0.0001462  -0.00025518
 153    0.0001475  -0.00025526
 154    0.0001387  -0.00024719
 155    0.0001423  -0.00024886
 156    0.0001432  -0.00025542
 157    0.0001497  -0.00026216
 158    0.0001520  -0.00026011
 159    0.0001531  -0.00026090
 160    0.0001489  -0.00025983
 161    0.0001536  -0.00026373
 162    0.0001513  -0.00026342
 163    0.0001530  -0.00026362
 164    0.0001530  -0.00026394
 165    0.0001897  -0.00034510
 166    0.0002083  -0.00036305
 167    0.0001835  -0.00033390
 168    0.0002083  -0.00035940
 169    0.0001962  -0.00035144
 170    0.0000005  -0.00003076
 171    0.0000015  -0.00001236
 172    0.0000009  -0.00000946
 173    0.0000016  -0.00001326
 174    0.0000013  -0.00001202
 175    0.0000022  -0.00001569
 176    0.0001026  -0.00019173
 177    0.0001204  -0.00021712
 178    0.0001206  -0.00021635
 179    0.0001178  -0.00020941
 180    0.0001205  -0.00021184
 181    0.0001163  -0.00021035
 182    0.0001282  -0.00022515
 183    0.0001262  -0.00021970
 184    0.0001266  -0.00021997
 185    0.0001234  -0.00021964
 186    0.0001215  -0.00021789
 187    0.0001200  -0.00021887
 188    0.0001310  -0.00022805
 189    0.0001307  -0.00022707
 190    0.0000539  -0.00015115
 191    0.0000563  -0.00015136
 192    0.0000684  -0.00013879
 193    0.0000547  -0.00012397
 194    0.0000535  -0.00013517
 195    0.0000005  -0.00000584
 196    0.0000006  -0.00002452
 197    0.0000004  -0.00002828
 198    0.0000004  -0.00003012
 199    0.0000005  -0.00003075
 200    0.0000005  -0.00003108
 201    0.0000982  -0.00018611
 202    0.0001108  -0.00020630
 203    0.0001105  -0.00020241
 204    0.0001061  -0.00020435
 205    0.0001045  -0.00020288
 206    0.0001027  -0.00019510
 207    0.0001164  -0.00021022
 208    0.0001175  -0.00021371
 209    0.0001178  -0.00021470
 210    0.0001183  -0.00021120
 211    0.0001138  -0.00020705
 212    0.0001142  -0.00021049
 213    0.0001073  -0.00020689
 214    0.0001119  -0.00021127
 215    0.0000424  -0.00012198
 216    0.0000446  -0.00012129
 217    0.0000461  -0.00012759
 218    0.0000491  -0.00012961
 219    0.0000466  -0.00013286
 220    0.0000003  -0.00000262
 221    0.0000005  -0.00000820
 222    0.0000002  -0.00000137
 223    0.0000002  -0.00000134
 224    0.0000004  -0.00000335
 225    0.0000004  -0.00000357
 226    0.0000975  -0.00018929
 227    0.0000965  -0.00019227
 228    0.0000957  -0.00019043
 229    0.0000946  -0.00019063
 230    0.0000956  -0.00019105
 231    0.0000996  -0.00019454
 232    0.0000987  -0.00019548
 233    0.0001003  -0.00019424
 234    0.0000975  -0.00019327
 235    0.0000973  -0.00019327
 236    0.0000958  -0.00018885
 237    0.0000955  -0.00019080
 238    0.0000959  -0.00019165
 239    0.0000946  -0.00019113
 240    0.0000314  -0.00007880
 241    0.0000270  -0.00007302
 242    0.0000384  -0.00011076
 243    0.0000344  -0.00010140
 244    0.0000410  -0.00010514
 245    0.0000002  -0.00000136
 246    0.0000004  -0.00000639
 247    0.0000001  -0.00000100
 248    0.0000001  -0.00000089
 249    0.0000003  -0.00000118
 250    0.0000003  -0.00000141
 251    0.0000551  -0.00014240
 252    0.0000574  -0.00014658
 253    0.0000587  -0.00014661
 254    0.0000574  -0.00014535
 255    0.0000563  -0.00014344
 256    0.0000611  -0.00015022
 257    0.0000639  -0.00015344
 258    0.0000618  -0.00015108
 259    0.0000604  -0.00014998
 260    0.0000617  -0.00015107
 261    0.0000603  -0.00014690
 262    0.0000590  -0.00014725
 263    0.0000588  -0.00014748
 264    0.0000587  -0.00014735
 265    0.0000188  -0.00005525
 266    0.0000199  -0.00005521
 267    0.0000277  -0.00006742
 268    0.0000261  -0.00006348
 269    0.0000269  -0.00007081
 270    0.0000002  -0.00000110
 271    0.0000003  -0.00000151
 272    0.0000001  -0.00000084
 273    0.0000001  -0.00000082
 274    0.0000001  -0.00000082
 275    0.0000002  -0.00000092
 276    0.0000349  -0.00008691
 277    0.0000358  -0.00008535
 278    0.0000357  -0.00008592
 279    0.0000366  -0.00008638
 280    0.0000332  -0.00008272
 281    0.0000379  -0.00008575
 282    0.0000402  -0.00009100
 283    0.0000358  -0.00008566
 284    0.0000405  -0.00008915
 285    0.0000373  -0.00008642
 286    0.0000321  -0.00008159
 287    0.0000384  -0.00008745
 288    0.0000348  -0.00008407
 289    0.0000327  -0.00008129
 290    0.0000125  -0.00004756
 291    0.0000194  -0.00005797
 292    0.0000241  -0.00005400
 293    0.0000197  -0.00005141
 294    0.0000177  -0.00004857
 295    0.0000001  -0.00000083
 296    0.0000003  -0.00000145
 297    0.0000001  -0.00000066
 298    0.0000001  -0.00000062
 299    0.0000001  -0.00000088
 300    0.0000001  -0.00000083
 301    0.0000319  -0.00008624
 302    0.0000328  -0.00008281
 303    0.0000291  -0.00007897
 304    0.0000322  -0.00008240
 305    0.0000286  -0.00007907
 306    0.0000294  -0.00007643
 307    0.0000364  -0.00008372
 308    0.0000319  -0.00007886
 309    0.0000302  -0.00007757
 310    0.0000322  -0.00007867
 311    0.0000255  -0.00007392
 312    0.0000294  -0.00007757
 313    0.0000297  -0.00007736
 314    0.0000297  -0.00007725
 315    0.0000117  -0.00003885
 316    0.0000131  -0.00004082
 317    0.0000182  -0.00004669
 318    0.0000193  -0.00004794
 319    0.0000130  -0.00003825
 320    0.0000001  -0.00000070
 321    0.0000003  -0.00000133
 322    0.0000001  -0.00000058
 323    0.0000001  -0.00000062
 324    0.0000001  -0.00000082
 325    0.0000001  -0.00000081
 326    0.0000292  -0.00007896
 327    0.0000277  -0.00007661
 328    0.0000237  -0.00007105
 329    0.0000287  -0.00007829
 330    0.0000265  -0.00007309
 331    0.0000279  -0.00007361
 332    0.0000304  -0.00007609
 333    0.0000283  -0.00007352
 334    0.0000278  -0.00007219
 335    0.0000266  -0.00007228
 336    0.0000199  -0.00006479
 337    0.0000270  -0.00007252
 338    0.0000264  -0.00007177
 339    0.0000263  -0.00007159
 340    0.0000069  -0.00002551
 341    0.0000110  -0.00003323
 342    0.0000117  -0.00003026
 343    0.0000140  -0.00003637
 344    0.0000075  -0.00002685
 345    0.0000001  -0.00000064
 346    0.0000003  -0.00000097
 347    0.0000001  -0.00000054
 348    0.0000001  -0.00000064
 349    0.0000001  -0.00000051
 350    0.0000001  -0.00000071
 351    0.0000118  -0.00003573
 352    0.0000096  -0.00003187
 353    0.0000134  -0.00003747
 354    0.0000115  -0.00003591
 355    0.0000168  -0.00004129
 356    0.0000187  -0.00004011
 357    0.0000095  -0.00003126
 358    0.0000127  -0.00003504
 359    0.0000117  -0.00003394
 360    0.0000131  -0.00003583
 361    0.0000133  -0.00003716
 362    0.0000096  -0.00003272
 363    0.0000125  -0.00003545
 364    0.0000170  -0.00003875
 365    0.0000060  -0.00002466
 366    0.0000105  -0.00003058
 367    0.0000109  -0.00003061
 368    0.0000112  -0.00002625
 369    0.0000058  -0.00002285
 370    0.0000001  -0.00000058
 371    0.0000003  -0.00000098
 372    0.0000001  -0.00000048
 373    0.0000001  -0.00000055
 374    0.0000001  -0.00000055
 375    0.0000001  -0.00000063
 376    0.0000107  -0.00003315
 377    0.0000079  -0.00002847
 378    0.0000109  -0.00003268
 379    0.0000093  -0.00003149
 380    0.0000102  -0.00003151
 381    0.0000164  -0.00003715
 382    0.0000082  -0.00002917
 383    0.0000119  -0.00003449
 384    0.0000107  -0.00003374
 385    0.0000109  -0.00003467
 386    0.0000115  -0.00003459
 387    0.0000088  -0.00003156
 388    0.0000102  -0.00003172
 389    0.0000088  -0.00003040
 390    0.0000045  -0.00001849
 391    0.0000087  -0.00002853
 392    0.0000079  -0.00002640
 393    0.0000070  -0.00002562
 394    0.0000054  -0.00002099
 395    0.0000001  -0.00000054
 396    0.0000003  -0.00000094
 397    0.0000001  -0.00000047
 398    0.0000001  -0.00000047
 399    0.0000001  -0.00000050
 400    0.0000001  -0.00000062
 401    0.0000081  -0.00002806
 402    0.0000074  -0.00002625
 403    0.0000090  -0.00002626
 404    0.0000088  -0.00002723
 405    0.0000092  -0.00002880
 406    0.0000117  -0.00003162
 407    0.0000069  -0.00002307
 408    0.0000111  -0.00002983
 409    0.0000073  -0.00002448
 410    0.0000086  -0.00002681
 411    0.0000097  -0.00002756
 412    0.0000075  -0.00002538
 413    0.0000077  -0.00002512
 414    0.0000082  -0.00002612
 415    0.0000036  -0.00001063
 416    0.0000067  -0.00001375
 417    0.0000073  -0.00002043
 418    0.0000060  -0.00001732
 419    0.0000047  -0.00001587
 420    0.0000001  -0.00000057
 421    0.0000003  -0.00000089
 422    0.0000001  -0.00000040
 423    0.0000001  -0.00000045
 424    0.0000001  -0.00000043
 425    0.0000001  -0.00000060
 426    0.0000072  -0.00002614
 427    0.0000060  -0.00002261
 428    0.0000087  -0.00002839
 429    0.0000072  -0.00002431
 430    0.0000074  -0.00002427
 431    0.0000080  -0.00002638
 432    0.0000063  -0.00002227
 433    0.0000073  -0.00002291
 434    0.0000069  -0.00002285
 435    0.0000076  -0.00002503
 436    0.0000093  -0.00002692
 437    0.0000071  -0.00002525
 438    0.0000072  -0.00002193
 439    0.0000068  -0.00002412
 440    0.0000027  -0.00000793
 441    0.0000058  -0.00001694
 442    0.0000040  -0.00001153
 443    0.0000053  -0.00001455
 444    0.0000034  -0.00000953
 445    0.0000001  -0.00000052
 446    0.0000002  -0.00000092
 447    0.0000000  -0.00000037
 448    0.0000001  -0.00000045
 449    0.0000000  -0.00000039
 450    0.0000001  -0.00000057
 451    0.0000065  -0.00001890
 452    0.0000055  -0.00001734
 453    0.0000067  -0.00001855
 454    0.0000047  -0.00001704
 455    0.0000061  -0.00001780
 456    0.0000053  -0.00001683
 457    0.0000057  -0.00001800
 458    0.0000064  -0.00001869
 459    0.0000059  -0.00001815
 460    0.0000066  -0.00001789
 461    0.0000078  -0.00001876
 462    0.0000059  -0.00001676
 463    0.0000070  -0.00002093
 464    0.0000051  -0.00001804
 465    0.0000016  -0.00000478
 466    0.0000046  -0.00001363
 467    0.0000034  -0.00000896
 468    0.0000051  -0.00001149
 469    0.0000020  -0.00000728
 470    0.0000001  -0.00000050
 471    0.0000002  -0.00000091
 472    0.0000000  -0.00000037
 473    0.0000001  -0.00000045
 474    0.0000000  -0.00000038
 475    0.0000001  -0.00000054
 476    0.0000045  -0.00001639
 477    0.0000042  -0.00001705
 478    0.0000061  -0.00001777
 479    0.0000043  -0.00001586
 480    0.0000055  -0.00001723
 481    0.0000043  -0.00001737
 482    0.0000053  -0.00001778
 483    0.0000046  -0.00001643
 484    0.0000052  -0.00001567
 485    0.0000051  -0.00001754
 486    0.0000051  -0.00001827
 487    0.0000053  -0.00001822
 488    0.0000056  -0.00001830
 489    0.0000051  -0.00001649
 490    0.0000013  -0.00000310
 491    0.0000038  -0.00000923
 492    0.0000030  -0.00000779
 493    0.0000035  -0.00000819
 494    0.0000018  -0.00000599
 495    0.0000001  -0.00000048
 496    0.0000002  -0.00000088
 497    0.0000000  -0.00000036
 498    0.0000001  -0.00000042
 499    0.0000000  -0.00000038
 500    0.0000001  -0.00000051
 501    0.0000037  -0.00001554
 502    0.0000035  -0.00001319
 503    0.0000053  -0.00001815
 504    0.0000033  -0.00001376
 505    0.0000051  -0.00001753
 506    0.0000040  -0.00001533
 507    0.0000038  -0.00001256
 508    0.0000045  -0.00001755
 509    0.0000041  -0.00001671
 510    0.0000039  -0.00001564
 511    0.0000049  -0.00001545
 512    0.0000048  -0.00001520
 513    0.0000047  -0.00001758
 514    0.0000046  -0.00001510
 515    0.0000012  -0.00000240
 516    0.0000033  -0.00000923
 517    0.0000024  -0.00000706
 518    0.0000032  -0.00000798
 519    0.0000018  -0.00000553
 520    0.0000001  -0.00000051
 521    0.0000002  -0.00000089
 522    0.0000000  -0.00000036
 523    0.0000001  -0.00000042
 524    0.0000000  -0.00000033
 525    0.0000001  -0.00000050
 526    0.0000032  -0.00001331
 527    0.0000033  -0.00001129
 528    0.0000046  -0.00001563
 529    0.0000032  -0.00001147
 530    0.0000039  -0.00001487
 531    0.0000037  -0.00001269
 532    0.0000033  -0.00001160
 533    0.0000035  -0.00001255
 534    0.0000038  -0.00001359
 535    0.0000029  -0.00001163
 536    0.0000042  -0.00001433
 537    0.0000035  -0.00001296
 538    0.0000035  -0.00001252
 539    0.0000037  -0.00001229
 540    0.0000011  -0.00000230
 541    0.0000032  -0.00000695
 542    0.0000021  -0.00000596
 543    0.0000028  -0.00000719
 544    0.0000014  -0.00000245
 545    0.0000001  -0.00000046
 546    0.0000002  -0.00000084
 547    0.0000000  -0.00000036
 548    0.0000001  -0.00000041
 549    0.0000000  -0.00000033
 550    0.0000001  -0.00000045
 551    0.0000027  -0.00001070
 552    0.0000029  -0.00001120
 553    0.0000040  -0.00001273
 554    0.0000029  -0.00001131
 555    0.0000029  -0.00001093
 556    0.0000035  -0.00001231
 557    0.0000025  -0.00001071
 558    0.0000028  -0.00001049
 559    0.0000033  -0.00001117
 560    0.0000026  -0.00001110
 561    0.0000041  -0.00001274
 562    0.0000030  -0.00001132
 563    0.0000032  -0.00001189
 564    0.0000032  -0.00001220
 565    0.0000011  -0.00000195
 566    0.0000025  -0.00000492
 567    0.0000019  -0.00000485
 568    0.0000027  -0.00000690
 569    0.0000011  -0.00000261
 570    0.0000001  -0.00000046
 571    0.0000002  -0.00000082
 572    0.0000000  -0.00000035
 573    0.0000001  -0.00000039
 574    0.0000000  -0.00000032
 575    0.0000001  -0.00000043
 576    0.0000023  -0.00000955
 577    0.0000024  -0.00000997
 578    0.0000034  -0.00001159
 579    0.0000027  -0.00001025
 580    0.0000025  -0.00000989
 581    0.0000029  -0.00001156
 582    0.0000022  -0.00000885
 583    0.0000022  -0.00000978
 584    0.0000030  -0.00001126
 585    0.0000025  -0.00001031
 586    0.0000037  -0.00001189
 587    0.0000023  -0.00000966
 588    0.0000028  -0.00001033
 589    0.0000028  -0.00000954
 590    0.0000010  -0.00000173
 591    0.0000024  -0.00000438
 592    0.0000016  -0.00000303
 593    0.0000026  -0.00000425
 594    0.0000010  -0.00000176
 595    0.0000001  -0.00000046
 596    0.0000002  -0.00000081
 597    0.0000000  -0.00000034
 598    0.0000001  -0.00000039
 599    0.0000000  -0.00000032
 600    0.0000001  -0.00000041
 601    0.0000021  -0.00000709
 602    0.0000016  -0.00000574
 603    0.0000030  -0.00000960
 604    0.0000022  -0.00000747
 605    0.0000023  -0.00000736
 606    0.0000024  -0.00000828
 607    0.0000020  -0.00000736
 608    0.0000021  -0.00000724
 609    0.0000024  -0.00000805
 610    0.0000024  -0.00000801
 611    0.0000031  -0.00001064
 612    0.0000020  -0.00000714
 613    0.0000022  -0.00000759
 614    0.0000025  -0.00000932
 615    0.0000009  -0.00000160
 616    0.0000023  -0.00000387
 617    0.0000014  -0.00000234
 618    0.0000026  -0.00000342
 619    0.0000009  -0.00000173
 620    0.0000001  -0.00000044
 621    0.0000002  -0.00000086
 622    0.0000000  -0.00000031
 623    0.0000001  -0.00000038
 624    0.0000000  -0.00000029
 625    0.0000001  -0.00000039
 626    0.0000012  -0.00000261
 627    0.0000013  -0.00000284
 628    0.0000021  -0.00000698
 629    0.0000018  -0.00000364
 630    0.0000021  -0.00000574
 631    0.0000018  -0.00000641
 632    0.0000018  -0.00000339
 633    0.0000017  -0.00000382
 634    0.0000019  -0.00000505
 635    0.0000019  -0.00000546
 636    0.0000027  -0.00000782
 637    0.0000015  -0.00000320
 638    0.0000016  -0.00000417
 639    0.0000024  -0.00000721
 640    0.0000009  -0.00000132
 641    0.0000021  -0.00000437
 642    0.0000012  -0.00000183
 643    0.0000024  -0.00000517
 644    0.0000009  -0.00000162
 645    0.0000001  -0.00000046
 646    0.0000002  -0.00000081
 647    0.0000000  -0.00000031
 648    0.0000001  -0.00000039
 649    0.0000000  -0.00000027
 650    0.0000000  -0.00000038
 651    0.0000010  -0.00000215
 652    0.0000011  -0.00000248
 653    0.0000019  -0.00000434
 654    0.0000016  -0.00000280
 655    0.0000015  -0.00000298
 656    0.0000016  -0.00000423
 657    0.0000015  -0.00000285
 658    0.0000011  -0.00000268
 659    0.0000015  -0.00000386
 660    0.0000015  -0.00000309
 661    0.0000022  -0.00000519
 662    0.0000010  -0.00000178
 663    0.0000013  -0.00000297
 664    0.0000019  -0.00000481
 665    0.0000008  -0.00000123
 666    0.0000018  -0.00000345
 667    0.0000009  -0.00000168
 668    0.0000018  -0.00000332
 669    0.0000007  -0.00000128
 670    0.0000001  -0.00000044
 671    0.0000002  -0.00000085
 672    0.0000000  -0.00000030
 673    0.0000001  -0.00000037
 674    0.0000000  -0.00000028
 675    0.0000000  -0.00000035
 676    0.0000010  -0.00000178
 677    0.0000010  -0.00000181
 678    0.0000013  -0.00000294
 679    0.0000013  -0.00000258
 680    0.0000013  -0.00000234
 681    0.0000013  -0.00000312
 682    0.0000011  -0.00000207
 683    0.0000011  -0.00000205
 684    0.0000013  -0.00000287
 685    0.0000012  -0.00000232
 686    0.0000021  -0.00000444
 687    0.0000009  -0.00000149
 688    0.0000012  -0.00000246
 689    0.0000013  -0.00000293
 690    0.0000008  -0.00000113
 691    0.0000018  -0.00000316
 692    0.0000009  -0.00000157
 693    0.0000018  -0.00000338
 694    0.0000007  -0.00000109
 695    0.0000001  -0.00000045
 696    0.0000002  -0.00000085
 697    0.0000000  -0.00000030
 698    0.0000001  -0.00000039
 699    0.0000000  -0.00000026
 700    0.0000000  -0.00000037
 701    0.0000009  -0.00000128
 702    0.0000009  -0.00000136
 703    0.0000012  -0.00000239
 704    0.0000009  -0.00000141
 705    0.0000012  -0.00000219
 706    0.0000009  -0.00000190
 707    0.0000010  -0.00000143
 708    0.0000010  -0.00000148
 709    0.0000012  -0.00000225
 710    0.0000011  -0.00000185
 711    0.0000018  -0.00000316
 712    0.0000008  -0.00000123
 713    0.0000009  -0.00000144
 714    0.0000013  -0.00000204
 715    0.0000008  -0.00000130
 716    0.0000016  -0.00000307
 717    0.0000008  -0.00000125
 718    0.0000016  -0.00000310
 719    0.0000007  -0.00000117
 720    0.0000001  -0.00000046
 721    0.0000002  -0.00000080
 722    0.0000000  -0.00000030
 723    0.0000000  -0.00000038
 724    0.0000000  -0.00000027
 725    0.0000000  -0.00000035
 726    0.0000008  -0.00000114
 727    0.0000009  -0.00000139
 728    0.0000010  -0.00000157
 729    0.0000008  -0.00000136
 730    0.0000008  -0.00000140
 731    0.0000008  -0.00000134
 732    0.0000010  -0.00000124
 733    0.0000008  -0.00000140
 734    0.0000007  -0.00000121
 735    0.0000009  -0.00000142
 736    0.0000015  -0.00000291
 737    0.0000007  -0.00000118
 738    0.0000008  -0.00000136
 739    0.0000009  -0.00000133
 740    0.0000007  -0.00000098
 741    0.0000016  -0.00000203
 742    0.0000007  -0.00000117
 743    0.0000015  -0.00000191
 744    0.0000006  -0.00000105
 745    0.0000001  -0.00000043
 746    0.0000002  -0.00000084
 747    0.0000000  -0.00000028
 748    0.0000000  -0.00000038
 749    0.0000000  -0.00000027
 750    0.0000000  -0.00000032
 
----------------
 Final Energies 
----------------
       HF Total Energy =    -235.0464293
Final NOF Total Energy =    -236.1812205
    Correlation Energy =      -1.1347912
 
Total Orbital Internal Iterations = 1116
Total Occupation Internal Iterations = 337
 
Elapsed time: 60638.64 Seconds

---------------------------------
   Lowdin Population Analysis    
---------------------------------
 Idx  Atom   Population   Charge 
---------------------------------
  1     C     5.773       0.227
  2     C     5.907       0.093
  3     C     6.073      -0.073
  4     C     5.907       0.093
  5     C     5.773       0.227
  6     C     5.764       0.236
  7     H     1.062      -0.062
  8     H     1.067      -0.067
  9     H     1.067      -0.067
 10     H     1.050      -0.050
 11     H     1.047      -0.047
 12     H     1.041      -0.041
 13     H     1.050      -0.050
 14     H     1.047      -0.047
 15     H     1.062      -0.062
 16     H     1.067      -0.067
 17     H     1.067      -0.067
 18     H     1.054      -0.054
 19     H     1.063      -0.063
 20     H     1.063      -0.063

---------------------------------
   M Diagnostic: 0.03
---------------------------------

