Computing Integrals
Elapsed time:   12.22 Seconds

Number of basis functions                   (NBF)    = 699
Number of auxiliary basis functions         (NBFAUX) = 705
Inactive Doubly occupied orbitals up to     (NO1)    = 0
No. considered Strongly Doubly occupied MOs (NDOC)   = 26
No. considered Strongly Singly occupied MOs (NSOC)   = 0
NO. of Weakly occ. per St. Doubly occ.  MOs (NCWO)   = 25
Dimension of the Nat. Orb. subspace         (NBF5)   = 676
No. of electrons                                     = 52
    No. of alpha electrons                           = 26
    No. of beta electrons                            = 26
Multiplicity                                         = 1

Geometry
========
 C      -0.2809400      -0.5062900      -0.4231900
 C       1.0376700       0.3862800      -0.5144400
 C       0.6283200      -1.5327800       0.2384300
 C       1.7271800      -0.7822600       0.1619700
 H       1.3396400       0.5188700      -1.5569800
 C      -1.4171400       0.0185700       0.3841500
 H      -1.1893400       0.2957000       1.4082300
 C      -2.6610100       0.1522600      -0.0599500
 H      -3.4516800       0.5360700       0.5704100
 H      -2.9312500      -0.1208600      -1.0730400
 H       0.4230800      -2.5248700       0.6178200
 H       2.7568900      -0.9384800       0.4558000
 C       1.0513500       1.7315300       0.1920400
 H       2.0444200       2.1808100       0.1344000
 H       0.3424500       2.4223300      -0.2669700
 H       0.7937100       1.6333100       1.2465600
 H      -0.6405700      -0.8067300      -1.4103400

No violations of the orthonormality
Hartree-Fock
============

  Nitext  Nitint    Eelec          Etot           Ediff          maxdiff
     1      1  -363.31550337   -80.77504630    84.32966613    10.70563225 
     2     10  -509.82207290  -227.28161583    -4.83768389     5.61976496 
     3     10  -532.77039888  -250.22994181    -2.24818243     4.18146780 
     4     10  -538.10234866  -255.56189159     0.71952920     3.65947880 
     5     10  -541.60747538  -259.06701831    -0.00773166     3.55432441 
     6     10  -544.34910170  -261.80864463    -0.52916879     3.10947636 
     7     10  -545.44982288  -262.90936580    -0.50878139     2.81897446 
     8     10  -546.84235393  -264.30189686    -0.96109244     2.51402701 
     9     10  -547.06665204  -264.52619497     0.29204272     2.71562182 
    10     10  -547.65170045  -265.11124338    -0.14918175     2.51159254 
    11     10  -548.69815206  -266.15769498    -0.71553997     2.66235884 
    12     10  -548.47611709  -265.93566002     0.21386528     2.35279604 
    13     10  -549.20628843  -266.66583136    -0.11755522     2.16840504 
    14     10  -549.32890956  -266.78845249     0.30216060     2.01679431 
    15     10  -549.75240807  -267.21195100    -0.17011479     1.79688007 
    16     10  -550.01973336  -267.47927628    -0.06264230     1.83176827 
    17     10  -550.12263323  -267.58217616     0.16467218     2.02477979 
    18     10  -550.46561665  -267.92515958    -0.06580708     1.68491056 
    19     10  -550.78692668  -268.24646961    -0.00850312     1.73186918 
    20     10  -550.88138412  -268.34092705     0.06436431     1.67302045 
    21     10  -551.10896438  -268.56850730    -0.06880144     1.38783754 
    22     10  -551.25831087  -268.71785380     0.08408526     1.47449458 
    23     10  -551.61483749  -269.07438042    -0.01329993     1.40652410 
    24     10  -551.90322461  -269.36276754    -0.06918628     1.23341261 
    25     10  -552.17976278  -269.63930570    -0.02883519     1.18990268 
    26     10  -552.52833658  -269.98787950    -0.01487947     1.05788828 
    27     10  -552.78140639  -270.24094931    -0.02212829     1.09808978 
    28     10  -553.04799362  -270.50753654    -0.02780795     0.96956966 
    29     10  -553.17643944  -270.63598236    -0.00999929     0.96406160 
    30     10  -553.27752697  -270.73706990    -0.00969808     0.98815419 
No violations of the orthonormality
 
PNOF7/ADAM Calculation
==================
 
  Nitext  Nit_orb  Time   Nit_occ  Time         Eelec          Etot           Ediff      maxdiff    Grad_orb  Grad_occ
0.0009995539858155267
0.0046956925178344875
     1      10    3.9e+02   13    7.3e+01  -553.04835471  -270.50789764 -10552.04835471   0.235661   5.4e+00   1.9e-04 0.00
0.001866351424644641
0.005364203406775007
     2      10    3.7e+02   34    6.8e+01  -547.71498172  -265.17452465     5.33337299   2.490651   7.7e+01   2.7e-04 0.00
0.006172988168657523
0.017377176271370497
     3      30    1.1e+03   60    1.1e+02  -553.68653239  -271.14607532    -5.97155067   0.125004   2.5e+00   2.4e-04 0.01
0.009358766532724272
0.02329117780395516
     4      30    1.1e+03   54    9.0e+01  -553.87249039  -271.33203331    -0.18595799   0.207872   1.8e+00   3.1e-04 0.03
0.011298563402823203
0.021549521945857866
     5      30    1.1e+03   50    8.4e+01  -553.98788888  -271.44743181    -0.11539850   0.008896   3.2e-01   2.6e-04 0.06
0.012103081734493593
0.022201131289652447
     6      30    1.1e+03   45    7.7e+01  -554.06384962  -271.52339255    -0.07596074   0.009775   3.6e-01   2.7e-04 0.08
0.015373894053967163
0.031217762890836376
     7      30    1.0e+03   31    5.4e+01  -554.12477066  -271.58431358    -0.06092103   0.008963   3.0e-01   2.7e-04 0.11
0.022945816286270238
0.04118628485862239
     8      30    9.8e+02   22    3.9e+01  -554.16994008  -271.62948301    -0.04516943   0.008436   2.7e-01   2.9e-04 0.14
0.02522808249863233
0.041739789588688334
     9      30    9.8e+02   41    6.4e+01  -554.20195426  -271.66149718    -0.03201418   0.008798   2.4e-01   2.4e-04 0.17
0.01740010939671459
0.028867049502129878
    10      30    9.8e+02   18    3.4e+01  -554.21846525  -271.67800818    -0.01651100   0.008343   2.4e-01   1.9e-04 0.18
0.00703200609381005
0.011856403466326808
    11      30    1.0e+03   15    3.0e+01  -554.22533801  -271.68488094    -0.00687276   0.006288   2.0e-01   2.9e-04 0.19
0.0020504996916532736
0.0036416065540871637
    12      30    9.7e+02    7    2.1e+01  -554.22738493  -271.68692785    -0.00204691   0.005603   1.7e-01   2.5e-04 0.20
0.0005653196738999444
0.001033985506163642
    13      30    9.7e+02    8    2.2e+01  -554.22798114  -271.68752406    -0.00059621   0.006328   1.7e-01   2.5e-04 0.20
0.00028507634877339427
0.0005451118110377358
    14      30    9.8e+02   13    2.8e+01  -554.22849322  -271.68803615    -0.00051209   0.004919   1.5e-01   1.8e-04 0.20
0.00019380999526603937
0.00044497172079622686
    15      30    9.8e+02    3    1.7e+01  -554.22876838  -271.68831131    -0.00027516   0.005375   1.5e-01   2.2e-04 0.20
0.0
0.0
    16      30    9.7e+02    0    1.3e+01  -554.22884486  -271.68838779    -0.00007648   0.005143   1.4e-01   2.7e-04 0.20
0.0
0.0
    17      40    1.3e+03    0    1.3e+01  -554.22944663  -271.68898955    -0.00060177   0.002554   5.9e-02   2.7e-04 0.20
0.0
0.0
    18      50    1.6e+03    0    1.1e+01  -554.22957075  -271.68911367    -0.00012412   0.001781   2.8e-02   2.7e-04 0.20
0.0
0.0
    19      60    1.9e+03    0    1.1e+01  -554.22961037  -271.68915330    -0.00003962   0.000607   1.0e-02   2.8e-04 0.20
0.00011537486147857393
0.0003188943880684403
    20      70    2.2e+03    4    1.5e+01  -554.22962189  -271.68916481    -0.00001151   0.000192   2.9e-03   2.3e-04 0.20
9.723278357853804e-5
0.00022046341962837632
    21      70    2.3e+03    1    1.5e+01  -554.22965201  -271.68919493    -0.00003012   0.000411   3.2e-03   1.7e-04 0.20
0.0
0.0
    22      69    2.3e+03    0    1.4e+01  -554.22965605  -271.68919898    -0.00000404   0.000096   1.6e-03   1.4e-04 0.20
 
RESULTS OF THE OCCUPATION OPTIMIZATION
========================================
   1    1.9992791  -11.22238332
   2    1.9992789  -11.22184151
   3    1.9992919  -11.21016027
   4    1.9992801  -11.20801092
   5    1.9992736  -11.20773268
   6    1.9992840  -11.20726904
   7    1.9992785  -11.20636627
   8    1.9749356  -0.85869999
   9    1.9747951  -0.85210787
  10    1.9668311  -0.75989909
  11    1.9666224  -0.72255529
  12    1.9618790  -0.71716081
  13    1.9612876  -0.71682083
  14    1.9665909  -0.70758932
  15    1.9664749  -0.70711451
  16    1.9660471  -0.69751606
  17    1.9658263  -0.69747243
  18    1.9655977  -0.69521949
  19    1.9672141  -0.68473745
  20    1.9671367  -0.68237760
  21    1.9684579  -0.67235168
  22    1.9682508  -0.67143954
  23    1.9683052  -0.67139196
  24    1.9555005  -0.66001552
  25    1.8011336  -0.38955360
  26    1.8006320  -0.38787036
  27    0.1980400  -0.05981317
  28    0.1927021  -0.05831375
  29    0.0392443  -0.02485528
  30    0.0217959  -0.01574936
  31    0.0218577  -0.01578316
  32    0.0216903  -0.01574002
  33    0.0231419  -0.01656222
  34    0.0229427  -0.01651037
  35    0.0232430  -0.01670310
  36    0.0226187  -0.01632093
  37    0.0225668  -0.01630336
  38    0.0220918  -0.01609697
  39    0.0220347  -0.01606898
  40    0.0319481  -0.02214615
  41    0.0312572  -0.02195378
  42    0.0266969  -0.01944242
  43    0.0258198  -0.01938267
  44    0.0161748  -0.01439537
  45    0.0146411  -0.01337769
  46    0.0004403  -0.00815710
  47    0.0004401  -0.00815722
  48    0.0004387  -0.00812879
  49    0.0004434  -0.00818161
  50    0.0004420  -0.00818700
  51    0.0004466  -0.00823656
  52    0.0004473  -0.00824789
  53    0.0007749  -0.00062890
  54    0.0051973  -0.00270767
  55    0.0023486  -0.00270963
  56    0.0049033  -0.00478424
  57    0.0049487  -0.00480795
  58    0.0048678  -0.00478674
  59    0.0045209  -0.00455893
  60    0.0044942  -0.00455712
  61    0.0048407  -0.00485259
  62    0.0052537  -0.00510193
  63    0.0052583  -0.00509638
  64    0.0051156  -0.00499298
  65    0.0050882  -0.00496836
  66    0.0033514  -0.00369281
  67    0.0034462  -0.00377836
  68    0.0038423  -0.00403266
  69    0.0033085  -0.00379280
  70    0.0053062  -0.00566307
  71    0.0048600  -0.00544044
  72    0.0000964  -0.00132834
  73    0.0001021  -0.00143175
  74    0.0000960  -0.00132389
  75    0.0001042  -0.00144623
  76    0.0000862  -0.00119267
  77    0.0000928  -0.00128018
  78    0.0000938  -0.00129574
  79    0.0002759  -0.00023556
  80    0.0006357  -0.00053530
  81    0.0012820  -0.00164394
  82    0.0021419  -0.00239730
  83    0.0021332  -0.00238585
  84    0.0021482  -0.00241393
  85    0.0025154  -0.00274819
  86    0.0023757  -0.00264755
  87    0.0032717  -0.00347052
  88    0.0030675  -0.00328660
  89    0.0030470  -0.00327542
  90    0.0031363  -0.00335573
  91    0.0031538  -0.00336963
  92    0.0015399  -0.00201615
  93    0.0015183  -0.00201637
  94    0.0010705  -0.00154545
  95    0.0019899  -0.00251805
  96    0.0015859  -0.00230492
  97    0.0035727  -0.00400504
  98    0.0000878  -0.00123546
  99    0.0000791  -0.00110528
 100    0.0000907  -0.00126849
 101    0.0000819  -0.00112657
 102    0.0000841  -0.00116412
 103    0.0000877  -0.00120356
 104    0.0000871  -0.00120078
 105    0.0001428  -0.00013881
 106    0.0001729  -0.00013129
 107    0.0010914  -0.00147480
 108    0.0019777  -0.00226864
 109    0.0019240  -0.00222634
 110    0.0019595  -0.00226392
 111    0.0017913  -0.00214434
 112    0.0020970  -0.00239087
 113    0.0019114  -0.00222519
 114    0.0018635  -0.00217617
 115    0.0018495  -0.00216820
 116    0.0018189  -0.00216971
 117    0.0017975  -0.00215455
 118    0.0010496  -0.00148488
 119    0.0011173  -0.00155696
 120    0.0010234  -0.00148973
 121    0.0009782  -0.00148617
 122    0.0011856  -0.00180856
 123    0.0010739  -0.00171882
 124    0.0000830  -0.00107430
 125    0.0000761  -0.00098986
 126    0.0000881  -0.00114290
 127    0.0000777  -0.00101094
 128    0.0000827  -0.00114100
 129    0.0000806  -0.00108957
 130    0.0000800  -0.00108172
 131    0.0000444  -0.00004282
 132    0.0000803  -0.00004846
 133    0.0001531  -0.00025498
 134    0.0001601  -0.00027102
 135    0.0001623  -0.00027100
 136    0.0001561  -0.00026546
 137    0.0001734  -0.00029601
 138    0.0001617  -0.00029025
 139    0.0002549  -0.00041412
 140    0.0003373  -0.00048963
 141    0.0002633  -0.00042084
 142    0.0003342  -0.00050733
 143    0.0003235  -0.00049257
 144    0.0002670  -0.00041840
 145    0.0002386  -0.00039351
 146    0.0002363  -0.00040267
 147    0.0004316  -0.00065083
 148    0.0002796  -0.00053220
 149    0.0003262  -0.00058013
 150    0.0000087  -0.00035532
 151    0.0000085  -0.00035858
 152    0.0000092  -0.00036160
 153    0.0000093  -0.00036536
 154    0.0000085  -0.00035550
 155    0.0000088  -0.00036589
 156    0.0000092  -0.00036513
 157    0.0000242  -0.00002659
 158    0.0000204  -0.00001681
 159    0.0001391  -0.00023982
 160    0.0001526  -0.00026496
 161    0.0001459  -0.00025737
 162    0.0001517  -0.00026398
 163    0.0001609  -0.00028254
 164    0.0001502  -0.00027698
 165    0.0002237  -0.00036593
 166    0.0002651  -0.00041253
 167    0.0002583  -0.00039059
 168    0.0002470  -0.00039186
 169    0.0002716  -0.00041375
 170    0.0002253  -0.00037684
 171    0.0002134  -0.00037215
 172    0.0002300  -0.00039556
 173    0.0002586  -0.00044507
 174    0.0001505  -0.00031278
 175    0.0001256  -0.00027118
 176    0.0000025  -0.00002466
 177    0.0000031  -0.00002761
 178    0.0000012  -0.00001636
 179    0.0000010  -0.00002020
 180    0.0000019  -0.00001457
 181    0.0000012  -0.00001191
 182    0.0000012  -0.00001216
 183    0.0000090  -0.00001129
 184    0.0000166  -0.00001588
 185    0.0000506  -0.00013411
 186    0.0001240  -0.00022375
 187    0.0001292  -0.00022538
 188    0.0001272  -0.00022570
 189    0.0001133  -0.00021297
 190    0.0001106  -0.00021722
 191    0.0001340  -0.00023388
 192    0.0002336  -0.00036118
 193    0.0001497  -0.00027034
 194    0.0001957  -0.00031412
 195    0.0001484  -0.00027502
 196    0.0000766  -0.00018618
 197    0.0000852  -0.00019958
 198    0.0000629  -0.00015083
 199    0.0001047  -0.00024312
 200    0.0001312  -0.00030149
 201    0.0001094  -0.00024912
 202    0.0000008  -0.00003233
 203    0.0000010  -0.00001304
 204    0.0000006  -0.00003257
 205    0.0000005  -0.00002676
 206    0.0000005  -0.00003086
 207    0.0000012  -0.00001062
 208    0.0000007  -0.00003597
 209    0.0000077  -0.00000489
 210    0.0000124  -0.00000924
 211    0.0000473  -0.00012750
 212    0.0001211  -0.00021811
 213    0.0001211  -0.00021447
 214    0.0001093  -0.00020349
 215    0.0001096  -0.00021205
 216    0.0001056  -0.00020338
 217    0.0001233  -0.00024336
 218    0.0001345  -0.00024519
 219    0.0001459  -0.00025004
 220    0.0001449  -0.00027266
 221    0.0001393  -0.00026822
 222    0.0000474  -0.00012680
 223    0.0000533  -0.00014053
 224    0.0000550  -0.00014533
 225    0.0000657  -0.00016681
 226    0.0001061  -0.00025021
 227    0.0000850  -0.00021435
 228    0.0000003  -0.00000611
 229    0.0000006  -0.00003000
 230    0.0000004  -0.00000320
 231    0.0000004  -0.00000292
 232    0.0000004  -0.00000526
 233    0.0000004  -0.00003014
 234    0.0000003  -0.00000226
 235    0.0000067  -0.00000606
 236    0.0000064  -0.00000336
 237    0.0000261  -0.00006211
 238    0.0001003  -0.00019753
 239    0.0001029  -0.00019896
 240    0.0000996  -0.00019618
 241    0.0000978  -0.00019400
 242    0.0001036  -0.00020237
 243    0.0000984  -0.00019998
 244    0.0001052  -0.00020428
 245    0.0001085  -0.00021310
 246    0.0001112  -0.00023168
 247    0.0001060  -0.00022229
 248    0.0000388  -0.00009685
 249    0.0000447  -0.00010655
 250    0.0000415  -0.00011737
 251    0.0000403  -0.00011006
 252    0.0000782  -0.00021834
 253    0.0000626  -0.00018035
 254    0.0000003  -0.00000201
 255    0.0000004  -0.00000304
 256    0.0000002  -0.00000177
 257    0.0000002  -0.00000163
 258    0.0000003  -0.00000276
 259    0.0000003  -0.00000237
 260    0.0000002  -0.00000151
 261    0.0000049  -0.00000431
 262    0.0000061  -0.00000530
 263    0.0000251  -0.00005790
 264    0.0000602  -0.00014999
 265    0.0000627  -0.00015109
 266    0.0000610  -0.00014997
 267    0.0000609  -0.00015168
 268    0.0000628  -0.00015193
 269    0.0000659  -0.00016010
 270    0.0000676  -0.00015932
 271    0.0000689  -0.00016100
 272    0.0000756  -0.00016602
 273    0.0000843  -0.00016852
 274    0.0000279  -0.00007615
 275    0.0000348  -0.00008560
 276    0.0000259  -0.00006974
 277    0.0000391  -0.00011406
 278    0.0000468  -0.00015769
 279    0.0000522  -0.00013214
 280    0.0000002  -0.00000169
 281    0.0000004  -0.00000284
 282    0.0000002  -0.00000118
 283    0.0000002  -0.00000144
 284    0.0000002  -0.00000162
 285    0.0000002  -0.00000147
 286    0.0000002  -0.00000130
 287    0.0000047  -0.00000656
 288    0.0000032  -0.00000394
 289    0.0000221  -0.00005512
 290    0.0000381  -0.00008655
 291    0.0000335  -0.00008187
 292    0.0000353  -0.00008546
 293    0.0000403  -0.00009717
 294    0.0000437  -0.00010345
 295    0.0000643  -0.00013234
 296    0.0000538  -0.00012474
 297    0.0000565  -0.00012518
 298    0.0000566  -0.00013101
 299    0.0000628  -0.00013604
 300    0.0000247  -0.00006801
 301    0.0000297  -0.00006996
 302    0.0000217  -0.00005481
 303    0.0000267  -0.00006806
 304    0.0000357  -0.00007905
 305    0.0000465  -0.00012072
 306    0.0000002  -0.00000142
 307    0.0000004  -0.00000221
 308    0.0000001  -0.00000118
 309    0.0000001  -0.00000106
 310    0.0000002  -0.00000118
 311    0.0000002  -0.00000131
 312    0.0000001  -0.00000104
 313    0.0000042  -0.00000588
 314    0.0000028  -0.00000385
 315    0.0000119  -0.00003645
 316    0.0000299  -0.00007918
 317    0.0000304  -0.00007763
 318    0.0000280  -0.00007803
 319    0.0000378  -0.00009496
 320    0.0000413  -0.00009679
 321    0.0000508  -0.00012405
 322    0.0000461  -0.00011023
 323    0.0000552  -0.00012594
 324    0.0000509  -0.00012285
 325    0.0000514  -0.00012379
 326    0.0000198  -0.00005855
 327    0.0000188  -0.00005992
 328    0.0000194  -0.00004833
 329    0.0000181  -0.00005249
 330    0.0000290  -0.00007365
 331    0.0000271  -0.00007532
 332    0.0000001  -0.00000118
 333    0.0000003  -0.00000179
 334    0.0000001  -0.00000090
 335    0.0000001  -0.00000082
 336    0.0000001  -0.00000105
 337    0.0000001  -0.00000102
 338    0.0000001  -0.00000085
 339    0.0000035  -0.00000453
 340    0.0000021  -0.00000297
 341    0.0000099  -0.00003092
 342    0.0000281  -0.00007525
 343    0.0000232  -0.00006864
 344    0.0000246  -0.00007095
 345    0.0000299  -0.00007983
 346    0.0000332  -0.00008677
 347    0.0000333  -0.00008845
 348    0.0000256  -0.00007599
 349    0.0000364  -0.00008719
 350    0.0000348  -0.00009180
 351    0.0000338  -0.00009024
 352    0.0000144  -0.00003373
 353    0.0000118  -0.00003069
 354    0.0000124  -0.00003562
 355    0.0000139  -0.00003894
 356    0.0000241  -0.00007518
 357    0.0000165  -0.00006261
 358    0.0000001  -0.00000099
 359    0.0000003  -0.00000158
 360    0.0000001  -0.00000084
 361    0.0000001  -0.00000082
 362    0.0000001  -0.00000093
 363    0.0000001  -0.00000096
 364    0.0000001  -0.00000069
 365    0.0000030  -0.00000255
 366    0.0000012  -0.00000273
 367    0.0000084  -0.00002195
 368    0.0000098  -0.00003223
 369    0.0000194  -0.00004036
 370    0.0000204  -0.00004140
 371    0.0000135  -0.00003825
 372    0.0000130  -0.00003793
 373    0.0000175  -0.00004565
 374    0.0000183  -0.00004643
 375    0.0000159  -0.00004377
 376    0.0000306  -0.00006482
 377    0.0000222  -0.00005581
 378    0.0000106  -0.00002654
 379    0.0000111  -0.00003095
 380    0.0000073  -0.00002737
 381    0.0000113  -0.00003482
 382    0.0000155  -0.00004745
 383    0.0000127  -0.00004295
 384    0.0000001  -0.00000087
 385    0.0000003  -0.00000141
 386    0.0000001  -0.00000075
 387    0.0000001  -0.00000072
 388    0.0000001  -0.00000073
 389    0.0000001  -0.00000090
 390    0.0000001  -0.00000065
 391    0.0000028  -0.00000404
 392    0.0000010  -0.00000222
 393    0.0000060  -0.00001712
 394    0.0000086  -0.00003017
 395    0.0000090  -0.00003136
 396    0.0000115  -0.00003534
 397    0.0000099  -0.00003330
 398    0.0000102  -0.00003341
 399    0.0000144  -0.00004158
 400    0.0000165  -0.00003927
 401    0.0000119  -0.00003588
 402    0.0000147  -0.00004008
 403    0.0000162  -0.00004161
 404    0.0000104  -0.00002680
 405    0.0000074  -0.00002466
 406    0.0000055  -0.00002183
 407    0.0000091  -0.00003242
 408    0.0000122  -0.00003879
 409    0.0000124  -0.00004500
 410    0.0000001  -0.00000079
 411    0.0000003  -0.00000146
 412    0.0000001  -0.00000071
 413    0.0000001  -0.00000068
 414    0.0000001  -0.00000076
 415    0.0000001  -0.00000079
 416    0.0000001  -0.00000060
 417    0.0000025  -0.00000287
 418    0.0000009  -0.00000244
 419    0.0000053  -0.00001814
 420    0.0000075  -0.00002542
 421    0.0000079  -0.00002574
 422    0.0000091  -0.00002804
 423    0.0000087  -0.00003014
 424    0.0000071  -0.00002870
 425    0.0000116  -0.00003252
 426    0.0000115  -0.00003109
 427    0.0000101  -0.00003011
 428    0.0000117  -0.00003608
 429    0.0000160  -0.00004082
 430    0.0000103  -0.00003012
 431    0.0000058  -0.00002217
 432    0.0000046  -0.00001635
 433    0.0000083  -0.00002487
 434    0.0000094  -0.00003530
 435    0.0000088  -0.00003336
 436    0.0000001  -0.00000075
 437    0.0000003  -0.00000143
 438    0.0000001  -0.00000061
 439    0.0000001  -0.00000057
 440    0.0000001  -0.00000068
 441    0.0000001  -0.00000082
 442    0.0000001  -0.00000055
 443    0.0000023  -0.00000289
 444    0.0000008  -0.00000206
 445    0.0000048  -0.00001266
 446    0.0000069  -0.00002358
 447    0.0000063  -0.00002300
 448    0.0000087  -0.00002876
 449    0.0000080  -0.00002925
 450    0.0000063  -0.00002686
 451    0.0000084  -0.00002814
 452    0.0000095  -0.00003216
 453    0.0000098  -0.00003188
 454    0.0000106  -0.00003446
 455    0.0000116  -0.00003520
 456    0.0000073  -0.00002334
 457    0.0000055  -0.00001910
 458    0.0000044  -0.00001289
 459    0.0000079  -0.00002512
 460    0.0000063  -0.00002521
 461    0.0000078  -0.00002875
 462    0.0000001  -0.00000064
 463    0.0000003  -0.00000132
 464    0.0000001  -0.00000059
 465    0.0000001  -0.00000057
 466    0.0000001  -0.00000062
 467    0.0000001  -0.00000075
 468    0.0000001  -0.00000055
 469    0.0000023  -0.00000268
 470    0.0000008  -0.00000193
 471    0.0000045  -0.00001020
 472    0.0000062  -0.00001768
 473    0.0000059  -0.00001777
 474    0.0000066  -0.00001789
 475    0.0000061  -0.00002138
 476    0.0000043  -0.00001764
 477    0.0000081  -0.00002624
 478    0.0000083  -0.00003091
 479    0.0000091  -0.00003156
 480    0.0000100  -0.00003076
 481    0.0000103  -0.00002774
 482    0.0000070  -0.00002231
 483    0.0000046  -0.00001545
 484    0.0000035  -0.00001019
 485    0.0000077  -0.00002176
 486    0.0000056  -0.00002070
 487    0.0000063  -0.00002451
 488    0.0000001  -0.00000058
 489    0.0000003  -0.00000127
 490    0.0000001  -0.00000059
 491    0.0000001  -0.00000054
 492    0.0000001  -0.00000066
 493    0.0000001  -0.00000067
 494    0.0000001  -0.00000053
 495    0.0000020  -0.00000253
 496    0.0000008  -0.00000187
 497    0.0000035  -0.00000817
 498    0.0000046  -0.00001605
 499    0.0000056  -0.00001937
 500    0.0000061  -0.00001759
 501    0.0000052  -0.00001756
 502    0.0000041  -0.00001623
 503    0.0000061  -0.00002419
 504    0.0000077  -0.00002675
 505    0.0000065  -0.00002483
 506    0.0000081  -0.00002644
 507    0.0000098  -0.00003165
 508    0.0000063  -0.00001773
 509    0.0000032  -0.00001164
 510    0.0000031  -0.00000955
 511    0.0000068  -0.00002230
 512    0.0000049  -0.00001907
 513    0.0000046  -0.00001785
 514    0.0000001  -0.00000057
 515    0.0000003  -0.00000144
 516    0.0000001  -0.00000060
 517    0.0000001  -0.00000049
 518    0.0000001  -0.00000059
 519    0.0000001  -0.00000066
 520    0.0000001  -0.00000048
 521    0.0000019  -0.00000244
 522    0.0000006  -0.00000167
 523    0.0000031  -0.00000643
 524    0.0000044  -0.00001572
 525    0.0000050  -0.00001543
 526    0.0000059  -0.00001628
 527    0.0000042  -0.00001583
 528    0.0000038  -0.00001511
 529    0.0000055  -0.00002162
 530    0.0000075  -0.00002526
 531    0.0000061  -0.00002172
 532    0.0000070  -0.00002275
 533    0.0000081  -0.00002484
 534    0.0000060  -0.00001599
 535    0.0000031  -0.00001019
 536    0.0000025  -0.00000762
 537    0.0000047  -0.00001704
 538    0.0000037  -0.00001514
 539    0.0000031  -0.00001498
 540    0.0000001  -0.00000055
 541    0.0000003  -0.00000135
 542    0.0000001  -0.00000054
 543    0.0000001  -0.00000043
 544    0.0000001  -0.00000057
 545    0.0000001  -0.00000060
 546    0.0000001  -0.00000044
 547    0.0000018  -0.00000282
 548    0.0000004  -0.00000163
 549    0.0000030  -0.00000735
 550    0.0000036  -0.00001254
 551    0.0000039  -0.00001505
 552    0.0000045  -0.00001806
 553    0.0000040  -0.00001582
 554    0.0000037  -0.00001362
 555    0.0000043  -0.00001696
 556    0.0000058  -0.00002081
 557    0.0000047  -0.00001870
 558    0.0000057  -0.00002135
 559    0.0000045  -0.00001666
 560    0.0000057  -0.00001386
 561    0.0000028  -0.00000721
 562    0.0000019  -0.00000668
 563    0.0000044  -0.00001338
 564    0.0000034  -0.00001349
 565    0.0000026  -0.00001110
 566    0.0000001  -0.00000054
 567    0.0000003  -0.00000139
 568    0.0000001  -0.00000051
 569    0.0000001  -0.00000046
 570    0.0000001  -0.00000058
 571    0.0000001  -0.00000058
 572    0.0000000  -0.00000039
 573    0.0000018  -0.00000275
 574    0.0000004  -0.00000147
 575    0.0000026  -0.00000561
 576    0.0000029  -0.00001125
 577    0.0000032  -0.00001178
 578    0.0000033  -0.00001228
 579    0.0000031  -0.00001241
 580    0.0000034  -0.00001226
 581    0.0000032  -0.00001427
 582    0.0000047  -0.00001485
 583    0.0000043  -0.00001733
 584    0.0000039  -0.00001573
 585    0.0000044  -0.00001665
 586    0.0000047  -0.00001019
 587    0.0000023  -0.00000716
 588    0.0000018  -0.00000555
 589    0.0000039  -0.00001152
 590    0.0000029  -0.00001108
 591    0.0000025  -0.00000855
 592    0.0000001  -0.00000046
 593    0.0000003  -0.00000127
 594    0.0000001  -0.00000052
 595    0.0000001  -0.00000045
 596    0.0000001  -0.00000052
 597    0.0000001  -0.00000055
 598    0.0000000  -0.00000038
 599    0.0000016  -0.00000265
 600    0.0000004  -0.00000145
 601    0.0000025  -0.00000470
 602    0.0000028  -0.00001063
 603    0.0000031  -0.00001172
 604    0.0000029  -0.00001096
 605    0.0000028  -0.00001076
 606    0.0000029  -0.00001032
 607    0.0000029  -0.00001251
 608    0.0000045  -0.00001690
 609    0.0000040  -0.00001365
 610    0.0000039  -0.00001562
 611    0.0000038  -0.00001446
 612    0.0000045  -0.00000999
 613    0.0000022  -0.00000515
 614    0.0000017  -0.00000414
 615    0.0000035  -0.00000962
 616    0.0000027  -0.00000932
 617    0.0000019  -0.00000662
 618    0.0000001  -0.00000045
 619    0.0000003  -0.00000125
 620    0.0000001  -0.00000049
 621    0.0000001  -0.00000040
 622    0.0000001  -0.00000053
 623    0.0000001  -0.00000055
 624    0.0000000  -0.00000039
 625    0.0000015  -0.00000242
 626    0.0000004  -0.00000138
 627    0.0000024  -0.00000404
 628    0.0000027  -0.00000846
 629    0.0000027  -0.00001005
 630    0.0000025  -0.00000842
 631    0.0000024  -0.00000901
 632    0.0000026  -0.00000964
 633    0.0000028  -0.00001170
 634    0.0000036  -0.00001412
 635    0.0000038  -0.00001342
 636    0.0000029  -0.00001198
 637    0.0000038  -0.00001333
 638    0.0000044  -0.00000922
 639    0.0000019  -0.00000472
 640    0.0000017  -0.00000334
 641    0.0000033  -0.00000847
 642    0.0000023  -0.00000897
 643    0.0000017  -0.00000442
 644    0.0000001  -0.00000044
 645    0.0000003  -0.00000119
 646    0.0000001  -0.00000047
 647    0.0000001  -0.00000042
 648    0.0000001  -0.00000052
 649    0.0000001  -0.00000050
 650    0.0000000  -0.00000038
 651    0.0000014  -0.00000241
 652    0.0000004  -0.00000143
 653    0.0000020  -0.00000413
 654    0.0000015  -0.00000409
 655    0.0000025  -0.00000835
 656    0.0000018  -0.00000535
 657    0.0000019  -0.00000592
 658    0.0000022  -0.00000562
 659    0.0000022  -0.00000848
 660    0.0000036  -0.00001069
 661    0.0000025  -0.00001113
 662    0.0000024  -0.00000985
 663    0.0000032  -0.00001122
 664    0.0000042  -0.00000780
 665    0.0000018  -0.00000396
 666    0.0000013  -0.00000311
 667    0.0000029  -0.00000682
 668    0.0000021  -0.00000685
 669    0.0000013  -0.00000337
 670    0.0000001  -0.00000041
 671    0.0000003  -0.00000142
 672    0.0000001  -0.00000047
 673    0.0000001  -0.00000043
 674    0.0000001  -0.00000049
 675    0.0000001  -0.00000053
 676    0.0000000  -0.00000034
 
----------------
 Final Energies 
----------------
       HF Total Energy =    -270.7370699
Final NOF Total Energy =    -271.6891990
    Correlation Energy =      -0.9521291
 
Total Orbital Internal Iterations = 799
Total Occupation Internal Iterations = 419
 
Elapsed time: 37677.09 Seconds

---------------------------------
   Lowdin Population Analysis    
---------------------------------
 Idx  Atom   Population   Charge 
---------------------------------
  1     C     6.016      -0.016
  2     C     6.014      -0.014
  3     C     5.866       0.134
  4     C     5.870       0.130
  5     H     1.056      -0.056
  6     C     5.948       0.052
  7     H     1.067      -0.067
  8     C     5.787       0.213
  9     H     1.093      -0.093
 10     H     1.089      -0.089
 11     H     1.098      -0.098
 12     H     1.098      -0.098
 13     C     5.771       0.229
 14     H     1.061      -0.061
 15     H     1.059      -0.059
 16     H     1.060      -0.060
 17     H     1.047      -0.047

---------------------------------
   M Diagnostic: 0.20
---------------------------------

