Computing Integrals
Elapsed time:    3.70 Seconds

Number of basis functions                   (NBF)    = 35
Number of auxiliary basis functions         (NBFAUX) = 51
Inactive Doubly occupied orbitals up to     (NO1)    = 0
No. considered Strongly Doubly occupied MOs (NDOC)   = 1
No. considered Strongly Singly occupied MOs (NSOC)   = 0
NO. of Weakly occ. per St. Doubly occ.  MOs (NCWO)   = 34
Dimension of the Nat. Orb. subspace         (NBF5)   = 35
No. of electrons                                     = 2
    No. of alpha electrons                           = 1
    No. of beta electrons                            = 1
Multiplicity                                         = 1

Geometry
========
Li      -0.4090100      -1.9140400       0.0812900

No violations of the orthonormality
Hartree-Fock
============

  Nitext  Nitint    Eelec          Etot           Ediff          maxdiff
     1      1    -7.17731086    -7.17731086    -0.04892199     0.41910210 
     2     10    -7.03773808    -7.03773808    -0.19519449     1.04338737 
     3     10    -7.13141698    -7.13141698    -0.01719045     0.77128397 
     4     10    -7.23582283    -7.23582283    -0.00046567     0.05778957 
     5     10    -7.23640449    -7.23640449    -0.00000129     0.00303023 
     6     10    -7.23640521    -7.23640521    -0.00000071     0.00225625 
No violations of the orthonormality
 
PNOF7/ADAM Calculation
==================
 
  Nitext  Nit_orb  Time   Nit_occ  Time         Eelec          Etot           Ediff      maxdiff    Grad_orb  Grad_occ
0.0007854739299894174
0.001078438936606957
     1      10    1.8e+01   16    3.5e+01    -7.24317227    -7.24317227 -10006.24317227   0.005479   4.4e-02   1.2e-04 0.00
0.0007126913216921604
0.000842851751369857
     2      30    1.2e+01   22    7.2e-02    -7.25844386    -7.25844386    -0.01527160   0.002609   1.3e-02   1.1e-04 0.00
0.000150261515826422
0.00019214410489357117
     3      30    1.1e+01    8    3.3e-02    -7.26325488    -7.26325488    -0.00481102   0.001446   7.5e-03   1.4e-04 0.00
0.00012686532216454882
0.00017428224242281088
     4      30    1.1e+01   11    5.4e-02    -7.26522902    -7.26522902    -0.00197414   0.000842   5.3e-03   5.5e-05 0.00
6.597323276088412e-5
0.00011483683270237766
     5      30    1.1e+01    4    2.2e-02    -7.26650895    -7.26650895    -0.00127993   0.000506   4.0e-03   1.1e-04 0.00
4.836174545997242e-5
7.864366756072146e-5
     6      30    1.1e+01    4    2.5e-02    -7.26734820    -7.26734820    -0.00083924   0.000633   3.7e-03   9.7e-05 0.00
3.0954677550264574e-5
4.9929182806990034e-5
     7      30    1.1e+01    3    1.4e-02    -7.26799585    -7.26799585    -0.00064765   0.000664   3.3e-03   9.2e-05 0.00
2.2280802383193373e-5
2.7790170676954235e-5
     8      30    1.2e+01    3    2.3e-02    -7.26846716    -7.26846716    -0.00047131   0.000537   2.5e-03   1.1e-04 0.00
0.0
0.0
     9      30    1.1e+01    0    1.2e-02    -7.26872435    -7.26872435    -0.00025719   0.000280   1.2e-03   1.2e-04 0.00
0.0
0.0
    10      24    8.3e+00    0    1.2e-02    -7.26879073    -7.26879073    -0.00006638   0.000099   4.5e-04   1.4e-04 0.00
 
RESULTS OF THE OCCUPATION OPTIMIZATION
========================================
   1    1.9944889  -2.81751107
   2    0.0027271  -0.01109888
   3    0.0008964  -0.00417910
   4    0.0008864  -0.00416565
   5    0.0008754  -0.00414590
   6    0.0000750  -0.00036773
   7    0.0000214  -0.00005424
   8    0.0000112  -0.00002934
   9    0.0000065  -0.00001707
  10    0.0000024  -0.00000325
  11    0.0000008  -0.00000101
  12    0.0000006  -0.00000059
  13    0.0000006  -0.00000062
  14    0.0000005  -0.00000056
  15    0.0000004  -0.00000040
  16    0.0000004  -0.00000009
  17    0.0000004  -0.00000003
  18    0.0000004  -0.00000000
  19    0.0000004  -0.00000001
  20    0.0000003  -0.00000000
  21    0.0000003  -0.00000002
  22    0.0000003  -0.00000001
  23    0.0000003  0.00000000
  24    0.0000003  0.00000001
  25    0.0000003  0.00000002
  26    0.0000003  0.00000001
  27    0.0000003  0.00000002
  28    0.0000003  0.00000002
  29    0.0000003  0.00000003
  30    0.0000003  0.00000002
  31    0.0000003  0.00000003
  32    0.0000003  0.00000004
  33    0.0000003  0.00000003
  34    0.0000003  0.00000002
  35    0.0000003  0.00000002
 
----------------
 Final Energies 
----------------
       HF Total Energy =      -7.2364052
Final NOF Total Energy =      -7.2687907
    Correlation Energy =      -0.0323855
 
Total Orbital Internal Iterations = 274
Total Occupation Internal Iterations = 71
 
Elapsed time:  221.81 Seconds

---------------------------------
   Lowdin Population Analysis    
---------------------------------
 Idx  Atom   Population   Charge 
---------------------------------
  1    Li     2.000       1.000

---------------------------------
   M Diagnostic: 0.00
---------------------------------

