Computing Integrals
NVIDIA GeForce RTX 3090
Elapsed time:   35.03 Seconds

Number of basis functions                   (NBF)    = 684
Number of auxiliary basis functions         (NBFAUX) = 906
Inactive Doubly occupied orbitals up to     (NO1)    = 0
No. considered Strongly Doubly occupied MOs (NDOC)   = 39
No. considered Strongly Singly occupied MOs (NSOC)   = 0
NO. of Weakly occ. per St. Doubly occ.  MOs (NCWO)   = 16
Dimension of the Nat. Orb. subspace         (NBF5)   = 663
No. of electrons                                     = 78
    No. of alpha electrons                           = 39
    No. of beta electrons                            = 39
Multiplicity                                         = 1

Geometry
========
 O      -1.8507600       3.2056200       0.0000000
 C      -1.2533900       2.1709400       0.0000000
 C      -1.2139100       0.7146000       0.0000000
 C      -1.2139100      -0.7146000       0.0000000
 C      -1.2533900      -2.1709400       0.0000000
 O      -1.8507600      -3.2056200       0.0000000
 C      -0.0119100      -1.4085800       0.0000000
 C       1.2258200      -0.6939800       0.0000000
 C       2.5067800       0.0000000       0.0000000
 O       3.7015300       0.0000000       0.0000000
 C       1.2258200       0.6939800       0.0000000
 C      -0.0119100       1.4085800       0.0000000

No violations of the orthonormality
No violations of the orthonormality
 
PNOF7/ADABelief Calculation
==================
 
  Nitext  Nit_orb  Time   Nit_occ  Time         Eelec          Etot           Ediff      maxdiff    MaxGrad_orb  Grad_occ
     1      10    4.5e+01   24    5.7e+01 -1097.59823930  -551.77083822 -11096.59823930   0.453918   1.8e+00   1.9e-04 0.00
     2      10    2.5e+00    0    9.0e-01 -1097.93210424  -552.10470316    -0.33386495   0.453912   1.8e+00   1.9e-04 0.00
     3      30    7.2e+00   43    3.4e+01 -1110.68199092  -564.85458984   -12.74988668   0.463775   1.9e+00   2.4e-04 0.01
     4      30    7.3e+00   47    3.5e+01 -1111.52157107  -565.69416999    -0.83958015   0.298163   1.2e+00   2.5e-04 0.02
     5      30    7.2e+00   41    3.0e+01 -1111.77079017  -565.94338909    -0.24921910   0.354097   1.4e+00   2.9e-04 0.07
     6      30    7.3e+00   60    4.3e+01 -1111.87965216  -566.05225108    -0.10886199   0.021850   8.7e-02   2.3e-04 0.13
     7      30    7.4e+00   35    2.6e+01 -1111.97199920  -566.14459812    -0.09234704   0.023623   9.4e-02   3.6e-04 0.18
     8      30    7.3e+00   39    2.8e+01 -1112.05022847  -566.22282739    -0.07822927   0.023393   9.4e-02   2.6e-04 0.21
     9      30    7.3e+00   45    3.2e+01 -1112.09597278  -566.26857170    -0.04574432   0.022492   9.0e-02   2.6e-04 0.23
    10      30    7.3e+00   33    2.4e+01 -1112.11816023  -566.29075914    -0.02218744   0.024539   9.8e-02   2.5e-04 0.24
    11      30    7.2e+00   21    1.5e+01 -1112.12214147  -566.29474039    -0.00398124   0.024242   9.7e-02   2.7e-04 0.25
    12      30    7.3e+00   21    1.5e+01 -1112.13044687  -566.30304579    -0.00830540   0.019626   7.9e-02   2.7e-04 0.25
    13      30    7.3e+00   20    1.5e+01 -1112.13613459  -566.30873351    -0.00568772   0.025373   1.0e-01   2.5e-04 0.25
    14      30    7.3e+00    0    7.8e-01 -1112.13743448  -566.31003340    -0.00129989   0.025373   1.0e-01   2.5e-04 0.25
    15      50    1.2e+01   17    1.3e+01 -1112.16733107  -566.33992999    -0.02989659   0.004068   1.6e-02   2.9e-04 0.25
    16      50    1.2e+01   20    1.5e+01 -1112.16923004  -566.34182896    -0.00189897   0.003387   1.4e-02   2.2e-04 0.26
    17      50    1.2e+01    9    7.1e+00 -1112.17137632  -566.34397524    -0.00214628   0.003573   1.4e-02   2.9e-04 0.26
    18      50    1.2e+01   12    9.2e+00 -1112.17273852  -566.34533744    -0.00136220   0.003734   1.5e-02   3.1e-04 0.26
    19      50    1.2e+01   12    9.1e+00 -1112.17362268  -566.34622160    -0.00088416   0.003585   1.4e-02   3.2e-04 0.26
    20      50    1.2e+01    8    6.4e+00 -1112.17414968  -566.34674860    -0.00052700   0.003569   1.4e-02   4.0e-04 0.26
    21      50    1.2e+01    1    1.5e+00 -1112.17431805  -566.34691697    -0.00016837   0.003236   1.3e-02   3.6e-04 0.26
    22      50    1.2e+01   11    8.6e+00 -1112.17437934  -566.34697826    -0.00006129   0.016621   6.6e-02   2.5e-04 0.26
    23      50    1.2e+01    1    1.5e+00 -1112.17450936  -566.34710828    -0.00013002   0.003023   1.2e-02   2.7e-04 0.25
    24      50    1.2e+01    1    1.5e+00 -1112.17454935  -566.34714827    -0.00003999   0.002546   1.0e-02   2.5e-04 0.25
    25      50    1.2e+01    0    7.6e-01 -1112.17454449  -566.34714341     0.00000486   0.002546   1.0e-02   2.5e-04 0.25
    26      70    1.7e+01   11    8.5e+00 -1112.17511404  -566.34771296    -0.00056955   0.000899   3.6e-03   1.7e-04 0.25
 
RESULTS OF THE OCCUPATION OPTIMIZATION
========================================
   1    1.9997104  -20.60429955
   2    1.9997104  -20.60409355
   3    1.9997136  -20.59776306
   4    1.9992755  -11.38654327
   5    1.9992729  -11.38646603
   6    1.9992808  -11.38521194
   7    1.9992742  -11.31703091
   8    1.9992741  -11.31701851
   9    1.9992623  -11.31411266
  10    1.9992605  -11.31410503
  11    1.9992587  -11.31248188
  12    1.9992564  -11.31245899
  13    1.9801395  -1.19166255
  14    1.9801783  -1.19023907
  15    1.9803987  -1.18648732
  16    1.9737581  -0.91310650
  17    1.9737724  -0.91292751
  18    1.9723570  -0.91237122
  19    1.9690540  -0.90503168
  20    1.9689903  -0.90488952
  21    1.9716957  -0.90414530
  22    1.9820777  -0.81210685
  23    1.9821098  -0.81203198
  24    1.9821023  -0.81143522
  25    1.9820057  -0.81066585
  26    1.9822119  -0.80651069
  27    1.9820897  -0.80321002
  28    1.9517829  -0.79822689
  29    1.9518444  -0.79815191
  30    1.9550844  -0.79729581
  31    1.9549649  -0.79683930
  32    1.9510678  -0.79572964
  33    1.9509224  -0.79549974
  34    1.8747242  -0.61114424
  35    1.8752797  -0.61101168
  36    1.8834752  -0.59629500
  37    1.8709033  -0.53764147
  38    1.7492031  -0.47650069
  39    1.7472225  -0.47568625
  40    0.2521168  -0.08040371
  41    0.2501672  -0.07992554
  42    0.1279640  -0.04685246
  43    0.1130693  -0.05582901
  44    0.1212666  -0.05922749
  45    0.1219908  -0.05950822
  46    0.0401223  -0.02825228
  47    0.0400514  -0.02820914
  48    0.0367976  -0.02642118
  49    0.0366627  -0.02634965
  50    0.0393004  -0.02785318
  51    0.0392690  -0.02783648
  52    0.0128666  -0.01216824
  53    0.0129099  -0.01222336
  54    0.0128411  -0.01216391
  55    0.0128417  -0.01217427
  56    0.0128386  -0.01217818
  57    0.0128962  -0.01221235
  58    0.0195042  -0.01722241
  59    0.0211182  -0.01832679
  60    0.0211433  -0.01834494
  61    0.0189468  -0.01612727
  62    0.0181333  -0.01563631
  63    0.0181878  -0.01567440
  64    0.0152867  -0.01837299
  65    0.0155099  -0.01858735
  66    0.0154353  -0.01853104
  67    0.0004487  -0.00826538
  68    0.0004485  -0.00826507
  69    0.0004474  -0.00825432
  70    0.0004461  -0.00824799
  71    0.0004435  -0.00821680
  72    0.0004430  -0.00821247
  73    0.0004462  -0.00827812
  74    0.0004489  -0.00830365
  75    0.0004479  -0.00829847
  76    0.0002212  -0.00751315
  77    0.0002212  -0.00751261
  78    0.0002212  -0.00751413
  79    0.0004931  -0.00043844
  80    0.0002772  -0.00027703
  81    0.0006101  -0.00056479
  82    0.0031420  -0.00273049
  83    0.0030150  -0.00262979
  84    0.0030224  -0.00263254
  85    0.0032823  -0.00362518
  86    0.0032397  -0.00359830
  87    0.0030451  -0.00342986
  88    0.0030559  -0.00343332
  89    0.0032549  -0.00361497
  90    0.0033056  -0.00363335
  91    0.0019974  -0.00297552
  92    0.0019480  -0.00293489
  93    0.0020150  -0.00301189
  94    0.0019952  -0.00299237
  95    0.0019881  -0.00298634
  96    0.0019824  -0.00298524
  97    0.0038614  -0.00464431
  98    0.0043182  -0.00502397
  99    0.0042451  -0.00499772
 100    0.0030721  -0.00365391
 101    0.0028577  -0.00347136
 102    0.0028200  -0.00345112
 103    0.0024091  -0.00413380
 104    0.0024527  -0.00418680
 105    0.0024449  -0.00417818
 106    0.0001037  -0.00143541
 107    0.0001036  -0.00143471
 108    0.0001031  -0.00142694
 109    0.0001027  -0.00142463
 110    0.0001011  -0.00140621
 111    0.0001011  -0.00140573
 112    0.0000995  -0.00141466
 113    0.0001005  -0.00142535
 114    0.0001003  -0.00142443
 115    0.0000282  -0.00068150
 116    0.0000287  -0.00069474
 117    0.0000289  -0.00069387
 118    0.0000864  -0.00009165
 119    0.0001910  -0.00015489
 120    0.0002305  -0.00021075
 121    0.0001413  -0.00016865
 122    0.0002547  -0.00033249
 123    0.0001008  -0.00011362
 124    0.0028819  -0.00338168
 125    0.0028656  -0.00337699
 126    0.0026107  -0.00309595
 127    0.0026119  -0.00309819
 128    0.0028422  -0.00332825
 129    0.0028446  -0.00332767
 130    0.0017737  -0.00258675
 131    0.0017330  -0.00255161
 132    0.0018551  -0.00266783
 133    0.0018168  -0.00266759
 134    0.0018110  -0.00265288
 135    0.0018278  -0.00265722
 136    0.0029487  -0.00363768
 137    0.0033607  -0.00407994
 138    0.0033874  -0.00410006
 139    0.0028656  -0.00342460
 140    0.0026643  -0.00324222
 141    0.0026633  -0.00323717
 142    0.0006873  -0.00144631
 143    0.0007256  -0.00154080
 144    0.0007081  -0.00154477
 145    0.0000979  -0.00126564
 146    0.0000960  -0.00124135
 147    0.0000957  -0.00123390
 148    0.0000957  -0.00123514
 149    0.0000902  -0.00117061
 150    0.0000911  -0.00118014
 151    0.0000810  -0.00109165
 152    0.0000822  -0.00110377
 153    0.0000820  -0.00110299
 154    0.0000216  -0.00049740
 155    0.0000244  -0.00056253
 156    0.0000236  -0.00054250
 157    0.0000302  -0.00003471
 158    0.0000727  -0.00008133
 159    0.0001187  -0.00012163
 160    0.0000935  -0.00011508
 161    0.0001018  -0.00011597
 162    0.0000612  -0.00005781
 163    0.0017224  -0.00216154
 164    0.0017060  -0.00215042
 165    0.0016382  -0.00208248
 166    0.0016382  -0.00208434
 167    0.0017103  -0.00215112
 168    0.0017118  -0.00215650
 169    0.0005415  -0.00104121
 170    0.0005254  -0.00102568
 171    0.0005352  -0.00103767
 172    0.0005314  -0.00103347
 173    0.0005301  -0.00103447
 174    0.0005227  -0.00103024
 175    0.0014397  -0.00214513
 176    0.0015187  -0.00221854
 177    0.0015131  -0.00221380
 178    0.0012163  -0.00177983
 179    0.0011710  -0.00174045
 180    0.0011756  -0.00174216
 181    0.0006712  -0.00145629
 182    0.0007139  -0.00148562
 183    0.0006989  -0.00146270
 184    0.0000781  -0.00106454
 185    0.0000784  -0.00106819
 186    0.0000782  -0.00106480
 187    0.0000778  -0.00106035
 188    0.0000760  -0.00104030
 189    0.0000759  -0.00104085
 190    0.0000783  -0.00102284
 191    0.0000815  -0.00106657
 192    0.0000805  -0.00105292
 193    0.0000099  -0.00023386
 194    0.0000099  -0.00023298
 195    0.0000101  -0.00023627
 196    0.0000114  -0.00001823
 197    0.0000279  -0.00003613
 198    0.0000558  -0.00007425
 199    0.0000277  -0.00004465
 200    0.0000383  -0.00005040
 201    0.0000428  -0.00006247
 202    0.0003971  -0.00060175
 203    0.0003987  -0.00061166
 204    0.0003256  -0.00050508
 205    0.0003198  -0.00050195
 206    0.0003797  -0.00058338
 207    0.0003960  -0.00060263
 208    0.0001857  -0.00045581
 209    0.0001808  -0.00045193
 210    0.0001863  -0.00045988
 211    0.0001863  -0.00045726
 212    0.0001878  -0.00046158
 213    0.0001846  -0.00045614
 214    0.0001320  -0.00030547
 215    0.0001583  -0.00035448
 216    0.0001534  -0.00032691
 217    0.0005756  -0.00085688
 218    0.0005194  -0.00078470
 219    0.0005231  -0.00078890
 220    0.0002267  -0.00049801
 221    0.0001171  -0.00031536
 222    0.0002028  -0.00045038
 223    0.0000098  -0.00037527
 224    0.0000098  -0.00037495
 225    0.0000097  -0.00037355
 226    0.0000097  -0.00037414
 227    0.0000094  -0.00036799
 228    0.0000094  -0.00036864
 229    0.0000094  -0.00036875
 230    0.0000096  -0.00037068
 231    0.0000096  -0.00037199
 232    0.0000039  -0.00024826
 233    0.0000039  -0.00024679
 234    0.0000039  -0.00024911
 235    0.0000088  -0.00002045
 236    0.0000089  -0.00002056
 237    0.0000345  -0.00006017
 238    0.0000179  -0.00003753
 239    0.0000123  -0.00003221
 240    0.0000154  -0.00003414
 241    0.0002064  -0.00036692
 242    0.0002072  -0.00036781
 243    0.0001923  -0.00034657
 244    0.0001962  -0.00035101
 245    0.0002062  -0.00036698
 246    0.0002036  -0.00036523
 247    0.0001532  -0.00040507
 248    0.0001554  -0.00041200
 249    0.0001554  -0.00041405
 250    0.0001587  -0.00042170
 251    0.0001609  -0.00042455
 252    0.0001560  -0.00041386
 253    0.0001165  -0.00025646
 254    0.0001250  -0.00027849
 255    0.0001520  -0.00034621
 256    0.0003772  -0.00061766
 257    0.0003627  -0.00059390
 258    0.0003550  -0.00058814
 259    0.0001112  -0.00028991
 260    0.0000728  -0.00022635
 261    0.0001280  -0.00032155
 262    0.0000012  -0.00002168
 263    0.0000012  -0.00002220
 264    0.0000013  -0.00002427
 265    0.0000016  -0.00002405
 266    0.0000010  -0.00001905
 267    0.0000012  -0.00002054
 268    0.0000014  -0.00002265
 269    0.0000012  -0.00002177
 270    0.0000010  -0.00002240
 271    0.0000005  -0.00000994
 272    0.0000004  -0.00000802
 273    0.0000004  -0.00000867
 274    0.0000049  -0.00001516
 275    0.0000082  -0.00001938
 276    0.0000248  -0.00004071
 277    0.0000064  -0.00002322
 278    0.0000086  -0.00002274
 279    0.0000103  -0.00002476
 280    0.0001180  -0.00025448
 281    0.0001092  -0.00024013
 282    0.0001140  -0.00024307
 283    0.0001098  -0.00023979
 284    0.0001168  -0.00024964
 285    0.0001250  -0.00026370
 286    0.0001265  -0.00031039
 287    0.0001037  -0.00029584
 288    0.0001272  -0.00032561
 289    0.0001167  -0.00031129
 290    0.0001155  -0.00031037
 291    0.0001159  -0.00031371
 292    0.0000969  -0.00024216
 293    0.0001067  -0.00026813
 294    0.0000983  -0.00025102
 295    0.0001389  -0.00030266
 296    0.0001110  -0.00026051
 297    0.0001121  -0.00026439
 298    0.0000604  -0.00022804
 299    0.0000671  -0.00021753
 300    0.0000740  -0.00026319
 301    0.0000010  -0.00001487
 302    0.0000008  -0.00001279
 303    0.0000010  -0.00001523
 304    0.0000007  -0.00001326
 305    0.0000007  -0.00001253
 306    0.0000009  -0.00001499
 307    0.0000005  -0.00001018
 308    0.0000006  -0.00003063
 309    0.0000006  -0.00001494
 310    0.0000002  -0.00000935
 311    0.0000002  -0.00001014
 312    0.0000003  -0.00000721
 313    0.0000040  -0.00001355
 314    0.0000072  -0.00001839
 315    0.0000131  -0.00002854
 316    0.0000056  -0.00001820
 317    0.0000062  -0.00002043
 318    0.0000094  -0.00002493
 319    0.0001077  -0.00023874
 320    0.0001035  -0.00023361
 321    0.0001042  -0.00022912
 322    0.0001016  -0.00022633
 323    0.0001051  -0.00023660
 324    0.0001185  -0.00025518
 325    0.0001094  -0.00031075
 326    0.0001004  -0.00028877
 327    0.0001181  -0.00031100
 328    0.0000944  -0.00027957
 329    0.0001015  -0.00029275
 330    0.0001052  -0.00030060
 331    0.0000737  -0.00020763
 332    0.0000896  -0.00022053
 333    0.0000874  -0.00023345
 334    0.0001235  -0.00029231
 335    0.0001015  -0.00024741
 336    0.0001030  -0.00024948
 337    0.0000500  -0.00018901
 338    0.0000549  -0.00019214
 339    0.0000616  -0.00021772
 340    0.0000009  -0.00001508
 341    0.0000006  -0.00003406
 342    0.0000006  -0.00001316
 343    0.0000006  -0.00003307
 344    0.0000006  -0.00001591
 345    0.0000008  -0.00001464
 346    0.0000005  -0.00003192
 347    0.0000005  -0.00001027
 348    0.0000005  -0.00002583
 349    0.0000001  -0.00000297
 350    0.0000002  -0.00000240
 351    0.0000002  -0.00000704
 352    0.0000036  -0.00001305
 353    0.0000065  -0.00001731
 354    0.0000097  -0.00002327
 355    0.0000046  -0.00002248
 356    0.0000037  -0.00002080
 357    0.0000071  -0.00002249
 358    0.0000887  -0.00021067
 359    0.0000942  -0.00022381
 360    0.0000760  -0.00019261
 361    0.0000797  -0.00019559
 362    0.0000901  -0.00021528
 363    0.0000878  -0.00020824
 364    0.0000985  -0.00029059
 365    0.0000634  -0.00020908
 366    0.0001068  -0.00031255
 367    0.0000803  -0.00024501
 368    0.0000993  -0.00028109
 369    0.0000625  -0.00021314
 370    0.0000345  -0.00010572
 371    0.0000885  -0.00022356
 372    0.0000454  -0.00011822
 373    0.0000907  -0.00020872
 374    0.0000777  -0.00018357
 375    0.0000734  -0.00017714
 376    0.0000279  -0.00010347
 377    0.0000331  -0.00012393
 378    0.0000287  -0.00011895
 379    0.0000005  -0.00003249
 380    0.0000004  -0.00001080
 381    0.0000006  -0.00003121
 382    0.0000005  -0.00001199
 383    0.0000006  -0.00002804
 384    0.0000005  -0.00003162
 385    0.0000005  -0.00000951
 386    0.0000005  -0.00000916
 387    0.0000004  -0.00000737
 388    0.0000001  -0.00000400
 389    0.0000002  -0.00000204
 390    0.0000002  -0.00000219
 391    0.0000036  -0.00001241
 392    0.0000057  -0.00001536
 393    0.0000067  -0.00002154
 394    0.0000033  -0.00001905
 395    0.0000025  -0.00001739
 396    0.0000038  -0.00001826
 397    0.0000411  -0.00009703
 398    0.0000359  -0.00009126
 399    0.0000371  -0.00008945
 400    0.0000325  -0.00008698
 401    0.0000397  -0.00009594
 402    0.0000402  -0.00010182
 403    0.0000158  -0.00006494
 404    0.0000139  -0.00006163
 405    0.0000111  -0.00005374
 406    0.0000259  -0.00008602
 407    0.0000124  -0.00005823
 408    0.0000137  -0.00005838
 409    0.0000311  -0.00010236
 410    0.0000331  -0.00011730
 411    0.0000343  -0.00011953
 412    0.0000843  -0.00019637
 413    0.0000725  -0.00017629
 414    0.0000713  -0.00017455
 415    0.0000207  -0.00009480
 416    0.0000207  -0.00009183
 417    0.0000213  -0.00009318
 418    0.0000004  -0.00000694
 419    0.0000004  -0.00000687
 420    0.0000004  -0.00000710
 421    0.0000004  -0.00000751
 422    0.0000005  -0.00000836
 423    0.0000004  -0.00000705
 424    0.0000004  -0.00000590
 425    0.0000004  -0.00000682
 426    0.0000003  -0.00000549
 427    0.0000001  -0.00000624
 428    0.0000001  -0.00000866
 429    0.0000002  -0.00000749
 430    0.0000029  -0.00001137
 431    0.0000051  -0.00001466
 432    0.0000064  -0.00001878
 433    0.0000032  -0.00001508
 434    0.0000023  -0.00001302
 435    0.0000031  -0.00001806
 436    0.0000278  -0.00007530
 437    0.0000322  -0.00007940
 438    0.0000237  -0.00006400
 439    0.0000311  -0.00007768
 440    0.0000290  -0.00007381
 441    0.0000294  -0.00007656
 442    0.0000087  -0.00004513
 443    0.0000112  -0.00004989
 444    0.0000090  -0.00004715
 445    0.0000109  -0.00005139
 446    0.0000099  -0.00004841
 447    0.0000118  -0.00005243
 448    0.0000201  -0.00005682
 449    0.0000308  -0.00008051
 450    0.0000245  -0.00007103
 451    0.0000477  -0.00014766
 452    0.0000513  -0.00015571
 453    0.0000487  -0.00014985
 454    0.0000154  -0.00005282
 455    0.0000157  -0.00005621
 456    0.0000167  -0.00005705
 457    0.0000003  -0.00000520
 458    0.0000004  -0.00000585
 459    0.0000003  -0.00000556
 460    0.0000004  -0.00000585
 461    0.0000005  -0.00000656
 462    0.0000004  -0.00000550
 463    0.0000003  -0.00000381
 464    0.0000003  -0.00000422
 465    0.0000003  -0.00000396
 466    0.0000001  -0.00000130
 467    0.0000001  -0.00000110
 468    0.0000001  -0.00000493
 469    0.0000028  -0.00001158
 470    0.0000048  -0.00001360
 471    0.0000055  -0.00001728
 472    0.0000022  -0.00001168
 473    0.0000021  -0.00001060
 474    0.0000022  -0.00001027
 475    0.0000247  -0.00006924
 476    0.0000306  -0.00007835
 477    0.0000206  -0.00005929
 478    0.0000239  -0.00006345
 479    0.0000256  -0.00007052
 480    0.0000264  -0.00007571
 481    0.0000085  -0.00004423
 482    0.0000107  -0.00004920
 483    0.0000082  -0.00004427
 484    0.0000097  -0.00004831
 485    0.0000092  -0.00004760
 486    0.0000103  -0.00005075
 487    0.0000128  -0.00004302
 488    0.0000217  -0.00006418
 489    0.0000219  -0.00006681
 490    0.0000323  -0.00010071
 491    0.0000367  -0.00010883
 492    0.0000336  -0.00010083
 493    0.0000095  -0.00004961
 494    0.0000109  -0.00005308
 495    0.0000112  -0.00005231
 496    0.0000003  -0.00000372
 497    0.0000003  -0.00000367
 498    0.0000003  -0.00000373
 499    0.0000003  -0.00000409
 500    0.0000004  -0.00000433
 501    0.0000003  -0.00000308
 502    0.0000002  -0.00000277
 503    0.0000002  -0.00000306
 504    0.0000003  -0.00000352
 505    0.0000001  -0.00000070
 506    0.0000001  -0.00000102
 507    0.0000001  -0.00000105
 508    0.0000027  -0.00001028
 509    0.0000041  -0.00001303
 510    0.0000048  -0.00001528
 511    0.0000021  -0.00000980
 512    0.0000017  -0.00000979
 513    0.0000021  -0.00001167
 514    0.0000200  -0.00005999
 515    0.0000192  -0.00005252
 516    0.0000162  -0.00005330
 517    0.0000183  -0.00005545
 518    0.0000180  -0.00005200
 519    0.0000218  -0.00006231
 520    0.0000071  -0.00003858
 521    0.0000089  -0.00004087
 522    0.0000073  -0.00003854
 523    0.0000082  -0.00004111
 524    0.0000077  -0.00003968
 525    0.0000092  -0.00003799
 526    0.0000108  -0.00004068
 527    0.0000125  -0.00004473
 528    0.0000136  -0.00004871
 529    0.0000265  -0.00006916
 530    0.0000241  -0.00006476
 531    0.0000263  -0.00006675
 532    0.0000079  -0.00004180
 533    0.0000083  -0.00004309
 534    0.0000089  -0.00004401
 535    0.0000003  -0.00000307
 536    0.0000002  -0.00000269
 537    0.0000003  -0.00000337
 538    0.0000003  -0.00000357
 539    0.0000004  -0.00000442
 540    0.0000003  -0.00000336
 541    0.0000002  -0.00000225
 542    0.0000002  -0.00000254
 543    0.0000002  -0.00000255
 544    0.0000001  -0.00000067
 545    0.0000001  -0.00000076
 546    0.0000001  -0.00000138
 547    0.0000024  -0.00000965
 548    0.0000037  -0.00001177
 549    0.0000045  -0.00001463
 550    0.0000021  -0.00000992
 551    0.0000016  -0.00000855
 552    0.0000016  -0.00000899
 553    0.0000150  -0.00004759
 554    0.0000152  -0.00004739
 555    0.0000146  -0.00004679
 556    0.0000158  -0.00004914
 557    0.0000163  -0.00004726
 558    0.0000162  -0.00005078
 559    0.0000067  -0.00003652
 560    0.0000083  -0.00003775
 561    0.0000069  -0.00003742
 562    0.0000080  -0.00003781
 563    0.0000068  -0.00003586
 564    0.0000086  -0.00003902
 565    0.0000095  -0.00003410
 566    0.0000109  -0.00003997
 567    0.0000095  -0.00003662
 568    0.0000165  -0.00005697
 569    0.0000180  -0.00005728
 570    0.0000177  -0.00005454
 571    0.0000071  -0.00003050
 572    0.0000072  -0.00003218
 573    0.0000079  -0.00003244
 574    0.0000002  -0.00000236
 575    0.0000002  -0.00000255
 576    0.0000002  -0.00000285
 577    0.0000003  -0.00000319
 578    0.0000003  -0.00000404
 579    0.0000002  -0.00000201
 580    0.0000002  -0.00000211
 581    0.0000002  -0.00000237
 582    0.0000002  -0.00000232
 583    0.0000001  -0.00000069
 584    0.0000001  -0.00000077
 585    0.0000001  -0.00000093
 586    0.0000020  -0.00000903
 587    0.0000035  -0.00001216
 588    0.0000039  -0.00001388
 589    0.0000020  -0.00000928
 590    0.0000016  -0.00000849
 591    0.0000014  -0.00000835
 592    0.0000121  -0.00003934
 593    0.0000144  -0.00004534
 594    0.0000104  -0.00003249
 595    0.0000106  -0.00003580
 596    0.0000124  -0.00003851
 597    0.0000122  -0.00003933
 598    0.0000063  -0.00003421
 599    0.0000081  -0.00003751
 600    0.0000062  -0.00003236
 601    0.0000077  -0.00003774
 602    0.0000065  -0.00003366
 603    0.0000081  -0.00004061
 604    0.0000064  -0.00002637
 605    0.0000101  -0.00003803
 606    0.0000092  -0.00003535
 607    0.0000161  -0.00005238
 608    0.0000149  -0.00004749
 609    0.0000167  -0.00005178
 610    0.0000053  -0.00002738
 611    0.0000064  -0.00003110
 612    0.0000070  -0.00003181
 613    0.0000002  -0.00000202
 614    0.0000002  -0.00000184
 615    0.0000002  -0.00000248
 616    0.0000002  -0.00000241
 617    0.0000003  -0.00000383
 618    0.0000002  -0.00000209
 619    0.0000002  -0.00000174
 620    0.0000002  -0.00000141
 621    0.0000002  -0.00000253
 622    0.0000001  -0.00000057
 623    0.0000001  -0.00000049
 624    0.0000001  -0.00000079
 625    0.0000018  -0.00000874
 626    0.0000032  -0.00001071
 627    0.0000037  -0.00001395
 628    0.0000017  -0.00000839
 629    0.0000013  -0.00000803
 630    0.0000014  -0.00000807
 631    0.0000101  -0.00003306
 632    0.0000092  -0.00003155
 633    0.0000087  -0.00002903
 634    0.0000076  -0.00002831
 635    0.0000089  -0.00003073
 636    0.0000091  -0.00003092
 637    0.0000049  -0.00002702
 638    0.0000069  -0.00002936
 639    0.0000055  -0.00002873
 640    0.0000058  -0.00002820
 641    0.0000049  -0.00002803
 642    0.0000074  -0.00003485
 643    0.0000060  -0.00002566
 644    0.0000068  -0.00002638
 645    0.0000075  -0.00002777
 646    0.0000128  -0.00004581
 647    0.0000116  -0.00003984
 648    0.0000142  -0.00004894
 649    0.0000049  -0.00002505
 650    0.0000054  -0.00002709
 651    0.0000052  -0.00002633
 652    0.0000002  -0.00000143
 653    0.0000002  -0.00000187
 654    0.0000002  -0.00000180
 655    0.0000002  -0.00000201
 656    0.0000003  -0.00000389
 657    0.0000002  -0.00000191
 658    0.0000002  -0.00000172
 659    0.0000001  -0.00000114
 660    0.0000002  -0.00000183
 661    0.0000001  -0.00000046
 662    0.0000001  -0.00000052
 663    0.0000001  -0.00000082
 
----------------
 Final Energies 
----------------
Final NOF Total Energy =    -566.3477130
 
Total Orbital Internal Iterations = 1000
Total Occupation Internal Iterations = 532
 
Elapsed time:  781.99 Seconds

---------------------------------
   Lowdin Population Analysis    
---------------------------------
 Idx  Atom   Population   Charge 
---------------------------------
  1     O     7.691       0.309
  2     C     6.414      -0.414
  3     C     5.954       0.046
  4     C     5.954       0.046
  5     C     6.405      -0.405
  6     O     7.681       0.319
  7     C     5.954       0.046
  8     C     5.953       0.047
  9     C     6.404      -0.404
 10     O     7.681       0.319
 11     C     5.954       0.046
 12     C     5.954       0.046

---------------------------------
   M Diagnostic: 0.25
---------------------------------

