Computing Integrals
Elapsed time:    3.71 Seconds

Number of basis functions                   (NBF)    = 171
Number of auxiliary basis functions         (NBFAUX) = 231
Inactive Doubly occupied orbitals up to     (NO1)    = 0
No. considered Strongly Doubly occupied MOs (NDOC)   = 12
No. considered Strongly Singly occupied MOs (NSOC)   = 0
NO. of Weakly occ. per St. Doubly occ.  MOs (NCWO)   = 13
Dimension of the Nat. Orb. subspace         (NBF5)   = 168
No. of electrons                                     = 24
    No. of alpha electrons                           = 12
    No. of beta electrons                            = 12
Multiplicity                                         = 1

Geometry
========
 O       0.0000000       0.0000000       0.4412200
 O       0.0000000       1.0825200      -0.2206100
 O       0.0000000      -1.0825200      -0.2206100

No violations of the orthonormality
Hartree-Fock
============

  Nitext  Nitint    Eelec          Etot           Ediff          maxdiff
     1      1  -191.80712230  -122.77985028    71.17195847    17.56056400 
     2     10  -262.63509360  -193.60782158    -6.99633486     9.30769556 
     3     10  -283.48593881  -214.45866679    -1.30607566     7.89180368 
     4     10  -287.65853264  -218.63126062    -0.32844406     6.12038502 
     5     10  -289.32482913  -220.29755711     0.04567322     6.18430941 
     6     10  -290.33422606  -221.30695404    -0.94330775     6.21025816 
     7     10  -290.13506614  -221.10779412     0.29697091     6.17228055 
     8     10  -289.92535427  -220.89808225     1.16526488     6.85574909 
     9     10  -290.50574458  -221.47847256     0.90343171     6.77646416 
    10     10  -291.67986347  -222.65259145    -0.68633306     5.28540630 
    11     10  -291.65605664  -222.62878462    -0.65161102     5.12291748 
    12     10  -290.82135235  -221.79408033     1.03492265     5.46754812 
    13     10  -291.56112288  -222.53385086    -0.09479302     5.36481363 
    14     10  -290.97211789  -221.94484587     1.02936842     5.35053503 
    15     10  -291.31721764  -222.28994562     0.58047822     5.54153816 
    16     10  -292.38456842  -223.35729640    -0.11578748     4.74486460 
    17     10  -292.44258135  -223.41530933    -0.59184379     3.57140174 
    18     10  -291.92885218  -222.90158016     0.21059673     4.27810685 
    19     10  -292.42962476  -223.40235274    -0.44281390     4.66389323 
    20     10  -292.21245189  -223.18517987     0.06974903     4.19972262 
    21     10  -291.95123636  -222.92396434     0.60763200     4.53961005 
    22     10  -292.12554274  -223.09827072    -0.18590151     3.99295521 
    23     10  -292.53205111  -223.50477909    -0.41965300     3.75466175 
    24     10  -292.25391816  -223.22664614    -0.43892964     4.24494896 
    25     10  -292.50284865  -223.47557663    -0.14369803     4.23396340 
    26     10  -292.26698060  -223.23970858     0.41215490     3.59665493 
    27     10  -291.98948743  -222.96221541     0.00972696     3.99400370 
    28     10  -292.74048823  -223.71321621    -0.99067236     3.80301660 
    29     10  -292.06055813  -223.03328611     0.67536491     4.24741654 
    30     10  -292.27042211  -223.24315009    -0.11170038     3.87438056 
No violations of the orthonormality
 
PNOF7/ADAM Calculation
==================
 
  Nitext  Nit_orb  Time   Nit_occ  Time         Eelec          Etot           Ediff      maxdiff    Grad_orb  Grad_occ
0.0009924491252538692
0.0031003795715656385
     1      10    5.5e+01   14    3.7e+01  -293.22983426  -224.20256224 -10292.22983426   0.086147   1.5e+00   1.4e-04 0.00
0.001188260546771902
0.0023351968748621514
     2      10    3.8e+01   23    1.0e+00  -293.40180290  -224.37453088    -0.17196865   0.541254   6.4e+00   1.8e-04 0.00
0.00277623160054552
0.006855478515792556
     3      30    1.1e+02   25    8.7e-01  -293.49482840  -224.46755638    -0.09302549   0.747910   5.1e+00   2.6e-04 0.01
0.005798147194773895
0.013539617952561183
     4      30    1.1e+02   28    8.4e-01  -293.57835880  -224.55108678    -0.08353040   0.037617   3.2e-01   1.9e-04 0.02
0.017231384771624485
0.02880993653409287
     5      30    1.1e+02   31    1.1e+00  -293.63367600  -224.60640398    -0.05531720   0.007685   1.9e-01   1.7e-04 0.05
0.03398387143595344
0.05040696557686453
     6      30    1.1e+02   19    6.5e-01  -293.68288794  -224.65561592    -0.04921195   0.008574   2.0e-01   2.8e-04 0.12
0.04228980335282118
0.06054440466416312
     7      30    1.1e+02   30    1.0e+00  -293.72119322  -224.69392120    -0.03830528   0.011471   1.9e-01   2.7e-04 0.20
0.03805956287309063
0.05400549890020426
     8      30    1.1e+02   23    6.4e-01  -293.74565168  -224.71837966    -0.02445846   0.014399   2.1e-01   2.3e-04 0.28
0.03504473522660592
0.049607265542738734
     9      30    1.1e+02   30    9.5e-01  -293.76224961  -224.73497759    -0.01659793   0.017117   1.9e-01   2.0e-04 0.35
0.029614043800225698
0.04191583249497161
    10      30    1.2e+02   26    7.1e-01  -293.77464366  -224.74737164    -0.01239405   0.017713   1.8e-01   1.9e-04 0.41
0.02393728744418716
0.0338882770376164
    11      30    1.1e+02   29    8.9e-01  -293.78397263  -224.75670062    -0.00932898   0.016652   1.9e-01   2.8e-04 0.46
0.020319577084670665
0.028785926890227333
    12      30    1.1e+02   33    9.8e-01  -293.79274645  -224.76547443    -0.00877381   0.015507   1.7e-01   1.7e-04 0.50
0.018662826692338458
0.026451151895354106
    13      30    1.1e+02   17    5.2e-01  -293.80248863  -224.77521661    -0.00974219   0.015044   1.6e-01   2.4e-04 0.53
0.015988472514494423
0.02265186833072852
    14      30    1.2e+02   30    8.7e-01  -293.81282647  -224.78555445    -0.01033783   0.013871   1.5e-01   2.4e-04 0.57
0.012341086703854476
0.01752248685962213
    15      30    1.2e+02   18    5.7e-01  -293.82117550  -224.79390348    -0.00834903   0.010542   1.4e-01   2.3e-04 0.59
0.008433538271850394
0.012018199403872328
    16      30    1.1e+02   23    7.1e-01  -293.82628085  -224.79900883    -0.00510535   0.008554   1.3e-01   2.2e-04 0.61
0.0037547643588322632
0.005560783821194589
    17      30    1.2e+02   18    5.7e-01  -293.82878539  -224.80151337    -0.00250454   0.006023   1.2e-01   2.3e-04 0.61
0.0020893838673063936
0.00324813637694583
    18      30    1.1e+02   12    3.9e-01  -293.82988954  -224.80261752    -0.00110415   0.006063   1.2e-01   2.3e-04 0.62
0.0008189221175178285
0.0017048926021544812
    19      30    1.2e+02   15    5.8e-01  -293.83078224  -224.80351022    -0.00089270   0.005803   1.1e-01   2.4e-04 0.62
0.0007776139292033912
0.0015490051065149932
    20      30    1.1e+02   11    3.4e-01  -293.83144289  -224.80417088    -0.00066066   0.006535   1.1e-01   2.6e-04 0.62
0.0006738687753879979
0.001309256760941575
    21      30    1.1e+02   17    6.1e-01  -293.83219506  -224.80492304    -0.00075217   0.003896   7.6e-02   1.8e-04 0.62
0.0003194173143883372
0.0006789558205392138
    22      30    1.1e+02   10    3.6e-01  -293.83260039  -224.80532837    -0.00040532   0.003758   6.4e-02   2.0e-04 0.62
0.0002990945938268208
0.0005425402475307426
    23      30    1.2e+02    8    3.2e-01  -293.83278052  -224.80550850    -0.00018013   0.004154   7.2e-02   1.7e-04 0.62
0.0005168929959982749
0.0008059013152258793
    24      30    1.1e+02   10    3.6e-01  -293.83278805  -224.80551603    -0.00000753   0.006414   8.8e-02   1.9e-04 0.63
0.00012234945852995782
0.00024762318959884995
    25      50    1.9e+02    4    2.2e-01  -293.83317420  -224.80590218    -0.00038615   0.000598   7.4e-03   1.8e-04 0.63
0.0001285099027775738
0.0002970912472482181
    26      50    1.9e+02    8    3.1e-01  -293.83328440  -224.80601238    -0.00011020   0.001110   1.2e-02   1.7e-04 0.63
0.0004828539658645603
0.000765842302278186
    27      50    2.0e+02    4    2.3e-01  -293.83348353  -224.80621151    -0.00019913   0.000796   1.1e-02   2.5e-04 0.63
0.00012600000895063995
0.0003133111402313479
    28      50    1.9e+02    8    2.7e-01  -293.83367207  -224.80640005    -0.00018853   0.001173   1.3e-02   2.1e-04 0.63
0.00021737306501279363
0.00038206536568266314
    29      50    1.9e+02    4    2.3e-01  -293.83388507  -224.80661305    -0.00021301   0.000951   1.2e-02   2.2e-04 0.63
0.00011079527421653523
0.00026057747581783257
    30      50    1.9e+02   10    3.6e-01  -293.83401437  -224.80674235    -0.00012929   0.000761   1.1e-02   1.7e-04 0.63
0.00016031186376708195
0.0002879884258383488
    31      50    1.9e+02    4    1.9e-01  -293.83415292  -224.80688090    -0.00013855   0.009351   4.9e-02   1.8e-04 0.63
0.00011713369773963533
0.00024342561480038562
    32      50    1.9e+02    4    2.1e-01  -293.83421876  -224.80694674    -0.00006584   0.001071   1.3e-02   2.0e-04 0.63
0.0
0.0
    33      50    1.9e+02    0    1.0e-01  -293.83427743  -224.80700541    -0.00005867   0.000984   1.3e-02   2.3e-04 0.63
0.0
0.0
    34      60    2.3e+02    0    8.4e-02  -293.83430581  -224.80703379    -0.00002838   0.000857   1.2e-02   2.5e-04 0.63
9.705616819088991e-5
0.00024406090169844973
    35      70    2.7e+02   10    4.2e-01  -293.83433034  -224.80705832    -0.00002452   0.000579   7.5e-03   2.3e-04 0.63
0.0
0.0
    36      70    2.7e+02    0    1.2e-01  -293.83438904  -224.80711702    -0.00005870   0.000562   6.4e-03   2.4e-04 0.63
0.00023607937645209187
0.00037408759098045706
    37      80    3.0e+02    2    1.6e-01  -293.83439857  -224.80712655    -0.00000953   0.000541   4.8e-03   2.2e-04 0.63
0.0
0.0
    38      80    3.0e+02    0    9.1e-02  -293.83440660  -224.80713458    -0.00000803   0.000398   4.0e-03   1.7e-04 0.63
0.0
0.0
    39      90    3.4e+02    0    9.0e-02  -293.83440948  -224.80713746    -0.00000289   0.000367   2.9e-03   1.8e-04 0.63
0.0
0.0
    40     100    3.8e+02    0    1.2e-01  -293.83441112  -224.80713910    -0.00000164   0.000119   1.5e-03   1.7e-04 0.63
0.0
0.0
    41     106    4.0e+02    0    8.4e-02  -293.83441239  -224.80714037    -0.00000127   0.000099   1.2e-03   1.8e-04 0.63
 
RESULTS OF THE OCCUPATION OPTIMIZATION
========================================
   1    1.9996934  -20.77136436
   2    1.9996921  -20.68530880
   3    1.9996952  -20.68509413
   4    1.9845002  -1.06011241
   5    1.9824401  -1.01240727
   6    1.9807391  -1.00284087
   7    1.9807071  -1.00204655
   8    1.9299262  -0.96265349
   9    1.9297665  -0.96210114
  10    1.9801633  -0.93880879
  11    1.9801753  -0.93831437
  12    1.3719345  -0.45718576
  13    0.6280356  -0.24487273
  14    0.0125711  -0.01240694
  15    0.0124602  -0.01235404
  16    0.0676041  -0.05439753
  17    0.0674704  -0.05434022
  18    0.0115674  -0.01184532
  19    0.0114864  -0.01181572
  20    0.0120685  -0.01094970
  21    0.0114151  -0.01078966
  22    0.0002281  -0.00762124
  23    0.0002266  -0.00760033
  24    0.0002308  -0.00772324
  25    0.0000072  -0.00000770
  26    0.0030098  -0.00422125
  27    0.0030462  -0.00425348
  28    0.0021159  -0.00307004
  29    0.0021000  -0.00306298
  30    0.0029911  -0.00390488
  31    0.0030913  -0.00398043
  32    0.0020719  -0.00283952
  33    0.0015845  -0.00262020
  34    0.0000404  -0.00092652
  35    0.0000389  -0.00090500
  36    0.0000407  -0.00094922
  37    0.0000064  -0.00000763
  38    0.0022999  -0.00364620
  39    0.0023192  -0.00364833
  40    0.0002049  -0.00050111
  41    0.0001925  -0.00048905
  42    0.0020838  -0.00332597
  43    0.0020079  -0.00325986
  44    0.0017759  -0.00274957
  45    0.0009567  -0.00169088
  46    0.0000270  -0.00063780
  47    0.0000328  -0.00073868
  48    0.0000230  -0.00056301
  49    0.0000036  -0.00001296
  50    0.0008923  -0.00174257
  51    0.0009297  -0.00177063
  52    0.0002001  -0.00047844
  53    0.0001875  -0.00046446
  54    0.0010785  -0.00200021
  55    0.0010988  -0.00200643
  56    0.0010541  -0.00175942
  57    0.0007910  -0.00149097
  58    0.0000047  -0.00026467
  59    0.0000044  -0.00026181
  60    0.0000047  -0.00024680
  61    0.0000034  -0.00001271
  62    0.0003347  -0.00080623
  63    0.0003206  -0.00078307
  64    0.0000612  -0.00015096
  65    0.0000668  -0.00019451
  66    0.0006940  -0.00147023
  67    0.0007291  -0.00150468
  68    0.0001904  -0.00049499
  69    0.0002224  -0.00056552
  70    0.0000012  -0.00003575
  71    0.0000010  -0.00002684
  72    0.0000022  -0.00007934
  73    0.0000018  -0.00001104
  74    0.0003053  -0.00075581
  75    0.0003040  -0.00074046
  76    0.0000109  -0.00004982
  77    0.0000177  -0.00006238
  78    0.0002876  -0.00074789
  79    0.0003030  -0.00076183
  80    0.0001661  -0.00040167
  81    0.0002213  -0.00056379
  82    0.0000008  -0.00002169
  83    0.0000009  -0.00002155
  84    0.0000010  -0.00002044
  85    0.0000015  -0.00001038
  86    0.0001412  -0.00036521
  87    0.0001231  -0.00034907
  88    0.0000086  -0.00003973
  89    0.0000091  -0.00003978
  90    0.0002865  -0.00064473
  91    0.0002494  -0.00060446
  92    0.0001006  -0.00030747
  93    0.0000902  -0.00028623
  94    0.0000007  -0.00001962
  95    0.0000008  -0.00001903
  96    0.0000008  -0.00001869
  97    0.0000014  -0.00000995
  98    0.0001169  -0.00037754
  99    0.0001152  -0.00037324
 100    0.0000062  -0.00003364
 101    0.0000075  -0.00003433
 102    0.0001028  -0.00032333
 103    0.0001001  -0.00032597
 104    0.0000543  -0.00024476
 105    0.0000729  -0.00023148
 106    0.0000006  -0.00001571
 107    0.0000006  -0.00001635
 108    0.0000008  -0.00001757
 109    0.0000012  -0.00000913
 110    0.0000678  -0.00020918
 111    0.0000826  -0.00022594
 112    0.0000055  -0.00002916
 113    0.0000059  -0.00003218
 114    0.0000879  -0.00027632
 115    0.0000901  -0.00026585
 116    0.0000307  -0.00015797
 117    0.0000587  -0.00019308
 118    0.0000005  -0.00001458
 119    0.0000006  -0.00001581
 120    0.0000007  -0.00001519
 121    0.0000010  -0.00000727
 122    0.0000421  -0.00017017
 123    0.0000621  -0.00021294
 124    0.0000051  -0.00002936
 125    0.0000049  -0.00002578
 126    0.0000621  -0.00020016
 127    0.0000530  -0.00018034
 128    0.0000158  -0.00007073
 129    0.0000296  -0.00011180
 130    0.0000003  -0.00001002
 131    0.0000004  -0.00001141
 132    0.0000007  -0.00001428
 133    0.0000009  -0.00000738
 134    0.0000153  -0.00007799
 135    0.0000367  -0.00013893
 136    0.0000041  -0.00002740
 137    0.0000043  -0.00002575
 138    0.0000201  -0.00009627
 139    0.0000204  -0.00010111
 140    0.0000120  -0.00005917
 141    0.0000229  -0.00008869
 142    0.0000003  -0.00000670
 143    0.0000003  -0.00000647
 144    0.0000006  -0.00000959
 145    0.0000008  -0.00000586
 146    0.0000142  -0.00006760
 147    0.0000236  -0.00009615
 148    0.0000036  -0.00002364
 149    0.0000037  -0.00002227
 150    0.0000163  -0.00008480
 151    0.0000166  -0.00008322
 152    0.0000104  -0.00004925
 153    0.0000189  -0.00007493
 154    0.0000002  -0.00000282
 155    0.0000003  -0.00000339
 156    0.0000005  -0.00000799
 157    0.0000007  -0.00000324
 158    0.0000140  -0.00006462
 159    0.0000135  -0.00006523
 160    0.0000033  -0.00002109
 161    0.0000035  -0.00002163
 162    0.0000148  -0.00007280
 163    0.0000147  -0.00007688
 164    0.0000093  -0.00004742
 165    0.0000156  -0.00006757
 166    0.0000002  -0.00001678
 167    0.0000002  -0.00001856
 168    0.0000002  -0.00001809
 
----------------
 Final Energies 
----------------
       HF Total Energy =    -223.2431501
Final NOF Total Energy =    -224.8071404
    Correlation Energy =      -1.5639903
 
Total Orbital Internal Iterations = 1786
Total Occupation Internal Iterations = 558
 
Elapsed time: 7049.92 Seconds

---------------------------------
   Lowdin Population Analysis    
---------------------------------
 Idx  Atom   Population   Charge 
---------------------------------
  1     O     8.074      -0.074
  2     O     7.963       0.037
  3     O     7.963       0.037

---------------------------------
   M Diagnostic: 0.63
---------------------------------

