MeI_pyr_C.jld2 not found
MeI_pyr_n.jld2 not found
Computing Integrals
NVIDIA GeForce RTX 3090
Elapsed time:   37.40 Seconds

Number of basis functions                   (NBF)    = 721
Number of auxiliary basis functions         (NBFAUX) = 889
Inactive Doubly occupied orbitals up to     (NO1)    = 0
No. considered Strongly Doubly occupied MOs (NDOC)   = 52
No. considered Strongly Singly occupied MOs (NSOC)   = 0
NO. of Weakly occ. per St. Doubly occ.  MOs (NCWO)   = 12
Dimension of the Nat. Orb. subspace         (NBF5)   = 676
No. of electrons                                     = 104
    No. of alpha electrons                           = 52
    No. of beta electrons                            = 52
Multiplicity                                         = 1

Geometry
========
 C      -0.0003500      -3.7638900       0.0000000
 I       0.0001900      -1.6309500       0.0000000
 H       1.0277700      -4.1092300       0.0000000
 H      -0.5138200      -4.1095800       0.8905100
 H      -0.5138200      -4.1095800      -0.8905100
 C      -1.1917600       3.5565300       0.0000000
 C      -1.1383200       2.1715200       0.0000000
 N       0.0000000       1.4851600       0.0000000
 H       2.0497500       1.5833400       0.0000000
 H       2.1461000       4.0647000       0.0000000
 H      -0.0005300       5.3452700       0.0000000
 H      -2.1468000       4.0641200       0.0000000
 H      -2.0497700       1.5827600       0.0000000
 C       1.1381300       2.1718400       0.0000000
 C      -0.0003800       4.2625300       0.0000000
 C       1.1912000       3.5568600       0.0000000

No violations of the orthonormality
No violations of the orthonormality
 
PNOF7/ADABelief Calculation
==================
 
  Nitext  Nit_orb  Time   Nit_occ  Time         Eelec          Etot           Ediff      maxdiff    MaxGrad_orb  Grad_occ
     1      10    4.5e+01   24    5.1e+01 -3243.81534894 -2619.31286185 -13242.81534894   4.032320   1.6e+01   2.0e-04 0.00
     2      10    2.7e+00   37    2.8e+01 -3305.19171128 -2680.68922419   -61.37636234   2.497354   1.0e+01   2.6e-04 0.00
     3      10    2.7e+00    0    8.9e-01 -3305.21772930 -2680.71524221    -0.02601802   2.497354   1.0e+01   2.6e-04 0.00
     4      30    7.7e+00   32    2.2e+01 -3341.65120767 -2717.14872059   -36.43347838   0.518981   2.1e+00   3.1e-04 0.02
     5      30    7.7e+00   37    2.6e+01 -3349.39914592 -2724.89665883    -7.74793824   0.504204   2.0e+00   2.6e-04 0.03
     6      30    7.7e+00   40    2.7e+01 -3350.69324604 -2726.19075895    -1.29410012   0.058554   2.3e-01   2.0e-04 0.04
     7      30    7.8e+00   35    2.4e+01 -3351.33438796 -2726.83190087    -0.64114192   0.074116   3.0e-01   2.4e-04 0.05
     8      30    7.7e+00   33    2.2e+01 -3351.52102656 -2727.01853947    -0.18663860   0.035652   1.4e-01   2.6e-04 0.08
     9      30    7.8e+00   37    2.5e+01 -3351.59867228 -2727.09618519    -0.07764572   0.015294   6.1e-02   2.9e-04 0.13
    10      30    7.8e+00   54    3.6e+01 -3351.65166434 -2727.14917725    -0.05299205   0.020764   8.3e-02   2.0e-04 0.19
    11      30    7.8e+00   36    2.4e+01 -3351.68321949 -2727.18073240    -0.03155515   0.018527   7.4e-02   2.4e-04 0.23
    12      30    7.7e+00   31    2.1e+01 -3351.69863372 -2727.19614663    -0.01541423   0.016048   6.4e-02   2.3e-04 0.26
    13      30    7.8e+00   27    1.8e+01 -3351.70955436 -2727.20706727    -0.01092064   0.015280   6.1e-02   2.6e-04 0.27
    14      30    7.7e+00   26    1.8e+01 -3351.71874632 -2727.21625923    -0.00919197   0.012133   4.9e-02   3.1e-04 0.31
    15      30    7.8e+00   15    1.1e+01 -3351.74293184 -2727.24044475    -0.02418552   0.020009   8.0e-02   2.9e-04 0.62
    16      30    7.8e+00   21    1.4e+01 -3351.77354962 -2727.27106253    -0.03061778   0.015026   6.0e-02   2.2e-04 0.84
    17      30    7.8e+00   21    1.4e+01 -3351.78444306 -2727.28195597    -0.01089345   0.034895   1.4e-01   2.1e-04 0.93
    18      30    7.8e+00   25    1.7e+01 -3351.78921526 -2727.28672817    -0.00477219   0.020611   8.2e-02   1.8e-04 0.95
    19      30    7.8e+00   16    1.1e+01 -3351.79066085 -2727.28817376    -0.00144559   0.012285   4.9e-02   2.2e-04 0.97
    20      30    7.8e+00   15    1.0e+01 -3351.79163888 -2727.28915180    -0.00097803   0.014109   5.6e-02   2.2e-04 0.98
    21      30    7.8e+00   15    1.0e+01 -3351.79337702 -2727.29088993    -0.00173814   0.014574   5.8e-02   2.4e-04 0.99
    22      30    7.8e+00    0    7.3e-01 -3351.79392872 -2727.29144163    -0.00055170   0.014574   5.8e-02   2.4e-04 0.99
    23      50    1.3e+01    5    4.0e+00 -3351.80146551 -2727.29897842    -0.00753679   0.029248   1.2e-01   2.7e-04 0.99
    24      50    1.3e+01    0    7.3e-01 -3351.80127572 -2727.29878863     0.00018979   0.029248   1.2e-01   2.7e-04 0.99
    25      70    1.8e+01    5    4.0e+00 -3351.80143435 -2727.29894726    -0.00015863   0.000868   3.5e-03   3.3e-04 1.00
 
RESULTS OF THE OCCUPATION OPTIMIZATION
========================================
   1    2.0000000  -98.30181885
   2    1.9999998  -62.44256210
   3    1.9999999  -54.04999161
   4    1.9999999  -53.29103851
   5    1.9999999  -51.96802139
   6    1.9999994  -26.09503174
   7    1.9999992  -22.00016975
   8    1.9999996  -21.19065094
   9    1.9995342  -15.55129623
  10    1.9999992  -14.33841801
  11    1.9999984  -13.84264946
  12    1.9999977  -12.08902073
  13    1.9999978  -11.80219078
  14    1.9999961  -11.34991932
  15    1.9992842  -11.25433254
  16    1.9992710  -11.24758434
  17    1.9992744  -11.23198032
  18    1.9992692  -11.22484398
  19    1.9992739  -11.22453594
  20    1.9992618  -11.21383476
  21    1.9999552  -5.46145439
  22    1.9998939  -4.37361813
  23    1.9998963  -4.36621141
  24    1.9998962  -4.34659243
  25    1.9998894  -4.34168291
  26    1.9998961  -4.24421835
  27    1.9999027  -4.12892771
  28    1.9999017  -4.06435871
  29    1.9733326  -0.95255238
  30    1.9718232  -0.94562894
  31    1.9015825  -0.87438989
  32    1.9010947  -0.86751968
  33    1.9658835  -0.85805333
  34    1.9720870  -0.85343856
  35    1.9716061  -0.85130078
  36    1.9711087  -0.84639949
  37    1.9718733  -0.84430355
  38    1.9602060  -0.78746718
  39    1.9655909  -0.71848851
  40    1.9645733  -0.71796244
  41    1.9657475  -0.71670389
  42    1.9659334  -0.71630561
  43    1.9642582  -0.71291739
  44    1.9643228  -0.70229864
  45    1.9639371  -0.69984484
  46    1.9638575  -0.69650018
  47    1.9758534  -0.62937605
  48    1.8706053  -0.51387346
  49    1.8207747  -0.43780279
  50    1.7729944  -0.38017824
  51    1.6891413  -0.36317253
  52    1.0022354  -0.16562244
  53    0.9928826  -0.16818312
  54    0.3096304  -0.07970899
  55    0.2248239  -0.06416657
  56    0.1771364  -0.05485595
  57    0.1249582  -0.04717214
  58    0.0162955  -0.01199770
  59    0.0243900  -0.01727479
  60    0.0240794  -0.01714217
  61    0.0239895  -0.01706923
  62    0.0245098  -0.01771444
  63    0.0232831  -0.01715249
  64    0.0232967  -0.01699892
  65    0.0241299  -0.01741600
  66    0.0234752  -0.01716017
  67    0.0142089  -0.00789249
  68    0.0187129  -0.01602592
  69    0.0190387  -0.01628599
  70    0.0187003  -0.01610731
  71    0.0185177  -0.01601178
  72    0.0134695  -0.00746089
  73    0.0943824  -0.05054591
  74    0.0924581  -0.04987482
  75    0.0215786  -0.02024540
  76    0.0214842  -0.02010975
  77    0.0000868  -0.00055522
  78    0.0000835  -0.00053996
  79    0.0000904  -0.00058867
  80    0.0000930  -0.00061110
  81    0.0000935  -0.00061282
  82    0.0000916  -0.00060603
  83    0.0000912  -0.00060288
  84    0.0000052  -0.00004554
  85    0.0004688  -0.00847361
  86    0.0004386  -0.00811873
  87    0.0004402  -0.00813373
  88    0.0004390  -0.00811399
  89    0.0004380  -0.00814180
  90    0.0004369  -0.00812238
  91    0.0000004  -0.00000418
  92    0.0000002  -0.00000256
  93    0.0000002  -0.00000271
  94    0.0000002  -0.00000222
  95    0.0000001  -0.00000112
  96    0.0003062  -0.00783485
  97    0.0000000  -0.00000062
  98    0.0000001  -0.00000125
  99    0.0000001  -0.00000094
 100    0.0000000  -0.00000019
 101    0.0000000  -0.00000020
 102    0.0000000  -0.00000024
 103    0.0000000  -0.00000035
 104    0.0000000  -0.00000012
 105    0.0042780  -0.00239735
 106    0.0007874  -0.00049445
 107    0.0007539  -0.00059841
 108    0.0014758  -0.00100853
 109    0.0038887  -0.00249673
 110    0.0026901  -0.00302787
 111    0.0056398  -0.00535115
 112    0.0058454  -0.00549861
 113    0.0056308  -0.00533768
 114    0.0047590  -0.00484655
 115    0.0044763  -0.00465212
 116    0.0049064  -0.00494562
 117    0.0051067  -0.00508976
 118    0.0048708  -0.00492202
 119    0.0069490  -0.00540378
 120    0.0043142  -0.00491678
 121    0.0042939  -0.00489392
 122    0.0042222  -0.00484139
 123    0.0041870  -0.00480959
 124    0.0063831  -0.00489445
 125    0.0027719  -0.00269728
 126    0.0026886  -0.00267567
 127    0.0030450  -0.00422251
 128    0.0029740  -0.00414345
 129    0.0000020  -0.00001303
 130    0.0000021  -0.00001395
 131    0.0000018  -0.00001220
 132    0.0000022  -0.00001430
 133    0.0000014  -0.00001010
 134    0.0000019  -0.00001247
 135    0.0000021  -0.00001299
 136    0.0000048  -0.00002191
 137    0.0000879  -0.00118805
 138    0.0000989  -0.00136440
 139    0.0000996  -0.00137222
 140    0.0000993  -0.00136821
 141    0.0000975  -0.00134562
 142    0.0000958  -0.00132436
 143    0.0000004  -0.00000387
 144    0.0000002  -0.00000262
 145    0.0000002  -0.00000253
 146    0.0000001  -0.00000187
 147    0.0000001  -0.00000099
 148    0.0000587  -0.00108449
 149    0.0000000  -0.00000062
 150    0.0000001  -0.00000112
 151    0.0000001  -0.00000094
 152    0.0000000  -0.00000019
 153    0.0000000  -0.00000021
 154    0.0000000  -0.00000024
 155    0.0000000  -0.00000035
 156    0.0000000  -0.00000013
 157    0.0003570  -0.00026697
 158    0.0002683  -0.00018233
 159    0.0006359  -0.00062896
 160    0.0002725  -0.00020760
 161    0.0002701  -0.00022845
 162    0.0025947  -0.00290776
 163    0.0030088  -0.00320682
 164    0.0030586  -0.00323489
 165    0.0029094  -0.00313256
 166    0.0033542  -0.00363516
 167    0.0033067  -0.00357367
 168    0.0031239  -0.00341579
 169    0.0032272  -0.00351055
 170    0.0031678  -0.00344843
 171    0.0067858  -0.00522487
 172    0.0031197  -0.00371662
 173    0.0033686  -0.00389737
 174    0.0032034  -0.00379810
 175    0.0030332  -0.00370837
 176    0.0059708  -0.00464667
 177    0.0005050  -0.00071035
 178    0.0022023  -0.00225192
 179    0.0022157  -0.00319128
 180    0.0008848  -0.00160559
 181    0.0000015  -0.00001077
 182    0.0000020  -0.00001279
 183    0.0000014  -0.00000983
 184    0.0000020  -0.00001276
 185    0.0000011  -0.00000786
 186    0.0000016  -0.00001089
 187    0.0000015  -0.00001052
 188    0.0000043  -0.00001890
 189    0.0000876  -0.00118399
 190    0.0000890  -0.00123866
 191    0.0000897  -0.00124537
 192    0.0000891  -0.00123868
 193    0.0000915  -0.00127744
 194    0.0000905  -0.00126460
 195    0.0000003  -0.00000367
 196    0.0000002  -0.00000235
 197    0.0000002  -0.00000243
 198    0.0000001  -0.00000180
 199    0.0000001  -0.00000101
 200    0.0000496  -0.00087909
 201    0.0000000  -0.00000060
 202    0.0000001  -0.00000113
 203    0.0000001  -0.00000093
 204    0.0000000  -0.00000019
 205    0.0000000  -0.00000021
 206    0.0000000  -0.00000024
 207    0.0000000  -0.00000035
 208    0.0000000  -0.00000012
 209    0.0001113  -0.00008019
 210    0.0000589  -0.00005469
 211    0.0005556  -0.00053233
 212    0.0001542  -0.00013729
 213    0.0001256  -0.00013042
 214    0.0009885  -0.00136082
 215    0.0020787  -0.00235146
 216    0.0020232  -0.00230252
 217    0.0020807  -0.00235270
 218    0.0019994  -0.00237273
 219    0.0019808  -0.00237359
 220    0.0019190  -0.00226378
 221    0.0019064  -0.00225787
 222    0.0018725  -0.00223193
 223    0.0054953  -0.00423355
 224    0.0010149  -0.00162626
 225    0.0010268  -0.00163817
 226    0.0010471  -0.00168668
 227    0.0010618  -0.00169036
 228    0.0053825  -0.00429726
 229    0.0003694  -0.00054371
 230    0.0003936  -0.00057048
 231    0.0007510  -0.00139518
 232    0.0007543  -0.00140724
 233    0.0000010  -0.00000713
 234    0.0000014  -0.00001011
 235    0.0000013  -0.00000939
 236    0.0000017  -0.00001232
 237    0.0000010  -0.00000729
 238    0.0000012  -0.00000862
 239    0.0000014  -0.00001022
 240    0.0000041  -0.00001773
 241    0.0000765  -0.00101152
 242    0.0000837  -0.00107896
 243    0.0000855  -0.00110046
 244    0.0000822  -0.00106203
 245    0.0000860  -0.00111327
 246    0.0000769  -0.00099687
 247    0.0000003  -0.00000355
 248    0.0000002  -0.00000249
 249    0.0000002  -0.00000249
 250    0.0000001  -0.00000181
 251    0.0000001  -0.00000101
 252    0.0000407  -0.00074913
 253    0.0000000  -0.00000058
 254    0.0000001  -0.00000110
 255    0.0000001  -0.00000086
 256    0.0000000  -0.00000019
 257    0.0000000  -0.00000021
 258    0.0000000  -0.00000023
 259    0.0000000  -0.00000034
 260    0.0000000  -0.00000013
 261    0.0000567  -0.00005081
 262    0.0000408  -0.00003779
 263    0.0000745  -0.00012616
 264    0.0000533  -0.00008040
 265    0.0000503  -0.00007305
 266    0.0006518  -0.00096364
 267    0.0002608  -0.00041853
 268    0.0002673  -0.00043697
 269    0.0002655  -0.00043309
 270    0.0003222  -0.00051895
 271    0.0002845  -0.00046618
 272    0.0002928  -0.00047329
 273    0.0003155  -0.00050851
 274    0.0002926  -0.00047250
 275    0.0050151  -0.00393759
 276    0.0003232  -0.00056624
 277    0.0004782  -0.00075695
 278    0.0004884  -0.00076891
 279    0.0004350  -0.00071016
 280    0.0009334  -0.00100153
 281    0.0003518  -0.00054350
 282    0.0003055  -0.00044249
 283    0.0001551  -0.00035869
 284    0.0001513  -0.00035138
 285    0.0000010  -0.00000717
 286    0.0000012  -0.00000923
 287    0.0000013  -0.00000933
 288    0.0000016  -0.00001136
 289    0.0000010  -0.00000709
 290    0.0000011  -0.00000780
 291    0.0000014  -0.00000953
 292    0.0000036  -0.00001694
 293    0.0000110  -0.00039516
 294    0.0000096  -0.00036499
 295    0.0000096  -0.00036594
 296    0.0000096  -0.00036476
 297    0.0000095  -0.00036585
 298    0.0000093  -0.00036140
 299    0.0000003  -0.00000358
 300    0.0000002  -0.00000246
 301    0.0000002  -0.00000240
 302    0.0000001  -0.00000188
 303    0.0000001  -0.00000102
 304    0.0000064  -0.00031451
 305    0.0000000  -0.00000059
 306    0.0000001  -0.00000111
 307    0.0000001  -0.00000087
 308    0.0000000  -0.00000019
 309    0.0000000  -0.00000021
 310    0.0000000  -0.00000023
 311    0.0000000  -0.00000034
 312    0.0000000  -0.00000013
 313    0.0000283  -0.00004930
 314    0.0000181  -0.00003474
 315    0.0000529  -0.00007289
 316    0.0000346  -0.00005388
 317    0.0000282  -0.00005031
 318    0.0004443  -0.00072007
 319    0.0002163  -0.00037109
 320    0.0002373  -0.00039261
 321    0.0002448  -0.00041215
 322    0.0002344  -0.00039127
 323    0.0002187  -0.00037470
 324    0.0001818  -0.00032267
 325    0.0001998  -0.00034970
 326    0.0002043  -0.00037031
 327    0.0006233  -0.00073660
 328    0.0002931  -0.00053320
 329    0.0003026  -0.00054741
 330    0.0003192  -0.00057591
 331    0.0002985  -0.00055160
 332    0.0006960  -0.00080865
 333    0.0002287  -0.00027697
 334    0.0001575  -0.00021913
 335    0.0001484  -0.00033027
 336    0.0001443  -0.00036148
 337    0.0000009  -0.00000657
 338    0.0000012  -0.00000860
 339    0.0000013  -0.00000894
 340    0.0000016  -0.00001125
 341    0.0000009  -0.00000665
 342    0.0000010  -0.00000723
 343    0.0000014  -0.00000960
 344    0.0000035  -0.00001677
 345    0.0000018  -0.00003211
 346    0.0000017  -0.00002358
 347    0.0000017  -0.00002397
 348    0.0000018  -0.00002380
 349    0.0000017  -0.00002371
 350    0.0000017  -0.00002439
 351    0.0000003  -0.00000341
 352    0.0000002  -0.00000231
 353    0.0000002  -0.00000238
 354    0.0000001  -0.00000180
 355    0.0000001  -0.00000100
 356    0.0000010  -0.00002096
 357    0.0000000  -0.00000058
 358    0.0000001  -0.00000107
 359    0.0000001  -0.00000085
 360    0.0000000  -0.00000019
 361    0.0000000  -0.00000021
 362    0.0000000  -0.00000023
 363    0.0000000  -0.00000035
 364    0.0000000  -0.00000012
 365    0.0000200  -0.00003699
 366    0.0000144  -0.00003008
 367    0.0000337  -0.00005772
 368    0.0000281  -0.00004320
 369    0.0000246  -0.00004790
 370    0.0001382  -0.00030040
 371    0.0001756  -0.00031954
 372    0.0001799  -0.00032502
 373    0.0001797  -0.00032189
 374    0.0001578  -0.00030351
 375    0.0001347  -0.00025747
 376    0.0001562  -0.00030243
 377    0.0001364  -0.00026573
 378    0.0001480  -0.00027848
 379    0.0003735  -0.00041686
 380    0.0000994  -0.00026088
 381    0.0001013  -0.00025426
 382    0.0001094  -0.00027241
 383    0.0001032  -0.00026023
 384    0.0006334  -0.00074463
 385    0.0001577  -0.00024178
 386    0.0000837  -0.00012409
 387    0.0000824  -0.00023530
 388    0.0000826  -0.00024355
 389    0.0000009  -0.00000694
 390    0.0000012  -0.00000824
 391    0.0000012  -0.00000850
 392    0.0000015  -0.00001061
 393    0.0000009  -0.00000633
 394    0.0000010  -0.00000697
 395    0.0000013  -0.00000965
 396    0.0000035  -0.00001534
 397    0.0000013  -0.00001968
 398    0.0000012  -0.00001720
 399    0.0000012  -0.00002199
 400    0.0000011  -0.00001750
 401    0.0000014  -0.00001897
 402    0.0000014  -0.00002010
 403    0.0000003  -0.00000356
 404    0.0000002  -0.00000219
 405    0.0000002  -0.00000235
 406    0.0000001  -0.00000186
 407    0.0000001  -0.00000092
 408    0.0000009  -0.00002005
 409    0.0000000  -0.00000059
 410    0.0000001  -0.00000110
 411    0.0000001  -0.00000080
 412    0.0000000  -0.00000020
 413    0.0000000  -0.00000021
 414    0.0000000  -0.00000023
 415    0.0000000  -0.00000034
 416    0.0000000  -0.00000012
 417    0.0000099  -0.00002907
 418    0.0000127  -0.00002976
 419    0.0000223  -0.00003635
 420    0.0000204  -0.00003715
 421    0.0000147  -0.00003679
 422    0.0001358  -0.00030305
 423    0.0001286  -0.00023552
 424    0.0001306  -0.00023780
 425    0.0001287  -0.00023600
 426    0.0001171  -0.00023808
 427    0.0001164  -0.00023845
 428    0.0001246  -0.00024972
 429    0.0001254  -0.00025001
 430    0.0001249  -0.00024979
 431    0.0001506  -0.00022226
 432    0.0000780  -0.00021568
 433    0.0000763  -0.00019060
 434    0.0000902  -0.00021761
 435    0.0000809  -0.00020278
 436    0.0004834  -0.00054867
 437    0.0000761  -0.00013753
 438    0.0000682  -0.00011203
 439    0.0000697  -0.00021623
 440    0.0000660  -0.00020975
 441    0.0000009  -0.00000595
 442    0.0000011  -0.00000779
 443    0.0000012  -0.00000818
 444    0.0000015  -0.00001019
 445    0.0000009  -0.00000619
 446    0.0000009  -0.00000669
 447    0.0000013  -0.00000895
 448    0.0000034  -0.00001576
 449    0.0000012  -0.00001863
 450    0.0000010  -0.00001949
 451    0.0000009  -0.00001430
 452    0.0000010  -0.00001916
 453    0.0000010  -0.00001527
 454    0.0000009  -0.00001713
 455    0.0000003  -0.00000332
 456    0.0000002  -0.00000221
 457    0.0000002  -0.00000240
 458    0.0000001  -0.00000174
 459    0.0000001  -0.00000097
 460    0.0000008  -0.00001675
 461    0.0000000  -0.00000055
 462    0.0000001  -0.00000106
 463    0.0000001  -0.00000081
 464    0.0000000  -0.00000020
 465    0.0000000  -0.00000020
 466    0.0000000  -0.00000023
 467    0.0000000  -0.00000034
 468    0.0000000  -0.00000012
 469    0.0000065  -0.00002264
 470    0.0000090  -0.00002627
 471    0.0000172  -0.00003140
 472    0.0000151  -0.00003356
 473    0.0000115  -0.00003079
 474    0.0001194  -0.00029952
 475    0.0000978  -0.00020213
 476    0.0000953  -0.00019943
 477    0.0001016  -0.00020870
 478    0.0001029  -0.00022232
 479    0.0000978  -0.00021355
 480    0.0000980  -0.00020869
 481    0.0000994  -0.00020988
 482    0.0000974  -0.00020811
 483    0.0000837  -0.00012046
 484    0.0000645  -0.00018580
 485    0.0000750  -0.00019919
 486    0.0000767  -0.00021338
 487    0.0000732  -0.00020903
 488    0.0000890  -0.00015634
 489    0.0000380  -0.00006809
 490    0.0000276  -0.00004575
 491    0.0000549  -0.00016930
 492    0.0000536  -0.00016946
 493    0.0000008  -0.00000613
 494    0.0000010  -0.00000717
 495    0.0000011  -0.00000777
 496    0.0000014  -0.00001003
 497    0.0000008  -0.00000588
 498    0.0000009  -0.00000633
 499    0.0000012  -0.00000881
 500    0.0000033  -0.00001528
 501    0.0000007  -0.00001112
 502    0.0000009  -0.00001473
 503    0.0000008  -0.00001311
 504    0.0000008  -0.00001428
 505    0.0000009  -0.00001582
 506    0.0000008  -0.00001317
 507    0.0000003  -0.00000333
 508    0.0000002  -0.00000213
 509    0.0000002  -0.00000230
 510    0.0000001  -0.00000173
 511    0.0000001  -0.00000087
 512    0.0000006  -0.00001522
 513    0.0000000  -0.00000056
 514    0.0000001  -0.00000107
 515    0.0000001  -0.00000081
 516    0.0000000  -0.00000020
 517    0.0000000  -0.00000020
 518    0.0000000  -0.00000023
 519    0.0000000  -0.00000033
 520    0.0000000  -0.00000012
 521    0.0000058  -0.00002160
 522    0.0000070  -0.00002241
 523    0.0000145  -0.00002934
 524    0.0000132  -0.00003057
 525    0.0000100  -0.00003153
 526    0.0000366  -0.00012101
 527    0.0000634  -0.00016246
 528    0.0000634  -0.00016461
 529    0.0000636  -0.00016183
 530    0.0000705  -0.00016329
 531    0.0000642  -0.00015904
 532    0.0000629  -0.00016222
 533    0.0000694  -0.00016686
 534    0.0000647  -0.00016502
 535    0.0000429  -0.00006477
 536    0.0000555  -0.00014542
 537    0.0000595  -0.00017367
 538    0.0000615  -0.00017093
 539    0.0000637  -0.00017365
 540    0.0000299  -0.00005478
 541    0.0000102  -0.00002989
 542    0.0000142  -0.00003190
 543    0.0000340  -0.00012016
 544    0.0000328  -0.00011977
 545    0.0000008  -0.00000559
 546    0.0000009  -0.00000664
 547    0.0000011  -0.00000750
 548    0.0000014  -0.00000946
 549    0.0000008  -0.00000543
 550    0.0000009  -0.00000643
 551    0.0000012  -0.00000838
 552    0.0000031  -0.00001498
 553    0.0000007  -0.00003620
 554    0.0000007  -0.00002127
 555    0.0000006  -0.00002613
 556    0.0000007  -0.00001238
 557    0.0000007  -0.00003600
 558    0.0000007  -0.00002826
 559    0.0000003  -0.00000331
 560    0.0000002  -0.00000205
 561    0.0000002  -0.00000221
 562    0.0000001  -0.00000170
 563    0.0000001  -0.00000089
 564    0.0000004  -0.00001130
 565    0.0000000  -0.00000058
 566    0.0000001  -0.00000104
 567    0.0000000  -0.00000080
 568    0.0000000  -0.00000020
 569    0.0000000  -0.00000020
 570    0.0000000  -0.00000023
 571    0.0000000  -0.00000034
 572    0.0000000  -0.00000013
 573    0.0000046  -0.00001961
 574    0.0000067  -0.00002087
 575    0.0000119  -0.00002787
 576    0.0000130  -0.00003089
 577    0.0000072  -0.00002447
 578    0.0000267  -0.00008720
 579    0.0000493  -0.00012033
 580    0.0000495  -0.00012111
 581    0.0000490  -0.00012045
 582    0.0000609  -0.00014598
 583    0.0000561  -0.00013618
 584    0.0000569  -0.00013572
 585    0.0000607  -0.00014660
 586    0.0000560  -0.00013577
 587    0.0000424  -0.00006154
 588    0.0000296  -0.00008313
 589    0.0000489  -0.00014686
 590    0.0000475  -0.00013564
 591    0.0000323  -0.00009874
 592    0.0000267  -0.00005127
 593    0.0000084  -0.00002618
 594    0.0000095  -0.00002521
 595    0.0000234  -0.00007409
 596    0.0000214  -0.00006463
 597    0.0000008  -0.00000542
 598    0.0000008  -0.00000595
 599    0.0000009  -0.00000658
 600    0.0000014  -0.00000961
 601    0.0000008  -0.00000560
 602    0.0000008  -0.00000577
 603    0.0000011  -0.00000778
 604    0.0000030  -0.00001465
 605    0.0000004  -0.00000869
 606    0.0000006  -0.00002422
 607    0.0000006  -0.00001911
 608    0.0000006  -0.00003178
 609    0.0000005  -0.00000802
 610    0.0000006  -0.00001590
 611    0.0000003  -0.00000337
 612    0.0000002  -0.00000189
 613    0.0000002  -0.00000205
 614    0.0000001  -0.00000171
 615    0.0000001  -0.00000092
 616    0.0000002  -0.00002405
 617    0.0000000  -0.00000053
 618    0.0000001  -0.00000101
 619    0.0000000  -0.00000081
 620    0.0000000  -0.00000020
 621    0.0000000  -0.00000020
 622    0.0000000  -0.00000023
 623    0.0000000  -0.00000034
 624    0.0000000  -0.00000012
 625    0.0000039  -0.00001873
 626    0.0000049  -0.00001845
 627    0.0000093  -0.00002196
 628    0.0000089  -0.00002355
 629    0.0000056  -0.00002035
 630    0.0000250  -0.00007684
 631    0.0000333  -0.00008849
 632    0.0000330  -0.00008717
 633    0.0000340  -0.00008849
 634    0.0000536  -0.00013422
 635    0.0000474  -0.00012362
 636    0.0000332  -0.00009665
 637    0.0000499  -0.00012762
 638    0.0000348  -0.00010084
 639    0.0000235  -0.00004309
 640    0.0000217  -0.00005847
 641    0.0000215  -0.00006113
 642    0.0000279  -0.00008506
 643    0.0000264  -0.00007025
 644    0.0000188  -0.00003515
 645    0.0000059  -0.00002204
 646    0.0000087  -0.00002553
 647    0.0000186  -0.00005948
 648    0.0000182  -0.00006213
 649    0.0000008  -0.00000538
 650    0.0000008  -0.00000584
 651    0.0000009  -0.00000629
 652    0.0000013  -0.00000967
 653    0.0000008  -0.00000541
 654    0.0000008  -0.00000539
 655    0.0000011  -0.00000736
 656    0.0000030  -0.00001467
 657    0.0000003  -0.00000509
 658    0.0000003  -0.00000567
 659    0.0000003  -0.00000670
 660    0.0000003  -0.00000698
 661    0.0000003  -0.00000685
 662    0.0000003  -0.00000602
 663    0.0000003  -0.00000313
 664    0.0000002  -0.00000187
 665    0.0000002  -0.00000197
 666    0.0000001  -0.00000153
 667    0.0000001  -0.00000087
 668    0.0000002  -0.00000261
 669    0.0000000  -0.00000054
 670    0.0000001  -0.00000099
 671    0.0000000  -0.00000077
 672    0.0000000  -0.00000019
 673    0.0000000  -0.00000020
 674    0.0000000  -0.00000023
 675    0.0000000  -0.00000034
 676    0.0000000  -0.00000012
 
----------------
 Final Energies 
----------------
Final NOF Total Energy =   -2727.2989473
 
Total Orbital Internal Iterations = 770
Total Occupation Internal Iterations = 587
 
Elapsed time:  752.07 Seconds

---------------------------------
   Lowdin Population Analysis    
---------------------------------
 Idx  Atom   Population   Charge 
---------------------------------
  1     C     6.041      -0.041
  2     I    52.626       0.374
  3     H     1.113      -0.113
  4     H     1.111      -0.111
  5     H     1.113      -0.113
  6     C     5.928       0.072
  7     C     6.075      -0.075
  8     N     6.700       0.300
  9     H     1.078      -0.078
 10     H     1.069      -0.069
 11     H     1.066      -0.066
 12     H     1.072      -0.072
 13     H     1.073      -0.073
 14     C     6.075      -0.075
 15     C     5.925       0.075
 16     C     5.935       0.065

---------------------------------
   M Diagnostic: 1.00
---------------------------------

