Computing Integrals
Elapsed time:   11.68 Seconds

Number of basis functions                   (NBF)    = 567
Number of auxiliary basis functions         (NBFAUX) = 806
Inactive Doubly occupied orbitals up to     (NO1)    = 0
No. considered Strongly Doubly occupied MOs (NDOC)   = 38
No. considered Strongly Singly occupied MOs (NSOC)   = 0
NO. of Weakly occ. per St. Doubly occ.  MOs (NCWO)   = 13
Dimension of the Nat. Orb. subspace         (NBF5)   = 532
No. of electrons                                     = 76
    No. of alpha electrons                           = 38
    No. of beta electrons                            = 38
Multiplicity                                         = 1

Geometry
========
Br       0.0000000       0.0000000       1.7941500
 C       0.0000000       0.0000000      -0.0976500
 C       0.0000000       1.2071000      -0.7758000
 C       0.0000000       1.1996600      -2.1630200
 C       0.0000000       0.0000000      -2.8580200
 C       0.0000000      -1.1996600      -2.1630200
 C       0.0000000      -1.2071000      -0.7758000
 H       0.0000000       2.1390300      -0.2275700
 H       0.0000000       2.1395000      -2.6999800
 H       0.0000000       0.0000000      -3.9401600
 H       0.0000000      -2.1395000      -2.6999800
 H       0.0000000      -2.1390300      -0.2275700

No violations of the orthonormality
Hartree-Fock
============

  Nitext  Nitint    Eelec          Etot           Ediff          maxdiff
     1      1 -2294.95833794 -1861.80699929   343.82797423   181.91671752 
     2     10 -2868.00450638 -2434.85316772   -26.47964635    35.38823454 
     3     10 -3055.04135528 -2621.89001662   -19.49028671    22.49036184 
     4     10 -3143.94567500 -2710.79433634    -7.62586086    21.40234985 
     5     10 -3179.90214935 -2746.75081070    -3.74680215    18.53763219 
     6     10 -3198.75477380 -2765.60343515    -2.55402875    15.69881572 
     7     10 -3202.39494553 -2769.24360687     2.00810367    21.79580338 
     8     10 -3209.06958523 -2775.91824657     0.79343694    17.98917962 
     9     10 -3214.21852468 -2781.06718602    -0.46326017    13.15226662 
    10     10 -3218.51509754 -2785.36375889    -0.41205216    10.85781337 
    11     10 -3221.97892129 -2788.82758264    -0.72604537    13.63217137 
    12     10 -3226.78410899 -2793.63277033    -0.49788233    10.31313346 
    13     10 -3228.61393223 -2795.46259358    -0.19566132    10.65310098 
    14     10 -3229.01143879 -2795.86010013     0.56496188    17.05128006 
    15     10 -3229.64594894 -2796.49461028     0.63473273    12.32551460 
    16     10 -3230.46074310 -2797.30940444    -0.09168933     8.31462595 
    17     10 -3230.50678444 -2797.35544578    -0.45311300     9.28119962 
    18     10 -3230.22577154 -2797.07443288     0.09078969    14.64127662 
    19     10 -3230.80729539 -2797.65595674     0.13661495    14.77872087 
    20     10 -3231.69465135 -2798.54331270    -0.37292164    10.33664162 
    21     10 -3231.88774480 -2798.73640615     0.22282725    16.58702254 
    22     10 -3232.58701905 -2799.43568039    -0.38059467    12.29826934 
    23     10 -3232.45653408 -2799.30519542     0.08917905    15.26050827 
    24     10 -3233.53560236 -2800.38426370    -0.20047674     6.01276737 
    25     10 -3232.94481898 -2799.79348033     0.93482465    15.07466047 
    26     10 -3233.38070608 -2800.22936742     0.17694818    14.93106975 
    27     10 -3233.18156021 -2800.03022156    -0.04178639    14.76927799 
    28     10 -3233.09784045 -2799.94650180     0.65056845    13.58331068 
    29     10 -3233.73495613 -2800.58361748     0.29771249    14.11128867 
    30     10 -3233.89017980 -2800.73884114    -0.06000743    14.02314065 
No violations of the orthonormality
 
PNOF7/ADAM Calculation
==================
 
  Nitext  Nit_orb  Time   Nit_occ  Time         Eelec          Etot           Ediff      maxdiff    Grad_orb  Grad_occ
0.0009999624097535298
0.006287273904380479
     1      10    2.7e+02   11    5.3e+01 -3159.79221918 -2726.64088053 -13158.79221918  11.855139   5.0e+02   1.7e-04 0.00
0.0021405154401376025
0.004007360102110272
     2      30    7.3e+02   49    4.6e+01 -3233.95906570 -2800.80772705   -74.16684652   6.142960   4.5e+01   2.5e-04 0.00
0.004530217997227859
0.011281548179537089
     3      30    7.3e+02   40    3.9e+01 -3235.70859970 -2802.55726104    -1.74953399   0.205298   3.0e+00   2.8e-04 0.01
0.005032038345256784
0.015820557700979086
     4      30    7.2e+02   36    3.4e+01 -3236.05612505 -2802.90478640    -0.34752535   0.110013   2.2e+00   2.6e-04 0.02
0.0077069225726214
0.020407594062417562
     5      30    7.2e+02   25    2.6e+01 -3236.25093161 -2803.09959296    -0.19480656   0.061039   1.4e+00   3.0e-04 0.03
0.015249579811105307
0.02809251482873285
     6      30    7.3e+02   28    2.8e+01 -3236.36109692 -2803.20975826    -0.11016530   0.067855   1.1e+00   3.0e-04 0.05
0.024008377323840126
0.03928561807859908
     7      30    7.3e+02   37    3.6e+01 -3236.41499526 -2803.26365661    -0.05389834   0.042409   7.8e-01   2.4e-04 0.10
0.02647178601332069
0.045876744430341385
     8      30    7.3e+02   23    2.4e+01 -3236.45048393 -2803.29914528    -0.03548867   0.035940   7.1e-01   2.9e-04 0.15
0.019715327411974765
0.039475162258884616
     9      30    7.3e+02   22    2.3e+01 -3236.47325615 -2803.32191750    -0.02277222   0.074870   7.4e-01   2.9e-04 0.19
0.01613115682458334
0.0308877422232641
    10      30    7.3e+02   33    3.2e+01 -3236.48931702 -2803.33797837    -0.01606087   0.059953   8.8e-01   2.1e-04 0.22
0.012439531120113506
0.021781589390186894
    11      30    7.5e+02   19    2.1e+01 -3236.50247675 -2803.35113810    -0.01315973   0.058980   6.5e-01   2.2e-04 0.23
0.007218489930407676
0.013778412979342083
    12      30    7.8e+02   19    2.3e+01 -3236.51291966 -2803.36158101    -0.01044291   0.028967   4.2e-01   2.2e-04 0.24
0.005768836050033015
0.012018398358869302
    13      30    7.9e+02   19    2.5e+01 -3236.51814352 -2803.36680487    -0.00522386   0.017159   3.1e-01   2.4e-04 0.24
0.00603554246375879
0.01134743248850054
    14      30    7.9e+02   20    2.4e+01 -3236.52127080 -2803.36993214    -0.00312728   0.010593   2.6e-01   2.4e-04 0.25
0.005634987098446419
0.008861726786086212
    15      30    7.5e+02   20    2.2e+01 -3236.52346568 -2803.37212702    -0.00219488   0.010751   2.5e-01   2.4e-04 0.25
0.0040732548967667564
0.008962713505005491
    16      30    7.4e+02   15    1.8e+01 -3236.52615232 -2803.37481366    -0.00268664   0.031744   3.1e-01   2.1e-04 0.26
0.004581315994176535
0.009457809386114686
    17      30    7.3e+02   15    1.8e+01 -3236.52698041 -2803.37564176    -0.00082810   0.008639   2.5e-01   1.3e-04 0.27
0.00331667499762367
0.0068833848754671235
    18      30    7.3e+02    6    1.2e+01 -3236.52817036 -2803.37683171    -0.00118995   0.006565   2.2e-01   2.2e-04 0.27
0.0029469900106457864
0.005033309005275653
    19      30    7.3e+02   11    1.5e+01 -3236.52851736 -2803.37717870    -0.00034700   0.007544   2.3e-01   2.2e-04 0.28
0.0019039994307397112
0.0030049371728256384
    20      30    7.3e+02    5    1.2e+01 -3236.52923332 -2803.37789466    -0.00071596   0.006614   2.3e-01   2.1e-04 0.28
0.0019346634918027128
0.0031167664400857643
    21      30    7.3e+02    6    1.3e+01 -3236.52857151 -2803.37723286     0.00066180   0.008877   2.3e-01   3.1e-04 0.28
0.0023100886412661392
0.004388087832286324
    22      50    1.2e+03    3    1.1e+01 -3236.53189670 -2803.38055804    -0.00332518   0.000663   1.8e-02   2.8e-04 0.29
0.0029747926563985644
0.00577996264455745
    23      50    1.2e+03   10    1.5e+01 -3236.53205164 -2803.38071299    -0.00015494   0.001336   3.3e-02   2.4e-04 0.29
0.0042443121528311645
0.007364747074242527
    24      50    1.2e+03    3    9.2e+00 -3236.53236929 -2803.38103063    -0.00031764   0.001368   3.0e-02   2.8e-04 0.30
0.0038284102754748695
0.007546792595905582
    25      50    1.1e+03    6    1.1e+01 -3236.53273914 -2803.38140049    -0.00036986   0.009564   5.9e-02   2.5e-04 0.31
0.004009745142927845
0.007180693639968676
    26      50    1.2e+03    3    9.0e+00 -3236.53312377 -2803.38178512    -0.00038463   0.001186   3.3e-02   3.5e-04 0.32
0.004159467823360158
0.006640100657370938
    27      50    1.2e+03    6    1.1e+01 -3236.53345004 -2803.38211139    -0.00032627   0.001086   3.3e-02   2.3e-04 0.32
0.003867821368093438
0.005841670240409644
    28      50    1.1e+03   12    1.4e+01 -3236.53369720 -2803.38235854    -0.00024716   0.001053   3.3e-02   2.1e-04 0.32
0.0029309397783228025
0.004454009977653866
    29      50    1.2e+03    6    1.0e+01 -3236.53388936 -2803.38255070    -0.00019216   0.002307   3.5e-02   2.3e-04 0.32
0.0023960175271265927
0.0036089706501707557
    30      50    1.2e+03    6    1.1e+01 -3236.53398599 -2803.38264733    -0.00009663   0.026342   1.4e-01   1.9e-04 0.32
0.0021780754816074777
0.003225928098646808
    31      50    1.2e+03    8    1.1e+01 -3236.53407798 -2803.38273932    -0.00009199   0.001142   3.5e-02   2.2e-04 0.32
0.0014143063033347086
0.002331560898230238
    32      50    1.2e+03    7    1.4e+01 -3236.53416055 -2803.38282190    -0.00008258   0.000950   3.5e-02   2.0e-04 0.33
0.0013759694741038997
0.0021786823099185187
    33      50    1.3e+03    7    1.4e+01 -3236.53423421 -2803.38289555    -0.00007365   0.001108   3.5e-02   1.8e-04 0.33
0.0012108505332572017
0.0019208489742714335
    34      50    1.3e+03    7    1.4e+01 -3236.53430136 -2803.38296270    -0.00006715   0.001006   3.6e-02   1.7e-04 0.33
0.0010021514542327692
0.0016269548707640057
    35      50    1.2e+03    6    1.3e+01 -3236.53437726 -2803.38303860    -0.00007590   0.001031   3.5e-02   1.8e-04 0.33
0.0008579106459430941
0.0014567070460235374
    36      50    1.2e+03    7    1.4e+01 -3236.53443107 -2803.38309241    -0.00005381   0.001396   3.9e-02   1.8e-04 0.33
0.0010139844942874676
0.0015647686764338055
    37      50    1.3e+03    7    1.4e+01 -3236.53450780 -2803.38316914    -0.00007673   0.001251   3.4e-02   2.0e-04 0.33
0.0007944395532881732
0.0012603312295826152
    38      50    1.3e+03    1    9.8e+00 -3236.53455293 -2803.38321428    -0.00004514   0.001204   3.7e-02   2.1e-04 0.33
0.0007036799666516741
0.0011519217830802356
    39      50    1.3e+03    6    1.3e+01 -3236.53457778 -2803.38323912    -0.00002484   0.001322   3.4e-02   1.9e-04 0.33
0.0006654068181198847
0.0010506830738788045
    40      50    1.2e+03    1    8.5e+00 -3236.53460217 -2803.38326351    -0.00002439   0.001280   3.8e-02   1.8e-04 0.33
0.0006180694410180543
0.0009919680472202218
    41      50    1.2e+03    1    8.9e+00 -3236.53461486 -2803.38327620    -0.00001269   0.001053   3.5e-02   2.0e-04 0.33
0.000558619931859794
0.0009116635666688095
    42      50    1.2e+03    1    8.6e+00 -3236.53462852 -2803.38328987    -0.00001366   0.001242   3.7e-02   2.1e-04 0.33
0.0005134141745053444
0.0008477144857821597
    43      50    1.2e+03    1    8.7e+00 -3236.53463110 -2803.38329244    -0.00000258   0.001191   3.6e-02   2.1e-04 0.33
0.0004879817579552803
0.0008109711250224891
    44      50    1.2e+03    1    8.8e+00 -3236.53463337 -2803.38329472    -0.00000227   0.001251   3.8e-02   2.2e-04 0.33
0.00045242611916707087
0.0007883835514317238
    45      50    1.2e+03    1    8.8e+00 -3236.53463803 -2803.38329938    -0.00000466   0.001179   3.7e-02   2.2e-04 0.33
0.0003553896706593729
0.0005337395601863326
    46      50    1.2e+03    5    1.1e+01 -3236.53464079 -2803.38330214    -0.00000276   0.001307   3.8e-02   2.5e-04 0.33
0.0005399908901116968
0.0007918758974346767
    47      50    1.2e+03    1    8.7e+00 -3236.53466541 -2803.38332675    -0.00002462   0.001228   3.5e-02   1.7e-04 0.33
0.00040266563313751114
0.0006942009239955452
    48      50    1.2e+03    1    8.7e+00 -3236.53466828 -2803.38332963    -0.00000288   0.001183   3.6e-02   1.6e-04 0.33
0.00037293997019727243
0.0006298295202216167
    49      50    1.2e+03    1    8.8e+00 -3236.53466756 -2803.38332891     0.00000072   0.001254   3.7e-02   1.5e-04 0.33
0.00034230524582923305
0.0005802640243773567
    50      70    1.6e+03    1    8.6e+00 -3236.53473326 -2803.38339461    -0.00006570   0.000182   4.7e-03   1.4e-04 0.33
0.00036760851972217345
0.0006151718635378773
    51      70    1.7e+03    1    8.5e+00 -3236.53473471 -2803.38339605    -0.00000144   0.000246   5.9e-03   1.6e-04 0.33
0.00031751762516951665
0.0005416362346470817
    52      70    1.7e+03    1    8.6e+00 -3236.53473703 -2803.38339837    -0.00000232   0.000229   5.8e-03   1.5e-04 0.33
0.0003600409312557451
0.0006067636999071286
    53      70    1.7e+03    1    8.9e+00 -3236.53473737 -2803.38339871    -0.00000034   0.004326   2.8e-02   1.7e-04 0.33
0.0002733715444119822
0.00047358502195732555
    54      90    2.1e+03    1    8.7e+00 -3236.53474247 -2803.38340381    -0.00000510   0.002339   1.2e-02   1.4e-04 0.33
0.00031645866833074354
0.000538550465847321
    55      87    2.0e+03    1    8.8e+00 -3236.53474395 -2803.38340529    -0.00000148   0.000100   1.4e-03   1.6e-04 0.33
 
RESULTS OF THE OCCUPATION OPTIMIZATION
========================================
   1    1.9999893  -424.62126611
   2    1.9999999  -130.23571963
   3    1.9999998  -58.48431887
   4    1.9999998  -58.47864948
   5    1.9999998  -58.47703653
   6    1.9992699  -11.26466940
   7    1.9992838  -11.23177765
   8    1.9992842  -11.22938937
   9    1.9992804  -11.22892622
  10    1.9992822  -11.22625030
  11    1.9992763  -11.22357515
  12    1.9994588  -5.68384473
  13    1.9993732  -5.58760619
  14    1.9993971  -5.56487797
  15    1.9993621  -5.52419101
  16    1.9993380  -5.51900190
  17    1.9993225  -5.50653753
  18    1.9994133  -5.20630843
  19    1.9993388  -5.10015113
  20    1.9992061  -5.02920396
  21    1.9718449  -0.86892577
  22    1.9711084  -0.86645642
  23    1.9727850  -0.84551875
  24    1.9726502  -0.84425767
  25    1.9717423  -0.84299974
  26    1.9713878  -0.84118259
  27    1.9811442  -0.72991156
  28    1.9809166  -0.72529093
  29    1.9665796  -0.71801518
  30    1.9656499  -0.71694731
  31    1.9664403  -0.71389147
  32    1.9643319  -0.71254118
  33    1.9654373  -0.71250747
  34    1.9070732  -0.61210062
  35    1.9486050  -0.46828121
  36    1.8668517  -0.45943115
  37    1.8283076  -0.43661175
  38    1.6714929  -0.35434619
  39    0.3276279  -0.08311404
  40    0.1659215  -0.05188821
  41    0.1304925  -0.04234888
  42    0.0164035  -0.00798369
  43    0.0899666  -0.04277690
  44    0.0234709  -0.01705810
  45    0.0243435  -0.01749286
  46    0.0228192  -0.01672544
  47    0.0231635  -0.01695866
  48    0.0225394  -0.01663225
  49    0.0083045  -0.00593824
  50    0.0080799  -0.00583470
  51    0.0192421  -0.01634485
  52    0.0188162  -0.01609814
  53    0.0181878  -0.01566449
  54    0.0194689  -0.01643778
  55    0.0198457  -0.01689080
  56    0.0194744  -0.01665950
  57    0.0007711  -0.00525828
  58    0.0006469  -0.00456012
  59    0.0005803  -0.00423488
  60    0.0006652  -0.00494829
  61    0.0006500  -0.00486075
  62    0.0006246  -0.00473330
  63    0.0005955  -0.00458451
  64    0.0006111  -0.00469628
  65    0.0005352  -0.00426722
  66    0.0004396  -0.00812739
  67    0.0004377  -0.00810920
  68    0.0004355  -0.00809270
  69    0.0004393  -0.00813302
  70    0.0004370  -0.00811448
  71    0.0004527  -0.00828031
  72    0.0000000  -0.00000054
  73    0.0000001  -0.00000113
  74    0.0000001  -0.00000120
  75    0.0000001  -0.00001656
  76    0.0000103  -0.00782201
  77    0.0006031  -0.00041506
  78    0.0046102  -0.00254005
  79    0.0017433  -0.00126814
  80    0.0151167  -0.00745433
  81    0.0014024  -0.00151495
  82    0.0048825  -0.00490716
  83    0.0050909  -0.00505321
  84    0.0047641  -0.00483619
  85    0.0049104  -0.00495720
  86    0.0047791  -0.00487387
  87    0.0069401  -0.00465029
  88    0.0066551  -0.00448994
  89    0.0043790  -0.00492731
  90    0.0041806  -0.00478482
  91    0.0041255  -0.00475663
  92    0.0045709  -0.00505383
  93    0.0040192  -0.00468191
  94    0.0038993  -0.00459672
  95    0.0000073  -0.00008162
  96    0.0000060  -0.00004637
  97    0.0000042  -0.00002806
  98    0.0000082  -0.00008282
  99    0.0000074  -0.00007695
 100    0.0000079  -0.00006955
 101    0.0000048  -0.00004963
 102    0.0000089  -0.00008249
 103    0.0000034  -0.00003534
 104    0.0001000  -0.00137352
 105    0.0000983  -0.00135348
 106    0.0000964  -0.00133308
 107    0.0000978  -0.00134853
 108    0.0000959  -0.00132971
 109    0.0000929  -0.00127367
 110    0.0000000  -0.00000053
 111    0.0000000  -0.00000056
 112    0.0000000  -0.00000075
 113    0.0000000  -0.00000025
 114    0.0000003  -0.00035310
 115    0.0000950  -0.00006291
 116    0.0009263  -0.00070752
 117    0.0004149  -0.00024842
 118    0.0129474  -0.00605508
 119    0.0010885  -0.00120670
 120    0.0033429  -0.00355459
 121    0.0032916  -0.00353121
 122    0.0030861  -0.00336003
 123    0.0033685  -0.00358937
 124    0.0031665  -0.00342498
 125    0.0017149  -0.00170521
 126    0.0016424  -0.00165938
 127    0.0028283  -0.00353803
 128    0.0030875  -0.00366957
 129    0.0030482  -0.00360542
 130    0.0010587  -0.00169116
 131    0.0026242  -0.00343842
 132    0.0023969  -0.00316410
 133    0.0000017  -0.00001241
 134    0.0000013  -0.00001068
 135    0.0000006  -0.00000633
 136    0.0000015  -0.00001159
 137    0.0000011  -0.00000925
 138    0.0000008  -0.00000747
 139    0.0000010  -0.00000841
 140    0.0000010  -0.00000915
 141    0.0000004  -0.00000441
 142    0.0000909  -0.00125937
 143    0.0000901  -0.00125328
 144    0.0000890  -0.00124168
 145    0.0000906  -0.00126002
 146    0.0000893  -0.00124724
 147    0.0000923  -0.00124835
 148    0.0000000  -0.00000050
 149    0.0000000  -0.00000046
 150    0.0000000  -0.00000044
 151    0.0000000  -0.00000023
 152    0.0000000  -0.00000056
 153    0.0000746  -0.00004029
 154    0.0000999  -0.00010453
 155    0.0002499  -0.00016164
 156    0.0064352  -0.00331746
 157    0.0002582  -0.00037239
 158    0.0018623  -0.00221118
 159    0.0018797  -0.00221567
 160    0.0018876  -0.00223860
 161    0.0018700  -0.00222996
 162    0.0018880  -0.00224927
 163    0.0007929  -0.00092761
 164    0.0007600  -0.00090971
 165    0.0010246  -0.00163012
 166    0.0010248  -0.00163053
 167    0.0010049  -0.00160889
 168    0.0010432  -0.00165187
 169    0.0010782  -0.00172923
 170    0.0010776  -0.00173511
 171    0.0000016  -0.00001212
 172    0.0000009  -0.00000846
 173    0.0000004  -0.00000447
 174    0.0000004  -0.00000465
 175    0.0000005  -0.00000549
 176    0.0000006  -0.00000614
 177    0.0000005  -0.00000492
 178    0.0000010  -0.00000874
 179    0.0000004  -0.00000414
 180    0.0000768  -0.00100478
 181    0.0000753  -0.00097573
 182    0.0000823  -0.00106812
 183    0.0000711  -0.00092045
 184    0.0000784  -0.00101014
 185    0.0000746  -0.00097062
 186    0.0000000  -0.00000044
 187    0.0000000  -0.00000036
 188    0.0000000  -0.00000034
 189    0.0000000  -0.00000022
 190    0.0000000  -0.00000024
 191    0.0000312  -0.00004275
 192    0.0000507  -0.00007186
 193    0.0000880  -0.00011559
 194    0.0000887  -0.00013357
 195    0.0000639  -0.00013946
 196    0.0002863  -0.00046497
 197    0.0003051  -0.00049724
 198    0.0002588  -0.00043005
 199    0.0002723  -0.00045233
 200    0.0002562  -0.00043104
 201    0.0003906  -0.00054353
 202    0.0006744  -0.00077644
 203    0.0004574  -0.00072756
 204    0.0004266  -0.00069807
 205    0.0003567  -0.00062278
 206    0.0003395  -0.00059845
 207    0.0005133  -0.00080685
 208    0.0004705  -0.00076980
 209    0.0000015  -0.00001133
 210    0.0000008  -0.00000768
 211    0.0000002  -0.00000222
 212    0.0000003  -0.00000320
 213    0.0000004  -0.00000445
 214    0.0000005  -0.00000545
 215    0.0000002  -0.00000224
 216    0.0000009  -0.00000854
 217    0.0000004  -0.00000377
 218    0.0000097  -0.00036685
 219    0.0000096  -0.00036394
 220    0.0000093  -0.00036044
 221    0.0000094  -0.00036465
 222    0.0000092  -0.00036064
 223    0.0000102  -0.00038114
 224    0.0000000  -0.00000044
 225    0.0000000  -0.00000031
 226    0.0000000  -0.00000033
 227    0.0000000  -0.00000018
 228    0.0000000  -0.00000016
 229    0.0000161  -0.00002787
 230    0.0000240  -0.00004281
 231    0.0000545  -0.00008176
 232    0.0000836  -0.00013158
 233    0.0000536  -0.00010335
 234    0.0001593  -0.00030270
 235    0.0001753  -0.00032132
 236    0.0001820  -0.00033184
 237    0.0002063  -0.00035016
 238    0.0001982  -0.00035558
 239    0.0003128  -0.00045777
 240    0.0003807  -0.00053299
 241    0.0002912  -0.00053011
 242    0.0003079  -0.00055104
 243    0.0002754  -0.00051004
 244    0.0003198  -0.00053609
 245    0.0004118  -0.00072115
 246    0.0004381  -0.00075210
 247    0.0000014  -0.00001072
 248    0.0000007  -0.00000717
 249    0.0000001  -0.00000157
 250    0.0000003  -0.00000312
 251    0.0000004  -0.00000433
 252    0.0000005  -0.00000532
 253    0.0000002  -0.00000215
 254    0.0000008  -0.00000775
 255    0.0000002  -0.00000248
 256    0.0000017  -0.00002391
 257    0.0000018  -0.00002517
 258    0.0000019  -0.00002525
 259    0.0000019  -0.00002598
 260    0.0000018  -0.00002414
 261    0.0000018  -0.00002457
 262    0.0000000  -0.00000043
 263    0.0000000  -0.00000029
 264    0.0000000  -0.00000032
 265    0.0000000  -0.00000017
 266    0.0000000  -0.00000012
 267    0.0000135  -0.00002506
 268    0.0000153  -0.00003177
 269    0.0000322  -0.00005191
 270    0.0000670  -0.00010508
 271    0.0000296  -0.00006580
 272    0.0001317  -0.00024693
 273    0.0001431  -0.00027303
 274    0.0001395  -0.00025618
 275    0.0001306  -0.00026554
 276    0.0001636  -0.00028716
 277    0.0001499  -0.00025381
 278    0.0001731  -0.00027873
 279    0.0000997  -0.00025537
 280    0.0001222  -0.00027599
 281    0.0000910  -0.00023490
 282    0.0001108  -0.00027701
 283    0.0000988  -0.00026047
 284    0.0001088  -0.00027871
 285    0.0000014  -0.00001058
 286    0.0000007  -0.00000700
 287    0.0000001  -0.00000158
 288    0.0000002  -0.00000268
 289    0.0000003  -0.00000356
 290    0.0000005  -0.00000524
 291    0.0000001  -0.00000177
 292    0.0000007  -0.00000699
 293    0.0000002  -0.00000224
 294    0.0000013  -0.00002125
 295    0.0000013  -0.00002254
 296    0.0000017  -0.00002218
 297    0.0000014  -0.00001997
 298    0.0000013  -0.00001839
 299    0.0000014  -0.00002026
 300    0.0000000  -0.00000040
 301    0.0000000  -0.00000027
 302    0.0000000  -0.00000031
 303    0.0000000  -0.00000018
 304    0.0000000  -0.00000009
 305    0.0000106  -0.00002291
 306    0.0000101  -0.00002521
 307    0.0000222  -0.00004398
 308    0.0000660  -0.00008754
 309    0.0000174  -0.00004086
 310    0.0001235  -0.00025170
 311    0.0001258  -0.00025190
 312    0.0001244  -0.00025263
 313    0.0001259  -0.00024401
 314    0.0001302  -0.00026507
 315    0.0001394  -0.00023792
 316    0.0001328  -0.00023080
 317    0.0000804  -0.00019793
 318    0.0000839  -0.00020639
 319    0.0000705  -0.00020080
 320    0.0000958  -0.00022534
 321    0.0000865  -0.00021670
 322    0.0000787  -0.00021072
 323    0.0000014  -0.00001080
 324    0.0000007  -0.00000656
 325    0.0000001  -0.00000138
 326    0.0000002  -0.00000255
 327    0.0000003  -0.00000352
 328    0.0000005  -0.00000498
 329    0.0000001  -0.00000167
 330    0.0000005  -0.00000550
 331    0.0000002  -0.00000222
 332    0.0000009  -0.00001890
 333    0.0000011  -0.00001899
 334    0.0000009  -0.00001897
 335    0.0000012  -0.00002287
 336    0.0000008  -0.00001754
 337    0.0000012  -0.00001777
 338    0.0000000  -0.00000040
 339    0.0000000  -0.00000027
 340    0.0000000  -0.00000029
 341    0.0000000  -0.00000018
 342    0.0000000  -0.00000008
 343    0.0000080  -0.00002226
 344    0.0000092  -0.00002431
 345    0.0000125  -0.00002972
 346    0.0000608  -0.00008479
 347    0.0000149  -0.00003691
 348    0.0000979  -0.00020991
 349    0.0001006  -0.00021476
 350    0.0000964  -0.00020584
 351    0.0000975  -0.00021550
 352    0.0000952  -0.00020866
 353    0.0001054  -0.00016642
 354    0.0001149  -0.00017373
 355    0.0000731  -0.00020700
 356    0.0000740  -0.00018189
 357    0.0000617  -0.00015166
 358    0.0000744  -0.00020862
 359    0.0000780  -0.00022245
 360    0.0000754  -0.00021197
 361    0.0000014  -0.00001068
 362    0.0000007  -0.00000672
 363    0.0000001  -0.00000138
 364    0.0000002  -0.00000242
 365    0.0000003  -0.00000348
 366    0.0000005  -0.00000502
 367    0.0000001  -0.00000154
 368    0.0000004  -0.00000442
 369    0.0000002  -0.00000206
 370    0.0000009  -0.00001503
 371    0.0000009  -0.00001397
 372    0.0000007  -0.00001409
 373    0.0000010  -0.00001490
 374    0.0000007  -0.00001225
 375    0.0000010  -0.00002000
 376    0.0000000  -0.00000040
 377    0.0000000  -0.00000026
 378    0.0000000  -0.00000029
 379    0.0000000  -0.00000017
 380    0.0000000  -0.00000007
 381    0.0000078  -0.00001954
 382    0.0000081  -0.00002257
 383    0.0000116  -0.00002902
 384    0.0000433  -0.00007490
 385    0.0000099  -0.00003013
 386    0.0000703  -0.00017149
 387    0.0000710  -0.00016921
 388    0.0000675  -0.00016279
 389    0.0000699  -0.00016713
 390    0.0000683  -0.00016253
 391    0.0000833  -0.00012840
 392    0.0000787  -0.00012065
 393    0.0000555  -0.00016674
 394    0.0000621  -0.00017533
 395    0.0000540  -0.00016547
 396    0.0000556  -0.00017003
 397    0.0000624  -0.00017965
 398    0.0000558  -0.00016152
 399    0.0000014  -0.00001029
 400    0.0000006  -0.00000649
 401    0.0000001  -0.00000140
 402    0.0000002  -0.00000228
 403    0.0000003  -0.00000343
 404    0.0000004  -0.00000500
 405    0.0000001  -0.00000145
 406    0.0000004  -0.00000435
 407    0.0000002  -0.00000197
 408    0.0000008  -0.00001985
 409    0.0000007  -0.00003294
 410    0.0000007  -0.00002907
 411    0.0000008  -0.00001667
 412    0.0000006  -0.00003181
 413    0.0000008  -0.00001584
 414    0.0000000  -0.00000038
 415    0.0000000  -0.00000026
 416    0.0000000  -0.00000030
 417    0.0000000  -0.00000017
 418    0.0000000  -0.00000007
 419    0.0000072  -0.00001942
 420    0.0000068  -0.00002310
 421    0.0000112  -0.00002829
 422    0.0000353  -0.00005649
 423    0.0000082  -0.00002678
 424    0.0000552  -0.00013408
 425    0.0000584  -0.00014295
 426    0.0000533  -0.00013144
 427    0.0000552  -0.00013587
 428    0.0000550  -0.00013299
 429    0.0000723  -0.00010871
 430    0.0000694  -0.00010636
 431    0.0000340  -0.00008944
 432    0.0000326  -0.00011368
 433    0.0000289  -0.00007958
 434    0.0000303  -0.00009273
 435    0.0000378  -0.00009317
 436    0.0000342  -0.00009328
 437    0.0000013  -0.00001022
 438    0.0000006  -0.00000627
 439    0.0000001  -0.00000131
 440    0.0000002  -0.00000229
 441    0.0000003  -0.00000325
 442    0.0000004  -0.00000466
 443    0.0000001  -0.00000141
 444    0.0000004  -0.00000395
 445    0.0000002  -0.00000199
 446    0.0000006  -0.00002312
 447    0.0000005  -0.00001123
 448    0.0000005  -0.00001130
 449    0.0000005  -0.00002915
 450    0.0000005  -0.00000946
 451    0.0000006  -0.00003313
 452    0.0000000  -0.00000040
 453    0.0000000  -0.00000026
 454    0.0000000  -0.00000029
 455    0.0000000  -0.00000017
 456    0.0000000  -0.00000006
 457    0.0000065  -0.00001769
 458    0.0000058  -0.00001944
 459    0.0000082  -0.00002243
 460    0.0000255  -0.00004073
 461    0.0000078  -0.00002486
 462    0.0000490  -0.00012201
 463    0.0000507  -0.00012993
 464    0.0000492  -0.00012442
 465    0.0000496  -0.00012561
 466    0.0000498  -0.00012646
 467    0.0000530  -0.00010492
 468    0.0000555  -0.00008838
 469    0.0000250  -0.00007752
 470    0.0000253  -0.00006525
 471    0.0000242  -0.00007204
 472    0.0000245  -0.00006878
 473    0.0000214  -0.00006315
 474    0.0000284  -0.00008604
 475    0.0000013  -0.00000992
 476    0.0000006  -0.00000628
 477    0.0000001  -0.00000129
 478    0.0000002  -0.00000213
 479    0.0000003  -0.00000319
 480    0.0000004  -0.00000449
 481    0.0000001  -0.00000137
 482    0.0000003  -0.00000332
 483    0.0000002  -0.00000191
 484    0.0000004  -0.00000484
 485    0.0000003  -0.00000460
 486    0.0000004  -0.00000526
 487    0.0000004  -0.00000536
 488    0.0000003  -0.00000479
 489    0.0000004  -0.00000485
 490    0.0000000  -0.00000039
 491    0.0000000  -0.00000026
 492    0.0000000  -0.00000029
 493    0.0000000  -0.00000016
 494    0.0000000  -0.00000006
 495    0.0000058  -0.00001808
 496    0.0000045  -0.00001689
 497    0.0000075  -0.00002339
 498    0.0000222  -0.00003456
 499    0.0000060  -0.00002090
 500    0.0000310  -0.00009074
 501    0.0000325  -0.00009124
 502    0.0000315  -0.00009078
 503    0.0000305  -0.00008957
 504    0.0000309  -0.00009022
 505    0.0000244  -0.00004841
 506    0.0000388  -0.00008101
 507    0.0000218  -0.00006112
 508    0.0000141  -0.00005581
 509    0.0000212  -0.00005729
 510    0.0000225  -0.00006195
 511    0.0000144  -0.00005594
 512    0.0000171  -0.00005846
 513    0.0000013  -0.00000998
 514    0.0000006  -0.00000583
 515    0.0000001  -0.00000129
 516    0.0000002  -0.00000214
 517    0.0000003  -0.00000311
 518    0.0000004  -0.00000463
 519    0.0000001  -0.00000133
 520    0.0000003  -0.00000330
 521    0.0000002  -0.00000191
 522    0.0000003  -0.00000657
 523    0.0000003  -0.00000580
 524    0.0000003  -0.00000696
 525    0.0000002  -0.00000462
 526    0.0000003  -0.00000646
 527    0.0000003  -0.00000501
 528    0.0000000  -0.00000038
 529    0.0000000  -0.00000026
 530    0.0000000  -0.00000028
 531    0.0000000  -0.00000016
 532    0.0000000  -0.00000006
 
----------------
 Final Energies 
----------------
       HF Total Energy =   -2800.7388411
Final NOF Total Energy =   -2803.3834053
    Correlation Energy =      -2.6445642
 
Total Orbital Internal Iterations = 2467
Total Occupation Internal Iterations = 590
 
Elapsed time: 66991.64 Seconds

---------------------------------
   Lowdin Population Analysis    
---------------------------------
 Idx  Atom   Population   Charge 
---------------------------------
  1    Br    34.479       0.521
  2     C     6.461      -0.461
  3     C     5.975       0.025
  4     C     5.927       0.073
  5     C     5.919       0.081
  6     C     5.925       0.075
  7     C     5.973       0.027
  8     H     1.068      -0.068
  9     H     1.065      -0.065
 10     H     1.071      -0.071
 11     H     1.067      -0.067
 12     H     1.069      -0.069

---------------------------------
   M Diagnostic: 0.33
---------------------------------

