Computing Integrals
Elapsed time:    4.59 Seconds

Number of basis functions                   (NBF)    = 105
Number of auxiliary basis functions         (NBFAUX) = 284
Inactive Doubly occupied orbitals up to     (NO1)    = 0
No. considered Strongly Doubly occupied MOs (NDOC)   = 18
No. considered Strongly Singly occupied MOs (NSOC)   = 0
NO. of Weakly occ. per St. Doubly occ.  MOs (NCWO)   = 4
Dimension of the Nat. Orb. subspace         (NBF5)   = 90
No. of electrons                                     = 36
    No. of alpha electrons                           = 18
    No. of beta electrons                            = 18
Multiplicity                                         = 1

Geometry
========
Br       0.0000000       0.0000000       0.7068500
 H       0.0000000       0.0000000      -0.7068500

No violations of the orthonormality
Hartree-Fock
============

  Nitext  Nitint    Eelec          Etot           Ediff          maxdiff
     1      1 -2058.05628372 -2044.95508517   385.18862527   204.83300192 
     2     10 -2481.42323061 -2468.32203205   -34.40372622    40.93148101 
     3     10 -2535.57878612 -2522.47758756     7.78357413    57.19635828 
     4     10 -2561.32815994 -2548.22696139    -8.36573503    38.00695821 
     5     10 -2566.61418994 -2553.51299139     3.98473445    39.69586352 
     6     10 -2568.78793463 -2555.68673607     0.54416201    41.02563919 
     7     10 -2574.59330357 -2561.49210501    -0.43649102    26.69551993 
     8     10 -2576.28307783 -2563.18187927    -7.25144965    20.08229510 
     9     10 -2570.73705940 -2557.63586084    -0.73580208    33.10695108 
    10     10 -2573.06011697 -2559.95891841     2.21233590    24.63558006 
    11     10 -2577.07413213 -2563.97293357    -1.82122744    21.96126409 
    12     10 -2577.59056981 -2564.48937125     0.60559515    18.57746209 
    13     10 -2577.58722085 -2564.48602229     0.09918120    25.55886900 
    14     10 -2577.25849749 -2564.15729894     0.70896430    29.59922893 
    15     10 -2578.79825344 -2565.69705488    -1.69315307    24.22425803 
    16     10 -2579.06588910 -2565.96469054     0.36377518    27.35993381 
    17     10 -2580.46369713 -2567.36249857    -0.93249614    18.50595273 
    18     10 -2581.08148150 -2567.98028294    -0.39353329    22.66536448 
    19     10 -2583.20104978 -2570.09985122    -0.65223914    19.30220316 
    20     10 -2583.48927114 -2570.38807259    -0.65588602    17.15957928 
    21     10 -2582.68720163 -2569.58600307     0.55795556    18.89771657 
    22     10 -2583.37095818 -2570.26975962     0.18118900    14.79860015 
    23     10 -2582.99757891 -2569.89638036     0.83009225    16.81882032 
    24     10 -2583.17147987 -2570.07028131     0.29193138    17.79744472 
    25     10 -2583.53207409 -2570.43087553    -0.08938259    15.69206858 
    26     10 -2583.43387562 -2570.33267707    -0.76092549    16.08316126 
    27     10 -2583.45784290 -2570.35664435    -0.19194883    14.14904987 
    28     10 -2583.51653322 -2570.41533466    -0.35827426    15.80170135 
    29     10 -2584.17502457 -2571.07382601    -1.04329083    10.39834902 
    30     10 -2583.45158278 -2570.35038422    -0.00938258    15.88895682 
No violations of the orthonormality
 
PNOF7/ADAM Calculation
==================
 
  Nitext  Nit_orb  Time   Nit_occ  Time         Eelec          Etot           Ediff      maxdiff    Grad_orb  Grad_occ
0.000999940476409722
0.004728176080657443
     1      10    3.7e+01    9    3.7e+01 -2577.06620919 -2563.96501063 -12576.06620919   5.870042   1.6e+02   1.2e-04 0.00
0.0002826654731444833
0.0004720498885317117
     2      10    2.1e+01    8    1.9e-01 -2586.04999339 -2572.94879483    -8.98378420   0.815371   1.2e+01   1.7e-04 0.00
0.0017798253165753897
0.0022560047279252733
     3      10    2.1e+01   13    1.3e-01 -2585.97579025 -2572.87459169     0.07420314   3.531412   2.9e+01   2.0e-04 0.00
0.00318712034448132
0.004653171931455177
     4      30    6.3e+01   14    1.4e-01 -2586.13211291 -2573.03091435    -0.15632266   2.878012   3.2e+01   1.8e-04 0.01
0.0035632365744036054
0.006315900365960494
     5      30    6.0e+01   11    9.5e-02 -2586.24687250 -2573.14567394    -0.11475959   0.078564   7.0e-01   2.1e-04 0.01
0.004109546894055294
0.006917575317456608
     6      30    6.2e+01   10    8.4e-02 -2586.27214986 -2573.17095131    -0.02527737   0.040379   6.5e-01   2.3e-04 0.02
0.003780806293284922
0.006522331185574436
     7      30    6.2e+01    8    8.1e-02 -2586.28346651 -2573.18226795    -0.01131664   0.080751   6.8e-01   2.0e-04 0.02
0.0030271688524529765
0.004823406186345254
     8      30    6.2e+01    7    6.4e-02 -2586.28760997 -2573.18641141    -0.00414346   0.040624   5.8e-01   2.0e-04 0.03
0.0022329997403803866
0.0032630030336659285
     9      30    6.1e+01    6    8.4e-02 -2586.29082414 -2573.18962558    -0.00321417   0.028028   4.2e-01   2.0e-04 0.03
0.001404249855245272
0.002185758846289297
    10      30    6.3e+01    7    6.8e-02 -2586.29045582 -2573.18925726     0.00036832   0.059306   5.6e-01   1.9e-04 0.04
0.000973325792993994
0.0014982591072346238
    11      50    1.0e+02    3    5.4e-02 -2586.29405971 -2573.19286116    -0.00360390   0.053922   2.8e-01   2.2e-04 0.04
0.0007327061396504263
0.0012268725728105264
    12      50    1.0e+02    3    6.0e-02 -2586.29442368 -2573.19322512    -0.00036397   0.005219   6.8e-02   2.1e-04 0.04
0.0006714818291293501
0.001133570257645015
    13      50    1.1e+02    4    7.0e-02 -2586.29457571 -2573.19337716    -0.00015203   0.004532   6.1e-02   1.9e-04 0.04
0.0004927675804297094
0.000795630720154738
    14      50    1.0e+02    1    4.4e-02 -2586.29473175 -2573.19353319    -0.00015604   0.003200   3.4e-02   1.7e-04 0.04
0.0003497604593682979
0.0005279616248553671
    15      50    1.1e+02    1    3.4e-02 -2586.29479437 -2573.19359582    -0.00006262   0.002768   2.4e-02   2.1e-04 0.04
0.00022094363908918557
0.0005026386110494079
    16      50    1.0e+02    5    6.6e-02 -2586.29484138 -2573.19364282    -0.00004700   0.001562   1.5e-02   1.7e-04 0.04
0.00027566191617300895
0.0003265814252388393
    17      50    1.0e+02    1    5.0e-02 -2586.29489557 -2573.19369701    -0.00005419   0.000806   7.5e-03   1.5e-04 0.04
0.00023714406179164982
0.0002790555860093337
    18      50    1.1e+02    1    6.5e-02 -2586.29491439 -2573.19371583    -0.00001882   0.001328   1.1e-02   1.5e-04 0.04
0.00019711676957356872
0.00026023514229609227
    19      50    1.0e+02    1    3.7e-02 -2586.29493106 -2573.19373251    -0.00001668   0.001440   1.3e-02   1.4e-04 0.04
0.0001931598838569304
0.0002982018151218528
    20      50    1.0e+02    1    2.6e-02 -2586.29495111 -2573.19375255    -0.00002005   0.000966   9.2e-03   1.4e-04 0.04
0.00018202759273378
0.00028896409721459814
    21      50    1.0e+02    1    3.2e-02 -2586.29496394 -2573.19376538    -0.00001283   0.001332   1.1e-02   1.4e-04 0.04
0.00019218656207431462
0.0003005369314342477
    22      50    1.0e+02    1    4.2e-02 -2586.29497759 -2573.19377904    -0.00001366   0.001211   1.1e-02   1.4e-04 0.04
0.00022310217163390433
0.00031421698035590087
    23      50    1.0e+02    1    3.8e-02 -2586.29498760 -2573.19378904    -0.00001001   0.001420   1.2e-02   1.6e-04 0.04
0.00020976014860185632
0.00031323970078367343
    24      50    1.0e+02    1    2.4e-02 -2586.29499756 -2573.19379901    -0.00000996   0.001350   1.2e-02   1.8e-04 0.04
0.00016402142878924053
0.0002148907071272109
    25      50    1.0e+02    1    3.5e-02 -2586.29500382 -2573.19380526    -0.00000625   0.001599   1.4e-02   1.4e-04 0.04
0.0
0.0
    26      50    1.1e+02    0    2.2e-02 -2586.29501196 -2573.19381340    -0.00000815   0.001191   1.3e-02   1.6e-04 0.04
0.00015830555600239785
0.00024897410903738584
    27      60    1.2e+02    3    5.5e-02 -2586.29501802 -2573.19381947    -0.00000606   0.000980   8.4e-03   1.5e-04 0.04
0.00014146158391614705
0.00020607300002271954
    28      60    1.2e+02    1    2.4e-02 -2586.29502981 -2573.19383126    -0.00001179   0.001051   8.4e-03   9.4e-05 0.04
0.00016118781843610375
0.00021902859522225155
    29      60    1.2e+02    1    4.1e-02 -2586.29503672 -2573.19383816    -0.00000690   0.000502   4.7e-03   1.3e-04 0.04
0.0
0.0
    30      60    1.3e+02    0    4.7e-02 -2586.29503877 -2573.19384021    -0.00000205   0.001021   8.4e-03   1.3e-04 0.04
0.0
0.0
    31      70    1.5e+02    0    3.1e-02 -2586.29504160 -2573.19384305    -0.00000283   0.000571   4.8e-03   1.5e-04 0.04
0.0
0.0
    32      80    1.7e+02    0    4.3e-02 -2586.29504113 -2573.19384258     0.00000047   0.000727   6.7e-03   1.6e-04 0.04
0.0
0.0
    33     104    2.1e+02    0    2.6e-02 -2586.29504424 -2573.19384568    -0.00000310   0.000099   9.5e-04   1.7e-04 0.04
 
RESULTS OF THE OCCUPATION OPTIMIZATION
========================================
   1    1.9999893  -424.80013638
   2    1.9999998  -130.09930004
   3    1.9999996  -58.50342562
   4    1.9999997  -58.50133806
   5    1.9999997  -58.49591201
   6    1.9994518  -5.65806621
   7    1.9994169  -5.64097916
   8    1.9993807  -5.62609396
   9    1.9993790  -5.61063377
  10    1.9993713  -5.55575859
  11    1.9993131  -5.48293758
  12    1.9993220  -5.12363627
  13    1.9992850  -5.10450972
  14    1.9992140  -5.02062992
  15    1.9883159  -0.76481749
  16    1.9536760  -0.67412550
  17    1.9727005  -0.57947071
  18    1.9660512  -0.54018006
  19    0.0115222  -0.00689432
  20    0.0113461  -0.00700482
  21    0.0396757  -0.02328987
  22    0.0085209  -0.00594456
  23    0.0007539  -0.00511827
  24    0.0006901  -0.00475870
  25    0.0006482  -0.00455732
  26    0.0006610  -0.00487015
  27    0.0006089  -0.00459653
  28    0.0005985  -0.00461173
  29    0.0005999  -0.00461710
  30    0.0005674  -0.00438627
  31    0.0005271  -0.00419328
  32    0.0000001  -0.00000243
  33    0.0000001  -0.00000310
  34    0.0000001  -0.00000456
  35    0.0000001  -0.00001497
  36    0.0000102  -0.00780794
  37    0.0083404  -0.00531802
  38    0.0082522  -0.00549205
  39    0.0036447  -0.00329590
  40    0.0011729  -0.00130265
  41    0.0000198  -0.00016157
  42    0.0000155  -0.00012179
  43    0.0000132  -0.00010605
  44    0.0000172  -0.00013508
  45    0.0000118  -0.00011124
  46    0.0000144  -0.00012031
  47    0.0000094  -0.00009733
  48    0.0000098  -0.00009817
  49    0.0000144  -0.00010926
  50    0.0000001  -0.00000150
  51    0.0000001  -0.00000286
  52    0.0000001  -0.00000427
  53    0.0000001  -0.00000126
  54    0.0000003  -0.00035022
  55    0.0080043  -0.00501277
  56    0.0068614  -0.00423226
  57    0.0016152  -0.00171989
  58    0.0010343  -0.00115154
  59    0.0000070  -0.00007039
  60    0.0000063  -0.00004564
  61    0.0000100  -0.00006703
  62    0.0000046  -0.00003836
  63    0.0000051  -0.00004501
  64    0.0000049  -0.00004327
  65    0.0000064  -0.00004482
  66    0.0000037  -0.00003270
  67    0.0000036  -0.00003253
  68    0.0000001  -0.00000140
  69    0.0000001  -0.00000250
  70    0.0000001  -0.00000331
  71    0.0000001  -0.00000096
  72    0.0000001  -0.00000274
  73    0.0060820  -0.00367283
  74    0.0008398  -0.00089376
  75    0.0013883  -0.00152654
  76    0.0009560  -0.00101789
  77    0.0000053  -0.00004343
  78    0.0000031  -0.00002666
  79    0.0000067  -0.00004466
  80    0.0000041  -0.00003334
  81    0.0000029  -0.00002515
  82    0.0000031  -0.00002756
  83    0.0000036  -0.00002693
  84    0.0000022  -0.00002175
  85    0.0000030  -0.00002631
  86    0.0000001  -0.00000142
  87    0.0000001  -0.00000147
  88    0.0000001  -0.00000237
  89    0.0000001  -0.00000139
  90    0.0000000  -0.00000077
 
----------------
 Final Energies 
----------------
       HF Total Energy =   -2570.3503842
Final NOF Total Energy =   -2573.1938457
    Correlation Energy =      -2.8434615
 
Total Orbital Internal Iterations = 1534
Total Occupation Internal Iterations = 124
 
Elapsed time: 3359.19 Seconds

---------------------------------
   Lowdin Population Analysis    
---------------------------------
 Idx  Atom   Population   Charge 
---------------------------------
  1    Br    34.643       0.357
  2     H     1.357      -0.357

---------------------------------
   M Diagnostic: 0.04
---------------------------------

