Computing Integrals
Elapsed time:    3.55 Seconds

Number of basis functions                   (NBF)    = 142
Number of auxiliary basis functions         (NBFAUX) = 254
Inactive Doubly occupied orbitals up to     (NO1)    = 0
No. considered Strongly Doubly occupied MOs (NDOC)   = 27
No. considered Strongly Singly occupied MOs (NSOC)   = 0
NO. of Weakly occ. per St. Doubly occ.  MOs (NCWO)   = 4
Dimension of the Nat. Orb. subspace         (NBF5)   = 135
No. of electrons                                     = 54
    No. of alpha electrons                           = 27
    No. of beta electrons                            = 27
Multiplicity                                         = 1

Geometry
========
Te       0.0000000       0.0000000       0.7695500
 H      -1.1553700       0.0000000      -0.3847700
 H       1.1553700       0.0000000      -0.3847700

No violations of the orthonormality
Hartree-Fock
============

  Nitext  Nitint    Eelec          Etot           Ediff          maxdiff
     1      1 -2095.14686564 -2061.22057889   140.50351044     5.41373295 
     2     10 -2317.47116842 -2283.54488168    -2.76316593     1.08159911 
     3     10 -2323.08423047 -2289.15794373    -0.19551761     0.12463204 
     4     10 -2324.36091886 -2290.43463212    -0.09263387     0.08604814 
     5     10 -2325.03779944 -2291.11151270    -0.04981661     0.05771259 
     6     10 -2325.37469628 -2291.44840954    -0.02303442     0.03961179 
     7     10 -2325.52742735 -2291.60114061    -0.01051217     0.02419355 
     8     10 -2325.59963027 -2291.67334352    -0.00518333     0.01747128 
     9     10 -2325.63667117 -2291.71038443    -0.00275886     0.01269606 
    10     10 -2325.65695784 -2291.73067109    -0.00154879     0.00936272 
    11     10 -2325.66856506 -2291.74227832    -0.00090091     0.00703134 
    12     10 -2325.67541211 -2291.74912537    -0.00053831     0.00537138 
    13     10 -2325.67955510 -2291.75326835    -0.00032970     0.00416470 
    14     10 -2325.68212626 -2291.75583952    -0.00020730     0.00355258 
    15     10 -2325.68376682 -2291.75748007    -0.00013419     0.00312580 
    16     10 -2325.68484617 -2291.75855943    -0.00008968     0.00275299 
    17     10 -2325.68557994 -2291.75929320    -0.00006195     0.00243047 
    18     10 -2325.68609564 -2291.75980890    -0.00004422     0.00215220 
    19     10 -2325.68646976 -2291.76018302    -0.00003254     0.00191182 
    20     10 -2325.68674907 -2291.76046233    -0.00002460     0.00170346 
    21     10 -2325.68696278 -2291.76067604    -0.00001901     0.00152208 
    22     10 -2325.68712962 -2291.76084288    -0.00001496     0.00136343 
    23     10 -2325.68726197 -2291.76097523    -0.00001195     0.00122401 
    24     10 -2325.68736826 -2291.76108152    -0.00000964     0.00110094 
    25     10 -2325.68745443 -2291.76116768    -0.00000784     0.00099185 
    26     10 -2325.68752477 -2291.76123802    -0.00000642     0.00089481 
    27     10 -2325.68758249 -2291.76129575    -0.00000528     0.00080821 
    28     10 -2325.68763005 -2291.76134331    -0.00000436     0.00073071 
    29     10 -2325.68766936 -2291.76138261    -0.00000360     0.00066118 
    30     10 -2325.68770191 -2291.76141517    -0.00000299     0.00059869 
No violations of the orthonormality
 
PNOF7/ADAM Calculation
==================
 
  Nitext  Nit_orb  Time   Nit_occ  Time         Eelec          Etot           Ediff      maxdiff    Grad_orb  Grad_occ
0.0009996017400001334
0.005762397396312134
     1      10    4.5e+01    7    3.1e+01 -2319.80160938 -2285.87532263 -12318.80160938   2.180928   7.0e+01   3.8e-04 0.00
0.002853042395146499
0.005100064584479807
     2      30    9.1e+01   26    4.7e-01 -2325.69502247 -2291.76873572    -5.89341309   0.009043   1.7e-01   1.7e-04 0.00
0.007398899445188012
0.015608106234807996
     3      30    9.1e+01   16    3.7e-01 -2325.76400245 -2291.83771571    -0.06897999   0.007900   8.3e-02   1.7e-04 0.02
0.008355831205760778
0.014543972123279843
     4      30    8.8e+01   24    2.6e-01 -2325.81376395 -2291.88747721    -0.04976150   0.006668   5.6e-02   1.5e-04 0.03
0.003481989021599685
0.007958247970744806
     5      30    9.0e+01   11    1.5e-01 -2325.83012525 -2291.90383850    -0.01636129   0.003976   2.6e-02   2.0e-04 0.04
0.002315864692915018
0.005368376981502339
     6      30    9.2e+01   17    3.2e-01 -2325.83569531 -2291.90940857    -0.00557006   0.001803   1.9e-02   2.3e-04 0.04
0.002347822163417739
0.004663617783975922
     7      30    9.0e+01    6    1.5e-01 -2325.83831416 -2291.91202742    -0.00261885   0.000613   1.1e-02   2.2e-04 0.04
0.0015387266552163003
0.003365347579992259
     8      30    8.8e+01    3    7.4e-02 -2325.83948029 -2291.91319355    -0.00116613   0.000390   7.1e-03   2.5e-04 0.04
0.0010729225749777655
0.0021261301312581696
     9      30    9.5e+01    3    9.6e-02 -2325.83991587 -2291.91362913    -0.00043558   0.000242   5.0e-03   2.4e-04 0.03
0.0007477038315628556
0.0012801606189398265
    10      30    9.4e+01    3    8.6e-02 -2325.84011081 -2291.91382407    -0.00019494   0.000188   4.0e-03   2.2e-04 0.04
0.0004541783166213866
0.0007634710799856248
    11      30    9.0e+01    3    8.5e-02 -2325.84023478 -2291.91394804    -0.00012397   0.000199   4.1e-03   1.8e-04 0.04
0.00025765776667285856
0.00047193457024856665
    12      30    9.5e+01    3    1.0e-01 -2325.84031981 -2291.91403307    -0.00008503   0.000301   4.5e-03   1.6e-04 0.04
0.00022927777643000358
0.0004561163346678563
    13      30    9.0e+01    1    9.8e-02 -2325.84037171 -2291.91408497    -0.00005190   0.000704   7.4e-03   2.0e-04 0.04
0.0
0.0
    14      30    9.0e+01    0    9.3e-02 -2325.84040011 -2291.91411337    -0.00002840   0.000368   5.1e-03   1.8e-04 0.04
0.00019642276820780805
0.00027872799255086354
    15      40    1.2e+02    2    7.0e-02 -2325.84041806 -2291.91413132    -0.00001794   0.001529   7.6e-03   1.4e-04 0.04
0.0
0.0
    16      40    1.2e+02    0    8.2e-02 -2325.84041785 -2291.91413111     0.00000021   0.008770   5.0e-02   1.6e-04 0.04
0.0
0.0
    17      39    1.5e+02    0    5.8e-02 -2325.84044640 -2291.91415965    -0.00002855   0.000099   1.2e-03   1.5e-04 0.04
 
RESULTS OF THE OCCUPATION OPTIMIZATION
========================================
   1    2.0000000  -140.98041924
   2    1.9999999  -61.78437100
   3    1.9999999  -61.72852297
   4    1.9999999  -61.57822726
   5    1.9999996  -24.93372442
   6    1.9999984  -9.75597835
   7    1.9999986  -9.56355023
   8    1.9999943  -9.44984493
   9    1.9999825  -9.23248754
  10    1.9999980  -8.78261482
  11    1.9999975  -8.67222635
  12    1.9999750  -8.48889329
  13    1.9999573  -8.23190448
  14    1.9999540  -8.07265760
  15    1.9998782  -4.43636579
  16    1.9998834  -4.40009333
  17    1.9998872  -4.29454556
  18    1.9999004  -4.23199092
  19    1.9998925  -4.17875897
  20    1.9998823  -4.17142151
  21    1.9998837  -3.97093222
  22    1.9855758  -0.77885877
  23    1.9639368  -0.76274068
  24    1.9627089  -0.67947518
  25    1.9614201  -0.67690295
  26    1.9589740  -0.65947875
  27    1.9597784  -0.65000475
  28    0.0302367  -0.01935080
  29    0.0303099  -0.01977497
  30    0.0282286  -0.01731679
  31    0.0259583  -0.01612732
  32    0.0284001  -0.01775314
  33    0.0069230  -0.00531530
  34    0.0000847  -0.00048299
  35    0.0000870  -0.00051634
  36    0.0000846  -0.00051181
  37    0.0000818  -0.00049224
  38    0.0000888  -0.00054121
  39    0.0000939  -0.00057067
  40    0.0001012  -0.00061697
  41    0.0000382  -0.00033584
  42    0.0000350  -0.00032602
  43    0.0000099  -0.00008190
  44    0.0000008  -0.00000554
  45    0.0000006  -0.00000421
  46    0.0000121  -0.00017671
  47    0.0000020  -0.00001426
  48    0.0000004  -0.00000248
  49    0.0000004  -0.00000293
  50    0.0000001  -0.00000103
  51    0.0000000  -0.00000041
  52    0.0000000  -0.00000046
  53    0.0000000  -0.00000036
  54    0.0000000  -0.00000021
  55    0.0047667  -0.00429539
  56    0.0043822  -0.00409619
  57    0.0065478  -0.00543094
  58    0.0066057  -0.00544938
  59    0.0049201  -0.00431716
  60    0.0034947  -0.00319371
  61    0.0000151  -0.00007574
  62    0.0000146  -0.00007241
  63    0.0000112  -0.00005338
  64    0.0000109  -0.00005064
  65    0.0000127  -0.00007140
  66    0.0000110  -0.00006160
  67    0.0000139  -0.00006212
  68    0.0000037  -0.00003289
  69    0.0000035  -0.00002602
  70    0.0000097  -0.00006092
  71    0.0000007  -0.00000329
  72    0.0000005  -0.00000287
  73    0.0000020  -0.00001310
  74    0.0000015  -0.00000948
  75    0.0000004  -0.00000191
  76    0.0000004  -0.00000240
  77    0.0000001  -0.00000110
  78    0.0000000  -0.00000039
  79    0.0000000  -0.00000048
  80    0.0000000  -0.00000046
  81    0.0000000  -0.00000020
  82    0.0028177  -0.00274059
  83    0.0036966  -0.00340016
  84    0.0029825  -0.00297952
  85    0.0038555  -0.00364166
  86    0.0018258  -0.00204775
  87    0.0026811  -0.00263670
  88    0.0000098  -0.00005712
  89    0.0000106  -0.00005272
  90    0.0000074  -0.00003437
  91    0.0000040  -0.00001957
  92    0.0000067  -0.00002883
  93    0.0000082  -0.00004694
  94    0.0000036  -0.00001891
  95    0.0000023  -0.00001546
  96    0.0000021  -0.00001516
  97    0.0000029  -0.00001864
  98    0.0000006  -0.00000309
  99    0.0000005  -0.00000278
 100    0.0000017  -0.00001092
 101    0.0000012  -0.00000760
 102    0.0000004  -0.00000192
 103    0.0000004  -0.00000238
 104    0.0000001  -0.00000103
 105    0.0000000  -0.00000044
 106    0.0000000  -0.00000037
 107    0.0000000  -0.00000044
 108    0.0000000  -0.00000020
 109    0.0024006  -0.00244145
 110    0.0026374  -0.00262892
 111    0.0008210  -0.00103129
 112    0.0008716  -0.00110134
 113    0.0009172  -0.00114992
 114    0.0013253  -0.00140999
 115    0.0000066  -0.00002950
 116    0.0000055  -0.00002546
 117    0.0000043  -0.00002010
 118    0.0000029  -0.00001519
 119    0.0000046  -0.00002150
 120    0.0000035  -0.00001773
 121    0.0000030  -0.00001549
 122    0.0000017  -0.00001108
 123    0.0000020  -0.00001239
 124    0.0000025  -0.00001502
 125    0.0000006  -0.00000310
 126    0.0000004  -0.00000208
 127    0.0000016  -0.00000988
 128    0.0000009  -0.00000586
 129    0.0000003  -0.00000173
 130    0.0000004  -0.00000245
 131    0.0000001  -0.00000100
 132    0.0000000  -0.00000036
 133    0.0000000  -0.00000042
 134    0.0000000  -0.00000045
 135    0.0000000  -0.00000020
 
----------------
 Final Energies 
----------------
       HF Total Energy =   -2291.7614152
Final NOF Total Energy =   -2291.9141597
    Correlation Energy =      -0.1527445
 
Total Orbital Internal Iterations = 519
Total Occupation Internal Iterations = 125
 
Elapsed time: 1786.84 Seconds

---------------------------------
   Lowdin Population Analysis    
---------------------------------
 Idx  Atom   Population   Charge 
---------------------------------
  1    Te    51.393       0.607
  2     H     1.305      -0.305
  3     H     1.303      -0.303

---------------------------------
   M Diagnostic: 0.04
---------------------------------

