Computing Integrals
Elapsed time:   11.95 Seconds

Number of basis functions                   (NBF)    = 639
Number of auxiliary basis functions         (NBFAUX) = 669
Inactive Doubly occupied orbitals up to     (NO1)    = 0
No. considered Strongly Doubly occupied MOs (NDOC)   = 25
No. considered Strongly Singly occupied MOs (NSOC)   = 0
NO. of Weakly occ. per St. Doubly occ.  MOs (NCWO)   = 24
Dimension of the Nat. Orb. subspace         (NBF5)   = 625
No. of electrons                                     = 50
    No. of alpha electrons                           = 25
    No. of beta electrons                            = 25
Multiplicity                                         = 1

Geometry
========
 C       1.2420100       0.6655500      -0.5812100
 C       1.2420100      -0.6655500      -0.5812100
 C       0.0000000      -1.1216500       0.2115000
 C      -1.2420100      -0.6655500      -0.5812100
 C      -1.2420100       0.6655500      -0.5812100
 C       0.0000000       1.1216500       0.2115000
 C       0.0000000       0.0000000       1.2956600
 H       1.9301700       1.3333400      -1.0800600
 H       1.9301700      -1.3333400      -1.0800600
 H       0.0000000      -2.1561900       0.5478300
 H      -1.9301700      -1.3333400      -1.0800600
 H      -1.9301700       1.3333400      -1.0800600
 H       0.0000000       2.1561900       0.5478300
 H       0.8979200       0.0000000       1.9153800
 H      -0.8979200       0.0000000       1.9153800

No violations of the orthonormality
Hartree-Fock
============

  Nitext  Nitint    Eelec          Etot           Ediff          maxdiff
     1      1  -395.34504820  -107.60386047    93.25512545     8.52840951 
     2     10  -514.39624801  -226.65506028    -2.65114549     5.87339542 
     3     10  -538.71081391  -250.96962618    -2.23271614     4.19239933 
     4     10  -543.39106721  -255.64987947    -0.43786529     3.79159589 
     5     10  -546.10903064  -258.36784290    -0.25147135     3.56027382 
     6     10  -547.82083558  -260.07964784     0.33191110     3.67465287 
     7     10  -549.06397133  -261.32278360     0.28837517     3.17079597 
     8     10  -551.48666662  -263.74547888    -1.08854817     3.14421783 
     9     10  -551.36625495  -263.62506722     0.64071717     2.79518569 
    10     10  -552.27301835  -264.53183062    -0.65115387     2.77086079 
    11     10  -552.18579065  -264.44460292     0.12867486     2.67046073 
    12     10  -552.45067416  -264.70948643     0.39440272     2.28606791 
    13     10  -553.15129182  -265.41010409    -0.12037495     2.24689312 
    14     10  -553.50995205  -265.76876432    -0.61693454     2.04382315 
    15     10  -553.55633644  -265.81514870     0.11414477     2.31073298 
    16     10  -553.73175627  -265.99056854    -0.01130639     1.99702028 
    17     10  -554.11842214  -266.37723441    -0.09470275     2.17973438 
    18     10  -554.35578462  -266.61459689    -0.13506552     2.42010423 
    19     10  -554.43971093  -266.69852320    -0.03651410     1.89863472 
    20     10  -554.68457180  -266.94338407     0.08298020     1.53868624 
    21     10  -554.89074557  -267.14955784    -0.08131931     1.72307519 
    22     10  -555.03543105  -267.29424332    -0.21238209     1.72451920 
    23     10  -555.23857424  -267.49738650    -0.21181434     1.39877573 
    24     10  -555.27647414  -267.53528640     0.01572821     1.34657561 
    25     10  -555.56895573  -267.82776799    -0.08083260     1.26294407 
    26     10  -556.01275996  -268.27157223    -0.11954039     1.50312670 
    27     10  -556.24128059  -268.50009285    -0.00730945     1.20622364 
    28     10  -556.56403827  -268.82285053    -0.02206982     1.13161250 
    29     10  -556.87390640  -269.13271866    -0.02294400     1.12777681 
    30     10  -557.11629814  -269.37511041    -0.01819625     1.04726769 
No violations of the orthonormality
 
PNOF7/ADAM Calculation
==================
 
  Nitext  Nit_orb  Time   Nit_occ  Time         Eelec          Etot           Ediff      maxdiff    Grad_orb  Grad_occ
0.000999608254485862
0.004704382903598483
     1      10    2.9e+02   16    5.8e+01  -556.97119137  -269.23000364 -10555.97119137   0.366286   9.6e+00   1.9e-04 0.00
0.0016393891020548557
0.003658905004461579
     2      10    2.7e+02   40    5.6e+01  -553.95485882  -266.21367109     3.01633255   2.558480   6.0e+01   1.8e-04 0.00
0.006852103529535469
0.014490839111087866
     3      30    7.9e+02   52    6.7e+01  -557.66705978  -269.92587205    -3.71220096   0.259064   3.8e+00   2.4e-04 0.01
0.013237285205356053
0.029116470048568405
     4      30    7.9e+02   37    5.0e+01  -557.85187876  -270.11069103    -0.18481898   0.011759   3.3e-01   3.1e-04 0.03
0.021620693840570193
0.040537483902126505
     5      30    7.9e+02   48    5.9e+01  -557.99550908  -270.25432134    -0.14363031   0.011320   3.7e-01   2.9e-04 0.08
0.025978287118286425
0.046712513361901936
     6      30    7.9e+02   37    4.7e+01  -558.09455134  -270.35336360    -0.09904226   0.009067   3.0e-01   2.9e-04 0.13
0.02217862772214718
0.044554265117650205
     7      30    7.9e+02   61    7.3e+01  -558.15832881  -270.41714108    -0.06377747   0.008817   2.7e-01   2.2e-04 0.17
0.01845432056638796
0.03328508166441818
     8      30    7.9e+02   44    5.3e+01  -558.19863656  -270.45744882    -0.04030775   0.007987   2.5e-01   2.5e-04 0.20
0.011396890342049548
0.01921080834745092
     9      30    7.9e+02   17    2.8e+01  -558.21900809  -270.47782036    -0.02037153   0.006875   2.2e-01   2.5e-04 0.21
0.005390096919959536
0.008291452388291246
    10      30    7.9e+02   20    3.0e+01  -558.22611452  -270.48492679    -0.00710643   0.006412   2.0e-01   2.2e-04 0.21
0.002136854080967726
0.0032148193265327993
    11      30    7.9e+02   13    2.2e+01  -558.22837170  -270.48718396    -0.00225718   0.005985   1.9e-01   3.3e-04 0.21
0.0014677953181292253
0.002029036222584734
    12      30    7.9e+02    7    1.7e+01  -558.22946749  -270.48827976    -0.00109580   0.005636   1.7e-01   2.9e-04 0.21
0.0005290688283086098
0.0007755235891776252
    13      30    7.9e+02    8    1.8e+01  -558.23006927  -270.48888154    -0.00060178   0.005013   1.5e-01   2.5e-04 0.21
0.00016598477893495223
0.00042408935874722355
    14      30    7.9e+02    3    1.2e+01  -558.23051887  -270.48933113    -0.00044960   0.006092   1.4e-01   3.4e-04 0.21
0.0001986952438720463
0.000403759028511008
    15      30    7.9e+02    5    1.6e+01  -558.23076838  -270.48958064    -0.00024951   0.005225   1.2e-01   2.9e-04 0.21
0.0
0.0
    16      30    7.5e+02    0    8.9e+00  -558.23090131  -270.48971357    -0.00013293   0.004486   1.2e-01   3.1e-04 0.21
0.000236942514405869
0.0005236232029035749
    17      40    1.0e+03    1    9.9e+00  -558.23132317  -270.49013544    -0.00042187   0.003431   5.8e-02   2.8e-04 0.21
0.0
0.0
    18      40    1.0e+03    0    9.1e+00  -558.23135975  -270.49017202    -0.00003658   0.002721   5.1e-02   2.2e-04 0.21
0.0
0.0
    19      50    1.3e+03    0    9.9e+00  -558.23145658  -270.49026885    -0.00009683   0.001251   1.6e-02   2.3e-04 0.21
0.0
0.0
    20      60    1.6e+03    0    9.9e+00  -558.23146742  -270.49027968    -0.00001084   0.000859   1.2e-02   2.3e-04 0.21
0.0
0.0
    21      70    1.8e+03    0    9.9e+00  -558.23147664  -270.49028890    -0.00000922   0.000263   2.5e-03   2.3e-04 0.21
0.0
0.0
    22      80    2.1e+03    0    1.1e+01  -558.23147986  -270.49029213    -0.00000323   0.001066   5.9e-03   2.3e-04 0.21
0.0
0.0
    23      86    2.2e+03    0    9.9e+00  -558.23148248  -270.49029475    -0.00000262   0.000095   8.4e-04   2.3e-04 0.21
 
RESULTS OF THE OCCUPATION OPTIMIZATION
========================================
   1    1.9992797  -11.22572337
   2    1.9992788  -11.22570946
   3    1.9992781  -11.21685465
   4    1.9992768  -11.20238960
   5    1.9992755  -11.20235223
   6    1.9992787  -11.20234689
   7    1.9992774  -11.20233063
   8    1.9754062  -0.85929372
   9    1.9752199  -0.85796183
  10    1.9605679  -0.71670647
  11    1.9605055  -0.71629848
  12    1.9603778  -0.71579321
  13    1.9604459  -0.71547932
  14    1.9657132  -0.70194928
  15    1.9657209  -0.70182801
  16    1.9656579  -0.70176058
  17    1.9656718  -0.70172765
  18    1.9610922  -0.69329161
  19    1.9611896  -0.69326755
  20    1.9680226  -0.68937765
  21    1.9680321  -0.68927217
  22    1.9679189  -0.68082812
  23    1.9678985  -0.68076900
  24    1.7874520  -0.37880207
  25    1.7877303  -0.37874226
  26    0.2057853  -0.06121632
  27    0.2061470  -0.06129329
  28    0.0221309  -0.01609109
  29    0.0220763  -0.01606667
  30    0.0220071  -0.01611446
  31    0.0220369  -0.01613358
  32    0.0330831  -0.02222239
  33    0.0331464  -0.02224789
  34    0.0228996  -0.01645423
  35    0.0228835  -0.01644805
  36    0.0228635  -0.01642897
  37    0.0228405  -0.01641634
  38    0.0325978  -0.02237890
  39    0.0325437  -0.02234141
  40    0.0325771  -0.02239098
  41    0.0324985  -0.02234679
  42    0.0160078  -0.01422729
  43    0.0160093  -0.01421499
  44    0.0004432  -0.00818332
  45    0.0004427  -0.00818035
  46    0.0004445  -0.00818825
  47    0.0004421  -0.00817580
  48    0.0004461  -0.00822818
  49    0.0004485  -0.00825725
  50    0.0004473  -0.00825088
  51    0.0056267  -0.00285813
  52    0.0055855  -0.00282033
  53    0.0046393  -0.00465996
  54    0.0046741  -0.00467306
  55    0.0045630  -0.00462796
  56    0.0045622  -0.00463128
  57    0.0029895  -0.00329423
  58    0.0029919  -0.00329778
  59    0.0052585  -0.00509812
  60    0.0052708  -0.00510136
  61    0.0052291  -0.00508190
  62    0.0052252  -0.00507558
  63    0.0035050  -0.00376687
  64    0.0034872  -0.00374756
  65    0.0035090  -0.00376853
  66    0.0034875  -0.00375087
  67    0.0051664  -0.00559947
  68    0.0051053  -0.00555941
  69    0.0001041  -0.00144223
  70    0.0001039  -0.00144034
  71    0.0001042  -0.00144083
  72    0.0001036  -0.00143677
  73    0.0000915  -0.00126781
  74    0.0000973  -0.00135342
  75    0.0000976  -0.00135709
  76    0.0004561  -0.00039423
  77    0.0005556  -0.00046435
  78    0.0022265  -0.00253202
  79    0.0022131  -0.00252707
  80    0.0023536  -0.00266054
  81    0.0023245  -0.00264171
  82    0.0010860  -0.00151477
  83    0.0010878  -0.00150971
  84    0.0030808  -0.00331265
  85    0.0030866  -0.00331605
  86    0.0030809  -0.00331505
  87    0.0030733  -0.00330929
  88    0.0016331  -0.00210310
  89    0.0016937  -0.00213957
  90    0.0015808  -0.00203763
  91    0.0015215  -0.00199538
  92    0.0014649  -0.00219144
  93    0.0012220  -0.00195815
  94    0.0000841  -0.00116768
  95    0.0000843  -0.00116994
  96    0.0000848  -0.00117199
  97    0.0000843  -0.00116855
  98    0.0000894  -0.00124135
  99    0.0000824  -0.00112119
 100    0.0000823  -0.00112096
 101    0.0003080  -0.00017915
 102    0.0001489  -0.00013801
 103    0.0021905  -0.00248249
 104    0.0021968  -0.00248568
 105    0.0020843  -0.00243850
 106    0.0020801  -0.00243570
 107    0.0010767  -0.00148866
 108    0.0010872  -0.00149885
 109    0.0018179  -0.00215667
 110    0.0018139  -0.00215354
 111    0.0018249  -0.00215958
 112    0.0018222  -0.00215606
 113    0.0010905  -0.00149634
 114    0.0010595  -0.00147605
 115    0.0010538  -0.00148010
 116    0.0010570  -0.00147847
 117    0.0011164  -0.00174630
 118    0.0011595  -0.00176675
 119    0.0000783  -0.00100961
 120    0.0000775  -0.00100223
 121    0.0000776  -0.00100678
 122    0.0000769  -0.00100147
 123    0.0000802  -0.00109338
 124    0.0000796  -0.00107624
 125    0.0000791  -0.00107298
 126    0.0000222  -0.00002256
 127    0.0000534  -0.00004497
 128    0.0001745  -0.00029567
 129    0.0001912  -0.00030631
 130    0.0001902  -0.00031269
 131    0.0001915  -0.00031598
 132    0.0001856  -0.00032510
 133    0.0002040  -0.00034361
 134    0.0003461  -0.00051539
 135    0.0003424  -0.00051444
 136    0.0003469  -0.00051702
 137    0.0003342  -0.00050816
 138    0.0002009  -0.00036970
 139    0.0002703  -0.00043394
 140    0.0002471  -0.00041100
 141    0.0002881  -0.00044713
 142    0.0003059  -0.00057971
 143    0.0003544  -0.00062346
 144    0.0000092  -0.00036538
 145    0.0000092  -0.00036523
 146    0.0000095  -0.00036747
 147    0.0000089  -0.00036254
 148    0.0000097  -0.00036619
 149    0.0000094  -0.00036832
 150    0.0000094  -0.00036835
 151    0.0000189  -0.00002011
 152    0.0000128  -0.00001777
 153    0.0001553  -0.00027740
 154    0.0001504  -0.00027424
 155    0.0001723  -0.00030625
 156    0.0001801  -0.00030901
 157    0.0001314  -0.00025910
 158    0.0001636  -0.00029629
 159    0.0002138  -0.00036114
 160    0.0002504  -0.00039824
 161    0.0002207  -0.00037757
 162    0.0002642  -0.00041412
 163    0.0002003  -0.00036260
 164    0.0001938  -0.00035677
 165    0.0002389  -0.00039824
 166    0.0002278  -0.00038718
 167    0.0001443  -0.00030739
 168    0.0001428  -0.00032161
 169    0.0000012  -0.00001831
 170    0.0000014  -0.00002255
 171    0.0000011  -0.00001841
 172    0.0000027  -0.00002741
 173    0.0000014  -0.00001427
 174    0.0000011  -0.00001214
 175    0.0000014  -0.00001374
 176    0.0000124  -0.00001215
 177    0.0000105  -0.00000801
 178    0.0001405  -0.00024930
 179    0.0001282  -0.00023781
 180    0.0001225  -0.00023377
 181    0.0001408  -0.00024547
 182    0.0000698  -0.00014002
 183    0.0000550  -0.00010977
 184    0.0001561  -0.00028113
 185    0.0001405  -0.00026635
 186    0.0001451  -0.00026580
 187    0.0001692  -0.00028877
 188    0.0000984  -0.00021162
 189    0.0000908  -0.00020571
 190    0.0000705  -0.00018424
 191    0.0000799  -0.00019620
 192    0.0001392  -0.00031600
 193    0.0001359  -0.00031403
 194    0.0000006  -0.00003189
 195    0.0000004  -0.00002838
 196    0.0000008  -0.00001213
 197    0.0000017  -0.00001636
 198    0.0000012  -0.00001137
 199    0.0000008  -0.00002566
 200    0.0000007  -0.00001015
 201    0.0000090  -0.00000588
 202    0.0000066  -0.00000540
 203    0.0001121  -0.00021767
 204    0.0001049  -0.00020816
 205    0.0001051  -0.00021193
 206    0.0001137  -0.00021376
 207    0.0000415  -0.00010313
 208    0.0000389  -0.00010167
 209    0.0001317  -0.00025329
 210    0.0001388  -0.00025979
 211    0.0001272  -0.00024950
 212    0.0001405  -0.00026043
 213    0.0000568  -0.00013182
 214    0.0000643  -0.00013925
 215    0.0000567  -0.00013306
 216    0.0000684  -0.00014202
 217    0.0001071  -0.00024618
 218    0.0001030  -0.00025041
 219    0.0000004  -0.00000523
 220    0.0000003  -0.00000258
 221    0.0000006  -0.00002835
 222    0.0000006  -0.00003269
 223    0.0000007  -0.00003622
 224    0.0000004  -0.00001749
 225    0.0000006  -0.00003314
 226    0.0000080  -0.00000442
 227    0.0000053  -0.00000477
 228    0.0000948  -0.00019295
 229    0.0000897  -0.00018980
 230    0.0000866  -0.00018736
 231    0.0000807  -0.00018334
 232    0.0000388  -0.00010206
 233    0.0000256  -0.00007931
 234    0.0001019  -0.00021004
 235    0.0001050  -0.00021305
 236    0.0000870  -0.00019571
 237    0.0000990  -0.00020489
 238    0.0000420  -0.00010399
 239    0.0000520  -0.00012058
 240    0.0000317  -0.00009587
 241    0.0000400  -0.00010563
 242    0.0000997  -0.00024239
 243    0.0000873  -0.00022904
 244    0.0000003  -0.00000241
 245    0.0000002  -0.00000207
 246    0.0000003  -0.00000209
 247    0.0000005  -0.00000555
 248    0.0000003  -0.00000237
 249    0.0000003  -0.00000233
 250    0.0000003  -0.00000235
 251    0.0000049  -0.00000855
 252    0.0000044  -0.00000728
 253    0.0000620  -0.00015543
 254    0.0000687  -0.00015846
 255    0.0000841  -0.00017151
 256    0.0000649  -0.00015925
 257    0.0000254  -0.00006406
 258    0.0000217  -0.00005744
 259    0.0000756  -0.00016611
 260    0.0000791  -0.00016705
 261    0.0000803  -0.00017191
 262    0.0000747  -0.00016885
 263    0.0000300  -0.00008126
 264    0.0000430  -0.00009002
 265    0.0000280  -0.00007165
 266    0.0000334  -0.00008354
 267    0.0000616  -0.00018347
 268    0.0000754  -0.00020339
 269    0.0000002  -0.00000154
 270    0.0000002  -0.00000166
 271    0.0000001  -0.00000133
 272    0.0000003  -0.00000251
 273    0.0000002  -0.00000190
 274    0.0000002  -0.00000173
 275    0.0000002  -0.00000183
 276    0.0000032  -0.00000574
 277    0.0000042  -0.00000545
 278    0.0000432  -0.00010084
 279    0.0000371  -0.00009383
 280    0.0000431  -0.00010649
 281    0.0000360  -0.00009814
 282    0.0000199  -0.00005678
 283    0.0000174  -0.00004954
 284    0.0000607  -0.00013288
 285    0.0000591  -0.00013055
 286    0.0000583  -0.00012934
 287    0.0000482  -0.00012202
 288    0.0000299  -0.00007948
 289    0.0000396  -0.00008686
 290    0.0000253  -0.00007698
 291    0.0000285  -0.00007855
 292    0.0000436  -0.00008819
 293    0.0000397  -0.00009002
 294    0.0000001  -0.00000142
 295    0.0000001  -0.00000142
 296    0.0000001  -0.00000114
 297    0.0000003  -0.00000198
 298    0.0000002  -0.00000143
 299    0.0000001  -0.00000130
 300    0.0000002  -0.00000139
 301    0.0000027  -0.00000501
 302    0.0000026  -0.00000430
 303    0.0000351  -0.00009244
 304    0.0000348  -0.00009235
 305    0.0000350  -0.00009683
 306    0.0000288  -0.00008665
 307    0.0000161  -0.00004735
 308    0.0000160  -0.00004872
 309    0.0000533  -0.00012587
 310    0.0000543  -0.00012704
 311    0.0000555  -0.00012795
 312    0.0000454  -0.00011860
 313    0.0000229  -0.00006081
 314    0.0000258  -0.00007015
 315    0.0000199  -0.00005267
 316    0.0000279  -0.00006192
 317    0.0000264  -0.00007958
 318    0.0000263  -0.00007295
 319    0.0000001  -0.00000090
 320    0.0000001  -0.00000097
 321    0.0000001  -0.00000103
 322    0.0000002  -0.00000180
 323    0.0000002  -0.00000139
 324    0.0000001  -0.00000102
 325    0.0000002  -0.00000148
 326    0.0000024  -0.00000455
 327    0.0000021  -0.00000368
 328    0.0000292  -0.00008125
 329    0.0000301  -0.00008107
 330    0.0000310  -0.00008892
 331    0.0000244  -0.00008123
 332    0.0000112  -0.00003433
 333    0.0000085  -0.00003047
 334    0.0000336  -0.00008878
 335    0.0000329  -0.00008830
 336    0.0000371  -0.00009063
 337    0.0000369  -0.00009025
 338    0.0000085  -0.00002839
 339    0.0000141  -0.00003489
 340    0.0000080  -0.00002650
 341    0.0000179  -0.00003981
 342    0.0000233  -0.00007515
 343    0.0000186  -0.00006983
 344    0.0000001  -0.00000086
 345    0.0000001  -0.00000088
 346    0.0000001  -0.00000091
 347    0.0000001  -0.00000102
 348    0.0000001  -0.00000125
 349    0.0000001  -0.00000098
 350    0.0000001  -0.00000105
 351    0.0000020  -0.00000306
 352    0.0000016  -0.00000335
 353    0.0000112  -0.00003492
 354    0.0000198  -0.00004226
 355    0.0000186  -0.00004549
 356    0.0000187  -0.00004523
 357    0.0000066  -0.00002215
 358    0.0000074  -0.00002418
 359    0.0000171  -0.00004821
 360    0.0000172  -0.00004871
 361    0.0000234  -0.00005595
 362    0.0000211  -0.00005371
 363    0.0000082  -0.00002583
 364    0.0000110  -0.00002916
 365    0.0000074  -0.00002439
 366    0.0000091  -0.00002597
 367    0.0000182  -0.00004828
 368    0.0000158  -0.00004627
 369    0.0000001  -0.00000073
 370    0.0000001  -0.00000081
 371    0.0000001  -0.00000088
 372    0.0000001  -0.00000098
 373    0.0000001  -0.00000081
 374    0.0000001  -0.00000089
 375    0.0000001  -0.00000105
 376    0.0000018  -0.00000320
 377    0.0000014  -0.00000292
 378    0.0000099  -0.00003027
 379    0.0000135  -0.00003648
 380    0.0000132  -0.00003776
 381    0.0000173  -0.00004148
 382    0.0000044  -0.00001908
 383    0.0000059  -0.00002125
 384    0.0000156  -0.00004057
 385    0.0000130  -0.00003868
 386    0.0000172  -0.00004238
 387    0.0000149  -0.00003996
 388    0.0000067  -0.00002299
 389    0.0000060  -0.00002208
 390    0.0000068  -0.00002489
 391    0.0000082  -0.00002654
 392    0.0000128  -0.00004007
 393    0.0000150  -0.00004284
 394    0.0000001  -0.00000071
 395    0.0000001  -0.00000071
 396    0.0000001  -0.00000069
 397    0.0000001  -0.00000085
 398    0.0000001  -0.00000075
 399    0.0000001  -0.00000086
 400    0.0000001  -0.00000094
 401    0.0000013  -0.00000312
 402    0.0000012  -0.00000283
 403    0.0000093  -0.00002985
 404    0.0000114  -0.00003275
 405    0.0000100  -0.00003087
 406    0.0000132  -0.00003128
 407    0.0000039  -0.00001491
 408    0.0000054  -0.00001768
 409    0.0000121  -0.00003283
 410    0.0000106  -0.00003526
 411    0.0000162  -0.00003827
 412    0.0000140  -0.00003789
 413    0.0000048  -0.00001959
 414    0.0000057  -0.00002015
 415    0.0000067  -0.00002427
 416    0.0000071  -0.00002455
 417    0.0000083  -0.00003193
 418    0.0000126  -0.00003306
 419    0.0000001  -0.00000065
 420    0.0000001  -0.00000073
 421    0.0000001  -0.00000061
 422    0.0000001  -0.00000079
 423    0.0000001  -0.00000068
 424    0.0000001  -0.00000073
 425    0.0000001  -0.00000088
 426    0.0000010  -0.00000285
 427    0.0000010  -0.00000269
 428    0.0000084  -0.00002805
 429    0.0000085  -0.00002901
 430    0.0000088  -0.00002926
 431    0.0000131  -0.00003238
 432    0.0000037  -0.00001084
 433    0.0000053  -0.00001406
 434    0.0000112  -0.00003443
 435    0.0000102  -0.00003389
 436    0.0000140  -0.00003648
 437    0.0000127  -0.00003540
 438    0.0000046  -0.00001630
 439    0.0000049  -0.00001646
 440    0.0000051  -0.00001936
 441    0.0000063  -0.00001845
 442    0.0000080  -0.00003066
 443    0.0000120  -0.00003547
 444    0.0000001  -0.00000052
 445    0.0000001  -0.00000067
 446    0.0000001  -0.00000061
 447    0.0000001  -0.00000075
 448    0.0000001  -0.00000061
 449    0.0000001  -0.00000067
 450    0.0000001  -0.00000083
 451    0.0000008  -0.00000236
 452    0.0000008  -0.00000223
 453    0.0000059  -0.00001945
 454    0.0000078  -0.00001954
 455    0.0000083  -0.00002354
 456    0.0000101  -0.00002429
 457    0.0000035  -0.00001053
 458    0.0000040  -0.00001195
 459    0.0000099  -0.00003301
 460    0.0000082  -0.00002876
 461    0.0000109  -0.00002976
 462    0.0000092  -0.00002900
 463    0.0000030  -0.00001305
 464    0.0000042  -0.00001570
 465    0.0000046  -0.00001502
 466    0.0000057  -0.00002021
 467    0.0000054  -0.00002622
 468    0.0000111  -0.00003733
 469    0.0000001  -0.00000048
 470    0.0000001  -0.00000061
 471    0.0000001  -0.00000057
 472    0.0000001  -0.00000071
 473    0.0000001  -0.00000057
 474    0.0000001  -0.00000065
 475    0.0000001  -0.00000078
 476    0.0000006  -0.00000209
 477    0.0000006  -0.00000213
 478    0.0000053  -0.00001739
 479    0.0000070  -0.00002030
 480    0.0000077  -0.00002185
 481    0.0000086  -0.00002262
 482    0.0000033  -0.00001009
 483    0.0000038  -0.00001028
 484    0.0000088  -0.00002768
 485    0.0000058  -0.00002258
 486    0.0000097  -0.00002973
 487    0.0000086  -0.00002860
 488    0.0000024  -0.00000929
 489    0.0000027  -0.00001164
 490    0.0000037  -0.00001330
 491    0.0000053  -0.00001721
 492    0.0000053  -0.00001865
 493    0.0000105  -0.00003171
 494    0.0000001  -0.00000043
 495    0.0000001  -0.00000060
 496    0.0000001  -0.00000055
 497    0.0000001  -0.00000063
 498    0.0000001  -0.00000057
 499    0.0000001  -0.00000055
 500    0.0000001  -0.00000076
 501    0.0000006  -0.00000182
 502    0.0000006  -0.00000199
 503    0.0000050  -0.00001548
 504    0.0000047  -0.00001631
 505    0.0000070  -0.00002094
 506    0.0000073  -0.00002062
 507    0.0000027  -0.00000888
 508    0.0000032  -0.00000913
 509    0.0000076  -0.00002361
 510    0.0000050  -0.00001978
 511    0.0000088  -0.00002411
 512    0.0000086  -0.00002403
 513    0.0000022  -0.00000843
 514    0.0000024  -0.00000913
 515    0.0000030  -0.00001053
 516    0.0000041  -0.00001305
 517    0.0000043  -0.00001642
 518    0.0000094  -0.00002977
 519    0.0000001  -0.00000043
 520    0.0000001  -0.00000063
 521    0.0000001  -0.00000052
 522    0.0000001  -0.00000062
 523    0.0000001  -0.00000056
 524    0.0000001  -0.00000054
 525    0.0000001  -0.00000062
 526    0.0000005  -0.00000190
 527    0.0000006  -0.00000199
 528    0.0000037  -0.00001494
 529    0.0000039  -0.00001580
 530    0.0000044  -0.00001594
 531    0.0000068  -0.00001679
 532    0.0000022  -0.00000663
 533    0.0000025  -0.00000682
 534    0.0000051  -0.00001939
 535    0.0000044  -0.00001702
 536    0.0000069  -0.00002147
 537    0.0000085  -0.00002366
 538    0.0000019  -0.00000748
 539    0.0000021  -0.00000762
 540    0.0000030  -0.00000847
 541    0.0000037  -0.00001129
 542    0.0000035  -0.00001413
 543    0.0000082  -0.00002329
 544    0.0000001  -0.00000041
 545    0.0000001  -0.00000058
 546    0.0000001  -0.00000053
 547    0.0000001  -0.00000058
 548    0.0000001  -0.00000054
 549    0.0000001  -0.00000056
 550    0.0000001  -0.00000060
 551    0.0000005  -0.00000172
 552    0.0000006  -0.00000178
 553    0.0000036  -0.00001242
 554    0.0000034  -0.00001184
 555    0.0000042  -0.00001366
 556    0.0000066  -0.00001921
 557    0.0000021  -0.00000577
 558    0.0000023  -0.00000631
 559    0.0000042  -0.00001671
 560    0.0000043  -0.00001469
 561    0.0000064  -0.00001789
 562    0.0000063  -0.00001858
 563    0.0000016  -0.00000516
 564    0.0000019  -0.00000581
 565    0.0000029  -0.00000900
 566    0.0000023  -0.00000747
 567    0.0000030  -0.00001218
 568    0.0000070  -0.00002044
 569    0.0000001  -0.00000038
 570    0.0000001  -0.00000055
 571    0.0000001  -0.00000046
 572    0.0000001  -0.00000044
 573    0.0000001  -0.00000052
 574    0.0000001  -0.00000052
 575    0.0000001  -0.00000061
 576    0.0000004  -0.00000160
 577    0.0000005  -0.00000173
 578    0.0000027  -0.00001114
 579    0.0000029  -0.00001151
 580    0.0000039  -0.00001208
 581    0.0000057  -0.00001566
 582    0.0000017  -0.00000508
 583    0.0000022  -0.00000526
 584    0.0000040  -0.00001516
 585    0.0000036  -0.00001440
 586    0.0000048  -0.00001589
 587    0.0000057  -0.00001717
 588    0.0000013  -0.00000448
 589    0.0000018  -0.00000523
 590    0.0000025  -0.00000691
 591    0.0000021  -0.00000683
 592    0.0000027  -0.00000952
 593    0.0000064  -0.00001581
 594    0.0000001  -0.00000038
 595    0.0000001  -0.00000052
 596    0.0000001  -0.00000045
 597    0.0000001  -0.00000042
 598    0.0000001  -0.00000043
 599    0.0000001  -0.00000047
 600    0.0000001  -0.00000051
 601    0.0000004  -0.00000151
 602    0.0000004  -0.00000162
 603    0.0000027  -0.00000924
 604    0.0000026  -0.00000927
 605    0.0000038  -0.00001178
 606    0.0000054  -0.00001259
 607    0.0000013  -0.00000392
 608    0.0000017  -0.00000502
 609    0.0000032  -0.00001291
 610    0.0000023  -0.00000946
 611    0.0000043  -0.00001435
 612    0.0000039  -0.00001352
 613    0.0000012  -0.00000381
 614    0.0000017  -0.00000464
 615    0.0000022  -0.00000536
 616    0.0000017  -0.00000521
 617    0.0000021  -0.00000777
 618    0.0000062  -0.00001774
 619    0.0000000  -0.00000034
 620    0.0000001  -0.00000054
 621    0.0000001  -0.00000047
 622    0.0000001  -0.00000037
 623    0.0000001  -0.00000043
 624    0.0000001  -0.00000047
 625    0.0000001  -0.00000051
 
----------------
 Final Energies 
----------------
       HF Total Energy =    -269.3751104
Final NOF Total Energy =    -270.4902947
    Correlation Energy =      -1.1151843
 
Total Orbital Internal Iterations = 866
Total Occupation Internal Iterations = 409
 
Elapsed time: 30605.41 Seconds

---------------------------------
   Lowdin Population Analysis    
---------------------------------
 Idx  Atom   Population   Charge 
---------------------------------
  1     C     5.885       0.115
  2     C     5.885       0.115
  3     C     5.996       0.004
  4     C     5.885       0.115
  5     C     5.885       0.115
  6     C     5.996       0.004
  7     C     5.843       0.157
  8     H     1.095      -0.095
  9     H     1.095      -0.095
 10     H     1.068      -0.068
 11     H     1.095      -0.095
 12     H     1.095      -0.095
 13     H     1.068      -0.068
 14     H     1.055      -0.055
 15     H     1.055      -0.055

---------------------------------
   M Diagnostic: 0.21
---------------------------------

