Computing Integrals
Elapsed time:    4.68 Seconds

Number of basis functions                   (NBF)    = 408
Number of auxiliary basis functions         (NBFAUX) = 408
Inactive Doubly occupied orbitals up to     (NO1)    = 0
No. considered Strongly Doubly occupied MOs (NDOC)   = 15
No. considered Strongly Singly occupied MOs (NSOC)   = 0
NO. of Weakly occ. per St. Doubly occ.  MOs (NCWO)   = 26
Dimension of the Nat. Orb. subspace         (NBF5)   = 405
No. of electrons                                     = 30
    No. of alpha electrons                           = 15
    No. of beta electrons                            = 15
Multiplicity                                         = 1

Geometry
========
 C      -1.8427000      -0.1182200       0.0000000
 C      -0.6098900       0.3958500       0.0000000
 C       0.6098900      -0.3958500       0.0000000
 C       1.8427000       0.1182200       0.0000000
 H      -2.0101200      -1.1900900       0.0000000
 H      -2.7218800       0.5134800       0.0000000
 H      -0.4833800       1.4760300       0.0000000
 H       0.4833800      -1.4760300       0.0000000
 H       2.0101200       1.1900900       0.0000000
 H       2.7218800      -0.5134800       0.0000000

No violations of the orthonormality
Hartree-Fock
============

  Nitext  Nitint    Eelec          Etot           Ediff          maxdiff
     1      1  -154.39972400   -50.54057521    57.07020806     8.48589246 
     2     10  -235.86337987  -132.00423108    -4.06302276     4.80646343 
     3     10  -249.06626696  -145.20711818    -1.21521995     4.70834853 
     4     10  -252.56769887  -148.70855008    -0.17743606     4.58074742 
     5     10  -254.50108466  -150.64193587    -0.27411346     4.34725593 
     6     10  -255.70221400  -151.84306522    -0.35344854     2.94257674 
     7     10  -256.12961647  -152.27046769    -0.17760318     3.40913855 
     8     10  -256.46100054  -152.60185175    -0.21872613     3.12861042 
     9     10  -256.77553393  -152.91638514    -0.50355237     3.02996389 
    10     10  -257.27293236  -153.41378358    -0.59717633     3.18217519 
    11     10  -256.57717053  -152.71802174     0.47120416     2.87073326 
    12     10  -257.31281185  -153.45366307    -0.49000532     2.74601203 
    13     10  -256.87691563  -153.01776685    -0.32953647     2.75736214 
    14     10  -256.76720477  -152.90805599     0.77904201     2.73093473 
    15     10  -257.45699480  -153.59784602    -0.85688722     2.66983696 
    16     10  -257.01061846  -153.15146968     0.26905361     2.65503877 
    17     10  -257.39972579  -153.54057701    -0.15721992     2.40642405 
    18     10  -257.10026393  -153.24111515     0.05878177     2.27889222 
    19     10  -257.71310366  -153.85395487    -0.47813378     2.21368444 
    20     10  -257.38495925  -153.52581047     0.13625105     2.41643122 
    21     10  -257.48165048  -153.62250170    -0.06385993     2.06478828 
    22     10  -257.60417778  -153.74502900    -0.04014236     2.08466717 
    23     10  -257.60369854  -153.74454975     0.04383873     2.05163064 
    24     10  -257.68803365  -153.82888487    -0.07435302     1.75539184 
    25     10  -257.70569942  -153.84655064    -0.03537060     1.86096176 
    26     10  -257.66987896  -153.81073018     0.00215560     1.83654418 
    27     10  -257.67752295  -153.81837417     0.15309464     2.02915025 
    28     10  -257.72075477  -153.86160599     0.10897984     1.90959555 
    29     10  -257.70179876  -153.84264998     0.22335972     1.66322051 
    30     10  -257.93334230  -154.07419352    -0.16085166     1.68191786 
No violations of the orthonormality
 
PNOF7/ADAM Calculation
==================
 
  Nitext  Nit_orb  Time   Nit_occ  Time         Eelec          Etot           Ediff      maxdiff    Grad_orb  Grad_occ
0.0009619478210595167
0.0034481618645418248
     1      10    1.2e+02   14    4.0e+01  -257.51424618  -153.65509740 -10256.51424618   2.511437   3.1e+01   1.1e-04 0.00
0.0020606312376798552
0.004846771309432436
     2      30    3.1e+02   36    1.6e+01  -258.90515760  -155.04600882    -1.39091142   0.016712   2.0e-01   2.4e-04 0.00
0.009464398487793346
0.017715726636969062
     3      30    3.2e+02   52    2.1e+01  -258.98188325  -155.12273446    -0.07672564   0.400439   6.6e+00   2.0e-04 0.02
0.01618384321967603
0.03229062137541316
     4      30    3.1e+02   42    1.6e+01  -259.13243957  -155.27329079    -0.15055633   0.008276   1.9e-01   2.1e-04 0.05
0.021635163960416103
0.04095215490272736
     5      30    3.1e+02   40    1.5e+01  -259.21337699  -155.35422820    -0.08093741   0.007155   1.7e-01   2.6e-04 0.10
0.019863857476505854
0.03883736395248907
     6      30    3.2e+02   32    1.4e+01  -259.25681513  -155.39766635    -0.04343814   0.006373   1.5e-01   2.3e-04 0.14
0.01685185608490858
0.032910415223818504
     7      30    3.2e+02   26    1.0e+01  -259.27820049  -155.41905170    -0.02138536   0.008691   1.3e-01   2.4e-04 0.17
0.011680269642383112
0.021484788204975232
     8      30    3.1e+02   14    6.9e+00  -259.28896252  -155.42981374    -0.01076203   0.004592   1.1e-01   2.6e-04 0.19
0.005777772329088604
0.009146338136371333
     9      30    3.1e+02   20    8.0e+00  -259.29364604  -155.43449725    -0.00468352   0.004800   1.1e-01   2.5e-04 0.19
0.0022260603944236346
0.0033952407811547445
    10      30    3.1e+02    7    4.3e+00  -259.29568488  -155.43653609    -0.00203884   0.004189   9.7e-02   2.9e-04 0.19
0.0009414541895256257
0.001712113145128945
    11      30    3.1e+02   14    6.2e+00  -259.29672428  -155.43757550    -0.00103941   0.006182   9.6e-02   2.2e-04 0.19
0.0005797277328287269
0.0011970846740568463
    12      30    3.1e+02   14    6.3e+00  -259.29758238  -155.43843359    -0.00085809   0.004964   6.5e-02   1.9e-04 0.19
0.0003801010182612474
0.0007220858294660364
    13      30    3.1e+02    3    2.9e+00  -259.29801956  -155.43887077    -0.00043718   0.002514   4.2e-02   2.3e-04 0.19
0.00042826125942496684
0.000813949379293326
    14      30    3.1e+02    1    1.9e+00  -259.29812855  -155.43897977    -0.00010899   0.002097   3.2e-02   1.8e-04 0.19
0.0
0.0
    15      30    3.1e+02    0    1.6e+00  -259.29813434  -155.43898556    -0.00000579   0.003589   4.3e-02   1.9e-04 0.19
0.0
0.0
    16      40    4.1e+02    0    1.7e+00  -259.29818446  -155.43903568    -0.00005012   0.001236   1.5e-02   1.9e-04 0.19
0.0
0.0
    17      50    5.2e+02    0    1.7e+00  -259.29818806  -155.43903928    -0.00000360   0.004249   2.3e-02   1.9e-04 0.19
0.0
0.0
    18      60    6.3e+02    0    1.7e+00  -259.29818910  -155.43904032    -0.00000104   0.005355   3.2e-02   1.9e-04 0.19
0.0
0.0
    19      70    7.2e+02    0    1.7e+00  -259.29820581  -155.43905703    -0.00001671   0.000116   8.1e-04   1.9e-04 0.19
0.0
0.0
    20      80    8.2e+02    0    1.6e+00  -259.29820888  -155.43906010    -0.00000307   0.000095   9.6e-04   1.9e-04 0.19
 
RESULTS OF THE OCCUPATION OPTIMIZATION
========================================
   1    1.9992858  -11.21683787
   2    1.9992769  -11.21600900
   3    1.9992921  -11.21501498
   4    1.9992801  -11.21465537
   5    1.9760779  -0.86233747
   6    1.9745658  -0.86011748
   7    1.9674131  -0.79104271
   8    1.9660753  -0.70279746
   9    1.9658753  -0.70273459
  10    1.9659914  -0.70198202
  11    1.9657785  -0.70125012
  12    1.9653261  -0.70013538
  13    1.9653601  -0.69973970
  14    1.8210830  -0.40346285
  15    1.8083025  -0.39910713
  16    0.1902406  -0.05834640
  17    0.1721514  -0.05382457
  18    0.0234716  -0.01687731
  19    0.0234985  -0.01688201
  20    0.0227576  -0.01648120
  21    0.0225835  -0.01640578
  22    0.0225996  -0.01637574
  23    0.0225331  -0.01635930
  24    0.0241194  -0.01884625
  25    0.0151308  -0.01372404
  26    0.0155729  -0.01398588
  27    0.0004408  -0.00816588
  28    0.0004394  -0.00814520
  29    0.0004389  -0.00813384
  30    0.0004377  -0.00811835
  31    0.0008056  -0.00064674
  32    0.0057591  -0.00302327
  33    0.0048457  -0.00483438
  34    0.0047977  -0.00482558
  35    0.0052319  -0.00509135
  36    0.0051841  -0.00506029
  37    0.0052164  -0.00508623
  38    0.0051538  -0.00505016
  39    0.0036134  -0.00413237
  40    0.0046790  -0.00528400
  41    0.0050821  -0.00549200
  42    0.0000953  -0.00131630
  43    0.0000958  -0.00132152
  44    0.0000940  -0.00129903
  45    0.0000930  -0.00129316
  46    0.0002489  -0.00022369
  47    0.0008091  -0.00067677
  48    0.0032651  -0.00343271
  49    0.0031573  -0.00340035
  50    0.0032350  -0.00341721
  51    0.0032125  -0.00341874
  52    0.0030561  -0.00329281
  53    0.0030925  -0.00333273
  54    0.0027369  -0.00330470
  55    0.0036487  -0.00405856
  56    0.0011050  -0.00174193
  57    0.0000874  -0.00123019
  58    0.0000873  -0.00123159
  59    0.0000902  -0.00126437
  60    0.0000908  -0.00126666
  61    0.0001478  -0.00013746
  62    0.0001422  -0.00012974
  63    0.0018274  -0.00218665
  64    0.0019799  -0.00227960
  65    0.0018177  -0.00213983
  66    0.0018368  -0.00215032
  67    0.0018664  -0.00217714
  68    0.0018851  -0.00218559
  69    0.0009866  -0.00151821
  70    0.0010813  -0.00172230
  71    0.0010301  -0.00164881
  72    0.0000794  -0.00103245
  73    0.0000694  -0.00090276
  74    0.0000855  -0.00110941
  75    0.0000786  -0.00101345
  76    0.0001445  -0.00011165
  77    0.0000073  -0.00001008
  78    0.0002960  -0.00044445
  79    0.0002994  -0.00043956
  80    0.0002656  -0.00041521
  81    0.0002749  -0.00042823
  82    0.0003914  -0.00053836
  83    0.0002939  -0.00044316
  84    0.0003703  -0.00060853
  85    0.0002536  -0.00050603
  86    0.0003780  -0.00063642
  87    0.0000081  -0.00035313
  88    0.0000093  -0.00036094
  89    0.0000090  -0.00036163
  90    0.0000089  -0.00035911
  91    0.0000259  -0.00002668
  92    0.0000066  -0.00000753
  93    0.0002484  -0.00038094
  94    0.0002716  -0.00041200
  95    0.0002285  -0.00037085
  96    0.0002223  -0.00036524
  97    0.0002605  -0.00040821
  98    0.0002609  -0.00039580
  99    0.0002993  -0.00050261
 100    0.0001296  -0.00028061
 101    0.0001602  -0.00032122
 102    0.0000039  -0.00003004
 103    0.0000037  -0.00003302
 104    0.0000024  -0.00002521
 105    0.0000018  -0.00002058
 106    0.0000232  -0.00002912
 107    0.0000053  -0.00000584
 108    0.0001610  -0.00027545
 109    0.0001395  -0.00025992
 110    0.0001379  -0.00025091
 111    0.0001428  -0.00026020
 112    0.0001870  -0.00033293
 113    0.0001692  -0.00027784
 114    0.0001043  -0.00023997
 115    0.0001191  -0.00026276
 116    0.0001534  -0.00031723
 117    0.0000012  -0.00001081
 118    0.0000005  -0.00003206
 119    0.0000005  -0.00003119
 120    0.0000008  -0.00002113
 121    0.0000204  -0.00001702
 122    0.0000048  -0.00000422
 123    0.0001211  -0.00024230
 124    0.0001266  -0.00024559
 125    0.0001310  -0.00023855
 126    0.0001396  -0.00024292
 127    0.0001315  -0.00024515
 128    0.0001379  -0.00024799
 129    0.0000797  -0.00019653
 130    0.0000791  -0.00020886
 131    0.0001347  -0.00029380
 132    0.0000009  -0.00000863
 133    0.0000004  -0.00000368
 134    0.0000003  -0.00000210
 135    0.0000005  -0.00001946
 136    0.0000141  -0.00000564
 137    0.0000039  -0.00000573
 138    0.0000956  -0.00019357
 139    0.0001008  -0.00019502
 140    0.0001104  -0.00020996
 141    0.0001061  -0.00020826
 142    0.0001091  -0.00020269
 143    0.0000945  -0.00019824
 144    0.0000572  -0.00014380
 145    0.0000700  -0.00019683
 146    0.0000753  -0.00020583
 147    0.0000005  -0.00002751
 148    0.0000003  -0.00000229
 149    0.0000002  -0.00000150
 150    0.0000004  -0.00000280
 151    0.0000046  -0.00000935
 152    0.0000029  -0.00000218
 153    0.0000734  -0.00016424
 154    0.0000737  -0.00016080
 155    0.0000728  -0.00016533
 156    0.0000641  -0.00015914
 157    0.0000685  -0.00016100
 158    0.0000710  -0.00016029
 159    0.0000451  -0.00014283
 160    0.0000666  -0.00014022
 161    0.0000625  -0.00018915
 162    0.0000003  -0.00000191
 163    0.0000003  -0.00000164
 164    0.0000002  -0.00000114
 165    0.0000003  -0.00000161
 166    0.0000041  -0.00000430
 167    0.0000028  -0.00000300
 168    0.0000520  -0.00011585
 169    0.0000483  -0.00012328
 170    0.0000534  -0.00012325
 171    0.0000573  -0.00012408
 172    0.0000494  -0.00012376
 173    0.0000514  -0.00012456
 174    0.0000433  -0.00008785
 175    0.0000477  -0.00012065
 176    0.0000381  -0.00008405
 177    0.0000002  -0.00000162
 178    0.0000002  -0.00000101
 179    0.0000002  -0.00000110
 180    0.0000002  -0.00000105
 181    0.0000036  -0.00000483
 182    0.0000026  -0.00000299
 183    0.0000479  -0.00011823
 184    0.0000414  -0.00010966
 185    0.0000453  -0.00010641
 186    0.0000451  -0.00010858
 187    0.0000491  -0.00011059
 188    0.0000396  -0.00010510
 189    0.0000289  -0.00006406
 190    0.0000275  -0.00007568
 191    0.0000267  -0.00008480
 192    0.0000002  -0.00000137
 193    0.0000001  -0.00000114
 194    0.0000002  -0.00000099
 195    0.0000002  -0.00000115
 196    0.0000025  -0.00000346
 197    0.0000025  -0.00000325
 198    0.0000266  -0.00008189
 199    0.0000298  -0.00008566
 200    0.0000300  -0.00007823
 201    0.0000301  -0.00008053
 202    0.0000314  -0.00008194
 203    0.0000361  -0.00008605
 204    0.0000179  -0.00004140
 205    0.0000210  -0.00006750
 206    0.0000181  -0.00006400
 207    0.0000002  -0.00000106
 208    0.0000001  -0.00000096
 209    0.0000001  -0.00000087
 210    0.0000001  -0.00000082
 211    0.0000016  -0.00000251
 212    0.0000023  -0.00000225
 213    0.0000204  -0.00004987
 214    0.0000187  -0.00004523
 215    0.0000208  -0.00004946
 216    0.0000216  -0.00004600
 217    0.0000296  -0.00006072
 218    0.0000181  -0.00004495
 219    0.0000178  -0.00004510
 220    0.0000209  -0.00005568
 221    0.0000172  -0.00004763
 222    0.0000002  -0.00000101
 223    0.0000001  -0.00000081
 224    0.0000001  -0.00000091
 225    0.0000001  -0.00000082
 226    0.0000012  -0.00000241
 227    0.0000020  -0.00000240
 228    0.0000165  -0.00003894
 229    0.0000135  -0.00003820
 230    0.0000181  -0.00004037
 231    0.0000152  -0.00003981
 232    0.0000127  -0.00003451
 233    0.0000163  -0.00003913
 234    0.0000126  -0.00003411
 235    0.0000087  -0.00003662
 236    0.0000140  -0.00004255
 237    0.0000002  -0.00000100
 238    0.0000001  -0.00000082
 239    0.0000001  -0.00000084
 240    0.0000001  -0.00000068
 241    0.0000011  -0.00000214
 242    0.0000015  -0.00000268
 243    0.0000124  -0.00003644
 244    0.0000126  -0.00003192
 245    0.0000122  -0.00003267
 246    0.0000142  -0.00003370
 247    0.0000109  -0.00002848
 248    0.0000135  -0.00003672
 249    0.0000104  -0.00002590
 250    0.0000084  -0.00002906
 251    0.0000113  -0.00003779
 252    0.0000001  -0.00000080
 253    0.0000001  -0.00000064
 254    0.0000001  -0.00000083
 255    0.0000001  -0.00000067
 256    0.0000010  -0.00000215
 257    0.0000014  -0.00000299
 258    0.0000112  -0.00003173
 259    0.0000104  -0.00002887
 260    0.0000097  -0.00003031
 261    0.0000106  -0.00003336
 262    0.0000097  -0.00003166
 263    0.0000096  -0.00002924
 264    0.0000070  -0.00002527
 265    0.0000078  -0.00003314
 266    0.0000089  -0.00003323
 267    0.0000001  -0.00000081
 268    0.0000001  -0.00000061
 269    0.0000001  -0.00000073
 270    0.0000001  -0.00000059
 271    0.0000010  -0.00000206
 272    0.0000013  -0.00000221
 273    0.0000109  -0.00002903
 274    0.0000091  -0.00002848
 275    0.0000094  -0.00002888
 276    0.0000080  -0.00002819
 277    0.0000088  -0.00002926
 278    0.0000094  -0.00003089
 279    0.0000064  -0.00002236
 280    0.0000059  -0.00002420
 281    0.0000065  -0.00002623
 282    0.0000001  -0.00000078
 283    0.0000001  -0.00000048
 284    0.0000001  -0.00000077
 285    0.0000001  -0.00000054
 286    0.0000009  -0.00000175
 287    0.0000012  -0.00000228
 288    0.0000078  -0.00002773
 289    0.0000087  -0.00002856
 290    0.0000072  -0.00002629
 291    0.0000076  -0.00002384
 292    0.0000082  -0.00002583
 293    0.0000080  -0.00002619
 294    0.0000063  -0.00002076
 295    0.0000052  -0.00001787
 296    0.0000058  -0.00002155
 297    0.0000001  -0.00000069
 298    0.0000001  -0.00000049
 299    0.0000001  -0.00000076
 300    0.0000001  -0.00000054
 301    0.0000009  -0.00000168
 302    0.0000012  -0.00000238
 303    0.0000067  -0.00002195
 304    0.0000072  -0.00002456
 305    0.0000058  -0.00001947
 306    0.0000069  -0.00002204
 307    0.0000060  -0.00002098
 308    0.0000071  -0.00002340
 309    0.0000050  -0.00001909
 310    0.0000051  -0.00001764
 311    0.0000051  -0.00002034
 312    0.0000001  -0.00000071
 313    0.0000001  -0.00000043
 314    0.0000001  -0.00000065
 315    0.0000001  -0.00000057
 316    0.0000007  -0.00000159
 317    0.0000011  -0.00000219
 318    0.0000061  -0.00001877
 319    0.0000062  -0.00002153
 320    0.0000049  -0.00001837
 321    0.0000053  -0.00001875
 322    0.0000049  -0.00001535
 323    0.0000064  -0.00001941
 324    0.0000045  -0.00001377
 325    0.0000040  -0.00001620
 326    0.0000038  -0.00001705
 327    0.0000001  -0.00000065
 328    0.0000001  -0.00000040
 329    0.0000001  -0.00000071
 330    0.0000001  -0.00000049
 331    0.0000007  -0.00000149
 332    0.0000010  -0.00000209
 333    0.0000047  -0.00001691
 334    0.0000053  -0.00001589
 335    0.0000042  -0.00001409
 336    0.0000049  -0.00001869
 337    0.0000046  -0.00001579
 338    0.0000048  -0.00001852
 339    0.0000040  -0.00001132
 340    0.0000037  -0.00001246
 341    0.0000035  -0.00001256
 342    0.0000001  -0.00000060
 343    0.0000001  -0.00000044
 344    0.0000001  -0.00000071
 345    0.0000001  -0.00000046
 346    0.0000007  -0.00000138
 347    0.0000010  -0.00000205
 348    0.0000033  -0.00001235
 349    0.0000048  -0.00001671
 350    0.0000040  -0.00001431
 351    0.0000044  -0.00001418
 352    0.0000042  -0.00001517
 353    0.0000045  -0.00001691
 354    0.0000032  -0.00000884
 355    0.0000033  -0.00001195
 356    0.0000031  -0.00001278
 357    0.0000001  -0.00000066
 358    0.0000001  -0.00000037
 359    0.0000001  -0.00000065
 360    0.0000001  -0.00000045
 361    0.0000006  -0.00000134
 362    0.0000009  -0.00000162
 363    0.0000030  -0.00001269
 364    0.0000047  -0.00001363
 365    0.0000035  -0.00001166
 366    0.0000041  -0.00001408
 367    0.0000033  -0.00000893
 368    0.0000031  -0.00001237
 369    0.0000031  -0.00000892
 370    0.0000025  -0.00000770
 371    0.0000024  -0.00001127
 372    0.0000001  -0.00000056
 373    0.0000001  -0.00000039
 374    0.0000001  -0.00000066
 375    0.0000001  -0.00000045
 376    0.0000006  -0.00000122
 377    0.0000008  -0.00000136
 378    0.0000027  -0.00000871
 379    0.0000043  -0.00001175
 380    0.0000025  -0.00000929
 381    0.0000037  -0.00001266
 382    0.0000029  -0.00001169
 383    0.0000029  -0.00001206
 384    0.0000022  -0.00000740
 385    0.0000025  -0.00000629
 386    0.0000017  -0.00000524
 387    0.0000001  -0.00000061
 388    0.0000001  -0.00000034
 389    0.0000001  -0.00000060
 390    0.0000001  -0.00000036
 391    0.0000006  -0.00000118
 392    0.0000008  -0.00000137
 393    0.0000024  -0.00000595
 394    0.0000039  -0.00001218
 395    0.0000021  -0.00000834
 396    0.0000031  -0.00000945
 397    0.0000024  -0.00000780
 398    0.0000020  -0.00000690
 399    0.0000021  -0.00000535
 400    0.0000022  -0.00000595
 401    0.0000016  -0.00000479
 402    0.0000000  -0.00000031
 403    0.0000001  -0.00000030
 404    0.0000001  -0.00000057
 405    0.0000001  -0.00000035
 
----------------
 Final Energies 
----------------
       HF Total Energy =    -154.0741935
Final NOF Total Energy =    -155.4390601
    Correlation Energy =      -1.3648666
 
Total Orbital Internal Iterations = 730
Total Occupation Internal Iterations = 315
 
Elapsed time: 9099.06 Seconds

---------------------------------
   Lowdin Population Analysis    
---------------------------------
 Idx  Atom   Population   Charge 
---------------------------------
  1     C     5.781       0.219
  2     C     5.973       0.027
  3     C     5.974       0.026
  4     C     5.783       0.217
  5     H     1.088      -0.088
  6     H     1.092      -0.092
  7     H     1.065      -0.065
  8     H     1.065      -0.065
  9     H     1.088      -0.088
 10     H     1.092      -0.092

---------------------------------
   M Diagnostic: 0.19
---------------------------------

