sugar0_C.jld2 not found
sugar0_n.jld2 not found
Computing Integrals
NVIDIA GeForce RTX 3090
Elapsed time:   71.37 Seconds

Number of basis functions                   (NBF)    = 1134
Number of auxiliary basis functions         (NBFAUX) = 1180
Inactive Doubly occupied orbitals up to     (NO1)    = 0
No. considered Strongly Doubly occupied MOs (NDOC)   = 48
No. considered Strongly Singly occupied MOs (NSOC)   = 0
NO. of Weakly occ. per St. Doubly occ.  MOs (NCWO)   = 22
Dimension of the Nat. Orb. subspace         (NBF5)   = 1104
No. of electrons                                     = 96
    No. of alpha electrons                           = 48
    No. of beta electrons                            = 48
Multiplicity                                         = 1

Geometry
========
 C      -2.8317400      -1.0395700      -0.0772600
 C      -1.4589100      -0.7942500       0.5847800
 C      -0.3118700      -0.6332200      -0.4021400
 C       1.0683500      -0.3540400       0.2300800
 C       1.1759200       1.1667900       0.0499300
 O       0.4036700       1.7399600       1.1150100
 C       0.5017500       1.3463000      -1.2962700
 O      -3.4370800       0.2146100      -0.3162600
 O       2.0109800      -1.0257500      -0.5296500
 O      -1.6813700       0.4414100       1.3435700
 O      -0.5993600       0.4526500      -1.2562800
 C       3.2939800      -1.1293100       0.0500900
 H      -2.7205300      -1.6356400      -0.9859400
 H      -3.4835400      -1.5876400       0.6045700
 H      -1.2302300      -1.5819100       1.3056900
 H      -0.2468900      -1.5755800      -0.9634100
 H       1.1202100      -0.6413900       1.2936100
 H       2.1999500       1.5445900       0.0905600
 H      -0.8587900       1.0882000       1.3210800
 H       0.1302100       2.3570200      -1.4809700
 H       1.1987900       1.0879300      -2.1005400
 H      -3.2270800       0.5321500      -1.2009200
 H      -2.4669900       0.8462700       0.8568700
 H       3.7912200      -0.1586800       0.1534600
 H       3.2527300      -1.6055600       1.0359400
 H       3.8944400      -1.7496400      -0.6108000
 H       0.5121800       2.6943200       1.1852000

No violations of the orthonormality
No violations of the orthonormality
 
PNOF7/ADABelief Calculation
==================
 
  Nitext  Nit_orb  Time   Nit_occ  Time         Eelec          Etot           Ediff      maxdiff    MaxGrad_orb  Grad_occ
     1      10    5.2e+01   18    1.3e+02 -1444.57494974  -584.49135469 -11443.57494974   4.096626   1.6e+01   2.6e-04 0.00
     2      10    1.0e+01   51    1.7e+02 -1472.52621141  -612.44261636   -27.95126167   2.313404   9.3e+00   3.3e-04 0.01
     3      10    9.6e+00    0    3.1e+00 -1472.63293195  -612.54933689    -0.10672054   2.313404   9.3e+00   3.3e-04 0.01
     4      30    2.7e+01   79    3.0e+02 -1505.39140316  -645.30780810   -32.75847121   0.547229   2.2e+00   2.8e-04 0.03
     5      30    2.7e+01   75    2.1e+02 -1507.82015749  -647.73656244    -2.42875433   0.090217   3.6e-01   3.0e-04 0.04
     6      30    2.7e+01   34    1.2e+02 -1509.06229960  -648.97870454    -1.24214211   0.036889   1.5e-01   3.0e-04 0.03
     7      30    2.7e+01   23    6.6e+01 -1509.36922377  -649.28562871    -0.30692417   0.023679   9.5e-02   4.3e-04 0.04
     8      30    2.7e+01   19    6.8e+01 -1509.45816592  -649.37457086    -0.08894215   0.024044   9.6e-02   4.2e-04 0.04
     9      30    2.7e+01   11    3.3e+01 -1509.49705357  -649.41345851    -0.03888765   0.024121   9.6e-02   4.2e-04 0.04
    10      30    2.7e+01   14    5.1e+01 -1509.50958578  -649.42599072    -0.01253221   0.026925   1.1e-01   3.5e-04 0.04
    11      30    2.7e+01    4    1.4e+01 -1509.51272333  -649.42912828    -0.00313755   0.022949   9.2e-02   4.3e-04 0.04
    12      30    2.8e+01    6    2.4e+01 -1509.51393945  -649.43034440    -0.00121612   0.027003   1.1e-01   3.8e-04 0.04
    13      30    2.7e+01    7    2.2e+01 -1509.51422415  -649.43062910    -0.00028470   0.018730   7.5e-02   3.7e-04 0.04
    14      30    2.8e+01    0    3.3e+00 -1509.51437527  -649.43078021    -0.00015111   0.018730   7.5e-02   3.7e-04 0.04
    15      50    4.5e+01    3    1.1e+01 -1509.52153182  -649.43793677    -0.00715656   0.009922   4.0e-02   3.1e-04 0.04
    16      50    4.6e+01    0    3.3e+00 -1509.52152341  -649.43792835     0.00000842   0.009922   4.0e-02   3.1e-04 0.04
    17      70    6.3e+01    4    1.4e+01 -1509.52184607  -649.43825102    -0.00032266   0.001111   4.4e-03   3.9e-04 0.04
    18      70    6.3e+01    0    3.2e+00 -1509.52186896  -649.43827390    -0.00002289   0.001111   4.4e-03   3.9e-04 0.04
    19      90    8.1e+01    0    3.0e+00 -1509.52111402  -649.43751897     0.00075493   0.000966   3.9e-03   3.0e-04 0.04
 
RESULTS OF THE OCCUPATION OPTIMIZATION
========================================
   1    1.9996929  -20.83187866
   2    1.9997070  -20.76901245
   3    1.9997084  -20.73814011
   4    1.9997066  -20.72092247
   5    1.9997084  -20.70175934
   6    1.9992739  -11.46785927
   7    1.9992773  -11.44347763
   8    1.9992827  -11.44132519
   9    1.9992729  -11.43880749
  10    1.9992750  -11.43522930
  11    1.9992806  -11.42246532
  12    1.9992903  -11.39103794
  13    1.9766522  -1.16146958
  14    1.9792084  -1.16111159
  15    1.9720860  -1.10890722
  16    1.9623664  -1.08565104
  17    1.9720848  -1.07760811
  18    1.9632880  -1.05448925
  19    1.9625822  -1.03545809
  20    1.9642409  -1.03415585
  21    1.9860144  -1.03137779
  22    1.9620421  -1.02973962
  23    1.9626638  -1.02775848
  24    1.9854240  -1.02505434
  25    1.9639084  -1.01248491
  26    1.9852145  -0.97812694
  27    1.9841586  -0.95851600
  28    1.9840411  -0.95028812
  29    1.9845756  -0.94949824
  30    1.9683224  -0.94035769
  31    1.9842774  -0.92631721
  32    1.9842586  -0.92618001
  33    1.9846873  -0.92425555
  34    1.9665157  -0.92365456
  35    1.9687891  -0.91828597
  36    1.9667600  -0.90937096
  37    1.9654869  -0.90702277
  38    1.9692719  -0.89216799
  39    1.9694343  -0.87392282
  40    1.9692010  -0.86661708
  41    1.9684230  -0.86192912
  42    1.9691681  -0.86015594
  43    1.9687493  -0.85889417
  44    1.9689384  -0.85153216
  45    1.9695402  -0.84333140
  46    1.9690002  -0.81625694
  47    1.9689114  -0.81448555
  48    1.9692733  -0.81390762
  49    0.0212635  -0.01724547
  50    0.0215283  -0.01734831
  51    0.0214959  -0.01737318
  52    0.0214513  -0.01765252
  53    0.0217690  -0.01792951
  54    0.0220994  -0.01823871
  55    0.0215403  -0.01796689
  56    0.0222255  -0.01832943
  57    0.0213681  -0.01786308
  58    0.0213547  -0.01792917
  59    0.0214439  -0.01823797
  60    0.0295462  -0.02418741
  61    0.0283696  -0.02345789
  62    0.0261860  -0.02216990
  63    0.0283884  -0.02370925
  64    0.0115382  -0.01245060
  65    0.0120949  -0.01297285
  66    0.0122743  -0.01304324
  67    0.0266596  -0.02280814
  68    0.0120388  -0.01293208
  69    0.0121171  -0.01312343
  70    0.0121658  -0.01324864
  71    0.0109768  -0.01231280
  72    0.0326967  -0.03021173
  73    0.0111169  -0.01279090
  74    0.0339359  -0.03136787
  75    0.0348189  -0.03206489
  76    0.0101045  -0.01183937
  77    0.0327615  -0.03068562
  78    0.0338493  -0.03147800
  79    0.0331441  -0.03126359
  80    0.0234467  -0.02398740
  81    0.0344401  -0.03286939
  82    0.0234601  -0.02429825
  83    0.0165107  -0.01906372
  84    0.0190223  -0.02134272
  85    0.0004438  -0.00825541
  86    0.0004440  -0.00826024
  87    0.0004454  -0.00828061
  88    0.0004447  -0.00827653
  89    0.0004443  -0.00826897
  90    0.0004429  -0.00825726
  91    0.0004440  -0.00827517
  92    0.0002242  -0.00760568
  93    0.0002243  -0.00761187
  94    0.0002223  -0.00757594
  95    0.0002217  -0.00756281
  96    0.0002234  -0.00762145
  97    0.0042652  -0.00468352
  98    0.0043581  -0.00475092
  99    0.0043673  -0.00474999
 100    0.0037943  -0.00437945
 101    0.0039988  -0.00455869
 102    0.0036853  -0.00430877
 103    0.0038978  -0.00450914
 104    0.0038469  -0.00449206
 105    0.0041644  -0.00473374
 106    0.0037469  -0.00442511
 107    0.0036712  -0.00439609
 108    0.0021368  -0.00298733
 109    0.0019884  -0.00284151
 110    0.0020580  -0.00292393
 111    0.0021691  -0.00301745
 112    0.0012669  -0.00223343
 113    0.0013340  -0.00229297
 114    0.0013623  -0.00240817
 115    0.0020686  -0.00297376
 116    0.0013553  -0.00239608
 117    0.0013762  -0.00239543
 118    0.0013233  -0.00230340
 119    0.0014155  -0.00240908
 120    0.0020804  -0.00316978
 121    0.0013530  -0.00247595
 122    0.0021626  -0.00328623
 123    0.0019928  -0.00307110
 124    0.0014677  -0.00252887
 125    0.0018665  -0.00296799
 126    0.0023399  -0.00340101
 127    0.0024406  -0.00354178
 128    0.0023839  -0.00372454
 129    0.0020759  -0.00318096
 130    0.0024959  -0.00385324
 131    0.0021918  -0.00364292
 132    0.0021801  -0.00359565
 133    0.0000922  -0.00127547
 134    0.0000946  -0.00131162
 135    0.0000943  -0.00130750
 136    0.0000961  -0.00133655
 137    0.0000914  -0.00126342
 138    0.0000958  -0.00131976
 139    0.0000987  -0.00136079
 140    0.0000344  -0.00081711
 141    0.0000346  -0.00081634
 142    0.0000322  -0.00077497
 143    0.0000340  -0.00081859
 144    0.0000329  -0.00080018
 145    0.0023035  -0.00280125
 146    0.0022880  -0.00276334
 147    0.0022211  -0.00271262
 148    0.0022030  -0.00276767
 149    0.0022824  -0.00283543
 150    0.0023685  -0.00294391
 151    0.0023520  -0.00291996
 152    0.0023370  -0.00288535
 153    0.0022526  -0.00281423
 154    0.0023333  -0.00290049
 155    0.0024967  -0.00311334
 156    0.0011280  -0.00177031
 157    0.0012489  -0.00192864
 158    0.0011915  -0.00185827
 159    0.0012837  -0.00195047
 160    0.0011834  -0.00204467
 161    0.0009459  -0.00173642
 162    0.0010900  -0.00188316
 163    0.0012282  -0.00192603
 164    0.0008864  -0.00164471
 165    0.0012378  -0.00210369
 166    0.0010129  -0.00181134
 167    0.0008713  -0.00159320
 168    0.0006666  -0.00127188
 169    0.0008309  -0.00163010
 170    0.0006368  -0.00122558
 171    0.0005566  -0.00110693
 172    0.0010268  -0.00181185
 173    0.0005340  -0.00109554
 174    0.0006182  -0.00119784
 175    0.0005335  -0.00109008
 176    0.0008954  -0.00162576
 177    0.0005304  -0.00107247
 178    0.0008645  -0.00160232
 179    0.0009261  -0.00174533
 180    0.0010294  -0.00192936
 181    0.0000813  -0.00113648
 182    0.0000861  -0.00120171
 183    0.0000919  -0.00128203
 184    0.0000873  -0.00121077
 185    0.0000855  -0.00119643
 186    0.0000928  -0.00130201
 187    0.0000867  -0.00120944
 188    0.0000192  -0.00046778
 189    0.0000211  -0.00050883
 190    0.0000212  -0.00052451
 191    0.0000220  -0.00053930
 192    0.0000300  -0.00072694
 193    0.0020161  -0.00249237
 194    0.0020227  -0.00248137
 195    0.0020330  -0.00249352
 196    0.0021439  -0.00266625
 197    0.0021398  -0.00265264
 198    0.0023108  -0.00286528
 199    0.0021713  -0.00270442
 200    0.0023349  -0.00286597
 201    0.0021389  -0.00267748
 202    0.0022713  -0.00285375
 203    0.0022817  -0.00287487
 204    0.0010906  -0.00171688
 205    0.0009636  -0.00157051
 206    0.0011232  -0.00177657
 207    0.0009962  -0.00160015
 208    0.0006540  -0.00134031
 209    0.0008190  -0.00151831
 210    0.0004753  -0.00105449
 211    0.0009968  -0.00164200
 212    0.0004776  -0.00108349
 213    0.0007021  -0.00141262
 214    0.0007420  -0.00143655
 215    0.0008460  -0.00151112
 216    0.0004698  -0.00095872
 217    0.0005454  -0.00121062
 218    0.0004590  -0.00093831
 219    0.0004461  -0.00093193
 220    0.0007931  -0.00147753
 221    0.0004569  -0.00094616
 222    0.0004423  -0.00091108
 223    0.0003986  -0.00085628
 224    0.0008403  -0.00153390
 225    0.0004376  -0.00094536
 226    0.0007968  -0.00147920
 227    0.0007766  -0.00151332
 228    0.0007317  -0.00145597
 229    0.0000794  -0.00110698
 230    0.0000829  -0.00115195
 231    0.0000816  -0.00112039
 232    0.0000867  -0.00119973
 233    0.0000836  -0.00115728
 234    0.0000790  -0.00109016
 235    0.0000836  -0.00116455
 236    0.0000089  -0.00020190
 237    0.0000091  -0.00020796
 238    0.0000102  -0.00023939
 239    0.0000108  -0.00024841
 240    0.0000155  -0.00038432
 241    0.0001907  -0.00033042
 242    0.0001906  -0.00033083
 243    0.0001920  -0.00033110
 244    0.0001883  -0.00033557
 245    0.0001930  -0.00033636
 246    0.0001647  -0.00030588
 247    0.0001943  -0.00034286
 248    0.0001791  -0.00033053
 249    0.0001840  -0.00033218
 250    0.0001798  -0.00033104
 251    0.0001648  -0.00030913
 252    0.0001951  -0.00036885
 253    0.0002292  -0.00041736
 254    0.0002221  -0.00041540
 255    0.0002007  -0.00037580
 256    0.0001581  -0.00041022
 257    0.0001381  -0.00037128
 258    0.0001570  -0.00041212
 259    0.0002273  -0.00042307
 260    0.0001837  -0.00044636
 261    0.0001565  -0.00040818
 262    0.0001595  -0.00039640
 263    0.0001943  -0.00045313
 264    0.0000431  -0.00013987
 265    0.0002050  -0.00050159
 266    0.0000326  -0.00012364
 267    0.0000316  -0.00011619
 268    0.0001438  -0.00038519
 269    0.0000367  -0.00011263
 270    0.0000437  -0.00011238
 271    0.0000546  -0.00013151
 272    0.0000762  -0.00023281
 273    0.0000303  -0.00010637
 274    0.0000627  -0.00021751
 275    0.0000958  -0.00027812
 276    0.0000787  -0.00023894
 277    0.0000088  -0.00035764
 278    0.0000085  -0.00036045
 279    0.0000089  -0.00036353
 280    0.0000088  -0.00036373
 281    0.0000085  -0.00035631
 282    0.0000087  -0.00036027
 283    0.0000088  -0.00036095
 284    0.0000035  -0.00023491
 285    0.0000036  -0.00023927
 286    0.0000031  -0.00022878
 287    0.0000035  -0.00023483
 288    0.0000035  -0.00023494
 289    0.0001426  -0.00026350
 290    0.0001401  -0.00026620
 291    0.0001405  -0.00026669
 292    0.0001481  -0.00027087
 293    0.0001308  -0.00025038
 294    0.0001307  -0.00026244
 295    0.0001429  -0.00026549
 296    0.0001345  -0.00025935
 297    0.0001425  -0.00027177
 298    0.0001428  -0.00026356
 299    0.0001423  -0.00027036
 300    0.0001488  -0.00030110
 301    0.0002000  -0.00036446
 302    0.0001519  -0.00031406
 303    0.0001839  -0.00035657
 304    0.0001572  -0.00040013
 305    0.0001371  -0.00036202
 306    0.0000944  -0.00027848
 307    0.0002215  -0.00041781
 308    0.0001644  -0.00043341
 309    0.0000997  -0.00029682
 310    0.0001273  -0.00034585
 311    0.0001424  -0.00036775
 312    0.0000339  -0.00010581
 313    0.0001889  -0.00047559
 314    0.0000315  -0.00009952
 315    0.0000227  -0.00007653
 316    0.0001268  -0.00035225
 317    0.0000270  -0.00009022
 318    0.0000296  -0.00009030
 319    0.0000297  -0.00009644
 320    0.0000621  -0.00015715
 321    0.0000266  -0.00009340
 322    0.0000556  -0.00018034
 323    0.0000879  -0.00028816
 324    0.0000731  -0.00024204
 325    0.0000012  -0.00001233
 326    0.0000017  -0.00001459
 327    0.0000008  -0.00000892
 328    0.0000016  -0.00001465
 329    0.0000015  -0.00001355
 330    0.0000014  -0.00001295
 331    0.0000012  -0.00001176
 332    0.0000004  -0.00000276
 333    0.0000001  -0.00001329
 334    0.0000012  -0.00001238
 335    0.0000002  -0.00000230
 336    0.0000006  -0.00000631
 337    0.0001232  -0.00024184
 338    0.0001261  -0.00023464
 339    0.0001281  -0.00023634
 340    0.0001260  -0.00025047
 341    0.0001242  -0.00024562
 342    0.0001132  -0.00022326
 343    0.0001247  -0.00024162
 344    0.0001130  -0.00023622
 345    0.0001221  -0.00024373
 346    0.0001276  -0.00025643
 347    0.0001209  -0.00024605
 348    0.0000708  -0.00019107
 349    0.0000680  -0.00019168
 350    0.0000605  -0.00017640
 351    0.0000602  -0.00018042
 352    0.0001022  -0.00028634
 353    0.0001043  -0.00029974
 354    0.0000867  -0.00025937
 355    0.0000714  -0.00019392
 356    0.0000997  -0.00028200
 357    0.0000995  -0.00030062
 358    0.0001042  -0.00029429
 359    0.0001142  -0.00033120
 360    0.0000316  -0.00009318
 361    0.0001062  -0.00031143
 362    0.0000204  -0.00006584
 363    0.0000222  -0.00007505
 364    0.0001078  -0.00030707
 365    0.0000156  -0.00006518
 366    0.0000217  -0.00007004
 367    0.0000267  -0.00008308
 368    0.0000522  -0.00017585
 369    0.0000216  -0.00007925
 370    0.0000399  -0.00011676
 371    0.0000448  -0.00016211
 372    0.0000602  -0.00018408
 373    0.0000007  -0.00000832
 374    0.0000004  -0.00002789
 375    0.0000005  -0.00003246
 376    0.0000005  -0.00003135
 377    0.0000010  -0.00002409
 378    0.0000005  -0.00003125
 379    0.0000010  -0.00000948
 380    0.0000002  -0.00000199
 381    0.0000001  -0.00000058
 382    0.0000004  -0.00000231
 383    0.0000001  -0.00001310
 384    0.0000003  -0.00000313
 385    0.0001191  -0.00022951
 386    0.0001146  -0.00022323
 387    0.0001060  -0.00021316
 388    0.0001162  -0.00022679
 389    0.0001077  -0.00022373
 390    0.0000952  -0.00020591
 391    0.0001171  -0.00023645
 392    0.0001080  -0.00022010
 393    0.0001140  -0.00022661
 394    0.0001091  -0.00022540
 395    0.0001056  -0.00022215
 396    0.0000622  -0.00017333
 397    0.0000339  -0.00011420
 398    0.0000594  -0.00017092
 399    0.0000552  -0.00015829
 400    0.0000988  -0.00029364
 401    0.0000446  -0.00019679
 402    0.0000765  -0.00025111
 403    0.0000567  -0.00016855
 404    0.0000816  -0.00023751
 405    0.0000697  -0.00022879
 406    0.0000788  -0.00025745
 407    0.0000897  -0.00027572
 408    0.0000161  -0.00005793
 409    0.0000919  -0.00025944
 410    0.0000140  -0.00005636
 411    0.0000152  -0.00005517
 412    0.0000859  -0.00028043
 413    0.0000150  -0.00006038
 414    0.0000182  -0.00005842
 415    0.0000223  -0.00007312
 416    0.0000449  -0.00012056
 417    0.0000185  -0.00007036
 418    0.0000321  -0.00010095
 419    0.0000402  -0.00014851
 420    0.0000499  -0.00018123
 421    0.0000006  -0.00003278
 422    0.0000002  -0.00000272
 423    0.0000003  -0.00000273
 424    0.0000003  -0.00000246
 425    0.0000002  -0.00001365
 426    0.0000004  -0.00000523
 427    0.0000005  -0.00003204
 428    0.0000001  -0.00000709
 429    0.0000001  -0.00000052
 430    0.0000002  -0.00000138
 431    0.0000001  -0.00000091
 432    0.0000002  -0.00000973
 433    0.0000940  -0.00020078
 434    0.0000918  -0.00020140
 435    0.0001000  -0.00020506
 436    0.0000818  -0.00018791
 437    0.0000902  -0.00019844
 438    0.0000818  -0.00018869
 439    0.0000888  -0.00019677
 440    0.0000819  -0.00019194
 441    0.0000921  -0.00019833
 442    0.0000917  -0.00019810
 443    0.0000808  -0.00018850
 444    0.0000307  -0.00008388
 445    0.0000290  -0.00008693
 446    0.0000437  -0.00010666
 447    0.0000375  -0.00008035
 448    0.0000578  -0.00020741
 449    0.0000303  -0.00014824
 450    0.0000407  -0.00016775
 451    0.0000254  -0.00007685
 452    0.0000548  -0.00020026
 453    0.0000483  -0.00018612
 454    0.0000548  -0.00021504
 455    0.0000605  -0.00022425
 456    0.0000126  -0.00004970
 457    0.0000712  -0.00025591
 458    0.0000120  -0.00004973
 459    0.0000134  -0.00005151
 460    0.0000688  -0.00020897
 461    0.0000106  -0.00004669
 462    0.0000115  -0.00004631
 463    0.0000155  -0.00005590
 464    0.0000305  -0.00008942
 465    0.0000134  -0.00006007
 466    0.0000270  -0.00008404
 467    0.0000343  -0.00012992
 468    0.0000357  -0.00011904
 469    0.0000003  -0.00000369
 470    0.0000001  -0.00000127
 471    0.0000003  -0.00000209
 472    0.0000002  -0.00000151
 473    0.0000002  -0.00000223
 474    0.0000002  -0.00000170
 475    0.0000003  -0.00000259
 476    0.0000001  -0.00000710
 477    0.0000000  -0.00000050
 478    0.0000002  -0.00000769
 479    0.0000001  -0.00000076
 480    0.0000001  -0.00000559
 481    0.0000605  -0.00015369
 482    0.0000572  -0.00015188
 483    0.0000579  -0.00015229
 484    0.0000554  -0.00014568
 485    0.0000533  -0.00014882
 486    0.0000497  -0.00013796
 487    0.0000503  -0.00014433
 488    0.0000539  -0.00014714
 489    0.0000514  -0.00014693
 490    0.0000511  -0.00014435
 491    0.0000521  -0.00014406
 492    0.0000217  -0.00006210
 493    0.0000219  -0.00006029
 494    0.0000250  -0.00006873
 495    0.0000246  -0.00007463
 496    0.0000188  -0.00004643
 497    0.0000167  -0.00005330
 498    0.0000139  -0.00005694
 499    0.0000220  -0.00006711
 500    0.0000169  -0.00006587
 501    0.0000122  -0.00005211
 502    0.0000183  -0.00005996
 503    0.0000124  -0.00004714
 504    0.0000087  -0.00003496
 505    0.0000120  -0.00005590
 506    0.0000075  -0.00003604
 507    0.0000097  -0.00004074
 508    0.0000117  -0.00004529
 509    0.0000089  -0.00004007
 510    0.0000083  -0.00003924
 511    0.0000083  -0.00004013
 512    0.0000172  -0.00007001
 513    0.0000092  -0.00003272
 514    0.0000200  -0.00007770
 515    0.0000218  -0.00008584
 516    0.0000305  -0.00009223
 517    0.0000002  -0.00000195
 518    0.0000001  -0.00000131
 519    0.0000001  -0.00000115
 520    0.0000001  -0.00000131
 521    0.0000002  -0.00000146
 522    0.0000001  -0.00000126
 523    0.0000002  -0.00000148
 524    0.0000001  -0.00000070
 525    0.0000000  -0.00000045
 526    0.0000001  -0.00000581
 527    0.0000001  -0.00000074
 528    0.0000001  -0.00000083
 529    0.0000350  -0.00009542
 530    0.0000375  -0.00009696
 531    0.0000302  -0.00008896
 532    0.0000345  -0.00009406
 533    0.0000396  -0.00010014
 534    0.0000332  -0.00009282
 535    0.0000326  -0.00009542
 536    0.0000357  -0.00009954
 537    0.0000355  -0.00009626
 538    0.0000334  -0.00009775
 539    0.0000365  -0.00010099
 540    0.0000173  -0.00005623
 541    0.0000185  -0.00005440
 542    0.0000233  -0.00006243
 543    0.0000246  -0.00006328
 544    0.0000174  -0.00005679
 545    0.0000123  -0.00004200
 546    0.0000087  -0.00003559
 547    0.0000195  -0.00006164
 548    0.0000158  -0.00006107
 549    0.0000086  -0.00003613
 550    0.0000138  -0.00004259
 551    0.0000107  -0.00004279
 552    0.0000076  -0.00002459
 553    0.0000100  -0.00004750
 554    0.0000054  -0.00002237
 555    0.0000058  -0.00002313
 556    0.0000085  -0.00004120
 557    0.0000047  -0.00002290
 558    0.0000074  -0.00002120
 559    0.0000068  -0.00002490
 560    0.0000115  -0.00004638
 561    0.0000074  -0.00002931
 562    0.0000125  -0.00004900
 563    0.0000152  -0.00005085
 564    0.0000161  -0.00005328
 565    0.0000002  -0.00000147
 566    0.0000001  -0.00000088
 567    0.0000001  -0.00000110
 568    0.0000001  -0.00000107
 569    0.0000002  -0.00000130
 570    0.0000001  -0.00000084
 571    0.0000002  -0.00000135
 572    0.0000001  -0.00000065
 573    0.0000000  -0.00000041
 574    0.0000001  -0.00000064
 575    0.0000001  -0.00000055
 576    0.0000001  -0.00000054
 577    0.0000283  -0.00008358
 578    0.0000367  -0.00009440
 579    0.0000247  -0.00007674
 580    0.0000246  -0.00008004
 581    0.0000373  -0.00009776
 582    0.0000319  -0.00009241
 583    0.0000273  -0.00008322
 584    0.0000328  -0.00009232
 585    0.0000272  -0.00008583
 586    0.0000281  -0.00008445
 587    0.0000343  -0.00009438
 588    0.0000128  -0.00004756
 589    0.0000152  -0.00004663
 590    0.0000182  -0.00005365
 591    0.0000130  -0.00004395
 592    0.0000139  -0.00005404
 593    0.0000097  -0.00003211
 594    0.0000076  -0.00003510
 595    0.0000171  -0.00005049
 596    0.0000108  -0.00004095
 597    0.0000060  -0.00003034
 598    0.0000091  -0.00003813
 599    0.0000090  -0.00003625
 600    0.0000063  -0.00002133
 601    0.0000083  -0.00003682
 602    0.0000042  -0.00001619
 603    0.0000042  -0.00001762
 604    0.0000075  -0.00003237
 605    0.0000038  -0.00001697
 606    0.0000062  -0.00002282
 607    0.0000057  -0.00001724
 608    0.0000093  -0.00003813
 609    0.0000044  -0.00001518
 610    0.0000103  -0.00003969
 611    0.0000094  -0.00003815
 612    0.0000083  -0.00003315
 613    0.0000001  -0.00000109
 614    0.0000001  -0.00000085
 615    0.0000001  -0.00000090
 616    0.0000001  -0.00000089
 617    0.0000001  -0.00000106
 618    0.0000001  -0.00000089
 619    0.0000002  -0.00000127
 620    0.0000000  -0.00000045
 621    0.0000000  -0.00000039
 622    0.0000001  -0.00000054
 623    0.0000000  -0.00000049
 624    0.0000000  -0.00000054
 625    0.0000229  -0.00007201
 626    0.0000287  -0.00007898
 627    0.0000226  -0.00007146
 628    0.0000167  -0.00006464
 629    0.0000272  -0.00008115
 630    0.0000249  -0.00007957
 631    0.0000207  -0.00007433
 632    0.0000294  -0.00008664
 633    0.0000249  -0.00007814
 634    0.0000231  -0.00008034
 635    0.0000241  -0.00007971
 636    0.0000112  -0.00003652
 637    0.0000113  -0.00003642
 638    0.0000095  -0.00003523
 639    0.0000113  -0.00003587
 640    0.0000094  -0.00003150
 641    0.0000091  -0.00003176
 642    0.0000070  -0.00002861
 643    0.0000150  -0.00004675
 644    0.0000068  -0.00003473
 645    0.0000058  -0.00002736
 646    0.0000064  -0.00002674
 647    0.0000072  -0.00002591
 648    0.0000044  -0.00001654
 649    0.0000067  -0.00003295
 650    0.0000036  -0.00001593
 651    0.0000038  -0.00001361
 652    0.0000063  -0.00003046
 653    0.0000036  -0.00001504
 654    0.0000051  -0.00001873
 655    0.0000051  -0.00001699
 656    0.0000074  -0.00003487
 657    0.0000043  -0.00001556
 658    0.0000076  -0.00003360
 659    0.0000086  -0.00002913
 660    0.0000056  -0.00002541
 661    0.0000001  -0.00000120
 662    0.0000001  -0.00000073
 663    0.0000001  -0.00000075
 664    0.0000001  -0.00000080
 665    0.0000001  -0.00000109
 666    0.0000001  -0.00000078
 667    0.0000001  -0.00000093
 668    0.0000000  -0.00000041
 669    0.0000000  -0.00000033
 670    0.0000000  -0.00000044
 671    0.0000000  -0.00000045
 672    0.0000000  -0.00000050
 673    0.0000126  -0.00003848
 674    0.0000131  -0.00003836
 675    0.0000139  -0.00003879
 676    0.0000139  -0.00004118
 677    0.0000152  -0.00004001
 678    0.0000129  -0.00003871
 679    0.0000132  -0.00003904
 680    0.0000135  -0.00004017
 681    0.0000151  -0.00004080
 682    0.0000147  -0.00004226
 683    0.0000146  -0.00004163
 684    0.0000098  -0.00003296
 685    0.0000102  -0.00003469
 686    0.0000075  -0.00002889
 687    0.0000075  -0.00002829
 688    0.0000066  -0.00003096
 689    0.0000076  -0.00002822
 690    0.0000050  -0.00002389
 691    0.0000119  -0.00003867
 692    0.0000058  -0.00002969
 693    0.0000051  -0.00002556
 694    0.0000061  -0.00002543
 695    0.0000067  -0.00002762
 696    0.0000028  -0.00001195
 697    0.0000057  -0.00002591
 698    0.0000023  -0.00000943
 699    0.0000031  -0.00001270
 700    0.0000056  -0.00002577
 701    0.0000032  -0.00000922
 702    0.0000037  -0.00000960
 703    0.0000039  -0.00001462
 704    0.0000072  -0.00002389
 705    0.0000023  -0.00000764
 706    0.0000057  -0.00002366
 707    0.0000067  -0.00003046
 708    0.0000049  -0.00002485
 709    0.0000001  -0.00000100
 710    0.0000001  -0.00000067
 711    0.0000001  -0.00000068
 712    0.0000001  -0.00000074
 713    0.0000001  -0.00000087
 714    0.0000001  -0.00000071
 715    0.0000001  -0.00000085
 716    0.0000000  -0.00000040
 717    0.0000000  -0.00000033
 718    0.0000000  -0.00000043
 719    0.0000000  -0.00000041
 720    0.0000000  -0.00000051
 721    0.0000102  -0.00003288
 722    0.0000118  -0.00003465
 723    0.0000130  -0.00003794
 724    0.0000128  -0.00003720
 725    0.0000130  -0.00003675
 726    0.0000119  -0.00003672
 727    0.0000113  -0.00003481
 728    0.0000113  -0.00003695
 729    0.0000133  -0.00003885
 730    0.0000118  -0.00003693
 731    0.0000126  -0.00003816
 732    0.0000088  -0.00003066
 733    0.0000076  -0.00002803
 734    0.0000072  -0.00002653
 735    0.0000065  -0.00002486
 736    0.0000052  -0.00002411
 737    0.0000065  -0.00002169
 738    0.0000044  -0.00002394
 739    0.0000072  -0.00002811
 740    0.0000050  -0.00002541
 741    0.0000031  -0.00001928
 742    0.0000051  -0.00002503
 743    0.0000058  -0.00002076
 744    0.0000024  -0.00000731
 745    0.0000049  -0.00002314
 746    0.0000016  -0.00000517
 747    0.0000026  -0.00000941
 748    0.0000042  -0.00002308
 749    0.0000029  -0.00001078
 750    0.0000025  -0.00000721
 751    0.0000039  -0.00001031
 752    0.0000066  -0.00002525
 753    0.0000023  -0.00000879
 754    0.0000054  -0.00002449
 755    0.0000044  -0.00002089
 756    0.0000046  -0.00002336
 757    0.0000001  -0.00000088
 758    0.0000001  -0.00000065
 759    0.0000001  -0.00000067
 760    0.0000001  -0.00000074
 761    0.0000001  -0.00000075
 762    0.0000001  -0.00000076
 763    0.0000001  -0.00000074
 764    0.0000000  -0.00000037
 765    0.0000000  -0.00000032
 766    0.0000000  -0.00000043
 767    0.0000000  -0.00000042
 768    0.0000000  -0.00000040
 769    0.0000091  -0.00003026
 770    0.0000109  -0.00003204
 771    0.0000108  -0.00003207
 772    0.0000111  -0.00003464
 773    0.0000087  -0.00003109
 774    0.0000102  -0.00003424
 775    0.0000097  -0.00003129
 776    0.0000105  -0.00003486
 777    0.0000125  -0.00003563
 778    0.0000100  -0.00003319
 779    0.0000113  -0.00003552
 780    0.0000055  -0.00001600
 781    0.0000054  -0.00001508
 782    0.0000053  -0.00001804
 783    0.0000056  -0.00001751
 784    0.0000052  -0.00002277
 785    0.0000059  -0.00002079
 786    0.0000039  -0.00001810
 787    0.0000068  -0.00002062
 788    0.0000048  -0.00002420
 789    0.0000027  -0.00001584
 790    0.0000030  -0.00001656
 791    0.0000054  -0.00001859
 792    0.0000020  -0.00000564
 793    0.0000041  -0.00002188
 794    0.0000013  -0.00000357
 795    0.0000019  -0.00000401
 796    0.0000037  -0.00001977
 797    0.0000017  -0.00000482
 798    0.0000020  -0.00000436
 799    0.0000029  -0.00000784
 800    0.0000050  -0.00001735
 801    0.0000021  -0.00000684
 802    0.0000039  -0.00001794
 803    0.0000039  -0.00002159
 804    0.0000040  -0.00002205
 805    0.0000001  -0.00000086
 806    0.0000001  -0.00000071
 807    0.0000001  -0.00000063
 808    0.0000001  -0.00000062
 809    0.0000001  -0.00000070
 810    0.0000001  -0.00000066
 811    0.0000001  -0.00000070
 812    0.0000000  -0.00000038
 813    0.0000000  -0.00000033
 814    0.0000000  -0.00000041
 815    0.0000000  -0.00000040
 816    0.0000000  -0.00000041
 817    0.0000085  -0.00002827
 818    0.0000081  -0.00002765
 819    0.0000096  -0.00003119
 820    0.0000096  -0.00003216
 821    0.0000075  -0.00002789
 822    0.0000084  -0.00002982
 823    0.0000089  -0.00003032
 824    0.0000090  -0.00002998
 825    0.0000104  -0.00003298
 826    0.0000090  -0.00003149
 827    0.0000092  -0.00003018
 828    0.0000050  -0.00001464
 829    0.0000051  -0.00001562
 830    0.0000046  -0.00001370
 831    0.0000037  -0.00001208
 832    0.0000049  -0.00002272
 833    0.0000054  -0.00002324
 834    0.0000035  -0.00001679
 835    0.0000054  -0.00001593
 836    0.0000043  -0.00002005
 837    0.0000021  -0.00000953
 838    0.0000027  -0.00001142
 839    0.0000048  -0.00001921
 840    0.0000015  -0.00000429
 841    0.0000037  -0.00001973
 842    0.0000012  -0.00000344
 843    0.0000017  -0.00000400
 844    0.0000029  -0.00001348
 845    0.0000014  -0.00000400
 846    0.0000019  -0.00000501
 847    0.0000022  -0.00000477
 848    0.0000045  -0.00001597
 849    0.0000016  -0.00000395
 850    0.0000038  -0.00001665
 851    0.0000034  -0.00001765
 852    0.0000035  -0.00001658
 853    0.0000001  -0.00000061
 854    0.0000001  -0.00000059
 855    0.0000001  -0.00000059
 856    0.0000001  -0.00000052
 857    0.0000001  -0.00000068
 858    0.0000001  -0.00000066
 859    0.0000001  -0.00000060
 860    0.0000000  -0.00000039
 861    0.0000000  -0.00000032
 862    0.0000000  -0.00000035
 863    0.0000000  -0.00000039
 864    0.0000000  -0.00000039
 865    0.0000069  -0.00001928
 866    0.0000063  -0.00001773
 867    0.0000086  -0.00001985
 868    0.0000070  -0.00001918
 869    0.0000069  -0.00001947
 870    0.0000047  -0.00001938
 871    0.0000067  -0.00001835
 872    0.0000057  -0.00002095
 873    0.0000079  -0.00001860
 874    0.0000068  -0.00002066
 875    0.0000082  -0.00002313
 876    0.0000033  -0.00000963
 877    0.0000044  -0.00001364
 878    0.0000039  -0.00001191
 879    0.0000030  -0.00001005
 880    0.0000045  -0.00001776
 881    0.0000048  -0.00001769
 882    0.0000029  -0.00000730
 883    0.0000046  -0.00001287
 884    0.0000034  -0.00001590
 885    0.0000018  -0.00000643
 886    0.0000020  -0.00000861
 887    0.0000034  -0.00001345
 888    0.0000014  -0.00000376
 889    0.0000031  -0.00001734
 890    0.0000011  -0.00000268
 891    0.0000013  -0.00000276
 892    0.0000027  -0.00000939
 893    0.0000012  -0.00000323
 894    0.0000017  -0.00000319
 895    0.0000020  -0.00000410
 896    0.0000041  -0.00001623
 897    0.0000014  -0.00000368
 898    0.0000035  -0.00001584
 899    0.0000024  -0.00000870
 900    0.0000031  -0.00001426
 901    0.0000001  -0.00000062
 902    0.0000001  -0.00000051
 903    0.0000001  -0.00000054
 904    0.0000001  -0.00000055
 905    0.0000001  -0.00000062
 906    0.0000001  -0.00000061
 907    0.0000001  -0.00000061
 908    0.0000000  -0.00000037
 909    0.0000000  -0.00000032
 910    0.0000000  -0.00000035
 911    0.0000000  -0.00000041
 912    0.0000000  -0.00000036
 913    0.0000042  -0.00001717
 914    0.0000060  -0.00002080
 915    0.0000070  -0.00001859
 916    0.0000062  -0.00001783
 917    0.0000055  -0.00001703
 918    0.0000040  -0.00001516
 919    0.0000063  -0.00001876
 920    0.0000048  -0.00001711
 921    0.0000062  -0.00001719
 922    0.0000061  -0.00001958
 923    0.0000055  -0.00001927
 924    0.0000033  -0.00001022
 925    0.0000030  -0.00001046
 926    0.0000035  -0.00001052
 927    0.0000026  -0.00000781
 928    0.0000038  -0.00001673
 929    0.0000044  -0.00000788
 930    0.0000028  -0.00000848
 931    0.0000039  -0.00001178
 932    0.0000029  -0.00001353
 933    0.0000015  -0.00000495
 934    0.0000019  -0.00000849
 935    0.0000028  -0.00000559
 936    0.0000012  -0.00000353
 937    0.0000021  -0.00000841
 938    0.0000010  -0.00000241
 939    0.0000013  -0.00000374
 940    0.0000023  -0.00000816
 941    0.0000011  -0.00000255
 942    0.0000015  -0.00000292
 943    0.0000018  -0.00000479
 944    0.0000032  -0.00000851
 945    0.0000014  -0.00000304
 946    0.0000021  -0.00000653
 947    0.0000024  -0.00000804
 948    0.0000020  -0.00000612
 949    0.0000001  -0.00000063
 950    0.0000000  -0.00000048
 951    0.0000001  -0.00000051
 952    0.0000001  -0.00000055
 953    0.0000001  -0.00000056
 954    0.0000001  -0.00000055
 955    0.0000001  -0.00000055
 956    0.0000000  -0.00000034
 957    0.0000000  -0.00000031
 958    0.0000000  -0.00000035
 959    0.0000000  -0.00000038
 960    0.0000000  -0.00000034
 961    0.0000036  -0.00001388
 962    0.0000052  -0.00001557
 963    0.0000062  -0.00001818
 964    0.0000053  -0.00001553
 965    0.0000046  -0.00001645
 966    0.0000035  -0.00001342
 967    0.0000055  -0.00001564
 968    0.0000040  -0.00001476
 969    0.0000055  -0.00001850
 970    0.0000056  -0.00001816
 971    0.0000050  -0.00001636
 972    0.0000019  -0.00000652
 973    0.0000026  -0.00000774
 974    0.0000031  -0.00001093
 975    0.0000026  -0.00000908
 976    0.0000025  -0.00000798
 977    0.0000040  -0.00000880
 978    0.0000024  -0.00000635
 979    0.0000033  -0.00000979
 980    0.0000023  -0.00000868
 981    0.0000012  -0.00000390
 982    0.0000018  -0.00000469
 983    0.0000024  -0.00000669
 984    0.0000010  -0.00000281
 985    0.0000021  -0.00000756
 986    0.0000008  -0.00000183
 987    0.0000012  -0.00000306
 988    0.0000019  -0.00000690
 989    0.0000009  -0.00000231
 990    0.0000013  -0.00000312
 991    0.0000014  -0.00000298
 992    0.0000026  -0.00000734
 993    0.0000011  -0.00000256
 994    0.0000019  -0.00000585
 995    0.0000020  -0.00000636
 996    0.0000017  -0.00000612
 997    0.0000001  -0.00000053
 998    0.0000000  -0.00000047
 999    0.0000000  -0.00000050
 1000    0.0000000  -0.00000051
 1001    0.0000001  -0.00000059
 1002    0.0000000  -0.00000049
 1003    0.0000001  -0.00000056
 1004    0.0000000  -0.00000033
 1005    0.0000000  -0.00000030
 1006    0.0000000  -0.00000032
 1007    0.0000000  -0.00000038
 1008    0.0000000  -0.00000034
 1009    0.0000034  -0.00001287
 1010    0.0000039  -0.00001226
 1011    0.0000059  -0.00001841
 1012    0.0000051  -0.00001734
 1013    0.0000038  -0.00001369
 1014    0.0000033  -0.00001164
 1015    0.0000053  -0.00001439
 1016    0.0000029  -0.00001159
 1017    0.0000054  -0.00001705
 1018    0.0000047  -0.00001562
 1019    0.0000038  -0.00001217
 1020    0.0000018  -0.00000538
 1021    0.0000022  -0.00000586
 1022    0.0000021  -0.00000673
 1023    0.0000022  -0.00000671
 1024    0.0000022  -0.00000812
 1025    0.0000036  -0.00000807
 1026    0.0000020  -0.00000607
 1027    0.0000030  -0.00000875
 1028    0.0000017  -0.00000565
 1029    0.0000011  -0.00000262
 1030    0.0000014  -0.00000359
 1031    0.0000020  -0.00000636
 1032    0.0000010  -0.00000242
 1033    0.0000020  -0.00000600
 1034    0.0000007  -0.00000171
 1035    0.0000012  -0.00000230
 1036    0.0000017  -0.00000523
 1037    0.0000008  -0.00000188
 1038    0.0000009  -0.00000220
 1039    0.0000013  -0.00000330
 1040    0.0000024  -0.00000648
 1041    0.0000009  -0.00000204
 1042    0.0000014  -0.00000475
 1043    0.0000018  -0.00000551
 1044    0.0000012  -0.00000453
 1045    0.0000000  -0.00000051
 1046    0.0000000  -0.00000043
 1047    0.0000000  -0.00000051
 1048    0.0000000  -0.00000050
 1049    0.0000001  -0.00000058
 1050    0.0000000  -0.00000049
 1051    0.0000000  -0.00000053
 1052    0.0000000  -0.00000032
 1053    0.0000000  -0.00000030
 1054    0.0000000  -0.00000031
 1055    0.0000000  -0.00000037
 1056    0.0000000  -0.00000033
 1057    0.0000034  -0.00001245
 1058    0.0000031  -0.00001157
 1059    0.0000056  -0.00001452
 1060    0.0000046  -0.00001449
 1061    0.0000034  -0.00001187
 1062    0.0000024  -0.00000960
 1063    0.0000051  -0.00001407
 1064    0.0000027  -0.00001048
 1065    0.0000051  -0.00001322
 1066    0.0000042  -0.00001274
 1067    0.0000032  -0.00001119
 1068    0.0000014  -0.00000426
 1069    0.0000020  -0.00000498
 1070    0.0000017  -0.00000537
 1071    0.0000021  -0.00000582
 1072    0.0000015  -0.00000454
 1073    0.0000032  -0.00000794
 1074    0.0000013  -0.00000299
 1075    0.0000023  -0.00000587
 1076    0.0000015  -0.00000470
 1077    0.0000008  -0.00000191
 1078    0.0000011  -0.00000290
 1079    0.0000019  -0.00000403
 1080    0.0000004  -0.00000176
 1081    0.0000019  -0.00000524
 1082    0.0000007  -0.00000164
 1083    0.0000008  -0.00000188
 1084    0.0000013  -0.00000398
 1085    0.0000008  -0.00000174
 1086    0.0000008  -0.00000212
 1087    0.0000010  -0.00000227
 1088    0.0000022  -0.00000603
 1089    0.0000007  -0.00000200
 1090    0.0000013  -0.00000419
 1091    0.0000015  -0.00000446
 1092    0.0000011  -0.00000421
 1093    0.0000000  -0.00000045
 1094    0.0000000  -0.00000042
 1095    0.0000000  -0.00000043
 1096    0.0000000  -0.00000047
 1097    0.0000001  -0.00000051
 1098    0.0000000  -0.00000050
 1099    0.0000000  -0.00000044
 1100    0.0000000  -0.00000031
 1101    0.0000000  -0.00000028
 1102    0.0000000  -0.00000029
 1103    0.0000000  -0.00000031
 1104    0.0000000  -0.00000029
 
----------------
 Final Energies 
----------------
Final NOF Total Energy =    -649.4375190
 
Total Orbital Internal Iterations = 690
Total Occupation Internal Iterations = 348
 
Elapsed time: 2067.05 Seconds

---------------------------------
   Lowdin Population Analysis    
---------------------------------
 Idx  Atom   Population   Charge 
---------------------------------
  1     C     6.026      -0.026
  2     C     6.091      -0.091
  3     C     6.226      -0.226
  4     C     6.253      -0.253
  5     C     6.169      -0.169
  6     O     7.217       0.783
  7     C     6.057      -0.057
  8     O     7.319       0.681
  9     O     7.518       0.482
 10     O     6.990       1.010
 11     O     7.526       0.474
 12     C     5.940       0.060
 13     H     1.041      -0.041
 14     H     1.045      -0.045
 15     H     1.030      -0.030
 16     H     1.021      -0.021
 17     H     1.033      -0.033
 18     H     1.041      -0.041
 19     H     1.344      -0.344
 20     H     1.050      -0.050
 21     H     1.037      -0.037
 22     H     1.297      -0.297
 23     H     1.260      -0.260
 24     H     1.069      -0.069
 25     H     1.064      -0.064
 26     H     1.060      -0.060
 27     H     1.275      -0.275

---------------------------------
   M Diagnostic: 0.04
---------------------------------

