Computing Integrals
Elapsed time:    6.02 Seconds

Number of basis functions                   (NBF)    = 174
Number of auxiliary basis functions         (NBFAUX) = 190
Inactive Doubly occupied orbitals up to     (NO1)    = 0
No. considered Strongly Doubly occupied MOs (NDOC)   = 9
No. considered Strongly Singly occupied MOs (NSOC)   = 0
NO. of Weakly occ. per St. Doubly occ.  MOs (NCWO)   = 18
Dimension of the Nat. Orb. subspace         (NBF5)   = 171
No. of electrons                                     = 18
    No. of alpha electrons                           = 9
    No. of beta electrons                            = 9
Multiplicity                                         = 1

Geometry
========
 N       0.2306400      -1.3396400       0.0000000
 F       0.2306400      -2.7524600       0.0000000
 H       0.8100300      -1.1177400       0.8064800
 H       0.8100300      -1.1177400      -0.8064800

No violations of the orthonormality
Hartree-Fock
============

  Nitext  Nitint    Eelec          Etot           Ediff          maxdiff
     1      1  -113.39748125   -77.21167066    52.54206194    23.15836512 
     2     10  -169.76840157  -133.58259098    -4.01089429     7.07691839 
     3     10  -185.68474613  -149.49893554     0.79877570    10.72226183 
     4     10  -188.90546016  -152.71964957    -0.23017880     7.92823417 
     5     10  -188.81551974  -152.62970915     0.08404581     9.05866957 
     6     10  -189.80292825  -153.61711766    -0.24052603     5.60009606 
     7     10  -189.10946847  -152.92365788     0.85546658     7.53293044 
     8     10  -189.64096803  -153.45515744    -0.17071629     8.06099359 
     9     10  -189.72401816  -153.53820757    -0.10442144     5.52880270 
    10     10  -189.58904672  -153.40323613     0.43828308     8.37925351 
    11     10  -190.02644068  -153.84063009     0.50404303     7.51312380 
    12     10  -190.11799539  -153.93218480    -0.53644929     5.40548818 
    13     10  -190.18145314  -153.99564255     0.17938562     5.29040856 
    14     10  -190.60604707  -154.42023648    -0.27652143     4.34516427 
    15     10  -190.79974669  -154.61393610    -0.29196042     3.38017375 
    16     10  -190.69007921  -154.50426862    -0.61471190     4.10018779 
    17     10  -189.62290709  -153.43709650     1.10213924     6.46915177 
    18     10  -190.22895934  -154.04314875    -0.24150361     6.46486427 
    19     10  -190.61740980  -154.43159921    -0.81346099     5.65576362 
    20     10  -190.06924892  -153.88343833     0.76654897     7.14352179 
    21     10  -190.37224380  -154.18643321    -0.33389758     5.42071913 
    22     10  -190.56512113  -154.37931054    -0.31144912     5.79627847 
    23     10  -190.35857878  -154.17276819    -0.22363589     5.69831168 
    24     10  -190.64284004  -154.45702945    -0.60095821     4.41125672 
    25     10  -190.68860423  -154.50279364    -0.31989759     3.81836075 
    26     10  -190.43469843  -154.24888784     0.33636435     5.22348224 
    27     10  -190.56243880  -154.37662821    -0.02070237     4.90311223 
    28     10  -190.32860989  -154.14279930     0.17019589     4.67091991 
    29     10  -190.46738574  -154.28157515     0.12205523     4.92954537 
    30     10  -190.43054038  -154.24472979     0.25269807     4.63350123 
No violations of the orthonormality
 
PNOF7/ADAM Calculation
==================
 
  Nitext  Nit_orb  Time   Nit_occ  Time         Eelec          Etot           Ediff      maxdiff    Grad_orb  Grad_occ
0.0009815345974042433
0.002811170197025619
     1      10    7.1e+01   11    5.8e+01  -191.08922664  -154.90341605 -10190.08922664   0.609761   4.1e+00   1.7e-04 0.00
0.0009841760833593227
0.0017013321127508888
     2      10    4.7e+01   27    4.6e+00  -191.24457143  -155.05876084    -0.15534478   0.139364   1.8e+00   2.2e-04 0.00
0.0022036319535064797
0.0043442329761566156
     3      10    4.6e+01   31    4.6e+00  -191.27799793  -155.09218734    -0.03342650   0.180837   2.5e+00   1.7e-04 0.01
0.0028213674184145443
0.006536107138417165
     4      10    4.5e+01   16    2.4e+00  -191.30660839  -155.12079780    -0.02861046   0.134210   2.4e+00   2.7e-04 0.01
0.0029541490643283375
0.008020280526119632
     5      10    5.2e+01   19    2.8e+00  -191.31312292  -155.12731233    -0.00651453   0.134703   2.8e+00   2.0e-04 0.02
0.005054510259335692
0.010827455454222106
     6      30    1.4e+02   23    3.1e+00  -191.41741779  -155.23160720    -0.10429487   0.034200   2.4e-01   2.2e-04 0.03
0.006047134797267562
0.0099894715060569
     7      30    1.4e+02   20    2.9e+00  -191.44267442  -155.25686383    -0.02525663   0.012751   1.9e-01   2.3e-04 0.04
0.00670972272591186
0.009947415216357397
     8      30    1.4e+02   27    4.0e+00  -191.45788497  -155.27207438    -0.01521055   0.016108   1.8e-01   1.6e-04 0.05
0.006547496164874489
0.009435812032893568
     9      30    1.4e+02   14    2.2e+00  -191.46766627  -155.28185568    -0.00978129   0.008027   1.5e-01   1.9e-04 0.06
0.005173471491682791
0.00736387445236878
    10      30    1.4e+02   12    1.7e+00  -191.47286936  -155.28705877    -0.00520309   0.008700   1.6e-01   1.8e-04 0.07
0.00345884312812543
0.004917603950656579
    11      30    1.4e+02   13    1.8e+00  -191.47568907  -155.28987848    -0.00281971   0.007663   1.3e-01   1.8e-04 0.08
0.0021865514680690853
0.0030712891883702483
    12      30    1.4e+02   10    1.6e+00  -191.47688244  -155.29107185    -0.00119337   0.008689   1.2e-01   2.4e-04 0.09
0.0011372352500644278
0.001605455977325301
    13      30    1.4e+02    4    7.7e-01  -191.47726137  -155.29145078    -0.00037893   0.010702   1.2e-01   2.2e-04 0.09
0.0006471954051795042
0.0009238832980481647
    14      30    1.5e+02    9    1.5e+00  -191.47747732  -155.29166673    -0.00021595   0.007700   9.8e-02   2.1e-04 0.09
0.00019402889118681071
0.00032367366807184965
    15      30    1.4e+02    4    6.3e-01  -191.47756875  -155.29175816    -0.00009143   0.007824   9.6e-02   1.7e-04 0.09
0.00025294114394807526
0.00038717360497006914
    16      30    1.5e+02    4    6.4e-01  -191.47763408  -155.29182349    -0.00006534   0.006440   8.9e-02   1.7e-04 0.09
0.00013625738305734093
0.0002136459923170969
    17      30    1.5e+02    4    7.1e-01  -191.47764193  -155.29183134    -0.00000784   0.007475   9.6e-02   1.8e-04 0.09
9.59502936120557e-5
0.00019033249135182195
    18      50    2.5e+02    8    1.4e+00  -191.47788216  -155.29207157    -0.00024023   0.000502   7.4e-03   1.4e-04 0.09
0.0
0.0
    19      50    2.3e+02    0    2.9e-01  -191.47791844  -155.29210785    -0.00003628   0.001177   1.5e-02   1.9e-04 0.09
0.0
0.0
    20      60    2.7e+02    0    2.4e-01  -191.47792643  -155.29211584    -0.00000798   0.000728   8.1e-03   2.0e-04 0.09
0.0
0.0
    21      70    3.4e+02    0    3.9e-01  -191.47793035  -155.29211976    -0.00000393   0.000393   3.8e-03   2.1e-04 0.09
0.0
0.0
    22      80    3.8e+02    0    2.2e-01  -191.47793257  -155.29212198    -0.00000222   0.000219   2.1e-03   2.1e-04 0.09
0.0
0.0
    23      90    4.1e+02    0    3.1e-01  -191.47793403  -155.29212344    -0.00000146   0.000099   8.2e-04   2.1e-04 0.09
 
RESULTS OF THE OCCUPATION OPTIMIZATION
========================================
   1    1.9998207  -26.31387734
   2    1.9995280  -15.63103119
   3    1.9875610  -1.00092362
   4    1.9875463  -0.99392601
   5    1.9876362  -0.98252021
   6    1.9681184  -0.85076490
   7    1.9681802  -0.85055965
   8    1.9094935  -0.79089767
   9    1.9798159  -0.68383626
  10    0.0141634  -0.01120436
  11    0.0887304  -0.05958845
  12    0.0249152  -0.02112130
  13    0.0250242  -0.02117159
  14    0.0090983  -0.01178061
  15    0.0094330  -0.01215984
  16    0.0093235  -0.01207988
  17    0.0003137  -0.00798487
  18    0.0001626  -0.00707760
  19    0.0021198  -0.00262926
  20    0.0015292  -0.00187028
  21    0.0033680  -0.00422617
  22    0.0033418  -0.00421534
  23    0.0014563  -0.00294053
  24    0.0012736  -0.00272693
  25    0.0013107  -0.00275240
  26    0.0000610  -0.00110594
  27    0.0000132  -0.00039796
  28    0.0014832  -0.00212236
  29    0.0000927  -0.00017415
  30    0.0017410  -0.00250439
  31    0.0017447  -0.00250814
  32    0.0009506  -0.00202216
  33    0.0010095  -0.00210453
  34    0.0009866  -0.00205112
  35    0.0000512  -0.00095297
  36    0.0000022  -0.00017825
  37    0.0009877  -0.00142311
  38    0.0000919  -0.00017836
  39    0.0011999  -0.00176986
  40    0.0011951  -0.00176497
  41    0.0004396  -0.00113083
  42    0.0003614  -0.00100951
  43    0.0003749  -0.00102220
  44    0.0000368  -0.00069351
  45    0.0000005  -0.00000197
  46    0.0004207  -0.00072785
  47    0.0000267  -0.00003000
  48    0.0001154  -0.00027435
  49    0.0001137  -0.00025805
  50    0.0001040  -0.00037680
  51    0.0001110  -0.00037827
  52    0.0001108  -0.00038921
  53    0.0000058  -0.00029866
  54    0.0000002  -0.00001362
  55    0.0003766  -0.00066146
  56    0.0000095  -0.00002048
  57    0.0001078  -0.00024995
  58    0.0001072  -0.00026311
  59    0.0000960  -0.00033538
  60    0.0000941  -0.00032006
  61    0.0001037  -0.00035047
  62    0.0000007  -0.00001485
  63    0.0000001  -0.00000187
  64    0.0002298  -0.00039506
  65    0.0000058  -0.00001467
  66    0.0001030  -0.00024212
  67    0.0000850  -0.00022201
  68    0.0000886  -0.00032322
  69    0.0000688  -0.00029417
  70    0.0000963  -0.00033894
  71    0.0000005  -0.00000963
  72    0.0000001  -0.00000061
  73    0.0001652  -0.00035276
  74    0.0000055  -0.00001045
  75    0.0000742  -0.00018465
  76    0.0000662  -0.00017049
  77    0.0000593  -0.00022589
  78    0.0000326  -0.00013657
  79    0.0000484  -0.00022120
  80    0.0000004  -0.00000648
  81    0.0000001  -0.00000060
  82    0.0001085  -0.00023557
  83    0.0000044  -0.00001084
  84    0.0000594  -0.00015624
  85    0.0000618  -0.00015407
  86    0.0000212  -0.00010689
  87    0.0000130  -0.00008616
  88    0.0000381  -0.00014137
  89    0.0000003  -0.00001845
  90    0.0000001  -0.00000053
  91    0.0000230  -0.00007372
  92    0.0000026  -0.00000513
  93    0.0000388  -0.00012475
  94    0.0000390  -0.00012453
  95    0.0000147  -0.00008843
  96    0.0000120  -0.00007909
  97    0.0000133  -0.00008197
  98    0.0000003  -0.00000506
  99    0.0000001  -0.00000050
 100    0.0000180  -0.00006538
 101    0.0000018  -0.00000430
 102    0.0000285  -0.00008894
 103    0.0000255  -0.00008421
 104    0.0000073  -0.00004369
 105    0.0000084  -0.00003921
 106    0.0000066  -0.00003736
 107    0.0000002  -0.00000174
 108    0.0000000  -0.00000050
 109    0.0000175  -0.00006572
 110    0.0000014  -0.00000309
 111    0.0000198  -0.00007171
 112    0.0000159  -0.00006621
 113    0.0000054  -0.00003569
 114    0.0000070  -0.00003418
 115    0.0000061  -0.00003537
 116    0.0000002  -0.00000179
 117    0.0000000  -0.00000045
 118    0.0000164  -0.00006495
 119    0.0000012  -0.00000191
 120    0.0000149  -0.00005051
 121    0.0000149  -0.00005208
 122    0.0000047  -0.00003106
 123    0.0000066  -0.00003268
 124    0.0000051  -0.00003390
 125    0.0000002  -0.00000117
 126    0.0000000  -0.00000040
 127    0.0000138  -0.00005045
 128    0.0000010  -0.00000269
 129    0.0000106  -0.00003935
 130    0.0000117  -0.00003980
 131    0.0000040  -0.00002811
 132    0.0000057  -0.00002733
 133    0.0000037  -0.00002886
 134    0.0000002  -0.00000109
 135    0.0000000  -0.00000041
 136    0.0000129  -0.00004878
 137    0.0000008  -0.00000248
 138    0.0000077  -0.00003276
 139    0.0000113  -0.00004065
 140    0.0000040  -0.00002339
 141    0.0000051  -0.00002485
 142    0.0000034  -0.00002076
 143    0.0000002  -0.00000085
 144    0.0000000  -0.00000043
 145    0.0000098  -0.00003607
 146    0.0000006  -0.00000195
 147    0.0000075  -0.00003034
 148    0.0000100  -0.00003452
 149    0.0000036  -0.00002214
 150    0.0000048  -0.00001889
 151    0.0000029  -0.00001103
 152    0.0000002  -0.00000087
 153    0.0000000  -0.00000040
 154    0.0000090  -0.00003357
 155    0.0000005  -0.00000186
 156    0.0000048  -0.00002347
 157    0.0000069  -0.00002568
 158    0.0000031  -0.00001123
 159    0.0000039  -0.00002332
 160    0.0000027  -0.00000922
 161    0.0000002  -0.00000083
 162    0.0000000  -0.00000036
 163    0.0000087  -0.00003416
 164    0.0000005  -0.00000138
 165    0.0000032  -0.00001284
 166    0.0000067  -0.00002489
 167    0.0000031  -0.00001521
 168    0.0000031  -0.00000993
 169    0.0000022  -0.00000612
 170    0.0000001  -0.00000084
 171    0.0000000  -0.00000035
 
----------------
 Final Energies 
----------------
       HF Total Energy =    -154.2447298
Final NOF Total Energy =    -155.2921234
    Correlation Energy =      -1.0473936
 
Total Orbital Internal Iterations = 810
Total Occupation Internal Iterations = 256
 
Elapsed time: 4230.69 Seconds

---------------------------------
   Lowdin Population Analysis    
---------------------------------
 Idx  Atom   Population   Charge 
---------------------------------
  1     N     6.685       0.315
  2     F     8.888       0.112
  3     H     1.213      -0.213
  4     H     1.213      -0.213

---------------------------------
   M Diagnostic: 0.09
---------------------------------

