Computing Integrals
Elapsed time:    5.60 Seconds

Number of basis functions                   (NBF)    = 348
Number of auxiliary basis functions         (NBFAUX) = 380
Inactive Doubly occupied orbitals up to     (NO1)    = 0
No. considered Strongly Doubly occupied MOs (NDOC)   = 18
No. considered Strongly Singly occupied MOs (NSOC)   = 0
NO. of Weakly occ. per St. Doubly occ.  MOs (NCWO)   = 18
Dimension of the Nat. Orb. subspace         (NBF5)   = 342
No. of electrons                                     = 36
    No. of alpha electrons                           = 18
    No. of beta electrons                            = 18
Multiplicity                                         = 1

Geometry
========
 N       0.2306400      -1.3396400       0.0000000
 N      -0.2306400       1.3396400       0.0000000
 F       0.2306400      -2.7524600       0.0000000
 F      -0.2306400       2.7524600       0.0000000
 H       0.8100300      -1.1177400       0.8064800
 H      -0.8100300       1.1177400       0.8064800
 H       0.8100300      -1.1177400      -0.8064800
 H      -0.8100300       1.1177400      -0.8064800

No violations of the orthonormality
Hartree-Fock
============

  Nitext  Nitint    Eelec          Etot           Ediff          maxdiff
     1      1  -272.13528546  -155.58642929   103.88475811    23.07414329 
     2     10  -390.71230195  -274.16344578    -9.21929118     5.79680037 
     3     10  -412.92026181  -296.37140565     0.54954525     8.03079551 
     4     10  -417.97689379  -301.42803762     0.25841638     6.41442772 
     5     10  -419.53824353  -302.98938737    -0.34681159     6.77799388 
     6     10  -421.02415504  -304.47529888    -0.16263908     6.53162536 
     7     10  -421.53803032  -304.98917416    -0.31602673     5.48730088 
     8     10  -421.75519590  -305.20633974    -0.13540943     5.40556469 
     9     10  -422.17783161  -305.62897545     0.70509092     5.47328622 
    10     10  -423.19589594  -306.64703977    -0.89412642     5.79496633 
    11     10  -422.82664608  -306.27778991     0.14658568     5.88261132 
    12     10  -422.81580777  -306.26695161     0.29432428     5.13380900 
    13     10  -422.99613485  -306.44727868     0.13297623     4.88300137 
    14     10  -423.43375242  -306.88489626     0.13479488     5.48089655 
    15     10  -423.38175667  -306.83290051     0.51283604     4.81161218 
    16     10  -423.98308665  -307.43423049    -0.95071890     3.50410332 
    17     10  -423.53175672  -306.98290056     0.07195994     4.80116365 
    18     10  -424.11983653  -307.57098036     0.00874056     4.57294581 
    19     10  -423.82393610  -307.27507994     0.36619767     4.33008255 
    20     10  -423.38936254  -306.84050638     0.70217140     4.66432742 
    21     10  -424.17382525  -307.62496908    -0.49281560     4.17633059 
    22     10  -424.45699349  -307.90813733    -0.16560855     4.57382114 
    23     10  -424.61034637  -308.06149020    -0.27874359     3.78274958 
    24     10  -424.04131883  -307.49246266     0.23873877     4.37316368 
    25     10  -424.58664092  -308.03778476    -0.07970164     4.01647089 
    26     10  -424.27636261  -307.72750645     0.61978288     3.78592449 
    27     10  -424.88598355  -308.33712739    -0.62055336     4.02452887 
    28     10  -424.82481856  -308.27596240     0.15312485     3.73085726 
    29     10  -424.83109800  -308.28224184    -0.20424037     3.97884955 
    30     10  -425.07029279  -308.52143663    -0.21153706     3.96700775 
No violations of the orthonormality
 
PNOF7/ADAM Calculation
==================
 
  Nitext  Nit_orb  Time   Nit_occ  Time         Eelec          Etot           Ediff      maxdiff    Grad_orb  Grad_occ
0.0009842168395602924
0.00398351435927168
     1      10    1.6e+02   16    4.7e+01  -426.09124762  -309.54239145 -10425.09124762   0.913047   1.3e+01   2.0e-04 0.00
0.0010851177046797833
0.002592644022370664
     2      10    1.4e+02   35    1.2e+01  -426.55542379  -310.00656763    -0.46417618   0.626198   5.5e+00   1.9e-04 0.00
0.003359225575436442
0.008590623406116698
     3      10    1.4e+02   26    9.6e+00  -426.54377328  -309.99491711     0.01165052   1.660591   1.4e+01   2.3e-04 0.01
0.010641270770215594
0.01873489386328043
     4      30    4.1e+02   42    1.3e+01  -426.93531063  -310.38645447    -0.39153736   0.032556   4.3e-01   2.1e-04 0.03
0.012696427333528937
0.022950307431574817
     5      30    4.6e+02   29    8.7e+00  -427.02979654  -310.48094037    -0.09448590   0.014920   3.7e-01   3.0e-04 0.05
0.011557418268753672
0.02212511690909626
     6      30    5.2e+02   30    9.6e+00  -427.07840099  -310.52954483    -0.04860445   0.019197   4.0e-01   2.2e-04 0.07
0.009615461411009885
0.016065944618263286
     7      30    5.3e+02   32    8.8e+00  -427.10459374  -310.55573757    -0.02619274   0.012303   3.4e-01   2.3e-04 0.08
0.0061275029783400825
0.009832369548127086
     8      30    4.9e+02   18    5.5e+00  -427.11680757  -310.56795140    -0.01221383   0.009178   3.2e-01   1.9e-04 0.09
0.0025881422646475416
0.0049381904082540515
     9      30    5.0e+02   15    4.8e+00  -427.12407160  -310.57521544    -0.00726404   0.008277   2.6e-01   2.8e-04 0.09
0.0014078111895315538
0.003163582949467394
    10      30    5.0e+02   20    6.0e+00  -427.12851672  -310.57966055    -0.00444511   0.008206   2.2e-01   2.7e-04 0.09
0.0012310356246822887
0.0020360520398078133
    11      30    5.0e+02    8    3.1e+00  -427.13130637  -310.58245020    -0.00278965   0.008797   2.0e-01   2.6e-04 0.09
0.0006877521439926874
0.0011706314417058543
    12      30    4.7e+02    9    3.9e+00  -427.13266301  -310.58380684    -0.00135664   0.011250   2.0e-01   2.5e-04 0.09
0.00033554510206981053
0.0005982250539239682
    13      30    4.8e+02   10    3.6e+00  -427.13342838  -310.58457221    -0.00076537   0.007601   1.7e-01   3.1e-04 0.09
0.0002034497824826842
0.00043442802677640043
    14      30    3.7e+02    4    2.6e+00  -427.13362627  -310.58477011    -0.00019790   0.008089   1.8e-01   2.1e-04 0.09
0.00029728101600881573
0.0005107908279022538
    15      30    3.5e+02    4    2.3e+00  -427.13367604  -310.58481987    -0.00004976   0.008229   1.8e-01   1.6e-04 0.09
0.00010783647830265447
0.0002791766616092
    16      30    3.8e+02    4    2.3e+00  -427.13376188  -310.58490572    -0.00008585   0.010350   1.9e-01   1.7e-04 0.09
0.00018384079902282469
0.00042370055614163616
    17      30    4.2e+02    4    2.4e+00  -427.13376854  -310.58491237    -0.00000666   0.007880   1.9e-01   1.8e-04 0.09
0.0
0.0
    18      50    5.6e+02    0    1.3e+00  -427.13474905  -310.58589289    -0.00098052   0.001485   1.9e-02   2.7e-04 0.09
0.0
0.0
    19      60    7.2e+02    0    1.4e+00  -427.13475685  -310.58590069    -0.00000780   0.001236   1.9e-02   2.6e-04 0.09
0.0
0.0
    20      70    8.1e+02    0    1.6e+00  -427.13476814  -310.58591198    -0.00001129   0.000832   1.2e-02   2.8e-04 0.09
0.0
0.0
    21      80    9.8e+02    0    1.5e+00  -427.13477437  -310.58591820    -0.00000622   0.000531   8.2e-03   2.8e-04 0.09
0.0
0.0
    22      90    1.1e+03    0    1.4e+00  -427.13477867  -310.58592250    -0.00000430   0.000291   3.7e-03   2.8e-04 0.09
0.0
0.0
    23     100    1.2e+03    0    1.3e+00  -427.13478085  -310.58592468    -0.00000218   0.000246   2.9e-03   2.9e-04 0.09
0.0
0.0
    24     110    1.3e+03    0    1.3e+00  -427.13478236  -310.58592620    -0.00000152   0.000099   1.2e-03   2.9e-04 0.09
 
RESULTS OF THE OCCUPATION OPTIMIZATION
========================================
   1    1.9998213  -26.31395741
   2    1.9998202  -26.31384047
   3    1.9995284  -15.63190050
   4    1.9995295  -15.63179077
   5    1.9876029  -0.99958446
   6    1.9874396  -0.99768050
   7    1.9876004  -0.99672853
   8    1.9874448  -0.99287371
   9    1.9876805  -0.98531940
  10    1.9877790  -0.98298755
  11    1.9686202  -0.85191889
  12    1.9686579  -0.85185476
  13    1.9685791  -0.85174448
  14    1.9684146  -0.85076177
  15    1.9100113  -0.79122193
  16    1.9099735  -0.79097873
  17    1.9802450  -0.69104189
  18    1.9799084  -0.68995161
  19    0.0142802  -0.01131489
  20    0.0139535  -0.01121028
  21    0.0883079  -0.05932982
  22    0.0882566  -0.05930596
  23    0.0248406  -0.02106229
  24    0.0247151  -0.02102719
  25    0.0245928  -0.02096954
  26    0.0247132  -0.02102819
  27    0.0090612  -0.01181166
  28    0.0090740  -0.01181025
  29    0.0094321  -0.01214774
  30    0.0094425  -0.01218983
  31    0.0093014  -0.01205956
  32    0.0093766  -0.01213205
  33    0.0003113  -0.00796016
  34    0.0003123  -0.00797042
  35    0.0001615  -0.00706490
  36    0.0001615  -0.00706109
  37    0.0019969  -0.00255771
  38    0.0019581  -0.00251873
  39    0.0015084  -0.00186766
  40    0.0014950  -0.00184903
  41    0.0031556  -0.00404926
  42    0.0031258  -0.00403554
  43    0.0031117  -0.00401555
  44    0.0031336  -0.00404178
  45    0.0013472  -0.00282571
  46    0.0014283  -0.00291027
  47    0.0012618  -0.00269399
  48    0.0012743  -0.00272509
  49    0.0013361  -0.00275740
  50    0.0012851  -0.00272297
  51    0.0000611  -0.00111438
  52    0.0000615  -0.00112312
  53    0.0000152  -0.00044233
  54    0.0000135  -0.00041007
  55    0.0014409  -0.00207411
  56    0.0014473  -0.00207621
  57    0.0001019  -0.00021065
  58    0.0001094  -0.00022096
  59    0.0017450  -0.00251833
  60    0.0017591  -0.00253544
  61    0.0017850  -0.00254232
  62    0.0017593  -0.00252872
  63    0.0010142  -0.00210567
  64    0.0009368  -0.00200311
  65    0.0010517  -0.00214716
  66    0.0009253  -0.00197376
  67    0.0010313  -0.00211070
  68    0.0009624  -0.00203227
  69    0.0000519  -0.00096705
  70    0.0000513  -0.00095525
  71    0.0000021  -0.00017377
  72    0.0000022  -0.00017493
  73    0.0009969  -0.00142959
  74    0.0010130  -0.00144415
  75    0.0000814  -0.00015800
  76    0.0000950  -0.00018654
  77    0.0012870  -0.00185101
  78    0.0012396  -0.00181278
  79    0.0012444  -0.00181422
  80    0.0011885  -0.00177506
  81    0.0004141  -0.00110422
  82    0.0004586  -0.00115005
  83    0.0003713  -0.00100994
  84    0.0003990  -0.00105368
  85    0.0004333  -0.00108364
  86    0.0003849  -0.00104295
  87    0.0000362  -0.00068795
  88    0.0000370  -0.00069747
  89    0.0000003  -0.00000129
  90    0.0000004  -0.00000152
  91    0.0004240  -0.00072754
  92    0.0004294  -0.00073054
  93    0.0000056  -0.00002176
  94    0.0000107  -0.00002973
  95    0.0001068  -0.00026864
  96    0.0001142  -0.00027161
  97    0.0001259  -0.00027861
  98    0.0001224  -0.00027156
  99    0.0001064  -0.00037729
 100    0.0001065  -0.00037355
 101    0.0001127  -0.00038863
 102    0.0001132  -0.00037970
 103    0.0001033  -0.00036821
 104    0.0001064  -0.00037983
 105    0.0000055  -0.00029399
 106    0.0000057  -0.00029763
 107    0.0000002  -0.00001361
 108    0.0000003  -0.00000124
 109    0.0003493  -0.00064333
 110    0.0003718  -0.00065771
 111    0.0000042  -0.00001350
 112    0.0000034  -0.00001332
 113    0.0000913  -0.00022910
 114    0.0001029  -0.00024390
 115    0.0001124  -0.00026960
 116    0.0001216  -0.00027746
 117    0.0000988  -0.00033177
 118    0.0000937  -0.00033731
 119    0.0000902  -0.00031510
 120    0.0001058  -0.00034292
 121    0.0000951  -0.00035326
 122    0.0001030  -0.00034551
 123    0.0000015  -0.00002284
 124    0.0000012  -0.00001972
 125    0.0000001  -0.00000086
 126    0.0000002  -0.00001209
 127    0.0002077  -0.00038271
 128    0.0001662  -0.00034859
 129    0.0000028  -0.00000994
 130    0.0000025  -0.00000858
 131    0.0000778  -0.00021209
 132    0.0000835  -0.00022153
 133    0.0001021  -0.00023403
 134    0.0000821  -0.00021952
 135    0.0000709  -0.00029010
 136    0.0000725  -0.00029150
 137    0.0000882  -0.00030010
 138    0.0000467  -0.00024514
 139    0.0000843  -0.00030309
 140    0.0000764  -0.00030153
 141    0.0000007  -0.00001159
 142    0.0000006  -0.00001064
 143    0.0000001  -0.00000067
 144    0.0000001  -0.00000318
 145    0.0001650  -0.00033924
 146    0.0001578  -0.00033329
 147    0.0000022  -0.00000485
 148    0.0000023  -0.00000554
 149    0.0000669  -0.00017038
 150    0.0000813  -0.00018963
 151    0.0000767  -0.00018977
 152    0.0000664  -0.00017299
 153    0.0000476  -0.00017669
 154    0.0000678  -0.00023796
 155    0.0000617  -0.00024558
 156    0.0000245  -0.00011014
 157    0.0000667  -0.00023459
 158    0.0000382  -0.00014491
 159    0.0000005  -0.00000802
 160    0.0000003  -0.00002106
 161    0.0000001  -0.00000054
 162    0.0000001  -0.00000064
 163    0.0000938  -0.00023125
 164    0.0001236  -0.00025769
 165    0.0000020  -0.00000440
 166    0.0000022  -0.00000355
 167    0.0000574  -0.00015133
 168    0.0000555  -0.00015089
 169    0.0000515  -0.00014784
 170    0.0000604  -0.00015536
 171    0.0000137  -0.00009145
 172    0.0000254  -0.00011218
 173    0.0000392  -0.00012457
 174    0.0000176  -0.00009982
 175    0.0000466  -0.00020520
 176    0.0000141  -0.00009137
 177    0.0000004  -0.00000710
 178    0.0000003  -0.00000377
 179    0.0000001  -0.00000053
 180    0.0000001  -0.00000058
 181    0.0000289  -0.00008256
 182    0.0000218  -0.00007202
 183    0.0000019  -0.00000316
 184    0.0000022  -0.00000444
 185    0.0000392  -0.00012345
 186    0.0000455  -0.00012613
 187    0.0000456  -0.00012801
 188    0.0000317  -0.00011620
 189    0.0000132  -0.00008190
 190    0.0000183  -0.00009080
 191    0.0000132  -0.00008375
 192    0.0000102  -0.00007719
 193    0.0000204  -0.00009711
 194    0.0000138  -0.00008291
 195    0.0000002  -0.00001804
 196    0.0000002  -0.00000338
 197    0.0000000  -0.00000043
 198    0.0000001  -0.00000060
 199    0.0000207  -0.00007002
 200    0.0000210  -0.00007017
 201    0.0000017  -0.00000358
 202    0.0000017  -0.00000365
 203    0.0000285  -0.00008680
 204    0.0000248  -0.00008391
 205    0.0000248  -0.00008203
 206    0.0000274  -0.00008541
 207    0.0000080  -0.00004402
 208    0.0000095  -0.00004633
 209    0.0000068  -0.00003883
 210    0.0000081  -0.00003911
 211    0.0000127  -0.00003822
 212    0.0000073  -0.00003737
 213    0.0000002  -0.00000224
 214    0.0000002  -0.00000198
 215    0.0000000  -0.00000044
 216    0.0000001  -0.00000052
 217    0.0000175  -0.00006391
 218    0.0000210  -0.00006566
 219    0.0000014  -0.00000333
 220    0.0000016  -0.00000312
 221    0.0000212  -0.00007322
 222    0.0000198  -0.00007159
 223    0.0000214  -0.00007390
 224    0.0000223  -0.00007478
 225    0.0000064  -0.00003407
 226    0.0000058  -0.00003479
 227    0.0000060  -0.00003520
 228    0.0000064  -0.00003389
 229    0.0000077  -0.00003925
 230    0.0000061  -0.00003583
 231    0.0000002  -0.00000113
 232    0.0000002  -0.00000109
 233    0.0000000  -0.00000039
 234    0.0000001  -0.00000047
 235    0.0000166  -0.00006229
 236    0.0000155  -0.00006170
 237    0.0000011  -0.00000228
 238    0.0000014  -0.00000230
 239    0.0000198  -0.00005981
 240    0.0000177  -0.00005357
 241    0.0000116  -0.00004326
 242    0.0000138  -0.00005084
 243    0.0000052  -0.00003301
 244    0.0000051  -0.00002628
 245    0.0000052  -0.00003283
 246    0.0000060  -0.00003196
 247    0.0000053  -0.00003349
 248    0.0000055  -0.00003294
 249    0.0000002  -0.00000099
 250    0.0000001  -0.00000105
 251    0.0000000  -0.00000039
 252    0.0000000  -0.00000047
 253    0.0000131  -0.00004944
 254    0.0000131  -0.00004951
 255    0.0000009  -0.00000253
 256    0.0000011  -0.00000248
 257    0.0000183  -0.00004755
 258    0.0000099  -0.00003755
 259    0.0000103  -0.00003866
 260    0.0000096  -0.00003769
 261    0.0000042  -0.00002757
 262    0.0000049  -0.00003056
 263    0.0000043  -0.00003040
 264    0.0000052  -0.00003178
 265    0.0000049  -0.00003317
 266    0.0000052  -0.00002731
 267    0.0000001  -0.00000097
 268    0.0000001  -0.00000083
 269    0.0000000  -0.00000038
 270    0.0000000  -0.00000045
 271    0.0000119  -0.00004626
 272    0.0000130  -0.00004804
 273    0.0000009  -0.00000216
 274    0.0000011  -0.00000248
 275    0.0000090  -0.00003499
 276    0.0000089  -0.00003433
 277    0.0000081  -0.00003302
 278    0.0000092  -0.00003537
 279    0.0000033  -0.00002448
 280    0.0000042  -0.00002633
 281    0.0000033  -0.00002352
 282    0.0000047  -0.00002467
 283    0.0000033  -0.00001953
 284    0.0000048  -0.00002809
 285    0.0000001  -0.00000080
 286    0.0000001  -0.00000083
 287    0.0000000  -0.00000038
 288    0.0000000  -0.00000044
 289    0.0000110  -0.00003642
 290    0.0000124  -0.00003786
 291    0.0000007  -0.00000190
 292    0.0000009  -0.00000197
 293    0.0000081  -0.00003197
 294    0.0000073  -0.00003039
 295    0.0000073  -0.00002981
 296    0.0000071  -0.00003002
 297    0.0000027  -0.00001397
 298    0.0000034  -0.00002282
 299    0.0000030  -0.00001982
 300    0.0000040  -0.00002517
 301    0.0000032  -0.00002357
 302    0.0000030  -0.00001509
 303    0.0000001  -0.00000084
 304    0.0000001  -0.00000077
 305    0.0000000  -0.00000035
 306    0.0000000  -0.00000043
 307    0.0000100  -0.00003451
 308    0.0000089  -0.00003242
 309    0.0000007  -0.00000191
 310    0.0000009  -0.00000241
 311    0.0000070  -0.00002816
 312    0.0000060  -0.00002502
 313    0.0000063  -0.00002562
 314    0.0000061  -0.00002579
 315    0.0000019  -0.00000567
 316    0.0000028  -0.00001953
 317    0.0000024  -0.00001062
 318    0.0000031  -0.00001353
 319    0.0000025  -0.00000855
 320    0.0000024  -0.00001375
 321    0.0000001  -0.00000085
 322    0.0000001  -0.00000077
 323    0.0000000  -0.00000035
 324    0.0000000  -0.00000039
 325    0.0000071  -0.00003253
 326    0.0000076  -0.00003155
 327    0.0000006  -0.00000188
 328    0.0000006  -0.00000195
 329    0.0000056  -0.00002296
 330    0.0000041  -0.00001780
 331    0.0000042  -0.00001829
 332    0.0000051  -0.00002163
 333    0.0000018  -0.00000641
 334    0.0000018  -0.00000568
 335    0.0000019  -0.00000720
 336    0.0000030  -0.00001665
 337    0.0000022  -0.00000818
 338    0.0000021  -0.00000914
 339    0.0000001  -0.00000073
 340    0.0000001  -0.00000078
 341    0.0000000  -0.00000033
 342    0.0000000  -0.00000037
 
----------------
 Final Energies 
----------------
       HF Total Energy =    -308.5214366
Final NOF Total Energy =    -310.5859262
    Correlation Energy =      -2.0644896
 
Total Orbital Internal Iterations = 1010
Total Occupation Internal Iterations = 306
 
Elapsed time: 14878.33 Seconds

---------------------------------
   Lowdin Population Analysis    
---------------------------------
 Idx  Atom   Population   Charge 
---------------------------------
  1     N     6.696       0.304
  2     N     6.696       0.304
  3     F     8.887       0.113
  4     F     8.887       0.113
  5     H     1.208      -0.208
  6     H     1.208      -0.208
  7     H     1.208      -0.208
  8     H     1.208      -0.208

---------------------------------
   M Diagnostic: 0.09
---------------------------------

