Computing Integrals
Elapsed time:    7.46 Seconds

Number of basis functions                   (NBF)    = 585
Number of auxiliary basis functions         (NBFAUX) = 557
Inactive Doubly occupied orbitals up to     (NO1)    = 0
No. considered Strongly Doubly occupied MOs (NDOC)   = 20
No. considered Strongly Singly occupied MOs (NSOC)   = 1
NO. of Weakly occ. per St. Doubly occ.  MOs (NCWO)   = 28
Dimension of the Nat. Orb. subspace         (NBF5)   = 581
No. of electrons                                     = 41
    No. of alpha electrons                           = 21
    No. of beta electrons                            = 20
Multiplicity                                         = 2

Geometry
========
 C      -2.3983900       0.0752800      -0.3706200
 C      -1.1615700      -0.3633100       0.3713000
 O       0.0000000       0.0000000      -0.3299100
 C       1.1615700       0.3633100       0.3713000
 C       2.3983900      -0.0752800      -0.3706200
 H      -3.2657400      -0.3346100       0.1485700
 H      -2.4016900      -0.2902000      -1.3975000
 H      -2.4690400       1.1641900      -0.3719000
 H      -1.1065400      -1.4761200       0.3704700
 H      -1.0865500      -0.0393400       1.4146300
 H       1.0865500       0.0393400       1.4146300
 H       1.1065400       1.4761200       0.3704700
 H       2.4690400      -1.1641900      -0.3719000
 H       3.2657400       0.3346100       0.1485700
 H       2.4016900       0.2902000      -1.3975000

No violations of the orthonormality
Hartree-Fock
============

  Nitext  Nitint    Eelec          Etot           Ediff          maxdiff
     1      1  -251.47989273   -61.51879977    86.38671674    14.93665921 
     2     10  -380.51739557  -190.55630261    -4.81081343     9.38821054 
     3     10  -404.82936931  -214.86827635    -1.88421529     4.92199834 
     4     10  -412.05310978  -222.09201682    -1.23315261     5.52245435 
     5     10  -414.94569484  -224.98460188    -2.27842290     5.14503292 
     6     10  -414.32743555  -224.36634259     1.26721409     5.00162054 
     7     10  -415.59987796  -225.63878500    -0.35518369     5.48750552 
     8     10  -417.29566280  -227.33456984    -0.72475457     4.23791222 
     9     10  -417.63991244  -227.67881948     0.00793900     4.77991764 
    10     10  -417.62339344  -227.66230048    -0.06059962     4.19566242 
    11     10  -417.99564253  -228.03454957     0.73612703     4.65546307 
    12     10  -419.12059592  -229.15950296    -0.14786033     3.15605813 
    13     10  -419.03350118  -229.07240822     0.19675705     4.01267198 
    14     10  -419.11342009  -229.15232713    -0.02357490     4.09521367 
    15     10  -419.40142320  -229.44033024     0.11318768     3.25614910 
    16     10  -419.84586212  -229.88476916    -0.01365866     3.39744491 
    17     10  -419.83479718  -229.87370422    -0.36945357     3.04506403 
    18     10  -419.98477648  -230.02368352    -0.22024525     3.18996729 
    19     10  -420.10238492  -230.14129196    -0.01689265     2.72700796 
    20     10  -420.02867073  -230.06757778     0.04106698     2.96376793 
    21     10  -420.06698855  -230.10589559    -0.17928623     2.86952705 
    22     10  -419.91203414  -229.95094118     0.41997084     3.14022873 
    23     10  -420.24534610  -230.28425314     0.08967477     3.61697272 
    24     10  -420.69674330  -230.73565034    -0.23464071     3.23698719 
    25     10  -420.47740730  -230.51631434    -0.09147835     2.02762581 
    26     10  -420.41542905  -230.45433609     0.06780602     2.51315129 
    27     10  -420.55990823  -230.59881527    -0.01025504     2.55880131 
    28     10  -420.55420576  -230.59311281    -0.07022786     2.71017117 
    29     10  -420.71866469  -230.75757173    -0.03048992     2.37005399 
    30     10  -420.70559526  -230.74450230     0.30121674     3.01201816 
No violations of the orthonormality
 
PNOF7/ADAM Calculation
==================
 
  Nitext  Nit_orb  Time   Nit_occ  Time         Eelec          Etot           Ediff      maxdiff    Grad_orb  Grad_occ
0.000994648404487597
0.004119986483485035
     1      10    2.2e+02   17    5.4e+01  -419.13152536  -229.17043240 -10418.13152536   1.903204   2.9e+01   2.2e-04 0.00
0.003257175464479567
0.006641509972014797
     2      30    6.1e+02   49    5.5e+01  -421.90622569  -231.94513273    -2.77470034   0.395139   4.0e+00   2.1e-04 0.01
0.006429596274178717
0.016487384871138336
     3      30    6.0e+02   65    6.5e+01  -422.08827424  -232.12718128    -0.18204854   0.062945   1.1e+00   2.4e-04 0.02
0.005095864200299727
0.017958569320728607
     4      30    6.1e+02   71    6.7e+01  -422.24624747  -232.28515451    -0.15797324   0.014024   2.4e-01   2.3e-04 0.03
0.004151692536502272
0.015363291045437676
     5      30    6.2e+02   41    4.3e+01  -422.35723817  -232.39614521    -0.11099070   0.013992   3.4e-01   2.3e-04 0.03
0.003933057940516595
0.012142841252797932
     6      30    6.3e+02   36    3.9e+01  -422.43107464  -232.46998168    -0.07383647   0.011486   2.6e-01   3.0e-04 0.03
0.0042266775554511415
0.010066066179352457
     7      30    6.2e+02   25    2.8e+01  -422.47131086  -232.51021790    -0.04023622   0.010496   2.0e-01   2.4e-04 0.03
0.0029709247014774176
0.006668907939182742
     8      30    6.1e+02   34    3.5e+01  -422.49253881  -232.53144585    -0.02122795   0.007926   1.6e-01   2.7e-04 0.03
0.0017496662167540977
0.0037631094051925017
     9      30    6.3e+02   15    1.9e+01  -422.50165502  -232.54056206    -0.00911621   0.007012   1.3e-01   1.7e-04 0.03
0.0007644858940353549
0.0017978608321905273
    10      30    6.2e+02   14    1.8e+01  -422.50502280  -232.54392984    -0.00336778   0.006461   1.2e-01   2.0e-04 0.03
0.000457642923409763
0.0008981063385056503
    11      30    6.1e+02    3    9.0e+00  -422.50611457  -232.54502161    -0.00109177   0.006799   1.2e-01   2.9e-04 0.03
0.0001890333864386952
0.00042922350355362144
    12      30    6.1e+02    3    9.2e+00  -422.50635201  -232.54525905    -0.00023745   0.007789   1.3e-01   2.6e-04 0.03
0.00011095997491161746
0.00031037526448327913
    13      30    6.1e+02    4    1.0e+01  -422.50640064  -232.54530768    -0.00004863   0.012100   1.4e-01   2.6e-04 0.03
7.743936886609945e-5
0.0002646413171933655
    14      30    6.1e+02    3    9.2e+00  -422.50660580  -232.54551284    -0.00020516   0.006510   1.2e-01   2.5e-04 0.03
7.880402654772081e-5
0.00020129973843347038
    15      30    6.1e+02    7    1.3e+01  -422.50651005  -232.54541709     0.00009575   0.011994   1.6e-01   1.8e-04 0.03
6.51779712985065e-5
0.0001628362423110587
    16      50    1.0e+03    3    9.3e+00  -422.50714239  -232.54604943    -0.00063234   0.001040   1.5e-02   1.7e-04 0.03
8.095269541663619e-5
0.00017998258963518112
    17      50    1.0e+03    1    7.3e+00  -422.50715910  -232.54606614    -0.00001671   0.002040   2.6e-02   2.0e-04 0.03
0.0
0.0
    18      50    1.0e+03    0    6.4e+00  -422.50717400  -232.54608104    -0.00001490   0.001067   1.6e-02   1.6e-04 0.03
0.0
0.0
    19      60    1.2e+03    0    6.6e+00  -422.50718199  -232.54608903    -0.00000799   0.001037   1.1e-02   1.7e-04 0.03
0.0
0.0
    20      70    1.5e+03    0    7.9e+00  -422.50718804  -232.54609509    -0.00000606   0.000213   2.9e-03   1.7e-04 0.03
0.0
0.0
    21      80    1.7e+03    0    7.0e+00  -422.50719105  -232.54609810    -0.00000301   0.000284   3.3e-03   1.7e-04 0.03
0.0
0.0
    22      86    1.7e+03    0    6.6e+00  -422.50719374  -232.54610078    -0.00000269   0.000097   1.3e-03   1.7e-04 0.03
 
RESULTS OF THE OCCUPATION OPTIMIZATION
========================================
   1    1.9997157  -20.95082711
   2    1.9992856  -11.51116506
   3    1.9992840  -11.51090620
   4    1.9993015  -11.40383927
   5    1.9993009  -11.40357549
   6    1.9648485  -1.27628364
   7    1.9647447  -1.27530155
   8    1.9816578  -1.20107606
   9    1.9685560  -0.96614148
  10    1.9673429  -0.96272636
  11    1.9689327  -0.93752754
  12    1.9688742  -0.93718702
  13    1.9628973  -0.93698124
  14    1.9625395  -0.93592727
  15    1.9693701  -0.85852067
  16    1.9693883  -0.85822228
  17    1.9693369  -0.85813932
  18    1.9692380  -0.85743367
  19    1.9689972  -0.85676598
  20    1.9688388  -0.85578521
  21    1.0000000  -0.47128060
  22    0.0214484  -0.01759388
  23    0.0214416  -0.01759512
  24    0.0211776  -0.01737159
  25    0.0212464  -0.01741878
  26    0.0209958  -0.01735261
  27    0.0210798  -0.01740012
  28    0.0270812  -0.02079877
  29    0.0272105  -0.02087418
  30    0.0219050  -0.01885229
  31    0.0219924  -0.01890200
  32    0.0265027  -0.02230153
  33    0.0267608  -0.02250289
  34    0.0110280  -0.01273106
  35    0.0306113  -0.03288887
  36    0.0305987  -0.03289143
  37    0.0004431  -0.00823386
  38    0.0004401  -0.00820490
  39    0.0004448  -0.00828406
  40    0.0004421  -0.00825331
  41    0.0002379  -0.00786520
  42    0.0046797  -0.00506356
  43    0.0046779  -0.00506340
  44    0.0045205  -0.00491991
  45    0.0045494  -0.00494728
  46    0.0045809  -0.00500782
  47    0.0046409  -0.00505000
  48    0.0044977  -0.00486714
  49    0.0043765  -0.00476867
  50    0.0037391  -0.00448387
  51    0.0037987  -0.00452716
  52    0.0032784  -0.00396274
  53    0.0017365  -0.00255942
  54    0.0023239  -0.00396976
  55    0.0024552  -0.00429590
  56    0.0024570  -0.00428702
  57    0.0000820  -0.00114238
  58    0.0000827  -0.00114560
  59    0.0000941  -0.00130102
  60    0.0000944  -0.00130396
  61    0.0000404  -0.00093460
  62    0.0021653  -0.00262929
  63    0.0020585  -0.00253400
  64    0.0022036  -0.00266010
  65    0.0020098  -0.00248992
  66    0.0021551  -0.00262615
  67    0.0020423  -0.00253519
  68    0.0028797  -0.00329361
  69    0.0028808  -0.00328571
  70    0.0023276  -0.00297877
  71    0.0023937  -0.00303723
  72    0.0011614  -0.00180712
  73    0.0011885  -0.00183391
  74    0.0020673  -0.00361828
  75    0.0013837  -0.00269074
  76    0.0012850  -0.00253776
  77    0.0000817  -0.00113802
  78    0.0000817  -0.00113979
  79    0.0000825  -0.00116053
  80    0.0000826  -0.00116248
  81    0.0000048  -0.00029328
  82    0.0020198  -0.00249208
  83    0.0019382  -0.00243507
  84    0.0019952  -0.00245622
  85    0.0019765  -0.00245433
  86    0.0019670  -0.00245571
  87    0.0019908  -0.00247156
  88    0.0022167  -0.00258789
  89    0.0018130  -0.00225204
  90    0.0022083  -0.00279354
  91    0.0019682  -0.00258623
  92    0.0009915  -0.00157588
  93    0.0010276  -0.00161548
  94    0.0011273  -0.00198006
  95    0.0003953  -0.00097736
  96    0.0003963  -0.00097407
  97    0.0000807  -0.00111686
  98    0.0000816  -0.00113522
  99    0.0000799  -0.00112196
 100    0.0000812  -0.00113580
 101    0.0000002  -0.00001870
 102    0.0001542  -0.00028341
 103    0.0001623  -0.00029139
 104    0.0001500  -0.00028189
 105    0.0001597  -0.00028610
 106    0.0001863  -0.00031416
 107    0.0001802  -0.00030901
 108    0.0001539  -0.00027662
 109    0.0001705  -0.00029620
 110    0.0001951  -0.00035258
 111    0.0001826  -0.00034696
 112    0.0002377  -0.00044309
 113    0.0002862  -0.00049124
 114    0.0004677  -0.00114766
 115    0.0001093  -0.00034121
 116    0.0001166  -0.00035094
 117    0.0000087  -0.00035813
 118    0.0000084  -0.00035520
 119    0.0000088  -0.00035881
 120    0.0000083  -0.00035481
 121    0.0000001  -0.00000095
 122    0.0001488  -0.00028071
 123    0.0001542  -0.00028088
 124    0.0001481  -0.00027376
 125    0.0001556  -0.00028288
 126    0.0001526  -0.00028150
 127    0.0001496  -0.00028157
 128    0.0001166  -0.00023889
 129    0.0001142  -0.00022448
 130    0.0001636  -0.00030173
 131    0.0001604  -0.00029845
 132    0.0001959  -0.00038115
 133    0.0001985  -0.00038853
 134    0.0004283  -0.00101386
 135    0.0000864  -0.00028028
 136    0.0000943  -0.00030470
 137    0.0000008  -0.00000784
 138    0.0000012  -0.00001091
 139    0.0000010  -0.00000947
 140    0.0000011  -0.00001046
 141    0.0000001  -0.00000117
 142    0.0001171  -0.00023018
 143    0.0001267  -0.00023961
 144    0.0001273  -0.00023972
 145    0.0001296  -0.00023889
 146    0.0001321  -0.00024671
 147    0.0001205  -0.00023667
 148    0.0001130  -0.00021722
 149    0.0001112  -0.00023018
 150    0.0001318  -0.00026286
 151    0.0001415  -0.00027587
 152    0.0000864  -0.00018032
 153    0.0000501  -0.00014798
 154    0.0003915  -0.00090685
 155    0.0000649  -0.00021252
 156    0.0000645  -0.00022255
 157    0.0000005  -0.00003200
 158    0.0000010  -0.00001578
 159    0.0000008  -0.00003297
 160    0.0000007  -0.00003091
 161    0.0000001  -0.00000174
 162    0.0001054  -0.00021644
 163    0.0001233  -0.00023171
 164    0.0001174  -0.00022858
 165    0.0001273  -0.00023813
 166    0.0001222  -0.00023056
 167    0.0001163  -0.00022556
 168    0.0000957  -0.00018775
 169    0.0001003  -0.00019350
 170    0.0001270  -0.00025657
 171    0.0000938  -0.00022568
 172    0.0000525  -0.00013971
 173    0.0000455  -0.00012766
 174    0.0001204  -0.00036615
 175    0.0000437  -0.00015045
 176    0.0000422  -0.00014377
 177    0.0000004  -0.00000358
 178    0.0000003  -0.00002165
 179    0.0000003  -0.00000528
 180    0.0000003  -0.00000415
 181    0.0000001  -0.00000059
 182    0.0000916  -0.00019763
 183    0.0000846  -0.00019140
 184    0.0000938  -0.00019755
 185    0.0000826  -0.00018818
 186    0.0000959  -0.00019686
 187    0.0000937  -0.00019830
 188    0.0000873  -0.00018445
 189    0.0000958  -0.00019392
 190    0.0000858  -0.00019767
 191    0.0000927  -0.00020506
 192    0.0000323  -0.00010435
 193    0.0000317  -0.00008818
 194    0.0000837  -0.00027016
 195    0.0000254  -0.00008777
 196    0.0000291  -0.00010790
 197    0.0000001  -0.00000101
 198    0.0000003  -0.00000204
 199    0.0000003  -0.00000174
 200    0.0000002  -0.00000120
 201    0.0000001  -0.00000044
 202    0.0000628  -0.00015539
 203    0.0000585  -0.00015164
 204    0.0000525  -0.00014575
 205    0.0000596  -0.00014935
 206    0.0000502  -0.00014298
 207    0.0000565  -0.00014953
 208    0.0000586  -0.00013826
 209    0.0000612  -0.00013930
 210    0.0000504  -0.00014235
 211    0.0000648  -0.00015149
 212    0.0000270  -0.00007297
 213    0.0000291  -0.00007097
 214    0.0000819  -0.00023772
 215    0.0000160  -0.00006685
 216    0.0000173  -0.00006606
 217    0.0000001  -0.00000100
 218    0.0000002  -0.00000126
 219    0.0000002  -0.00000133
 220    0.0000002  -0.00000114
 221    0.0000000  -0.00000036
 222    0.0000437  -0.00009561
 223    0.0000429  -0.00009650
 224    0.0000449  -0.00009450
 225    0.0000376  -0.00008672
 226    0.0000301  -0.00008433
 227    0.0000352  -0.00008664
 228    0.0000347  -0.00008870
 229    0.0000412  -0.00009433
 230    0.0000428  -0.00010232
 231    0.0000383  -0.00009924
 232    0.0000232  -0.00005711
 233    0.0000216  -0.00005534
 234    0.0000647  -0.00020465
 235    0.0000123  -0.00005047
 236    0.0000107  -0.00005026
 237    0.0000001  -0.00000071
 238    0.0000001  -0.00000069
 239    0.0000002  -0.00000101
 240    0.0000002  -0.00000124
 241    0.0000000  -0.00000034
 242    0.0000345  -0.00008589
 243    0.0000275  -0.00007701
 244    0.0000335  -0.00008601
 245    0.0000306  -0.00008019
 246    0.0000257  -0.00007264
 247    0.0000307  -0.00008272
 248    0.0000333  -0.00008716
 249    0.0000320  -0.00008622
 250    0.0000299  -0.00009310
 251    0.0000305  -0.00009261
 252    0.0000152  -0.00004711
 253    0.0000159  -0.00005079
 254    0.0000288  -0.00010948
 255    0.0000082  -0.00004510
 256    0.0000081  -0.00003774
 257    0.0000001  -0.00000058
 258    0.0000001  -0.00000050
 259    0.0000002  -0.00000122
 260    0.0000002  -0.00000100
 261    0.0000000  -0.00000033
 262    0.0000276  -0.00007486
 263    0.0000247  -0.00007102
 264    0.0000299  -0.00007658
 265    0.0000221  -0.00006843
 266    0.0000219  -0.00006662
 267    0.0000248  -0.00007200
 268    0.0000244  -0.00006789
 269    0.0000190  -0.00005921
 270    0.0000217  -0.00007210
 271    0.0000286  -0.00008111
 272    0.0000135  -0.00003761
 273    0.0000121  -0.00003652
 274    0.0000203  -0.00009195
 275    0.0000075  -0.00003639
 276    0.0000066  -0.00003506
 277    0.0000001  -0.00000051
 278    0.0000001  -0.00000048
 279    0.0000002  -0.00000088
 280    0.0000002  -0.00000082
 281    0.0000000  -0.00000030
 282    0.0000125  -0.00003627
 283    0.0000182  -0.00004067
 284    0.0000124  -0.00003527
 285    0.0000175  -0.00003897
 286    0.0000138  -0.00003775
 287    0.0000120  -0.00003511
 288    0.0000137  -0.00003568
 289    0.0000162  -0.00003787
 290    0.0000189  -0.00004413
 291    0.0000142  -0.00004078
 292    0.0000074  -0.00002452
 293    0.0000078  -0.00002306
 294    0.0000179  -0.00008584
 295    0.0000057  -0.00003019
 296    0.0000058  -0.00003248
 297    0.0000001  -0.00000048
 298    0.0000001  -0.00000045
 299    0.0000002  -0.00000082
 300    0.0000002  -0.00000086
 301    0.0000000  -0.00000031
 302    0.0000115  -0.00003412
 303    0.0000106  -0.00003165
 304    0.0000103  -0.00003189
 305    0.0000116  -0.00003477
 306    0.0000131  -0.00003492
 307    0.0000102  -0.00003263
 308    0.0000087  -0.00002815
 309    0.0000101  -0.00003100
 310    0.0000152  -0.00004076
 311    0.0000123  -0.00003877
 312    0.0000070  -0.00002083
 313    0.0000060  -0.00001842
 314    0.0000142  -0.00006827
 315    0.0000055  -0.00002733
 316    0.0000050  -0.00002362
 317    0.0000001  -0.00000053
 318    0.0000001  -0.00000048
 319    0.0000002  -0.00000096
 320    0.0000002  -0.00000088
 321    0.0000000  -0.00000027
 322    0.0000065  -0.00002532
 323    0.0000105  -0.00003161
 324    0.0000071  -0.00002546
 325    0.0000077  -0.00002617
 326    0.0000109  -0.00003205
 327    0.0000079  -0.00002774
 328    0.0000073  -0.00002353
 329    0.0000095  -0.00002771
 330    0.0000093  -0.00003389
 331    0.0000112  -0.00003525
 332    0.0000053  -0.00001906
 333    0.0000052  -0.00001967
 334    0.0000119  -0.00006012
 335    0.0000041  -0.00001905
 336    0.0000038  -0.00001619
 337    0.0000001  -0.00000045
 338    0.0000001  -0.00000046
 339    0.0000002  -0.00000086
 340    0.0000002  -0.00000083
 341    0.0000000  -0.00000027
 342    0.0000059  -0.00002347
 343    0.0000092  -0.00003000
 344    0.0000063  -0.00002403
 345    0.0000076  -0.00002532
 346    0.0000090  -0.00002820
 347    0.0000073  -0.00002576
 348    0.0000061  -0.00002103
 349    0.0000064  -0.00002194
 350    0.0000091  -0.00003103
 351    0.0000093  -0.00003283
 352    0.0000046  -0.00001746
 353    0.0000045  -0.00001849
 354    0.0000107  -0.00004748
 355    0.0000039  -0.00001518
 356    0.0000025  -0.00001200
 357    0.0000001  -0.00000048
 358    0.0000001  -0.00000043
 359    0.0000002  -0.00000081
 360    0.0000002  -0.00000080
 361    0.0000000  -0.00000027
 362    0.0000052  -0.00001920
 363    0.0000064  -0.00001854
 364    0.0000059  -0.00001659
 365    0.0000072  -0.00002001
 366    0.0000075  -0.00001817
 367    0.0000065  -0.00001939
 368    0.0000054  -0.00001598
 369    0.0000058  -0.00001566
 370    0.0000081  -0.00002068
 371    0.0000062  -0.00001938
 372    0.0000032  -0.00001034
 373    0.0000030  -0.00001155
 374    0.0000105  -0.00005110
 375    0.0000036  -0.00001275
 376    0.0000016  -0.00000549
 377    0.0000001  -0.00000044
 378    0.0000000  -0.00000040
 379    0.0000002  -0.00000081
 380    0.0000002  -0.00000082
 381    0.0000000  -0.00000024
 382    0.0000038  -0.00001247
 383    0.0000044  -0.00001549
 384    0.0000054  -0.00001787
 385    0.0000048  -0.00001576
 386    0.0000070  -0.00001833
 387    0.0000044  -0.00001678
 388    0.0000046  -0.00001309
 389    0.0000056  -0.00001735
 390    0.0000064  -0.00001895
 391    0.0000057  -0.00001817
 392    0.0000024  -0.00000914
 393    0.0000024  -0.00000803
 394    0.0000074  -0.00003286
 395    0.0000023  -0.00000734
 396    0.0000013  -0.00000239
 397    0.0000000  -0.00000041
 398    0.0000000  -0.00000040
 399    0.0000002  -0.00000085
 400    0.0000002  -0.00000076
 401    0.0000000  -0.00000023
 402    0.0000032  -0.00001257
 403    0.0000040  -0.00001527
 404    0.0000044  -0.00001492
 405    0.0000045  -0.00001492
 406    0.0000064  -0.00001781
 407    0.0000042  -0.00001402
 408    0.0000041  -0.00001256
 409    0.0000038  -0.00001205
 410    0.0000048  -0.00001607
 411    0.0000046  -0.00001531
 412    0.0000016  -0.00000621
 413    0.0000020  -0.00000747
 414    0.0000073  -0.00003238
 415    0.0000018  -0.00000433
 416    0.0000011  -0.00000198
 417    0.0000000  -0.00000039
 418    0.0000000  -0.00000039
 419    0.0000002  -0.00000086
 420    0.0000002  -0.00000076
 421    0.0000000  -0.00000023
 422    0.0000027  -0.00001080
 423    0.0000033  -0.00001395
 424    0.0000039  -0.00001300
 425    0.0000035  -0.00001307
 426    0.0000052  -0.00001497
 427    0.0000033  -0.00001303
 428    0.0000039  -0.00001241
 429    0.0000031  -0.00001092
 430    0.0000041  -0.00001495
 431    0.0000031  -0.00001289
 432    0.0000015  -0.00000494
 433    0.0000018  -0.00000549
 434    0.0000060  -0.00001747
 435    0.0000018  -0.00000425
 436    0.0000007  -0.00000149
 437    0.0000000  -0.00000037
 438    0.0000000  -0.00000037
 439    0.0000002  -0.00000075
 440    0.0000002  -0.00000072
 441    0.0000000  -0.00000024
 442    0.0000024  -0.00000963
 443    0.0000031  -0.00001215
 444    0.0000029  -0.00001046
 445    0.0000025  -0.00001033
 446    0.0000045  -0.00001498
 447    0.0000029  -0.00001110
 448    0.0000033  -0.00001030
 449    0.0000031  -0.00001086
 450    0.0000041  -0.00001510
 451    0.0000031  -0.00001249
 452    0.0000014  -0.00000347
 453    0.0000016  -0.00000491
 454    0.0000053  -0.00001942
 455    0.0000015  -0.00000273
 456    0.0000006  -0.00000116
 457    0.0000000  -0.00000037
 458    0.0000000  -0.00000036
 459    0.0000002  -0.00000078
 460    0.0000002  -0.00000070
 461    0.0000000  -0.00000023
 462    0.0000022  -0.00000875
 463    0.0000030  -0.00001142
 464    0.0000023  -0.00000933
 465    0.0000020  -0.00000913
 466    0.0000039  -0.00001434
 467    0.0000024  -0.00001025
 468    0.0000026  -0.00000924
 469    0.0000030  -0.00000969
 470    0.0000038  -0.00001354
 471    0.0000023  -0.00000899
 472    0.0000012  -0.00000220
 473    0.0000012  -0.00000320
 474    0.0000050  -0.00001775
 475    0.0000012  -0.00000184
 476    0.0000006  -0.00000114
 477    0.0000000  -0.00000037
 478    0.0000000  -0.00000037
 479    0.0000002  -0.00000081
 480    0.0000002  -0.00000073
 481    0.0000000  -0.00000023
 482    0.0000019  -0.00000732
 483    0.0000023  -0.00000813
 484    0.0000016  -0.00000648
 485    0.0000019  -0.00000712
 486    0.0000039  -0.00001338
 487    0.0000022  -0.00000938
 488    0.0000022  -0.00000705
 489    0.0000026  -0.00000802
 490    0.0000035  -0.00001105
 491    0.0000022  -0.00000860
 492    0.0000010  -0.00000197
 493    0.0000010  -0.00000220
 494    0.0000033  -0.00001175
 495    0.0000012  -0.00000190
 496    0.0000005  -0.00000114
 497    0.0000000  -0.00000034
 498    0.0000000  -0.00000035
 499    0.0000002  -0.00000082
 500    0.0000002  -0.00000073
 501    0.0000000  -0.00000024
 502    0.0000016  -0.00000368
 503    0.0000021  -0.00000571
 504    0.0000016  -0.00000424
 505    0.0000015  -0.00000412
 506    0.0000030  -0.00000840
 507    0.0000017  -0.00000656
 508    0.0000018  -0.00000411
 509    0.0000023  -0.00000643
 510    0.0000030  -0.00000879
 511    0.0000021  -0.00000733
 512    0.0000008  -0.00000190
 513    0.0000010  -0.00000209
 514    0.0000029  -0.00000948
 515    0.0000012  -0.00000165
 516    0.0000005  -0.00000110
 517    0.0000000  -0.00000035
 518    0.0000000  -0.00000036
 519    0.0000002  -0.00000081
 520    0.0000002  -0.00000071
 521    0.0000000  -0.00000022
 522    0.0000012  -0.00000238
 523    0.0000018  -0.00000427
 524    0.0000015  -0.00000345
 525    0.0000015  -0.00000414
 526    0.0000027  -0.00000601
 527    0.0000013  -0.00000294
 528    0.0000014  -0.00000345
 529    0.0000021  -0.00000505
 530    0.0000027  -0.00000889
 531    0.0000020  -0.00000654
 532    0.0000007  -0.00000160
 533    0.0000009  -0.00000160
 534    0.0000027  -0.00000949
 535    0.0000011  -0.00000138
 536    0.0000004  -0.00000108
 537    0.0000000  -0.00000033
 538    0.0000000  -0.00000029
 539    0.0000002  -0.00000072
 540    0.0000002  -0.00000079
 541    0.0000000  -0.00000022
 542    0.0000010  -0.00000186
 543    0.0000015  -0.00000361
 544    0.0000014  -0.00000317
 545    0.0000014  -0.00000343
 546    0.0000027  -0.00000559
 547    0.0000012  -0.00000232
 548    0.0000014  -0.00000225
 549    0.0000015  -0.00000319
 550    0.0000025  -0.00000668
 551    0.0000016  -0.00000390
 552    0.0000007  -0.00000143
 553    0.0000008  -0.00000151
 554    0.0000022  -0.00000762
 555    0.0000006  -0.00000124
 556    0.0000004  -0.00000110
 557    0.0000000  -0.00000030
 558    0.0000000  -0.00000027
 559    0.0000002  -0.00000071
 560    0.0000002  -0.00000075
 561    0.0000000  -0.00000020
 562    0.0000008  -0.00000158
 563    0.0000013  -0.00000219
 564    0.0000008  -0.00000169
 565    0.0000009  -0.00000178
 566    0.0000026  -0.00000570
 567    0.0000012  -0.00000275
 568    0.0000013  -0.00000250
 569    0.0000011  -0.00000210
 570    0.0000022  -0.00000605
 571    0.0000013  -0.00000333
 572    0.0000005  -0.00000117
 573    0.0000008  -0.00000146
 574    0.0000013  -0.00000340
 575    0.0000006  -0.00000113
 576    0.0000004  -0.00000101
 577    0.0000000  -0.00000029
 578    0.0000000  -0.00000027
 579    0.0000002  -0.00000070
 580    0.0000001  -0.00000057
 581    0.0000000  -0.00000021
 
----------------
 Final Energies 
----------------
       HF Total Energy =    -230.7445023
Final NOF Total Energy =    -232.5461008
    Correlation Energy =      -1.8015985
 
Total Orbital Internal Iterations = 876
Total Occupation Internal Iterations = 391
 
Elapsed time: 23682.18 Seconds

---------------------------------
   Lowdin Population Analysis    
---------------------------------
 Idx  Atom   Population   Charge 
---------------------------------
  1     C     5.730       0.270
  2     C     6.015      -0.015
  3     O     7.184       0.816
  4     C     6.015      -0.015
  5     C     5.730       0.270
  6     H     1.035      -0.035
  7     H     1.043      -0.043
  8     H     1.048      -0.048
  9     H     1.002      -0.002
 10     H     1.035      -0.035
 11     H     1.035      -0.035
 12     H     1.003      -0.003
 13     H     1.048      -0.048
 14     H     1.035      -0.035
 15     H     1.043      -0.043

---------------------------------
   M Diagnostic: 0.03
---------------------------------

