Computing Integrals
Elapsed time:    4.63 Seconds

Number of basis functions                   (NBF)    = 321
Number of auxiliary basis functions         (NBFAUX) = 317
Inactive Doubly occupied orbitals up to     (NO1)    = 0
No. considered Strongly Doubly occupied MOs (NDOC)   = 12
No. considered Strongly Singly occupied MOs (NSOC)   = 1
NO. of Weakly occ. per St. Doubly occ.  MOs (NCWO)   = 25
Dimension of the Nat. Orb. subspace         (NBF5)   = 313
No. of electrons                                     = 25
    No. of alpha electrons                           = 13
    No. of beta electrons                            = 12
Multiplicity                                         = 2

Geometry
========
 C      -0.7659500       0.0233400       0.0000000
 C       0.7727700       0.0321400       0.0000000
 O       1.1628100      -1.2709800       0.0000000
 H      -1.1158400       1.0569500       0.0000000
 H      -1.1431100      -0.4829100       0.8883700
 H      -1.1431100      -0.4829100      -0.8883700
 H       1.1162200       0.5621800       0.9015700
 H       1.1162200       0.5621800      -0.9015700

No violations of the orthonormality
Hartree-Fock
============

  Nitext  Nitint    Eelec          Etot           Ediff          maxdiff
     1      1  -133.42034482   -58.48605310    55.57366207    18.12635663 
     2     10  -207.86251158  -132.92821986    -2.01758354     6.52281569 
     3     10  -221.87597754  -146.94168582    -0.45578969     4.52278477 
     4     10  -224.29744125  -149.36314953    -0.26734062     4.60536217 
     5     10  -224.83581354  -149.90152182    -0.34736150     6.10042885 
     6     10  -225.36129733  -150.42700561    -0.68531565     3.75440102 
     7     10  -225.30798213  -150.37369041     0.19008115     6.14307486 
     8     10  -226.21807996  -151.28378824    -0.62563068     3.12571394 
     9     10  -225.31314425  -150.37885253     0.78672407     5.03956975 
    10     10  -226.28824718  -151.35395546    -0.30838894     3.41484385 
    11     10  -226.25523287  -151.32094115    -0.16659172     4.53780086 
    12     10  -226.31202269  -151.37773097     0.03377833     3.11781210 
    13     10  -226.52332545  -151.58903373     0.24901821     4.17184145 
    14     10  -226.51408012  -151.57978840    -0.04446875     3.31676053 
    15     10  -226.68502237  -151.75073065    -0.58671746     3.07218807 
    16     10  -226.35236238  -151.41807066     0.52631976     5.63729287 
    17     10  -226.92225391  -151.98796219    -0.38561640     4.24398931 
    18     10  -226.83450565  -151.90021392    -0.13929849     4.97341447 
    19     10  -226.55311744  -151.61882572     0.46931749     4.79432741 
    20     10  -227.12416878  -152.18987706     0.02643637     3.36076046 
    21     10  -226.89639149  -151.96209977     0.30482238     4.71286128 
    22     10  -227.16888370  -152.23459198    -0.31560657     3.41924409 
    23     10  -227.26097871  -152.32668699    -0.21120461     3.09045582 
    24     10  -227.50186178  -152.56757006    -0.24137350     2.26268691 
    25     10  -227.27133255  -152.33704083    -0.05300426     4.01904954 
    26     10  -227.27783891  -152.34354719     0.12357471     3.70105560 
    27     10  -227.51468578  -152.58039406     0.09983540     3.05360025 
    28     10  -227.52478443  -152.59049271    -0.42081720     2.01829280 
    29     10  -227.44287602  -152.50858430     0.09456314     4.15572697 
    30     10  -227.61207547  -152.67778375    -0.09813077     3.33035451 
No violations of the orthonormality
 
PNOF7/ADAM Calculation
==================
 
  Nitext  Nit_orb  Time   Nit_occ  Time         Eelec          Etot           Ediff      maxdiff    Grad_orb  Grad_occ
0.0009622852364665757
0.0030104000552631546
     1      10    9.3e+01   13    3.9e+01  -228.19823983  -153.26394811 -10227.19823983   0.958916   9.8e+00   1.1e-04 0.00
0.0022882139923989797
0.004612496580873207
     2      10    7.5e+01   27    5.7e+00  -228.37996236  -153.44567064    -0.18172253   0.318859   4.4e+00   2.8e-04 0.00
0.00473570971259929
0.01135190420942812
     3      10    7.6e+01   31    6.4e+00  -228.49121348  -153.55692176    -0.11125113   0.261008   4.5e+00   3.0e-04 0.01
0.004823081449752742
0.014167065421292403
     4      10    7.7e+01   36    6.5e+00  -228.28554643  -153.35125471     0.20566706   0.235817   4.4e+00   2.4e-04 0.02
0.006014644578722916
0.01563945472013157
     5      30    2.3e+02   21    4.0e+00  -228.76392588  -153.82963416    -0.47837945   0.024157   3.1e-01   2.7e-04 0.03
0.004408741570558927
0.010226487806438877
     6      30    2.3e+02   38    6.7e+00  -228.80407959  -153.86978787    -0.04015371   0.013994   2.4e-01   2.3e-04 0.03
0.00198184143093183
0.0048500024616591544
     7      30    2.3e+02   23    4.3e+00  -228.81931744  -153.88502572    -0.01523785   0.015981   2.4e-01   1.9e-04 0.03
0.0012630838124409825
0.002492429040026755
     8      30    2.3e+02   13    2.8e+00  -228.82656691  -153.89227519    -0.00724947   0.010245   1.9e-01   2.6e-04 0.04
0.0006526001428938562
0.0014138670549686612
     9      30    2.3e+02   12    2.7e+00  -228.82986576  -153.89557404    -0.00329885   0.010467   1.7e-01   2.7e-04 0.04
0.00041589400951887005
0.0007666771316847361
    10      30    2.3e+02   13    2.7e+00  -228.83141684  -153.89712512    -0.00155108   0.008874   1.4e-01   2.1e-04 0.04
0.00017486621528177426
0.00045183211060669887
    11      30    2.3e+02    6    1.7e+00  -228.83199065  -153.89769893    -0.00057381   0.007477   1.4e-01   2.0e-04 0.04
0.00014645654363287797
0.00032975294979291033
    12      30    2.2e+02    5    1.5e+00  -228.83263936  -153.89834764    -0.00064871   0.009338   1.3e-01   1.9e-04 0.04
0.00014743443307815938
0.00033599774186247357
    13      30    2.2e+02    5    1.6e+00  -228.83300594  -153.89871422    -0.00036658   0.008684   1.3e-01   2.5e-04 0.04
0.00015066140586050825
0.00032809824668155737
    14      30    2.3e+02    2    9.7e-01  -228.83355058  -153.89925886    -0.00054463   0.007782   1.2e-01   3.0e-04 0.04
0.000246889490978619
0.0004308555015805343
    15      30    2.3e+02    6    1.5e+00  -228.83395871  -153.89966699    -0.00040814   0.007416   1.0e-01   2.6e-04 0.04
0.0001566620601246571
0.0002983760427069927
    16      30    2.2e+02    1    8.2e-01  -228.83428852  -153.89999680    -0.00032981   0.008816   1.0e-01   2.0e-04 0.04
0.000134000915918738
0.0002446726474745457
    17      30    2.3e+02    2    1.1e+00  -228.83442046  -153.90012874    -0.00013194   0.007688   1.0e-01   1.9e-04 0.04
0.00018118401815103713
0.0002779261549907541
    18      30    2.3e+02    1    8.9e-01  -228.83472021  -153.90042849    -0.00029975   0.007549   9.7e-02   1.7e-04 0.04
0.0
0.0
    19      30    2.3e+02    0    6.6e-01  -228.83519871  -153.90090699    -0.00047849   0.007242   7.9e-02   2.4e-04 0.04
0.0002643756574104428
0.00041543640354393913
    20      40    3.0e+02    1    8.2e-01  -228.83562014  -153.90132842    -0.00042143   0.004700   5.2e-02   2.0e-04 0.04
0.00015165515951439355
0.0003383869677780878
    21      40    3.0e+02    3    1.2e+00  -228.83607927  -153.90178755    -0.00045914   0.003056   3.4e-02   2.1e-04 0.04
0.00020178091612454985
0.00034256844262426386
    22      40    3.0e+02    1    9.3e-01  -228.83642052  -153.90212880    -0.00034124   0.001824   1.8e-02   1.8e-04 0.04
0.00015955593949468216
0.00026924131706477253
    23      40    3.0e+02    1    9.2e-01  -228.83662971  -153.90233799    -0.00020919   0.003119   2.6e-02   1.9e-04 0.04
0.00012964166328746228
0.00019086923741917894
    24      40    3.0e+02    3    1.2e+00  -228.83680921  -153.90251749    -0.00017950   0.004812   3.0e-02   1.9e-04 0.04
0.0
0.0
    25      40    3.0e+02    0    7.7e-01  -228.83692295  -153.90263123    -0.00011374   0.001978   1.9e-02   2.1e-04 0.04
0.00015844415082055807
0.0003038901649518108
    26      50    3.8e+02    1    9.9e-01  -228.83701144  -153.90271971    -0.00008848   0.000297   3.3e-03   1.6e-04 0.04
0.0
0.0
    27      50    3.8e+02    0    7.9e-01  -228.83707058  -153.90277886    -0.00005915   0.000376   3.5e-03   1.6e-04 0.04
0.0001701097545219188
0.00028311023308343265
    28      60    4.5e+02    1    9.0e-01  -228.83711236  -153.90282064    -0.00004177   0.003483   1.5e-02   2.0e-04 0.04
0.0
0.0
    29      60    4.5e+02    0    7.6e-01  -228.83713331  -153.90284159    -0.00002095   0.000104   1.4e-03   1.6e-04 0.04
0.0
0.0
    30      70    5.2e+02    0    7.4e-01  -228.83713335  -153.90284163    -0.00000004   0.000066   7.9e-04   2.0e-04 0.04
 
RESULTS OF THE OCCUPATION OPTIMIZATION
========================================
   1    1.9996932  -20.59533823
   2    1.9992917  -11.27770979
   3    1.9992941  -11.23248934
   4    1.9602236  -0.95069107
   5    1.9766474  -0.83084477
   6    1.9766055  -0.82391245
   7    1.9607457  -0.74027684
   8    1.9675019  -0.70821858
   9    1.9672310  -0.70718380
  10    1.9675706  -0.69513121
  11    1.9683461  -0.69245230
  12    1.9683258  -0.69231748
  13    1.0000000  -0.33119046
  14    0.0218043  -0.01603067
  15    0.0217895  -0.01602536
  16    0.0225194  -0.01632862
  17    0.0234197  -0.01705773
  18    0.0230793  -0.01692111
  19    0.0329081  -0.02198786
  20    0.0155904  -0.01397036
  21    0.0151719  -0.01372217
  22    0.0334645  -0.02987759
  23    0.0004452  -0.00822364
  24    0.0004452  -0.00823684
  25    0.0002315  -0.00771840
  26    0.0048152  -0.00478917
  27    0.0048128  -0.00478737
  28    0.0049225  -0.00482214
  29    0.0042185  -0.00435488
  30    0.0041946  -0.00433455
  31    0.0035068  -0.00359544
  32    0.0034791  -0.00452126
  33    0.0036761  -0.00452367
  34    0.0031611  -0.00447338
  35    0.0000822  -0.00113499
  36    0.0000883  -0.00121546
  37    0.0000352  -0.00081268
  38    0.0021193  -0.00241324
  39    0.0020997  -0.00240234
  40    0.0021089  -0.00238461
  41    0.0022545  -0.00260544
  42    0.0022595  -0.00260584
  43    0.0010970  -0.00151908
  44    0.0027497  -0.00387616
  45    0.0025606  -0.00369982
  46    0.0023062  -0.00357223
  47    0.0000816  -0.00112936
  48    0.0000828  -0.00114717
  49    0.0000310  -0.00074072
  50    0.0020542  -0.00235668
  51    0.0020533  -0.00235549
  52    0.0019928  -0.00228473
  53    0.0020071  -0.00234718
  54    0.0020331  -0.00235738
  55    0.0010257  -0.00140924
  56    0.0005583  -0.00112809
  57    0.0005473  -0.00111834
  58    0.0005015  -0.00102049
  59    0.0000815  -0.00112765
  60    0.0000783  -0.00107897
  61    0.0000044  -0.00026069
  62    0.0001572  -0.00027721
  63    0.0001683  -0.00028611
  64    0.0001665  -0.00028013
  65    0.0001914  -0.00032558
  66    0.0001905  -0.00032465
  67    0.0002525  -0.00039206
  68    0.0002877  -0.00064705
  69    0.0003940  -0.00076143
  70    0.0001179  -0.00032354
  71    0.0000087  -0.00035992
  72    0.0000088  -0.00036096
  73    0.0000025  -0.00003373
  74    0.0001392  -0.00026067
  75    0.0001544  -0.00027028
  76    0.0001550  -0.00026613
  77    0.0001280  -0.00024244
  78    0.0001415  -0.00025086
  79    0.0002276  -0.00036583
  80    0.0002753  -0.00063548
  81    0.0002662  -0.00063055
  82    0.0001022  -0.00026316
  83    0.0000021  -0.00001545
  84    0.0000011  -0.00000996
  85    0.0000006  -0.00000176
  86    0.0001261  -0.00023133
  87    0.0001352  -0.00023791
  88    0.0001213  -0.00022580
  89    0.0001259  -0.00023518
  90    0.0001216  -0.00023445
  91    0.0000549  -0.00012631
  92    0.0001265  -0.00033455
  93    0.0002145  -0.00051711
  94    0.0000478  -0.00011082
  95    0.0000013  -0.00001108
  96    0.0000006  -0.00003411
  97    0.0000002  -0.00001833
  98    0.0001171  -0.00021747
  99    0.0001132  -0.00021254
 100    0.0001152  -0.00021356
 101    0.0001181  -0.00021774
 102    0.0001177  -0.00022049
 103    0.0000482  -0.00011563
 104    0.0001225  -0.00032704
 105    0.0001313  -0.00035330
 106    0.0000158  -0.00006047
 107    0.0000005  -0.00003131
 108    0.0000004  -0.00000255
 109    0.0000001  -0.00000123
 110    0.0000920  -0.00019218
 111    0.0000879  -0.00018797
 112    0.0001024  -0.00019568
 113    0.0000831  -0.00018843
 114    0.0000962  -0.00019588
 115    0.0000288  -0.00007988
 116    0.0000442  -0.00016869
 117    0.0001129  -0.00026740
 118    0.0000126  -0.00005320
 119    0.0000004  -0.00000350
 120    0.0000003  -0.00000150
 121    0.0000001  -0.00000092
 122    0.0000625  -0.00015255
 123    0.0000524  -0.00014589
 124    0.0000594  -0.00014829
 125    0.0000502  -0.00014354
 126    0.0000695  -0.00015657
 127    0.0000271  -0.00006256
 128    0.0000236  -0.00009011
 129    0.0001066  -0.00029283
 130    0.0000096  -0.00005232
 131    0.0000002  -0.00000145
 132    0.0000002  -0.00000126
 133    0.0000001  -0.00000059
 134    0.0000406  -0.00009529
 135    0.0000419  -0.00009617
 136    0.0000387  -0.00008828
 137    0.0000366  -0.00009263
 138    0.0000410  -0.00010098
 139    0.0000134  -0.00004074
 140    0.0000173  -0.00006887
 141    0.0000551  -0.00017483
 142    0.0000066  -0.00003865
 143    0.0000002  -0.00000130
 144    0.0000002  -0.00000120
 145    0.0000001  -0.00000057
 146    0.0000399  -0.00008811
 147    0.0000299  -0.00007895
 148    0.0000302  -0.00007892
 149    0.0000352  -0.00009504
 150    0.0000380  -0.00009669
 151    0.0000110  -0.00003700
 152    0.0000153  -0.00006740
 153    0.0000348  -0.00007848
 154    0.0000057  -0.00002413
 155    0.0000002  -0.00000117
 156    0.0000002  -0.00000103
 157    0.0000001  -0.00000052
 158    0.0000308  -0.00007806
 159    0.0000292  -0.00007496
 160    0.0000245  -0.00007007
 161    0.0000283  -0.00007602
 162    0.0000315  -0.00008028
 163    0.0000081  -0.00002515
 164    0.0000145  -0.00005908
 165    0.0000279  -0.00006118
 166    0.0000046  -0.00001806
 167    0.0000002  -0.00000114
 168    0.0000002  -0.00000096
 169    0.0000001  -0.00000050
 170    0.0000148  -0.00003859
 171    0.0000184  -0.00003953
 172    0.0000125  -0.00003527
 173    0.0000160  -0.00004246
 174    0.0000168  -0.00004217
 175    0.0000065  -0.00001670
 176    0.0000131  -0.00005525
 177    0.0000097  -0.00005378
 178    0.0000036  -0.00001638
 179    0.0000002  -0.00000101
 180    0.0000002  -0.00000087
 181    0.0000001  -0.00000049
 182    0.0000134  -0.00003554
 183    0.0000138  -0.00003710
 184    0.0000104  -0.00003333
 185    0.0000095  -0.00003314
 186    0.0000129  -0.00003873
 187    0.0000056  -0.00001593
 188    0.0000114  -0.00004428
 189    0.0000086  -0.00004717
 190    0.0000029  -0.00000813
 191    0.0000001  -0.00000086
 192    0.0000002  -0.00000091
 193    0.0000001  -0.00000041
 194    0.0000089  -0.00002817
 195    0.0000095  -0.00002881
 196    0.0000089  -0.00002777
 197    0.0000088  -0.00003020
 198    0.0000094  -0.00003222
 199    0.0000055  -0.00001773
 200    0.0000100  -0.00004187
 201    0.0000065  -0.00003353
 202    0.0000027  -0.00000623
 203    0.0000001  -0.00000090
 204    0.0000002  -0.00000089
 205    0.0000001  -0.00000045
 206    0.0000072  -0.00002527
 207    0.0000086  -0.00002574
 208    0.0000088  -0.00002661
 209    0.0000070  -0.00002767
 210    0.0000084  -0.00003003
 211    0.0000049  -0.00001563
 212    0.0000089  -0.00004129
 213    0.0000055  -0.00003196
 214    0.0000015  -0.00000193
 215    0.0000001  -0.00000080
 216    0.0000001  -0.00000085
 217    0.0000001  -0.00000045
 218    0.0000068  -0.00001763
 219    0.0000070  -0.00001963
 220    0.0000059  -0.00001615
 221    0.0000063  -0.00001755
 222    0.0000081  -0.00002037
 223    0.0000042  -0.00001063
 224    0.0000087  -0.00003496
 225    0.0000047  -0.00002578
 226    0.0000015  -0.00000152
 227    0.0000001  -0.00000077
 228    0.0000001  -0.00000075
 229    0.0000001  -0.00000041
 230    0.0000048  -0.00001715
 231    0.0000054  -0.00001702
 232    0.0000051  -0.00001613
 233    0.0000045  -0.00001515
 234    0.0000060  -0.00001681
 235    0.0000039  -0.00000726
 236    0.0000077  -0.00002960
 237    0.0000042  -0.00001908
 238    0.0000014  -0.00000177
 239    0.0000001  -0.00000068
 240    0.0000001  -0.00000071
 241    0.0000001  -0.00000039
 242    0.0000046  -0.00001380
 243    0.0000050  -0.00001574
 244    0.0000045  -0.00001758
 245    0.0000042  -0.00001559
 246    0.0000054  -0.00001840
 247    0.0000033  -0.00000720
 248    0.0000073  -0.00003162
 249    0.0000036  -0.00001167
 250    0.0000013  -0.00000141
 251    0.0000001  -0.00000066
 252    0.0000001  -0.00000077
 253    0.0000001  -0.00000041
 254    0.0000041  -0.00001282
 255    0.0000044  -0.00001397
 256    0.0000041  -0.00001290
 257    0.0000037  -0.00001273
 258    0.0000047  -0.00001675
 259    0.0000028  -0.00000699
 260    0.0000057  -0.00002057
 261    0.0000032  -0.00000550
 262    0.0000012  -0.00000128
 263    0.0000001  -0.00000070
 264    0.0000001  -0.00000073
 265    0.0000001  -0.00000040
 266    0.0000035  -0.00001241
 267    0.0000041  -0.00001517
 268    0.0000041  -0.00001286
 269    0.0000036  -0.00001196
 270    0.0000044  -0.00001375
 271    0.0000025  -0.00000492
 272    0.0000054  -0.00002132
 273    0.0000025  -0.00000444
 274    0.0000012  -0.00000132
 275    0.0000001  -0.00000062
 276    0.0000001  -0.00000070
 277    0.0000001  -0.00000038
 278    0.0000032  -0.00001066
 279    0.0000041  -0.00001320
 280    0.0000035  -0.00001071
 281    0.0000031  -0.00001072
 282    0.0000036  -0.00001163
 283    0.0000022  -0.00000358
 284    0.0000046  -0.00001054
 285    0.0000022  -0.00000419
 286    0.0000011  -0.00000128
 287    0.0000001  -0.00000060
 288    0.0000001  -0.00000069
 289    0.0000001  -0.00000039
 290    0.0000025  -0.00000779
 291    0.0000036  -0.00001108
 292    0.0000029  -0.00000875
 293    0.0000030  -0.00000831
 294    0.0000026  -0.00000825
 295    0.0000021  -0.00000344
 296    0.0000045  -0.00001027
 297    0.0000015  -0.00000147
 298    0.0000011  -0.00000115
 299    0.0000001  -0.00000061
 300    0.0000001  -0.00000061
 301    0.0000001  -0.00000034
 302    0.0000019  -0.00000495
 303    0.0000023  -0.00000722
 304    0.0000020  -0.00000476
 305    0.0000028  -0.00000776
 306    0.0000017  -0.00000445
 307    0.0000017  -0.00000245
 308    0.0000026  -0.00000798
 309    0.0000012  -0.00000129
 310    0.0000010  -0.00000096
 311    0.0000001  -0.00000058
 312    0.0000001  -0.00000069
 313    0.0000001  -0.00000034
 
----------------
 Final Energies 
----------------
       HF Total Energy =    -152.6777837
Final NOF Total Energy =    -153.9028416
    Correlation Energy =      -1.2250579
 
Total Orbital Internal Iterations = 1020
Total Occupation Internal Iterations = 266
 
Elapsed time: 8460.82 Seconds

---------------------------------
   Lowdin Population Analysis    
---------------------------------
 Idx  Atom   Population   Charge 
---------------------------------
  1     C     5.774       0.226
  2     C     6.236      -0.236
  3     O     7.662       0.338
  4     H     1.061      -0.061
  5     H     1.064      -0.064
  6     H     1.064      -0.064
  7     H     1.070      -0.070
  8     H     1.069      -0.069

---------------------------------
   M Diagnostic: 0.04
---------------------------------

