Computing Integrals
Elapsed time:    9.65 Seconds

Number of basis functions                   (NBF)    = 645
Number of auxiliary basis functions         (NBFAUX) = 591
Inactive Doubly occupied orbitals up to     (NO1)    = 0
No. considered Strongly Doubly occupied MOs (NDOC)   = 21
No. considered Strongly Singly occupied MOs (NSOC)   = 0
NO. of Weakly occ. per St. Doubly occ.  MOs (NCWO)   = 29
Dimension of the Nat. Orb. subspace         (NBF5)   = 630
No. of electrons                                     = 42
    No. of alpha electrons                           = 21
    No. of beta electrons                            = 21
Multiplicity                                         = 1

Geometry
========
 C      -0.8878700      -0.8878700      -0.8878700
 C       0.0000000       0.0000000       0.0000000
 C       0.8878700       0.8878700      -0.8878700
 C      -0.8878700       0.8878700       0.8878700
 C       0.8878700      -0.8878700       0.8878700
 H      -1.5317700      -0.2823100      -1.5317700
 H      -0.2823100      -1.5317700      -1.5317700
 H      -1.5317700      -1.5317700      -0.2823100
 H       0.2823100       1.5317700      -1.5317700
 H       1.5317700       1.5317700      -0.2823100
 H       1.5317700       0.2823100      -1.5317700
 H      -1.5317700       1.5317700       0.2823100
 H      -1.5317700       0.2823100       1.5317700
 H      -0.2823100       1.5317700       1.5317700
 H       1.5317700      -1.5317700       0.2823100
 H       1.5317700      -0.2823100       1.5317700
 H       0.2823100      -1.5317700       1.5317700

No violations of the orthonormality
Hartree-Fock
============

  Nitext  Nitint    Eelec          Etot           Ediff          maxdiff
     1      1  -254.66224947   -56.57314300    73.60621762     9.64393093 
     2     10  -364.65975351  -166.57064703    -1.90945961     6.18358356 
     3     10  -381.81885247  -183.72974599    -2.51273075     4.91270082 
     4     10  -385.88773520  -187.79862872    -0.09859318     4.62258214 
     5     10  -387.83617570  -189.74706922     0.13863150     3.86382702 
     6     10  -389.41643683  -191.32733035    -0.39330660     3.51387361 
     7     10  -390.11078376  -192.02167729    -0.60169868     3.31076249 
     8     10  -390.64000113  -192.55089465    -0.04391188     3.16408570 
     9     10  -390.94026587  -192.85115940    -0.36302616     2.89930540 
    10     10  -390.62441367  -192.53530720     0.66063896     2.74124373 
    11     10  -392.00138067  -193.91227419    -0.67071151     2.61831855 
    12     10  -391.68496873  -193.59586226    -0.25243114     2.77955013 
    13     10  -391.33277084  -193.24366436     0.80313012     2.53461032 
    14     10  -391.73130568  -193.64219920     0.42790949     2.49744005 
    15     10  -392.16721957  -194.07811309    -0.10770437     2.32751310 
    16     10  -392.27653874  -194.18743226    -0.20504795     2.03610504 
    17     10  -392.20127482  -194.11216835     0.22154093     2.11998879 
    18     10  -392.60887215  -194.51976568    -0.09190580     1.96531711 
    19     10  -392.57807312  -194.48896664     0.01306349     1.94228639 
    20     10  -392.64677188  -194.55766540    -0.12627071     1.97794979 
    21     10  -392.65874157  -194.56963510    -0.08242687     1.92393328 
    22     10  -392.70275338  -194.61364691     0.16543302     1.77388809 
    23     10  -392.94783567  -194.85872919    -0.25900997     1.57905918 
    24     10  -392.93567976  -194.84657328    -0.01692172     1.78158229 
    25     10  -392.88923512  -194.80012864     0.07081192     1.64858028 
    26     10  -393.10800907  -195.01890260    -0.15347092     1.51361369 
    27     10  -393.14894306  -195.05983659    -0.04277025     1.55877643 
    28     10  -393.15338704  -195.06428056     0.00751006     1.52398036 
    29     10  -393.20267438  -195.11356791     0.00437728     1.45036735 
    30     10  -393.30374875  -195.21464227    -0.00028577     1.63791533 
No violations of the orthonormality
 
PNOF7/ADAM Calculation
==================
 
  Nitext  Nit_orb  Time   Nit_occ  Time         Eelec          Etot           Ediff      maxdiff    Grad_orb  Grad_occ
0.0009988575802066801
0.004273421838111538
     1      10    2.6e+02   13    5.4e+01  -394.19812682  -196.10902034 -10393.19812682   0.330720   6.5e+00   1.8e-04 0.00
0.002125338178540326
0.004659287714444293
     2      10    2.5e+02   43    5.7e+01  -389.92686880  -191.83776233     4.27125801   1.925000   6.3e+01   2.0e-04 0.00
0.0059281847532602905
0.01728986400518695
     3      30    7.3e+02   46    6.4e+01  -394.68991180  -196.60080532    -4.76304299   0.135962   2.0e+00   2.9e-04 0.01
0.005936245278457153
0.022680894633202348
     4      30    7.3e+02   36    4.6e+01  -394.84544453  -196.75633805    -0.15553273   0.354153   7.3e+00   2.9e-04 0.02
0.005678021372713893
0.018103355838524335
     5      30    7.3e+02   40    4.9e+01  -395.00477344  -196.91566696    -0.15932891   0.007534   2.3e-01   2.5e-04 0.03
0.003607256613432197
0.011911052697724819
     6      30    7.3e+02   17    2.8e+01  -395.06430351  -196.97519704    -0.05953007   0.007545   2.2e-01   3.1e-04 0.03
0.005037226645434156
0.00872349589471717
     7      30    7.4e+02   13    2.2e+01  -395.09161631  -197.00250983    -0.02731279   0.007162   2.0e-01   3.6e-04 0.03
0.0039558002101302
0.00618720076785797
     8      30    7.3e+02   21    3.0e+01  -395.10385059  -197.01474411    -0.01223428   0.009794   1.9e-01   3.0e-04 0.03
0.001867386675670435
0.0028751021009847024
     9      30    7.3e+02    7    1.6e+01  -395.10891996  -197.01981348    -0.00506937   0.008559   1.7e-01   3.1e-04 0.03
0.0006835102496992596
0.0011761715596317183
    10      30    7.5e+02   10    1.9e+01  -395.11042293  -197.02131645    -0.00150297   0.007824   1.7e-01   3.2e-04 0.03
0.0002459166535351276
0.000456534630169145
    11      30    7.5e+02    3    1.2e+01  -395.11151323  -197.02240676    -0.00109031   0.005080   1.3e-01   2.8e-04 0.03
0.00021595859575396226
0.00042274486580466013
    12      30    7.5e+02    8    1.8e+01  -395.11185087  -197.02274439    -0.00033763   0.004232   1.1e-01   2.3e-04 0.03
0.0
0.0
    13      30    7.5e+02    0    8.7e+00  -395.11215808  -197.02305160    -0.00030721   0.006698   9.4e-02   2.4e-04 0.03
0.0
0.0
    14      40    9.9e+02    0    9.0e+00  -395.11240633  -197.02329985    -0.00024825   0.001606   2.9e-02   2.2e-04 0.03
0.0
0.0
    15      50    1.2e+03    0    9.1e+00  -395.11244614  -197.02333966    -0.00003981   0.000440   5.3e-03   2.2e-04 0.03
0.0
0.0
    16      60    1.5e+03    0    9.3e+00  -395.11245579  -197.02334931    -0.00000965   0.000249   2.1e-03   2.2e-04 0.03
0.0
0.0
    17      66    1.6e+03    0    9.1e+00  -395.11246035  -197.02335387    -0.00000456   0.000099   5.9e-04   2.2e-04 0.03
 
RESULTS OF THE OCCUPATION OPTIMIZATION
========================================
   1    1.9992909  -11.21977690
   2    1.9992891  -11.20791865
   3    1.9992897  -11.20790718
   4    1.9992877  -11.20788732
   5    1.9992870  -11.20786858
   6    1.9660908  -0.70417927
   7    1.9659944  -0.70337009
   8    1.9659391  -0.70315806
   9    1.9658289  -0.70251963
  10    1.9681970  -0.66948103
  11    1.9681651  -0.66947052
  12    1.9682251  -0.66926323
  13    1.9681708  -0.66920425
  14    1.9681656  -0.66919671
  15    1.9681121  -0.66917802
  16    1.9681741  -0.66917486
  17    1.9681198  -0.66916319
  18    1.9681702  -0.66914839
  19    1.9681355  -0.66904501
  20    1.9681097  -0.66902526
  21    1.9681437  -0.66899795
  22    0.0219652  -0.01583334
  23    0.0219326  -0.01582308
  24    0.0219342  -0.01582040
  25    0.0218810  -0.01580544
  26    0.0219701  -0.01584406
  27    0.0219237  -0.01581221
  28    0.0221035  -0.01588930
  29    0.0219452  -0.01582433
  30    0.0218958  -0.01580879
  31    0.0218513  -0.01578775
  32    0.0219383  -0.01581853
  33    0.0219551  -0.01582193
  34    0.0288130  -0.02042679
  35    0.0287917  -0.02043668
  36    0.0287169  -0.02041114
  37    0.0288085  -0.02043871
  38    0.0004465  -0.00821755
  39    0.0004432  -0.00819931
  40    0.0004428  -0.00819891
  41    0.0004420  -0.00819319
  42    0.0004407  -0.00816724
  43    0.0048686  -0.00476168
  44    0.0048183  -0.00473623
  45    0.0048706  -0.00475865
  46    0.0049053  -0.00477302
  47    0.0048864  -0.00476760
  48    0.0047865  -0.00471973
  49    0.0048216  -0.00474087
  50    0.0048602  -0.00475129
  51    0.0048695  -0.00475867
  52    0.0048229  -0.00474106
  53    0.0048772  -0.00476004
  54    0.0048157  -0.00473445
  55    0.0028250  -0.00322721
  56    0.0026854  -0.00314274
  57    0.0027001  -0.00315682
  58    0.0024602  -0.00300052
  59    0.0000857  -0.00118262
  60    0.0000858  -0.00118862
  61    0.0000856  -0.00118668
  62    0.0000857  -0.00118685
  63    0.0000849  -0.00115937
  64    0.0021451  -0.00238730
  65    0.0022002  -0.00241522
  66    0.0021333  -0.00238924
  67    0.0020976  -0.00237013
  68    0.0021583  -0.00240460
  69    0.0021246  -0.00237654
  70    0.0021265  -0.00238405
  71    0.0021310  -0.00239180
  72    0.0021736  -0.00240953
  73    0.0021145  -0.00237031
  74    0.0021343  -0.00238831
  75    0.0021035  -0.00236541
  76    0.0009676  -0.00142830
  77    0.0009801  -0.00143804
  78    0.0009856  -0.00144192
  79    0.0009757  -0.00143508
  80    0.0000817  -0.00115232
  81    0.0000849  -0.00118070
  82    0.0000853  -0.00118466
  83    0.0000853  -0.00118503
  84    0.0000847  -0.00115832
  85    0.0020244  -0.00232236
  86    0.0020932  -0.00236188
  87    0.0020888  -0.00235086
  88    0.0020944  -0.00235253
  89    0.0020067  -0.00230372
  90    0.0021245  -0.00237459
  91    0.0019588  -0.00227846
  92    0.0020431  -0.00232370
  93    0.0020232  -0.00231250
  94    0.0021090  -0.00236325
  95    0.0019758  -0.00228349
  96    0.0020182  -0.00230841
  97    0.0009653  -0.00142725
  98    0.0009797  -0.00143766
  99    0.0009494  -0.00141455
 100    0.0009616  -0.00142422
 101    0.0000816  -0.00115804
 102    0.0000846  -0.00116406
 103    0.0000843  -0.00115995
 104    0.0000845  -0.00116287
 105    0.0000847  -0.00115837
 106    0.0001569  -0.00026656
 107    0.0001529  -0.00026237
 108    0.0001458  -0.00025942
 109    0.0001590  -0.00026978
 110    0.0001668  -0.00027700
 111    0.0001535  -0.00026126
 112    0.0001859  -0.00028770
 113    0.0001577  -0.00026788
 114    0.0001626  -0.00027057
 115    0.0001722  -0.00027670
 116    0.0002044  -0.00031051
 117    0.0001883  -0.00029046
 118    0.0002015  -0.00035143
 119    0.0002201  -0.00037704
 120    0.0002285  -0.00037984
 121    0.0002284  -0.00038889
 122    0.0000090  -0.00035955
 123    0.0000087  -0.00035912
 124    0.0000086  -0.00035726
 125    0.0000086  -0.00035732
 126    0.0000087  -0.00036338
 127    0.0001381  -0.00025294
 128    0.0001444  -0.00025659
 129    0.0001376  -0.00025230
 130    0.0001413  -0.00025524
 131    0.0001415  -0.00025723
 132    0.0001423  -0.00025473
 133    0.0001525  -0.00026241
 134    0.0001304  -0.00024472
 135    0.0001419  -0.00025582
 136    0.0001450  -0.00025586
 137    0.0001408  -0.00025206
 138    0.0001631  -0.00026930
 139    0.0001122  -0.00025549
 140    0.0001786  -0.00033197
 141    0.0001849  -0.00033661
 142    0.0002249  -0.00037647
 143    0.0000011  -0.00001007
 144    0.0000015  -0.00001255
 145    0.0000009  -0.00000885
 146    0.0000014  -0.00001167
 147    0.0000020  -0.00001475
 148    0.0001266  -0.00022609
 149    0.0001169  -0.00021688
 150    0.0001171  -0.00021613
 151    0.0001242  -0.00022046
 152    0.0001257  -0.00021952
 153    0.0001213  -0.00022200
 154    0.0001180  -0.00021718
 155    0.0001193  -0.00021874
 156    0.0001268  -0.00022601
 157    0.0001229  -0.00022522
 158    0.0001193  -0.00021905
 159    0.0001159  -0.00022045
 160    0.0000661  -0.00015699
 161    0.0000531  -0.00014235
 162    0.0000557  -0.00014429
 163    0.0000488  -0.00013091
 164    0.0000007  -0.00000726
 165    0.0000011  -0.00000988
 166    0.0000005  -0.00003150
 167    0.0000009  -0.00001642
 168    0.0000009  -0.00000936
 169    0.0001062  -0.00019954
 170    0.0001073  -0.00019951
 171    0.0000992  -0.00019517
 172    0.0001071  -0.00020159
 173    0.0001101  -0.00021222
 174    0.0001101  -0.00020075
 175    0.0001121  -0.00020495
 176    0.0001019  -0.00019765
 177    0.0001182  -0.00021059
 178    0.0001085  -0.00020187
 179    0.0001083  -0.00020612
 180    0.0001138  -0.00020719
 181    0.0000536  -0.00014285
 182    0.0000454  -0.00012862
 183    0.0000403  -0.00012162
 184    0.0000396  -0.00011406
 185    0.0000006  -0.00003293
 186    0.0000005  -0.00003041
 187    0.0000004  -0.00000375
 188    0.0000003  -0.00002192
 189    0.0000004  -0.00002971
 190    0.0000917  -0.00019211
 191    0.0000926  -0.00019129
 192    0.0000986  -0.00019551
 193    0.0000914  -0.00019016
 194    0.0001013  -0.00019595
 195    0.0000948  -0.00019216
 196    0.0000996  -0.00019493
 197    0.0000956  -0.00019353
 198    0.0000892  -0.00019137
 199    0.0000773  -0.00018114
 200    0.0000993  -0.00019373
 201    0.0000973  -0.00019259
 202    0.0000475  -0.00009883
 203    0.0000305  -0.00008037
 204    0.0000330  -0.00008139
 205    0.0000233  -0.00006792
 206    0.0000005  -0.00000247
 207    0.0000003  -0.00000143
 208    0.0000002  -0.00000116
 209    0.0000003  -0.00000152
 210    0.0000003  -0.00000148
 211    0.0000492  -0.00014335
 212    0.0000609  -0.00014928
 213    0.0000670  -0.00015341
 214    0.0000717  -0.00015529
 215    0.0000580  -0.00014769
 216    0.0000544  -0.00014696
 217    0.0000520  -0.00014312
 218    0.0000650  -0.00015092
 219    0.0000638  -0.00015243
 220    0.0000578  -0.00014901
 221    0.0000573  -0.00014593
 222    0.0000529  -0.00014490
 223    0.0000227  -0.00006545
 224    0.0000268  -0.00006997
 225    0.0000261  -0.00006822
 226    0.0000215  -0.00006019
 227    0.0000003  -0.00000153
 228    0.0000002  -0.00000120
 229    0.0000002  -0.00000102
 230    0.0000002  -0.00000103
 231    0.0000002  -0.00000106
 232    0.0000473  -0.00009579
 233    0.0000364  -0.00008586
 234    0.0000385  -0.00008659
 235    0.0000294  -0.00007944
 236    0.0000398  -0.00008613
 237    0.0000471  -0.00009438
 238    0.0000326  -0.00007934
 239    0.0000375  -0.00008489
 240    0.0000346  -0.00008363
 241    0.0000443  -0.00009231
 242    0.0000424  -0.00008830
 243    0.0000356  -0.00008330
 244    0.0000214  -0.00005057
 245    0.0000206  -0.00005055
 246    0.0000210  -0.00005157
 247    0.0000171  -0.00004329
 248    0.0000003  -0.00000142
 249    0.0000002  -0.00000094
 250    0.0000001  -0.00000076
 251    0.0000002  -0.00000098
 252    0.0000002  -0.00000082
 253    0.0000420  -0.00008906
 254    0.0000311  -0.00007870
 255    0.0000308  -0.00007894
 256    0.0000266  -0.00007163
 257    0.0000299  -0.00007608
 258    0.0000295  -0.00007941
 259    0.0000170  -0.00006278
 260    0.0000340  -0.00007894
 261    0.0000330  -0.00007988
 262    0.0000351  -0.00007986
 263    0.0000270  -0.00007239
 264    0.0000324  -0.00007942
 265    0.0000185  -0.00004593
 266    0.0000123  -0.00003805
 267    0.0000186  -0.00004728
 268    0.0000147  -0.00004080
 269    0.0000003  -0.00000117
 270    0.0000001  -0.00000087
 271    0.0000001  -0.00000064
 272    0.0000001  -0.00000083
 273    0.0000001  -0.00000064
 274    0.0000243  -0.00006904
 275    0.0000202  -0.00006462
 276    0.0000299  -0.00007738
 277    0.0000208  -0.00006555
 278    0.0000191  -0.00006457
 279    0.0000237  -0.00006980
 280    0.0000166  -0.00006020
 281    0.0000246  -0.00007092
 282    0.0000231  -0.00007093
 283    0.0000258  -0.00007347
 284    0.0000242  -0.00006967
 285    0.0000225  -0.00006866
 286    0.0000123  -0.00003570
 287    0.0000065  -0.00002536
 288    0.0000127  -0.00003520
 289    0.0000138  -0.00003507
 290    0.0000003  -0.00000102
 291    0.0000001  -0.00000073
 292    0.0000001  -0.00000059
 293    0.0000001  -0.00000067
 294    0.0000001  -0.00000062
 295    0.0000130  -0.00003528
 296    0.0000136  -0.00003619
 297    0.0000115  -0.00003456
 298    0.0000137  -0.00003677
 299    0.0000102  -0.00003075
 300    0.0000157  -0.00003816
 301    0.0000123  -0.00003396
 302    0.0000177  -0.00003931
 303    0.0000123  -0.00003526
 304    0.0000232  -0.00004039
 305    0.0000171  -0.00003799
 306    0.0000148  -0.00003818
 307    0.0000110  -0.00003186
 308    0.0000051  -0.00001993
 309    0.0000055  -0.00002423
 310    0.0000129  -0.00003127
 311    0.0000003  -0.00000100
 312    0.0000001  -0.00000066
 313    0.0000001  -0.00000057
 314    0.0000001  -0.00000064
 315    0.0000001  -0.00000060
 316    0.0000096  -0.00002946
 317    0.0000108  -0.00003116
 318    0.0000107  -0.00003217
 319    0.0000121  -0.00003329
 320    0.0000076  -0.00002761
 321    0.0000118  -0.00003326
 322    0.0000096  -0.00002842
 323    0.0000158  -0.00003390
 324    0.0000115  -0.00003207
 325    0.0000116  -0.00003288
 326    0.0000136  -0.00003571
 327    0.0000119  -0.00003417
 328    0.0000054  -0.00002366
 329    0.0000038  -0.00001688
 330    0.0000054  -0.00002004
 331    0.0000091  -0.00002900
 332    0.0000003  -0.00000110
 333    0.0000001  -0.00000056
 334    0.0000001  -0.00000056
 335    0.0000001  -0.00000063
 336    0.0000001  -0.00000054
 337    0.0000081  -0.00002554
 338    0.0000105  -0.00002735
 339    0.0000090  -0.00002629
 340    0.0000104  -0.00002780
 341    0.0000075  -0.00002412
 342    0.0000114  -0.00002938
 343    0.0000088  -0.00002437
 344    0.0000103  -0.00002997
 345    0.0000100  -0.00002579
 346    0.0000084  -0.00002547
 347    0.0000092  -0.00002728
 348    0.0000116  -0.00002898
 349    0.0000043  -0.00001211
 350    0.0000037  -0.00001405
 351    0.0000040  -0.00001091
 352    0.0000067  -0.00001822
 353    0.0000003  -0.00000086
 354    0.0000001  -0.00000054
 355    0.0000001  -0.00000053
 356    0.0000001  -0.00000058
 357    0.0000001  -0.00000049
 358    0.0000070  -0.00002304
 359    0.0000069  -0.00002362
 360    0.0000074  -0.00002437
 361    0.0000073  -0.00002393
 362    0.0000075  -0.00002290
 363    0.0000095  -0.00002669
 364    0.0000076  -0.00002227
 365    0.0000073  -0.00002387
 366    0.0000093  -0.00002707
 367    0.0000077  -0.00002394
 368    0.0000073  -0.00002187
 369    0.0000089  -0.00002275
 370    0.0000043  -0.00001396
 371    0.0000027  -0.00000822
 372    0.0000037  -0.00001089
 373    0.0000052  -0.00001530
 374    0.0000003  -0.00000104
 375    0.0000001  -0.00000049
 376    0.0000001  -0.00000050
 377    0.0000001  -0.00000057
 378    0.0000001  -0.00000049
 379    0.0000064  -0.00001741
 380    0.0000064  -0.00001659
 381    0.0000058  -0.00001949
 382    0.0000067  -0.00001890
 383    0.0000059  -0.00001737
 384    0.0000075  -0.00001688
 385    0.0000072  -0.00001926
 386    0.0000059  -0.00001908
 387    0.0000045  -0.00001791
 388    0.0000067  -0.00001935
 389    0.0000068  -0.00001922
 390    0.0000086  -0.00002153
 391    0.0000030  -0.00000783
 392    0.0000020  -0.00000604
 393    0.0000028  -0.00000792
 394    0.0000048  -0.00001425
 395    0.0000003  -0.00000096
 396    0.0000001  -0.00000050
 397    0.0000001  -0.00000053
 398    0.0000001  -0.00000052
 399    0.0000001  -0.00000050
 400    0.0000044  -0.00001627
 401    0.0000054  -0.00001786
 402    0.0000048  -0.00001482
 403    0.0000049  -0.00001714
 404    0.0000047  -0.00001648
 405    0.0000073  -0.00001764
 406    0.0000059  -0.00001699
 407    0.0000057  -0.00001800
 408    0.0000041  -0.00001556
 409    0.0000060  -0.00001842
 410    0.0000059  -0.00001786
 411    0.0000080  -0.00002106
 412    0.0000027  -0.00000714
 413    0.0000020  -0.00000567
 414    0.0000019  -0.00000491
 415    0.0000040  -0.00000832
 416    0.0000003  -0.00000092
 417    0.0000001  -0.00000046
 418    0.0000001  -0.00000054
 419    0.0000001  -0.00000054
 420    0.0000001  -0.00000048
 421    0.0000037  -0.00001263
 422    0.0000049  -0.00001571
 423    0.0000039  -0.00001425
 424    0.0000045  -0.00001401
 425    0.0000034  -0.00001321
 426    0.0000049  -0.00001757
 427    0.0000056  -0.00001679
 428    0.0000048  -0.00001642
 429    0.0000038  -0.00001190
 430    0.0000045  -0.00001383
 431    0.0000043  -0.00001641
 432    0.0000058  -0.00001716
 433    0.0000026  -0.00000650
 434    0.0000017  -0.00000379
 435    0.0000017  -0.00000412
 436    0.0000038  -0.00000791
 437    0.0000003  -0.00000089
 438    0.0000001  -0.00000042
 439    0.0000001  -0.00000049
 440    0.0000001  -0.00000050
 441    0.0000001  -0.00000045
 442    0.0000029  -0.00001112
 443    0.0000048  -0.00001362
 444    0.0000036  -0.00001242
 445    0.0000037  -0.00001290
 446    0.0000031  -0.00001075
 447    0.0000046  -0.00001520
 448    0.0000055  -0.00001498
 449    0.0000039  -0.00001267
 450    0.0000033  -0.00001199
 451    0.0000037  -0.00001315
 452    0.0000036  -0.00001363
 453    0.0000038  -0.00001623
 454    0.0000022  -0.00000478
 455    0.0000014  -0.00000212
 456    0.0000014  -0.00000233
 457    0.0000035  -0.00000745
 458    0.0000003  -0.00000088
 459    0.0000001  -0.00000043
 460    0.0000001  -0.00000043
 461    0.0000001  -0.00000049
 462    0.0000001  -0.00000043
 463    0.0000028  -0.00001101
 464    0.0000047  -0.00001419
 465    0.0000032  -0.00001100
 466    0.0000030  -0.00001126
 467    0.0000031  -0.00001170
 468    0.0000031  -0.00001198
 469    0.0000044  -0.00001275
 470    0.0000037  -0.00001265
 471    0.0000030  -0.00001149
 472    0.0000034  -0.00001223
 473    0.0000035  -0.00001149
 474    0.0000026  -0.00001107
 475    0.0000016  -0.00000302
 476    0.0000011  -0.00000119
 477    0.0000011  -0.00000125
 478    0.0000031  -0.00000540
 479    0.0000003  -0.00000090
 480    0.0000001  -0.00000040
 481    0.0000001  -0.00000045
 482    0.0000001  -0.00000046
 483    0.0000001  -0.00000040
 484    0.0000025  -0.00001049
 485    0.0000032  -0.00001132
 486    0.0000028  -0.00001044
 487    0.0000027  -0.00001063
 488    0.0000029  -0.00000989
 489    0.0000026  -0.00001029
 490    0.0000043  -0.00001392
 491    0.0000034  -0.00001144
 492    0.0000028  -0.00001076
 493    0.0000032  -0.00001171
 494    0.0000027  -0.00001073
 495    0.0000024  -0.00001058
 496    0.0000014  -0.00000209
 497    0.0000011  -0.00000154
 498    0.0000010  -0.00000143
 499    0.0000028  -0.00000524
 500    0.0000003  -0.00000084
 501    0.0000001  -0.00000041
 502    0.0000001  -0.00000042
 503    0.0000001  -0.00000047
 504    0.0000001  -0.00000040
 505    0.0000023  -0.00000687
 506    0.0000027  -0.00000792
 507    0.0000025  -0.00000807
 508    0.0000022  -0.00000738
 509    0.0000022  -0.00000722
 510    0.0000024  -0.00000728
 511    0.0000039  -0.00001155
 512    0.0000028  -0.00000801
 513    0.0000022  -0.00000699
 514    0.0000024  -0.00000679
 515    0.0000025  -0.00000801
 516    0.0000023  -0.00000757
 517    0.0000013  -0.00000151
 518    0.0000010  -0.00000128
 519    0.0000009  -0.00000138
 520    0.0000027  -0.00000442
 521    0.0000003  -0.00000086
 522    0.0000001  -0.00000040
 523    0.0000001  -0.00000042
 524    0.0000001  -0.00000048
 525    0.0000001  -0.00000039
 526    0.0000021  -0.00000436
 527    0.0000026  -0.00000564
 528    0.0000023  -0.00000591
 529    0.0000021  -0.00000576
 530    0.0000022  -0.00000423
 531    0.0000024  -0.00000643
 532    0.0000037  -0.00000660
 533    0.0000023  -0.00000703
 534    0.0000019  -0.00000380
 535    0.0000023  -0.00000612
 536    0.0000024  -0.00000611
 537    0.0000021  -0.00000571
 538    0.0000013  -0.00000163
 539    0.0000010  -0.00000114
 540    0.0000009  -0.00000145
 541    0.0000027  -0.00000423
 542    0.0000003  -0.00000086
 543    0.0000001  -0.00000042
 544    0.0000001  -0.00000037
 545    0.0000001  -0.00000042
 546    0.0000001  -0.00000037
 547    0.0000018  -0.00000349
 548    0.0000021  -0.00000494
 549    0.0000021  -0.00000400
 550    0.0000019  -0.00000378
 551    0.0000021  -0.00000393
 552    0.0000020  -0.00000424
 553    0.0000035  -0.00000891
 554    0.0000015  -0.00000326
 555    0.0000015  -0.00000262
 556    0.0000015  -0.00000301
 557    0.0000023  -0.00000510
 558    0.0000017  -0.00000400
 559    0.0000010  -0.00000138
 560    0.0000009  -0.00000129
 561    0.0000008  -0.00000109
 562    0.0000026  -0.00000410
 563    0.0000003  -0.00000083
 564    0.0000001  -0.00000037
 565    0.0000001  -0.00000040
 566    0.0000001  -0.00000042
 567    0.0000001  -0.00000037
 568    0.0000015  -0.00000204
 569    0.0000018  -0.00000347
 570    0.0000015  -0.00000257
 571    0.0000018  -0.00000384
 572    0.0000016  -0.00000206
 573    0.0000020  -0.00000353
 574    0.0000034  -0.00000548
 575    0.0000014  -0.00000273
 576    0.0000014  -0.00000193
 577    0.0000014  -0.00000215
 578    0.0000022  -0.00000479
 579    0.0000016  -0.00000299
 580    0.0000009  -0.00000135
 581    0.0000009  -0.00000100
 582    0.0000007  -0.00000101
 583    0.0000026  -0.00000372
 584    0.0000003  -0.00000087
 585    0.0000001  -0.00000035
 586    0.0000001  -0.00000039
 587    0.0000001  -0.00000044
 588    0.0000001  -0.00000037
 589    0.0000012  -0.00000165
 590    0.0000017  -0.00000282
 591    0.0000012  -0.00000116
 592    0.0000016  -0.00000212
 593    0.0000014  -0.00000125
 594    0.0000016  -0.00000253
 595    0.0000028  -0.00000521
 596    0.0000014  -0.00000183
 597    0.0000014  -0.00000161
 598    0.0000011  -0.00000158
 599    0.0000016  -0.00000311
 600    0.0000013  -0.00000157
 601    0.0000008  -0.00000106
 602    0.0000008  -0.00000097
 603    0.0000006  -0.00000104
 604    0.0000023  -0.00000432
 605    0.0000003  -0.00000078
 606    0.0000001  -0.00000035
 607    0.0000001  -0.00000036
 608    0.0000001  -0.00000041
 609    0.0000001  -0.00000036
 610    0.0000011  -0.00000126
 611    0.0000013  -0.00000152
 612    0.0000010  -0.00000114
 613    0.0000014  -0.00000136
 614    0.0000011  -0.00000120
 615    0.0000012  -0.00000127
 616    0.0000027  -0.00000388
 617    0.0000012  -0.00000114
 618    0.0000010  -0.00000108
 619    0.0000010  -0.00000128
 620    0.0000015  -0.00000184
 621    0.0000012  -0.00000153
 622    0.0000006  -0.00000101
 623    0.0000008  -0.00000098
 624    0.0000006  -0.00000105
 625    0.0000023  -0.00000268
 626    0.0000003  -0.00000075
 627    0.0000001  -0.00000036
 628    0.0000001  -0.00000036
 629    0.0000001  -0.00000040
 630    0.0000001  -0.00000036
 
----------------
 Final Energies 
----------------
       HF Total Energy =    -195.2146423
Final NOF Total Energy =    -197.0233539
    Correlation Energy =      -1.8087116
 
Total Orbital Internal Iterations = 566
Total Occupation Internal Iterations = 257
 
Elapsed time: 20776.60 Seconds

---------------------------------
   Lowdin Population Analysis    
---------------------------------
 Idx  Atom   Population   Charge 
---------------------------------
  1     C     5.767       0.233
  2     C     6.274      -0.274
  3     C     5.767       0.233
  4     C     5.767       0.233
  5     C     5.767       0.233
  6     H     1.055      -0.055
  7     H     1.055      -0.055
  8     H     1.055      -0.055
  9     H     1.055      -0.055
 10     H     1.055      -0.055
 11     H     1.055      -0.055
 12     H     1.055      -0.055
 13     H     1.055      -0.055
 14     H     1.055      -0.055
 15     H     1.055      -0.055
 16     H     1.055      -0.055
 17     H     1.055      -0.055

---------------------------------
   M Diagnostic: 0.03
---------------------------------

