Computing Integrals
Elapsed time:    3.99 Seconds

Number of basis functions                   (NBF)    = 234
Number of auxiliary basis functions         (NBFAUX) = 224
Inactive Doubly occupied orbitals up to     (NO1)    = 0
No. considered Strongly Doubly occupied MOs (NDOC)   = 9
No. considered Strongly Singly occupied MOs (NSOC)   = 0
NO. of Weakly occ. per St. Doubly occ.  MOs (NCWO)   = 25
Dimension of the Nat. Orb. subspace         (NBF5)   = 234
No. of electrons                                     = 18
    No. of alpha electrons                           = 9
    No. of beta electrons                            = 9
Multiplicity                                         = 1

Geometry
========
 C      -0.3417900       0.1212900       0.0000000
 O       1.0798300       0.1987900       0.0000000
 H       1.4366400      -0.6953200       0.0000000
 H      -0.7131900       1.1455200       0.0000000
 H      -0.7307500      -0.3851400      -0.8914700
 H      -0.7307500      -0.3851400       0.8914700

No violations of the orthonormality
Hartree-Fock
============

  Nitext  Nitint    Eelec          Etot           Ediff          maxdiff
     1      1   -83.66589524   -43.45317996    44.95979287    18.40718475 
     2     10  -141.47237348  -101.25965821    -4.47047523     9.88553276 
     3     10  -151.34819588  -111.13548060    -0.36546760     8.16362397 
     4     10  -153.46650318  -113.25378790    -0.47734077     4.89796549 
     5     10  -153.03523220  -112.82251692     1.16298332     6.09412417 
     6     10  -153.56417528  -113.35146000     1.06225803     6.56261093 
     7     10  -153.82635621  -113.61364093    -0.38397197     4.52171146 
     8     10  -154.58812668  -114.37541140    -0.29640266     4.46794954 
     9     10  -154.66062802  -114.44791274    -1.23024112     3.70043404 
    10     10  -154.67444418  -114.46172890    -0.80098958     2.69372111 
    11     10  -154.14835666  -113.93564138     0.56847759     5.69015277 
    12     10  -154.53198657  -114.31927129    -0.05278154     3.35688045 
    13     10  -154.43140418  -114.21868890     0.22028791     5.25984901 
    14     10  -154.00113472  -113.78841944     0.20474389     5.89592180 
    15     10  -155.02935061  -114.81663533    -0.96673466     1.70597084 
    16     10  -154.49375129  -114.28103601    -0.00973384     5.30695889 
    17     10  -154.63014670  -114.41743142    -0.02084935     5.00824922 
    18     10  -154.53387616  -114.32116088    -0.01401638     5.09028827 
    19     10  -154.24932413  -114.03660885    -0.00604038     4.86150095 
    20     10  -154.71579979  -114.50308451    -0.19187690     4.75856570 
    21     10  -154.89040071  -114.67768543    -0.71198258     4.66865563 
    22     10  -154.03163944  -113.81892416     0.96617828     5.02096845 
    23     10  -154.72153236  -114.50881708    -0.01639703     4.89905295 
    24     10  -154.76982780  -114.55711252    -0.17849436     3.61981641 
    25     10  -154.68036924  -114.46765396     0.12743620     3.96876798 
    26     10  -154.75240908  -114.53969380    -0.16244338     3.90410502 
    27     10  -154.70999424  -114.49727897    -0.11150228     3.69999221 
    28     10  -154.50473401  -114.29201873     0.43827830     4.41774940 
    29     10  -154.70919069  -114.49647541     0.03171365     3.72100033 
    30     10  -154.82215676  -114.60944149    -0.29063681     3.73352532 
No violations of the orthonormality
 
PNOF7/ADAM Calculation
==================
 
  Nitext  Nit_orb  Time   Nit_occ  Time         Eelec          Etot           Ediff      maxdiff    Grad_orb  Grad_occ
0.0009736027245722534
0.002719726603853892
     1      10    6.9e+01   11    3.5e+01  -154.94663605  -114.73392078 -10153.94663605   1.400444   1.6e+01   2.6e-04 0.00
0.0011988775353829473
0.0022403586162892852
     2      10    5.4e+01   31    2.6e+00  -155.31677841  -115.10406313    -0.37014236   0.228142   2.3e+00   2.0e-04 0.00
0.003175104448563393
0.00702145995002667
     3      10    5.2e+01   34    2.8e+00  -155.35866169  -115.14594641    -0.04188328   0.142528   3.4e+00   2.0e-04 0.01
0.006276810290583801
0.01138376634847907
     4      10    5.4e+01   27    2.1e+00  -155.24075710  -115.02804182     0.11790459   0.168598   4.1e+00   2.4e-04 0.02
0.005359008134543708
0.010985361941560285
     5      30    1.6e+02   40    2.8e+00  -155.49484244  -115.28212716    -0.25408534   0.011571   2.0e-01   2.4e-04 0.03
0.0026696438112177034
0.007359280026893114
     6      30    1.6e+02   15    1.2e+00  -155.52438430  -115.31166902    -0.02954186   0.011941   1.7e-01   3.0e-04 0.03
0.002883377008552568
0.005273335591771861
     7      30    1.6e+02   23    1.7e+00  -155.54164201  -115.32892673    -0.01725771   0.013617   1.5e-01   2.6e-04 0.04
0.004035571197284926
0.005827679095991781
     8      30    1.6e+02   12    1.0e+00  -155.55411323  -115.34139795    -0.01247123   0.011099   1.3e-01   2.4e-04 0.04
0.0036276100726067018
0.005017919430952744
     9      30    1.6e+02   14    1.1e+00  -155.56171315  -115.34899787    -0.00759992   0.008266   1.1e-01   1.9e-04 0.04
0.0016114256547198336
0.002394633515266193
    10      30    1.6e+02    7    6.7e-01  -155.56460046  -115.35188518    -0.00288731   0.010456   1.3e-01   2.2e-04 0.04
0.0005647184235045618
0.0010224431206042879
    11      30    1.6e+02    7    8.0e-01  -155.56567243  -115.35295715    -0.00107197   0.007515   1.1e-01   2.6e-04 0.04
0.0004370264322315718
0.000598625149619629
    12      30    1.6e+02    3    4.1e-01  -155.56620778  -115.35349250    -0.00053535   0.005670   7.3e-02   2.3e-04 0.04
0.00016137014019179663
0.0003712510512032645
    13      30    1.6e+02    1    3.0e-01  -155.56634753  -115.35363225    -0.00013975   0.006370   7.6e-02   3.0e-04 0.04
7.593510288919463e-5
0.00019579017942619457
    14      30    1.6e+02   12    1.0e+00  -155.56641353  -115.35369825    -0.00006600   0.006598   7.0e-02   1.8e-04 0.04
8.268276998835145e-5
0.0001843443446929856
    15      30    1.6e+02    2    3.5e-01  -155.56658867  -115.35387339    -0.00017514   0.005618   6.2e-02   2.7e-04 0.04
0.0
0.0
    16      30    1.6e+02    0    2.2e-01  -155.56659520  -115.35387992    -0.00000653   0.007268   6.9e-02   1.9e-04 0.04
0.0
0.0
    17      60    3.2e+02    0    2.5e-01  -155.56670958  -115.35399431    -0.00011438   0.000530   5.2e-03   2.1e-04 0.04
0.0
0.0
    18      70    3.7e+02    0    2.2e-01  -155.56671297  -115.35399769    -0.00000339   0.000475   4.7e-03   2.2e-04 0.04
0.0
0.0
    19      80    4.2e+02    0    2.2e-01  -155.56671569  -115.35400041    -0.00000272   0.000320   3.3e-03   2.2e-04 0.04
0.0
0.0
    20      90    4.7e+02    0    2.3e-01  -155.56671763  -115.35400235    -0.00000194   0.000196   1.7e-03   2.2e-04 0.04
0.0
0.0
    21      97    5.1e+02    0    2.1e-01  -155.56671883  -115.35400355    -0.00000121   0.000096   8.2e-04   2.2e-04 0.04
 
RESULTS OF THE OCCUPATION OPTIMIZATION
========================================
   1    1.9997147  -20.56107635
   2    1.9993026  -11.26836110
   3    1.9693093  -0.89292547
   4    1.9596588  -0.84415573
   5    1.9834298  -0.76604159
   6    1.9833288  -0.76282741
   7    1.9685306  -0.69443811
   8    1.9684239  -0.69386493
   9    1.9683353  -0.69349489
  10    0.0218438  -0.01619482
  11    0.0218379  -0.01619072
  12    0.0217940  -0.01621682
  13    0.0128043  -0.01243263
  14    0.0129039  -0.01249869
  15    0.0363530  -0.02969072
  16    0.0259448  -0.02347199
  17    0.0004395  -0.00820933
  18    0.0002259  -0.00761535
  19    0.0045828  -0.00461436
  20    0.0045515  -0.00459945
  21    0.0043715  -0.00450534
  22    0.0013717  -0.00219120
  23    0.0013174  -0.00216598
  24    0.0026710  -0.00340244
  25    0.0026101  -0.00365301
  26    0.0000875  -0.00120420
  27    0.0000329  -0.00078110
  28    0.0022478  -0.00257884
  29    0.0022378  -0.00256897
  30    0.0023619  -0.00267426
  31    0.0010513  -0.00173868
  32    0.0009898  -0.00162167
  33    0.0006817  -0.00120058
  34    0.0010138  -0.00165979
  35    0.0000780  -0.00109005
  36    0.0000212  -0.00052219
  37    0.0020582  -0.00237970
  38    0.0020026  -0.00234885
  39    0.0020570  -0.00237765
  40    0.0007645  -0.00139641
  41    0.0007089  -0.00136961
  42    0.0005046  -0.00094559
  43    0.0007753  -0.00139507
  44    0.0000778  -0.00108241
  45    0.0000030  -0.00022224
  46    0.0002145  -0.00033675
  47    0.0001879  -0.00031358
  48    0.0001789  -0.00030418
  49    0.0001551  -0.00038287
  50    0.0001645  -0.00039496
  51    0.0000364  -0.00010428
  52    0.0000775  -0.00022678
  53    0.0000084  -0.00035516
  54    0.0000004  -0.00000273
  55    0.0001445  -0.00025611
  56    0.0001548  -0.00026194
  57    0.0001321  -0.00024844
  58    0.0001319  -0.00035072
  59    0.0001379  -0.00038179
  60    0.0000278  -0.00007433
  61    0.0000647  -0.00018054
  62    0.0000018  -0.00001383
  63    0.0000003  -0.00000148
  64    0.0001231  -0.00022641
  65    0.0001276  -0.00022639
  66    0.0001142  -0.00021929
  67    0.0001217  -0.00032522
  68    0.0001229  -0.00033357
  69    0.0000212  -0.00006612
  70    0.0000468  -0.00011560
  71    0.0000012  -0.00001018
  72    0.0000001  -0.00000927
  73    0.0001139  -0.00021939
  74    0.0001269  -0.00022530
  75    0.0001140  -0.00021568
  76    0.0000915  -0.00027006
  77    0.0000949  -0.00028714
  78    0.0000101  -0.00004702
  79    0.0000399  -0.00010217
  80    0.0000005  -0.00002968
  81    0.0000001  -0.00000225
  82    0.0000949  -0.00019642
  83    0.0000896  -0.00019177
  84    0.0000971  -0.00019825
  85    0.0000595  -0.00020627
  86    0.0000422  -0.00017349
  87    0.0000071  -0.00003681
  88    0.0000277  -0.00007923
  89    0.0000004  -0.00000209
  90    0.0000001  -0.00000240
  91    0.0000666  -0.00015561
  92    0.0000480  -0.00014329
  93    0.0000581  -0.00014975
  94    0.0000396  -0.00011249
  95    0.0000235  -0.00007834
  96    0.0000061  -0.00002908
  97    0.0000201  -0.00006733
  98    0.0000003  -0.00000146
  99    0.0000001  -0.00000053
 100    0.0000404  -0.00009539
 101    0.0000359  -0.00009251
 102    0.0000493  -0.00009953
 103    0.0000240  -0.00005936
 104    0.0000117  -0.00004313
 105    0.0000046  -0.00001776
 106    0.0000140  -0.00005142
 107    0.0000003  -0.00000127
 108    0.0000001  -0.00000056
 109    0.0000394  -0.00009520
 110    0.0000327  -0.00008622
 111    0.0000399  -0.00009846
 112    0.0000112  -0.00004247
 113    0.0000096  -0.00003848
 114    0.0000035  -0.00001384
 115    0.0000115  -0.00004100
 116    0.0000002  -0.00000081
 117    0.0000001  -0.00000051
 118    0.0000224  -0.00006914
 119    0.0000239  -0.00006878
 120    0.0000243  -0.00007252
 121    0.0000082  -0.00003288
 122    0.0000072  -0.00003089
 123    0.0000023  -0.00001024
 124    0.0000088  -0.00004073
 125    0.0000002  -0.00000100
 126    0.0000001  -0.00000047
 127    0.0000123  -0.00003593
 128    0.0000188  -0.00004149
 129    0.0000142  -0.00003826
 130    0.0000067  -0.00003018
 131    0.0000071  -0.00003233
 132    0.0000018  -0.00000621
 133    0.0000066  -0.00002497
 134    0.0000002  -0.00000091
 135    0.0000001  -0.00000049
 136    0.0000116  -0.00003360
 137    0.0000172  -0.00003585
 138    0.0000123  -0.00003431
 139    0.0000054  -0.00002614
 140    0.0000053  -0.00002614
 141    0.0000014  -0.00000297
 142    0.0000057  -0.00002168
 143    0.0000001  -0.00000070
 144    0.0000001  -0.00000045
 145    0.0000084  -0.00002757
 146    0.0000153  -0.00003769
 147    0.0000105  -0.00003012
 148    0.0000045  -0.00002172
 149    0.0000044  -0.00002344
 150    0.0000013  -0.00000144
 151    0.0000049  -0.00001893
 152    0.0000001  -0.00000069
 153    0.0000001  -0.00000042
 154    0.0000075  -0.00002516
 155    0.0000110  -0.00002849
 156    0.0000098  -0.00002769
 157    0.0000039  -0.00002299
 158    0.0000041  -0.00001881
 159    0.0000011  -0.00000129
 160    0.0000036  -0.00001471
 161    0.0000001  -0.00000067
 162    0.0000001  -0.00000038
 163    0.0000059  -0.00001686
 164    0.0000102  -0.00002251
 165    0.0000067  -0.00001777
 166    0.0000032  -0.00001571
 167    0.0000027  -0.00000966
 168    0.0000010  -0.00000095
 169    0.0000030  -0.00000957
 170    0.0000001  -0.00000064
 171    0.0000001  -0.00000041
 172    0.0000052  -0.00001765
 173    0.0000090  -0.00001937
 174    0.0000053  -0.00001770
 175    0.0000031  -0.00000859
 176    0.0000023  -0.00000573
 177    0.0000010  -0.00000089
 178    0.0000025  -0.00000748
 179    0.0000001  -0.00000064
 180    0.0000001  -0.00000039
 181    0.0000048  -0.00001475
 182    0.0000083  -0.00001828
 183    0.0000039  -0.00001178
 184    0.0000026  -0.00000864
 185    0.0000020  -0.00000416
 186    0.0000009  -0.00000098
 187    0.0000021  -0.00000611
 188    0.0000001  -0.00000058
 189    0.0000001  -0.00000037
 190    0.0000046  -0.00001287
 191    0.0000070  -0.00001802
 192    0.0000037  -0.00001283
 193    0.0000020  -0.00000503
 194    0.0000019  -0.00000464
 195    0.0000007  -0.00000081
 196    0.0000020  -0.00000599
 197    0.0000001  -0.00000059
 198    0.0000001  -0.00000035
 199    0.0000039  -0.00001205
 200    0.0000066  -0.00001735
 201    0.0000035  -0.00001137
 202    0.0000017  -0.00000217
 203    0.0000018  -0.00000209
 204    0.0000007  -0.00000085
 205    0.0000016  -0.00000390
 206    0.0000001  -0.00000059
 207    0.0000001  -0.00000036
 208    0.0000029  -0.00000867
 209    0.0000063  -0.00001559
 210    0.0000033  -0.00000946
 211    0.0000015  -0.00000125
 212    0.0000015  -0.00000168
 213    0.0000007  -0.00000084
 214    0.0000014  -0.00000373
 215    0.0000001  -0.00000052
 216    0.0000001  -0.00000034
 217    0.0000026  -0.00000832
 218    0.0000060  -0.00001649
 219    0.0000024  -0.00000774
 220    0.0000013  -0.00000155
 221    0.0000015  -0.00000140
 222    0.0000007  -0.00000079
 223    0.0000014  -0.00000179
 224    0.0000001  -0.00000052
 225    0.0000001  -0.00000036
 226    0.0000025  -0.00000668
 227    0.0000032  -0.00000878
 228    0.0000016  -0.00000405
 229    0.0000010  -0.00000089
 230    0.0000014  -0.00000112
 231    0.0000005  -0.00000087
 232    0.0000012  -0.00000213
 233    0.0000001  -0.00000051
 234    0.0000001  -0.00000055
 
----------------
 Final Energies 
----------------
       HF Total Energy =    -114.6094415
Final NOF Total Energy =    -115.3540036
    Correlation Energy =      -0.7445621
 
Total Orbital Internal Iterations = 797
Total Occupation Internal Iterations = 239
 
Elapsed time: 4543.13 Seconds

---------------------------------
   Lowdin Population Analysis    
---------------------------------
 Idx  Atom   Population   Charge 
---------------------------------
  1     C     5.965       0.035
  2     O     7.454       0.546
  3     H     1.341      -0.341
  4     H     1.075      -0.075
  5     H     1.082      -0.082
  6     H     1.082      -0.082

---------------------------------
   M Diagnostic: 0.04
---------------------------------

