Computing Integrals
Elapsed time:   11.81 Seconds

Number of basis functions                   (NBF)    = 645
Number of auxiliary basis functions         (NBFAUX) = 591
Inactive Doubly occupied orbitals up to     (NO1)    = 0
No. considered Strongly Doubly occupied MOs (NDOC)   = 21
No. considered Strongly Singly occupied MOs (NSOC)   = 0
NO. of Weakly occ. per St. Doubly occ.  MOs (NCWO)   = 29
Dimension of the Nat. Orb. subspace         (NBF5)   = 630
No. of electrons                                     = 42
    No. of alpha electrons                           = 21
    No. of beta electrons                            = 21
Multiplicity                                         = 1

Geometry
========
 C      -2.5304400      -0.3015500      -0.0118900
 H      -2.5388100      -0.9635000      -0.8783000
 H      -2.5823600      -0.9278100       0.8787000
 H      -3.4328600       0.3073600      -0.0446500
 C      -1.2699100       0.5530600      -0.0008200
 H      -1.2865600       1.2260500       0.8595900
 H      -1.2446400       1.1872700      -0.8896100
 C       0.0000100      -0.2852800       0.0396400
 H       0.0000100      -0.9030700       0.9427000
 H       0.0000800      -0.9735700      -0.8096000
 C       1.2699100       0.5531000      -0.0007300
 H       1.2865300       1.2260700       0.8596900
 H       1.2447600       1.1872700      -0.8895300
 C       2.5304300      -0.3015400      -0.0116800
 H       2.5388100      -0.9635200      -0.8780600
 H       3.4328100       0.3074000      -0.0444000
 H       2.5822500      -0.9277500       0.8789600

No violations of the orthonormality
Hartree-Fock
============

  Nitext  Nitint    Eelec          Etot           Ediff          maxdiff
     1      1  -231.66166852   -45.93015743    83.88138054     8.66409791 
     2     10  -350.54945456  -164.81794347    -5.23653426     5.27214714 
     3     10  -367.25631969  -181.52480861    -0.09366582     4.93117695 
     4     10  -372.36450067  -186.63298958    -0.31215864     4.11659818 
     5     10  -373.29965530  -187.56814422     1.64254055     4.33002363 
     6     10  -375.89570819  -190.16419711    -0.84512152     3.58243318 
     7     10  -376.39630550  -190.66479441     0.28843643     3.52287032 
     8     10  -376.57201361  -190.84050253     0.48988194     3.14064668 
     9     10  -378.20795310  -192.47644202    -1.10638450     2.91494517 
    10     10  -377.97950203  -192.24799095    -0.24215476     3.07949484 
    11     10  -378.75360340  -193.02209232    -0.39024939     2.62999875 
    12     10  -378.58158571  -192.85007462     0.11482271     2.93645896 
    13     10  -379.27313388  -193.54162280    -0.62302902     2.41857909 
    14     10  -379.42098164  -193.68947056    -0.05426762     2.36899799 
    15     10  -379.43286560  -193.70135452     0.26549511     2.33349365 
    16     10  -379.44092462  -193.70941354     0.56101099     2.24248435 
    17     10  -379.93771135  -194.20620026    -0.19622288     1.89595145 
    18     10  -380.12366157  -194.39215049    -0.33642764     1.97595275 
    19     10  -380.04312777  -194.31161669     0.15418451     1.98192937 
    20     10  -380.39616085  -194.66464976    -0.14304216     1.73943731 
    21     10  -380.42052097  -194.68900989    -0.23137478     1.78059274 
    22     10  -380.36627273  -194.63476164     0.08995113     1.74846895 
    23     10  -380.53552364  -194.80401256    -0.09867117     1.54956338 
    24     10  -380.61015100  -194.87863991    -0.08605377     1.64864021 
    25     10  -380.55095489  -194.81944380     0.04886711     1.64686034 
    26     10  -380.79274190  -195.06123081    -0.14815776     1.52619498 
    27     10  -380.80880039  -195.07728931    -0.02206878     1.47263113 
    28     10  -380.93081742  -195.19930634    -0.00257554     1.64568751 
    29     10  -380.98791203  -195.25640095    -0.05555805     1.31345122 
    30     10  -381.03824443  -195.30673334    -0.02149310     1.36036658 
No violations of the orthonormality
 
PNOF7/ADAM Calculation
==================
 
  Nitext  Nit_orb  Time   Nit_occ  Time         Eelec          Etot           Ediff      maxdiff    Grad_orb  Grad_occ
0.0009991493642234062
0.004265105483209496
     1      10    4.1e+02   11    6.3e+01  -381.52710775  -195.79559667 -10380.52710775   0.751319   1.3e+01   1.7e-04 0.00
0.0017119953767404938
0.003715154181979093
     2      10    4.0e+02   37    7.2e+01  -381.64185335  -195.91034227    -0.11474560   1.123152   1.5e+01   2.2e-04 0.00
0.0056360262735788424
0.015238295935182083
     3      30    1.1e+03   55    9.8e+01  -382.32622332  -196.59471224    -0.68436996   0.350106   6.2e+00   2.5e-04 0.01
0.005309459388361248
0.020301897190719006
     4      30    1.2e+03   32    5.7e+01  -382.53592939  -196.80441830    -0.20970607   0.011839   2.6e-01   3.5e-04 0.02
0.004902444513783744
0.017807097943225048
     5      30    1.2e+03   30    5.3e+01  -382.64346105  -196.91194996    -0.10753166   0.008350   2.6e-01   3.1e-04 0.02
0.0030206348405937217
0.012227982953009395
     6      30    1.2e+03   27    5.0e+01  -382.69844778  -196.96693670    -0.05498673   0.009429   2.2e-01   2.4e-04 0.03
0.0043397425075833995
0.009835641785441985
     7      30    1.2e+03   13    3.0e+01  -382.72732039  -196.99580930    -0.02887261   0.009213   1.8e-01   2.0e-04 0.03
0.003551800026051044
0.007456033205596952
     8      30    1.2e+03   13    3.0e+01  -382.74211188  -197.01060080    -0.01479150   0.007129   1.6e-01   2.4e-04 0.03
0.0019416621910191
0.003999677830469569
     9      30    1.2e+03    6    1.9e+01  -382.74829096  -197.01677988    -0.00617908   0.006989   1.5e-01   2.8e-04 0.03
0.0008843793381159148
0.001684309467753387
    10      30    1.2e+03    9    2.5e+01  -382.75048298  -197.01897190    -0.00219202   0.006342   1.3e-01   2.5e-04 0.03
0.00039897268747331877
0.0006660878304214155
    11      30    1.4e+03    3    1.5e+01  -382.75154672  -197.02003564    -0.00106374   0.003888   8.9e-02   2.6e-04 0.03
0.000182022873253751
0.0004700573867313088
    12      30    1.3e+03    5    1.7e+01  -382.75191450  -197.02040342    -0.00036778   0.004137   7.2e-02   3.0e-04 0.03
0.00018637275153310612
0.00036434036101474853
    13      30    1.4e+03    6    2.2e+01  -382.75213208  -197.02062099    -0.00021758   0.003822   6.7e-02   2.3e-04 0.03
0.00013830689100818925
0.000318243062780818
    14      30    1.3e+03    2    1.9e+01  -382.75224541  -197.02073433    -0.00011333   0.047169   2.8e-01   2.0e-04 0.03
0.00017516612163626945
0.00038772297967521103
    15      30    1.2e+03    5    2.4e+01  -382.75236550  -197.02085442    -0.00012009   0.002821   5.1e-02   2.5e-04 0.03
0.00012030487547420865
0.0003496896532167484
    16      30    1.1e+03    2    1.5e+01  -382.75240967  -197.02089858    -0.00004417   0.004527   6.1e-02   2.2e-04 0.03
0.00016458588568524224
0.00023833314044554535
    17      30    1.2e+03    3    2.1e+01  -382.75243405  -197.02092297    -0.00002439   0.003080   5.8e-02   1.9e-04 0.03
0.0
0.0
    18      30    1.2e+03    0    1.7e+01  -382.75244510  -197.02093402    -0.00001105   0.003968   6.4e-02   2.0e-04 0.03
0.0
0.0
    19      40    1.6e+03    0    1.7e+01  -382.75253978  -197.02102869    -0.00009467   0.001321   2.6e-02   2.2e-04 0.03
0.0
0.0
    20      50    2.1e+03    0    1.7e+01  -382.75256245  -197.02105137    -0.00002267   0.000473   8.7e-03   2.1e-04 0.03
0.0
0.0
    21      60    2.4e+03    0    1.7e+01  -382.75256638  -197.02105529    -0.00000393   0.000229   4.0e-03   2.2e-04 0.03
0.0
0.0
    22      67    2.6e+03    0    1.5e+01  -382.75256927  -197.02105818    -0.00000289   0.000092   1.4e-03   2.2e-04 0.03
 
RESULTS OF THE OCCUPATION OPTIMIZATION
========================================
   1    1.9992939  -11.20889447
   2    1.9992935  -11.20887015
   3    1.9992981  -11.20711084
   4    1.9992982  -11.20707528
   5    1.9992919  -11.20684636
   6    1.9678715  -0.70860886
   7    1.9678324  -0.70834689
   8    1.9673103  -0.70691243
   9    1.9669045  -0.70548295
  10    1.9685249  -0.66914491
  11    1.9684402  -0.66884571
  12    1.9683026  -0.66855432
  13    1.9684325  -0.66849709
  14    1.9683119  -0.66827954
  15    1.9683434  -0.66823017
  16    1.9682383  -0.66803057
  17    1.9681654  -0.66797638
  18    1.9681311  -0.66797472
  19    1.9681288  -0.66790732
  20    1.9681004  -0.66774840
  21    1.9680645  -0.66730643
  22    0.0222783  -0.01600660
  23    0.0222545  -0.01600276
  24    0.0222675  -0.01601150
  25    0.0222919  -0.01602353
  26    0.0222496  -0.01600691
  27    0.0218250  -0.01573123
  28    0.0217669  -0.01571329
  29    0.0217609  -0.01570268
  30    0.0216868  -0.01567552
  31    0.0221705  -0.01598193
  32    0.0216781  -0.01567611
  33    0.0216344  -0.01565350
  34    0.0267656  -0.01934504
  35    0.0265424  -0.01926838
  36    0.0270132  -0.01955901
  37    0.0269271  -0.01952685
  38    0.0004405  -0.00816556
  39    0.0004405  -0.00816791
  40    0.0004408  -0.00816846
  41    0.0004394  -0.00815220
  42    0.0004391  -0.00815217
  43    0.0045113  -0.00452732
  44    0.0044595  -0.00450285
  45    0.0045149  -0.00453472
  46    0.0044723  -0.00451229
  47    0.0045259  -0.00454234
  48    0.0049303  -0.00479833
  49    0.0049146  -0.00479080
  50    0.0049342  -0.00480393
  51    0.0049255  -0.00479951
  52    0.0044459  -0.00449845
  53    0.0049465  -0.00480748
  54    0.0049295  -0.00479879
  55    0.0036956  -0.00385764
  56    0.0034148  -0.00368552
  57    0.0025792  -0.00308860
  58    0.0026282  -0.00310618
  59    0.0000867  -0.00120047
  60    0.0000842  -0.00116582
  61    0.0000839  -0.00116447
  62    0.0000859  -0.00118976
  63    0.0000858  -0.00118894
  64    0.0022586  -0.00249614
  65    0.0022405  -0.00249127
  66    0.0022911  -0.00252185
  67    0.0022832  -0.00251893
  68    0.0022981  -0.00252879
  69    0.0021328  -0.00239098
  70    0.0021589  -0.00240868
  71    0.0021065  -0.00237702
  72    0.0021396  -0.00239927
  73    0.0022406  -0.00249485
  74    0.0021121  -0.00237549
  75    0.0021364  -0.00239192
  76    0.0010381  -0.00149536
  77    0.0010442  -0.00149769
  78    0.0010522  -0.00152745
  79    0.0010418  -0.00151968
  80    0.0000858  -0.00118347
  81    0.0000821  -0.00113213
  82    0.0000819  -0.00113549
  83    0.0000853  -0.00117656
  84    0.0000853  -0.00117705
  85    0.0020423  -0.00233619
  86    0.0021216  -0.00239059
  87    0.0019610  -0.00226661
  88    0.0019990  -0.00229692
  89    0.0019346  -0.00225316
  90    0.0020199  -0.00228232
  91    0.0019520  -0.00224215
  92    0.0020212  -0.00227824
  93    0.0019425  -0.00223133
  94    0.0019511  -0.00226700
  95    0.0019517  -0.00223031
  96    0.0018798  -0.00218655
  97    0.0009506  -0.00139246
  98    0.0009533  -0.00139106
  99    0.0008919  -0.00134478
 100    0.0008585  -0.00131787
 101    0.0000822  -0.00113131
 102    0.0000821  -0.00113441
 103    0.0000811  -0.00112302
 104    0.0000821  -0.00112936
 105    0.0000819  -0.00112837
 106    0.0001564  -0.00026921
 107    0.0001450  -0.00026157
 108    0.0001662  -0.00027725
 109    0.0001533  -0.00026603
 110    0.0001548  -0.00026873
 111    0.0001676  -0.00027296
 112    0.0001626  -0.00027278
 113    0.0001566  -0.00026637
 114    0.0001688  -0.00027632
 115    0.0001735  -0.00028183
 116    0.0001594  -0.00026770
 117    0.0001829  -0.00028615
 118    0.0002301  -0.00038178
 119    0.0002218  -0.00037409
 120    0.0002488  -0.00040483
 121    0.0002579  -0.00041215
 122    0.0000088  -0.00035704
 123    0.0000085  -0.00035281
 124    0.0000089  -0.00035535
 125    0.0000086  -0.00035620
 126    0.0000085  -0.00035362
 127    0.0001285  -0.00024557
 128    0.0001393  -0.00025131
 129    0.0001341  -0.00024729
 130    0.0001333  -0.00024677
 131    0.0001273  -0.00024455
 132    0.0001488  -0.00026034
 133    0.0001478  -0.00026056
 134    0.0001540  -0.00026559
 135    0.0001440  -0.00025413
 136    0.0001383  -0.00024910
 137    0.0001465  -0.00025701
 138    0.0001357  -0.00024632
 139    0.0001777  -0.00033343
 140    0.0002127  -0.00036675
 141    0.0001581  -0.00031702
 142    0.0001804  -0.00033848
 143    0.0000009  -0.00000901
 144    0.0000012  -0.00001094
 145    0.0000018  -0.00001356
 146    0.0000016  -0.00001240
 147    0.0000021  -0.00001499
 148    0.0001143  -0.00020538
 149    0.0001115  -0.00020331
 150    0.0001187  -0.00021074
 151    0.0001176  -0.00020843
 152    0.0001179  -0.00021037
 153    0.0001102  -0.00020799
 154    0.0001236  -0.00022105
 155    0.0001221  -0.00022091
 156    0.0001200  -0.00021882
 157    0.0001263  -0.00021305
 158    0.0001222  -0.00021813
 159    0.0001231  -0.00021894
 160    0.0000488  -0.00011738
 161    0.0000662  -0.00013762
 162    0.0000556  -0.00015237
 163    0.0000525  -0.00014841
 164    0.0000007  -0.00002844
 165    0.0000007  -0.00003235
 166    0.0000009  -0.00000788
 167    0.0000011  -0.00000925
 168    0.0000007  -0.00002870
 169    0.0001030  -0.00019748
 170    0.0001055  -0.00019969
 171    0.0000979  -0.00019568
 172    0.0001037  -0.00019925
 173    0.0001032  -0.00019915
 174    0.0001066  -0.00020145
 175    0.0001123  -0.00020691
 176    0.0001098  -0.00020503
 177    0.0001097  -0.00020346
 178    0.0001215  -0.00021517
 179    0.0001156  -0.00021489
 180    0.0001163  -0.00021471
 181    0.0000419  -0.00012235
 182    0.0000431  -0.00012230
 183    0.0000519  -0.00013740
 184    0.0000481  -0.00012970
 185    0.0000004  -0.00001020
 186    0.0000004  -0.00000386
 187    0.0000007  -0.00003408
 188    0.0000005  -0.00003111
 189    0.0000004  -0.00000782
 190    0.0000972  -0.00019042
 191    0.0000905  -0.00018843
 192    0.0000904  -0.00018772
 193    0.0000924  -0.00018872
 194    0.0000893  -0.00018737
 195    0.0000870  -0.00018788
 196    0.0000932  -0.00019262
 197    0.0000988  -0.00019524
 198    0.0000933  -0.00019049
 199    0.0000916  -0.00018724
 200    0.0000955  -0.00019315
 201    0.0000864  -0.00018780
 202    0.0000300  -0.00009730
 203    0.0000365  -0.00010666
 204    0.0000265  -0.00007865
 205    0.0000346  -0.00008716
 206    0.0000002  -0.00000133
 207    0.0000002  -0.00000145
 208    0.0000002  -0.00000144
 209    0.0000003  -0.00000136
 210    0.0000004  -0.00000163
 211    0.0000595  -0.00014611
 212    0.0000599  -0.00014573
 213    0.0000544  -0.00014436
 214    0.0000446  -0.00013711
 215    0.0000533  -0.00014444
 216    0.0000655  -0.00015157
 217    0.0000657  -0.00015301
 218    0.0000535  -0.00014682
 219    0.0000599  -0.00015002
 220    0.0000512  -0.00014048
 221    0.0000584  -0.00015033
 222    0.0000570  -0.00014936
 223    0.0000268  -0.00006762
 224    0.0000267  -0.00006670
 225    0.0000222  -0.00006215
 226    0.0000206  -0.00005616
 227    0.0000002  -0.00000099
 228    0.0000002  -0.00000123
 229    0.0000002  -0.00000119
 230    0.0000002  -0.00000119
 231    0.0000003  -0.00000136
 232    0.0000321  -0.00008234
 233    0.0000304  -0.00008037
 234    0.0000338  -0.00008363
 235    0.0000376  -0.00008807
 236    0.0000367  -0.00008669
 237    0.0000357  -0.00008338
 238    0.0000351  -0.00008493
 239    0.0000381  -0.00008777
 240    0.0000394  -0.00009040
 241    0.0000326  -0.00008313
 242    0.0000355  -0.00008602
 243    0.0000391  -0.00008879
 244    0.0000256  -0.00005419
 245    0.0000214  -0.00005069
 246    0.0000110  -0.00003880
 247    0.0000141  -0.00004574
 248    0.0000001  -0.00000090
 249    0.0000002  -0.00000111
 250    0.0000002  -0.00000112
 251    0.0000002  -0.00000105
 252    0.0000002  -0.00000109
 253    0.0000267  -0.00007450
 254    0.0000285  -0.00007686
 255    0.0000311  -0.00007931
 256    0.0000314  -0.00008069
 257    0.0000343  -0.00008478
 258    0.0000271  -0.00007501
 259    0.0000288  -0.00007651
 260    0.0000317  -0.00007910
 261    0.0000302  -0.00007700
 262    0.0000220  -0.00007059
 263    0.0000297  -0.00007698
 264    0.0000337  -0.00008045
 265    0.0000178  -0.00004733
 266    0.0000180  -0.00004633
 267    0.0000094  -0.00003675
 268    0.0000116  -0.00004064
 269    0.0000001  -0.00000088
 270    0.0000001  -0.00000085
 271    0.0000001  -0.00000094
 272    0.0000002  -0.00000103
 273    0.0000002  -0.00000090
 274    0.0000253  -0.00007349
 275    0.0000255  -0.00007462
 276    0.0000295  -0.00007727
 277    0.0000266  -0.00007345
 278    0.0000278  -0.00007698
 279    0.0000244  -0.00007050
 280    0.0000241  -0.00007083
 281    0.0000261  -0.00007226
 282    0.0000224  -0.00006829
 283    0.0000200  -0.00006440
 284    0.0000272  -0.00007306
 285    0.0000289  -0.00007521
 286    0.0000091  -0.00002657
 287    0.0000126  -0.00002392
 288    0.0000083  -0.00002743
 289    0.0000091  -0.00002790
 290    0.0000001  -0.00000079
 291    0.0000001  -0.00000085
 292    0.0000001  -0.00000085
 293    0.0000001  -0.00000077
 294    0.0000001  -0.00000082
 295    0.0000218  -0.00004050
 296    0.0000153  -0.00003728
 297    0.0000157  -0.00003863
 298    0.0000142  -0.00003774
 299    0.0000221  -0.00004326
 300    0.0000153  -0.00003748
 301    0.0000145  -0.00003607
 302    0.0000150  -0.00003703
 303    0.0000177  -0.00004032
 304    0.0000134  -0.00003566
 305    0.0000183  -0.00004018
 306    0.0000182  -0.00003923
 307    0.0000086  -0.00002623
 308    0.0000097  -0.00002444
 309    0.0000073  -0.00002498
 310    0.0000084  -0.00002620
 311    0.0000001  -0.00000072
 312    0.0000001  -0.00000074
 313    0.0000001  -0.00000061
 314    0.0000001  -0.00000071
 315    0.0000001  -0.00000066
 316    0.0000133  -0.00003298
 317    0.0000151  -0.00003600
 318    0.0000118  -0.00003319
 319    0.0000120  -0.00003329
 320    0.0000089  -0.00003100
 321    0.0000149  -0.00003521
 322    0.0000095  -0.00003047
 323    0.0000117  -0.00003339
 324    0.0000133  -0.00003314
 325    0.0000131  -0.00003387
 326    0.0000104  -0.00003120
 327    0.0000146  -0.00003646
 328    0.0000052  -0.00001947
 329    0.0000078  -0.00002288
 330    0.0000067  -0.00002087
 331    0.0000058  -0.00002003
 332    0.0000001  -0.00000067
 333    0.0000001  -0.00000078
 334    0.0000001  -0.00000055
 335    0.0000001  -0.00000066
 336    0.0000001  -0.00000068
 337    0.0000129  -0.00002924
 338    0.0000116  -0.00002856
 339    0.0000097  -0.00002801
 340    0.0000097  -0.00002716
 341    0.0000089  -0.00002717
 342    0.0000076  -0.00002601
 343    0.0000068  -0.00002353
 344    0.0000077  -0.00002466
 345    0.0000115  -0.00002916
 346    0.0000103  -0.00002880
 347    0.0000102  -0.00002714
 348    0.0000098  -0.00002766
 349    0.0000035  -0.00001146
 350    0.0000069  -0.00002036
 351    0.0000046  -0.00001232
 352    0.0000053  -0.00001368
 353    0.0000001  -0.00000065
 354    0.0000001  -0.00000065
 355    0.0000001  -0.00000055
 356    0.0000001  -0.00000058
 357    0.0000001  -0.00000061
 358    0.0000082  -0.00002647
 359    0.0000066  -0.00002288
 360    0.0000074  -0.00002469
 361    0.0000079  -0.00002686
 362    0.0000083  -0.00002591
 363    0.0000069  -0.00002395
 364    0.0000065  -0.00002241
 365    0.0000069  -0.00002369
 366    0.0000069  -0.00002467
 367    0.0000091  -0.00002719
 368    0.0000084  -0.00002469
 369    0.0000093  -0.00002460
 370    0.0000033  -0.00000939
 371    0.0000062  -0.00001398
 372    0.0000035  -0.00000863
 373    0.0000047  -0.00001143
 374    0.0000001  -0.00000060
 375    0.0000001  -0.00000060
 376    0.0000001  -0.00000050
 377    0.0000001  -0.00000059
 378    0.0000001  -0.00000054
 379    0.0000075  -0.00001949
 380    0.0000056  -0.00001830
 381    0.0000056  -0.00001585
 382    0.0000065  -0.00001638
 383    0.0000068  -0.00001733
 384    0.0000061  -0.00001644
 385    0.0000050  -0.00001870
 386    0.0000057  -0.00001622
 387    0.0000067  -0.00001810
 388    0.0000085  -0.00001794
 389    0.0000066  -0.00001828
 390    0.0000073  -0.00001887
 391    0.0000025  -0.00000705
 392    0.0000058  -0.00001272
 393    0.0000024  -0.00000662
 394    0.0000046  -0.00001000
 395    0.0000001  -0.00000058
 396    0.0000001  -0.00000060
 397    0.0000001  -0.00000053
 398    0.0000001  -0.00000057
 399    0.0000001  -0.00000052
 400    0.0000072  -0.00001666
 401    0.0000054  -0.00001715
 402    0.0000049  -0.00001754
 403    0.0000047  -0.00001507
 404    0.0000042  -0.00001722
 405    0.0000052  -0.00001754
 406    0.0000045  -0.00001393
 407    0.0000047  -0.00001708
 408    0.0000057  -0.00001725
 409    0.0000082  -0.00001625
 410    0.0000049  -0.00001742
 411    0.0000051  -0.00001690
 412    0.0000025  -0.00000691
 413    0.0000054  -0.00001101
 414    0.0000023  -0.00000567
 415    0.0000025  -0.00000646
 416    0.0000001  -0.00000055
 417    0.0000001  -0.00000056
 418    0.0000001  -0.00000049
 419    0.0000001  -0.00000050
 420    0.0000001  -0.00000050
 421    0.0000059  -0.00001888
 422    0.0000051  -0.00001579
 423    0.0000043  -0.00001458
 424    0.0000046  -0.00001561
 425    0.0000033  -0.00001332
 426    0.0000045  -0.00001463
 427    0.0000037  -0.00001258
 428    0.0000041  -0.00001349
 429    0.0000046  -0.00001700
 430    0.0000078  -0.00001824
 431    0.0000046  -0.00001533
 432    0.0000045  -0.00001630
 433    0.0000021  -0.00000536
 434    0.0000044  -0.00000779
 435    0.0000017  -0.00000382
 436    0.0000024  -0.00000635
 437    0.0000001  -0.00000057
 438    0.0000001  -0.00000055
 439    0.0000001  -0.00000046
 440    0.0000001  -0.00000048
 441    0.0000001  -0.00000048
 442    0.0000056  -0.00001637
 443    0.0000035  -0.00001178
 444    0.0000040  -0.00001274
 445    0.0000039  -0.00001535
 446    0.0000031  -0.00001076
 447    0.0000038  -0.00001340
 448    0.0000032  -0.00001204
 449    0.0000038  -0.00001259
 450    0.0000039  -0.00001316
 451    0.0000063  -0.00001674
 452    0.0000033  -0.00001154
 453    0.0000044  -0.00001553
 454    0.0000019  -0.00000364
 455    0.0000041  -0.00000757
 456    0.0000016  -0.00000307
 457    0.0000017  -0.00000393
 458    0.0000001  -0.00000056
 459    0.0000001  -0.00000052
 460    0.0000001  -0.00000046
 461    0.0000001  -0.00000048
 462    0.0000001  -0.00000047
 463    0.0000044  -0.00001413
 464    0.0000032  -0.00001120
 465    0.0000033  -0.00001149
 466    0.0000038  -0.00001191
 467    0.0000030  -0.00001100
 468    0.0000034  -0.00001138
 469    0.0000031  -0.00001040
 470    0.0000035  -0.00001180
 471    0.0000036  -0.00001222
 472    0.0000055  -0.00001434
 473    0.0000031  -0.00001101
 474    0.0000035  -0.00001248
 475    0.0000016  -0.00000224
 476    0.0000038  -0.00000644
 477    0.0000014  -0.00000200
 478    0.0000015  -0.00000228
 479    0.0000001  -0.00000050
 480    0.0000001  -0.00000047
 481    0.0000001  -0.00000042
 482    0.0000001  -0.00000047
 483    0.0000001  -0.00000044
 484    0.0000033  -0.00001113
 485    0.0000029  -0.00001058
 486    0.0000029  -0.00001059
 487    0.0000037  -0.00001143
 488    0.0000029  -0.00001035
 489    0.0000030  -0.00001054
 490    0.0000029  -0.00000997
 491    0.0000026  -0.00000951
 492    0.0000027  -0.00000983
 493    0.0000053  -0.00001276
 494    0.0000025  -0.00001010
 495    0.0000030  -0.00001095
 496    0.0000013  -0.00000179
 497    0.0000036  -0.00000725
 498    0.0000013  -0.00000164
 499    0.0000014  -0.00000212
 500    0.0000001  -0.00000054
 501    0.0000001  -0.00000051
 502    0.0000001  -0.00000038
 503    0.0000001  -0.00000039
 504    0.0000001  -0.00000043
 505    0.0000032  -0.00000862
 506    0.0000026  -0.00000764
 507    0.0000028  -0.00000702
 508    0.0000023  -0.00000679
 509    0.0000028  -0.00000812
 510    0.0000029  -0.00000847
 511    0.0000028  -0.00000877
 512    0.0000021  -0.00000683
 513    0.0000022  -0.00000736
 514    0.0000051  -0.00000984
 515    0.0000024  -0.00000730
 516    0.0000029  -0.00000888
 517    0.0000012  -0.00000193
 518    0.0000035  -0.00000514
 519    0.0000013  -0.00000151
 520    0.0000012  -0.00000162
 521    0.0000001  -0.00000050
 522    0.0000001  -0.00000047
 523    0.0000001  -0.00000039
 524    0.0000001  -0.00000044
 525    0.0000001  -0.00000043
 526    0.0000027  -0.00000742
 527    0.0000025  -0.00000536
 528    0.0000022  -0.00000451
 529    0.0000020  -0.00000397
 530    0.0000019  -0.00000421
 531    0.0000018  -0.00000439
 532    0.0000023  -0.00000564
 533    0.0000017  -0.00000311
 534    0.0000019  -0.00000552
 535    0.0000044  -0.00001011
 536    0.0000018  -0.00000352
 537    0.0000026  -0.00000735
 538    0.0000011  -0.00000154
 539    0.0000033  -0.00000465
 540    0.0000011  -0.00000144
 541    0.0000012  -0.00000141
 542    0.0000001  -0.00000050
 543    0.0000001  -0.00000045
 544    0.0000001  -0.00000037
 545    0.0000001  -0.00000043
 546    0.0000001  -0.00000042
 547    0.0000021  -0.00000520
 548    0.0000024  -0.00000459
 549    0.0000020  -0.00000351
 550    0.0000018  -0.00000289
 551    0.0000019  -0.00000321
 552    0.0000017  -0.00000316
 553    0.0000018  -0.00000289
 554    0.0000015  -0.00000302
 555    0.0000017  -0.00000321
 556    0.0000042  -0.00000782
 557    0.0000016  -0.00000336
 558    0.0000020  -0.00000500
 559    0.0000009  -0.00000119
 560    0.0000030  -0.00000317
 561    0.0000011  -0.00000130
 562    0.0000010  -0.00000122
 563    0.0000001  -0.00000047
 564    0.0000001  -0.00000045
 565    0.0000001  -0.00000036
 566    0.0000001  -0.00000040
 567    0.0000001  -0.00000039
 568    0.0000020  -0.00000404
 569    0.0000021  -0.00000383
 570    0.0000017  -0.00000299
 571    0.0000017  -0.00000284
 572    0.0000014  -0.00000245
 573    0.0000013  -0.00000185
 574    0.0000018  -0.00000346
 575    0.0000014  -0.00000177
 576    0.0000012  -0.00000145
 577    0.0000039  -0.00000656
 578    0.0000013  -0.00000224
 579    0.0000018  -0.00000421
 580    0.0000007  -0.00000105
 581    0.0000030  -0.00000448
 582    0.0000010  -0.00000109
 583    0.0000010  -0.00000137
 584    0.0000001  -0.00000044
 585    0.0000001  -0.00000045
 586    0.0000001  -0.00000036
 587    0.0000001  -0.00000041
 588    0.0000001  -0.00000037
 589    0.0000012  -0.00000152
 590    0.0000020  -0.00000319
 591    0.0000015  -0.00000229
 592    0.0000015  -0.00000177
 593    0.0000012  -0.00000159
 594    0.0000012  -0.00000140
 595    0.0000013  -0.00000185
 596    0.0000011  -0.00000149
 597    0.0000011  -0.00000134
 598    0.0000039  -0.00000692
 599    0.0000012  -0.00000134
 600    0.0000017  -0.00000302
 601    0.0000007  -0.00000107
 602    0.0000027  -0.00000369
 603    0.0000010  -0.00000111
 604    0.0000008  -0.00000120
 605    0.0000001  -0.00000042
 606    0.0000001  -0.00000041
 607    0.0000001  -0.00000037
 608    0.0000001  -0.00000039
 609    0.0000001  -0.00000038
 610    0.0000009  -0.00000132
 611    0.0000015  -0.00000184
 612    0.0000008  -0.00000140
 613    0.0000014  -0.00000134
 614    0.0000010  -0.00000118
 615    0.0000010  -0.00000132
 616    0.0000012  -0.00000137
 617    0.0000011  -0.00000104
 618    0.0000010  -0.00000120
 619    0.0000034  -0.00000660
 620    0.0000009  -0.00000112
 621    0.0000012  -0.00000120
 622    0.0000006  -0.00000106
 623    0.0000027  -0.00000408
 624    0.0000009  -0.00000095
 625    0.0000007  -0.00000106
 626    0.0000001  -0.00000044
 627    0.0000001  -0.00000035
 628    0.0000001  -0.00000040
 629    0.0000001  -0.00000040
 630    0.0000001  -0.00000035
 
----------------
 Final Energies 
----------------
       HF Total Energy =    -195.3067333
Final NOF Total Energy =    -197.0210582
    Correlation Energy =      -1.7143248
 
Total Orbital Internal Iterations = 717
Total Occupation Internal Iterations = 259
 
Elapsed time: 39468.89 Seconds

---------------------------------
   Lowdin Population Analysis    
---------------------------------
 Idx  Atom   Population   Charge 
---------------------------------
  1     C     5.776       0.224
  2     H     1.063      -0.063
  3     H     1.064      -0.064
  4     H     1.068      -0.068
  5     C     5.917       0.083
  6     H     1.054      -0.054
  7     H     1.054      -0.054
  8     C     5.912       0.088
  9     H     1.048      -0.048
 10     H     1.048      -0.048
 11     C     5.917       0.083
 12     H     1.054      -0.054
 13     H     1.054      -0.054
 14     C     5.776       0.224
 15     H     1.063      -0.063
 16     H     1.068      -0.068
 17     H     1.064      -0.064

---------------------------------
   M Diagnostic: 0.03
---------------------------------

