Computing Integrals
Elapsed time:    6.92 Seconds

Number of basis functions                   (NBF)    = 264
Number of auxiliary basis functions         (NBFAUX) = 242
Inactive Doubly occupied orbitals up to     (NO1)    = 0
No. considered Strongly Doubly occupied MOs (NDOC)   = 9
No. considered Strongly Singly occupied MOs (NSOC)   = 0
NO. of Weakly occ. per St. Doubly occ.  MOs (NCWO)   = 28
Dimension of the Nat. Orb. subspace         (NBF5)   = 261
No. of electrons                                     = 18
    No. of alpha electrons                           = 9
    No. of beta electrons                            = 9
Multiplicity                                         = 1

Geometry
========
 N      -0.1568100       0.5816700      -0.6964600
 H       0.5437800       0.3287100      -1.3851700
 H      -1.0483500       0.2942200      -1.0779900
 C       0.1073900      -0.1669900       0.5312400
 H      -0.6442500       0.0815700       1.2784000
 H       0.1248800      -1.2549900       0.4172900
 H       1.0733600       0.1358100       0.9326900

No violations of the orthonormality
Hartree-Fock
============

  Nitext  Nitint    Eelec          Etot           Ediff          maxdiff
     1      1   -71.07682221   -28.98365513    39.56256522    14.02290231 
     2     10  -123.24165304   -81.14848595    -3.22233768     4.58092134 
     3     10  -132.89600950   -90.80284242    -0.07796420     5.97030903 
     4     10  -135.47908068   -93.38591360    -0.58431002     4.61777551 
     5     10  -135.75138547   -93.65821838    -0.47523776     5.51186175 
     6     10  -135.97548878   -93.88232170    -0.24095678     4.43047251 
     7     10  -136.19924243   -94.10607535     0.32275807     5.08926822 
     8     10  -136.30041091   -94.20724383    -0.01891777     4.99751675 
     9     10  -136.36471582   -94.27154873     0.11362666     3.71197424 
    10     10  -136.27834972   -94.18518264    -0.46091807     4.38499604 
    11     10  -136.98797447   -94.89480739    -0.25802145     3.82611959 
    12     10  -136.90547786   -94.81231077    -0.58004109     3.14162128 
    13     10  -136.40514990   -94.31198282     0.02811712     3.08980095 
    14     10  -136.70269915   -94.60953207    -0.44061350     3.06394013 
    15     10  -136.34113831   -94.24797123     0.55544141     4.50746907 
    16     10  -136.62226954   -94.52910245    -0.28893558     3.40782845 
    17     10  -136.41527053   -94.32210344     0.10573013     4.06052729 
    18     10  -137.00272627   -94.90955919    -0.23516566     3.34908348 
    19     10  -136.57436082   -94.48119373     0.22362717     3.45024907 
    20     10  -136.58383908   -94.49067200    -0.01955470     4.32317660 
    21     10  -136.94437321   -94.85120613    -0.36459118     3.14491544 
    22     10  -136.45206879   -94.35890170     0.36999209     4.17402029 
    23     10  -136.71413520   -94.62096812    -0.20459073     4.04863447 
    24     10  -136.64222036   -94.54905328     0.06453717     4.31576041 
    25     10  -136.76403227   -94.67086518    -0.13820668     3.35045988 
    26     10  -136.80972179   -94.71655471     0.04463561     3.24601555 
    27     10  -136.49120071   -94.39803363     0.49190723     3.55966621 
    28     10  -136.83479200   -94.74162492    -0.43603001     2.97751603 
    29     10  -136.85371740   -94.76055031    -0.10256379     3.63473175 
    30     10  -136.64250644   -94.54933935     0.34096958     3.22691301 
No violations of the orthonormality
 
PNOF7/ADAM Calculation
==================
 
  Nitext  Nit_orb  Time   Nit_occ  Time         Eelec          Etot           Ediff      maxdiff    Grad_orb  Grad_occ
0.0009622530494729498
0.002644238944318085
     1      10    1.0e+02    9    6.5e+01  -137.26204013   -95.16887304 -10136.26204013   0.430494   3.5e+00   1.9e-04 0.00
0.0013513438806436184
0.002539563474548226
     2      10    8.5e+01   32    1.9e+01  -137.36079379   -95.26762671    -0.09875366   0.160069   2.2e+00   1.9e-04 0.00
0.0035266379135543424
0.008502908112187242
     3      10    7.7e+01   35    2.1e+01  -137.41957431   -95.32640723    -0.05878052   0.365001   2.9e+00   1.9e-04 0.01
0.004022383805533103
0.011465382974270704
     4      10    7.6e+01   22    1.2e+01  -137.39814337   -95.30497628     0.02143094   0.199851   2.4e+00   2.3e-04 0.02
0.004692935099252504
0.012665119179314644
     5      30    2.4e+02   26    1.3e+01  -137.56912036   -95.47595328    -0.17097699   0.024277   2.0e-01   2.3e-04 0.02
0.004035717787471704
0.009396214606254135
     6      30    2.3e+02   13    7.4e+00  -137.59528971   -95.50212262    -0.02616935   0.010083   1.4e-01   1.9e-04 0.03
0.003014306988230929
0.0056726210962039425
     7      30    2.3e+02   13    7.2e+00  -137.60665455   -95.51348746    -0.01136484   0.007864   1.2e-01   2.3e-04 0.03
0.0015745352280842045
0.0028315769579551867
     8      30    2.4e+02   12    7.6e+00  -137.61183509   -95.51866800    -0.00518054   0.007287   9.0e-02   2.3e-04 0.03
0.0005610551707133041
0.001238085406938777
     9      30    2.5e+02    7    4.6e+00  -137.61387130   -95.52070421    -0.00203621   0.006198   7.9e-02   2.2e-04 0.03
0.00030015841283248523
0.0005266776724143108
    10      30    2.3e+02    5    3.7e+00  -137.61451565   -95.52134856    -0.00064435   0.005746   7.1e-02   2.1e-04 0.03
0.00013738077172287255
0.0003101368719840539
    11      30    2.4e+02    7    4.7e+00  -137.61476524   -95.52159816    -0.00024960   0.006203   7.0e-02   2.4e-04 0.03
0.000156776894359556
0.0003382677135466065
    12      30    2.4e+02    1    1.5e+00  -137.61489917   -95.52173209    -0.00013393   0.006030   7.1e-02   2.1e-04 0.03
0.0
0.0
    13      30    2.4e+02    0    1.2e+00  -137.61491831   -95.52175123    -0.00001914   0.006004   7.3e-02   2.4e-04 0.03
0.0
0.0
    14      40    3.1e+02    0    1.1e+00  -137.61503516   -95.52186808    -0.00011685   0.002616   3.0e-02   2.0e-04 0.03
0.0
0.0
    15      50    4.0e+02    0    1.2e+00  -137.61506098   -95.52189390    -0.00002582   0.001688   1.7e-02   2.1e-04 0.03
0.0
0.0
    16      60    4.7e+02    0    1.5e+00  -137.61507366   -95.52190657    -0.00001268   0.000274   3.1e-03   2.1e-04 0.03
0.0
0.0
    17      70    5.6e+02    0    1.2e+00  -137.61507847   -95.52191139    -0.00000481   0.000106   1.1e-03   2.1e-04 0.03
0.0
0.0
    18      80    6.5e+02    0    1.2e+00  -137.61508164   -95.52191455    -0.00000317   0.001588   6.6e-03   2.0e-04 0.03
0.0
0.0
    19      89    7.2e+02    0    1.1e+00  -137.61508401   -95.52191693    -0.00000238   0.000097   4.6e-04   2.0e-04 0.03
 
RESULTS OF THE OCCUPATION OPTIMIZATION
========================================
   1    1.9995439  -15.54183727
   2    1.9992972  -11.23915884
   3    1.9696599  -0.79588993
   4    1.9639217  -0.79383531
   5    1.9692351  -0.79274257
   6    1.9685640  -0.68221264
   7    1.9684469  -0.68134331
   8    1.9684024  -0.68044851
   9    1.9764835  -0.57146187
  10    0.0182724  -0.01275856
  11    0.0217132  -0.01590796
  12    0.0217746  -0.01597713
  13    0.0216153  -0.01590647
  14    0.0237450  -0.01950673
  15    0.0308316  -0.02411440
  16    0.0234438  -0.01935565
  17    0.0004430  -0.00820434
  18    0.0003110  -0.00795290
  19    0.0018639  -0.00221260
  20    0.0047449  -0.00471839
  21    0.0046870  -0.00468890
  22    0.0047279  -0.00470813
  23    0.0034502  -0.00412433
  24    0.0032853  -0.00381705
  25    0.0034475  -0.00414546
  26    0.0000851  -0.00117241
  27    0.0000545  -0.00100294
  28    0.0012347  -0.00148953
  29    0.0021280  -0.00241469
  30    0.0021183  -0.00242557
  31    0.0021007  -0.00241202
  32    0.0015326  -0.00208336
  33    0.0008305  -0.00136708
  34    0.0015791  -0.00211975
  35    0.0000803  -0.00111491
  36    0.0000514  -0.00096456
  37    0.0009794  -0.00134394
  38    0.0021168  -0.00242076
  39    0.0020849  -0.00239410
  40    0.0020632  -0.00238281
  41    0.0014809  -0.00201557
  42    0.0008030  -0.00130948
  43    0.0012792  -0.00184823
  44    0.0000801  -0.00110811
  45    0.0000290  -0.00058507
  46    0.0003590  -0.00053209
  47    0.0001697  -0.00029482
  48    0.0001976  -0.00031092
  49    0.0001891  -0.00030716
  50    0.0001138  -0.00024935
  51    0.0001044  -0.00022770
  52    0.0001353  -0.00027059
  53    0.0000083  -0.00035430
  54    0.0000062  -0.00030140
  55    0.0002295  -0.00045627
  56    0.0001487  -0.00026410
  57    0.0001383  -0.00025268
  58    0.0001578  -0.00026576
  59    0.0000833  -0.00020011
  60    0.0000638  -0.00014563
  61    0.0001068  -0.00023183
  62    0.0000017  -0.00001220
  63    0.0000007  -0.00000675
  64    0.0001915  -0.00037332
  65    0.0001250  -0.00022712
  66    0.0001184  -0.00021659
  67    0.0001424  -0.00024001
  68    0.0000772  -0.00018936
  69    0.0000391  -0.00010976
  70    0.0000767  -0.00019270
  71    0.0000006  -0.00003111
  72    0.0000004  -0.00000310
  73    0.0001423  -0.00029868
  74    0.0001057  -0.00020779
  75    0.0001020  -0.00020427
  76    0.0000937  -0.00020168
  77    0.0000628  -0.00015149
  78    0.0000375  -0.00010462
  79    0.0000551  -0.00014880
  80    0.0000005  -0.00000452
  81    0.0000003  -0.00002306
  82    0.0001190  -0.00027274
  83    0.0000954  -0.00019495
  84    0.0000890  -0.00018855
  85    0.0000742  -0.00018082
  86    0.0000483  -0.00013205
  87    0.0000162  -0.00006193
  88    0.0000478  -0.00013357
  89    0.0000003  -0.00000146
  90    0.0000003  -0.00000117
  91    0.0000276  -0.00006190
  92    0.0000648  -0.00015641
  93    0.0000503  -0.00014426
  94    0.0000728  -0.00015731
  95    0.0000324  -0.00010939
  96    0.0000135  -0.00004350
  97    0.0000444  -0.00011914
  98    0.0000002  -0.00000121
  99    0.0000002  -0.00000089
 100    0.0000161  -0.00004864
 101    0.0000376  -0.00009651
 102    0.0000381  -0.00009168
 103    0.0000361  -0.00009026
 104    0.0000286  -0.00007635
 105    0.0000090  -0.00003107
 106    0.0000227  -0.00007013
 107    0.0000002  -0.00000107
 108    0.0000002  -0.00000084
 109    0.0000124  -0.00004309
 110    0.0000354  -0.00008577
 111    0.0000326  -0.00008326
 112    0.0000320  -0.00008484
 113    0.0000194  -0.00005919
 114    0.0000069  -0.00003051
 115    0.0000161  -0.00005380
 116    0.0000002  -0.00000091
 117    0.0000001  -0.00000069
 118    0.0000110  -0.00004022
 119    0.0000215  -0.00006867
 120    0.0000204  -0.00006631
 121    0.0000303  -0.00007814
 122    0.0000167  -0.00005332
 123    0.0000056  -0.00002083
 124    0.0000136  -0.00004733
 125    0.0000002  -0.00000082
 126    0.0000001  -0.00000070
 127    0.0000083  -0.00002845
 128    0.0000188  -0.00004160
 129    0.0000174  -0.00004087
 130    0.0000240  -0.00004257
 131    0.0000143  -0.00003941
 132    0.0000042  -0.00001572
 133    0.0000112  -0.00003672
 134    0.0000002  -0.00000073
 135    0.0000001  -0.00000057
 136    0.0000068  -0.00002620
 137    0.0000123  -0.00003574
 138    0.0000147  -0.00003532
 139    0.0000165  -0.00003524
 140    0.0000093  -0.00003232
 141    0.0000040  -0.00001416
 142    0.0000106  -0.00003378
 143    0.0000001  -0.00000073
 144    0.0000001  -0.00000062
 145    0.0000061  -0.00002607
 146    0.0000106  -0.00002828
 147    0.0000137  -0.00002763
 148    0.0000094  -0.00002821
 149    0.0000089  -0.00002869
 150    0.0000033  -0.00000828
 151    0.0000088  -0.00002851
 152    0.0000001  -0.00000069
 153    0.0000001  -0.00000057
 154    0.0000056  -0.00002399
 155    0.0000080  -0.00002346
 156    0.0000095  -0.00002566
 157    0.0000085  -0.00002536
 158    0.0000074  -0.00002270
 159    0.0000032  -0.00000575
 160    0.0000071  -0.00002073
 161    0.0000001  -0.00000059
 162    0.0000001  -0.00000060
 163    0.0000053  -0.00002055
 164    0.0000078  -0.00002146
 165    0.0000079  -0.00002415
 166    0.0000078  -0.00002007
 167    0.0000055  -0.00001654
 168    0.0000026  -0.00000560
 169    0.0000063  -0.00002070
 170    0.0000001  -0.00000062
 171    0.0000001  -0.00000055
 172    0.0000042  -0.00001727
 173    0.0000058  -0.00001832
 174    0.0000066  -0.00001439
 175    0.0000061  -0.00001838
 176    0.0000049  -0.00001344
 177    0.0000022  -0.00000424
 178    0.0000047  -0.00001412
 179    0.0000001  -0.00000057
 180    0.0000001  -0.00000053
 181    0.0000036  -0.00001080
 182    0.0000044  -0.00001378
 183    0.0000064  -0.00001788
 184    0.0000059  -0.00001343
 185    0.0000041  -0.00000955
 186    0.0000017  -0.00000280
 187    0.0000044  -0.00001340
 188    0.0000001  -0.00000062
 189    0.0000001  -0.00000051
 190    0.0000028  -0.00000785
 191    0.0000040  -0.00001212
 192    0.0000044  -0.00001237
 193    0.0000043  -0.00001318
 194    0.0000036  -0.00000962
 195    0.0000016  -0.00000100
 196    0.0000036  -0.00001038
 197    0.0000001  -0.00000059
 198    0.0000001  -0.00000050
 199    0.0000025  -0.00000497
 200    0.0000038  -0.00001161
 201    0.0000043  -0.00001256
 202    0.0000041  -0.00001290
 203    0.0000032  -0.00000869
 204    0.0000015  -0.00000137
 205    0.0000030  -0.00000883
 206    0.0000001  -0.00000059
 207    0.0000001  -0.00000051
 208    0.0000025  -0.00000427
 209    0.0000038  -0.00001106
 210    0.0000040  -0.00001340
 211    0.0000038  -0.00001061
 212    0.0000030  -0.00000866
 213    0.0000015  -0.00000065
 214    0.0000024  -0.00000642
 215    0.0000001  -0.00000057
 216    0.0000001  -0.00000047
 217    0.0000023  -0.00000351
 218    0.0000031  -0.00000848
 219    0.0000032  -0.00000951
 220    0.0000025  -0.00000806
 221    0.0000026  -0.00000612
 222    0.0000014  -0.00000088
 223    0.0000023  -0.00000582
 224    0.0000001  -0.00000056
 225    0.0000001  -0.00000046
 226    0.0000022  -0.00000304
 227    0.0000027  -0.00000763
 228    0.0000029  -0.00000732
 229    0.0000022  -0.00000574
 230    0.0000021  -0.00000406
 231    0.0000013  -0.00000050
 232    0.0000021  -0.00000350
 233    0.0000001  -0.00000049
 234    0.0000001  -0.00000045
 235    0.0000019  -0.00000245
 236    0.0000026  -0.00000539
 237    0.0000027  -0.00000589
 238    0.0000019  -0.00000309
 239    0.0000020  -0.00000181
 240    0.0000012  -0.00000050
 241    0.0000020  -0.00000169
 242    0.0000001  -0.00000052
 243    0.0000001  -0.00000040
 244    0.0000018  -0.00000127
 245    0.0000019  -0.00000286
 246    0.0000021  -0.00000292
 247    0.0000018  -0.00000149
 248    0.0000015  -0.00000092
 249    0.0000010  -0.00000060
 250    0.0000019  -0.00000177
 251    0.0000001  -0.00000052
 252    0.0000001  -0.00000041
 253    0.0000016  -0.00000112
 254    0.0000011  -0.00000108
 255    0.0000019  -0.00000209
 256    0.0000017  -0.00000179
 257    0.0000013  -0.00000046
 258    0.0000010  -0.00000053
 259    0.0000014  -0.00000034
 260    0.0000001  -0.00000050
 261    0.0000001  -0.00000061
 
----------------
 Final Energies 
----------------
       HF Total Energy =     -94.5493394
Final NOF Total Energy =     -95.5219169
    Correlation Energy =      -0.9725776
 
Total Orbital Internal Iterations = 699
Total Occupation Internal Iterations = 182
 
Elapsed time: 6579.03 Seconds

---------------------------------
   Lowdin Population Analysis    
---------------------------------
 Idx  Atom   Population   Charge 
---------------------------------
  1     N     6.488       0.512
  2     H     1.190      -0.190
  3     H     1.195      -0.195
  4     C     5.892       0.108
  5     H     1.075      -0.075
  6     H     1.086      -0.086
  7     H     1.074      -0.074

---------------------------------
   M Diagnostic: 0.03
---------------------------------

