Computing Integrals
Elapsed time:    3.18 Seconds

Number of basis functions                   (NBF)    = 174
Number of auxiliary basis functions         (NBFAUX) = 186
Inactive Doubly occupied orbitals up to     (NO1)    = 0
No. considered Strongly Doubly occupied MOs (NDOC)   = 7
No. considered Strongly Singly occupied MOs (NSOC)   = 0
NO. of Weakly occ. per St. Doubly occ.  MOs (NCWO)   = 23
Dimension of the Nat. Orb. subspace         (NBF5)   = 168
No. of electrons                                     = 14
    No. of alpha electrons                           = 7
    No. of beta electrons                            = 7
Multiplicity                                         = 1

Geometry
========
 C       0.0000000       0.0000000      -0.6060100
 H       0.0000000       0.0000000      -1.6678600
 C       0.0000000       0.0000000       0.6060200
 H       0.0000000       0.0000000       1.6678500

No violations of the orthonormality
Hartree-Fock
============

  Nitext  Nitint    Eelec          Etot           Ediff          maxdiff
     1      1   -68.13525956   -43.48596810    18.41050782     5.86029189 
     2     10   -92.91371545   -68.26442399    -2.34265760     4.06772497 
     3     10   -97.43637735   -72.78708589    -1.20614178     3.45290097 
     4     10   -97.76229660   -73.11300515    -0.41662629     4.89015280 
     5     10   -98.51245174   -73.86316029    -0.71097009     3.84474912 
     6     10   -99.40368089   -74.75438943    -0.35506514     4.57523328 
     7     10   -99.19460649   -74.54531504     0.45196261     4.81182032 
     8     10   -99.69714604   -75.04785458     0.11022339     4.36270437 
     9     10  -100.08072874   -75.43143729     0.09925224     4.06775725 
    10     10  -100.17812952   -75.52883807    -0.21725868     3.79437487 
    11     10  -100.70757578   -76.05828432    -0.33933870     2.82647588 
    12     10   -99.59590620   -74.94661474     1.53777618     4.15772670 
    13     10  -100.99951280   -76.35022134    -0.66325668     2.58672686 
    14     10  -100.75143907   -76.10214762     0.28461724     3.88698907 
    15     10  -100.42404433   -75.77475287     0.56832782     3.64702227 
    16     10  -100.91361508   -76.26432363     0.03181649     2.71875101 
    17     10  -100.87762231   -76.22833085     0.08109789     3.46488651 
    18     10  -100.96826969   -76.31897823     0.07347558     3.19816319 
    19     10  -101.17059903   -76.52130757    -0.19607754     2.99678083 
    20     10  -100.82642614   -76.17713468     0.32976998     2.99132557 
    21     10  -100.94116165   -76.29187019    -0.12527562     2.78466830 
    22     10  -100.97913638   -76.32984492    -0.13667858     2.87484382 
    23     10  -101.00504963   -76.35575817    -0.10045208     3.21281197 
    24     10  -101.09089208   -76.44160063    -0.00575013     2.69695005 
    25     10  -101.13166870   -76.48237724    -0.17503313     2.70785220 
    26     10  -100.95747020   -76.30817875     0.19488416     2.46326502 
    27     10  -100.94215259   -76.29286114     0.09153887     2.87747482 
    28     10  -101.10961617   -76.46032472    -0.21570472     2.69650256 
    29     10  -101.14969278   -76.50040133    -0.15481924     2.47127083 
    30     10  -101.07137849   -76.42208704    -0.00535523     2.70985724 
No violations of the orthonormality
 
PNOF7/ADAM Calculation
==================
 
  Nitext  Nit_orb  Time   Nit_occ  Time         Eelec          Etot           Ediff      maxdiff    Grad_orb  Grad_occ
0.0009184834701984057
0.0022519635883751347
     1      10    5.3e+01   11    2.9e+01  -101.45884319   -76.80955173 -10100.45884319   0.144488   1.3e+00   1.6e-04 0.00
0.0013435971062687457
0.0025884237813568914
     2      10    4.0e+01   22    6.8e-01  -101.52054777   -76.87125631    -0.06170458   0.357257   2.7e+00   2.2e-04 0.00
0.010273238349800429
0.01687217466993368
     3      10    4.1e+01   28    9.0e-01  -101.56401122   -76.91471976    -0.04346345   0.151991   1.7e+00   2.1e-04 0.02
0.016846465729438043
0.028460919702904628
     4      10    4.1e+01   26    6.9e-01  -101.60551605   -76.95622459    -0.04150483   0.093281   1.6e+00   2.1e-04 0.06
0.016633088009834762
0.02828505197686538
     5      10    3.9e+01   14    3.7e-01  -101.63432215   -76.98503069    -0.02880611   0.070670   1.6e+00   3.0e-04 0.09
0.014368447743705381
0.02556637940073401
     6      10    3.9e+01   29    7.0e-01  -101.63266427   -76.98337281     0.00165789   0.068140   1.7e+00   2.1e-04 0.12
0.010498914867239417
0.020591110735738827
     7      30    1.2e+02   14    3.8e-01  -101.70355657   -77.05426512    -0.07089231   0.004322   7.2e-02   2.0e-04 0.14
0.010236359221533653
0.01581841543531447
     8      30    1.2e+02   13    3.7e-01  -101.70983066   -77.06053921    -0.00627409   0.004609   7.6e-02   2.0e-04 0.15
0.00779395559986007
0.010969135880498712
     9      30    1.2e+02   14    3.9e-01  -101.71291914   -77.06362768    -0.00308847   0.004495   6.9e-02   2.1e-04 0.15
0.004227832051433955
0.005903200951566764
    10      30    1.2e+02   13    3.6e-01  -101.71430990   -77.06501844    -0.00139076   0.004558   6.8e-02   1.9e-04 0.15
0.0014822766392544873
0.0021318283679134897
    11      30    1.2e+02    4    1.6e-01  -101.71485527   -77.06556382    -0.00054537   0.005337   7.0e-02   1.5e-04 0.15
0.00039646929418646337
0.0006339673423220868
    12      30    1.2e+02   11    3.2e-01  -101.71498788   -77.06569642    -0.00013260   0.004295   7.4e-02   1.2e-04 0.15
0.00019907286145337544
0.0004130130593784642
    13      30    1.2e+02    1    8.4e-02  -101.71513068   -77.06583922    -0.00014280   0.005667   6.9e-02   1.7e-04 0.15
0.0
0.0
    14      30    1.2e+02    0    7.7e-02  -101.71522090   -77.06592944    -0.00009022   0.003631   5.4e-02   1.8e-04 0.15
0.0
0.0
    15      40    1.6e+02    0    6.4e-02  -101.71531272   -77.06602126    -0.00009182   0.001900   2.4e-02   1.9e-04 0.15
0.0
0.0
    16      50    2.0e+02    0    8.8e-02  -101.71533444   -77.06604299    -0.00002172   0.001217   1.2e-02   1.8e-04 0.15
0.0
0.0
    17      60    2.3e+02    0    1.0e-01  -101.71534402   -77.06605256    -0.00000958   0.000576   5.3e-03   1.9e-04 0.15
0.0
0.0
    18      70    2.7e+02    0    7.6e-02  -101.71535006   -77.06605861    -0.00000604   0.000217   2.1e-03   1.9e-04 0.15
0.0
0.0
    19      77    3.0e+02    0    6.4e-02  -101.71535485   -77.06606340    -0.00000479   0.000093   8.1e-04   1.9e-04 0.15
 
RESULTS OF THE OCCUPATION OPTIMIZATION
========================================
   1    1.9992857  -11.21980216
   2    1.9992861  -11.21974876
   3    1.9809005  -0.98150189
   4    1.9639248  -0.77063656
   5    1.9636933  -0.77047367
   6    1.8546020  -0.42636252
   7    1.8472461  -0.42218709
   8    0.1518049  -0.05021396
   9    0.1294637  -0.04448740
  10    0.0240845  -0.01765240
  11    0.0240133  -0.01761805
  12    0.0090538  -0.00926970
  13    0.0004370  -0.00810982
  14    0.0004383  -0.00811980
  15    0.0002721  -0.00026861
  16    0.0068337  -0.00364423
  17    0.0049841  -0.00492751
  18    0.0047266  -0.00478831
  19    0.0041932  -0.00474164
  20    0.0001021  -0.00144930
  21    0.0001025  -0.00145109
  22    0.0002373  -0.00028590
  23    0.0047621  -0.00304523
  24    0.0026967  -0.00302969
  25    0.0027682  -0.00307112
  26    0.0037422  -0.00404334
  27    0.0000826  -0.00107276
  28    0.0000819  -0.00106848
  29    0.0002370  -0.00028473
  30    0.0040523  -0.00260344
  31    0.0024720  -0.00285720
  32    0.0025248  -0.00288160
  33    0.0008082  -0.00136456
  34    0.0000767  -0.00099648
  35    0.0000750  -0.00098331
  36    0.0000860  -0.00008455
  37    0.0000844  -0.00009262
  38    0.0005156  -0.00074510
  39    0.0005157  -0.00074635
  40    0.0003118  -0.00052152
  41    0.0000092  -0.00036064
  42    0.0000093  -0.00036045
  43    0.0000303  -0.00003997
  44    0.0000513  -0.00004686
  45    0.0004635  -0.00069630
  46    0.0004786  -0.00070509
  47    0.0002056  -0.00036476
  48    0.0000012  -0.00002476
  49    0.0000018  -0.00001599
  50    0.0000118  -0.00002160
  51    0.0000336  -0.00001505
  52    0.0003682  -0.00051649
  53    0.0003664  -0.00051575
  54    0.0001739  -0.00032784
  55    0.0000008  -0.00001079
  56    0.0000016  -0.00002746
  57    0.0000099  -0.00001536
  58    0.0000306  -0.00002548
  59    0.0001997  -0.00032473
  60    0.0001457  -0.00029394
  61    0.0001487  -0.00030681
  62    0.0000007  -0.00000912
  63    0.0000005  -0.00002488
  64    0.0000088  -0.00001912
  65    0.0000202  -0.00001530
  66    0.0001436  -0.00029840
  67    0.0001399  -0.00026409
  68    0.0001461  -0.00029167
  69    0.0000006  -0.00002026
  70    0.0000003  -0.00000458
  71    0.0000075  -0.00001803
  72    0.0000161  -0.00000369
  73    0.0000843  -0.00018027
  74    0.0000830  -0.00017992
  75    0.0000945  -0.00024044
  76    0.0000004  -0.00000272
  77    0.0000003  -0.00000228
  78    0.0000065  -0.00001463
  79    0.0000068  -0.00001265
  80    0.0000626  -0.00013246
  81    0.0000668  -0.00013138
  82    0.0000467  -0.00015430
  83    0.0000003  -0.00000168
  84    0.0000003  -0.00000199
  85    0.0000061  -0.00001412
  86    0.0000066  -0.00001077
  87    0.0000519  -0.00012503
  88    0.0000489  -0.00012487
  89    0.0000364  -0.00014614
  90    0.0000003  -0.00000157
  91    0.0000002  -0.00000155
  92    0.0000053  -0.00001410
  93    0.0000054  -0.00000890
  94    0.0000373  -0.00009752
  95    0.0000384  -0.00010217
  96    0.0000281  -0.00009718
  97    0.0000002  -0.00000152
  98    0.0000002  -0.00000145
  99    0.0000043  -0.00001119
 100    0.0000048  -0.00000941
 101    0.0000272  -0.00007463
 102    0.0000376  -0.00009766
 103    0.0000249  -0.00007870
 104    0.0000002  -0.00000143
 105    0.0000002  -0.00000135
 106    0.0000043  -0.00001296
 107    0.0000043  -0.00000639
 108    0.0000222  -0.00005943
 109    0.0000286  -0.00006461
 110    0.0000143  -0.00005196
 111    0.0000002  -0.00000108
 112    0.0000002  -0.00000140
 113    0.0000036  -0.00000743
 114    0.0000039  -0.00000585
 115    0.0000189  -0.00005234
 116    0.0000209  -0.00005834
 117    0.0000135  -0.00005032
 118    0.0000002  -0.00000103
 119    0.0000002  -0.00000114
 120    0.0000033  -0.00000670
 121    0.0000037  -0.00000678
 122    0.0000162  -0.00004911
 123    0.0000151  -0.00004602
 124    0.0000133  -0.00004489
 125    0.0000002  -0.00000093
 126    0.0000002  -0.00000118
 127    0.0000031  -0.00000709
 128    0.0000033  -0.00000410
 129    0.0000114  -0.00003649
 130    0.0000148  -0.00004177
 131    0.0000094  -0.00003766
 132    0.0000002  -0.00000162
 133    0.0000002  -0.00000094
 134    0.0000029  -0.00000697
 135    0.0000029  -0.00000423
 136    0.0000109  -0.00003422
 137    0.0000115  -0.00003525
 138    0.0000092  -0.00002958
 139    0.0000002  -0.00000082
 140    0.0000002  -0.00000097
 141    0.0000026  -0.00000682
 142    0.0000024  -0.00000482
 143    0.0000105  -0.00003323
 144    0.0000099  -0.00003391
 145    0.0000083  -0.00002828
 146    0.0000002  -0.00000087
 147    0.0000002  -0.00000086
 148    0.0000023  -0.00000382
 149    0.0000021  -0.00000398
 150    0.0000100  -0.00003152
 151    0.0000075  -0.00002792
 152    0.0000069  -0.00002957
 153    0.0000002  -0.00000083
 154    0.0000002  -0.00000145
 155    0.0000020  -0.00000601
 156    0.0000018  -0.00000221
 157    0.0000082  -0.00002852
 158    0.0000073  -0.00002234
 159    0.0000053  -0.00002459
 160    0.0000002  -0.00000063
 161    0.0000002  -0.00000109
 162    0.0000020  -0.00000291
 163    0.0000018  -0.00000272
 164    0.0000073  -0.00002377
 165    0.0000057  -0.00002156
 166    0.0000052  -0.00002213
 167    0.0000001  -0.00000050
 168    0.0000002  -0.00000059
 
----------------
 Final Energies 
----------------
       HF Total Energy =     -76.4220870
Final NOF Total Energy =     -77.0660634
    Correlation Energy =      -0.6439764
 
Total Orbital Internal Iterations = 597
Total Occupation Internal Iterations = 200
 
Elapsed time: 2538.28 Seconds

---------------------------------
   Lowdin Population Analysis    
---------------------------------
 Idx  Atom   Population   Charge 
---------------------------------
  1     C     5.849       0.151
  2     H     1.151      -0.151
  3     C     5.849       0.151
  4     H     1.151      -0.151

---------------------------------
   M Diagnostic: 0.15
---------------------------------

