Computing Integrals
Elapsed time:    4.06 Seconds

Number of basis functions                   (NBF)    = 176
Number of auxiliary basis functions         (NBFAUX) = 307
Inactive Doubly occupied orbitals up to     (NO1)    = 0
No. considered Strongly Doubly occupied MOs (NDOC)   = 19
No. considered Strongly Singly occupied MOs (NSOC)   = 0
NO. of Weakly occ. per St. Doubly occ.  MOs (NCWO)   = 8
Dimension of the Nat. Orb. subspace         (NBF5)   = 171
No. of electrons                                     = 38
    No. of alpha electrons                           = 19
    No. of beta electrons                            = 19
Multiplicity                                         = 1

Geometry
========
Be       0.0000000       0.0000000       0.0000000
Cl       0.0000000       0.0000000       1.7998400
Cl       0.0000000       0.0000000      -1.7998400

No violations of the orthonormality
Hartree-Fock
============

  Nitext  Nitint    Eelec          Etot           Ediff          maxdiff
     1      1  -437.82063947  -355.35002916   420.99947050    45.03737391 
     2     10  -939.38370513  -856.91309483   -11.53508638    15.23352439 
     3     10  -997.18262466  -914.71201435    -5.00486448     8.37614237 
     4     10 -1004.57282649  -922.10221618    -1.21620892    12.03266309 
     5     10 -1008.54857517  -926.07796486    -0.51919732    11.20614748 
     6     10 -1009.37578892  -926.90517861    -0.05766855    12.14139870 
     7     10 -1010.61432426  -928.14371395    -0.79091069    11.63425723 
     8     10 -1011.51531014  -929.04469983    -0.10126228    10.40246008 
     9     10 -1012.31540584  -929.84479553    -0.59404509    10.08508531 
    10     10 -1013.89323876  -931.42262845    -1.06418724     9.55806083 
    11     10 -1013.68584539  -931.21523508    -0.52574566     8.89115154 
    12     10 -1013.69900634  -931.22839603    -1.42055707    10.01032827 
    13     10 -1013.57271327  -931.10210297     0.75731549    10.18462687 
    14     10 -1013.89743114  -931.42682083    -0.21783674     8.42921137 
    15     10 -1014.72835452  -932.25774421     0.10815511    10.02784389 
    16     10 -1014.31030680  -931.83969649     0.55542620     8.45245416 
    17     10 -1014.26153416  -931.79092385     0.30828691     8.94430368 
    18     10 -1015.10962040  -932.63901009     0.22519656     7.72108286 
    19     10 -1015.02394783  -932.55333752    -1.04548303     7.72266266 
    20     10 -1014.63202877  -932.16141846    -0.03236994     7.87212801 
    21     10 -1014.95954775  -932.48893744     0.06247467     7.90569572 
    22     10 -1015.44618822  -932.97557791    -0.06802874     6.88358696 
    23     10 -1015.67418737  -933.20357707    -1.22435897     5.19412090 
    24     10 -1014.81272488  -932.34211457     0.77677722     8.05788960 
    25     10 -1014.82158107  -932.35097076     0.78097208     7.88265041 
    26     10 -1015.54514559  -933.07453528    -0.12038389     6.07461102 
    27     10 -1015.01966974  -932.54905943     0.34569244     6.78660239 
    28     10 -1015.23223631  -932.76162601     0.15915951     7.81806222 
    29     10 -1015.37116252  -932.90055222     0.27952839     7.70842242 
    30     10 -1014.95810405  -932.48749374     0.68903256     6.89041980 
No violations of the orthonormality
 
PNOF7/ADAM Calculation
==================
 
  Nitext  Nit_orb  Time   Nit_occ  Time         Eelec          Etot           Ediff      maxdiff    Grad_orb  Grad_occ
0.000991437360691183
0.004386854152934971
     1      10    5.7e+01   13    3.7e+01 -1015.44987917  -932.97926886 -11014.44987917   0.344589   1.2e+01   1.4e-04 0.00
0.002325836247067059
0.003198066446281546
     2      10    4.2e+01   23    9.9e-01 -1016.23487016  -933.76425985    -0.78499099   2.019121   1.7e+01   2.1e-04 0.00
0.003479135302163816
0.0069105621560930225
     3      10    4.1e+01   23    8.4e-01 -1016.30540748  -933.83479717    -0.07053732   1.081375   1.0e+01   2.2e-04 0.01
0.006822597753492365
0.011024111102424813
     4      10    3.9e+01   25    7.9e-01 -1016.26558655  -933.79497625     0.03982093   0.417696   7.4e+00   2.2e-04 0.02
0.007009995081806664
0.01210322680434051
     5      30    1.2e+02   23    7.7e-01 -1016.53550215  -934.06489184    -0.26991559   0.039617   4.0e-01   2.5e-04 0.03
0.004688423270951092
0.009667196847089447
     6      30    1.2e+02   12    4.3e-01 -1016.56474823  -934.09413792    -0.02924608   0.028550   3.6e-01   2.5e-04 0.03
0.0035168835210996896
0.007587300006824248
     7      30    1.2e+02   13    4.5e-01 -1016.58010516  -934.10949485    -0.01535693   0.025707   2.7e-01   2.9e-04 0.04
0.0027939972625982135
0.005918236372298312
     8      30    1.2e+02   15    5.2e-01 -1016.58854597  -934.11793567    -0.00844082   0.015381   1.9e-01   2.3e-04 0.04
0.0018464605257070277
0.0036681603581024584
     9      30    1.2e+02   15    5.8e-01 -1016.59256626  -934.12195596    -0.00402029   0.013250   1.5e-01   2.3e-04 0.04
0.0010122729682684461
0.0019869529783367586
    10      30    1.2e+02    4    2.4e-01 -1016.59438953  -934.12377922    -0.00182326   0.005656   8.4e-02   3.2e-04 0.04
0.0008286684959398771
0.0013727855751595323
    11      30    1.2e+02   10    4.2e-01 -1016.59521477  -934.12460446    -0.00082525   0.005662   6.1e-02   2.8e-04 0.04
0.0005412149700947388
0.0009082937710064558
    12      30    1.2e+02    3    2.1e-01 -1016.59565956  -934.12504926    -0.00044479   0.003899   5.8e-02   2.3e-04 0.04
0.0004394575596933237
0.0007240444328763646
    13      30    1.2e+02    1    1.4e-01 -1016.59590796  -934.12529765    -0.00024839   0.002600   4.9e-02   2.4e-04 0.04
0.00030112712515972806
0.0005663094399522452
    14      30    1.2e+02    9    3.6e-01 -1016.59595987  -934.12534957    -0.00005192   0.003038   5.1e-02   2.4e-04 0.04
0.00030973538578460413
0.0005582107920019915
    15      30    1.2e+02    1    1.5e-01 -1016.59606318  -934.12545288    -0.00010331   0.003036   5.5e-02   2.0e-04 0.04
0.00022329258681992419
0.0004178751454334919
    16      30    1.2e+02    2    1.9e-01 -1016.59610334  -934.12549303    -0.00004015   0.003316   5.4e-02   2.0e-04 0.04
0.0002858854191006843
0.00045589847066822915
    17      30    1.2e+02    1    1.5e-01 -1016.59611101  -934.12550070    -0.00000767   0.003156   5.4e-02   1.7e-04 0.04
0.0
0.0
    18      50    2.0e+02    0    1.3e-01 -1016.59642414  -934.12581383    -0.00031313   0.000303   4.5e-03   1.8e-04 0.04
0.0
0.0
    19      60    2.4e+02    0    1.2e-01 -1016.59642436  -934.12581405    -0.00000022   0.000701   7.3e-03   2.1e-04 0.04
0.0
0.0
    20      70    2.8e+02    0    1.3e-01 -1016.59643171  -934.12582140    -0.00000735   0.000505   4.5e-03   2.2e-04 0.04
0.0
0.0
    21      80    3.2e+02    0    1.2e-01 -1016.59643613  -934.12582582    -0.00000442   0.000387   3.8e-03   2.1e-04 0.04
0.0
0.0
    22      90    3.6e+02    0    1.2e-01 -1016.59644169  -934.12583138    -0.00000556   0.000253   2.1e-03   2.3e-04 0.04
0.0
0.0
    23     100    4.0e+02    0    1.3e-01 -1016.59644704  -934.12583674    -0.00000535   0.000290   1.9e-03   2.3e-04 0.04
0.0
0.0
    24     110    4.4e+02    0    1.1e-01 -1016.59645285  -934.12584254    -0.00000580   0.000179   1.5e-03   2.4e-04 0.04
0.00014417384034266442
0.00030291592956239923
    25     120    4.8e+02    2    1.8e-01 -1016.59645887  -934.12584857    -0.00000603   0.002720   1.5e-02   1.9e-04 0.04
0.0
0.0
    26     120    4.8e+02    0    1.6e-01 -1016.59647925  -934.12586894    -0.00002037   0.000163   1.7e-03   2.1e-04 0.04
0.0002457490631595505
0.0003195118369482934
    27     128    5.1e+02    1    1.5e-01 -1016.59648735  -934.12587704    -0.00000810   0.000100   1.0e-03   1.6e-04 0.04
 
RESULTS OF THE OCCUPATION OPTIMIZATION
========================================
   1    1.9999315  -101.52224156
   2    1.9999243  -97.82678371
   3    1.9999714  -16.90595518
   4    1.9998802  -12.16572898
   5    1.9997557  -9.76166205
   6    1.9997302  -8.71655975
   7    1.9993875  -8.03868308
   8    1.9993892  -8.03769005
   9    1.9992661  -8.03738115
  10    1.9992801  -8.03717967
  11    1.9974470  -4.76748309
  12    1.9813805  -0.82016352
  13    1.9802868  -0.81087445
  14    1.9796989  -0.70955306
  15    1.9791274  -0.69622912
  16    1.9715173  -0.66613479
  17    1.9641356  -0.64203863
  18    1.9509674  -0.53504489
  19    1.9438549  -0.53218770
  20    0.0210481  -0.01126528
  21    0.0243508  -0.01250025
  22    0.0138148  -0.00914887
  23    0.0157153  -0.01010077
  24    0.0161691  -0.01034756
  25    0.0149137  -0.00984928
  26    0.0124411  -0.00964984
  27    0.0120806  -0.00946206
  28    0.0011798  -0.00906609
  29    0.0002241  -0.00252692
  30    0.0002351  -0.00263829
  31    0.0002337  -0.00270844
  32    0.0002330  -0.00258777
  33    0.0002653  -0.00301924
  34    0.0002361  -0.00282622
  35    0.0001151  -0.00154540
  36    0.0000226  -0.00041758
  37    0.0000469  -0.00808251
  38    0.0000388  -0.00722893
  39    0.0161170  -0.00861779
  40    0.0163677  -0.00861014
  41    0.0116696  -0.00775535
  42    0.0103236  -0.00703955
  43    0.0021569  -0.00215052
  44    0.0027077  -0.00257942
  45    0.0052781  -0.00453320
  46    0.0043467  -0.00388314
  47    0.0004572  -0.00367987
  48    0.0002142  -0.00261394
  49    0.0002134  -0.00255617
  50    0.0002239  -0.00252270
  51    0.0002258  -0.00264644
  52    0.0000011  -0.00001373
  53    0.0000053  -0.00003241
  54    0.0000010  -0.00001476
  55    0.0000025  -0.00002038
  56    0.0000108  -0.00130721
  57    0.0000119  -0.00146495
  58    0.0122800  -0.00684604
  59    0.0078082  -0.00478364
  60    0.0091407  -0.00637909
  61    0.0010020  -0.00116289
  62    0.0007597  -0.00095275
  63    0.0007549  -0.00096316
  64    0.0009317  -0.00123457
  65    0.0008962  -0.00121581
  66    0.0004499  -0.00364373
  67    0.0001411  -0.00157743
  68    0.0001422  -0.00159084
  69    0.0001435  -0.00158603
  70    0.0001455  -0.00160037
  71    0.0000007  -0.00001061
  72    0.0000012  -0.00001563
  73    0.0000009  -0.00001455
  74    0.0000007  -0.00001035
  75    0.0000084  -0.00098102
  76    0.0000082  -0.00099326
  77    0.0065514  -0.00419205
  78    0.0003479  -0.00038271
  79    0.0008321  -0.00096559
  80    0.0007610  -0.00093125
  81    0.0007280  -0.00087241
  82    0.0007411  -0.00087623
  83    0.0006557  -0.00090907
  84    0.0006476  -0.00091043
  85    0.0004371  -0.00357826
  86    0.0001316  -0.00150606
  87    0.0001346  -0.00152272
  88    0.0000034  -0.00003987
  89    0.0000031  -0.00003666
  90    0.0000006  -0.00000551
  91    0.0000007  -0.00000836
  92    0.0000007  -0.00000998
  93    0.0000007  -0.00000825
  94    0.0000080  -0.00093789
  95    0.0000081  -0.00097051
  96    0.0000521  -0.00007958
  97    0.0000594  -0.00011597
  98    0.0001918  -0.00026238
  99    0.0003080  -0.00040232
 100    0.0005341  -0.00066719
 101    0.0005840  -0.00072758
 102    0.0002037  -0.00032107
 103    0.0003122  -0.00048428
 104    0.0000118  -0.00018516
 105    0.0000036  -0.00003736
 106    0.0000028  -0.00003433
 107    0.0000023  -0.00002349
 108    0.0000019  -0.00001784
 109    0.0000006  -0.00000504
 110    0.0000003  -0.00000242
 111    0.0000006  -0.00000631
 112    0.0000006  -0.00000606
 113    0.0000013  -0.00039815
 114    0.0000011  -0.00035010
 115    0.0000408  -0.00006510
 116    0.0000417  -0.00008499
 117    0.0000967  -0.00014358
 118    0.0002130  -0.00030221
 119    0.0002653  -0.00038181
 120    0.0003781  -0.00050266
 121    0.0000818  -0.00016463
 122    0.0001566  -0.00027605
 123    0.0000082  -0.00004726
 124    0.0000026  -0.00002272
 125    0.0000026  -0.00002324
 126    0.0000020  -0.00002118
 127    0.0000018  -0.00001697
 128    0.0000005  -0.00000346
 129    0.0000002  -0.00000159
 130    0.0000006  -0.00000536
 131    0.0000006  -0.00000503
 132    0.0000002  -0.00000084
 133    0.0000002  -0.00000081
 134    0.0000306  -0.00005346
 135    0.0000294  -0.00006523
 136    0.0000604  -0.00011766
 137    0.0000885  -0.00015748
 138    0.0001523  -0.00024407
 139    0.0001289  -0.00021515
 140    0.0000645  -0.00013336
 141    0.0000971  -0.00017476
 142    0.0000059  -0.00003914
 143    0.0000014  -0.00001496
 144    0.0000016  -0.00001725
 145    0.0000010  -0.00001218
 146    0.0000007  -0.00001039
 147    0.0000005  -0.00000274
 148    0.0000002  -0.00000149
 149    0.0000005  -0.00000420
 150    0.0000005  -0.00000610
 151    0.0000001  -0.00000052
 152    0.0000001  -0.00000056
 153    0.0000252  -0.00005400
 154    0.0000275  -0.00006132
 155    0.0000583  -0.00010504
 156    0.0000713  -0.00013212
 157    0.0001071  -0.00016943
 158    0.0000927  -0.00016850
 159    0.0000566  -0.00012349
 160    0.0000825  -0.00014977
 161    0.0000032  -0.00003371
 162    0.0000013  -0.00001437
 163    0.0000015  -0.00001521
 164    0.0000009  -0.00001197
 165    0.0000007  -0.00000693
 166    0.0000005  -0.00000279
 167    0.0000002  -0.00000132
 168    0.0000004  -0.00000740
 169    0.0000004  -0.00000796
 170    0.0000001  -0.00000039
 171    0.0000001  -0.00000034
 
----------------
 Final Energies 
----------------
       HF Total Energy =    -932.4874937
Final NOF Total Energy =    -934.1258770
    Correlation Energy =      -1.6383833
 
Total Orbital Internal Iterations = 1358
Total Occupation Internal Iterations = 196
 
Elapsed time: 5723.28 Seconds

---------------------------------
   Lowdin Population Analysis    
---------------------------------
 Idx  Atom   Population   Charge 
---------------------------------
  1    Be     4.775      -0.775
  2    Cl    16.613       0.387
  3    Cl    16.613       0.387

---------------------------------
   M Diagnostic: 0.04
---------------------------------

