Computing Integrals
Elapsed time:   25.49 Seconds

Number of basis functions                   (NBF)    = 595
Number of auxiliary basis functions         (NBFAUX) = 651
Inactive Doubly occupied orbitals up to     (NO1)    = 0
No. considered Strongly Doubly occupied MOs (NDOC)   = 28
No. considered Strongly Singly occupied MOs (NSOC)   = 0
NO. of Weakly occ. per St. Doubly occ.  MOs (NCWO)   = 1
Dimension of the Nat. Orb. subspace         (NBF5)   = 56
No. of electrons                                     = 56
    No. of alpha electrons                           = 28
    No. of beta electrons                            = 28
Multiplicity                                         = 1

Geometry
========
 S       0.6667800       2.0543700       0.1497800
 N      -1.6208100       0.8029200      -0.0255500
 N       0.2449600      -0.5242500      -0.4713300
 C      -0.2803400       0.7522500      -0.1204900
 H      -2.1841700      -0.0203300      -0.1168600
 H      -2.0547300       1.6577100       0.2662200
 H      -0.0281900      -0.7636000      -1.4152300
 C      -0.0786700      -1.5992800       0.4590000
 C       0.5126000      -2.9092100      -0.0100600
 H       0.3455500      -1.3217100       1.4218000
 H      -1.1576900      -1.7300800       0.6165900
 H       1.5947600      -2.8506000      -0.0718100
 H       0.2444800      -3.7087100       0.6744300
 H       0.1276500      -3.1776800      -0.9930000

No violations of the orthonormality
No violations of the orthonormality
 
PNOF5/ADABelief Calculation
==================
 
  Nitext  Nit_orb  Time   Nit_occ  Time         Eelec          Etot           Ediff      maxdiff    Grad_orb  Grad_occ
     1      10    6.6e+01    3    1.6e+00  -913.09679689  -620.25869725 -10912.09679689   2.400446   2.5e+01   1.8e-04 0.04
     2      30    1.0e+02    3    5.3e-01  -917.84353004  -625.00543040    -4.74673315   0.708232   3.2e+00   1.3e-04 0.04
     3      30    1.2e+02    2    7.6e-01  -917.96610912  -625.12800948    -0.12257908   0.042664   4.0e-01   1.9e-04 0.05
     4      30    1.2e+02    1    5.2e-01  -917.96602282  -625.12792319     0.00008629   0.069459   5.1e-01   2.6e-04 0.05
     5      50    1.7e+02    2    5.9e-01  -917.97087969  -625.13278005    -0.00485686   0.001518   2.5e-02   1.7e-04 0.05
     6      50    3.9e+01    1    3.1e-01  -917.97099430  -625.13289467    -0.00011462   0.002073   4.7e-02   1.9e-04 0.05
     7      50    3.2e+01    6    2.9e-01  -917.97117062  -625.13307099    -0.00017632   0.002233   4.6e-02   1.9e-04 0.05
     8      50    3.4e+01    2    3.1e-01  -917.97142561  -625.13332598    -0.00025499   0.002558   5.2e-02   5.9e-05 0.05
     9      50    3.4e+01    2    2.9e-01  -917.97159310  -625.13349346    -0.00016749   0.002340   4.2e-02   4.5e-05 0.05
    10      50    3.3e+01    2    2.8e-01  -917.97166378  -625.13356414    -0.00007068   0.002997   5.2e-02   5.1e-05 0.04
    11      50    3.2e+01    2    2.8e-01  -917.97181209  -625.13371246    -0.00014832   0.002246   4.2e-02   4.4e-05 0.04
    12      50    3.7e+01    1    2.9e-01  -917.97187683  -625.13377719    -0.00006473   0.002772   5.0e-02   2.3e-04 0.04
    13      50    3.3e+01    1    2.8e-01  -917.97197608  -625.13387645    -0.00009926   0.002269   4.4e-02   2.0e-04 0.04
    14      50    1.5e+02    1    8.9e-01  -917.97203716  -625.13393753    -0.00006108   0.002463   4.6e-02   1.9e-04 0.03
    15      50    2.2e+02    1    7.9e-01  -917.97209934  -625.13399971    -0.00006218   0.002176   4.5e-02   1.5e-04 0.03
    16      50    2.6e+02    1    8.4e-01  -917.97214404  -625.13404440    -0.00004470   0.002180   4.4e-02   1.4e-04 0.03
    17      50    2.6e+02    1    5.9e-01  -917.97217227  -625.13407264    -0.00002824   0.002271   4.6e-02   1.0e-04 0.03
    18      50    2.6e+02    1    6.8e-01  -917.97218970  -625.13409007    -0.00001743   0.002381   4.6e-02   9.7e-05 0.03
    19      50    2.5e+02    1    5.1e-01  -917.97221969  -625.13412005    -0.00002999   0.002313   4.6e-02   7.0e-05 0.03
    20      50    1.8e+02    1    5.0e-01  -917.97221984  -625.13412021    -0.00000016   0.002155   4.7e-02   6.6e-05 0.03
    21      70    2.5e+02    1    4.7e-01  -917.97233720  -625.13423756    -0.00011736   0.014479   6.8e-02   4.8e-05 0.03
    22      70    3.0e+02    1    5.9e-01  -917.97234693  -625.13424729    -0.00000973   0.000468   7.6e-03   4.3e-05 0.03
    23      70    3.6e+02    1    1.0e+00  -917.97235427  -625.13425464    -0.00000734   0.000433   6.6e-03   3.8e-05 0.03
    24      70    3.6e+02    1    7.0e-01  -917.97235861  -625.13425898    -0.00000434   0.000481   6.6e-03   3.6e-05 0.03
    25      70    3.6e+02    0    8.8e-01  -917.97236220  -625.13426256    -0.00000359   0.000485   6.3e-03   1.7e-04 0.03
    26      80    3.4e+02    0    4.8e-01  -917.97236348  -625.13426384    -0.00000128   0.000372   4.6e-03   1.8e-04 0.03
    27      90    3.1e+02    0    7.5e-01  -917.97236457  -625.13426494    -0.00000110   0.000237   2.9e-03   1.8e-04 0.03
    28     100    4.6e+02    0    6.5e-01  -917.97236478  -625.13426514    -0.00000020   0.000210   2.2e-03   1.8e-04 0.03
    29     110    5.7e+02    0    1.0e+00  -917.97236517  -625.13426553    -0.00000039   0.000130   1.4e-03   1.8e-04 0.03
    30     120    5.6e+02    0    5.5e-01  -917.97236518  -625.13426555    -0.00000001   0.000104   1.2e-03   1.8e-04 0.03
    31     119    3.6e+02    0    2.9e-01  -917.97236525  -625.13426561    -0.00000007   0.000099   1.1e-03   1.8e-04 0.03
 
RESULTS OF THE OCCUPATION OPTIMIZATION
========================================
   1    1.9999474  -84.77829581
   2    1.9999772  -15.75250983
   3    1.9997376  -15.57809032
   4    1.9997394  -15.54571985
   5    1.9996119  -11.34709630
   6    1.9996232  -11.24950653
   7    1.9996253  -11.20723615
   8    1.9997054  -6.74651406
   9    1.9997044  -6.70605295
  10    1.9997291  -6.55606893
  11    1.9905607  -0.96010096
  12    1.9862720  -0.87814988
  13    1.9854333  -0.86232006
  14    1.9855421  -0.85462633
  15    1.9851297  -0.82665676
  16    1.9838779  -0.81311444
  17    1.9864660  -0.73263683
  18    1.9833839  -0.68959363
  19    1.9836780  -0.68828472
  20    1.9839071  -0.67492185
  21    1.9837271  -0.67431438
  22    1.9840087  -0.67066061
  23    1.9830693  -0.65181173
  24    1.9936843  -0.60516038
  25    1.9904588  -0.58480657
  26    1.9889096  -0.57289115
  27    1.9929769  -0.57011419
  28    1.9743540  -0.56173406
  29    0.0256460  -0.01450472
  30    0.0070231  -0.00544937
  31    0.0110904  -0.00898077
  32    0.0095412  -0.00885981
  33    0.0063157  -0.00516368
  34    0.0169307  -0.01204290
  35    0.0159913  -0.01289308
  36    0.0162729  -0.01304449
  37    0.0160929  -0.01296004
  38    0.0163220  -0.01336419
  39    0.0166161  -0.01351590
  40    0.0135340  -0.01195418
  41    0.0161221  -0.01512298
  42    0.0148703  -0.01426802
  43    0.0144579  -0.01434429
  44    0.0145667  -0.01445429
  45    0.0137280  -0.01401060
  46    0.0094393  -0.01105614
  47    0.0002709  -0.00342144
  48    0.0002956  -0.00360633
  49    0.0002946  -0.00362144
  50    0.0003747  -0.00760949
  51    0.0003768  -0.00764989
  52    0.0003881  -0.00783584
  53    0.0002606  -0.00734277
  54    0.0002624  -0.00738392
  55    0.0000228  -0.00045936
  56    0.0000526  -0.00828229
 
----------------
 Final Energies 
----------------
Final NOF Total Energy =    -625.1342656
 
Total Orbital Internal Iterations = 1869
Total Occupation Internal Iterations = 39
 
Elapsed time: 7089.07 Seconds

---------------------------------
   Lowdin Population Analysis    
---------------------------------
 Idx  Atom   Population   Charge 
---------------------------------
  1     S    15.684       0.316
  2     N     6.375       0.625
  3     N     6.559       0.441
  4     C     6.776      -0.776
  5     H     1.169      -0.169
  6     H     1.160      -0.160
  7     H     1.178      -0.178
  8     C     6.027      -0.027
  9     C     5.775       0.225
 10     H     1.049      -0.049
 11     H     1.068      -0.068
 12     H     1.058      -0.058
 13     H     1.061      -0.061
 14     H     1.063      -0.063

---------------------------------
   M Diagnostic: 0.03
---------------------------------

