Computing Integrals
Elapsed time:   12.84 Seconds

Number of basis functions                   (NBF)    = 378
Number of auxiliary basis functions         (NBFAUX) = 394
Inactive Doubly occupied orbitals up to     (NO1)    = 0
No. considered Strongly Doubly occupied MOs (NDOC)   = 16
No. considered Strongly Singly occupied MOs (NSOC)   = 0
NO. of Weakly occ. per St. Doubly occ.  MOs (NCWO)   = 1
Dimension of the Nat. Orb. subspace         (NBF5)   = 32
No. of electrons                                     = 32
    No. of alpha electrons                           = 16
    No. of beta electrons                            = 16
Multiplicity                                         = 1

Geometry
========
 C       0.0454900      -0.0029900       1.5226700
 C      -0.0760200       0.2537500       0.0581300
 N      -1.3517500      -0.1452800      -0.4904000
 O       0.7947300       0.7472000      -0.5990800
 H      -1.7522400       0.6727100      -0.9357500
 H      -1.1642900      -0.7790500      -1.2588800
 H      -0.7152400       0.5682100       2.0487600
 H      -0.1671500      -1.0489700       1.7314500
 H       1.0310600       0.2757800       1.8762500

No violations of the orthonormality
No violations of the orthonormality
 
PNOF5/ADABelief Calculation
==================
 
  Nitext  Nit_orb  Time   Nit_occ  Time         Eelec          Etot           Ediff      maxdiff    Grad_orb  Grad_occ
     1      10    1.7e+01    3    6.7e-01  -329.33733352  -207.99965628 -10328.33733352   1.196178   8.6e+00   2.7e-05 0.06
     2      30    6.9e+00    2    7.2e-02  -329.62609438  -208.28841713    -0.28876086   0.018467   2.0e-01   8.6e-05 0.06
     3      30    8.9e+00    2    7.4e-02  -329.62590545  -208.28822821     0.00018893   0.009548   2.0e-01   2.8e-05 0.06
     4      50    1.3e+01    0    5.8e-02  -329.62723860  -208.28956136    -0.00133315   0.003297   2.2e-02   1.3e-04 0.06
     5      60    1.2e+01    0    7.3e-02  -329.62724673  -208.28956949    -0.00000814   0.000665   1.2e-02   1.2e-04 0.06
     6      70    1.4e+01    0    4.7e-02  -329.62725041  -208.28957317    -0.00000368   0.000427   6.3e-03   1.3e-04 0.06
     7      80    1.6e+01    0    6.7e-02  -329.62725163  -208.28957439    -0.00000122   0.000239   3.2e-03   1.2e-04 0.06
     8      90    1.7e+01    0    5.9e-02  -329.62725190  -208.28957466    -0.00000028   0.000131   1.7e-03   1.2e-04 0.06
     9      94    2.0e+01    0    5.4e-02  -329.62725192  -208.28957468    -0.00000002   0.000095   1.3e-03   1.2e-04 0.06
 
RESULTS OF THE OCCUPATION OPTIMIZATION
========================================
   1    1.9998163  -20.53305932
   2    1.9997409  -15.54430643
   3    1.9996191  -11.32624852
   4    1.9996251  -11.21239696
   5    1.9923497  -1.14909962
   6    1.9859944  -0.86089594
   7    1.9836764  -0.80582705
   8    1.9836862  -0.80560497
   9    1.9881150  -0.79233033
  10    1.9925281  -0.76629781
  11    1.9923034  -0.76564392
  12    1.9842924  -0.68416955
  13    1.9843184  -0.68382483
  14    1.9842389  -0.68117135
  15    1.9894616  -0.59343172
  16    1.9372079  -0.55344929
  17    0.0627921  -0.03297586
  18    0.0105384  -0.00951655
  19    0.0157611  -0.01287384
  20    0.0156816  -0.01274087
  21    0.0157076  -0.01272417
  22    0.0076966  -0.00932652
  23    0.0074719  -0.00919625
  24    0.0118850  -0.01139046
  25    0.0163138  -0.01516370
  26    0.0163236  -0.01516637
  27    0.0140056  -0.01408885
  28    0.0076503  -0.01127816
  29    0.0003749  -0.00761620
  30    0.0003809  -0.00773722
  31    0.0002591  -0.00731492
  32    0.0001837  -0.00691620
 
----------------
 Final Energies 
----------------
Final NOF Total Energy =    -208.2895747
 
Total Orbital Internal Iterations = 514
Total Occupation Internal Iterations = 7
 
Elapsed time:  263.16 Seconds

---------------------------------
   Lowdin Population Analysis    
---------------------------------
 Idx  Atom   Population   Charge 
---------------------------------
  1     C     5.780       0.220
  2     C     6.558      -0.558
  3     N     6.461       0.539
  4     O     7.691       0.309
  5     H     1.175      -0.175
  6     H     1.175      -0.175
  7     H     1.052      -0.052
  8     H     1.051      -0.051
  9     H     1.057      -0.057

---------------------------------
   M Diagnostic: 0.06
---------------------------------

