Computing Integrals
Elapsed time:   98.57 Seconds

Number of basis functions                   (NBF)    = 1404
Number of auxiliary basis functions         (NBFAUX) = 1332
Inactive Doubly occupied orbitals up to     (NO1)    = 0
No. considered Strongly Doubly occupied MOs (NDOC)   = 48
No. considered Strongly Singly occupied MOs (NSOC)   = 0
NO. of Weakly occ. per St. Doubly occ.  MOs (NCWO)   = 1
Dimension of the Nat. Orb. subspace         (NBF5)   = 96
No. of electrons                                     = 96
    No. of alpha electrons                           = 48
    No. of beta electrons                            = 48
Multiplicity                                         = 1

Geometry
========
 C       2.8244700      -1.3647400      -0.0198900
 C       4.1973700      -0.9111100       0.4662800
 C       4.5686800       0.4380400      -0.1402200
 C       3.4973400       1.4785000       0.1679100
 C       2.1244300       1.0168800      -0.3144800
 C       1.7365500      -0.3351900       0.2824300
 C       0.3799300      -0.8250500      -0.2174900
 C      -0.8023400       0.0559100       0.1684800
 C      -2.1405800      -0.5432500      -0.2458700
 C      -3.3294100       0.3342300       0.1221800
 C      -4.6684600      -0.2656500      -0.2861400
 C      -5.8458200       0.6248500       0.0887200
 H       2.5576900      -2.3236300       0.4303600
 H       2.8603900      -1.5234500      -1.1034100
 H       4.1800900      -0.8210800       1.5564400
 H       4.9520500      -1.6604500       0.2223400
 H       4.6615800       0.3296000      -1.2249500
 H       5.5399100       0.7693700       0.2302700
 H       3.4588000       1.6423400       1.2489700
 H       3.7535600       2.4363500      -0.2875900
 H       2.1370200       0.9214800      -1.4064200
 H       1.3743100       1.7703200      -0.0709100
 H       1.6768900      -0.2183800       1.3723700
 H       0.2074800      -1.8329100       0.1728500
 H       0.4206500      -0.9208700      -1.3078800
 H      -0.7967700       0.2122600       1.2515700
 H      -0.7018400       1.0427500      -0.2880700
 H      -2.2573500      -1.5250800       0.2217900
 H      -2.1392200      -0.7152200      -1.3261600
 H      -3.3279000       0.5107900       1.2017900
 H      -3.2151300       1.3146000      -0.3495100
 H      -4.7809000      -1.2442700       0.1859300
 H      -4.6675400      -0.4419100      -1.3641800
 H      -5.8769400       0.7916500       1.1653300
 H      -6.7958400       0.1837800      -0.2088400
 H      -5.7631400       1.5985200      -0.3939900

No violations of the orthonormality
No violations of the orthonormality
 
PNOF5/ADABelief Calculation
==================
 
  Nitext  Nit_orb  Time   Nit_occ  Time         Eelec          Etot           Ediff      maxdiff    MaxGrad_orb  Grad_occ
     1      10    2.5e+02    8    4.4e+01 -1186.37089170  -468.84248095 -11185.37089170   0.004281   1.7e-02   1.7e-04 0.02
     2      20    4.3e+02    1    2.3e+00 -1186.80786619  -469.27945544    -0.43697449   0.016284   6.5e-02   3.7e-04 0.02
     3      20    4.2e+02    0    2.6e+00 -1186.80840791  -469.27999716    -0.00054172   0.016284   6.5e-02   3.7e-04 0.02
     4      40    8.2e+02    1    2.5e+00 -1186.81240361  -469.28399287    -0.00399570   0.000765   3.1e-03   7.8e-05 0.02
     5      40    8.1e+02    0    2.5e+00 -1186.81241638  -469.28400564    -0.00001277   0.000765   3.1e-03   7.8e-05 0.02
     6      60    1.2e+03    0    2.4e+00 -1186.81242555  -469.28401480    -0.00000917   0.000297   1.2e-03   1.4e-04 0.02
     7      70    1.4e+03    0    2.3e+00 -1186.81242570  -469.28401495    -0.00000015   0.000931   3.7e-03   1.4e-04 0.02
     8      72    1.5e+03    0    2.5e+00 -1186.81242570  -469.28401496    -0.00000000   0.000091   3.6e-04   1.4e-04 0.02
 
RESULTS OF THE OCCUPATION OPTIMIZATION
========================================
   1    1.9996225  -11.19135663
   2    1.9996228  -11.19125326
   3    1.9996227  -11.18917160
   4    1.9996226  -11.18910729
   5    1.9996227  -11.18897879
   6    1.9996227  -11.18889060
   7    1.9996228  -11.18884178
   8    1.9996226  -11.18845824
   9    1.9996230  -11.18764745
  10    1.9996224  -11.18764549
  11    1.9996224  -11.18760459
  12    1.9996225  -11.18759989
  13    1.9862369  -0.69330298
  14    1.9861804  -0.69312184
  15    1.9862018  -0.69301643
  16    1.9862264  -0.69294720
  17    1.9861544  -0.69219558
  18    1.9861886  -0.69215108
  19    1.9861307  -0.69190714
  20    1.9861503  -0.69187643
  21    1.9861392  -0.69156742
  22    1.9860927  -0.69136011
  23    1.9861029  -0.69134358
  24    1.9860536  -0.69073330
  25    1.9836610  -0.65251309
  26    1.9836519  -0.65211384
  27    1.9836280  -0.65142829
  28    1.9836275  -0.65142644
  29    1.9835150  -0.65142218
  30    1.9835267  -0.65141379
  31    1.9835205  -0.65139274
  32    1.9835920  -0.65106951
  33    1.9835062  -0.65081648
  34    1.9834562  -0.65073723
  35    1.9834532  -0.65072193
  36    1.9834309  -0.65008530
  37    1.9834384  -0.65005489
  38    1.9834364  -0.65005119
  39    1.9834374  -0.64998833
  40    1.9834383  -0.64996808
  41    1.9834445  -0.64969194
  42    1.9834111  -0.64965782
  43    1.9834430  -0.64964110
  44    1.9834334  -0.64958116
  45    1.9834218  -0.64952955
  46    1.9832963  -0.64922432
  47    1.9834195  -0.64900432
  48    1.9834183  -0.64883699
  49    0.0165817  -0.01303603
  50    0.0165805  -0.01305249
  51    0.0167037  -0.01312875
  52    0.0165782  -0.01303684
  53    0.0165666  -0.01303743
  54    0.0165570  -0.01303971
  55    0.0165889  -0.01303841
  56    0.0165555  -0.01303671
  57    0.0165617  -0.01304152
  58    0.0165626  -0.01304242
  59    0.0165636  -0.01304078
  60    0.0165616  -0.01304101
  61    0.0165691  -0.01304490
  62    0.0165468  -0.01304926
  63    0.0165438  -0.01304833
  64    0.0164938  -0.01302373
  65    0.0164080  -0.01298621
  66    0.0164795  -0.01302223
  67    0.0164733  -0.01301902
  68    0.0164850  -0.01302609
  69    0.0163725  -0.01291952
  70    0.0163720  -0.01291931
  71    0.0163481  -0.01291656
  72    0.0163390  -0.01296871
  73    0.0139464  -0.01190513
  74    0.0138971  -0.01187198
  75    0.0139073  -0.01186100
  76    0.0138608  -0.01183648
  77    0.0138497  -0.01183392
  78    0.0138693  -0.01187312
  79    0.0138114  -0.01181541
  80    0.0138456  -0.01183287
  81    0.0137736  -0.01179521
  82    0.0137982  -0.01181795
  83    0.0138196  -0.01179484
  84    0.0137631  -0.01179806
  85    0.0003775  -0.00763258
  86    0.0003776  -0.00763306
  87    0.0003776  -0.00763449
  88    0.0003770  -0.00762306
  89    0.0003774  -0.00763069
  90    0.0003772  -0.00762895
  91    0.0003773  -0.00763034
  92    0.0003773  -0.00762975
  93    0.0003774  -0.00763058
  94    0.0003773  -0.00762953
  95    0.0003772  -0.00762781
  96    0.0003775  -0.00763526
 
----------------
 Final Energies 
----------------
Final NOF Total Energy =    -469.2840150
 
Total Orbital Internal Iterations = 332
Total Occupation Internal Iterations = 10
 
Elapsed time: 7354.33 Seconds

---------------------------------
   Lowdin Population Analysis    
---------------------------------
 Idx  Atom   Population   Charge 
---------------------------------
  1     C     5.891       0.109
  2     C     5.898       0.102
  3     C     5.902       0.098
  4     C     5.897       0.103
  5     C     5.891       0.109
  6     C     6.055      -0.055
  7     C     5.896       0.104
  8     C     5.906       0.094
  9     C     5.908       0.092
 10     C     5.913       0.087
 11     C     5.922       0.078
 12     C     5.781       0.219
 13     H     1.047      -0.047
 14     H     1.037      -0.037
 15     H     1.044      -0.044
 16     H     1.053      -0.053
 17     H     1.044      -0.044
 18     H     1.054      -0.054
 19     H     1.044      -0.044
 20     H     1.053      -0.053
 21     H     1.037      -0.037
 22     H     1.049      -0.049
 23     H     1.032      -0.032
 24     H     1.040      -0.040
 25     H     1.039      -0.039
 26     H     1.044      -0.044
 27     H     1.048      -0.048
 28     H     1.045      -0.045
 29     H     1.045      -0.045
 30     H     1.046      -0.046
 31     H     1.046      -0.046
 32     H     1.052      -0.052
 33     H     1.052      -0.052
 34     H     1.062      -0.062
 35     H     1.066      -0.066
 36     H     1.062      -0.062

---------------------------------
   M Diagnostic: 0.02
---------------------------------

