Computing Integrals
Elapsed time:   11.45 Seconds

Number of basis functions                   (NBF)    = 114
Number of auxiliary basis functions         (NBFAUX) = 154
Inactive Doubly occupied orbitals up to     (NO1)    = 0
No. considered Strongly Doubly occupied MOs (NDOC)   = 9
No. considered Strongly Singly occupied MOs (NSOC)   = 0
NO. of Weakly occ. per St. Doubly occ.  MOs (NCWO)   = 1
Dimension of the Nat. Orb. subspace         (NBF5)   = 18
No. of electrons                                     = 18
    No. of alpha electrons                           = 9
    No. of beta electrons                            = 9
Multiplicity                                         = 1

Geometry
========
 F       0.0000000       0.0000000      -0.7076000
 F       0.0000000       0.0000000       0.7076000

No violations of the orthonormality
No violations of the orthonormality
 
PNOF5/ADABelief Calculation
==================
 
  Nitext  Nit_orb  Time   Nit_occ  Time         Eelec          Etot           Ediff      maxdiff    Grad_orb  Grad_occ
     1      10    4.5e+01    2    9.7e-01  -229.13018132  -198.84240138 -10228.13018132   0.363743   4.7e+00   5.5e-05 0.14
     2      30    1.9e+01    2    4.3e-02  -229.22402715  -198.93624720    -0.09384583   0.022525   1.6e-01   1.4e-05 0.13
     3      30    1.8e+01    0    4.2e-02  -229.22410103  -198.93632109    -0.00007388   0.012901   1.6e-01   2.7e-04 0.13
     4      40    2.4e+01    2    1.1e-02  -229.22432639  -198.93654644    -0.00022536   0.007431   8.7e-02   4.5e-06 0.13
     5      40    2.5e+01    0    5.0e-03  -229.22433872  -198.93655878    -0.00001233   0.007504   8.9e-02   1.5e-04 0.13
     6      50    3.1e+01    0    2.1e-02  -229.22442113  -198.93664118    -0.00008240   0.003728   3.9e-02   7.0e-05 0.13
     7      60    3.7e+01    0    6.5e-02  -229.22443955  -198.93665960    -0.00001842   0.001719   1.8e-02   1.3e-04 0.13
     8      70    4.0e+01    0    2.0e-03  -229.22445000  -198.93667006    -0.00001045   0.001031   8.6e-03   8.9e-05 0.13
     9      80    4.8e+01    0    6.5e-02  -229.22444839  -198.93666844     0.00000162   0.000431   4.1e-03   1.0e-04 0.13
    10      85    5.2e+01    0    4.8e-02  -229.22445149  -198.93667154    -0.00000310   0.000100   8.6e-04   9.6e-05 0.13
 
RESULTS OF THE OCCUPATION OPTIMIZATION
========================================
   1    1.9998659  -26.35233640
   2    1.9998661  -26.35201922
   3    1.9950019  -1.05987616
   4    1.9949755  -1.05951358
   5    1.9949751  -1.05912442
   6    1.9949622  -1.05908468
   7    1.9949088  -1.05758084
   8    1.9949200  -1.05751551
   9    1.8656528  -0.80568528
  10    0.1343472  -0.08845252
  11    0.0050800  -0.00882162
  12    0.0050912  -0.00882833
  13    0.0050378  -0.00879487
  14    0.0050249  -0.00878634
  15    0.0050245  -0.00878585
  16    0.0049981  -0.00876936
  17    0.0001339  -0.00648425
  18    0.0001341  -0.00648698
 
----------------
 Final Energies 
----------------
Final NOF Total Energy =    -198.9366715
 
Total Orbital Internal Iterations = 495
Total Occupation Internal Iterations = 6
 
Elapsed time:  559.66 Seconds

---------------------------------
   Lowdin Population Analysis    
---------------------------------
 Idx  Atom   Population   Charge 
---------------------------------
  1     F     9.000       0.000
  2     F     9.000      -0.000

---------------------------------
   M Diagnostic: 0.13
---------------------------------

