W4-11-h_C.jld not found
W4-11-h_n.jld not found
Computing Integrals
Elapsed time:    7.89 Seconds

Number of basis functions                   (NBF)    = 30
Number of auxiliary basis functions         (NBFAUX) = 18
Inactive Doubly occupied orbitals up to     (NO1)    = 0
No. considered Strongly Doubly occupied MOs (NDOC)   = 0
No. considered Strongly Singly occupied MOs (NSOC)   = 1
NO. of Weakly occ. per St. Doubly occ.  MOs (NCWO)   = 0
Dimension of the Nat. Orb. subspace         (NBF5)   = 1
No. of electrons                                     = 1
    No. of alpha electrons                           = 1
    No. of beta electrons                            = 0
Multiplicity                                         = 2

Geometry
========
 H       0.0000000       0.0000000       0.0000000

No violations of the orthonormality
No violations of the orthonormality
 
PNOF5/ADABelief Calculation
==================
 
  Nitext  Nit_orb  Time   Nit_occ  Time         Eelec          Etot           Ediff      maxdiff    Grad_orb  Grad_occ
     1      10    3.1e+01    0    8.3e-01    -0.49929057    -0.49929057 -9999.49929057   0.014526   1.3e-01   0.0e+00 0.00
     2      16    5.5e-04    0    6.2e-06    -0.49998326    -0.49998326    -0.00069269   0.000087   9.5e-04   0.0e+00 0.00
 
RESULTS OF THE OCCUPATION OPTIMIZATION
========================================
   1    1.0000000  -0.24999163
 
----------------
 Final Energies 
----------------
Final NOF Total Energy =      -0.4999833
 
Total Orbital Internal Iterations = 26
Total Occupation Internal Iterations = 0
 
Elapsed time:  199.07 Seconds

---------------------------------
   Lowdin Population Analysis    
---------------------------------
 Idx  Atom   Population   Charge 
---------------------------------
  1     H     1.000       0.000

---------------------------------
   M Diagnostic: 0.00
---------------------------------

