Computing Integrals
Elapsed time:    4.70 Seconds

Number of basis functions                   (NBF)    = 418
Number of auxiliary basis functions         (NBFAUX) = 500
Inactive Doubly occupied orbitals up to     (NO1)    = 0
No. considered Strongly Doubly occupied MOs (NDOC)   = 22
No. considered Strongly Singly occupied MOs (NSOC)   = 0
NO. of Weakly occ. per St. Doubly occ.  MOs (NCWO)   = 18
Dimension of the Nat. Orb. subspace         (NBF5)   = 418
No. of electrons                                     = 44
    No. of alpha electrons                           = 22
    No. of beta electrons                            = 22
Multiplicity                                         = 1

Geometry
========
 C      -0.7135500       0.0000000      -0.6997700
 C      -1.2409900       0.0000000       0.5588900
 S       0.0000000       0.0000000       1.7691400
 C       1.2409900       0.0000000       0.5588900
 C       0.7135500       0.0000000      -0.6997700
 H      -1.3181400       0.0000000      -1.5970600
 H      -2.2788200       0.0000000       0.8533600
 H       2.2788200       0.0000000       0.8533600
 H       1.3181400       0.0000000      -1.5970600

No violations of the orthonormality
No violations of the orthonormality
 
PNOF8/ADAM Calculation
==================
 
  Nitext  Nit_orb  Time   Nit_occ  Time         Eelec          Etot           Ediff      maxdiff    Grad_orb  Grad_occ
0.08808401171862867
0.17428935466491924
     1      10    2.7e+01   51    5.0e+01  -754.16236019  -552.12430657 -10753.16236019   1.111576   9.6e+00   4.0e-04 0.04
0.001491163040411747
0.004068222947427211
     2      30    3.4e+01   30    1.2e+01  -754.62590329  -552.58784967    -0.46354310   0.076867   1.0e+00   3.4e-04 0.03
0.0007223472972396339
0.0018189542183266122
     3      30    3.4e+01   29    1.1e+01  -754.65439756  -552.61634394    -0.02849427   0.017147   2.7e-01   3.0e-04 0.03
0.0003679756334166173
0.000940474753181218
     4      30    3.4e+01   18    7.6e+00  -754.66469202  -552.62663840    -0.01029446   0.016744   2.8e-01   3.3e-04 0.03
0.000256309133811917
0.0006150144920197076
     5      30    3.4e+01   23    9.4e+00  -754.66902683  -552.63097321    -0.00433480   0.020241   3.4e-01   2.8e-04 0.03
0.00017627741925563267
0.0004463440607913671
     6      30    3.4e+01   24    9.8e+00  -754.67192885  -552.63387523    -0.00290202   0.029839   3.8e-01   2.4e-04 0.03
0.00012742754653904953
0.0003776650474595012
     7      30    3.4e+01   12    5.5e+00  -754.67410016  -552.63604654    -0.00217131   0.023681   4.1e-01   2.7e-04 0.03
0.0001419503964527058
0.0003347062874730628
     8      30    3.4e+01   20    8.4e+00  -754.67475196  -552.63669834    -0.00065180   0.033715   4.6e-01   2.8e-04 0.03
0.00016992262459480934
0.0003479310426248918
     9      30    3.4e+01   18    7.6e+00  -754.67452056  -552.63646694     0.00023140   0.020374   4.7e-01   1.9e-04 0.03
0.0001466660554612087
0.0003097639163298855
    10      50    5.6e+01    8    4.1e+00  -754.68267612  -552.64462250    -0.00815556   0.004151   6.7e-02   2.3e-04 0.03
0.00012121122401864692
0.0002870617131556902
    11      50    5.6e+01    8    4.1e+00  -754.68297535  -552.64492173    -0.00029923   0.005327   1.2e-01   2.8e-04 0.03
0.00010169997444975376
0.0002736969162781636
    12      50    5.6e+01    8    4.2e+00  -754.68352454  -552.64547092    -0.00054919   0.003864   1.1e-01   2.8e-04 0.03
0.00010801399498927555
0.00025307398814108245
    13      50    5.6e+01    8    4.2e+00  -754.68383183  -552.64577821    -0.00030729   0.004867   1.2e-01   2.7e-04 0.03
0.00010736218410045684
0.0002597240268876265
    14      50    5.6e+01   14    6.3e+00  -754.68410783  -552.64605421    -0.00027600   0.004142   1.1e-01   3.0e-04 0.03
0.00010367595121774098
0.00023696857394101713
    15      50    5.6e+01    8    4.1e+00  -754.68435330  -552.64629968    -0.00024546   0.004451   1.2e-01   2.3e-04 0.03
8.882174727675718e-5
0.00022052446525766393
    16      50    5.6e+01   15    6.7e+00  -754.68457128  -552.64651766    -0.00021798   0.004125   1.1e-01   2.8e-04 0.03
8.4248742547385e-5
0.000212179999598352
    17      50    5.6e+01    8    4.2e+00  -754.68474851  -552.64669489    -0.00017723   0.004030   1.1e-01   2.2e-04 0.03
7.693802798480753e-5
0.0002025713403971374
    18      50    5.6e+01    8    4.2e+00  -754.68499358  -552.64693996    -0.00024508   0.004148   1.0e-01   2.6e-04 0.03
7.803818110006387e-5
0.00019803470561316323
    19      50    5.6e+01    8    4.2e+00  -754.68515617  -552.64710255    -0.00016258   0.004501   1.0e-01   2.6e-04 0.03
7.765345591726142e-5
0.0001665879251910075
    20      50    5.6e+01    3    2.4e+00  -754.68532698  -552.64727335    -0.00017081   0.004787   1.0e-01   3.1e-04 0.03
6.437127472517872e-5
0.0001637140703746168
    21      50    5.6e+01   20    8.6e+00  -754.68545970  -552.64740608    -0.00013272   0.004022   9.5e-02   1.8e-04 0.03
6.458598890002332e-5
0.00013408138932200105
    22      50    5.6e+01    3    2.4e+00  -754.68555609  -552.64750247    -0.00009639   0.004467   1.1e-01   2.5e-04 0.03
6.1029666010292694e-5
0.00012726111334835914
    23      50    5.6e+01    3    2.4e+00  -754.68565837  -552.64760475    -0.00010228   0.004805   9.8e-02   3.0e-04 0.03
4.5101408036485324e-5
0.0001310808656455556
    24      50    5.6e+01    7    3.8e+00  -754.68568412  -552.64763050    -0.00002575   0.004424   1.1e-01   2.7e-04 0.03
4.8504201334919434e-5
0.00010432370675277878
    25      50    5.7e+01    3    2.4e+00  -754.68578341  -552.64772979    -0.00009929   0.003582   1.0e-01   2.2e-04 0.03
4.782585894446789e-5
9.143304503809096e-5
    26      50    5.6e+01    3    2.4e+00  -754.68583169  -552.64777807    -0.00004828   0.003953   1.0e-01   2.3e-04 0.03
4.592221061752288e-5
0.00011489698544518553
    27      50    5.6e+01    5    3.1e+00  -754.68585189  -552.64779827    -0.00002020   0.006283   1.1e-01   2.8e-04 0.03
4.305172947520713e-5
9.881106357342949e-5
    28      50    5.6e+01    5    3.1e+00  -754.68595112  -552.64789750    -0.00009923   0.004324   1.1e-01   2.6e-04 0.03
2.647437949537118e-5
7.003067074649084e-5
    29      50    5.6e+01    3    2.4e+00  -754.68599673  -552.64794311    -0.00004561   0.004457   1.0e-01   3.0e-04 0.03
6.292317915230746e-5
0.00010754168036728776
    30      50    5.7e+01    8    4.3e+00  -754.68603388  -552.64798026    -0.00003715   0.004724   1.0e-01   2.4e-04 0.03
3.620719045489655e-5
7.912120447942747e-5
    31      50    5.6e+01    3    2.4e+00  -754.68609736  -552.64804373    -0.00006348   0.006759   1.0e-01   2.0e-04 0.03
0.0
0.0
    32      50    5.7e+01    0    1.3e+00  -754.68615201  -552.64809839    -0.00005466   0.004820   9.8e-02   3.0e-04 0.03
3.77553622550094e-5
9.903766637312135e-5
    33      60    6.7e+01   12    5.7e+00  -754.68623331  -552.64817969    -0.00008130   0.003374   7.7e-02   2.1e-04 0.03
0.0
0.0
    34      60    6.8e+01    0    1.3e+00  -754.68628898  -552.64823535    -0.00005566   0.003872   7.9e-02   2.7e-04 0.03
0.0
0.0
    35      70    7.9e+01    0    1.6e+00  -754.68636078  -552.64830716    -0.00007180   0.002756   6.0e-02   2.7e-04 0.03
2.9399685136763344e-5
7.983247873137029e-5
    36      80    8.9e+01    5    3.1e+00  -754.68640586  -552.64835224    -0.00004509   0.002181   5.0e-02   1.8e-04 0.03
2.142373843116996e-5
6.555278110116171e-5
    37      80    9.0e+01    5    3.1e+00  -754.68642549  -552.64837187    -0.00001962   0.001919   5.1e-02   2.4e-04 0.03
0.0
0.0
    38      80    9.0e+01    0    1.3e+00  -754.68646338  -552.64840976    -0.00003790   0.001947   4.8e-02   2.5e-04 0.03
1.5491369457221182e-5
4.326816913997708e-5
    39      90    1.0e+02   10    5.0e+00  -754.68650206  -552.64844844    -0.00003868   0.009031   7.1e-02   2.0e-04 0.03
0.0
0.0
    40      90    1.0e+02    0    1.3e+00  -754.68653766  -552.64848404    -0.00003560   0.002442   4.3e-02   2.4e-04 0.03
0.0
0.0
    41     100    1.1e+02    0    1.3e+00  -754.68657540  -552.64852178    -0.00003774   0.001506   3.2e-02   2.8e-04 0.03
0.0
0.0
    42     110    1.2e+02    0    1.3e+00  -754.68657554  -552.64852192    -0.00000014   0.001738   3.0e-02   2.9e-04 0.03
2.9472928500640094e-5
7.750020601142046e-5
    43     120    1.3e+02    7    3.9e+00  -754.68658080  -552.64852718    -0.00000526   0.001182   2.8e-02   2.6e-04 0.03
3.652564959866211e-5
8.059368990930661e-5
    44     120    1.3e+02    1    1.7e+00  -754.68659262  -552.64853900    -0.00001182   0.001703   3.3e-02   2.1e-04 0.03
0.0
0.0
    45     140    1.6e+02    0    1.3e+00  -754.68665529  -552.64860167    -0.00006267   0.000325   5.9e-03   2.1e-04 0.03
0.0
0.0
    46     150    1.7e+02    0    1.3e+00  -754.68665363  -552.64860001     0.00000166   0.000438   8.7e-03   2.2e-04 0.03
0.0
0.0
    47     180    2.0e+02    0    1.3e+00  -754.68665950  -552.64860588    -0.00000588   0.000106   1.9e-03   2.2e-04 0.03
0.0
0.0
    48     190    2.1e+02    0    1.3e+00  -754.68666041  -552.64860679    -0.00000090   0.000130   2.9e-03   2.3e-04 0.03
0.0
0.0
    49     200    2.2e+02    0    1.3e+00  -754.68666187  -552.64860824    -0.00000146   0.000120   2.7e-03   2.3e-04 0.03
0.0
0.0
    50     210    2.3e+02    0    1.3e+00  -754.68666327  -552.64860965    -0.00000140   0.000110   2.3e-03   2.3e-04 0.03
0.0
0.0
    51     220    2.5e+02    0    1.3e+00  -754.68666454  -552.64861092    -0.00000127   0.000111   2.2e-03   2.4e-04 0.03
0.0
0.0
    52     222    2.5e+02    0    1.3e+00  -754.68666572  -552.64861210    -0.00000118   0.000100   2.0e-03   2.4e-04 0.03
 
RESULTS OF THE OCCUPATION OPTIMIZATION
========================================
   1    1.9999994  -92.02743487
   2    1.9999656  -11.26179208
   3    1.9999784  -11.25703845
   4    1.9999673  -11.25128290
   5    1.9999627  -11.15265175
   6    1.9999544  -9.11152362
   7    1.9993595  -6.68936392
   8    1.9990004  -6.68853047
   9    1.9993110  -6.68775690
  10    1.9794894  -0.93838366
  11    1.9817744  -0.93185232
  12    1.9750502  -0.79995801
  13    1.9786457  -0.78520752
  14    1.9756392  -0.74634317
  15    1.9740405  -0.74544048
  16    1.9758819  -0.71328705
  17    1.9757031  -0.70217994
  18    1.9734372  -0.64706909
  19    1.9727858  -0.63419649
  20    1.9732894  -0.43343158
  21    1.9656005  -0.41614566
  22    1.9657272  -0.41458629
  23    0.0333975  -0.03949856
  24    0.0291504  -0.03639088
  25    0.0082399  -0.01478594
  26    0.0218493  -0.03992392
  27    0.0206360  -0.03922316
  28    0.0125924  -0.01981093
  29    0.0111415  -0.01877149
  30    0.0160376  -0.02851054
  31    0.0115253  -0.01914075
  32    0.0109154  -0.01876081
  33    0.0124358  -0.02456204
  34    0.0057778  -0.02426828
  35    0.0113166  -0.02418398
  36    0.0005416  -0.00916751
  37    0.0005189  -0.00883405
  38    0.0006349  -0.01197859
  39    0.0000257  -0.00070514
  40    0.0000243  -0.00055275
  41    0.0000217  -0.00050120
  42    0.0000156  -0.00023241
  43    0.0000239  -0.00057177
  44    0.0000005  -0.00000859
  45    0.0002948  -0.00076806
  46    0.0041728  -0.00715846
  47    0.0081893  -0.01403390
  48    0.0022505  -0.00697974
  49    0.0021358  -0.00700802
  50    0.0037823  -0.00779408
  51    0.0043502  -0.01096786
  52    0.0039373  -0.00862111
  53    0.0048743  -0.01056145
  54    0.0029977  -0.00813511
  55    0.0049045  -0.01116222
  56    0.0046858  -0.01828545
  57    0.0028672  -0.00987533
  58    0.0000858  -0.00323197
  59    0.0004605  -0.00789198
  60    0.0000010  -0.00004916
  61    0.0000086  -0.00032942
  62    0.0000040  -0.00007737
  63    0.0000033  -0.00012789
  64    0.0000033  -0.00012949
  65    0.0000036  -0.00013130
  66    0.0000000  -0.00000037
  67    0.0002202  -0.00050146
  68    0.0006482  -0.00136685
  69    0.0077629  -0.01366550
  70    0.0007519  -0.00194548
  71    0.0017296  -0.00593782
  72    0.0025197  -0.00532767
  73    0.0026808  -0.00584082
  74    0.0029910  -0.00656863
  75    0.0025878  -0.00586187
  76    0.0020691  -0.00555525
  77    0.0029749  -0.00825630
  78    0.0039738  -0.01310191
  79    0.0022028  -0.00604355
  80    0.0000477  -0.00076143
  81    0.0000160  -0.00039953
  82    0.0000007  -0.00002019
  83    0.0000047  -0.00010179
  84    0.0000036  -0.00009359
  85    0.0000028  -0.00002954
  86    0.0000012  -0.00005085
  87    0.0000027  -0.00002973
  88    0.0000000  -0.00000012
  89    0.0001386  -0.00034906
  90    0.0002210  -0.00054104
  91    0.0010480  -0.00325152
  92    0.0007024  -0.00183625
  93    0.0006738  -0.00173961
  94    0.0019059  -0.00497439
  95    0.0023399  -0.00563639
  96    0.0008985  -0.00248732
  97    0.0024448  -0.00557207
  98    0.0019089  -0.00552025
  99    0.0023720  -0.00591230
 100    0.0016196  -0.00802917
 101    0.0014018  -0.00639275
 102    0.0000104  -0.00006756
 103    0.0000014  -0.00001871
 104    0.0000006  -0.00001019
 105    0.0000028  -0.00015583
 106    0.0000024  -0.00002628
 107    0.0000022  -0.00002389
 108    0.0000007  -0.00004161
 109    0.0000019  -0.00002214
 110    0.0000000  -0.00000012
 111    0.0000657  -0.00020982
 112    0.0000910  -0.00024303
 113    0.0002989  -0.00086636
 114    0.0006267  -0.00154378
 115    0.0005802  -0.00163349
 116    0.0012246  -0.00408101
 117    0.0017314  -0.00588041
 118    0.0008089  -0.00261262
 119    0.0009964  -0.00398529
 120    0.0012304  -0.00502102
 121    0.0008178  -0.00245071
 122    0.0010876  -0.00501360
 123    0.0008593  -0.00291034
 124    0.0000012  -0.00002244
 125    0.0000009  -0.00004605
 126    0.0000004  -0.00000722
 127    0.0000026  -0.00008081
 128    0.0000022  -0.00003425
 129    0.0000020  -0.00002895
 130    0.0000007  -0.00002285
 131    0.0000018  -0.00002817
 132    0.0000000  -0.00000012
 133    0.0000238  -0.00007917
 134    0.0000206  -0.00007113
 135    0.0002778  -0.00081081
 136    0.0004752  -0.00121053
 137    0.0004365  -0.00113693
 138    0.0005920  -0.00152177
 139    0.0005485  -0.00163286
 140    0.0005565  -0.00145850
 141    0.0004919  -0.00128051
 142    0.0005194  -0.00139059
 143    0.0007411  -0.00251847
 144    0.0002904  -0.00199083
 145    0.0007665  -0.00350843
 146    0.0000005  -0.00000897
 147    0.0000004  -0.00000687
 148    0.0000004  -0.00000684
 149    0.0000004  -0.00000751
 150    0.0000003  -0.00000608
 151    0.0000002  -0.00000395
 152    0.0000000  -0.00000034
 153    0.0000002  -0.00000488
 154    0.0000000  -0.00000012
 155    0.0000165  -0.00006059
 156    0.0000170  -0.00005905
 157    0.0002229  -0.00068487
 158    0.0001846  -0.00060730
 159    0.0000900  -0.00031527
 160    0.0004279  -0.00146373
 161    0.0003255  -0.00089729
 162    0.0002470  -0.00072705
 163    0.0003347  -0.00117058
 164    0.0003817  -0.00107550
 165    0.0001602  -0.00055781
 166    0.0001725  -0.00104348
 167    0.0003937  -0.00188184
 168    0.0000005  -0.00000853
 169    0.0000002  -0.00000463
 170    0.0000003  -0.00000543
 171    0.0000002  -0.00000379
 172    0.0000001  -0.00000263
 173    0.0000001  -0.00000285
 174    0.0000000  -0.00000017
 175    0.0000001  -0.00000175
 176    0.0000000  -0.00000012
 177    0.0000160  -0.00005550
 178    0.0000138  -0.00004537
 179    0.0001728  -0.00052721
 180    0.0000942  -0.00030525
 181    0.0000764  -0.00024805
 182    0.0003281  -0.00120847
 183    0.0002934  -0.00117067
 184    0.0001090  -0.00038643
 185    0.0002675  -0.00086318
 186    0.0003531  -0.00152305
 187    0.0001220  -0.00045575
 188    0.0001455  -0.00081813
 189    0.0001610  -0.00065157
 190    0.0000003  -0.00000641
 191    0.0000002  -0.00000348
 192    0.0000003  -0.00000525
 193    0.0000001  -0.00000242
 194    0.0000001  -0.00000170
 195    0.0000001  -0.00000220
 196    0.0000000  -0.00000013
 197    0.0000001  -0.00000093
 198    0.0000000  -0.00000010
 199    0.0000141  -0.00004944
 200    0.0000123  -0.00004383
 201    0.0001078  -0.00039610
 202    0.0000777  -0.00027136
 203    0.0000496  -0.00016323
 204    0.0002809  -0.00079044
 205    0.0002109  -0.00059286
 206    0.0001036  -0.00037307
 207    0.0002514  -0.00080641
 208    0.0003308  -0.00152801
 209    0.0001004  -0.00036242
 210    0.0001309  -0.00086445
 211    0.0001236  -0.00070717
 212    0.0000002  -0.00000377
 213    0.0000001  -0.00000311
 214    0.0000003  -0.00000525
 215    0.0000001  -0.00000194
 216    0.0000001  -0.00000146
 217    0.0000001  -0.00000103
 218    0.0000000  -0.00000006
 219    0.0000000  -0.00000063
 220    0.0000000  -0.00000011
 221    0.0000129  -0.00004573
 222    0.0000103  -0.00003949
 223    0.0000747  -0.00026093
 224    0.0000462  -0.00016084
 225    0.0000447  -0.00015027
 226    0.0001889  -0.00061061
 227    0.0001503  -0.00048983
 228    0.0000765  -0.00026899
 229    0.0001928  -0.00060351
 230    0.0001947  -0.00066057
 231    0.0000798  -0.00027488
 232    0.0000980  -0.00052158
 233    0.0001063  -0.00041048
 234    0.0000002  -0.00000329
 235    0.0000001  -0.00000304
 236    0.0000002  -0.00000507
 237    0.0000001  -0.00000104
 238    0.0000001  -0.00000094
 239    0.0000001  -0.00000096
 240    0.0000000  -0.00000004
 241    0.0000000  -0.00000058
 242    0.0000000  -0.00000009
 243    0.0000109  -0.00004221
 244    0.0000097  -0.00004028
 245    0.0000652  -0.00022859
 246    0.0000458  -0.00015535
 247    0.0000275  -0.00011358
 248    0.0001231  -0.00037131
 249    0.0001109  -0.00039093
 250    0.0000422  -0.00015743
 251    0.0001082  -0.00038499
 252    0.0001572  -0.00050739
 253    0.0000779  -0.00027403
 254    0.0000445  -0.00018442
 255    0.0000849  -0.00034615
 256    0.0000001  -0.00000313
 257    0.0000001  -0.00000288
 258    0.0000002  -0.00000502
 259    0.0000001  -0.00000104
 260    0.0000000  -0.00000074
 261    0.0000000  -0.00000085
 262    0.0000000  -0.00000003
 263    0.0000000  -0.00000048
 264    0.0000000  -0.00000009
 265    0.0000106  -0.00004384
 266    0.0000067  -0.00003205
 267    0.0000576  -0.00020450
 268    0.0000313  -0.00011278
 269    0.0000215  -0.00009260
 270    0.0001091  -0.00037527
 271    0.0000630  -0.00023156
 272    0.0000387  -0.00014140
 273    0.0000878  -0.00033068
 274    0.0001018  -0.00050483
 275    0.0000429  -0.00016276
 276    0.0000414  -0.00018086
 277    0.0000559  -0.00021887
 278    0.0000001  -0.00000196
 279    0.0000001  -0.00000263
 280    0.0000002  -0.00000464
 281    0.0000000  -0.00000078
 282    0.0000000  -0.00000049
 283    0.0000000  -0.00000055
 284    0.0000000  -0.00000002
 285    0.0000000  -0.00000034
 286    0.0000000  -0.00000010
 287    0.0000102  -0.00004042
 288    0.0000057  -0.00002837
 289    0.0000481  -0.00016981
 290    0.0000240  -0.00009668
 291    0.0000170  -0.00007145
 292    0.0000774  -0.00027379
 293    0.0000615  -0.00021142
 294    0.0000325  -0.00013515
 295    0.0000627  -0.00021221
 296    0.0000772  -0.00032063
 297    0.0000366  -0.00014465
 298    0.0000362  -0.00015355
 299    0.0000460  -0.00019765
 300    0.0000001  -0.00000153
 301    0.0000001  -0.00000243
 302    0.0000002  -0.00000418
 303    0.0000000  -0.00000073
 304    0.0000000  -0.00000045
 305    0.0000000  -0.00000045
 306    0.0000000  -0.00000004
 307    0.0000000  -0.00000032
 308    0.0000000  -0.00000008
 309    0.0000089  -0.00003642
 310    0.0000051  -0.00002876
 311    0.0000433  -0.00015619
 312    0.0000152  -0.00006727
 313    0.0000118  -0.00005443
 314    0.0000514  -0.00018104
 315    0.0000379  -0.00013502
 316    0.0000258  -0.00010828
 317    0.0000388  -0.00014927
 318    0.0000356  -0.00015872
 319    0.0000347  -0.00013531
 320    0.0000356  -0.00016200
 321    0.0000432  -0.00017264
 322    0.0000001  -0.00000138
 323    0.0000001  -0.00000223
 324    0.0000002  -0.00000389
 325    0.0000000  -0.00000071
 326    0.0000000  -0.00000036
 327    0.0000000  -0.00000040
 328    0.0000000  -0.00000002
 329    0.0000000  -0.00000023
 330    0.0000000  -0.00000006
 331    0.0000087  -0.00003048
 332    0.0000045  -0.00002348
 333    0.0000330  -0.00011912
 334    0.0000125  -0.00005230
 335    0.0000092  -0.00004617
 336    0.0000333  -0.00012970
 337    0.0000255  -0.00010616
 338    0.0000192  -0.00008415
 339    0.0000321  -0.00012940
 340    0.0000245  -0.00011129
 341    0.0000167  -0.00007717
 342    0.0000290  -0.00012672
 343    0.0000288  -0.00012740
 344    0.0000001  -0.00000140
 345    0.0000001  -0.00000224
 346    0.0000002  -0.00000402
 347    0.0000000  -0.00000063
 348    0.0000000  -0.00000028
 349    0.0000000  -0.00000038
 350    0.0000000  -0.00000003
 351    0.0000000  -0.00000023
 352    0.0000000  -0.00000007
 353    0.0000081  -0.00003415
 354    0.0000040  -0.00002428
 355    0.0000252  -0.00009766
 356    0.0000105  -0.00004909
 357    0.0000085  -0.00004149
 358    0.0000262  -0.00010645
 359    0.0000174  -0.00007492
 360    0.0000148  -0.00006207
 361    0.0000295  -0.00011097
 362    0.0000224  -0.00009925
 363    0.0000119  -0.00005318
 364    0.0000254  -0.00011919
 365    0.0000244  -0.00010730
 366    0.0000001  -0.00000118
 367    0.0000001  -0.00000192
 368    0.0000002  -0.00000371
 369    0.0000000  -0.00000053
 370    0.0000000  -0.00000028
 371    0.0000000  -0.00000035
 372    0.0000000  -0.00000001
 373    0.0000000  -0.00000020
 374    0.0000000  -0.00000007
 375    0.0000077  -0.00003235
 376    0.0000034  -0.00001881
 377    0.0000220  -0.00008961
 378    0.0000085  -0.00004060
 379    0.0000077  -0.00003974
 380    0.0000190  -0.00008636
 381    0.0000157  -0.00006814
 382    0.0000105  -0.00004735
 383    0.0000211  -0.00009326
 384    0.0000200  -0.00009186
 385    0.0000112  -0.00005095
 386    0.0000166  -0.00008260
 387    0.0000161  -0.00007817
 388    0.0000001  -0.00000117
 389    0.0000001  -0.00000184
 390    0.0000002  -0.00000341
 391    0.0000000  -0.00000051
 392    0.0000000  -0.00000026
 393    0.0000000  -0.00000027
 394    0.0000000  -0.00000001
 395    0.0000000  -0.00000019
 396    0.0000000  -0.00000006
 397    0.0000074  -0.00003303
 398    0.0000032  -0.00001869
 399    0.0000212  -0.00008275
 400    0.0000079  -0.00004035
 401    0.0000072  -0.00003737
 402    0.0000147  -0.00006185
 403    0.0000140  -0.00006417
 404    0.0000099  -0.00004624
 405    0.0000135  -0.00005947
 406    0.0000144  -0.00006762
 407    0.0000095  -0.00004615
 408    0.0000149  -0.00008064
 409    0.0000124  -0.00006120
 410    0.0000001  -0.00000111
 411    0.0000001  -0.00000171
 412    0.0000002  -0.00000336
 413    0.0000000  -0.00000024
 414    0.0000000  -0.00000022
 415    0.0000000  -0.00000026
 416    0.0000000  -0.00000001
 417    0.0000000  -0.00000016
 418    0.0000000  -0.00000005
 
----------------
 Final Energies 
----------------
Final NOF Total Energy =    -552.6486121
 
Total Orbital Internal Iterations = 3972
Total Occupation Internal Iterations = 424
 
Elapsed time: 4933.03 Seconds

---------------------------------
   Lowdin Population Analysis    
---------------------------------
 Idx  Atom   Population   Charge 
---------------------------------
  1     C     6.010      -0.010
  2     C     6.178      -0.178
  3     S    15.274       0.726
  4     C     6.177      -0.177
  5     C     6.009      -0.009
  6     H     1.071      -0.071
  7     H     1.105      -0.105
  8     H     1.104      -0.104
  9     H     1.071      -0.071

---------------------------------
   M Diagnostic: 0.03
---------------------------------

