Computing Integrals
Elapsed time:    6.87 Seconds

Number of basis functions                   (NBF)    = 669
Number of auxiliary basis functions         (NBFAUX) = 689
Inactive Doubly occupied orbitals up to     (NO1)    = 0
No. considered Strongly Doubly occupied MOs (NDOC)   = 26
No. considered Strongly Singly occupied MOs (NSOC)   = 0
NO. of Weakly occ. per St. Doubly occ.  MOs (NCWO)   = 24
Dimension of the Nat. Orb. subspace         (NBF5)   = 650
No. of electrons                                     = 52
    No. of alpha electrons                           = 26
    No. of beta electrons                            = 26
Multiplicity                                         = 1

Geometry
========
 H      -1.9683600       1.0670700       1.3430700
 C      -1.1141700       1.0145800       0.6842200
 C       0.2292200       0.7293300       1.0994500
 C      -1.1141700       1.0145800      -0.6842200
 H       1.9824400       0.7063000       0.0000000
 N       1.0347800       1.0578200       0.0000000
 C       0.2292200      -1.3341100       0.7066000
 H       0.6159300       0.8696400       2.1001900
 C       0.2292200      -1.3341100      -0.7066000
 H      -1.9683600       1.0670700      -1.3430700
 C       0.2292200       0.7293300      -1.0994500
 H       0.6159300       0.8696400      -2.1001900
 H      -0.6553100      -1.6635300      -1.2380200
 H      -0.6553100      -1.6635300       1.2380200
 H       1.1548400      -1.5650200       1.2257800
 H       1.1548400      -1.5650200      -1.2257800

No violations of the orthonormality
No violations of the orthonormality
 
PNOF8/ADAM Calculation
==================
 
  Nitext  Nit_orb  Time   Nit_occ  Time         Eelec          Etot           Ediff      maxdiff    Grad_orb  Grad_occ
0.08504213773149727
0.20534094873436531
     1      10    7.4e+01   44    7.5e+01  -589.59487004  -287.74060310 -10588.59487004   0.533054   7.2e+00   3.1e-04 0.04
0.001602703555760858
0.005264146996457978
     2      30    1.7e+02   31    3.2e+01  -590.14156315  -288.28729622    -0.54669311   0.307060   2.9e+00   2.7e-04 0.03
0.000792744580555596
0.0019037702937176573
     3      30    1.7e+02   20    2.3e+01  -590.16553615  -288.31126921    -0.02397300   0.015060   2.7e-01   3.1e-04 0.03
0.0004814763118122251
0.0009603668112665393
     4      30    1.7e+02   18    2.1e+01  -590.17424353  -288.31997659    -0.00870738   0.016868   2.8e-01   3.4e-04 0.03
0.0004020164373556012
0.0007243523098436686
     5      30    1.7e+02   30    3.2e+01  -590.17955732  -288.32529038    -0.00531379   0.008016   2.2e-01   2.8e-04 0.03
0.00029293415214404206
0.0005554861355952336
     6      30    1.7e+02    9    1.3e+01  -590.18231576  -288.32804882    -0.00275844   0.008093   2.3e-01   2.7e-04 0.03
0.00020616259456796016
0.0004272571052691199
     7      30    1.7e+02    6    1.0e+01  -590.18459418  -288.33032724    -0.00227842   0.009349   2.1e-01   3.2e-04 0.03
0.00013085276308129877
0.000376985994447773
     8      30    1.7e+02    6    1.0e+01  -590.18585490  -288.33158796    -0.00126072   0.009644   2.1e-01   3.2e-04 0.03
0.00012825567874216563
0.0003322942166861324
     9      30    1.7e+02    6    1.0e+01  -590.18611833  -288.33185139    -0.00026343   0.049971   4.3e-01   3.0e-04 0.03
0.00010955684726809967
0.000299350815781809
    10      30    1.7e+02    6    1.0e+01  -590.18724558  -288.33297864    -0.00112725   0.008205   2.0e-01   2.9e-04 0.03
0.00011287957324316363
0.0002869049861661152
    11      30    1.7e+02    6    1.0e+01  -590.18759999  -288.33333305    -0.00035441   0.008476   2.1e-01   2.8e-04 0.03
9.001328143809495e-5
0.0002713396557930963
    12      30    1.7e+02    6    1.0e+01  -590.18790729  -288.33364035    -0.00030730   0.007223   2.1e-01   2.6e-04 0.03
0.00010273287763811357
0.0002463154725248875
    13      30    1.7e+02    6    1.0e+01  -590.18824828  -288.33398134    -0.00034099   0.008978   2.0e-01   2.7e-04 0.03
9.706465693615218e-5
0.00022690963788008956
    14      30    1.7e+02    6    1.0e+01  -590.18853823  -288.33427130    -0.00028996   0.007641   2.1e-01   2.4e-04 0.03
7.939972586914687e-5
0.00022019243884197222
    15      30    1.7e+02    6    1.0e+01  -590.18834849  -288.33408155     0.00018975   0.008024   2.2e-01   2.6e-04 0.03
8.633428812099275e-5
0.00018619757902496115
    16      50    2.8e+02    6    1.0e+01  -590.19097670  -288.33670977    -0.00262821   0.000989   2.0e-02   2.3e-04 0.03
7.57577239332008e-5
0.0001713047571662815
    17      50    2.8e+02    6    1.0e+01  -590.19100665  -288.33673972    -0.00002995   0.002210   4.3e-02   2.2e-04 0.03
6.551733504567281e-5
0.00015556827809918913
    18      70    3.8e+02    6    1.0e+01  -590.19118175  -288.33691482    -0.00017510   0.000359   6.5e-03   2.1e-04 0.03
5.862946801638014e-5
0.00012417826503657915
    19      70    3.8e+02    1    5.7e+00  -590.19124451  -288.33697757    -0.00006276   0.000396   8.0e-03   2.5e-04 0.03
0.0
0.0
    20      70    3.8e+02    0    4.7e+00  -590.19126165  -288.33699471    -0.00001714   0.005709   5.4e-02   3.4e-04 0.03
8.696768655904602e-5
0.00018997920565574393
    21      80    4.4e+02    3    7.7e+00  -590.19127793  -288.33701100    -0.00001629   0.000386   6.8e-03   2.8e-04 0.03
5.311912554528675e-5
0.00013816060431809445
    22      80    4.4e+02    1    5.7e+00  -590.19130831  -288.33704138    -0.00003038   0.007772   7.5e-02   3.7e-04 0.03
3.7652223851880606e-5
0.00013303612115207498
    23      80    4.4e+02    6    1.1e+01  -590.19132578  -288.33705884    -0.00001746   0.000442   7.8e-03   2.6e-04 0.03
3.8056140557074514e-5
0.00011533536786800889
    24      80    4.4e+02    6    1.1e+01  -590.19138918  -288.33712224    -0.00006340   0.000430   6.7e-03   1.7e-04 0.03
3.4235862445886056e-5
0.00010149934381685816
    25      80    4.4e+02    6    1.2e+01  -590.19144611  -288.33717917    -0.00005693   0.000437   7.6e-03   1.5e-04 0.03
4.705628933043826e-5
0.00011899231296171876
    26      80    4.4e+02    3    7.7e+00  -590.19150281  -288.33723588    -0.00005671   0.000455   8.3e-03   1.7e-04 0.03
7.25078443133409e-5
0.00014102663395560732
    27      80    4.4e+02    1    5.8e+00  -590.19154494  -288.33727801    -0.00004213   0.000501   9.0e-03   2.5e-04 0.03
5.16920031345576e-5
0.00013901813792204485
    28      80    4.4e+02    3    7.8e+00  -590.19157663  -288.33730970    -0.00003169   0.000487   8.5e-03   2.5e-04 0.03
5.656968351275271e-5
0.00013193340196536443
    29      80    4.4e+02    4    8.8e+00  -590.19163079  -288.33736385    -0.00005416   0.000426   9.0e-03   2.0e-04 0.03
8.380209930780591e-5
0.00015667500566203944
    30      80    4.4e+02    1    5.8e+00  -590.19169270  -288.33742576    -0.00006191   0.000449   8.4e-03   2.7e-04 0.03
7.400724545908802e-5
0.0001523833618104376
    31      80    4.4e+02    6    1.1e+01  -590.19172161  -288.33745468    -0.00002892   0.000426   9.2e-03   1.9e-04 0.03
5.6974754641392344e-5
0.00014944630739417678
    32      80    4.4e+02    3    7.8e+00  -590.19179309  -288.33752615    -0.00007147   0.000432   8.7e-03   2.2e-04 0.03
7.19153099494709e-5
0.00016667656408463592
    33      80    4.4e+02    6    1.1e+01  -590.19184109  -288.33757416    -0.00004801   0.000487   8.7e-03   1.7e-04 0.03
4.570328580377758e-5
0.0001437073980171867
    34      80    4.4e+02    3    7.9e+00  -590.19190228  -288.33763535    -0.00006119   0.000503   8.5e-03   2.1e-04 0.03
6.545306841110321e-5
0.00013114287113078594
    35      80    4.4e+02    4    8.9e+00  -590.19193971  -288.33767277    -0.00003743   0.000464   9.2e-03   2.0e-04 0.03
6.246852644182848e-5
0.00012607731523438134
    36      80    4.4e+02    4    8.9e+00  -590.19197932  -288.33771239    -0.00003961   0.001043   1.3e-02   1.7e-04 0.03
5.636720800050732e-5
0.00010829992079322863
    37      80    4.4e+02    1    5.8e+00  -590.19201125  -288.33774431    -0.00003193   0.000441   8.6e-03   1.9e-04 0.03
5.7901290020959464e-5
0.00011807051578070076
    38      80    4.4e+02    3    7.9e+00  -590.19202164  -288.33775471    -0.00001039   0.000437   9.5e-03   2.2e-04 0.03
4.045465508173418e-5
9.245133444501347e-5
    39      80    4.4e+02    1    5.8e+00  -590.19204626  -288.33777933    -0.00002462   0.000435   9.2e-03   1.9e-04 0.03
0.0
0.0
    40      80    4.4e+02    0    5.0e+00  -590.19205436  -288.33778742    -0.00000810   0.000514   9.2e-03   2.4e-04 0.03
0.0
0.0
    41      90    5.0e+02    0    4.9e+00  -590.19206175  -288.33779482    -0.00000740   0.000362   6.9e-03   2.5e-04 0.03
0.0
0.0
    42     100    5.5e+02    0    4.9e+00  -590.19206702  -288.33780008    -0.00000527   0.002836   2.9e-02   2.8e-04 0.03
5.191668222257308e-5
0.00012526874464691866
    43     110    6.1e+02    3    7.9e+00  -590.19207181  -288.33780487    -0.00000479   0.000250   4.3e-03   2.4e-04 0.03
4.2116916466938825e-5
8.420846421448435e-5
    44     110    6.1e+02    1    5.9e+00  -590.19209326  -288.33782632    -0.00002145   0.000213   3.7e-03   2.1e-04 0.03
0.0
0.0
    45     110    6.1e+02    0    4.9e+00  -590.19209716  -288.33783023    -0.00000390   0.000224   4.2e-03   2.0e-04 0.03
0.0
0.0
    46     120    6.7e+02    0    4.9e+00  -590.19209968  -288.33783275    -0.00000252   0.000164   3.5e-03   2.2e-04 0.03
0.0
0.0
    47     130    7.2e+02    0    4.9e+00  -590.19210156  -288.33783462    -0.00000187   0.000160   2.4e-03   2.3e-04 0.03
0.0
0.0
    48     138    7.6e+02    0    4.9e+00  -590.19210279  -288.33783586    -0.00000124   0.000098   2.0e-03   2.4e-04 0.03
 
RESULTS OF THE OCCUPATION OPTIMIZATION
========================================
   1    1.9999780  -15.58887045
   2    1.9999683  -11.27016269
   3    1.9999682  -11.26972905
   4    1.9999640  -11.23104286
   5    1.9999660  -11.22945320
   6    1.9999659  -11.22327288
   7    1.9999652  -11.22232172
   8    1.9857581  -1.10212286
   9    1.9760144  -0.81118794
  10    1.9767040  -0.80591123
  11    1.9768041  -0.80331000
  12    1.9750010  -0.78085703
  13    1.9768855  -0.72772071
  14    1.9745839  -0.71595890
  15    1.9734163  -0.71026717
  16    1.9736976  -0.70812927
  17    1.9749835  -0.70338798
  18    1.9743553  -0.69973502
  19    1.9757886  -0.69755585
  20    1.9744469  -0.68269025
  21    1.9739712  -0.67720741
  22    1.9736889  -0.66894281
  23    1.9740847  -0.66593723
  24    1.9666853  -0.42840658
  25    1.9666635  -0.42731469
  26    1.9657721  -0.40177534
  27    0.0339055  -0.03764509
  28    0.0320841  -0.04020966
  29    0.0315406  -0.03982571
  30    0.0144955  -0.02361669
  31    0.0141068  -0.01999505
  32    0.0144007  -0.02023721
  33    0.0140162  -0.02004968
  34    0.0144483  -0.02057648
  35    0.0129351  -0.01955824
  36    0.0129512  -0.01963962
  37    0.0199919  -0.03427114
  38    0.0206589  -0.03488377
  39    0.0145420  -0.02101179
  40    0.0128397  -0.01993884
  41    0.0150252  -0.02650182
  42    0.0163129  -0.02896333
  43    0.0160841  -0.02865032
  44    0.0140513  -0.02599924
  45    0.0047204  -0.01265763
  46    0.0000291  -0.00067577
  47    0.0000274  -0.00063592
  48    0.0000255  -0.00061017
  49    0.0000256  -0.00061140
  50    0.0000246  -0.00056744
  51    0.0000252  -0.00059024
  52    0.0000194  -0.00059858
  53    0.0002255  -0.00050950
  54    0.0006434  -0.00138877
  55    0.0008196  -0.00180937
  56    0.0045298  -0.00898526
  57    0.0041704  -0.00707993
  58    0.0044985  -0.00747328
  59    0.0043732  -0.00730661
  60    0.0038506  -0.00679502
  61    0.0041730  -0.00764027
  62    0.0033889  -0.00628420
  63    0.0039474  -0.00839987
  64    0.0040672  -0.00855093
  65    0.0040817  -0.00732110
  66    0.0026685  -0.00508544
  67    0.0046110  -0.00914317
  68    0.0025809  -0.00579523
  69    0.0024616  -0.00565525
  70    0.0044107  -0.00947767
  71    0.0030409  -0.00773621
  72    0.0000019  -0.00001643
  73    0.0000022  -0.00005273
  74    0.0000029  -0.00004703
  75    0.0000031  -0.00006713
  76    0.0000024  -0.00004928
  77    0.0000020  -0.00003079
  78    0.0000007  -0.00002662
  79    0.0000459  -0.00013938
  80    0.0002486  -0.00062285
  81    0.0006490  -0.00141153
  82    0.0041377  -0.00826570
  83    0.0034437  -0.00585240
  84    0.0037120  -0.00621608
  85    0.0033693  -0.00580888
  86    0.0023363  -0.00463582
  87    0.0030577  -0.00545807
  88    0.0029012  -0.00536061
  89    0.0008546  -0.00301097
  90    0.0006508  -0.00183633
  91    0.0027600  -0.00506595
  92    0.0024158  -0.00557208
  93    0.0023458  -0.00565625
  94    0.0014716  -0.00498748
  95    0.0013509  -0.00425977
  96    0.0025167  -0.00568481
  97    0.0015766  -0.00704462
  98    0.0000014  -0.00001246
  99    0.0000016  -0.00001550
 100    0.0000022  -0.00001878
 101    0.0000030  -0.00006195
 102    0.0000022  -0.00002313
 103    0.0000018  -0.00002741
 104    0.0000006  -0.00002112
 105    0.0000200  -0.00007208
 106    0.0002168  -0.00053572
 107    0.0002165  -0.00053914
 108    0.0013538  -0.00448082
 109    0.0020917  -0.00429329
 110    0.0011387  -0.00266696
 111    0.0011772  -0.00281663
 112    0.0011209  -0.00254991
 113    0.0024477  -0.00498751
 114    0.0023977  -0.00482341
 115    0.0006382  -0.00183384
 116    0.0005535  -0.00164915
 117    0.0020141  -0.00411812
 118    0.0019409  -0.00551846
 119    0.0009196  -0.00255380
 120    0.0009418  -0.00304612
 121    0.0009612  -0.00277707
 122    0.0008829  -0.00283689
 123    0.0014750  -0.00729487
 124    0.0000012  -0.00002828
 125    0.0000016  -0.00001647
 126    0.0000017  -0.00003551
 127    0.0000025  -0.00002514
 128    0.0000014  -0.00001419
 129    0.0000015  -0.00001832
 130    0.0000006  -0.00002328
 131    0.0000091  -0.00003603
 132    0.0000412  -0.00013420
 133    0.0000252  -0.00008863
 134    0.0003648  -0.00110565
 135    0.0006378  -0.00164829
 136    0.0006113  -0.00165488
 137    0.0006645  -0.00178811
 138    0.0006369  -0.00171857
 139    0.0010025  -0.00340384
 140    0.0013059  -0.00448641
 141    0.0003184  -0.00097178
 142    0.0001728  -0.00058827
 143    0.0003963  -0.00106478
 144    0.0013409  -0.00413738
 145    0.0008969  -0.00272064
 146    0.0007806  -0.00225340
 147    0.0008953  -0.00323371
 148    0.0008016  -0.00238973
 149    0.0008952  -0.00500930
 150    0.0000009  -0.00004377
 151    0.0000010  -0.00004776
 152    0.0000012  -0.00003913
 153    0.0000014  -0.00001743
 154    0.0000010  -0.00005113
 155    0.0000010  -0.00004521
 156    0.0000005  -0.00002973
 157    0.0000031  -0.00001231
 158    0.0000222  -0.00007738
 159    0.0000143  -0.00005279
 160    0.0002235  -0.00070604
 161    0.0003989  -0.00100121
 162    0.0003717  -0.00097864
 163    0.0003889  -0.00103809
 164    0.0004056  -0.00109381
 165    0.0005836  -0.00150328
 166    0.0005413  -0.00156680
 167    0.0001644  -0.00058291
 168    0.0001321  -0.00046475
 169    0.0003670  -0.00111872
 170    0.0005345  -0.00161664
 171    0.0005259  -0.00129844
 172    0.0004117  -0.00138865
 173    0.0007234  -0.00197089
 174    0.0005159  -0.00136853
 175    0.0008814  -0.00503106
 176    0.0000001  -0.00000145
 177    0.0000001  -0.00000198
 178    0.0000002  -0.00000237
 179    0.0000002  -0.00000237
 180    0.0000001  -0.00000146
 181    0.0000001  -0.00000165
 182    0.0000000  -0.00000108
 183    0.0000025  -0.00000977
 184    0.0000138  -0.00005214
 185    0.0000106  -0.00004079
 186    0.0002044  -0.00068161
 187    0.0002992  -0.00092963
 188    0.0003157  -0.00091515
 189    0.0003283  -0.00091356
 190    0.0003784  -0.00114770
 191    0.0003481  -0.00105131
 192    0.0003792  -0.00103893
 193    0.0000750  -0.00027628
 194    0.0000765  -0.00027311
 195    0.0002945  -0.00095580
 196    0.0003453  -0.00155678
 197    0.0001266  -0.00041102
 198    0.0001752  -0.00086499
 199    0.0002922  -0.00101564
 200    0.0001471  -0.00059037
 201    0.0004393  -0.00326221
 202    0.0000000  -0.00000104
 203    0.0000001  -0.00000138
 204    0.0000001  -0.00000170
 205    0.0000001  -0.00000192
 206    0.0000000  -0.00000091
 207    0.0000000  -0.00000114
 208    0.0000000  -0.00000068
 209    0.0000019  -0.00000755
 210    0.0000113  -0.00004265
 211    0.0000049  -0.00001796
 212    0.0001683  -0.00055624
 213    0.0002934  -0.00082733
 214    0.0002542  -0.00072769
 215    0.0003278  -0.00120622
 216    0.0003332  -0.00111373
 217    0.0003018  -0.00093655
 218    0.0003543  -0.00107096
 219    0.0000544  -0.00019665
 220    0.0000660  -0.00023648
 221    0.0002212  -0.00066943
 222    0.0002252  -0.00081565
 223    0.0001030  -0.00033270
 224    0.0001248  -0.00061715
 225    0.0001048  -0.00042716
 226    0.0001139  -0.00049886
 227    0.0003922  -0.00228818
 228    0.0000000  -0.00000085
 229    0.0000000  -0.00000075
 230    0.0000001  -0.00000153
 231    0.0000000  -0.00000112
 232    0.0000000  -0.00000065
 233    0.0000000  -0.00000073
 234    0.0000000  -0.00000051
 235    0.0000018  -0.00000722
 236    0.0000072  -0.00002884
 237    0.0000039  -0.00001428
 238    0.0001323  -0.00043734
 239    0.0002643  -0.00074533
 240    0.0002121  -0.00061896
 241    0.0002653  -0.00076056
 242    0.0001589  -0.00055519
 243    0.0001935  -0.00057034
 244    0.0001777  -0.00057907
 245    0.0000460  -0.00017031
 246    0.0000463  -0.00017662
 247    0.0001957  -0.00062426
 248    0.0001852  -0.00090537
 249    0.0000906  -0.00030028
 250    0.0001114  -0.00041699
 251    0.0000992  -0.00036940
 252    0.0001023  -0.00036117
 253    0.0003294  -0.00193484
 254    0.0000000  -0.00000050
 255    0.0000000  -0.00000054
 256    0.0000000  -0.00000087
 257    0.0000000  -0.00000085
 258    0.0000000  -0.00000053
 259    0.0000000  -0.00000071
 260    0.0000000  -0.00000019
 261    0.0000015  -0.00000581
 262    0.0000065  -0.00002345
 263    0.0000034  -0.00001285
 264    0.0000633  -0.00024362
 265    0.0001622  -0.00047832
 266    0.0001284  -0.00038123
 267    0.0001409  -0.00045803
 268    0.0001312  -0.00043836
 269    0.0001295  -0.00040184
 270    0.0001356  -0.00042517
 271    0.0000382  -0.00015489
 272    0.0000401  -0.00015893
 273    0.0001234  -0.00039965
 274    0.0001490  -0.00063322
 275    0.0000717  -0.00023894
 276    0.0000920  -0.00033204
 277    0.0000832  -0.00031572
 278    0.0000943  -0.00035798
 279    0.0001496  -0.00125905
 280    0.0000000  -0.00000044
 281    0.0000000  -0.00000041
 282    0.0000000  -0.00000065
 283    0.0000000  -0.00000048
 284    0.0000000  -0.00000046
 285    0.0000000  -0.00000039
 286    0.0000000  -0.00000014
 287    0.0000011  -0.00000512
 288    0.0000049  -0.00001776
 289    0.0000032  -0.00001278
 290    0.0000476  -0.00017889
 291    0.0000991  -0.00031605
 292    0.0000812  -0.00026807
 293    0.0001271  -0.00038999
 294    0.0000845  -0.00028385
 295    0.0001141  -0.00035208
 296    0.0001226  -0.00043151
 297    0.0000331  -0.00013762
 298    0.0000300  -0.00012547
 299    0.0000838  -0.00028516
 300    0.0001034  -0.00036185
 301    0.0000547  -0.00019272
 302    0.0000449  -0.00017679
 303    0.0000512  -0.00019579
 304    0.0000871  -0.00031657
 305    0.0001033  -0.00078989
 306    0.0000000  -0.00000040
 307    0.0000000  -0.00000040
 308    0.0000000  -0.00000058
 309    0.0000000  -0.00000046
 310    0.0000000  -0.00000041
 311    0.0000000  -0.00000034
 312    0.0000000  -0.00000010
 313    0.0000011  -0.00000508
 314    0.0000043  -0.00001537
 315    0.0000027  -0.00001130
 316    0.0000382  -0.00014907
 317    0.0000794  -0.00024797
 318    0.0000772  -0.00025377
 319    0.0000828  -0.00025916
 320    0.0000784  -0.00025728
 321    0.0001000  -0.00032764
 322    0.0000903  -0.00032487
 323    0.0000265  -0.00011077
 324    0.0000282  -0.00011875
 325    0.0000743  -0.00025898
 326    0.0000856  -0.00030644
 327    0.0000467  -0.00016821
 328    0.0000372  -0.00015360
 329    0.0000484  -0.00019065
 330    0.0000622  -0.00025010
 331    0.0000561  -0.00026654
 332    0.0000000  -0.00000032
 333    0.0000000  -0.00000030
 334    0.0000000  -0.00000053
 335    0.0000000  -0.00000039
 336    0.0000000  -0.00000038
 337    0.0000000  -0.00000029
 338    0.0000000  -0.00000006
 339    0.0000010  -0.00000477
 340    0.0000040  -0.00001459
 341    0.0000023  -0.00000963
 342    0.0000343  -0.00013889
 343    0.0000705  -0.00022787
 344    0.0000583  -0.00019691
 345    0.0000679  -0.00021455
 346    0.0000604  -0.00021199
 347    0.0000673  -0.00023473
 348    0.0000601  -0.00021562
 349    0.0000209  -0.00009375
 350    0.0000157  -0.00007028
 351    0.0000599  -0.00020985
 352    0.0000658  -0.00024278
 353    0.0000435  -0.00015772
 354    0.0000289  -0.00012514
 355    0.0000402  -0.00016072
 356    0.0000420  -0.00016912
 357    0.0000417  -0.00019368
 358    0.0000000  -0.00000031
 359    0.0000000  -0.00000026
 360    0.0000000  -0.00000037
 361    0.0000000  -0.00000027
 362    0.0000000  -0.00000036
 363    0.0000000  -0.00000027
 364    0.0000000  -0.00000006
 365    0.0000009  -0.00000452
 366    0.0000037  -0.00001395
 367    0.0000021  -0.00000868
 368    0.0000283  -0.00011819
 369    0.0000441  -0.00015933
 370    0.0000362  -0.00013790
 371    0.0000497  -0.00017677
 372    0.0000473  -0.00017252
 373    0.0000352  -0.00014091
 374    0.0000424  -0.00016610
 375    0.0000160  -0.00007379
 376    0.0000094  -0.00004584
 377    0.0000488  -0.00017983
 378    0.0000464  -0.00018749
 379    0.0000295  -0.00012533
 380    0.0000170  -0.00008006
 381    0.0000222  -0.00009814
 382    0.0000367  -0.00014920
 383    0.0000370  -0.00016970
 384    0.0000000  -0.00000027
 385    0.0000000  -0.00000021
 386    0.0000000  -0.00000027
 387    0.0000000  -0.00000027
 388    0.0000000  -0.00000037
 389    0.0000000  -0.00000018
 390    0.0000000  -0.00000006
 391    0.0000008  -0.00000422
 392    0.0000033  -0.00001247
 393    0.0000020  -0.00000843
 394    0.0000225  -0.00009473
 395    0.0000386  -0.00013791
 396    0.0000265  -0.00011124
 397    0.0000425  -0.00015904
 398    0.0000297  -0.00012725
 399    0.0000317  -0.00012554
 400    0.0000399  -0.00015065
 401    0.0000143  -0.00006703
 402    0.0000080  -0.00003949
 403    0.0000356  -0.00014218
 404    0.0000334  -0.00014003
 405    0.0000249  -0.00010061
 406    0.0000138  -0.00006364
 407    0.0000138  -0.00006533
 408    0.0000309  -0.00012888
 409    0.0000253  -0.00013072
 410    0.0000000  -0.00000022
 411    0.0000000  -0.00000019
 412    0.0000000  -0.00000024
 413    0.0000000  -0.00000024
 414    0.0000000  -0.00000033
 415    0.0000000  -0.00000017
 416    0.0000000  -0.00000006
 417    0.0000008  -0.00000412
 418    0.0000031  -0.00001256
 419    0.0000019  -0.00000779
 420    0.0000164  -0.00007418
 421    0.0000259  -0.00010490
 422    0.0000203  -0.00008446
 423    0.0000250  -0.00010607
 424    0.0000268  -0.00011771
 425    0.0000273  -0.00011231
 426    0.0000342  -0.00013372
 427    0.0000114  -0.00005346
 428    0.0000077  -0.00003810
 429    0.0000312  -0.00012825
 430    0.0000293  -0.00012843
 431    0.0000229  -0.00009412
 432    0.0000115  -0.00005962
 433    0.0000131  -0.00006548
 434    0.0000253  -0.00010486
 435    0.0000155  -0.00008410
 436    0.0000000  -0.00000019
 437    0.0000000  -0.00000019
 438    0.0000000  -0.00000022
 439    0.0000000  -0.00000023
 440    0.0000000  -0.00000031
 441    0.0000000  -0.00000013
 442    0.0000000  -0.00000005
 443    0.0000008  -0.00000396
 444    0.0000027  -0.00001113
 445    0.0000019  -0.00000781
 446    0.0000142  -0.00006235
 447    0.0000211  -0.00008848
 448    0.0000167  -0.00007254
 449    0.0000234  -0.00009693
 450    0.0000193  -0.00008329
 451    0.0000222  -0.00009681
 452    0.0000208  -0.00008598
 453    0.0000102  -0.00004823
 454    0.0000045  -0.00002198
 455    0.0000245  -0.00010701
 456    0.0000250  -0.00011185
 457    0.0000164  -0.00007224
 458    0.0000094  -0.00004920
 459    0.0000105  -0.00005442
 460    0.0000146  -0.00007084
 461    0.0000131  -0.00007439
 462    0.0000000  -0.00000013
 463    0.0000000  -0.00000019
 464    0.0000000  -0.00000022
 465    0.0000000  -0.00000023
 466    0.0000000  -0.00000030
 467    0.0000000  -0.00000012
 468    0.0000000  -0.00000005
 469    0.0000008  -0.00000440
 470    0.0000026  -0.00001080
 471    0.0000017  -0.00000730
 472    0.0000104  -0.00004834
 473    0.0000144  -0.00006253
 474    0.0000159  -0.00006761
 475    0.0000205  -0.00008546
 476    0.0000176  -0.00007908
 477    0.0000208  -0.00008548
 478    0.0000183  -0.00008157
 479    0.0000085  -0.00004083
 480    0.0000041  -0.00001982
 481    0.0000145  -0.00006692
 482    0.0000231  -0.00010134
 483    0.0000112  -0.00005315
 484    0.0000072  -0.00004065
 485    0.0000091  -0.00004607
 486    0.0000108  -0.00005532
 487    0.0000097  -0.00005929
 488    0.0000000  -0.00000011
 489    0.0000000  -0.00000017
 490    0.0000000  -0.00000020
 491    0.0000000  -0.00000021
 492    0.0000000  -0.00000030
 493    0.0000000  -0.00000008
 494    0.0000000  -0.00000005
 495    0.0000007  -0.00000386
 496    0.0000024  -0.00000949
 497    0.0000016  -0.00000635
 498    0.0000067  -0.00003377
 499    0.0000122  -0.00005562
 500    0.0000135  -0.00005890
 501    0.0000162  -0.00006900
 502    0.0000135  -0.00006084
 503    0.0000158  -0.00006925
 504    0.0000154  -0.00006769
 505    0.0000077  -0.00003842
 506    0.0000024  -0.00001310
 507    0.0000135  -0.00005901
 508    0.0000162  -0.00007475
 509    0.0000099  -0.00004856
 510    0.0000063  -0.00003472
 511    0.0000080  -0.00004188
 512    0.0000103  -0.00005279
 513    0.0000091  -0.00005490
 514    0.0000000  -0.00000012
 515    0.0000000  -0.00000016
 516    0.0000000  -0.00000016
 517    0.0000000  -0.00000018
 518    0.0000000  -0.00000029
 519    0.0000000  -0.00000008
 520    0.0000000  -0.00000005
 521    0.0000007  -0.00000385
 522    0.0000024  -0.00001029
 523    0.0000015  -0.00000656
 524    0.0000059  -0.00002998
 525    0.0000108  -0.00005023
 526    0.0000122  -0.00005487
 527    0.0000126  -0.00005754
 528    0.0000098  -0.00004727
 529    0.0000116  -0.00005249
 530    0.0000128  -0.00005722
 531    0.0000068  -0.00003357
 532    0.0000024  -0.00001243
 533    0.0000097  -0.00004625
 534    0.0000137  -0.00006204
 535    0.0000062  -0.00003205
 536    0.0000049  -0.00002722
 537    0.0000067  -0.00003720
 538    0.0000080  -0.00004129
 539    0.0000084  -0.00004829
 540    0.0000000  -0.00000011
 541    0.0000000  -0.00000015
 542    0.0000000  -0.00000013
 543    0.0000000  -0.00000019
 544    0.0000000  -0.00000030
 545    0.0000000  -0.00000008
 546    0.0000000  -0.00000004
 547    0.0000007  -0.00000382
 548    0.0000023  -0.00000960
 549    0.0000015  -0.00000639
 550    0.0000054  -0.00002595
 551    0.0000090  -0.00004027
 552    0.0000109  -0.00005082
 553    0.0000111  -0.00005260
 554    0.0000076  -0.00003977
 555    0.0000090  -0.00004322
 556    0.0000083  -0.00004051
 557    0.0000053  -0.00002551
 558    0.0000021  -0.00001098
 559    0.0000078  -0.00003810
 560    0.0000081  -0.00004161
 561    0.0000057  -0.00002938
 562    0.0000035  -0.00001779
 563    0.0000048  -0.00002641
 564    0.0000069  -0.00003673
 565    0.0000075  -0.00004773
 566    0.0000000  -0.00000009
 567    0.0000000  -0.00000015
 568    0.0000000  -0.00000013
 569    0.0000000  -0.00000019
 570    0.0000000  -0.00000028
 571    0.0000000  -0.00000008
 572    0.0000000  -0.00000004
 573    0.0000006  -0.00000335
 574    0.0000020  -0.00000827
 575    0.0000014  -0.00000561
 576    0.0000043  -0.00001862
 577    0.0000075  -0.00003585
 578    0.0000062  -0.00003086
 579    0.0000097  -0.00004538
 580    0.0000067  -0.00003453
 581    0.0000066  -0.00003261
 582    0.0000072  -0.00003617
 583    0.0000048  -0.00002381
 584    0.0000019  -0.00000971
 585    0.0000070  -0.00003503
 586    0.0000069  -0.00003741
 587    0.0000044  -0.00002340
 588    0.0000031  -0.00001632
 589    0.0000044  -0.00002486
 590    0.0000059  -0.00003163
 591    0.0000065  -0.00004622
 592    0.0000000  -0.00000009
 593    0.0000000  -0.00000015
 594    0.0000000  -0.00000011
 595    0.0000000  -0.00000018
 596    0.0000000  -0.00000027
 597    0.0000000  -0.00000007
 598    0.0000000  -0.00000004
 599    0.0000006  -0.00000335
 600    0.0000018  -0.00000743
 601    0.0000014  -0.00000601
 602    0.0000040  -0.00001873
 603    0.0000056  -0.00002840
 604    0.0000061  -0.00003026
 605    0.0000075  -0.00003781
 606    0.0000048  -0.00002627
 607    0.0000056  -0.00002784
 608    0.0000070  -0.00003603
 609    0.0000045  -0.00002101
 610    0.0000017  -0.00000845
 611    0.0000052  -0.00002592
 612    0.0000063  -0.00003361
 613    0.0000035  -0.00001667
 614    0.0000027  -0.00001496
 615    0.0000040  -0.00002074
 616    0.0000053  -0.00002979
 617    0.0000055  -0.00004595
 618    0.0000000  -0.00000009
 619    0.0000000  -0.00000016
 620    0.0000000  -0.00000011
 621    0.0000000  -0.00000013
 622    0.0000000  -0.00000026
 623    0.0000000  -0.00000008
 624    0.0000000  -0.00000005
 625    0.0000006  -0.00000328
 626    0.0000018  -0.00000759
 627    0.0000014  -0.00000569
 628    0.0000036  -0.00001643
 629    0.0000042  -0.00001937
 630    0.0000042  -0.00001851
 631    0.0000053  -0.00002737
 632    0.0000046  -0.00002525
 633    0.0000051  -0.00002290
 634    0.0000042  -0.00001945
 635    0.0000041  -0.00001907
 636    0.0000014  -0.00000706
 637    0.0000046  -0.00002315
 638    0.0000063  -0.00003332
 639    0.0000033  -0.00001609
 640    0.0000025  -0.00001354
 641    0.0000037  -0.00001794
 642    0.0000030  -0.00001519
 643    0.0000033  -0.00002015
 644    0.0000000  -0.00000008
 645    0.0000000  -0.00000015
 646    0.0000000  -0.00000010
 647    0.0000000  -0.00000013
 648    0.0000000  -0.00000026
 649    0.0000000  -0.00000007
 650    0.0000000  -0.00000005
 
----------------
 Final Energies 
----------------
Final NOF Total Energy =    -288.3378359
 
Total Orbital Internal Iterations = 3248
Total Occupation Internal Iterations = 294
 
Elapsed time: 19305.17 Seconds

---------------------------------
   Lowdin Population Analysis    
---------------------------------
 Idx  Atom   Population   Charge 
---------------------------------
  1     H     1.076      -0.076
  2     C     5.948       0.052
  3     C     6.043      -0.043
  4     C     5.948       0.052
  5     H     1.148      -0.148
  6     N     6.494       0.506
  7     C     5.857       0.143
  8     H     1.078      -0.078
  9     C     5.857       0.143
 10     H     1.076      -0.076
 11     C     6.044      -0.044
 12     H     1.079      -0.079
 13     H     1.087      -0.087
 14     H     1.087      -0.087
 15     H     1.089      -0.089
 16     H     1.088      -0.088

---------------------------------
   M Diagnostic: 0.03
---------------------------------

