Computing Integrals
Elapsed time:   12.41 Seconds

Number of basis functions                   (NBF)    = 819
Number of auxiliary basis functions         (NBFAUX) = 777
Inactive Doubly occupied orbitals up to     (NO1)    = 0
No. considered Strongly Doubly occupied MOs (NDOC)   = 28
No. considered Strongly Singly occupied MOs (NSOC)   = 0
NO. of Weakly occ. per St. Doubly occ.  MOs (NCWO)   = 28
Dimension of the Nat. Orb. subspace         (NBF5)   = 812
No. of electrons                                     = 56
    No. of alpha electrons                           = 28
    No. of beta electrons                            = 28
Multiplicity                                         = 1

Geometry
========
 C      -0.7897900       0.5627300       0.0000000
 C      -0.3320300      -0.2663700       1.1971900
 C      -0.3320300      -0.2663700      -1.1971900
 C       1.0735700      -0.7308400      -0.7734400
 C       1.0735700      -0.7308400       0.7734400
 C      -0.3574900       0.4659400       2.5272400
 C      -0.3574900       0.4659400      -2.5272400
 H      -0.2620300       1.5235500       0.0000000
 H      -1.8612400       0.7677800       0.0000000
 H      -0.9838100      -1.1430200       1.2600100
 H      -0.9838100      -1.1430200      -1.2600100
 H       1.3217900      -1.7038600      -1.1953100
 H       1.8122000      -0.0223500      -1.1527600
 H       1.3217900      -1.7038600       1.1953100
 H       1.8122000      -0.0223500       1.1527600
 H       0.2750000       1.3537800       2.4793300
 H       0.0138200      -0.1651600       3.3349200
 H      -1.3665200       0.7848700       2.7884600
 H       0.2750000       1.3537800      -2.4793300
 H      -1.3665200       0.7848700      -2.7884600
 H       0.0138200      -0.1651600      -3.3349200

No violations of the orthonormality
No violations of the orthonormality
 
PNOF8/ADAM Calculation
==================
 
  Nitext  Nit_orb  Time   Nit_occ  Time         Eelec          Etot           Ediff      maxdiff    Grad_orb  Grad_occ
0.003650450618511384
0.01529242673058363
     1      10    1.5e+02   23    8.3e+01  -600.57376205  -274.43919910 -10599.57376205   0.182964   5.4e+00   3.0e-04 0.03
0.0009009260384523609
0.004947228929736495
     2      30    3.7e+02   27    6.3e+01  -600.94186765  -274.80730469    -0.36810560   0.057613   7.4e-01   3.2e-04 0.02
0.0003472754040250159
0.0015748614642103844
     3      30    3.7e+02   18    4.7e+01  -600.89357699  -274.75901404     0.04829065   0.396013   8.3e+00   3.7e-04 0.02
0.00027968014758268656
0.0009961896556778327
     4      30    3.7e+02   17    4.4e+01  -600.95954930  -274.82498634    -0.06597231   0.008922   3.0e-01   2.8e-04 0.02
0.00022117445803614653
0.0008448885457634986
     5      30    3.7e+02   13    3.5e+01  -600.97146837  -274.83690541    -0.01191907   0.063310   5.6e-01   3.0e-04 0.02
0.00019365818101226354
0.000769922535180073
     6      30    3.7e+02   13    3.5e+01  -600.97554146  -274.84097850    -0.00407309   0.009236   2.1e-01   3.6e-04 0.02
0.00017091206718853236
0.0006398122154419522
     7      30    3.7e+02   10    3.0e+01  -600.97813127  -274.84356831    -0.00258981   0.010219   2.0e-01   3.1e-04 0.02
0.00017794179539643018
0.0005085123580583843
     8      30    3.7e+02    6    2.3e+01  -600.97966861  -274.84510565    -0.00153734   0.010289   2.1e-01   2.8e-04 0.02
0.00018771216446755723
0.0004224214893079721
     9      30    3.7e+02    6    2.3e+01  -600.98003497  -274.84547202    -0.00036636   0.009476   2.2e-01   2.9e-04 0.02
0.00020550567746069337
0.0003935620303334557
    10      30    3.7e+02   10    3.3e+01  -600.98059634  -274.84603338    -0.00056136   0.006649   2.2e-01   3.6e-04 0.02
0.0001260034700490964
0.00035387427295773195
    11      30    3.7e+02   13    3.8e+01  -600.98078533  -274.84622237    -0.00018899   0.016991   3.2e-01   2.5e-04 0.02
0.000116913072769953
0.0002513509500089333
    12      30    3.7e+02    5    1.9e+01  -600.98084467  -274.84628172    -0.00005934   0.047881   5.2e-01   1.7e-04 0.02
9.497949435521846e-5
0.00022648426795531882
    13      50    6.1e+02    6    2.1e+01  -600.98336976  -274.84880680    -0.00252509   0.001345   2.5e-02   1.8e-04 0.02
8.302428789552785e-5
0.00020441040357852344
    14      50    6.1e+02    5    2.0e+01  -600.98350259  -274.84893963    -0.00013283   0.010133   6.4e-02   1.9e-04 0.02
8.371646552318701e-5
0.00019978245262415923
    15      50    6.1e+02    5    2.0e+01  -600.98362250  -274.84905955    -0.00011991   0.020267   1.6e-01   2.1e-04 0.02
8.931749411000833e-5
0.00019824828132206188
    16      50    6.1e+02    5    2.1e+01  -600.98377501  -274.84921205    -0.00015250   0.001808   3.1e-02   2.2e-04 0.02
7.654323953010245e-5
0.00019153397924330414
    17      50    6.1e+02    3    1.5e+01  -600.98380525  -274.84924229    -0.00003024   0.032136   2.7e-01   2.4e-04 0.02
0.00010543880023350383
0.00020255219747976157
    18      50    6.2e+02    5    1.9e+01  -600.98392589  -274.84936293    -0.00012064   0.002173   3.3e-02   2.0e-04 0.02
0.00010021071371024703
0.0002032340826614029
    19      50    6.2e+02    3    1.6e+01  -600.98399706  -274.84943411    -0.00007117   0.001892   3.0e-02   2.3e-04 0.02
0.00010177813263034796
0.00014876903824625405
    20      50    6.2e+02    1    1.4e+01  -600.98402927  -274.84946631    -0.00003221   0.001718   3.2e-02   2.3e-04 0.02
8.274057733081985e-5
0.0001765947747203658
    21      50    6.2e+02    3    1.8e+01  -600.98403385  -274.84947090    -0.00000458   0.001681   3.5e-02   2.6e-04 0.02
8.200147515213807e-5
0.00011851170780381368
    22      50    6.2e+02    1    1.3e+01  -600.98406733  -274.84950437    -0.00003348   0.006332   6.5e-02   2.2e-04 0.02
7.308107914405504e-5
0.0001526125790345868
    23      50    6.2e+02    3    1.8e+01  -600.98407193  -274.84950897    -0.00000460   0.002055   4.2e-02   2.4e-04 0.02
6.298232642287793e-5
0.00014706020214373214
    24      50    6.2e+02    3    2.0e+01  -600.98411219  -274.84954924    -0.00004027   0.002092   3.5e-02   2.3e-04 0.02
5.3798250076519255e-5
0.00014588761449891639
    25      50    6.1e+02    3    1.5e+01  -600.98412391  -274.84956095    -0.00001172   0.007984   8.0e-02   2.2e-04 0.02
0.0
0.0
    26      70    8.6e+02    0    1.1e+01  -600.98421613  -274.84965317    -0.00009222   0.000344   4.9e-03   2.7e-04 0.02
5.9834554493368684e-5
0.00013530850336298893
    27      80    9.8e+02    3    1.7e+01  -600.98421573  -274.84965277     0.00000040   0.008559   8.2e-02   2.1e-04 0.02
0.0
0.0
    28      86    1.0e+03    0    9.0e+00  -600.98424626  -274.84968330    -0.00003052   0.000096   1.4e-03   2.4e-04 0.02
 
RESULTS OF THE OCCUPATION OPTIMIZATION
========================================
   1    1.9999563  -11.22395511
   2    1.9999531  -11.22380650
   3    1.9999589  -11.21856853
   4    1.9999620  -11.21803707
   5    1.9999620  -11.21698579
   6    1.9999209  -11.21638165
   7    1.9999241  -11.21607220
   8    1.9791315  -0.74511617
   9    1.9761685  -0.72736070
  10    1.9761420  -0.72169621
  11    1.9759748  -0.71835566
  12    1.9748940  -0.70542059
  13    1.9746431  -0.69530530
  14    1.9754716  -0.67914872
  15    1.9755536  -0.67716191
  16    1.9747862  -0.67106084
  17    1.9739689  -0.66994544
  18    1.9747702  -0.66912525
  19    1.9744833  -0.66673902
  20    1.9735516  -0.66416362
  21    1.9737201  -0.65959354
  22    1.9734749  -0.65935029
  23    1.9723344  -0.65505279
  24    1.9727436  -0.65204061
  25    1.9717059  -0.65155402
  26    1.9721605  -0.64960534
  27    1.9717484  -0.64467655
  28    1.9719786  -0.63007050
  29    0.0155776  -0.02087985
  30    0.0153801  -0.02067869
  31    0.0156221  -0.02131133
  32    0.0147508  -0.02051252
  33    0.0158843  -0.02157312
  34    0.0199914  -0.03074322
  35    0.0155054  -0.02125774
  36    0.0157863  -0.02115658
  37    0.0156394  -0.02121593
  38    0.0160814  -0.02142616
  39    0.0158316  -0.02133231
  40    0.0153183  -0.02106431
  41    0.0158294  -0.02134307
  42    0.0158110  -0.02141842
  43    0.0191658  -0.03084721
  44    0.0200446  -0.03150244
  45    0.0183795  -0.02995079
  46    0.0186151  -0.03055605
  47    0.0185143  -0.03049758
  48    0.0182141  -0.03003595
  49    0.0118337  -0.01924268
  50    0.0000710  -0.00152137
  51    0.0000742  -0.00159262
  52    0.0000320  -0.00074408
  53    0.0000313  -0.00072914
  54    0.0000328  -0.00075856
  55    0.0000360  -0.00082909
  56    0.0000352  -0.00082353
  57    0.0045191  -0.00719354
  58    0.0041916  -0.00654773
  59    0.0041669  -0.00696686
  60    0.0042903  -0.00719122
  61    0.0042455  -0.00710158
  62    0.0042706  -0.00801502
  63    0.0042709  -0.00733868
  64    0.0045002  -0.00692046
  65    0.0047797  -0.00759928
  66    0.0045557  -0.00706003
  67    0.0044645  -0.00691627
  68    0.0045710  -0.00731629
  69    0.0044350  -0.00687839
  70    0.0045359  -0.00738409
  71    0.0017332  -0.00497104
  72    0.0018063  -0.00472171
  73    0.0026887  -0.00586720
  74    0.0017350  -0.00620595
  75    0.0017074  -0.00627325
  76    0.0015019  -0.00527799
  77    0.0035024  -0.00678912
  78    0.0000014  -0.00000856
  79    0.0000015  -0.00001698
  80    0.0000023  -0.00006228
  81    0.0000026  -0.00006477
  82    0.0000031  -0.00007656
  83    0.0000040  -0.00012789
  84    0.0000036  -0.00012359
  85    0.0042489  -0.00686094
  86    0.0041521  -0.00657114
  87    0.0038424  -0.00663855
  88    0.0039603  -0.00653537
  89    0.0032658  -0.00581633
  90    0.0012371  -0.00299197
  91    0.0038725  -0.00654108
  92    0.0027888  -0.00511885
  93    0.0032810  -0.00575180
  94    0.0019915  -0.00399713
  95    0.0018825  -0.00398225
  96    0.0030424  -0.00538300
  97    0.0019238  -0.00401810
  98    0.0011818  -0.00272599
  99    0.0010895  -0.00471001
 100    0.0012352  -0.00377206
 101    0.0011840  -0.00332546
 102    0.0010321  -0.00318060
 103    0.0010614  -0.00354296
 104    0.0011280  -0.00391475
 105    0.0017158  -0.00742148
 106    0.0000013  -0.00002081
 107    0.0000012  -0.00001008
 108    0.0000014  -0.00001003
 109    0.0000015  -0.00001005
 110    0.0000024  -0.00006015
 111    0.0000033  -0.00008249
 112    0.0000018  -0.00001154
 113    0.0019700  -0.00365229
 114    0.0027037  -0.00485028
 115    0.0029550  -0.00521875
 116    0.0036002  -0.00610014
 117    0.0024375  -0.00447679
 118    0.0009201  -0.00225086
 119    0.0011365  -0.00246111
 120    0.0011316  -0.00245168
 121    0.0011373  -0.00252917
 122    0.0011380  -0.00237975
 123    0.0011416  -0.00251182
 124    0.0012734  -0.00294518
 125    0.0011360  -0.00248240
 126    0.0011368  -0.00241751
 127    0.0009415  -0.00286957
 128    0.0009340  -0.00253805
 129    0.0010059  -0.00454838
 130    0.0009072  -0.00266088
 131    0.0008842  -0.00276223
 132    0.0010357  -0.00338324
 133    0.0010959  -0.00387727
 134    0.0000011  -0.00001732
 135    0.0000010  -0.00004900
 136    0.0000013  -0.00001310
 137    0.0000013  -0.00000847
 138    0.0000015  -0.00000976
 139    0.0000022  -0.00001518
 140    0.0000017  -0.00001663
 141    0.0004729  -0.00112544
 142    0.0005086  -0.00117812
 143    0.0002809  -0.00085587
 144    0.0006633  -0.00170199
 145    0.0003001  -0.00090725
 146    0.0004318  -0.00116086
 147    0.0003640  -0.00113503
 148    0.0006150  -0.00135952
 149    0.0003879  -0.00112354
 150    0.0004111  -0.00121058
 151    0.0004572  -0.00124994
 152    0.0004026  -0.00139167
 153    0.0004057  -0.00115556
 154    0.0004433  -0.00121004
 155    0.0008045  -0.00225686
 156    0.0005429  -0.00142049
 157    0.0008065  -0.00216024
 158    0.0007857  -0.00268567
 159    0.0008460  -0.00250099
 160    0.0008726  -0.00237271
 161    0.0010327  -0.00360132
 162    0.0000008  -0.00002888
 163    0.0000008  -0.00002670
 164    0.0000008  -0.00002390
 165    0.0000008  -0.00003439
 166    0.0000009  -0.00004224
 167    0.0000011  -0.00003912
 168    0.0000010  -0.00004388
 169    0.0003084  -0.00081750
 170    0.0003906  -0.00103895
 171    0.0002360  -0.00066737
 172    0.0002964  -0.00081869
 173    0.0002381  -0.00067511
 174    0.0003600  -0.00097299
 175    0.0003209  -0.00085803
 176    0.0003967  -0.00111309
 177    0.0003423  -0.00094500
 178    0.0003501  -0.00094638
 179    0.0003224  -0.00099370
 180    0.0003632  -0.00108368
 181    0.0003999  -0.00109219
 182    0.0003225  -0.00118346
 183    0.0004137  -0.00134197
 184    0.0004094  -0.00127237
 185    0.0005905  -0.00147236
 186    0.0005201  -0.00142270
 187    0.0004580  -0.00143945
 188    0.0006700  -0.00169317
 189    0.0004235  -0.00190299
 190    0.0000001  -0.00000155
 191    0.0000001  -0.00000144
 192    0.0000001  -0.00000110
 193    0.0000002  -0.00000166
 194    0.0000002  -0.00000182
 195    0.0000001  -0.00000110
 196    0.0000001  -0.00000116
 197    0.0002055  -0.00056550
 198    0.0002650  -0.00072755
 199    0.0001783  -0.00050286
 200    0.0001748  -0.00048126
 201    0.0002050  -0.00062075
 202    0.0000837  -0.00026557
 203    0.0002857  -0.00084269
 204    0.0002897  -0.00082612
 205    0.0002228  -0.00061295
 206    0.0002398  -0.00063944
 207    0.0002974  -0.00084634
 208    0.0003046  -0.00093554
 209    0.0002547  -0.00074080
 210    0.0002460  -0.00076252
 211    0.0000992  -0.00032944
 212    0.0001113  -0.00037321
 213    0.0000845  -0.00028012
 214    0.0001105  -0.00037854
 215    0.0000829  -0.00027991
 216    0.0000835  -0.00027873
 217    0.0003298  -0.00145490
 218    0.0000000  -0.00000080
 219    0.0000000  -0.00000082
 220    0.0000000  -0.00000079
 221    0.0000000  -0.00000084
 222    0.0000000  -0.00000081
 223    0.0000000  -0.00000061
 224    0.0000001  -0.00000115
 225    0.0001527  -0.00045606
 226    0.0001895  -0.00052617
 227    0.0001138  -0.00035973
 228    0.0001303  -0.00039811
 229    0.0001656  -0.00049456
 230    0.0000787  -0.00026309
 231    0.0002208  -0.00063009
 232    0.0002134  -0.00060703
 233    0.0001789  -0.00054117
 234    0.0001649  -0.00053186
 235    0.0002327  -0.00065543
 236    0.0001864  -0.00051621
 237    0.0002208  -0.00062619
 238    0.0002163  -0.00062261
 239    0.0000881  -0.00029304
 240    0.0000610  -0.00020844
 241    0.0000820  -0.00027447
 242    0.0000805  -0.00029298
 243    0.0000756  -0.00026037
 244    0.0000629  -0.00022425
 245    0.0002282  -0.00109195
 246    0.0000000  -0.00000058
 247    0.0000000  -0.00000055
 248    0.0000000  -0.00000076
 249    0.0000000  -0.00000057
 250    0.0000000  -0.00000057
 251    0.0000000  -0.00000061
 252    0.0000000  -0.00000076
 253    0.0001404  -0.00043865
 254    0.0001128  -0.00032326
 255    0.0000979  -0.00031711
 256    0.0001161  -0.00034390
 257    0.0001261  -0.00040146
 258    0.0000404  -0.00015139
 259    0.0001288  -0.00040094
 260    0.0001616  -0.00048504
 261    0.0001147  -0.00035545
 262    0.0001294  -0.00041148
 263    0.0001246  -0.00042012
 264    0.0001529  -0.00044571
 265    0.0001636  -0.00058107
 266    0.0001453  -0.00059802
 267    0.0000610  -0.00021063
 268    0.0000583  -0.00019565
 269    0.0000501  -0.00017525
 270    0.0000564  -0.00019939
 271    0.0000490  -0.00017732
 272    0.0000577  -0.00020343
 273    0.0002160  -0.00087142
 274    0.0000000  -0.00000048
 275    0.0000000  -0.00000049
 276    0.0000000  -0.00000057
 277    0.0000000  -0.00000037
 278    0.0000000  -0.00000055
 279    0.0000000  -0.00000055
 280    0.0000000  -0.00000047
 281    0.0000893  -0.00027231
 282    0.0000734  -0.00021781
 283    0.0000731  -0.00022867
 284    0.0000618  -0.00019954
 285    0.0000827  -0.00025507
 286    0.0000348  -0.00013125
 287    0.0001041  -0.00032676
 288    0.0001008  -0.00030506
 289    0.0000838  -0.00026246
 290    0.0001219  -0.00035871
 291    0.0001125  -0.00033701
 292    0.0000908  -0.00027372
 293    0.0001099  -0.00033316
 294    0.0001182  -0.00033686
 295    0.0000346  -0.00013336
 296    0.0000326  -0.00012918
 297    0.0000390  -0.00014389
 298    0.0000425  -0.00016450
 299    0.0000407  -0.00015967
 300    0.0000430  -0.00016017
 301    0.0001562  -0.00081845
 302    0.0000000  -0.00000046
 303    0.0000000  -0.00000043
 304    0.0000000  -0.00000045
 305    0.0000000  -0.00000035
 306    0.0000000  -0.00000049
 307    0.0000000  -0.00000049
 308    0.0000000  -0.00000038
 309    0.0000738  -0.00021751
 310    0.0000589  -0.00018109
 311    0.0000612  -0.00019847
 312    0.0000527  -0.00017328
 313    0.0000731  -0.00023799
 314    0.0000315  -0.00011959
 315    0.0000596  -0.00019327
 316    0.0000697  -0.00022356
 317    0.0000610  -0.00020695
 318    0.0000958  -0.00028867
 319    0.0000796  -0.00026111
 320    0.0000812  -0.00026048
 321    0.0000845  -0.00026106
 322    0.0000776  -0.00025587
 323    0.0000234  -0.00009813
 324    0.0000289  -0.00011322
 325    0.0000322  -0.00012572
 326    0.0000388  -0.00014804
 327    0.0000378  -0.00014689
 328    0.0000387  -0.00015095
 329    0.0000651  -0.00023753
 330    0.0000000  -0.00000043
 331    0.0000000  -0.00000029
 332    0.0000000  -0.00000040
 333    0.0000000  -0.00000030
 334    0.0000000  -0.00000032
 335    0.0000000  -0.00000036
 336    0.0000000  -0.00000030
 337    0.0000559  -0.00018058
 338    0.0000419  -0.00015232
 339    0.0000429  -0.00015198
 340    0.0000440  -0.00015453
 341    0.0000561  -0.00018848
 342    0.0000290  -0.00011362
 343    0.0000452  -0.00015569
 344    0.0000538  -0.00017794
 345    0.0000506  -0.00017239
 346    0.0000662  -0.00020973
 347    0.0000675  -0.00020827
 348    0.0000434  -0.00016325
 349    0.0000457  -0.00016980
 350    0.0000448  -0.00016242
 351    0.0000174  -0.00007768
 352    0.0000265  -0.00010818
 353    0.0000279  -0.00011296
 354    0.0000348  -0.00014224
 355    0.0000296  -0.00012121
 356    0.0000317  -0.00012145
 357    0.0000575  -0.00020049
 358    0.0000000  -0.00000039
 359    0.0000000  -0.00000026
 360    0.0000000  -0.00000027
 361    0.0000000  -0.00000029
 362    0.0000000  -0.00000028
 363    0.0000000  -0.00000031
 364    0.0000000  -0.00000026
 365    0.0000515  -0.00017326
 366    0.0000362  -0.00012827
 367    0.0000375  -0.00013704
 368    0.0000392  -0.00014047
 369    0.0000431  -0.00015031
 370    0.0000224  -0.00009196
 371    0.0000405  -0.00015216
 372    0.0000373  -0.00013581
 373    0.0000359  -0.00013680
 374    0.0000579  -0.00018878
 375    0.0000569  -0.00018724
 376    0.0000400  -0.00015010
 377    0.0000418  -0.00015190
 378    0.0000422  -0.00015105
 379    0.0000121  -0.00005539
 380    0.0000162  -0.00007384
 381    0.0000222  -0.00009242
 382    0.0000198  -0.00008680
 383    0.0000215  -0.00009598
 384    0.0000189  -0.00008472
 385    0.0000506  -0.00018446
 386    0.0000000  -0.00000035
 387    0.0000000  -0.00000023
 388    0.0000000  -0.00000021
 389    0.0000000  -0.00000014
 390    0.0000000  -0.00000026
 391    0.0000000  -0.00000030
 392    0.0000000  -0.00000022
 393    0.0000321  -0.00012328
 394    0.0000328  -0.00012098
 395    0.0000316  -0.00012221
 396    0.0000274  -0.00010539
 397    0.0000279  -0.00010905
 398    0.0000166  -0.00007062
 399    0.0000359  -0.00013629
 400    0.0000271  -0.00010880
 401    0.0000271  -0.00011183
 402    0.0000246  -0.00009680
 403    0.0000405  -0.00014895
 404    0.0000331  -0.00012768
 405    0.0000352  -0.00013202
 406    0.0000318  -0.00012773
 407    0.0000092  -0.00004413
 408    0.0000107  -0.00004915
 409    0.0000181  -0.00008106
 410    0.0000092  -0.00004654
 411    0.0000151  -0.00006957
 412    0.0000147  -0.00006801
 413    0.0000433  -0.00016830
 414    0.0000000  -0.00000030
 415    0.0000000  -0.00000022
 416    0.0000000  -0.00000011
 417    0.0000000  -0.00000013
 418    0.0000000  -0.00000023
 419    0.0000000  -0.00000028
 420    0.0000000  -0.00000023
 421    0.0000280  -0.00010671
 422    0.0000281  -0.00010891
 423    0.0000222  -0.00008657
 424    0.0000190  -0.00008109
 425    0.0000203  -0.00008261
 426    0.0000143  -0.00006177
 427    0.0000265  -0.00010568
 428    0.0000221  -0.00009041
 429    0.0000233  -0.00009093
 430    0.0000156  -0.00007239
 431    0.0000289  -0.00011584
 432    0.0000287  -0.00011588
 433    0.0000301  -0.00011636
 434    0.0000177  -0.00007993
 435    0.0000087  -0.00004203
 436    0.0000082  -0.00003988
 437    0.0000158  -0.00006912
 438    0.0000074  -0.00003745
 439    0.0000087  -0.00004277
 440    0.0000103  -0.00004852
 441    0.0000262  -0.00012454
 442    0.0000000  -0.00000013
 443    0.0000000  -0.00000021
 444    0.0000000  -0.00000010
 445    0.0000000  -0.00000012
 446    0.0000000  -0.00000014
 447    0.0000000  -0.00000026
 448    0.0000000  -0.00000022
 449    0.0000224  -0.00008689
 450    0.0000150  -0.00006330
 451    0.0000189  -0.00007929
 452    0.0000146  -0.00006376
 453    0.0000164  -0.00007181
 454    0.0000130  -0.00005343
 455    0.0000208  -0.00008470
 456    0.0000165  -0.00007379
 457    0.0000193  -0.00008239
 458    0.0000133  -0.00005730
 459    0.0000188  -0.00008153
 460    0.0000254  -0.00010380
 461    0.0000248  -0.00010188
 462    0.0000129  -0.00005784
 463    0.0000061  -0.00003084
 464    0.0000077  -0.00003644
 465    0.0000133  -0.00005761
 466    0.0000065  -0.00003453
 467    0.0000047  -0.00002398
 468    0.0000097  -0.00004667
 469    0.0000201  -0.00010558
 470    0.0000000  -0.00000011
 471    0.0000000  -0.00000021
 472    0.0000000  -0.00000010
 473    0.0000000  -0.00000012
 474    0.0000000  -0.00000013
 475    0.0000000  -0.00000025
 476    0.0000000  -0.00000018
 477    0.0000137  -0.00005823
 478    0.0000123  -0.00005140
 479    0.0000111  -0.00004713
 480    0.0000132  -0.00005684
 481    0.0000136  -0.00005626
 482    0.0000118  -0.00004991
 483    0.0000143  -0.00006404
 484    0.0000130  -0.00005564
 485    0.0000139  -0.00005978
 486    0.0000113  -0.00005063
 487    0.0000112  -0.00005027
 488    0.0000145  -0.00006687
 489    0.0000196  -0.00008345
 490    0.0000120  -0.00005244
 491    0.0000036  -0.00001681
 492    0.0000042  -0.00001972
 493    0.0000105  -0.00004931
 494    0.0000051  -0.00002717
 495    0.0000039  -0.00002040
 496    0.0000071  -0.00003918
 497    0.0000154  -0.00007454
 498    0.0000000  -0.00000010
 499    0.0000000  -0.00000019
 500    0.0000000  -0.00000008
 501    0.0000000  -0.00000012
 502    0.0000000  -0.00000013
 503    0.0000000  -0.00000025
 504    0.0000000  -0.00000017
 505    0.0000109  -0.00004495
 506    0.0000110  -0.00004582
 507    0.0000101  -0.00004349
 508    0.0000087  -0.00003867
 509    0.0000114  -0.00004770
 510    0.0000108  -0.00004615
 511    0.0000127  -0.00005404
 512    0.0000105  -0.00004643
 513    0.0000107  -0.00004642
 514    0.0000105  -0.00004765
 515    0.0000106  -0.00004781
 516    0.0000119  -0.00005036
 517    0.0000146  -0.00006440
 518    0.0000105  -0.00004836
 519    0.0000035  -0.00001628
 520    0.0000036  -0.00001655
 521    0.0000088  -0.00004148
 522    0.0000030  -0.00001434
 523    0.0000031  -0.00001442
 524    0.0000055  -0.00002908
 525    0.0000096  -0.00004837
 526    0.0000000  -0.00000007
 527    0.0000000  -0.00000019
 528    0.0000000  -0.00000008
 529    0.0000000  -0.00000011
 530    0.0000000  -0.00000013
 531    0.0000000  -0.00000023
 532    0.0000000  -0.00000015
 533    0.0000103  -0.00004331
 534    0.0000102  -0.00004262
 535    0.0000077  -0.00003641
 536    0.0000069  -0.00003245
 537    0.0000109  -0.00004621
 538    0.0000094  -0.00004256
 539    0.0000122  -0.00005184
 540    0.0000097  -0.00004346
 541    0.0000072  -0.00003457
 542    0.0000085  -0.00004034
 543    0.0000096  -0.00004281
 544    0.0000110  -0.00004757
 545    0.0000067  -0.00003282
 546    0.0000083  -0.00003911
 547    0.0000019  -0.00000635
 548    0.0000029  -0.00001245
 549    0.0000066  -0.00003333
 550    0.0000028  -0.00001256
 551    0.0000024  -0.00000978
 552    0.0000051  -0.00002674
 553    0.0000091  -0.00004612
 554    0.0000000  -0.00000006
 555    0.0000000  -0.00000018
 556    0.0000000  -0.00000007
 557    0.0000000  -0.00000009
 558    0.0000000  -0.00000010
 559    0.0000000  -0.00000021
 560    0.0000000  -0.00000015
 561    0.0000089  -0.00003972
 562    0.0000091  -0.00003984
 563    0.0000072  -0.00003316
 564    0.0000057  -0.00002428
 565    0.0000085  -0.00003833
 566    0.0000087  -0.00004047
 567    0.0000102  -0.00004468
 568    0.0000082  -0.00003932
 569    0.0000063  -0.00003041
 570    0.0000064  -0.00003105
 571    0.0000073  -0.00003648
 572    0.0000073  -0.00003620
 573    0.0000064  -0.00003205
 574    0.0000074  -0.00003789
 575    0.0000016  -0.00000410
 576    0.0000020  -0.00000608
 577    0.0000060  -0.00003082
 578    0.0000022  -0.00000853
 579    0.0000022  -0.00000862
 580    0.0000039  -0.00001916
 581    0.0000074  -0.00004618
 582    0.0000000  -0.00000006
 583    0.0000000  -0.00000018
 584    0.0000000  -0.00000007
 585    0.0000000  -0.00000009
 586    0.0000000  -0.00000010
 587    0.0000000  -0.00000021
 588    0.0000000  -0.00000013
 589    0.0000058  -0.00002572
 590    0.0000070  -0.00003264
 591    0.0000048  -0.00001892
 592    0.0000034  -0.00001247
 593    0.0000059  -0.00002747
 594    0.0000077  -0.00003609
 595    0.0000078  -0.00003655
 596    0.0000053  -0.00002196
 597    0.0000050  -0.00002240
 598    0.0000045  -0.00002074
 599    0.0000066  -0.00003406
 600    0.0000063  -0.00003006
 601    0.0000053  -0.00002492
 602    0.0000046  -0.00002299
 603    0.0000016  -0.00000383
 604    0.0000018  -0.00000439
 605    0.0000051  -0.00002636
 606    0.0000020  -0.00000732
 607    0.0000019  -0.00000643
 608    0.0000037  -0.00001762
 609    0.0000059  -0.00003341
 610    0.0000000  -0.00000006
 611    0.0000000  -0.00000017
 612    0.0000000  -0.00000006
 613    0.0000000  -0.00000010
 614    0.0000000  -0.00000009
 615    0.0000000  -0.00000019
 616    0.0000000  -0.00000014
 617    0.0000056  -0.00002368
 618    0.0000051  -0.00001904
 619    0.0000034  -0.00001287
 620    0.0000031  -0.00001100
 621    0.0000043  -0.00001728
 622    0.0000068  -0.00003066
 623    0.0000065  -0.00003117
 624    0.0000053  -0.00002391
 625    0.0000045  -0.00002064
 626    0.0000040  -0.00001671
 627    0.0000060  -0.00002918
 628    0.0000049  -0.00002139
 629    0.0000051  -0.00002469
 630    0.0000040  -0.00001921
 631    0.0000015  -0.00000331
 632    0.0000015  -0.00000349
 633    0.0000049  -0.00002272
 634    0.0000016  -0.00000455
 635    0.0000016  -0.00000413
 636    0.0000033  -0.00001502
 637    0.0000051  -0.00002714
 638    0.0000000  -0.00000006
 639    0.0000000  -0.00000016
 640    0.0000000  -0.00000007
 641    0.0000000  -0.00000009
 642    0.0000000  -0.00000008
 643    0.0000000  -0.00000018
 644    0.0000000  -0.00000012
 645    0.0000048  -0.00001955
 646    0.0000046  -0.00001690
 647    0.0000031  -0.00001072
 648    0.0000029  -0.00000919
 649    0.0000040  -0.00001663
 650    0.0000063  -0.00002928
 651    0.0000055  -0.00002536
 652    0.0000041  -0.00001717
 653    0.0000037  -0.00001487
 654    0.0000033  -0.00001403
 655    0.0000057  -0.00002706
 656    0.0000046  -0.00002103
 657    0.0000034  -0.00001449
 658    0.0000039  -0.00001753
 659    0.0000013  -0.00000296
 660    0.0000014  -0.00000336
 661    0.0000047  -0.00002367
 662    0.0000014  -0.00000343
 663    0.0000013  -0.00000306
 664    0.0000023  -0.00000914
 665    0.0000045  -0.00002449
 666    0.0000000  -0.00000006
 667    0.0000000  -0.00000015
 668    0.0000000  -0.00000006
 669    0.0000000  -0.00000009
 670    0.0000000  -0.00000008
 671    0.0000000  -0.00000017
 672    0.0000000  -0.00000013
 673    0.0000039  -0.00001547
 674    0.0000034  -0.00001205
 675    0.0000029  -0.00000939
 676    0.0000023  -0.00000472
 677    0.0000025  -0.00000805
 678    0.0000061  -0.00002870
 679    0.0000045  -0.00002045
 680    0.0000038  -0.00001455
 681    0.0000030  -0.00001084
 682    0.0000029  -0.00001124
 683    0.0000033  -0.00001443
 684    0.0000037  -0.00001545
 685    0.0000030  -0.00001194
 686    0.0000029  -0.00001185
 687    0.0000012  -0.00000279
 688    0.0000013  -0.00000280
 689    0.0000045  -0.00002168
 690    0.0000013  -0.00000317
 691    0.0000011  -0.00000270
 692    0.0000017  -0.00000498
 693    0.0000040  -0.00002132
 694    0.0000000  -0.00000006
 695    0.0000000  -0.00000016
 696    0.0000000  -0.00000006
 697    0.0000000  -0.00000008
 698    0.0000000  -0.00000008
 699    0.0000000  -0.00000016
 700    0.0000000  -0.00000013
 701    0.0000033  -0.00001157
 702    0.0000031  -0.00001098
 703    0.0000027  -0.00000858
 704    0.0000022  -0.00000392
 705    0.0000022  -0.00000546
 706    0.0000058  -0.00002727
 707    0.0000042  -0.00001747
 708    0.0000031  -0.00001223
 709    0.0000028  -0.00001015
 710    0.0000024  -0.00000834
 711    0.0000030  -0.00001224
 712    0.0000029  -0.00001117
 713    0.0000024  -0.00000817
 714    0.0000028  -0.00001164
 715    0.0000011  -0.00000250
 716    0.0000013  -0.00000270
 717    0.0000041  -0.00001854
 718    0.0000012  -0.00000277
 719    0.0000011  -0.00000254
 720    0.0000015  -0.00000394
 721    0.0000034  -0.00001712
 722    0.0000000  -0.00000005
 723    0.0000000  -0.00000016
 724    0.0000000  -0.00000006
 725    0.0000000  -0.00000008
 726    0.0000000  -0.00000007
 727    0.0000000  -0.00000015
 728    0.0000000  -0.00000011
 729    0.0000023  -0.00000618
 730    0.0000025  -0.00000595
 731    0.0000023  -0.00000522
 732    0.0000016  -0.00000245
 733    0.0000021  -0.00000510
 734    0.0000056  -0.00002407
 735    0.0000034  -0.00001377
 736    0.0000029  -0.00001046
 737    0.0000027  -0.00000993
 738    0.0000020  -0.00000469
 739    0.0000027  -0.00000982
 740    0.0000023  -0.00000749
 741    0.0000023  -0.00000715
 742    0.0000024  -0.00000884
 743    0.0000011  -0.00000232
 744    0.0000012  -0.00000239
 745    0.0000037  -0.00001699
 746    0.0000010  -0.00000240
 747    0.0000010  -0.00000235
 748    0.0000014  -0.00000323
 749    0.0000028  -0.00001320
 750    0.0000000  -0.00000005
 751    0.0000000  -0.00000015
 752    0.0000000  -0.00000006
 753    0.0000000  -0.00000007
 754    0.0000000  -0.00000007
 755    0.0000000  -0.00000016
 756    0.0000000  -0.00000011
 757    0.0000020  -0.00000236
 758    0.0000020  -0.00000252
 759    0.0000020  -0.00000309
 760    0.0000014  -0.00000249
 761    0.0000020  -0.00000387
 762    0.0000056  -0.00002578
 763    0.0000032  -0.00001265
 764    0.0000020  -0.00000444
 765    0.0000019  -0.00000439
 766    0.0000018  -0.00000396
 767    0.0000027  -0.00000989
 768    0.0000021  -0.00000582
 769    0.0000022  -0.00000659
 770    0.0000021  -0.00000744
 771    0.0000011  -0.00000239
 772    0.0000010  -0.00000217
 773    0.0000035  -0.00001529
 774    0.0000010  -0.00000236
 775    0.0000008  -0.00000197
 776    0.0000014  -0.00000305
 777    0.0000025  -0.00001036
 778    0.0000000  -0.00000004
 779    0.0000000  -0.00000013
 780    0.0000000  -0.00000005
 781    0.0000000  -0.00000008
 782    0.0000000  -0.00000007
 783    0.0000000  -0.00000014
 784    0.0000000  -0.00000011
 785    0.0000015  -0.00000276
 786    0.0000011  -0.00000209
 787    0.0000013  -0.00000223
 788    0.0000013  -0.00000219
 789    0.0000016  -0.00000293
 790    0.0000054  -0.00002371
 791    0.0000025  -0.00000911
 792    0.0000015  -0.00000261
 793    0.0000017  -0.00000335
 794    0.0000017  -0.00000384
 795    0.0000019  -0.00000420
 796    0.0000020  -0.00000466
 797    0.0000019  -0.00000442
 798    0.0000014  -0.00000301
 799    0.0000010  -0.00000233
 800    0.0000010  -0.00000249
 801    0.0000034  -0.00001487
 802    0.0000009  -0.00000228
 803    0.0000008  -0.00000233
 804    0.0000012  -0.00000282
 805    0.0000020  -0.00000789
 806    0.0000000  -0.00000004
 807    0.0000000  -0.00000012
 808    0.0000000  -0.00000006
 809    0.0000000  -0.00000007
 810    0.0000000  -0.00000006
 811    0.0000000  -0.00000015
 812    0.0000000  -0.00000011
 
----------------
 Final Energies 
----------------
Final NOF Total Energy =    -274.8496833
 
Total Orbital Internal Iterations = 1226
Total Occupation Internal Iterations = 210
 
Elapsed time: 16852.62 Seconds

---------------------------------
   Lowdin Population Analysis    
---------------------------------
 Idx  Atom   Population   Charge 
---------------------------------
  1     C     5.885       0.115
  2     C     6.064      -0.064
  3     C     6.064      -0.064
  4     C     5.869       0.131
  5     C     5.867       0.133
  6     C     5.778       0.222
  7     C     5.778       0.222
  8     H     1.031      -0.031
  9     H     1.047      -0.047
 10     H     1.038      -0.038
 11     H     1.037      -0.037
 12     H     1.056      -0.056
 13     H     1.047      -0.047
 14     H     1.054      -0.054
 15     H     1.047      -0.047
 16     H     1.055      -0.055
 17     H     1.057      -0.057
 18     H     1.058      -0.058
 19     H     1.055      -0.055
 20     H     1.058      -0.058
 21     H     1.057      -0.057

---------------------------------
   M Diagnostic: 0.02
---------------------------------

