Computing Integrals
Elapsed time:    5.24 Seconds

Number of basis functions                   (NBF)    = 152
Number of auxiliary basis functions         (NBFAUX) = 164
Inactive Doubly occupied orbitals up to     (NO1)    = 0
No. considered Strongly Doubly occupied MOs (NDOC)   = 6
No. considered Strongly Singly occupied MOs (NSOC)   = 0
NO. of Weakly occ. per St. Doubly occ.  MOs (NCWO)   = 24
Dimension of the Nat. Orb. subspace         (NBF5)   = 150
No. of electrons                                     = 12
    No. of alpha electrons                           = 6
    No. of beta electrons                            = 6
Multiplicity                                         = 1

Geometry
========
Li      -0.4090100      -1.9140400       0.0812900
 O       0.3902500      -0.2365000      -0.0217700
 H       1.3319600      -0.0379100      -0.0951000
 H      -0.0470900       0.6239100      -0.0134800

No violations of the orthonormality
No violations of the orthonormality
 
PNOF8/ADAM Calculation
==================
 
  Nitext  Nit_orb  Time   Nit_occ  Time         Eelec          Etot           Ediff      maxdiff    Grad_orb  Grad_occ
0.0014340458658510039
0.002790984045024823
     1      10    2.4e+01   21    4.4e+01  -100.83818664   -83.65898686 -10099.83818664   0.070868   8.7e-01   1.5e-04 0.02
0.0007761055074677042
0.001493892090328787
     2      10    1.3e+00   15    7.9e-01  -100.84459002   -83.66539024    -0.00640338   0.151666   1.3e+00   2.3e-04 0.02
0.0004640241142150345
0.0008168021067860926
     3      10    1.5e+00   17    7.8e-01  -100.82843633   -83.64923655     0.01615369   0.119883   1.5e+00   1.7e-04 0.02
0.00041361985887764397
0.000799182767134645
     4      30    3.7e+00    9    5.0e-01  -100.86539695   -83.68619718    -0.03696062   0.015854   1.5e-01   1.9e-04 0.02
0.00039533849372441754
0.0006347471014494568
     5      30    4.2e+00    9    6.3e-01  -100.86852405   -83.68932427    -0.00312710   0.009693   1.0e-01   2.8e-04 0.02
0.000417350117959403
0.0006691652895710808
     6      30    3.2e+00   11    3.7e-01  -100.87020333   -83.69100355    -0.00167928   0.008930   1.1e-01   2.1e-04 0.02
0.0002629884675995342
0.00039454223227344105
     7      30    3.0e+00    9    3.0e-01  -100.87120863   -83.69200885    -0.00100530   0.012198   1.1e-01   2.1e-04 0.02
0.00014592159822046386
0.00025883487871082583
     8      30    4.0e+00    3    1.5e-01  -100.87169875   -83.69249897    -0.00049013   0.008586   9.6e-02   3.0e-04 0.02
9.449607400191518e-5
0.00018951852406133625
     9      30    4.1e+00   11    3.6e-01  -100.87202284   -83.69282306    -0.00032409   0.009187   9.1e-02   1.6e-04 0.02
5.0070622145464636e-5
9.157454577487554e-5
    10      30    5.2e+00    3    1.9e-01  -100.87222098   -83.69302120    -0.00019814   0.008639   1.0e-01   1.9e-04 0.02
4.698507375389127e-5
9.668050775447303e-5
    11      30    3.7e+00    6    5.0e-01  -100.87240342   -83.69320365    -0.00018245   0.008534   9.5e-02   1.8e-04 0.02
4.7582125236145245e-5
9.812881375278134e-5
    12      30    3.2e+00    6    2.6e-01  -100.87257024   -83.69337046    -0.00016681   0.006299   7.7e-02   1.6e-04 0.02
7.297158931438182e-5
0.00012432725449378713
    13      30    3.6e+00    6    3.1e-01  -100.87266855   -83.69346877    -0.00009831   0.006695   7.5e-02   1.9e-04 0.02
5.9656719672895875e-5
0.00010902070389343441
    14      30    3.3e+00    5    2.5e-01  -100.87281631   -83.69361653    -0.00014775   0.009187   7.6e-02   1.6e-04 0.02
3.771997361195524e-5
7.418017343553323e-5
    15      30    3.3e+00    6    2.9e-01  -100.87290451   -83.69370474    -0.00008821   0.007907   7.1e-02   1.5e-04 0.02
0.00010650008220743426
0.00014295072530715953
    16      30    3.2e+00    3    1.5e-01  -100.87280327   -83.69360350     0.00010124   0.011914   1.1e-01   2.3e-04 0.02
4.2238033916282974e-5
7.767045498988021e-5
    17      50    6.4e+00    6    2.9e-01  -100.87323391   -83.69403414    -0.00043064   0.000739   5.7e-03   1.6e-04 0.02
0.0
0.0
    18      50    5.7e+00    0    9.1e-02  -100.87327737   -83.69407759    -0.00004346   0.003157   2.0e-02   1.9e-04 0.02
4.3740179053841644e-5
7.653113653545128e-5
    19      60    6.1e+00    1    1.3e-01  -100.87330389   -83.69410412    -0.00002652   0.001725   1.2e-02   2.0e-04 0.02
3.408332266345744e-5
6.6090281432252e-5
    20      60    6.7e+00    6    3.5e-01  -100.87331744   -83.69411767    -0.00001355   0.001586   1.2e-02   1.6e-04 0.02
1.7818914366918293e-5
3.208255704476341e-5
    21      60    6.9e+00    6    2.6e-01  -100.87335851   -83.69415874    -0.00004107   0.001914   1.2e-02   9.4e-05 0.02
0.0
0.0
    22      60    6.4e+00    0    6.6e-02  -100.87338392   -83.69418414    -0.00002541   0.001968   1.6e-02   1.7e-04 0.02
0.0
0.0
    23      70    8.0e+00    0    6.7e-02  -100.87339550   -83.69419572    -0.00001158   0.001227   1.1e-02   2.1e-04 0.02
4.79484547597055e-5
7.88317143697911e-5
    24      80    1.1e+01    4    2.4e-01  -100.87340041   -83.69420063    -0.00000491   0.000879   8.7e-03   1.8e-04 0.02
3.277968429539653e-5
6.822953551887049e-5
    25      80    9.4e+00    1    1.4e-01  -100.87341262   -83.69421284    -0.00001221   0.000786   7.0e-03   2.2e-04 0.02
0.0
0.0
    26      80    1.2e+01    0    6.4e-02  -100.87341486   -83.69421508    -0.00000224   0.000803   7.6e-03   1.7e-04 0.02
0.0
0.0
    27      90    1.1e+01    0    6.5e-02  -100.87341652   -83.69421674    -0.00000166   0.000614   5.7e-03   1.7e-04 0.02
0.0
0.0
    28     100    1.2e+01    0    8.2e-02  -100.87341785   -83.69421807    -0.00000133   0.000463   4.1e-03   1.7e-04 0.02
0.0
0.0
    29     110    1.5e+01    0    6.5e-02  -100.87341851   -83.69421874    -0.00000066   0.000444   3.5e-03   1.7e-04 0.02
0.0
0.0
    30     120    1.5e+01    0    8.5e-02  -100.87341902   -83.69421924    -0.00000050   0.000301   2.5e-03   1.7e-04 0.02
0.0
0.0
    31     130    1.8e+01    0    4.7e-02  -100.87341922   -83.69421945    -0.00000021   0.000269   2.1e-03   1.7e-04 0.02
0.0
0.0
    32     140    1.6e+01    0    8.3e-02  -100.87341939   -83.69421961    -0.00000017   0.000193   1.5e-03   1.8e-04 0.02
0.0
0.0
    33     150    1.8e+01    0    9.8e-02  -100.87341940   -83.69421962    -0.00000000   0.000210   1.7e-03   1.7e-04 0.02
0.0
0.0
    34     160    1.7e+01    0    1.1e-01  -100.87341947   -83.69421969    -0.00000007   0.000169   1.3e-03   1.8e-04 0.02
0.0
0.0
    35     170    1.8e+01    0    1.4e-01  -100.87341953   -83.69421975    -0.00000006   0.000122   1.0e-03   1.7e-04 0.02
0.0
0.0
    36     176    2.0e+01    0    7.3e-02  -100.87341956   -83.69421978    -0.00000003   0.000098   8.2e-04   1.8e-04 0.02
 
RESULTS OF THE OCCUPATION OPTIMIZATION
========================================
   1    1.9999893  -20.84203096
   2    1.9944416  -2.73070292
   3    1.9848019  -1.47073827
   4    1.9752343  -1.02838278
   5    1.9733862  -1.00892376
   6    1.9791837  -0.81355092
   7    0.0113685  -0.02064381
   8    0.0174734  -0.03115178
   9    0.0193410  -0.03320874
  10    0.0082137  -0.02150714
  11    0.0024622  -0.01048591
  12    0.0000091  -0.00032750
  13    0.0050804  -0.01069913
  14    0.0042840  -0.00952461
  15    0.0041152  -0.00930696
  16    0.0035479  -0.00938363
  17    0.0010649  -0.00500761
  18    0.0000007  -0.00000248
  19    0.0011772  -0.00376608
  20    0.0039860  -0.00904833
  21    0.0005345  -0.00150908
  22    0.0010317  -0.00542628
  23    0.0009631  -0.00429382
  24    0.0000005  -0.00002795
  25    0.0006713  -0.00331395
  26    0.0002787  -0.00096945
  27    0.0003400  -0.00108261
  28    0.0007122  -0.00322104
  29    0.0009393  -0.00424377
  30    0.0000002  -0.00001498
  31    0.0006486  -0.00182584
  32    0.0002691  -0.00094443
  33    0.0000955  -0.00039310
  34    0.0004030  -0.00156201
  35    0.0000791  -0.00148774
  36    0.0000000  -0.00000046
  37    0.0005375  -0.00157948
  38    0.0000723  -0.00031101
  39    0.0000733  -0.00030325
  40    0.0003860  -0.00138664
  41    0.0000186  -0.00013616
  42    0.0000000  -0.00000036
  43    0.0004819  -0.00146481
  44    0.0000670  -0.00025329
  45    0.0000701  -0.00029132
  46    0.0002817  -0.00106619
  47    0.0000108  -0.00007591
  48    0.0000000  -0.00000027
  49    0.0003721  -0.00112241
  50    0.0000353  -0.00012744
  51    0.0000392  -0.00016718
  52    0.0002652  -0.00103270
  53    0.0000074  -0.00006143
  54    0.0000000  -0.00000024
  55    0.0001525  -0.00061279
  56    0.0000327  -0.00015694
  57    0.0000358  -0.00017733
  58    0.0001311  -0.00056480
  59    0.0000023  -0.00001714
  60    0.0000000  -0.00000020
  61    0.0001028  -0.00039395
  62    0.0000296  -0.00015369
  63    0.0000330  -0.00016679
  64    0.0000645  -0.00035733
  65    0.0000019  -0.00001180
  66    0.0000000  -0.00000015
  67    0.0000450  -0.00016552
  68    0.0000191  -0.00008485
  69    0.0000232  -0.00011919
  70    0.0000364  -0.00016923
  71    0.0000013  -0.00000502
  72    0.0000000  -0.00000012
  73    0.0000371  -0.00016910
  74    0.0000122  -0.00005929
  75    0.0000149  -0.00009018
  76    0.0000307  -0.00017010
  77    0.0000011  -0.00000398
  78    0.0000000  -0.00000018
  79    0.0000247  -0.00011629
  80    0.0000087  -0.00003771
  81    0.0000134  -0.00006203
  82    0.0000200  -0.00010136
  83    0.0000008  -0.00000272
  84    0.0000000  -0.00000008
  85    0.0000209  -0.00011296
  86    0.0000077  -0.00002836
  87    0.0000081  -0.00004099
  88    0.0000149  -0.00008803
  89    0.0000007  -0.00000308
  90    0.0000000  -0.00000007
  91    0.0000196  -0.00010933
  92    0.0000059  -0.00001305
  93    0.0000053  -0.00001458
  94    0.0000120  -0.00007048
  95    0.0000007  -0.00000235
  96    0.0000000  -0.00000006
  97    0.0000148  -0.00007900
  98    0.0000052  -0.00000919
  99    0.0000045  -0.00000815
 100    0.0000102  -0.00005842
 101    0.0000006  -0.00000196
 102    0.0000000  -0.00000009
 103    0.0000125  -0.00005969
 104    0.0000047  -0.00000595
 105    0.0000038  -0.00000466
 106    0.0000076  -0.00004692
 107    0.0000006  -0.00000161
 108    0.0000000  -0.00000003
 109    0.0000107  -0.00005493
 110    0.0000047  -0.00000582
 111    0.0000033  -0.00000246
 112    0.0000063  -0.00004089
 113    0.0000005  -0.00000164
 114    0.0000000  -0.00000002
 115    0.0000093  -0.00004365
 116    0.0000036  -0.00000389
 117    0.0000026  -0.00000233
 118    0.0000055  -0.00003042
 119    0.0000005  -0.00000133
 120    0.0000000  -0.00000001
 121    0.0000079  -0.00004039
 122    0.0000034  -0.00000201
 123    0.0000021  -0.00000145
 124    0.0000044  -0.00002032
 125    0.0000005  -0.00000139
 126    0.0000000  -0.00000001
 127    0.0000071  -0.00003476
 128    0.0000032  -0.00000131
 129    0.0000018  -0.00000291
 130    0.0000039  -0.00001469
 131    0.0000005  -0.00000142
 132    0.0000000  -0.00000001
 133    0.0000051  -0.00001257
 134    0.0000026  -0.00000178
 135    0.0000017  -0.00000283
 136    0.0000034  -0.00001257
 137    0.0000005  -0.00000144
 138    0.0000000  -0.00000001
 139    0.0000046  -0.00001231
 140    0.0000024  -0.00000108
 141    0.0000016  -0.00000245
 142    0.0000032  -0.00000969
 143    0.0000004  -0.00000115
 144    0.0000000  -0.00000001
 145    0.0000043  -0.00000694
 146    0.0000023  -0.00000184
 147    0.0000016  -0.00000232
 148    0.0000025  -0.00000606
 149    0.0000003  -0.00000104
 150    0.0000000  -0.00000001
 
----------------
 Final Energies 
----------------
Final NOF Total Energy =     -83.6942198
 
Total Orbital Internal Iterations = 2416
Total Occupation Internal Iterations = 164
 
Elapsed time:  418.70 Seconds

---------------------------------
   Lowdin Population Analysis    
---------------------------------
 Idx  Atom   Population   Charge 
---------------------------------
  1    Li     2.416       0.584
  2     O     7.163       0.837
  3     H     1.211      -0.211
  4     H     1.210      -0.210

---------------------------------
   M Diagnostic: 0.02
---------------------------------

