Computing Integrals
Elapsed time:    3.65 Seconds

Number of basis functions                   (NBF)    = 171
Number of auxiliary basis functions         (NBFAUX) = 231
Inactive Doubly occupied orbitals up to     (NO1)    = 0
No. considered Strongly Doubly occupied MOs (NDOC)   = 12
No. considered Strongly Singly occupied MOs (NSOC)   = 0
NO. of Weakly occ. per St. Doubly occ.  MOs (NCWO)   = 13
Dimension of the Nat. Orb. subspace         (NBF5)   = 168
No. of electrons                                     = 24
    No. of alpha electrons                           = 12
    No. of beta electrons                            = 12
Multiplicity                                         = 1

Geometry
========
 O       0.0000000       0.0000000       0.4412200
 O       0.0000000       1.0825200      -0.2206100
 O       0.0000000      -1.0825200      -0.2206100

No violations of the orthonormality
No violations of the orthonormality
 
PNOF8/ADAM Calculation
==================
 
  Nitext  Nit_orb  Time   Nit_occ  Time         Eelec          Etot           Ediff      maxdiff    Grad_orb  Grad_occ
0.017240893321897967
0.037584841182230766
     1      10    1.6e+01   65    3.0e+01  -294.06804178  -225.04076976 -10293.06804178   0.163895   2.4e+00   2.0e-04 0.61
0.011875750506244787
0.016903755845320112
     2      10    1.2e+00   33    9.6e-01  -294.14103316  -225.11376114    -0.07299138   0.165923   2.0e+00   2.0e-04 0.58
0.002556430201957116
0.003873015267667271
     3      10    1.1e+00   14    3.9e-01  -294.14547487  -225.11820285    -0.00444171   0.241421   2.5e+00   2.9e-04 0.59
0.004551800728151145
0.006487271566565665
     4      10    1.1e+00   37    9.6e-01  -294.13271450  -225.10544248     0.01276037   0.156134   2.9e+00   2.9e-04 0.60
0.0006002341705291236
0.0010829797243274097
     5      30    3.2e+00   60    1.6e+00  -294.20389485  -225.17662283    -0.07118035   0.009721   1.3e-01   1.9e-04 0.60
0.0007543479527482022
0.0012314057801437496
     6      30    3.3e+00   19    5.6e-01  -294.20777693  -225.18050491    -0.00388208   0.010017   1.3e-01   1.4e-04 0.60
0.0006776085074398086
0.0010859319409287497
     7      30    3.2e+00    8    3.3e-01  -294.20962323  -225.18235121    -0.00184630   0.009468   1.3e-01   3.0e-04 0.59
0.0003765425236382236
0.0006699048586201537
     8      30    3.2e+00   20    5.2e-01  -294.21045510  -225.18318308    -0.00083188   0.143980   7.6e-01   1.7e-04 0.60
0.00046386177794199845
0.0007298348608409348
     9      30    3.3e+00    8    3.0e-01  -294.21156168  -225.18428966    -0.00110658   0.010722   1.2e-01   2.7e-04 0.59
0.0005178784046461771
0.0007654611247443273
    10      30    3.2e+00   13    4.2e-01  -294.21176332  -225.18449130    -0.00020164   0.077935   4.9e-01   2.7e-04 0.60
0.00017709699755230623
0.00031881465600057726
    11      30    3.2e+00   11    3.6e-01  -294.21217126  -225.18489924    -0.00040794   0.036541   2.6e-01   2.5e-04 0.60
7.012410894119414e-5
0.0001767326834933707
    12      30    3.2e+00    6    2.0e-01  -294.21231179  -225.18503977    -0.00014053   0.012062   1.6e-01   2.6e-04 0.60
0.0003284351129549945
0.000501360829556182
    13      30    3.2e+00   13    4.4e-01  -294.21107829  -225.18380627     0.00123350   0.307652   1.6e+00   2.2e-04 0.59
0.00018065060351990514
0.00029985131934665205
    14      50    5.3e+00    6    1.9e-01  -294.21370389  -225.18643187    -0.00262561   0.001290   1.8e-02   2.2e-04 0.59
0.00037816557066960854
0.0005586838573312254
    15      50    5.4e+00    6    2.0e-01  -294.21382685  -225.18655483    -0.00012296   0.002746   4.5e-02   2.6e-04 0.60
0.00022620046376342628
0.00035611066176721707
    16      50    5.3e+00   10    3.1e-01  -294.21404597  -225.18677395    -0.00021911   0.002892   3.6e-02   2.6e-04 0.59
8.22904317851873e-5
0.00016694223326224784
    17      50    5.4e+00    6    2.5e-01  -294.21425631  -225.18698429    -0.00021034   0.002300   3.3e-02   2.8e-04 0.59
0.0001962976105560621
0.00030389209606724373
    18      50    5.4e+00   16    4.4e-01  -294.21442309  -225.18715107    -0.00016678   0.002070   3.0e-02   2.4e-04 0.60
6.881504254063753e-5
0.00011266372738430546
    19      50    5.4e+00    6    2.0e-01  -294.21460796  -225.18733594    -0.00018487   0.001985   3.2e-02   1.6e-04 0.60
0.0002542365775912714
0.0003718479770712597
    20      50    5.4e+00    6    1.9e-01  -294.21471466  -225.18744264    -0.00010670   0.001993   2.9e-02   2.3e-04 0.59
0.00019845516985400602
0.00029876185117193457
    21      50    5.4e+00   10    3.6e-01  -294.21482174  -225.18754972    -0.00010708   0.001217   2.1e-02   2.2e-04 0.60
0.00018665261498029828
0.00027733058335905453
    22      50    5.3e+00    3    1.4e-01  -294.21491010  -225.18763808    -0.00008836   0.001199   2.2e-02   2.1e-04 0.59
0.0002345230306168289
0.00035056810501984275
    23      50    5.2e+00    4    1.5e-01  -294.21496487  -225.18769285    -0.00005477   0.001402   1.9e-02   2.4e-04 0.60
9.644822947063592e-5
0.00017179441376044384
    24      50    5.3e+00    3    1.8e-01  -294.21500012  -225.18772810    -0.00003525   0.001334   2.1e-02   2.3e-04 0.60
0.00031691604866845857
0.0004578584020699344
    25      50    5.2e+00    6    1.9e-01  -294.21503507  -225.18776305    -0.00003495   0.001399   2.1e-02   2.2e-04 0.60
0.0001856661667622994
0.00027718100802218517
    26      50    5.3e+00    4    1.7e-01  -294.21507593  -225.18780391    -0.00004086   0.001325   2.2e-02   2.6e-04 0.60
7.912988216601802e-5
0.0001331958807577499
    27      50    5.2e+00   13    4.6e-01  -294.21511308  -225.18784106    -0.00003715   0.001150   2.1e-02   1.2e-04 0.60
0.0
0.0
    28      50    5.3e+00    0    5.4e-02  -294.21517392  -225.18790190    -0.00006083   0.001171   1.9e-02   2.2e-04 0.60
0.0002368377048382886
0.0003417549523192089
    29      60    6.4e+00    3    1.2e-01  -294.21519850  -225.18792648    -0.00002458   0.000846   1.4e-02   2.1e-04 0.60
2.5936480134929052e-5
6.117319384021888e-5
    30      60    6.4e+00    4    1.6e-01  -294.21521641  -225.18794439    -0.00001791   0.001167   1.5e-02   1.1e-04 0.60
5.4903697447761246e-5
9.930734471492113e-5
    31      60    6.4e+00    4    1.5e-01  -294.21525243  -225.18798041    -0.00003601   0.000960   1.4e-02   1.8e-04 0.60
0.00022985343035752948
0.00034195235811932946
    32      60    6.5e+00    3    1.2e-01  -294.21529350  -225.18802148    -0.00004107   0.001170   1.7e-02   2.7e-04 0.59
0.000303737471119947
0.00044033810831495214
    33      60    6.4e+00    6    1.9e-01  -294.21535919  -225.18808717    -0.00006569   0.000918   1.4e-02   1.3e-04 0.60
0.00011672190629963275
0.00017496396877152102
    34      60    6.3e+00    6    2.4e-01  -294.21544333  -225.18817131    -0.00008414   0.001055   1.6e-02   1.5e-04 0.60
3.317684909598037e-5
5.8481749035068154e-5
    35      60    6.4e+00    6    2.0e-01  -294.21553673  -225.18826471    -0.00009341   0.001006   1.5e-02   1.6e-04 0.60
2.7305632175209787e-5
6.004425737006177e-5
    36      60    6.4e+00    7    2.6e-01  -294.21561720  -225.18834518    -0.00008047   0.000970   1.7e-02   1.2e-04 0.59
0.0002211730031339565
0.0003181030360321215
    37      60    6.3e+00    3    1.3e-01  -294.21569291  -225.18842089    -0.00007572   0.000958   1.5e-02   1.9e-04 0.60
7.711093099793676e-5
0.00013006578167581618
    38      60    6.4e+00    4    1.5e-01  -294.21573280  -225.18846078    -0.00003988   0.001114   1.6e-02   2.0e-04 0.60
5.874483885901904e-5
0.0001032821994447252
    39      60    6.5e+00    3    1.3e-01  -294.21577439  -225.18850237    -0.00004159   0.001022   1.6e-02   1.6e-04 0.60
7.040323288765027e-5
0.00010668273332333852
    40      60    6.3e+00    6    2.7e-01  -294.21580055  -225.18852853    -0.00002616   0.001141   1.6e-02   1.3e-04 0.60
0.0
0.0
    41      60    6.1e+00    0    1.2e-01  -294.21583073  -225.18855871    -0.00003017   0.000917   1.6e-02   1.3e-04 0.60
0.00023358974180021086
0.00033270587970354957
    42      70    7.4e+00    1    7.9e-02  -294.21585457  -225.18858255    -0.00002384   0.000841   1.2e-02   1.8e-04 0.59
0.00013557653217582954
0.00020257219741193233
    43      70    7.2e+00    3    1.8e-01  -294.21586535  -225.18859333    -0.00001079   0.001214   1.5e-02   1.7e-04 0.60
0.0
0.0
    44      70    7.5e+00    0    5.5e-02  -294.21587969  -225.18860767    -0.00001434   0.000805   1.3e-02   1.5e-04 0.60
0.0
0.0
    45      80    8.3e+00    0    5.4e-02  -294.21589081  -225.18861879    -0.00001112   0.000721   9.6e-03   1.8e-04 0.60
0.0
0.0
    46      90    9.4e+00    0    5.4e-02  -294.21589806  -225.18862604    -0.00000725   0.000639   7.9e-03   2.3e-04 0.60
0.00020626850969940325
0.000297114556968214
    47     100    1.0e+01    1    1.1e-01  -294.21590383  -225.18863181    -0.00000577   0.000468   5.5e-03   1.8e-04 0.60
0.0
0.0
    48     100    1.1e+01    0    5.4e-02  -294.21590552  -225.18863350    -0.00000169   0.000485   5.8e-03   2.2e-04 0.60
2.970075384034921e-5
6.999604294749301e-5
    49     110    1.1e+01    4    1.5e-01  -294.21590753  -225.18863551    -0.00000201   0.000383   4.5e-03   1.9e-04 0.60
0.0002901109473061325
0.00041258100199205634
    50     110    1.2e+01    1    8.2e-02  -294.21591601  -225.18864399    -0.00000848   0.000417   4.2e-03   1.6e-04 0.59
0.0
0.0
    51     110    1.2e+01    0    5.9e-02  -294.21591691  -225.18864489    -0.00000090   0.000369   4.1e-03   1.7e-04 0.59
0.0
0.0
    52     120    1.3e+01    0    4.9e-02  -294.21591686  -225.18864484     0.00000005   0.001172   7.5e-03   1.8e-04 0.59
0.0
0.0
    53     125    1.3e+01    0    5.3e-02  -294.21591877  -225.18864675    -0.00000191   0.000098   1.0e-03   1.8e-04 0.59
 
RESULTS OF THE OCCUPATION OPTIMIZATION
========================================
   1    1.9999654  -20.76354331
   2    1.9999640  -20.75413808
   3    1.9999615  -20.74432854
   4    1.9878939  -1.48228431
   5    1.9849244  -1.32128308
   6    1.9835742  -1.27189016
   7    1.9662860  -0.84532793
   8    1.9660241  -0.84252487
   9    1.9760681  -0.78639257
  10    1.9787124  -0.68671365
  11    1.9768026  -0.65851915
  12    1.4051729  -0.44577518
  13    0.5948094  -0.23427010
  14    0.0096264  -0.01796887
  15    0.0092927  -0.01832620
  16    0.0082810  -0.01581867
  17    0.0319086  -0.06171722
  18    0.0331013  -0.06294779
  19    0.0067522  -0.01888275
  20    0.0067235  -0.01971032
  21    0.0057865  -0.01813449
  22    0.0000071  -0.00029232
  23    0.0000075  -0.00030880
  24    0.0000075  -0.00030323
  25    0.0000035  -0.00000346
  26    0.0046448  -0.00960124
  27    0.0046833  -0.00988355
  28    0.0054609  -0.01105281
  29    0.0016311  -0.00499836
  30    0.0002767  -0.00097633
  31    0.0028613  -0.00757152
  32    0.0030240  -0.00789967
  33    0.0023990  -0.00879683
  34    0.0000038  -0.00006997
  35    0.0000040  -0.00007153
  36    0.0000042  -0.00007872
  37    0.0000033  -0.00000383
  38    0.0037689  -0.00830314
  39    0.0037456  -0.00829336
  40    0.0043547  -0.00889361
  41    0.0001085  -0.00050215
  42    0.0000973  -0.00048996
  43    0.0025137  -0.00674001
  44    0.0021480  -0.00727238
  45    0.0014141  -0.00488913
  46    0.0000036  -0.00006825
  47    0.0000036  -0.00006702
  48    0.0000038  -0.00007060
  49    0.0000023  -0.00000281
  50    0.0032070  -0.00710616
  51    0.0012545  -0.00367893
  52    0.0042864  -0.00889076
  53    0.0001034  -0.00047871
  54    0.0000927  -0.00045254
  55    0.0019090  -0.00558918
  56    0.0011169  -0.00369450
  57    0.0005897  -0.00463993
  58    0.0000034  -0.00006345
  59    0.0000035  -0.00006497
  60    0.0000036  -0.00006597
  61    0.0000020  -0.00000270
  62    0.0004808  -0.00211447
  63    0.0005750  -0.00288440
  64    0.0004380  -0.00149100
  65    0.0000950  -0.00046239
  66    0.0000269  -0.00014073
  67    0.0009941  -0.00371087
  68    0.0006436  -0.00266579
  69    0.0005641  -0.00285646
  70    0.0000031  -0.00006194
  71    0.0000031  -0.00006235
  72    0.0000032  -0.00006089
  73    0.0000013  -0.00000123
  74    0.0003594  -0.00118389
  75    0.0004806  -0.00205999
  76    0.0003394  -0.00112139
  77    0.0000204  -0.00012909
  78    0.0000199  -0.00012472
  79    0.0006073  -0.00353437
  80    0.0005264  -0.00430826
  81    0.0003653  -0.00137957
  82    0.0000030  -0.00005937
  83    0.0000030  -0.00005964
  84    0.0000028  -0.00005626
  85    0.0000011  -0.00000115
  86    0.0002978  -0.00093196
  87    0.0003965  -0.00124291
  88    0.0002543  -0.00091874
  89    0.0000198  -0.00012018
  90    0.0000190  -0.00011918
  91    0.0002260  -0.00090590
  92    0.0002303  -0.00088080
  93    0.0002533  -0.00100548
  94    0.0000029  -0.00005745
  95    0.0000029  -0.00005708
  96    0.0000027  -0.00005504
  97    0.0000010  -0.00000107
  98    0.0002206  -0.00076546
  99    0.0003080  -0.00102612
 100    0.0001956  -0.00076098
 101    0.0000166  -0.00011191
 102    0.0000157  -0.00010326
 103    0.0001906  -0.00084412
 104    0.0002280  -0.00087492
 105    0.0002241  -0.00103595
 106    0.0000028  -0.00005769
 107    0.0000025  -0.00005093
 108    0.0000023  -0.00004933
 109    0.0000008  -0.00000235
 110    0.0001968  -0.00077599
 111    0.0002397  -0.00079752
 112    0.0001798  -0.00067772
 113    0.0000156  -0.00010234
 114    0.0000143  -0.00010006
 115    0.0001658  -0.00071907
 116    0.0001908  -0.00081179
 117    0.0001524  -0.00080263
 118    0.0000026  -0.00005402
 119    0.0000024  -0.00004983
 120    0.0000020  -0.00004573
 121    0.0000007  -0.00000211
 122    0.0001758  -0.00060386
 123    0.0002309  -0.00081115
 124    0.0000556  -0.00030749
 125    0.0000150  -0.00009718
 126    0.0000137  -0.00009620
 127    0.0001021  -0.00116971
 128    0.0001396  -0.00075043
 129    0.0001185  -0.00095251
 130    0.0000024  -0.00004908
 131    0.0000017  -0.00004181
 132    0.0000011  -0.00002836
 133    0.0000006  -0.00000209
 134    0.0001566  -0.00057460
 135    0.0000362  -0.00024831
 136    0.0000472  -0.00026710
 137    0.0000143  -0.00009372
 138    0.0000128  -0.00009104
 139    0.0000523  -0.00041219
 140    0.0000551  -0.00044531
 141    0.0001145  -0.00079007
 142    0.0000021  -0.00004697
 143    0.0000009  -0.00002653
 144    0.0000007  -0.00002277
 145    0.0000006  -0.00000216
 146    0.0000424  -0.00025187
 147    0.0000225  -0.00014739
 148    0.0000198  -0.00012213
 149    0.0000139  -0.00009054
 150    0.0000120  -0.00008409
 151    0.0000280  -0.00017719
 152    0.0000267  -0.00017248
 153    0.0000679  -0.00089666
 154    0.0000014  -0.00003349
 155    0.0000005  -0.00001335
 156    0.0000004  -0.00001154
 157    0.0000005  -0.00000057
 158    0.0000200  -0.00013722
 159    0.0000220  -0.00014045
 160    0.0000191  -0.00011590
 161    0.0000137  -0.00008888
 162    0.0000118  -0.00008141
 163    0.0000233  -0.00018220
 164    0.0000227  -0.00015420
 165    0.0000569  -0.00066030
 166    0.0000003  -0.00003839
 167    0.0000003  -0.00003846
 168    0.0000003  -0.00003836
 
----------------
 Final Energies 
----------------
Final NOF Total Energy =    -225.1886468
 
Total Orbital Internal Iterations = 2995
Total Occupation Internal Iterations = 471
 
Elapsed time:  416.05 Seconds

---------------------------------
   Lowdin Population Analysis    
---------------------------------
 Idx  Atom   Population   Charge 
---------------------------------
  1     O     8.078      -0.078
  2     O     7.961       0.039
  3     O     7.961       0.039

---------------------------------
   M Diagnostic: 0.59
---------------------------------

