Computing Integrals
Elapsed time:    3.57 Seconds

Number of basis functions                   (NBF)    = 114
Number of auxiliary basis functions         (NBFAUX) = 154
Inactive Doubly occupied orbitals up to     (NO1)    = 0
No. considered Strongly Doubly occupied MOs (NDOC)   = 7
No. considered Strongly Singly occupied MOs (NSOC)   = 1
NO. of Weakly occ. per St. Doubly occ.  MOs (NCWO)   = 15
Dimension of the Nat. Orb. subspace         (NBF5)   = 113
No. of electrons                                     = 15
    No. of alpha electrons                           = 8
    No. of beta electrons                            = 7
Multiplicity                                         = 2

Geometry
========
 N       0.0000000       0.0000000       0.5729800
 O       0.0000000       0.0000000      -0.5729800

No violations of the orthonormality
No violations of the orthonormality
 
PNOF8/ADAM Calculation
==================
 
  Nitext  Nit_orb  Time   Nit_occ  Time         Eelec          Etot           Ediff      maxdiff    Grad_orb  Grad_occ
0.07867040978707518
0.11129717367651229
     1      10    1.5e+01   63    2.9e+01  -155.50468624  -129.64526441 -10154.50468624   0.133149   1.7e+00   2.4e-04 0.04
0.0009793040321176179
0.0020002168853239773
     2      10    3.2e-01   23    2.9e-01  -155.57769680  -129.71827497    -0.07301056   0.099158   1.6e+00   2.0e-04 0.04
0.0006535477869500372
0.0014704348601740312
     3      10    4.8e-01   13    1.8e-01  -155.57941712  -129.71999529    -0.00172032   0.157954   1.8e+00   2.5e-04 0.04
0.0005581851352746137
0.0008887016940962869
     4      10    3.5e-01   13    2.4e-01  -155.56746229  -129.70804046     0.01195483   0.091065   1.8e+00   2.7e-04 0.04
0.000487489577276623
0.0009569573132584824
     5      30    8.8e-01   13    1.6e-01  -155.60875869  -129.74933686    -0.04129640   0.012546   1.5e-01   2.9e-04 0.04
0.0003818202478057531
0.0006741653457918548
     6      30    1.5e+00   24    2.8e-01  -155.61255290  -129.75313107    -0.00379421   0.008002   9.5e-02   1.7e-04 0.04
0.00021235189468105098
0.00036399359685907037
     7      30    1.5e+00    9    2.1e-01  -155.61406793  -129.75464611    -0.00151504   0.007083   1.2e-01   1.7e-04 0.04
0.0001319584142357444
0.00024253600136027372
     8      30    1.5e+00   11    1.5e-01  -155.61535453  -129.75593270    -0.00128659   0.048164   3.0e-01   2.3e-04 0.04
0.00013181006087662796
0.00022738417092900445
     9      30    1.3e+00   13    1.5e-01  -155.61612072  -129.75669889    -0.00076619   0.008794   1.2e-01   1.8e-04 0.04
8.906754002274003e-5
0.00018760815479927908
    10      30    1.2e+00    6    9.1e-02  -155.61683321  -129.75741138    -0.00071249   0.006909   1.0e-01   1.6e-04 0.04
6.950397481475523e-5
0.00013910511026188352
    11      30    1.6e+00    6    1.4e-01  -155.61698630  -129.75756447    -0.00015309   0.009406   1.4e-01   1.9e-04 0.04
6.261266273699384e-5
0.0001147908061996365
    12      30    1.1e+00    6    8.9e-02  -155.61737976  -129.75795793    -0.00039346   0.006047   9.2e-02   1.9e-04 0.04
3.2667250174589924e-5
6.457199594449254e-5
    13      30    1.6e+00    6    9.5e-02  -155.61734102  -129.75791920     0.00003874   0.006334   1.0e-01   2.1e-04 0.04
4.978862082627433e-5
7.790236853453018e-5
    14      50    2.3e+00    1    7.8e-02  -155.61801400  -129.75859217    -0.00067298   0.001033   1.3e-02   1.9e-04 0.04
2.803198651529196e-5
6.239907513411873e-5
    15      50    1.8e+00    6    7.3e-02  -155.61800645  -129.75858462     0.00000755   0.002536   3.0e-02   2.1e-04 0.04
6.879963291949245e-5
9.459016904935728e-5
    16      70    3.0e+00    3    5.0e-02  -155.61810337  -129.75868154    -0.00009691   0.000249   3.5e-03   2.0e-04 0.04
4.228728074207044e-5
7.161425862211858e-5
    17      70    2.6e+00    1    7.1e-02  -155.61812149  -129.75869966    -0.00001812   0.000747   7.5e-03   2.3e-04 0.04
3.2677102813825215e-5
5.7988874354127716e-5
    18      70    3.2e+00    8    1.2e-01  -155.61813416  -129.75871233    -0.00001267   0.000686   6.6e-03   2.0e-04 0.04
0.0
0.0
    19      70    3.2e+00    0    2.9e-02  -155.61818363  -129.75876181    -0.00004947   0.000547   5.5e-03   1.8e-04 0.04
0.0
0.0
    20      80    3.5e+00    0    2.4e-02  -155.61819852  -129.75877669    -0.00001489   0.000402   5.1e-03   2.2e-04 0.04
5.814298860983263e-5
9.442732432855897e-5
    21      90    3.4e+00    6    9.1e-02  -155.61820918  -129.75878735    -0.00001066   0.000278   3.6e-03   2.6e-04 0.04
3.3446378115107494e-5
7.121286331673622e-5
    22      90    3.6e+00    6    1.0e-01  -155.61824291  -129.75882108    -0.00003373   0.000603   4.7e-03   1.7e-04 0.04
0.0
0.0
    23      90    3.7e+00    0    1.6e-02  -155.61827897  -129.75885714    -0.00003606   0.000572   6.4e-03   1.6e-04 0.04
0.0
0.0
    24     100    3.8e+00    0    3.7e-02  -155.61829053  -129.75886870    -0.00001156   0.000442   4.7e-03   1.8e-04 0.04
0.0
0.0
    25     110    4.4e+00    0    6.6e-02  -155.61830059  -129.75887876    -0.00001006   0.000395   3.9e-03   2.0e-04 0.04
0.0
0.0
    26     120    4.9e+00    0    2.9e-02  -155.61830948  -129.75888765    -0.00000889   0.000364   3.6e-03   2.3e-04 0.04
0.0
0.0
    27     130    5.6e+00    0    3.5e-02  -155.61831699  -129.75889516    -0.00000752   0.000310   3.0e-03   2.5e-04 0.04
0.0
0.0
    28     140    5.6e+00    0    3.4e-02  -155.61832234  -129.75890051    -0.00000534   0.000230   2.8e-03   2.6e-04 0.04
5.970667884262239e-5
0.00012264902040054696
    29     150    5.6e+00    3    4.2e-02  -155.61832595  -129.75890412    -0.00000362   0.000178   2.7e-03   3.0e-04 0.04
3.235052886203446e-5
7.440334127379022e-5
    30     150    5.7e+00    9    1.3e-01  -155.61834860  -129.75892678    -0.00002265   0.000135   2.1e-03   1.3e-04 0.04
0.0
0.0
    31     150    6.2e+00    0    3.6e-02  -155.61839317  -129.75897134    -0.00004456   0.000137   1.9e-03   1.3e-04 0.04
0.0
0.0
    32     160    7.0e+00    0    1.6e-02  -155.61839639  -129.75897456    -0.00000323   0.000150   1.9e-03   1.3e-04 0.04
0.0
0.0
    33     170    6.7e+00    0    3.0e-02  -155.61839779  -129.75897596    -0.00000140   0.000118   1.7e-03   1.4e-04 0.04
0.0
0.0
    34     180    7.2e+00    0    6.5e-02  -155.61839841  -129.75897658    -0.00000062   0.000102   1.4e-03   1.4e-04 0.04
0.0
0.0
    35     188    7.0e+00    0    3.0e-02  -155.61839871  -129.75897688    -0.00000031   0.000099   1.2e-03   1.5e-04 0.04
 
RESULTS OF THE OCCUPATION OPTIMIZATION
========================================
   1    1.9999790  -20.72132473
   2    1.9999495  -15.72471255
   3    1.9871849  -1.44492110
   4    1.9811332  -0.95804105
   5    1.9715979  -0.88682779
   6    1.9783426  -0.72839264
   7    1.9611698  -0.69045937
   8    1.0000000  -0.23271359
   9    0.0359063  -0.05571112
  10    0.0074954  -0.01439795
  11    0.0212034  -0.04267579
  12    0.0075281  -0.01740384
  13    0.0058195  -0.01838452
  14    0.0000297  -0.00091992
  15    0.0000120  -0.00046219
  16    0.0027482  -0.00625644
  17    0.0051060  -0.01030985
  18    0.0034404  -0.00868850
  19    0.0038705  -0.00819790
  20    0.0030038  -0.00794912
  21    0.0000048  -0.00007616
  22    0.0000020  -0.00003975
  23    0.0000242  -0.00011877
  24    0.0039893  -0.00791771
  25    0.0029679  -0.00780540
  26    0.0016895  -0.00425980
  27    0.0015846  -0.00703515
  28    0.0000040  -0.00005602
  29    0.0000019  -0.00004221
  30    0.0000184  -0.00009108
  31    0.0021890  -0.00558365
  32    0.0002200  -0.00075450
  33    0.0015236  -0.00361572
  34    0.0005880  -0.00216070
  35    0.0000036  -0.00005847
  36    0.0000018  -0.00004462
  37    0.0000154  -0.00009017
  38    0.0007226  -0.00225631
  39    0.0001586  -0.00055863
  40    0.0014046  -0.00378904
  41    0.0005178  -0.00424447
  42    0.0000035  -0.00005040
  43    0.0000010  -0.00002905
  44    0.0000150  -0.00008800
  45    0.0005517  -0.00392466
  46    0.0001192  -0.00052474
  47    0.0009525  -0.00291128
  48    0.0003149  -0.00155380
  49    0.0000012  -0.00006446
  50    0.0000007  -0.00002792
  51    0.0000144  -0.00008407
  52    0.0004853  -0.00139762
  53    0.0000983  -0.00036726
  54    0.0003783  -0.00136913
  55    0.0002552  -0.00096318
  56    0.0000009  -0.00002525
  57    0.0000004  -0.00002436
  58    0.0000137  -0.00007857
  59    0.0004128  -0.00123088
  60    0.0000630  -0.00030620
  61    0.0003036  -0.00110802
  62    0.0002321  -0.00085502
  63    0.0000008  -0.00002357
  64    0.0000003  -0.00001317
  65    0.0000133  -0.00007844
  66    0.0002450  -0.00074471
  67    0.0000271  -0.00015594
  68    0.0003017  -0.00133531
  69    0.0001517  -0.00067880
  70    0.0000006  -0.00002223
  71    0.0000002  -0.00001927
  72    0.0000130  -0.00007588
  73    0.0001492  -0.00054579
  74    0.0000241  -0.00013745
  75    0.0002031  -0.00071727
  76    0.0001196  -0.00061662
  77    0.0000004  -0.00001734
  78    0.0000001  -0.00000304
  79    0.0000124  -0.00007311
  80    0.0001296  -0.00046581
  81    0.0000195  -0.00011245
  82    0.0002006  -0.00068765
  83    0.0001059  -0.00075068
  84    0.0000004  -0.00001621
  85    0.0000001  -0.00000293
  86    0.0000105  -0.00007144
  87    0.0000874  -0.00038924
  88    0.0000188  -0.00011224
  89    0.0001671  -0.00062654
  90    0.0000416  -0.00031324
  91    0.0000003  -0.00002263
  92    0.0000001  -0.00000161
  93    0.0000090  -0.00005712
  94    0.0000389  -0.00021603
  95    0.0000145  -0.00009596
  96    0.0001369  -0.00049258
  97    0.0000354  -0.00020817
  98    0.0000002  -0.00000439
  99    0.0000001  -0.00000141
 100    0.0000088  -0.00005601
 101    0.0000290  -0.00014931
 102    0.0000138  -0.00009186
 103    0.0001109  -0.00044942
 104    0.0000258  -0.00014546
 105    0.0000001  -0.00000299
 106    0.0000001  -0.00000072
 107    0.0000075  -0.00005199
 108    0.0000264  -0.00014675
 109    0.0000133  -0.00008931
 110    0.0000955  -0.00073117
 111    0.0000192  -0.00012147
 112    0.0000001  -0.00000147
 113    0.0000000  -0.00000023
 
----------------
 Final Energies 
----------------
Final NOF Total Energy =    -129.7589769
 
Total Orbital Internal Iterations = 2788
Total Occupation Internal Iterations = 249
 
Elapsed time:  191.48 Seconds

---------------------------------
   Lowdin Population Analysis    
---------------------------------
 Idx  Atom   Population   Charge 
---------------------------------
  1     N     7.125      -0.125
  2     O     7.875       0.125

---------------------------------
   M Diagnostic: 0.04
---------------------------------

