Computing Integrals
Elapsed time:    3.70 Seconds

Number of basis functions                   (NBF)    = 127
Number of auxiliary basis functions         (NBFAUX) = 205
Inactive Doubly occupied orbitals up to     (NO1)    = 0
No. considered Strongly Doubly occupied MOs (NDOC)   = 13
No. considered Strongly Singly occupied MOs (NSOC)   = 0
NO. of Weakly occ. per St. Doubly occ.  MOs (NCWO)   = 8
Dimension of the Nat. Orb. subspace         (NBF5)   = 117
No. of electrons                                     = 26
    No. of alpha electrons                           = 13
    No. of beta electrons                            = 13
Multiplicity                                         = 1

Geometry
========
Cl       0.0000000       0.0000000       0.5629000
 F       0.0000000       0.0000000      -1.0632600

No violations of the orthonormality
No violations of the orthonormality
 
PNOF8/ADAM Calculation
==================
 
  Nitext  Nit_orb  Time   Nit_occ  Time         Eelec          Etot           Ediff      maxdiff    Grad_orb  Grad_occ
0.04360499990229681
0.062364053425644876
     1      10    1.6e+01   63    2.9e+01  -609.23737547  -559.44894922 -10608.23737547   1.689431   1.3e+01   2.8e-04 0.04
0.0013193534616190439
0.0023518111871465497
     2      10    7.2e-01   30    4.0e-01  -609.34589322  -559.55746697    -0.10851775   0.188436   4.2e+00   2.5e-04 0.04
0.0008159386277437619
0.001514269496912717
     3      30    1.9e+00   34    3.7e-01  -609.50050114  -559.71207489    -0.15460792   0.036931   4.1e-01   2.5e-04 0.03
0.00038893280773477645
0.0009922252415821083
     4      30    1.5e+00   28    3.5e-01  -609.51923165  -559.73080540    -0.01873051   0.018484   2.5e-01   3.1e-04 0.03
0.0003834503189910077
0.0007829607352224421
     5      30    1.5e+00   18    2.2e-01  -609.52619069  -559.73776444    -0.00695905   0.019942   2.9e-01   2.4e-04 0.03
0.0002392191567291979
0.0005679806779756276
     6      30    1.3e+00   31    3.7e-01  -609.53053320  -559.74210695    -0.00434250   0.024025   3.2e-01   1.9e-04 0.03
0.00019508436908877158
0.0004101629041351133
     7      30    1.8e+00   15    1.5e-01  -609.53304795  -559.74462170    -0.00251475   0.028692   3.4e-01   2.7e-04 0.03
0.00017719200211985253
0.0003557041543433846
     8      30    1.8e+00   23    2.5e-01  -609.53492310  -559.74649685    -0.00187515   0.024133   3.6e-01   1.9e-04 0.03
0.00015691405712065475
0.0003281100740519877
     9      30    1.4e+00   26    3.2e-01  -609.53630096  -559.74787471    -0.00137786   0.018638   3.8e-01   1.5e-04 0.03
0.000173504552294923
0.0003311967481574661
    10      30    1.4e+00   25    3.1e-01  -609.53782963  -559.74940338    -0.00152867   0.019953   3.7e-01   1.7e-04 0.03
0.00019067346520362793
0.00029022268425272764
    11      30    1.7e+00   12    1.2e-01  -609.53938975  -559.75096350    -0.00156012   0.019901   3.1e-01   2.7e-04 0.03
0.00017949508151249294
0.00028387781723080774
    12      30    1.7e+00   18    1.7e-01  -609.54005950  -559.75163325    -0.00066975   0.021876   3.3e-01   2.3e-04 0.03
0.00017832293872582783
0.00028757987486207573
    13      30    1.7e+00   13    2.3e-01  -609.54070859  -559.75228234    -0.00064909   0.021769   3.3e-01   2.2e-04 0.03
0.00012992481554496838
0.00022812843181406218
    14      30    1.3e+00   12    1.5e-01  -609.54120655  -559.75278030    -0.00049796   0.019814   3.2e-01   2.8e-04 0.03
8.955475871574858e-5
0.00015868162996533972
    15      30    1.7e+00    8    1.1e-01  -609.54174947  -559.75332322    -0.00054292   0.021259   3.2e-01   2.8e-04 0.03
9.496873484034479e-5
0.0001685681750870713
    16      30    1.7e+00   13    1.9e-01  -609.54215788  -559.75373163    -0.00040841   0.020315   3.1e-01   2.1e-04 0.03
6.69961483359743e-5
0.00011495997091124904
    17      30    1.7e+00    5    1.1e-01  -609.54232465  -559.75389840    -0.00016677   0.025186   3.3e-01   1.9e-04 0.03
4.229022588309039e-5
8.250997406853112e-5
    18      30    1.3e+00    9    1.4e-01  -609.54270595  -559.75427970    -0.00038130   0.022914   3.0e-01   2.6e-04 0.03
2.4586245250461918e-5
5.8851490492729674e-5
    19      30    1.9e+00    5    5.1e-02  -609.54284986  -559.75442361    -0.00014391   0.020799   3.1e-01   2.0e-04 0.03
2.1754046892395913e-5
5.846926828987531e-5
    20      30    1.8e+00   12    2.1e-01  -609.54273589  -559.75430964     0.00011397   0.030537   3.5e-01   2.1e-04 0.03
2.435011351786809e-5
4.7865350375714366e-5
    21      50    3.2e+00    3    8.1e-02  -609.54445269  -559.75602644    -0.00171680   0.002846   3.1e-02   2.0e-04 0.03
1.4354831527452205e-5
3.240009006626064e-5
    22      50    2.9e+00    5    1.3e-01  -609.54438035  -559.75595410     0.00007233   0.004554   7.1e-02   1.8e-04 0.03
1.1520107178752959e-5
2.2041985216747778e-5
    23      70    3.6e+00    2    7.3e-02  -609.54450335  -559.75607710    -0.00012300   0.000572   9.1e-03   1.9e-04 0.03
1.1349103112179293e-5
2.0983642422366316e-5
    24      70    3.6e+00    5    7.4e-02  -609.54450753  -559.75608128    -0.00000418   0.001109   1.4e-02   1.9e-04 0.03
8.667236057635641e-6
1.800751193129181e-5
    25      70    3.5e+00    2    5.0e-02  -609.54452052  -559.75609427    -0.00001299   0.001104   1.6e-02   2.1e-04 0.03
1.564604904114031e-5
2.712006892332893e-5
    26      70    4.1e+00    5    6.5e-02  -609.54453073  -559.75610448    -0.00001021   0.001039   1.4e-02   2.2e-04 0.03
1.330922610098817e-5
2.4571945859923526e-5
    27      70    4.4e+00    2    5.8e-02  -609.54454804  -559.75612179    -0.00001731   0.000925   1.3e-02   2.1e-04 0.03
1.856951032574994e-5
3.904328893611473e-5
    28      70    3.6e+00    8    1.8e-01  -609.54455648  -559.75613023    -0.00000844   0.001140   1.4e-02   2.1e-04 0.03
1.4575170168229512e-5
3.1324015385719385e-5
    29      70    3.8e+00    2    3.8e-02  -609.54458800  -559.75616175    -0.00003153   0.001099   1.3e-02   2.2e-04 0.03
2.4208869965236524e-5
3.418674635013555e-5
    30      70    3.6e+00    4    6.5e-02  -609.54460328  -559.75617703    -0.00001528   0.000955   1.3e-02   2.1e-04 0.03
2.8487066798921212e-5
4.004744218165217e-5
    31      70    3.6e+00    5    5.8e-02  -609.54463009  -559.75620384    -0.00002681   0.000991   1.3e-02   1.7e-04 0.03
2.138743989243963e-5
3.9681574795540864e-5
    32      70    3.4e+00    5    1.4e-01  -609.54466398  -559.75623773    -0.00003389   0.000951   1.3e-02   1.7e-04 0.03
9.191695796606503e-6
2.3178554765412767e-5
    33      70    3.9e+00    5    6.6e-02  -609.54470115  -559.75627490    -0.00003716   0.001345   1.5e-02   1.4e-04 0.03
1.1742757906496593e-5
3.195070864752339e-5
    34      70    3.8e+00    6    1.2e-01  -609.54474526  -559.75631901    -0.00004411   0.001070   1.4e-02   1.2e-04 0.03
1.6707117436509655e-5
3.063796612918958e-5
    35      70    3.8e+00    5    5.6e-02  -609.54478897  -559.75636272    -0.00004371   0.001147   1.5e-02   1.3e-04 0.03
9.131650755334064e-6
2.511801418604613e-5
    36      70    4.2e+00    5    1.0e-01  -609.54483321  -559.75640696    -0.00004424   0.001149   1.5e-02   1.1e-04 0.03
1.979605231194892e-5
3.455383834465799e-5
    37      70    3.1e+00    5    9.3e-02  -609.54487341  -559.75644716    -0.00004020   0.001551   1.9e-02   1.6e-04 0.03
1.376626379256951e-5
3.0387483474210383e-5
    38      70    4.4e+00    6    7.8e-02  -609.54491885  -559.75649260    -0.00004544   0.001312   1.8e-02   1.2e-04 0.03
1.5680612630131208e-5
3.23833459608642e-5
    39      70    3.7e+00    2    4.1e-02  -609.54496031  -559.75653406    -0.00004146   0.001362   1.8e-02   2.4e-04 0.03
2.181063851725007e-5
4.567374669560966e-5
    40      70    3.2e+00    6    1.0e-01  -609.54499137  -559.75656512    -0.00003106   0.001369   1.8e-02   1.4e-04 0.03
0.0
0.0
    41      70    4.0e+00    0    2.3e-02  -609.54503243  -559.75660618    -0.00004106   0.001371   1.8e-02   1.4e-04 0.03
1.8024562606659342e-5
3.833181752188228e-5
    42      80    4.4e+00    5    8.6e-02  -609.54506265  -559.75663640    -0.00003022   0.001147   1.5e-02   1.6e-04 0.03
0.0
0.0
    43      80    4.6e+00    0    1.1e-01  -609.54509848  -559.75667223    -0.00003584   0.001185   1.4e-02   1.8e-04 0.03
0.0
0.0
    44      90    4.8e+00    0    3.1e-02  -609.54512399  -559.75669774    -0.00002551   0.000988   1.2e-02   2.2e-04 0.03
1.5257071453445015e-5
2.5779828931249317e-5
    45     100    5.8e+00    3    4.1e-02  -609.54514461  -559.75671836    -0.00002062   0.001005   1.2e-02   2.1e-04 0.03
3.152804756900718e-5
5.538324142568304e-5
    46     100    4.8e+00    1    4.8e-02  -609.54516699  -559.75674074    -0.00002238   0.000966   1.2e-02   2.4e-04 0.03
0.0
0.0
    47     100    5.6e+00    0    1.9e-02  -609.54518263  -559.75675638    -0.00001564   0.001072   1.2e-02   2.1e-04 0.03
0.0
0.0
    48     110    6.3e+00    0    3.6e-02  -609.54519750  -559.75677125    -0.00001487   0.000899   9.9e-03   2.2e-04 0.03
2.055137530707898e-5
4.836490025409818e-5
    49     120    6.5e+00    5    6.7e-02  -609.54520819  -559.75678194    -0.00001069   0.000829   9.4e-03   2.1e-04 0.03
0.0
0.0
    50     120    6.4e+00    0    6.6e-02  -609.54523333  -559.75680708    -0.00002514   0.000840   1.0e-02   2.1e-04 0.03
0.0
0.0
    51     130    7.5e+00    0    4.0e-02  -609.54524148  -559.75681523    -0.00000816   0.000722   9.3e-03   2.5e-04 0.03
0.0
0.0
    52     140    7.8e+00    0    3.9e-02  -609.54524798  -559.75682173    -0.00000649   0.000648   8.4e-03   2.8e-04 0.03
2.9989169881949884e-5
6.803705938070197e-5
    53     150    7.7e+00    1    2.9e-02  -609.54525263  -559.75682638    -0.00000466   0.000603   8.3e-03   2.8e-04 0.03
0.0
0.0
    54     150    9.0e+00    0    3.4e-02  -609.54525859  -559.75683234    -0.00000596   0.000607   8.1e-03   2.4e-04 0.03
0.0
0.0
    55     160    9.4e+00    0    1.6e-02  -609.54526244  -559.75683619    -0.00000384   0.000545   7.4e-03   2.7e-04 0.03
3.0293165676346587e-5
6.976442573656218e-5
    56     170    8.8e+00    5    1.5e-01  -609.54526583  -559.75683958    -0.00000339   0.000475   6.6e-03   1.7e-04 0.03
1.6763601038209154e-5
3.650309901956844e-5
    57     170    8.8e+00    5    7.7e-02  -609.54528266  -559.75685641    -0.00001683   0.000486   6.2e-03   1.5e-04 0.03
0.0
0.0
    58     170    8.6e+00    0    3.6e-02  -609.54529334  -559.75686709    -0.00001068   0.000459   5.9e-03   1.8e-04 0.03
0.0
0.0
    59     180    1.0e+01    0    3.3e-02  -609.54529560  -559.75686935    -0.00000227   0.000413   5.2e-03   2.0e-04 0.03
2.1598835693636964e-5
3.966658241424713e-5
    60     190    1.0e+01    3    6.9e-02  -609.54529773  -559.75687148    -0.00000213   0.000342   4.3e-03   1.9e-04 0.03
0.0
0.0
    61     190    9.9e+00    0    3.2e-02  -609.54530266  -559.75687641    -0.00000493   0.000335   4.2e-03   2.1e-04 0.03
1.9995077830681218e-5
4.329805409462185e-5
    62     200    1.1e+01    1    4.5e-02  -609.54530423  -559.75687798    -0.00000158   0.000262   3.6e-03   1.6e-04 0.03
0.0
0.0
    63     200    1.1e+01    0    2.7e-02  -609.54530577  -559.75687952    -0.00000154   0.000265   3.6e-03   1.4e-04 0.03
0.0
0.0
    64     210    1.1e+01    0    5.0e-02  -609.54530664  -559.75688039    -0.00000087   0.000217   3.1e-03   1.5e-04 0.03
0.0
0.0
    65     220    1.1e+01    0    2.4e-02  -609.54530732  -559.75688107    -0.00000068   0.000215   3.0e-03   1.6e-04 0.03
0.0
0.0
    66     230    1.2e+01    0    3.9e-02  -609.54530802  -559.75688177    -0.00000070   0.000196   2.6e-03   1.6e-04 0.03
0.0
0.0
    67     240    1.3e+01    0    2.2e-02  -609.54530850  -559.75688225    -0.00000047   0.000186   2.4e-03   1.7e-04 0.03
0.0
0.0
    68     250    1.4e+01    0    2.3e-02  -609.54530887  -559.75688262    -0.00000038   0.000170   2.1e-03   1.7e-04 0.03
0.0
0.0
    69     260    1.5e+01    0    3.5e-02  -609.54530911  -559.75688286    -0.00000024   0.000158   1.9e-03   1.8e-04 0.03
0.0
0.0
    70     270    1.5e+01    0    3.0e-02  -609.54530927  -559.75688302    -0.00000016   0.000146   1.7e-03   1.8e-04 0.03
0.0
0.0
    71     280    1.5e+01    0    4.2e-02  -609.54530938  -559.75688313    -0.00000010   0.000132   1.5e-03   1.8e-04 0.03
0.0
0.0
    72     290    1.4e+01    0    1.8e-02  -609.54530944  -559.75688319    -0.00000007   0.000120   1.3e-03   1.9e-04 0.03
0.0
0.0
    73     300    1.7e+01    0    2.5e-02  -609.54530948  -559.75688323    -0.00000004   0.000105   1.2e-03   1.9e-04 0.03
0.0
0.0
    74     310    1.6e+01    0    2.0e-02  -609.54530951  -559.75688326    -0.00000002   0.000099   1.1e-03   1.9e-04 0.03
 
RESULTS OF THE OCCUPATION OPTIMIZATION
========================================
   1    1.9999985  -104.98524108
   2    1.9999857  -26.40160284
   3    1.9998883  -10.67490373
   4    1.9991582  -8.14588636
   5    1.9993136  -8.13950165
   6    1.9994302  -8.13930564
   7    1.9871911  -1.63122911
   8    1.9841271  -1.12823086
   9    1.9652718  -0.78981378
  10    1.9789947  -0.74886169
  11    1.9794008  -0.74723174
  12    1.9775271  -0.53640645
  13    1.9714742  -0.53215995
  14    0.0084854  -0.01735152
  15    0.0093679  -0.01868473
  16    0.0105174  -0.02322271
  17    0.0111601  -0.02369895
  18    0.0342772  -0.06830303
  19    0.0065324  -0.02939162
  20    0.0056992  -0.02233942
  21    0.0004456  -0.01059431
  22    0.0005119  -0.01192953
  23    0.0004370  -0.01055491
  24    0.0000453  -0.00064979
  25    0.0000053  -0.00015278
  26    0.0000005  -0.00004067
  27    0.0079073  -0.01682394
  28    0.0072529  -0.02018275
  29    0.0039209  -0.01219303
  30    0.0040839  -0.01238875
  31    0.0001869  -0.00079811
  32    0.0042699  -0.01472273
  33    0.0024692  -0.00976930
  34    0.0000741  -0.00294994
  35    0.0000637  -0.00075170
  36    0.0002997  -0.00745090
  37    0.0000149  -0.00045120
  38    0.0000030  -0.00011311
  39    0.0000002  -0.00002862
  40    0.0063177  -0.01743498
  41    0.0021291  -0.00925713
  42    0.0033319  -0.00911829
  43    0.0038654  -0.01030717
  44    0.0000509  -0.00026526
  45    0.0019558  -0.01005300
  46    0.0024302  -0.00969544
  47    0.0000120  -0.00014827
  48    0.0000619  -0.00081841
  49    0.0000534  -0.00145694
  50    0.0000115  -0.00043814
  51    0.0000022  -0.00026255
  52    0.0000002  -0.00001292
  53    0.0049524  -0.01347901
  54    0.0015514  -0.00656905
  55    0.0015218  -0.00665510
  56    0.0006296  -0.00249445
  57    0.0000478  -0.00018247
  58    0.0018943  -0.00993821
  59    0.0009521  -0.00649318
  60    0.0000099  -0.00014897
  61    0.0000149  -0.00020548
  62    0.0000144  -0.00016598
  63    0.0000106  -0.00018032
  64    0.0000019  -0.00004991
  65    0.0000001  -0.00001101
  66    0.0004825  -0.00134720
  67    0.0006924  -0.00175386
  68    0.0005135  -0.00332963
  69    0.0004901  -0.00187709
  70    0.0000478  -0.00018242
  71    0.0004173  -0.00162809
  72    0.0005772  -0.00274773
  73    0.0000077  -0.00010768
  74    0.0000115  -0.00014610
  75    0.0000126  -0.00042039
  76    0.0000099  -0.00013632
  77    0.0000016  -0.00004449
  78    0.0000001  -0.00001064
  79    0.0001677  -0.00080896
  80    0.0006774  -0.00174522
  81    0.0002844  -0.00117855
  82    0.0002762  -0.00110713
  83    0.0000396  -0.00017176
  84    0.0003717  -0.00222009
  85    0.0002424  -0.00120197
  86    0.0000071  -0.00010355
  87    0.0000079  -0.00011443
  88    0.0000085  -0.00011845
  89    0.0000084  -0.00012195
  90    0.0000001  -0.00001088
  91    0.0000001  -0.00000791
  92    0.0001086  -0.00062349
  93    0.0005889  -0.00152260
  94    0.0002775  -0.00113495
  95    0.0002604  -0.00104907
  96    0.0000393  -0.00017255
  97    0.0002423  -0.00129133
  98    0.0002337  -0.00112590
  99    0.0000070  -0.00009660
 100    0.0000074  -0.00010560
 101    0.0000084  -0.00011669
 102    0.0000076  -0.00010518
 103    0.0000001  -0.00000572
 104    0.0000001  -0.00000723
 105    0.0001041  -0.00047814
 106    0.0002128  -0.00096968
 107    0.0002318  -0.00101023
 108    0.0002396  -0.00096514
 109    0.0000387  -0.00015090
 110    0.0001891  -0.00098856
 111    0.0002048  -0.00104162
 112    0.0000064  -0.00009366
 113    0.0000071  -0.00009825
 114    0.0000080  -0.00011029
 115    0.0000033  -0.00035284
 116    0.0000000  -0.00000381
 117    0.0000001  -0.00000686
 
----------------
 Final Energies 
----------------
Final NOF Total Energy =    -559.7568833
 
Total Orbital Internal Iterations = 7950
Total Occupation Internal Iterations = 517
 
Elapsed time:  518.04 Seconds

---------------------------------
   Lowdin Population Analysis    
---------------------------------
 Idx  Atom   Population   Charge 
---------------------------------
  1    Cl    16.892       0.108
  2     F     9.108      -0.108

---------------------------------
   M Diagnostic: 0.03
---------------------------------

