Computing Integrals
Elapsed time:    3.94 Seconds

Number of basis functions                   (NBF)    = 274
Number of auxiliary basis functions         (NBFAUX) = 336
Inactive Doubly occupied orbitals up to     (NO1)    = 0
No. considered Strongly Doubly occupied MOs (NDOC)   = 18
No. considered Strongly Singly occupied MOs (NSOC)   = 0
NO. of Weakly occ. per St. Doubly occ.  MOs (NCWO)   = 14
Dimension of the Nat. Orb. subspace         (NBF5)   = 270
No. of electrons                                     = 36
    No. of alpha electrons                           = 18
    No. of beta electrons                            = 18
Multiplicity                                         = 1

Geometry
========
 N       0.0000000       0.0000000      -2.0871300
 H       0.0000000       0.9489800      -2.4333300
 H       0.8218400      -0.4744900      -2.4333300
 H      -0.8218400      -0.4744900      -2.4333300
Cl       0.0000000       0.0000000       0.2610400
 F       0.0000000       0.0000000       1.9413500

No violations of the orthonormality
No violations of the orthonormality
 
PNOF8/ADAM Calculation
==================
 
  Nitext  Nit_orb  Time   Nit_occ  Time         Eelec          Etot           Ediff      maxdiff    Grad_orb  Grad_occ
0.047901256271027925
0.06807549056373274
     1      10    1.8e+01   77    3.8e+01  -723.60512510  -615.72197477 -10722.60512510   2.271165   2.5e+01   3.0e-04 0.04
0.0010403334310359336
0.0032113553528408697
     2      30    8.5e+00   39    5.1e+00  -724.09303731  -616.20988698    -0.48791221   0.061921   9.1e-01   2.8e-04 0.04
0.0006868639946868704
0.001781567716999734
     3      30    8.5e+00   53    6.8e+00  -724.12085109  -616.23770076    -0.02781379   0.031077   5.3e-01   2.7e-04 0.03
0.00042550081024983477
0.0011994373390567866
     4      30    8.4e+00   19    2.7e+00  -724.13283434  -616.24968401    -0.01198325   0.025160   4.3e-01   2.6e-04 0.03
0.00030036321447979297
0.0010013613905423579
     5      30    8.5e+00   21    2.9e+00  -724.13990067  -616.25675034    -0.00706633   0.018372   4.1e-01   3.0e-04 0.03
0.0002754154684680987
0.0007333060367012289
     6      30    8.5e+00   23    3.1e+00  -724.14388704  -616.26073670    -0.00398636   0.025203   4.4e-01   2.8e-04 0.03
0.00022042543210021304
0.0005436487345851032
     7      30    8.4e+00   19    2.7e+00  -724.14659245  -616.26344212    -0.00270541   0.020151   4.4e-01   2.2e-04 0.03
0.00014710169351817015
0.0004172482573231223
     8      30    8.4e+00   17    2.4e+00  -724.14898310  -616.26583277    -0.00239066   0.021423   4.0e-01   2.6e-04 0.03
0.00011989962727402062
0.0003402850477408043
     9      30    8.4e+00   16    2.4e+00  -724.15034284  -616.26719251    -0.00135973   0.025616   3.8e-01   2.2e-04 0.03
0.0001176202429016282
0.0002759664629265869
    10      30    8.3e+00   14    2.1e+00  -724.15054146  -616.26739113    -0.00019862   0.025864   4.3e-01   2.4e-04 0.03
0.000114104943467086
0.00024409766253327177
    11      30    8.4e+00   14    2.0e+00  -724.15240523  -616.26925490    -0.00186377   0.024573   3.9e-01   2.8e-04 0.03
0.00010277084043452955
0.00018910726365662438
    12      30    8.4e+00   16    2.3e+00  -724.15334247  -616.27019214    -0.00093724   0.020945   3.5e-01   2.5e-04 0.03
7.932318800099938e-5
0.0001450214982594569
    13      30    8.4e+00   15    2.1e+00  -724.15438960  -616.27123927    -0.00104713   0.021661   3.4e-01   2.5e-04 0.03
6.39095754455532e-5
0.00012600378194815748
    14      30    8.4e+00   10    1.6e+00  -724.15440521  -616.27125488    -0.00001561   0.029330   4.6e-01   2.3e-04 0.03
4.856269135122826e-5
0.00010945543482287035
    15      50    1.4e+01   10    1.6e+00  -724.15809237  -616.27494204    -0.00368716   0.005521   4.4e-02   1.9e-04 0.03
5.0116893437590626e-5
8.263221311367404e-5
    16      50    1.4e+01    3    7.6e-01  -724.15799749  -616.27484716     0.00009488   0.005176   9.8e-02   2.7e-04 0.03
3.3373576060591326e-5
9.626767299665103e-5
    17      70    1.9e+01   11    1.7e+00  -724.15841017  -616.27525984    -0.00041268   0.000890   1.3e-02   2.2e-04 0.03
3.4340262955958115e-5
7.444059306798558e-5
    18      70    1.9e+01    4    8.9e-01  -724.15850157  -616.27535124    -0.00009140   0.001431   2.5e-02   2.3e-04 0.03
0.0
0.0
    19      70    1.9e+01    0    4.2e-01  -724.15857053  -616.27542020    -0.00006896   0.001120   2.2e-02   3.1e-04 0.03
5.4105906567847306e-5
0.00011025968554765871
    20      80    2.2e+01    8    1.4e+00  -724.15861655  -616.27546622    -0.00004602   0.000959   1.9e-02   2.2e-04 0.03
3.738199887122137e-5
7.023034978800983e-5
    21      80    2.2e+01    8    1.4e+00  -724.15869053  -616.27554020    -0.00007398   0.000910   1.8e-02   1.7e-04 0.03
0.0
0.0
    22      80    2.2e+01    0    4.2e-01  -724.15874807  -616.27559774    -0.00005755   0.000996   1.9e-02   2.2e-04 0.03
3.404612428197472e-5
5.6018336176119065e-5
    23      90    2.5e+01    3    7.8e-01  -724.15878306  -616.27563273    -0.00003498   0.000671   1.4e-02   2.4e-04 0.03
0.0
0.0
    24      90    2.5e+01    0    4.1e-01  -724.15881104  -616.27566071    -0.00002798   0.000652   1.4e-02   2.4e-04 0.03
3.3874913496397864e-5
6.0930262286162876e-5
    25     100    2.7e+01    8    1.4e+00  -724.15883269  -616.27568236    -0.00002166   0.000619   1.1e-02   2.1e-04 0.03
0.0
0.0
    26     100    2.7e+01    0    4.4e-01  -724.15888850  -616.27573817    -0.00005581   0.000588   1.2e-02   2.3e-04 0.03
3.359048108260085e-5
5.907527795248532e-5
    27     110    3.0e+01    8    1.3e+00  -724.15891225  -616.27576192    -0.00002375   0.000628   1.1e-02   1.9e-04 0.03
0.0
0.0
    28     110    3.0e+01    0    3.7e-01  -724.15897649  -616.27582616    -0.00006423   0.000569   1.0e-02   2.2e-04 0.03
0.0
0.0
    29     120    3.3e+01    0    3.4e-01  -724.15899589  -616.27584555    -0.00001940   0.000556   9.2e-03   2.5e-04 0.03
2.7834050067716267e-5
4.726932485733871e-5
    30     130    3.6e+01    8    1.5e+00  -724.15900613  -616.27585580    -0.00001025   0.000563   8.9e-03   2.0e-04 0.03
0.0
0.0
    31     130    3.6e+01    0    3.7e-01  -724.15905913  -616.27590880    -0.00005300   0.000590   8.1e-03   2.2e-04 0.03
0.0
0.0
    32     140    3.8e+01    0    3.7e-01  -724.15906615  -616.27591582    -0.00000702   0.000612   8.7e-03   2.5e-04 0.03
0.0
0.0
    33     150    4.1e+01    0    4.3e-01  -724.15907338  -616.27592305    -0.00000723   0.000580   8.2e-03   2.8e-04 0.03
1.9068326142845926e-5
4.939870200055695e-5
    34     160    4.4e+01    8    1.4e+00  -724.15908113  -616.27593080    -0.00000774   0.000490   8.1e-03   2.1e-04 0.03
1.1911085874838356e-5
3.243733721987016e-5
    35     160    4.4e+01    8    1.4e+00  -724.15913614  -616.27598580    -0.00005501   0.000511   8.2e-03   1.7e-04 0.03
0.0
0.0
    36     160    4.4e+01    0    4.3e-01  -724.15918491  -616.27603458    -0.00004877   0.000488   8.1e-03   1.8e-04 0.03
0.0
0.0
    37     170    4.6e+01    0    4.2e-01  -724.15919887  -616.27604853    -0.00001396   0.000450   7.6e-03   2.4e-04 0.03
1.0266717237639167e-5
3.107913483038864e-5
    38     180    4.9e+01    8    1.4e+00  -724.15920822  -616.27605789    -0.00000935   0.000371   6.4e-03   1.7e-04 0.03
0.0
0.0
    39     180    4.9e+01    0    4.2e-01  -724.15925915  -616.27610882    -0.00005094   0.000358   7.2e-03   2.2e-04 0.03
1.4411880388087717e-5
3.900279170112772e-5
    40     190    5.2e+01    8    1.3e+00  -724.15926646  -616.27611613    -0.00000731   0.000264   5.9e-03   2.0e-04 0.03
0.0
0.0
    41     190    5.2e+01    0    4.3e-01  -724.15931049  -616.27616016    -0.00004403   0.000231   5.5e-03   1.9e-04 0.03
0.0
0.0
    42     200    5.5e+01    0    3.4e-01  -724.15931621  -616.27616587    -0.00000571   0.000240   4.7e-03   2.0e-04 0.03
0.0
0.0
    43     210    5.8e+01    0    4.3e-01  -724.15931963  -616.27616930    -0.00000342   0.000230   4.5e-03   2.2e-04 0.03
0.0
0.0
    44     220    6.0e+01    0    3.7e-01  -724.15932176  -616.27617143    -0.00000213   0.000200   3.9e-03   2.2e-04 0.03
0.0
0.0
    45     230    6.3e+01    0    4.2e-01  -724.15932300  -616.27617267    -0.00000124   0.000192   3.5e-03   2.3e-04 0.03
0.0
0.0
    46     240    6.6e+01    0    4.3e-01  -724.15932445  -616.27617412    -0.00000145   0.000163   2.7e-03   2.4e-04 0.03
0.0
0.0
    47     250    6.8e+01    0    4.2e-01  -724.15932525  -616.27617492    -0.00000080   0.000160   2.8e-03   2.4e-04 0.03
0.0
0.0
    48     260    7.1e+01    0    4.2e-01  -724.15932623  -616.27617590    -0.00000098   0.000129   1.9e-03   2.5e-04 0.03
2.0674737317674403e-5
5.5497293689374084e-5
    49     237    6.5e+01    8    1.4e+00  -724.15932678  -616.27617645    -0.00000056   0.000147   2.2e-03   1.9e-04 0.03
0.0
0.0
    50     240    6.5e+01    0    4.2e-01  -724.15937094  -616.27622061    -0.00004415   0.000100   1.5e-03   1.9e-04 0.03
 
RESULTS OF THE OCCUPATION OPTIMIZATION
========================================
   1    1.9999994  -104.94151511
   2    1.9999929  -26.32760542
   3    1.9999779  -15.60868074
   4    1.9997656  -10.62433518
   5    1.9995074  -8.10585671
   6    1.9994349  -8.10308648
   7    1.9995066  -8.09644492
   8    1.9867824  -1.55554787
   9    1.9848608  -1.08819601
  10    1.9850896  -1.04060008
  11    1.9750165  -0.71113217
  12    1.9728493  -0.70866802
  13    1.9730213  -0.70825855
  14    1.9650959  -0.70103597
  15    1.9788121  -0.67896597
  16    1.9790028  -0.67852526
  17    1.9746482  -0.49637617
  18    1.9716251  -0.49505814
  19    0.0099089  -0.01821824
  20    0.0093269  -0.01910200
  21    0.0110599  -0.02296109
  22    0.0113629  -0.02343335
  23    0.0345939  -0.06888992
  24    0.0164756  -0.02471841
  25    0.0167373  -0.02488457
  26    0.0168628  -0.02537290
  27    0.0069057  -0.02095183
  28    0.0044738  -0.02179841
  29    0.0064551  -0.02440611
  30    0.0004670  -0.01066930
  31    0.0004328  -0.00990812
  32    0.0004743  -0.01095392
  33    0.0002191  -0.00530857
  34    0.0000106  -0.00027014
  35    0.0000055  -0.00019944
  36    0.0000005  -0.00001063
  37    0.0094507  -0.01843607
  38    0.0076672  -0.01898929
  39    0.0039461  -0.01117885
  40    0.0040118  -0.01111344
  41    0.0001915  -0.00079210
  42    0.0047082  -0.00843929
  43    0.0047410  -0.00846859
  44    0.0047523  -0.00873932
  45    0.0015561  -0.00874419
  46    0.0043138  -0.01591379
  47    0.0025839  -0.00925562
  48    0.0000216  -0.00047505
  49    0.0000697  -0.00307680
  50    0.0000134  -0.00032149
  51    0.0000117  -0.00072845
  52    0.0000034  -0.00005497
  53    0.0000009  -0.00002354
  54    0.0000001  -0.00000109
  55    0.0074353  -0.01760576
  56    0.0059642  -0.01469984
  57    0.0038538  -0.01012040
  58    0.0035962  -0.00928046
  59    0.0000144  -0.00008961
  60    0.0039303  -0.00767694
  61    0.0039968  -0.00776724
  62    0.0012213  -0.00404897
  63    0.0013804  -0.00704482
  64    0.0019739  -0.01018205
  65    0.0025699  -0.01049063
  66    0.0000026  -0.00045162
  67    0.0000424  -0.00116140
  68    0.0000031  -0.00004154
  69    0.0000015  -0.00003940
  70    0.0000023  -0.00003584
  71    0.0000004  -0.00004829
  72    0.0000000  -0.00000032
  73    0.0005436  -0.00136625
  74    0.0007262  -0.00176717
  75    0.0005237  -0.00300885
  76    0.0007296  -0.00279279
  77    0.0000138  -0.00009464
  78    0.0006291  -0.00150808
  79    0.0006397  -0.00153608
  80    0.0009618  -0.00226115
  81    0.0013378  -0.00631269
  82    0.0019421  -0.01017877
  83    0.0006388  -0.00298530
  84    0.0000013  -0.00002484
  85    0.0000064  -0.00007699
  86    0.0000005  -0.00001009
  87    0.0000003  -0.00001003
  88    0.0000021  -0.00004793
  89    0.0000001  -0.00000217
  90    0.0000000  -0.00000028
  91    0.0004631  -0.00131397
  92    0.0007074  -0.00175076
  93    0.0005036  -0.00173361
  94    0.0002959  -0.00118519
  95    0.0000137  -0.00009539
  96    0.0004273  -0.00118130
  97    0.0003174  -0.00085506
  98    0.0003203  -0.00092526
  99    0.0010630  -0.00552470
 100    0.0010424  -0.00668562
 101    0.0002857  -0.00194476
 102    0.0000001  -0.00000280
 103    0.0000044  -0.00014854
 104    0.0000003  -0.00000838
 105    0.0000002  -0.00000584
 106    0.0000020  -0.00003203
 107    0.0000001  -0.00000082
 108    0.0000000  -0.00000025
 109    0.0002156  -0.00087472
 110    0.0005741  -0.00142377
 111    0.0004779  -0.00189145
 112    0.0002935  -0.00115663
 113    0.0000132  -0.00009311
 114    0.0003085  -0.00091162
 115    0.0002679  -0.00075819
 116    0.0002765  -0.00079278
 117    0.0009059  -0.00320212
 118    0.0004929  -0.00469859
 119    0.0002478  -0.00121366
 120    0.0000001  -0.00000207
 121    0.0000025  -0.00003648
 122    0.0000002  -0.00000364
 123    0.0000002  -0.00000495
 124    0.0000006  -0.00003896
 125    0.0000000  -0.00000044
 126    0.0000000  -0.00000005
 127    0.0001159  -0.00046448
 128    0.0000860  -0.00031565
 129    0.0002759  -0.00111994
 130    0.0002906  -0.00114150
 131    0.0000121  -0.00008488
 132    0.0001381  -0.00044829
 133    0.0001651  -0.00052681
 134    0.0001694  -0.00056324
 135    0.0005363  -0.00162556
 136    0.0002067  -0.00101695
 137    0.0002082  -0.00106200
 138    0.0000001  -0.00000159
 139    0.0000014  -0.00002398
 140    0.0000001  -0.00000234
 141    0.0000002  -0.00000475
 142    0.0000003  -0.00000694
 143    0.0000000  -0.00000035
 144    0.0000000  -0.00000004
 145    0.0000482  -0.00018585
 146    0.0000619  -0.00023394
 147    0.0002466  -0.00097488
 148    0.0002580  -0.00102946
 149    0.0000110  -0.00007990
 150    0.0001006  -0.00037256
 151    0.0000962  -0.00034954
 152    0.0001075  -0.00041206
 153    0.0005180  -0.00156526
 154    0.0001841  -0.00092099
 155    0.0001317  -0.00129177
 156    0.0000001  -0.00000147
 157    0.0000012  -0.00002307
 158    0.0000001  -0.00000205
 159    0.0000002  -0.00000461
 160    0.0000003  -0.00000596
 161    0.0000000  -0.00000034
 162    0.0000000  -0.00000003
 163    0.0000438  -0.00016876
 164    0.0000565  -0.00021575
 165    0.0000269  -0.00014443
 166    0.0002444  -0.00095962
 167    0.0000087  -0.00005388
 168    0.0000814  -0.00027868
 169    0.0000482  -0.00016019
 170    0.0000847  -0.00028094
 171    0.0004621  -0.00184972
 172    0.0001287  -0.00097157
 173    0.0000173  -0.00013021
 174    0.0000001  -0.00000118
 175    0.0000011  -0.00002129
 176    0.0000001  -0.00000171
 177    0.0000002  -0.00000408
 178    0.0000002  -0.00000489
 179    0.0000000  -0.00000019
 180    0.0000000  -0.00000002
 181    0.0000410  -0.00014802
 182    0.0000485  -0.00019060
 183    0.0000197  -0.00013459
 184    0.0000342  -0.00019135
 185    0.0000083  -0.00005143
 186    0.0000483  -0.00017075
 187    0.0000431  -0.00015972
 188    0.0000709  -0.00024690
 189    0.0000784  -0.00037818
 190    0.0001280  -0.00100421
 191    0.0000170  -0.00012985
 192    0.0000001  -0.00000115
 193    0.0000009  -0.00001976
 194    0.0000001  -0.00000168
 195    0.0000002  -0.00000369
 196    0.0000001  -0.00000229
 197    0.0000000  -0.00000017
 198    0.0000000  -0.00000002
 199    0.0000347  -0.00013153
 200    0.0000438  -0.00018118
 201    0.0000169  -0.00010455
 202    0.0000205  -0.00012722
 203    0.0000078  -0.00005126
 204    0.0000439  -0.00015921
 205    0.0000326  -0.00013660
 206    0.0000535  -0.00019527
 207    0.0000612  -0.00028639
 208    0.0000937  -0.00063943
 209    0.0000166  -0.00013773
 210    0.0000001  -0.00000097
 211    0.0000007  -0.00001705
 212    0.0000001  -0.00000154
 213    0.0000002  -0.00000339
 214    0.0000001  -0.00000224
 215    0.0000000  -0.00000017
 216    0.0000000  -0.00000002
 217    0.0000325  -0.00011970
 218    0.0000371  -0.00015117
 219    0.0000163  -0.00010017
 220    0.0000178  -0.00011109
 221    0.0000060  -0.00004045
 222    0.0000349  -0.00014177
 223    0.0000297  -0.00012105
 224    0.0000458  -0.00017195
 225    0.0000480  -0.00020681
 226    0.0000622  -0.00023804
 227    0.0000161  -0.00013453
 228    0.0000001  -0.00000094
 229    0.0000006  -0.00001629
 230    0.0000001  -0.00000123
 231    0.0000002  -0.00000322
 232    0.0000001  -0.00000063
 233    0.0000000  -0.00000014
 234    0.0000000  -0.00000001
 235    0.0000281  -0.00010173
 236    0.0000345  -0.00014623
 237    0.0000152  -0.00009716
 238    0.0000166  -0.00011706
 239    0.0000052  -0.00003815
 240    0.0000271  -0.00010744
 241    0.0000194  -0.00008632
 242    0.0000352  -0.00014676
 243    0.0000371  -0.00017699
 244    0.0000500  -0.00020110
 245    0.0000157  -0.00011857
 246    0.0000001  -0.00000084
 247    0.0000006  -0.00001054
 248    0.0000001  -0.00000117
 249    0.0000001  -0.00000276
 250    0.0000001  -0.00000057
 251    0.0000000  -0.00000013
 252    0.0000000  -0.00000001
 253    0.0000135  -0.00007647
 254    0.0000175  -0.00010679
 255    0.0000148  -0.00009612
 256    0.0000157  -0.00009783
 257    0.0000047  -0.00003621
 258    0.0000256  -0.00010649
 259    0.0000165  -0.00008909
 260    0.0000214  -0.00010446
 261    0.0000204  -0.00014640
 262    0.0000468  -0.00020258
 263    0.0000139  -0.00011223
 264    0.0000001  -0.00000076
 265    0.0000005  -0.00000930
 266    0.0000001  -0.00000091
 267    0.0000001  -0.00000252
 268    0.0000000  -0.00000050
 269    0.0000000  -0.00000012
 270    0.0000000  -0.00000001
 
----------------
 Final Energies 
----------------
Final NOF Total Energy =    -616.2762206
 
Total Orbital Internal Iterations = 5697
Total Occupation Internal Iterations = 464
 
Elapsed time: 1754.33 Seconds

---------------------------------
   Lowdin Population Analysis    
---------------------------------
 Idx  Atom   Population   Charge 
---------------------------------
  1     N     6.378       0.622
  2     H     1.177      -0.177
  3     H     1.177      -0.177
  4     H     1.176      -0.176
  5    Cl    16.889       0.111
  6     F     9.203      -0.203

---------------------------------
   M Diagnostic: 0.03
---------------------------------

