147_C.jld2 not found
147_n.jld2 not found
Computing Integrals
NVIDIA GeForce RTX 3090
Elapsed time:   39.13 Seconds

Number of basis functions                   (NBF)    = 810
Number of auxiliary basis functions         (NBFAUX) = 906
Inactive Doubly occupied orbitals up to     (NO1)    = 0
No. considered Strongly Doubly occupied MOs (NDOC)   = 41
No. considered Strongly Singly occupied MOs (NSOC)   = 0
NO. of Weakly occ. per St. Doubly occ.  MOs (NCWO)   = 18
Dimension of the Nat. Orb. subspace         (NBF5)   = 779
No. of electrons                                     = 82
    No. of alpha electrons                           = 41
    No. of beta electrons                            = 41
Multiplicity                                         = 1

Geometry
========
 C       0.0490400      -0.0844800       0.0214200
 C       0.0490400      -0.0844800       1.5354900
 N       1.4468300      -0.0844800       2.0458400
 H       1.9644100       0.7306100       1.7080300
 H       1.4763600      -0.0799600       3.0673000
 H       1.9828300      -0.9265900       1.6742600
 H      -0.4539600       0.7915800       1.9389800
 H      -0.4311300      -0.9748100       1.9357700
 H       0.5532400       0.7980500      -0.3690500
 H       0.5494200      -0.9688800      -0.3672000
 H      -0.9775800      -0.0800200      -0.3379600
 O       2.8046200      -2.0520900       0.8605100
 C       3.4541600      -1.3595900       0.0286200
 C       4.2241700      -2.2198800      -1.0069500
 F       5.0389100      -3.0975000      -0.4018900
 O       3.5346600      -0.1283400      -0.0734000
 F       4.9731000      -1.4933400      -1.8381400
 F       3.3670800      -2.9290200      -1.7610500

No violations of the orthonormality
No violations of the orthonormality
 
PNOF8/ADABelief Calculation
==================
 
  Nitext  Nit_orb  Time   Nit_occ  Time         Eelec          Etot           Ediff      maxdiff    MaxGrad_orb  Grad_occ
     1      10    4.6e+01   17    5.8e+01 -1209.04091171  -610.85286932 -11208.04091171   0.721106   2.9e+00   1.6e-04 0.00
     2      10    3.9e+00    0    1.5e+00 -1209.17663251  -610.98859012    -0.13572080   0.721117   2.9e+00   1.6e-04 0.00
     3      30    1.1e+01  166    2.2e+02 -1251.44044938  -653.25240699   -42.26381686   1.091242   4.4e+00   2.4e-04 0.01
     4      30    1.1e+01   68    9.0e+01 -1256.66214247  -658.47410007    -5.22169309   1.042371   4.2e+00   2.3e-04 0.02
     5      30    1.1e+01   64    8.4e+01 -1257.89239688  -659.70435449    -1.23025441   0.646243   2.6e+00   3.5e-04 0.02
     6      30    1.1e+01   55    7.3e+01 -1258.44583171  -660.25778932    -0.55343483   0.111734   4.5e-01   3.4e-04 0.03
     7      30    1.1e+01   56    7.4e+01 -1259.12248631  -660.93444392    -0.67665461   0.051351   2.1e-01   2.5e-04 0.03
     8      30    1.1e+01   36    4.8e+01 -1259.28721155  -661.09916916    -0.16472524   0.048080   1.9e-01   2.6e-04 0.03
     9      30    1.1e+01   36    4.8e+01 -1259.32829726  -661.14025487    -0.04108571   0.026800   1.1e-01   3.1e-04 0.03
    10      30    1.1e+01   29    3.9e+01 -1259.38120924  -661.19316685    -0.05291198   0.023001   9.2e-02   3.0e-04 0.03
    11      30    1.1e+01   33    4.4e+01 -1259.41199684  -661.22395445    -0.03078760   0.021504   8.6e-02   3.3e-04 0.03
    12      30    1.1e+01   30    4.0e+01 -1259.43605220  -661.24800981    -0.02405535   0.022079   8.8e-02   2.7e-04 0.03
    13      30    1.1e+01   28    3.8e+01 -1259.45623556  -661.26819317    -0.02018336   0.027396   1.1e-01   2.7e-04 0.03
    14      30    1.1e+01   22    3.0e+01 -1259.46453118  -661.27648879    -0.00829562   0.021221   8.5e-02   3.2e-04 0.03
    15      30    1.1e+01   27    3.6e+01 -1259.47235965  -661.28431726    -0.00782847   0.023727   9.5e-02   2.9e-04 0.03
    16      30    1.1e+01   26    3.5e+01 -1259.48188907  -661.29384668    -0.00952942   0.031734   1.3e-01   2.8e-04 0.03
    17      30    1.1e+01   27    3.6e+01 -1259.48817044  -661.30012805    -0.00628136   0.019432   7.8e-02   3.3e-04 0.03
    18      30    1.1e+01   29    3.9e+01 -1259.49648417  -661.30844178    -0.00831374   0.022226   8.9e-02   1.8e-04 0.03
    19      30    1.1e+01   26    3.5e+01 -1259.49928287  -661.31124048    -0.00279870   0.019722   7.9e-02   2.9e-04 0.03
    20      30    1.1e+01   24    3.2e+01 -1259.50557155  -661.31752916    -0.00628868   0.022789   9.1e-02   2.5e-04 0.03
    21      30    1.1e+01   24    3.3e+01 -1259.51066470  -661.32262231    -0.00509314   0.024900   1.0e-01   2.6e-04 0.03
    22      30    1.1e+01   23    3.1e+01 -1259.51252615  -661.32448376    -0.00186145   0.027881   1.1e-01   2.8e-04 0.03
    23      30    1.1e+01   23    3.1e+01 -1259.51871347  -661.33067108    -0.00618731   0.018691   7.5e-02   2.6e-04 0.03
    24      30    1.1e+01    0    1.4e+00 -1259.51920825  -661.33116586    -0.00049478   0.018691   7.5e-02   2.6e-04 0.03
    25      50    1.8e+01   20    2.7e+01 -1259.57545821  -661.38741582    -0.05624996   0.003711   1.5e-02   3.1e-04 0.03
    26      50    1.8e+01   18    2.5e+01 -1259.57601045  -661.38796806    -0.00055224   0.004266   1.7e-02   3.6e-04 0.03
    27      50    1.8e+01   22    3.0e+01 -1259.57807371  -661.39003131    -0.00206325   0.004187   1.7e-02   2.7e-04 0.03
    28      50    1.8e+01   18    2.5e+01 -1259.57958597  -661.39154358    -0.00151227   0.004783   1.9e-02   3.0e-04 0.03
    29      50    1.8e+01   17    2.3e+01 -1259.58141429  -661.39337190    -0.00182832   0.051988   2.1e-01   3.4e-04 0.03
    30      50    1.8e+01   21    2.9e+01 -1259.58277825  -661.39473586    -0.00136396   0.021825   8.7e-02   2.8e-04 0.03
    31      50    1.8e+01   17    2.3e+01 -1259.58350215  -661.39545976    -0.00072390   0.006118   2.4e-02   3.1e-04 0.03
    32      50    1.8e+01   17    2.3e+01 -1259.58453936  -661.39649697    -0.00103721   0.004767   1.9e-02   2.8e-04 0.03
    33      50    1.8e+01   16    2.2e+01 -1259.58498683  -661.39694444    -0.00044748   0.004878   2.0e-02   3.3e-04 0.03
    34      50    1.8e+01   13    1.8e+01 -1259.58571404  -661.39767165    -0.00072721   0.005233   2.1e-02   3.4e-04 0.03
    35      50    1.8e+01   17    2.3e+01 -1259.58585962  -661.39781723    -0.00014558   0.005012   2.0e-02   2.7e-04 0.03
    36      50    1.8e+01   12    1.7e+01 -1259.58696857  -661.39892618    -0.00110895   0.004101   1.6e-02   3.2e-04 0.03
    37      50    1.8e+01    0    1.4e+00 -1259.58704973  -661.39900734    -0.00008116   0.004101   1.6e-02   3.2e-04 0.03
    38      62    2.2e+01   17    2.3e+01 -1259.58898870  -661.40094631    -0.00193897   0.000511   2.0e-03   2.1e-04 0.03
 
RESULTS OF THE OCCUPATION OPTIMIZATION
========================================
   1    1.9999971  -26.34330559
   2    1.9999975  -26.34293175
   3    1.9999975  -26.33908844
   4    1.9999960  -20.54368782
   5    1.9999959  -20.52878380
   6    1.9999917  -15.71832466
   7    1.9999729  -11.40117073
   8    1.9999734  -11.39091110
   9    1.9999782  -11.33874798
  10    1.9999798  -11.26847458
  11    1.9969959  -1.64022326
  12    1.9956972  -1.63711143
  13    1.9900410  -1.52408075
  14    1.9914090  -1.37183225
  15    1.9906944  -1.30154562
  16    1.9877854  -1.24943542
  17    1.9874176  -1.00655365
  18    1.9715198  -0.87745762
  19    1.9713719  -0.85034877
  20    1.9707800  -0.81444007
  21    1.9705941  -0.79362184
  22    1.9729719  -0.79348373
  23    1.9847434  -0.78289711
  24    1.9728062  -0.78164721
  25    1.9749604  -0.77043158
  26    1.9736448  -0.76708913
  27    1.9745597  -0.76066852
  28    1.9857995  -0.74338186
  29    1.9728638  -0.71801037
  30    1.9837085  -0.71436888
  31    1.9848790  -0.71224082
  32    1.9774197  -0.70928967
  33    1.9761844  -0.70460021
  34    1.9817589  -0.68733543
  35    1.9721170  -0.67760241
  36    1.9755615  -0.62966436
  37    1.9708795  -0.60907400
  38    1.9803790  -0.57349056
  39    1.9722868  -0.54547954
  40    1.9763409  -0.54486358
  41    1.9673166  -0.46894035
  42    0.0284890  -0.04681666
  43    0.0099106  -0.01828646
  44    0.0136992  -0.02961343
  45    0.0060817  -0.01294953
  46    0.0105243  -0.01661772
  47    0.0129890  -0.01965283
  48    0.0184209  -0.02946365
  49    0.0085705  -0.01968038
  50    0.0069663  -0.01722518
  51    0.0077730  -0.01845663
  52    0.0100094  -0.02426646
  53    0.0132481  -0.02423429
  54    0.0200924  -0.03897230
  55    0.0117147  -0.02579566
  56    0.0150858  -0.02170664
  57    0.0236695  -0.03958268
  58    0.0158975  -0.02241198
  59    0.0172155  -0.02959817
  60    0.0122099  -0.02394793
  61    0.0131646  -0.02197525
  62    0.0197865  -0.03475703
  63    0.0197068  -0.04217379
  64    0.0250889  -0.04981121
  65    0.0281558  -0.05442964
  66    0.0029703  -0.00791966
  67    0.0070949  -0.01926080
  68    0.0023731  -0.00884516
  69    0.0038263  -0.01009361
  70    0.0078271  -0.02257153
  71    0.0008923  -0.00615987
  72    0.0009424  -0.00701008
  73    0.0000032  -0.00011514
  74    0.0000053  -0.00014724
  75    0.0000034  -0.00009186
  76    0.0000040  -0.00010925
  77    0.0000008  -0.00003376
  78    0.0000004  -0.00003971
  79    0.0000004  -0.00000280
  80    0.0000005  -0.00005868
  81    0.0000005  -0.00005823
  82    0.0000004  -0.00005762
  83    0.0030958  -0.00740298
  84    0.0046449  -0.00985787
  85    0.0041809  -0.01122188
  86    0.0031027  -0.00819908
  87    0.0098633  -0.01577339
  88    0.0030617  -0.00659271
  89    0.0041677  -0.00808378
  90    0.0042589  -0.00987077
  91    0.0063710  -0.01615044
  92    0.0049391  -0.01309459
  93    0.0008720  -0.00306616
  94    0.0009990  -0.00349783
  95    0.0034425  -0.00837312
  96    0.0007566  -0.00276015
  97    0.0049896  -0.00862278
  98    0.0018717  -0.00461722
  99    0.0039402  -0.00694766
 100    0.0043844  -0.00875546
 101    0.0008300  -0.00301343
 102    0.0127874  -0.02242243
 103    0.0037195  -0.00796409
 104    0.0036434  -0.01067356
 105    0.0030103  -0.00857885
 106    0.0002285  -0.00092936
 107    0.0024717  -0.00800185
 108    0.0017756  -0.00754757
 109    0.0013134  -0.00605896
 110    0.0020102  -0.00744703
 111    0.0007080  -0.00463895
 112    0.0008789  -0.00453157
 113    0.0005050  -0.00262217
 114    0.0000017  -0.00001617
 115    0.0000018  -0.00001830
 116    0.0000025  -0.00006662
 117    0.0000023  -0.00003825
 118    0.0000007  -0.00000712
 119    0.0000003  -0.00000307
 120    0.0000004  -0.00003092
 121    0.0000002  -0.00000140
 122    0.0000002  -0.00000094
 123    0.0000003  -0.00000171
 124    0.0002634  -0.00085613
 125    0.0042202  -0.00873028
 126    0.0028441  -0.00775296
 127    0.0025295  -0.00683084
 128    0.0033240  -0.00627468
 129    0.0021221  -0.00534164
 130    0.0035541  -0.00741980
 131    0.0021855  -0.00732441
 132    0.0034278  -0.00938076
 133    0.0035175  -0.00977127
 134    0.0007208  -0.00276561
 135    0.0007091  -0.00340476
 136    0.0031122  -0.00794771
 137    0.0006576  -0.00229031
 138    0.0024106  -0.00517711
 139    0.0002545  -0.00093369
 140    0.0021402  -0.00436812
 141    0.0036803  -0.00769058
 142    0.0004001  -0.00148813
 143    0.0006149  -0.00155765
 144    0.0036308  -0.00803028
 145    0.0028211  -0.00844305
 146    0.0002190  -0.00091031
 147    0.0000158  -0.00011132
 148    0.0020550  -0.00821520
 149    0.0007715  -0.00337152
 150    0.0010745  -0.00359396
 151    0.0008495  -0.00400331
 152    0.0005354  -0.00251730
 153    0.0006422  -0.00356816
 154    0.0003621  -0.00141597
 155    0.0000016  -0.00001356
 156    0.0000017  -0.00001582
 157    0.0000024  -0.00004083
 158    0.0000021  -0.00003407
 159    0.0000007  -0.00000849
 160    0.0000003  -0.00000221
 161    0.0000004  -0.00001206
 162    0.0000002  -0.00000087
 163    0.0000002  -0.00000065
 164    0.0000002  -0.00000114
 165    0.0002629  -0.00086537
 166    0.0040689  -0.00878016
 167    0.0027123  -0.00731920
 168    0.0017132  -0.00561227
 169    0.0030984  -0.00634560
 170    0.0010167  -0.00268768
 171    0.0007344  -0.00182271
 172    0.0007616  -0.00247246
 173    0.0034012  -0.00952607
 174    0.0034297  -0.00971575
 175    0.0006602  -0.00229815
 176    0.0003820  -0.00148957
 177    0.0001941  -0.00075971
 178    0.0004731  -0.00169166
 179    0.0010828  -0.00249234
 180    0.0001439  -0.00054555
 181    0.0013134  -0.00290558
 182    0.0005497  -0.00147243
 183    0.0003804  -0.00141745
 184    0.0002664  -0.00079162
 185    0.0016376  -0.00437199
 186    0.0026095  -0.00801838
 187    0.0002119  -0.00088047
 188    0.0000101  -0.00006225
 189    0.0012691  -0.00419908
 190    0.0007370  -0.00267686
 191    0.0010609  -0.00410046
 192    0.0007545  -0.00450213
 193    0.0002779  -0.00129272
 194    0.0004354  -0.00199044
 195    0.0003070  -0.00153820
 196    0.0000015  -0.00001342
 197    0.0000015  -0.00001415
 198    0.0000017  -0.00002231
 199    0.0000018  -0.00002582
 200    0.0000006  -0.00000508
 201    0.0000003  -0.00000219
 202    0.0000003  -0.00000221
 203    0.0000001  -0.00000056
 204    0.0000002  -0.00000078
 205    0.0000002  -0.00000104
 206    0.0002211  -0.00072944
 207    0.0002825  -0.00090782
 208    0.0026016  -0.00724615
 209    0.0014009  -0.00425434
 210    0.0018850  -0.00424155
 211    0.0009615  -0.00271318
 212    0.0002470  -0.00069794
 213    0.0006307  -0.00188650
 214    0.0033717  -0.00948398
 215    0.0022635  -0.00753975
 216    0.0005637  -0.00212734
 217    0.0003538  -0.00127338
 218    0.0001850  -0.00073499
 219    0.0003439  -0.00124453
 220    0.0005305  -0.00127264
 221    0.0001136  -0.00043540
 222    0.0003483  -0.00103487
 223    0.0003388  -0.00098778
 224    0.0003359  -0.00125370
 225    0.0000459  -0.00016509
 226    0.0003657  -0.00107774
 227    0.0001863  -0.00081290
 228    0.0000275  -0.00010502
 229    0.0000083  -0.00004524
 230    0.0012124  -0.00505659
 231    0.0005225  -0.00177322
 232    0.0008168  -0.00275411
 233    0.0003964  -0.00234007
 234    0.0002624  -0.00115979
 235    0.0003314  -0.00130216
 236    0.0002747  -0.00147991
 237    0.0000014  -0.00001192
 238    0.0000012  -0.00001769
 239    0.0000017  -0.00002244
 240    0.0000018  -0.00002616
 241    0.0000006  -0.00000638
 242    0.0000002  -0.00000163
 243    0.0000003  -0.00000209
 244    0.0000001  -0.00000057
 245    0.0000002  -0.00000084
 246    0.0000002  -0.00000107
 247    0.0001961  -0.00070277
 248    0.0002636  -0.00084592
 249    0.0015303  -0.00518714
 250    0.0012946  -0.00386708
 251    0.0000731  -0.00023013
 252    0.0008276  -0.00192338
 253    0.0002263  -0.00065900
 254    0.0004893  -0.00174401
 255    0.0000812  -0.00035144
 256    0.0002373  -0.00097669
 257    0.0003856  -0.00140026
 258    0.0001680  -0.00072431
 259    0.0000173  -0.00010118
 260    0.0000242  -0.00015794
 261    0.0003426  -0.00092568
 262    0.0000867  -0.00031768
 263    0.0002781  -0.00078949
 264    0.0002205  -0.00069833
 265    0.0003299  -0.00121386
 266    0.0000376  -0.00014579
 267    0.0000871  -0.00030951
 268    0.0001763  -0.00081104
 269    0.0000217  -0.00007880
 270    0.0000070  -0.00004483
 271    0.0010098  -0.00348292
 272    0.0003578  -0.00143883
 273    0.0007725  -0.00236562
 274    0.0003637  -0.00188380
 275    0.0000911  -0.00083771
 276    0.0003041  -0.00120799
 277    0.0001183  -0.00161909
 278    0.0000013  -0.00001253
 279    0.0000011  -0.00001013
 280    0.0000016  -0.00001477
 281    0.0000017  -0.00001729
 282    0.0000005  -0.00000776
 283    0.0000002  -0.00000169
 284    0.0000002  -0.00000186
 285    0.0000001  -0.00000050
 286    0.0000001  -0.00000051
 287    0.0000002  -0.00000099
 288    0.0000408  -0.00014771
 289    0.0001203  -0.00046144
 290    0.0000489  -0.00019172
 291    0.0006415  -0.00189417
 292    0.0000687  -0.00021632
 293    0.0007985  -0.00177781
 294    0.0001206  -0.00040157
 295    0.0004375  -0.00146826
 296    0.0000455  -0.00020105
 297    0.0002255  -0.00093020
 298    0.0003228  -0.00121026
 299    0.0000916  -0.00040620
 300    0.0000153  -0.00009133
 301    0.0000239  -0.00015332
 302    0.0002659  -0.00071398
 303    0.0000833  -0.00033291
 304    0.0001850  -0.00052635
 305    0.0002084  -0.00066729
 306    0.0003170  -0.00117145
 307    0.0000160  -0.00007472
 308    0.0000360  -0.00014049
 309    0.0000275  -0.00009197
 310    0.0000117  -0.00006865
 311    0.0000066  -0.00004164
 312    0.0004228  -0.00175444
 313    0.0003226  -0.00141422
 314    0.0005479  -0.00237898
 315    0.0000595  -0.00037561
 316    0.0000493  -0.00032210
 317    0.0002015  -0.00109954
 318    0.0001092  -0.00146327
 319    0.0000012  -0.00001533
 320    0.0000010  -0.00000951
 321    0.0000015  -0.00001669
 322    0.0000014  -0.00001322
 323    0.0000005  -0.00000781
 324    0.0000002  -0.00000165
 325    0.0000002  -0.00000168
 326    0.0000001  -0.00000053
 327    0.0000001  -0.00000055
 328    0.0000002  -0.00000086
 329    0.0000271  -0.00008796
 330    0.0000371  -0.00015659
 331    0.0000189  -0.00009004
 332    0.0005793  -0.00200178
 333    0.0000573  -0.00018357
 334    0.0006040  -0.00133314
 335    0.0000948  -0.00029663
 336    0.0003428  -0.00112389
 337    0.0000386  -0.00018787
 338    0.0001112  -0.00050740
 339    0.0003171  -0.00120368
 340    0.0000695  -0.00031618
 341    0.0000144  -0.00008593
 342    0.0000221  -0.00015563
 343    0.0002118  -0.00063115
 344    0.0000264  -0.00012183
 345    0.0001808  -0.00057768
 346    0.0001915  -0.00064396
 347    0.0001215  -0.00053814
 348    0.0000123  -0.00005827
 349    0.0000290  -0.00011583
 350    0.0000130  -0.00006723
 351    0.0000091  -0.00004890
 352    0.0000061  -0.00003787
 353    0.0002469  -0.00112976
 354    0.0001842  -0.00127321
 355    0.0004594  -0.00174689
 356    0.0000529  -0.00028103
 357    0.0000286  -0.00019418
 358    0.0001255  -0.00160538
 359    0.0001000  -0.00092541
 360    0.0000011  -0.00001493
 361    0.0000010  -0.00001569
 362    0.0000014  -0.00001396
 363    0.0000014  -0.00001376
 364    0.0000005  -0.00000748
 365    0.0000002  -0.00000158
 366    0.0000002  -0.00000198
 367    0.0000001  -0.00000047
 368    0.0000001  -0.00000056
 369    0.0000002  -0.00000081
 370    0.0000227  -0.00008217
 371    0.0000282  -0.00013191
 372    0.0000179  -0.00008868
 373    0.0005197  -0.00195285
 374    0.0000473  -0.00015551
 375    0.0005176  -0.00119651
 376    0.0000829  -0.00026748
 377    0.0002816  -0.00100025
 378    0.0000253  -0.00012846
 379    0.0000122  -0.00008568
 380    0.0003157  -0.00118884
 381    0.0000580  -0.00028353
 382    0.0000081  -0.00004597
 383    0.0000206  -0.00014598
 384    0.0001793  -0.00052710
 385    0.0000185  -0.00010481
 386    0.0001409  -0.00047083
 387    0.0001214  -0.00043842
 388    0.0000679  -0.00032374
 389    0.0000120  -0.00005952
 390    0.0000242  -0.00010299
 391    0.0000074  -0.00003816
 392    0.0000043  -0.00002490
 393    0.0000052  -0.00002990
 394    0.0001882  -0.00100195
 395    0.0001277  -0.00064097
 396    0.0003546  -0.00183822
 397    0.0000481  -0.00024487
 398    0.0000247  -0.00018882
 399    0.0001132  -0.00166299
 400    0.0000463  -0.00038274
 401    0.0000009  -0.00000958
 402    0.0000009  -0.00002686
 403    0.0000013  -0.00001234
 404    0.0000014  -0.00001268
 405    0.0000004  -0.00000314
 406    0.0000002  -0.00000133
 407    0.0000002  -0.00000164
 408    0.0000001  -0.00000044
 409    0.0000001  -0.00000054
 410    0.0000002  -0.00000087
 411    0.0000207  -0.00009145
 412    0.0000174  -0.00009791
 413    0.0000158  -0.00008371
 414    0.0003614  -0.00136110
 415    0.0000434  -0.00015008
 416    0.0003742  -0.00097883
 417    0.0000662  -0.00021600
 418    0.0001078  -0.00044173
 419    0.0000160  -0.00010907
 420    0.0000106  -0.00007087
 421    0.0002991  -0.00116604
 422    0.0000396  -0.00019624
 423    0.0000075  -0.00004410
 424    0.0000200  -0.00013779
 425    0.0000844  -0.00027706
 426    0.0000136  -0.00008583
 427    0.0001395  -0.00042999
 428    0.0000823  -0.00029887
 429    0.0000492  -0.00025463
 430    0.0000109  -0.00005194
 431    0.0000187  -0.00008381
 432    0.0000062  -0.00003602
 433    0.0000038  -0.00002322
 434    0.0000049  -0.00002829
 435    0.0001882  -0.00082693
 436    0.0000721  -0.00034013
 437    0.0001523  -0.00117785
 438    0.0000376  -0.00025758
 439    0.0000187  -0.00016141
 440    0.0000878  -0.00102397
 441    0.0000393  -0.00024951
 442    0.0000009  -0.00000856
 443    0.0000009  -0.00000713
 444    0.0000013  -0.00001363
 445    0.0000013  -0.00001385
 446    0.0000004  -0.00000320
 447    0.0000002  -0.00000139
 448    0.0000002  -0.00000123
 449    0.0000001  -0.00000038
 450    0.0000001  -0.00000051
 451    0.0000002  -0.00000074
 452    0.0000081  -0.00003854
 453    0.0000140  -0.00008277
 454    0.0000137  -0.00007147
 455    0.0002989  -0.00097185
 456    0.0000346  -0.00013061
 457    0.0003358  -0.00095931
 458    0.0000461  -0.00016247
 459    0.0000457  -0.00020142
 460    0.0000135  -0.00009990
 461    0.0000093  -0.00006294
 462    0.0002778  -0.00121048
 463    0.0000335  -0.00017471
 464    0.0000070  -0.00004158
 465    0.0000197  -0.00014248
 466    0.0000676  -0.00021732
 467    0.0000116  -0.00006972
 468    0.0000888  -0.00028766
 469    0.0000710  -0.00025472
 470    0.0000409  -0.00020896
 471    0.0000100  -0.00004867
 472    0.0000164  -0.00007323
 473    0.0000053  -0.00003241
 474    0.0000034  -0.00001977
 475    0.0000047  -0.00002755
 476    0.0001380  -0.00052072
 477    0.0000710  -0.00034291
 478    0.0001109  -0.00051972
 479    0.0000326  -0.00021358
 480    0.0000182  -0.00014167
 481    0.0000696  -0.00047997
 482    0.0000326  -0.00030781
 483    0.0000008  -0.00001060
 484    0.0000008  -0.00000630
 485    0.0000012  -0.00001077
 486    0.0000012  -0.00001144
 487    0.0000004  -0.00000307
 488    0.0000002  -0.00000135
 489    0.0000002  -0.00000110
 490    0.0000001  -0.00000036
 491    0.0000001  -0.00000052
 492    0.0000001  -0.00000066
 493    0.0000066  -0.00003406
 494    0.0000113  -0.00006418
 495    0.0000072  -0.00003969
 496    0.0002804  -0.00099794
 497    0.0000304  -0.00011414
 498    0.0002088  -0.00063722
 499    0.0000323  -0.00012178
 500    0.0000242  -0.00013240
 501    0.0000132  -0.00009512
 502    0.0000089  -0.00005901
 503    0.0001830  -0.00087279
 504    0.0000230  -0.00015034
 505    0.0000068  -0.00003944
 506    0.0000193  -0.00013192
 507    0.0000457  -0.00016753
 508    0.0000103  -0.00006376
 509    0.0000875  -0.00029772
 510    0.0000310  -0.00012837
 511    0.0000363  -0.00018788
 512    0.0000096  -0.00004633
 513    0.0000146  -0.00006674
 514    0.0000049  -0.00002900
 515    0.0000030  -0.00001690
 516    0.0000045  -0.00002799
 517    0.0001067  -0.00037019
 518    0.0000472  -0.00025955
 519    0.0001038  -0.00087654
 520    0.0000293  -0.00026202
 521    0.0000180  -0.00013983
 522    0.0000531  -0.00042732
 523    0.0000305  -0.00031026
 524    0.0000007  -0.00001390
 525    0.0000008  -0.00000807
 526    0.0000011  -0.00000998
 527    0.0000011  -0.00001262
 528    0.0000003  -0.00000284
 529    0.0000002  -0.00000124
 530    0.0000002  -0.00000103
 531    0.0000001  -0.00000037
 532    0.0000001  -0.00000041
 533    0.0000001  -0.00000067
 534    0.0000058  -0.00003043
 535    0.0000112  -0.00006619
 536    0.0000066  -0.00003890
 537    0.0002596  -0.00093714
 538    0.0000209  -0.00009004
 539    0.0001972  -0.00057733
 540    0.0000267  -0.00010449
 541    0.0000210  -0.00012462
 542    0.0000113  -0.00007309
 543    0.0000087  -0.00005851
 544    0.0000568  -0.00028985
 545    0.0000208  -0.00013933
 546    0.0000066  -0.00003840
 547    0.0000193  -0.00013529
 548    0.0000357  -0.00013784
 549    0.0000099  -0.00006086
 550    0.0000834  -0.00026871
 551    0.0000290  -0.00012315
 552    0.0000335  -0.00018622
 553    0.0000087  -0.00004513
 554    0.0000108  -0.00005095
 555    0.0000038  -0.00002189
 556    0.0000028  -0.00001567
 557    0.0000044  -0.00002333
 558    0.0000819  -0.00033702
 559    0.0000312  -0.00018148
 560    0.0000492  -0.00020770
 561    0.0000290  -0.00018795
 562    0.0000174  -0.00013953
 563    0.0000424  -0.00025323
 564    0.0000286  -0.00027444
 565    0.0000007  -0.00000742
 566    0.0000008  -0.00000663
 567    0.0000010  -0.00001636
 568    0.0000011  -0.00002256
 569    0.0000003  -0.00000265
 570    0.0000002  -0.00000110
 571    0.0000002  -0.00000089
 572    0.0000001  -0.00000034
 573    0.0000001  -0.00000039
 574    0.0000001  -0.00000050
 575    0.0000056  -0.00002849
 576    0.0000078  -0.00004811
 577    0.0000042  -0.00002480
 578    0.0002417  -0.00089702
 579    0.0000181  -0.00008206
 580    0.0001704  -0.00056634
 581    0.0000215  -0.00008703
 582    0.0000197  -0.00011807
 583    0.0000100  -0.00006697
 584    0.0000081  -0.00005470
 585    0.0000489  -0.00024417
 586    0.0000196  -0.00013370
 587    0.0000061  -0.00003485
 588    0.0000188  -0.00013175
 589    0.0000267  -0.00011325
 590    0.0000094  -0.00005855
 591    0.0000769  -0.00025694
 592    0.0000243  -0.00010692
 593    0.0000251  -0.00015470
 594    0.0000082  -0.00004195
 595    0.0000093  -0.00004521
 596    0.0000025  -0.00001421
 597    0.0000024  -0.00001307
 598    0.0000042  -0.00002468
 599    0.0000736  -0.00026604
 600    0.0000225  -0.00015049
 601    0.0000354  -0.00017183
 602    0.0000246  -0.00019072
 603    0.0000171  -0.00014447
 604    0.0000341  -0.00029572
 605    0.0000257  -0.00021533
 606    0.0000007  -0.00000464
 607    0.0000007  -0.00000739
 608    0.0000010  -0.00002199
 609    0.0000010  -0.00002571
 610    0.0000003  -0.00000259
 611    0.0000002  -0.00000119
 612    0.0000002  -0.00000087
 613    0.0000001  -0.00000036
 614    0.0000001  -0.00000044
 615    0.0000001  -0.00000036
 616    0.0000050  -0.00002401
 617    0.0000074  -0.00004726
 618    0.0000033  -0.00002036
 619    0.0002413  -0.00096975
 620    0.0000116  -0.00005343
 621    0.0001025  -0.00034842
 622    0.0000173  -0.00007820
 623    0.0000188  -0.00011988
 624    0.0000066  -0.00004776
 625    0.0000073  -0.00005310
 626    0.0000336  -0.00018352
 627    0.0000195  -0.00013305
 628    0.0000056  -0.00003189
 629    0.0000184  -0.00012878
 630    0.0000253  -0.00010726
 631    0.0000085  -0.00005353
 632    0.0000496  -0.00018130
 633    0.0000148  -0.00007789
 634    0.0000208  -0.00014258
 635    0.0000066  -0.00003602
 636    0.0000077  -0.00003968
 637    0.0000018  -0.00001059
 638    0.0000023  -0.00001288
 639    0.0000039  -0.00002121
 640    0.0000509  -0.00020059
 641    0.0000203  -0.00014034
 642    0.0000234  -0.00016597
 643    0.0000231  -0.00016766
 644    0.0000171  -0.00015042
 645    0.0000272  -0.00026855
 646    0.0000215  -0.00015798
 647    0.0000006  -0.00000528
 648    0.0000007  -0.00000503
 649    0.0000010  -0.00002023
 650    0.0000010  -0.00001219
 651    0.0000003  -0.00000249
 652    0.0000002  -0.00000108
 653    0.0000001  -0.00000080
 654    0.0000001  -0.00000036
 655    0.0000001  -0.00000036
 656    0.0000001  -0.00000046
 657    0.0000047  -0.00002324
 658    0.0000050  -0.00003259
 659    0.0000030  -0.00001708
 660    0.0000327  -0.00014456
 661    0.0000087  -0.00004316
 662    0.0000837  -0.00028776
 663    0.0000122  -0.00005718
 664    0.0000183  -0.00011882
 665    0.0000062  -0.00004761
 666    0.0000069  -0.00005014
 667    0.0000190  -0.00013609
 668    0.0000190  -0.00013129
 669    0.0000052  -0.00003141
 670    0.0000183  -0.00013105
 671    0.0000212  -0.00009561
 672    0.0000084  -0.00005219
 673    0.0000388  -0.00014691
 674    0.0000122  -0.00006287
 675    0.0000203  -0.00014039
 676    0.0000060  -0.00003193
 677    0.0000056  -0.00003107
 678    0.0000017  -0.00000980
 679    0.0000022  -0.00001222
 680    0.0000035  -0.00001928
 681    0.0000424  -0.00017283
 682    0.0000196  -0.00013178
 683    0.0000214  -0.00018321
 684    0.0000208  -0.00014747
 685    0.0000170  -0.00016125
 686    0.0000244  -0.00023877
 687    0.0000214  -0.00016436
 688    0.0000006  -0.00000432
 689    0.0000006  -0.00000456
 690    0.0000009  -0.00001045
 691    0.0000009  -0.00000887
 692    0.0000003  -0.00000232
 693    0.0000002  -0.00000084
 694    0.0000001  -0.00000074
 695    0.0000001  -0.00000032
 696    0.0000001  -0.00000038
 697    0.0000001  -0.00000040
 698    0.0000045  -0.00002046
 699    0.0000045  -0.00002886
 700    0.0000028  -0.00001484
 701    0.0000256  -0.00012640
 702    0.0000066  -0.00003576
 703    0.0000603  -0.00021066
 704    0.0000071  -0.00003643
 705    0.0000151  -0.00011039
 706    0.0000052  -0.00003813
 707    0.0000061  -0.00004200
 708    0.0000182  -0.00013002
 709    0.0000186  -0.00013210
 710    0.0000051  -0.00003018
 711    0.0000168  -0.00012661
 712    0.0000197  -0.00009343
 713    0.0000079  -0.00004864
 714    0.0000314  -0.00012995
 715    0.0000100  -0.00005010
 716    0.0000190  -0.00013490
 717    0.0000055  -0.00002942
 718    0.0000038  -0.00002078
 719    0.0000015  -0.00000844
 720    0.0000020  -0.00001144
 721    0.0000035  -0.00001884
 722    0.0000295  -0.00014846
 723    0.0000186  -0.00012262
 724    0.0000205  -0.00019957
 725    0.0000169  -0.00042827
 726    0.0000156  -0.00021148
 727    0.0000207  -0.00019763
 728    0.0000201  -0.00026117
 729    0.0000005  -0.00000360
 730    0.0000006  -0.00000444
 731    0.0000008  -0.00000738
 732    0.0000009  -0.00000784
 733    0.0000003  -0.00000235
 734    0.0000002  -0.00000083
 735    0.0000001  -0.00000059
 736    0.0000001  -0.00000033
 737    0.0000001  -0.00000031
 738    0.0000001  -0.00000030
 739    0.0000035  -0.00001577
 740    0.0000041  -0.00002750
 741    0.0000025  -0.00001410
 742    0.0000163  -0.00011220
 743    0.0000049  -0.00002510
 744    0.0000069  -0.00004421
 745    0.0000049  -0.00002815
 746    0.0000122  -0.00009147
 747    0.0000049  -0.00003508
 748    0.0000054  -0.00003932
 749    0.0000174  -0.00012619
 750    0.0000186  -0.00013230
 751    0.0000049  -0.00002846
 752    0.0000131  -0.00012486
 753    0.0000153  -0.00007659
 754    0.0000073  -0.00004948
 755    0.0000195  -0.00009622
 756    0.0000086  -0.00004439
 757    0.0000189  -0.00013381
 758    0.0000055  -0.00002978
 759    0.0000025  -0.00001315
 760    0.0000013  -0.00000757
 761    0.0000019  -0.00001034
 762    0.0000032  -0.00001716
 763    0.0000249  -0.00014957
 764    0.0000182  -0.00012257
 765    0.0000157  -0.00037187
 766    0.0000159  -0.00035252
 767    0.0000156  -0.00024626
 768    0.0000188  -0.00028316
 769    0.0000195  -0.00028110
 770    0.0000005  -0.00000314
 771    0.0000005  -0.00000365
 772    0.0000008  -0.00000659
 773    0.0000008  -0.00000941
 774    0.0000002  -0.00000156
 775    0.0000001  -0.00000071
 776    0.0000001  -0.00000058
 777    0.0000001  -0.00000029
 778    0.0000001  -0.00000032
 779    0.0000001  -0.00000036
 
----------------
 Final Energies 
----------------
Final NOF Total Energy =    -661.4009463
 
Total Orbital Internal Iterations = 1392
Total Occupation Internal Iterations = 1094
 
Elapsed time: 2186.41 Seconds

---------------------------------
   Lowdin Population Analysis    
---------------------------------
 Idx  Atom   Population   Charge 
---------------------------------
  1     C     5.752       0.248
  2     C     5.919       0.081
  3     N     6.109       0.891
  4     H     1.055      -0.055
  5     H     1.062      -0.062
  6     H     1.185      -0.185
  7     H     1.051      -0.051
  8     H     1.043      -0.043
  9     H     1.047      -0.047
 10     H     1.042      -0.042
 11     H     1.051      -0.051
 12     O     7.787       0.213
 13     C     6.929      -0.929
 14     C     7.185      -1.185
 15     F     8.642       0.358
 16     O     7.865       0.135
 17     F     8.626       0.374
 18     F     8.646       0.354

---------------------------------
   M Diagnostic: 0.03
---------------------------------

