Computing Integrals
Elapsed time:    6.64 Seconds

Number of basis functions                   (NBF)    = 399
Number of auxiliary basis functions         (NBFAUX) = 535
Inactive Doubly occupied orbitals up to     (NO1)    = 0
No. considered Strongly Doubly occupied MOs (NDOC)   = 28
No. considered Strongly Singly occupied MOs (NSOC)   = 0
NO. of Weakly occ. per St. Doubly occ.  MOs (NCWO)   = 13
Dimension of the Nat. Orb. subspace         (NBF5)   = 392
No. of electrons                                     = 56
    No. of alpha electrons                           = 28
    No. of beta electrons                            = 28
Multiplicity                                         = 1

Geometry
========
 O       2.8046200      -2.0520900       0.8605100
 C       3.4541600      -1.3595900       0.0286200
 C       4.2241700      -2.2198800      -1.0069500
 F       5.0389100      -3.0975000      -0.4018900
 O       3.5346600      -0.1283400      -0.0734000
 F       4.9731000      -1.4933400      -1.8381400
 F       3.3670800      -2.9290200      -1.7610500

No violations of the orthonormality
No violations of the orthonormality
 
PNOF8/ADAM Calculation
==================
 
  Nitext  Nit_orb  Time   Nit_occ  Time         Eelec          Etot           Ediff      maxdiff    Grad_orb  Grad_occ
0.04343815090944281
0.06210867318264658
     1      10    3.5e+01   62    5.6e+01  -849.43349562  -525.20249421 -10848.43349562   0.501993   1.1e+01   2.8e-04 0.03
0.0011756999655519757
0.003362864624367847
     2      30    3.5e+01   48    1.3e+01  -849.98907820  -525.75807679    -0.55558258   0.505264   6.1e+00   2.9e-04 0.03
0.0005661051558931663
0.0021606852686584855
     3      30    3.8e+01   21    6.0e+00  -850.04669499  -525.81569358    -0.05761679   0.226436   2.3e+00   3.2e-04 0.03
0.0004793124096652557
0.0017501693258737303
     4      30    3.7e+01   21    6.1e+00  -850.06378352  -525.83278211    -0.01708853   0.112285   1.2e+00   2.8e-04 0.03
0.00045721964064444724
0.0014252205515309015
     5      30    3.8e+01   18    5.5e+00  -850.07342242  -525.84242101    -0.00963891   0.014172   4.2e-01   2.9e-04 0.03
0.00034526088111997734
0.0009528565404383073
     6      30    3.8e+01   12    4.1e+00  -850.07831764  -525.84731623    -0.00489521   0.051380   7.2e-01   3.1e-04 0.03
0.00020901815670781865
0.0006070207345557727
     7      30    3.7e+01   15    4.5e+00  -850.07624566  -525.84524425     0.00207198   0.293393   2.7e+00   2.4e-04 0.03
0.00012663597155937456
0.0003635245954152237
     8      50    5.8e+01    9    3.0e+00  -850.08965012  -525.85864870    -0.01340446   0.023952   2.3e-01   2.8e-04 0.03
8.063924334122952e-5
0.0002629938287863652
     9      50    6.4e+01    9    3.4e+00  -850.09043314  -525.85943173    -0.00078303   0.025783   2.6e-01   2.9e-04 0.03
8.181189773765439e-5
0.00026108138894322125
    10      50    6.3e+01   12    3.9e+00  -850.09136728  -525.86036587    -0.00093413   0.003498   9.6e-02   3.3e-04 0.03
5.4676565224008686e-5
0.00018562718859224545
    11      50    7.0e+01    9    3.3e+00  -850.09200374  -525.86100233    -0.00063647   0.003920   1.1e-01   3.0e-04 0.03
6.78803403915771e-5
0.00019792831433425323
    12      50    6.0e+01   12    3.9e+00  -850.09259908  -525.86159767    -0.00059534   0.010276   1.4e-01   3.1e-04 0.03
4.949497407904027e-5
0.00016636231085953853
    13      50    6.1e+01    9    3.4e+00  -850.09309925  -525.86209784    -0.00050017   0.004144   9.7e-02   3.0e-04 0.03
4.729042559164804e-5
0.00015824514926905727
    14      50    6.4e+01    9    3.3e+00  -850.09340980  -525.86240839    -0.00031054   0.003568   9.8e-02   2.8e-04 0.03
7.029420499110334e-5
0.00016680233974406913
    15      50    6.8e+01    3    1.8e+00  -850.09371584  -525.86271443    -0.00030604   0.003512   9.9e-02   2.7e-04 0.03
5.452235946015304e-5
0.0001531308518209112
    16      50    6.2e+01   14    4.6e+00  -850.09392996  -525.86292855    -0.00021412   0.003179   9.4e-02   3.5e-04 0.03
5.441349549759338e-5
0.0001531388401698466
    17      50    5.8e+01    3    1.8e+00  -850.09418794  -525.86318653    -0.00025798   0.004875   9.2e-02   2.5e-04 0.03
5.648488519595634e-5
0.00013133293611670315
    18      50    6.3e+01    6    2.6e+00  -850.09429176  -525.86329035    -0.00010382   0.004576   9.8e-02   2.4e-04 0.03
6.01652182658874e-5
0.00015139367627259068
    19      50    6.3e+01    3    1.8e+00  -850.09451011  -525.86350870    -0.00021835   0.004093   9.1e-02   2.7e-04 0.03
6.990869630244673e-5
0.0001634995028533934
    20      50    6.6e+01    9    3.2e+00  -850.09462736  -525.86362595    -0.00011725   0.015731   1.4e-01   2.3e-04 0.03
7.320835427404332e-5
0.00016412361162788727
    21      50    5.8e+01    3    1.8e+00  -850.09480883  -525.86380742    -0.00018148   0.005129   9.2e-02   2.5e-04 0.03
8.124051955515996e-5
0.00017369997856314708
    22      50    6.4e+01    9    3.2e+00  -850.09497347  -525.86397206    -0.00016464   0.004447   9.3e-02   2.1e-04 0.03
7.819322658824172e-5
0.0001586631958833783
    23      50    6.1e+01    3    1.8e+00  -850.09518084  -525.86417943    -0.00020737   0.004589   9.7e-02   2.5e-04 0.03
7.27263393307953e-5
0.0001562129317881188
    24      50    6.6e+01    9    3.3e+00  -850.09539629  -525.86439488    -0.00021545   0.021880   1.9e-01   2.2e-04 0.03
6.612147024350964e-5
0.0001287114646658751
    25      50    6.5e+01    3    1.8e+00  -850.09567011  -525.86466870    -0.00027382   0.004516   8.5e-02   2.4e-04 0.03
4.6395050695546684e-5
0.00010899356077808956
    26      50    6.2e+01    9    3.3e+00  -850.09575132  -525.86474991    -0.00008121   0.003675   9.3e-02   2.3e-04 0.03
4.7326224952563833e-5
0.00011858322731456631
    27      50    6.7e+01    4    2.0e+00  -850.09590113  -525.86489972    -0.00014982   0.003404   9.1e-02   2.3e-04 0.03
2.0782993135154415e-5
8.570713986933095e-5
    28      50    6.4e+01    9    3.2e+00  -850.09595180  -525.86495039    -0.00005067   0.005835   1.1e-01   2.4e-04 0.03
3.465531121593819e-5
9.825026026463968e-5
    29      50    6.2e+01    3    1.6e+00  -850.09611088  -525.86510947    -0.00015908   0.003318   8.4e-02   2.4e-04 0.03
4.343316007632096e-5
0.00013239728040508012
    30      50    6.4e+01    3    1.8e+00  -850.09615255  -525.86515114    -0.00004167   0.003937   8.9e-02   3.4e-04 0.03
3.813939995862565e-5
0.00011091220966184757
    31      50    6.5e+01    9    3.2e+00  -850.09623554  -525.86523412    -0.00008298   0.016738   1.5e-01   2.3e-04 0.03
7.808782150331255e-5
0.00013666583879855794
    32      50    6.1e+01    3    1.8e+00  -850.09636615  -525.86536474    -0.00013061   0.003757   8.7e-02   2.9e-04 0.03
8.047078370612346e-5
0.0001627350033947331
    33      50    6.2e+01    4    1.9e+00  -850.09648393  -525.86548252    -0.00011778   0.003925   9.1e-02   2.9e-04 0.03
7.662810997981738e-5
0.00016305409638409964
    34      50    6.3e+01    3    1.8e+00  -850.09666517  -525.86566376    -0.00018124   0.003528   8.5e-02   3.3e-04 0.03
7.232100796310953e-5
0.00014509925184277427
    35      50    6.3e+01    6    2.6e+00  -850.09680786  -525.86580645    -0.00014270   0.010219   1.2e-01   2.9e-04 0.03
6.406631217852413e-5
0.00012530043690270687
    36      50    6.3e+01    6    2.5e+00  -850.09702519  -525.86602378    -0.00021732   0.006892   1.2e-01   3.2e-04 0.03
4.035061092006343e-5
0.00012119652467557765
    37      50    6.8e+01    7    2.8e+00  -850.09721084  -525.86620943    -0.00018565   0.004069   8.9e-02   2.7e-04 0.03
4.552006757333523e-5
0.00012400976683451306
    38      50    6.4e+01    3    1.9e+00  -850.09735252  -525.86635111    -0.00014169   0.004257   9.0e-02   3.1e-04 0.03
4.225817660985509e-5
0.00010747080659436745
    39      50    6.1e+01    6    2.6e+00  -850.09747234  -525.86647093    -0.00011982   0.003623   8.4e-02   2.5e-04 0.03
3.5856064018478795e-5
8.467211774380026e-5
    40      50    6.2e+01    6    2.6e+00  -850.09754455  -525.86654314    -0.00007221   0.004151   9.0e-02   2.4e-04 0.03
3.155387820508171e-5
9.731109583964315e-5
    41      50    6.1e+01    7    2.9e+00  -850.09764970  -525.86664829    -0.00010515   0.003616   8.8e-02   2.0e-04 0.03
0.0
0.0
    42      50    6.2e+01    0    1.0e+00  -850.09774938  -525.86674797    -0.00009968   0.003854   8.8e-02   2.6e-04 0.03
3.4307455970550294e-5
8.567667125078111e-5
    43      60    7.5e+01    6    2.6e+00  -850.09792018  -525.86691877    -0.00017080   0.019284   1.1e-01   2.1e-04 0.03
0.0
0.0
    44      60    7.5e+01    0    1.1e+00  -850.09786234  -525.86686093     0.00005784   0.020473   2.7e-01   2.6e-04 0.03
0.0
0.0
    45      90    1.1e+02    0    1.1e+00  -850.09817655  -525.86717513    -0.00031421   0.000693   8.7e-03   3.0e-04 0.03
0.0
0.0
    46     100    1.2e+02    0    1.1e+00  -850.09818016  -525.86717875    -0.00000362   0.000732   1.3e-02   3.1e-04 0.03
3.067493396181724e-5
8.984627102602533e-5
    47     110    1.4e+02    6    2.4e+00  -850.09819105  -525.86718964    -0.00001089   0.001105   1.4e-02   2.3e-04 0.03
0.0
0.0
    48     110    1.4e+02    0    1.1e+00  -850.09824249  -525.86724108    -0.00005144   0.000554   1.0e-02   2.3e-04 0.03
0.0
0.0
    49     120    1.5e+02    0    1.0e+00  -850.09825480  -525.86725339    -0.00001231   0.000463   8.9e-03   2.9e-04 0.03
0.0
0.0
    50     130    1.6e+02    0    1.2e+00  -850.09826433  -525.86726292    -0.00000953   0.000463   7.5e-03   3.1e-04 0.03
2.639271012983002e-5
7.306315743715389e-5
    51     140    1.8e+02    7    2.4e+00  -850.09827183  -525.86727042    -0.00000749   0.000361   6.7e-03   2.6e-04 0.03
3.19391567587062e-5
8.05399455084132e-5
    52     140    1.8e+02    3    1.9e+00  -850.09832306  -525.86732164    -0.00005123   0.000419   7.2e-03   2.3e-04 0.03
0.0
0.0
    53     140    1.7e+02    0    1.2e+00  -850.09833867  -525.86733726    -0.00001562   0.000481   7.3e-03   2.5e-04 0.03
2.1536107626209003e-5
6.765198009461876e-5
    54     150    1.9e+02    6    2.3e+00  -850.09834435  -525.86734294    -0.00000568   0.000401   6.4e-03   2.5e-04 0.03
3.498448585703695e-5
7.227478446375333e-5
    55     150    1.8e+02    1    1.4e+00  -850.09838033  -525.86737892    -0.00003598   0.000465   7.3e-03   1.9e-04 0.03
0.0
0.0
    56     150    1.9e+02    0    1.2e+00  -850.09838780  -525.86738639    -0.00000747   0.000478   7.2e-03   2.1e-04 0.03
0.0
0.0
    57     160    2.0e+02    0    1.2e+00  -850.09839341  -525.86739199    -0.00000561   0.000802   8.6e-03   2.4e-04 0.03
4.153376884202635e-5
0.00010687687010169057
    58     170    2.2e+02    3    1.6e+00  -850.09839889  -525.86739748    -0.00000549   0.000394   5.8e-03   2.8e-04 0.03
3.485940721914549e-5
8.106770488395336e-5
    59     170    2.1e+02    1    1.3e+00  -850.09842304  -525.86742163    -0.00002415   0.000442   5.1e-03   3.0e-04 0.03
2.617583821751257e-5
7.022482484625708e-5
    60     170    2.0e+02    6    2.6e+00  -850.09843052  -525.86742910    -0.00000748   0.000553   6.2e-03   2.0e-04 0.03
0.0
0.0
    61     170    2.2e+02    0    1.1e+00  -850.09846736  -525.86746595    -0.00003684   0.000460   5.6e-03   2.2e-04 0.03
0.0
0.0
    62     180    2.3e+02    0    1.1e+00  -850.09847479  -525.86747338    -0.00000743   0.004121   2.4e-02   2.6e-04 0.03
3.6672126789491846e-5
9.23995718830081e-5
    63     190    2.3e+02    3    1.8e+00  -850.09848214  -525.86748073    -0.00000735   0.000348   4.5e-03   2.8e-04 0.03
0.0
0.0
    64     190    2.4e+02    0    1.2e+00  -850.09850268  -525.86750127    -0.00002054   0.000389   3.8e-03   2.8e-04 0.03
1.9969475363518132e-5
6.027477302950281e-5
    65     200    2.4e+02    6    2.4e+00  -850.09850695  -525.86750554    -0.00000426   0.000308   3.7e-03   1.9e-04 0.03
0.0
0.0
    66     200    2.5e+02    0    1.0e+00  -850.09853825  -525.86753683    -0.00003130   0.000293   3.2e-03   2.4e-04 0.03
3.2524786475418566e-5
7.890836302474874e-5
    67     210    2.7e+02    1    1.4e+00  -850.09854202  -525.86754061    -0.00000377   0.000232   2.4e-03   2.8e-04 0.03
3.20100813094382e-5
6.977127734410416e-5
    68     210    2.6e+02    6    2.6e+00  -850.09854565  -525.86754424    -0.00000363   0.000163   2.2e-03   2.0e-04 0.03
0.0
0.0
    69     210    2.5e+02    0    1.2e+00  -850.09857542  -525.86757401    -0.00002978   0.000154   1.9e-03   2.1e-04 0.03
0.0
0.0
    70     220    2.8e+02    0    1.2e+00  -850.09857797  -525.86757656    -0.00000255   0.000127   1.6e-03   2.5e-04 0.03
2.9998362269618864e-5
6.15953099840506e-5
    71     230    3.0e+02    6    2.4e+00  -850.09857970  -525.86757829    -0.00000173   0.000132   1.7e-03   1.8e-04 0.03
0.0
0.0
    72     228    2.8e+02    0    1.1e+00  -850.09861363  -525.86761222    -0.00003393   0.000100   1.3e-03   2.3e-04 0.03
 
RESULTS OF THE OCCUPATION OPTIMIZATION
========================================
   1    1.9999880  -26.21759142
   2    1.9999883  -26.21712152
   3    1.9999882  -26.21621577
   4    1.9999794  -20.34564044
   5    1.9999794  -20.34490999
   6    1.9999429  -11.25051339
   7    1.9999444  -11.21848899
   8    1.9875344  -1.46198576
   9    1.9873751  -1.45794927
  10    1.9879919  -1.44853667
  11    1.9858282  -1.04233974
  12    1.9859456  -1.03596723
  13    1.9723030  -0.77241973
  14    1.9722908  -0.77223011
  15    1.9724567  -0.76466509
  16    1.9756124  -0.62303039
  17    1.9814615  -0.61935713
  18    1.9732022  -0.61384962
  19    1.9804574  -0.59652134
  20    1.9800220  -0.59345114
  21    1.9803928  -0.59277034
  22    1.9799841  -0.59270316
  23    1.9740170  -0.59235050
  24    1.9802694  -0.59092016
  25    1.9790836  -0.35401200
  26    1.9781038  -0.33272341
  27    1.9782874  -0.32955313
  28    1.9661891  -0.31535885
  29    0.0298883  -0.04499475
  30    0.0088305  -0.01562732
  31    0.0092285  -0.01598618
  32    0.0083600  -0.01442140
  33    0.0090592  -0.01882371
  34    0.0215376  -0.03805586
  35    0.0096206  -0.01948235
  36    0.0090258  -0.01910508
  37    0.0096210  -0.01954459
  38    0.0091933  -0.01920004
  39    0.0220317  -0.03570693
  40    0.0089023  -0.02204724
  41    0.0207279  -0.03750354
  42    0.0266658  -0.05029039
  43    0.0268464  -0.05051921
  44    0.0268214  -0.05051687
  45    0.0070457  -0.01961274
  46    0.0067181  -0.01944887
  47    0.0055250  -0.01721740
  48    0.0063784  -0.02209394
  49    0.0063622  -0.02219816
  50    0.0000155  -0.00037402
  51    0.0000174  -0.00042541
  52    0.0000091  -0.00035866
  53    0.0000085  -0.00034027
  54    0.0000081  -0.00035415
  55    0.0000078  -0.00034414
  56    0.0000083  -0.00037101
  57    0.0033257  -0.00703486
  58    0.0044360  -0.00889388
  59    0.0044977  -0.00904450
  60    0.0049826  -0.00936620
  61    0.0042096  -0.01002323
  62    0.0033775  -0.00765792
  63    0.0042468  -0.01002940
  64    0.0040277  -0.00985599
  65    0.0042562  -0.01002619
  66    0.0041047  -0.00996478
  67    0.0017837  -0.00426282
  68    0.0040599  -0.01005365
  69    0.0024119  -0.00604784
  70    0.0002491  -0.00100601
  71    0.0002530  -0.00102597
  72    0.0002538  -0.00102128
  73    0.0030111  -0.00782411
  74    0.0028505  -0.00740544
  75    0.0029669  -0.00963173
  76    0.0029173  -0.00959629
  77    0.0028944  -0.00953446
  78    0.0000088  -0.00010993
  79    0.0000086  -0.00011111
  80    0.0000030  -0.00004928
  81    0.0000030  -0.00004972
  82    0.0000016  -0.00003504
  83    0.0000017  -0.00003463
  84    0.0000015  -0.00003087
  85    0.0002345  -0.00074380
  86    0.0041396  -0.00862622
  87    0.0042360  -0.00856270
  88    0.0048275  -0.00873188
  89    0.0040450  -0.00996948
  90    0.0002957  -0.00097683
  91    0.0041287  -0.00996733
  92    0.0039537  -0.00985196
  93    0.0041633  -0.00997914
  94    0.0039921  -0.00978253
  95    0.0015314  -0.00399237
  96    0.0038580  -0.00981257
  97    0.0004833  -0.00161562
  98    0.0002486  -0.00100034
  99    0.0002445  -0.00100702
 100    0.0002515  -0.00101548
 101    0.0014813  -0.00614016
 102    0.0018115  -0.00813491
 103    0.0018973  -0.00786528
 104    0.0018449  -0.00773783
 105    0.0018502  -0.00776287
 106    0.0000080  -0.00009510
 107    0.0000074  -0.00008554
 108    0.0000030  -0.00004856
 109    0.0000028  -0.00004683
 110    0.0000013  -0.00003554
 111    0.0000013  -0.00003360
 112    0.0000013  -0.00003514
 113    0.0002304  -0.00073713
 114    0.0016630  -0.00533700
 115    0.0011538  -0.00360232
 116    0.0007456  -0.00309811
 117    0.0007428  -0.00268563
 118    0.0002705  -0.00091651
 119    0.0008189  -0.00310788
 120    0.0007667  -0.00334959
 121    0.0006893  -0.00258258
 122    0.0007034  -0.00267272
 123    0.0009783  -0.00289481
 124    0.0006647  -0.00254857
 125    0.0003051  -0.00102656
 126    0.0002368  -0.00096678
 127    0.0002238  -0.00094125
 128    0.0002375  -0.00097028
 129    0.0007036  -0.00297277
 130    0.0006922  -0.00290094
 131    0.0006026  -0.00553355
 132    0.0005085  -0.00277720
 133    0.0005093  -0.00429653
 134    0.0000068  -0.00008063
 135    0.0000067  -0.00007958
 136    0.0000026  -0.00004404
 137    0.0000023  -0.00003818
 138    0.0000002  -0.00001350
 139    0.0000005  -0.00002539
 140    0.0000003  -0.00004337
 141    0.0000189  -0.00008587
 142    0.0008892  -0.00273121
 143    0.0008909  -0.00267890
 144    0.0007204  -0.00247456
 145    0.0005368  -0.00200668
 146    0.0002124  -0.00080012
 147    0.0003366  -0.00134881
 148    0.0005708  -0.00311972
 149    0.0003437  -0.00136652
 150    0.0006023  -0.00324171
 151    0.0001036  -0.00037873
 152    0.0004277  -0.00188851
 153    0.0002137  -0.00077886
 154    0.0000212  -0.00013974
 155    0.0000192  -0.00013050
 156    0.0000175  -0.00012430
 157    0.0005235  -0.00332719
 158    0.0006040  -0.00220356
 159    0.0002701  -0.00133869
 160    0.0002661  -0.00134001
 161    0.0002733  -0.00141786
 162    0.0000066  -0.00007761
 163    0.0000061  -0.00007389
 164    0.0000010  -0.00002624
 165    0.0000022  -0.00003838
 166    0.0000001  -0.00000486
 167    0.0000001  -0.00000626
 168    0.0000001  -0.00000435
 169    0.0000173  -0.00009239
 170    0.0006318  -0.00277886
 171    0.0006588  -0.00240572
 172    0.0003716  -0.00120100
 173    0.0003583  -0.00145497
 174    0.0000921  -0.00038827
 175    0.0003034  -0.00114630
 176    0.0003887  -0.00162142
 177    0.0003186  -0.00125065
 178    0.0003503  -0.00147300
 179    0.0000877  -0.00037002
 180    0.0002710  -0.00111025
 181    0.0000872  -0.00036192
 182    0.0000170  -0.00012196
 183    0.0000165  -0.00011939
 184    0.0000157  -0.00011692
 185    0.0003886  -0.00234857
 186    0.0005532  -0.00327338
 187    0.0002635  -0.00138523
 188    0.0002603  -0.00122546
 189    0.0002462  -0.00120243
 190    0.0000027  -0.00007177
 191    0.0000033  -0.00005453
 192    0.0000006  -0.00002014
 193    0.0000006  -0.00001855
 194    0.0000001  -0.00000353
 195    0.0000001  -0.00000282
 196    0.0000001  -0.00000382
 197    0.0000165  -0.00009219
 198    0.0003076  -0.00091980
 199    0.0003489  -0.00108706
 200    0.0003459  -0.00109138
 201    0.0003216  -0.00121839
 202    0.0000574  -0.00026012
 203    0.0002672  -0.00113225
 204    0.0003434  -0.00144526
 205    0.0002837  -0.00116403
 206    0.0002721  -0.00109520
 207    0.0000722  -0.00029068
 208    0.0001450  -0.00068411
 209    0.0000342  -0.00016269
 210    0.0000161  -0.00011913
 211    0.0000159  -0.00011725
 212    0.0000155  -0.00011553
 213    0.0002608  -0.00100579
 214    0.0004120  -0.00192500
 215    0.0002372  -0.00116343
 216    0.0002123  -0.00130305
 217    0.0001620  -0.00104891
 218    0.0000022  -0.00004243
 219    0.0000028  -0.00004782
 220    0.0000004  -0.00002607
 221    0.0000004  -0.00003874
 222    0.0000001  -0.00000296
 223    0.0000001  -0.00000249
 224    0.0000001  -0.00000320
 225    0.0000163  -0.00009196
 226    0.0003059  -0.00094459
 227    0.0003304  -0.00106798
 228    0.0002017  -0.00081703
 229    0.0003000  -0.00114419
 230    0.0000450  -0.00017890
 231    0.0001651  -0.00074500
 232    0.0002953  -0.00113767
 233    0.0001732  -0.00081365
 234    0.0002156  -0.00096354
 235    0.0000572  -0.00023104
 236    0.0000928  -0.00044562
 237    0.0000304  -0.00015160
 238    0.0000158  -0.00011473
 239    0.0000156  -0.00011329
 240    0.0000154  -0.00011439
 241    0.0002442  -0.00097153
 242    0.0002460  -0.00104936
 243    0.0000919  -0.00126672
 244    0.0000972  -0.00149852
 245    0.0000724  -0.00118852
 246    0.0000018  -0.00003782
 247    0.0000015  -0.00003428
 248    0.0000003  -0.00003732
 249    0.0000003  -0.00002509
 250    0.0000001  -0.00000269
 251    0.0000001  -0.00000215
 252    0.0000000  -0.00000175
 253    0.0000159  -0.00009143
 254    0.0002934  -0.00099025
 255    0.0002779  -0.00088037
 256    0.0001228  -0.00051254
 257    0.0000703  -0.00032950
 258    0.0000313  -0.00014134
 259    0.0000488  -0.00027094
 260    0.0001439  -0.00066910
 261    0.0000478  -0.00026677
 262    0.0000325  -0.00018507
 263    0.0000457  -0.00021413
 264    0.0000347  -0.00019951
 265    0.0000240  -0.00013577
 266    0.0000155  -0.00011460
 267    0.0000156  -0.00011333
 268    0.0000152  -0.00011253
 269    0.0002178  -0.00113900
 270    0.0000837  -0.00092238
 271    0.0000748  -0.00118312
 272    0.0000732  -0.00107808
 273    0.0000291  -0.00020385
 274    0.0000014  -0.00003093
 275    0.0000011  -0.00005365
 276    0.0000002  -0.00000909
 277    0.0000002  -0.00000816
 278    0.0000000  -0.00000191
 279    0.0000000  -0.00000099
 280    0.0000000  -0.00000167
 281    0.0000145  -0.00008693
 282    0.0001233  -0.00046805
 283    0.0001492  -0.00056368
 284    0.0000791  -0.00031473
 285    0.0000298  -0.00017951
 286    0.0000174  -0.00011224
 287    0.0000261  -0.00016293
 288    0.0000343  -0.00019733
 289    0.0000228  -0.00014846
 290    0.0000223  -0.00014827
 291    0.0000359  -0.00015643
 292    0.0000280  -0.00017292
 293    0.0000204  -0.00012421
 294    0.0000155  -0.00011399
 295    0.0000154  -0.00011391
 296    0.0000150  -0.00011273
 297    0.0001116  -0.00057690
 298    0.0000810  -0.00097619
 299    0.0000288  -0.00020845
 300    0.0000181  -0.00015281
 301    0.0000183  -0.00016210
 302    0.0000006  -0.00002679
 303    0.0000008  -0.00002046
 304    0.0000002  -0.00000647
 305    0.0000001  -0.00000495
 306    0.0000000  -0.00000174
 307    0.0000000  -0.00000053
 308    0.0000000  -0.00000153
 309    0.0000132  -0.00008437
 310    0.0000419  -0.00019646
 311    0.0000557  -0.00027570
 312    0.0000662  -0.00030704
 313    0.0000210  -0.00015410
 314    0.0000165  -0.00010722
 315    0.0000186  -0.00014065
 316    0.0000200  -0.00014445
 317    0.0000212  -0.00014746
 318    0.0000188  -0.00013512
 319    0.0000277  -0.00012284
 320    0.0000185  -0.00013783
 321    0.0000172  -0.00011243
 322    0.0000148  -0.00011279
 323    0.0000150  -0.00011148
 324    0.0000141  -0.00010959
 325    0.0000259  -0.00017900
 326    0.0000516  -0.00029559
 327    0.0000171  -0.00014656
 328    0.0000165  -0.00014075
 329    0.0000164  -0.00014040
 330    0.0000005  -0.00001366
 331    0.0000006  -0.00001643
 332    0.0000001  -0.00000463
 333    0.0000001  -0.00000435
 334    0.0000000  -0.00000115
 335    0.0000000  -0.00000044
 336    0.0000000  -0.00000133
 337    0.0000101  -0.00006081
 338    0.0000267  -0.00015468
 339    0.0000371  -0.00018960
 340    0.0000516  -0.00024115
 341    0.0000185  -0.00013581
 342    0.0000149  -0.00009713
 343    0.0000177  -0.00013311
 344    0.0000190  -0.00013434
 345    0.0000193  -0.00013975
 346    0.0000179  -0.00013209
 347    0.0000259  -0.00012016
 348    0.0000183  -0.00013845
 349    0.0000162  -0.00010017
 350    0.0000143  -0.00011102
 351    0.0000147  -0.00010855
 352    0.0000133  -0.00010189
 353    0.0000206  -0.00017017
 354    0.0000459  -0.00026519
 355    0.0000167  -0.00014390
 356    0.0000161  -0.00013625
 357    0.0000161  -0.00013702
 358    0.0000004  -0.00002366
 359    0.0000005  -0.00001771
 360    0.0000001  -0.00000386
 361    0.0000001  -0.00000261
 362    0.0000000  -0.00000107
 363    0.0000000  -0.00000044
 364    0.0000000  -0.00000119
 365    0.0000093  -0.00006087
 366    0.0000236  -0.00014254
 367    0.0000313  -0.00016198
 368    0.0000413  -0.00022357
 369    0.0000177  -0.00012844
 370    0.0000148  -0.00009931
 371    0.0000175  -0.00012768
 372    0.0000178  -0.00012679
 373    0.0000179  -0.00012860
 374    0.0000175  -0.00012929
 375    0.0000170  -0.00011288
 376    0.0000177  -0.00013147
 377    0.0000161  -0.00009985
 378    0.0000129  -0.00009281
 379    0.0000136  -0.00009869
 380    0.0000109  -0.00008842
 381    0.0000197  -0.00015832
 382    0.0000220  -0.00016555
 383    0.0000163  -0.00013548
 384    0.0000161  -0.00013613
 385    0.0000158  -0.00013456
 386    0.0000003  -0.00002989
 387    0.0000004  -0.00001904
 388    0.0000001  -0.00000265
 389    0.0000001  -0.00000236
 390    0.0000000  -0.00000090
 391    0.0000000  -0.00000039
 392    0.0000000  -0.00000056
 
----------------
 Final Energies 
----------------
Final NOF Total Energy =    -525.8676122
 
Total Orbital Internal Iterations = 6698
Total Occupation Internal Iterations = 480
 
Elapsed time: 8919.72 Seconds

---------------------------------
   Lowdin Population Analysis    
---------------------------------
 Idx  Atom   Population   Charge 
---------------------------------
  1     O     7.928       0.072
  2     C     6.994      -0.994
  3     C     7.198      -1.198
  4     F     8.657       0.343
  5     O     7.918       0.082
  6     F     8.646       0.354
  7     F     8.660       0.340

---------------------------------
   M Diagnostic: 0.03
---------------------------------

