Computing Integrals
Elapsed time:    4.86 Seconds

Number of basis functions                   (NBF)    = 424
Number of auxiliary basis functions         (NBFAUX) = 680
Inactive Doubly occupied orbitals up to     (NO1)    = 0
No. considered Strongly Doubly occupied MOs (NDOC)   = 40
No. considered Strongly Singly occupied MOs (NSOC)   = 0
NO. of Weakly occ. per St. Doubly occ.  MOs (NCWO)   = 9
Dimension of the Nat. Orb. subspace         (NBF5)   = 400
No. of electrons                                     = 80
    No. of alpha electrons                           = 40
    No. of beta electrons                            = 40
Multiplicity                                         = 1

Geometry
========
 C       0.0000000      -0.7086500       0.0996500
 C       0.0000000       0.7086500       0.0996500
Cl      -1.4459100      -1.5704300       0.2108600
Cl       1.4459100      -1.5704300       0.2108600
Cl      -1.4459100       1.5704300       0.2108600
Cl       1.4459100       1.5704300       0.2108600
 H       0.0000000       0.0000000      -1.0427400

No violations of the orthonormality
No violations of the orthonormality
 
PNOF8/ADAM Calculation
==================
 
  Nitext  Nit_orb  Time   Nit_occ  Time         Eelec          Etot           Ediff      maxdiff    Grad_orb  Grad_occ
0.01667334310007229
0.027495091381496528
     1      10    2.9e+01   71    4.6e+01 -2416.29862206 -1900.89399336 -12415.29862206   9.018802   2.2e+02   3.8e-04 0.03
0.0013224389283769816
0.004026297086085756
     2      30    3.7e+01   46    1.2e+01 -2431.50429813 -1916.09966942   -15.20567607   0.429278   4.0e+00   2.5e-04 0.03
0.0008179858985373932
0.0026328047594460285
     3      30    3.7e+01   35    9.0e+00 -2431.76675688 -1916.36212817    -0.26245875   0.856479   1.3e+01   3.4e-04 0.03
0.0005193418770105714
0.0016411537130313625
     4      30    3.7e+01   29    7.7e+00 -2431.84420054 -1916.43957183    -0.07744366   0.050653   1.3e+00   4.0e-04 0.03
0.0002845545564150592
0.0010933717529325287
     5      30    3.7e+01   27    7.2e+00 -2431.85740804 -1916.45277933    -0.01320750   0.198290   3.3e+00   3.0e-04 0.03
0.00018994423661111703
0.0007369631644074841
     6      30    3.7e+01   31    8.1e+00 -2431.86832113 -1916.46369243    -0.01091310   0.032888   1.4e+00   2.9e-04 0.03
0.0001747459321820976
0.0005953951776710276
     7      30    3.7e+01   13    4.0e+00 -2431.86630678 -1916.46167808     0.00201435   0.071900   1.7e+00   3.7e-04 0.03
0.000204035260064208
0.0004825550388533977
     8      50    6.1e+01   21    5.9e+00 -2431.92269732 -1916.51806861    -0.05639053   0.007836   2.4e-01   3.4e-04 0.03
0.000239918750416495
0.0004241653054164607
     9      50    6.1e+01   15    4.5e+00 -2431.92432820 -1916.51969949    -0.00163088   0.010518   3.3e-01   3.5e-04 0.03
0.00016349177344235528
0.0003521667649063008
    10      50    6.1e+01   11    3.5e+00 -2431.92645899 -1916.52183029    -0.00213079   0.009624   3.1e-01   4.2e-04 0.03
0.0001152282267022995
0.00031513035356215265
    11      50    6.1e+01   19    5.4e+00 -2431.92835906 -1916.52373035    -0.00190007   0.012668   3.2e-01   3.3e-04 0.03
0.00014611980265255564
0.0003361535591679395
    12      50    6.1e+01   13    4.0e+00 -2431.92993796 -1916.52530926    -0.00157891   0.011482   3.1e-01   3.3e-04 0.03
0.0001751390243021067
0.00032353210013629354
    13      50    6.1e+01   17    4.9e+00 -2431.93150242 -1916.52687371    -0.00156445   0.013051   3.1e-01   3.0e-04 0.03
0.00019523232279103873
0.00035693016378021664
    14      50    6.1e+01   19    5.4e+00 -2431.93268081 -1916.52805210    -0.00117839   0.013342   3.0e-01   2.8e-04 0.03
0.00020187531198223585
0.00038046831019937456
    15      50    6.1e+01   11    3.6e+00 -2431.93393085 -1916.52930214    -0.00125005   0.008509   2.9e-01   3.2e-04 0.03
0.00014758154734417772
0.000333421628926762
    16      50    6.1e+01   22    6.1e+00 -2431.93499654 -1916.53036783    -0.00106569   0.009958   2.8e-01   2.9e-04 0.03
0.00014556673895893546
0.00030170213808264313
    17      50    6.1e+01   15    4.5e+00 -2431.93616118 -1916.53153247    -0.00116464   0.010322   2.7e-01   2.8e-04 0.03
0.0001342513518603882
0.0003058259556377223
    18      50    6.1e+01   11    3.6e+00 -2431.93689890 -1916.53227019    -0.00073772   0.012912   2.8e-01   2.8e-04 0.03
0.00017049684982244594
0.000297060327455048
    19      50    6.1e+01   15    4.5e+00 -2431.93774369 -1916.53311498    -0.00084479   0.010051   2.7e-01   2.8e-04 0.03
0.00018939842855992574
0.00036758209633911836
    20      50    6.1e+01   11    3.6e+00 -2431.93836411 -1916.53373540    -0.00062042   0.009507   2.7e-01   3.1e-04 0.03
0.00019152482944562177
0.0003851534480203391
    21      50    6.1e+01   13    4.0e+00 -2431.93899114 -1916.53436243    -0.00062703   0.019966   3.3e-01   3.2e-04 0.03
0.00017994802407927946
0.00031926838164487195
    22      50    6.1e+01   15    4.5e+00 -2431.93960057 -1916.53497186    -0.00060943   0.012151   2.8e-01   2.6e-04 0.03
0.0001892827252683027
0.00030315037835748474
    23      50    6.1e+01    7    2.6e+00 -2431.94000596 -1916.53537725    -0.00040539   0.013090   2.8e-01   2.8e-04 0.03
0.00013057597126830967
0.0002464861802014393
    24      50    6.1e+01   15    4.5e+00 -2431.94057472 -1916.53594601    -0.00056876   0.011306   2.7e-01   2.2e-04 0.03
0.0001213795901116076
0.0002231673918488232
    25      50    6.1e+01    5    2.2e+00 -2431.94097341 -1916.53634470    -0.00039868   0.010708   2.6e-01   3.1e-04 0.03
7.254461972983073e-5
0.00014951033292060815
    26      50    6.1e+01    9    3.1e+00 -2431.94114431 -1916.53651560    -0.00017090   0.011363   2.6e-01   2.9e-04 0.03
9.519084512619319e-5
0.00017397359655309198
    27      50    6.1e+01    3    1.7e+00 -2431.94141419 -1916.53678548    -0.00026988   0.080170   6.0e-01   3.8e-04 0.03
5.099445530598601e-5
0.00014436764711553798
    28      50    6.1e+01   11    3.5e+00 -2431.94148734 -1916.53685864    -0.00007316   0.010395   2.6e-01   3.3e-04 0.03
5.285700608059947e-5
0.00012131879452658094
    29      50    6.1e+01    5    2.2e+00 -2431.94131290 -1916.53668419     0.00017444   0.117946   1.3e+00   2.5e-04 0.03
5.259713814312686e-5
0.00010563814265870715
    30      70    8.5e+01    5    2.2e+00 -2431.94338421 -1916.53875550    -0.00207131   0.009001   7.5e-02   2.6e-04 0.03
4.5320805357381214e-5
0.00010032260660976359
    31      70    8.5e+01    5    2.1e+00 -2431.94332083 -1916.53869212     0.00006338   0.002189   7.8e-02   2.6e-04 0.03
3.3086783393870486e-5
7.405995973664358e-5
    32      90    1.1e+02    5    2.1e+00 -2431.94355268 -1916.53892397    -0.00023185   0.000475   1.3e-02   2.7e-04 0.03
2.3239989411560913e-5
6.259163564039492e-5
    33      90    1.1e+02    1    1.2e+00 -2431.94359538 -1916.53896667    -0.00004270   0.000711   2.2e-02   2.6e-04 0.03
3.5557860630275676e-5
7.685670596814959e-5
    34      90    1.1e+02   13    4.0e+00 -2431.94362917 -1916.53900046    -0.00003379   0.000674   2.1e-02   2.5e-04 0.03
2.127671384584244e-5
4.872278308145093e-5
    35      90    1.1e+02    3    1.7e+00 -2431.94371743 -1916.53908873    -0.00008826   0.000686   2.1e-02   2.1e-04 0.03
2.9177516297789266e-5
6.175536143064605e-5
    36      90    1.1e+02    3    1.7e+00 -2431.94376455 -1916.53913584    -0.00004712   0.000673   2.1e-02   2.2e-04 0.03
2.3931753388852645e-5
6.0723069985094666e-5
    37      90    1.1e+02    5    2.2e+00 -2431.94381327 -1916.53918456    -0.00004872   0.000674   2.1e-02   2.2e-04 0.03
2.6153417200913687e-5
5.522918928068056e-5
    38      90    1.1e+02    1    1.2e+00 -2431.94386736 -1916.53923866    -0.00005409   0.000675   2.1e-02   2.6e-04 0.03
2.527710331125775e-5
5.828310759035493e-5
    39      90    1.1e+02    4    2.0e+00 -2431.94390443 -1916.53927572    -0.00003707   0.000961   2.3e-02   2.7e-04 0.03
4.0889879791880523e-5
7.829180660594302e-5
    40      90    1.1e+02    4    1.9e+00 -2431.94395390 -1916.53932519    -0.00004946   0.006371   4.1e-02   2.8e-04 0.03
0.0
0.0
    41      90    1.1e+02    0    9.9e-01 -2431.94400834 -1916.53937964    -0.00005445   0.000703   2.0e-02   2.9e-04 0.03
3.2889329578204276e-5
7.40096743621084e-5
    42     100    1.2e+02    9    3.1e+00 -2431.94404310 -1916.53941439    -0.00003476   0.000649   1.9e-02   3.2e-04 0.03
3.0273449855592813e-5
5.543548572620169e-5
    43     100    1.2e+02    3    1.7e+00 -2431.94411765 -1916.53948895    -0.00007456   0.000628   1.8e-02   2.2e-04 0.03
3.5860662042603436e-5
5.876178683448297e-5
    44     100    1.2e+02    3    1.7e+00 -2431.94415984 -1916.53953113    -0.00004219   0.000680   1.9e-02   2.1e-04 0.03
2.804974418532495e-5
5.1467019793678605e-5
    45     100    1.2e+02    3    1.7e+00 -2431.94420016 -1916.53957145    -0.00004032   0.000677   1.9e-02   2.8e-04 0.03
3.0447903568653345e-5
5.8043943304642006e-5
    46     100    1.2e+02    1    1.2e+00 -2431.94423785 -1916.53960915    -0.00003769   0.000691   2.0e-02   2.8e-04 0.03
3.479806518416097e-5
8.204323571898357e-5
    47     100    1.2e+02    9    3.1e+00 -2431.94426561 -1916.53963690    -0.00002776   0.000681   1.9e-02   3.4e-04 0.03
2.089092969514983e-5
5.95323844333308e-5
    48     100    1.2e+02    1    1.3e+00 -2431.94432907 -1916.53970036    -0.00006346   0.000685   1.9e-02   2.7e-04 0.03
2.5380389568731634e-5
6.330523386067703e-5
    49     100    1.2e+02    2    1.5e+00 -2431.94435600 -1916.53972729    -0.00002693   0.000705   1.9e-02   2.0e-04 0.03
0.0
0.0
    50     100    1.2e+02    0    1.0e+00 -2431.94438660 -1916.53975790    -0.00003060   0.001100   2.1e-02   2.6e-04 0.03
4.089104968443835e-5
6.992827419610308e-5
    51     110    1.3e+02    3    1.7e+00 -2431.94441099 -1916.53978228    -0.00002439   0.000605   1.7e-02   2.1e-04 0.03
0.0
0.0
    52     110    1.3e+02    0    1.0e+00 -2431.94444295 -1916.53981425    -0.00003197   0.000593   1.7e-02   2.6e-04 0.03
3.9217361541570364e-5
7.562994801946812e-5
    53     120    1.4e+02    7    2.6e+00 -2431.94446405 -1916.53983534    -0.00002110   0.000646   1.5e-02   2.7e-04 0.03
2.562975345867663e-5
6.111478743550918e-5
    54     120    1.4e+02    2    1.5e+00 -2431.94451498 -1916.53988628    -0.00005093   0.001222   1.8e-02   2.4e-04 0.03
6.436432703576557e-5
0.00010086612926697787
    55     120    1.4e+02    3    1.7e+00 -2431.94454113 -1916.53991242    -0.00002614   0.000657   1.5e-02   2.5e-04 0.03
3.471642060444988e-5
7.300371568500435e-5
    56     120    1.4e+02    5    2.1e+00 -2431.94456994 -1916.53994123    -0.00002881   0.000614   1.6e-02   2.7e-04 0.03
0.0
0.0
    57     120    1.4e+02    0    1.0e+00 -2431.94460690 -1916.53997819    -0.00003696   0.000613   1.5e-02   2.9e-04 0.03
9.278474691639359e-5
0.00012408213311983308
    58     130    1.6e+02    4    1.9e+00 -2431.94462394 -1916.53999524    -0.00001704   0.000695   1.4e-02   2.9e-04 0.03
5.183003458068445e-5
8.459092635377951e-5
    59     130    1.6e+02    5    2.1e+00 -2431.94466564 -1916.54003693    -0.00004170   0.000580   1.4e-02   2.3e-04 0.03
0.0
0.0
    60     130    1.6e+02    0    9.5e-01 -2431.94471625 -1916.54008755    -0.00005061   0.000621   1.3e-02   2.9e-04 0.03
5.325595214558578e-5
9.503282490105489e-5
    61     140    1.7e+02   13    4.0e+00 -2431.94473799 -1916.54010929    -0.00002174   0.000526   1.2e-02   1.8e-04 0.03
5.519630511392065e-5
7.692262539734632e-5
    62     140    1.7e+02    5    2.1e+00 -2431.94482336 -1916.54019466    -0.00008537   0.000541   1.2e-02   1.9e-04 0.03
4.593796072458953e-5
7.49145071853386e-5
    63     140    1.7e+02    5    2.1e+00 -2431.94486973 -1916.54024103    -0.00004637   0.000469   1.2e-02   2.6e-04 0.03
3.754964351693278e-5
6.560471532622405e-5
    64     140    1.7e+02    8    2.8e+00 -2431.94492091 -1916.54029221    -0.00005118   0.000554   1.2e-02   2.7e-04 0.03
3.949038806839479e-5
7.955733255086271e-5
    65     140    1.7e+02    4    1.9e+00 -2431.94498600 -1916.54035730    -0.00006509   0.000423   1.2e-02   2.0e-04 0.03
3.745334433927043e-5
7.179127486050255e-5
    66     140    1.7e+02   13    4.0e+00 -2431.94503275 -1916.54040404    -0.00004675   0.000484   1.2e-02   1.6e-04 0.03
5.33278461520674e-5
8.085752241263448e-5
    67     140    1.7e+02    4    1.9e+00 -2431.94511269 -1916.54048398    -0.00007994   0.000454   1.2e-02   1.7e-04 0.03
4.8102772834941396e-5
8.322542402185508e-5
    68     140    1.7e+02    5    2.2e+00 -2431.94516288 -1916.54053417    -0.00005019   0.000472   1.2e-02   2.0e-04 0.03
4.370876285997305e-5
6.934115327312039e-5
    69     140    1.7e+02    1    1.2e+00 -2431.94521389 -1916.54058519    -0.00005102   0.000405   1.2e-02   1.9e-04 0.03
3.42460471091924e-5
7.192728210269879e-5
    70     140    1.7e+02    7    2.6e+00 -2431.94524807 -1916.54061936    -0.00003418   0.000441   1.2e-02   2.8e-04 0.03
3.306949378378832e-5
6.188177277566091e-5
    71     140    1.7e+02    1    1.2e+00 -2431.94530865 -1916.54067994    -0.00006057   0.000442   1.2e-02   2.4e-04 0.03
2.2898835640217108e-5
6.804200400295515e-5
    72     140    1.7e+02    9    3.0e+00 -2431.94534204 -1916.54071333    -0.00003339   0.000564   1.2e-02   3.2e-04 0.03
2.79560107692145e-5
6.448107826056041e-5
    73     140    1.7e+02    1    1.2e+00 -2431.94541080 -1916.54078210    -0.00006877   0.000398   1.2e-02   2.3e-04 0.03
5.801702598789201e-5
9.605630396054006e-5
    74     140    1.7e+02    3    1.7e+00 -2431.94544249 -1916.54081378    -0.00003168   0.000388   1.2e-02   1.8e-04 0.03
3.6080076770868275e-5
7.993100652532246e-5
    75     140    1.7e+02    3    1.7e+00 -2431.94547584 -1916.54084714    -0.00003335   0.000371   1.2e-02   2.1e-04 0.03
2.7238892597147846e-5
5.2039747090196653e-5
    76     140    1.7e+02    1    1.2e+00 -2431.94550866 -1916.54087995    -0.00003281   0.000380   1.2e-02   2.1e-04 0.03
0.0
0.0
    77     140    1.7e+02    0    9.5e-01 -2431.94552801 -1916.54089930    -0.00001936   0.004211   2.8e-02   2.5e-04 0.03
0.0
0.0
    78     150    1.8e+02    0    1.0e+00 -2431.94554479 -1916.54091608    -0.00001678   0.000350   1.1e-02   3.1e-04 0.03
2.6866679386765443e-5
7.495348190546888e-5
    79     160    1.9e+02    9    3.1e+00 -2431.94555824 -1916.54092953    -0.00001345   0.000299   1.0e-02   2.6e-04 0.03
3.167734917889926e-5
7.171713750480036e-5
    80     160    1.9e+02    4    1.9e+00 -2431.94562160 -1916.54099289    -0.00006337   0.000344   1.0e-02   1.9e-04 0.03
2.9494082259273746e-5
4.573025197513913e-5
    81     160    1.9e+02    1    1.2e+00 -2431.94564393 -1916.54101522    -0.00002233   0.000338   1.0e-02   2.0e-04 0.03
0.0
0.0
    82     160    1.9e+02    0    1.0e+00 -2431.94565649 -1916.54102778    -0.00001256   0.000340   1.0e-02   1.9e-04 0.03
0.0
0.0
    83     170    2.0e+02    0    1.0e+00 -2431.94566704 -1916.54103834    -0.00001056   0.000361   9.1e-03   2.3e-04 0.03
3.0162828120035247e-5
6.44180852411853e-5
    84     180    2.2e+02    9    3.1e+00 -2431.94567521 -1916.54104651    -0.00000817   0.000301   8.9e-03   2.2e-04 0.03
3.161177088162326e-5
4.81190500438936e-5
    85     180    2.2e+02    1    1.2e+00 -2431.94571576 -1916.54108706    -0.00004055   0.000354   8.7e-03   1.8e-04 0.03
0.0
0.0
    86     180    2.2e+02    0    1.0e+00 -2431.94572509 -1916.54109638    -0.00000932   0.000777   1.0e-02   1.8e-04 0.03
0.0
0.0
    87     190    2.3e+02    0    1.0e+00 -2431.94573389 -1916.54110519    -0.00000881   0.000316   8.2e-03   2.1e-04 0.03
0.0
0.0
    88     200    2.4e+02    0    9.5e-01 -2431.94574046 -1916.54111176    -0.00000657   0.000290   8.0e-03   2.4e-04 0.03
3.4601226209574065e-5
6.186422032446102e-5
    89     210    2.5e+02    1    1.2e+00 -2431.94574630 -1916.54111759    -0.00000584   0.000321   7.4e-03   2.5e-04 0.03
0.0
0.0
    90     210    2.5e+02    0    1.0e+00 -2431.94575102 -1916.54112231    -0.00000472   0.000356   8.0e-03   2.0e-04 0.03
0.0
0.0
    91     220    2.6e+02    0    9.9e-01 -2431.94575423 -1916.54112552    -0.00000321   0.000273   7.4e-03   2.1e-04 0.03
0.0
0.0
    92     230    2.8e+02    0    1.0e+00 -2431.94575637 -1916.54112766    -0.00000214   0.000326   7.0e-03   2.3e-04 0.03
0.0
0.0
    93     240    2.9e+02    0    9.9e-01 -2431.94575775 -1916.54112905    -0.00000139   0.000276   6.7e-03   2.4e-04 0.03
0.0
0.0
    94     250    3.0e+02    0    1.0e+00 -2431.94575875 -1916.54113004    -0.00000099   0.000303   6.5e-03   2.6e-04 0.03
2.3537431837734532e-5
5.7756118410341943e-5
    95     260    3.1e+02    9    3.1e+00 -2431.94575962 -1916.54113091    -0.00000087   0.000244   6.2e-03   1.7e-04 0.03
2.0305107876206208e-5
3.623099498202805e-5
    96     260    3.1e+02    1    1.2e+00 -2431.94578810 -1916.54115939    -0.00002848   0.000248   5.8e-03   1.4e-04 0.03
0.0
0.0
    97     260    3.1e+02    0    1.0e+00 -2431.94578929 -1916.54116059    -0.00000120   0.001240   8.4e-03   1.4e-04 0.03
0.0
0.0
    98     270    3.2e+02    0    9.5e-01 -2431.94579001 -1916.54116131    -0.00000072   0.000201   5.6e-03   1.5e-04 0.03
0.0
0.0
    99     280    3.3e+02    0    1.0e+00 -2431.94579037 -1916.54116166    -0.00000036   0.000192   5.5e-03   1.5e-04 0.03
0.0
0.0
   100     290    3.5e+02    0    1.0e+00 -2431.94579073 -1916.54116202    -0.00000036   0.000200   5.1e-03   1.6e-04 0.03
0.0
0.0
   101     300    3.6e+02    0    1.0e+00 -2431.94579107 -1916.54116236    -0.00000034   0.000175   4.8e-03   1.6e-04 0.03
0.0
0.0
   102     310    3.7e+02    0    1.0e+00 -2431.94579120 -1916.54116249    -0.00000013   0.000216   4.7e-03   1.6e-04 0.03
0.0
0.0
   103     320    3.8e+02    0    1.0e+00 -2431.94579168 -1916.54116297    -0.00000048   0.000169   4.2e-03   1.6e-04 0.03
0.0
0.0
   104     330    3.9e+02    0    9.4e-01 -2431.94579177 -1916.54116306    -0.00000009   0.000163   4.2e-03   1.6e-04 0.03
0.0
0.0
   105     340    4.1e+02    0    9.8e-01 -2431.94579176 -1916.54116305     0.00000001   0.000174   4.3e-03   1.6e-04 0.03
0.0
0.0
   106     250    3.0e+02    0    1.0e+00 -2431.94579277 -1916.54116407    -0.00000101   0.000100   2.3e-03   1.6e-04 0.03
 
RESULTS OF THE OCCUPATION OPTIMIZATION
========================================
   1    1.9999992  -105.13644665
   2    1.9999993  -105.13637513
   3    1.9999993  -105.13534066
   4    1.9999991  -105.13259317
   5    1.9999555  -11.65020491
   6    1.9999467  -11.44808018
   7    1.9999394  -11.05233403
   8    1.9999174  -10.83686068
   9    1.9999023  -10.83555574
  10    1.9999032  -10.83497873
  11    1.9992003  -8.30554132
  12    1.9992012  -8.30291769
  13    1.9990550  -8.30201009
  14    1.9991244  -8.30136183
  15    1.9994408  -8.30064235
  16    1.9994429  -8.30046148
  17    1.9997120  -8.29918180
  18    1.9992041  -8.29882704
  19    1.9994866  -8.29849868
  20    1.9994489  -8.29820824
  21    1.9995105  -8.29813203
  22    1.9994251  -8.29784235
  23    1.9837316  -1.34520576
  24    1.9830100  -1.34313540
  25    1.9836857  -1.34106158
  26    1.9834488  -1.33991559
  27    1.9791226  -1.27312683
  28    1.9718030  -0.95680788
  29    1.9725588  -0.95614964
  30    1.9714597  -0.95444343
  31    1.9712890  -0.95362047
  32    1.9637055  -0.84108655
  33    1.9780191  -0.73497558
  34    1.9749974  -0.73055059
  35    1.9744024  -0.72975041
  36    1.9709514  -0.72601277
  37    1.9726422  -0.72342473
  38    1.9696780  -0.72125955
  39    1.9703097  -0.72052455
  40    1.9700177  -0.72049976
  41    0.0094525  -0.01888287
  42    0.0094419  -0.01847877
  43    0.0082468  -0.01764430
  44    0.0092893  -0.01966011
  45    0.0079680  -0.01712554
  46    0.0084943  -0.01806244
  47    0.0078245  -0.01762183
  48    0.0069516  -0.01749007
  49    0.0237185  -0.04093390
  50    0.0240170  -0.04836863
  51    0.0238332  -0.04830548
  52    0.0216141  -0.04634755
  53    0.0235295  -0.04829517
  54    0.0105707  -0.02617259
  55    0.0052528  -0.02797931
  56    0.0053220  -0.02791357
  57    0.0055268  -0.02919475
  58    0.0052611  -0.02822874
  59    0.0004826  -0.01151053
  60    0.0003231  -0.00782677
  61    0.0004861  -0.01152622
  62    0.0003883  -0.00945380
  63    0.0004321  -0.01038405
  64    0.0000708  -0.00087260
  65    0.0004278  -0.01016115
  66    0.0004878  -0.01165915
  67    0.0004314  -0.01034856
  68    0.0004644  -0.01124456
  69    0.0004292  -0.01030382
  70    0.0004001  -0.00989072
  71    0.0000176  -0.00023075
  72    0.0000174  -0.00028743
  73    0.0000227  -0.00019890
  74    0.0000253  -0.00019989
  75    0.0000337  -0.00070024
  76    0.0000334  -0.00073447
  77    0.0000001  -0.00000698
  78    0.0000003  -0.00001181
  79    0.0000004  -0.00003521
  80    0.0000002  -0.00000954
  81    0.0093146  -0.01835149
  82    0.0093072  -0.01868015
  83    0.0081176  -0.01720575
  84    0.0087431  -0.01873465
  85    0.0075672  -0.01696351
  86    0.0079352  -0.01808084
  87    0.0075000  -0.01780401
  88    0.0056310  -0.01890739
  89    0.0109569  -0.01887720
  90    0.0021133  -0.00664429
  91    0.0022109  -0.00699230
  92    0.0021890  -0.00815813
  93    0.0019815  -0.00678318
  94    0.0028771  -0.01382886
  95    0.0042082  -0.01915059
  96    0.0042781  -0.01925698
  97    0.0043461  -0.01734382
  98    0.0024345  -0.01405160
  99    0.0000148  -0.00013890
 100    0.0000677  -0.00308924
 101    0.0000190  -0.00015946
 102    0.0000669  -0.00308064
 103    0.0003062  -0.00765388
 104    0.0000707  -0.00165637
 105    0.0000662  -0.00309962
 106    0.0000131  -0.00012428
 107    0.0003797  -0.00940526
 108    0.0004340  -0.01045867
 109    0.0003136  -0.00771857
 110    0.0003375  -0.00840403
 111    0.0000171  -0.00018135
 112    0.0000169  -0.00016648
 113    0.0000203  -0.00029642
 114    0.0000155  -0.00016802
 115    0.0000084  -0.00009369
 116    0.0000071  -0.00010116
 117    0.0000001  -0.00000621
 118    0.0000001  -0.00000630
 119    0.0000001  -0.00000254
 120    0.0000002  -0.00000844
 121    0.0089680  -0.01788530
 122    0.0089761  -0.01802019
 123    0.0075934  -0.01661183
 124    0.0066698  -0.01906374
 125    0.0074062  -0.01643659
 126    0.0062425  -0.01879805
 127    0.0060118  -0.01872390
 128    0.0030452  -0.01335034
 129    0.0007308  -0.00179376
 130    0.0006839  -0.00205760
 131    0.0007388  -0.00225762
 132    0.0015737  -0.00589125
 133    0.0009326  -0.00293518
 134    0.0023281  -0.00917828
 135    0.0017274  -0.01007307
 136    0.0018456  -0.01024465
 137    0.0019418  -0.01142063
 138    0.0018467  -0.01062685
 139    0.0000126  -0.00012042
 140    0.0000466  -0.00049523
 141    0.0000126  -0.00012322
 142    0.0000178  -0.00015544
 143    0.0000180  -0.00015594
 144    0.0000692  -0.00214811
 145    0.0000189  -0.00015939
 146    0.0000125  -0.00011983
 147    0.0000155  -0.00033091
 148    0.0000108  -0.00010591
 149    0.0000156  -0.00034794
 150    0.0000194  -0.00016193
 151    0.0000161  -0.00017886
 152    0.0000163  -0.00019988
 153    0.0000176  -0.00026151
 154    0.0000074  -0.00012244
 155    0.0000047  -0.00005011
 156    0.0000037  -0.00006826
 157    0.0000001  -0.00000539
 158    0.0000001  -0.00000257
 159    0.0000000  -0.00000089
 160    0.0000002  -0.00000745
 161    0.0006438  -0.00181182
 162    0.0006097  -0.00159799
 163    0.0059279  -0.01650085
 164    0.0006258  -0.00165352
 165    0.0056170  -0.01733407
 166    0.0011503  -0.00470411
 167    0.0019952  -0.00913583
 168    0.0022540  -0.01111104
 169    0.0005674  -0.00145168
 170    0.0005958  -0.00166368
 171    0.0006534  -0.00199664
 172    0.0008054  -0.00260053
 173    0.0006646  -0.00197020
 174    0.0021291  -0.00719563
 175    0.0017078  -0.01000116
 176    0.0017798  -0.01025271
 177    0.0017518  -0.01006912
 178    0.0017406  -0.01014878
 179    0.0000123  -0.00011622
 180    0.0000164  -0.00015009
 181    0.0000099  -0.00009432
 182    0.0000161  -0.00014924
 183    0.0000128  -0.00066410
 184    0.0000197  -0.00016192
 185    0.0000155  -0.00014113
 186    0.0000116  -0.00011351
 187    0.0000135  -0.00058303
 188    0.0000093  -0.00009406
 189    0.0000128  -0.00054656
 190    0.0000120  -0.00066559
 191    0.0000158  -0.00017322
 192    0.0000149  -0.00022103
 193    0.0000109  -0.00015538
 194    0.0000064  -0.00011054
 195    0.0000033  -0.00021513
 196    0.0000001  -0.00000327
 197    0.0000001  -0.00000518
 198    0.0000000  -0.00000174
 199    0.0000000  -0.00000081
 200    0.0000001  -0.00000265
 201    0.0005825  -0.00154555
 202    0.0005734  -0.00166177
 203    0.0001524  -0.00063116
 204    0.0006235  -0.00165253
 205    0.0001668  -0.00069464
 206    0.0006310  -0.00178104
 207    0.0006035  -0.00166859
 208    0.0018448  -0.00896748
 209    0.0000896  -0.00029304
 210    0.0005814  -0.00167272
 211    0.0005850  -0.00164950
 212    0.0005600  -0.00163965
 213    0.0006174  -0.00191608
 214    0.0013467  -0.00631029
 215    0.0016572  -0.00978800
 216    0.0017481  -0.01012893
 217    0.0017050  -0.00996251
 218    0.0017213  -0.01008999
 219    0.0000118  -0.00012253
 220    0.0000104  -0.00009327
 221    0.0000092  -0.00008392
 222    0.0000083  -0.00008323
 223    0.0000101  -0.00009394
 224    0.0000167  -0.00015602
 225    0.0000089  -0.00008580
 226    0.0000096  -0.00008637
 227    0.0000113  -0.00011073
 228    0.0000088  -0.00008438
 229    0.0000071  -0.00007284
 230    0.0000079  -0.00007979
 231    0.0000141  -0.00018643
 232    0.0000141  -0.00017309
 233    0.0000105  -0.00015910
 234    0.0000055  -0.00009921
 235    0.0000029  -0.00011286
 236    0.0000001  -0.00000198
 237    0.0000001  -0.00000450
 238    0.0000000  -0.00000157
 239    0.0000000  -0.00000075
 240    0.0000000  -0.00000128
 241    0.0003270  -0.00101234
 242    0.0002176  -0.00088255
 243    0.0000866  -0.00039884
 244    0.0006184  -0.00165892
 245    0.0001100  -0.00048673
 246    0.0006284  -0.00168209
 247    0.0006033  -0.00166932
 248    0.0008519  -0.00318268
 249    0.0000655  -0.00022894
 250    0.0003733  -0.00124250
 251    0.0001817  -0.00073740
 252    0.0003512  -0.00119456
 253    0.0001609  -0.00057676
 254    0.0009349  -0.00461302
 255    0.0014456  -0.00848503
 256    0.0007350  -0.00548179
 257    0.0012121  -0.00695063
 258    0.0015732  -0.00948167
 259    0.0000114  -0.00011313
 260    0.0000094  -0.00008984
 261    0.0000056  -0.00005794
 262    0.0000066  -0.00006624
 263    0.0000062  -0.00006551
 264    0.0000128  -0.00012728
 265    0.0000069  -0.00007156
 266    0.0000069  -0.00007040
 267    0.0000076  -0.00007550
 268    0.0000077  -0.00007064
 269    0.0000063  -0.00007684
 270    0.0000075  -0.00007441
 271    0.0000056  -0.00008544
 272    0.0000074  -0.00007644
 273    0.0000003  -0.00001484
 274    0.0000002  -0.00000714
 275    0.0000001  -0.00000652
 276    0.0000000  -0.00000149
 277    0.0000001  -0.00000395
 278    0.0000000  -0.00000144
 279    0.0000000  -0.00000071
 280    0.0000000  -0.00000126
 281    0.0003171  -0.00105565
 282    0.0002029  -0.00079889
 283    0.0000814  -0.00035783
 284    0.0003652  -0.00113276
 285    0.0000786  -0.00035042
 286    0.0002366  -0.00093000
 287    0.0001903  -0.00083152
 288    0.0005827  -0.00170810
 289    0.0000581  -0.00020020
 290    0.0001439  -0.00053225
 291    0.0001254  -0.00047207
 292    0.0001324  -0.00052963
 293    0.0001239  -0.00046671
 294    0.0002733  -0.00107767
 295    0.0002249  -0.00150168
 296    0.0002772  -0.00164714
 297    0.0002000  -0.00114404
 298    0.0012066  -0.00680315
 299    0.0000103  -0.00009263
 300    0.0000072  -0.00007117
 301    0.0000037  -0.00006867
 302    0.0000045  -0.00004889
 303    0.0000054  -0.00006122
 304    0.0000107  -0.00010050
 305    0.0000061  -0.00006394
 306    0.0000065  -0.00007403
 307    0.0000061  -0.00007356
 308    0.0000040  -0.00005132
 309    0.0000055  -0.00005515
 310    0.0000056  -0.00006560
 311    0.0000055  -0.00009250
 312    0.0000062  -0.00007848
 313    0.0000002  -0.00000825
 314    0.0000001  -0.00000416
 315    0.0000001  -0.00000225
 316    0.0000000  -0.00000120
 317    0.0000001  -0.00000351
 318    0.0000000  -0.00000129
 319    0.0000000  -0.00000069
 320    0.0000000  -0.00000108
 321    0.0002151  -0.00087424
 322    0.0001932  -0.00076689
 323    0.0000604  -0.00026980
 324    0.0002508  -0.00093938
 325    0.0000758  -0.00032024
 326    0.0001618  -0.00070874
 327    0.0001539  -0.00069867
 328    0.0005808  -0.00169520
 329    0.0000545  -0.00019680
 330    0.0001147  -0.00047849
 331    0.0001106  -0.00039586
 332    0.0001168  -0.00050219
 333    0.0000974  -0.00044603
 334    0.0002583  -0.00110603
 335    0.0002152  -0.00121061
 336    0.0002112  -0.00112856
 337    0.0001938  -0.00114297
 338    0.0003079  -0.00154551
 339    0.0000099  -0.00008894
 340    0.0000044  -0.00005585
 341    0.0000029  -0.00003647
 342    0.0000033  -0.00016099
 343    0.0000031  -0.00007302
 344    0.0000098  -0.00008946
 345    0.0000045  -0.00005267
 346    0.0000060  -0.00006184
 347    0.0000058  -0.00006352
 348    0.0000031  -0.00008602
 349    0.0000049  -0.00005842
 350    0.0000052  -0.00006133
 351    0.0000038  -0.00038032
 352    0.0000029  -0.00039944
 353    0.0000001  -0.00000497
 354    0.0000001  -0.00000245
 355    0.0000001  -0.00000197
 356    0.0000000  -0.00000114
 357    0.0000001  -0.00000364
 358    0.0000000  -0.00000105
 359    0.0000000  -0.00000062
 360    0.0000000  -0.00000104
 361    0.0001618  -0.00064856
 362    0.0001683  -0.00067896
 363    0.0000556  -0.00020962
 364    0.0001721  -0.00069848
 365    0.0000590  -0.00022010
 366    0.0001174  -0.00060746
 367    0.0001201  -0.00065701
 368    0.0002388  -0.00107545
 369    0.0000533  -0.00018688
 370    0.0000879  -0.00042542
 371    0.0001012  -0.00043057
 372    0.0000988  -0.00038365
 373    0.0000891  -0.00038669
 374    0.0001591  -0.00077991
 375    0.0001119  -0.00081870
 376    0.0001173  -0.00086114
 377    0.0001126  -0.00080454
 378    0.0001765  -0.00107134
 379    0.0000093  -0.00009104
 380    0.0000041  -0.00007056
 381    0.0000022  -0.00018192
 382    0.0000017  -0.00009926
 383    0.0000020  -0.00020094
 384    0.0000075  -0.00007943
 385    0.0000024  -0.00015356
 386    0.0000054  -0.00005992
 387    0.0000048  -0.00006337
 388    0.0000029  -0.00007285
 389    0.0000038  -0.00025638
 390    0.0000043  -0.00010254
 391    0.0000013  -0.00007498
 392    0.0000018  -0.00012593
 393    0.0000001  -0.00000307
 394    0.0000001  -0.00000177
 395    0.0000000  -0.00000063
 396    0.0000000  -0.00000112
 397    0.0000001  -0.00000335
 398    0.0000000  -0.00000107
 399    0.0000000  -0.00000061
 400    0.0000000  -0.00000092
 
----------------
 Final Energies 
----------------
Final NOF Total Energy =   -1916.5411641
 
Total Orbital Internal Iterations = 13540
Total Occupation Internal Iterations = 762
 
Elapsed time: 16957.02 Seconds

---------------------------------
   Lowdin Population Analysis    
---------------------------------
 Idx  Atom   Population   Charge 
---------------------------------
  1     C     6.945      -0.945
  2     C     6.947      -0.947
  3    Cl    16.300       0.700
  4    Cl    16.299       0.701
  5    Cl    16.298       0.702
  6    Cl    16.295       0.705
  7     H     0.917       0.083

---------------------------------
   M Diagnostic: 0.03
---------------------------------

