Computing Integrals
Elapsed time:    6.38 Seconds

Number of basis functions                   (NBF)    = 334
Number of auxiliary basis functions         (NBFAUX) = 372
Inactive Doubly occupied orbitals up to     (NO1)    = 0
No. considered Strongly Doubly occupied MOs (NDOC)   = 18
No. considered Strongly Singly occupied MOs (NSOC)   = 0
NO. of Weakly occ. per St. Doubly occ.  MOs (NCWO)   = 17
Dimension of the Nat. Orb. subspace         (NBF5)   = 324
No. of electrons                                     = 36
    No. of alpha electrons                           = 18
    No. of beta electrons                            = 18
Multiplicity                                         = 1

Geometry
========
 N       0.8737600      -2.1182800       0.0000000
 P       0.0000000       0.4181300       0.0000000
 H       0.2094500      -2.8807300       0.0000000
 F      -0.8645900       1.8133900       0.0000000
 H       1.4631300      -2.2218200       0.8150700
 H      -0.7353700      -0.2200700       1.0319300
 H       1.4631300      -2.2218200      -0.8150700
 H      -0.7353700      -0.2200700      -1.0319300

No violations of the orthonormality
No violations of the orthonormality
 
PNOF8/ADAM Calculation
==================
 
  Nitext  Nit_orb  Time   Nit_occ  Time         Eelec          Etot           Ediff      maxdiff    Grad_orb  Grad_occ
0.015070920386266451
0.020016074851420488
     1      10    5.7e+01   57    5.0e+01  -610.93300211  -497.12343926 -10609.93300211   4.191842   5.2e+01   2.3e-04 0.03
0.0025574367592274827
0.00434419991405448
     2      30    4.7e+01   33    5.5e+00  -612.40693459  -498.59737174    -1.47393248   0.462103   8.2e+00   3.0e-04 0.03
0.0014026861161406945
0.002476614322298066
     3      30    4.1e+01   21    3.8e+00  -612.45910500  -498.64954215    -0.05217042   0.022165   4.3e-01   2.7e-04 0.03
0.0008182933832671102
0.00175544574587363
     4      30    3.7e+01   24    4.2e+00  -612.47419616  -498.66463331    -0.01509115   0.017453   4.2e-01   2.9e-04 0.03
0.0005435445511626372
0.0013742827285234901
     5      30    2.8e+01   13    2.7e+00  -612.48236518  -498.67280234    -0.00816903   0.012426   3.6e-01   3.0e-04 0.03
0.0004924096918109185
0.0010485351124965084
     6      30    6.2e+01   21    3.7e+00  -612.48718048  -498.67761763    -0.00481529   0.015884   3.6e-01   2.5e-04 0.03
0.00044936717828296044
0.0008211191328917554
     7      30    3.8e+01   16    3.0e+00  -612.48975355  -498.68019071    -0.00257308   0.014788   3.7e-01   1.9e-04 0.03
0.000427691217208025
0.0006349210354617262
     8      30    4.4e+01   15    2.8e+00  -612.49062475  -498.68106190    -0.00087120   0.016258   3.8e-01   1.9e-04 0.03
0.000301382159485275
0.0005245903242917483
     9      30    2.7e+01   13    2.6e+00  -612.49276882  -498.68320598    -0.00214408   0.011142   3.5e-01   2.3e-04 0.03
0.0003764273717131324
0.0005839915883029326
    10      30    5.9e+01   15    2.8e+00  -612.49429432  -498.68473147    -0.00152550   0.013293   3.3e-01   2.0e-04 0.03
0.0002828267594595902
0.0004871600235730405
    11      30    6.2e+01   15    2.8e+00  -612.49507358  -498.68551074    -0.00077926   0.012769   3.2e-01   2.1e-04 0.03
0.0001790471937441751
0.00040181267801811066
    12      30    1.1e+02    8    1.8e+00  -612.49630277  -498.68673992    -0.00122919   0.016585   3.1e-01   3.2e-04 0.03
0.00017128591267927522
0.0003717858937376168
    13      30    1.3e+02    8    2.1e+00  -612.49693330  -498.68737046    -0.00063053   0.015029   3.0e-01   3.2e-04 0.03
0.0001465587988326248
0.0003131733572638236
    14      30    6.9e+01   13    2.5e+00  -612.49816216  -498.68859932    -0.00122886   0.012704   2.7e-01   2.4e-04 0.03
0.00012922467489040468
0.0002449055330884617
    15      30    9.6e+01   15    2.8e+00  -612.49780701  -498.68824417     0.00035515   0.012803   2.9e-01   1.8e-04 0.03
8.228034943025264e-5
0.00020880946097295782
    16      50    1.6e+02    5    1.3e+00  -612.50158343  -498.69202058    -0.00377642   0.002546   3.6e-02   2.4e-04 0.03
7.336472747521139e-5
0.0001805528642447352
    17      50    1.6e+02   12    2.4e+00  -612.50158806  -498.69202521    -0.00000463   0.003393   7.1e-02   2.2e-04 0.03
5.824312217872496e-5
0.00013196513110713099
    18      70    1.6e+02   10    2.1e+00  -612.50201717  -498.69245432    -0.00042911   0.000587   1.0e-02   2.4e-04 0.03
4.397328218841423e-5
0.00012573425176090996
    19      70    1.4e+02    5    1.3e+00  -612.50216212  -498.69259927    -0.00014495   0.000951   1.9e-02   2.2e-04 0.03
4.485494657702205e-5
0.00011919834805993434
    20      70    1.0e+02    5    1.3e+00  -612.50228172  -498.69271887    -0.00011960   0.001196   2.0e-02   2.9e-04 0.03
4.0870396367465034e-5
9.133767388788966e-5
    21      70    9.8e+01    9    1.9e+00  -612.50239574  -498.69283289    -0.00011402   0.001038   1.9e-02   2.2e-04 0.03
4.0855454882637865e-5
0.00010086238150046502
    22      70    1.6e+02    5    1.4e+00  -612.50251513  -498.69295229    -0.00011939   0.000870   2.1e-02   2.4e-04 0.03
3.0044731999190333e-5
7.811041243138872e-5
    23      70    1.3e+02    9    2.0e+00  -612.50259680  -498.69303395    -0.00008166   0.000904   2.0e-02   2.0e-04 0.03
2.745084521037916e-5
7.345870683336914e-5
    24      70    9.5e+01    5    1.3e+00  -612.50268971  -498.69312686    -0.00009291   0.000998   1.9e-02   2.4e-04 0.03
2.630201457492088e-5
8.410310304195647e-5
    25      70    1.3e+02    5    1.3e+00  -612.50274679  -498.69318395    -0.00005709   0.001007   2.0e-02   2.4e-04 0.03
3.280887582013392e-5
6.124438271961193e-5
    26      70    2.1e+02   10    2.2e+00  -612.50279982  -498.69323698    -0.00005303   0.000980   2.0e-02   1.6e-04 0.03
3.226450845927528e-5
6.270820752850309e-5
    27      70    1.3e+02    3    1.0e+00  -612.50285650  -498.69329366    -0.00005668   0.001062   2.0e-02   2.2e-04 0.03
3.61854865948974e-5
7.019396242055303e-5
    28      70    2.0e+02    1    7.5e-01  -612.50288313  -498.69332028    -0.00002663   0.001055   2.1e-02   2.2e-04 0.03
0.0
0.0
    29      70    1.2e+02    0    5.5e-01  -612.50289761  -498.69333477    -0.00001448   0.001011   2.0e-02   2.5e-04 0.03
2.4963574989659426e-5
5.7803033514299065e-5
    30      80    1.4e+02   10    2.0e+00  -612.50291547  -498.69335262    -0.00001785   0.000740   1.6e-02   1.9e-04 0.03
0.0
0.0
    31      80    2.3e+02    0    5.7e-01  -612.50296183  -498.69339898    -0.00004636   0.000797   1.8e-02   2.5e-04 0.03
0.0
0.0
    32      90    9.2e+01    0    5.5e-01  -612.50298188  -498.69341903    -0.00002005   0.000760   1.4e-02   2.8e-04 0.03
3.328942242730726e-5
7.391235715586472e-5
    33     100    1.7e+02   10    2.0e+00  -612.50299404  -498.69343120    -0.00001216   0.000636   1.2e-02   2.1e-04 0.03
0.0
0.0
    34     100    1.7e+02    0    6.0e-01  -612.50304810  -498.69348525    -0.00005405   0.000753   1.1e-02   2.8e-04 0.03
4.51974104905134e-5
8.219393170616048e-5
    35     110    1.9e+02   11    2.2e+00  -612.50306205  -498.69349921    -0.00001396   0.000578   9.7e-03   1.9e-04 0.03
2.2834374709620325e-5
5.488160097694284e-5
    36     110    9.1e+01    2    8.5e-01  -612.50311317  -498.69355032    -0.00005111   0.000683   1.2e-02   2.2e-04 0.03
4.041847476004244e-5
8.278103943749012e-5
    37     110    1.3e+02    3    9.8e-01  -612.50313433  -498.69357148    -0.00002116   0.000609   1.1e-02   2.1e-04 0.03
4.653222631234577e-5
7.500916638297039e-5
    38     110    1.2e+02    1    7.1e-01  -612.50315699  -498.69359415    -0.00002267   0.000590   1.1e-02   2.4e-04 0.03
0.0
0.0
    39     110    1.7e+02    0    6.7e-01  -612.50316700  -498.69360415    -0.00001000   0.000602   1.2e-02   2.8e-04 0.03
3.6262355814230957e-5
8.418557678825477e-5
    40     120    1.8e+02   12    2.3e+00  -612.50317576  -498.69361292    -0.00000877   0.000520   1.0e-02   2.1e-04 0.03
2.3788480891492165e-5
6.095430160880298e-5
    41     120    1.2e+02    5    1.3e+00  -612.50323312  -498.69367027    -0.00005735   0.000608   9.8e-03   1.6e-04 0.03
2.7696273642372447e-5
6.748478010128882e-5
    42     120    1.4e+02    5    1.3e+00  -612.50325636  -498.69369351    -0.00002324   0.000629   1.1e-02   1.8e-04 0.03
2.7709261693378666e-5
7.46413688070567e-5
    43     120    7.0e+01    5    1.3e+00  -612.50328488  -498.69372203    -0.00002852   0.000585   1.1e-02   2.2e-04 0.03
4.6657082716894394e-5
9.325535291299635e-5
    44     120    2.2e+02    6    1.5e+00  -612.50331354  -498.69375070    -0.00002866   0.000656   1.1e-02   2.2e-04 0.03
5.849704394012001e-5
0.0001166065016921288
    45     120    4.2e+02   12    2.3e+00  -612.50335110  -498.69378825    -0.00003756   0.000515   9.5e-03   2.1e-04 0.03
0.00011931386250774167
0.0001964450078941901
    46     120    1.9e+02    5    1.3e+00  -612.50342808  -498.69386523    -0.00007698   0.000488   8.9e-03   1.9e-04 0.03
0.00019509432391595638
0.00031930576073591467
    47     120    1.8e+02    6    1.4e+00  -612.50353070  -498.69396786    -0.00010263   0.000594   9.9e-03   2.4e-04 0.03
0.00022061130127370987
0.0003550875909866106
    48     120    3.7e+02   10    2.0e+00  -612.50369042  -498.69412758    -0.00015972   0.000487   9.3e-03   2.1e-04 0.03
0.0002750213969748838
0.0004653178207347504
    49     120    1.8e+02    5    1.3e+00  -612.50392223  -498.69435938    -0.00023180   0.000420   9.0e-03   2.1e-04 0.03
0.0002867930356087456
0.0005051441481825074
    50     120    1.1e+02    5    1.2e+00  -612.50422912  -498.69466628    -0.00030690   0.000380   9.1e-03   2.5e-04 0.03
0.0002890886298869688
0.0005377533348956665
    51     120    1.8e+02    5    1.3e+00  -612.50463392  -498.69507108    -0.00040480   0.000416   8.9e-03   2.9e-04 0.03
0.0002413824995382589
0.000504958802241088
    52     120    2.5e+02   10    2.0e+00  -612.50509645  -498.69553360    -0.00046252   0.000388   8.8e-03   2.5e-04 0.03
0.00019772960219941425
0.0004423626056424525
    53     120    2.3e+02    9    2.3e+00  -612.50557433  -498.69601148    -0.00047788   0.000337   8.4e-03   2.7e-04 0.03
0.0001658486382524315
0.00037195357514301173
    54     120    1.9e+02    8    1.7e+00  -612.50597404  -498.69641120    -0.00039971   0.000310   7.5e-03   2.0e-04 0.03
0.00015803793392568178
0.0003004246082188045
    55     120    1.6e+02    8    1.7e+00  -612.50627487  -498.69671203    -0.00030083   0.000405   7.8e-03   2.0e-04 0.03
0.00014143325645002858
0.00024288749085766754
    56     120    2.1e+02    8    1.8e+00  -612.50648928  -498.69692643    -0.00021440   0.000393   8.2e-03   2.1e-04 0.03
0.00011802910546432344
0.00020093563367316398
    57     120    2.0e+02    8    1.7e+00  -612.50664837  -498.69708552    -0.00015909   0.000401   7.8e-03   2.0e-04 0.03
0.00011282365723581933
0.00016970599705508075
    58     120    3.2e+02    6    1.5e+00  -612.50676627  -498.69720342    -0.00011790   0.000416   7.9e-03   2.6e-04 0.03
7.917256324851962e-5
0.00011025708915119893
    59     120    1.6e+02    1    6.7e-01  -612.50683519  -498.69727234    -0.00006892   0.000461   8.7e-03   2.3e-04 0.03
7.910767729057229e-5
0.00012370506598936945
    60     120    1.7e+02    7    1.6e+00  -612.50685841  -498.69729557    -0.00002322   0.000489   9.0e-03   2.2e-04 0.03
2.0298017839160895e-5
4.776865695621959e-5
    61     120    2.0e+02    2    8.3e-01  -612.50689172  -498.69732888    -0.00003331   0.000522   9.4e-03   2.3e-04 0.03
2.6622416626252232e-5
7.865873978831957e-5
    62     120    2.1e+02    4    1.3e+00  -612.50689928  -498.69733644    -0.00000756   0.000655   1.0e-02   2.7e-04 0.03
2.5025636368969373e-5
4.9759351191552357e-5
    63     120    9.7e+01    1    7.3e-01  -612.50692105  -498.69735820    -0.00002176   0.000669   1.1e-02   1.9e-04 0.03
0.0
0.0
    64     120    2.0e+02    0    4.9e-01  -612.50692645  -498.69736361    -0.00000541   0.000643   1.1e-02   1.8e-04 0.03
0.0
0.0
    65     130    1.8e+02    0    5.8e-01  -612.50693147  -498.69736862    -0.00000501   0.000525   9.7e-03   2.0e-04 0.03
0.0
0.0
    66     140    1.7e+02    0    5.3e-01  -612.50693452  -498.69737167    -0.00000305   0.000504   8.9e-03   2.2e-04 0.03
0.0
0.0
    67     150    2.7e+02    0    5.5e-01  -612.50693721  -498.69737436    -0.00000269   0.000461   7.9e-03   2.3e-04 0.03
3.414722095761608e-5
6.006834048665797e-5
    68     160    3.3e+02   10    2.0e+00  -612.50693946  -498.69737661    -0.00000225   0.000395   6.9e-03   2.0e-04 0.03
3.4038676110051316e-5
5.994894127813759e-5
    69     160    3.1e+02    7    1.6e+00  -612.50697613  -498.69741328    -0.00003667   0.000435   7.3e-03   1.6e-04 0.03
0.0
0.0
    70     160    1.3e+02    0    5.3e-01  -612.50700070  -498.69743785    -0.00002457   0.000403   6.6e-03   1.8e-04 0.03
0.0
0.0
    71     170    2.5e+02    0    5.9e-01  -612.50700462  -498.69744177    -0.00000392   0.000398   6.8e-03   2.1e-04 0.03
0.0
0.0
    72     180    1.7e+02    0    5.1e-01  -612.50700827  -498.69744542    -0.00000365   0.000334   5.4e-03   2.2e-04 0.03
0.0
0.0
    73     190    3.9e+02    0    6.0e-01  -612.50701014  -498.69744729    -0.00000187   0.000306   5.3e-03   2.3e-04 0.03
0.0
0.0
    74     200    3.3e+02    0    5.2e-01  -612.50701166  -498.69744881    -0.00000153   0.000326   5.2e-03   2.4e-04 0.03
0.0
0.0
    75     210    1.9e+02    0    5.5e-01  -612.50701408  -498.69745123    -0.00000242   0.000262   3.8e-03   2.5e-04 0.03
2.177166005882386e-5
5.7364467529943635e-5
    76     220    2.7e+02    7    1.6e+00  -612.50701576  -498.69745292    -0.00000168   0.000238   3.8e-03   2.1e-04 0.03
0.0
0.0
    77     220    2.0e+02    0    5.4e-01  -612.50705509  -498.69749224    -0.00003932   0.000248   3.2e-03   2.2e-04 0.03
0.0
0.0
    78     230    3.3e+02    0    5.7e-01  -612.50705818  -498.69749533    -0.00000309   0.000210   2.5e-03   2.5e-04 0.03
0.0
0.0
    79     240    4.4e+02    0    5.6e-01  -612.50706096  -498.69749812    -0.00000278   0.000127   1.9e-03   2.8e-04 0.03
0.0
0.0
    80     250    5.8e+02    0    6.0e-01  -612.50706271  -498.69749986    -0.00000175   0.000099   1.8e-03   3.0e-04 0.03
 
RESULTS OF THE OCCUPATION OPTIMIZATION
========================================
   1    1.9999993  -80.02453126
   2    1.9999952  -26.30512576
   3    1.9999852  -15.58838559
   4    1.9998285  -7.49727512
   5    1.9992339  -5.44705346
   6    1.9984382  -5.43411590
   7    1.9984329  -5.43113995
   8    1.9877903  -1.54991674
   9    1.9857253  -1.04702216
  10    1.9821652  -0.73720142
  11    1.9716411  -0.73675305
  12    1.9741828  -0.68123816
  13    1.9724890  -0.67813271
  14    1.9791720  -0.67392169
  15    1.9790677  -0.67391851
  16    1.9721962  -0.67216496
  17    1.9707542  -0.51815208
  18    1.9736527  -0.50944113
  19    0.0166181  -0.02870751
  20    0.0177549  -0.02866255
  21    0.0171033  -0.02473793
  22    0.0106604  -0.02226970
  23    0.0102858  -0.02197667
  24    0.0169360  -0.02485544
  25    0.0179621  -0.02568782
  26    0.0224009  -0.04687712
  27    0.0065226  -0.02238336
  28    0.0080265  -0.01895306
  29    0.0064772  -0.02408304
  30    0.0015508  -0.01519073
  31    0.0014205  -0.01480651
  32    0.0006845  -0.00959921
  33    0.0001620  -0.00351000
  34    0.0000085  -0.00022038
  35    0.0000040  -0.00009964
  36    0.0000005  -0.00001939
  37    0.0036849  -0.00942223
  38    0.0063118  -0.00983773
  39    0.0048165  -0.00837418
  40    0.0043724  -0.01388376
  41    0.0042099  -0.01337858
  42    0.0046920  -0.00829734
  43    0.0046591  -0.00824626
  44    0.0028130  -0.00871007
  45    0.0041906  -0.01190651
  46    0.0012011  -0.00558428
  47    0.0026400  -0.01031814
  48    0.0000046  -0.00049052
  49    0.0000666  -0.00185163
  50    0.0000499  -0.00098526
  51    0.0000021  -0.00004551
  52    0.0000019  -0.00002622
  53    0.0000004  -0.00005575
  54    0.0000001  -0.00000095
  55    0.0017580  -0.00419866
  56    0.0018007  -0.00402441
  57    0.0044619  -0.00796848
  58    0.0039286  -0.01052137
  59    0.0037064  -0.01051128
  60    0.0043790  -0.00792907
  61    0.0009659  -0.00227597
  62    0.0027535  -0.00864108
  63    0.0032652  -0.01096455
  64    0.0010616  -0.00344098
  65    0.0012854  -0.00752543
  66    0.0000017  -0.00001887
  67    0.0000574  -0.00122717
  68    0.0000158  -0.00085251
  69    0.0000009  -0.00001692
  70    0.0000014  -0.00001925
  71    0.0000003  -0.00000346
  72    0.0000000  -0.00000046
  73    0.0016598  -0.00385134
  74    0.0017231  -0.00368372
  75    0.0006644  -0.00160581
  76    0.0007317  -0.00287111
  77    0.0007268  -0.00294653
  78    0.0008029  -0.00190883
  79    0.0006320  -0.00155994
  80    0.0002198  -0.00091256
  81    0.0023939  -0.00925186
  82    0.0010070  -0.00337794
  83    0.0006318  -0.00435424
  84    0.0000013  -0.00001539
  85    0.0000100  -0.00023368
  86    0.0000130  -0.00014987
  87    0.0000009  -0.00001190
  88    0.0000014  -0.00001638
  89    0.0000000  -0.00000063
  90    0.0000000  -0.00000041
  91    0.0010563  -0.00212217
  92    0.0004358  -0.00110790
  93    0.0002805  -0.00078642
  94    0.0003936  -0.00154536
  95    0.0005441  -0.00272360
  96    0.0001869  -0.00056033
  97    0.0004852  -0.00129223
  98    0.0000843  -0.00027260
  99    0.0004383  -0.00205659
 100    0.0006260  -0.00173878
 101    0.0002755  -0.00133289
 102    0.0000010  -0.00001338
 103    0.0000030  -0.00008560
 104    0.0000009  -0.00001154
 105    0.0000008  -0.00001094
 106    0.0000012  -0.00001584
 107    0.0000000  -0.00000043
 108    0.0000000  -0.00000023
 109    0.0005559  -0.00154167
 110    0.0003080  -0.00077383
 111    0.0001022  -0.00033790
 112    0.0002864  -0.00111880
 113    0.0004325  -0.00167365
 114    0.0001328  -0.00042072
 115    0.0003507  -0.00090162
 116    0.0000158  -0.00008157
 117    0.0002642  -0.00121522
 118    0.0005946  -0.00187682
 119    0.0002579  -0.00125347
 120    0.0000008  -0.00001225
 121    0.0000012  -0.00001466
 122    0.0000005  -0.00000600
 123    0.0000008  -0.00001003
 124    0.0000001  -0.00000120
 125    0.0000000  -0.00000030
 126    0.0000000  -0.00000014
 127    0.0002529  -0.00069895
 128    0.0002279  -0.00055338
 129    0.0000815  -0.00026867
 130    0.0002763  -0.00110256
 131    0.0002811  -0.00108847
 132    0.0000837  -0.00027517
 133    0.0002984  -0.00082338
 134    0.0000139  -0.00008082
 135    0.0002124  -0.00147220
 136    0.0005468  -0.00308927
 137    0.0002524  -0.00127730
 138    0.0000008  -0.00001003
 139    0.0000007  -0.00000894
 140    0.0000003  -0.00000376
 141    0.0000006  -0.00000798
 142    0.0000000  -0.00000078
 143    0.0000000  -0.00000029
 144    0.0000000  -0.00000009
 145    0.0001951  -0.00053912
 146    0.0001727  -0.00046740
 147    0.0000715  -0.00023446
 148    0.0000786  -0.00034762
 149    0.0002643  -0.00102972
 150    0.0000688  -0.00022871
 151    0.0001061  -0.00034978
 152    0.0000098  -0.00005621
 153    0.0001457  -0.00068367
 154    0.0005280  -0.00267220
 155    0.0002434  -0.00119212
 156    0.0000007  -0.00000919
 157    0.0000007  -0.00000851
 158    0.0000003  -0.00000326
 159    0.0000005  -0.00001553
 160    0.0000000  -0.00000061
 161    0.0000000  -0.00000019
 162    0.0000000  -0.00000005
 163    0.0001692  -0.00049649
 164    0.0001540  -0.00041489
 165    0.0000488  -0.00016866
 166    0.0000422  -0.00017267
 167    0.0002325  -0.00092880
 168    0.0000506  -0.00017131
 169    0.0000890  -0.00029698
 170    0.0000083  -0.00004750
 171    0.0001192  -0.00050726
 172    0.0003014  -0.00105342
 173    0.0000295  -0.00017777
 174    0.0000007  -0.00001264
 175    0.0000005  -0.00000532
 176    0.0000002  -0.00000202
 177    0.0000004  -0.00000443
 178    0.0000000  -0.00000056
 179    0.0000000  -0.00000015
 180    0.0000000  -0.00000005
 181    0.0001072  -0.00032538
 182    0.0000965  -0.00026921
 183    0.0000468  -0.00015847
 184    0.0000280  -0.00012345
 185    0.0000317  -0.00014104
 186    0.0000462  -0.00015989
 187    0.0000541  -0.00018352
 188    0.0000067  -0.00004047
 189    0.0000826  -0.00035907
 190    0.0001392  -0.00083843
 191    0.0000212  -0.00015122
 192    0.0000007  -0.00000906
 193    0.0000002  -0.00000253
 194    0.0000001  -0.00000139
 195    0.0000004  -0.00000425
 196    0.0000000  -0.00000047
 197    0.0000000  -0.00000012
 198    0.0000000  -0.00000004
 199    0.0000788  -0.00023295
 200    0.0000710  -0.00019754
 201    0.0000383  -0.00013479
 202    0.0000239  -0.00011791
 203    0.0000242  -0.00011704
 204    0.0000435  -0.00015969
 205    0.0000485  -0.00016541
 206    0.0000061  -0.00003666
 207    0.0000614  -0.00023792
 208    0.0000956  -0.00037959
 209    0.0000165  -0.00012212
 210    0.0000007  -0.00000732
 211    0.0000002  -0.00000208
 212    0.0000001  -0.00000141
 213    0.0000004  -0.00000406
 214    0.0000000  -0.00000045
 215    0.0000000  -0.00000012
 216    0.0000000  -0.00000003
 217    0.0000594  -0.00018646
 218    0.0000605  -0.00016946
 219    0.0000270  -0.00009966
 220    0.0000209  -0.00010707
 221    0.0000199  -0.00009607
 222    0.0000298  -0.00010835
 223    0.0000379  -0.00014626
 224    0.0000056  -0.00003453
 225    0.0000486  -0.00020379
 226    0.0000425  -0.00018791
 227    0.0000163  -0.00012207
 228    0.0000006  -0.00000874
 229    0.0000002  -0.00000198
 230    0.0000001  -0.00000125
 231    0.0000003  -0.00000378
 232    0.0000000  -0.00000036
 233    0.0000000  -0.00000012
 234    0.0000000  -0.00000003
 235    0.0000554  -0.00018245
 236    0.0000502  -0.00015517
 237    0.0000238  -0.00008965
 238    0.0000198  -0.00010403
 239    0.0000168  -0.00010467
 240    0.0000170  -0.00006156
 241    0.0000347  -0.00013006
 242    0.0000054  -0.00003203
 243    0.0000242  -0.00012803
 244    0.0000305  -0.00014686
 245    0.0000160  -0.00012089
 246    0.0000006  -0.00000694
 247    0.0000002  -0.00000206
 248    0.0000001  -0.00000120
 249    0.0000003  -0.00000354
 250    0.0000000  -0.00000031
 251    0.0000000  -0.00000010
 252    0.0000000  -0.00000002
 253    0.0000359  -0.00012483
 254    0.0000359  -0.00010704
 255    0.0000108  -0.00005068
 256    0.0000193  -0.00010166
 257    0.0000158  -0.00009488
 258    0.0000132  -0.00005777
 259    0.0000308  -0.00010836
 260    0.0000050  -0.00003254
 261    0.0000202  -0.00013126
 262    0.0000221  -0.00013246
 263    0.0000159  -0.00011719
 264    0.0000006  -0.00001000
 265    0.0000001  -0.00000169
 266    0.0000001  -0.00000118
 267    0.0000003  -0.00000316
 268    0.0000000  -0.00000028
 269    0.0000000  -0.00000009
 270    0.0000000  -0.00000002
 271    0.0000256  -0.00009717
 272    0.0000189  -0.00005762
 273    0.0000100  -0.00004599
 274    0.0000183  -0.00009624
 275    0.0000149  -0.00008578
 276    0.0000116  -0.00005017
 277    0.0000281  -0.00009787
 278    0.0000045  -0.00002917
 279    0.0000168  -0.00012170
 280    0.0000200  -0.00013597
 281    0.0000134  -0.00009991
 282    0.0000006  -0.00000618
 283    0.0000001  -0.00000169
 284    0.0000001  -0.00000102
 285    0.0000003  -0.00000298
 286    0.0000000  -0.00000028
 287    0.0000000  -0.00000007
 288    0.0000000  -0.00000002
 289    0.0000208  -0.00008548
 290    0.0000140  -0.00005255
 291    0.0000086  -0.00004151
 292    0.0000178  -0.00010116
 293    0.0000124  -0.00006936
 294    0.0000096  -0.00004567
 295    0.0000194  -0.00007685
 296    0.0000034  -0.00002453
 297    0.0000153  -0.00010807
 298    0.0000170  -0.00011962
 299    0.0000090  -0.00006642
 300    0.0000005  -0.00000956
 301    0.0000001  -0.00000156
 302    0.0000001  -0.00000103
 303    0.0000003  -0.00000264
 304    0.0000000  -0.00000024
 305    0.0000000  -0.00000006
 306    0.0000000  -0.00000002
 307    0.0000140  -0.00006084
 308    0.0000098  -0.00004463
 309    0.0000080  -0.00004082
 310    0.0000141  -0.00009213
 311    0.0000091  -0.00005125
 312    0.0000076  -0.00003981
 313    0.0000151  -0.00006217
 314    0.0000028  -0.00001921
 315    0.0000136  -0.00009754
 316    0.0000149  -0.00010747
 317    0.0000084  -0.00006102
 318    0.0000005  -0.00000511
 319    0.0000001  -0.00000149
 320    0.0000001  -0.00000091
 321    0.0000002  -0.00000258
 322    0.0000000  -0.00000021
 323    0.0000000  -0.00000006
 324    0.0000000  -0.00000002
 
----------------
 Final Energies 
----------------
Final NOF Total Energy =    -498.6974999
 
Total Orbital Internal Iterations = 8380
Total Occupation Internal Iterations = 585
 
Elapsed time: 14276.20 Seconds

---------------------------------
   Lowdin Population Analysis    
---------------------------------
 Idx  Atom   Population   Charge 
---------------------------------
  1     N     6.359       0.641
  2     P    14.800       0.200
  3     H     1.183      -0.183
  4     F     8.978       0.022
  5     H     1.181      -0.181
  6     H     1.158      -0.158
  7     H     1.181      -0.181
  8     H     1.159      -0.159

---------------------------------
   M Diagnostic: 0.03
---------------------------------

