Computing Integrals
Elapsed time:    4.11 Seconds

Number of basis functions                   (NBF)    = 177
Number of auxiliary basis functions         (NBFAUX) = 147
Inactive Doubly occupied orbitals up to     (NO1)    = 0
No. considered Strongly Doubly occupied MOs (NDOC)   = 5
No. considered Strongly Singly occupied MOs (NSOC)   = 0
NO. of Weakly occ. per St. Doubly occ.  MOs (NCWO)   = 34
Dimension of the Nat. Orb. subspace         (NBF5)   = 175
No. of electrons                                     = 10
    No. of alpha electrons                           = 5
    No. of beta electrons                            = 5
Multiplicity                                         = 1

Geometry
========
 H       0.6292800       0.6292800      -0.6292800
 C       0.0000000       0.0000000       0.0000000
 H      -0.6292800      -0.6292800      -0.6292800
 H       0.6292800      -0.6292800       0.6292800
 H      -0.6292800       0.6292800       0.6292800

No violations of the orthonormality
No violations of the orthonormality
 
PNOF8/ADAM Calculation
==================
 
  Nitext  Nit_orb  Time   Nit_occ  Time         Eelec          Etot           Ediff      maxdiff    Grad_orb  Grad_occ
0.001443048185203799
0.0035624816791873263
     1      10    1.8e+01   12    3.4e+01   -53.88535451   -40.44931400 -10052.88535451   0.055908   5.8e-01   2.1e-04 0.02
0.0007825158059725501
0.001953163199721543
     2      10    1.9e+00   10    4.5e-01   -53.88952987   -40.45348936    -0.00417536   0.146400   1.0e+00   2.2e-04 0.02
0.00035372152961613
0.0008942528926298713
     3      10    1.3e+00    9    4.3e-01   -53.88585321   -40.44981271     0.00367666   0.054100   7.1e-01   1.4e-04 0.02
0.00020702845457788895
0.0004973105002746106
     4      30    4.9e+00    9    4.6e-01   -53.89927701   -40.46323650    -0.01342380   0.004450   2.8e-02   1.8e-04 0.02
0.00021718301735644866
0.0004364000476443722
     5      30    5.7e+00    7    2.7e-01   -53.89994513   -40.46390463    -0.00066812   0.007364   6.1e-02   1.9e-04 0.02
0.0003305228561568249
0.0005150570459291165
     6      30    5.5e+00    7    2.7e-01   -53.90053895   -40.46449844    -0.00059382   0.005539   4.8e-02   2.1e-04 0.02
0.0002483251617435415
0.0004061424028621425
     7      30    5.4e+00    9    4.4e-01   -53.90099227   -40.46495177    -0.00045332   0.008301   5.3e-02   2.0e-04 0.02
0.00020514898535111976
0.00032862384746071505
     8      30    4.2e+00    4    2.2e-01   -53.90140229   -40.46536178    -0.00041002   0.004373   3.8e-02   1.3e-04 0.02
0.00011634062259660051
0.00023237069534641852
     9      30    8.8e+00    4    2.3e-01   -53.90159333   -40.46555283    -0.00019105   0.004402   3.9e-02   1.5e-04 0.02
0.0001238871365724023
0.0002107619164948688
    10      30    5.5e+00    4    2.9e-01   -53.90175390   -40.46571340    -0.00016057   0.003191   3.6e-02   1.6e-04 0.02
4.132450141569599e-5
9.610732573653766e-5
    11      30    4.4e+00    6    4.0e-01   -53.90186508   -40.46582458    -0.00011118   0.002256   2.5e-02   2.0e-04 0.02
0.0001011237068227356
0.00013366556893816008
    12      30    5.2e+00    2    2.1e-01   -53.90191031   -40.46586981    -0.00004523   0.003584   3.4e-02   1.0e-04 0.02
3.3429978306047034e-5
4.838736947259324e-5
    13      30    5.8e+00    2    1.5e-01   -53.90189230   -40.46585179     0.00001802   0.005477   4.8e-02   1.1e-04 0.02
2.8863683309676702e-5
6.0825267029776486e-5
    14      50    7.1e+00    2    2.4e-01   -53.90204457   -40.46600406    -0.00015227   0.000459   4.3e-03   1.3e-04 0.02
3.0461071041983784e-5
5.68405106958737e-5
    15      50    9.3e+00    2    1.3e-01   -53.90216363   -40.46612313    -0.00011907   0.000857   7.5e-03   2.2e-04 0.02
0.00011727649367831994
0.00029593316191550624
    16      50    9.0e+00    8    3.9e-01   -53.90246703   -40.46642653    -0.00030340   0.001043   8.4e-03   2.1e-04 0.02
9.096344458421612e-5
0.00017061762503231084
    17      50    8.0e+00    2    1.5e-01   -53.90296228   -40.46692178    -0.00049525   0.000658   6.5e-03   1.6e-04 0.02
0.00013108865537218156
0.0002830559869957207
    18      50    7.5e+00    6    2.8e-01   -53.90328600   -40.46724550    -0.00032372   0.000935   7.3e-03   1.4e-04 0.02
0.00013416827532253262
0.00020365953118203046
    19      50    8.1e+00    3    1.9e-01   -53.90354449   -40.46750399    -0.00025849   0.000767   7.9e-03   1.3e-04 0.02
0.00011668808152875965
0.00017531524610257752
    20      50    7.6e+00    3    2.0e-01   -53.90365771   -40.46761721    -0.00011322   0.000747   6.5e-03   1.5e-04 0.02
9.966358527613295e-5
0.00015746871142405318
    21      50    5.3e+00    1    1.2e-01   -53.90372902   -40.46768852    -0.00007131   0.000769   7.5e-03   1.7e-04 0.02
7.085305770238026e-5
0.00013098118301163705
    22      50    5.8e+00    4    3.2e-01   -53.90376071   -40.46772020    -0.00003169   0.000775   7.0e-03   1.9e-04 0.02
6.409473220325701e-5
9.173633521490788e-5
    23      50    5.5e+00    1    1.6e-01   -53.90381114   -40.46777063    -0.00005043   0.000562   5.2e-03   1.6e-04 0.02
0.0
0.0
    24      50    5.6e+00    0    1.1e-01   -53.90382729   -40.46778678    -0.00001615   0.000735   5.6e-03   1.9e-04 0.02
7.068213722699959e-5
0.00011686535231197362
    25      60    6.8e+00    2    1.3e-01   -53.90383906   -40.46779855    -0.00001177   0.000338   2.9e-03   1.5e-04 0.02
0.0
0.0
    26      60    1.1e+01    0    7.4e-02   -53.90385288   -40.46781237    -0.00001382   0.000228   1.4e-03   1.5e-04 0.02
0.0
0.0
    27      66    1.2e+01    0    1.1e-01   -53.90385795   -40.46781745    -0.00000508   0.000093   8.3e-04   1.5e-04 0.02
 
RESULTS OF THE OCCUPATION OPTIMIZATION
========================================
   1    1.9999049  -11.21674100
   2    1.9760359  -0.68173604
   3    1.9747864  -0.67178837
   4    1.9746858  -0.67008544
   5    1.9723064  -0.64825206
   6    0.0159162  -0.02067477
   7    0.0161823  -0.02122700
   8    0.0165356  -0.02149801
   9    0.0148325  -0.02037420
  10    0.0000856  -0.00182598
  11    0.0048404  -0.00711854
  12    0.0045667  -0.00691555
  13    0.0045393  -0.00691220
  14    0.0045121  -0.00700478
  15    0.0000047  -0.00014434
  16    0.0043616  -0.00662794
  17    0.0014206  -0.00302149
  18    0.0017544  -0.00363082
  19    0.0011056  -0.00251502
  20    0.0000018  -0.00001244
  21    0.0011058  -0.00233005
  22    0.0011288  -0.00235686
  23    0.0011345  -0.00233681
  24    0.0011036  -0.00492028
  25    0.0000015  -0.00001829
  26    0.0005566  -0.00117825
  27    0.0005846  -0.00124190
  28    0.0002894  -0.00068274
  29    0.0010443  -0.00217222
  30    0.0000009  -0.00003993
  31    0.0002962  -0.00072455
  32    0.0005318  -0.00120944
  33    0.0002893  -0.00067827
  34    0.0003233  -0.00076795
  35    0.0000002  -0.00000166
  36    0.0001062  -0.00028656
  37    0.0002695  -0.00065798
  38    0.0001076  -0.00027934
  39    0.0003097  -0.00079512
  40    0.0000001  -0.00000068
  41    0.0000983  -0.00026725
  42    0.0002423  -0.00060704
  43    0.0001040  -0.00029744
  44    0.0002428  -0.00057696
  45    0.0000000  -0.00000054
  46    0.0000948  -0.00026715
  47    0.0001084  -0.00028718
  48    0.0000998  -0.00026676
  49    0.0001061  -0.00027751
  50    0.0000000  -0.00000049
  51    0.0000633  -0.00017145
  52    0.0000585  -0.00016746
  53    0.0000670  -0.00017911
  54    0.0001002  -0.00027265
  55    0.0000000  -0.00000044
  56    0.0000514  -0.00016040
  57    0.0000491  -0.00014372
  58    0.0000569  -0.00016522
  59    0.0000584  -0.00017706
  60    0.0000000  -0.00000038
  61    0.0000396  -0.00013284
  62    0.0000438  -0.00014476
  63    0.0000498  -0.00016501
  64    0.0000466  -0.00015326
  65    0.0000000  -0.00000034
  66    0.0000289  -0.00010432
  67    0.0000305  -0.00010821
  68    0.0000322  -0.00010756
  69    0.0000426  -0.00014258
  70    0.0000000  -0.00000033
  71    0.0000266  -0.00009482
  72    0.0000141  -0.00004544
  73    0.0000283  -0.00010509
  74    0.0000337  -0.00010883
  75    0.0000000  -0.00000034
  76    0.0000230  -0.00008285
  77    0.0000127  -0.00004406
  78    0.0000243  -0.00010306
  79    0.0000190  -0.00007701
  80    0.0000000  -0.00000030
  81    0.0000179  -0.00007344
  82    0.0000119  -0.00004311
  83    0.0000235  -0.00008519
  84    0.0000111  -0.00004307
  85    0.0000000  -0.00000024
  86    0.0000109  -0.00004034
  87    0.0000090  -0.00003963
  88    0.0000154  -0.00006974
  89    0.0000108  -0.00004347
  90    0.0000000  -0.00000021
  91    0.0000102  -0.00003830
  92    0.0000070  -0.00003074
  93    0.0000125  -0.00004386
  94    0.0000085  -0.00003893
  95    0.0000000  -0.00000020
  96    0.0000092  -0.00003746
  97    0.0000066  -0.00003076
  98    0.0000075  -0.00003611
  99    0.0000083  -0.00004041
 100    0.0000000  -0.00000017
 101    0.0000048  -0.00001946
 102    0.0000065  -0.00002939
 103    0.0000063  -0.00002832
 104    0.0000074  -0.00003212
 105    0.0000000  -0.00000020
 106    0.0000043  -0.00001945
 107    0.0000044  -0.00002308
 108    0.0000055  -0.00002779
 109    0.0000066  -0.00003101
 110    0.0000000  -0.00000016
 111    0.0000035  -0.00001136
 112    0.0000036  -0.00001649
 113    0.0000052  -0.00002639
 114    0.0000051  -0.00002911
 115    0.0000000  -0.00000013
 116    0.0000030  -0.00000880
 117    0.0000035  -0.00001364
 118    0.0000045  -0.00002102
 119    0.0000037  -0.00001545
 120    0.0000000  -0.00000013
 121    0.0000030  -0.00000795
 122    0.0000030  -0.00001059
 123    0.0000035  -0.00001218
 124    0.0000032  -0.00001080
 125    0.0000000  -0.00000011
 126    0.0000027  -0.00000636
 127    0.0000026  -0.00000632
 128    0.0000028  -0.00000725
 129    0.0000031  -0.00001053
 130    0.0000000  -0.00000012
 131    0.0000025  -0.00000507
 132    0.0000022  -0.00000703
 133    0.0000024  -0.00000700
 134    0.0000027  -0.00000790
 135    0.0000000  -0.00000012
 136    0.0000023  -0.00000482
 137    0.0000018  -0.00000360
 138    0.0000020  -0.00000629
 139    0.0000024  -0.00000622
 140    0.0000000  -0.00000010
 141    0.0000022  -0.00000514
 142    0.0000016  -0.00000151
 143    0.0000018  -0.00000526
 144    0.0000020  -0.00000554
 145    0.0000000  -0.00000010
 146    0.0000017  -0.00000133
 147    0.0000014  -0.00000092
 148    0.0000018  -0.00000336
 149    0.0000017  -0.00000228
 150    0.0000000  -0.00000012
 151    0.0000015  -0.00000106
 152    0.0000013  -0.00000071
 153    0.0000015  -0.00000165
 154    0.0000016  -0.00000157
 155    0.0000000  -0.00000005
 156    0.0000013  -0.00000119
 157    0.0000012  -0.00000075
 158    0.0000014  -0.00000150
 159    0.0000015  -0.00000161
 160    0.0000000  -0.00000009
 161    0.0000012  -0.00000105
 162    0.0000011  -0.00000080
 163    0.0000013  -0.00000091
 164    0.0000014  -0.00000191
 165    0.0000000  -0.00000006
 166    0.0000012  -0.00000091
 167    0.0000010  -0.00000092
 168    0.0000012  -0.00000150
 169    0.0000014  -0.00000202
 170    0.0000000  -0.00000007
 171    0.0000010  -0.00000058
 172    0.0000010  -0.00000050
 173    0.0000011  -0.00000063
 174    0.0000012  -0.00000119
 175    0.0000000  -0.00000007
 
----------------
 Final Energies 
----------------
Final NOF Total Energy =     -40.4678175
 
Total Orbital Internal Iterations = 1066
Total Occupation Internal Iterations = 119
 
Elapsed time:  271.77 Seconds

---------------------------------
   Lowdin Population Analysis    
---------------------------------
 Idx  Atom   Population   Charge 
---------------------------------
  1     H     1.075      -0.075
  2     C     5.699       0.301
  3     H     1.075      -0.075
  4     H     1.076      -0.076
  5     H     1.075      -0.075

---------------------------------
   M Diagnostic: 0.02
---------------------------------

