Computing Integrals
Elapsed time:    4.42 Seconds

Number of basis functions                   (NBF)    = 264
Number of auxiliary basis functions         (NBFAUX) = 242
Inactive Doubly occupied orbitals up to     (NO1)    = 0
No. considered Strongly Doubly occupied MOs (NDOC)   = 9
No. considered Strongly Singly occupied MOs (NSOC)   = 0
NO. of Weakly occ. per St. Doubly occ.  MOs (NCWO)   = 28
Dimension of the Nat. Orb. subspace         (NBF5)   = 261
No. of electrons                                     = 18
    No. of alpha electrons                           = 9
    No. of beta electrons                            = 9
Multiplicity                                         = 1

Geometry
========
 N      -0.1568100       0.5816700      -0.6964600
 H       0.5437800       0.3287100      -1.3851700
 H      -1.0483500       0.2942200      -1.0779900
 C       0.1073900      -0.1669900       0.5312400
 H      -0.6442500       0.0815700       1.2784000
 H       0.1248800      -1.2549900       0.4172900
 H       1.0733600       0.1358100       0.9326900

No violations of the orthonormality
No violations of the orthonormality
 
PNOF8/ADAM Calculation
==================
 
  Nitext  Nit_orb  Time   Nit_occ  Time         Eelec          Etot           Ediff      maxdiff    Grad_orb  Grad_occ
0.003455700370651014
0.007767651408960615
     1      10    2.1e+01   27    3.6e+01  -137.79768872   -95.70452163 -10136.79768872   0.091418   1.3e+00   2.0e-04 0.03
0.0010454333266633137
0.0025591789746356457
     2      10    2.6e+00   20    2.3e+00  -137.80913730   -95.71597021    -0.01144858   0.149590   1.5e+00   2.4e-04 0.03
0.0009076887325237815
0.0014405573088067517
     3      10    2.7e+00   17    1.7e+00  -137.79492063   -95.70175354     0.01421667   0.068955   1.4e+00   2.6e-04 0.03
0.0005677148564582346
0.0011401539741158226
     4      30    8.4e+00   21    2.3e+00  -137.84335214   -95.75018505    -0.04843151   0.006343   7.2e-02   2.2e-04 0.03
0.0004170535758079019
0.000912078360508581
     5      30    1.1e+01   28    3.0e+00  -137.84656856   -95.75340147    -0.00321642   0.008377   9.9e-02   2.4e-04 0.03
0.0002745039630016599
0.0005925394188627481
     6      30    9.3e+00   10    1.2e+00  -137.84864761   -95.75548052    -0.00207905   0.006583   1.0e-01   1.8e-04 0.03
0.0001528043379609434
0.0003430918561775164
     7      30    7.5e+00   13    1.5e+00  -137.84970168   -95.75653459    -0.00105407   0.006262   9.4e-02   2.1e-04 0.03
7.763191688336946e-5
0.00011946583122358677
     8      30    8.3e+00    5    7.9e-01  -137.85011833   -95.75695125    -0.00041665   0.007373   1.1e-01   1.7e-04 0.03
5.855278526745167e-5
0.00014886827400236667
     9      30    7.0e+00    5    8.8e-01  -137.85039679   -95.75722970    -0.00027846   0.005842   9.4e-02   2.0e-04 0.03
7.317345348923157e-5
0.00015361853953663835
    10      30    1.1e+01   10    1.3e+00  -137.85062602   -95.75745894    -0.00022924   0.006735   9.0e-02   1.6e-04 0.03
3.502499697509258e-5
9.876535434276945e-5
    11      30    7.6e+00    5    6.7e-01  -137.85061209   -95.75744500     0.00001394   0.010355   1.0e-01   1.2e-04 0.03
8.000735840842967e-5
0.00013321961264080567
    12      50    1.1e+01    3    5.3e-01  -137.85123764   -95.75807056    -0.00062556   0.000817   9.0e-03   2.3e-04 0.03
3.477776949867284e-5
6.9598757242226e-5
    13      50    1.2e+01    5    8.6e-01  -137.85128033   -95.75811324    -0.00004268   0.001588   1.5e-02   1.9e-04 0.03
3.801224854327323e-5
7.610627579393107e-5
    14      50    1.2e+01    6    9.6e-01  -137.85133652   -95.75816944    -0.00005620   0.001659   1.7e-02   1.7e-04 0.03
5.246886463450284e-5
7.31114485779074e-5
    15      50    1.2e+01    1    3.1e-01  -137.85138613   -95.75821905    -0.00004961   0.001584   1.9e-02   1.8e-04 0.03
0.0
0.0
    16      50    1.2e+01    0    3.6e-01  -137.85140515   -95.75823806    -0.00001902   0.001263   1.7e-02   2.3e-04 0.03
5.152697899645127e-5
7.930886745542407e-5
    17      60    1.5e+01    5    8.8e-01  -137.85142692   -95.75825983    -0.00002177   0.000913   1.1e-02   1.5e-04 0.03
0.0
0.0
    18      60    1.4e+01    0    2.3e-01  -137.85148346   -95.75831637    -0.00005654   0.000778   1.1e-02   2.3e-04 0.03
0.0
0.0
    19      70    1.6e+01    0    2.4e-01  -137.85149438   -95.75832730    -0.00001092   0.000620   9.3e-03   2.6e-04 0.03
2.8976608633537668e-5
6.652322476913397e-5
    20      80    1.9e+01    5    7.3e-01  -137.85150103   -95.75833395    -0.00000665   0.000477   7.1e-03   1.3e-04 0.03
6.858891808911999e-5
9.816560942813993e-5
    21      80    1.8e+01    3    5.8e-01  -137.85154778   -95.75838069    -0.00004675   0.000807   9.0e-03   2.1e-04 0.03
2.026215519036409e-5
3.980199193764606e-5
    22      80    1.9e+01    5    7.6e-01  -137.85158007   -95.75841299    -0.00003230   0.000576   7.7e-03   1.0e-04 0.03
1.6943396456303716e-5
3.876123412134091e-5
    23      80    2.1e+01    5    7.9e-01  -137.85161531   -95.75844822    -0.00003523   0.000796   1.0e-02   1.0e-04 0.03
0.0
0.0
    24      80    2.0e+01    0    3.3e-01  -137.85164127   -95.75847418    -0.00002596   0.000940   1.2e-02   1.4e-04 0.03
0.0
0.0
    25      90    2.2e+01    0    3.7e-01  -137.85164876   -95.75848167    -0.00000749   0.000481   7.3e-03   1.7e-04 0.03
0.0
0.0
    26     100    2.4e+01    0    4.1e-01  -137.85165307   -95.75848599    -0.00000432   0.000149   2.4e-03   1.7e-04 0.03
0.0
0.0
    27     110    2.6e+01    0    3.3e-01  -137.85165448   -95.75848740    -0.00000141   0.000250   3.0e-03   1.7e-04 0.03
0.0
0.0
    28     120    2.9e+01    0    2.2e-01  -137.85165623   -95.75848915    -0.00000175   0.000194   2.4e-03   1.7e-04 0.03
0.0
0.0
    29     130    3.1e+01    0    2.3e-01  -137.85165727   -95.75849019    -0.00000104   0.000223   2.7e-03   1.7e-04 0.03
0.0
0.0
    30     140    3.3e+01    0    3.4e-01  -137.85165837   -95.75849129    -0.00000110   0.000167   1.7e-03   1.7e-04 0.03
0.0
0.0
    31     150    3.4e+01    0    2.2e-01  -137.85165898   -95.75849189    -0.00000060   0.000133   1.5e-03   1.8e-04 0.03
0.0
0.0
    32     160    3.8e+01    0    2.2e-01  -137.85165931   -95.75849223    -0.00000034   0.000113   1.2e-03   1.8e-04 0.03
0.0
0.0
    33     156    3.6e+01    0    3.4e-01  -137.85165940   -95.75849232    -0.00000009   0.000099   1.2e-03   1.8e-04 0.03
 
RESULTS OF THE OCCUPATION OPTIMIZATION
========================================
   1    1.9999784  -15.55781877
   2    1.9999524  -11.24828844
   3    1.9860284  -1.03059209
   4    1.9740844  -0.67807037
   5    1.9740801  -0.67716466
   6    1.9742663  -0.67632930
   7    1.9714479  -0.64805989
   8    1.9743872  -0.64721637
   9    1.9705674  -0.62929096
  10    0.0159596  -0.02377335
  11    0.0181798  -0.02586220
  12    0.0230474  -0.03601231
  13    0.0164755  -0.02182334
  14    0.0163660  -0.02171262
  15    0.0167659  -0.02214720
  16    0.0064673  -0.01471051
  17    0.0000386  -0.00082293
  18    0.0000185  -0.00057654
  19    0.0046634  -0.00847384
  20    0.0044693  -0.00804405
  21    0.0041233  -0.00824324
  22    0.0043684  -0.00667667
  23    0.0043709  -0.00668402
  24    0.0043627  -0.00665150
  25    0.0018546  -0.00685211
  26    0.0000035  -0.00008633
  27    0.0000010  -0.00003269
  28    0.0042474  -0.00777481
  29    0.0008811  -0.00208202
  30    0.0006295  -0.00158845
  31    0.0018096  -0.00349360
  32    0.0020283  -0.00371686
  33    0.0019693  -0.00360289
  34    0.0010859  -0.00469103
  35    0.0000021  -0.00002914
  36    0.0000007  -0.00002879
  37    0.0039217  -0.00732738
  38    0.0006726  -0.00186967
  39    0.0003069  -0.00085063
  40    0.0011694  -0.00253172
  41    0.0011569  -0.00253955
  42    0.0011542  -0.00246457
  43    0.0010479  -0.00348441
  44    0.0000018  -0.00001715
  45    0.0000006  -0.00002364
  46    0.0001639  -0.00051085
  47    0.0003753  -0.00106428
  48    0.0001877  -0.00058997
  49    0.0005705  -0.00127196
  50    0.0005682  -0.00124453
  51    0.0003764  -0.00104389
  52    0.0010129  -0.00507154
  53    0.0000011  -0.00001899
  54    0.0000005  -0.00000382
  55    0.0000910  -0.00030155
  56    0.0002970  -0.00087331
  57    0.0000921  -0.00031985
  58    0.0003230  -0.00082467
  59    0.0004806  -0.00135461
  60    0.0002865  -0.00075548
  61    0.0006315  -0.00216725
  62    0.0000001  -0.00000203
  63    0.0000000  -0.00000074
  64    0.0000776  -0.00025642
  65    0.0002631  -0.00077371
  66    0.0000448  -0.00017726
  67    0.0002205  -0.00060687
  68    0.0003172  -0.00082624
  69    0.0002239  -0.00067059
  70    0.0005704  -0.00159214
  71    0.0000001  -0.00000101
  72    0.0000000  -0.00000051
  73    0.0000599  -0.00019002
  74    0.0001116  -0.00041633
  75    0.0000374  -0.00014490
  76    0.0002087  -0.00069540
  77    0.0001096  -0.00033303
  78    0.0002111  -0.00059820
  79    0.0004924  -0.00203805
  80    0.0000000  -0.00000074
  81    0.0000000  -0.00000050
  82    0.0000449  -0.00015369
  83    0.0000930  -0.00028862
  84    0.0000267  -0.00010878
  85    0.0001496  -0.00053002
  86    0.0001070  -0.00032137
  87    0.0001627  -0.00048091
  88    0.0003985  -0.00179073
  89    0.0000000  -0.00000058
  90    0.0000000  -0.00000037
  91    0.0000406  -0.00014665
  92    0.0000773  -0.00026630
  93    0.0000124  -0.00005160
  94    0.0000847  -0.00027449
  95    0.0000861  -0.00028512
  96    0.0000913  -0.00028355
  97    0.0001397  -0.00107894
  98    0.0000000  -0.00000048
  99    0.0000000  -0.00000033
 100    0.0000323  -0.00012399
 101    0.0000432  -0.00016351
 102    0.0000086  -0.00003986
 103    0.0000770  -0.00023281
 104    0.0000625  -0.00022154
 105    0.0000684  -0.00022498
 106    0.0000509  -0.00020753
 107    0.0000000  -0.00000046
 108    0.0000000  -0.00000016
 109    0.0000278  -0.00010901
 110    0.0000264  -0.00011649
 111    0.0000070  -0.00003393
 112    0.0000568  -0.00019529
 113    0.0000539  -0.00019222
 114    0.0000639  -0.00020731
 115    0.0000433  -0.00017358
 116    0.0000000  -0.00000041
 117    0.0000000  -0.00000015
 118    0.0000231  -0.00008709
 119    0.0000242  -0.00010659
 120    0.0000054  -0.00002715
 121    0.0000392  -0.00015066
 122    0.0000506  -0.00017830
 123    0.0000392  -0.00015277
 124    0.0000395  -0.00016401
 125    0.0000000  -0.00000040
 126    0.0000000  -0.00000015
 127    0.0000185  -0.00007603
 128    0.0000194  -0.00008840
 129    0.0000035  -0.00001336
 130    0.0000370  -0.00014186
 131    0.0000460  -0.00016641
 132    0.0000332  -0.00013308
 133    0.0000248  -0.00011670
 134    0.0000000  -0.00000037
 135    0.0000000  -0.00000012
 136    0.0000111  -0.00004236
 137    0.0000161  -0.00007122
 138    0.0000030  -0.00001078
 139    0.0000305  -0.00012626
 140    0.0000331  -0.00013115
 141    0.0000234  -0.00009584
 142    0.0000187  -0.00009191
 143    0.0000000  -0.00000034
 144    0.0000000  -0.00000013
 145    0.0000098  -0.00003826
 146    0.0000118  -0.00004812
 147    0.0000024  -0.00000611
 148    0.0000256  -0.00009961
 149    0.0000156  -0.00007229
 150    0.0000167  -0.00007164
 151    0.0000155  -0.00008148
 152    0.0000000  -0.00000033
 153    0.0000000  -0.00000011
 154    0.0000082  -0.00003480
 155    0.0000096  -0.00004159
 156    0.0000022  -0.00000633
 157    0.0000181  -0.00007567
 158    0.0000128  -0.00005856
 159    0.0000126  -0.00005795
 160    0.0000141  -0.00007221
 161    0.0000000  -0.00000031
 162    0.0000000  -0.00000011
 163    0.0000060  -0.00002612
 164    0.0000092  -0.00004047
 165    0.0000018  -0.00000379
 166    0.0000131  -0.00005607
 167    0.0000109  -0.00004842
 168    0.0000117  -0.00005230
 169    0.0000125  -0.00006114
 170    0.0000000  -0.00000028
 171    0.0000000  -0.00000011
 172    0.0000050  -0.00001590
 173    0.0000061  -0.00003313
 174    0.0000014  -0.00000282
 175    0.0000109  -0.00005208
 176    0.0000091  -0.00004405
 177    0.0000089  -0.00004148
 178    0.0000104  -0.00005193
 179    0.0000000  -0.00000025
 180    0.0000000  -0.00000012
 181    0.0000039  -0.00001031
 182    0.0000058  -0.00002823
 183    0.0000012  -0.00000238
 184    0.0000097  -0.00004581
 185    0.0000082  -0.00003984
 186    0.0000065  -0.00003421
 187    0.0000088  -0.00004915
 188    0.0000000  -0.00000024
 189    0.0000000  -0.00000010
 190    0.0000033  -0.00000893
 191    0.0000046  -0.00001790
 192    0.0000011  -0.00000245
 193    0.0000073  -0.00003832
 194    0.0000059  -0.00003018
 195    0.0000053  -0.00002708
 196    0.0000058  -0.00003863
 197    0.0000000  -0.00000027
 198    0.0000000  -0.00000011
 199    0.0000029  -0.00000553
 200    0.0000034  -0.00001237
 201    0.0000010  -0.00000220
 202    0.0000064  -0.00003069
 203    0.0000049  -0.00002248
 204    0.0000047  -0.00001943
 205    0.0000050  -0.00002922
 206    0.0000000  -0.00000026
 207    0.0000000  -0.00000009
 208    0.0000027  -0.00000446
 209    0.0000027  -0.00000956
 210    0.0000010  -0.00000226
 211    0.0000059  -0.00002751
 212    0.0000047  -0.00002026
 213    0.0000044  -0.00001682
 214    0.0000047  -0.00002765
 215    0.0000000  -0.00000024
 216    0.0000000  -0.00000009
 217    0.0000024  -0.00000460
 218    0.0000025  -0.00000784
 219    0.0000009  -0.00000204
 220    0.0000042  -0.00001644
 221    0.0000029  -0.00000814
 222    0.0000036  -0.00001481
 223    0.0000042  -0.00002347
 224    0.0000000  -0.00000022
 225    0.0000000  -0.00000009
 226    0.0000018  -0.00000234
 227    0.0000023  -0.00000719
 228    0.0000009  -0.00000201
 229    0.0000038  -0.00001464
 230    0.0000024  -0.00000663
 231    0.0000030  -0.00000938
 232    0.0000038  -0.00002091
 233    0.0000000  -0.00000021
 234    0.0000000  -0.00000008
 235    0.0000017  -0.00000281
 236    0.0000021  -0.00000678
 237    0.0000009  -0.00000165
 238    0.0000033  -0.00001118
 239    0.0000019  -0.00000369
 240    0.0000029  -0.00000931
 241    0.0000032  -0.00001581
 242    0.0000000  -0.00000020
 243    0.0000000  -0.00000007
 244    0.0000013  -0.00000214
 245    0.0000020  -0.00000412
 246    0.0000007  -0.00000164
 247    0.0000025  -0.00000621
 248    0.0000018  -0.00000315
 249    0.0000020  -0.00000406
 250    0.0000028  -0.00001467
 251    0.0000000  -0.00000020
 252    0.0000000  -0.00000006
 253    0.0000011  -0.00000209
 254    0.0000015  -0.00000270
 255    0.0000007  -0.00000163
 256    0.0000022  -0.00000537
 257    0.0000017  -0.00000268
 258    0.0000012  -0.00000212
 259    0.0000025  -0.00001178
 260    0.0000000  -0.00000019
 261    0.0000000  -0.00000007
 
----------------
 Final Energies 
----------------
Final NOF Total Energy =     -95.7584923
 
Total Orbital Internal Iterations = 2266
Total Occupation Internal Iterations = 199
 
Elapsed time:  685.22 Seconds

---------------------------------
   Lowdin Population Analysis    
---------------------------------
 Idx  Atom   Population   Charge 
---------------------------------
  1     N     6.487       0.513
  2     H     1.188      -0.188
  3     H     1.194      -0.194
  4     C     5.904       0.096
  5     H     1.072      -0.072
  6     H     1.084      -0.084
  7     H     1.071      -0.071

---------------------------------
   M Diagnostic: 0.03
---------------------------------

