Computing Integrals
Elapsed time:    5.36 Seconds

Number of basis functions                   (NBF)    = 176
Number of auxiliary basis functions         (NBFAUX) = 307
Inactive Doubly occupied orbitals up to     (NO1)    = 0
No. considered Strongly Doubly occupied MOs (NDOC)   = 19
No. considered Strongly Singly occupied MOs (NSOC)   = 0
NO. of Weakly occ. per St. Doubly occ.  MOs (NCWO)   = 8
Dimension of the Nat. Orb. subspace         (NBF5)   = 171
No. of electrons                                     = 38
    No. of alpha electrons                           = 19
    No. of beta electrons                            = 19
Multiplicity                                         = 1

Geometry
========
Be       0.0000000       0.0000000       0.0000000
Cl       0.0000000       0.0000000       1.7998400
Cl       0.0000000       0.0000000      -1.7998400

No violations of the orthonormality
No violations of the orthonormality
 
PNOF8/ADAM Calculation
==================
 
  Nitext  Nit_orb  Time   Nit_occ  Time         Eelec          Etot           Ediff      maxdiff    Grad_orb  Grad_occ
0.009974116891436458
0.017411058104064778
     1      10    2.4e+01   69    4.4e+01 -1015.33711082  -932.86650051 -11014.33711082   5.415138   8.3e+01   2.7e-04 0.02
0.0018655419983525379
0.0032088385479502298
     2      30    9.8e+00   47    2.0e+00 -1017.34950907  -934.87889876    -2.01239825   0.036512   5.2e-01   1.8e-04 0.02
0.0009555336002778107
0.0018473876453262421
     3      30    6.3e+00   33    1.4e+00 -1017.39002737  -934.91941706    -0.04051830   0.360490   4.2e+00   1.8e-04 0.02
0.000628667460014708
0.0012684564073614168
     4      30    1.1e+01   16    6.9e-01 -1017.41428527  -934.94367496    -0.02425789   0.026786   5.6e-01   3.1e-04 0.02
0.0004454261121087377
0.0010586576861786
     5      30    6.2e+00   21    9.3e-01 -1017.42626489  -934.95565458    -0.01197962   0.024303   5.7e-01   3.2e-04 0.02
0.0003145892632170355
0.0007414643878873535
     6      30    9.2e+00   12    5.6e-01 -1017.43278451  -934.96217420    -0.00651963   0.022312   5.2e-01   2.7e-04 0.02
0.0002754061959950871
0.0006012650206489223
     7      30    5.1e+00   18    7.2e-01 -1017.43479860  -934.96418829    -0.00201408   0.030065   5.9e-01   2.7e-04 0.02
0.00015922757361741535
0.0003549424013904911
     8      30    5.4e+00   22    9.8e-01 -1017.43884644  -934.96823613    -0.00404784   0.034623   5.6e-01   2.9e-04 0.02
0.00010528472761126267
0.0002476662060176246
     9      30    5.4e+00   15    6.1e-01 -1017.44124857  -934.97063826    -0.00240213   0.026842   5.2e-01   3.1e-04 0.02
9.167012824518907e-5
0.00019823181932521856
    10      30    4.8e+00   19    8.0e-01 -1017.44213065  -934.97152034    -0.00088208   0.028100   5.5e-01   2.5e-04 0.02
0.00010454178143694173
0.00019442269572086704
    11      30    5.0e+00   12    5.2e-01 -1017.44330987  -934.97269956    -0.00117922   0.027878   5.5e-01   2.6e-04 0.02
9.647782322541598e-5
0.00018028118286575985
    12      30    5.2e+00   10    4.6e-01 -1017.44419465  -934.97358434    -0.00088478   0.030560   5.5e-01   2.8e-04 0.02
0.00011388943771888267
0.00018019423041367748
    13      30    4.7e+00   12    5.0e-01 -1017.44475862  -934.97414832    -0.00056397   0.028868   5.5e-01   2.8e-04 0.02
0.00011002362779977126
0.00018919460029435725
    14      30    4.7e+00   13    5.4e-01 -1017.44593006  -934.97531975    -0.00117144   0.028340   4.9e-01   2.2e-04 0.02
0.00016997870245378643
0.00029056398596207514
    15      30    4.7e+00    4    2.3e-01 -1017.44586559  -934.97525528     0.00006447   0.032222   5.1e-01   2.5e-04 0.02
0.00016752697460420407
0.000302557586624799
    16      50    8.1e+00    6    2.8e-01 -1017.45187454  -934.98126423    -0.00600895   0.003856   7.1e-02   3.2e-04 0.02
0.00014303326447939746
0.00025332114761682424
    17      50    7.7e+00   10    4.4e-01 -1017.45190351  -934.98129320    -0.00002897   0.008837   1.3e-01   2.3e-04 0.02
0.0001097602556955346
0.0001897486551981713
    18      70    1.1e+01    2    1.7e-01 -1017.45249680  -934.98188649    -0.00059329   0.001406   2.1e-02   2.2e-04 0.02
0.00011227240331745936
0.00018980214599404832
    19      70    1.1e+01    4    3.0e-01 -1017.45260232  -934.98199201    -0.00010552   0.001865   3.3e-02   2.7e-04 0.02
7.02928342418696e-5
0.00011207456242393587
    20      70    1.1e+01    2    1.4e-01 -1017.45273099  -934.98212068    -0.00012867   0.001892   3.1e-02   2.4e-04 0.02
4.981166233110866e-5
9.619257569610891e-5
    21      70    1.1e+01    8    3.4e-01 -1017.45282680  -934.98221650    -0.00009581   0.001892   3.3e-02   2.5e-04 0.02
5.8487764773906825e-5
0.000100108184203006
    22      70    1.1e+01    2    1.3e-01 -1017.45297037  -934.98236006    -0.00014357   0.001865   3.3e-02   1.9e-04 0.02
5.418171342794296e-5
8.471743187551144e-5
    23      70    1.1e+01    2    1.4e-01 -1017.45305685  -934.98244654    -0.00008648   0.001798   3.1e-02   2.2e-04 0.02
3.817171831177468e-5
8.765495566672692e-5
    24      70    1.1e+01    6    3.0e-01 -1017.45312972  -934.98251942    -0.00007287   0.001846   3.3e-02   2.9e-04 0.02
3.7929894982968726e-5
7.537790359653652e-5
    25      70    1.1e+01    2    1.5e-01 -1017.45322333  -934.98261302    -0.00009360   0.002055   3.2e-02   2.0e-04 0.02
3.572725843690213e-5
8.418872977713632e-5
    26      70    1.1e+01    6    3.9e-01 -1017.45328690  -934.98267659    -0.00006358   0.001847   3.1e-02   2.4e-04 0.02
3.4091808080812316e-5
6.479705518431884e-5
    27      70    1.2e+01    2    2.4e-01 -1017.45337088  -934.98276058    -0.00008398   0.001943   3.1e-02   2.0e-04 0.02
2.933496881038066e-5
6.845484634058826e-5
    28      70    1.2e+01    6    2.6e-01 -1017.45342175  -934.98281144    -0.00005087   0.002116   3.2e-02   2.0e-04 0.02
3.344081326778648e-5
6.26602771072385e-5
    29      70    1.2e+01    2    1.4e-01 -1017.45349552  -934.98288521    -0.00007377   0.001925   3.1e-02   1.9e-04 0.02
1.977619683918145e-5
5.106039212788768e-5
    30      70    1.1e+01    6    2.8e-01 -1017.45353501  -934.98292470    -0.00003949   0.001883   3.1e-02   1.8e-04 0.02
3.1124582277844426e-5
5.875547261293633e-5
    31      70    1.1e+01    2    3.5e-01 -1017.45359007  -934.98297977    -0.00005507   0.001880   3.1e-02   1.6e-04 0.02
0.0
0.0
    32      70    1.1e+01    0    8.9e-02 -1017.45361741  -934.98300710    -0.00002733   0.001894   3.1e-02   2.1e-04 0.02
5.2047694532918534e-5
8.097910280291758e-5
    33      80    1.4e+01    2    1.6e-01 -1017.45364281  -934.98303250    -0.00002540   0.001558   2.5e-02   2.4e-04 0.02
1.5073012631641822e-5
3.685404610126391e-5
    34      80    1.2e+01    6    3.8e-01 -1017.45365898  -934.98304868    -0.00001617   0.001520   2.7e-02   1.7e-04 0.02
0.0
0.0
    35      80    1.4e+01    0    9.9e-02 -1017.45369241  -934.98308210    -0.00003342   0.001682   2.7e-02   2.0e-04 0.02
5.111009504734157e-5
7.495149591815796e-5
    36      90    1.8e+01    2    1.3e-01 -1017.45370638  -934.98309607    -0.00001397   0.001342   2.2e-02   1.7e-04 0.02
0.0
0.0
    37      90    1.4e+01    0    1.0e-01 -1017.45371402  -934.98310371    -0.00000764   0.001438   2.4e-02   1.7e-04 0.02
0.0
0.0
    38     100    1.6e+01    0    8.7e-02 -1017.45372328  -934.98311298    -0.00000927   0.003520   2.6e-02   2.0e-04 0.02
0.0
0.0
    39     110    1.9e+01    0    9.6e-02 -1017.45373084  -934.98312053    -0.00000756   0.001037   1.8e-02   2.2e-04 0.02
0.0
0.0
    40     120    2.1e+01    0    8.0e-02 -1017.45373528  -934.98312497    -0.00000444   0.000972   1.7e-02   2.3e-04 0.02
5.944645337062869e-5
8.322560816061904e-5
    41     130    2.1e+01    2    1.6e-01 -1017.45374034  -934.98313003    -0.00000506   0.000938   1.5e-02   2.2e-04 0.02
0.0
0.0
    42     130    2.2e+01    0    9.9e-02 -1017.45374650  -934.98313619    -0.00000616   0.000873   1.5e-02   1.8e-04 0.02
0.0
0.0
    43     140    2.5e+01    0    1.7e-01 -1017.45375014  -934.98313983    -0.00000364   0.000829   1.4e-02   1.8e-04 0.02
0.0
0.0
    44     150    2.5e+01    0    1.6e-01 -1017.45375226  -934.98314195    -0.00000212   0.000865   1.3e-02   1.9e-04 0.02
0.0
0.0
    45     160    3.0e+01    0    8.7e-02 -1017.45375390  -934.98314359    -0.00000164   0.000696   1.2e-02   1.9e-04 0.02
0.0
0.0
    46     170    3.6e+01    0    7.8e-02 -1017.45375548  -934.98314517    -0.00000158   0.000774   1.1e-02   2.0e-04 0.02
0.0
0.0
    47     180    4.5e+01    0    8.8e-02 -1017.45375707  -934.98314676    -0.00000159   0.000678   1.0e-02   2.0e-04 0.02
0.0
0.0
    48     190    4.1e+01    0    9.0e-02 -1017.45375812  -934.98314781    -0.00000105   0.000744   9.7e-03   2.0e-04 0.02
0.0
0.0
    49     200    3.6e+01    0    9.6e-02 -1017.45375938  -934.98314907    -0.00000126   0.000683   8.9e-03   2.0e-04 0.02
0.0
0.0
    50     210    3.8e+01    0    8.7e-02 -1017.45376043  -934.98315012    -0.00000105   0.000713   8.4e-03   2.0e-04 0.02
0.0
0.0
    51     220    4.0e+01    0    8.2e-02 -1017.45376170  -934.98315139    -0.00000127   0.000620   7.4e-03   2.0e-04 0.02
0.0
0.0
    52     230    3.7e+01    0    9.2e-02 -1017.45376202  -934.98315171    -0.00000032   0.000616   7.1e-03   2.0e-04 0.02
0.0
0.0
    53     240    4.5e+01    0    8.8e-02 -1017.45376253  -934.98315223    -0.00000052   0.000572   6.6e-03   2.0e-04 0.02
0.0
0.0
    54     250    4.1e+01    0    6.9e-02 -1017.45376237  -934.98315206     0.00000017   0.000571   6.7e-03   2.0e-04 0.02
0.0
0.0
    55     280    4.8e+01    0    8.4e-02 -1017.45376586  -934.98315555    -0.00000349   0.000125   1.6e-03   2.0e-04 0.02
0.0
0.0
    56     290    5.0e+01    0    8.4e-02 -1017.45376555  -934.98315524     0.00000031   0.000184   2.4e-03   2.0e-04 0.02
0.0
0.0
    57     182    3.0e+01    0    7.8e-02 -1017.45376592  -934.98315561    -0.00000037   0.000100   1.4e-03   2.0e-04 0.02
 
RESULTS OF THE OCCUPATION OPTIMIZATION
========================================
   1    1.9999993  -104.89386185
   2    1.9999994  -104.88606836
   3    1.9999501  -10.60126917
   4    1.9998730  -10.59335554
   5    1.9990397  -8.06050613
   6    1.9992870  -8.05951094
   7    1.9993697  -8.05908980
   8    1.9993914  -8.05887899
   9    1.9993653  -8.05859891
  10    1.9990258  -8.05845761
  11    1.9985255  -4.77128564
  12    1.9841406  -1.10600859
  13    1.9841848  -1.08419240
  14    1.9771840  -0.60904255
  15    1.9753614  -0.58573347
  16    1.9758139  -0.50654105
  17    1.9716775  -0.50540966
  18    1.9687978  -0.50474558
  19    1.9693862  -0.50461107
  20    0.0100571  -0.01785980
  21    0.0087708  -0.01784690
  22    0.0107335  -0.02027029
  23    0.0109460  -0.02128501
  24    0.0129594  -0.02723787
  25    0.0117142  -0.02861622
  26    0.0060453  -0.02763682
  27    0.0065330  -0.02907457
  28    0.0007701  -0.00609561
  29    0.0004407  -0.01035522
  30    0.0005744  -0.01276511
  31    0.0005675  -0.01272881
  32    0.0004391  -0.01010915
  33    0.0004618  -0.01039394
  34    0.0004544  -0.01065293
  35    0.0000687  -0.00111584
  36    0.0000400  -0.00050030
  37    0.0000004  -0.00000836
  38    0.0000005  -0.00001347
  39    0.0093623  -0.01700946
  40    0.0079264  -0.01572956
  41    0.0090207  -0.01735025
  42    0.0076807  -0.01911341
  43    0.0069710  -0.01783173
  44    0.0062525  -0.01924534
  45    0.0020203  -0.01056307
  46    0.0020471  -0.01065178
  47    0.0002480  -0.00236952
  48    0.0004185  -0.00988320
  49    0.0000169  -0.00014410
  50    0.0000177  -0.00015080
  51    0.0000703  -0.00249271
  52    0.0000731  -0.00311945
  53    0.0004449  -0.01043349
  54    0.0000153  -0.00030203
  55    0.0000039  -0.00042660
  56    0.0000001  -0.00000264
  57    0.0000001  -0.00000186
  58    0.0089582  -0.01626207
  59    0.0077044  -0.01521200
  60    0.0074929  -0.01805833
  61    0.0029851  -0.01132481
  62    0.0023190  -0.00967796
  63    0.0023642  -0.00855178
  64    0.0019108  -0.01023362
  65    0.0020105  -0.01061216
  66    0.0002087  -0.00206350
  67    0.0000620  -0.00134110
  68    0.0000140  -0.00017379
  69    0.0000126  -0.00011369
  70    0.0000663  -0.00077409
  71    0.0000716  -0.00090801
  72    0.0000191  -0.00015555
  73    0.0000132  -0.00018923
  74    0.0000024  -0.00009740
  75    0.0000000  -0.00000208
  76    0.0000000  -0.00000153
  77    0.0013116  -0.00363346
  78    0.0064909  -0.01693701
  79    0.0006275  -0.00153287
  80    0.0007185  -0.00190065
  81    0.0006641  -0.00169931
  82    0.0007069  -0.00203298
  83    0.0019076  -0.01022843
  84    0.0019432  -0.01030635
  85    0.0001636  -0.00209449
  86    0.0000198  -0.00015758
  87    0.0000083  -0.00007500
  88    0.0000062  -0.00006518
  89    0.0000143  -0.00029457
  90    0.0000668  -0.00078210
  91    0.0000142  -0.00070544
  92    0.0000103  -0.00029293
  93    0.0000019  -0.00015584
  94    0.0000000  -0.00000138
  95    0.0000000  -0.00000111
  96    0.0006327  -0.00152328
  97    0.0000888  -0.00029628
  98    0.0001938  -0.00089138
  99    0.0006738  -0.00167073
 100    0.0006634  -0.00169352
 101    0.0006811  -0.00182049
 102    0.0018368  -0.01009451
 103    0.0019368  -0.01029631
 104    0.0000232  -0.00017500
 105    0.0000124  -0.00048488
 106    0.0000069  -0.00006789
 107    0.0000015  -0.00005984
 108    0.0000117  -0.00010728
 109    0.0000145  -0.00013487
 110    0.0000108  -0.00010631
 111    0.0000068  -0.00006733
 112    0.0000016  -0.00003845
 113    0.0000000  -0.00000066
 114    0.0000000  -0.00000063
 115    0.0001230  -0.00062783
 116    0.0000841  -0.00025253
 117    0.0000996  -0.00030750
 118    0.0006670  -0.00169195
 119    0.0005832  -0.00172976
 120    0.0006264  -0.00166375
 121    0.0014139  -0.00752341
 122    0.0005740  -0.00213118
 123    0.0000211  -0.00021682
 124    0.0000080  -0.00008339
 125    0.0000052  -0.00005801
 126    0.0000011  -0.00001589
 127    0.0000108  -0.00011714
 128    0.0000101  -0.00008903
 129    0.0000077  -0.00009283
 130    0.0000056  -0.00008105
 131    0.0000000  -0.00000170
 132    0.0000000  -0.00000036
 133    0.0000000  -0.00000007
 134    0.0000991  -0.00029413
 135    0.0000739  -0.00023099
 136    0.0000892  -0.00029984
 137    0.0002621  -0.00111403
 138    0.0002442  -0.00102386
 139    0.0002384  -0.00107244
 140    0.0004738  -0.00151907
 141    0.0005474  -0.00195028
 142    0.0000205  -0.00015774
 143    0.0000075  -0.00008610
 144    0.0000049  -0.00006250
 145    0.0000011  -0.00001449
 146    0.0000099  -0.00009844
 147    0.0000084  -0.00008256
 148    0.0000062  -0.00007470
 149    0.0000041  -0.00009880
 150    0.0000000  -0.00000110
 151    0.0000000  -0.00000042
 152    0.0000000  -0.00000006
 153    0.0000698  -0.00021925
 154    0.0000628  -0.00020563
 155    0.0000654  -0.00021752
 156    0.0002530  -0.00109889
 157    0.0002343  -0.00101585
 158    0.0002324  -0.00104124
 159    0.0002066  -0.00109259
 160    0.0002675  -0.00141107
 161    0.0000194  -0.00014786
 162    0.0000052  -0.00005625
 163    0.0000041  -0.00006071
 164    0.0000009  -0.00001098
 165    0.0000078  -0.00009078
 166    0.0000065  -0.00007021
 167    0.0000031  -0.00016895
 168    0.0000030  -0.00032480
 169    0.0000000  -0.00000034
 170    0.0000000  -0.00000035
 171    0.0000000  -0.00000005
 
----------------
 Final Energies 
----------------
Final NOF Total Energy =    -934.9831556
 
Total Orbital Internal Iterations = 5682
Total Occupation Internal Iterations = 403
 
Elapsed time: 1149.81 Seconds

---------------------------------
   Lowdin Population Analysis    
---------------------------------
 Idx  Atom   Population   Charge 
---------------------------------
  1    Be     4.757      -0.757
  2    Cl    16.622       0.378
  3    Cl    16.621       0.379

---------------------------------
   M Diagnostic: 0.02
---------------------------------

