Computing Integrals
Elapsed time:    4.81 Seconds

Number of basis functions                   (NBF)    = 294
Number of auxiliary basis functions         (NBFAUX) = 258
Inactive Doubly occupied orbitals up to     (NO1)    = 0
No. considered Strongly Doubly occupied MOs (NDOC)   = 8
No. considered Strongly Singly occupied MOs (NSOC)   = 0
NO. of Weakly occ. per St. Doubly occ.  MOs (NCWO)   = 35
Dimension of the Nat. Orb. subspace         (NBF5)   = 288
No. of electrons                                     = 16
    No. of alpha electrons                           = 8
    No. of beta electrons                            = 8
Multiplicity                                         = 1

Geometry
========
 B      -0.8788900       0.0000000       0.0000000
 B       0.8788900       0.0000000       0.0000000
 H       0.0000000       0.0000000       0.9752200
 H       0.0000000       0.0000000      -0.9752200
 H      -1.4523400       1.0396600       0.0000000
 H      -1.4523400      -1.0396600       0.0000000
 H       1.4523400      -1.0396600       0.0000000
 H       1.4523400       1.0396600       0.0000000

No violations of the orthonormality
No violations of the orthonormality
 
PNOF8/ADAM Calculation
==================
 
  Nitext  Nit_orb  Time   Nit_occ  Time         Eelec          Etot           Ediff      maxdiff    Grad_orb  Grad_occ
0.0015460341190973725
0.0038355952886571297
     1      10    2.4e+01   12    4.5e+01   -85.33903067   -53.16992932 -10084.33903067   0.037398   7.1e-01   2.1e-04 0.02
0.000807087372201365
0.0024010146416617423
     2      10    3.6e+00   16    2.8e+00   -85.34848281   -53.17938147    -0.00945215   0.064115   9.3e-01   1.7e-04 0.02
0.000414193872692481
0.0011106152312113091
     3      10    3.6e+00    6    1.1e+00   -85.35017735   -53.18107600    -0.00169453   0.043786   7.9e-01   3.1e-04 0.02
0.00023349953553196325
0.0005280811516483662
     4      10    3.7e+00   10    1.9e+00   -85.35288697   -53.18378562    -0.00270962   0.047399   8.2e-01   2.1e-04 0.02
0.00016918957758338404
0.00037314695782750897
     5      10    3.5e+00    8    1.6e+00   -85.35164102   -53.18253968     0.00124594   0.067125   9.2e-01   2.1e-04 0.02
7.788777747122716e-5
0.0001960422613794625
     6      30    1.0e+01    6    1.3e+00   -85.36628927   -53.19718793    -0.01464825   0.006719   4.9e-02   2.7e-04 0.02
6.592903289097309e-5
0.0001673907408384328
     7      30    1.1e+01    6    1.3e+00   -85.36667810   -53.19757676    -0.00038883   0.004886   4.9e-02   2.1e-04 0.02
8.11334889354717e-5
0.0001263817222429259
     8      30    1.0e+01    2    7.4e-01   -85.36692528   -53.19782394    -0.00024718   0.005129   4.9e-02   1.9e-04 0.02
6.351128365535618e-5
0.00018459817070426567
     9      30    1.0e+01    4    1.0e+00   -85.36702008   -53.19791874    -0.00009480   0.004602   5.0e-02   2.5e-04 0.02
5.363636825225261e-5
0.00013311879420968255
    10      30    1.0e+01    6    1.3e+00   -85.36715018   -53.19804883    -0.00013009   0.003747   4.7e-02   2.4e-04 0.02
6.713034631764241e-5
0.00013488771481091945
    11      30    1.1e+01    2    7.1e-01   -85.36727135   -53.19817000    -0.00012117   0.004283   4.3e-02   1.5e-04 0.02
3.5108142516306756e-5
8.550327716668329e-5
    12      30    1.1e+01    2    6.8e-01   -85.36731789   -53.19821655    -0.00004655   0.003727   3.8e-02   1.7e-04 0.02
6.990663622936846e-5
0.00014829279463349148
    13      30    1.0e+01    4    1.0e+00   -85.36734956   -53.19824822    -0.00003167   0.003223   3.5e-02   1.9e-04 0.02
3.096195897797638e-5
4.8991592916608185e-5
    14      30    1.0e+01    2    7.2e-01   -85.36738411   -53.19828277    -0.00003455   0.004136   4.0e-02   1.6e-04 0.02
8.316269541233255e-5
0.00014735605028905365
    15      30    1.1e+01    6    1.1e+00   -85.36747448   -53.19837314    -0.00009037   0.002333   2.8e-02   1.6e-04 0.02
0.00014810116708049558
0.0002063894799038668
    16      30    1.0e+01   12    2.1e+00   -85.36761430   -53.19851296    -0.00013982   0.002345   2.8e-02   2.0e-04 0.02
0.0001483431938372748
0.0002789851644766821
    17      30    1.0e+01    6    1.2e+00   -85.36790858   -53.19880724    -0.00029428   0.002349   2.6e-02   1.4e-04 0.02
0.0001337033725074795
0.00022094408383265118
    18      30    1.0e+01    2    7.3e-01   -85.36817387   -53.19907253    -0.00026529   0.003072   3.0e-02   1.8e-04 0.02
0.0001240329849510058
0.00017441521570225565
    19      30    1.0e+01    2    7.2e-01   -85.36825036   -53.19914901    -0.00007649   0.024257   1.5e-01   1.7e-04 0.02
7.984442731912011e-5
0.0001329849713510315
    20      30    1.0e+01    2    5.9e-01   -85.36837621   -53.19927487    -0.00012586   0.004523   3.9e-02   2.0e-04 0.02
8.555777089014338e-5
0.00013717284450763284
    21      30    1.0e+01    2    7.1e-01   -85.36842302   -53.19932168    -0.00004681   0.004398   3.7e-02   2.1e-04 0.02
0.0
0.0
    22      30    1.1e+01    0    3.9e-01   -85.36842159   -53.19932025     0.00000143   0.004900   4.2e-02   2.8e-04 0.02
6.354040275480255e-5
0.00011389327490366559
    23      60    2.1e+01    4    1.0e+00   -85.36853036   -53.19942902    -0.00010877   0.000371   4.0e-03   1.6e-04 0.02
3.9433470782168634e-5
6.301927538190818e-5
    24      60    2.0e+01    2    7.3e-01   -85.36856922   -53.19946787    -0.00003886   0.000530   5.9e-03   1.5e-04 0.02
5.086228540865465e-5
7.430120186607828e-5
    25      60    2.3e+01    2    7.4e-01   -85.36859600   -53.19949465    -0.00002678   0.000875   8.6e-03   2.0e-04 0.02
9.180151211485299e-5
0.00016572145549387265
    26      60    2.1e+01    6    1.5e+00   -85.36866231   -53.19956097    -0.00006631   0.000723   1.0e-02   1.2e-04 0.02
9.897062487931527e-5
0.00016046154082253506
    27      60    2.1e+01    4    8.6e-01   -85.36885036   -53.19974902    -0.00018805   0.000711   1.1e-02   2.0e-04 0.02
9.923336650527644e-5
0.00016464914746905688
    28      60    2.1e+01    4    1.1e+00   -85.36911487   -53.20001352    -0.00026451   0.000785   9.2e-03   1.8e-04 0.02
8.228448963803255e-5
0.00012750966411177706
    29      60    2.0e+01    2    7.1e-01   -85.36935827   -53.20025692    -0.00024340   0.000550   6.7e-03   1.7e-04 0.02
9.420993498099328e-5
0.00012858058834274173
    30      60    2.0e+01    2    5.9e-01   -85.36949916   -53.20039782    -0.00014090   0.000554   7.5e-03   1.6e-04 0.02
7.479838895618762e-5
0.00010108724947307703
    31      60    2.1e+01    2    6.8e-01   -85.36957879   -53.20047745    -0.00007962   0.000625   7.9e-03   1.6e-04 0.02
5.253157154594401e-5
7.003479981923832e-5
    32      60    2.0e+01    2    6.1e-01   -85.36962087   -53.20051952    -0.00004208   0.000677   7.6e-03   1.6e-04 0.02
0.0
0.0
    33      60    1.9e+01    0    4.8e-01   -85.36964563   -53.20054429    -0.00002476   0.000580   6.8e-03   1.9e-04 0.02
0.0
0.0
    34      70    2.4e+01    0    4.6e-01   -85.36965358   -53.20055224    -0.00000795   0.000344   3.9e-03   1.9e-04 0.02
0.0
0.0
    35      80    2.8e+01    0    3.5e-01   -85.36965900   -53.20055765    -0.00000541   0.000195   1.9e-03   1.9e-04 0.02
0.0
0.0
    36      90    3.1e+01    0    3.1e-01   -85.36966276   -53.20056142    -0.00000376   0.000151   1.1e-03   2.0e-04 0.02
0.0
0.0
    37     100    3.3e+01    0    4.4e-01   -85.36966533   -53.20056398    -0.00000257   0.000199   1.6e-03   2.0e-04 0.02
0.0
0.0
    38     102    3.5e+01    0    4.2e-01   -85.36966722   -53.20056587    -0.00000189   0.000099   8.8e-04   2.0e-04 0.02
 
RESULTS OF THE OCCUPATION OPTIMIZATION
========================================
   1    1.9998799  -7.62424880
   2    1.9998763  -7.62420988
   3    1.9705406  -0.68570253
   4    1.9695825  -0.68075521
   5    1.9760187  -0.59883655
   6    1.9752628  -0.59548564
   7    1.9733780  -0.58951817
   8    1.9727770  -0.58708422
   9    0.0142315  -0.01654364
  10    0.0140997  -0.01655705
  11    0.0126492  -0.01564110
  12    0.0123281  -0.01547266
  13    0.0150844  -0.01803325
  14    0.0151081  -0.01822027
  15    0.0001134  -0.00161420
  16    0.0001066  -0.00158034
  17    0.0046735  -0.00608564
  18    0.0046464  -0.00614247
  19    0.0037970  -0.00540986
  20    0.0037249  -0.00536473
  21    0.0114269  -0.01451681
  22    0.0104996  -0.01350142
  23    0.0000052  -0.00016124
  24    0.0000071  -0.00017211
  25    0.0031998  -0.00422032
  26    0.0026798  -0.00381929
  27    0.0028018  -0.00393210
  28    0.0023092  -0.00347094
  29    0.0019040  -0.00318902
  30    0.0016569  -0.00290125
  31    0.0000018  -0.00004552
  32    0.0000022  -0.00002263
  33    0.0026440  -0.00389523
  34    0.0025120  -0.00375722
  35    0.0016206  -0.00276880
  36    0.0015989  -0.00299232
  37    0.0012726  -0.00227017
  38    0.0012887  -0.00230867
  39    0.0000017  -0.00001199
  40    0.0000021  -0.00003736
  41    0.0007340  -0.00162543
  42    0.0007503  -0.00170209
  43    0.0012168  -0.00447538
  44    0.0014422  -0.00507416
  45    0.0001424  -0.00033669
  46    0.0002664  -0.00056906
  47    0.0000009  -0.00000998
  48    0.0000012  -0.00001352
  49    0.0003837  -0.00080449
  50    0.0005962  -0.00123448
  51    0.0010064  -0.00207584
  52    0.0006435  -0.00144971
  53    0.0001221  -0.00028820
  54    0.0001186  -0.00028961
  55    0.0000002  -0.00000160
  56    0.0000003  -0.00000201
  57    0.0003390  -0.00064755
  58    0.0002970  -0.00062213
  59    0.0004209  -0.00092949
  60    0.0005720  -0.00124442
  61    0.0001003  -0.00024044
  62    0.0001036  -0.00024102
  63    0.0000001  -0.00000141
  64    0.0000002  -0.00000150
  65    0.0002306  -0.00052203
  66    0.0002393  -0.00055209
  67    0.0003409  -0.00066023
  68    0.0003481  -0.00080708
  69    0.0000813  -0.00021140
  70    0.0000872  -0.00023392
  71    0.0000000  -0.00000083
  72    0.0000001  -0.00000080
  73    0.0001739  -0.00035717
  74    0.0001791  -0.00036652
  75    0.0002161  -0.00046475
  76    0.0002255  -0.00046551
  77    0.0000595  -0.00016741
  78    0.0000686  -0.00017522
  79    0.0000000  -0.00000070
  80    0.0000000  -0.00000075
  81    0.0001390  -0.00029442
  82    0.0001190  -0.00026288
  83    0.0001789  -0.00038197
  84    0.0001386  -0.00032598
  85    0.0000558  -0.00015841
  86    0.0000591  -0.00016581
  87    0.0000000  -0.00000053
  88    0.0000000  -0.00000054
  89    0.0000972  -0.00023752
  90    0.0001063  -0.00025023
  91    0.0001080  -0.00026453
  92    0.0001215  -0.00032924
  93    0.0000416  -0.00012717
  94    0.0000443  -0.00012916
  95    0.0000000  -0.00000043
  96    0.0000000  -0.00000048
  97    0.0000749  -0.00018481
  98    0.0000734  -0.00018372
  99    0.0000972  -0.00024522
 100    0.0000884  -0.00023138
 101    0.0000320  -0.00009939
 102    0.0000387  -0.00010989
 103    0.0000000  -0.00000041
 104    0.0000000  -0.00000038
 105    0.0000652  -0.00017414
 106    0.0000660  -0.00017298
 107    0.0000840  -0.00022594
 108    0.0000727  -0.00018630
 109    0.0000252  -0.00008230
 110    0.0000189  -0.00006237
 111    0.0000000  -0.00000037
 112    0.0000000  -0.00000035
 113    0.0000442  -0.00012376
 114    0.0000392  -0.00011867
 115    0.0000432  -0.00013194
 116    0.0000499  -0.00014501
 117    0.0000139  -0.00004792
 118    0.0000154  -0.00005469
 119    0.0000000  -0.00000034
 120    0.0000000  -0.00000031
 121    0.0000354  -0.00011734
 122    0.0000366  -0.00010430
 123    0.0000323  -0.00010651
 124    0.0000383  -0.00010817
 125    0.0000093  -0.00003652
 126    0.0000136  -0.00004284
 127    0.0000000  -0.00000026
 128    0.0000000  -0.00000030
 129    0.0000297  -0.00009117
 130    0.0000316  -0.00009471
 131    0.0000201  -0.00007127
 132    0.0000365  -0.00011137
 133    0.0000074  -0.00002554
 134    0.0000096  -0.00003657
 135    0.0000000  -0.00000024
 136    0.0000000  -0.00000027
 137    0.0000277  -0.00008746
 138    0.0000249  -0.00008345
 139    0.0000160  -0.00006002
 140    0.0000327  -0.00009866
 141    0.0000069  -0.00002403
 142    0.0000089  -0.00003185
 143    0.0000000  -0.00000021
 144    0.0000000  -0.00000028
 145    0.0000160  -0.00005690
 146    0.0000210  -0.00008246
 147    0.0000139  -0.00004949
 148    0.0000283  -0.00009228
 149    0.0000043  -0.00001352
 150    0.0000081  -0.00002746
 151    0.0000000  -0.00000018
 152    0.0000000  -0.00000023
 153    0.0000125  -0.00004660
 154    0.0000172  -0.00005600
 155    0.0000117  -0.00004420
 156    0.0000274  -0.00009332
 157    0.0000031  -0.00000771
 158    0.0000063  -0.00002198
 159    0.0000000  -0.00000018
 160    0.0000000  -0.00000023
 161    0.0000108  -0.00003693
 162    0.0000127  -0.00004137
 163    0.0000089  -0.00003442
 164    0.0000210  -0.00008630
 165    0.0000030  -0.00000681
 166    0.0000055  -0.00002045
 167    0.0000000  -0.00000015
 168    0.0000000  -0.00000021
 169    0.0000089  -0.00002852
 170    0.0000103  -0.00003701
 171    0.0000078  -0.00002928
 172    0.0000178  -0.00006301
 173    0.0000027  -0.00000519
 174    0.0000051  -0.00001722
 175    0.0000000  -0.00000015
 176    0.0000000  -0.00000019
 177    0.0000083  -0.00002725
 178    0.0000092  -0.00003391
 179    0.0000067  -0.00002705
 180    0.0000145  -0.00005088
 181    0.0000024  -0.00000429
 182    0.0000044  -0.00001722
 183    0.0000000  -0.00000016
 184    0.0000000  -0.00000017
 185    0.0000069  -0.00002519
 186    0.0000087  -0.00002887
 187    0.0000056  -0.00002436
 188    0.0000136  -0.00004598
 189    0.0000020  -0.00000266
 190    0.0000036  -0.00001120
 191    0.0000000  -0.00000013
 192    0.0000000  -0.00000018
 193    0.0000061  -0.00002376
 194    0.0000080  -0.00002830
 195    0.0000048  -0.00002091
 196    0.0000122  -0.00004171
 197    0.0000020  -0.00000329
 198    0.0000030  -0.00000778
 199    0.0000000  -0.00000012
 200    0.0000000  -0.00000018
 201    0.0000049  -0.00001870
 202    0.0000076  -0.00002471
 203    0.0000042  -0.00001692
 204    0.0000109  -0.00003915
 205    0.0000016  -0.00000272
 206    0.0000024  -0.00000499
 207    0.0000000  -0.00000011
 208    0.0000000  -0.00000017
 209    0.0000046  -0.00001628
 210    0.0000061  -0.00002271
 211    0.0000038  -0.00001551
 212    0.0000098  -0.00003467
 213    0.0000016  -0.00000257
 214    0.0000023  -0.00000561
 215    0.0000000  -0.00000011
 216    0.0000000  -0.00000017
 217    0.0000036  -0.00001020
 218    0.0000041  -0.00001518
 219    0.0000034  -0.00001145
 220    0.0000083  -0.00003004
 221    0.0000012  -0.00000276
 222    0.0000021  -0.00000436
 223    0.0000000  -0.00000011
 224    0.0000000  -0.00000017
 225    0.0000030  -0.00000903
 226    0.0000039  -0.00001426
 227    0.0000026  -0.00000695
 228    0.0000078  -0.00002876
 229    0.0000012  -0.00000239
 230    0.0000020  -0.00000220
 231    0.0000000  -0.00000011
 232    0.0000000  -0.00000016
 233    0.0000025  -0.00000447
 234    0.0000031  -0.00001052
 235    0.0000025  -0.00000605
 236    0.0000072  -0.00002786
 237    0.0000011  -0.00000200
 238    0.0000018  -0.00000292
 239    0.0000000  -0.00000009
 240    0.0000000  -0.00000015
 241    0.0000024  -0.00000429
 242    0.0000029  -0.00000670
 243    0.0000024  -0.00000644
 244    0.0000064  -0.00002519
 245    0.0000011  -0.00000227
 246    0.0000014  -0.00000273
 247    0.0000000  -0.00000006
 248    0.0000000  -0.00000014
 249    0.0000022  -0.00000375
 250    0.0000027  -0.00000515
 251    0.0000021  -0.00000452
 252    0.0000060  -0.00002283
 253    0.0000011  -0.00000210
 254    0.0000013  -0.00000243
 255    0.0000000  -0.00000007
 256    0.0000000  -0.00000015
 257    0.0000019  -0.00000323
 258    0.0000023  -0.00000295
 259    0.0000020  -0.00000424
 260    0.0000055  -0.00002056
 261    0.0000009  -0.00000200
 262    0.0000011  -0.00000192
 263    0.0000000  -0.00000005
 264    0.0000000  -0.00000015
 265    0.0000019  -0.00000243
 266    0.0000019  -0.00000377
 267    0.0000019  -0.00000410
 268    0.0000051  -0.00002017
 269    0.0000009  -0.00000204
 270    0.0000010  -0.00000240
 271    0.0000000  -0.00000005
 272    0.0000000  -0.00000014
 273    0.0000017  -0.00000333
 274    0.0000018  -0.00000297
 275    0.0000018  -0.00000455
 276    0.0000045  -0.00001789
 277    0.0000009  -0.00000189
 278    0.0000010  -0.00000228
 279    0.0000000  -0.00000008
 280    0.0000000  -0.00000015
 281    0.0000017  -0.00000266
 282    0.0000016  -0.00000250
 283    0.0000018  -0.00000320
 284    0.0000041  -0.00001487
 285    0.0000008  -0.00000154
 286    0.0000010  -0.00000204
 287    0.0000000  -0.00000005
 288    0.0000000  -0.00000012
 
----------------
 Final Energies 
----------------
Final NOF Total Energy =     -53.2005659
 
Total Orbital Internal Iterations = 1662
Total Occupation Internal Iterations = 148
 
Elapsed time:  748.88 Seconds

---------------------------------
   Lowdin Population Analysis    
---------------------------------
 Idx  Atom   Population   Charge 
---------------------------------
  1     B     5.057      -0.057
  2     B     5.057      -0.057
  3     H     0.896       0.104
  4     H     0.896       0.104
  5     H     1.024      -0.024
  6     H     1.023      -0.023
  7     H     1.024      -0.024
  8     H     1.023      -0.023

---------------------------------
   M Diagnostic: 0.02
---------------------------------

