Computing Integrals
Elapsed time:    5.99 Seconds

Number of basis functions                   (NBF)    = 475
Number of auxiliary basis functions         (NBFAUX) = 579
Inactive Doubly occupied orbitals up to     (NO1)    = 0
No. considered Strongly Doubly occupied MOs (NDOC)   = 27
No. considered Strongly Singly occupied MOs (NSOC)   = 0
NO. of Weakly occ. per St. Doubly occ.  MOs (NCWO)   = 16
Dimension of the Nat. Orb. subspace         (NBF5)   = 459
No. of electrons                                     = 54
    No. of alpha electrons                           = 27
    No. of beta electrons                            = 27
Multiplicity                                         = 1

Geometry
========
 C      -0.1499300      -1.0366700       0.0000000
 S       0.5689500       0.4243500       0.0000000
 F      -0.1499300       1.3095200       1.1445500
 F      -0.1499300       1.3095200      -1.1445500
 B      -1.6788000      -1.2010700       0.0000000
 H      -2.1250400      -2.3021100       0.0000000
 H      -2.3960100      -0.2526000       0.0000000
 B       0.9394300      -2.1060600       0.0000000
 H       0.6194500      -3.2503000       0.0000000
 H       2.0934600      -1.8003300       0.0000000

No violations of the orthonormality
No violations of the orthonormality
 
PNOF8/ADAM Calculation
==================
 
  Nitext  Nit_orb  Time   Nit_occ  Time         Eelec          Etot           Ediff      maxdiff    Grad_orb  Grad_occ
0.06086913534008864
0.08625210858066619
     1      10    4.1e+01   59    6.8e+01  -975.92919496  -686.01836993 -10974.92919496   3.057616   4.6e+01   3.2e-04 0.03
0.001913412102015677
0.004059352845582107
     2      30    6.3e+01   63    2.6e+01  -977.31626212  -687.40543708    -1.38706716   0.628469   1.3e+01   2.2e-04 0.03
0.0010279076132437837
0.0024741829573491497
     3      30    6.4e+01   35    1.5e+01  -977.43984211  -687.52901708    -0.12357999   0.026379   7.1e-01   2.2e-04 0.03
0.0007356765508835794
0.0019297530049461721
     4      30    6.3e+01   25    1.2e+01  -977.47484459  -687.56401955    -0.03500248   0.020964   6.4e-01   2.4e-04 0.03
0.0007251171424332032
0.001819070188752886
     5      30    6.4e+01   22    1.0e+01  -977.49018909  -687.57936406    -0.01534450   0.019559   5.6e-01   2.4e-04 0.03
0.0006176802033126764
0.00164762584379688
     6      30    6.6e+01   23    1.1e+01  -977.49686045  -687.58603542    -0.00667136   0.027603   5.8e-01   2.3e-04 0.03
0.0004312926953647378
0.001258672611320343
     7      30    6.6e+01   19    9.1e+00  -977.50114588  -687.59032084    -0.00428543   0.024883   5.9e-01   2.8e-04 0.03
0.0003848067149183499
0.0009824332650508025
     8      30    6.4e+01   18    8.7e+00  -977.50358384  -687.59275881    -0.00243797   0.018170   6.0e-01   2.5e-04 0.03
0.00031684311591961573
0.0007143167493200793
     9      30    6.3e+01   17    8.6e+00  -977.50725411  -687.59642907    -0.00367026   0.021752   5.8e-01   3.1e-04 0.03
0.0002445857421604432
0.0005343520207904746
    10      30    6.4e+01   18    8.5e+00  -977.50859861  -687.59777357    -0.00134450   0.030950   6.0e-01   2.5e-04 0.03
0.00016044589607986954
0.00037647318162870025
    11      30    6.3e+01   18    8.6e+00  -977.51109405  -687.60026902    -0.00249545   0.019089   5.6e-01   2.6e-04 0.03
0.00010603841150125639
0.00027383763330538527
    12      30    6.5e+01   12    6.2e+00  -977.51246285  -687.60163782    -0.00136880   0.021785   5.8e-01   2.5e-04 0.03
8.851481386692832e-5
0.00022854314737506164
    13      30    6.4e+01   15    7.4e+00  -977.51300869  -687.60218366    -0.00054584   0.018387   5.9e-01   2.5e-04 0.03
7.301256364019865e-5
0.000218759884705707
    14      30    6.5e+01   15    7.3e+00  -977.51444556  -687.60362053    -0.00143687   0.019184   5.4e-01   2.4e-04 0.03
7.997803593648954e-5
0.00020277050900236704
    15      30    6.4e+01   15    7.2e+00  -977.51557974  -687.60475471    -0.00113418   0.028570   5.6e-01   2.7e-04 0.03
6.597553715798846e-5
0.00018614954636568388
    16      30    6.3e+01    7    4.3e+00  -977.51626669  -687.60544166    -0.00068695   0.020351   5.3e-01   2.4e-04 0.03
6.33724560965103e-5
0.00015653860218518064
    17      30    6.4e+01   15    7.3e+00  -977.51515051  -687.60432547     0.00111619   0.023155   5.7e-01   2.4e-04 0.03
6.20213811144887e-5
0.0001362804765738742
    18      50    1.0e+02    6    4.0e+00  -977.52503050  -687.61420547    -0.00988000   0.002788   6.9e-02   2.3e-04 0.03
3.0436741204176165e-5
0.00010399310962106456
    19      50    1.1e+02    6    3.8e+00  -977.52485211  -687.61402707     0.00017840   0.004863   1.3e-01   2.8e-04 0.03
2.9730600879296354e-5
9.14585533916801e-5
    20      70    1.5e+02    7    4.5e+00  -977.52545910  -687.61463406    -0.00060699   0.000935   1.8e-02   2.6e-04 0.03
2.1222444981927602e-5
5.7183303712238746e-5
    21      70    1.5e+02    3    2.7e+00  -977.52553775  -687.61471271    -0.00007865   0.001317   3.3e-02   2.7e-04 0.03
4.174370282639117e-5
9.423407604471636e-5
    22      70    1.5e+02   10    5.6e+00  -977.52559226  -687.61476722    -0.00005451   0.001229   3.4e-02   2.9e-04 0.03
4.132949232238392e-5
8.946673431369695e-5
    23      70    1.5e+02    3    2.8e+00  -977.52568444  -687.61485941    -0.00009219   0.001369   3.2e-02   2.9e-04 0.03
0.0
0.0
    24      70    1.5e+02    0    1.7e+00  -977.52570359  -687.61487856    -0.00001915   0.021005   1.6e-01   3.1e-04 0.03
0.0
0.0
    25      80    1.7e+02    0    1.6e+00  -977.52576056  -687.61493553    -0.00005697   0.001253   2.6e-02   3.7e-04 0.03
4.233301526508019e-5
8.943755038283838e-5
    26      90    1.9e+02    9    4.9e+00  -977.52578617  -687.61496114    -0.00002561   0.001074   2.0e-02   2.5e-04 0.03
0.0
0.0
    27      90    1.9e+02    0    1.7e+00  -977.52586254  -687.61503751    -0.00007637   0.001006   2.2e-02   3.0e-04 0.03
2.8878885946501467e-5
8.959944028762063e-5
    28     100    2.1e+02   15    7.6e+00  -977.52588994  -687.61506490    -0.00002740   0.000740   1.7e-02   2.3e-04 0.03
3.4716679711510774e-5
7.391155649671413e-5
    29     100    2.1e+02    4    3.1e+00  -977.52597919  -687.61515416    -0.00008926   0.000819   1.8e-02   2.5e-04 0.03
3.121257175979237e-5
7.813435596755012e-5
    30     100    2.1e+02    4    3.2e+00  -977.52601572  -687.61519068    -0.00003653   0.000795   1.8e-02   2.8e-04 0.03
3.7248629089712865e-5
7.471218037327255e-5
    31     100    2.1e+02    7    4.3e+00  -977.52606039  -687.61523535    -0.00004467   0.000729   1.8e-02   2.3e-04 0.03
0.0
0.0
    32     100    2.1e+02    0    1.6e+00  -977.52612033  -687.61529529    -0.00005994   0.000737   1.8e-02   2.4e-04 0.03
4.083033033148076e-5
8.054005982505355e-5
    33     110    2.3e+02    9    5.0e+00  -977.52614917  -687.61532413    -0.00002884   0.000619   1.5e-02   3.0e-04 0.03
4.244177667910281e-5
8.499832037666048e-5
    34     110    2.3e+02    4    2.9e+00  -977.52622078  -687.61539575    -0.00007162   0.000604   1.4e-02   2.4e-04 0.03
0.0
0.0
    35     110    2.3e+02    0    1.6e+00  -977.52625493  -687.61542990    -0.00003415   0.000641   1.5e-02   2.6e-04 0.03
3.847073540526845e-5
9.035032552293528e-5
    36     120    2.5e+02   15    7.4e+00  -977.52627731  -687.61545227    -0.00002238   0.000596   1.3e-02   2.5e-04 0.03
3.869804081593157e-5
8.458787678896199e-5
    37     120    2.5e+02    3    2.8e+00  -977.52637020  -687.61554517    -0.00009289   0.000675   1.2e-02   3.0e-04 0.03
5.2698775435976175e-5
0.00010989813119467859
    38     120    2.5e+02    7    4.5e+00  -977.52641020  -687.61558516    -0.00004000   0.000603   1.4e-02   2.4e-04 0.03
4.235767094166315e-5
9.450458499729746e-5
    39     120    2.6e+02   12    6.6e+00  -977.52646370  -687.61563866    -0.00005350   0.000622   1.3e-02   2.5e-04 0.03
6.277991682977248e-5
9.693365702982122e-5
    40     120    2.5e+02    4    3.4e+00  -977.52653009  -687.61570505    -0.00006639   0.000636   1.3e-02   2.3e-04 0.03
3.942792434008524e-5
6.45610457745808e-5
    41     120    2.6e+02    1    2.1e+00  -977.52655773  -687.61573269    -0.00002764   0.000654   1.2e-02   2.4e-04 0.03
0.0
0.0
    42     120    2.6e+02    0    1.7e+00  -977.52656949  -687.61574445    -0.00001176   0.000681   1.2e-02   2.5e-04 0.03
0.0
0.0
    43     130    2.7e+02    0    1.6e+00  -977.52657908  -687.61575405    -0.00000960   0.000575   9.6e-03   2.9e-04 0.03
4.7072924510171976e-5
9.29982125079245e-5
    44     140    2.9e+02   12    6.3e+00  -977.52658613  -687.61576110    -0.00000705   0.000560   7.6e-03   2.4e-04 0.03
3.032863816604739e-5
6.422878224321235e-5
    45     140    2.9e+02    4    3.1e+00  -977.52664433  -687.61581930    -0.00005820   0.000568   8.0e-03   2.5e-04 0.03
3.1465959955845335e-5
5.890512633303604e-5
    46     140    2.9e+02    1    2.0e+00  -977.52665769  -687.61583266    -0.00001336   0.000506   7.9e-03   1.9e-04 0.03
0.0
0.0
    47     140    2.9e+02    0    1.4e+00  -977.52665691  -687.61583187     0.00000078   0.007547   6.3e-02   2.0e-04 0.03
0.0
0.0
    48     170    3.5e+02    0    1.4e+00  -977.52666618  -687.61584115    -0.00000927   0.000106   1.3e-03   2.2e-04 0.03
0.0
0.0
    49     180    3.7e+02    0    1.6e+00  -977.52666729  -687.61584226    -0.00000111   0.000099   1.6e-03   2.3e-04 0.03
 
RESULTS OF THE OCCUPATION OPTIMIZATION
========================================
   1    1.9999993  -92.23110175
   2    1.9999948  -26.39760463
   3    1.9999956  -26.39758761
   4    1.9999736  -11.23839915
   5    1.9999127  -8.65702942
   6    1.9998916  -7.93447452
   7    1.9999052  -7.80311441
   8    1.9994579  -6.87983035
   9    1.9994837  -6.87044102
  10    1.9994159  -6.86667156
  11    1.9878550  -1.64123574
  12    1.9878111  -1.63790851
  13    1.9846603  -1.07286624
  14    1.9688046  -0.82027186
  15    1.9688738  -0.81425955
  16    1.9798662  -0.76761391
  17    1.9792977  -0.75811515
  18    1.9791381  -0.75787610
  19    1.9789673  -0.75752098
  20    1.9777232  -0.72170337
  21    1.9761187  -0.69958346
  22    1.9771313  -0.61700064
  23    1.9734594  -0.58731216
  24    1.9730868  -0.58584765
  25    1.9685278  -0.58030746
  26    1.9684998  -0.57722967
  27    1.9738628  -0.51920494
  28    0.0220326  -0.03836554
  29    0.0128626  -0.01585811
  30    0.0125997  -0.01532817
  31    0.0131068  -0.01653869
  32    0.0129257  -0.01627421
  33    0.0065252  -0.01500851
  34    0.0124832  -0.02179580
  35    0.0121688  -0.02177603
  36    0.0109597  -0.02332921
  37    0.0109291  -0.02348327
  38    0.0107429  -0.02307698
  39    0.0100761  -0.02233597
  40    0.0279903  -0.05886734
  41    0.0280676  -0.05885355
  42    0.0054539  -0.02294229
  43    0.0060829  -0.02337939
  44    0.0062189  -0.02379890
  45    0.0003201  -0.00529064
  46    0.0004080  -0.00692277
  47    0.0005385  -0.00962237
  48    0.0000612  -0.00093370
  49    0.0000678  -0.00099162
  50    0.0000613  -0.00167136
  51    0.0000241  -0.00058271
  52    0.0000028  -0.00022594
  53    0.0000046  -0.00005646
  54    0.0000004  -0.00001008
  55    0.0029537  -0.00786209
  56    0.0119104  -0.01310830
  57    0.0113874  -0.01223620
  58    0.0041534  -0.00583709
  59    0.0042236  -0.00591962
  60    0.0064262  -0.01556236
  61    0.0037437  -0.00840904
  62    0.0031328  -0.00820581
  63    0.0040130  -0.01201977
  64    0.0040405  -0.01275605
  65    0.0039118  -0.01185384
  66    0.0041569  -0.01288830
  67    0.0025670  -0.00796166
  68    0.0025707  -0.00781910
  69    0.0032131  -0.01252031
  70    0.0027599  -0.01077386
  71    0.0027302  -0.01136661
  72    0.0002313  -0.00539362
  73    0.0000538  -0.00188082
  74    0.0000004  -0.00000839
  75    0.0000094  -0.00011589
  76    0.0000125  -0.00020022
  77    0.0000072  -0.00007679
  78    0.0000017  -0.00006222
  79    0.0000010  -0.00002373
  80    0.0000004  -0.00005691
  81    0.0000000  -0.00000081
  82    0.0006058  -0.00147463
  83    0.0037681  -0.00520713
  84    0.0040996  -0.00547074
  85    0.0029416  -0.00394715
  86    0.0029932  -0.00395855
  87    0.0045190  -0.01166137
  88    0.0026375  -0.00552563
  89    0.0026300  -0.00612668
  90    0.0037659  -0.01016042
  91    0.0036326  -0.00989500
  92    0.0038107  -0.00997067
  93    0.0038214  -0.01017907
  94    0.0002211  -0.00095340
  95    0.0002258  -0.00096441
  96    0.0025506  -0.01316106
  97    0.0012014  -0.00671189
  98    0.0009704  -0.00724168
  99    0.0000153  -0.00062326
 100    0.0000458  -0.00117505
 101    0.0000003  -0.00000840
 102    0.0000087  -0.00020430
 103    0.0000093  -0.00028568
 104    0.0000062  -0.00012692
 105    0.0000003  -0.00000730
 106    0.0000004  -0.00005589
 107    0.0000001  -0.00000139
 108    0.0000000  -0.00000045
 109    0.0001073  -0.00035451
 110    0.0016738  -0.00270236
 111    0.0017514  -0.00285228
 112    0.0023865  -0.00398223
 113    0.0021324  -0.00373055
 114    0.0043517  -0.01211286
 115    0.0015779  -0.00403969
 116    0.0015506  -0.00547709
 117    0.0009109  -0.00368802
 118    0.0009147  -0.00379138
 119    0.0007507  -0.00322349
 120    0.0006846  -0.00280882
 121    0.0002076  -0.00089247
 122    0.0002209  -0.00095202
 123    0.0016132  -0.00784150
 124    0.0008182  -0.00527768
 125    0.0007306  -0.00499071
 126    0.0000119  -0.00015577
 127    0.0000032  -0.00024898
 128    0.0000003  -0.00000507
 129    0.0000075  -0.00011297
 130    0.0000069  -0.00008523
 131    0.0000060  -0.00026707
 132    0.0000001  -0.00000120
 133    0.0000001  -0.00000165
 134    0.0000001  -0.00000099
 135    0.0000000  -0.00000034
 136    0.0000961  -0.00031048
 137    0.0002749  -0.00054357
 138    0.0003429  -0.00070202
 139    0.0015146  -0.00309780
 140    0.0013988  -0.00290269
 141    0.0005199  -0.00146922
 142    0.0013094  -0.00396285
 143    0.0009013  -0.00311333
 144    0.0005107  -0.00200852
 145    0.0005531  -0.00226479
 146    0.0005543  -0.00244600
 147    0.0004155  -0.00160009
 148    0.0000661  -0.00019956
 149    0.0000409  -0.00011928
 150    0.0013076  -0.00674173
 151    0.0004502  -0.00420800
 152    0.0004440  -0.00422889
 153    0.0000020  -0.00003563
 154    0.0000012  -0.00003088
 155    0.0000002  -0.00000403
 156    0.0000037  -0.00008060
 157    0.0000047  -0.00005876
 158    0.0000044  -0.00011268
 159    0.0000000  -0.00000071
 160    0.0000001  -0.00000147
 161    0.0000000  -0.00000051
 162    0.0000000  -0.00000031
 163    0.0000737  -0.00022611
 164    0.0002228  -0.00050284
 165    0.0002667  -0.00060228
 166    0.0007533  -0.00181123
 167    0.0007066  -0.00172807
 168    0.0001539  -0.00060479
 169    0.0008613  -0.00276611
 170    0.0005895  -0.00169293
 171    0.0002702  -0.00107215
 172    0.0002923  -0.00117160
 173    0.0004013  -0.00148034
 174    0.0002645  -0.00103320
 175    0.0000155  -0.00007218
 176    0.0000124  -0.00005920
 177    0.0004476  -0.00353997
 178    0.0002652  -0.00130995
 179    0.0002474  -0.00118876
 180    0.0000009  -0.00002120
 181    0.0000008  -0.00001598
 182    0.0000002  -0.00000377
 183    0.0000017  -0.00002461
 184    0.0000015  -0.00001937
 185    0.0000005  -0.00001053
 186    0.0000000  -0.00000057
 187    0.0000000  -0.00000012
 188    0.0000000  -0.00000016
 189    0.0000000  -0.00000028
 190    0.0000578  -0.00019074
 191    0.0001385  -0.00028862
 192    0.0002611  -0.00051732
 193    0.0005211  -0.00112749
 194    0.0005870  -0.00134362
 195    0.0000685  -0.00026624
 196    0.0005686  -0.00148382
 197    0.0004183  -0.00125319
 198    0.0002532  -0.00100440
 199    0.0002822  -0.00113833
 200    0.0002791  -0.00111458
 201    0.0002471  -0.00097736
 202    0.0000102  -0.00004738
 203    0.0000081  -0.00003857
 204    0.0001954  -0.00093407
 205    0.0002361  -0.00117226
 206    0.0002437  -0.00114974
 207    0.0000008  -0.00001836
 208    0.0000006  -0.00001213
 209    0.0000002  -0.00000372
 210    0.0000008  -0.00001539
 211    0.0000013  -0.00002155
 212    0.0000004  -0.00000793
 213    0.0000000  -0.00000052
 214    0.0000000  -0.00000009
 215    0.0000000  -0.00000013
 216    0.0000000  -0.00000029
 217    0.0000420  -0.00014501
 218    0.0001288  -0.00027677
 219    0.0002093  -0.00046761
 220    0.0004380  -0.00103351
 221    0.0003849  -0.00084451
 222    0.0000667  -0.00026993
 223    0.0001616  -0.00048583
 224    0.0003060  -0.00108645
 225    0.0001827  -0.00084831
 226    0.0000506  -0.00024017
 227    0.0001040  -0.00050044
 228    0.0002469  -0.00102228
 229    0.0000081  -0.00004064
 230    0.0000075  -0.00003664
 231    0.0001779  -0.00091166
 232    0.0002215  -0.00115103
 233    0.0002318  -0.00114945
 234    0.0000004  -0.00000789
 235    0.0000004  -0.00000806
 236    0.0000002  -0.00000341
 237    0.0000004  -0.00000937
 238    0.0000008  -0.00001855
 239    0.0000003  -0.00000657
 240    0.0000000  -0.00000045
 241    0.0000000  -0.00000006
 242    0.0000000  -0.00000011
 243    0.0000000  -0.00000031
 244    0.0000366  -0.00012941
 245    0.0001154  -0.00026048
 246    0.0001249  -0.00026763
 247    0.0003633  -0.00082841
 248    0.0003253  -0.00080490
 249    0.0000512  -0.00019526
 250    0.0001534  -0.00046527
 251    0.0001657  -0.00055960
 252    0.0000328  -0.00014818
 253    0.0000408  -0.00018169
 254    0.0000253  -0.00012483
 255    0.0001008  -0.00050728
 256    0.0000075  -0.00003873
 257    0.0000066  -0.00003771
 258    0.0001231  -0.00067440
 259    0.0000399  -0.00023979
 260    0.0002151  -0.00107888
 261    0.0000003  -0.00000617
 262    0.0000004  -0.00000800
 263    0.0000002  -0.00000339
 264    0.0000004  -0.00000818
 265    0.0000007  -0.00001202
 266    0.0000002  -0.00000327
 267    0.0000000  -0.00000037
 268    0.0000000  -0.00000004
 269    0.0000000  -0.00000009
 270    0.0000000  -0.00000027
 271    0.0000286  -0.00010355
 272    0.0000966  -0.00024559
 273    0.0001114  -0.00025610
 274    0.0002212  -0.00062911
 275    0.0002663  -0.00066039
 276    0.0000443  -0.00017259
 277    0.0000757  -0.00026016
 278    0.0000951  -0.00034258
 279    0.0000230  -0.00012154
 280    0.0000241  -0.00011932
 281    0.0000219  -0.00011818
 282    0.0000231  -0.00011930
 283    0.0000065  -0.00003508
 284    0.0000058  -0.00003080
 285    0.0000580  -0.00029591
 286    0.0000172  -0.00014036
 287    0.0000180  -0.00015183
 288    0.0000003  -0.00000457
 289    0.0000004  -0.00000734
 290    0.0000002  -0.00000337
 291    0.0000003  -0.00000783
 292    0.0000006  -0.00001296
 293    0.0000002  -0.00000272
 294    0.0000000  -0.00000037
 295    0.0000000  -0.00000004
 296    0.0000000  -0.00000009
 297    0.0000000  -0.00000024
 298    0.0000237  -0.00008395
 299    0.0000917  -0.00022577
 300    0.0001071  -0.00025168
 301    0.0001804  -0.00048418
 302    0.0002411  -0.00063420
 303    0.0000394  -0.00015336
 304    0.0000616  -0.00022078
 305    0.0000842  -0.00029641
 306    0.0000212  -0.00010816
 307    0.0000194  -0.00012340
 308    0.0000186  -0.00011882
 309    0.0000210  -0.00013003
 310    0.0000051  -0.00002886
 311    0.0000056  -0.00003085
 312    0.0000517  -0.00023403
 313    0.0000169  -0.00013861
 314    0.0000170  -0.00013885
 315    0.0000002  -0.00000458
 316    0.0000003  -0.00000625
 317    0.0000002  -0.00000333
 318    0.0000002  -0.00000260
 319    0.0000005  -0.00000981
 320    0.0000001  -0.00000205
 321    0.0000000  -0.00000019
 322    0.0000000  -0.00000004
 323    0.0000000  -0.00000007
 324    0.0000000  -0.00000027
 325    0.0000226  -0.00008136
 326    0.0000815  -0.00021620
 327    0.0000838  -0.00022032
 328    0.0001369  -0.00039070
 329    0.0001328  -0.00037240
 330    0.0000322  -0.00013444
 331    0.0000587  -0.00020536
 332    0.0000667  -0.00024264
 333    0.0000190  -0.00012036
 334    0.0000181  -0.00012116
 335    0.0000184  -0.00012322
 336    0.0000184  -0.00012922
 337    0.0000047  -0.00002722
 338    0.0000052  -0.00002889
 339    0.0000440  -0.00020913
 340    0.0000167  -0.00013205
 341    0.0000165  -0.00014018
 342    0.0000002  -0.00000234
 343    0.0000003  -0.00000592
 344    0.0000002  -0.00000322
 345    0.0000001  -0.00000172
 346    0.0000004  -0.00000837
 347    0.0000001  -0.00000152
 348    0.0000000  -0.00000018
 349    0.0000000  -0.00000003
 350    0.0000000  -0.00000006
 351    0.0000000  -0.00000020
 352    0.0000154  -0.00006693
 353    0.0000599  -0.00016168
 354    0.0000770  -0.00020224
 355    0.0001232  -0.00036958
 356    0.0001079  -0.00031013
 357    0.0000265  -0.00011115
 358    0.0000576  -0.00020537
 359    0.0000524  -0.00018624
 360    0.0000184  -0.00011379
 361    0.0000166  -0.00011406
 362    0.0000171  -0.00011613
 363    0.0000176  -0.00012145
 364    0.0000044  -0.00002566
 365    0.0000050  -0.00002622
 366    0.0000405  -0.00019033
 367    0.0000162  -0.00012971
 368    0.0000157  -0.00012714
 369    0.0000001  -0.00000216
 370    0.0000003  -0.00000548
 371    0.0000002  -0.00000282
 372    0.0000001  -0.00000161
 373    0.0000003  -0.00000745
 374    0.0000001  -0.00000114
 375    0.0000000  -0.00000017
 376    0.0000000  -0.00000003
 377    0.0000000  -0.00000005
 378    0.0000000  -0.00000021
 379    0.0000150  -0.00006275
 380    0.0000307  -0.00009598
 381    0.0000220  -0.00007121
 382    0.0000285  -0.00009934
 383    0.0000432  -0.00015088
 384    0.0000177  -0.00008591
 385    0.0000517  -0.00017875
 386    0.0000468  -0.00017416
 387    0.0000182  -0.00010783
 388    0.0000163  -0.00011172
 389    0.0000171  -0.00011533
 390    0.0000151  -0.00010378
 391    0.0000043  -0.00002559
 392    0.0000047  -0.00002705
 393    0.0000319  -0.00016460
 394    0.0000158  -0.00012783
 395    0.0000155  -0.00013189
 396    0.0000001  -0.00000210
 397    0.0000003  -0.00000548
 398    0.0000002  -0.00000301
 399    0.0000001  -0.00000145
 400    0.0000003  -0.00000673
 401    0.0000001  -0.00000096
 402    0.0000000  -0.00000018
 403    0.0000000  -0.00000002
 404    0.0000000  -0.00000005
 405    0.0000000  -0.00000018
 406    0.0000133  -0.00005660
 407    0.0000253  -0.00007665
 408    0.0000146  -0.00004962
 409    0.0000247  -0.00008428
 410    0.0000383  -0.00011811
 411    0.0000139  -0.00007705
 412    0.0000434  -0.00013866
 413    0.0000390  -0.00014485
 414    0.0000172  -0.00011308
 415    0.0000157  -0.00011080
 416    0.0000163  -0.00010837
 417    0.0000142  -0.00009275
 418    0.0000040  -0.00002516
 419    0.0000044  -0.00002522
 420    0.0000159  -0.00013368
 421    0.0000154  -0.00012805
 422    0.0000153  -0.00012627
 423    0.0000001  -0.00000170
 424    0.0000003  -0.00000522
 425    0.0000002  -0.00000277
 426    0.0000001  -0.00000100
 427    0.0000003  -0.00000545
 428    0.0000001  -0.00000088
 429    0.0000000  -0.00000016
 430    0.0000000  -0.00000002
 431    0.0000000  -0.00000006
 432    0.0000000  -0.00000019
 433    0.0000129  -0.00005124
 434    0.0000193  -0.00006081
 435    0.0000132  -0.00004408
 436    0.0000198  -0.00007287
 437    0.0000334  -0.00011069
 438    0.0000122  -0.00006656
 439    0.0000361  -0.00013348
 440    0.0000295  -0.00011001
 441    0.0000167  -0.00010636
 442    0.0000157  -0.00010037
 443    0.0000129  -0.00009470
 444    0.0000109  -0.00006941
 445    0.0000038  -0.00002309
 446    0.0000043  -0.00002430
 447    0.0000152  -0.00012982
 448    0.0000154  -0.00012177
 449    0.0000150  -0.00012505
 450    0.0000001  -0.00000163
 451    0.0000003  -0.00000487
 452    0.0000002  -0.00000245
 453    0.0000001  -0.00000079
 454    0.0000003  -0.00000446
 455    0.0000001  -0.00000090
 456    0.0000000  -0.00000016
 457    0.0000000  -0.00000002
 458    0.0000000  -0.00000005
 459    0.0000000  -0.00000019
 
----------------
 Final Energies 
----------------
Final NOF Total Energy =    -687.6158423
 
Total Orbital Internal Iterations = 3910
Total Occupation Internal Iterations = 542
 
Elapsed time: 8857.78 Seconds

---------------------------------
   Lowdin Population Analysis    
---------------------------------
 Idx  Atom   Population   Charge 
---------------------------------
  1     C     6.260      -0.260
  2     S    15.481       0.519
  3     F     8.926       0.074
  4     F     8.925       0.075
  5     B     5.049      -0.049
  6     H     1.049      -0.049
  7     H     1.061      -0.061
  8     B     5.140      -0.140
  9     H     1.050      -0.050
 10     H     1.059      -0.059

---------------------------------
   M Diagnostic: 0.03
---------------------------------

