1A_C.jld2 not found
1A_n.jld2 not found
Computing Integrals
NVIDIA GeForce RTX 4060
Elapsed time:    2.19 Seconds

Number of basis functions                   (NBF)    = 57
Number of auxiliary basis functions         (NBFAUX) = 77
Inactive Doubly occupied orbitals up to     (NO1)    = 0
No. considered Strongly Doubly occupied MOs (NDOC)   = 5
No. considered Strongly Singly occupied MOs (NSOC)   = 0
NO. of Weakly occ. per St. Doubly occ.  MOs (NCWO)   = 10
Dimension of the Nat. Orb. subspace         (NBF5)   = 55
No. of electrons                                     = 10
    No. of alpha electrons                           = 5
    No. of beta electrons                            = 5
Multiplicity                                         = 1

Geometry
========
 F      -0.2051200       1.1919500      -0.6962900

No violations of the orthonormality
No violations of the orthonormality
 
PNOF9/ADABelief Calculation
==================
 
  Nitext  Nit_orb  Time   Nit_occ  Time         Eelec          Etot           Ediff      maxdiff    MaxGrad_orb  Grad_occ
     1      10    2.2e+01   15    1.8e+01   -95.53504056   -95.53504056 -10094.53504056   1.464464   5.9e+00   1.2e-04 0.00
     2      10    7.3e-03   32    4.7e-02   -98.30070019   -98.30070019    -2.76565963   0.273995   1.1e+00   1.6e-04 0.01
     3      10    7.0e-03   32    1.9e-02   -99.26426877   -99.26426877    -0.96356858   0.254552   1.0e+00   1.8e-04 0.01
     4      10    7.0e-03   32    2.1e-02   -99.55827475   -99.55827475    -0.29400598   0.310479   1.2e+00   1.2e-04 0.01
     5      10    9.9e-03   13    7.2e-03   -99.68591362   -99.68591362    -0.12763888   0.433845   1.7e+00   1.9e-04 0.01
     6      10    6.8e-03   26    1.4e-02   -99.72771994   -99.72771994    -0.04180631   0.422574   1.7e+00   1.5e-04 0.02
     7      10    6.9e-03    0    6.3e-04   -99.72940963   -99.72940963    -0.00168969   0.422577   1.7e+00   1.5e-04 0.02
     8      30    1.8e-02   10    1.3e-02   -99.76421401   -99.76421401    -0.03480438   0.013476   5.4e-02   1.4e-04 0.02
     9      30    1.8e-02    8    1.1e-02   -99.76650504   -99.76650504    -0.00229103   0.009011   3.6e-02   1.5e-04 0.02
    10      30    1.9e-02    4    9.9e-03   -99.76698292   -99.76698292    -0.00047788   0.005992   2.4e-02   1.5e-04 0.02
    11      30    1.8e-02    4    1.0e-02   -99.76710389   -99.76710389    -0.00012097   0.004900   2.0e-02   2.0e-04 0.02
    12      30    1.8e-02    1    8.7e-03   -99.76714256   -99.76714256    -0.00003867   0.004961   2.0e-02   2.1e-04 0.02
    13      30    1.9e-02    0    6.5e-04   -99.76714658   -99.76714658    -0.00000402   0.004961   2.0e-02   2.1e-04 0.02
    14      50    3.8e-02    1    9.9e-04   -99.76733802   -99.76733802    -0.00019144   0.000969   3.9e-03   2.3e-04 0.02
 
RESULTS OF THE OCCUPATION OPTIMIZATION
========================================
   1    1.9999599  -25.85580635
   2    1.9855788  -1.10736430
   3    1.9832855  -0.22369412
   4    1.9777927  -0.22286263
   5    1.9763797  -0.22191301
   6    0.0112161  -0.01928903
   7    0.0157544  -0.02185369
   8    0.0047601  -0.00936311
   9    0.0096788  -0.02000420
  10    0.0000091  -0.00054518
  11    0.0102137  -0.02237126
  12    0.0044666  -0.00889845
  13    0.0046729  -0.00922232
  14    0.0034970  -0.00907065
  15    0.0000051  -0.00011085
  16    0.0009372  -0.00332072
  17    0.0009282  -0.00298353
  18    0.0046533  -0.00918089
  19    0.0003053  -0.00135395
  20    0.0000039  -0.00009900
  21    0.0002932  -0.00109892
  22    0.0003344  -0.00119071
  23    0.0010589  -0.00339728
  24    0.0003026  -0.00135008
  25    0.0000039  -0.00009884
  26    0.0002915  -0.00108715
  27    0.0003283  -0.00111301
  28    0.0009868  -0.00636614
  29    0.0002835  -0.00117457
  30    0.0000036  -0.00009433
  31    0.0002882  -0.00107764
  32    0.0003226  -0.00110398
  33    0.0003611  -0.00116151
  34    0.0002816  -0.00126970
  35    0.0000032  -0.00009046
  36    0.0002870  -0.00107128
  37    0.0000192  -0.00016192
  38    0.0001370  -0.00183779
  39    0.0000206  -0.00016891
  40    0.0000031  -0.00008884
  41    0.0000584  -0.00015238
  42    0.0000183  -0.00011287
  43    0.0000420  -0.00014594
  44    0.0000183  -0.00016586
  45    0.0000028  -0.00007739
  46    0.0000176  -0.00011334
  47    0.0000177  -0.00011348
  48    0.0000213  -0.00016763
  49    0.0000174  -0.00011980
  50    0.0000028  -0.00007630
  51    0.0000174  -0.00011290
  52    0.0000175  -0.00012397
  53    0.0000211  -0.00016632
  54    0.0000162  -0.00011881
  55    0.0000025  -0.00007340
 
----------------
 Final Energies 
----------------
Final NOF Total Energy =     -99.7673380
 
Total Orbital Internal Iterations = 300
Total Occupation Internal Iterations = 178
 
Elapsed time:   53.88 Seconds

---------------------------------
   Lowdin Population Analysis    
---------------------------------
 Idx  Atom   Population   Charge 
---------------------------------
  1     F    10.000      -1.000

---------------------------------
   M Diagnostic: 0.02
---------------------------------

