kf_C.jld2 not found
kf_n.jld2 not found
Computing Integrals
NVIDIA GeForce RTX 4060
Elapsed time:    2.32 Seconds

Number of basis functions                   (NBF)    = 113
Number of auxiliary basis functions         (NBFAUX) = 237
Inactive Doubly occupied orbitals up to     (NO1)    = 0
No. considered Strongly Doubly occupied MOs (NDOC)   = 14
No. considered Strongly Singly occupied MOs (NSOC)   = 0
NO. of Weakly occ. per St. Doubly occ.  MOs (NCWO)   = 7
Dimension of the Nat. Orb. subspace         (NBF5)   = 112
No. of electrons                                     = 28
    No. of alpha electrons                           = 14
    No. of beta electrons                            = 14
Multiplicity                                         = 1

Geometry
========
 K       0.0000000       0.0000000      -1.0888700
 F       0.0000000       0.0000000       1.0888700

No violations of the orthonormality
No violations of the orthonormality
 
PNOF9/ADABelief Calculation
==================
 
  Nitext  Nit_orb  Time   Nit_occ  Time         Eelec          Etot           Ediff      maxdiff    MaxGrad_orb  Grad_occ
     1      10    2.2e+01   14    1.8e+01  -706.49346272  -664.94161654 -10705.49346272   6.212777   2.5e+01   1.7e-04 0.00
     2      10    1.8e-01   61    7.3e-01  -720.61848902  -679.06664284   -14.12502630   0.931818   3.7e+00   1.7e-04 0.01
     3      10    1.6e-01   63    6.8e-01  -729.12526005  -687.57341388    -8.50677103   0.636097   2.5e+00   1.8e-04 0.02
     4      10    1.6e-01   48    5.2e-01  -733.83675460  -692.28490842    -4.71149454   1.135769   4.5e+00   2.0e-04 0.03
     5      10    1.9e-01   48    4.7e-01  -736.29778537  -694.74593919    -2.46103077   0.502283   2.0e+00   2.4e-04 0.03
     6      10    1.4e-01   42    4.2e-01  -738.08811195  -696.53626578    -1.79032659   0.429174   1.7e+00   2.0e-04 0.03
     7      10    1.4e-01   28    2.9e-01  -738.90039069  -697.34854451    -0.81227873   0.349014   1.4e+00   2.1e-04 0.03
     8      10    1.8e-01   41    3.9e-01  -739.59587252  -698.04402635    -0.69548183   0.335316   1.3e+00   2.0e-04 0.03
     9      10    1.8e-01   24    2.4e-01  -739.71091625  -698.15907008    -0.11504373   0.356716   1.4e+00   1.7e-04 0.03
    10      10    2.1e-01   15    2.1e-01  -739.89961236  -698.34776618    -0.18869611   0.350894   1.4e+00   2.4e-04 0.03
    11      10    1.3e-01   21    2.1e-01  -740.09090623  -698.53906005    -0.19129387   0.584926   2.3e+00   2.4e-04 0.03
    12      10    1.4e-01    0    1.2e-02  -740.09202446  -698.54017828    -0.00111823   0.584910   2.3e+00   2.4e-04 0.03
    13      30    5.5e-01   20    2.1e-01  -740.83878436  -699.28693818    -0.74675990   0.043355   1.7e-01   1.8e-04 0.03
    14      30    5.0e-01   14    2.4e-01  -740.88344010  -699.33159393    -0.04465575   0.020533   8.2e-02   2.5e-04 0.03
    15      30    4.0e-01   10    1.5e-01  -740.89265442  -699.34080824    -0.00921432   0.014876   5.9e-02   3.1e-04 0.03
    16      30    4.8e-01   15    2.4e-01  -740.89346595  -699.34161977    -0.00081153   0.013757   5.5e-02   2.5e-04 0.03
    17      30    4.1e-01    5    1.2e-01  -740.89463106  -699.34278489    -0.00116511   0.016386   6.6e-02   1.8e-04 0.03
    18      30    4.4e-01    0    8.4e-03  -740.89471719  -699.34287101    -0.00008613   0.016386   6.6e-02   1.8e-04 0.03
    19      50    7.7e-01    3    1.0e-01  -740.89671113  -699.34486495    -0.00199394   0.002241   8.9e-03   2.4e-04 0.03
    20      50    6.9e-01    5    1.6e-01  -740.89686139  -699.34501521    -0.00015026   0.002990   1.2e-02   1.4e-04 0.03
    21      50    9.7e-01    5    8.7e-02  -740.89688954  -699.34504337    -0.00002816   0.002899   1.2e-02   2.1e-04 0.03
    22      50    8.4e-01    1    9.2e-02  -740.89694054  -699.34509436    -0.00005100   0.003031   1.2e-02   2.9e-04 0.03
    23      50    8.1e-01    5    1.3e-01  -740.89702196  -699.34517578    -0.00008142   0.002636   1.1e-02   2.9e-04 0.03
    24      50    9.1e-01    6    1.4e-01  -740.89706644  -699.34522026    -0.00004448   0.004441   1.8e-02   1.9e-04 0.03
    25      50    8.6e-01    6    1.2e-01  -740.89719614  -699.34534997    -0.00012971   0.003154   1.3e-02   2.1e-04 0.03
    26      50    7.6e-01    5    1.7e-01  -740.89726879  -699.34542262    -0.00007265   0.003163   1.3e-02   2.3e-04 0.03
    27      50    5.8e-01    1    5.4e-02  -740.89735027  -699.34550409    -0.00008148   0.003265   1.3e-02   2.1e-04 0.03
    28      50    4.7e-01    5    1.4e-01  -740.89738640  -699.34554022    -0.00003613   0.003222   1.3e-02   2.4e-04 0.03
    29      50    4.9e-01    0    8.1e-02  -740.89744643  -699.34560025    -0.00006003   0.004168   1.7e-02   2.2e-04 0.03
    30      60    6.0e-01    0    1.4e-02  -740.89750061  -699.34565443    -0.00005418   0.002487   9.9e-03   2.5e-04 0.03
    31      70    7.1e-01    0    1.7e-02  -740.89750061  -699.34565443     0.00000000   0.002487   9.9e-03   2.5e-04 0.03
    32      49    3.8e-01    0    4.3e-02  -740.89751108  -699.34566490    -0.00001047   0.000528   2.1e-03   2.6e-04 0.03
 
RESULTS OF THE OCCUPATION OPTIMIZATION
========================================
   1    1.9999998  -133.52005005
   2    1.9999883  -21.22468758
   3    1.9999763  -17.55844879
   4    1.9999597  -13.19721031
   5    1.9999584  -11.58740616
   6    1.9998890  -11.49173927
   7    1.9891376  -1.72283530
   8    1.9873622  -1.38025808
   9    1.9712072  -0.87966549
  10    1.9762302  -0.86982238
  11    1.9774556  -0.86598742
  12    1.9760788  -0.70167553
  13    1.9748434  -0.46964234
  14    1.9749148  -0.46929073
  15    0.0103451  -0.01998125
  16    0.0115124  -0.02127878
  17    0.0227695  -0.03295688
  18    0.0177812  -0.02697686
  19    0.0175460  -0.02669553
  20    0.0124799  -0.02284760
  21    0.0035607  -0.00944305
  22    0.0090645  -0.03373694
  23    0.0000792  -0.00459623
  24    0.0000148  -0.00152483
  25    0.0000077  -0.00028942
  26    0.0000067  -0.00011600
  27    0.0000055  -0.00010719
  28    0.0000000  -0.00000003
  29    0.0098296  -0.02284757
  30    0.0081576  -0.01667240
  31    0.0003095  -0.00096974
  32    0.0032298  -0.00739647
  33    0.0043036  -0.00704000
  34    0.0124084  -0.02267351
  35    0.0035439  -0.00941360
  36    0.0009098  -0.01088952
  37    0.0000111  -0.00052035
  38    0.0000059  -0.00009955
  39    0.0000070  -0.00012208
  40    0.0000046  -0.00009060
  41    0.0000017  -0.00001045
  42    0.0000000  -0.00000002
  43    0.0036504  -0.00903456
  44    0.0037889  -0.00906975
  45    0.0002682  -0.00098026
  46    0.0008219  -0.00209833
  47    0.0008212  -0.00223886
  48    0.0029394  -0.00577533
  49    0.0035152  -0.00939174
  50    0.0007195  -0.00240421
  51    0.0000068  -0.00011287
  52    0.0000057  -0.00010170
  53    0.0000064  -0.00011026
  54    0.0000040  -0.00011805
  55    0.0000012  -0.00000086
  56    0.0000000  -0.00000001
  57    0.0007755  -0.00282417
  58    0.0008583  -0.00305094
  59    0.0002609  -0.00085387
  60    0.0002945  -0.00095199
  61    0.0007798  -0.00197161
  62    0.0006335  -0.00179512
  63    0.0008503  -0.00729649
  64    0.0001124  -0.00185087
  65    0.0000053  -0.00009427
  66    0.0000053  -0.00009368
  67    0.0000063  -0.00010955
  68    0.0000035  -0.00004159
  69    0.0000011  -0.00000093
  70    0.0000000  -0.00000001
  71    0.0002799  -0.00108622
  72    0.0002853  -0.00108658
  73    0.0002112  -0.00080714
  74    0.0002426  -0.00091202
  75    0.0001493  -0.00043588
  76    0.0001963  -0.00038523
  77    0.0005475  -0.00323098
  78    0.0000200  -0.00016991
  79    0.0000047  -0.00009430
  80    0.0000053  -0.00009413
  81    0.0000059  -0.00009850
  82    0.0000022  -0.00001865
  83    0.0000010  -0.00000033
  84    0.0000000  -0.00000001
  85    0.0001247  -0.00040745
  86    0.0002844  -0.00108523
  87    0.0000736  -0.00017626
  88    0.0001557  -0.00038777
  89    0.0001334  -0.00039166
  90    0.0000884  -0.00022442
  91    0.0003239  -0.00127414
  92    0.0000186  -0.00016746
  93    0.0000029  -0.00002108
  94    0.0000028  -0.00001956
  95    0.0000057  -0.00009719
  96    0.0000014  -0.00000433
  97    0.0000009  -0.00000029
  98    0.0000000  -0.00000001
  99    0.0000801  -0.00017680
 100    0.0002697  -0.00102816
 101    0.0000284  -0.00014852
 102    0.0000187  -0.00015268
 103    0.0000365  -0.00011553
 104    0.0000470  -0.00012566
 105    0.0002964  -0.00132864
 106    0.0000176  -0.00016627
 107    0.0000012  -0.00000076
 108    0.0000019  -0.00001442
 109    0.0000014  -0.00000400
 110    0.0000013  -0.00000559
 111    0.0000003  -0.00005198
 112    0.0000000  -0.00000001
 
----------------
 Final Energies 
----------------
Final NOF Total Energy =    -699.3456649
 
Total Orbital Internal Iterations = 1029
Total Occupation Internal Iterations = 511
 
Elapsed time:   76.33 Seconds

---------------------------------
   Lowdin Population Analysis    
---------------------------------
 Idx  Atom   Population   Charge 
---------------------------------
  1     K    18.436       0.564
  2     F     9.564      -0.564

---------------------------------
   M Diagnostic: 0.03
---------------------------------

