k_C.jld2 not found
k_n.jld2 not found
Computing Integrals
NVIDIA GeForce RTX 4060
Elapsed time:    2.17 Seconds

Number of basis functions                   (NBF)    = 56
Number of auxiliary basis functions         (NBFAUX) = 160
Inactive Doubly occupied orbitals up to     (NO1)    = 0
No. considered Strongly Doubly occupied MOs (NDOC)   = 9
No. considered Strongly Singly occupied MOs (NSOC)   = 1
NO. of Weakly occ. per St. Doubly occ.  MOs (NCWO)   = 5
Dimension of the Nat. Orb. subspace         (NBF5)   = 55
No. of electrons                                     = 19
    No. of alpha electrons                           = 10
    No. of beta electrons                            = 9
Multiplicity                                         = 2

Geometry
========
 K       0.0000000       0.0000000       0.0000000

No violations of the orthonormality
No violations of the orthonormality
 
PNOF9/ADABelief Calculation
==================
 
  Nitext  Nit_orb  Time   Nit_occ  Time         Eelec          Etot           Ediff      maxdiff    MaxGrad_orb  Grad_occ
     1      10    2.2e+01   18    1.8e+01  -594.65882294  -594.65882294 -10593.65882294   1.177294   4.7e+00   1.9e-04 0.00
     2      10    9.3e-03   19    3.7e-02  -596.54510501  -596.54510501    -1.88628208   4.923218   2.0e+01   2.1e-04 0.00
     3      10    9.4e-03   28    2.5e-02  -597.84406345  -597.84406345    -1.29895843   0.522504   2.1e+00   2.0e-04 0.01
     4      10    8.6e-03   46    2.9e-02  -598.33313684  -598.33313684    -0.48907339   0.565061   2.3e+00   1.8e-04 0.02
     5      10    5.2e-02   25    3.2e-02  -598.63366251  -598.63366251    -0.30052567   0.469810   1.9e+00   2.1e-04 0.02
     6      10    8.8e-03   24    1.5e-02  -598.86924057  -598.86924057    -0.23557807   0.252377   1.0e+00   2.0e-04 0.02
     7      10    8.4e-03   19    1.3e-02  -599.04828814  -599.04828814    -0.17904756   0.337159   1.3e+00   1.4e-04 0.02
     8      10    8.6e-03    0    3.5e-03  -599.05310459  -599.05310459    -0.00481645   0.337159   1.3e+00   1.4e-04 0.02
     9      30    2.1e-02   21    2.1e-02  -599.35826837  -599.35826837    -0.30516378   0.057998   2.3e-01   2.2e-04 0.02
    10      30    3.0e-02   26    1.8e-02  -599.41029796  -599.41029796    -0.05202960   0.030823   1.2e-01   1.5e-04 0.02
    11      30    3.0e-02   25    1.8e-02  -599.42569512  -599.42569512    -0.01539716   0.021732   8.7e-02   1.5e-04 0.02
    12      30    2.2e-02   11    1.5e-02  -599.43231886  -599.43231886    -0.00662374   0.009681   3.9e-02   2.5e-04 0.02
    13      30    2.4e-02   19    2.3e-02  -599.43804244  -599.43804244    -0.00572358   0.010989   4.4e-02   2.1e-04 0.02
    14      30    2.1e-02   22    2.2e-02  -599.44332880  -599.44332880    -0.00528636   0.010049   4.0e-02   2.2e-04 0.02
    15      30    2.5e-02    7    8.8e-03  -599.44667250  -599.44667250    -0.00334370   0.014136   5.7e-02   1.7e-04 0.02
    16      30    3.1e-02    6    1.1e-02  -599.44951003  -599.44951003    -0.00283753   0.020826   8.3e-02   1.4e-04 0.02
    17      30    2.2e-02    6    1.0e-02  -599.45333506  -599.45333506    -0.00382504   0.016180   6.5e-02   1.6e-04 0.02
    18      30    2.1e-02    5    1.1e-02  -599.45713065  -599.45713065    -0.00379558   0.020633   8.3e-02   1.2e-04 0.02
    19      30    2.1e-02    4    9.7e-03  -599.46189427  -599.46189427    -0.00476363   0.016664   6.7e-02   1.9e-04 0.02
    20      30    2.2e-02    5    1.1e-02  -599.46622566  -599.46622566    -0.00433138   0.017447   7.0e-02   1.5e-04 0.02
    21      30    2.2e-02    5    1.1e-02  -599.47118512  -599.47118512    -0.00495946   0.016815   6.7e-02   1.3e-04 0.02
    22      30    2.1e-02    0    9.0e-03  -599.47578896  -599.47578896    -0.00460384   0.017160   6.9e-02   2.0e-04 0.02
    23      40    2.7e-02    2    1.4e-03  -599.47978198  -599.47978198    -0.00399302   0.016982   6.8e-02   1.8e-04 0.02
    24      40    2.7e-02    2    1.3e-03  -599.48270546  -599.48270546    -0.00292348   0.015480   6.2e-02   1.9e-04 0.02
    25      40    4.1e-02    2    2.0e-03  -599.48483670  -599.48483670    -0.00213124   0.013774   5.5e-02   2.3e-04 0.02
    26      40    4.5e-02    0    6.6e-04  -599.48629594  -599.48629594    -0.00145924   0.011788   4.7e-02   2.2e-04 0.02
    27      50    4.1e-02    2    1.1e-02  -599.48793978  -599.48793978    -0.00164384   0.009596   3.8e-02   2.0e-04 0.02
    28      50    4.5e-02    4    3.7e-03  -599.48877511  -599.48877511    -0.00083533   0.008618   3.4e-02   8.8e-05 0.02
    29      50    4.3e-02    1    9.9e-04  -599.48956517  -599.48956517    -0.00079007   0.006895   2.8e-02   1.7e-04 0.02
    30      50    5.3e-02    0    6.5e-04  -599.49001650  -599.49001650    -0.00045133   0.006653   2.7e-02   2.0e-04 0.02
    31      60    7.6e-02    4    2.4e-03  -599.49047112  -599.49047112    -0.00045461   0.005946   2.4e-02   1.0e-04 0.02
    32      60    6.0e-02    0    6.6e-04  -599.49060937  -599.49060937    -0.00013825   0.005853   2.3e-02   1.4e-04 0.02
    33      70    5.3e-02    2    1.3e-02  -599.49065226  -599.49065226    -0.00004289   0.005169   2.1e-02   1.9e-04 0.02
    34      70    4.5e-02    1    1.6e-03  -599.49065759  -599.49065759    -0.00000533   0.005762   2.3e-02   1.2e-04 0.02
    35      70    5.6e-02    1    1.2e-03  -599.49071700  -599.49071700    -0.00005941   0.005685   2.3e-02   1.2e-04 0.02
    36      70    7.3e-02    0    6.6e-04  -599.49071594  -599.49071594     0.00000106   0.005685   2.3e-02   1.2e-04 0.02
    37      85    8.1e-02    0    7.0e-04  -599.49096177  -599.49096177    -0.00024583   0.000565   2.3e-03   1.4e-04 0.02
 
RESULTS OF THE OCCUPATION OPTIMIZATION
========================================
   1    1.9999999  -133.55297852
   2    1.9999812  -14.52743435
   3    1.9999499  -11.53117180
   4    1.9999746  -11.53082275
   5    1.9996202  -11.52950764
   6    1.9824977  -1.76947236
   7    1.9758599  -0.97941309
   8    1.9754957  -0.97928965
   9    1.9707108  -0.97756273
  10    1.0000000  -0.07699299
  11    0.0147607  -0.02588103
  12    0.0176734  -0.02839262
  13    0.0181741  -0.02866330
  14    0.0086904  -0.02136830
  15    0.0003759  -0.01225977
  16    0.0000142  -0.00107809
  17    0.0000462  -0.00277863
  18    0.0000095  -0.00037372
  19    0.0000001  -0.00000081
  20    0.0142483  -0.02515507
  21    0.0046541  -0.00778444
  22    0.0049243  -0.00805698
  23    0.0060709  -0.03202105
  24    0.0000018  -0.00002028
  25    0.0000072  -0.00016443
  26    0.0000023  -0.00002288
  27    0.0000049  -0.00009973
  28    0.0000000  -0.00000035
  29    0.0001077  -0.00022146
  30    0.0007729  -0.00197190
  31    0.0007932  -0.00198864
  32    0.0021387  -0.00541198
  33    0.0000013  -0.00001674
  34    0.0000030  -0.00002579
  35    0.0000008  -0.00001301
  36    0.0000038  -0.00002992
  37    0.0000000  -0.00000010
  38    0.0001017  -0.00021438
  39    0.0007203  -0.00185683
  40    0.0001249  -0.00023035
  41    0.0005207  -0.00177749
  42    0.0000004  -0.00000297
  43    0.0000006  -0.00001095
  44    0.0000005  -0.00000487
  45    0.0000004  -0.00000268
  46    0.0000000  -0.00000001
  47    0.0000708  -0.00018161
  48    0.0006837  -0.00173374
  49    0.0001236  -0.00023009
  50    0.0000816  -0.00020342
  51    0.0000004  -0.00000276
  52    0.0000003  -0.00000255
  53    0.0000002  -0.00000130
  54    0.0000003  -0.00000237
  55    0.0000000  -0.00000001
 
----------------
 Final Energies 
----------------
Final NOF Total Energy =    -599.4909618
 
Total Orbital Internal Iterations = 1345
Total Occupation Internal Iterations = 362
 
Elapsed time:   54.70 Seconds

---------------------------------
   Lowdin Population Analysis    
---------------------------------
 Idx  Atom   Population   Charge 
---------------------------------
  1     K    19.000      -0.000

---------------------------------
   M Diagnostic: 0.02
---------------------------------

