ASP_xad_C.jld2 not found
ASP_xad_n.jld2 not found
Computing Integrals
NVIDIA GeForce RTX 3090
Elapsed time:   72.37 Seconds

Number of basis functions                   (NBF)    = 1101
Number of auxiliary basis functions         (NBFAUX) = 1203
Inactive Doubly occupied orbitals up to     (NO1)    = 0
No. considered Strongly Doubly occupied MOs (NDOC)   = 50
No. considered Strongly Singly occupied MOs (NSOC)   = 0
NO. of Weakly occ. per St. Doubly occ.  MOs (NCWO)   = 21
Dimension of the Nat. Orb. subspace         (NBF5)   = 1100
No. of electrons                                     = 100
    No. of alpha electrons                           = 50
    No. of beta electrons                            = 50
Multiplicity                                         = 1

Geometry
========
 N      -1.7602100       0.5773500       0.0922300
 H      -1.9980600       1.4914300      -0.2638500
 C      -0.3526700       0.2799800       0.1352600
 H      -0.0856300      -0.0881200       1.1268200
 C      -0.0091400      -0.8068600      -0.8878100
 C       0.3721400       1.5958500      -0.1584700
 H      -0.0310600      -0.4135400      -1.9048700
 H      -0.7733900      -1.5820200      -0.8213200
 C       1.3076400      -1.4843500      -0.6496800
 O      -0.2302300       2.5514300      -0.6456100
 O       1.5373400      -2.4411400      -1.5675000
 O       2.0890700      -1.2495800       0.2512200
 N       1.6835700       1.5940900       0.1437700
 C       2.5414900       2.7261200      -0.1333200
 H       2.0729700       0.7292400       0.4916500
 H       1.9197900       3.5223500      -0.5294900
 H       3.0281300       3.0704600       0.7766600
 H       3.3032700       2.4680900      -0.8669800
 C      -2.6785000      -0.2899400       0.5832000
 C      -4.1108700       0.1802500       0.5337700
 O      -2.3596100      -1.3848700       1.0396900
 H      -4.4782600       0.2736900       1.5533700
 H      -4.7090900      -0.5784200       0.0359200
 H      -4.2294000       1.1316800       0.0217100
 H       2.3876100      -2.8404100      -1.3281000

No violations of the orthonormality
No violations of the orthonormality
 
PNOF9/ADABelief Calculation
==================
 
  Nitext  Nit_orb  Time   Nit_occ  Time         Eelec          Etot           Ediff      maxdiff    MaxGrad_orb  Grad_occ
     1      10    5.2e+01   20    1.3e+02 -1400.78604100  -558.11587473 -11399.78604100   5.155403   2.1e+01   1.8e-04 0.00
     2      10    9.9e+00  226    7.0e+02 -1432.86476532  -590.19459905   -32.07872432   2.403516   9.6e+00   1.7e-04 0.02
     3      10    9.4e+00  136    4.1e+02 -1438.86767970  -596.19751343    -6.00291438   4.710041   1.9e+01   2.5e-04 0.03
     4      10    9.3e+00    0    3.6e+00 -1439.27423023  -596.60406396    -0.40655053   4.710054   1.9e+01   2.5e-04 0.03
     5      30    2.7e+01  139    4.8e+02 -1510.94327304  -668.27310676   -71.66904281   0.156398   6.3e-01   3.2e-04 0.03
     6      30    2.7e+01   63    2.3e+02 -1523.11144707  -680.44128080   -12.16817403   1.229229   4.9e+00   3.1e-04 0.03
     7      30    2.7e+01   44    1.3e+02 -1524.78125920  -682.11109293    -1.66981213   0.108359   4.3e-01   3.3e-04 0.03
     8      30    2.7e+01   38    1.4e+02 -1525.59952263  -682.92935636    -0.81826343   0.072506   2.9e-01   3.2e-04 0.03
     9      30    2.7e+01   19    5.9e+01 -1526.01292198  -683.34275571    -0.41339935   0.044990   1.8e-01   4.4e-04 0.03
    10      30    2.7e+01   27    1.0e+02 -1526.19879072  -683.52862444    -0.18586874   0.034036   1.4e-01   2.9e-04 0.03
    11      30    2.7e+01   23    7.1e+01 -1526.29489739  -683.62473112    -0.09610667   0.028986   1.2e-01   3.1e-04 0.03
    12      30    2.7e+01   21    7.9e+01 -1526.32379638  -683.65363010    -0.02889899   0.032709   1.3e-01   2.8e-04 0.03
    13      30    2.7e+01   23    7.1e+01 -1526.35765519  -683.68748891    -0.03385881   0.022817   9.1e-02   2.8e-04 0.03
    14      30    2.7e+01    9    3.6e+01 -1526.36461297  -683.69444670    -0.00695779   0.026015   1.0e-01   4.6e-04 0.03
    15      30    2.7e+01    0    3.2e+00 -1526.36551932  -683.69535305    -0.00090635   0.026015   1.0e-01   4.6e-04 0.03
    16      50    4.4e+01   18    6.8e+01 -1526.48795632  -683.81779004    -0.12243699   0.004435   1.8e-02   2.6e-04 0.04
    17      50    4.4e+01    8    2.7e+01 -1526.49113317  -683.82096690    -0.00317686   0.004748   1.9e-02   4.3e-04 0.04
    18      50    4.4e+01   14    5.4e+01 -1526.49454702  -683.82438075    -0.00341385   0.005596   2.2e-02   3.3e-04 0.04
    19      50    4.4e+01   14    4.5e+01 -1526.49754820  -683.82738192    -0.00300117   0.005030   2.0e-02   2.6e-04 0.04
    20      50    4.4e+01   14    5.4e+01 -1526.49992778  -683.82976151    -0.00237958   0.003729   1.5e-02   2.5e-04 0.04
    21      50    4.4e+01   10    3.3e+01 -1526.50199644  -683.83183017    -0.00206866   0.003227   1.3e-02   3.5e-04 0.04
    22      50    4.5e+01   14    5.4e+01 -1526.50363094  -683.83346466    -0.00163449   0.004025   1.6e-02   2.7e-04 0.04
    23      50    4.4e+01   10    3.3e+01 -1526.50445373  -683.83428745    -0.00082279   0.003883   1.6e-02   3.4e-04 0.04
    24      50    4.5e+01   10    4.0e+01 -1526.50534881  -683.83518253    -0.00089508   0.004483   1.8e-02   3.5e-04 0.04
    25      50    4.4e+01   10    3.3e+01 -1526.50666407  -683.83649779    -0.00131526   0.003931   1.6e-02   3.2e-04 0.04
    26      50    4.5e+01   10    4.0e+01 -1526.50719413  -683.83702786    -0.00053007   0.003902   1.6e-02   3.1e-04 0.04
    27      50    4.4e+01   10    3.3e+01 -1526.50789243  -683.83772615    -0.00069829   0.003078   1.2e-02   2.9e-04 0.04
    28      50    4.5e+01   10    4.0e+01 -1526.50817486  -683.83800859    -0.00028243   0.003741   1.5e-02   2.8e-04 0.04
    29      50    4.4e+01    7    2.4e+01 -1526.50901681  -683.83885054    -0.00084195   0.005133   2.1e-02   3.7e-04 0.04
    30      50    4.5e+01    7    2.9e+01 -1526.50916120  -683.83899493    -0.00014439   0.003495   1.4e-02   3.5e-04 0.04
    31      50    4.4e+01    7    2.4e+01 -1526.50965322  -683.83948694    -0.00049201   0.003587   1.4e-02   3.3e-04 0.04
    32      50    4.5e+01    7    2.9e+01 -1526.51005795  -683.83989168    -0.00040473   0.004025   1.6e-02   3.2e-04 0.04
    33      50    4.4e+01    7    2.4e+01 -1526.51082498  -683.84065870    -0.00076703   0.013548   5.4e-02   3.4e-04 0.04
    34      50    4.5e+01    0    3.5e+00 -1526.51085143  -683.84068516    -0.00002645   0.013548   5.4e-02   3.4e-04 0.04
    35      70    6.2e+01    7    2.4e+01 -1526.51303571  -683.84286944    -0.00218428   0.000897   3.6e-03   3.1e-04 0.04
 
RESULTS OF THE OCCUPATION OPTIMIZATION
========================================
   1    1.9999952  -20.65392303
   2    1.9999955  -20.59902573
   3    1.9999955  -20.55729866
   4    1.9999954  -20.54855537
   5    1.9999904  -15.60256100
   6    1.9999921  -15.59899807
   7    1.9999784  -11.39770603
   8    1.9999760  -11.34852314
   9    1.9999813  -11.34661579
  10    1.9999763  -11.29541492
  11    1.9999807  -11.27168560
  12    1.9999791  -11.26804256
  13    1.9999770  -11.24654865
  14    1.9878510  -1.41027057
  15    1.9877644  -1.33309960
  16    1.9854628  -1.31820333
  17    1.9859517  -1.29219866
  18    1.9841268  -1.23875093
  19    1.9859732  -1.22201478
  20    1.9855845  -1.14981568
  21    1.9814849  -0.96567100
  22    1.9810459  -0.90621501
  23    1.9767353  -0.89044994
  24    1.9745575  -0.80144441
  25    1.9745399  -0.77850664
  26    1.9757814  -0.76633424
  27    1.9706935  -0.76233602
  28    1.9770998  -0.75131053
  29    1.9718704  -0.73764783
  30    1.9710108  -0.71960014
  31    1.9758917  -0.71697646
  32    1.9740146  -0.70699137
  33    1.9725330  -0.69532132
  34    1.9717191  -0.68314117
  35    1.9782067  -0.66056806
  36    1.9773270  -0.65949750
  37    1.9658584  -0.63424939
  38    1.9769056  -0.62684566
  39    1.9776855  -0.61366135
  40    1.9710870  -0.60654956
  41    1.9719904  -0.60575658
  42    1.9727785  -0.60573274
  43    1.9769559  -0.60049695
  44    1.9726403  -0.59901530
  45    1.9707149  -0.59636796
  46    1.9700142  -0.59626633
  47    1.9708897  -0.59305447
  48    1.9713385  -0.57908279
  49    1.9647546  -0.49489096
  50    1.9648400  -0.48047698
  51    0.0348326  -0.04872118
  52    0.0344202  -0.04830971
  53    0.0184930  -0.02803001
  54    0.0121232  -0.01801152
  55    0.0119818  -0.01667747
  56    0.0148179  -0.01986367
  57    0.0218009  -0.03286611
  58    0.0073980  -0.01412493
  59    0.0196361  -0.03328874
  60    0.0122658  -0.01748662
  61    0.0193763  -0.02996768
  62    0.0083163  -0.01508441
  63    0.0069140  -0.01358431
  64    0.0330773  -0.04936464
  65    0.0068051  -0.01355107
  66    0.0057164  -0.01083266
  67    0.0218745  -0.03415700
  68    0.0271660  -0.04024085
  69    0.0196908  -0.03077595
  70    0.0140851  -0.02255018
  71    0.0285310  -0.04683628
  72    0.0191229  -0.03562721
  73    0.0106727  -0.01721539
  74    0.0177112  -0.02931684
  75    0.0155528  -0.02443680
  76    0.0252210  -0.04166166
  77    0.0211581  -0.03761868
  78    0.0218079  -0.03598359
  79    0.0034274  -0.00828519
  80    0.0141653  -0.02166425
  81    0.0051543  -0.01123486
  82    0.0032315  -0.00862970
  83    0.0075192  -0.01873928
  84    0.0069227  -0.01761249
  85    0.0078251  -0.01933243
  86    0.0029765  -0.00791346
  87    0.0082560  -0.01955595
  88    0.0000040  -0.00013753
  89    0.0000056  -0.00016124
  90    0.0000075  -0.00018563
  91    0.0000069  -0.00018537
  92    0.0000037  -0.00010828
  93    0.0000038  -0.00011520
  94    0.0000043  -0.00012456
  95    0.0000007  -0.00002864
  96    0.0000017  -0.00004957
  97    0.0000004  -0.00003213
  98    0.0000007  -0.00000413
  99    0.0000008  -0.00000612
 100    0.0000004  -0.00002781
 101    0.0002649  -0.00079124
 102    0.0002773  -0.00083113
 103    0.0043640  -0.00795728
 104    0.0119728  -0.01728753
 105    0.0111403  -0.01593565
 106    0.0051407  -0.00838762
 107    0.0021782  -0.00492973
 108    0.0041899  -0.00844573
 109    0.0040331  -0.00833937
 110    0.0118286  -0.01775607
 111    0.0040736  -0.00752064
 112    0.0046009  -0.00917338
 113    0.0050084  -0.01017271
 114    0.0002676  -0.00083498
 115    0.0041891  -0.00899188
 116    0.0055747  -0.01053772
 117    0.0043645  -0.00848093
 118    0.0000950  -0.00030058
 119    0.0041467  -0.00759240
 120    0.0048769  -0.00915877
 121    0.0003266  -0.00101213
 122    0.0032180  -0.00760739
 123    0.0038290  -0.00741735
 124    0.0038802  -0.00860827
 125    0.0042620  -0.00815384
 126    0.0000389  -0.00015880
 127    0.0026603  -0.00644906
 128    0.0006197  -0.00166295
 129    0.0030252  -0.00710379
 130    0.0013389  -0.00318622
 131    0.0021962  -0.00806646
 132    0.0021890  -0.00767351
 133    0.0037623  -0.00874914
 134    0.0016358  -0.00632087
 135    0.0032524  -0.00797929
 136    0.0024462  -0.00906959
 137    0.0007526  -0.00280300
 138    0.0000022  -0.00004307
 139    0.0000019  -0.00001688
 140    0.0000015  -0.00001322
 141    0.0000037  -0.00010249
 142    0.0000018  -0.00002576
 143    0.0000024  -0.00005285
 144    0.0000019  -0.00003966
 145    0.0000007  -0.00000494
 146    0.0000009  -0.00000743
 147    0.0000003  -0.00000889
 148    0.0000004  -0.00003623
 149    0.0000004  -0.00001588
 150    0.0000004  -0.00001326
 151    0.0000165  -0.00008823
 152    0.0002629  -0.00078313
 153    0.0032691  -0.00641944
 154    0.0032588  -0.00580608
 155    0.0040628  -0.00642144
 156    0.0043785  -0.00676517
 157    0.0016246  -0.00388062
 158    0.0038057  -0.00777671
 159    0.0020109  -0.00492743
 160    0.0017197  -0.00341926
 161    0.0036481  -0.00664685
 162    0.0045015  -0.00896391
 163    0.0043789  -0.00866021
 164    0.0002616  -0.00082647
 165    0.0040012  -0.00846508
 166    0.0051221  -0.01036794
 167    0.0009112  -0.00233631
 168    0.0000447  -0.00016265
 169    0.0011222  -0.00294727
 170    0.0013764  -0.00350155
 171    0.0000304  -0.00013360
 172    0.0030550  -0.00761436
 173    0.0031421  -0.00688079
 174    0.0036828  -0.00820022
 175    0.0017454  -0.00400315
 176    0.0000354  -0.00015965
 177    0.0002970  -0.00100014
 178    0.0002116  -0.00070250
 179    0.0027624  -0.00702280
 180    0.0011199  -0.00277772
 181    0.0018715  -0.00706916
 182    0.0021294  -0.00747461
 183    0.0015301  -0.00545650
 184    0.0010136  -0.00449059
 185    0.0009386  -0.00331139
 186    0.0016889  -0.00600904
 187    0.0005510  -0.00244222
 188    0.0000018  -0.00001551
 189    0.0000014  -0.00001647
 190    0.0000013  -0.00002922
 191    0.0000018  -0.00001594
 192    0.0000014  -0.00001273
 193    0.0000021  -0.00004784
 194    0.0000014  -0.00001306
 195    0.0000006  -0.00001193
 196    0.0000008  -0.00000556
 197    0.0000003  -0.00000087
 198    0.0000003  -0.00000545
 199    0.0000004  -0.00002318
 200    0.0000004  -0.00000124
 201    0.0000068  -0.00002630
 202    0.0002345  -0.00070083
 203    0.0006455  -0.00150391
 204    0.0008249  -0.00166738
 205    0.0009952  -0.00211760
 206    0.0041910  -0.00653307
 207    0.0004228  -0.00118581
 208    0.0034763  -0.00741396
 209    0.0009754  -0.00252207
 210    0.0009554  -0.00205365
 211    0.0006511  -0.00158588
 212    0.0020266  -0.00597975
 213    0.0031732  -0.00695231
 214    0.0002272  -0.00072135
 215    0.0034302  -0.00735651
 216    0.0015596  -0.00397270
 217    0.0004511  -0.00119733
 218    0.0000252  -0.00010964
 219    0.0003796  -0.00107791
 220    0.0007931  -0.00229049
 221    0.0000230  -0.00011209
 222    0.0024298  -0.00607695
 223    0.0023604  -0.00551403
 224    0.0036125  -0.00815140
 225    0.0006038  -0.00166256
 226    0.0000146  -0.00008947
 227    0.0002929  -0.00098337
 228    0.0001799  -0.00061218
 229    0.0023581  -0.00698642
 230    0.0010331  -0.00249142
 231    0.0013767  -0.00488454
 232    0.0010522  -0.00498105
 233    0.0009342  -0.00333914
 234    0.0009714  -0.00348618
 235    0.0005754  -0.00199296
 236    0.0011811  -0.00515454
 237    0.0004957  -0.00217258
 238    0.0000015  -0.00001175
 239    0.0000011  -0.00000939
 240    0.0000011  -0.00002807
 241    0.0000011  -0.00001409
 242    0.0000013  -0.00001021
 243    0.0000019  -0.00002073
 244    0.0000013  -0.00001029
 245    0.0000006  -0.00000957
 246    0.0000008  -0.00000989
 247    0.0000003  -0.00000066
 248    0.0000003  -0.00000074
 249    0.0000003  -0.00000187
 250    0.0000002  -0.00000118
 251    0.0000056  -0.00002216
 252    0.0000121  -0.00005186
 253    0.0004340  -0.00112651
 254    0.0003115  -0.00072848
 255    0.0008148  -0.00165039
 256    0.0002337  -0.00061470
 257    0.0004111  -0.00110648
 258    0.0012423  -0.00333695
 259    0.0003890  -0.00113338
 260    0.0003282  -0.00084191
 261    0.0004857  -0.00118942
 262    0.0012467  -0.00378192
 263    0.0016311  -0.00495618
 264    0.0002268  -0.00072572
 265    0.0012681  -0.00355572
 266    0.0009722  -0.00277436
 267    0.0002373  -0.00069999
 268    0.0000161  -0.00007466
 269    0.0001340  -0.00045643
 270    0.0005878  -0.00155175
 271    0.0000181  -0.00009593
 272    0.0000795  -0.00028704
 273    0.0007979  -0.00215829
 274    0.0002276  -0.00079396
 275    0.0005414  -0.00138236
 276    0.0000126  -0.00007319
 277    0.0002706  -0.00091879
 278    0.0000583  -0.00022047
 279    0.0018604  -0.00580616
 280    0.0002290  -0.00067916
 281    0.0011361  -0.00473857
 282    0.0009737  -0.00370558
 283    0.0006253  -0.00222012
 284    0.0007536  -0.00333870
 285    0.0003748  -0.00224085
 286    0.0008611  -0.00389667
 287    0.0004425  -0.00226605
 288    0.0000015  -0.00001231
 289    0.0000010  -0.00001601
 290    0.0000007  -0.00001427
 291    0.0000010  -0.00002579
 292    0.0000011  -0.00001778
 293    0.0000016  -0.00001497
 294    0.0000012  -0.00001126
 295    0.0000006  -0.00000486
 296    0.0000007  -0.00000487
 297    0.0000002  -0.00000071
 298    0.0000002  -0.00000068
 299    0.0000002  -0.00000076
 300    0.0000002  -0.00000132
 301    0.0000054  -0.00001997
 302    0.0000053  -0.00002246
 303    0.0003729  -0.00097884
 304    0.0001970  -0.00052412
 305    0.0003398  -0.00081837
 306    0.0002139  -0.00061043
 307    0.0003377  -0.00094643
 308    0.0008469  -0.00243093
 309    0.0000310  -0.00012331
 310    0.0002159  -0.00062260
 311    0.0002443  -0.00069989
 312    0.0007696  -0.00224038
 313    0.0006049  -0.00182175
 314    0.0000159  -0.00006008
 315    0.0006593  -0.00192343
 316    0.0009067  -0.00252535
 317    0.0000939  -0.00030092
 318    0.0000121  -0.00005831
 319    0.0000921  -0.00032518
 320    0.0004827  -0.00136283
 321    0.0000078  -0.00004301
 322    0.0000577  -0.00020715
 323    0.0004268  -0.00127159
 324    0.0000985  -0.00034796
 325    0.0004204  -0.00123082
 326    0.0000121  -0.00007111
 327    0.0002145  -0.00078362
 328    0.0000485  -0.00019015
 329    0.0013229  -0.00374359
 330    0.0001107  -0.00034519
 331    0.0008828  -0.00349670
 332    0.0006750  -0.00315393
 333    0.0003506  -0.00160053
 334    0.0006702  -0.00297914
 335    0.0002922  -0.00116515
 336    0.0006821  -0.00446317
 337    0.0003357  -0.00148682
 338    0.0000014  -0.00001339
 339    0.0000009  -0.00003461
 340    0.0000006  -0.00000330
 341    0.0000010  -0.00002114
 342    0.0000010  -0.00003703
 343    0.0000015  -0.00001305
 344    0.0000012  -0.00000954
 345    0.0000005  -0.00000256
 346    0.0000007  -0.00000645
 347    0.0000002  -0.00000070
 348    0.0000002  -0.00000067
 349    0.0000002  -0.00000066
 350    0.0000002  -0.00000091
 351    0.0000040  -0.00001679
 352    0.0000050  -0.00001920
 353    0.0003267  -0.00093394
 354    0.0001784  -0.00049280
 355    0.0002201  -0.00056431
 356    0.0000858  -0.00025418
 357    0.0001528  -0.00050163
 358    0.0006045  -0.00170731
 359    0.0000273  -0.00011128
 360    0.0001574  -0.00046429
 361    0.0000978  -0.00030031
 362    0.0002938  -0.00091450
 363    0.0004699  -0.00137998
 364    0.0000082  -0.00003802
 365    0.0005203  -0.00154258
 366    0.0006517  -0.00169667
 367    0.0000792  -0.00027203
 368    0.0000108  -0.00005504
 369    0.0000712  -0.00024376
 370    0.0003743  -0.00111860
 371    0.0000071  -0.00004021
 372    0.0000471  -0.00017167
 373    0.0003579  -0.00112058
 374    0.0000173  -0.00007877
 375    0.0002757  -0.00085905
 376    0.0000106  -0.00006109
 377    0.0001748  -0.00065806
 378    0.0000476  -0.00018267
 379    0.0009308  -0.00300427
 380    0.0000759  -0.00026177
 381    0.0006625  -0.00354270
 382    0.0006324  -0.00395769
 383    0.0002964  -0.00108561
 384    0.0005197  -0.00220361
 385    0.0002904  -0.00105944
 386    0.0005118  -0.00245941
 387    0.0003176  -0.00123246
 388    0.0000012  -0.00001136
 389    0.0000009  -0.00000666
 390    0.0000006  -0.00000327
 391    0.0000009  -0.00000594
 392    0.0000010  -0.00000835
 393    0.0000014  -0.00001201
 394    0.0000011  -0.00001605
 395    0.0000004  -0.00000240
 396    0.0000006  -0.00003084
 397    0.0000002  -0.00000061
 398    0.0000002  -0.00000060
 399    0.0000002  -0.00000057
 400    0.0000002  -0.00000098
 401    0.0000026  -0.00001063
 402    0.0000040  -0.00001858
 403    0.0001919  -0.00058285
 404    0.0000633  -0.00020107
 405    0.0002059  -0.00055002
 406    0.0000465  -0.00014653
 407    0.0001271  -0.00041295
 408    0.0004817  -0.00146386
 409    0.0000198  -0.00009091
 410    0.0001399  -0.00043990
 411    0.0000843  -0.00027336
 412    0.0000992  -0.00036463
 413    0.0002731  -0.00084847
 414    0.0000078  -0.00003387
 415    0.0004005  -0.00124682
 416    0.0004906  -0.00135567
 417    0.0000738  -0.00024328
 418    0.0000102  -0.00005037
 419    0.0000598  -0.00022153
 420    0.0003191  -0.00103485
 421    0.0000060  -0.00003418
 422    0.0000320  -0.00012704
 423    0.0002604  -0.00082797
 424    0.0000164  -0.00007433
 425    0.0002282  -0.00072576
 426    0.0000104  -0.00005665
 427    0.0001215  -0.00045901
 428    0.0000334  -0.00014437
 429    0.0008645  -0.00263410
 430    0.0000595  -0.00020941
 431    0.0002026  -0.00102813
 432    0.0005841  -0.00268713
 433    0.0002848  -0.00102562
 434    0.0005130  -0.00216198
 435    0.0002333  -0.00096104
 436    0.0004576  -0.00244651
 437    0.0001888  -0.00111497
 438    0.0000012  -0.00000825
 439    0.0000009  -0.00000617
 440    0.0000006  -0.00000313
 441    0.0000008  -0.00001135
 442    0.0000007  -0.00000418
 443    0.0000010  -0.00004019
 444    0.0000011  -0.00002669
 445    0.0000004  -0.00000147
 446    0.0000005  -0.00000417
 447    0.0000002  -0.00000058
 448    0.0000002  -0.00000064
 449    0.0000002  -0.00000061
 450    0.0000002  -0.00000079
 451    0.0000022  -0.00000920
 452    0.0000035  -0.00001314
 453    0.0001435  -0.00045392
 454    0.0000521  -0.00016018
 455    0.0001135  -0.00032122
 456    0.0000366  -0.00013186
 457    0.0000604  -0.00021288
 458    0.0003026  -0.00092443
 459    0.0000182  -0.00008897
 460    0.0001087  -0.00034108
 461    0.0000417  -0.00015141
 462    0.0000925  -0.00034645
 463    0.0001316  -0.00043353
 464    0.0000068  -0.00002986
 465    0.0002937  -0.00106053
 466    0.0003537  -0.00109659
 467    0.0000610  -0.00019312
 468    0.0000101  -0.00004956
 469    0.0000459  -0.00016365
 470    0.0002191  -0.00072146
 471    0.0000050  -0.00002948
 472    0.0000263  -0.00011969
 473    0.0002572  -0.00084825
 474    0.0000108  -0.00004935
 475    0.0001793  -0.00056206
 476    0.0000103  -0.00005804
 477    0.0000614  -0.00022562
 478    0.0000331  -0.00013639
 479    0.0005152  -0.00167125
 480    0.0000465  -0.00017385
 481    0.0001354  -0.00066837
 482    0.0005048  -0.00191334
 483    0.0001278  -0.00060498
 484    0.0003857  -0.00217254
 485    0.0001608  -0.00095166
 486    0.0003494  -0.00164374
 487    0.0001788  -0.00111458
 488    0.0000010  -0.00001005
 489    0.0000008  -0.00000505
 490    0.0000005  -0.00000248
 491    0.0000008  -0.00000589
 492    0.0000007  -0.00000375
 493    0.0000009  -0.00000774
 494    0.0000010  -0.00001499
 495    0.0000004  -0.00000108
 496    0.0000004  -0.00000140
 497    0.0000002  -0.00000056
 498    0.0000002  -0.00000048
 499    0.0000002  -0.00000058
 500    0.0000002  -0.00000085
 501    0.0000021  -0.00000875
 502    0.0000031  -0.00001201
 503    0.0001143  -0.00037127
 504    0.0000338  -0.00012227
 505    0.0000658  -0.00018123
 506    0.0000304  -0.00010320
 507    0.0000522  -0.00017984
 508    0.0002927  -0.00093452
 509    0.0000136  -0.00007037
 510    0.0000923  -0.00028230
 511    0.0000357  -0.00012834
 512    0.0000668  -0.00025305
 513    0.0001140  -0.00036830
 514    0.0000066  -0.00002832
 515    0.0002388  -0.00081178
 516    0.0001329  -0.00045088
 517    0.0000399  -0.00014961
 518    0.0000088  -0.00004449
 519    0.0000375  -0.00014593
 520    0.0001973  -0.00069936
 521    0.0000044  -0.00002563
 522    0.0000130  -0.00006704
 523    0.0002483  -0.00081015
 524    0.0000092  -0.00004156
 525    0.0000863  -0.00030377
 526    0.0000096  -0.00005184
 527    0.0000393  -0.00016045
 528    0.0000281  -0.00012524
 529    0.0004364  -0.00138492
 530    0.0000412  -0.00016845
 531    0.0001035  -0.00065737
 532    0.0004109  -0.00200494
 533    0.0001026  -0.00048090
 534    0.0002033  -0.00110456
 535    0.0000946  -0.00063277
 536    0.0002112  -0.00120918
 537    0.0001227  -0.00104997
 538    0.0000010  -0.00001196
 539    0.0000008  -0.00000665
 540    0.0000005  -0.00000280
 541    0.0000007  -0.00000505
 542    0.0000007  -0.00000397
 543    0.0000009  -0.00001328
 544    0.0000010  -0.00001160
 545    0.0000003  -0.00000125
 546    0.0000004  -0.00000163
 547    0.0000002  -0.00000054
 548    0.0000002  -0.00000057
 549    0.0000002  -0.00000040
 550    0.0000002  -0.00000092
 551    0.0000020  -0.00000833
 552    0.0000021  -0.00000829
 553    0.0000828  -0.00026634
 554    0.0000188  -0.00007681
 555    0.0000099  -0.00004479
 556    0.0000265  -0.00009851
 557    0.0000350  -0.00013677
 558    0.0001483  -0.00053170
 559    0.0000098  -0.00004848
 560    0.0000579  -0.00018543
 561    0.0000343  -0.00011735
 562    0.0000664  -0.00025119
 563    0.0000932  -0.00032202
 564    0.0000062  -0.00002524
 565    0.0002292  -0.00080696
 566    0.0001052  -0.00037220
 567    0.0000198  -0.00008963
 568    0.0000085  -0.00004535
 569    0.0000311  -0.00012230
 570    0.0001961  -0.00066597
 571    0.0000042  -0.00002490
 572    0.0000097  -0.00004861
 573    0.0001954  -0.00062372
 574    0.0000076  -0.00003793
 575    0.0000577  -0.00021742
 576    0.0000089  -0.00004963
 577    0.0000388  -0.00015625
 578    0.0000268  -0.00011733
 579    0.0003213  -0.00111091
 580    0.0000365  -0.00015976
 581    0.0000973  -0.00049169
 582    0.0003466  -0.00161514
 583    0.0000738  -0.00037937
 584    0.0001447  -0.00080846
 585    0.0000913  -0.00053500
 586    0.0001843  -0.00113126
 587    0.0001148  -0.00097346
 588    0.0000010  -0.00001855
 589    0.0000006  -0.00000364
 590    0.0000005  -0.00000201
 591    0.0000006  -0.00000322
 592    0.0000006  -0.00000293
 593    0.0000009  -0.00000595
 594    0.0000008  -0.00000852
 595    0.0000003  -0.00000097
 596    0.0000003  -0.00000112
 597    0.0000002  -0.00000044
 598    0.0000002  -0.00000036
 599    0.0000002  -0.00000043
 600    0.0000002  -0.00000073
 601    0.0000020  -0.00000765
 602    0.0000020  -0.00000826
 603    0.0000563  -0.00019759
 604    0.0000159  -0.00006938
 605    0.0000054  -0.00002629
 606    0.0000215  -0.00008368
 607    0.0000301  -0.00011896
 608    0.0000910  -0.00032685
 609    0.0000088  -0.00004440
 610    0.0000490  -0.00016222
 611    0.0000292  -0.00010760
 612    0.0000514  -0.00020995
 613    0.0000822  -0.00029484
 614    0.0000055  -0.00002336
 615    0.0002215  -0.00076528
 616    0.0000440  -0.00017200
 617    0.0000160  -0.00007439
 618    0.0000078  -0.00003980
 619    0.0000275  -0.00011344
 620    0.0001611  -0.00055327
 621    0.0000041  -0.00002302
 622    0.0000064  -0.00003308
 623    0.0001133  -0.00040067
 624    0.0000052  -0.00002806
 625    0.0000517  -0.00018817
 626    0.0000087  -0.00004668
 627    0.0000322  -0.00014380
 628    0.0000242  -0.00011336
 629    0.0002603  -0.00094053
 630    0.0000329  -0.00016062
 631    0.0000914  -0.00066010
 632    0.0003342  -0.00146209
 633    0.0000446  -0.00021894
 634    0.0000970  -0.00063363
 635    0.0000788  -0.00052661
 636    0.0001490  -0.00083820
 637    0.0000781  -0.00049361
 638    0.0000009  -0.00001550
 639    0.0000006  -0.00000325
 640    0.0000005  -0.00000202
 641    0.0000006  -0.00000275
 642    0.0000006  -0.00000257
 643    0.0000008  -0.00000549
 644    0.0000007  -0.00000414
 645    0.0000003  -0.00000079
 646    0.0000002  -0.00000087
 647    0.0000002  -0.00000065
 648    0.0000002  -0.00000052
 649    0.0000002  -0.00000038
 650    0.0000002  -0.00000073
 651    0.0000019  -0.00000676
 652    0.0000020  -0.00000746
 653    0.0000405  -0.00015127
 654    0.0000118  -0.00005181
 655    0.0000049  -0.00002349
 656    0.0000111  -0.00004902
 657    0.0000265  -0.00010491
 658    0.0000523  -0.00019011
 659    0.0000086  -0.00004299
 660    0.0000239  -0.00010313
 661    0.0000253  -0.00009206
 662    0.0000421  -0.00016545
 663    0.0000600  -0.00021404
 664    0.0000049  -0.00001922
 665    0.0001037  -0.00038511
 666    0.0000333  -0.00014443
 667    0.0000108  -0.00004962
 668    0.0000068  -0.00003760
 669    0.0000217  -0.00010040
 670    0.0001255  -0.00044884
 671    0.0000034  -0.00001701
 672    0.0000064  -0.00003566
 673    0.0000770  -0.00027727
 674    0.0000048  -0.00002600
 675    0.0000379  -0.00015258
 676    0.0000083  -0.00004389
 677    0.0000110  -0.00006258
 678    0.0000218  -0.00011065
 679    0.0002478  -0.00085030
 680    0.0000312  -0.00015009
 681    0.0000838  -0.00039240
 682    0.0002381  -0.00109892
 683    0.0000372  -0.00020483
 684    0.0000322  -0.00023680
 685    0.0000740  -0.00037322
 686    0.0001222  -0.00083592
 687    0.0000497  -0.00031605
 688    0.0000008  -0.00000577
 689    0.0000006  -0.00000302
 690    0.0000005  -0.00000197
 691    0.0000005  -0.00000171
 692    0.0000006  -0.00000230
 693    0.0000008  -0.00000515
 694    0.0000007  -0.00000344
 695    0.0000003  -0.00000095
 696    0.0000002  -0.00000095
 697    0.0000002  -0.00000051
 698    0.0000001  -0.00000036
 699    0.0000001  -0.00000028
 700    0.0000002  -0.00000060
 701    0.0000019  -0.00000685
 702    0.0000017  -0.00000682
 703    0.0000351  -0.00012709
 704    0.0000110  -0.00004804
 705    0.0000047  -0.00002173
 706    0.0000109  -0.00004883
 707    0.0000258  -0.00010706
 708    0.0000191  -0.00010071
 709    0.0000081  -0.00004086
 710    0.0000132  -0.00006314
 711    0.0000212  -0.00008274
 712    0.0000266  -0.00012071
 713    0.0000470  -0.00017002
 714    0.0000045  -0.00001877
 715    0.0000774  -0.00029793
 716    0.0000305  -0.00013588
 717    0.0000092  -0.00004414
 718    0.0000065  -0.00003629
 719    0.0000189  -0.00009931
 720    0.0001099  -0.00038100
 721    0.0000034  -0.00001845
 722    0.0000057  -0.00003043
 723    0.0000619  -0.00022899
 724    0.0000042  -0.00002181
 725    0.0000322  -0.00013800
 726    0.0000082  -0.00004374
 727    0.0000104  -0.00005988
 728    0.0000197  -0.00010298
 729    0.0002181  -0.00078734
 730    0.0000303  -0.00014185
 731    0.0000758  -0.00035930
 732    0.0001716  -0.00102186
 733    0.0000319  -0.00020011
 734    0.0000288  -0.00020829
 735    0.0000558  -0.00034683
 736    0.0001123  -0.00099093
 737    0.0000487  -0.00033400
 738    0.0000006  -0.00000297
 739    0.0000005  -0.00000246
 740    0.0000004  -0.00000172
 741    0.0000005  -0.00000169
 742    0.0000006  -0.00000202
 743    0.0000007  -0.00000444
 744    0.0000006  -0.00000316
 745    0.0000003  -0.00000104
 746    0.0000002  -0.00000080
 747    0.0000002  -0.00000055
 748    0.0000001  -0.00000017
 749    0.0000001  -0.00000022
 750    0.0000002  -0.00000066
 751    0.0000017  -0.00000540
 752    0.0000016  -0.00000609
 753    0.0000279  -0.00010897
 754    0.0000097  -0.00004515
 755    0.0000037  -0.00001916
 756    0.0000076  -0.00003659
 757    0.0000243  -0.00010440
 758    0.0000172  -0.00009207
 759    0.0000074  -0.00003842
 760    0.0000092  -0.00004909
 761    0.0000158  -0.00007701
 762    0.0000223  -0.00011326
 763    0.0000376  -0.00014961
 764    0.0000038  -0.00001662
 765    0.0000495  -0.00019226
 766    0.0000245  -0.00011905
 767    0.0000083  -0.00004069
 768    0.0000062  -0.00003309
 769    0.0000185  -0.00009826
 770    0.0000932  -0.00032535
 771    0.0000027  -0.00001392
 772    0.0000042  -0.00002338
 773    0.0000412  -0.00016761
 774    0.0000035  -0.00001975
 775    0.0000305  -0.00012864
 776    0.0000079  -0.00004305
 777    0.0000100  -0.00005679
 778    0.0000181  -0.00009251
 779    0.0001322  -0.00048772
 780    0.0000272  -0.00012860
 781    0.0000656  -0.00030155
 782    0.0001361  -0.00067276
 783    0.0000254  -0.00014466
 784    0.0000244  -0.00017858
 785    0.0000464  -0.00022633
 786    0.0000932  -0.00075645
 787    0.0000470  -0.00032542
 788    0.0000005  -0.00000285
 789    0.0000005  -0.00000225
 790    0.0000004  -0.00000137
 791    0.0000005  -0.00000153
 792    0.0000005  -0.00000186
 793    0.0000006  -0.00000313
 794    0.0000006  -0.00000274
 795    0.0000003  -0.00000082
 796    0.0000002  -0.00000053
 797    0.0000002  -0.00000058
 798    0.0000001  -0.00000020
 799    0.0000001  -0.00000017
 800    0.0000002  -0.00000086
 801    0.0000016  -0.00000529
 802    0.0000016  -0.00000468
 803    0.0000199  -0.00008812
 804    0.0000074  -0.00003674
 805    0.0000035  -0.00001855
 806    0.0000068  -0.00003479
 807    0.0000157  -0.00007759
 808    0.0000165  -0.00008762
 809    0.0000062  -0.00003389
 810    0.0000087  -0.00004367
 811    0.0000140  -0.00006414
 812    0.0000199  -0.00010697
 813    0.0000196  -0.00010073
 814    0.0000030  -0.00001243
 815    0.0000452  -0.00017380
 816    0.0000187  -0.00010701
 817    0.0000077  -0.00003870
 818    0.0000061  -0.00003316
 819    0.0000172  -0.00009646
 820    0.0000457  -0.00017025
 821    0.0000025  -0.00001313
 822    0.0000041  -0.00002292
 823    0.0000200  -0.00010947
 824    0.0000029  -0.00001547
 825    0.0000274  -0.00012204
 826    0.0000079  -0.00004320
 827    0.0000095  -0.00005488
 828    0.0000171  -0.00009727
 829    0.0000873  -0.00032992
 830    0.0000269  -0.00013155
 831    0.0000650  -0.00032459
 832    0.0001309  -0.00071428
 833    0.0000238  -0.00013522
 834    0.0000244  -0.00016562
 835    0.0000379  -0.00029216
 836    0.0000562  -0.00030077
 837    0.0000392  -0.00031915
 838    0.0000005  -0.00000280
 839    0.0000005  -0.00000187
 840    0.0000004  -0.00000115
 841    0.0000004  -0.00000186
 842    0.0000005  -0.00000164
 843    0.0000006  -0.00000214
 844    0.0000006  -0.00000272
 845    0.0000002  -0.00000083
 846    0.0000002  -0.00000060
 847    0.0000002  -0.00000054
 848    0.0000001  -0.00000018
 849    0.0000001  -0.00000017
 850    0.0000002  -0.00000074
 851    0.0000015  -0.00000498
 852    0.0000015  -0.00000458
 853    0.0000169  -0.00007692
 854    0.0000064  -0.00003173
 855    0.0000030  -0.00001608
 856    0.0000065  -0.00003206
 857    0.0000094  -0.00004947
 858    0.0000148  -0.00008077
 859    0.0000049  -0.00002705
 860    0.0000082  -0.00004263
 861    0.0000099  -0.00004747
 862    0.0000189  -0.00010495
 863    0.0000163  -0.00009402
 864    0.0000025  -0.00001023
 865    0.0000357  -0.00015691
 866    0.0000175  -0.00010219
 867    0.0000071  -0.00003595
 868    0.0000056  -0.00002916
 869    0.0000157  -0.00008686
 870    0.0000228  -0.00010840
 871    0.0000024  -0.00001175
 872    0.0000038  -0.00002075
 873    0.0000111  -0.00006580
 874    0.0000029  -0.00001536
 875    0.0000239  -0.00011149
 876    0.0000076  -0.00004077
 877    0.0000090  -0.00004862
 878    0.0000164  -0.00008961
 879    0.0000765  -0.00029017
 880    0.0000251  -0.00012294
 881    0.0000524  -0.00025367
 882    0.0000870  -0.00050246
 883    0.0000236  -0.00013403
 884    0.0000242  -0.00019411
 885    0.0000259  -0.00016474
 886    0.0000456  -0.00027561
 887    0.0000385  -0.00035659
 888    0.0000005  -0.00000195
 889    0.0000005  -0.00000160
 890    0.0000004  -0.00000142
 891    0.0000004  -0.00000097
 892    0.0000004  -0.00000133
 893    0.0000005  -0.00000194
 894    0.0000005  -0.00000160
 895    0.0000002  -0.00000082
 896    0.0000002  -0.00000068
 897    0.0000002  -0.00000052
 898    0.0000001  -0.00000020
 899    0.0000001  -0.00000018
 900    0.0000002  -0.00000051
 901    0.0000015  -0.00000469
 902    0.0000013  -0.00000380
 903    0.0000137  -0.00006347
 904    0.0000048  -0.00002336
 905    0.0000028  -0.00001376
 906    0.0000058  -0.00002821
 907    0.0000082  -0.00004247
 908    0.0000126  -0.00006919
 909    0.0000043  -0.00002415
 910    0.0000082  -0.00004174
 911    0.0000066  -0.00003323
 912    0.0000174  -0.00009918
 913    0.0000139  -0.00007823
 914    0.0000021  -0.00000843
 915    0.0000334  -0.00015000
 916    0.0000146  -0.00008956
 917    0.0000057  -0.00003128
 918    0.0000055  -0.00003001
 919    0.0000146  -0.00007847
 920    0.0000156  -0.00008916
 921    0.0000022  -0.00001176
 922    0.0000025  -0.00001378
 923    0.0000095  -0.00006015
 924    0.0000024  -0.00001239
 925    0.0000164  -0.00009264
 926    0.0000074  -0.00004064
 927    0.0000087  -0.00004988
 928    0.0000163  -0.00008704
 929    0.0000675  -0.00026342
 930    0.0000240  -0.00012797
 931    0.0000474  -0.00022332
 932    0.0000711  -0.00035982
 933    0.0000216  -0.00014093
 934    0.0000225  -0.00015558
 935    0.0000246  -0.00015310
 936    0.0000408  -0.00032777
 937    0.0000289  -0.00030113
 938    0.0000005  -0.00000191
 939    0.0000004  -0.00000152
 940    0.0000003  -0.00000105
 941    0.0000004  -0.00000136
 942    0.0000004  -0.00000104
 943    0.0000005  -0.00000168
 944    0.0000005  -0.00000162
 945    0.0000002  -0.00000091
 946    0.0000002  -0.00000052
 947    0.0000002  -0.00000036
 948    0.0000001  -0.00000005
 949    0.0000001  0.00000001
 950    0.0000002  -0.00000036
 951    0.0000012  -0.00000364
 952    0.0000012  -0.00000296
 953    0.0000065  -0.00003662
 954    0.0000030  -0.00001595
 955    0.0000027  -0.00001347
 956    0.0000048  -0.00002351
 957    0.0000074  -0.00003970
 958    0.0000124  -0.00006708
 959    0.0000032  -0.00001915
 960    0.0000072  -0.00004040
 961    0.0000063  -0.00003328
 962    0.0000149  -0.00009076
 963    0.0000128  -0.00007070
 964    0.0000014  -0.00000477
 965    0.0000286  -0.00012798
 966    0.0000115  -0.00006830
 967    0.0000052  -0.00002880
 968    0.0000053  -0.00002862
 969    0.0000141  -0.00007683
 970    0.0000122  -0.00006851
 971    0.0000020  -0.00001005
 972    0.0000022  -0.00001227
 973    0.0000065  -0.00004303
 974    0.0000024  -0.00001257
 975    0.0000164  -0.00009464
 976    0.0000069  -0.00003779
 977    0.0000081  -0.00004548
 978    0.0000134  -0.00007174
 979    0.0000270  -0.00013523
 980    0.0000216  -0.00012064
 981    0.0000406  -0.00020313
 982    0.0000550  -0.00026368
 983    0.0000201  -0.00012414
 984    0.0000212  -0.00015106
 985    0.0000237  -0.00017275
 986    0.0000264  -0.00029164
 987    0.0000253  -0.00028332
 988    0.0000004  -0.00000150
 989    0.0000004  -0.00000134
 990    0.0000003  -0.00000112
 991    0.0000004  -0.00000128
 992    0.0000004  -0.00000098
 993    0.0000004  -0.00000088
 994    0.0000005  -0.00000122
 995    0.0000002  -0.00000091
 996    0.0000002  -0.00000044
 997    0.0000002  -0.00000049
 998    0.0000001  -0.00000007
 999    0.0000001  -0.00000004
 1000    0.0000002  -0.00000021
 1001    0.0000011  -0.00000211
 1002    0.0000011  -0.00000268
 1003    0.0000041  -0.00002268
 1004    0.0000029  -0.00001498
 1005    0.0000027  -0.00001310
 1006    0.0000047  -0.00002375
 1007    0.0000069  -0.00003677
 1008    0.0000099  -0.00006152
 1009    0.0000031  -0.00001763
 1010    0.0000069  -0.00003816
 1011    0.0000060  -0.00002984
 1012    0.0000108  -0.00006556
 1013    0.0000100  -0.00005686
 1014    0.0000011  -0.00000214
 1015    0.0000250  -0.00011901
 1016    0.0000082  -0.00005610
 1017    0.0000026  -0.00001434
 1018    0.0000051  -0.00002741
 1019    0.0000134  -0.00006817
 1020    0.0000081  -0.00004583
 1021    0.0000016  -0.00000775
 1022    0.0000018  -0.00000967
 1023    0.0000058  -0.00003758
 1024    0.0000022  -0.00001099
 1025    0.0000148  -0.00008541
 1026    0.0000065  -0.00003550
 1027    0.0000078  -0.00004394
 1028    0.0000129  -0.00006959
 1029    0.0000082  -0.00008218
 1030    0.0000207  -0.00011575
 1031    0.0000385  -0.00021521
 1032    0.0000406  -0.00020718
 1033    0.0000197  -0.00013387
 1034    0.0000203  -0.00015088
 1035    0.0000220  -0.00016309
 1036    0.0000209  -0.00032456
 1037    0.0000188  -0.00031749
 1038    0.0000003  -0.00000095
 1039    0.0000004  -0.00000124
 1040    0.0000003  -0.00000105
 1041    0.0000004  -0.00000118
 1042    0.0000004  -0.00000107
 1043    0.0000004  -0.00000087
 1044    0.0000004  -0.00000130
 1045    0.0000002  -0.00000067
 1046    0.0000002  -0.00000043
 1047    0.0000002  -0.00000031
 1048    0.0000001  0.00000001
 1049    0.0000001  0.00000003
 1050    0.0000001  -0.00000016
 1051    0.0000010  -0.00000146
 1052    0.0000011  -0.00000199
 1053    0.0000029  -0.00001780
 1054    0.0000028  -0.00001413
 1055    0.0000021  -0.00000994
 1056    0.0000040  -0.00002018
 1057    0.0000027  -0.00001583
 1058    0.0000094  -0.00005311
 1059    0.0000026  -0.00001442
 1060    0.0000051  -0.00002787
 1061    0.0000058  -0.00003051
 1062    0.0000099  -0.00006012
 1063    0.0000029  -0.00001937
 1064    0.0000007  -0.00000068
 1065    0.0000175  -0.00010215
 1066    0.0000048  -0.00003143
 1067    0.0000021  -0.00001092
 1068    0.0000049  -0.00002652
 1069    0.0000130  -0.00006527
 1070    0.0000062  -0.00003842
 1071    0.0000012  -0.00000520
 1072    0.0000015  -0.00000720
 1073    0.0000056  -0.00003831
 1074    0.0000019  -0.00000938
 1075    0.0000145  -0.00008305
 1076    0.0000062  -0.00003438
 1077    0.0000067  -0.00003932
 1078    0.0000102  -0.00005598
 1079    0.0000044  -0.00003149
 1080    0.0000185  -0.00010857
 1081    0.0000360  -0.00019736
 1082    0.0000327  -0.00023707
 1083    0.0000181  -0.00017861
 1084    0.0000196  -0.00017929
 1085    0.0000192  -0.00030726
 1086    0.0000189  -0.00038916
 1087    0.0000184  -0.00036781
 1088    0.0000002  -0.00000080
 1089    0.0000004  -0.00000131
 1090    0.0000003  -0.00000098
 1091    0.0000004  -0.00000106
 1092    0.0000004  -0.00000105
 1093    0.0000003  -0.00000084
 1094    0.0000004  -0.00000113
 1095    0.0000002  -0.00000086
 1096    0.0000002  -0.00000019
 1097    0.0000001  -0.00000010
 1098    0.0000001  -0.00000001
 1099    0.0000001  0.00000001
 1100    0.0000001  -0.00000009
 
----------------
 Final Energies 
----------------
Final NOF Total Energy =    -683.8428694
 
Total Orbital Internal Iterations = 1390
Total Occupation Internal Iterations = 982
 
Elapsed time: 4877.23 Seconds

---------------------------------
   Lowdin Population Analysis    
---------------------------------
 Idx  Atom   Population   Charge 
---------------------------------
  1     N     6.466       0.534
  2     H     1.161      -0.161
  3     C     6.121      -0.121
  4     H     1.023      -0.023
  5     C     5.881       0.119
  6     C     6.572      -0.572
  7     H     1.026      -0.026
  8     H     1.022      -0.022
  9     C     6.653      -0.653
 10     O     7.772       0.228
 11     O     7.349       0.651
 12     O     7.730       0.270
 13     N     6.482       0.518
 14     C     5.826       0.174
 15     H     1.183      -0.183
 16     H     1.052      -0.052
 17     H     1.063      -0.063
 18     H     1.067      -0.067
 19     C     6.597      -0.597
 20     C     5.757       0.243
 21     O     7.770       0.230
 22     H     1.046      -0.046
 23     H     1.049      -0.049
 24     H     1.055      -0.055
 25     H     1.276      -0.276

---------------------------------
   M Diagnostic: 0.04
---------------------------------

