ethine_C.jld2 not found
ethine_n.jld2 not found
Computing Integrals
NVIDIA GeForce RTX 4060
Elapsed time:    2.32 Seconds

Number of basis functions                   (NBF)    = 174
Number of auxiliary basis functions         (NBFAUX) = 186
Inactive Doubly occupied orbitals up to     (NO1)    = 0
No. considered Strongly Doubly occupied MOs (NDOC)   = 7
No. considered Strongly Singly occupied MOs (NSOC)   = 0
NO. of Weakly occ. per St. Doubly occ.  MOs (NCWO)   = 23
Dimension of the Nat. Orb. subspace         (NBF5)   = 168
No. of electrons                                     = 14
    No. of alpha electrons                           = 7
    No. of beta electrons                            = 7
Multiplicity                                         = 1

Geometry
========
 C       0.0000000       0.0000000      -0.5982900
 H       0.0000000       0.0000000      -1.6629700
 C       0.0000000       0.0000000       0.5982900
 H       0.0000000       0.0000000       1.6629700

No violations of the orthonormality
No violations of the orthonormality
 
PNOF9/ADABelief Calculation
==================
 
  Nitext  Nit_orb  Time   Nit_occ  Time         Eelec          Etot           Ediff      maxdiff    MaxGrad_orb  Grad_occ
     1      10    2.2e+01   14    1.9e+01   -95.71750563   -70.86518316 -10094.71750563   1.984946   7.9e+00   2.0e-04 0.00
     2      10    3.7e-01   98    3.0e+00   -98.24262119   -73.39029872    -2.52511557   0.186486   7.4e-01   2.3e-04 0.01
     3      10    2.0e-01   88    2.3e+00   -99.27371934   -74.42139687    -1.03109815   0.547088   2.2e+00   1.7e-04 0.02
     4      10    3.2e-01   38    1.1e+00   -99.86339453   -75.01107206    -0.58967519   0.234094   9.4e-01   2.0e-04 0.03
     5      10    2.6e-01   27    8.2e-01  -100.32375048   -75.47142801    -0.46035595   0.330911   1.3e+00   1.5e-04 0.03
     6      10    2.5e-01   22    6.9e-01  -100.85316505   -76.00084258    -0.52941457   0.225388   9.0e-01   1.8e-04 0.03
     7      10    3.2e-01   15    5.1e-01  -100.95637688   -76.10405441    -0.10321183   0.191767   7.7e-01   2.0e-04 0.03
     8      10    1.9e-01    0    1.1e-01  -100.95699790   -76.10467543    -0.00062102   0.191767   7.7e-01   2.0e-04 0.03
     9      30    9.4e-01   10    4.7e-01  -101.90889656   -77.05657409    -0.95189866   0.140609   5.6e-01   2.2e-04 0.03
    10      30    7.7e-01   10    4.1e-01  -102.05386344   -77.20154097    -0.14496688   0.072943   2.9e-01   2.0e-04 0.03
    11      30    8.3e-01   11    4.5e-01  -102.08835906   -77.23603659    -0.03449562   0.016431   6.6e-02   2.3e-04 0.03
    12      30    8.7e-01    6    2.6e-01  -102.09055127   -77.23822880    -0.00219221   0.011527   4.6e-02   2.1e-04 0.03
    13      30    7.2e-01    0    1.1e-01  -102.09061843   -77.23829596    -0.00006715   0.011527   4.6e-02   2.1e-04 0.03
    14      50    1.3e+00    3    2.0e-01  -102.09213424   -77.23981177    -0.00151581   0.002141   8.6e-03   2.0e-04 0.03
    15      50    1.5e+00    3    2.3e-01  -102.09222823   -77.23990576    -0.00009399   0.002482   9.9e-03   1.9e-04 0.03
    16      50    1.1e+00    0    9.1e-02  -102.09230332   -77.23998085    -0.00007509   0.002201   8.8e-03   2.2e-04 0.03
    17      60    1.6e+00    7    3.7e-01  -102.09237369   -77.24005122    -0.00007037   0.001853   7.4e-03   1.9e-04 0.03
    18      60    1.4e+00    0    1.3e-01  -102.09246904   -77.24014657    -0.00009535   0.001562   6.2e-03   2.1e-04 0.03
    19      70    1.7e+00    3    2.1e-01  -102.09250165   -77.24017918    -0.00003261   0.001852   7.4e-03   1.8e-04 0.03
    20      70    1.7e+00    0    1.0e-01  -102.09251743   -77.24019496    -0.00001578   0.001229   4.9e-03   1.8e-04 0.03
    21      80    2.1e+00    1    1.3e-01  -102.09253747   -77.24021500    -0.00002004   0.001307   5.2e-03   2.0e-04 0.03
    22      80    2.0e+00    0    1.2e-01  -102.09254635   -77.24022388    -0.00000888   0.001367   5.5e-03   1.8e-04 0.03
    23      90    2.3e+00    0    8.7e-02  -102.09255976   -77.24023729    -0.00001341   0.001066   4.3e-03   1.8e-04 0.03
    24     100    2.5e+00    0    8.2e-02  -102.09255182   -77.24022935     0.00000794   0.000923   3.7e-03   1.9e-04 0.03
 
RESULTS OF THE OCCUPATION OPTIMIZATION
========================================
   1    1.9999410  -11.24721909
   2    1.9999437  -11.24342442
   3    1.9827641  -0.98079759
   4    1.9778555  -0.79137671
   5    1.9756885  -0.76830637
   6    1.9629025  -0.43915471
   7    1.9631430  -0.43911096
   8    0.0264134  -0.02945339
   9    0.0271315  -0.02985442
  10    0.0132322  -0.02089575
  11    0.0166293  -0.02714506
  12    0.0060133  -0.01169273
  13    0.0000224  -0.00055750
  14    0.0000274  -0.00064353
  15    0.0051052  -0.00743701
  16    0.0052092  -0.00748218
  17    0.0059640  -0.01243042
  18    0.0027032  -0.00553784
  19    0.0025967  -0.00528392
  20    0.0000096  -0.00010249
  21    0.0000059  -0.00005035
  22    0.0033144  -0.00494277
  23    0.0033505  -0.00498118
  24    0.0019456  -0.00407484
  25    0.0008672  -0.00274062
  26    0.0024923  -0.00666281
  27    0.0000049  -0.00004157
  28    0.0000046  -0.00004100
  29    0.0007860  -0.00141205
  30    0.0007951  -0.00144054
  31    0.0018545  -0.00400667
  32    0.0006660  -0.00171696
  33    0.0014583  -0.00500792
  34    0.0000033  -0.00003578
  35    0.0000037  -0.00004419
  36    0.0002451  -0.00050895
  37    0.0002438  -0.00054114
  38    0.0006467  -0.00185268
  39    0.0003468  -0.00122947
  40    0.0008556  -0.00362537
  41    0.0000030  -0.00005433
  42    0.0000036  -0.00005572
  43    0.0002371  -0.00050190
  44    0.0001191  -0.00027304
  45    0.0002744  -0.00067612
  46    0.0001650  -0.00106447
  47    0.0007369  -0.00273926
  48    0.0000028  -0.00002530
  49    0.0000023  -0.00002413
  50    0.0001967  -0.00052078
  51    0.0001022  -0.00026803
  52    0.0002318  -0.00064011
  53    0.0001451  -0.00048259
  54    0.0007089  -0.00179708
  55    0.0000015  -0.00001546
  56    0.0000018  -0.00002841
  57    0.0001096  -0.00024236
  58    0.0000665  -0.00020652
  59    0.0000405  -0.00015708
  60    0.0001332  -0.00037105
  61    0.0005940  -0.00160875
  62    0.0000011  -0.00001128
  63    0.0000017  -0.00002849
  64    0.0000988  -0.00025729
  65    0.0000200  -0.00006215
  66    0.0000321  -0.00013407
  67    0.0001261  -0.00036273
  68    0.0004398  -0.00189624
  69    0.0000011  -0.00000877
  70    0.0000014  -0.00001483
  71    0.0000725  -0.00021527
  72    0.0000144  -0.00005485
  73    0.0000246  -0.00010890
  74    0.0001169  -0.00048233
  75    0.0003263  -0.00086724
  76    0.0000010  -0.00000730
  77    0.0000013  -0.00001421
  78    0.0000569  -0.00016735
  79    0.0000118  -0.00004924
  80    0.0000194  -0.00008182
  81    0.0001116  -0.00031961
  82    0.0003222  -0.00101968
  83    0.0000009  -0.00002751
  84    0.0000010  -0.00001986
  85    0.0000506  -0.00017540
  86    0.0000085  -0.00003283
  87    0.0000154  -0.00007732
  88    0.0000284  -0.00012087
  89    0.0001239  -0.00051796
  90    0.0000008  -0.00000671
  91    0.0000008  -0.00001659
  92    0.0000359  -0.00010356
  93    0.0000063  -0.00002542
  94    0.0000071  -0.00003718
  95    0.0000232  -0.00008451
  96    0.0001227  -0.00035712
  97    0.0000008  -0.00002222
  98    0.0000007  -0.00000512
  99    0.0000344  -0.00008242
 100    0.0000048  -0.00002200
 101    0.0000059  -0.00003325
 102    0.0000219  -0.00008345
 103    0.0001075  -0.00027976
 104    0.0000006  -0.00000291
 105    0.0000007  -0.00000306
 106    0.0000317  -0.00008221
 107    0.0000042  -0.00001203
 108    0.0000047  -0.00002194
 109    0.0000151  -0.00006429
 110    0.0001050  -0.00027991
 111    0.0000005  -0.00000242
 112    0.0000005  -0.00000238
 113    0.0000152  -0.00005561
 114    0.0000038  -0.00001193
 115    0.0000021  -0.00000961
 116    0.0000119  -0.00005283
 117    0.0000652  -0.00028793
 118    0.0000004  -0.00000197
 119    0.0000003  -0.00000081
 120    0.0000139  -0.00005447
 121    0.0000014  -0.00000360
 122    0.0000020  -0.00000936
 123    0.0000088  -0.00003855
 124    0.0000436  -0.00015177
 125    0.0000004  -0.00000181
 126    0.0000002  -0.00000126
 127    0.0000124  -0.00004397
 128    0.0000013  -0.00000194
 129    0.0000020  -0.00000889
 130    0.0000073  -0.00003556
 131    0.0000406  -0.00014897
 132    0.0000003  -0.00000246
 133    0.0000002  -0.00000139
 134    0.0000108  -0.00003942
 135    0.0000008  -0.00000027
 136    0.0000018  -0.00000868
 137    0.0000072  -0.00003621
 138    0.0000380  -0.00014355
 139    0.0000002  -0.00000061
 140    0.0000002  -0.00000043
 141    0.0000101  -0.00003542
 142    0.0000007  -0.00000071
 143    0.0000013  -0.00000520
 144    0.0000042  -0.00002374
 145    0.0000212  -0.00008665
 146    0.0000002  -0.00000097
 147    0.0000002  -0.00000035
 148    0.0000037  -0.00001099
 149    0.0000006  -0.00000026
 150    0.0000012  -0.00000415
 151    0.0000027  -0.00001601
 152    0.0000140  -0.00005672
 153    0.0000001  -0.00000038
 154    0.0000002  -0.00000035
 155    0.0000018  -0.00000427
 156    0.0000005  -0.00000016
 157    0.0000012  -0.00000198
 158    0.0000020  -0.00000922
 159    0.0000072  -0.00003868
 160    0.0000001  -0.00000028
 161    0.0000002  -0.00000052
 162    0.0000009  -0.00000027
 163    0.0000005  -0.00000013
 164    0.0000010  -0.00000117
 165    0.0000015  -0.00000646
 166    0.0000026  -0.00001597
 167    0.0000001  -0.00000019
 168    0.0000001  -0.00000019
 
----------------
 Final Energies 
----------------
Final NOF Total Energy =     -77.2402293
 
Total Orbital Internal Iterations = 990
Total Occupation Internal Iterations = 356
 
Elapsed time:   94.05 Seconds

---------------------------------
   Lowdin Population Analysis    
---------------------------------
 Idx  Atom   Population   Charge 
---------------------------------
  1     C     5.870       0.130
  2     H     1.132      -0.132
  3     C     5.868       0.132
  4     H     1.130      -0.130

---------------------------------
   M Diagnostic: 0.03
---------------------------------

