hexandione_C.jld2 not found
hexandione_n.jld2 not found
Computing Integrals
NVIDIA GeForce RTX 4060
Elapsed time:    8.66 Seconds

Number of basis functions                   (NBF)    = 756
Number of auxiliary basis functions         (NBFAUX) = 784
Inactive Doubly occupied orbitals up to     (NO1)    = 0
No. considered Strongly Doubly occupied MOs (NDOC)   = 31
No. considered Strongly Singly occupied MOs (NSOC)   = 0
NO. of Weakly occ. per St. Doubly occ.  MOs (NCWO)   = 23
Dimension of the Nat. Orb. subspace         (NBF5)   = 744
No. of electrons                                     = 62
    No. of alpha electrons                           = 31
    No. of beta electrons                            = 31
Multiplicity                                         = 1

Geometry
========
 C      -6.4381800       0.0215100       0.5315300
 H      -6.5399900      -0.0866900      -0.5600400
 H      -6.4444200       1.1024200       0.7413500
 H      -7.2768900      -0.4767800       1.0293200
 C      -5.1271600      -0.5799200       0.9765800
 C      -3.8593700       0.1657600       0.5284700
 H      -3.0477200      -0.5670900       0.4400600
 H      -4.0286700       0.6842200      -0.4236900
 C      -3.5271500       1.2258200       1.5928100
 C      -2.5800100       0.7801900       2.6889800
 H      -1.6143300       0.5475500       2.2036900
 H      -2.9461000      -0.1963300       3.0535900
 C      -2.4055000       1.7885700       3.8188400
 H      -3.3627100       1.9914300       4.3171800
 H      -1.7002700       1.4081200       4.5699800
 H      -2.0256100       2.7455600       3.4389400
 O      -5.0512700      -1.5713600       1.6817100
 O      -4.0403200       2.3310900       1.5554600

No violations of the orthonormality
No violations of the orthonormality
 
PNOF9/ADABelief Calculation
==================
 
  Nitext  Nit_orb  Time   Nit_occ  Time         Eelec          Etot           Ediff      maxdiff    MaxGrad_orb  Grad_occ
     1      10    2.7e+01   14    3.8e+01  -721.82606534  -352.78509129 -10720.82606534   0.439176   1.8e+00   1.6e-04 0.00
     2      10    5.0e+00    0    1.3e+00  -721.88103783  -352.84006377    -0.05497248   0.439176   1.8e+00   1.6e-04 0.00
     3      30    1.4e+01  169    2.4e+02  -746.70379735  -377.66282330   -24.82275953   0.624648   2.5e+00   2.1e-04 0.01
     4      30    1.4e+01   97    1.3e+02  -752.10327268  -383.06229863    -5.39947533   0.932209   3.7e+00   3.4e-04 0.02
     5      30    1.3e+01   67    9.1e+01  -753.17710613  -384.13613207    -1.07383344   0.074142   3.0e-01   2.1e-04 0.02
     6      30    1.5e+01   49    6.7e+01  -753.40978798  -384.36881392    -0.23268185   0.136534   5.5e-01   3.1e-04 0.03
     7      30    1.4e+01    0    1.3e+00  -753.41793380  -384.37695975    -0.00814583   0.136535   5.5e-01   3.1e-04 0.03
     8      50    2.3e+01   55    7.5e+01  -753.62199186  -384.58101781    -0.20405806   0.014352   5.7e-02   2.6e-04 0.03
     9      50    2.3e+01   22    3.1e+01  -753.64522693  -384.60425287    -0.02323507   0.006630   2.7e-02   3.5e-04 0.03
    10      50    2.3e+01   40    5.5e+01  -753.66322036  -384.62224630    -0.01799343   0.005897   2.4e-02   2.3e-04 0.03
    11      50    2.2e+01   29    4.0e+01  -753.67836859  -384.63739453    -0.01514823   0.004671   1.9e-02   2.9e-04 0.03
    12      50    2.2e+01   27    3.7e+01  -753.69207990  -384.65110584    -0.01371131   0.004503   1.8e-02   3.0e-04 0.03
    13      50    2.3e+01   31    4.3e+01  -753.70427169  -384.66329763    -0.01219179   0.004129   1.7e-02   3.0e-04 0.03
    14      50    2.3e+01   27    3.8e+01  -753.71510486  -384.67413080    -0.01083317   0.004071   1.6e-02   2.9e-04 0.03
    15      50    2.4e+01   29    4.0e+01  -753.72443458  -384.68346052    -0.00932972   0.003612   1.4e-02   2.5e-04 0.04
    16      50    2.3e+01   20    2.8e+01  -753.73302876  -384.69205470    -0.00859418   0.035802   1.4e-01   2.4e-04 0.04
    17      50    2.3e+01   28    3.9e+01  -753.74170550  -384.70073144    -0.00867674   0.003031   1.2e-02   2.6e-04 0.04
    18      50    2.2e+01   24    3.4e+01  -753.74920887  -384.70823481    -0.00750337   0.003723   1.5e-02   2.3e-04 0.04
    19      50    2.3e+01   23    3.2e+01  -753.75583953  -384.71486548    -0.00663066   0.004786   1.9e-02   2.2e-04 0.04
    20      50    2.3e+01   19    2.7e+01  -753.76108731  -384.72011325    -0.00524778   0.004067   1.6e-02   2.9e-04 0.04
    21      50    2.2e+01   21    3.0e+01  -753.76565152  -384.72467746    -0.00456421   0.003815   1.5e-02   2.3e-04 0.04
    22      50    2.2e+01   14    2.0e+01  -753.76909554  -384.72812148    -0.00344402   0.003518   1.4e-02   3.2e-04 0.04
    23      50    2.3e+01   16    2.3e+01  -753.77184719  -384.73087313    -0.00275165   0.003155   1.3e-02   2.7e-04 0.04
    24      50    2.3e+01   15    2.1e+01  -753.77409938  -384.73312532    -0.00225219   0.003096   1.2e-02   3.0e-04 0.04
    25      50    2.3e+01   12    1.8e+01  -753.77613080  -384.73515674    -0.00203142   0.003418   1.4e-02   3.6e-04 0.04
    26      50    2.4e+01   15    2.2e+01  -753.77777481  -384.73680075    -0.00164401   0.003817   1.5e-02   2.6e-04 0.04
    27      50    2.3e+01   15    2.2e+01  -753.77919378  -384.73821972    -0.00141898   0.003399   1.4e-02   2.4e-04 0.04
    28      50    2.3e+01   14    2.0e+01  -753.78023280  -384.73925874    -0.00103902   0.003691   1.5e-02   2.7e-04 0.04
    29      50    2.3e+01   11    1.6e+01  -753.78150179  -384.74052773    -0.00126899   0.004091   1.6e-02   3.2e-04 0.04
    30      50    2.3e+01   14    2.0e+01  -753.78256314  -384.74158909    -0.00106135   0.003920   1.6e-02   2.3e-04 0.04
    31      50    2.2e+01    5    8.1e+00  -753.78373705  -384.74276300    -0.00117391   0.003248   1.3e-02   3.7e-04 0.04
    32      50    2.3e+01   11    1.6e+01  -753.78463950  -384.74366545    -0.00090245   0.004072   1.6e-02   3.3e-04 0.04
    33      50    2.3e+01    8    1.2e+01  -753.78534070  -384.74436664    -0.00070119   0.003694   1.5e-02   3.1e-04 0.04
    34      50    2.2e+01   11    1.6e+01  -753.78579302  -384.74481896    -0.00045232   0.004031   1.6e-02   3.5e-04 0.04
    35      50    2.2e+01    7    1.1e+01  -753.78631963  -384.74534557    -0.00052661   0.003696   1.5e-02   3.1e-04 0.04
    36      50    2.3e+01    7    1.1e+01  -753.78678009  -384.74580604    -0.00046046   0.004913   2.0e-02   3.3e-04 0.04
    37      50    2.3e+01   10    1.5e+01  -753.78711505  -384.74614099    -0.00033495   0.003854   1.5e-02   3.5e-04 0.04
    38      50    2.2e+01    7    1.1e+01  -753.78750413  -384.74653008    -0.00038909   0.003454   1.4e-02   3.1e-04 0.04
    39      50    2.2e+01   13    1.9e+01  -753.78772541  -384.74675136    -0.00022128   0.003054   1.2e-02   2.2e-04 0.04
    40      50    2.2e+01    7    1.1e+01  -753.78822619  -384.74725213    -0.00050077   0.003918   1.6e-02   2.1e-04 0.04
    41      50    2.2e+01   13    1.9e+01  -753.78845276  -384.74747870    -0.00022657   0.003881   1.6e-02   2.2e-04 0.04
    42      50    2.3e+01    7    1.1e+01  -753.78899636  -384.74802230    -0.00054360   0.004068   1.6e-02   2.2e-04 0.04
    43      50    2.3e+01    7    1.1e+01  -753.78917959  -384.74820554    -0.00018324   0.037496   1.5e-01   2.5e-04 0.04
    44      50    2.3e+01    6    9.4e+00  -753.78950255  -384.74852849    -0.00032295   0.003506   1.4e-02   3.5e-04 0.04
    45      50    2.3e+01   12    1.8e+01  -753.78957155  -384.74859750    -0.00006901   0.003469   1.4e-02   2.7e-04 0.04
    46      50    2.3e+01    7    1.1e+01  -753.78993849  -384.74896444    -0.00036694   0.003398   1.4e-02   2.2e-04 0.04
    47      50    2.3e+01    0    1.3e+00  -753.78996601  -384.74899195    -0.00002752   0.003399   1.4e-02   2.2e-04 0.04
    48      70    3.2e+01    6    9.4e+00  -753.79081750  -384.74984344    -0.00085148   0.001528   6.1e-03   2.7e-04 0.04
    49      70    3.2e+01    4    6.8e+00  -753.79093895  -384.74996490    -0.00012146   0.001123   4.5e-03   2.8e-04 0.04
    50      70    3.2e+01    7    1.1e+01  -753.79094660  -384.74997254    -0.00000764   0.000841   3.4e-03   2.3e-04 0.04
 
RESULTS OF THE OCCUPATION OPTIMIZATION
========================================
   1    1.9999909  -20.59064484
   2    1.9999951  -20.58923149
   3    1.9999725  -11.30031490
   4    1.9999656  -11.29915524
   5    1.9999674  -11.29082203
   6    1.9999593  -11.28052235
   7    1.9999709  -11.27507496
   8    1.9999794  -11.25146484
   9    1.9848132  -1.18845761
  10    1.9868671  -1.18471217
  11    1.9848937  -1.16351616
  12    1.9865035  -1.13592052
  13    1.9853095  -1.09044826
  14    1.9838598  -0.96120220
  15    1.9727003  -0.75794852
  16    1.9793251  -0.73872066
  17    1.9717338  -0.68412840
  18    1.9743988  -0.68405849
  19    1.9724137  -0.66601068
  20    1.9788360  -0.64916170
  21    1.9764914  -0.61896420
  22    1.9701826  -0.60256171
  23    1.9695452  -0.59804273
  24    1.9721925  -0.59592432
  25    1.9733696  -0.57939148
  26    1.9706143  -0.57812810
  27    1.9695658  -0.57091439
  28    1.9630592  -0.56904495
  29    1.9625255  -0.56777972
  30    1.9686894  -0.56606436
  31    1.9725883  -0.56331187
  32    0.0255706  -0.03647819
  33    0.0154005  -0.02508213
  34    0.0339628  -0.04813723
  35    0.0368162  -0.05032383
  36    0.0119154  -0.01713879
  37    0.0208836  -0.03123815
  38    0.0170043  -0.02106581
  39    0.0148457  -0.01979894
  40    0.0113165  -0.01626550
  41    0.0119221  -0.01774490
  42    0.0192116  -0.02324347
  43    0.0081648  -0.01464418
  44    0.0187013  -0.02883448
  45    0.0229879  -0.03360974
  46    0.0186415  -0.03432381
  47    0.0067605  -0.01324879
  48    0.0203616  -0.03673194
  49    0.0027336  -0.00794569
  50    0.0030523  -0.00755469
  51    0.0023872  -0.00808009
  52    0.0083249  -0.01904634
  53    0.0049767  -0.00919571
  54    0.0086687  -0.01954477
  55    0.0000066  -0.00017642
  56    0.0000037  -0.00003414
  57    0.0000106  -0.00031398
  58    0.0000072  -0.00016253
  59    0.0000095  -0.00023100
  60    0.0000227  -0.00044848
  61    0.0000009  -0.00001574
  62    0.0000064  -0.00019924
  63    0.0004109  -0.00098375
  64    0.0087615  -0.01489165
  65    0.0030022  -0.00637873
  66    0.0000192  -0.00008801
  67    0.0109439  -0.01615917
  68    0.0038956  -0.00710807
  69    0.0051933  -0.00756521
  70    0.0045731  -0.00729536
  71    0.0109832  -0.01650963
  72    0.0112184  -0.01630724
  73    0.0014788  -0.00291237
  74    0.0044850  -0.00858068
  75    0.0043723  -0.00795088
  76    0.0010276  -0.00226498
  77    0.0035916  -0.00839918
  78    0.0051287  -0.01056313
  79    0.0034870  -0.00797055
  80    0.0023479  -0.00540004
  81    0.0024116  -0.00791381
  82    0.0014201  -0.00419276
  83    0.0026681  -0.00715216
  84    0.0013504  -0.00573329
  85    0.0044145  -0.00954110
  86    0.0000022  -0.00001828
  87    0.0000031  -0.00002824
  88    0.0000071  -0.00016342
  89    0.0000038  -0.00003809
  90    0.0000044  -0.00007438
  91    0.0000006  -0.00000443
  92    0.0000004  -0.00002003
  93    0.0000004  -0.00003599
  94    0.0003212  -0.00083437
  95    0.0036156  -0.00688343
  96    0.0002215  -0.00067402
  97    0.0000160  -0.00008258
  98    0.0037923  -0.00616139
  99    0.0037045  -0.00681454
 100    0.0012187  -0.00246176
 101    0.0044199  -0.00699945
 102    0.0039613  -0.00649230
 103    0.0036092  -0.00613369
 104    0.0011717  -0.00220140
 105    0.0038262  -0.00744265
 106    0.0038575  -0.00709069
 107    0.0007560  -0.00172583
 108    0.0027946  -0.00666843
 109    0.0036442  -0.00743777
 110    0.0027018  -0.00650737
 111    0.0019302  -0.00654099
 112    0.0016942  -0.00554636
 113    0.0013113  -0.00411980
 114    0.0010367  -0.00343022
 115    0.0011551  -0.00380821
 116    0.0010621  -0.00319895
 117    0.0000020  -0.00001550
 118    0.0000028  -0.00002484
 119    0.0000064  -0.00012262
 120    0.0000035  -0.00003532
 121    0.0000031  -0.00002905
 122    0.0000005  -0.00000225
 123    0.0000003  -0.00001923
 124    0.0000002  -0.00000083
 125    0.0002609  -0.00071197
 126    0.0032503  -0.00624893
 127    0.0002204  -0.00067345
 128    0.0000151  -0.00008172
 129    0.0031651  -0.00563017
 130    0.0007059  -0.00160992
 131    0.0010350  -0.00195335
 132    0.0016769  -0.00312927
 133    0.0037651  -0.00610852
 134    0.0027203  -0.00507962
 135    0.0004543  -0.00096866
 136    0.0018348  -0.00532664
 137    0.0002248  -0.00063515
 138    0.0003770  -0.00090655
 139    0.0025570  -0.00638052
 140    0.0016117  -0.00482821
 141    0.0002582  -0.00086445
 142    0.0013283  -0.00356082
 143    0.0011139  -0.00375737
 144    0.0011525  -0.00378384
 145    0.0007265  -0.00225838
 146    0.0010274  -0.00322961
 147    0.0003092  -0.00107102
 148    0.0000013  -0.00001338
 149    0.0000026  -0.00002578
 150    0.0000025  -0.00002377
 151    0.0000022  -0.00002284
 152    0.0000022  -0.00001861
 153    0.0000003  -0.00000131
 154    0.0000003  -0.00000118
 155    0.0000001  -0.00000049
 156    0.0002111  -0.00059661
 157    0.0000683  -0.00021727
 158    0.0000302  -0.00008086
 159    0.0000140  -0.00008053
 160    0.0001959  -0.00051823
 161    0.0000606  -0.00019444
 162    0.0008079  -0.00164342
 163    0.0009879  -0.00221600
 164    0.0001506  -0.00042308
 165    0.0000828  -0.00022277
 166    0.0001573  -0.00044309
 167    0.0005673  -0.00155848
 168    0.0001263  -0.00038770
 169    0.0000866  -0.00027318
 170    0.0005613  -0.00175966
 171    0.0007774  -0.00199681
 172    0.0001536  -0.00055125
 173    0.0011968  -0.00340719
 174    0.0010486  -0.00307480
 175    0.0011110  -0.00335314
 176    0.0005753  -0.00198784
 177    0.0007301  -0.00261533
 178    0.0001057  -0.00043147
 179    0.0000012  -0.00001929
 180    0.0000023  -0.00001923
 181    0.0000019  -0.00001479
 182    0.0000018  -0.00001341
 183    0.0000018  -0.00001388
 184    0.0000003  -0.00000145
 185    0.0000002  -0.00000088
 186    0.0000001  -0.00000047
 187    0.0001608  -0.00046685
 188    0.0000485  -0.00015523
 189    0.0000069  -0.00002848
 190    0.0000084  -0.00003434
 191    0.0001079  -0.00028337
 192    0.0000485  -0.00016354
 193    0.0006606  -0.00129916
 194    0.0003291  -0.00082307
 195    0.0000756  -0.00022628
 196    0.0000592  -0.00017872
 197    0.0001448  -0.00039780
 198    0.0003340  -0.00094798
 199    0.0000834  -0.00026228
 200    0.0000552  -0.00018174
 201    0.0000402  -0.00014399
 202    0.0005298  -0.00152228
 203    0.0000930  -0.00031892
 204    0.0011109  -0.00312247
 205    0.0009602  -0.00266810
 206    0.0009842  -0.00272972
 207    0.0003397  -0.00147419
 208    0.0005927  -0.00219368
 209    0.0001054  -0.00071138
 210    0.0000012  -0.00002121
 211    0.0000019  -0.00001578
 212    0.0000017  -0.00001492
 213    0.0000016  -0.00001490
 214    0.0000014  -0.00001051
 215    0.0000003  -0.00000107
 216    0.0000002  -0.00000067
 217    0.0000001  -0.00000046
 218    0.0001359  -0.00040816
 219    0.0000371  -0.00012429
 220    0.0000062  -0.00002503
 221    0.0000061  -0.00002544
 222    0.0000740  -0.00020546
 223    0.0000377  -0.00013096
 224    0.0003203  -0.00070026
 225    0.0002353  -0.00059969
 226    0.0000479  -0.00015630
 227    0.0000504  -0.00016230
 228    0.0001264  -0.00032726
 229    0.0002994  -0.00092922
 230    0.0000543  -0.00017838
 231    0.0000490  -0.00016571
 232    0.0000166  -0.00008383
 233    0.0004605  -0.00130697
 234    0.0000545  -0.00021060
 235    0.0010769  -0.00285212
 236    0.0007038  -0.00362061
 237    0.0007340  -0.00384741
 238    0.0003183  -0.00118600
 239    0.0004812  -0.00194724
 240    0.0000616  -0.00032401
 241    0.0000009  -0.00002173
 242    0.0000019  -0.00001709
 243    0.0000014  -0.00001155
 244    0.0000015  -0.00001633
 245    0.0000012  -0.00001811
 246    0.0000002  -0.00000091
 247    0.0000002  -0.00000059
 248    0.0000001  -0.00000038
 249    0.0000968  -0.00028764
 250    0.0000285  -0.00010104
 251    0.0000049  -0.00002163
 252    0.0000056  -0.00002344
 253    0.0000563  -0.00017270
 254    0.0000079  -0.00003834
 255    0.0000632  -0.00019088
 256    0.0001884  -0.00050682
 257    0.0000369  -0.00012754
 258    0.0000382  -0.00013292
 259    0.0001210  -0.00032882
 260    0.0002691  -0.00078849
 261    0.0000397  -0.00014191
 262    0.0000385  -0.00014504
 263    0.0000116  -0.00005799
 264    0.0004384  -0.00119152
 265    0.0000403  -0.00014787
 266    0.0010088  -0.00276936
 267    0.0005988  -0.00186196
 268    0.0006056  -0.00192979
 269    0.0002863  -0.00096158
 270    0.0004461  -0.00186001
 271    0.0000519  -0.00023822
 272    0.0000008  -0.00001242
 273    0.0000012  -0.00003236
 274    0.0000012  -0.00001570
 275    0.0000014  -0.00003076
 276    0.0000012  -0.00002329
 277    0.0000002  -0.00000082
 278    0.0000002  -0.00000061
 279    0.0000001  -0.00000035
 280    0.0000335  -0.00012030
 281    0.0000267  -0.00009423
 282    0.0000043  -0.00001748
 283    0.0000054  -0.00002313
 284    0.0000451  -0.00014183
 285    0.0000049  -0.00002914
 286    0.0000550  -0.00016733
 287    0.0001674  -0.00047769
 288    0.0000279  -0.00010124
 289    0.0000346  -0.00012135
 290    0.0000947  -0.00028521
 291    0.0002527  -0.00073538
 292    0.0000278  -0.00011170
 293    0.0000323  -0.00012425
 294    0.0000093  -0.00004387
 295    0.0002713  -0.00082690
 296    0.0000288  -0.00012705
 297    0.0008136  -0.00249048
 298    0.0004730  -0.00154980
 299    0.0005665  -0.00191260
 300    0.0002263  -0.00106345
 301    0.0004122  -0.00162615
 302    0.0000445  -0.00033664
 303    0.0000004  -0.00000187
 304    0.0000012  -0.00003289
 305    0.0000011  -0.00001544
 306    0.0000010  -0.00003291
 307    0.0000011  -0.00002535
 308    0.0000002  -0.00000080
 309    0.0000002  -0.00000058
 310    0.0000001  -0.00000029
 311    0.0000317  -0.00012443
 312    0.0000200  -0.00007502
 313    0.0000038  -0.00001623
 314    0.0000042  -0.00001882
 315    0.0000356  -0.00012538
 316    0.0000045  -0.00002575
 317    0.0000403  -0.00014125
 318    0.0001194  -0.00035388
 319    0.0000187  -0.00007166
 320    0.0000143  -0.00005989
 321    0.0000854  -0.00025645
 322    0.0002316  -0.00068648
 323    0.0000223  -0.00008905
 324    0.0000308  -0.00012371
 325    0.0000078  -0.00003946
 326    0.0002553  -0.00077921
 327    0.0000253  -0.00011543
 328    0.0005971  -0.00182150
 329    0.0003943  -0.00113957
 330    0.0004764  -0.00140941
 331    0.0001034  -0.00060389
 332    0.0003378  -0.00143038
 333    0.0000420  -0.00032180
 334    0.0000004  -0.00000141
 335    0.0000011  -0.00003330
 336    0.0000011  -0.00001936
 337    0.0000009  -0.00001046
 338    0.0000010  -0.00002206
 339    0.0000002  -0.00000067
 340    0.0000002  -0.00000046
 341    0.0000001  -0.00000029
 342    0.0000278  -0.00010990
 343    0.0000141  -0.00005397
 344    0.0000017  -0.00000653
 345    0.0000038  -0.00001764
 346    0.0000253  -0.00008812
 347    0.0000039  -0.00002226
 348    0.0000373  -0.00012515
 349    0.0000957  -0.00028393
 350    0.0000120  -0.00005073
 351    0.0000127  -0.00005322
 352    0.0000737  -0.00020838
 353    0.0001526  -0.00050453
 354    0.0000168  -0.00007852
 355    0.0000267  -0.00010286
 356    0.0000054  -0.00003185
 357    0.0002375  -0.00074079
 358    0.0000249  -0.00011542
 359    0.0004723  -0.00128574
 360    0.0003787  -0.00136453
 361    0.0004456  -0.00146116
 362    0.0000857  -0.00038356
 363    0.0002723  -0.00098705
 364    0.0000397  -0.00021687
 365    0.0000003  -0.00000144
 366    0.0000010  -0.00001808
 367    0.0000009  -0.00000942
 368    0.0000008  -0.00000610
 369    0.0000009  -0.00001188
 370    0.0000002  -0.00000070
 371    0.0000002  -0.00000055
 372    0.0000001  -0.00000025
 373    0.0000275  -0.00010635
 374    0.0000086  -0.00003809
 375    0.0000012  -0.00000347
 376    0.0000035  -0.00001502
 377    0.0000195  -0.00007516
 378    0.0000037  -0.00002057
 379    0.0000325  -0.00011306
 380    0.0000798  -0.00024707
 381    0.0000087  -0.00004009
 382    0.0000079  -0.00003785
 383    0.0000688  -0.00020740
 384    0.0001301  -0.00043047
 385    0.0000134  -0.00006380
 386    0.0000213  -0.00009313
 387    0.0000052  -0.00002886
 388    0.0002187  -0.00068524
 389    0.0000183  -0.00009089
 390    0.0003465  -0.00105749
 391    0.0002806  -0.00104623
 392    0.0004029  -0.00155407
 393    0.0000667  -0.00034918
 394    0.0002301  -0.00114110
 395    0.0000360  -0.00022014
 396    0.0000003  -0.00000108
 397    0.0000009  -0.00001286
 398    0.0000008  -0.00000425
 399    0.0000007  -0.00000731
 400    0.0000009  -0.00000775
 401    0.0000002  -0.00000081
 402    0.0000002  -0.00000051
 403    0.0000001  -0.00000027
 404    0.0000183  -0.00008836
 405    0.0000067  -0.00003317
 406    0.0000011  -0.00000347
 407    0.0000031  -0.00001149
 408    0.0000155  -0.00006290
 409    0.0000034  -0.00001801
 410    0.0000287  -0.00010412
 411    0.0000198  -0.00008308
 412    0.0000081  -0.00003828
 413    0.0000077  -0.00003753
 414    0.0000536  -0.00017434
 415    0.0001171  -0.00040488
 416    0.0000123  -0.00005680
 417    0.0000166  -0.00008201
 418    0.0000046  -0.00002768
 419    0.0000973  -0.00031833
 420    0.0000168  -0.00008153
 421    0.0003127  -0.00094806
 422    0.0002777  -0.00087015
 423    0.0003420  -0.00155248
 424    0.0000592  -0.00030648
 425    0.0002044  -0.00101495
 426    0.0000328  -0.00018500
 427    0.0000003  -0.00000107
 428    0.0000007  -0.00000408
 429    0.0000006  -0.00000295
 430    0.0000007  -0.00000428
 431    0.0000007  -0.00000375
 432    0.0000002  -0.00000062
 433    0.0000001  -0.00000051
 434    0.0000001  -0.00000028
 435    0.0000152  -0.00008004
 436    0.0000063  -0.00003157
 437    0.0000011  -0.00000264
 438    0.0000029  -0.00001151
 439    0.0000144  -0.00005389
 440    0.0000034  -0.00001743
 441    0.0000220  -0.00008660
 442    0.0000158  -0.00007315
 443    0.0000077  -0.00003589
 444    0.0000068  -0.00003452
 445    0.0000425  -0.00015203
 446    0.0000992  -0.00033113
 447    0.0000077  -0.00003940
 448    0.0000146  -0.00006943
 449    0.0000041  -0.00002391
 450    0.0000892  -0.00030668
 451    0.0000141  -0.00007244
 452    0.0002729  -0.00084789
 453    0.0002481  -0.00090959
 454    0.0002908  -0.00095709
 455    0.0000445  -0.00024939
 456    0.0001577  -0.00073695
 457    0.0000311  -0.00015334
 458    0.0000003  -0.00000106
 459    0.0000006  -0.00000339
 460    0.0000005  -0.00000190
 461    0.0000007  -0.00000434
 462    0.0000007  -0.00000336
 463    0.0000002  -0.00000067
 464    0.0000001  -0.00000045
 465    0.0000001  -0.00000023
 466    0.0000143  -0.00007615
 467    0.0000053  -0.00002720
 468    0.0000009  -0.00000161
 469    0.0000028  -0.00001091
 470    0.0000088  -0.00003892
 471    0.0000030  -0.00001589
 472    0.0000159  -0.00007300
 473    0.0000134  -0.00006001
 474    0.0000076  -0.00003654
 475    0.0000058  -0.00003148
 476    0.0000389  -0.00014136
 477    0.0000923  -0.00030423
 478    0.0000057  -0.00003182
 479    0.0000119  -0.00005775
 480    0.0000037  -0.00002230
 481    0.0000769  -0.00026776
 482    0.0000101  -0.00004912
 483    0.0001968  -0.00080046
 484    0.0002214  -0.00081551
 485    0.0002821  -0.00096744
 486    0.0000388  -0.00019002
 487    0.0001351  -0.00056834
 488    0.0000251  -0.00015586
 489    0.0000003  -0.00000121
 490    0.0000006  -0.00000286
 491    0.0000004  -0.00000147
 492    0.0000006  -0.00000304
 493    0.0000006  -0.00000265
 494    0.0000002  -0.00000064
 495    0.0000001  -0.00000045
 496    0.0000001  -0.00000026
 497    0.0000127  -0.00005873
 498    0.0000047  -0.00002421
 499    0.0000009  -0.00000126
 500    0.0000027  -0.00000995
 501    0.0000050  -0.00002644
 502    0.0000027  -0.00001385
 503    0.0000150  -0.00006854
 504    0.0000123  -0.00005218
 505    0.0000066  -0.00003506
 506    0.0000046  -0.00002667
 507    0.0000328  -0.00012080
 508    0.0000836  -0.00028737
 509    0.0000056  -0.00003295
 510    0.0000116  -0.00005412
 511    0.0000034  -0.00001969
 512    0.0000188  -0.00009955
 513    0.0000071  -0.00003889
 514    0.0001401  -0.00059535
 515    0.0001635  -0.00069575
 516    0.0002490  -0.00094147
 517    0.0000372  -0.00025316
 518    0.0001259  -0.00056218
 519    0.0000244  -0.00015029
 520    0.0000003  -0.00000115
 521    0.0000006  -0.00000251
 522    0.0000004  -0.00000143
 523    0.0000006  -0.00000304
 524    0.0000005  -0.00000260
 525    0.0000002  -0.00000057
 526    0.0000001  -0.00000040
 527    0.0000001  -0.00000020
 528    0.0000120  -0.00005476
 529    0.0000025  -0.00001236
 530    0.0000008  -0.00000086
 531    0.0000026  -0.00001017
 532    0.0000043  -0.00002255
 533    0.0000025  -0.00001293
 534    0.0000135  -0.00006152
 535    0.0000109  -0.00004927
 536    0.0000055  -0.00002848
 537    0.0000043  -0.00002343
 538    0.0000299  -0.00011708
 539    0.0000717  -0.00024409
 540    0.0000041  -0.00002520
 541    0.0000099  -0.00004839
 542    0.0000027  -0.00001460
 543    0.0000109  -0.00005922
 544    0.0000011  -0.00000539
 545    0.0000694  -0.00028879
 546    0.0001606  -0.00078591
 547    0.0002182  -0.00086980
 548    0.0000329  -0.00018289
 549    0.0001078  -0.00070907
 550    0.0000227  -0.00013191
 551    0.0000003  -0.00000094
 552    0.0000005  -0.00000212
 553    0.0000004  -0.00000123
 554    0.0000006  -0.00000320
 555    0.0000005  -0.00000251
 556    0.0000001  -0.00000056
 557    0.0000001  -0.00000033
 558    0.0000001  -0.00000019
 559    0.0000111  -0.00005214
 560    0.0000014  -0.00000523
 561    0.0000007  -0.00000084
 562    0.0000023  -0.00000914
 563    0.0000029  -0.00001461
 564    0.0000021  -0.00001079
 565    0.0000134  -0.00005895
 566    0.0000083  -0.00004088
 567    0.0000048  -0.00002368
 568    0.0000036  -0.00002036
 569    0.0000263  -0.00011415
 570    0.0000487  -0.00017680
 571    0.0000030  -0.00001673
 572    0.0000098  -0.00004773
 573    0.0000025  -0.00001363
 574    0.0000105  -0.00005633
 575    0.0000010  -0.00000478
 576    0.0000543  -0.00022954
 577    0.0001257  -0.00057975
 578    0.0002101  -0.00099584
 579    0.0000291  -0.00015412
 580    0.0000907  -0.00059592
 581    0.0000223  -0.00014811
 582    0.0000002  -0.00000099
 583    0.0000005  -0.00000187
 584    0.0000004  -0.00000121
 585    0.0000006  -0.00000290
 586    0.0000005  -0.00000240
 587    0.0000001  -0.00000057
 588    0.0000001  -0.00000030
 589    0.0000001  -0.00000020
 590    0.0000098  -0.00004764
 591    0.0000011  -0.00000408
 592    0.0000007  -0.00000054
 593    0.0000020  -0.00000713
 594    0.0000021  -0.00001004
 595    0.0000019  -0.00000930
 596    0.0000121  -0.00005511
 597    0.0000031  -0.00001831
 598    0.0000026  -0.00001297
 599    0.0000033  -0.00001779
 600    0.0000233  -0.00010662
 601    0.0000330  -0.00013286
 602    0.0000023  -0.00001251
 603    0.0000093  -0.00004846
 604    0.0000007  -0.00000208
 605    0.0000098  -0.00005301
 606    0.0000006  -0.00000127
 607    0.0000431  -0.00018247
 608    0.0001080  -0.00047224
 609    0.0001708  -0.00080393
 610    0.0000242  -0.00018773
 611    0.0000900  -0.00058332
 612    0.0000215  -0.00012940
 613    0.0000002  -0.00000090
 614    0.0000004  -0.00000156
 615    0.0000003  -0.00000108
 616    0.0000005  -0.00000277
 617    0.0000005  -0.00000204
 618    0.0000001  -0.00000053
 619    0.0000001  -0.00000033
 620    0.0000001  -0.00000015
 621    0.0000084  -0.00004350
 622    0.0000009  -0.00000243
 623    0.0000007  -0.00000033
 624    0.0000015  -0.00000426
 625    0.0000016  -0.00000737
 626    0.0000018  -0.00000835
 627    0.0000117  -0.00005224
 628    0.0000020  -0.00001054
 629    0.0000022  -0.00001051
 630    0.0000032  -0.00001667
 631    0.0000226  -0.00010340
 632    0.0000226  -0.00010707
 633    0.0000021  -0.00001092
 634    0.0000089  -0.00004585
 635    0.0000007  -0.00000189
 636    0.0000092  -0.00004937
 637    0.0000006  -0.00000129
 638    0.0000248  -0.00013268
 639    0.0000916  -0.00040970
 640    0.0000453  -0.00022525
 641    0.0000220  -0.00011568
 642    0.0000725  -0.00031636
 643    0.0000207  -0.00011145
 644    0.0000002  -0.00000076
 645    0.0000004  -0.00000132
 646    0.0000003  -0.00000099
 647    0.0000005  -0.00000200
 648    0.0000005  -0.00000176
 649    0.0000001  -0.00000053
 650    0.0000001  -0.00000024
 651    0.0000001  -0.00000014
 652    0.0000075  -0.00003942
 653    0.0000008  -0.00000204
 654    0.0000006  -0.00000030
 655    0.0000014  -0.00000448
 656    0.0000014  -0.00000605
 657    0.0000014  -0.00000623
 658    0.0000109  -0.00004910
 659    0.0000013  -0.00000597
 660    0.0000021  -0.00001035
 661    0.0000031  -0.00001683
 662    0.0000202  -0.00009593
 663    0.0000168  -0.00008976
 664    0.0000016  -0.00000863
 665    0.0000079  -0.00004105
 666    0.0000007  -0.00000149
 667    0.0000077  -0.00004350
 668    0.0000005  -0.00000059
 669    0.0000234  -0.00013036
 670    0.0000842  -0.00041398
 671    0.0000355  -0.00025513
 672    0.0000207  -0.00012009
 673    0.0000514  -0.00023107
 674    0.0000174  -0.00010270
 675    0.0000002  -0.00000079
 676    0.0000004  -0.00000140
 677    0.0000002  -0.00000085
 678    0.0000005  -0.00000208
 679    0.0000004  -0.00000186
 680    0.0000001  -0.00000034
 681    0.0000001  -0.00000024
 682    0.0000001  -0.00000017
 683    0.0000071  -0.00003879
 684    0.0000007  -0.00000047
 685    0.0000005  -0.00000026
 686    0.0000011  -0.00000223
 687    0.0000012  -0.00000500
 688    0.0000014  -0.00000622
 689    0.0000101  -0.00004669
 690    0.0000010  -0.00000374
 691    0.0000017  -0.00000823
 692    0.0000028  -0.00001480
 693    0.0000177  -0.00009161
 694    0.0000166  -0.00008884
 695    0.0000014  -0.00000705
 696    0.0000070  -0.00003800
 697    0.0000006  -0.00000096
 698    0.0000055  -0.00003632
 699    0.0000003  -0.00000036
 700    0.0000202  -0.00011178
 701    0.0000613  -0.00030059
 702    0.0000301  -0.00017412
 703    0.0000204  -0.00011835
 704    0.0000495  -0.00031105
 705    0.0000140  -0.00009147
 706    0.0000002  -0.00000065
 707    0.0000004  -0.00000125
 708    0.0000002  -0.00000086
 709    0.0000004  -0.00000170
 710    0.0000004  -0.00000161
 711    0.0000001  -0.00000037
 712    0.0000001  -0.00000018
 713    0.0000001  -0.00000015
 714    0.0000063  -0.00003530
 715    0.0000005  -0.00000028
 716    0.0000004  -0.00000022
 717    0.0000010  -0.00000127
 718    0.0000011  -0.00000405
 719    0.0000009  -0.00000275
 720    0.0000086  -0.00004294
 721    0.0000009  -0.00000320
 722    0.0000015  -0.00000656
 723    0.0000021  -0.00001017
 724    0.0000124  -0.00006386
 725    0.0000148  -0.00007732
 726    0.0000008  -0.00000189
 727    0.0000046  -0.00002808
 728    0.0000005  -0.00000052
 729    0.0000049  -0.00003138
 730    0.0000002  -0.00000020
 731    0.0000195  -0.00011313
 732    0.0000382  -0.00018413
 733    0.0000253  -0.00025428
 734    0.0000196  -0.00011020
 735    0.0000359  -0.00018831
 736    0.0000134  -0.00008535
 737    0.0000002  -0.00000064
 738    0.0000004  -0.00000118
 739    0.0000002  -0.00000087
 740    0.0000004  -0.00000151
 741    0.0000004  -0.00000174
 742    0.0000001  -0.00000024
 743    0.0000001  -0.00000017
 744    0.0000001  -0.00000013
 
----------------
 Final Energies 
----------------
Final NOF Total Energy =    -384.7499725
 
Total Orbital Internal Iterations = 2380
Total Occupation Internal Iterations = 1072
 
Elapsed time: 2769.81 Seconds

---------------------------------
   Lowdin Population Analysis    
---------------------------------
 Idx  Atom   Population   Charge 
---------------------------------
  1     C     5.773       0.227
  2     H     1.040      -0.040
  3     H     1.035      -0.035
  4     H     1.050      -0.050
  5     C     6.422      -0.422
  6     C     5.890       0.110
  7     H     1.030      -0.030
  8     H     1.031      -0.031
  9     C     6.409      -0.409
 10     C     5.929       0.071
 11     H     1.028      -0.028
 12     H     1.026      -0.026
 13     C     5.782       0.218
 14     H     1.047      -0.047
 15     H     1.055      -0.055
 16     H     1.051      -0.051
 17     O     7.703       0.297
 18     O     7.699       0.301

---------------------------------
   M Diagnostic: 0.04
---------------------------------

