IP_79_C.jld2 not found
IP_79_n.jld2 not found
Computing Integrals
NVIDIA GeForce RTX 4060
Elapsed time:    2.35 Seconds

Number of basis functions                   (NBF)    = 127
Number of auxiliary basis functions         (NBFAUX) = 205
Inactive Doubly occupied orbitals up to     (NO1)    = 0
No. considered Strongly Doubly occupied MOs (NDOC)   = 12
No. considered Strongly Singly occupied MOs (NSOC)   = 1
NO. of Weakly occ. per St. Doubly occ.  MOs (NCWO)   = 9
Dimension of the Nat. Orb. subspace         (NBF5)   = 121
No. of electrons                                     = 25
    No. of alpha electrons                           = 13
    No. of beta electrons                            = 12
Multiplicity                                         = 2

Geometry
========
Cl       0.0000000       0.0000000       0.7789900
 F       0.0000000       0.0000000      -0.7789900

No violations of the orthonormality
No violations of the orthonormality
 
PNOF9/ADABelief Calculation
==================
 
  Nitext  Nit_orb  Time   Nit_occ  Time         Eelec          Etot           Ediff      maxdiff    MaxGrad_orb  Grad_occ
     1      10    2.2e+01   16    1.8e+01  -585.78599594  -533.81873883 -10584.78599594   3.590728   1.4e+01   2.3e-04 0.00
     2      10    2.1e-01   79    1.0e+00  -599.59673532  -547.62947821   -13.81073939   2.548147   1.0e+01   1.3e-04 0.01
     3      10    2.3e-01   43    5.3e-01  -603.29140111  -551.32414400    -3.69466579   1.119707   4.5e+00   2.5e-04 0.01
     4      10    1.7e-01   39    4.1e-01  -603.95829217  -551.99103507    -0.66689106   0.775992   3.1e+00   2.0e-04 0.02
     5      10    1.4e-01   37    4.2e-01  -605.72158610  -553.75432899    -1.76329393   0.773870   3.1e+00   1.7e-04 0.02
     6      10    2.1e-01   38    4.3e-01  -606.03432437  -554.06706727    -0.31273827   0.827620   3.3e+00   1.5e-04 0.02
     7      10    1.8e-01   35    3.9e-01  -607.35967959  -555.39242248    -1.32535521   0.495937   2.0e+00   2.2e-04 0.02
     8      10    2.2e-01    0    5.1e-02  -607.36508935  -555.39783224    -0.00540976   0.495950   2.0e+00   2.2e-04 0.02
     9      30    6.1e-01   46    5.5e-01  -610.65153019  -558.68427308    -3.28644085   0.264549   1.1e+00   1.5e-04 0.02
    10      30    6.1e-01   24    3.2e-01  -611.09115145  -559.12389434    -0.43962125   0.135990   5.4e-01   2.3e-04 0.02
    11      30    7.1e-01   30    3.7e-01  -611.19863164  -559.23137453    -0.10748019   0.058502   2.3e-01   1.7e-04 0.03
    12      30    4.3e-01   26    3.1e-01  -611.22415221  -559.25689511    -0.02552058   0.055985   2.2e-01   1.6e-04 0.03
    13      30    4.6e-01   21    3.7e-01  -611.23332888  -559.26607177    -0.00917666   0.055550   2.2e-01   1.6e-04 0.03
    14      30    4.8e-01   20    3.2e-01  -611.24226066  -559.27500355    -0.00893178   0.072038   2.9e-01   1.9e-04 0.03
    15      30    4.2e-01   21    3.4e-01  -611.24655435  -559.27929724    -0.00429369   0.038333   1.5e-01   1.6e-04 0.03
    16      30    4.4e-01   17    2.6e-01  -611.25009033  -559.28283323    -0.00353599   0.040729   1.6e-01   2.0e-04 0.03
    17      30    4.7e-01   19    2.4e-01  -611.25163676  -559.28437965    -0.00154642   0.036202   1.4e-01   1.5e-04 0.03
    18      30    5.0e-01   12    1.8e-01  -611.25649426  -559.28923715    -0.00485750   0.035777   1.4e-01   2.1e-04 0.03
    19      30    4.8e-01   15    2.8e-01  -611.25772531  -559.29046820    -0.00123105   0.033082   1.3e-01   1.1e-04 0.03
    20      30    4.9e-01    7    1.5e-01  -611.25903600  -559.29177889    -0.00131069   0.062202   2.5e-01   2.2e-04 0.03
    21      30    3.5e-01   12    1.8e-01  -611.26162989  -559.29437278    -0.00259389   0.048266   1.9e-01   2.3e-04 0.03
    22      30    3.9e-01    7    2.0e-01  -611.26335878  -559.29610167    -0.00172889   0.032468   1.3e-01   2.2e-04 0.03
    23      30    3.8e-01   10    1.5e-01  -611.26452339  -559.29726628    -0.00116460   0.033262   1.3e-01   2.5e-04 0.03
    24      30    5.0e-01   15    2.3e-01  -611.26495429  -559.29769718    -0.00043090   0.048338   1.9e-01   1.6e-04 0.03
    25      30    4.4e-01   10    2.0e-01  -611.26657868  -559.29932157    -0.00162439   0.062025   2.5e-01   2.4e-04 0.03
    26      30    4.6e-01    6    1.6e-01  -611.26810749  -559.30085038    -0.00152882   0.031111   1.2e-01   2.2e-04 0.03
    27      30    6.3e-01    4    1.1e-01  -611.26884809  -559.30159098    -0.00074060   0.028809   1.2e-01   2.5e-04 0.03
    28      30    3.9e-01    0    1.6e-02  -611.26886286  -559.30160575    -0.00001477   0.028809   1.2e-01   2.5e-04 0.03
    29      50    7.0e-01    4    1.8e-01  -611.27267604  -559.30541893    -0.00381318   0.004844   1.9e-02   2.3e-04 0.03
    30      50    6.4e-01    0    2.9e-02  -611.27266884  -559.30541173     0.00000721   0.004844   1.9e-02   2.3e-04 0.03
    31      70    1.1e+00    4    1.3e-01  -611.27285110  -559.30559399    -0.00018226   0.001906   7.6e-03   2.0e-04 0.03
    32      70    1.1e+00    0    3.1e-02  -611.27287562  -559.30561852    -0.00002453   0.001906   7.6e-03   2.0e-04 0.03
    33      54    8.2e-01    1    3.7e-02  -611.27289259  -559.30563548    -0.00001696   0.000949   3.8e-03   1.8e-04 0.03
 
RESULTS OF THE OCCUPATION OPTIMIZATION
========================================
   1    1.9999988  -105.43685913
   2    1.9999816  -26.76951027
   3    1.9999025  -11.10957336
   4    1.9996920  -8.58502674
   5    1.9994877  -8.57976723
   6    1.9997596  -8.57944107
   7    1.9899290  -2.02552581
   8    1.9814562  -1.34059739
   9    1.9823628  -1.27858424
  10    1.9634553  -1.13277245
  11    1.9725649  -1.09242439
  12    1.9696391  -0.89152521
  13    1.0000000  -0.49101242
  14    0.0082728  -0.01821414
  15    0.0098597  -0.02311772
  16    0.0315484  -0.07029272
  17    0.0073872  -0.02894526
  18    0.0045332  -0.01630880
  19    0.0058783  -0.02451527
  20    0.0001081  -0.00311243
  21    0.0003891  -0.00938593
  22    0.0001454  -0.00383577
  23    0.0000141  -0.00067628
  24    0.0000028  -0.00037552
  25    0.0000002  -0.00003900
  26    0.0078536  -0.01726162
  27    0.0098058  -0.02279752
  28    0.0020039  -0.00682863
  29    0.0047680  -0.01529934
  30    0.0038667  -0.01456632
  31    0.0009880  -0.00773780
  32    0.0000227  -0.00022601
  33    0.0000432  -0.00089000
  34    0.0000491  -0.00079090
  35    0.0000119  -0.00013880
  36    0.0000025  -0.00005150
  37    0.0000002  -0.00000812
  38    0.0060633  -0.01511209
  39    0.0032832  -0.00972657
  40    0.0019605  -0.00653533
  41    0.0019437  -0.00935457
  42    0.0034200  -0.01484133
  43    0.0008105  -0.00804948
  44    0.0000219  -0.00020029
  45    0.0000166  -0.00024772
  46    0.0000345  -0.00045990
  47    0.0000115  -0.00012505
  48    0.0000025  -0.00028740
  49    0.0000002  -0.00000702
  50    0.0058002  -0.01720398
  51    0.0032778  -0.00971715
  52    0.0003238  -0.00116098
  53    0.0014144  -0.00690597
  54    0.0026109  -0.01036329
  55    0.0005795  -0.00406771
  56    0.0000203  -0.00016928
  57    0.0000153  -0.00056166
  58    0.0000199  -0.00018124
  59    0.0000112  -0.00012311
  60    0.0000021  -0.00004116
  61    0.0000001  -0.00000580
  62    0.0012262  -0.00509717
  63    0.0004355  -0.00150849
  64    0.0002888  -0.00108010
  65    0.0005788  -0.00404159
  66    0.0017951  -0.00929510
  67    0.0005039  -0.00527046
  68    0.0000180  -0.00022507
  69    0.0000135  -0.00017450
  70    0.0000173  -0.00015422
  71    0.0000107  -0.00010955
  72    0.0000019  -0.00003917
  73    0.0000001  -0.00000546
  74    0.0004659  -0.00137257
  75    0.0002116  -0.00090641
  76    0.0001500  -0.00064807
  77    0.0005610  -0.00202034
  78    0.0017080  -0.00899086
  79    0.0004647  -0.00553204
  80    0.0000149  -0.00014415
  81    0.0000109  -0.00012506
  82    0.0000135  -0.00014601
  83    0.0000102  -0.00012130
  84    0.0000018  -0.00003904
  85    0.0000001  -0.00000457
  86    0.0004171  -0.00124533
  87    0.0001944  -0.00082826
  88    0.0001181  -0.00059583
  89    0.0004734  -0.00340747
  90    0.0002433  -0.00112564
  91    0.0003145  -0.00389436
  92    0.0000134  -0.00015496
  93    0.0000091  -0.00010618
  94    0.0000107  -0.00012028
  95    0.0000101  -0.00011017
  96    0.0000017  -0.00003561
  97    0.0000001  -0.00000439
  98    0.0001490  -0.00070433
  99    0.0001902  -0.00082144
 100    0.0000890  -0.00040786
 101    0.0002679  -0.00156781
 102    0.0002096  -0.00106274
 103    0.0002968  -0.00193964
 104    0.0000111  -0.00012384
 105    0.0000075  -0.00009477
 106    0.0000101  -0.00011063
 107    0.0000095  -0.00011051
 108    0.0000016  -0.00002954
 109    0.0000001  -0.00000382
 110    0.0001128  -0.00060130
 111    0.0001769  -0.00079394
 112    0.0000620  -0.00029365
 113    0.0002429  -0.00116748
 114    0.0001569  -0.00111909
 115    0.0002348  -0.00113982
 116    0.0000099  -0.00010999
 117    0.0000070  -0.00009097
 118    0.0000076  -0.00009611
 119    0.0000082  -0.00010671
 120    0.0000015  -0.00003354
 121    0.0000001  -0.00000188
 
----------------
 Final Energies 
----------------
Final NOF Total Energy =    -559.3056355
 
Total Orbital Internal Iterations = 974
Total Occupation Internal Iterations = 618
 
Elapsed time:   79.04 Seconds

---------------------------------
   Lowdin Population Analysis    
---------------------------------
 Idx  Atom   Population   Charge 
---------------------------------
  1    Cl    16.135       0.865
  2     F     8.865       0.135

---------------------------------
   M Diagnostic: 0.03
---------------------------------

