FI_pyr_C.jld2 not found
FI_pyr_n.jld2 not found
Computing Integrals
NVIDIA GeForce RTX 4060
Elapsed time:    7.83 Seconds

Number of basis functions                   (NBF)    = 631
Number of auxiliary basis functions         (NBFAUX) = 837
Inactive Doubly occupied orbitals up to     (NO1)    = 0
No. considered Strongly Doubly occupied MOs (NDOC)   = 52
No. considered Strongly Singly occupied MOs (NSOC)   = 0
NO. of Weakly occ. per St. Doubly occ.  MOs (NCWO)   = 11
Dimension of the Nat. Orb. subspace         (NBF5)   = 624
No. of electrons                                     = 104
    No. of alpha electrons                           = 52
    No. of beta electrons                            = 52
Multiplicity                                         = 1

Geometry
========
 F       0.0000000       0.0000000       3.3515600
 I       0.0000000       0.0000000       1.3707400
 C       0.0000000       1.1483600      -1.7306900
 C       0.0000000       1.1934600      -3.1124800
 C       0.0000000       0.0000000      -3.8153500
 C       0.0000000      -1.1934600      -3.1124800
 C       0.0000000      -1.1483600      -1.7306900
 N       0.0000000       0.0000000      -1.0572500
 H       0.0000000       2.0512800      -1.1319400
 H       0.0000000       2.1474500      -3.6203500
 H       0.0000000       0.0000000      -4.8975700
 H       0.0000000      -2.1474500      -3.6203500
 H       0.0000000      -2.0512800      -1.1319400

No violations of the orthonormality
No violations of the orthonormality
 
PNOF9/ADABelief Calculation
==================
 
  Nitext  Nit_orb  Time   Nit_occ  Time         Eelec          Etot           Ediff      maxdiff    MaxGrad_orb  Grad_occ
     1      10    2.5e+01   14    2.9e+01 -3371.70739427 -2682.21076614 -13370.70739427   3.279632   1.3e+01   1.6e-04 0.00
     2      10    3.4e+00  115    1.0e+02 -3382.89352941 -2693.39690128   -11.18613514   5.764956   2.3e+01   2.3e-04 0.01
     3      10    4.0e+00  101    8.4e+01 -3400.05881827 -2710.56219014   -17.16528886   5.350745   2.1e+01   2.7e-04 0.03
     4      10    3.5e+00   77    6.4e+01 -3415.09768173 -2725.60105359   -15.03886346   5.752673   2.3e+01   2.8e-04 0.03
     5      10    3.4e+00   66    5.5e+01 -3418.88846376 -2729.39183562    -3.79078203   2.026722   8.1e+00   3.1e-04 0.03
     6      10    3.4e+00    0    7.9e-01 -3418.96608857 -2729.46946044    -0.07762481   2.026722   8.1e+00   3.1e-04 0.03
     7      30    9.5e+00   69    5.7e+01 -3468.87086201 -2779.37423387   -49.90477343   0.157481   6.3e-01   2.5e-04 0.03
     8      30    9.5e+00   44    3.6e+01 -3476.33801455 -2786.84138641    -7.46715254   0.234152   9.4e-01   3.3e-04 0.03
     9      30    9.6e+00   30    2.5e+01 -3477.66538741 -2788.16875927    -1.32737286   0.078143   3.1e-01   3.4e-04 0.03
    10      30    9.2e+00   33    2.8e+01 -3477.95367002 -2788.45704188    -0.28828262   0.045007   1.8e-01   2.2e-04 0.03
    11      30    9.9e+00   17    1.5e+01 -3478.02436659 -2788.52773845    -0.07069657   0.024464   9.8e-02   3.2e-04 0.03
    12      30    9.8e+00   26    2.2e+01 -3478.03701077 -2788.54038263    -0.01264418   0.162633   6.5e-01   2.3e-04 0.03
    13      30    9.5e+00   15    1.3e+01 -3478.04534330 -2788.54871516    -0.00833253   0.035772   1.4e-01   2.5e-04 0.03
    14      30    9.6e+00   12    1.1e+01 -3478.06736573 -2788.57073759    -0.02202243   0.021410   8.6e-02   3.1e-04 0.03
    15      30    9.2e+00   14    1.2e+01 -3478.07645729 -2788.57982915    -0.00909156   0.020481   8.2e-02   3.1e-04 0.04
    16      30    1.0e+01    0    7.6e-01 -3478.07720444 -2788.58057630    -0.00074715   0.020481   8.2e-02   3.1e-04 0.04
    17      50    1.6e+01   11    9.6e+00 -3478.13165048 -2788.63502234    -0.05444604   0.003642   1.5e-02   3.2e-04 0.04
    18      50    1.6e+01   17    1.5e+01 -3478.13447918 -2788.63785105    -0.00282871   0.004619   1.8e-02   2.7e-04 0.04
    19      50    1.6e+01   11    9.6e+00 -3478.13810480 -2788.64147666    -0.00362561   0.004625   1.9e-02   2.3e-04 0.04
    20      50    1.6e+01   11    9.7e+00 -3478.13943282 -2788.64280468    -0.00132802   0.004379   1.8e-02   2.8e-04 0.04
    21      50    1.6e+01    7    6.5e+00 -3478.14058146 -2788.64395332    -0.00114864   0.005342   2.1e-02   3.5e-04 0.04
    22      50    1.6e+01   17    1.5e+01 -3478.14118156 -2788.64455343    -0.00060011   0.004696   1.9e-02   2.0e-04 0.04
    23      50    1.6e+01    0    7.7e-01 -3478.14129263 -2788.64466449    -0.00011106   0.004696   1.9e-02   2.0e-04 0.04
    24      70    2.3e+01    7    6.4e+00 -3478.14316078 -2788.64653265    -0.00186816   0.001122   4.5e-03   2.0e-04 0.04
    25      70    2.2e+01    0    7.9e-01 -3478.14312499 -2788.64649685     0.00003579   0.001122   4.5e-03   2.0e-04 0.04
    26      90    2.8e+01    4    4.0e+00 -3478.14171026 -2788.64508212     0.00141473   0.001011   4.0e-03   2.4e-04 0.04
    27     100    3.1e+01    4    4.0e+00 -3478.14155837 -2788.64493023     0.00015189   0.001076   4.3e-03   2.3e-04 0.04
    28     100    3.1e+01    0    7.6e-01 -3478.14177926 -2788.64515112    -0.00022089   0.001162   4.6e-03   2.8e-04 0.04
    29     110    3.5e+01    1    1.5e+00 -3478.14200806 -2788.64537992    -0.00022880   0.000746   3.0e-03   2.3e-04 0.04
 
RESULTS OF THE OCCUPATION OPTIMIZATION
========================================
   1    1.9999999  -132.52740479
   2    1.9999998  -71.43901062
   3    1.9999998  -66.91570282
   4    1.9999998  -64.20497131
   5    1.9999956  -26.27175331
   6    1.9999986  -25.13675499
   7    1.9999987  -20.57005310
   8    1.9999865  -12.59511280
   9    1.9999849  -12.24217510
  10    1.9999711  -11.44877338
  11    1.9999873  -11.19826889
  12    1.9999949  -11.03138256
  13    1.9999553  -10.96824741
  14    1.9999937  -10.94483089
  15    1.9999605  -10.92306328
  16    1.9999864  -10.76549530
  17    1.9999911  -10.13537025
  18    1.9999390  -9.59538937
  19    1.9999434  -9.59130669
  20    1.9999158  -7.53675079
  21    1.9999166  -7.51815367
  22    1.9999105  -6.85802460
  23    1.9998586  -4.96967793
  24    1.9998509  -4.78530645
  25    1.9997802  -4.60771990
  26    1.9998003  -4.59610844
  27    1.9998305  -4.31602001
  28    1.9996917  -4.13828802
  29    1.9881400  -1.49377644
  30    1.9849052  -1.27463198
  31    1.9831454  -1.08800793
  32    1.9803925  -1.07791388
  33    1.9837077  -0.94211853
  34    1.9820915  -0.92095345
  35    1.9800199  -0.91099834
  36    1.9791579  -0.87836599
  37    1.9726875  -0.87104440
  38    1.9742963  -0.73355198
  39    1.9752687  -0.72734451
  40    1.9714274  -0.69440341
  41    1.9778890  -0.69318187
  42    1.9745433  -0.68687135
  43    1.9747829  -0.68519229
  44    1.9721922  -0.66867250
  45    1.9725895  -0.65765750
  46    1.9760301  -0.64022684
  47    1.9672856  -0.62915063
  48    1.9644623  -0.53274447
  49    1.9648241  -0.52465194
  50    1.9680912  -0.47918579
  51    1.9671310  -0.46553734
  52    1.9622097  -0.36212924
  53    0.0323828  -0.04090861
  54    0.0241914  -0.03191983
  55    0.0217161  -0.02882390
  56    0.0304357  -0.04198631
  57    0.0350700  -0.05853454
  58    0.0306740  -0.04169423
  59    0.0083499  -0.01769692
  60    0.0141300  -0.02349768
  61    0.0155990  -0.02673781
  62    0.0181504  -0.02904512
  63    0.0110123  -0.01838735
  64    0.0080420  -0.01688682
  65    0.0201947  -0.03332708
  66    0.0117081  -0.01942956
  67    0.0224606  -0.03591871
  68    0.0249242  -0.03436164
  69    0.0079971  -0.01679378
  70    0.0049986  -0.01239134
  71    0.0059085  -0.01360886
  72    0.0060172  -0.01374543
  73    0.0141221  -0.02598711
  74    0.0045066  -0.01120202
  75    0.0088919  -0.01821316
  76    0.0105510  -0.02559548
  77    0.0000869  -0.00125991
  78    0.0000407  -0.00048300
  79    0.0000830  -0.00121583
  80    0.0001132  -0.00157329
  81    0.0000318  -0.00033095
  82    0.0000210  -0.00031985
  83    0.0000247  -0.00022398
  84    0.0000103  -0.00008689
  85    0.0000480  -0.00067969
  86    0.0000200  -0.00032506
  87    0.0000099  -0.00007971
  88    0.0000015  -0.00001282
  89    0.0000018  -0.00001811
  90    0.0000077  -0.00006010
  91    0.0000010  -0.00001531
  92    0.0000076  -0.00007008
  93    0.0000007  -0.00000716
  94    0.0000044  -0.00004586
  95    0.0000060  -0.00005566
  96    0.0000021  -0.00002185
  97    0.0000035  -0.00005375
  98    0.0000002  -0.00000156
  99    0.0000002  -0.00000111
 100    0.0000006  -0.00000455
 101    0.0000000  -0.00000028
 102    0.0000000  -0.00000031
 103    0.0000000  -0.00000024
 104    0.0000000  -0.00000008
 105    0.0040898  -0.00677493
 106    0.0051541  -0.00895581
 107    0.0086101  -0.01465271
 108    0.0035166  -0.00653980
 109    0.0001975  -0.00069605
 110    0.0005727  -0.00120775
 111    0.0038301  -0.00963236
 112    0.0074070  -0.01331377
 113    0.0045532  -0.00861776
 114    0.0036479  -0.00661217
 115    0.0042919  -0.00835822
 116    0.0050927  -0.01212173
 117    0.0044653  -0.00885834
 118    0.0045483  -0.00920876
 119    0.0007360  -0.00206119
 120    0.0008323  -0.00184986
 121    0.0043766  -0.01017343
 122    0.0045507  -0.01061955
 123    0.0055589  -0.01312357
 124    0.0045329  -0.01126425
 125    0.0019941  -0.00578900
 126    0.0028088  -0.00713515
 127    0.0019645  -0.00735512
 128    0.0003296  -0.00160388
 129    0.0000679  -0.00086773
 130    0.0000166  -0.00019693
 131    0.0000183  -0.00016470
 132    0.0000182  -0.00018757
 133    0.0000143  -0.00016535
 134    0.0000142  -0.00018321
 135    0.0000147  -0.00017912
 136    0.0000095  -0.00007842
 137    0.0000125  -0.00014760
 138    0.0000100  -0.00007806
 139    0.0000075  -0.00005761
 140    0.0000010  -0.00001170
 141    0.0000016  -0.00001572
 142    0.0000059  -0.00006042
 143    0.0000008  -0.00000991
 144    0.0000065  -0.00005318
 145    0.0000006  -0.00000387
 146    0.0000014  -0.00001441
 147    0.0000043  -0.00003978
 148    0.0000019  -0.00001864
 149    0.0000030  -0.00002940
 150    0.0000002  -0.00000122
 151    0.0000001  -0.00000097
 152    0.0000006  -0.00000336
 153    0.0000000  -0.00000029
 154    0.0000000  -0.00000024
 155    0.0000000  -0.00000022
 156    0.0000000  -0.00000007
 157    0.0005011  -0.00107593
 158    0.0014350  -0.00318166
 159    0.0006697  -0.00146612
 160    0.0005884  -0.00142060
 161    0.0000897  -0.00024816
 162    0.0004360  -0.00097827
 163    0.0034318  -0.00894406
 164    0.0033680  -0.00627125
 165    0.0033161  -0.00627188
 166    0.0011861  -0.00302479
 167    0.0032859  -0.00595899
 168    0.0033298  -0.00873235
 169    0.0035299  -0.00706462
 170    0.0032825  -0.00677325
 171    0.0006088  -0.00163897
 172    0.0004219  -0.00101978
 173    0.0029046  -0.00658119
 174    0.0039403  -0.01067442
 175    0.0020606  -0.00741634
 176    0.0012038  -0.00488606
 177    0.0015158  -0.00564763
 178    0.0025374  -0.00622254
 179    0.0015130  -0.00563641
 180    0.0003127  -0.00137603
 181    0.0000440  -0.00058743
 182    0.0000159  -0.00014706
 183    0.0000173  -0.00016091
 184    0.0000171  -0.00016159
 185    0.0000132  -0.00019057
 186    0.0000130  -0.00013305
 187    0.0000136  -0.00015605
 188    0.0000085  -0.00007157
 189    0.0000049  -0.00004168
 190    0.0000062  -0.00005140
 191    0.0000054  -0.00005302
 192    0.0000010  -0.00001178
 193    0.0000015  -0.00001674
 194    0.0000057  -0.00007344
 195    0.0000008  -0.00000877
 196    0.0000056  -0.00004803
 197    0.0000006  -0.00000463
 198    0.0000012  -0.00001294
 199    0.0000037  -0.00004122
 200    0.0000017  -0.00001764
 201    0.0000011  -0.00001137
 202    0.0000002  -0.00000112
 203    0.0000001  -0.00000099
 204    0.0000005  -0.00001203
 205    0.0000000  -0.00000030
 206    0.0000000  -0.00000022
 207    0.0000000  -0.00000021
 208    0.0000000  -0.00000008
 209    0.0004996  -0.00105349
 210    0.0007433  -0.00165085
 211    0.0003651  -0.00087963
 212    0.0003309  -0.00084911
 213    0.0000519  -0.00014912
 214    0.0003053  -0.00066818
 215    0.0033507  -0.00876347
 216    0.0009781  -0.00231707
 217    0.0025584  -0.00539537
 218    0.0009447  -0.00261561
 219    0.0018654  -0.00403874
 220    0.0031053  -0.00826556
 221    0.0001164  -0.00037400
 222    0.0022641  -0.00511160
 223    0.0004891  -0.00123748
 224    0.0003149  -0.00080725
 225    0.0016671  -0.00493312
 226    0.0036166  -0.01021532
 227    0.0011351  -0.00467657
 228    0.0011844  -0.00495290
 229    0.0005577  -0.00167732
 230    0.0018850  -0.00618134
 231    0.0005241  -0.00256226
 232    0.0001440  -0.00087810
 233    0.0000394  -0.00035909
 234    0.0000135  -0.00018260
 235    0.0000154  -0.00015652
 236    0.0000160  -0.00016019
 237    0.0000123  -0.00011105
 238    0.0000127  -0.00011591
 239    0.0000082  -0.00006345
 240    0.0000081  -0.00006361
 241    0.0000045  -0.00003984
 242    0.0000058  -0.00004741
 243    0.0000053  -0.00004772
 244    0.0000009  -0.00000987
 245    0.0000014  -0.00001226
 246    0.0000044  -0.00004495
 247    0.0000006  -0.00000451
 248    0.0000048  -0.00004447
 249    0.0000005  -0.00000313
 250    0.0000011  -0.00001448
 251    0.0000027  -0.00002548
 252    0.0000017  -0.00001604
 253    0.0000010  -0.00001121
 254    0.0000001  -0.00000096
 255    0.0000001  -0.00000092
 256    0.0000005  -0.00004340
 257    0.0000000  -0.00000029
 258    0.0000000  -0.00000026
 259    0.0000000  -0.00000021
 260    0.0000000  -0.00000007
 261    0.0000868  -0.00020255
 262    0.0007413  -0.00169711
 263    0.0001973  -0.00048769
 264    0.0000926  -0.00028492
 265    0.0000336  -0.00010922
 266    0.0003000  -0.00067565
 267    0.0031902  -0.00841611
 268    0.0005510  -0.00149108
 269    0.0007768  -0.00202959
 270    0.0006333  -0.00156151
 271    0.0014871  -0.00361541
 272    0.0008839  -0.00281472
 273    0.0000874  -0.00028784
 274    0.0017388  -0.00386405
 275    0.0003709  -0.00106494
 276    0.0002247  -0.00064306
 277    0.0013789  -0.00382897
 278    0.0008638  -0.00359408
 279    0.0009355  -0.00386006
 280    0.0009160  -0.00378701
 281    0.0004172  -0.00135859
 282    0.0016030  -0.00601251
 283    0.0004116  -0.00224474
 284    0.0001052  -0.00056935
 285    0.0000210  -0.00015221
 286    0.0000124  -0.00011440
 287    0.0000149  -0.00014773
 288    0.0000112  -0.00010326
 289    0.0000123  -0.00011117
 290    0.0000121  -0.00010725
 291    0.0000058  -0.00004903
 292    0.0000078  -0.00006535
 293    0.0000037  -0.00003398
 294    0.0000040  -0.00003491
 295    0.0000050  -0.00005628
 296    0.0000008  -0.00000890
 297    0.0000013  -0.00001150
 298    0.0000035  -0.00004299
 299    0.0000005  -0.00000372
 300    0.0000047  -0.00005742
 301    0.0000005  -0.00000293
 302    0.0000011  -0.00001330
 303    0.0000026  -0.00002699
 304    0.0000017  -0.00001452
 305    0.0000009  -0.00001522
 306    0.0000001  -0.00000071
 307    0.0000001  -0.00000086
 308    0.0000004  -0.00000728
 309    0.0000000  -0.00000029
 310    0.0000000  -0.00000022
 311    0.0000000  -0.00000021
 312    0.0000000  -0.00000009
 313    0.0000555  -0.00014995
 314    0.0002200  -0.00055204
 315    0.0001274  -0.00033273
 316    0.0000592  -0.00018822
 317    0.0000240  -0.00009295
 318    0.0002180  -0.00049016
 319    0.0006269  -0.00222462
 320    0.0003483  -0.00091290
 321    0.0005307  -0.00136734
 322    0.0001866  -0.00056637
 323    0.0011644  -0.00298839
 324    0.0006786  -0.00274979
 325    0.0000396  -0.00015691
 326    0.0004140  -0.00114294
 327    0.0002474  -0.00074059
 328    0.0002163  -0.00063646
 329    0.0011314  -0.00364010
 330    0.0007445  -0.00307565
 331    0.0009075  -0.00364259
 332    0.0008676  -0.00386295
 333    0.0003510  -0.00114708
 334    0.0013312  -0.00460251
 335    0.0004018  -0.00182322
 336    0.0000890  -0.00038559
 337    0.0000100  -0.00010210
 338    0.0000121  -0.00011558
 339    0.0000135  -0.00011572
 340    0.0000104  -0.00009551
 341    0.0000120  -0.00010650
 342    0.0000119  -0.00010463
 343    0.0000046  -0.00003841
 344    0.0000075  -0.00005538
 345    0.0000024  -0.00002355
 346    0.0000028  -0.00002736
 347    0.0000050  -0.00005166
 348    0.0000008  -0.00000631
 349    0.0000012  -0.00001330
 350    0.0000032  -0.00002925
 351    0.0000005  -0.00000366
 352    0.0000036  -0.00004246
 353    0.0000005  -0.00000286
 354    0.0000010  -0.00000977
 355    0.0000021  -0.00002047
 356    0.0000016  -0.00001643
 357    0.0000009  -0.00001283
 358    0.0000001  -0.00000067
 359    0.0000001  -0.00000084
 360    0.0000004  -0.00000178
 361    0.0000000  -0.00000028
 362    0.0000000  -0.00000019
 363    0.0000000  -0.00000020
 364    0.0000000  -0.00000007
 365    0.0000517  -0.00012685
 366    0.0001872  -0.00050731
 367    0.0000632  -0.00020179
 368    0.0000474  -0.00016002
 369    0.0000180  -0.00008087
 370    0.0001009  -0.00023868
 371    0.0004869  -0.00154128
 372    0.0003004  -0.00081794
 373    0.0002395  -0.00068647
 374    0.0001266  -0.00040574
 375    0.0010441  -0.00286206
 376    0.0003902  -0.00124299
 377    0.0000327  -0.00013070
 378    0.0003377  -0.00091760
 379    0.0002260  -0.00068256
 380    0.0001463  -0.00051694
 381    0.0007836  -0.00265408
 382    0.0004160  -0.00128391
 383    0.0004762  -0.00230249
 384    0.0005668  -0.00306523
 385    0.0001921  -0.00059401
 386    0.0008613  -0.00334573
 387    0.0003671  -0.00132559
 388    0.0000821  -0.00034938
 389    0.0000096  -0.00009869
 390    0.0000121  -0.00011236
 391    0.0000120  -0.00010807
 392    0.0000101  -0.00009631
 393    0.0000116  -0.00010321
 394    0.0000118  -0.00010468
 395    0.0000042  -0.00003839
 396    0.0000067  -0.00005288
 397    0.0000023  -0.00002293
 398    0.0000023  -0.00002251
 399    0.0000048  -0.00004556
 400    0.0000007  -0.00000667
 401    0.0000011  -0.00000987
 402    0.0000029  -0.00003038
 403    0.0000004  -0.00000257
 404    0.0000034  -0.00003712
 405    0.0000005  -0.00000290
 406    0.0000006  -0.00000470
 407    0.0000020  -0.00001868
 408    0.0000011  -0.00001254
 409    0.0000008  -0.00000939
 410    0.0000001  -0.00000065
 411    0.0000001  -0.00000085
 412    0.0000004  -0.00000162
 413    0.0000000  -0.00000023
 414    0.0000000  -0.00000017
 415    0.0000000  -0.00000018
 416    0.0000000  -0.00000008
 417    0.0000435  -0.00010778
 418    0.0000681  -0.00021039
 419    0.0000456  -0.00015578
 420    0.0000396  -0.00013898
 421    0.0000151  -0.00004468
 422    0.0000435  -0.00012843
 423    0.0002983  -0.00101034
 424    0.0001618  -0.00048323
 425    0.0000946  -0.00031548
 426    0.0001165  -0.00038673
 427    0.0006117  -0.00158285
 428    0.0002603  -0.00101669
 429    0.0000300  -0.00012827
 430    0.0002103  -0.00062202
 431    0.0001732  -0.00053975
 432    0.0001051  -0.00030561
 433    0.0002321  -0.00083084
 434    0.0002218  -0.00088293
 435    0.0003206  -0.00131604
 436    0.0003281  -0.00150779
 437    0.0001698  -0.00056064
 438    0.0006840  -0.00332024
 439    0.0003278  -0.00169686
 440    0.0000742  -0.00032166
 441    0.0000090  -0.00008771
 442    0.0000119  -0.00010660
 443    0.0000092  -0.00008380
 444    0.0000096  -0.00009099
 445    0.0000115  -0.00010396
 446    0.0000117  -0.00010417
 447    0.0000040  -0.00003660
 448    0.0000066  -0.00005215
 449    0.0000018  -0.00001840
 450    0.0000021  -0.00002218
 451    0.0000047  -0.00004271
 452    0.0000007  -0.00000682
 453    0.0000009  -0.00001171
 454    0.0000017  -0.00001390
 455    0.0000004  -0.00000228
 456    0.0000032  -0.00002930
 457    0.0000004  -0.00000221
 458    0.0000006  -0.00000460
 459    0.0000017  -0.00001607
 460    0.0000011  -0.00001485
 461    0.0000007  -0.00001111
 462    0.0000001  -0.00000059
 463    0.0000001  -0.00000081
 464    0.0000003  -0.00000166
 465    0.0000000  -0.00000027
 466    0.0000000  -0.00000017
 467    0.0000000  -0.00000017
 468    0.0000000  -0.00000008
 469    0.0000371  -0.00009954
 470    0.0000554  -0.00018840
 471    0.0000402  -0.00013719
 472    0.0000227  -0.00009109
 473    0.0000147  -0.00006352
 474    0.0000257  -0.00010623
 475    0.0002789  -0.00094182
 476    0.0000835  -0.00027590
 477    0.0000649  -0.00023945
 478    0.0001043  -0.00033975
 479    0.0005196  -0.00131096
 480    0.0001445  -0.00055659
 481    0.0000286  -0.00012398
 482    0.0001169  -0.00037708
 483    0.0001702  -0.00055017
 484    0.0000656  -0.00022355
 485    0.0001541  -0.00052096
 486    0.0002165  -0.00085525
 487    0.0002560  -0.00099639
 488    0.0002660  -0.00112612
 489    0.0001294  -0.00043125
 490    0.0003167  -0.00131543
 491    0.0003091  -0.00154853
 492    0.0000655  -0.00027672
 493    0.0000083  -0.00007876
 494    0.0000117  -0.00010901
 495    0.0000073  -0.00005404
 496    0.0000067  -0.00005183
 497    0.0000111  -0.00009907
 498    0.0000116  -0.00010355
 499    0.0000036  -0.00003398
 500    0.0000064  -0.00004988
 501    0.0000017  -0.00001538
 502    0.0000015  -0.00001274
 503    0.0000047  -0.00004428
 504    0.0000006  -0.00000647
 505    0.0000009  -0.00000906
 506    0.0000016  -0.00001491
 507    0.0000004  -0.00000233
 508    0.0000027  -0.00002490
 509    0.0000004  -0.00000239
 510    0.0000005  -0.00000349
 511    0.0000014  -0.00001264
 512    0.0000009  -0.00001682
 513    0.0000006  -0.00000396
 514    0.0000001  -0.00000065
 515    0.0000001  -0.00000082
 516    0.0000003  -0.00000152
 517    0.0000000  -0.00000025
 518    0.0000000  -0.00000015
 519    0.0000000  -0.00000016
 520    0.0000000  -0.00000009
 521    0.0000305  -0.00009106
 522    0.0000387  -0.00013430
 523    0.0000390  -0.00014104
 524    0.0000216  -0.00008680
 525    0.0000125  -0.00005502
 526    0.0000207  -0.00008904
 527    0.0000685  -0.00026164
 528    0.0000432  -0.00016228
 529    0.0000481  -0.00017438
 530    0.0000763  -0.00025899
 531    0.0001211  -0.00040372
 532    0.0000968  -0.00035097
 533    0.0000252  -0.00011477
 534    0.0000719  -0.00025430
 535    0.0001308  -0.00040041
 536    0.0000311  -0.00013003
 537    0.0001166  -0.00040761
 538    0.0002114  -0.00086012
 539    0.0002334  -0.00096917
 540    0.0002460  -0.00106363
 541    0.0000852  -0.00031767
 542    0.0002670  -0.00101246
 543    0.0002033  -0.00084559
 544    0.0000549  -0.00024601
 545    0.0000063  -0.00005172
 546    0.0000115  -0.00010473
 547    0.0000049  -0.00003843
 548    0.0000041  -0.00003455
 549    0.0000100  -0.00008987
 550    0.0000109  -0.00009745
 551    0.0000034  -0.00003301
 552    0.0000059  -0.00005027
 553    0.0000011  -0.00000993
 554    0.0000010  -0.00004309
 555    0.0000045  -0.00003766
 556    0.0000005  -0.00000323
 557    0.0000009  -0.00000962
 558    0.0000014  -0.00002941
 559    0.0000004  -0.00000219
 560    0.0000016  -0.00001296
 561    0.0000003  -0.00000154
 562    0.0000004  -0.00000316
 563    0.0000013  -0.00001461
 564    0.0000008  -0.00000967
 565    0.0000005  -0.00001620
 566    0.0000001  -0.00000057
 567    0.0000001  -0.00000065
 568    0.0000003  -0.00000184
 569    0.0000000  -0.00000022
 570    0.0000000  -0.00000016
 571    0.0000000  -0.00000020
 572    0.0000000  -0.00000007
 573    0.0000118  -0.00004158
 574    0.0000347  -0.00012602
 575    0.0000352  -0.00013212
 576    0.0000212  -0.00008665
 577    0.0000107  -0.00003072
 578    0.0000176  -0.00006635
 579    0.0000578  -0.00022093
 580    0.0000391  -0.00014613
 581    0.0000266  -0.00011508
 582    0.0000444  -0.00016748
 583    0.0000533  -0.00019511
 584    0.0000869  -0.00032086
 585    0.0000228  -0.00010283
 586    0.0000388  -0.00015710
 587    0.0000906  -0.00031554
 588    0.0000300  -0.00012847
 589    0.0000999  -0.00036875
 590    0.0001999  -0.00076469
 591    0.0001161  -0.00045252
 592    0.0001634  -0.00068754
 593    0.0000731  -0.00027338
 594    0.0000536  -0.00021629
 595    0.0001806  -0.00076671
 596    0.0000520  -0.00021422
 597    0.0000059  -0.00004823
 598    0.0000112  -0.00010160
 599    0.0000038  -0.00003289
 600    0.0000032  -0.00002620
 601    0.0000090  -0.00007890
 602    0.0000107  -0.00009594
 603    0.0000027  -0.00002552
 604    0.0000058  -0.00005014
 605    0.0000011  -0.00001032
 606    0.0000008  -0.00001126
 607    0.0000042  -0.00004464
 608    0.0000005  -0.00000261
 609    0.0000009  -0.00001721
 610    0.0000014  -0.00002456
 611    0.0000004  -0.00000217
 612    0.0000012  -0.00004210
 613    0.0000003  -0.00000168
 614    0.0000004  -0.00000257
 615    0.0000011  -0.00002946
 616    0.0000006  -0.00002183
 617    0.0000004  -0.00000210
 618    0.0000001  -0.00000054
 619    0.0000001  -0.00000072
 620    0.0000003  -0.00000165
 621    0.0000000  -0.00000015
 622    0.0000000  -0.00000014
 623    0.0000000  -0.00000017
 624    0.0000000  -0.00000008
 
----------------
 Final Energies 
----------------
Final NOF Total Energy =   -2788.6453799
 
Total Orbital Internal Iterations = 1250
Total Occupation Internal Iterations = 723
 
Elapsed time: 1113.68 Seconds

---------------------------------
   Lowdin Population Analysis    
---------------------------------
 Idx  Atom   Population   Charge 
---------------------------------
  1     F     9.296      -0.296
  2     I    52.757       0.243
  3     C     6.057      -0.057
  4     C     5.931       0.069
  5     C     5.905       0.095
  6     C     5.934       0.066
  7     C     6.059      -0.059
  8     N     6.795       0.205
  9     H     1.057      -0.057
 10     H     1.053      -0.053
 11     H     1.045      -0.045
 12     H     1.054      -0.054
 13     H     1.056      -0.056

---------------------------------
   M Diagnostic: 0.04
---------------------------------

