bih3_hcl_C.jld2 not found
bih3_hcl_n.jld2 not found
Computing Integrals
NVIDIA GeForce RTX 4060
Elapsed time:    2.71 Seconds

Number of basis functions                   (NBF)    = 272
Number of auxiliary basis functions         (NBFAUX) = 451
Inactive Doubly occupied orbitals up to     (NO1)    = 0
No. considered Strongly Doubly occupied MOs (NDOC)   = 52
No. considered Strongly Singly occupied MOs (NSOC)   = 0
NO. of Weakly occ. per St. Doubly occ.  MOs (NCWO)   = 4
Dimension of the Nat. Orb. subspace         (NBF5)   = 260
No. of electrons                                     = 104
    No. of alpha electrons                           = 52
    No. of beta electrons                            = 52
Multiplicity                                         = 1

Geometry
========
Bi       0.0000000       0.0000000       1.0000100
 H      -0.7181800       1.2439300       2.0212600
 H      -0.7181800      -1.2439300       2.0212600
 H       1.4363600       0.0000000       2.0212600
Cl       0.0000000       0.0000000      -2.8955100
 H       0.0000000       0.0000000      -4.1682800

No violations of the orthonormality
No violations of the orthonormality
 
PNOF9/ADABelief Calculation
==================
 
  Nitext  Nit_orb  Time   Nit_occ  Time         Eelec          Etot           Ediff      maxdiff    MaxGrad_orb  Grad_occ
     1      10    2.3e+01   22    2.0e+01 -5150.46936118 -4862.30894781 -15149.46936118   3.390566   1.4e+01   1.8e-04 0.00
     2      10    4.4e-01    0    1.2e-01 -5152.44473231 -4864.28431894    -1.97537113   3.390457   1.4e+01   1.8e-04 0.00
     3      30    1.1e+00   65    5.3e+00 -5201.40216187 -4913.24174850   -48.95742956   2.364420   9.5e+00   2.5e-04 0.01
     4      30    1.3e+00   57    4.9e+00 -5211.51785951 -4923.35744614   -10.11569764   0.135934   5.4e-01   3.0e-04 0.02
     5      30    1.5e+00   41    3.4e+00 -5217.16103174 -4929.00061837    -5.64317223   0.166203   6.6e-01   2.7e-04 0.03
     6      30    1.2e+00   26    2.2e+00 -5219.29222045 -4931.13180708    -2.13118871   0.160931   6.4e-01   2.2e-04 0.03
     7      30    1.4e+00   22    1.9e+00 -5220.25983767 -4932.09942431    -0.96761722   0.096752   3.9e-01   2.5e-04 0.03
     8      30    1.4e+00   17    1.5e+00 -5220.77103616 -4932.61062279    -0.51119848   0.084176   3.4e-01   2.3e-04 0.03
     9      30    1.3e+00   14    1.3e+00 -5221.04750424 -4932.88709087    -0.27646808   0.094678   3.8e-01   2.9e-04 0.03
    10      30    1.4e+00   13    1.2e+00 -5221.20528692 -4933.04487355    -0.15778268   0.094856   3.8e-01   3.2e-04 0.03
    11      30    1.2e+00    8    8.0e-01 -5221.32087487 -4933.16046151    -0.11558795   0.082910   3.3e-01   3.3e-04 0.03
    12      30    1.5e+00   17    1.6e+00 -5221.40453192 -4933.24411855    -0.08365705   0.056782   2.3e-01   2.5e-04 0.03
    13      30    1.3e+00   10    1.0e+00 -5221.44083755 -4933.28042419    -0.03630563   0.059555   2.4e-01   2.6e-04 0.03
    14      30    1.3e+00   13    1.2e+00 -5221.45789814 -4933.29748477    -0.01706059   0.058776   2.4e-01   2.1e-04 0.03
    15      30    1.6e+00   10    9.0e-01 -5221.46693076 -4933.30651739    -0.00903262   0.060181   2.4e-01   2.9e-04 0.03
    16      30    1.3e+00   10    9.8e-01 -5221.47183444 -4933.31142108    -0.00490369   0.065333   2.6e-01   2.2e-04 0.03
    17      30    1.4e+00   10    9.3e-01 -5221.47508958 -4933.31467621    -0.00325513   0.051322   2.1e-01   2.0e-04 0.03
    18      30    1.4e+00   12    1.1e+00 -5221.47755138 -4933.31713801    -0.00246180   0.069522   2.8e-01   2.4e-04 0.03
    19      30    1.7e+00    0    9.8e-02 -5221.47755520 -4933.31714183    -0.00000382   0.069522   2.8e-01   2.4e-04 0.03
    20      50    2.1e+00    5    6.1e-01 -5221.50152581 -4933.34111245    -0.02397062   0.015205   6.1e-02   2.9e-04 0.03
    21      50    1.9e+00    9    8.6e-01 -5221.50291964 -4933.34250627    -0.00139382   0.010072   4.0e-02   2.2e-04 0.03
    22      50    2.4e+00    5    5.1e-01 -5221.50468568 -4933.34427231    -0.00176604   0.013784   5.5e-02   2.8e-04 0.03
    23      50    2.3e+00    0    1.3e-01 -5221.50471874 -4933.34430538    -0.00003306   0.013784   5.5e-02   2.8e-04 0.03
    24      70    4.9e+00    0    1.3e-01 -5221.50471874 -4933.34430538     0.00000000   0.013784   5.5e-02   2.8e-04 0.03
    25      90    3.9e+00    3    4.2e-01 -5221.50542499 -4933.34501163    -0.00070625   0.004717   1.9e-02   2.7e-04 0.03
    26      90    4.1e+00    5    6.0e-01 -5221.50358688 -4933.34317351     0.00183812   0.001000   4.0e-03   2.5e-04 0.03
    27      75    3.4e+00    0    1.2e-01 -5221.50349850 -4933.34308514     0.00008837   0.000484   1.9e-03   2.3e-04 0.03
 
RESULTS OF THE OCCUPATION OPTIMIZATION
========================================
   1    2.0000000  -232.18461609
   2    1.9999999  -112.64060974
   3    1.9999999  -112.59574127
   4    1.9999999  -112.04091644
   5    1.9999997  -63.85725021
   6    1.9999993  -50.68175125
   7    1.9999992  -38.21378708
   8    1.9999988  -38.04103088
   9    1.9999993  -31.49124908
  10    1.9999990  -31.42563820
  11    1.9999991  -30.22952271
  12    1.9999991  -29.47547340
  13    1.9999993  -27.90868759
  14    1.9999966  -25.81157684
  15    1.9999984  -25.71108818
  16    1.9999978  -24.63892555
  17    1.9999974  -23.77046204
  18    1.9999961  -23.37048912
  19    1.9999960  -23.18764305
  20    1.9999922  -22.72409248
  21    1.9999967  -22.62519646
  22    1.9999966  -21.72025871
  23    1.9998998  -8.36658669
  24    1.9998880  -7.36646891
  25    1.9997417  -6.65929127
  26    1.9997357  -6.28357363
  27    1.9996582  -6.17795944
  28    1.9993814  -5.83294201
  29    1.9998317  -5.59123802
  30    1.9997452  -5.50482941
  31    1.9987965  -4.59922075
  32    1.9995688  -4.37433386
  33    1.9995461  -3.98888612
  34    1.9987236  -3.85308504
  35    1.9991446  -3.33446407
  36    1.9989979  -3.22804236
  37    1.9991499  -3.21614194
  38    1.9975075  -2.61595440
  39    1.9975978  -2.61270285
  40    1.9965805  -2.43851805
  41    1.9953543  -2.43246651
  42    1.9954978  -2.43094182
  43    1.9832835  -1.13076413
  44    1.9763346  -0.83447558
  45    1.9757220  -0.71607780
  46    1.9719327  -0.67447031
  47    1.9728910  -0.62126577
  48    1.9725841  -0.50611007
  49    1.9675956  -0.50605303
  50    1.9688165  -0.50540578
  51    1.9685341  -0.42013204
  52    1.9660247  -0.37406722
  53    0.0105372  -0.01267714
  54    0.0088876  -0.01214781
  55    0.0103500  -0.01747473
  56    0.0205096  -0.02648577
  57    0.0091433  -0.01754794
  58    0.0074717  -0.01145258
  59    0.0243481  -0.03771724
  60    0.0077736  -0.01225975
  61    0.0076276  -0.01202910
  62    0.0073470  -0.02701625
  63    0.0029919  -0.00880973
  64    0.0020973  -0.00894059
  65    0.0019897  -0.00873045
  66    0.0016158  -0.00839871
  67    0.0008668  -0.00523194
  68    0.0006583  -0.00409094
  69    0.0006488  -0.00463220
  70    0.0006083  -0.00441920
  71    0.0010754  -0.00779576
  72    0.0001857  -0.00113298
  73    0.0001687  -0.00161923
  74    0.0011088  -0.01074321
  75    0.0001072  -0.00136021
  76    0.0000654  -0.00035318
  77    0.0005340  -0.00931288
  78    0.0002898  -0.00533980
  79    0.0001137  -0.00245991
  80    0.0001922  -0.00305291
  81    0.0000385  -0.00021255
  82    0.0000308  -0.00019256
  83    0.0000011  -0.00002856
  84    0.0000010  -0.00002376
  85    0.0000028  -0.00059926
  86    0.0000011  -0.00002891
  87    0.0000014  -0.00003379
  88    0.0000014  -0.00003202
  89    0.0000006  -0.00001872
  90    0.0000005  -0.00001254
  91    0.0000012  -0.00003041
  92    0.0000002  -0.00000361
  93    0.0000003  -0.00000746
  94    0.0000003  -0.00000507
  95    0.0000004  -0.00000843
  96    0.0000002  -0.00000358
  97    0.0000005  -0.00001080
  98    0.0000003  -0.00000459
  99    0.0000002  -0.00000420
 100    0.0000001  -0.00000143
 101    0.0000000  -0.00000071
 102    0.0000000  -0.00000077
 103    0.0000000  -0.00000066
 104    0.0000000  -0.00000014
 105    0.0103301  -0.01284019
 106    0.0088311  -0.01167874
 107    0.0103154  -0.01721149
 108    0.0064791  -0.00965806
 109    0.0085801  -0.01755409
 110    0.0069341  -0.01079074
 111    0.0018812  -0.00445901
 112    0.0070268  -0.01143959
 113    0.0073664  -0.01209857
 114    0.0065956  -0.02061641
 115    0.0007722  -0.00393580
 116    0.0015783  -0.00783714
 117    0.0007461  -0.00400036
 118    0.0003210  -0.00106617
 119    0.0006591  -0.00243500
 120    0.0000767  -0.00037331
 121    0.0001595  -0.00068678
 122    0.0001473  -0.00070277
 123    0.0001211  -0.00068949
 124    0.0001376  -0.00109604
 125    0.0001617  -0.00123007
 126    0.0000373  -0.00019737
 127    0.0000691  -0.00038504
 128    0.0000548  -0.00026889
 129    0.0000296  -0.00020508
 130    0.0000222  -0.00014910
 131    0.0000822  -0.00060541
 132    0.0000296  -0.00017258
 133    0.0000365  -0.00021111
 134    0.0000275  -0.00020057
 135    0.0000009  -0.00002313
 136    0.0000009  -0.00002340
 137    0.0000017  -0.00003916
 138    0.0000010  -0.00002465
 139    0.0000010  -0.00002416
 140    0.0000005  -0.00001469
 141    0.0000006  -0.00001620
 142    0.0000004  -0.00000974
 143    0.0000010  -0.00002625
 144    0.0000002  -0.00000225
 145    0.0000002  -0.00000440
 146    0.0000003  -0.00000438
 147    0.0000003  -0.00000454
 148    0.0000002  -0.00000262
 149    0.0000003  -0.00000596
 150    0.0000002  -0.00000315
 151    0.0000002  -0.00000253
 152    0.0000001  -0.00000134
 153    0.0000000  -0.00000069
 154    0.0000000  -0.00000070
 155    0.0000000  -0.00000054
 156    0.0000000  -0.00000023
 157    0.0093178  -0.01149158
 158    0.0075853  -0.01074161
 159    0.0098967  -0.01731399
 160    0.0041292  -0.00662021
 161    0.0074511  -0.01876554
 162    0.0064337  -0.01025632
 163    0.0009316  -0.00198719
 164    0.0063928  -0.01031830
 165    0.0068927  -0.01164859
 166    0.0021584  -0.01007323
 167    0.0004104  -0.00140708
 168    0.0006670  -0.00337341
 169    0.0004354  -0.00144199
 170    0.0002496  -0.00093014
 171    0.0006366  -0.00365150
 172    0.0000584  -0.00027779
 173    0.0001414  -0.00062061
 174    0.0000715  -0.00035275
 175    0.0000413  -0.00020454
 176    0.0000921  -0.00046117
 177    0.0000538  -0.00040256
 178    0.0000312  -0.00017486
 179    0.0000602  -0.00031377
 180    0.0000276  -0.00015465
 181    0.0000279  -0.00016919
 182    0.0000180  -0.00010792
 183    0.0000431  -0.00032068
 184    0.0000201  -0.00026483
 185    0.0000193  -0.00021348
 186    0.0000225  -0.00051395
 187    0.0000008  -0.00002006
 188    0.0000008  -0.00002161
 189    0.0000017  -0.00003694
 190    0.0000010  -0.00002424
 191    0.0000008  -0.00002057
 192    0.0000004  -0.00000973
 193    0.0000005  -0.00001523
 194    0.0000004  -0.00000800
 195    0.0000008  -0.00002151
 196    0.0000002  -0.00000232
 197    0.0000002  -0.00000363
 198    0.0000002  -0.00000365
 199    0.0000002  -0.00000330
 200    0.0000002  -0.00000218
 201    0.0000003  -0.00000495
 202    0.0000002  -0.00000273
 203    0.0000002  -0.00000258
 204    0.0000001  -0.00000123
 205    0.0000000  -0.00000063
 206    0.0000000  -0.00000059
 207    0.0000000  -0.00000062
 208    0.0000000  -0.00000016
 209    0.0037901  -0.00495844
 210    0.0061619  -0.00911685
 211    0.0006215  -0.00142013
 212    0.0012866  -0.00228302
 213    0.0022414  -0.00741232
 214    0.0062695  -0.01003242
 215    0.0009064  -0.00194670
 216    0.0030849  -0.00525254
 217    0.0017787  -0.00340539
 218    0.0006154  -0.00168726
 219    0.0003277  -0.00105092
 220    0.0003032  -0.00096083
 221    0.0002483  -0.00089213
 222    0.0002158  -0.00089065
 223    0.0003300  -0.00110129
 224    0.0000567  -0.00026908
 225    0.0000525  -0.00025290
 226    0.0000283  -0.00014455
 227    0.0000386  -0.00019738
 228    0.0000385  -0.00019242
 229    0.0000470  -0.00021987
 230    0.0000262  -0.00014817
 231    0.0000182  -0.00011999
 232    0.0000205  -0.00012988
 233    0.0000272  -0.00025285
 234    0.0000117  -0.00042690
 235    0.0000252  -0.00015059
 236    0.0000164  -0.00022942
 237    0.0000177  -0.00011688
 238    0.0000193  -0.00011535
 239    0.0000006  -0.00001535
 240    0.0000006  -0.00001618
 241    0.0000016  -0.00003435
 242    0.0000008  -0.00002112
 243    0.0000006  -0.00001706
 244    0.0000003  -0.00000699
 245    0.0000005  -0.00001211
 246    0.0000003  -0.00000666
 247    0.0000005  -0.00001039
 248    0.0000002  -0.00000206
 249    0.0000002  -0.00000225
 250    0.0000002  -0.00000320
 251    0.0000002  -0.00000250
 252    0.0000001  -0.00000190
 253    0.0000002  -0.00000331
 254    0.0000002  -0.00000235
 255    0.0000002  -0.00000223
 256    0.0000001  -0.00000129
 257    0.0000000  -0.00000049
 258    0.0000000  -0.00000052
 259    0.0000000  -0.00000044
 260    0.0000000  -0.00000018
 
----------------
 Final Energies 
----------------
Final NOF Total Energy =   -4933.3430851
 
Total Orbital Internal Iterations = 1055
Total Occupation Internal Iterations = 394
 
Elapsed time:  143.77 Seconds

---------------------------------
   Lowdin Population Analysis    
---------------------------------
 Idx  Atom   Population   Charge 
---------------------------------
  1    Bi    80.888       2.112
  2     H     1.696      -0.696
  3     H     1.699      -0.699
  4     H     1.699      -0.699
  5    Cl    16.639       0.361
  6     H     1.379      -0.379

---------------------------------
   M Diagnostic: 0.03
---------------------------------

