E14_C.jld2 not found
E14_n.jld2 not found
Computing Integrals
NVIDIA GeForce RTX 4060
Elapsed time:    2.52 Seconds

Number of basis functions                   (NBF)    = 261
Number of auxiliary basis functions         (NBFAUX) = 281
Inactive Doubly occupied orbitals up to     (NO1)    = 0
No. considered Strongly Doubly occupied MOs (NDOC)   = 11
No. considered Strongly Singly occupied MOs (NSOC)   = 0
NO. of Weakly occ. per St. Doubly occ.  MOs (NCWO)   = 22
Dimension of the Nat. Orb. subspace         (NBF5)   = 253
No. of electrons                                     = 22
    No. of alpha electrons                           = 11
    No. of beta electrons                            = 11
Multiplicity                                         = 1

Geometry
========
 C       0.0000000       0.0000000       0.4886500
 C       0.0000000       0.0000000      -0.9668800
 N       0.0000000       0.0000000      -2.1178800
 H       0.5119600      -0.8867400       0.8653700
 H       0.5119600       0.8867400       0.8653700
 H      -1.0239200       0.0000000       0.8653700

No violations of the orthonormality
No violations of the orthonormality
 
PNOF9/ADABelief Calculation
==================
 
  Nitext  Nit_orb  Time   Nit_occ  Time         Eelec          Etot           Ediff      maxdiff    MaxGrad_orb  Grad_occ
     1      10    2.2e+01   10    1.9e+01  -182.19388264  -123.58215970 -10181.19388264   1.632959   6.5e+00   1.7e-04 0.00
     2      10    4.5e-01  101    9.6e+00  -186.40892045  -127.79719752    -4.21503782   0.244476   9.8e-01   2.0e-04 0.01
     3      10    2.4e-01   58    5.4e+00  -187.34070487  -128.72898193    -0.93178441   0.391231   1.6e+00   2.5e-04 0.03
     4      10    2.6e-01    0    1.3e-01  -187.40483096  -128.79310803    -0.06412610   0.391229   1.6e+00   2.5e-04 0.03
     5      30    1.3e+00   44    4.0e+00  -190.13074649  -131.51902355    -2.72591553   0.146172   5.8e-01   2.0e-04 0.03
     6      30    1.0e+00   30    2.9e+00  -190.84719796  -132.23547502    -0.71645147   0.114260   4.6e-01   2.4e-04 0.03
     7      30    1.0e+00   23    2.3e+00  -191.14090075  -132.52917782    -0.29370279   0.069791   2.8e-01   2.2e-04 0.03
     8      30    1.3e+00   11    1.1e+00  -191.20684471  -132.59512177    -0.06594396   0.020191   8.1e-02   2.3e-04 0.03
     9      30    8.2e-01   17    1.8e+00  -191.21697711  -132.60525418    -0.01013241   0.012791   5.1e-02   1.9e-04 0.03
    10      30    9.5e-01   12    1.3e+00  -191.21983070  -132.60810776    -0.00285359   0.014893   6.0e-02   1.8e-04 0.04
    11      30    1.1e+00    9    1.0e+00  -191.22085720  -132.60913427    -0.00102651   0.016960   6.8e-02   1.8e-04 0.04
    12      30    1.1e+00    4    5.3e-01  -191.22143818  -132.60971525    -0.00058098   0.014499   5.8e-02   2.4e-04 0.04
    13      30    8.7e-01    9    9.8e-01  -191.22298961  -132.61126667    -0.00155142   0.015344   6.1e-02   1.7e-04 0.04
    14      30    1.1e+00    9    9.9e-01  -191.22343904  -132.61171610    -0.00044943   0.013963   5.6e-02   2.3e-04 0.04
    15      30    1.3e+00    6    6.4e-01  -191.22392390  -132.61220096    -0.00048486   0.012582   5.0e-02   2.3e-04 0.04
    16      30    1.2e+00    0    1.2e-01  -191.22406131  -132.61233838    -0.00013742   0.012582   5.0e-02   2.3e-04 0.04
    17      50    1.4e+00    4    5.2e-01  -191.22847110  -132.61674817    -0.00440979   0.001920   7.7e-03   2.5e-04 0.04
    18      50    1.5e+00    9    1.1e+00  -191.22876302  -132.61704009    -0.00029192   0.002696   1.1e-02   1.8e-04 0.04
    19      50    2.0e+00    3    4.6e-01  -191.22917841  -132.61745547    -0.00041539   0.002516   1.0e-02   2.0e-04 0.04
    20      50    3.6e+00    3    4.5e-01  -191.22943679  -132.61771386    -0.00025838   0.002577   1.0e-02   2.2e-04 0.04
    21      50    2.0e+00    3    4.3e-01  -191.22966075  -132.61793781    -0.00022396   0.002101   8.4e-03   2.4e-04 0.04
    22      50    1.7e+00    3    4.6e-01  -191.22982066  -132.61809772    -0.00015991   0.002473   9.9e-03   2.3e-04 0.04
    23      50    1.6e+00    3    4.6e-01  -191.22997778  -132.61825484    -0.00015712   0.002128   8.5e-03   2.5e-04 0.04
    24      50    1.6e+00    3    4.0e-01  -191.23016308  -132.61844015    -0.00018530   0.002211   8.8e-03   2.5e-04 0.04
    25      50    1.4e+00    6    6.6e-01  -191.23029045  -132.61856752    -0.00012737   0.002195   8.8e-03   2.0e-04 0.04
    26      50    1.5e+00    3    4.4e-01  -191.23042656  -132.61870362    -0.00013610   0.002193   8.8e-03   1.9e-04 0.04
    27      50    1.7e+00    3    4.5e-01  -191.23048933  -132.61876640    -0.00006278   0.002283   9.1e-03   2.3e-04 0.04
    28      50    1.6e+00    8    9.1e-01  -191.23050333  -132.61878039    -0.00001399   0.003378   1.4e-02   1.8e-04 0.04
    29      50    1.8e+00    0    1.2e-01  -191.23060066  -132.61887773    -0.00009733   0.002380   9.5e-03   2.7e-04 0.04
    30      60    2.0e+00    3    4.5e-01  -191.23066700  -132.61894407    -0.00006634   0.002109   8.4e-03   1.8e-04 0.04
    31      60    1.6e+00    3    4.7e-01  -191.23073315  -132.61901022    -0.00006615   0.002124   8.5e-03   2.0e-04 0.04
    32      60    2.2e+00    3    4.5e-01  -191.23075905  -132.61903612    -0.00002590   0.002069   8.3e-03   2.2e-04 0.04
    33      60    1.8e+00    1    2.3e-01  -191.23079974  -132.61907681    -0.00004069   0.002394   9.6e-03   2.5e-04 0.04
    34      60    1.9e+00    5    5.9e-01  -191.23081968  -132.61909674    -0.00001993   0.002090   8.4e-03   1.6e-04 0.04
    35      60    2.2e+00    3    4.6e-01  -191.23090241  -132.61917947    -0.00008273   0.002292   9.2e-03   2.0e-04 0.04
    36      60    1.9e+00    3    4.1e-01  -191.23092763  -132.61920469    -0.00002522   0.002184   8.7e-03   2.0e-04 0.04
    37      60    2.0e+00    1    2.1e-01  -191.23096378  -132.61924084    -0.00003615   0.002185   8.7e-03   2.2e-04 0.04
    38      60    2.0e+00    3    4.4e-01  -191.23098516  -132.61926222    -0.00002138   0.002421   9.7e-03   2.1e-04 0.04
    39      60    1.8e+00    3    4.6e-01  -191.23103347  -132.61931054    -0.00004831   0.002319   9.3e-03   2.4e-04 0.04
    40      60    2.1e+00    1    2.1e-01  -191.23105707  -132.61933413    -0.00002360   0.002578   1.0e-02   2.1e-04 0.04
    41      60    2.1e+00    5    6.6e-01  -191.23107216  -132.61934923    -0.00001510   0.002188   8.8e-03   1.3e-04 0.04
    42      60    2.1e+00    0    1.4e-01  -191.23110450  -132.61938157    -0.00003234   0.002345   9.4e-03   2.3e-04 0.04
    43      70    2.6e+00    3    4.7e-01  -191.23113907  -132.61941614    -0.00003457   0.001821   7.3e-03   2.1e-04 0.04
    44      70    2.3e+00    0    1.5e-01  -191.23114633  -132.61942339    -0.00000726   0.001821   7.3e-03   2.1e-04 0.04
    45      58    2.2e+00    0    1.4e-01  -191.23126013  -132.61953720    -0.00011380   0.000566   2.3e-03   2.5e-04 0.04
 
RESULTS OF THE OCCUPATION OPTIMIZATION
========================================
   1    1.9999694  -13.35688210
   2    1.9999744  -13.15009594
   3    1.9999643  -11.64097595
   4    1.9849254  -1.21017158
   5    1.9786411  -1.05152881
   6    1.9763221  -0.73303950
   7    1.9747788  -0.65067166
   8    1.9732134  -0.64499044
   9    1.9758645  -0.60732341
  10    1.9626793  -0.50297725
  11    1.9637196  -0.50293249
  12    0.0348708  -0.04193562
  13    0.0334428  -0.04088564
  14    0.0070362  -0.01507636
  15    0.0138626  -0.01882678
  16    0.0121508  -0.01757271
  17    0.0112894  -0.01797355
  18    0.0196318  -0.03430166
  19    0.0104107  -0.02233462
  20    0.0000236  -0.00055116
  21    0.0000082  -0.00023860
  22    0.0000157  -0.00045580
  23    0.0002506  -0.00061064
  24    0.0033251  -0.00560550
  25    0.0045148  -0.00989795
  26    0.0044935  -0.00754794
  27    0.0039471  -0.00716437
  28    0.0037333  -0.00675020
  29    0.0010386  -0.00409036
  30    0.0013955  -0.00613644
  31    0.0000023  -0.00002178
  32    0.0000044  -0.00003722
  33    0.0000031  -0.00006562
  34    0.0002491  -0.00060750
  35    0.0002277  -0.00059469
  36    0.0032371  -0.00660909
  37    0.0043320  -0.00687142
  38    0.0031173  -0.00594331
  39    0.0028144  -0.00576572
  40    0.0001178  -0.00055590
  41    0.0009109  -0.00280962
  42    0.0000013  -0.00001469
  43    0.0000019  -0.00001712
  44    0.0000025  -0.00002237
  45    0.0002406  -0.00061234
  46    0.0002087  -0.00056478
  47    0.0027252  -0.00560606
  48    0.0010662  -0.00261491
  49    0.0010792  -0.00306687
  50    0.0022946  -0.00648285
  51    0.0001148  -0.00040732
  52    0.0006458  -0.00389040
  53    0.0000012  -0.00004194
  54    0.0000013  -0.00001093
  55    0.0000013  -0.00001212
  56    0.0002123  -0.00057823
  57    0.0000280  -0.00009510
  58    0.0023427  -0.00513199
  59    0.0008344  -0.00177996
  60    0.0009750  -0.00242096
  61    0.0020358  -0.00463386
  62    0.0000898  -0.00050973
  63    0.0004424  -0.00211124
  64    0.0000009  -0.00001123
  65    0.0000012  -0.00002061
  66    0.0000009  -0.00002818
  67    0.0001548  -0.00040411
  68    0.0000155  -0.00005343
  69    0.0011465  -0.00425293
  70    0.0005238  -0.00116524
  71    0.0009499  -0.00231206
  72    0.0010073  -0.00259913
  73    0.0000625  -0.00026655
  74    0.0003142  -0.00195763
  75    0.0000008  -0.00000679
  76    0.0000011  -0.00004061
  77    0.0000007  -0.00001049
  78    0.0001026  -0.00025648
  79    0.0000118  -0.00003218
  80    0.0008820  -0.00231175
  81    0.0003324  -0.00088701
  82    0.0007225  -0.00164807
  83    0.0001052  -0.00035698
  84    0.0000537  -0.00019812
  85    0.0002265  -0.00087105
  86    0.0000008  -0.00000708
  87    0.0000008  -0.00000917
  88    0.0000007  -0.00000431
  89    0.0000538  -0.00016279
  90    0.0000105  -0.00003706
  91    0.0008311  -0.00214494
  92    0.0002739  -0.00071885
  93    0.0004793  -0.00113469
  94    0.0000929  -0.00033399
  95    0.0000455  -0.00018282
  96    0.0001835  -0.00142148
  97    0.0000006  -0.00000377
  98    0.0000008  -0.00001001
  99    0.0000006  -0.00000374
 100    0.0000410  -0.00012211
 101    0.0000093  -0.00003392
 102    0.0004307  -0.00124237
 103    0.0002365  -0.00060536
 104    0.0003443  -0.00086109
 105    0.0000850  -0.00028758
 106    0.0000363  -0.00014788
 107    0.0001210  -0.00048390
 108    0.0000006  -0.00000588
 109    0.0000006  -0.00001579
 110    0.0000006  -0.00000409
 111    0.0000225  -0.00007467
 112    0.0000069  -0.00002474
 113    0.0004175  -0.00121704
 114    0.0001931  -0.00054807
 115    0.0003274  -0.00086309
 116    0.0000563  -0.00018794
 117    0.0000294  -0.00011414
 118    0.0000831  -0.00042778
 119    0.0000004  -0.00000487
 120    0.0000006  -0.00000386
 121    0.0000006  -0.00000431
 122    0.0000177  -0.00006089
 123    0.0000068  -0.00002398
 124    0.0002271  -0.00078447
 125    0.0001203  -0.00033669
 126    0.0002561  -0.00069260
 127    0.0000453  -0.00016340
 128    0.0000215  -0.00010189
 129    0.0000664  -0.00050994
 130    0.0000004  -0.00000116
 131    0.0000006  -0.00000359
 132    0.0000005  -0.00000622
 133    0.0000112  -0.00003767
 134    0.0000049  -0.00001853
 135    0.0000832  -0.00029087
 136    0.0001088  -0.00032480
 137    0.0002517  -0.00070247
 138    0.0000387  -0.00014699
 139    0.0000178  -0.00008260
 140    0.0000534  -0.00021435
 141    0.0000004  -0.00000102
 142    0.0000005  -0.00000313
 143    0.0000005  -0.00000360
 144    0.0000096  -0.00003656
 145    0.0000044  -0.00001561
 146    0.0000637  -0.00021624
 147    0.0001053  -0.00031009
 148    0.0002093  -0.00057662
 149    0.0000240  -0.00011758
 150    0.0000157  -0.00007513
 151    0.0000369  -0.00015991
 152    0.0000003  -0.00000109
 153    0.0000005  -0.00000465
 154    0.0000004  -0.00000112
 155    0.0000087  -0.00003300
 156    0.0000038  -0.00001380
 157    0.0000480  -0.00016095
 158    0.0000755  -0.00023213
 159    0.0001126  -0.00039628
 160    0.0000132  -0.00005897
 161    0.0000140  -0.00006561
 162    0.0000330  -0.00014791
 163    0.0000003  -0.00000093
 164    0.0000005  -0.00000172
 165    0.0000004  -0.00000119
 166    0.0000068  -0.00002413
 167    0.0000035  -0.00001199
 168    0.0000342  -0.00014866
 169    0.0000574  -0.00018121
 170    0.0000875  -0.00027794
 171    0.0000103  -0.00004522
 172    0.0000133  -0.00006526
 173    0.0000321  -0.00015710
 174    0.0000003  -0.00000070
 175    0.0000005  -0.00000224
 176    0.0000003  -0.00000045
 177    0.0000058  -0.00002449
 178    0.0000026  -0.00000986
 179    0.0000285  -0.00011264
 180    0.0000456  -0.00014664
 181    0.0000832  -0.00028347
 182    0.0000091  -0.00004145
 183    0.0000113  -0.00005874
 184    0.0000291  -0.00012900
 185    0.0000003  -0.00000056
 186    0.0000004  -0.00000152
 187    0.0000003  -0.00000039
 188    0.0000047  -0.00001740
 189    0.0000020  -0.00000790
 190    0.0000240  -0.00009373
 191    0.0000299  -0.00010903
 192    0.0000468  -0.00015563
 193    0.0000065  -0.00003310
 194    0.0000104  -0.00005217
 195    0.0000241  -0.00011250
 196    0.0000002  -0.00000057
 197    0.0000004  -0.00000098
 198    0.0000003  -0.00000054
 199    0.0000045  -0.00001665
 200    0.0000016  -0.00000514
 201    0.0000200  -0.00007649
 202    0.0000261  -0.00010831
 203    0.0000208  -0.00008710
 204    0.0000045  -0.00002676
 205    0.0000095  -0.00005134
 206    0.0000227  -0.00010648
 207    0.0000002  -0.00000048
 208    0.0000003  -0.00000088
 209    0.0000003  -0.00000052
 210    0.0000043  -0.00001512
 211    0.0000015  -0.00000566
 212    0.0000156  -0.00007016
 213    0.0000221  -0.00008641
 214    0.0000187  -0.00008678
 215    0.0000041  -0.00002271
 216    0.0000077  -0.00003962
 217    0.0000154  -0.00007056
 218    0.0000002  -0.00000029
 219    0.0000003  -0.00000064
 220    0.0000003  -0.00000053
 221    0.0000040  -0.00001381
 222    0.0000012  -0.00000346
 223    0.0000113  -0.00004975
 224    0.0000201  -0.00008468
 225    0.0000159  -0.00007134
 226    0.0000037  -0.00001856
 227    0.0000073  -0.00003460
 228    0.0000114  -0.00006088
 229    0.0000002  -0.00000051
 230    0.0000003  -0.00000087
 231    0.0000002  -0.00000049
 232    0.0000032  -0.00001138
 233    0.0000012  -0.00000273
 234    0.0000086  -0.00004001
 235    0.0000143  -0.00005747
 236    0.0000154  -0.00006042
 237    0.0000027  -0.00001394
 238    0.0000062  -0.00003072
 239    0.0000103  -0.00005503
 240    0.0000002  -0.00000077
 241    0.0000003  -0.00000070
 242    0.0000002  -0.00000049
 243    0.0000018  -0.00000514
 244    0.0000007  -0.00000047
 245    0.0000075  -0.00003636
 246    0.0000129  -0.00005432
 247    0.0000105  -0.00004522
 248    0.0000014  -0.00000722
 249    0.0000040  -0.00002425
 250    0.0000062  -0.00003587
 251    0.0000002  -0.00000025
 252    0.0000002  -0.00000047
 253    0.0000002  -0.00000014
 
----------------
 Final Energies 
----------------
Final NOF Total Energy =    -132.6195372
 
Total Orbital Internal Iterations = 2028
Total Occupation Internal Iterations = 431
 
Elapsed time:  180.00 Seconds

---------------------------------
   Lowdin Population Analysis    
---------------------------------
 Idx  Atom   Population   Charge 
---------------------------------
  1     C     5.800       0.200
  2     C     6.195      -0.195
  3     N     6.896       0.104
  4     H     1.036      -0.036
  5     H     1.037      -0.037
  6     H     1.036      -0.036

---------------------------------
   M Diagnostic: 0.04
---------------------------------

