O2_C.jld2 not found
O2_n.jld2 not found
Computing Integrals
NVIDIA GeForce RTX 4060
Elapsed time:    2.23 Seconds

Number of basis functions                   (NBF)    = 114
Number of auxiliary basis functions         (NBFAUX) = 154
Inactive Doubly occupied orbitals up to     (NO1)    = 0
No. considered Strongly Doubly occupied MOs (NDOC)   = 7
No. considered Strongly Singly occupied MOs (NSOC)   = 2
NO. of Weakly occ. per St. Doubly occ.  MOs (NCWO)   = 15
Dimension of the Nat. Orb. subspace         (NBF5)   = 114
No. of electrons                                     = 16
    No. of alpha electrons                           = 9
    No. of beta electrons                            = 7
Multiplicity                                         = 3

Geometry
========
 O       0.0000000       0.0000000      -0.6096900
 O       0.0000000       0.0000000       0.6096900

No violations of the orthonormality
No violations of the orthonormality
 
PNOF9/ADABelief Calculation
==================
 
  Nitext  Nit_orb  Time   Nit_occ  Time         Eelec          Etot           Ediff      maxdiff    MaxGrad_orb  Grad_occ
     1      10    2.2e+01   19    1.8e+01  -168.85648184  -141.08230804 -10167.85648184   3.919645   1.6e+01   1.7e-04 0.00
     2      10    1.1e-01   95    1.2e+00  -174.53947866  -146.76530486    -5.68299682   0.473835   1.9e+00   1.9e-04 0.02
     3      10    7.6e-02   25    3.5e-01  -176.90071526  -149.12654146    -2.36123660   0.396607   1.6e+00   2.9e-04 0.03
     4      10    1.5e-01   34    3.9e-01  -177.22573378  -149.45155998    -0.32501852   1.171587   4.7e+00   1.6e-04 0.03
     5      10    1.2e-01   30    4.1e-01  -177.45656302  -149.68238922    -0.23082924   0.340131   1.4e+00   2.1e-04 0.03
     6      10    8.9e-02    0    3.0e-02  -177.45785892  -149.68368512    -0.00129590   0.340129   1.4e+00   2.1e-04 0.03
     7      30    2.8e-01   14    2.5e-01  -177.79188402  -150.01771022    -0.33402510   0.052735   2.1e-01   2.6e-04 0.03
     8      30    1.7e-01   16    2.2e-01  -177.87542162  -150.10124783    -0.08353760   0.059156   2.4e-01   2.0e-04 0.03
     9      30    2.5e-01   17    2.8e-01  -177.92422763  -150.15005384    -0.04880601   0.046409   1.9e-01   2.0e-04 0.03
    10      30    2.6e-01    7    1.3e-01  -177.95338249  -150.17920870    -0.02915486   0.029408   1.2e-01   1.9e-04 0.03
    11      30    2.2e-01    4    1.1e-01  -177.96555387  -150.19138007    -0.01217137   0.012890   5.2e-02   2.1e-04 0.03
    12      30    3.4e-01   12    2.3e-01  -177.96840433  -150.19423054    -0.00285047   0.007406   3.0e-02   2.0e-04 0.03
    13      30    1.9e-01    4    1.4e-01  -177.96864269  -150.19446889    -0.00023836   0.007882   3.2e-02   1.7e-04 0.03
    14      30    3.0e-01    7    1.4e-01  -177.96890070  -150.19472691    -0.00025801   0.007416   3.0e-02   2.3e-04 0.03
    15      30    2.6e-01    6    1.9e-01  -177.96918645  -150.19501265    -0.00028575   0.006664   2.7e-02   2.2e-04 0.03
    16      30    3.4e-01    7    1.6e-01  -177.96934869  -150.19517489    -0.00016224   0.007649   3.1e-02   2.0e-04 0.03
    17      30    1.9e-01    3    1.5e-01  -177.96962898  -150.19545518    -0.00028029   0.006579   2.6e-02   2.4e-04 0.03
    18      30    2.1e-01    6    1.5e-01  -177.96968726  -150.19551346    -0.00005828   0.007338   2.9e-02   2.2e-04 0.03
    19      30    3.3e-01    1    1.3e-01  -177.96983902  -150.19566522    -0.00015176   0.006754   2.7e-02   1.9e-04 0.03
    20      30    3.4e-01    8    1.6e-01  -177.96985749  -150.19568370    -0.00001848   0.007193   2.9e-02   1.3e-04 0.03
    21      30    2.8e-01    0    3.1e-02  -177.96986943  -150.19569564    -0.00001194   0.007193   2.9e-02   1.3e-04 0.03
    22      50    4.5e-01    0    1.2e-02  -177.97046272  -150.19628892    -0.00059328   0.001244   5.0e-03   1.4e-04 0.03
    23      60    6.3e-01    0    1.4e-02  -177.97048138  -150.19630759    -0.00001866   0.001473   5.9e-03   1.4e-04 0.03
    24      70    6.6e-01    0    3.0e-02  -177.97048138  -150.19630759     0.00000000   0.001473   5.9e-03   1.4e-04 0.03
    25      35    4.0e-01    0    5.2e-02  -177.97049273  -150.19631894    -0.00001135   0.000698   2.8e-03   1.5e-04 0.03
 
RESULTS OF THE OCCUPATION OPTIMIZATION
========================================
   1    1.9999540  -20.74579239
   2    1.9999563  -20.74523163
   3    1.9875866  -1.63688612
   4    1.9800174  -1.14063191
   5    1.9649860  -0.81323057
   6    1.9712682  -0.73949999
   7    1.9728163  -0.73869389
   8    1.0000000  -0.31043071
   9    1.0000000  -0.30996361
  10    0.0101434  -0.01970904
  11    0.0106354  -0.01593526
  12    0.0312314  -0.05774040
  13    0.0068662  -0.01738704
  14    0.0048413  -0.00990484
  15    0.0000117  -0.00047350
  16    0.0000076  -0.00031849
  17    0.0085506  -0.01493504
  18    0.0057656  -0.00933346
  19    0.0016657  -0.00490234
  20    0.0043489  -0.00948785
  21    0.0047144  -0.01033816
  22    0.0000048  -0.00007977
  23    0.0000051  -0.00009374
  24    0.0048755  -0.00898281
  25    0.0054223  -0.00874598
  26    0.0016656  -0.00489694
  27    0.0025731  -0.00769770
  28    0.0008413  -0.00589653
  29    0.0000034  -0.00006138
  30    0.0000044  -0.00007462
  31    0.0012271  -0.00346059
  32    0.0052079  -0.00846694
  33    0.0001216  -0.00051072
  34    0.0020263  -0.00544323
  35    0.0006261  -0.00540107
  36    0.0000034  -0.00006317
  37    0.0000042  -0.00007324
  38    0.0004327  -0.00132775
  39    0.0007301  -0.00205663
  40    0.0000937  -0.00044011
  41    0.0012636  -0.00367152
  42    0.0004674  -0.00208191
  43    0.0000031  -0.00005691
  44    0.0000042  -0.00006832
  45    0.0004171  -0.00123819
  46    0.0002719  -0.00074516
  47    0.0000934  -0.00044247
  48    0.0007493  -0.00233756
  49    0.0003029  -0.00098399
  50    0.0000031  -0.00005675
  51    0.0000040  -0.00006689
  52    0.0002987  -0.00088883
  53    0.0002212  -0.00073743
  54    0.0000260  -0.00013545
  55    0.0004117  -0.00127973
  56    0.0002464  -0.00094380
  57    0.0000026  -0.00005382
  58    0.0000033  -0.00006098
  59    0.0002980  -0.00086694
  60    0.0002008  -0.00064799
  61    0.0000243  -0.00012940
  62    0.0004113  -0.00127388
  63    0.0001252  -0.00160137
  64    0.0000024  -0.00003645
  65    0.0000032  -0.00006070
  66    0.0002612  -0.00078538
  67    0.0001579  -0.00056827
  68    0.0000198  -0.00011572
  69    0.0004080  -0.00127211
  70    0.0000667  -0.00087501
  71    0.0000023  -0.00003611
  72    0.0000026  -0.00005319
  73    0.0002191  -0.00073521
  74    0.0000223  -0.00012715
  75    0.0000152  -0.00009397
  76    0.0002635  -0.00082971
  77    0.0000520  -0.00028056
  78    0.0000017  -0.00002075
  79    0.0000020  -0.00001613
  80    0.0001974  -0.00067221
  81    0.0000215  -0.00012186
  82    0.0000134  -0.00008561
  83    0.0002572  -0.00083435
  84    0.0000287  -0.00017081
  85    0.0000016  -0.00001306
  86    0.0000017  -0.00001842
  87    0.0001706  -0.00061712
  88    0.0000200  -0.00010290
  89    0.0000124  -0.00008669
  90    0.0002200  -0.00076308
  91    0.0000276  -0.00015783
  92    0.0000015  -0.00001273
  93    0.0000014  -0.00000712
  94    0.0000582  -0.00028567
  95    0.0000194  -0.00010599
  96    0.0000117  -0.00008543
  97    0.0001176  -0.00075356
  98    0.0000262  -0.00014205
  99    0.0000011  -0.00000649
 100    0.0000012  -0.00000676
 101    0.0000183  -0.00009059
 102    0.0000181  -0.00009523
 103    0.0000111  -0.00007920
 104    0.0000474  -0.00026370
 105    0.0000252  -0.00014133
 106    0.0000008  -0.00001397
 107    0.0000010  -0.00000327
 108    0.0000159  -0.00008528
 109    0.0000173  -0.00008858
 110    0.0000085  -0.00007434
 111    0.0000185  -0.00010031
 112    0.0000222  -0.00014077
 113    0.0000002  -0.00003667
 114    0.0000002  -0.00002401
 
----------------
 Final Energies 
----------------
Final NOF Total Energy =    -150.1963189
 
Total Orbital Internal Iterations = 725
Total Occupation Internal Iterations = 315
 
Elapsed time:   66.42 Seconds

---------------------------------
   Lowdin Population Analysis    
---------------------------------
 Idx  Atom   Population   Charge 
---------------------------------
  1     O     8.000      -0.000
  2     O     8.000       0.000

---------------------------------
   M Diagnostic: 0.03
---------------------------------

