si_C.jld2 not found
si_n.jld2 not found
Computing Integrals
NVIDIA GeForce RTX 4060
Elapsed time:    2.23 Seconds

Number of basis functions                   (NBF)    = 70
Number of auxiliary basis functions         (NBFAUX) = 128
Inactive Doubly occupied orbitals up to     (NO1)    = 0
No. considered Strongly Doubly occupied MOs (NDOC)   = 6
No. considered Strongly Singly occupied MOs (NSOC)   = 2
NO. of Weakly occ. per St. Doubly occ.  MOs (NCWO)   = 10
Dimension of the Nat. Orb. subspace         (NBF5)   = 68
No. of electrons                                     = 14
    No. of alpha electrons                           = 8
    No. of beta electrons                            = 6
Multiplicity                                         = 3

Geometry
========
Si       0.0000000       0.0000000       0.0000000

No violations of the orthonormality
No violations of the orthonormality
 
PNOF9/ADABelief Calculation
==================
 
  Nitext  Nit_orb  Time   Nit_occ  Time         Eelec          Etot           Ediff      maxdiff    MaxGrad_orb  Grad_occ
     1      10    2.2e+01   14    1.8e+01  -283.74253579  -283.74253579 -10282.74253579   1.305773   5.2e+00   1.7e-04 0.00
     2      10    6.9e-02   43    1.9e-01  -286.66114237  -286.66114237    -2.91860658   1.295854   5.2e+00   2.4e-04 0.01
     3      10    7.1e-02   39    7.8e-02  -287.12377924  -287.12377924    -0.46263688   0.435535   1.7e+00   1.7e-04 0.01
     4      10    8.2e-02   29    7.5e-02  -287.36427149  -287.36427149    -0.24049224   0.384420   1.5e+00   9.9e-05 0.01
     5      10    6.9e-02   21    4.9e-02  -287.78412059  -287.78412059    -0.41984910   0.426083   1.7e+00   1.9e-04 0.02
     6      10    9.3e-02   24    1.0e-01  -288.11862239  -288.11862239    -0.33450180   0.280507   1.1e+00   1.6e-04 0.02
     7      10    7.7e-02   19    7.0e-02  -288.37002583  -288.37002583    -0.25140344   0.208282   8.3e-01   1.7e-04 0.02
     8      10    5.3e-02   17    3.8e-02  -288.52356265  -288.52356265    -0.15353682   0.288484   1.2e+00   1.6e-04 0.02
     9      10    6.7e-02   12    2.9e-02  -288.61396877  -288.61396877    -0.09040612   0.251612   1.0e+00   2.2e-04 0.02
    10      10    7.3e-02    0    2.7e-03  -288.61423911  -288.61423911    -0.00027034   0.251612   1.0e+00   2.2e-04 0.02
    11      30    2.5e-01   10    3.1e-02  -289.06861107  -289.06861107    -0.45437196   0.042984   1.7e-01   2.0e-04 0.02
    12      30    2.7e-01    9    3.0e-02  -289.12828060  -289.12828060    -0.05966953   0.032244   1.3e-01   2.3e-04 0.02
    13      30    2.2e-01    9    1.9e-02  -289.15651192  -289.15651192    -0.02823132   0.019165   7.7e-02   2.4e-04 0.02
    14      30    2.6e-01    4    1.3e-02  -289.16256717  -289.16256717    -0.00605524   0.023073   9.2e-02   2.0e-04 0.02
    15      30    2.5e-01    4    2.0e-02  -289.16425731  -289.16425731    -0.00169014   0.016538   6.6e-02   1.7e-04 0.02
    16      30    2.3e-01    2    7.3e-03  -289.16463452  -289.16463452    -0.00037722   0.016784   6.7e-02   2.0e-04 0.02
    17      30    2.3e-01    6    1.8e-02  -289.16497624  -289.16497624    -0.00034172   0.016762   6.7e-02   2.4e-04 0.02
    18      30    2.4e-01    0    2.7e-03  -289.16498198  -289.16498198    -0.00000574   0.016762   6.7e-02   2.4e-04 0.02
    19      50    3.2e-01    1    4.7e-03  -289.16620132  -289.16620132    -0.00121933   0.002097   8.4e-03   1.6e-04 0.02
    20      50    1.6e-01    0    3.0e-03  -289.16620740  -289.16620740    -0.00000608   0.002097   8.4e-03   1.6e-04 0.02
    21      70    5.3e-01    0    2.7e-03  -289.16621514  -289.16621514    -0.00000774   0.000887   3.5e-03   1.6e-04 0.02
 
RESULTS OF THE OCCUPATION OPTIMIZATION
========================================
   1    1.9999985  -68.87345886
   2    1.9993130  -6.18942213
   3    1.9956889  -4.28600931
   4    1.9944024  -4.27997637
   5    1.9939587  -4.27884054
   6    1.9691050  -0.56013715
   7    1.0000000  -0.15910040
   8    1.0000000  -0.15908098
   9    0.0128791  -0.02267788
  10    0.0017604  -0.01050371
  11    0.0034732  -0.02268001
  12    0.0041914  -0.03207342
  13    0.0003724  -0.00675710
  14    0.0000006  -0.00000684
  15    0.0062560  -0.01635982
  16    0.0017481  -0.01053692
  17    0.0018209  -0.01070840
  18    0.0000441  -0.00025832
  19    0.0001148  -0.00075478
  20    0.0000003  -0.00000451
  21    0.0034356  -0.00793060
  22    0.0014341  -0.01100972
  23    0.0000713  -0.00150716
  24    0.0000192  -0.00013007
  25    0.0000896  -0.00041409
  26    0.0000001  -0.00000240
  27    0.0034288  -0.00791220
  28    0.0007225  -0.00604710
  29    0.0000550  -0.00029899
  30    0.0000152  -0.00015373
  31    0.0000363  -0.00020992
  32    0.0000001  -0.00000211
  33    0.0013239  -0.00373211
  34    0.0002665  -0.00200420
  35    0.0000504  -0.00026101
  36    0.0000102  -0.00005846
  37    0.0000306  -0.00017248
  38    0.0000001  -0.00000143
  39    0.0012834  -0.00372779
  40    0.0000658  -0.00100132
  41    0.0000452  -0.00024661
  42    0.0000090  -0.00004792
  43    0.0000135  -0.00040856
  44    0.0000001  -0.00000201
  45    0.0007496  -0.00136633
  46    0.0000283  -0.00016267
  47    0.0000284  -0.00015773
  48    0.0000074  -0.00003799
  49    0.0000100  -0.00005055
  50    0.0000001  -0.00000147
  51    0.0007323  -0.00134503
  52    0.0000060  -0.00003106
  53    0.0000269  -0.00015612
  54    0.0000059  -0.00003161
  55    0.0000074  -0.00003856
  56    0.0000001  -0.00000152
  57    0.0005552  -0.00106355
  58    0.0000054  -0.00002901
  59    0.0000174  -0.00035499
  60    0.0000044  -0.00002603
  61    0.0000071  -0.00003408
  62    0.0000001  -0.00000113
  63    0.0002511  -0.00049097
  64    0.0000043  -0.00027642
  65    0.0000089  -0.00004076
  66    0.0000043  -0.00001987
  67    0.0000052  -0.00025152
  68    0.0000000  -0.00000083
 
----------------
 Final Energies 
----------------
Final NOF Total Energy =    -289.1662151
 
Total Orbital Internal Iterations = 510
Total Occupation Internal Iterations = 263
 
Elapsed time:   57.66 Seconds

---------------------------------
   Lowdin Population Analysis    
---------------------------------
 Idx  Atom   Population   Charge 
---------------------------------
  1    Si    14.000      -0.000

---------------------------------
   M Diagnostic: 0.02
---------------------------------

