p_C.jld2 not found
p_n.jld2 not found
Computing Integrals
NVIDIA GeForce RTX 4060
Elapsed time:    2.26 Seconds

Number of basis functions                   (NBF)    = 70
Number of auxiliary basis functions         (NBFAUX) = 128
Inactive Doubly occupied orbitals up to     (NO1)    = 0
No. considered Strongly Doubly occupied MOs (NDOC)   = 6
No. considered Strongly Singly occupied MOs (NSOC)   = 3
NO. of Weakly occ. per St. Doubly occ.  MOs (NCWO)   = 10
Dimension of the Nat. Orb. subspace         (NBF5)   = 69
No. of electrons                                     = 15
    No. of alpha electrons                           = 9
    No. of beta electrons                            = 6
Multiplicity                                         = 4

Geometry
========
 P       0.0000000       0.0000000       0.0000000

No violations of the orthonormality
No violations of the orthonormality
 
PNOF9/ADABelief Calculation
==================
 
  Nitext  Nit_orb  Time   Nit_occ  Time         Eelec          Etot           Ediff      maxdiff    MaxGrad_orb  Grad_occ
     1      10    2.2e+01   16    1.8e+01  -333.45816252  -333.45816252 -10332.45816252   3.077106   1.2e+01   1.6e-04 0.00
     2      10    5.0e-02   40    1.7e-01  -337.61749257  -337.61749257    -4.15933005   1.673235   6.7e+00   2.1e-04 0.00
     3      10    1.1e-01   33    7.1e-02  -338.63363067  -338.63363067    -1.01613810   0.715363   2.9e+00   1.8e-04 0.01
     4      10    7.6e-02   35    8.3e-02  -338.84943005  -338.84943005    -0.21579938   0.501059   2.0e+00   1.8e-04 0.01
     5      10    9.0e-02   30    7.1e-02  -339.29509522  -339.29509522    -0.44566517   0.401910   1.6e+00   1.6e-04 0.01
     6      10    4.2e-02   18    1.1e-01  -339.62582734  -339.62582734    -0.33073212   0.312732   1.3e+00   2.0e-04 0.01
     7      10    5.9e-02   24    5.3e-02  -339.81618182  -339.81618182    -0.19035448   0.382698   1.5e+00   1.6e-04 0.02
     8      10    6.3e-02    0    2.7e-03  -339.81711466  -339.81711466    -0.00093284   0.382698   1.5e+00   1.6e-04 0.02
     9      30    2.5e-01   14    2.8e-02  -340.59582718  -340.59582718    -0.77871252   0.080990   3.2e-01   2.0e-04 0.02
    10      30    2.4e-01   21    4.8e-02  -340.80841777  -340.80841777    -0.21259059   0.076422   3.1e-01   1.8e-04 0.02
    11      30    2.4e-01   14    3.4e-02  -340.93008980  -340.93008980    -0.12167203   0.062089   2.5e-01   1.8e-04 0.02
    12      30    2.4e-01    7    2.0e-02  -341.00080779  -341.00080779    -0.07071799   0.045896   1.8e-01   1.8e-04 0.02
    13      30    2.5e-01   10    2.5e-02  -341.04159144  -341.04159144    -0.04078365   0.033883   1.4e-01   2.2e-04 0.02
    14      30    2.5e-01   20    8.2e-02  -341.05610359  -341.05610359    -0.01451215   0.024908   1.0e-01   1.1e-04 0.02
    15      30    2.8e-01    7    1.7e-02  -341.06323421  -341.06323421    -0.00713062   0.019339   7.7e-02   1.6e-04 0.02
    16      30    2.5e-01    5    1.3e-02  -341.06636257  -341.06636257    -0.00312836   0.023553   9.4e-02   1.6e-04 0.02
    17      30    2.3e-01    5    1.3e-02  -341.06803340  -341.06803340    -0.00167083   0.017854   7.1e-02   1.5e-04 0.02
    18      30    2.2e-01    5    1.4e-02  -341.06856309  -341.06856309    -0.00052969   0.019404   7.8e-02   1.7e-04 0.02
    19      30    2.5e-01    5    1.3e-02  -341.06875539  -341.06875539    -0.00019230   0.016147   6.5e-02   1.5e-04 0.02
    20      30    2.4e-01    0    2.7e-03  -341.06876769  -341.06876769    -0.00001230   0.016147   6.5e-02   1.5e-04 0.02
    21      50    4.4e-01    1    5.2e-03  -341.06959849  -341.06959849    -0.00083080   0.003503   1.4e-02   1.7e-04 0.02
    22      50    4.3e-01    0    1.2e-02  -341.06959598  -341.06959598     0.00000252   0.003503   1.4e-02   1.7e-04 0.02
    23      70    5.6e-01    0    2.7e-03  -341.06963568  -341.06963568    -0.00003970   0.001048   4.2e-03   1.6e-04 0.02
    24      71    6.3e-01    0    2.5e-03  -341.06963585  -341.06963585    -0.00000017   0.000590   2.4e-03   1.7e-04 0.02
 
RESULTS OF THE OCCUPATION OPTIMIZATION
========================================
   1    1.9999984  -80.02946472
   2    1.9991080  -7.53906727
   3    1.9980514  -5.42900181
   4    1.9954495  -5.42265701
   5    1.9952827  -5.42224360
   6    1.9687614  -0.71870363
   7    1.0000000  -0.20870095
   8    1.0000000  -0.20868307
   9    1.0000000  -0.20810594
  10    0.0053054  -0.01642139
  11    0.0033777  -0.03219848
  12    0.0027347  -0.02319844
  13    0.0012875  -0.00907371
  14    0.0006729  -0.00764723
  15    0.0000007  -0.00001110
  16    0.0052918  -0.01651278
  17    0.0008302  -0.00701097
  18    0.0009430  -0.00725901
  19    0.0003265  -0.00666715
  20    0.0000673  -0.00209490
  21    0.0000002  -0.00000606
  22    0.0038572  -0.00850552
  23    0.0002762  -0.00292466
  24    0.0006788  -0.00795534
  25    0.0000788  -0.00043575
  26    0.0000557  -0.00038003
  27    0.0000002  -0.00000381
  28    0.0037928  -0.00815378
  29    0.0000637  -0.00039638
  30    0.0000631  -0.00058017
  31    0.0000787  -0.00043530
  32    0.0000474  -0.00036882
  33    0.0000001  -0.00000301
  34    0.0035603  -0.00729081
  35    0.0000623  -0.00039262
  36    0.0000470  -0.00034750
  37    0.0000768  -0.00043091
  38    0.0000108  -0.00007041
  39    0.0000001  -0.00000294
  40    0.0034958  -0.00878511
  41    0.0000429  -0.00032842
  42    0.0000396  -0.00034051
  43    0.0000319  -0.00021991
  44    0.0000100  -0.00006680
  45    0.0000001  -0.00000292
  46    0.0034758  -0.00907335
  47    0.0000315  -0.00023161
  48    0.0000294  -0.00021028
  49    0.0000263  -0.00020025
  50    0.0000093  -0.00006494
  51    0.0000001  -0.00000267
  52    0.0012159  -0.00441132
  53    0.0000125  -0.00007227
  54    0.0000057  -0.00002953
  55    0.0000157  -0.00080498
  56    0.0000082  -0.00003537
  57    0.0000001  -0.00000252
  58    0.0012157  -0.00440425
  59    0.0000108  -0.00006823
  60    0.0000051  -0.00002819
  61    0.0000138  -0.00007556
  62    0.0000064  -0.00003163
  63    0.0000001  -0.00000141
  64    0.0000281  -0.00008592
  65    0.0000094  -0.00006405
  66    0.0000042  -0.00032029
  67    0.0000126  -0.00007255
  68    0.0000039  -0.00030724
  69    0.0000001  -0.00000134
 
----------------
 Final Energies 
----------------
Final NOF Total Energy =    -341.0696359
 
Total Orbital Internal Iterations = 681
Total Occupation Internal Iterations = 310
 
Elapsed time:   59.75 Seconds

---------------------------------
   Lowdin Population Analysis    
---------------------------------
 Idx  Atom   Population   Charge 
---------------------------------
  1     P    15.000      -0.000

---------------------------------
   M Diagnostic: 0.02
---------------------------------

