Computing Integrals
Elapsed time:    8.93 Seconds

Number of basis functions                   (NBF)    = 93
Number of auxiliary basis functions         (NBFAUX) = 128
Inactive Doubly occupied orbitals up to     (NO1)    = 0
No. considered Strongly Doubly occupied MOs (NDOC)   = 6
No. considered Strongly Singly occupied MOs (NSOC)   = 1
NO. of Weakly occ. per St. Doubly occ.  MOs (NCWO)   = 1
Dimension of the Nat. Orb. subspace         (NBF5)   = 13
No. of electrons                                     = 13
    No. of alpha electrons                           = 7
    No. of beta electrons                            = 6
Multiplicity                                         = 2

Geometry
========
Be       0.0000000       0.0000000      -0.6823600
 F       0.0000000       0.0000000       0.6823600

No violations of the orthonormality
No violations of the orthonormality
 
PNOF8/ADABelief Calculation
==================
 
  Nitext  Nit_orb  Time   Nit_occ  Time         Eelec          Etot           Ediff      maxdiff    MaxGrad_orb  Grad_occ
     1      10    2.5e+01   11    4.2e+01  -124.57005676  -110.61089992 -10123.57005676   0.706737   2.8e+00   1.5e-04 0.01
     2      10    4.0e-02    7    1.6e-03  -127.27599999  -113.31684315    -2.70594322   0.347849   1.4e+00   1.4e-04 0.01
     3      10    4.4e-02    5    1.1e-03  -127.93039145  -113.97123461    -0.65439146   0.292358   1.2e+00   2.1e-04 0.02
     4      10    4.4e-02    6    5.6e-03  -128.09929677  -114.14013993    -0.16890532   0.282625   1.1e+00   8.5e-05 0.02
     5      10    4.9e-02    3    1.1e-03  -128.13684803  -114.17769118    -0.03755126   0.260845   1.0e+00   1.8e-04 0.02
     6      10    2.5e-02    4    9.5e-04  -128.14505988  -114.18590304    -0.00821185   0.294862   1.2e+00   1.3e-04 0.02
     7      10    2.3e-02    3    9.7e-04  -128.15987303  -114.20071618    -0.01481315   0.244614   9.8e-01   1.6e-04 0.02
     8      10    4.6e-02    4    1.2e-03  -128.17198678  -114.21282994    -0.01211376   0.303450   1.2e+00   4.4e-05 0.02
     9      10    3.7e-02    3    1.0e-03  -128.19315432  -114.23399748    -0.02116754   0.260779   1.0e+00   2.1e-04 0.02
    10      10    2.3e-02    2    8.5e-04  -128.22218171  -114.26302487    -0.02902738   0.535903   2.1e+00   1.6e-04 0.02
    11      10    2.3e-02    2    8.2e-04  -128.25269607  -114.29353923    -0.03051436   0.240775   9.6e-01   1.3e-04 0.02
    12      10    3.4e-02    1    6.7e-04  -128.26471083  -114.30555398    -0.01201476   0.531752   2.1e+00   1.7e-04 0.02
    13      10    2.0e-02    3    7.5e-04  -128.26726529  -114.30810845    -0.00255447   0.299047   1.2e+00   8.1e-05 0.02
    14      10    5.0e-02    0    7.5e-04  -128.26732254  -114.30816570    -0.00005725   0.299047   1.2e+00   8.1e-05 0.02
    15      30    1.2e-01    1    8.1e-04  -128.32035103  -114.36119419    -0.05302848   0.023931   9.6e-02   2.0e-04 0.02
    16      30    1.2e-01    2    1.1e-03  -128.32574242  -114.36658558    -0.00539139   0.007872   3.1e-02   9.9e-05 0.02
    17      30    1.1e-01    1    1.1e-03  -128.32649126  -114.36733441    -0.00074884   0.012168   4.9e-02   6.0e-05 0.02
    18      30    1.2e-01    0    7.5e-04  -128.32649398  -114.36733714    -0.00000273   0.012168   4.9e-02   6.0e-05 0.02
    19      50    1.6e-01    1    7.8e-04  -128.32694553  -114.36778869    -0.00045155   0.002173   8.7e-03   7.0e-05 0.02
    20      50    1.3e-01    0    6.5e-04  -128.32696350  -114.36780666    -0.00001797   0.002680   1.1e-02   9.0e-05 0.02
    21      60    1.3e-01    0    7.3e-04  -128.32696639  -114.36780955    -0.00000289   0.001800   7.2e-03   1.2e-04 0.02
    22      70    1.6e-01    0    7.0e-04  -128.32696639  -114.36780955     0.00000000   0.001800   7.2e-03   1.2e-04 0.02
    23      90    2.2e-01    0    7.1e-04  -128.32697227  -114.36781542    -0.00000588   0.000369   1.5e-03   1.3e-04 0.02
    24     100    2.7e-01    0    7.1e-04  -128.32697235  -114.36781551    -0.00000008   0.000409   1.6e-03   1.4e-04 0.02
    25     100    2.7e-01    0    8.8e-04  -128.32697297  -114.36781613    -0.00000062   0.000122   4.9e-04   1.5e-04 0.02
 
RESULTS OF THE OCCUPATION OPTIMIZATION
========================================
   1    1.9998672  -26.32180584
   2    1.9986790  -4.72226724
   3    1.9925046  -1.49219295
   4    1.9800331  -0.75134126
   5    1.9799133  -0.74423399
   6    1.9796492  -0.66968726
   7    1.0000000  -0.16875360
   8    0.0203508  -0.02889923
   9    0.0200867  -0.03128649
  10    0.0199669  -0.03147582
  11    0.0074954  -0.02394932
  12    0.0013210  -0.00991354
  13    0.0001328  -0.00597375
 
----------------
 Final Energies 
----------------
Final NOF Total Energy =    -114.3678161
 
Total Orbital Internal Iterations = 780
Total Occupation Internal Iterations = 59
 
Elapsed time:  103.07 Seconds

---------------------------------
   Lowdin Population Analysis    
---------------------------------
 Idx  Atom   Population   Charge 
---------------------------------
  1    Be     3.992       0.008
  2     F     9.008      -0.008

---------------------------------
   M Diagnostic: 0.02
---------------------------------

