Computing Integrals
Elapsed time:    8.78 Seconds

Number of basis functions                   (NBF)    = 261
Number of auxiliary basis functions         (NBFAUX) = 283
Inactive Doubly occupied orbitals up to     (NO1)    = 0
No. considered Strongly Doubly occupied MOs (NDOC)   = 14
No. considered Strongly Singly occupied MOs (NSOC)   = 0
NO. of Weakly occ. per St. Doubly occ.  MOs (NCWO)   = 1
Dimension of the Nat. Orb. subspace         (NBF5)   = 28
No. of electrons                                     = 28
    No. of alpha electrons                           = 14
    No. of beta electrons                            = 14
Multiplicity                                         = 1

Geometry
========
 F       1.8235600       0.0005200       0.0001100
 C       0.0001400      -0.0000900      -0.0001800
 H       0.0000600      -0.3048900       1.0250700
 H       0.0002900       1.0401800      -0.2489300
 H      -0.0000900      -0.7362600      -0.7761800
 F      -1.8239600       0.0005400       0.0001100

No violations of the orthonormality
No violations of the orthonormality
 
PNOF8/ADABelief Calculation
==================
 
  Nitext  Nit_orb  Time   Nit_occ  Time         Eelec          Etot           Ediff      maxdiff    MaxGrad_orb  Grad_occ
     1      10    8.6e+01   18    3.8e+01  -296.71334569  -230.34740440 -10295.71334569   3.203490   1.3e+01   1.9e-04 0.03
     2      10    6.2e+01    8    1.6e-02  -301.62057384  -235.25463255    -4.90722815   0.289746   1.2e+00   2.9e-04 0.03
     3      10    6.1e+01    8    1.2e-02  -303.55061846  -237.18467717    -1.93004462   1.592321   6.4e+00   6.7e-05 0.04
     4      10    6.5e+01    6    2.0e-02  -304.27506201  -237.90912072    -0.72444355   0.306232   1.2e+00   1.9e-04 0.04
     5      10    6.2e+01    6    1.6e-02  -304.61016819  -238.24422690    -0.33510618   0.362123   1.4e+00   2.0e-04 0.04
     6      10    6.2e+01    5    1.6e-02  -304.85252693  -238.48658565    -0.24235875   0.376328   1.5e+00   1.3e-04 0.04
     7      10    6.3e+01    5    2.0e-02  -304.95086298  -238.58492170    -0.09833605   0.407700   1.6e+00   1.1e-04 0.04
     8      10    6.5e+01    5    2.5e-02  -304.97964702  -238.61370573    -0.02878404   0.472414   1.9e+00   1.7e-04 0.03
     9      10    6.3e+01    6    1.8e-02  -304.99223920  -238.62629791    -0.01259218   0.582220   2.3e+00   9.5e-05 0.03
    10      10    6.8e+01    0    1.9e-02  -304.99316090  -238.62721961    -0.00092170   0.582220   2.3e+00   9.5e-05 0.03
    11      30    1.9e+02    5    1.6e-02  -305.38822786  -239.02228657    -0.39506696   0.046673   1.9e-01   1.4e-04 0.03
    12      30    1.9e+02    3    1.1e-02  -305.40530180  -239.03936051    -0.01707394   0.034133   1.4e-01   1.9e-04 0.03
    13      30    1.9e+02    0    1.4e-02  -305.40565218  -239.03971089    -0.00035038   0.034133   1.4e-01   1.9e-04 0.03
    14      50    3.1e+02    2    1.1e-02  -305.41046644  -239.04452516    -0.00481426   0.004246   1.7e-02   2.3e-04 0.03
    15      50    3.2e+02    3    1.4e-02  -305.41073852  -239.04479723    -0.00027208   0.006258   2.5e-02   8.0e-05 0.03
    16      50    3.0e+02    3    1.4e-02  -305.41105025  -239.04510896    -0.00031173   0.005716   2.3e-02   1.0e-04 0.03
    17      50    3.1e+02    3    2.5e-02  -305.41132862  -239.04538734    -0.00027837   0.005418   2.2e-02   8.9e-05 0.03
    18      50    3.1e+02    2    1.4e-02  -305.41153612  -239.04559484    -0.00020750   0.005438   2.2e-02   1.5e-04 0.03
    19      50    3.0e+02    1    1.4e-02  -305.41165194  -239.04571066    -0.00011582   0.005476   2.2e-02   1.4e-04 0.03
    20      50    2.9e+02    2    1.9e-02  -305.41176748  -239.04582619    -0.00011554   0.005210   2.1e-02   1.4e-04 0.03
    21      50    3.1e+02    1    1.4e-02  -305.41180961  -239.04586832    -0.00004213   0.005501   2.2e-02   1.5e-04 0.03
    22      50    3.2e+02    2    2.3e-02  -305.41185577  -239.04591448    -0.00004616   0.005392   2.2e-02   1.4e-04 0.03
    23      50    3.1e+02    1    1.8e-02  -305.41186417  -239.04592288    -0.00000840   0.005371   2.1e-02   1.7e-04 0.03
    24      50    3.1e+02    1    2.3e-02  -305.41187510  -239.04593382    -0.00001093   0.005224   2.1e-02   1.8e-04 0.03
    25      50    3.1e+02    0    1.4e-02  -305.41187585  -239.04593457    -0.00000075   0.005224   2.1e-02   1.8e-04 0.03
    26      70    4.3e+02    1    1.6e-02  -305.41213270  -239.04619142    -0.00025685   0.000586   2.3e-03   1.7e-04 0.03
    27      70    4.3e+02    0    1.4e-02  -305.41213333  -239.04619204    -0.00000062   0.000586   2.3e-03   1.7e-04 0.03
    28      90    5.6e+02    0    1.3e-02  -305.41213596  -239.04619468    -0.00000264   0.000309   1.2e-03   2.2e-04 0.03
    29     100    6.1e+02    1    1.3e-02  -305.41213678  -239.04619550    -0.00000082   0.000228   9.1e-04   1.4e-04 0.03
 
RESULTS OF THE OCCUPATION OPTIMIZATION
========================================
   1    1.9998646  -26.01444472
   2    1.9998529  -25.99165337
   3    1.9996213  -11.10215618
   4    1.9919707  -1.23011509
   5    1.9915337  -1.10095106
   6    1.9774903  -0.51155085
   7    1.9774793  -0.51139597
   8    1.9774812  -0.51135196
   9    1.9847093  -0.44601809
  10    1.9830516  -0.39444288
  11    1.9656675  -0.37229070
  12    1.9820450  -0.36050811
  13    1.9820218  -0.36002234
  14    1.9816962  -0.34537782
  15    0.0183038  -0.02412622
  16    0.0179782  -0.02385137
  17    0.0179550  -0.02384303
  18    0.0343325  -0.04785044
  19    0.0169484  -0.02420594
  20    0.0152907  -0.02429341
  21    0.0225188  -0.02357121
  22    0.0225207  -0.02357031
  23    0.0225097  -0.02356912
  24    0.0084663  -0.02255317
  25    0.0080293  -0.02478169
  26    0.0003787  -0.00734508
  27    0.0001471  -0.00643849
  28    0.0001354  -0.00600074
 
----------------
 Final Energies 
----------------
Final NOF Total Energy =    -239.0461955
 
Total Orbital Internal Iterations = 1120
Total Occupation Internal Iterations = 98
 
Elapsed time: 7141.76 Seconds

---------------------------------
   Lowdin Population Analysis    
---------------------------------
 Idx  Atom   Population   Charge 
---------------------------------
  1     F     9.432      -0.432
  2     C     5.871       0.129
  3     H     1.104      -0.104
  4     H     1.104      -0.104
  5     H     1.104      -0.104
  6     F     9.384      -0.384

---------------------------------
   M Diagnostic: 0.03
---------------------------------

