Computing Integrals
NVIDIA GeForce RTX 4060
Elapsed time:   11.17 Seconds

Number of basis functions                   (NBF)    = 776
Number of auxiliary basis functions         (NBFAUX) = 964
Inactive Doubly occupied orbitals up to     (NO1)    = 0
No. considered Strongly Doubly occupied MOs (NDOC)   = 43
No. considered Strongly Singly occupied MOs (NSOC)   = 0
NO. of Weakly occ. per St. Doubly occ.  MOs (NCWO)   = 1
Dimension of the Nat. Orb. subspace         (NBF5)   = 86
No. of electrons                                     = 86
    No. of alpha electrons                           = 43
    No. of beta electrons                            = 43
Multiplicity                                         = 1

Geometry
========
 C      -1.4595300      -1.1910600       0.1600300
 C      -2.8488100      -0.9628500       0.0993200
 C      -3.1539600       0.3260900      -0.2060000
 S      -1.7497600       1.2592000      -0.4444500
 C      -0.7185100      -0.0716200      -0.1000900
 C       0.7185100       0.0716200      -0.1000900
 S       1.7497600      -1.2592000      -0.4444500
 C       3.1539600      -0.3260900      -0.2060000
 C       2.8488100       0.9628500       0.0993200
 C       1.4595300       1.1910600       0.1600300
 H      -1.0099700      -2.1339900       0.4228500
 H      -3.5907300      -1.7189200       0.2898700
 H      -4.1235300       0.7748000      -0.3122400
 H       4.1235300      -0.7748000      -0.3122400
 H       3.5907300       1.7189200       0.2898700
 H       1.0099700       2.1339900       0.4228500

No violations of the orthonormality
No violations of the orthonormality
 
PNOF8/ADABelief Calculation
==================
 
  Nitext  Nit_orb  Time   Nit_occ  Time         Eelec          Etot           Ediff      maxdiff    MaxGrad_orb  Grad_occ
     1      10    2.3e+01   21    1.8e+01 -1738.95114827 -1101.63636861 -11737.95114827   0.003546   1.4e-02   2.6e-04 0.04
     2      20    2.3e+00    0    3.4e-02 -1740.51177953 -1103.19699986    -1.56063126   0.003546   1.4e-02   2.6e-04 0.04
     3      40    5.0e+00    0    3.8e-02 -1740.51177953 -1103.19699986     0.00000000   0.003546   1.4e-02   2.6e-04 0.04
     4      60    7.5e+00    0    3.5e-02 -1740.51177953 -1103.19699986     0.00000000   0.003546   1.4e-02   2.6e-04 0.04
     5      80    9.6e+00    0    3.3e-02 -1740.51224116 -1103.19746149    -0.00046162   0.001055   4.2e-03   2.6e-04 0.04
     6      90    1.1e+01    0    3.3e-02 -1740.51207925 -1103.19729958     0.00016190   0.001003   4.0e-03   2.9e-04 0.04
     7      40    5.3e+00    0    4.0e-02 -1740.51217324 -1103.19739357    -0.00009398   0.000491   2.0e-03   3.0e-04 0.04
 
RESULTS OF THE OCCUPATION OPTIMIZATION
========================================
   1    1.9999653  -92.03030396
   2    1.9999651  -92.02919769
   3    1.9995132  -11.25478649
   4    1.9995535  -11.24772167
   5    1.9994978  -11.24734688
   6    1.9995197  -11.24444866
   7    1.9993959  -11.23168659
   8    1.9993977  -11.23154640
   9    1.9994766  -11.22804356
  10    1.9995079  -11.22112846
  11    1.9991042  -8.97901440
  12    1.9990980  -8.96893120
  13    1.9985632  -6.70260048
  14    1.9985681  -6.69288111
  15    1.9985778  -6.68864536
  16    1.9986024  -6.68601751
  17    1.9986708  -6.67991590
  18    1.9986712  -6.67854023
  19    1.9946137  -0.97898585
  20    1.9945307  -0.97596121
  21    1.9925705  -0.96035492
  22    1.9914248  -0.92857814
  23    1.9801691  -0.86795110
  24    1.9802723  -0.86519086
  25    1.9765441  -0.80796301
  26    1.9776553  -0.77928424
  27    1.9788850  -0.74227661
  28    1.9785642  -0.72994685
  29    1.9780925  -0.71805412
  30    1.9784580  -0.70846081
  31    1.9781880  -0.69810617
  32    1.9780788  -0.69626725
  33    1.9767328  -0.69446909
  34    1.9711379  -0.60305375
  35    1.9707276  -0.60199487
  36    1.9706252  -0.60168850
  37    1.9711108  -0.57931185
  38    1.9815927  -0.45085251
  39    1.9834638  -0.44713420
  40    1.9616542  -0.40321875
  41    1.9616607  -0.40264511
  42    1.9611764  -0.39756423
  43    1.9611633  -0.39400887
  44    0.0388367  -0.04055741
  45    0.0388236  -0.04062749
  46    0.0383393  -0.04112712
  47    0.0383458  -0.04115218
  48    0.0165362  -0.01928678
  49    0.0184073  -0.02165080
  50    0.0288892  -0.04277091
  51    0.0293748  -0.04344523
  52    0.0292724  -0.04336864
  53    0.0288621  -0.04286417
  54    0.0232672  -0.03237991
  55    0.0219212  -0.02618835
  56    0.0218120  -0.02592432
  57    0.0215420  -0.02550120
  58    0.0219075  -0.02668278
  59    0.0214358  -0.03078306
  60    0.0211150  -0.03097958
  61    0.0223447  -0.03246313
  62    0.0234559  -0.03420253
  63    0.0197277  -0.03078476
  64    0.0198309  -0.03081334
  65    0.0085752  -0.01689056
  66    0.0074295  -0.02018706
  67    0.0054693  -0.02586737
  68    0.0053863  -0.02767128
  69    0.0013288  -0.01625694
  70    0.0013292  -0.01698617
  71    0.0013976  -0.01700021
  72    0.0014222  -0.01691996
  73    0.0014319  -0.01713542
  74    0.0014368  -0.01721255
  75    0.0009020  -0.01611135
  76    0.0008958  -0.01578506
  77    0.0004921  -0.00882487
  78    0.0005234  -0.00931526
  79    0.0006023  -0.01146520
  80    0.0006041  -0.01143590
  81    0.0004803  -0.00957170
  82    0.0005022  -0.00975908
  83    0.0004465  -0.00879738
  84    0.0004868  -0.00924850
  85    0.0000349  -0.00572767
  86    0.0000347  -0.00573263
 
----------------
 Final Energies 
----------------
Final NOF Total Energy =   -1103.1973936
 
Total Orbital Internal Iterations = 340
Total Occupation Internal Iterations = 21
 
Elapsed time:   96.78 Seconds

---------------------------------
   Lowdin Population Analysis    
---------------------------------
 Idx  Atom   Population   Charge 
---------------------------------
  1     C     5.989       0.011
  2     C     6.000      -0.000
  3     C     6.185      -0.185
  4     S    15.196       0.804
  5     C     6.381      -0.381
  6     C     6.381      -0.381
  7     S    15.194       0.806
  8     C     6.182      -0.182
  9     C     6.005      -0.005
 10     C     5.987       0.013
 11     H     1.071      -0.071
 12     H     1.069      -0.069
 13     H     1.108      -0.108
 14     H     1.106      -0.106
 15     H     1.074      -0.074
 16     H     1.072      -0.072

---------------------------------
   M Diagnostic: 0.04
---------------------------------

