Computing Integrals
NVIDIA GeForce RTX 4060
Elapsed time:    3.25 Seconds

Number of basis functions                   (NBF)    = 421
Number of auxiliary basis functions         (NBFAUX) = 463
Inactive Doubly occupied orbitals up to     (NO1)    = 0
No. considered Strongly Doubly occupied MOs (NDOC)   = 21
No. considered Strongly Singly occupied MOs (NSOC)   = 0
NO. of Weakly occ. per St. Doubly occ.  MOs (NCWO)   = 1
Dimension of the Nat. Orb. subspace         (NBF5)   = 42
No. of electrons                                     = 42
    No. of alpha electrons                           = 21
    No. of beta electrons                            = 21
Multiplicity                                         = 1

Geometry
========
 N      -2.4871700       0.1746200      -0.1204500
 H      -1.4936100       0.1249000      -0.3221200
 H      -2.7954900       1.0883700      -0.4234400
 H      -2.9392600      -0.4917100      -0.7308400
 C       0.8901500      -0.0150100      -0.5370200
Cl       1.9304800      -0.1698200      -1.8814100
 C       1.6355800      -0.1305100       0.7280400
 H       2.7276900      -0.1356700       0.7079600
 H       1.2560300       0.6291100       1.4170700
 H       1.2755900      -1.0742900       1.1622200

No violations of the orthonormality
No violations of the orthonormality
 
PNOF8/ADABelief Calculation
==================
 
  Nitext  Nit_orb  Time   Nit_occ  Time         Eelec          Etot           Ediff      maxdiff    MaxGrad_orb  Grad_occ
     1      10    2.2e+01   21    1.8e+01  -732.70487023  -593.07932859 -10731.70487023   0.003477   1.4e-02   2.4e-04 0.03
     2      20    8.6e-01    0    9.4e-03  -733.51441678  -593.88887514    -0.80954655   0.003477   1.4e-02   2.4e-04 0.03
     3      40    1.7e+00    0    9.4e-03  -733.51441678  -593.88887514     0.00000000   0.003477   1.4e-02   2.4e-04 0.03
     4      60    2.1e+00    0    1.2e-02  -733.51441678  -593.88887514     0.00000000   0.003477   1.4e-02   2.4e-04 0.03
     5      69    2.8e+00    0    9.2e-03  -733.51454120  -593.88899956    -0.00012442   0.000524   2.1e-03   2.2e-04 0.03
 
RESULTS OF THE OCCUPATION OPTIMIZATION
========================================
   1    1.9999658  -104.91040802
   2    1.9996192  -15.52074909
   3    1.9994188  -11.27637386
   4    1.9995258  -11.24754238
   5    1.9992848  -10.62677097
   6    1.9988641  -8.08800602
   7    1.9988914  -8.07367325
   8    1.9987139  -8.07231903
   9    1.9932861  -1.08971202
  10    1.9941211  -1.07633066
  11    1.9756646  -0.78402036
  12    1.9778372  -0.70342845
  13    1.9778090  -0.69896388
  14    1.9774625  -0.69767731
  15    1.9692335  -0.63643479
  16    1.9733285  -0.58988619
  17    1.9733576  -0.58985829
  18    1.9733930  -0.58561015
  19    1.9822892  -0.52195621
  20    1.9809889  -0.51850194
  21    1.9660735  -0.49485248
  22    0.0339265  -0.03792365
  23    0.0190111  -0.02428390
  24    0.0177108  -0.02290206
  25    0.0266070  -0.03008411
  26    0.0266424  -0.02940502
  27    0.0266715  -0.02942209
  28    0.0307665  -0.04655992
  29    0.0225375  -0.02597232
  30    0.0221910  -0.02544237
  31    0.0221628  -0.02511871
  32    0.0243354  -0.03392851
  33    0.0058789  -0.02549714
  34    0.0067139  -0.02022230
  35    0.0012861  -0.01749047
  36    0.0011086  -0.01660249
  37    0.0011359  -0.01644678
  38    0.0007152  -0.01619972
  39    0.0004742  -0.01166560
  40    0.0005812  -0.01229555
  41    0.0003808  -0.00934747
  42    0.0000342  -0.00635137
 
----------------
 Final Energies 
----------------
Final NOF Total Energy =    -593.8889996
 
Total Orbital Internal Iterations = 199
Total Occupation Internal Iterations = 21
 
Elapsed time:   60.99 Seconds

---------------------------------
   Lowdin Population Analysis    
---------------------------------
 Idx  Atom   Population   Charge 
---------------------------------
  1     N     6.418       0.582
  2     H     1.229      -0.229
  3     H     1.203      -0.203
  4     H     1.203      -0.203
  5     C     6.374      -0.374
  6    Cl    16.497       0.503
  7     C     5.918       0.082
  8     H     1.074      -0.074
  9     H     1.048      -0.048
 10     H     1.036      -0.036

---------------------------------
   M Diagnostic: 0.03
---------------------------------

