Computing Integrals
Elapsed time:   26.43 Seconds

Number of basis functions                   (NBF)    = 699
Number of auxiliary basis functions         (NBFAUX) = 705
Inactive Doubly occupied orbitals up to     (NO1)    = 0
No. considered Strongly Doubly occupied MOs (NDOC)   = 26
No. considered Strongly Singly occupied MOs (NSOC)   = 0
NO. of Weakly occ. per St. Doubly occ.  MOs (NCWO)   = 1
Dimension of the Nat. Orb. subspace         (NBF5)   = 52
No. of electrons                                     = 52
    No. of alpha electrons                           = 26
    No. of beta electrons                            = 26
Multiplicity                                         = 1

Geometry
========
 C       0.2750100       0.0779400      -0.1682500
 C      -1.2147600      -0.2118600      -0.4608600
 C      -0.0983200       1.4530100       0.1903200
 C      -1.4072700       1.2470000      -0.0439100
 H      -1.4060000      -0.3834600      -1.5240800
 C       1.3800400      -0.6569100      -0.2101000
 H       1.2933600      -1.6924000      -0.5244700
 C       2.7502100      -0.1710800       0.1474700
 H       2.7375600       0.8744500       0.4536400
 H       3.1772700      -0.7571500       0.9657200
 H       3.4369200      -0.2662900      -0.6979700
 H       0.4698900       2.3131600       0.5155300
 H      -2.2867500       1.8702900       0.0298600
 C      -1.8904400      -1.2847700       0.3790900
 H      -2.9729000      -1.2684100       0.2374600
 H      -1.5343200      -2.2784000       0.1029200
 H      -1.6818300      -1.1318000       1.4387700

No violations of the orthonormality
No violations of the orthonormality
 
PNOF8/ADABelief Calculation
==================
 
  Nitext  Nit_orb  Time   Nit_occ  Time         Eelec          Etot           Ediff      maxdiff    MaxGrad_orb  Grad_occ
     1      10    1.6e+02   14    3.8e+01  -533.69966352  -254.85361861 -10532.69966352   2.331195   9.3e+00   2.4e-04 0.04
     2      10    1.5e+02    9    2.1e-01  -542.58786341  -263.74181851    -8.88819989   0.508940   2.0e+00   1.8e-04 0.04
     3      10    1.4e+02    6    2.0e-01  -545.60476909  -266.75872418    -3.01690568   1.321893   5.3e+00   1.9e-04 0.04
     4      10    1.4e+02    6    2.0e-01  -546.95271434  -268.10666943    -1.34794525   2.300259   9.2e+00   1.8e-04 0.04
     5      10    1.4e+02    0    1.9e-01  -546.95515711  -268.10911220    -0.00244277   2.300259   9.2e+00   1.8e-04 0.04
     6      30    4.0e+02    6    2.0e-01  -549.52275094  -270.67670603    -2.56759383   0.110637   4.4e-01   1.2e-04 0.04
     7      30    3.9e+02    6    2.2e-01  -550.36154692  -271.51550202    -0.83879598   0.137383   5.5e-01   1.5e-04 0.03
     8      30    4.2e+02    4    2.0e-01  -550.60836055  -271.76231565    -0.24681363   0.061124   2.4e-01   1.5e-04 0.04
     9      30    5.2e+02    3    2.0e-01  -550.65541230  -271.80936740    -0.04705175   0.028954   1.2e-01   2.0e-04 0.04
    10      30    5.1e+02    0    2.4e-01  -550.65670824  -271.81066334    -0.00129594   0.028954   1.2e-01   2.0e-04 0.04
    11      50    8.0e+02    3    2.0e-01  -550.67153454  -271.82548963    -0.01482629   0.004047   1.6e-02   1.4e-04 0.04
    12      50    8.6e+02    2    2.0e-01  -550.67233256  -271.82628766    -0.00079803   0.006127   2.5e-02   1.7e-04 0.04
    13      50    7.5e+02    2    1.9e-01  -550.67271410  -271.82666919    -0.00038153   0.005970   2.4e-02   1.3e-04 0.04
    14      50    5.7e+02    0    2.0e-01  -550.67277736  -271.82673245    -0.00006326   0.005970   2.4e-02   1.3e-04 0.04
    15      70    7.9e+02    1    1.9e-01  -550.67324295  -271.82719804    -0.00046559   0.007446   3.0e-02   2.1e-04 0.04
    16      70    9.2e+02    1    2.6e-01  -550.67327590  -271.82723099    -0.00003295   0.001475   5.9e-03   1.2e-04 0.04
    17      70    1.1e+03    1    1.9e-01  -550.67328907  -271.82724417    -0.00001318   0.001334   5.3e-03   9.0e-05 0.04
    18      70    1.2e+03    1    2.6e-01  -550.67329287  -271.82724796    -0.00000379   0.001249   5.0e-03   7.0e-05 0.04
    19      70    1.2e+03    0    1.9e-01  -550.67329382  -271.82724892    -0.00000095   0.001249   5.0e-03   7.0e-05 0.04
    20      90    1.5e+03    0    1.9e-01  -550.67331003  -271.82726513    -0.00001621   0.000133   5.3e-04   1.4e-04 0.04
 
RESULTS OF THE OCCUPATION OPTIMIZATION
========================================
   1    1.9995572  -11.22576614
   2    1.9995497  -11.22452510
   3    1.9995549  -11.22089262
   4    1.9995171  -11.21693190
   5    1.9996064  -11.21210405
   6    1.9995603  -11.20979653
   7    1.9996015  -11.20746377
   8    1.9824618  -0.90213085
   9    1.9812287  -0.89808820
  10    1.9781524  -0.71333134
  11    1.9780441  -0.71113542
  12    1.9778533  -0.70819324
  13    1.9739726  -0.69649946
  14    1.9738175  -0.68673212
  15    1.9733420  -0.67489520
  16    1.9773144  -0.67409895
  17    1.9766910  -0.66635388
  18    1.9766812  -0.66617330
  19    1.9765855  -0.66306419
  20    1.9765352  -0.66293698
  21    1.9765433  -0.66116875
  22    1.9763156  -0.66016957
  23    1.9714869  -0.64398380
  24    1.9708601  -0.63934474
  25    1.9585001  -0.39684426
  26    1.9585253  -0.38326642
  27    0.0414747  -0.03871455
  28    0.0414999  -0.03793901
  29    0.0291399  -0.03684286
  30    0.0285131  -0.03562335
  31    0.0236844  -0.02569486
  32    0.0234567  -0.02547375
  33    0.0234648  -0.02545558
  34    0.0234145  -0.02542231
  35    0.0233188  -0.02533418
  36    0.0233090  -0.02533475
  37    0.0226856  -0.02547116
  38    0.0266580  -0.03408741
  39    0.0261825  -0.03420012
  40    0.0260274  -0.03461230
  41    0.0221467  -0.02562515
  42    0.0219559  -0.02515417
  43    0.0218476  -0.02535696
  44    0.0187713  -0.02924270
  45    0.0175382  -0.02774775
  46    0.0003985  -0.00756987
  47    0.0004397  -0.00818302
  48    0.0003936  -0.00752244
  49    0.0004829  -0.00882514
  50    0.0004451  -0.00825889
  51    0.0004503  -0.00834497
  52    0.0004428  -0.00825386
 
----------------
 Final Energies 
----------------
Final NOF Total Energy =    -271.8272651
 
Total Orbital Internal Iterations = 840
Total Occupation Internal Iterations = 65
 
Elapsed time: 13099.81 Seconds

---------------------------------
   Lowdin Population Analysis    
---------------------------------
 Idx  Atom   Population   Charge 
---------------------------------
  1     C     6.096      -0.096
  2     C     6.025      -0.025
  3     C     5.881       0.119
  4     C     5.852       0.148
  5     H     1.048      -0.048
  6     C     5.948       0.052
  7     H     1.069      -0.069
  8     C     5.794       0.206
  9     H     1.053      -0.053
 10     H     1.057      -0.057
 11     H     1.057      -0.057
 12     H     1.085      -0.085
 13     H     1.093      -0.093
 14     C     5.774       0.226
 15     H     1.059      -0.059
 16     H     1.058      -0.058
 17     H     1.052      -0.052

---------------------------------
   M Diagnostic: 0.04
---------------------------------

