Computing Integrals
Elapsed time:    4.72 Seconds

Number of basis functions                   (NBF)    = 152
Number of auxiliary basis functions         (NBFAUX) = 164
Inactive Doubly occupied orbitals up to     (NO1)    = 0
No. considered Strongly Doubly occupied MOs (NDOC)   = 6
No. considered Strongly Singly occupied MOs (NSOC)   = 0
NO. of Weakly occ. per St. Doubly occ.  MOs (NCWO)   = 1
Dimension of the Nat. Orb. subspace         (NBF5)   = 12
No. of electrons                                     = 12
    No. of alpha electrons                           = 6
    No. of beta electrons                            = 6
Multiplicity                                         = 1

Geometry
========
Li      -0.4090100      -1.9140400       0.0812900
 O       0.3902500      -0.2365000      -0.0217700
 H       1.3319600      -0.0379100      -0.0951000
 H      -0.0470900       0.6239100      -0.0134800

No violations of the orthonormality
No violations of the orthonormality
 
PNOF8/ADABelief Calculation
==================
 
  Nitext  Nit_orb  Time   Nit_occ  Time         Eelec          Etot           Ediff      maxdiff    MaxGrad_orb  Grad_occ
     1      10    5.6e+01   12    4.1e+01   -98.02224357   -80.84304379 -10097.02224357   0.386530   1.5e+00   1.6e-04 0.03
     2      10    3.4e+01    6    8.9e-03   -99.87987109   -82.70067131    -1.85762752   0.370350   1.5e+00   7.0e-05 0.03
     3      10    3.1e+01    5    3.0e-02  -100.27457311   -83.09537334    -0.39470202   0.747488   3.0e+00   1.8e-04 0.03
     4      10    3.2e+01    4    2.7e-02  -100.56778807   -83.38858829    -0.29321496   0.581334   2.3e+00   1.1e-04 0.02
     5      10    3.3e+01    3    4.8e-03  -100.65891777   -83.47971799    -0.09112970   0.457379   1.8e+00   1.9e-04 0.02
     6      10    3.0e+01    3    5.2e-03  -100.69009085   -83.51089108    -0.03117308   0.194815   7.8e-01   1.2e-04 0.02
     7      10    3.2e+01    0    2.7e-02  -100.69035465   -83.51115487    -0.00026379   0.194815   7.8e-01   1.2e-04 0.02
     8      30    8.9e+01    2    2.9e-03  -100.72809988   -83.54890010    -0.03774524   0.028067   1.1e-01   9.1e-05 0.02
     9      30    8.9e+01    3    2.6e-02  -100.73043505   -83.55123527    -0.00233517   0.027982   1.1e-01   1.4e-04 0.02
    10      30    9.4e+01    3    1.7e-02  -100.73125716   -83.55205738    -0.00082210   0.026940   1.1e-01   1.4e-04 0.03
    11      30    9.3e+01    2    8.2e-03  -100.73221964   -83.55301986    -0.00096249   0.024665   9.9e-02   1.7e-04 0.03
    12      30    8.9e+01    2    9.3e-03  -100.73224682   -83.55304704    -0.00002718   0.026101   1.0e-01   9.2e-05 0.03
    13      30    8.8e+01    1    2.5e-03  -100.73230470   -83.55310492    -0.00005788   0.024822   9.9e-02   1.3e-04 0.03
    14      30    9.3e+01    0    3.1e-03  -100.73230583   -83.55310605    -0.00000113   0.024822   9.9e-02   1.3e-04 0.03
    15      50    1.6e+02    1    4.5e-03  -100.73325365   -83.55405387    -0.00094782   0.001323   5.3e-03   8.5e-05 0.03
    16      50    1.5e+02    0    4.2e-03  -100.73325448   -83.55405470    -0.00000083   0.001323   5.3e-03   8.5e-05 0.03
    17      70    2.2e+02    0    1.1e-02  -100.73325625   -83.55405647    -0.00000177   0.000663   2.7e-03   1.0e-04 0.03
    18      80    2.4e+02    0    2.3e-02  -100.73325636   -83.55405659    -0.00000012   0.000505   2.0e-03   1.1e-04 0.03
    19      90    2.8e+02    0    5.3e-03  -100.73325643   -83.55405665    -0.00000007   0.000388   1.6e-03   1.1e-04 0.03
    20     100    3.1e+02    0    3.6e-03  -100.73325654   -83.55405676    -0.00000010   0.000273   1.1e-03   1.0e-04 0.03
    21     110    3.5e+02    0    2.0e-02  -100.73325654   -83.55405676     0.00000000   0.000273   1.1e-03   1.0e-04 0.03
    22      97    3.0e+02    0    8.5e-03  -100.73325662   -83.55405685    -0.00000009   0.000122   4.9e-04   1.1e-04 0.03
 
RESULTS OF THE OCCUPATION OPTIMIZATION
========================================
   1    1.9998043  -20.83939582
   2    1.9975424  -2.71770723
   3    1.9896645  -1.40540810
   4    1.9744532  -1.00112661
   5    1.9744341  -1.00107428
   6    1.9831108  -0.86159454
   7    0.0168892  -0.02605572
   8    0.0255659  -0.03730521
   9    0.0255468  -0.03729486
  10    0.0103355  -0.02299963
  11    0.0024576  -0.01107188
  12    0.0001957  -0.00679673
 
----------------
 Final Energies 
----------------
Final NOF Total Energy =     -83.5540568
 
Total Orbital Internal Iterations = 927
Total Occupation Internal Iterations = 47
 
Elapsed time: 2973.28 Seconds

---------------------------------
   Lowdin Population Analysis    
---------------------------------
 Idx  Atom   Population   Charge 
---------------------------------
  1    Li     2.420       0.580
  2     O     7.155       0.845
  3     H     1.212      -0.212
  4     H     1.212      -0.212

---------------------------------
   M Diagnostic: 0.03
---------------------------------

