Computing Integrals
Elapsed time:    4.68 Seconds

Number of basis functions                   (NBF)    = 114
Number of auxiliary basis functions         (NBFAUX) = 154
Inactive Doubly occupied orbitals up to     (NO1)    = 0
No. considered Strongly Doubly occupied MOs (NDOC)   = 7
No. considered Strongly Singly occupied MOs (NSOC)   = 2
NO. of Weakly occ. per St. Doubly occ.  MOs (NCWO)   = 1
Dimension of the Nat. Orb. subspace         (NBF5)   = 16
No. of electrons                                     = 16
    No. of alpha electrons                           = 9
    No. of beta electrons                            = 7
Multiplicity                                         = 3

Geometry
========
 N       0.0000000       0.0000000       0.6348700
 O       0.0000000       0.0000000      -0.6348700

No violations of the orthonormality
No violations of the orthonormality
 
PNOF8/ADABelief Calculation
==================
 
  Nitext  Nit_orb  Time   Nit_occ  Time         Eelec          Etot           Ediff      maxdiff    MaxGrad_orb  Grad_occ
     1      10    4.9e+01   16    4.1e+01  -148.01977919  -124.68125080 -10147.01977919   1.152327   4.6e+00   2.0e-04 0.03
     2      10    2.5e+01    8    4.1e-02  -151.17712404  -127.83859565    -3.15734485   0.331695   1.3e+00   1.6e-04 0.04
     3      10    2.5e+01    6    4.1e-02  -152.10646090  -128.76793251    -0.92933686   0.234227   9.4e-01   1.6e-04 0.04
     4      10    2.4e+01    5    1.6e-02  -152.42390207  -129.08537368    -0.31744117   0.220778   8.8e-01   1.4e-04 0.04
     5      10    2.4e+01    5    4.3e-02  -152.56689737  -129.22836898    -0.14299530   0.257808   1.0e+00   2.2e-04 0.03
     6      10    2.4e+01    6    8.9e-03  -152.62967333  -129.29114494    -0.06277596   0.270780   1.1e+00   7.6e-05 0.03
     7      10    2.2e+01    5    4.5e-02  -152.69577386  -129.35724546    -0.06610053   0.237836   9.5e-01   1.3e-04 0.03
     8      10    2.5e+01    3    6.4e-03  -152.74226506  -129.40373666    -0.04649120   0.318044   1.3e+00   1.3e-04 0.03
     9      10    2.2e+01    4    2.8e-02  -152.76415202  -129.42562363    -0.02188697   0.336010   1.3e+00   4.2e-05 0.03
    10      10    2.4e+01    4    8.2e-03  -152.78610533  -129.44757694    -0.02195331   0.320502   1.3e+00   3.4e-05 0.03
    11      10    2.4e+01    3    7.2e-02  -152.79275493  -129.45422654    -0.00664960   0.320979   1.3e+00   1.9e-04 0.04
    12      10    2.3e+01    3    2.0e-02  -152.80402971  -129.46550132    -0.01127479   0.487212   1.9e+00   1.8e-04 0.03
    13      10    2.2e+01    0    3.0e-02  -152.80407225  -129.46554386    -0.00004254   0.487212   1.9e+00   1.8e-04 0.03
    14      30    7.2e+01    3    2.9e-03  -152.86241760  -129.52388921    -0.05834535   0.008746   3.5e-02   1.2e-04 0.03
    15      30    7.5e+01    3    3.2e-03  -152.86447763  -129.52594924    -0.00206003   0.010156   4.1e-02   1.5e-04 0.04
    16      30    7.0e+01    0    2.6e-03  -152.86450622  -129.52597783    -0.00002858   0.010156   4.1e-02   1.5e-04 0.04
    17      50    1.5e+02    1    2.8e-03  -152.86503602  -129.52650763    -0.00052981   0.001308   5.2e-03   1.6e-04 0.04
    18      50    1.5e+02    0    4.0e-03  -152.86504215  -129.52651376    -0.00000613   0.001308   5.2e-03   1.6e-04 0.04
    19      70    1.8e+02    1    4.9e-03  -152.86505475  -129.52652636    -0.00001260   0.000292   1.2e-03   1.8e-04 0.04
    20      70    1.7e+02    1    5.9e-03  -152.86506182  -129.52653342    -0.00000706   0.000241   9.6e-04   1.9e-04 0.04
 
RESULTS OF THE OCCUPATION OPTIMIZATION
========================================
   1    1.9998124  -20.28423653
   2    1.9997284  -15.31838072
   3    1.9905347  -0.90439642
   4    1.9844032  -0.58659043
   5    1.9649894  -0.45386321
   6    1.9819308  -0.30567059
   7    1.9818893  -0.30285759
   8    1.0000000  -0.05974034
   9    1.0000000  -0.05968608
  10    0.0181107  -0.01817706
  11    0.0180692  -0.01823085
  12    0.0350106  -0.04751794
  13    0.0155968  -0.01981008
  14    0.0094653  -0.02015631
  15    0.0002716  -0.00703080
  16    0.0001876  -0.00644516
 
----------------
 Final Energies 
----------------
Final NOF Total Energy =    -129.5265334
 
Total Orbital Internal Iterations = 460
Total Occupation Internal Iterations = 77
 
Elapsed time: 1277.25 Seconds

---------------------------------
   Lowdin Population Analysis    
---------------------------------
 Idx  Atom   Population   Charge 
---------------------------------
  1     N     7.563      -0.563
  2     O     8.437      -0.437

---------------------------------
   M Diagnostic: 0.04
---------------------------------

