Computing Integrals
Elapsed time:    4.54 Seconds

Number of basis functions                   (NBF)    = 114
Number of auxiliary basis functions         (NBFAUX) = 154
Inactive Doubly occupied orbitals up to     (NO1)    = 0
No. considered Strongly Doubly occupied MOs (NDOC)   = 7
No. considered Strongly Singly occupied MOs (NSOC)   = 0
NO. of Weakly occ. per St. Doubly occ.  MOs (NCWO)   = 1
Dimension of the Nat. Orb. subspace         (NBF5)   = 14
No. of electrons                                     = 14
    No. of alpha electrons                           = 7
    No. of beta electrons                            = 7
Multiplicity                                         = 1

Geometry
========
 N       0.0000000       0.0000000      -0.5454300
 N       0.0000000       0.0000000       0.5454300

No violations of the orthonormality
No violations of the orthonormality
 
PNOF8/ADABelief Calculation
==================
 
  Nitext  Nit_orb  Time   Nit_occ  Time         Eelec          Etot           Ediff      maxdiff    MaxGrad_orb  Grad_occ
     1      10    4.4e+01   12    4.2e+01  -128.58764268  -104.81774539 -10127.58764268   1.197055   4.8e+00   1.7e-04 0.04
     2      10    2.1e+01   10    3.9e-02  -131.30109010  -107.53119281    -2.71344743   0.221455   8.9e-01   1.9e-04 0.05
     3      10    2.1e+01    6    1.5e-02  -132.09035190  -108.32045461    -0.78926180   0.235650   9.4e-01   8.3e-05 0.05
     4      10    2.0e+01    5    3.3e-02  -132.42699825  -108.65710096    -0.33664634   0.179734   7.2e-01   1.4e-04 0.04
     5      10    2.0e+01    5    5.0e-03  -132.74940794  -108.97951065    -0.32240969   0.240783   9.6e-01   1.7e-04 0.04
     6      10    2.2e+01    5    5.5e-02  -132.93699895  -109.16710165    -0.18759101   0.222439   8.9e-01   8.0e-05 0.04
     7      10    2.1e+01    3    1.2e-02  -133.00407885  -109.23418156    -0.06707990   0.255553   1.0e+00   2.2e-04 0.04
     8      10    2.1e+01    5    5.0e-03  -133.01304581  -109.24314852    -0.00896696   0.250484   1.0e+00   3.8e-05 0.04
     9      10    2.1e+01    5    2.7e-03  -133.02027708  -109.25037979    -0.00723128   0.214800   8.6e-01   2.2e-04 0.04
    10      10    2.2e+01    0    1.3e-02  -133.02053666  -109.25063937    -0.00025958   0.214800   8.6e-01   2.2e-04 0.04
    11      30    6.6e+01    5    5.3e-03  -133.04621091  -109.27631361    -0.02567424   0.006481   2.6e-02   5.8e-05 0.04
    12      30    6.7e+01    5    5.5e-03  -133.04797800  -109.27808071    -0.00176709   0.005537   2.2e-02   8.8e-05 0.04
    13      30    6.5e+01    4    2.0e-02  -133.04899548  -109.27909819    -0.00101749   0.007452   3.0e-02   2.1e-04 0.04
    14      30    6.3e+01    4    2.7e-03  -133.04968698  -109.27978969    -0.00069149   0.007805   3.1e-02   2.1e-04 0.04
    15      30    6.4e+01    2    2.1e-03  -133.04989042  -109.27999313    -0.00020344   0.007010   2.8e-02   2.0e-04 0.04
    16      30    6.5e+01    2    3.0e-03  -133.04995426  -109.28005697    -0.00006384   0.006800   2.7e-02   1.1e-04 0.04
    17      30    6.4e+01    0    4.5e-02  -133.04997711  -109.28007982    -0.00002286   0.006800   2.7e-02   1.1e-04 0.04
    18      50    1.1e+02    1    5.2e-03  -133.05020663  -109.28030934    -0.00022952   0.000756   3.0e-03   1.6e-04 0.04
    19      50    1.1e+02    2    2.7e-03  -133.05022735  -109.28033006    -0.00002071   0.000929   3.7e-03   5.4e-05 0.04
    20      50    1.1e+02    1    3.3e-03  -133.05024132  -109.28034403    -0.00001397   0.000633   2.5e-03   8.6e-05 0.04
    21      50    1.1e+02    1    1.5e-02  -133.05025018  -109.28035289    -0.00000886   0.000711   2.8e-03   1.1e-04 0.04
    22      50    1.1e+02    1    2.9e-03  -133.05025525  -109.28035796    -0.00000507   0.001138   4.6e-03   1.9e-04 0.04
    23      50    1.1e+02    2    4.0e-03  -133.05025955  -109.28036225    -0.00000430   0.001049   4.2e-03   8.0e-05 0.04
    24      50    1.1e+02    1    1.8e-02  -133.05026335  -109.28036606    -0.00000380   0.000687   2.7e-03   9.9e-05 0.04
    25      50    1.1e+02    1    3.7e-03  -133.05026627  -109.28036898    -0.00000293   0.000738   3.0e-03   1.4e-04 0.04
    26      50    1.1e+02    2    1.7e-02  -133.05026768  -109.28037039    -0.00000140   0.000689   2.8e-03   7.8e-05 0.04
    27      50    1.1e+02    1    3.2e-03  -133.05027028  -109.28037299    -0.00000260   0.000762   3.0e-03   9.9e-05 0.04
    28      50    1.1e+02    0    3.6e-03  -133.05027092  -109.28037363    -0.00000064   0.000762   3.0e-03   9.9e-05 0.04
    29      70    1.5e+02    1    2.2e-02  -133.05027468  -109.28037739    -0.00000377   0.000124   4.9e-04   1.4e-04 0.04
 
RESULTS OF THE OCCUPATION OPTIMIZATION
========================================
   1    1.9997762  -15.66891173
   2    1.9997956  -15.66886128
   3    1.9918270  -1.08359935
   4    1.9902838  -0.97918819
   5    1.9788075  -0.84553237
   6    1.9583219  -0.62711343
   7    1.9582818  -0.62711237
   8    0.0417182  -0.05108543
   9    0.0416781  -0.05107273
  10    0.0211925  -0.03620345
  11    0.0097162  -0.01951007
  12    0.0081730  -0.01820207
  13    0.0002044  -0.00570069
  14    0.0002238  -0.00609391
 
----------------
 Final Energies 
----------------
Final NOF Total Energy =    -109.2803774
 
Total Orbital Internal Iterations = 930
Total Occupation Internal Iterations = 92
 
Elapsed time: 2097.49 Seconds

---------------------------------
   Lowdin Population Analysis    
---------------------------------
 Idx  Atom   Population   Charge 
---------------------------------
  1     N     7.000      -0.000
  2     N     7.000       0.000

---------------------------------
   M Diagnostic: 0.04
---------------------------------

