Computing Integrals
NVIDIA GeForce RTX 4060
Elapsed time:    3.51 Seconds

Number of basis functions                   (NBF)    = 324
Number of auxiliary basis functions         (NBFAUX) = 720
Inactive Doubly occupied orbitals up to     (NO1)    = 0
No. considered Strongly Doubly occupied MOs (NDOC)   = 43
No. considered Strongly Singly occupied MOs (NSOC)   = 0
NO. of Weakly occ. per St. Doubly occ.  MOs (NCWO)   = 1
Dimension of the Nat. Orb. subspace         (NBF5)   = 86
No. of electrons                                     = 86
    No. of alpha electrons                           = 43
    No. of beta electrons                            = 43
Multiplicity                                         = 1

Geometry
========
Br      -0.9447600      -1.6542500       0.0000000
Br       0.0000000       0.4318300       0.0000000
 O       1.4067100       2.8030900       0.0000000
 C       2.5855500       2.5724200       0.0000000
 H       2.9716000       1.5389600       0.0000000
 H       3.3280400       3.3865400       0.0000000

No violations of the orthonormality
No violations of the orthonormality
 
PNOF8/ADABelief Calculation
==================
 
  Nitext  Nit_orb  Time   Nit_occ  Time         Eelec          Etot           Ediff      maxdiff    MaxGrad_orb  Grad_occ
     1      10    2.2e+01   37    1.8e+01 -5716.70269116 -5249.33665964 -15715.70269116   0.000979   3.9e-03   2.6e-04 0.04
 
RESULTS OF THE OCCUPATION OPTIMIZATION
========================================
   1    1.9999987  -490.14422607
   2    1.9999997  -489.94610596
   3    1.9999976  -65.47532654
   4    1.9999884  -65.28823090
   5    1.9999726  -58.63221741
   6    1.9999831  -58.62641907
   7    1.9999828  -58.62639236
   8    1.9999833  -58.62465668
   9    1.9999839  -58.62440109
  10    1.9999699  -58.62395477
  11    1.9998770  -20.62635803
  12    1.9995665  -11.34355545
  13    1.9996293  -9.90139389
  14    1.9996218  -9.89598942
  15    1.9992687  -7.50741434
  16    1.9988812  -7.50662327
  17    1.9994947  -7.50517750
  18    1.9993169  -7.49887848
  19    1.9992823  -7.49666500
  20    1.9994781  -7.49561739
  21    1.9953673  -3.24007249
  22    1.9931769  -3.23633742
  23    1.9934124  -3.23395491
  24    1.9953156  -3.23046947
  25    1.9935033  -3.23041034
  26    1.9933414  -3.22609925
  27    1.9935231  -3.14822054
  28    1.9931571  -3.13436007
  29    1.9934684  -3.12072372
  30    1.9923918  -2.50900674
  31    1.9921091  -2.41473365
  32    1.9850933  -1.01459193
  33    1.9850604  -1.01285422
  34    1.9838677  -0.84478366
  35    1.9763490  -0.76393396
  36    1.9796440  -0.68442893
  37    1.9792530  -0.58542198
  38    1.9566670  -0.58327329
  39    1.9657468  -0.54431295
  40    1.9794069  -0.45778623
  41    1.9806149  -0.45624915
  42    1.9793664  -0.45216998
  43    1.9791719  -0.45094505
  44    0.0208281  -0.04070636
  45    0.0206336  -0.04038482
  46    0.0193851  -0.04043470
  47    0.0205931  -0.04098752
  48    0.0342532  -0.06738975
  49    0.0433330  -0.05098961
  50    0.0207470  -0.03544082
  51    0.0203560  -0.03010313
  52    0.0236510  -0.04009080
  53    0.0161323  -0.02944562
  54    0.0149396  -0.03954770
  55    0.0149067  -0.03919710
  56    0.0078909  -0.03299297
  57    0.0076082  -0.03612905
  58    0.0065316  -0.04305004
  59    0.0068429  -0.05197209
  60    0.0064769  -0.04310517
  61    0.0066586  -0.04944877
  62    0.0064967  -0.04317347
  63    0.0046844  -0.03360625
  64    0.0065876  -0.04295875
  65    0.0068231  -0.04246243
  66    0.0046327  -0.03367711
  67    0.0005219  -0.01136716
  68    0.0007177  -0.00732131
  69    0.0006831  -0.00679829
  70    0.0005053  -0.01279473
  71    0.0011188  -0.01331247
  72    0.0007313  -0.00759234
  73    0.0003782  -0.01338982
  74    0.0003707  -0.01216084
  75    0.0004335  -0.00792552
  76    0.0001230  -0.00370947
  77    0.0000301  -0.00664662
  78    0.0000161  -0.00092674
  79    0.0000167  -0.00097181
  80    0.0000172  -0.00104469
  81    0.0000169  -0.00104807
  82    0.0000274  -0.00656845
  83    0.0000116  -0.00089215
  84    0.0000024  -0.00183774
  85    0.0000003  -0.00015424
  86    0.0000013  -0.00155788
 
----------------
 Final Energies 
----------------
Final NOF Total Energy =   -5249.3366596
 
Total Orbital Internal Iterations = 10
Total Occupation Internal Iterations = 37
 
Elapsed time:   53.27 Seconds

---------------------------------
   Lowdin Population Analysis    
---------------------------------
 Idx  Atom   Population   Charge 
---------------------------------
  1    Br    35.044      -0.044
  2    Br    34.963       0.037
  3     O     7.703       0.297
  4     C     6.095      -0.095
  5     H     1.101      -0.101
  6     H     1.095      -0.095

---------------------------------
   M Diagnostic: 0.04
---------------------------------

