Computing Integrals
Elapsed time:    6.30 Seconds

Number of basis functions                   (NBF)    = 127
Number of auxiliary basis functions         (NBFAUX) = 205
Inactive Doubly occupied orbitals up to     (NO1)    = 0
No. considered Strongly Doubly occupied MOs (NDOC)   = 13
No. considered Strongly Singly occupied MOs (NSOC)   = 0
NO. of Weakly occ. per St. Doubly occ.  MOs (NCWO)   = 1
Dimension of the Nat. Orb. subspace         (NBF5)   = 26
No. of electrons                                     = 26
    No. of alpha electrons                           = 13
    No. of beta electrons                            = 13
Multiplicity                                         = 1

Geometry
========
Cl       0.0000000       0.0000000       0.5629000
 F       0.0000000       0.0000000      -1.0632600

No violations of the orthonormality
No violations of the orthonormality
 
PNOF8/ADABelief Calculation
==================
 
  Nitext  Nit_orb  Time   Nit_occ  Time         Eelec          Etot           Ediff      maxdiff    MaxGrad_orb  Grad_occ
     1      10    4.8e+01   37    4.1e+01  -586.13142051  -536.34299426 -10585.13142051   8.802356   3.5e+01   2.3e-04 0.05
     2      10    2.3e+01   17    6.4e-03  -598.28514602  -548.49671977   -12.15372551   0.802654   3.2e+00   1.2e-04 0.05
     3      10    2.2e+01    9    1.4e-02  -602.48131870  -552.69289245    -4.19617268   0.683213   2.7e+00   2.0e-04 0.05
     4      10    2.4e+01    8    3.2e-02  -604.84779081  -555.05936456    -2.36647211   1.239834   5.0e+00   1.9e-04 0.05
     5      10    2.3e+01    7    4.4e-02  -606.32510783  -556.53668158    -1.47731702   0.840808   3.4e+00   1.2e-04 0.05
     6      10    2.3e+01    5    1.9e-02  -607.40850440  -557.62007815    -1.08339656   0.663207   2.7e+00   1.7e-04 0.04
     7      10    2.4e+01    6    4.5e-03  -607.85690501  -558.06847876    -0.44840062   0.550619   2.2e+00   1.9e-04 0.04
     8      10    2.4e+01    6    3.9e-02  -608.06985719  -558.28143094    -0.21295218   0.475321   1.9e+00   1.1e-04 0.04
     9      10    2.4e+01    5    2.4e-02  -608.22103324  -558.43260699    -0.15117605   0.528004   2.1e+00   2.9e-04 0.04
    10      10    2.3e+01    6    4.4e-03  -608.27903853  -558.49061228    -0.05800529   0.611405   2.4e+00   1.3e-04 0.04
    11      10    2.5e+01    4    7.3e-03  -608.28894316  -558.50051691    -0.00990463   1.037975   4.2e+00   1.8e-04 0.04
    12      10    2.3e+01    0    4.4e-03  -608.28916602  -558.50073977    -0.00022286   1.037975   4.2e+00   1.8e-04 0.04
    13      30    7.2e+01    5    7.5e-03  -608.90090075  -559.11247450    -0.61173473   0.083005   3.3e-01   1.7e-04 0.04
    14      30    7.1e+01    5    1.9e-02  -609.01069310  -559.22226685    -0.10979235   0.083059   3.3e-01   2.2e-04 0.04
    15      30    7.0e+01    6    6.4e-03  -609.07779372  -559.28936747    -0.06710061   0.062992   2.5e-01   2.2e-04 0.04
    16      30    7.0e+01    6    2.3e-02  -609.13214623  -559.34371998    -0.05435251   0.063191   2.5e-01   1.4e-04 0.04
    17      30    7.1e+01    3    4.7e-03  -609.16000363  -559.37157738    -0.02785740   0.045254   1.8e-01   2.5e-04 0.04
    18      30    7.0e+01    3    2.1e-02  -609.18046561  -559.39203936    -0.02046197   0.047433   1.9e-01   1.5e-04 0.04
    19      30    6.8e+01    3    7.5e-03  -609.18868558  -559.40025933    -0.00821997   0.047367   1.9e-01   1.1e-04 0.04
    20      30    6.7e+01    3    2.0e-02  -609.19478920  -559.40636295    -0.00610362   0.051137   2.0e-01   7.5e-05 0.04
    21      30    6.9e+01    3    3.7e-03  -609.19524207  -559.40681582    -0.00045287   0.045368   1.8e-01   1.0e-04 0.04
    22      30    7.1e+01    0    8.4e-03  -609.19526694  -559.40684069    -0.00002487   0.045368   1.8e-01   1.0e-04 0.04
    23      50    1.2e+02    2    1.1e-02  -609.20320420  -559.41477795    -0.00793726   0.006417   2.6e-02   1.6e-04 0.04
    24      50    1.2e+02    2    4.5e-03  -609.20368671  -559.41526046    -0.00048251   0.009837   3.9e-02   1.1e-04 0.04
    25      50    1.1e+02    1    5.8e-03  -609.20376649  -559.41534024    -0.00007978   0.007957   3.2e-02   2.3e-04 0.04
    26      50    1.2e+02    2    3.5e-03  -609.20387389  -559.41544764    -0.00010741   0.009208   3.7e-02   8.6e-05 0.04
    27      50    1.2e+02    0    2.0e-02  -609.20387507  -559.41544882    -0.00000118   0.009208   3.7e-02   8.6e-05 0.04
    28      70    1.6e+02    0    1.5e-02  -609.20416644  -559.41574019    -0.00029137   0.000878   3.5e-03   1.8e-04 0.04
    29      80    1.9e+02    1    3.4e-03  -609.20417016  -559.41574391    -0.00000372   0.001328   5.3e-03   8.0e-05 0.04
    30      80    1.9e+02    0    2.1e-02  -609.20417935  -559.41575310    -0.00000919   0.001253   5.0e-03   1.4e-04 0.04
    31      90    2.1e+02    1    1.3e-02  -609.20418744  -559.41576119    -0.00000809   0.001123   4.5e-03   8.7e-05 0.04
    32      90    2.1e+02    0    3.0e-02  -609.20419123  -559.41576498    -0.00000378   0.001047   4.2e-03   1.5e-04 0.04
    33     100    2.4e+02    1    8.5e-03  -609.20419711  -559.41577086    -0.00000588   0.001064   4.3e-03   9.6e-05 0.04
    34     100    2.5e+02    0    1.7e-02  -609.20419996  -559.41577371    -0.00000285   0.000864   3.5e-03   1.6e-04 0.04
    35     110    2.7e+02    1    2.4e-02  -609.20420380  -559.41577755    -0.00000384   0.001466   5.9e-03   1.1e-04 0.04
    36     110    2.7e+02    0    3.4e-03  -609.20420638  -559.41578013    -0.00000258   0.001149   4.6e-03   1.6e-04 0.04
    37     120    2.8e+02    2    7.4e-03  -609.20421134  -559.41578509    -0.00000496   0.001089   4.4e-03   7.5e-05 0.04
    38     120    2.8e+02    0    1.5e-02  -609.20421213  -559.41578588    -0.00000079   0.001089   4.4e-03   7.5e-05 0.04
    39     140    3.5e+02    0    5.7e-03  -609.20422023  -559.41579398    -0.00000810   0.000295   1.2e-03   1.4e-04 0.04
    40     150    3.9e+02    1    7.1e-03  -609.20422191  -559.41579566    -0.00000168   0.000383   1.5e-03   1.3e-04 0.04
    41     150    3.9e+02    0    3.1e-03  -609.20422434  -559.41579809    -0.00000243   0.000491   2.0e-03   1.7e-04 0.04
    42     160    4.1e+02    2    4.2e-03  -609.20422617  -559.41579992    -0.00000183   0.000228   9.1e-04   8.2e-05 0.04
 
RESULTS OF THE OCCUPATION OPTIMIZATION
========================================
   1    1.9999713  -104.96189654
   2    1.9998279  -26.39856284
   3    1.9993366  -10.65745927
   4    1.9987497  -8.11796545
   5    1.9990192  -8.11543015
   6    1.9990229  -8.11307506
   7    1.9951675  -1.63629100
   8    1.9887420  -1.10396987
   9    1.9610083  -0.76251104
  10    1.9830438  -0.73136666
  11    1.9819321  -0.64016853
  12    1.9895586  -0.60995529
  13    1.9800961  -0.51793989
  14    0.0199039  -0.02517321
  15    0.0104414  -0.03146783
  16    0.0180679  -0.02842595
  17    0.0169562  -0.02849328
  18    0.0389917  -0.06980082
  19    0.0112580  -0.02218821
  20    0.0048325  -0.02501335
  21    0.0009771  -0.01809721
  22    0.0009808  -0.01823684
  23    0.0012503  -0.01690159
  24    0.0006634  -0.01581255
  25    0.0001721  -0.00877153
  26    0.0000287  -0.00507994
 
----------------
 Final Energies 
----------------
Final NOF Total Energy =    -559.4157999
 
Total Orbital Internal Iterations = 2340
Total Occupation Internal Iterations = 163
 
Elapsed time: 5740.99 Seconds

---------------------------------
   Lowdin Population Analysis    
---------------------------------
 Idx  Atom   Population   Charge 
---------------------------------
  1    Cl    16.908       0.092
  2     F     9.092      -0.092

---------------------------------
   M Diagnostic: 0.04
---------------------------------

