Computing Integrals
NVIDIA GeForce RTX 4060
Elapsed time:    3.34 Seconds

Number of basis functions                   (NBF)    = 277
Number of auxiliary basis functions         (NBFAUX) = 589
Inactive Doubly occupied orbitals up to     (NO1)    = 0
No. considered Strongly Doubly occupied MOs (NDOC)   = 61
No. considered Strongly Singly occupied MOs (NSOC)   = 0
NO. of Weakly occ. per St. Doubly occ.  MOs (NCWO)   = 1
Dimension of the Nat. Orb. subspace         (NBF5)   = 122
No. of electrons                                     = 122
    No. of alpha electrons                           = 61
    No. of beta electrons                            = 61
Multiplicity                                         = 1

Geometry
========
Bi       0.0000000       0.0000000       1.0320000
 H      -0.7187200       1.2448600       2.0503000
 H      -0.7187200      -1.2448600       2.0503000
 H       1.4374400       0.0000000       2.0503000
Br       0.0000000       0.0000000      -2.8835700
 H       0.0000000       0.0000000      -4.2993300

No violations of the orthonormality
No violations of the orthonormality
 
PNOF8/ADABelief Calculation
==================
 
  Nitext  Nit_orb  Time   Nit_occ  Time         Eelec          Etot           Ediff      maxdiff    MaxGrad_orb  Grad_occ
     1      10    2.3e+01   68    2.0e+01 -7538.94175722 -7038.52744844 -17537.94175722   0.001461   5.8e-03   2.0e-04 0.03
     2      20    7.8e-01    0    2.9e-02 -7546.72537389 -7046.31106511    -7.78361668   0.001461   5.8e-03   2.0e-04 0.03
     3      40    3.0e+00    0    4.6e-02 -7546.72537389 -7046.31106511     0.00000000   0.001461   5.8e-03   2.0e-04 0.03
     4      60    2.4e+00    0    3.9e-02 -7546.72846008 -7046.31415130    -0.00308619   0.138234   5.5e-01   2.6e-04 0.03
     5      70    3.5e+00    0    4.4e-02 -7546.72887893 -7046.31457015    -0.00041885   0.004320   1.7e-02   3.2e-04 0.03
     6      80    3.5e+00   10    2.4e-01 -7546.72946710 -7046.31515832    -0.00058817   0.005220   2.1e-02   2.3e-04 0.03
     7      80    3.0e+00    0    6.6e-02 -7546.72968021 -7046.31537143    -0.00021311   0.005220   2.1e-02   2.3e-04 0.03
     8     100    4.3e+00    0    2.9e-02 -7546.72295284 -7046.30864406     0.00672737   0.000985   3.9e-03   2.3e-04 0.03
 
RESULTS OF THE OCCUPATION OPTIMIZATION
========================================
   1    1.9999997  -350.97683716
   2    1.9999993  -189.05351257
   3    1.9999992  -103.20059204
   4    1.9999983  -95.73620605
   5    1.9999985  -92.63957977
   6    1.9999988  -75.98611450
   7    1.9999991  -75.02276611
   8    1.9999983  -67.25053406
   9    1.9999973  -65.19457245
  10    1.9999978  -62.21484756
  11    1.9999966  -61.58830261
  12    1.9999966  -58.60023880
  13    1.9999929  -57.53406143
  14    1.9999986  -57.16223145
  15    1.9999950  -53.22600174
  16    1.9999943  -37.95773315
  17    1.9999905  -34.00620651
  18    1.9999809  -27.47924423
  19    1.9999809  -26.42450142
  20    1.9999816  -25.00812149
  21    1.9999602  -23.14423180
  22    1.9999585  -23.14236832
  23    1.9999530  -22.61844826
  24    1.9999523  -22.55788803
  25    1.9999399  -22.54868126
  26    1.9999293  -20.56687355
  27    1.9996444  -9.88043213
  28    1.9994780  -7.34513521
  29    1.9994802  -7.28865671
  30    1.9993582  -6.60605097
  31    1.9993576  -6.58669519
  32    1.9992805  -5.37649441
  33    1.9992140  -5.33855247
  34    1.9991061  -4.98004436
  35    1.9966879  -3.23468757
  36    1.9929758  -3.22762585
  37    1.9933028  -3.22745013
  38    1.9932443  -3.22267866
  39    1.9932252  -3.22257304
  40    1.9979627  -3.22122812
  41    1.9980193  -3.21683812
  42    1.9979282  -3.21523833
  43    1.9979465  -3.20959353
  44    1.9980023  -3.20824838
  45    1.9979519  -3.20641971
  46    1.9979328  -3.20409942
  47    1.9968165  -2.60956907
  48    1.9967786  -2.60938287
  49    1.9961264  -2.44696641
  50    1.9962608  -2.43901324
  51    1.9962392  -2.43630147
  52    1.9847335  -1.04454708
  53    1.9849189  -0.77679598
  54    1.9844288  -0.72932851
  55    1.9838803  -0.72183913
  56    1.9845014  -0.64361399
  57    1.9711824  -0.60593563
  58    1.9794826  -0.45895627
  59    1.9795942  -0.45511541
  60    1.9676581  -0.28283840
  61    1.9674355  -0.27936375
  62    0.0325645  -0.02693470
  63    0.0323419  -0.02671019
  64    0.0204058  -0.03954015
  65    0.0205174  -0.03955801
  66    0.0288176  -0.04935334
  67    0.0154986  -0.02466496
  68    0.0161197  -0.02173475
  69    0.0155712  -0.02191000
  70    0.0150811  -0.02120215
  71    0.0152665  -0.03863926
  72    0.0037608  -0.01055914
  73    0.0037392  -0.01048536
  74    0.0038736  -0.01073463
  75    0.0032214  -0.00945107
  76    0.0031835  -0.00945118
  77    0.0020672  -0.00762211
  78    0.0020481  -0.00757409
  79    0.0019977  -0.00748048
  80    0.0020535  -0.00759042
  81    0.0020718  -0.00765112
  82    0.0019807  -0.00736253
  83    0.0020373  -0.00748982
  84    0.0067748  -0.04436226
  85    0.0067557  -0.04426551
  86    0.0066972  -0.04196471
  87    0.0070242  -0.05054483
  88    0.0033121  -0.02462832
  89    0.0008939  -0.00475718
  90    0.0007860  -0.00447107
  91    0.0007195  -0.00414539
  92    0.0006424  -0.00528230
  93    0.0006418  -0.00534749
  94    0.0005198  -0.00985557
  95    0.0005220  -0.01042675
  96    0.0003556  -0.00817121
  97    0.0000707  -0.00189117
  98    0.0000601  -0.00163507
  99    0.0000477  -0.00266662
 100    0.0000470  -0.00266422
 101    0.0000415  -0.00237445
 102    0.0000398  -0.00222636
 103    0.0000184  -0.00060706
 104    0.0000191  -0.00061505
 105    0.0000191  -0.00072646
 106    0.0000095  -0.00040729
 107    0.0000057  -0.00031549
 108    0.0000050  -0.00029977
 109    0.0000014  -0.00011128
 110    0.0000071  -0.00040042
 111    0.0000034  -0.00194456
 112    0.0000034  -0.00022763
 113    0.0000022  -0.00015730
 114    0.0000027  -0.00019116
 115    0.0000017  -0.00012739
 116    0.0000009  -0.00034664
 117    0.0000012  -0.00010654
 118    0.0000015  -0.00013847
 119    0.0000017  -0.00017258
 120    0.0000008  -0.00009430
 121    0.0000007  -0.00013166
 122    0.0000003  -0.00005829
 
----------------
 Final Energies 
----------------
Final NOF Total Energy =   -7046.3086441
 
Total Orbital Internal Iterations = 460
Total Occupation Internal Iterations = 78
 
Elapsed time:   78.72 Seconds

---------------------------------
   Lowdin Population Analysis    
---------------------------------
 Idx  Atom   Population   Charge 
---------------------------------
  1    Bi    80.880       2.120
  2     H     1.698      -0.698
  3     H     1.699      -0.699
  4     H     1.699      -0.699
  5    Br    34.682       0.318
  6     H     1.342      -0.342

---------------------------------
   M Diagnostic: 0.03
---------------------------------

