Computing Integrals
NVIDIA GeForce RTX 4060
Elapsed time:    8.42 Seconds

Number of basis functions                   (NBF)    = 659
Number of auxiliary basis functions         (NBFAUX) = 867
Inactive Doubly occupied orbitals up to     (NO1)    = 0
No. considered Strongly Doubly occupied MOs (NDOC)   = 45
No. considered Strongly Singly occupied MOs (NSOC)   = 0
NO. of Weakly occ. per St. Doubly occ.  MOs (NCWO)   = 1
Dimension of the Nat. Orb. subspace         (NBF5)   = 90
No. of electrons                                     = 90
    No. of alpha electrons                           = 45
    No. of beta electrons                            = 45
Multiplicity                                         = 1

Geometry
========
 O      -2.5382000      -0.0877200      -1.0272400
 P      -1.3594200      -0.0797000       0.0296900
 O      -1.2773800      -1.2528600       0.9341700
 O       0.0000000       0.0000000      -0.8788400
 P       1.3594200       0.0797000       0.0296900
 O       1.2773800       1.2528600       0.9341700
 O       1.4941600      -1.3628300       0.6497100
 O       2.5382000       0.0877200      -1.0272400
 O      -1.4941600       1.3628300       0.6497100
 H      -2.9154500      -0.9787400      -1.1233400
 H       0.5964000      -1.6407700       0.9764300
 H       2.9154500       0.9787400      -1.1233400
 H      -0.5964000       1.6407700       0.9764300

No violations of the orthonormality
No violations of the orthonormality
 
PNOF8/ADABelief Calculation
==================
 
  Nitext  Nit_orb  Time   Nit_occ  Time         Eelec          Etot           Ediff      maxdiff    MaxGrad_orb  Grad_occ
     1      10    2.5e+01   18    1.9e+01 -1999.76058664 -1208.32015540 -11998.76058664   0.010881   4.4e-02   2.3e-04 0.03
     2      20    3.0e+00    0    2.5e-02 -2001.63055904 -1210.19012780    -1.86997240   0.010881   4.4e-02   2.3e-04 0.03
     3      40    5.4e+00    0    3.0e-02 -2001.63055904 -1210.19012780     0.00000000   0.010881   4.4e-02   2.3e-04 0.03
     4      60    6.1e+00    3    4.7e-02 -2001.63313482 -1210.19270358    -0.00257578   0.001681   6.7e-03   9.8e-05 0.03
     5      60    7.0e+00    2    4.4e-02 -2001.63319558 -1210.19276433    -0.00006076   0.024395   9.8e-02   1.9e-04 0.03
     6      60    6.0e+00    2    4.5e-02 -2001.63329940 -1210.19286815    -0.00010382   0.002166   8.7e-03   1.7e-04 0.03
     7      60    5.3e+00    2    4.5e-02 -2001.63340225 -1210.19297101    -0.00010285   0.002139   8.6e-03   1.7e-04 0.03
     8      60    6.2e+00    1    3.9e-02 -2001.63364449 -1210.19321324    -0.00024223   0.003523   1.4e-02   2.3e-04 0.03
     9      60    7.7e+00    1    3.9e-02 -2001.63360514 -1210.19317390     0.00003934   0.002870   1.1e-02   2.5e-04 0.03
    10      60    8.4e+00    1    4.0e-02 -2001.63379823 -1210.19336699    -0.00019309   0.003224   1.3e-02   2.2e-04 0.03
    11      60    5.5e+00    1    4.1e-02 -2001.63384895 -1210.19341771    -0.00005072   0.008945   3.6e-02   2.3e-04 0.03
    12      60    5.4e+00    1    3.4e-02 -2001.63403941 -1210.19360816    -0.00019045   0.006339   2.5e-02   2.1e-04 0.03
    13      60    5.4e+00    1    3.8e-02 -2001.63407515 -1210.19364391    -0.00003575   0.002598   1.0e-02   2.2e-04 0.03
    14      60    7.9e+00    1    2.9e-02 -2001.63417784 -1210.19374659    -0.00010268   0.002440   9.8e-03   2.0e-04 0.03
    15      60    5.4e+00    0    2.8e-02 -2001.63417783 -1210.19374659     0.00000000   0.002440   9.8e-03   2.0e-04 0.03
    16      61    5.9e+00    1    4.1e-02 -2001.63429116 -1210.19385991    -0.00011332   0.001128   4.5e-03   1.9e-04 0.03
    17      76    6.8e+00    1    3.4e-02 -2001.63438355 -1210.19395231    -0.00009240   0.000655   2.6e-03   1.8e-04 0.03
 
RESULTS OF THE OCCUPATION OPTIMIZATION
========================================
   1    1.9999709  -80.14682007
   2    1.9999709  -80.14538574
   3    1.9997999  -20.66052437
   4    1.9998069  -20.66052055
   5    1.9997876  -20.65241623
   6    1.9997980  -20.64005661
   7    1.9997844  -20.63657379
   8    1.9998177  -20.57655525
   9    1.9998177  -20.57439041
  10    1.9988046  -7.62477827
  11    1.9988129  -7.62452412
  12    1.9982714  -5.53108835
  13    1.9980345  -5.53021526
  14    1.9982212  -5.52938938
  15    1.9982310  -5.52907944
  16    1.9982468  -5.52800179
  17    1.9980797  -5.52797890
  18    1.9924703  -1.32435811
  19    1.9924982  -1.32343626
  20    1.9926373  -1.31751084
  21    1.9922175  -1.31050467
  22    1.9916128  -1.31027985
  23    1.9922068  -1.26650023
  24    1.9921631  -1.26473451
  25    1.9741758  -0.81219858
  26    1.9741228  -0.81203032
  27    1.9745668  -0.80979502
  28    1.9737222  -0.78849053
  29    1.9736197  -0.78655243
  30    1.9755503  -0.77710783
  31    1.9756228  -0.77261394
  32    1.9746813  -0.76507914
  33    1.9742265  -0.75753093
  34    1.9722235  -0.72685528
  35    1.9854922  -0.70313442
  36    1.9795680  -0.68946898
  37    1.9781970  -0.68149471
  38    1.9769647  -0.65851325
  39    1.9731044  -0.63148320
  40    1.9726699  -0.62392163
  41    1.9780788  -0.62209314
  42    1.9813231  -0.60933387
  43    1.9715018  -0.60867190
  44    1.9714664  -0.60205245
  45    1.9725436  -0.55803072
  46    0.0274564  -0.03681272
  47    0.0285336  -0.04088936
  48    0.0284982  -0.04229563
  49    0.0186769  -0.02611670
  50    0.0219212  -0.02960430
  51    0.0273301  -0.04064793
  52    0.0268956  -0.04015437
  53    0.0230353  -0.03384223
  54    0.0218030  -0.03235447
  55    0.0204320  -0.03397684
  56    0.0145078  -0.02345267
  57    0.0277765  -0.04609388
  58    0.0257735  -0.04329048
  59    0.0253187  -0.04267257
  60    0.0243772  -0.04101199
  61    0.0244497  -0.04265632
  62    0.0263803  -0.03680920
  63    0.0262778  -0.03675483
  64    0.0254332  -0.04584410
  65    0.0258772  -0.03544307
  66    0.0258242  -0.03541178
  67    0.0078369  -0.02229682
  68    0.0077932  -0.02222533
  69    0.0083872  -0.02183607
  70    0.0077825  -0.02100978
  71    0.0073627  -0.02012345
  72    0.0075018  -0.02013314
  73    0.0075297  -0.02119608
  74    0.0019203  -0.02522757
  75    0.0017532  -0.01824840
  76    0.0017690  -0.01845060
  77    0.0017788  -0.01854199
  78    0.0019655  -0.02557478
  79    0.0017286  -0.01805707
  80    0.0011871  -0.01551159
  81    0.0011954  -0.01566314
  82    0.0001823  -0.00621853
  83    0.0001823  -0.00622153
  84    0.0002156  -0.00727888
  85    0.0002020  -0.00692410
  86    0.0002124  -0.00705400
  87    0.0001931  -0.00662676
  88    0.0002001  -0.00681912
  89    0.0000291  -0.00469303
  90    0.0000291  -0.00468619
 
----------------
 Final Energies 
----------------
Final NOF Total Energy =   -1210.1939523
 
Total Orbital Internal Iterations = 927
Total Occupation Internal Iterations = 36
 
Elapsed time:  159.50 Seconds

---------------------------------
   Lowdin Population Analysis    
---------------------------------
 Idx  Atom   Population   Charge 
---------------------------------
  1     O     7.438       0.562
  2     P    15.663      -0.663
  3     O     7.948       0.052
  4     O     7.721       0.279
  5     P    15.669      -0.669
  6     O     7.952       0.048
  7     O     7.460       0.540
  8     O     7.438       0.562
  9     O     7.464       0.536
 10     H     1.299      -0.299
 11     H     1.325      -0.325
 12     H     1.298      -0.298
 13     H     1.327      -0.327

---------------------------------
   M Diagnostic: 0.03
---------------------------------

