PNICO23-17b_C.jld2 not found
PNICO23-17b_n.jld2 not found
Computing Integrals
Elapsed time:    8.96 Seconds

Number of basis functions                   (NBF)    = 187
Number of auxiliary basis functions         (NBFAUX) = 241
Inactive Doubly occupied orbitals up to     (NO1)    = 0
No. considered Strongly Doubly occupied MOs (NDOC)   = 13
No. considered Strongly Singly occupied MOs (NSOC)   = 0
NO. of Weakly occ. per St. Doubly occ.  MOs (NCWO)   = 1
Dimension of the Nat. Orb. subspace         (NBF5)   = 26
No. of electrons                                     = 26
    No. of alpha electrons                           = 13
    No. of beta electrons                            = 13
Multiplicity                                         = 1

Geometry
========
 P       0.0000000       0.4181300       0.0000000
 F      -0.8645900       1.8133900       0.0000000
 H      -0.7353700      -0.2200700       1.0319300
 H      -0.7353700      -0.2200700      -1.0319300

No violations of the orthonormality
No violations of the orthonormality
 
PNOF8/ADABelief Calculation
==================
 
  Nitext  Nit_orb  Time   Nit_occ  Time         Eelec          Etot           Ediff      maxdiff    MaxGrad_orb  Grad_occ
     1      10    7.8e+01    7    5.0e+01  -480.02466252  -420.88597269 -10479.02466252   1.381400   5.5e+00   1.2e-04 0.01
     2      10    5.0e+01   11    7.5e-02  -495.39727820  -436.25858837   -15.37261568   0.402733   1.6e+00   9.6e-05 0.02
     3      10    4.6e+01   11    4.4e-02  -499.41036661  -440.27167679    -4.01308841   0.318348   1.3e+00   2.7e-04 0.04
     4      10    4.7e+01    8    2.1e-01  -500.47549694  -441.33680711    -1.06513033   0.330799   1.3e+00   1.3e-04 0.03
     5      10    4.8e+01    6    2.4e-02  -500.80471483  -441.66602501    -0.32921789   0.338458   1.4e+00   2.4e-04 0.03
     6      10    5.0e+01    0    4.6e-02  -500.80859754  -441.66990771    -0.00388270   0.338458   1.4e+00   2.4e-04 0.03
     7      30    1.5e+02    6    4.5e-02  -500.99505436  -441.85636453    -0.18645682   0.053278   2.1e-01   1.8e-04 0.03
     8      30    1.5e+02    5    1.6e-02  -501.01385474  -441.87516492    -0.01880038   0.028108   1.1e-01   1.5e-04 0.03
     9      30    1.4e+02    5    3.8e-02  -501.01634870  -441.87765888    -0.00249396   0.041430   1.7e-01   1.2e-04 0.03
    10      30    1.5e+02    4    2.1e-02  -501.01999297  -441.88130314    -0.00364426   0.037944   1.5e-01   1.9e-04 0.03
    11      30    1.6e+02    4    7.9e-02  -501.02297857  -441.88428874    -0.00298560   0.030061   1.2e-01   1.8e-04 0.03
    12      30    1.6e+02    4    3.3e-02  -501.02661005  -441.88792022    -0.00363148   0.031600   1.3e-01   1.4e-04 0.03
    13      30    1.5e+02    3    1.9e-02  -501.02894539  -441.89025556    -0.00233534   0.030178   1.2e-01   1.2e-04 0.03
    14      30    1.5e+02    4    3.3e-02  -501.02958528  -441.89089545    -0.00063989   0.028165   1.1e-01   1.2e-04 0.03
    15      30    1.5e+02    3    4.5e-02  -501.03017748  -441.89148766    -0.00059220   0.032592   1.3e-01   1.1e-04 0.03
    16      30    1.5e+02    0    1.6e-02  -501.03022665  -441.89153682    -0.00004916   0.032592   1.3e-01   1.1e-04 0.03
    17      50    2.6e+02    2    2.5e-02  -501.03360983  -441.89492000    -0.00338318   0.001800   7.2e-03   1.8e-04 0.03
    18      50    2.5e+02    0    5.3e-02  -501.03362066  -441.89493083    -0.00001083   0.001800   7.2e-03   1.8e-04 0.03
    19      70    3.4e+02    1    2.1e-02  -501.03364700  -441.89495718    -0.00002635   0.000937   3.7e-03   1.9e-04 0.03
    20      70    3.4e+02    1    7.7e-03  -501.03365222  -441.89496239    -0.00000521   0.001587   6.3e-03   1.8e-04 0.03
    21      70    3.6e+02    0    2.0e-02  -501.03365937  -441.89496955    -0.00000716   0.001586   6.3e-03   2.4e-04 0.03
    22      80    5.4e+02    1    1.4e-02  -501.03366482  -441.89497499    -0.00000545   0.001399   5.6e-03   1.3e-04 0.03
    23      80    5.1e+02    0    1.9e-02  -501.03367028  -441.89498045    -0.00000546   0.001051   4.2e-03   1.9e-04 0.03
    24      90    5.1e+02    1    2.2e-02  -501.03367603  -441.89498620    -0.00000575   0.000865   3.5e-03   5.4e-05 0.03
    25      90    4.5e+02    0    2.6e-02  -501.03367942  -441.89498960    -0.00000339   0.001104   4.4e-03   1.5e-04 0.03
    26     100    5.0e+02    0    7.5e-03  -501.03368467  -441.89499484    -0.00000525   0.000810   3.2e-03   2.1e-04 0.03
    27     110    5.4e+02    1    4.6e-02  -501.03368745  -441.89499763    -0.00000278   0.000731   2.9e-03   1.3e-04 0.03
    28     110    5.4e+02    0    1.4e-02  -501.03369035  -441.89500053    -0.00000290   0.000783   3.1e-03   1.9e-04 0.03
    29     120    5.9e+02    0    4.5e-02  -501.03369287  -441.89500304    -0.00000252   0.000685   2.7e-03   2.0e-04 0.03
    30     130    6.3e+02    0    3.8e-02  -501.03369470  -441.89500487    -0.00000182   0.000627   2.5e-03   2.4e-04 0.03
    31     140    6.8e+02    2    4.3e-02  -501.03369601  -441.89500618    -0.00000132   0.000576   2.3e-03   3.7e-05 0.03
    32     140    6.8e+02    0    1.0e-02  -501.03369776  -441.89500794    -0.00000175   0.000588   2.4e-03   1.3e-04 0.03
    33     150    7.4e+02    0    1.1e-01  -501.03369888  -441.89500905    -0.00000112   0.000517   2.1e-03   1.4e-04 0.03
    34     160    7.8e+02    0    4.2e-02  -501.03369953  -441.89500970    -0.00000065   0.000466   1.9e-03   1.6e-04 0.03
    35     170    8.3e+02    0    9.7e-03  -501.03369981  -441.89500998    -0.00000027   0.000450   1.8e-03   1.7e-04 0.03
    36     180    8.9e+02    0    1.5e-02  -501.03370001  -441.89501018    -0.00000020   0.000409   1.6e-03   1.9e-04 0.03
    37     190    9.3e+02    0    1.4e-02  -501.03370027  -441.89501044    -0.00000026   0.000368   1.5e-03   1.9e-04 0.03
    38     200    1.0e+03    1    5.2e-02  -501.03370029  -441.89501046    -0.00000002   0.000391   1.6e-03   1.1e-04 0.03
    39     200    1.0e+03    0    1.7e-02  -501.03370140  -441.89501157    -0.00000111   0.000332   1.3e-03   1.3e-04 0.03
    40     210    1.1e+03    0    1.1e-02  -501.03370140  -441.89501157     0.00000000   0.000332   1.3e-03   1.3e-04 0.03
    41     176    9.2e+02    0    1.6e-02  -501.03370189  -441.89501206    -0.00000049   0.000124   5.0e-04   1.4e-04 0.03
 
RESULTS OF THE OCCUPATION OPTIMIZATION
========================================
   1    1.9999634  -80.04640465
   2    1.9998689  -26.34440139
   3    1.9989367  -7.49989686
   4    1.9982106  -5.47533096
   5    1.9981308  -5.44234293
   6    1.9985683  -5.44019203
   7    1.9926899  -1.54842457
   8    1.9932236  -0.85061933
   9    1.9687786  -0.73596128
  10    1.9832088  -0.69631425
  11    1.9832353  -0.69453252
  12    1.9722141  -0.51170101
  13    1.9726143  -0.50621464
  14    0.0273857  -0.03386302
  15    0.0277859  -0.03390835
  16    0.0167647  -0.02652013
  17    0.0167912  -0.02673873
  18    0.0312214  -0.05293144
  19    0.0067764  -0.02551564
  20    0.0073101  -0.02553596
  21    0.0014317  -0.01585807
  22    0.0018692  -0.01837249
  23    0.0017894  -0.01823004
  24    0.0010633  -0.01449604
  25    0.0001311  -0.00587317
  26    0.0000366  -0.00551819
 
----------------
 Final Energies 
----------------
Final NOF Total Energy =    -441.8950121
 
Total Orbital Internal Iterations = 3496
Total Occupation Internal Iterations = 91
 
Elapsed time: 17968.64 Seconds

---------------------------------
   Lowdin Population Analysis    
---------------------------------
 Idx  Atom   Population   Charge 
---------------------------------
  1     P    14.726       0.274
  2     F     8.938       0.062
  3     H     1.168      -0.168
  4     H     1.168      -0.168

---------------------------------
   M Diagnostic: 0.03
---------------------------------

