Computing Integrals
Elapsed time:    6.15 Seconds

Number of basis functions                   (NBF)    = 174
Number of auxiliary basis functions         (NBFAUX) = 190
Inactive Doubly occupied orbitals up to     (NO1)    = 0
No. considered Strongly Doubly occupied MOs (NDOC)   = 9
No. considered Strongly Singly occupied MOs (NSOC)   = 0
NO. of Weakly occ. per St. Doubly occ.  MOs (NCWO)   = 1
Dimension of the Nat. Orb. subspace         (NBF5)   = 18
No. of electrons                                     = 18
    No. of alpha electrons                           = 9
    No. of beta electrons                            = 9
Multiplicity                                         = 1

Geometry
========
 N       0.2306400      -1.3396400       0.0000000
 F       0.2306400      -2.7524600       0.0000000
 H       0.8100300      -1.1177400       0.8064800
 H       0.8100300      -1.1177400      -0.8064800

No violations of the orthonormality
No violations of the orthonormality
 
PNOF8/ADABelief Calculation
==================
 
  Nitext  Nit_orb  Time   Nit_occ  Time         Eelec          Etot           Ediff      maxdiff    MaxGrad_orb  Grad_occ
     1      10    6.0e+01   20    3.9e+01  -185.84086630  -149.65505571 -10184.84086630   2.042859   8.2e+00   9.0e-05 0.03
     2      10    3.5e+01    9    1.4e-02  -189.37631076  -153.19050017    -3.53544446   0.359519   1.4e+00   1.9e-04 0.04
     3      10    3.4e+01    7    5.3e-03  -190.76561933  -154.57980874    -1.38930857   0.516914   2.1e+00   9.5e-05 0.04
     4      10    3.6e+01    6    7.5e-03  -191.06740094  -154.88159035    -0.30178161   0.400926   1.6e+00   1.8e-04 0.04
     5      10    3.4e+01    6    2.0e-02  -191.22476324  -155.03895265    -0.15736229   0.231591   9.3e-01   2.1e-04 0.03
     6      10    3.4e+01    6    4.5e-02  -191.31704063  -155.13123004    -0.09227739   0.487092   1.9e+00   1.4e-04 0.03
     7      10    3.2e+01    6    3.7e-02  -191.37905270  -155.19324211    -0.06201207   0.263599   1.1e+00   1.4e-04 0.03
     8      10    3.4e+01    5    3.8e-03  -191.39246445  -155.20665386    -0.01341175   0.280914   1.1e+00   6.9e-05 0.03
     9      10    3.6e+01    0    4.5e-02  -191.39269540  -155.20688481    -0.00023095   0.280914   1.1e+00   6.9e-05 0.03
    10      30    1.0e+02    4    6.1e-03  -191.54886273  -155.36305214    -0.15616733   0.025927   1.0e-01   1.5e-04 0.03
    11      30    1.0e+02    6    2.3e-02  -191.56415220  -155.37834161    -0.01528947   0.037239   1.5e-01   1.3e-04 0.03
    12      30    1.0e+02    4    4.3e-02  -191.56697708  -155.38116649    -0.00282488   0.041962   1.7e-01   1.4e-04 0.04
    13      30    1.0e+02    4    4.9e-03  -191.56976271  -155.38395212    -0.00278563   0.033105   1.3e-01   1.8e-04 0.04
    14      30    1.0e+02    3    1.2e-02  -191.57108524  -155.38527465    -0.00132254   0.026184   1.0e-01   1.2e-04 0.04
    15      30    9.8e+01    0    2.5e-02  -191.57115468  -155.38534409    -0.00006944   0.026184   1.0e-01   1.2e-04 0.04
    16      50    1.6e+02    3    1.0e-02  -191.57398668  -155.38817609    -0.00283200   0.001652   6.6e-03   1.6e-04 0.04
    17      50    1.7e+02    0    1.4e-02  -191.57400304  -155.38819245    -0.00001636   0.001652   6.6e-03   1.6e-04 0.04
    18      70    2.3e+02    1    3.7e-02  -191.57405149  -155.38824090    -0.00004845   0.000886   3.5e-03   2.0e-04 0.04
    19      70    2.3e+02    1    4.4e-03  -191.57406704  -155.38825645    -0.00001555   0.001074   4.3e-03   1.8e-04 0.04
    20      70    2.3e+02    2    3.5e-03  -191.57407388  -155.38826329    -0.00000684   0.000973   3.9e-03   1.2e-04 0.04
    21      70    2.3e+02    0    1.5e-02  -191.57407554  -155.38826495    -0.00000166   0.000973   3.9e-03   1.2e-04 0.04
    22      90    2.9e+02    0    3.3e-02  -191.57407876  -155.38826817    -0.00000322   0.000153   6.1e-04   1.6e-04 0.04
 
RESULTS OF THE OCCUPATION OPTIMIZATION
========================================
   1    1.9998680  -26.35159127
   2    1.9997242  -15.65020780
   3    1.9927513  -1.49489571
   4    1.9911391  -1.03519356
   5    1.9861441  -0.74940009
   6    1.9600319  -0.73846332
   7    1.9856035  -0.71124179
   8    1.9732586  -0.67697387
   9    1.9732536  -0.67693054
  10    0.0267464  -0.03094071
  11    0.0267414  -0.03094476
  12    0.0143965  -0.02416022
  13    0.0399681  -0.06384712
  14    0.0138559  -0.02446107
  15    0.0088609  -0.01782303
  16    0.0072487  -0.02342965
  17    0.0002758  -0.00706248
  18    0.0001320  -0.00592500
 
----------------
 Final Energies 
----------------
Final NOF Total Energy =    -155.3882682
 
Total Orbital Internal Iterations = 740
Total Occupation Internal Iterations = 93
 
Elapsed time: 2611.89 Seconds

---------------------------------
   Lowdin Population Analysis    
---------------------------------
 Idx  Atom   Population   Charge 
---------------------------------
  1     N     6.676       0.324
  2     F     8.898       0.102
  3     H     1.213      -0.213
  4     H     1.213      -0.213

---------------------------------
   M Diagnostic: 0.04
---------------------------------

