Computing Integrals
Elapsed time:    6.81 Seconds

Number of basis functions                   (NBF)    = 174
Number of auxiliary basis functions         (NBFAUX) = 190
Inactive Doubly occupied orbitals up to     (NO1)    = 0
No. considered Strongly Doubly occupied MOs (NDOC)   = 9
No. considered Strongly Singly occupied MOs (NSOC)   = 0
NO. of Weakly occ. per St. Doubly occ.  MOs (NCWO)   = 1
Dimension of the Nat. Orb. subspace         (NBF5)   = 18
No. of electrons                                     = 18
    No. of alpha electrons                           = 9
    No. of beta electrons                            = 9
Multiplicity                                         = 1

Geometry
========
 N      -0.2306400       1.3396400       0.0000000
 F      -0.2306400       2.7524600       0.0000000
 H      -0.8100300       1.1177400       0.8064800
 H      -0.8100300       1.1177400      -0.8064800

No violations of the orthonormality
No violations of the orthonormality
 
PNOF8/ADABelief Calculation
==================
 
  Nitext  Nit_orb  Time   Nit_occ  Time         Eelec          Etot           Ediff      maxdiff    MaxGrad_orb  Grad_occ
     1      10    6.7e+01   19    4.0e+01  -185.60700136  -149.42119077 -10184.60700136   0.922970   3.7e+00   1.3e-04 0.03
     2      10    4.1e+01   11    6.1e-03  -189.42541318  -153.23960259    -3.81841182   0.407248   1.6e+00   1.4e-04 0.04
     3      10    3.9e+01    6    1.4e-02  -190.68566687  -154.49985628    -1.26025369   0.330674   1.3e+00   1.9e-04 0.04
     4      10    4.1e+01    3    8.9e-03  -190.97529450  -154.78948391    -0.28962763   0.289618   1.2e+00   1.6e-04 0.04
     5      10    4.2e+01    4    1.5e-02  -191.12773706  -154.94192646    -0.15244256   0.351646   1.4e+00   1.8e-04 0.04
     6      10    4.2e+01    6    8.6e-03  -191.23011213  -155.04430154    -0.10237507   0.224868   9.0e-01   9.2e-05 0.04
     7      10    4.1e+01    4    5.1e-02  -191.34941100  -155.16360041    -0.11929887   0.338176   1.4e+00   8.3e-05 0.04
     8      10    4.0e+01    3    5.3e-02  -191.39574764  -155.20993705    -0.04633664   0.381968   1.5e+00   2.4e-04 0.04
     9      10    4.3e+01    5    3.1e-02  -191.44810323  -155.26229264    -0.05235560   0.405993   1.6e+00   1.3e-04 0.04
    10      10    3.9e+01    0    2.3e-02  -191.44823434  -155.26242374    -0.00013110   0.405993   1.6e+00   1.3e-04 0.04
    11      30    1.2e+02    6    6.9e-03  -191.56479270  -155.37898211    -0.11655837   0.026088   1.0e-01   1.0e-04 0.04
    12      30    1.2e+02    5    6.4e-03  -191.57238991  -155.38657932    -0.00759721   0.025699   1.0e-01   1.4e-04 0.04
    13      30    1.2e+02    0    4.6e-03  -191.57266564  -155.38685505    -0.00027573   0.025699   1.0e-01   1.4e-04 0.04
    14      50    1.9e+02    2    4.8e-02  -191.57380559  -155.38799500    -0.00113995   0.003766   1.5e-02   1.7e-04 0.04
    15      50    1.9e+02    2    5.3e-02  -191.57392107  -155.38811048    -0.00011548   0.005319   2.1e-02   9.5e-05 0.04
    16      50    1.9e+02    1    1.8e-02  -191.57396373  -155.38815314    -0.00004266   0.004974   2.0e-02   9.7e-05 0.04
    17      50    1.9e+02    2    1.1e-02  -191.57398991  -155.38817932    -0.00002618   0.004890   2.0e-02   7.7e-05 0.04
    18      50    2.0e+02    0    1.5e-02  -191.57399599  -155.38818540    -0.00000608   0.004890   2.0e-02   7.7e-05 0.04
    19      70    2.7e+02    1    1.8e-02  -191.57407639  -155.38826580    -0.00008040   0.000423   1.7e-03   7.6e-05 0.04
    20      70    2.7e+02    1    4.2e-03  -191.57407839  -155.38826780    -0.00000200   0.000997   4.0e-03   9.2e-05 0.04
    21      70    2.9e+02    0    4.8e-03  -191.57407931  -155.38826872    -0.00000092   0.000997   4.0e-03   9.2e-05 0.04
    22      90    3.5e+02    0    1.1e-02  -191.57408203  -155.38827144    -0.00000272   0.000141   5.6e-04   1.7e-04 0.04
 
RESULTS OF THE OCCUPATION OPTIMIZATION
========================================
   1    1.9998710  -26.35155100
   2    1.9997326  -15.65017763
   3    1.9928307  -1.49821929
   4    1.9911789  -1.03558368
   5    1.9600677  -0.73817817
   6    1.9859881  -0.73786296
   7    1.9856949  -0.71970007
   8    1.9732656  -0.67672789
   9    1.9732567  -0.67661550
  10    0.0267433  -0.03093652
  11    0.0267344  -0.03093448
  12    0.0143051  -0.02423674
  13    0.0140119  -0.02436491
  14    0.0399323  -0.06382258
  15    0.0088211  -0.01783465
  16    0.0071693  -0.02341803
  17    0.0002674  -0.00697933
  18    0.0001290  -0.00586583
 
----------------
 Final Energies 
----------------
Final NOF Total Energy =    -155.3882714
 
Total Orbital Internal Iterations = 740
Total Occupation Internal Iterations = 81
 
Elapsed time: 3053.50 Seconds

---------------------------------
   Lowdin Population Analysis    
---------------------------------
 Idx  Atom   Population   Charge 
---------------------------------
  1     N     6.676       0.324
  2     F     8.898       0.102
  3     H     1.213      -0.213
  4     H     1.213      -0.213

---------------------------------
   M Diagnostic: 0.04
---------------------------------

