Computing Integrals
Elapsed time:    7.70 Seconds

Number of basis functions                   (NBF)    = 204
Number of auxiliary basis functions         (NBFAUX) = 206
Inactive Doubly occupied orbitals up to     (NO1)    = 0
No. considered Strongly Doubly occupied MOs (NDOC)   = 8
No. considered Strongly Singly occupied MOs (NSOC)   = 1
NO. of Weakly occ. per St. Doubly occ.  MOs (NCWO)   = 1
Dimension of the Nat. Orb. subspace         (NBF5)   = 17
No. of electrons                                     = 17
    No. of alpha electrons                           = 9
    No. of beta electrons                            = 8
Multiplicity                                         = 2

Geometry
========
 C      -0.4263400       0.0751300       0.0000000
 O       0.9401100       0.1871600       0.0000000
 H       1.3667100      -0.6787800       0.0000000
 H      -0.9402400       0.2082400      -0.9455500
 H      -0.9402400       0.2082400       0.9455500

No violations of the orthonormality
No violations of the orthonormality
 
PNOF8/ADABelief Calculation
==================
 
  Nitext  Nit_orb  Time   Nit_occ  Time         Eelec          Etot           Ediff      maxdiff    MaxGrad_orb  Grad_occ
     1      10    8.9e+01   14    4.1e+01  -144.41075275  -109.30806540 -10143.41075275   2.228676   8.9e+00   6.0e-05 0.03
     2      10    6.9e+01    8    1.2e-02  -147.62482294  -112.52213559    -3.21407019   0.426530   1.7e+00   1.9e-04 0.03
     3      10    6.5e+01    6    6.8e-03  -148.76763168  -113.66494433    -1.14280873   0.242299   9.7e-01   2.0e-04 0.04
     4      10    6.3e+01    4    3.5e-02  -149.31975538  -114.21706804    -0.55212371   0.231180   9.2e-01   2.1e-04 0.04
     5      10    6.2e+01    5    1.9e-02  -149.59355853  -114.49087118    -0.27380314   0.294271   1.2e+00   2.0e-04 0.03
     6      10    6.5e+01    5    7.1e-02  -149.65034469  -114.54765734    -0.05678616   0.517011   2.1e+00   5.2e-05 0.03
     7      10    6.6e+01    6    7.9e-03  -149.72048868  -114.61780133    -0.07014399   0.280625   1.1e+00   6.6e-05 0.03
     8      10    7.3e+01    3    7.5e-03  -149.73771490  -114.63502755    -0.01722622   0.305590   1.2e+00   1.6e-04 0.03
     9      10    6.7e+01    0    3.5e-02  -149.73795787  -114.63527052    -0.00024297   0.305590   1.2e+00   1.6e-04 0.03
    10      30    2.0e+02    3    2.0e-02  -149.84402909  -114.74134175    -0.10607123   0.016843   6.7e-02   1.7e-04 0.03
    11      30    1.9e+02    3    9.7e-03  -149.85020654  -114.74751920    -0.00617745   0.022877   9.2e-02   1.7e-04 0.03
    12      30    1.9e+02    4    9.6e-03  -149.85071411  -114.74802677    -0.00050757   0.028534   1.1e-01   7.1e-05 0.03
    13      30    1.8e+02    2    1.3e-02  -149.85133988  -114.74865254    -0.00062577   0.025148   1.0e-01   8.5e-05 0.03
    14      30    1.8e+02    0    2.6e-02  -149.85138271  -114.74869537    -0.00004283   0.025148   1.0e-01   8.5e-05 0.03
    15      50    3.0e+02    1    2.8e-02  -149.85276046  -114.75007311    -0.00137774   0.001204   4.8e-03   2.0e-04 0.03
    16      50    3.0e+02    0    4.7e-02  -149.85276481  -114.75007746    -0.00000435   0.001204   4.8e-03   2.0e-04 0.03
    17      70    4.2e+02    1    1.3e-02  -149.85277434  -114.75008699    -0.00000954   0.000514   2.1e-03   1.2e-04 0.03
    18      70    4.4e+02    0    1.2e-02  -149.85277606  -114.75008871    -0.00000171   0.000526   2.1e-03   1.5e-04 0.03
    19      80    4.9e+02    0    1.7e-02  -149.85277606  -114.75008871     0.00000000   0.000526   2.1e-03   1.5e-04 0.03
    20      89    5.1e+02    0    1.6e-02  -149.85277694  -114.75008960    -0.00000089   0.000124   5.0e-04   1.5e-04 0.03
 
RESULTS OF THE OCCUPATION OPTIMIZATION
========================================
   1    1.9998090  -20.60086719
   2    1.9995444  -11.26598478
   3    1.9920090  -1.27068171
   4    1.9726447  -0.75644944
   5    1.9684377  -0.75388792
   6    1.9752513  -0.70909558
   7    1.9753179  -0.70860326
   8    1.9837128  -0.56110144
   9    1.0000000  -0.19091307
  10    0.0162872  -0.02144564
  11    0.0246821  -0.02647897
  12    0.0247487  -0.02649126
  13    0.0315623  -0.04582155
  14    0.0273553  -0.03539319
  15    0.0079910  -0.02051427
  16    0.0004556  -0.00840780
  17    0.0001910  -0.00659060
 
----------------
 Final Energies 
----------------
Final NOF Total Energy =    -114.7500896
 
Total Orbital Internal Iterations = 649
Total Occupation Internal Iterations = 65
 
Elapsed time: 4133.42 Seconds

---------------------------------
   Lowdin Population Analysis    
---------------------------------
 Idx  Atom   Population   Charge 
---------------------------------
  1     C     5.936       0.064
  2     O     7.435       0.565
  3     H     1.331      -0.331
  4     H     1.149      -0.149
  5     H     1.149      -0.149

---------------------------------
   M Diagnostic: 0.03
---------------------------------

