Computing Integrals
Elapsed time:   41.31 Seconds

Number of basis functions                   (NBF)    = 819
Number of auxiliary basis functions         (NBFAUX) = 777
Inactive Doubly occupied orbitals up to     (NO1)    = 0
No. considered Strongly Doubly occupied MOs (NDOC)   = 28
No. considered Strongly Singly occupied MOs (NSOC)   = 0
NO. of Weakly occ. per St. Doubly occ.  MOs (NCWO)   = 1
Dimension of the Nat. Orb. subspace         (NBF5)   = 56
No. of electrons                                     = 56
    No. of alpha electrons                           = 28
    No. of beta electrons                            = 28
Multiplicity                                         = 1

Geometry
========
 C      -0.6061900       0.0824700      -2.9478400
 H      -1.6680300       0.0823700      -2.9478400
 C       0.6058500       0.0821300      -2.9475800
 H       1.6676800       0.0814600      -2.9471200
 C      -2.5304000      -0.3208600       0.6816600
 H      -2.5387700      -0.9828200      -0.1847500
 H      -2.5823200      -0.9471300       1.5722600
 H      -3.4328200       0.2880400       0.6489000
 C      -1.2698700       0.5337400       0.6927300
 H      -1.2865200       1.2067400       1.5531400
 H      -1.2446000       1.1679500      -0.1960600
 C       0.0000500      -0.3045900       0.7331900
 H       0.0000500      -0.9223800       1.6362500
 H       0.0001200      -0.9928900      -0.1160500
 C       1.2699500       0.5337800       0.6928200
 H       1.2865800       1.2067500       1.5532400
 H       1.2448000       1.1679500      -0.1959800
 C       2.5304700      -0.3208500       0.6818700
 H       2.5388500      -0.9828400      -0.1845000
 H       3.4328500       0.2880800       0.6491500
 H       2.5822900      -0.9470700       1.5725100

No violations of the orthonormality
No violations of the orthonormality
 
PNOF8/ADABelief Calculation
==================
 
  Nitext  Nit_orb  Time   Nit_occ  Time         Eelec          Etot           Ediff      maxdiff    MaxGrad_orb  Grad_occ
     1      10    2.2e+02   18    4.3e+01  -540.70954254  -255.01300644 -10539.70954254   2.133918   8.5e+00   2.7e-04 0.04
     2      10    1.9e+02    9    5.2e-01  -550.56573381  -264.86919771    -9.85619127   0.322617   1.3e+00   1.4e-04 0.04
     3      10    1.9e+02    6    5.4e-01  -554.29422453  -268.59768843    -3.72849072   1.828049   7.3e+00   2.5e-04 0.04
     4      10    1.9e+02    6    5.3e-01  -555.61899289  -269.92245679    -1.32476836   1.354940   5.4e+00   1.6e-04 0.04
     5      10    1.9e+02    6    4.1e-01  -556.04666152  -270.35012542    -0.42766863   1.191139   4.8e+00   1.9e-04 0.04
     6      10    1.9e+02    0    6.4e-01  -556.04792635  -270.35139025    -0.00126483   1.191139   4.8e+00   1.9e-04 0.04
     7      30    5.5e+02    7    4.3e-01  -558.66168697  -272.96515087    -2.61376062   0.095570   3.8e-01   1.0e-04 0.04
     8      30    5.6e+02    6    4.7e-01  -559.14664380  -273.45010770    -0.48495682   0.115794   4.6e-01   2.5e-04 0.04
     9      30    5.4e+02    6    4.4e-01  -559.41117129  -273.71463519    -0.26452749   0.171448   6.9e-01   4.5e-05 0.04
    10      30    5.5e+02    4    5.2e-01  -559.65953133  -273.96299523    -0.24836004   0.142903   5.7e-01   1.6e-04 0.04
    11      30    5.8e+02    3    5.4e-01  -559.83978992  -274.14325382    -0.18025860   0.062140   2.5e-01   1.6e-04 0.04
    12      30    5.3e+02    2    5.8e-01  -559.87621792  -274.17968182    -0.03642800   0.026445   1.1e-01   1.8e-04 0.04
    13      30    5.2e+02    0    6.0e-01  -559.87649983  -274.17996373    -0.00028191   0.026445   1.1e-01   1.8e-04 0.04
    14      50    8.7e+02    2    4.5e-01  -559.89054756  -274.19401146    -0.01404773   0.002371   9.5e-03   1.3e-04 0.04
    15      50    9.0e+02    0    5.4e-01  -559.89062096  -274.19408486    -0.00007340   0.002371   9.5e-03   1.3e-04 0.04
    16      70    1.2e+03    1    4.2e-01  -559.89077248  -274.19423638    -0.00015152   0.000902   3.6e-03   2.0e-04 0.04
    17      70    1.2e+03    1    4.3e-01  -559.89080660  -274.19427051    -0.00003413   0.001073   4.3e-03   1.1e-04 0.04
    18      70    1.2e+03    0    5.9e-01  -559.89081335  -274.19427725    -0.00000675   0.001073   4.3e-03   1.1e-04 0.04
    19      90    1.5e+03    1    5.2e-01  -559.89082727  -274.19429117    -0.00001392   0.000201   8.1e-04   8.6e-05 0.04
 
RESULTS OF THE OCCUPATION OPTIMIZATION
========================================
   1    1.9995294  -11.23205938
   2    1.9995262  -11.23205449
   3    1.9995795  -11.20350614
   4    1.9995778  -11.20348144
   5    1.9995974  -11.20222314
   6    1.9996004  -11.20220995
   7    1.9995756  -11.19961784
   8    1.9889451  -1.00823783
   9    1.9772626  -0.74235742
  10    1.9772480  -0.74211084
  11    1.9768547  -0.67431259
  12    1.9765568  -0.66578429
  13    1.9765664  -0.66572476
  14    1.9764502  -0.66358481
  15    1.9764733  -0.66321714
  16    1.9765628  -0.66084280
  17    1.9765748  -0.66022799
  18    1.9764646  -0.65981984
  19    1.9765506  -0.65961376
  20    1.9763276  -0.65832361
  21    1.9764354  -0.65716954
  22    1.9763537  -0.65683388
  23    1.9726362  -0.65008543
  24    1.9726298  -0.64952632
  25    1.9725621  -0.64951516
  26    1.9725551  -0.64895186
  27    1.9585959  -0.42023702
  28    1.9585977  -0.41988663
  29    0.0414023  -0.03573919
  30    0.0414041  -0.03586493
  31    0.0274449  -0.03449626
  32    0.0274379  -0.03449672
  33    0.0273702  -0.03468156
  34    0.0273638  -0.03468253
  35    0.0236463  -0.02554471
  36    0.0235646  -0.02549490
  37    0.0236724  -0.02587787
  38    0.0234494  -0.02542557
  39    0.0235354  -0.02551361
  40    0.0234252  -0.02541857
  41    0.0234372  -0.02546087
  42    0.0235267  -0.02590252
  43    0.0235498  -0.02586402
  44    0.0234336  -0.02577009
  45    0.0234432  -0.02581681
  46    0.0231453  -0.02568058
  47    0.0227520  -0.02782616
  48    0.0227374  -0.02781913
  49    0.0110549  -0.01931013
  50    0.0004244  -0.00795657
  51    0.0003996  -0.00758943
  52    0.0004026  -0.00761046
  53    0.0004222  -0.00793622
  54    0.0004205  -0.00792128
  55    0.0004738  -0.00867721
  56    0.0004706  -0.00863708
 
----------------
 Final Energies 
----------------
Final NOF Total Energy =    -274.1942912
 
Total Orbital Internal Iterations = 670
Total Occupation Internal Iterations = 78
 
Elapsed time: 12561.10 Seconds

---------------------------------
   Lowdin Population Analysis    
---------------------------------
 Idx  Atom   Population   Charge 
---------------------------------
  1     C     5.858       0.142
  2     H     1.138      -0.138
  3     C     5.858       0.142
  4     H     1.138      -0.138
  5     C     5.786       0.214
  6     H     1.062      -0.062
  7     H     1.060      -0.060
  8     H     1.065      -0.065
  9     C     5.926       0.074
 10     H     1.051      -0.051
 11     H     1.049      -0.049
 12     C     5.921       0.079
 13     H     1.046      -0.046
 14     H     1.043      -0.043
 15     C     5.926       0.074
 16     H     1.051      -0.051
 17     H     1.050      -0.050
 18     C     5.786       0.214
 19     H     1.062      -0.062
 20     H     1.065      -0.065
 21     H     1.060      -0.060

---------------------------------
   M Diagnostic: 0.04
---------------------------------

