Computing Integrals
Elapsed time:   11.55 Seconds

Number of basis functions                   (NBF)    = 197
Number of auxiliary basis functions         (NBFAUX) = 331
Inactive Doubly occupied orbitals up to     (NO1)    = 0
No. considered Strongly Doubly occupied MOs (NDOC)   = 19
No. considered Strongly Singly occupied MOs (NSOC)   = 0
NO. of Weakly occ. per St. Doubly occ.  MOs (NCWO)   = 1
Dimension of the Nat. Orb. subspace         (NBF5)   = 38
No. of electrons                                     = 38
    No. of alpha electrons                           = 19
    No. of beta electrons                            = 19
Multiplicity                                         = 1

Geometry
========
 C       0.0000000       0.0000000       0.0000000
 S       0.0000000       0.0000000       1.5576300
 S       0.0000000       0.0000000      -1.5576300

No violations of the orthonormality
No violations of the orthonormality
 
PNOF8/ADABelief Calculation
==================
 
  Nitext  Nit_orb  Time   Nit_occ  Time         Eelec          Etot           Ediff      maxdiff    MaxGrad_orb  Grad_occ
     1      10    8.5e+01   32    4.3e+01  -917.18588852  -808.47177784 -10916.18588852  10.078201   4.0e+01   1.8e-04 0.03
     2      10    6.0e+01   12    4.6e-02  -933.90617311  -825.19206243   -16.72028459   0.741980   3.0e+00   2.2e-04 0.04
     3      10    5.3e+01   10    1.9e-02  -937.58027345  -828.86616277    -3.67410034   0.792378   3.2e+00   1.8e-04 0.04
     4      10    6.0e+01    6    4.3e-02  -939.27360234  -830.55949166    -1.69332889   0.624880   2.5e+00   2.5e-04 0.04
     5      10    5.9e+01    6    1.9e-02  -940.09949156  -831.38538088    -0.82588922   0.852737   3.4e+00   1.9e-04 0.04
     6      10    5.5e+01    5    2.6e-02  -940.31020075  -831.59609007    -0.21070919   0.812209   3.2e+00   1.8e-04 0.04
     7      10    5.5e+01    0    4.1e-02  -940.31205746  -831.59794678    -0.00185671   0.812209   3.2e+00   1.8e-04 0.04
     8      30    1.7e+02    6    1.7e-02  -941.88553710  -833.17142642    -1.57347964   0.113047   4.5e-01   2.7e-04 0.04
     9      30    1.7e+02    5    2.8e-02  -942.25941476  -833.54530407    -0.37387765   0.070742   2.8e-01   2.8e-04 0.04
    10      30    1.7e+02    6    2.0e-02  -942.34596491  -833.63185423    -0.08655015   0.042529   1.7e-01   1.3e-04 0.04
    11      30    1.7e+02    5    2.3e-02  -942.37223852  -833.65812784    -0.02627361   0.041951   1.7e-01   2.8e-04 0.04
    12      30    1.7e+02    6    4.5e-02  -942.37608514  -833.66197446    -0.00384662   0.057426   2.3e-01   1.0e-04 0.04
    13      30    1.7e+02    4    2.0e-02  -942.37725818  -833.66314750    -0.00117304   0.060689   2.4e-01   2.9e-04 0.04
    14      30    1.8e+02    4    3.2e-02  -942.37936880  -833.66525812    -0.00211062   0.045439   1.8e-01   1.9e-04 0.04
    15      30    2.0e+02    3    3.1e-02  -942.38020487  -833.66609419    -0.00083607   0.056492   2.3e-01   3.1e-04 0.04
    16      30    1.6e+02    4    8.2e-02  -942.38219189  -833.66808121    -0.00198703   0.043366   1.7e-01   1.9e-04 0.04
    17      30    1.5e+02    0    1.1e-02  -942.38222094  -833.66811026    -0.00002905   0.043366   1.7e-01   1.9e-04 0.04
    18      50    2.6e+02    4    1.8e-02  -942.39797280  -833.68386212    -0.01575186   0.004899   2.0e-02   1.8e-04 0.04
    19      50    2.5e+02    3    5.2e-02  -942.39803430  -833.68392362    -0.00006151   0.010407   4.2e-02   2.5e-04 0.04
    20      50    2.6e+02    3    1.3e-02  -942.39860240  -833.68449172    -0.00056809   0.008530   3.4e-02   2.2e-04 0.04
    21      50    2.5e+02    4    3.2e-02  -942.39883915  -833.68472847    -0.00023675   0.007935   3.2e-02   1.6e-04 0.04
    22      50    2.6e+02    3    4.5e-02  -942.39913903  -833.68502834    -0.00029988   0.010329   4.1e-02   1.6e-04 0.04
    23      50    2.8e+02    3    1.4e-02  -942.39931966  -833.68520898    -0.00018063   0.008857   3.5e-02   1.8e-04 0.04
    24      50    2.8e+02    3    1.3e-01  -942.39952584  -833.68541515    -0.00020618   0.008344   3.3e-02   1.4e-04 0.04
    25      50    2.7e+02    2    3.8e-02  -942.39960296  -833.68549228    -0.00007713   0.010361   4.1e-02   1.7e-04 0.04
    26      50    2.5e+02    2    1.3e-02  -942.39972413  -833.68561345    -0.00012117   0.008913   3.6e-02   2.1e-04 0.04
    27      50    2.6e+02    3    1.1e-01  -942.39975601  -833.68564533    -0.00003188   0.008968   3.6e-02   1.4e-04 0.04
    28      50    2.6e+02    1    1.9e-02  -942.39978365  -833.68567297    -0.00002764   0.008715   3.5e-02   2.3e-04 0.04
    29      50    2.6e+02    1    2.8e-02  -942.39985129  -833.68574061    -0.00006764   0.008872   3.5e-02   1.9e-04 0.04
    30      50    2.7e+02    1    1.8e-02  -942.39988747  -833.68577679    -0.00003618   0.009049   3.6e-02   2.0e-04 0.04
    31      50    2.7e+02    1    6.4e-02  -942.39989532  -833.68578463    -0.00000785   0.009004   3.6e-02   1.3e-04 0.04
    32      50    2.7e+02    2    2.3e-02  -942.39995056  -833.68583988    -0.00005524   0.008771   3.5e-02   6.6e-05 0.04
    33      50    2.9e+02    1    2.4e-02  -942.39995536  -833.68584468    -0.00000480   0.008932   3.6e-02   1.2e-04 0.04
    34      50    2.7e+02    1    3.8e-02  -942.39999168  -833.68588100    -0.00003632   0.008691   3.5e-02   2.0e-04 0.04
    35      50    2.5e+02    3    2.2e-02  -942.40009793  -833.68598725    -0.00010625   0.008643   3.5e-02   1.3e-04 0.04
    36      50    2.6e+02    3    1.3e-02  -942.40017960  -833.68606892    -0.00008167   0.008523   3.4e-02   1.2e-04 0.04
    37      50    2.6e+02    1    9.8e-03  -942.40018705  -833.68607637    -0.00000745   0.008471   3.4e-02   1.8e-04 0.04
    38      50    2.6e+02    0    7.9e-03  -942.40018996  -833.68607928    -0.00000291   0.008471   3.4e-02   1.8e-04 0.04
    39      70    3.7e+02    3    9.4e-02  -942.40075931  -833.68664862    -0.00056934   0.000784   3.1e-03   9.1e-05 0.04
    40      70    3.6e+02    0    7.6e-02  -942.40076320  -833.68665252    -0.00000390   0.000784   3.1e-03   9.1e-05 0.04
    41      90    4.6e+02    1    1.1e-01  -942.40077847  -833.68666779    -0.00001527   0.000333   1.3e-03   1.2e-04 0.04
    42      90    4.9e+02    1    2.0e-01  -942.40078525  -833.68667457    -0.00000678   0.000435   1.7e-03   1.1e-04 0.04
    43      90    4.8e+02    1    1.4e-02  -942.40079069  -833.68668001    -0.00000544   0.000419   1.7e-03   1.2e-04 0.04
    44      90    4.7e+02    0    3.7e-02  -942.40079458  -833.68668390    -0.00000389   0.000459   1.8e-03   1.7e-04 0.04
    45     100    5.1e+02    0    9.1e-03  -942.40079779  -833.68668711    -0.00000321   0.000334   1.3e-03   2.0e-04 0.04
    46     110    5.6e+02    0    1.1e-02  -942.40080000  -833.68668932    -0.00000221   0.002646   1.1e-02   2.3e-04 0.04
    47     120    6.1e+02    0    4.0e-02  -942.40080210  -833.68669142    -0.00000210   0.000254   1.0e-03   2.7e-04 0.04
    48     130    6.7e+02    1    2.4e-02  -942.40080379  -833.68669311    -0.00000170   0.000287   1.1e-03   1.8e-04 0.04
    49     130    6.7e+02    0    2.3e-02  -942.40080669  -833.68669600    -0.00000289   0.000262   1.0e-03   2.2e-04 0.04
    50     140    7.0e+02    0    9.7e-03  -942.40080846  -833.68669778    -0.00000177   0.000239   9.6e-04   2.8e-04 0.04
 
RESULTS OF THE OCCUPATION OPTIMIZATION
========================================
   1    1.9999611  -92.03721965
   2    1.9999618  -92.03600029
   3    1.9995495  -11.36750999
   4    1.9991257  -8.99699341
   5    1.9991307  -8.99519194
   6    1.9986204  -6.68655746
   7    1.9986696  -6.68635909
   8    1.9986130  -6.68624383
   9    1.9986196  -6.68156727
  10    1.9987149  -6.68090826
  11    1.9987405  -6.67997572
  12    1.9933129  -1.04802787
  13    1.9930521  -1.02884770
  14    1.9738365  -0.65678379
  15    1.9732894  -0.60320925
  16    1.9819070  -0.52073854
  17    1.9651769  -0.47262168
  18    1.9814381  -0.45755015
  19    1.9641889  -0.45475179
  20    0.0358111  -0.04601524
  21    0.0185619  -0.02182291
  22    0.0348231  -0.04573650
  23    0.0180930  -0.02296079
  24    0.0267106  -0.04063348
  25    0.0261635  -0.04061132
  26    0.0069479  -0.02991376
  27    0.0066871  -0.02955816
  28    0.0012595  -0.01896412
  29    0.0012851  -0.01913819
  30    0.0013804  -0.01785123
  31    0.0013870  -0.01786714
  32    0.0013304  -0.01815969
  33    0.0013796  -0.01849933
  34    0.0008693  -0.01567562
  35    0.0008743  -0.01582858
  36    0.0004505  -0.00914377
  37    0.0000382  -0.00629894
  38    0.0000389  -0.00633673
 
----------------
 Final Energies 
----------------
Final NOF Total Energy =    -833.6866978
 
Total Orbital Internal Iterations = 2650
Total Occupation Internal Iterations = 166
 
Elapsed time: 14228.05 Seconds

---------------------------------
   Lowdin Population Analysis    
---------------------------------
 Idx  Atom   Population   Charge 
---------------------------------
  1     C     6.954      -0.954
  2     S    15.521       0.479
  3     S    15.525       0.475

---------------------------------
   M Diagnostic: 0.04
---------------------------------

