Computing Integrals
Elapsed time:    7.30 Seconds

Number of basis functions                   (NBF)    = 70
Number of auxiliary basis functions         (NBFAUX) = 128
Inactive Doubly occupied orbitals up to     (NO1)    = 0
No. considered Strongly Doubly occupied MOs (NDOC)   = 7
No. considered Strongly Singly occupied MOs (NSOC)   = 2
NO. of Weakly occ. per St. Doubly occ.  MOs (NCWO)   = 1
Dimension of the Nat. Orb. subspace         (NBF5)   = 16
No. of electrons                                     = 16
    No. of alpha electrons                           = 9
    No. of beta electrons                            = 7
Multiplicity                                         = 3

Geometry
========
 S       0.0000000       0.0000000       0.0000000

No violations of the orthonormality
No violations of the orthonormality
 
PNOF8/ADABelief Calculation
==================
 
  Nitext  Nit_orb  Time   Nit_occ  Time         Eelec          Etot           Ediff      maxdiff    MaxGrad_orb  Grad_occ
     1      10    2.4e+01    9    4.0e+01  -389.94770761  -389.94770761 -10388.94770761   1.764394   7.1e+00   5.2e-05 0.01
     2      10    3.3e-02    6    1.1e-03  -394.95475222  -394.95475222    -5.00704460   0.519553   2.1e+00   2.1e-05 0.02
     3      10    1.7e-02    4    9.8e-04  -396.27027947  -396.27027947    -1.31552725   0.305899   1.2e+00   9.7e-05 0.02
     4      10    1.7e-02    4    1.0e-03  -396.64662705  -396.64662705    -0.37634758   0.621897   2.5e+00   1.5e-04 0.03
     5      10    1.7e-02    5    9.3e-04  -397.02569391  -397.02569391    -0.37906686   0.299151   1.2e+00   6.2e-05 0.03
     6      10    1.7e-02    4    8.8e-04  -397.24725861  -397.24725861    -0.22156471   0.428374   1.7e+00   2.2e-04 0.02
     7      10    1.7e-02    4    9.0e-04  -397.38880174  -397.38880174    -0.14154312   1.131969   4.5e+00   2.1e-04 0.02
     8      10    1.6e-02    5    9.3e-04  -397.48672589  -397.48672589    -0.09792415   0.395599   1.6e+00   7.4e-05 0.02
     9      10    1.7e-02    3    7.7e-04  -397.54247612  -397.54247612    -0.05575023   0.443839   1.8e+00   1.3e-04 0.02
    10      10    1.7e-02    2    7.3e-04  -397.54824706  -397.54824706    -0.00577094   0.480429   1.9e+00   1.5e-04 0.02
    11      10    1.6e-02    3    7.6e-04  -397.58772622  -397.58772622    -0.03947917   0.433326   1.7e+00   4.8e-05 0.02
    12      10    1.6e-02    2    7.2e-04  -397.60191534  -397.60191534    -0.01418912   0.360134   1.4e+00   1.3e-04 0.02
    13      10    1.3e-02    0    3.8e-03  -397.60200354  -397.60200354    -0.00008821   0.360134   1.4e+00   1.3e-04 0.02
    14      30    4.3e-02    2    7.5e-04  -397.71963473  -397.71963473    -0.11763118   0.035576   1.4e-01   9.8e-05 0.02
    15      30    4.3e-02    2    7.8e-04  -397.72900088  -397.72900088    -0.00936615   0.028664   1.1e-01   1.1e-04 0.02
    16      30    4.6e-02    2    7.4e-04  -397.72929794  -397.72929794    -0.00029706   0.033011   1.3e-01   8.3e-05 0.02
    17      30    4.5e-02    1    7.5e-04  -397.72989173  -397.72989173    -0.00059379   0.025446   1.0e-01   4.6e-05 0.02
    18      30    4.6e-02    0    5.9e-04  -397.72989378  -397.72989378    -0.00000206   0.025446   1.0e-01   4.6e-05 0.02
    19      50    7.1e-02    1    6.6e-04  -397.73153354  -397.73153354    -0.00163976   0.001533   6.1e-03   2.5e-05 0.02
    20      50    7.7e-02    0    5.9e-04  -397.73153568  -397.73153568    -0.00000214   0.001533   6.1e-03   2.5e-05 0.02
    21      70    1.2e-01    1    6.6e-04  -397.73160026  -397.73160026    -0.00006458   0.001165   4.7e-03   2.9e-05 0.02
    22      70    1.0e-01    0    5.8e-04  -397.73161786  -397.73161786    -0.00001760   0.000732   2.9e-03   1.8e-04 0.02
    23      80    1.3e-01    1    7.3e-04  -397.73162499  -397.73162499    -0.00000713   0.000824   3.3e-03   2.9e-05 0.02
    24      80    1.2e-01    0    6.5e-04  -397.73162782  -397.73162782    -0.00000283   0.000941   3.8e-03   1.4e-04 0.02
    25      90    1.3e-01    0    6.1e-04  -397.73162933  -397.73162933    -0.00000151   0.000810   3.2e-03   1.7e-04 0.02
    26     100    1.5e-01    0    6.1e-04  -397.73163058  -397.73163058    -0.00000125   0.000697   2.8e-03   2.1e-04 0.02
    27     110    1.6e-01    1    7.0e-04  -397.73163106  -397.73163106    -0.00000048   0.000683   2.7e-03   2.6e-05 0.02
    28     110    1.6e-01    0    6.1e-04  -397.73163212  -397.73163212    -0.00000106   0.000632   2.5e-03   1.3e-04 0.02
    29     120    2.1e-01    0    5.8e-04  -397.73163275  -397.73163275    -0.00000063   0.000491   2.0e-03   1.4e-04 0.02
    30     130    2.0e-01    0    5.7e-04  -397.73163287  -397.73163287    -0.00000012   0.000559   2.2e-03   1.8e-04 0.02
    31     140    2.0e-01    0    5.6e-04  -397.73163330  -397.73163330    -0.00000043   0.000419   1.7e-03   1.7e-04 0.02
    32     150    2.3e-01    0    3.8e-03  -397.73163367  -397.73163367    -0.00000037   0.000382   1.5e-03   1.8e-04 0.02
    33     160    2.2e-01    0    5.3e-04  -397.73163434  -397.73163434    -0.00000067   0.000378   1.5e-03   1.7e-04 0.02
    34     170    2.7e-01    0    5.9e-04  -397.73163513  -397.73163513    -0.00000079   0.000357   1.4e-03   1.7e-04 0.02
    35     180    2.6e-01    1    6.7e-04  -397.73163634  -397.73163634    -0.00000121   0.000429   1.7e-03   2.6e-05 0.02
    36     180    2.6e-01    0    7.8e-04  -397.73163910  -397.73163910    -0.00000277   0.000354   1.4e-03   1.1e-04 0.02
    37     190    2.8e-01    0    8.3e-04  -397.73164244  -397.73164244    -0.00000334   0.000300   1.2e-03   1.3e-04 0.02
    38     200    2.8e-01    0    6.6e-04  -397.73164689  -397.73164689    -0.00000444   0.000351   1.4e-03   1.8e-04 0.02
    39     210    2.9e-01    0    5.4e-04  -397.73165397  -397.73165397    -0.00000708   0.000255   1.0e-03   2.4e-04 0.02
    40     220    3.2e-01    1    7.1e-04  -397.73166406  -397.73166406    -0.00001009   0.000299   1.2e-03   1.1e-04 0.02
    41     220    3.4e-01    1    6.8e-04  -397.73168469  -397.73168469    -0.00002063   0.000310   1.2e-03   1.3e-04 0.02
    42     220    3.6e-01    1    8.5e-04  -397.73172164  -397.73172164    -0.00003695   0.000246   9.8e-04   1.8e-04 0.02
 
RESULTS OF THE OCCUPATION OPTIMIZATION
========================================
   1    1.9999709  -92.06099289
   2    1.9991605  -9.00304769
   3    1.9978217  -6.71235248
   4    1.9985675  -6.69966197
   5    1.9985721  -6.69533960
   6    1.9885158  -0.88188466
   7    1.9785545  -0.41183609
   8    1.0000000  -0.24549132
   9    1.0000000  -0.24515307
  10    0.0214455  -0.02032400
  11    0.0114842  -0.02353326
  12    0.0014279  -0.02058920
  13    0.0014325  -0.02058567
  14    0.0021783  -0.03057585
  15    0.0008395  -0.01472698
  16    0.0000291  -0.00524877
 
----------------
 Final Energies 
----------------
Final NOF Total Energy =    -397.7317216
 
Total Orbital Internal Iterations = 3580
Total Occupation Internal Iterations = 66
 
Elapsed time:  101.21 Seconds

---------------------------------
   Lowdin Population Analysis    
---------------------------------
 Idx  Atom   Population   Charge 
---------------------------------
  1     S    16.000      -0.000

---------------------------------
   M Diagnostic: 0.02
---------------------------------

